Using worker: worker-linux-docker-1f676398.prod.travis-ci.org:travis-linux-4

travis_fold:start:system_info[0K[33;1mBuild system information[0m
Build language: java
Build group: stable
Build dist: precise
[34m[1mBuild image provisioning date and time[0m
Thu Feb  5 15:09:33 UTC 2015
[34m[1mOperating System Details[0m
Distributor ID:	Ubuntu
Description:	Ubuntu 12.04.5 LTS
Release:	12.04
Codename:	precise
[34m[1mLinux Version[0m
3.13.0-29-generic
[34m[1mCookbooks Version[0m
a68419e https://github.com/travis-ci/travis-cookbooks/tree/a68419e
[34m[1mGCC version[0m
gcc (Ubuntu/Linaro 4.6.3-1ubuntu5) 4.6.3
Copyright (C) 2011 Free Software Foundation, Inc.
This is free software; see the source for copying conditions.  There is NO
warranty; not even for MERCHANTABILITY or FITNESS FOR A PARTICULAR PURPOSE.

[34m[1mLLVM version[0m
clang version 3.4 (tags/RELEASE_34/final)
Target: x86_64-unknown-linux-gnu
Thread model: posix
[34m[1mPre-installed Ruby versions[0m
ruby-1.9.3-p551
[34m[1mPre-installed Node.js versions[0m
v0.10.36
[34m[1mPre-installed Go versions[0m
1.4.1
[34m[1mRedis version[0m
redis-server 2.8.19
[34m[1mriak version[0m
2.0.2
[34m[1mMongoDB version[0m
MongoDB 2.4.12
[34m[1mCouchDB version[0m
couchdb 1.6.1
[34m[1mNeo4j version[0m
1.9.4
[34m[1mRabbitMQ Version[0m
3.4.3
[34m[1mElasticSearch version[0m
1.4.0
[34m[1mInstalled Sphinx versions[0m
2.0.10
2.1.9
2.2.6
[34m[1mDefault Sphinx version[0m
2.2.6
[34m[1mInstalled Firefox version[0m
firefox 31.0esr
[34m[1mPhantomJS version[0m
1.9.8
[34m[1mant -version[0m
Apache Ant(TM) version 1.8.2 compiled on December 3 2011
[34m[1mmvn -version[0m
Apache Maven 3.2.5 (12a6b3acb947671f09b81f49094c53f426d8cea1; 2014-12-14T17:29:23+00:00)
Maven home: /usr/local/maven
Java version: 1.7.0_76, vendor: Oracle Corporation
Java home: /usr/lib/jvm/java-7-oracle/jre
Default locale: en_US, platform encoding: ANSI_X3.4-1968
OS name: "linux", version: "3.13.0-29-generic", arch: "amd64", family: "unix"
travis_fold:end:system_info[0K
travis_fold:start:fix.CVE-2015-7547[0K$ export DEBIAN_FRONTEND=noninteractive
W: Size of file /var/lib/apt/lists/us.archive.ubuntu.com_ubuntu_dists_precise-backports_multiverse_source_Sources.gz is not what the server reported 5886 5888
W: Size of file /var/lib/apt/lists/ppa.launchpad.net_ubuntugis_ppa_ubuntu_dists_precise_main_binary-amd64_Packages.gz is not what the server reported 36669 36677
W: Size of file /var/lib/apt/lists/ppa.launchpad.net_ubuntugis_ppa_ubuntu_dists_precise_main_binary-i386_Packages.gz is not what the server reported 36729 36733
Reading package lists...
Building dependency tree...
Reading state information...
The following extra packages will be installed:
  libc-bin libc-dev-bin libc6-dev
Suggested packages:
  glibc-doc
The following packages will be upgraded:
  libc-bin libc-dev-bin libc6 libc6-dev
4 upgraded, 0 newly installed, 0 to remove and 237 not upgraded.
Need to get 8,844 kB of archives.
After this operation, 9,216 B disk space will be freed.
Get:1 http://us.archive.ubuntu.com/ubuntu/ precise-updates/main libc6-dev amd64 2.15-0ubuntu10.13 [2,943 kB]
Get:2 http://us.archive.ubuntu.com/ubuntu/ precise-updates/main libc-dev-bin amd64 2.15-0ubuntu10.13 [84.7 kB]
Get:3 http://us.archive.ubuntu.com/ubuntu/ precise-updates/main libc-bin amd64 2.15-0ubuntu10.13 [1,179 kB]
Get:4 http://us.archive.ubuntu.com/ubuntu/ precise-updates/main libc6 amd64 2.15-0ubuntu10.13 [4,637 kB]
Fetched 8,844 kB in 0s (32.4 MB/s)
Preconfiguring packages ...
(Reading database ... (Reading database ... 5%(Reading database ... 10%(Reading database ... 15%(Reading database ... 20%(Reading database ... 25%(Reading database ... 30%(Reading database ... 35%(Reading database ... 40%(Reading database ... 45%(Reading database ... 50%(Reading database ... 55%(Reading database ... 60%(Reading database ... 65%(Reading database ... 70%(Reading database ... 75%(Reading database ... 80%(Reading database ... 85%(Reading database ... 90%(Reading database ... 95%(Reading database ... 100%(Reading database ... 72019 files and directories currently installed.)
Preparing to replace libc6-dev 2.15-0ubuntu10.10 (using .../libc6-dev_2.15-0ubuntu10.13_amd64.deb) ...
Unpacking replacement libc6-dev ...
Preparing to replace libc-dev-bin 2.15-0ubuntu10.10 (using .../libc-dev-bin_2.15-0ubuntu10.13_amd64.deb) ...
Unpacking replacement libc-dev-bin ...
Preparing to replace libc-bin 2.15-0ubuntu10.10 (using .../libc-bin_2.15-0ubuntu10.13_amd64.deb) ...
Unpacking replacement libc-bin ...
Processing triggers for man-db ...
Setting up libc-bin (2.15-0ubuntu10.13) ...
(Reading database ... (Reading database ... 5%(Reading database ... 10%(Reading database ... 15%(Reading database ... 20%(Reading database ... 25%(Reading database ... 30%(Reading database ... 35%(Reading database ... 40%(Reading database ... 45%(Reading database ... 50%(Reading database ... 55%(Reading database ... 60%(Reading database ... 65%(Reading database ... 70%(Reading database ... 75%(Reading database ... 80%(Reading database ... 85%(Reading database ... 90%(Reading database ... 95%(Reading database ... 100%(Reading database ... 72019 files and directories currently installed.)
Preparing to replace libc6 2.15-0ubuntu10.10 (using .../libc6_2.15-0ubuntu10.13_amd64.deb) ...
Unpacking replacement libc6 ...
Setting up libc6 (2.15-0ubuntu10.13) ...
Setting up libc-dev-bin (2.15-0ubuntu10.13) ...
Setting up libc6-dev (2.15-0ubuntu10.13) ...
Processing triggers for libc-bin ...
ldconfig deferred processing now taking place
travis_fold:end:fix.CVE-2015-7547[0Ktravis_fold:start:git.checkout[0Ktravis_time:start:046f3b8c[0K$ git clone --depth=50 https://github.com/apache/storm.git apache/storm
Cloning into 'apache/storm'...
remote: Counting objects: 20428, done.[K
remote: Compressing objects:   0% (1/8137)   [Kremote: Compressing objects:   1% (82/8137)   [Kremote: Compressing objects:   2% (163/8137)   [Kremote: Compressing objects:   3% (245/8137)   [Kremote: Compressing objects:   4% (326/8137)   [Kremote: Compressing objects:   5% (407/8137)   [Kremote: Compressing objects:   6% (489/8137)   [Kremote: Compressing objects:   7% (570/8137)   [Kremote: Compressing objects:   8% (651/8137)   [Kremote: Compressing objects:   9% (733/8137)   [Kremote: Compressing objects:  10% (814/8137)   [Kremote: Compressing objects:  11% (896/8137)   [Kremote: Compressing objects:  12% (977/8137)   [Kremote: Compressing objects:  13% (1058/8137)   [Kremote: Compressing objects:  14% (1140/8137)   [Kremote: Compressing objects:  15% (1221/8137)   [Kremote: Compressing objects:  16% (1302/8137)   [Kremote: Compressing objects:  17% (1384/8137)   [Kremote: Compressing objects:  18% (1465/8137)   [Kremote: Compressing objects:  19% (1547/8137)   [Kremote: Compressing objects:  20% (1628/8137)   [Kremote: Compressing objects:  21% (1709/8137)   [Kremote: Compressing objects:  22% (1791/8137)   [Kremote: Compressing objects:  23% (1872/8137)   [Kremote: Compressing objects:  24% (1953/8137)   [Kremote: Compressing objects:  25% (2035/8137)   [Kremote: Compressing objects:  26% (2116/8137)   [Kremote: Compressing objects:  27% (2197/8137)   [Kremote: Compressing objects:  28% (2279/8137)   [Kremote: Compressing objects:  29% (2360/8137)   [Kremote: Compressing objects:  30% (2442/8137)   [Kremote: Compressing objects:  31% (2523/8137)   [Kremote: Compressing objects:  32% (2604/8137)   [Kremote: Compressing objects:  33% (2686/8137)   [Kremote: Compressing objects:  34% (2767/8137)   [Kremote: Compressing objects:  35% (2848/8137)   [Kremote: Compressing objects:  36% (2930/8137)   [Kremote: Compressing objects:  37% (3011/8137)   [Kremote: Compressing objects:  38% (3093/8137)   [Kremote: Compressing objects:  39% (3174/8137)   [Kremote: Compressing objects:  40% (3255/8137)   [Kremote: Compressing objects:  41% (3337/8137)   [Kremote: Compressing objects:  42% (3418/8137)   [Kremote: Compressing objects:  43% (3499/8137)   [Kremote: Compressing objects:  44% (3581/8137)   [Kremote: Compressing objects:  45% (3662/8137)   [Kremote: Compressing objects:  46% (3744/8137)   [Kremote: Compressing objects:  47% (3825/8137)   [Kremote: Compressing objects:  48% (3906/8137)   [Kremote: Compressing objects:  49% (3988/8137)   [Kremote: Compressing objects:  50% (4069/8137)   [Kremote: Compressing objects:  51% (4150/8137)   [Kremote: Compressing objects:  52% (4232/8137)   [Kremote: Compressing objects:  53% (4313/8137)   [Kremote: Compressing objects:  54% (4394/8137)   [Kremote: Compressing objects:  55% (4476/8137)   [Kremote: Compressing objects:  56% (4557/8137)   [Kremote: Compressing objects:  57% (4639/8137)   [Kremote: Compressing objects:  58% (4720/8137)   [Kremote: Compressing objects:  59% (4801/8137)   [Kremote: Compressing objects:  60% (4883/8137)   [Kremote: Compressing objects:  61% (4964/8137)   [Kremote: Compressing objects:  62% (5045/8137)   [Kremote: Compressing objects:  63% (5127/8137)   [Kremote: Compressing objects:  64% (5208/8137)   [Kremote: Compressing objects:  65% (5290/8137)   [Kremote: Compressing objects:  66% (5371/8137)   [Kremote: Compressing objects:  67% (5452/8137)   [Kremote: Compressing objects:  68% (5534/8137)   [Kremote: Compressing objects:  69% (5615/8137)   [Kremote: Compressing objects:  70% (5696/8137)   [Kremote: Compressing objects:  71% (5778/8137)   [Kremote: Compressing objects:  72% (5859/8137)   [Kremote: Compressing objects:  73% (5941/8137)   [Kremote: Compressing objects:  74% (6022/8137)   [Kremote: Compressing objects:  75% (6103/8137)   [Kremote: Compressing objects:  76% (6185/8137)   [Kremote: Compressing objects:  77% (6266/8137)   [Kremote: Compressing objects:  78% (6347/8137)   [Kremote: Compressing objects:  79% (6429/8137)   [Kremote: Compressing objects:  80% (6510/8137)   [Kremote: Compressing objects:  81% (6591/8137)   [Kremote: Compressing objects:  82% (6673/8137)   [Kremote: Compressing objects:  83% (6754/8137)   [Kremote: Compressing objects:  84% (6836/8137)   [Kremote: Compressing objects:  85% (6917/8137)   [Kremote: Compressing objects:  86% (6998/8137)   [Kremote: Compressing objects:  87% (7080/8137)   [Kremote: Compressing objects:  88% (7161/8137)   [Kremote: Compressing objects:  89% (7242/8137)   [Kremote: Compressing objects:  90% (7324/8137)   [Kremote: Compressing objects:  91% (7405/8137)   [Kremote: Compressing objects:  92% (7487/8137)   [Kremote: Compressing objects:  93% (7568/8137)   [Kremote: Compressing objects:  94% (7649/8137)   [Kremote: Compressing objects:  95% (7731/8137)   [Kremote: Compressing objects:  96% (7812/8137)   [Kremote: Compressing objects:  97% (7893/8137)   [Kremote: Compressing objects:  98% (7975/8137)   [Kremote: Compressing objects:  99% (8056/8137)   [Kremote: Compressing objects: 100% (8137/8137)   [Kremote: Compressing objects: 100% (8137/8137), done.[K
Receiving objects:   0% (1/20428)   Receiving objects:   1% (205/20428)   Receiving objects:   2% (409/20428)   Receiving objects:   3% (613/20428)   Receiving objects:   4% (818/20428)   Receiving objects:   5% (1022/20428)   Receiving objects:   6% (1226/20428)   Receiving objects:   7% (1430/20428)   Receiving objects:   8% (1635/20428)   Receiving objects:   9% (1839/20428)   Receiving objects:  10% (2043/20428)   Receiving objects:  11% (2248/20428)   Receiving objects:  12% (2452/20428)   Receiving objects:  13% (2656/20428)   Receiving objects:  14% (2860/20428)   Receiving objects:  15% (3065/20428)   Receiving objects:  16% (3269/20428)   Receiving objects:  17% (3473/20428)   Receiving objects:  18% (3678/20428)   Receiving objects:  19% (3882/20428)   Receiving objects:  20% (4086/20428)   Receiving objects:  21% (4290/20428)   Receiving objects:  22% (4495/20428)   Receiving objects:  23% (4699/20428)   Receiving objects:  24% (4903/20428)   Receiving objects:  25% (5107/20428)   Receiving objects:  26% (5312/20428)   Receiving objects:  27% (5516/20428)   Receiving objects:  28% (5720/20428)   Receiving objects:  29% (5925/20428)   Receiving objects:  30% (6129/20428)   Receiving objects:  31% (6333/20428)   Receiving objects:  32% (6537/20428)   Receiving objects:  33% (6742/20428)   Receiving objects:  34% (6946/20428)   Receiving objects:  35% (7150/20428)   Receiving objects:  36% (7355/20428)   Receiving objects:  37% (7559/20428)   Receiving objects:  38% (7763/20428)   Receiving objects:  39% (7967/20428)   Receiving objects:  40% (8172/20428)   Receiving objects:  41% (8376/20428)   Receiving objects:  42% (8580/20428)   Receiving objects:  43% (8785/20428)   Receiving objects:  44% (8989/20428)   Receiving objects:  45% (9193/20428)   Receiving objects:  46% (9397/20428)   Receiving objects:  47% (9602/20428)   Receiving objects:  48% (9806/20428)   Receiving objects:  49% (10010/20428)   Receiving objects:  50% (10214/20428)   Receiving objects:  51% (10419/20428)   Receiving objects:  52% (10623/20428)   Receiving objects:  53% (10827/20428)   Receiving objects:  54% (11032/20428)   Receiving objects:  55% (11236/20428)   Receiving objects:  56% (11440/20428)   Receiving objects:  57% (11644/20428)   Receiving objects:  58% (11849/20428)   Receiving objects:  59% (12053/20428)   Receiving objects:  60% (12257/20428)   Receiving objects:  61% (12462/20428)   Receiving objects:  62% (12666/20428)   Receiving objects:  63% (12870/20428)   Receiving objects:  64% (13074/20428)   Receiving objects:  65% (13279/20428)   Receiving objects:  66% (13483/20428)   Receiving objects:  67% (13687/20428)   Receiving objects:  68% (13892/20428)   Receiving objects:  69% (14096/20428)   Receiving objects:  70% (14300/20428)   Receiving objects:  71% (14504/20428), 13.79 MiB | 27.51 MiB/s   Receiving objects:  72% (14709/20428), 13.79 MiB | 27.51 MiB/s   Receiving objects:  73% (14913/20428), 13.79 MiB | 27.51 MiB/s   Receiving objects:  74% (15117/20428), 13.79 MiB | 27.51 MiB/s   Receiving objects:  75% (15321/20428), 13.79 MiB | 27.51 MiB/s   Receiving objects:  76% (15526/20428), 13.79 MiB | 27.51 MiB/s   Receiving objects:  77% (15730/20428), 13.79 MiB | 27.51 MiB/s   Receiving objects:  78% (15934/20428), 13.79 MiB | 27.51 MiB/s   Receiving objects:  79% (16139/20428), 13.79 MiB | 27.51 MiB/s   Receiving objects:  80% (16343/20428), 13.79 MiB | 27.51 MiB/s   Receiving objects:  81% (16547/20428), 13.79 MiB | 27.51 MiB/s   Receiving objects:  82% (16751/20428), 13.79 MiB | 27.51 MiB/s   Receiving objects:  83% (16956/20428), 13.79 MiB | 27.51 MiB/s   Receiving objects:  84% (17160/20428), 13.79 MiB | 27.51 MiB/s   Receiving objects:  85% (17364/20428), 13.79 MiB | 27.51 MiB/s   Receiving objects:  86% (17569/20428), 13.79 MiB | 27.51 MiB/s   Receiving objects:  87% (17773/20428), 13.79 MiB | 27.51 MiB/s   Receiving objects:  88% (17977/20428), 13.79 MiB | 27.51 MiB/s   Receiving objects:  89% (18181/20428), 13.79 MiB | 27.51 MiB/s   Receiving objects:  90% (18386/20428), 13.79 MiB | 27.51 MiB/s   Receiving objects:  91% (18590/20428), 13.79 MiB | 27.51 MiB/s   Receiving objects:  92% (18794/20428), 13.79 MiB | 27.51 MiB/s   Receiving objects:  93% (18999/20428), 13.79 MiB | 27.51 MiB/s   Receiving objects:  94% (19203/20428), 13.79 MiB | 27.51 MiB/s   Receiving objects:  95% (19407/20428), 13.79 MiB | 27.51 MiB/s   Receiving objects:  96% (19611/20428), 13.79 MiB | 27.51 MiB/s   Receiving objects:  97% (19816/20428), 13.79 MiB | 27.51 MiB/s   Receiving objects:  98% (20020/20428), 13.79 MiB | 27.51 MiB/s   Receiving objects:  99% (20224/20428), 13.79 MiB | 27.51 MiB/s   remote: Total 20428 (delta 9867), reused 17794 (delta 7822), pack-reused 0[K
Receiving objects: 100% (20428/20428), 13.79 MiB | 27.51 MiB/s   Receiving objects: 100% (20428/20428), 17.33 MiB | 27.51 MiB/s, done.
Resolving deltas:   0% (0/9867)   Resolving deltas:   1% (100/9867)   Resolving deltas:   2% (199/9867)   Resolving deltas:   3% (299/9867)   Resolving deltas:   4% (395/9867)   Resolving deltas:   5% (505/9867)   Resolving deltas:   6% (618/9867)   Resolving deltas:   7% (695/9867)   Resolving deltas:   8% (794/9867)   Resolving deltas:   9% (889/9867)   Resolving deltas:  10% (988/9867)   Resolving deltas:  11% (1093/9867)   Resolving deltas:  12% (1188/9867)   Resolving deltas:  13% (1290/9867)   Resolving deltas:  14% (1382/9867)   Resolving deltas:  15% (1481/9867)   Resolving deltas:  16% (1579/9867)   Resolving deltas:  17% (1681/9867)   Resolving deltas:  18% (1777/9867)   Resolving deltas:  19% (1880/9867)   Resolving deltas:  20% (1976/9867)   Resolving deltas:  21% (2074/9867)   Resolving deltas:  22% (2179/9867)   Resolving deltas:  23% (2273/9867)   Resolving deltas:  24% (2381/9867)   Resolving deltas:  25% (2487/9867)   Resolving deltas:  26% (2570/9867)   Resolving deltas:  27% (2668/9867)   Resolving deltas:  28% (2764/9867)   Resolving deltas:  29% (2872/9867)   Resolving deltas:  30% (2967/9867)   Resolving deltas:  31% (3068/9867)   Resolving deltas:  32% (3174/9867)   Resolving deltas:  33% (3257/9867)   Resolving deltas:  34% (3364/9867)   Resolving deltas:  35% (3456/9867)   Resolving deltas:  36% (3563/9867)   Resolving deltas:  37% (3657/9867)   Resolving deltas:  38% (3751/9867)   Resolving deltas:  39% (3856/9867)   Resolving deltas:  40% (3949/9867)   Resolving deltas:  41% (4047/9867)   Resolving deltas:  42% (4150/9867)   Resolving deltas:  43% (4245/9867)   Resolving deltas:  44% (4345/9867)   Resolving deltas:  45% (4444/9867)   Resolving deltas:  46% (4541/9867)   Resolving deltas:  47% (4638/9867)   Resolving deltas:  48% (4740/9867)   Resolving deltas:  49% (4835/9867)   Resolving deltas:  50% (4938/9867)   Resolving deltas:  51% (5033/9867)   Resolving deltas:  52% (5149/9867)   Resolving deltas:  53% (5230/9867)   Resolving deltas:  54% (5338/9867)   Resolving deltas:  56% (5582/9867)   Resolving deltas:  57% (5626/9867)   Resolving deltas:  59% (5920/9867)   Resolving deltas:  60% (5923/9867)   Resolving deltas:  62% (6155/9867)   Resolving deltas:  63% (6292/9867)   Resolving deltas:  65% (6461/9867)   Resolving deltas:  66% (6531/9867)   Resolving deltas:  67% (6629/9867)   Resolving deltas:  68% (6766/9867)   Resolving deltas:  69% (6810/9867)   Resolving deltas:  70% (6913/9867)   Resolving deltas:  71% (7023/9867)   Resolving deltas:  74% (7398/9867)   Resolving deltas:  75% (7432/9867)   Resolving deltas:  76% (7502/9867)   Resolving deltas:  77% (7598/9867)   Resolving deltas:  78% (7714/9867)   Resolving deltas:  79% (7795/9867)   Resolving deltas:  80% (7915/9867)   Resolving deltas:  81% (7994/9867)   Resolving deltas:  82% (8113/9867)   Resolving deltas:  83% (8197/9867)   Resolving deltas:  85% (8395/9867)   Resolving deltas:  86% (8498/9867)   Resolving deltas:  87% (8664/9867)   Resolving deltas:  88% (8706/9867)   Resolving deltas:  89% (8787/9867)   Resolving deltas:  90% (8882/9867)   Resolving deltas:  91% (8981/9867)   Resolving deltas:  92% (9078/9867)   Resolving deltas:  93% (9181/9867)   Resolving deltas:  94% (9277/9867)   Resolving deltas:  95% (9374/9867)   Resolving deltas:  96% (9501/9867)   Resolving deltas:  97% (9572/9867)   Resolving deltas:  98% (9671/9867)   Resolving deltas:  99% (9770/9867)   Resolving deltas: 100% (9867/9867)   Resolving deltas: 100% (9867/9867), done.
Checking connectivity... done.

travis_time:end:046f3b8c:start=1463734037549138296,finish=1463734040862748569,duration=3313610273[0K$ cd apache/storm
travis_time:start:0e0f400b[0K$ git fetch origin +refs/pull/1436/merge:
remote: Counting objects: 6, done.[K
remote: Compressing objects:  33% (1/3)   [Kremote: Compressing objects:  66% (2/3)   [Kremote: Compressing objects: 100% (3/3)   [Kremote: Compressing objects: 100% (3/3), done.[K
remote: Total 6 (delta 3), reused 5 (delta 3), pack-reused 0[K
Unpacking objects:  16% (1/6)   Unpacking objects:  33% (2/6)   Unpacking objects:  50% (3/6)   Unpacking objects:  66% (4/6)   Unpacking objects:  83% (5/6)   Unpacking objects: 100% (6/6)   Unpacking objects: 100% (6/6), done.
From https://github.com/apache/storm
 * branch            refs/pull/1436/merge -> FETCH_HEAD

travis_time:end:0e0f400b:start=1463734040866494463,finish=1463734041209935785,duration=343441322[0K$ git checkout -qf FETCH_HEAD
travis_fold:end:git.checkout[0K
[33;1mThis job is running on container-based infrastructure, which does not allow use of 'sudo', setuid and setguid executables.[0m
[33;1mIf you require sudo, add 'sudo: required' to your .travis.yml[0m
[33;1mSee https://docs.travis-ci.com/user/workers/container-based-infrastructure/ for details.[0m

[33;1mSetting environment variables from .travis.yml[0m
$ export MODULES=storm-core

$ jdk_switcher use oraclejdk8
Switching to Oracle JDK8 (java-8-oracle), JAVA_HOME will be set to /usr/lib/jvm/java-8-oracle
travis_fold:start:cache.1[0KSetting up build cache
$ export CASHER_DIR=$HOME/.casher
travis_time:start:0115c2b4[0K$ Installing caching utilities

travis_time:end:0115c2b4:start=1463734043236318513,finish=1463734043282886049,duration=46567536[0Ktravis_time:start:13198b25[0K
travis_time:end:13198b25:start=1463734043287709639,finish=1463734043290903875,duration=3194236[0Ktravis_time:start:09bfee48[0K[32;1mattempting to download cache archive[0m
[32;1mfetching PR.1436/cache-linux-precise-4722ea394922d42b2b7eb84cff6efc764d76759821ac6f6efc13232aa923f595--jdk-oraclejdk8.tgz[0m
[32;1mfetching PR.1436/cache--jdk-oraclejdk8.tgz[0m
[32;1mfetching master/cache-linux-precise-4722ea394922d42b2b7eb84cff6efc764d76759821ac6f6efc13232aa923f595--jdk-oraclejdk8.tgz[0m
[32;1mfound cache[0m

travis_time:end:09bfee48:start=1463734043294638332,finish=1463734054081676976,duration=10787038644[0Ktravis_time:start:0e177718[0K
travis_time:end:0e177718:start=1463734054085611242,finish=1463734054088934599,duration=3323357[0Ktravis_time:start:00f4c058[0K[32;1madding /home/travis/.m2/repository to cache[0m
[32;1madding /home/travis/.rvm to cache[0m
[32;1madding /home/travis/.nvm to cache[0m

travis_time:end:00f4c058:start=1463734054092759436,finish=1463734065092196891,duration=10999437455[0Ktravis_fold:end:cache.1[0K$ java -Xmx32m -version
java version "1.8.0_31"
Java(TM) SE Runtime Environment (build 1.8.0_31-b13)
Java HotSpot(TM) 64-Bit Server VM (build 25.31-b07, mixed mode)
$ javac -J-Xmx32m -version
javac 1.8.0_31
travis_fold:start:before_install.1[0Ktravis_time:start:00409159[0K$ rvm use 2.1.5 --install
[32mUsing /home/travis/.rvm/gems/ruby-2.1.5[0m

travis_time:end:00409159:start=1463734065626667450,finish=1463734065863700650,duration=237033200[0Ktravis_fold:end:before_install.1[0Ktravis_fold:start:before_install.2[0Ktravis_time:start:02aaa9b3[0K$ nvm install 0.12.2
v0.12.2 is already installed.
Now using node v0.12.2

travis_time:end:02aaa9b3:start=1463734065867764166,finish=1463734066092369413,duration=224605247[0Ktravis_fold:end:before_install.2[0Ktravis_fold:start:before_install.3[0Ktravis_time:start:0bfdd4e0[0K$ nvm use 0.12.2
Now using node v0.12.2

travis_time:end:0bfdd4e0:start=1463734066096493224,finish=1463734066151191249,duration=54698025[0Ktravis_fold:end:before_install.3[0Ktravis_fold:start:install[0Ktravis_time:start:0271443e[0K$ /bin/bash ./dev-tools/travis/travis-install.sh `pwd`
Python version :   Python 2.7.3
Java HotSpot(TM) 64-Bit Server VM warning: ignoring option MaxPermSize=192m; support was removed in 8.0
Maven version  :   Apache Maven 3.2.5 (12a6b3acb947671f09b81f49094c53f426d8cea1; 2014-12-14T17:29:23+00:00) Maven home: /usr/local/maven Java version: 1.8.0_31, vendor: Oracle Corporation Java home: /usr/lib/jvm/java-8-oracle/jre Default locale: en_US, platform encoding: UTF-8 OS name: "linux", version: "3.13.0-40-generic", arch: "amd64", family: "unix"
['mvn', 'clean', 'install', '-DskipTests', '-Pnative', '--batch-mode'] writing to install.txt
1 seconds 2 log lines11 seconds 65 log lines22 seconds 281 log lines56 seconds 322 log lines69 seconds 329 log lines80 seconds 388 log lines100 seconds 632 log lines111 seconds 775 log lines123 seconds 845 log lines134 seconds 863 log lines147 seconds 942 log lines157 seconds 1114 log lines175 seconds 1445 log lines185 seconds 1709 log lines196 seconds 2150 log lines207 seconds 2200 log lines217 seconds 2436 log lines226 seconds 2532 log lines
['mvn', 'clean', 'install', '-DskipTests', '-Pnative', '--batch-mode'] done 0

travis_time:end:0271443e:start=1463734066155311325,finish=1463734292457833438,duration=226302522113[0Ktravis_fold:end:install[0Ktravis_time:start:01e6985c[0K$ /bin/bash ./dev-tools/travis/travis-script.sh `pwd` $MODULES
Python version :   Python 2.7.3
Ruby version   :   ruby 2.1.5p273 (2014-11-13 revision 48405) [x86_64-linux]
NodeJs version :   v0.12.2
Java HotSpot(TM) 64-Bit Server VM warning: ignoring option MaxPermSize=192m; support was removed in 8.0
Maven version  :   Apache Maven 3.2.5 (12a6b3acb947671f09b81f49094c53f426d8cea1; 2014-12-14T17:29:23+00:00) Maven home: /usr/local/maven Java version: 1.8.0_31, vendor: Oracle Corporation Java home: /usr/lib/jvm/java-8-oracle/jre Default locale: en_US, platform encoding: UTF-8 OS name: "linux", version: "3.13.0-40-generic", arch: "amd64", family: "unix"
Java HotSpot(TM) 64-Bit Server VM warning: ignoring option MaxPermSize=192m; support was removed in 8.0
[INFO] Scanning for projects...
[INFO]                                                                         
[INFO] ------------------------------------------------------------------------
[INFO] Building Storm Core 2.0.0-SNAPSHOT
[INFO] ------------------------------------------------------------------------
[INFO] 
[INFO] --- exec-maven-plugin:1.2.1:exec (default) @ storm-core ---
[INFO] 
[INFO] --- maven-remote-resources-plugin:1.2.1:process (default) @ storm-core ---
[INFO] 
[INFO] --- storm-maven-plugins:2.0.0-SNAPSHOT:version-info (version-info) @ storm-core ---
[WARNING] [svn, info] failed with error code 1
[INFO] SCM: GIT
[INFO] Computed MD5: a3f9970a29cd8d5bd94092ad6add1d
[INFO] 
[INFO] --- maven-resources-plugin:2.5:resources (default-resources) @ storm-core ---
[debug] execute contextualize
[INFO] Using 'UTF-8' encoding to copy filtered resources.
[INFO] Copying 9 resources
[INFO] Copying 1 resource to META-INF
[INFO] Copying 0 resource
[INFO] Copying 1 resource
[INFO] Copying 3 resources
[INFO] 
[INFO] --- maven-compiler-plugin:3.1:compile (default-compile) @ storm-core ---
[INFO] Nothing to compile - all classes are up to date
[INFO] 
[INFO] --- clojure-maven-plugin:1.7.1:compile (compile-clojure) @ storm-core ---
Compiling org.apache.storm.trident.testing to /home/travis/build/apache/storm/storm-core/target/classes
Compiling org.apache.storm.command.get-errors to /home/travis/build/apache/storm/storm-core/target/classes
Compiling org.apache.storm.command.blobstore to /home/travis/build/apache/storm/storm-core/target/classes
Compiling org.apache.storm.daemon.drpc to /home/travis/build/apache/storm/storm-core/target/classes
Compiling org.apache.storm.testing4j to /home/travis/build/apache/storm/storm-core/target/classes
Compiling org.apache.storm.metric.testing to /home/travis/build/apache/storm/storm-core/target/classes
Compiling org.apache.storm.ui.core to /home/travis/build/apache/storm/storm-core/target/classes
08:52:05.147 [main] WARN  o.a.s.m.StormMetricsRegistry - Metric ui:num-topology-op-response-http-requests has already been registered
08:52:05.161 [main] WARN  o.a.s.m.StormMetricsRegistry - Metric ui:num-topology-op-response-http-requests has already been registered
Compiling org.apache.storm.ui.helpers to /home/travis/build/apache/storm/storm-core/target/classes
Compiling org.apache.storm.testing to /home/travis/build/apache/storm/storm-core/target/classes
Compiling org.apache.storm.command.heartbeats to /home/travis/build/apache/storm/storm-core/target/classes
Compiling org.apache.storm.log to /home/travis/build/apache/storm/storm-core/target/classes
Compiling org.apache.storm.daemon.common to /home/travis/build/apache/storm/storm-core/target/classes
Compiling org.apache.storm.util to /home/travis/build/apache/storm/storm-core/target/classes
Compiling org.apache.storm.scheduler.IsolationScheduler to /home/travis/build/apache/storm/storm-core/target/classes
Compiling org.apache.storm.config to /home/travis/build/apache/storm/storm-core/target/classes
Compiling org.apache.storm.LocalCluster to /home/travis/build/apache/storm/storm-core/target/classes
Compiling org.apache.storm.internal.clojure to /home/travis/build/apache/storm/storm-core/target/classes
Compiling org.apache.storm.daemon.logviewer to /home/travis/build/apache/storm/storm-core/target/classes
Compiling org.apache.storm.blobstore to /home/travis/build/apache/storm/storm-core/target/classes
Compiling org.apache.storm.daemon.local-supervisor to /home/travis/build/apache/storm/storm-core/target/classes
Compiling org.apache.storm.daemon.executor to /home/travis/build/apache/storm/storm-core/target/classes
Compiling org.apache.storm.converter to /home/travis/build/apache/storm/storm-core/target/classes
Compiling org.apache.storm.daemon.nimbus to /home/travis/build/apache/storm/storm-core/target/classes
Compiling org.apache.storm.internal.thrift to /home/travis/build/apache/storm/storm-core/target/classes
Compiling org.apache.storm.local-state-converter to /home/travis/build/apache/storm/storm-core/target/classes
Compiling org.apache.storm.command.shell-submission to /home/travis/build/apache/storm/storm-core/target/classes
Compiling org.apache.storm.daemon.worker to /home/travis/build/apache/storm/storm-core/target/classes
[INFO] 
[INFO] --- make-maven-plugin:1.0-beta-1:autoreconf (compile) @ storm-core ---
[INFO] 
[INFO] --- make-maven-plugin:1.0-beta-1:configure (compile) @ storm-core ---
[INFO] /bin/sh: 14: /home/travis/.jdk_switcher_rc: [[: not found
[INFO] /bin/sh: 22: /home/travis/.jdk_switcher_rc: [[: not found
[INFO] /bin/sh: 32: /home/travis/.jdk_switcher_rc: [[: not found
[INFO] /bin/sh: 42: /home/travis/.jdk_switcher_rc: [[: not found
[INFO] /bin/sh: 3: /etc/profile.d/rvm.sh: [[: not found
[INFO] checking for gcc... gcc
[INFO] checking whether the C compiler works... yes
[INFO] checking for C compiler default output file name... a.out
[INFO] checking for suffix of executables... 
[INFO] checking whether we are cross compiling... no
[INFO] checking for suffix of object files... o
[INFO] checking whether we are using the GNU C compiler... yes
[INFO] checking whether gcc accepts -g... yes
[INFO] checking for gcc option to accept ISO C89... none needed
[INFO] checking how to run the C preprocessor... gcc -E
[INFO] checking for grep that handles long lines and -e... /bin/grep
[INFO] checking for egrep... /bin/grep -E
[INFO] checking for ANSI C header files... yes
[INFO] checking for sys/types.h... yes
[INFO] checking for sys/stat.h... yes
[INFO] checking for stdlib.h... yes
[INFO] checking for string.h... yes
[INFO] checking for memory.h... yes
[INFO] checking for strings.h... yes
[INFO] checking for inttypes.h... yes
[INFO] checking for stdint.h... yes
[INFO] checking for unistd.h... yes
[INFO] checking minix/config.h usability... no
[INFO] checking minix/config.h presence... no
[INFO] checking for minix/config.h... no
[INFO] checking whether it is safe to define __EXTENSIONS__... yes
[INFO] checking for a BSD-compatible install... /usr/bin/install -c
[INFO] checking whether build environment is sane... yes
[INFO] checking for a thread-safe mkdir -p... /bin/mkdir -p
[INFO] checking for gawk... gawk
[INFO] checking whether make sets $(MAKE)... yes
[INFO] checking for style of include used by make... GNU
[INFO] checking dependency style of gcc... gcc3
[INFO] checking for gcc... (cached) gcc
[INFO] checking whether we are using the GNU C compiler... (cached) yes
[INFO] checking whether gcc accepts -g... (cached) yes
[INFO] checking for gcc option to accept ISO C89... (cached) none needed
[INFO] checking whether gcc and cc understand -c and -o together... yes
[INFO] checking for unistd.h... (cached) yes
[INFO] checking for stdbool.h that conforms to C99... yes
[INFO] checking for _Bool... yes
[INFO] checking for an ANSI C-conforming const... yes
[INFO] checking for off_t... yes
[INFO] checking for size_t... yes
[INFO] checking whether strerror_r is declared... yes
[INFO] checking for strerror_r... yes
[INFO] checking whether strerror_r returns char *... yes
[INFO] checking for mkdir... yes
[INFO] checking for uname... yes
[INFO] configure: creating ./config.status
[INFO] config.status: creating Makefile
[INFO] config.status: executing depfiles commands
[INFO] 
[INFO] --- make-maven-plugin:1.0-beta-1:make-install (compile) @ storm-core ---
[INFO] /bin/sh: 14: /home/travis/.jdk_switcher_rc: [[: not found
[INFO] /bin/sh: 22: /home/travis/.jdk_switcher_rc: [[: not found
[INFO] /bin/sh: 32: /home/travis/.jdk_switcher_rc: [[: not found
[INFO] /bin/sh: 42: /home/travis/.jdk_switcher_rc: [[: not found
[INFO] /bin/sh: 3: /etc/profile.d/rvm.sh: [[: not found
[INFO] make[1]: Entering directory `/home/travis/build/apache/storm/storm-core/target/native/worker-launcher'
[INFO] test -z "/usr/local/bin" || /bin/mkdir -p "/home/travis/build/apache/storm/storm-core/target/native/target/usr/local/bin"
[INFO]   /usr/bin/install -c worker-launcher '/home/travis/build/apache/storm/storm-core/target/native/target/usr/local/bin'
[INFO] make[1]: Nothing to be done for `install-data-am'.
[INFO] make[1]: Leaving directory `/home/travis/build/apache/storm/storm-core/target/native/worker-launcher'
[INFO] 
[INFO] --- maven-resources-plugin:2.5:testResources (default-testResources) @ storm-core ---
[debug] execute contextualize
[INFO] Using 'UTF-8' encoding to copy filtered resources.
[INFO] Copying 14 resources
[INFO] Copying 2 resources
[INFO] Copying 3 resources
[INFO] 
[INFO] --- maven-dependency-plugin:2.8:unpack (unpack) @ storm-core ---
[INFO] Configured Artifact: org.apache.storm:multilang-ruby:2.0.0-SNAPSHOT:jar
[INFO] Downloading: https://repository.apache.org/snapshots/org/apache/storm/multilang-ruby/2.0.0-SNAPSHOT/maven-metadata.xml
[INFO] Configured Artifact: org.apache.storm:multilang-python:2.0.0-SNAPSHOT:jar
[INFO] Downloading: https://repository.apache.org/snapshots/org/apache/storm/multilang-python/2.0.0-SNAPSHOT/maven-metadata.xml
[INFO] Configured Artifact: org.apache.storm:multilang-javascript:2.0.0-SNAPSHOT:jar
[INFO] Downloading: https://repository.apache.org/snapshots/org/apache/storm/multilang-javascript/2.0.0-SNAPSHOT/maven-metadata.xml
[INFO] multilang-ruby-2.0.0-SNAPSHOT.jar already unpacked.
[INFO] multilang-python-2.0.0-SNAPSHOT.jar already unpacked.
[INFO] multilang-javascript-2.0.0-SNAPSHOT.jar already unpacked.
[INFO] 
[INFO] --- maven-compiler-plugin:3.1:testCompile (default-testCompile) @ storm-core ---
[INFO] Changes detected - recompiling the module!
[INFO] Compiling 50 source files to /home/travis/build/apache/storm/storm-core/target/test-classes
[WARNING] /home/travis/build/apache/storm/storm-core/test/jvm/org/apache/storm/localizer/LocalizerTest.java: Some input files use or override a deprecated API.
[WARNING] /home/travis/build/apache/storm/storm-core/test/jvm/org/apache/storm/localizer/LocalizerTest.java: Recompile with -Xlint:deprecation for details.
[WARNING] /home/travis/build/apache/storm/storm-core/test/jvm/org/apache/storm/spout/CheckpointSpoutTest.java: Some input files use unchecked or unsafe operations.
[WARNING] /home/travis/build/apache/storm/storm-core/test/jvm/org/apache/storm/spout/CheckpointSpoutTest.java: Recompile with -Xlint:unchecked for details.
[INFO] 
[INFO] --- maven-surefire-plugin:2.18.1:test (default-test) @ storm-core ---
[INFO] Surefire report directory: /home/travis/build/apache/storm/storm-core/target/surefire-reports
[INFO] parallel='none', perCoreThreadCount=true, threadCount=0, useUnlimitedThreads=false, threadCountSuites=0, threadCountClasses=0, threadCountMethods=0, parallelOptimized=true

-------------------------------------------------------
 T E S T S
-------------------------------------------------------
Running org.apache.storm.spout.CheckpointSpoutTest
Tests run: 7, Failures: 0, Errors: 0, Skipped: 0, Time elapsed: 0.548 sec - in org.apache.storm.spout.CheckpointSpoutTest
Running org.apache.storm.utils.TimeTest
Tests run: 8, Failures: 0, Errors: 0, Skipped: 0, Time elapsed: 0.001 sec - in org.apache.storm.utils.TimeTest
Running org.apache.storm.utils.WorkerBackpressureThreadTest
Tests run: 1, Failures: 0, Errors: 0, Skipped: 0, Time elapsed: 0.143 sec - in org.apache.storm.utils.WorkerBackpressureThreadTest
Running org.apache.storm.utils.DisruptorQueueTest
Tests run: 3, Failures: 0, Errors: 0, Skipped: 0, Time elapsed: 3.389 sec - in org.apache.storm.utils.DisruptorQueueTest
Running org.apache.storm.utils.UtilsTest
Tests run: 8, Failures: 0, Errors: 0, Skipped: 0, Time elapsed: 0.356 sec - in org.apache.storm.utils.UtilsTest
Running org.apache.storm.utils.DisruptorQueueBackpressureTest
Tests run: 1, Failures: 0, Errors: 0, Skipped: 0, Time elapsed: 0.009 sec - in org.apache.storm.utils.DisruptorQueueBackpressureTest
Running org.apache.storm.utils.ThriftTopologyUtilsTest
Tests run: 5, Failures: 0, Errors: 0, Skipped: 0, Time elapsed: 0.041 sec - in org.apache.storm.utils.ThriftTopologyUtilsTest
Running org.apache.storm.utils.ShellBoltMessageQueueTest
Tests run: 3, Failures: 0, Errors: 0, Skipped: 0, Time elapsed: 2.53 sec - in org.apache.storm.utils.ShellBoltMessageQueueTest
Running org.apache.storm.utils.StormBoundedExponentialBackoffRetryTest
Tests run: 5, Failures: 0, Errors: 0, Skipped: 0, Time elapsed: 8.935 sec - in org.apache.storm.utils.StormBoundedExponentialBackoffRetryTest
Running org.apache.storm.command.TestCLI
Tests run: 1, Failures: 0, Errors: 0, Skipped: 0, Time elapsed: 0.022 sec - in org.apache.storm.command.TestCLI
Running org.apache.storm.command.RebalanceTest
Tests run: 2, Failures: 0, Errors: 0, Skipped: 0, Time elapsed: 0.005 sec - in org.apache.storm.command.RebalanceTest
Running org.apache.storm.command.SetLogLevelTest
Tests run: 3, Failures: 0, Errors: 0, Skipped: 0, Time elapsed: 0.019 sec - in org.apache.storm.command.SetLogLevelTest
Running org.apache.storm.serialization.ThriftBridgeSerializationDelegateTest
Tests run: 1, Failures: 0, Errors: 0, Skipped: 0, Time elapsed: 0.028 sec - in org.apache.storm.serialization.ThriftBridgeSerializationDelegateTest
Running org.apache.storm.serialization.GzipBridgeSerializationDelegateTest
Tests run: 3, Failures: 0, Errors: 0, Skipped: 0, Time elapsed: 0.051 sec - in org.apache.storm.serialization.GzipBridgeSerializationDelegateTest
Running org.apache.storm.serialization.GzipBridgeThriftSerializationDelegateTest
Tests run: 3, Failures: 0, Errors: 0, Skipped: 0, Time elapsed: 0.04 sec - in org.apache.storm.serialization.GzipBridgeThriftSerializationDelegateTest
Running org.apache.storm.serialization.SerializationTest
Tests run: 3, Failures: 0, Errors: 0, Skipped: 0, Time elapsed: 10.341 sec - in org.apache.storm.serialization.SerializationTest
Running org.apache.storm.trident.TridentWindowingTest
Tests run: 3, Failures: 0, Errors: 0, Skipped: 0, Time elapsed: 0.026 sec - in org.apache.storm.trident.TridentWindowingTest
Running org.apache.storm.trident.TestTridentTopology
Tests run: 1, Failures: 0, Errors: 0, Skipped: 0, Time elapsed: 25.487 sec - in org.apache.storm.trident.TestTridentTopology
Running org.apache.storm.metric.internal.LatencyStatAndMetricTest
Tests run: 1, Failures: 0, Errors: 0, Skipped: 0, Time elapsed: 0.036 sec - in org.apache.storm.metric.internal.LatencyStatAndMetricTest
Running org.apache.storm.metric.internal.CountStatAndMetricTest
Tests run: 1, Failures: 0, Errors: 0, Skipped: 0, Time elapsed: 0.025 sec - in org.apache.storm.metric.internal.CountStatAndMetricTest
Running org.apache.storm.metric.internal.RateTrackerTest
Tests run: 4, Failures: 0, Errors: 0, Skipped: 0, Time elapsed: 0.01 sec - in org.apache.storm.metric.internal.RateTrackerTest
Running org.apache.storm.windowing.WaterMarkEventGeneratorTest
Tests run: 5, Failures: 0, Errors: 0, Skipped: 0, Time elapsed: 0.175 sec - in org.apache.storm.windowing.WaterMarkEventGeneratorTest
Running org.apache.storm.windowing.WindowManagerTest
Tests run: 10, Failures: 0, Errors: 0, Skipped: 0, Time elapsed: 0.405 sec - in org.apache.storm.windowing.WindowManagerTest
Running org.apache.storm.topology.StatefulBoltExecutorTest
Tests run: 7, Failures: 0, Errors: 0, Skipped: 0, Time elapsed: 0.563 sec - in org.apache.storm.topology.StatefulBoltExecutorTest
Running org.apache.storm.topology.StatefulWindowedBoltExecutorTest
Tests run: 4, Failures: 0, Errors: 0, Skipped: 0, Time elapsed: 0.27 sec - in org.apache.storm.topology.StatefulWindowedBoltExecutorTest
Running org.apache.storm.topology.TopologyBuilderTest
Tests run: 5, Failures: 0, Errors: 0, Skipped: 0, Time elapsed: 0.298 sec - in org.apache.storm.topology.TopologyBuilderTest
Running org.apache.storm.topology.WindowedBoltExecutorTest
Tests run: 2, Failures: 0, Errors: 0, Skipped: 0, Time elapsed: 0.088 sec - in org.apache.storm.topology.WindowedBoltExecutorTest
Running org.apache.storm.localizer.LocalizerTest
Tests run: 13, Failures: 0, Errors: 0, Skipped: 0, Time elapsed: 4.753 sec - in org.apache.storm.localizer.LocalizerTest
Running org.apache.storm.localizer.LocalizedResourceRetentionSetTest
Tests run: 2, Failures: 0, Errors: 0, Skipped: 0, Time elapsed: 0.132 sec - in org.apache.storm.localizer.LocalizedResourceRetentionSetTest
Running org.apache.storm.localizer.LocalizedResourceSetTest
Tests run: 4, Failures: 0, Errors: 0, Skipped: 0, Time elapsed: 0.022 sec - in org.apache.storm.localizer.LocalizedResourceSetTest
Running org.apache.storm.blobstore.BlobStoreTest
Tests run: 4, Failures: 0, Errors: 0, Skipped: 0, Time elapsed: 1.68 sec - in org.apache.storm.blobstore.BlobStoreTest
Running org.apache.storm.blobstore.BlobSynchronizerTest
Tests run: 4, Failures: 0, Errors: 0, Skipped: 0, Time elapsed: 2.272 sec - in org.apache.storm.blobstore.BlobSynchronizerTest
Running org.apache.storm.blobstore.ClientBlobStoreTest
Tests run: 4, Failures: 0, Errors: 0, Skipped: 0, Time elapsed: 0 sec - in org.apache.storm.blobstore.ClientBlobStoreTest
Running org.apache.storm.cluster.StormClusterStateImplTest
Tests run: 5, Failures: 0, Errors: 0, Skipped: 0, Time elapsed: 0.059 sec - in org.apache.storm.cluster.StormClusterStateImplTest
Running org.apache.storm.scheduler.resource.TestResourceAwareScheduler
Tests run: 24, Failures: 0, Errors: 0, Skipped: 0, Time elapsed: 4.915 sec - in org.apache.storm.scheduler.resource.TestResourceAwareScheduler
Running org.apache.storm.scheduler.resource.TestUser
Tests run: 3, Failures: 0, Errors: 0, Skipped: 0, Time elapsed: 1.729 sec - in org.apache.storm.scheduler.resource.TestUser
Running org.apache.storm.nimbus.LocalNimbusTest
Tests run: 1, Failures: 0, Errors: 0, Skipped: 0, Time elapsed: 13.313 sec - in org.apache.storm.nimbus.LocalNimbusTest
Running org.apache.storm.grouping.PartialKeyGroupingTest
Tests run: 2, Failures: 0, Errors: 0, Skipped: 0, Time elapsed: 0.066 sec - in org.apache.storm.grouping.PartialKeyGroupingTest
Running org.apache.storm.state.InMemoryKeyValueStateTest
Tests run: 2, Failures: 0, Errors: 0, Skipped: 0, Time elapsed: 0.004 sec - in org.apache.storm.state.InMemoryKeyValueStateTest
Running org.apache.storm.TestConfigValidate
Tests run: 25, Failures: 0, Errors: 0, Skipped: 0, Time elapsed: 0.393 sec - in org.apache.storm.TestConfigValidate
Running org.apache.storm.PacemakerTest
Tests run: 9, Failures: 0, Errors: 0, Skipped: 0, Time elapsed: 0.46 sec - in org.apache.storm.PacemakerTest
Running org.apache.storm.PaceMakerStateStorageFactoryTest
Tests run: 10, Failures: 0, Errors: 0, Skipped: 0, Time elapsed: 0.289 sec - in org.apache.storm.PaceMakerStateStorageFactoryTest
Running org.apache.storm.TestCgroups
Tests run: 1, Failures: 0, Errors: 0, Skipped: 1, Time elapsed: 0.052 sec - in org.apache.storm.TestCgroups

Results :

Tests run: 213, Failures: 0, Errors: 0, Skipped: 1

[INFO] 
[INFO] --- clojure-maven-plugin:1.7.1:test (test-clojure) @ storm-core ---
11996 [main] WARN  o.a.s.m.StormMetricsRegistry - Metric drpc:num-execute-http-requests has already been registered
Running org.apache.storm.trident.tuple-test
Tests run: 6, Passed: 36, Failures: 0, Errors: 0
Running org.apache.storm.security.auth.auto-login-module-test
Tests run: 6, Passed: 22, Failures: 0, Errors: 0
Running org.apache.storm.transactional-test
Tests run: 7, Passed: 110, Failures: 0, Errors: 0
Running org.apache.storm.serialization-test
Tests run: 1, Passed: 0, Failures: 0, Errors: 0
Running org.apache.storm.utils.ZookeeperServerCnxnFactory-test
Tests run: 2, Passed: 3, Failures: 0, Errors: 0
Running org.apache.storm.security.auth.DefaultHttpCredentialsPlugin-test
Tests run: 2, Passed: 8, Failures: 0, Errors: 0
Running org.apache.storm.security.auth.drpc-auth-test
Tests run: 4, Passed: 22, Failures: 0, Errors: 0
Running org.apache.storm.versioned-store-test
Tests run: 2, Passed: 5, Failures: 0, Errors: 0
Running org.apache.storm.scheduler.multitenant-scheduler-test
Tests run: 17, Passed: 235, Failures: 0, Errors: 0
Running org.apache.storm.supervisor-test
52933 [timer] INFO  o.a.s.d.nimbus - Cleaning up test-1-0
52938 [timer] INFO  o.a.s.d.nimbus - ExceptionKeyNotFoundException(msg:test-1-0-stormjar.jar)
54545 [main] INFO  o.a.s.d.nimbus - Shutting down master
54546 [Curator-Framework-0] INFO  o.a.c.f.i.CuratorFrameworkImpl - backgroundOperationsLoop exiting
54549 [Curator-Framework-0] INFO  o.a.c.f.i.CuratorFrameworkImpl - backgroundOperationsLoop exiting
54551 [Curator-Framework-0] INFO  o.a.c.f.i.CuratorFrameworkImpl - backgroundOperationsLoop exiting
54559 [main] INFO  o.a.s.z.LeaderElectorImp - closing zookeeper connection of leader elector.
54559 [Curator-Framework-0] INFO  o.a.c.f.i.CuratorFrameworkImpl - backgroundOperationsLoop exiting
54563 [main] INFO  o.a.s.d.nimbus - Shut down master
54563 [Curator-Framework-0] INFO  o.a.c.f.i.CuratorFrameworkImpl - backgroundOperationsLoop exiting
54565 [Curator-Framework-0] INFO  o.a.c.f.i.CuratorFrameworkImpl - backgroundOperationsLoop exiting
54567 [main] INFO  o.a.s.d.s.w.DefaultWorkerManager - Shutting down sup1:873de3ae-9867-4720-af66-33f8faedab2d
54569 [main] INFO  o.a.s.u.ConfigUtils - GET worker-user for 873de3ae-9867-4720-af66-33f8faedab2d
54569 [main] INFO  o.a.s.d.s.w.DefaultWorkerManager - Shut down sup1:873de3ae-9867-4720-af66-33f8faedab2d
54571 [main] INFO  o.a.s.u.ConfigUtils - REMOVE worker-user 873de3ae-9867-4720-af66-33f8faedab2d
54571 [main] INFO  o.a.s.d.s.SupervisorManager - Shutting down supervisor sup1
54572 [Thread-273] INFO  o.a.s.e.EventManagerImp - Event manager interrupted
54572 [Thread-274] INFO  o.a.s.e.EventManagerImp - Event manager interrupted
54572 [Curator-Framework-0] INFO  o.a.c.f.i.CuratorFrameworkImpl - backgroundOperationsLoop exiting
54574 [main] INFO  o.a.s.d.s.w.DefaultWorkerManager - Shutting down sup2:ac873070-c568-470a-98c4-279e8aa8fcd0
54574 [main] INFO  o.a.s.u.ConfigUtils - GET worker-user for ac873070-c568-470a-98c4-279e8aa8fcd0
54574 [main] INFO  o.a.s.d.s.w.DefaultWorkerManager - Shut down sup2:ac873070-c568-470a-98c4-279e8aa8fcd0
54576 [main] INFO  o.a.s.u.ConfigUtils - REMOVE worker-user ac873070-c568-470a-98c4-279e8aa8fcd0
54576 [main] INFO  o.a.s.d.s.SupervisorManager - Shutting down supervisor sup2
54576 [Thread-278] INFO  o.a.s.e.EventManagerImp - Event manager interrupted
54576 [Thread-279] INFO  o.a.s.e.EventManagerImp - Event manager interrupted
54576 [Curator-Framework-0] INFO  o.a.c.f.i.CuratorFrameworkImpl - backgroundOperationsLoop exiting
54578 [main] INFO  o.a.s.testing - Shutting down in process zookeeper
54580 [main] INFO  o.a.s.testing - Done shutting down in process zookeeper
54580 [main] INFO  o.a.s.testing - Deleting temporary path /tmp/5acd2ddf-4514-42c1-8d81-fa9fdf672c9d
54589 [main] INFO  o.a.s.testing - Deleting temporary path /tmp/28380bff-1051-42a3-8fd6-e086b7f9c9c8
54589 [main] INFO  o.a.s.testing - Deleting temporary path /tmp/35668436-dc4b-403e-9db6-273baab6d33f
54591 [main] INFO  o.a.s.testing - Deleting temporary path /tmp/bebffc19-7e69-4e6f-a4fd-8927b9877f7a
55499 [Thread-244] INFO  o.a.s.u.Utils - Async loop interrupted!
Tests run: 20, Passed: 51, Failures: 1, Errors: 0
Running org.apache.storm.security.auth.AuthUtils-test
Tests run: 5, Passed: 6, Failures: 0, Errors: 0
Running org.apache.storm.security.auth.nimbus-auth-test
Tests run: 5, Passed: 39, Failures: 0, Errors: 0
Running integration.org.apache.storm.testing4j-test
Tests run: 8, Passed: 36, Failures: 0, Errors: 0
Running org.apache.storm.logviewer-test
65191 [Thread-240] INFO  o.a.s.u.Utils - Async loop interrupted!
Tests run: 12, Passed: 118, Failures: 0, Errors: 0
Running org.apache.storm.serialization.SerializationFactory-test
Tests run: 3, Passed: 3, Failures: 0, Errors: 0
Running org.apache.storm.trident.state-test
Tests run: 5, Passed: 37, Failures: 0, Errors: 0
Running org.apache.storm.clojure-test
Tests run: 3, Passed: 5, Failures: 0, Errors: 0
Running org.apache.storm.security.auth.ThriftServer-test
Tests run: 2, Passed: 1, Failures: 0, Errors: 0
Running org.apache.storm.drpc-test
75505 [Thread-849] INFO  o.a.s.u.Utils - Async loop interrupted!
78085 [Thread-918] INFO  o.a.s.u.Utils - Async loop interrupted!
Tests run: 9, Passed: 17, Failures: 0, Errors: 0
Running org.apache.storm.worker-test
Tests run: 8, Passed: 35, Failures: 0, Errors: 0
Running org.apache.storm.security.auth.ReqContext-test
Tests run: 3, Passed: 4, Failures: 0, Errors: 0
Running org.apache.storm.fields-test
Tests run: 2, Passed: 22, Failures: 0, Errors: 0
Running org.apache.storm.security.auth.auth-test
Tests run: 13, Passed: 94, Failures: 0, Errors: 0
Running org.apache.storm.messaging-test
Tests run: 1, Passed: 2, Failures: 0, Errors: 0
Running org.apache.storm.submitter-test
Tests run: 1, Passed: 13, Failures: 0, Errors: 0
Running integration.org.apache.storm.integration-test
Tests run: 18, Passed: 51, Failures: 0, Errors: 0
Running org.apache.storm.security.auth.authorizer.DRPCSimpleACLAuthorizer-test
Tests run: 7, Passed: 37, Failures: 0, Errors: 0
Running org.apache.storm.metrics-test
Tests run: 8, Passed: 66, Failures: 0, Errors: 0
Running org.apache.storm.security.auth.ThriftClient-test
Tests run: 2, Passed: 4, Failures: 0, Errors: 0
Running org.apache.storm.scheduler-test
Tests run: 4, Passed: 64, Failures: 0, Errors: 0
Running org.apache.storm.security.auth.SaslTransportPlugin-test
Tests run: 2, Passed: 8, Failures: 0, Errors: 0
Running org.apache.storm.local-state-test
Tests run: 2, Passed: 10, Failures: 0, Errors: 0
Running org.apache.storm.messaging.netty-unit-test
Tests run: 5, Passed: 24, Failures: 0, Errors: 0
Running org.apache.storm.tuple-test
Tests run: 4, Passed: 13, Failures: 0, Errors: 0
Running org.apache.storm.messaging.netty-integration-test
Tests run: 1, Passed: 1, Failures: 0, Errors: 0
Running org.apache.storm.tick-tuple-test
Tests run: 1, Passed: 1, Failures: 0, Errors: 0
Running integration.org.apache.storm.trident.integration-test
Tests run: 9, Passed: 141, Failures: 0, Errors: 0
Running org.apache.storm.grouping-test
Tests run: 5, Passed: 15, Failures: 0, Errors: 0
Running org.apache.storm.security.serialization.BlowfishTupleSerializer-test
Tests run: 3, Passed: 3, Failures: 0, Errors: 0
Running org.apache.storm.nimbus-test
Tests run: 43, Passed: 789, Failures: 0, Errors: 0
Running org.apache.storm.subtopology-test
Tests run: 0, Passed: 0, Failures: 0, Errors: 0
Running org.apache.storm.cluster-test
Tests run: 10, Passed: 92, Failures: 0, Errors: 0
[INFO] ------------------------------------------------------------------------
[INFO] BUILD FAILURE
[INFO] ------------------------------------------------------------------------
[INFO] Total time: 06:12 min
[INFO] Finished at: 2016-05-20T08:57:47+00:00
[INFO] Final Memory: 44M/473M
[INFO] ------------------------------------------------------------------------
[ERROR] Failed to execute goal com.theoryinpractise:clojure-maven-plugin:1.7.1:test (test-clojure) on project storm-core: Clojure failed. -> [Help 1]
[ERROR] 
[ERROR] To see the full stack trace of the errors, re-run Maven with the -e switch.
[ERROR] Re-run Maven using the -X switch to enable full debug logging.
[ERROR] 
[ERROR] For more information about the errors and possible solutions, please read the following articles:
[ERROR] [Help 1] http://cwiki.apache.org/confluence/display/MAVEN/MojoExecutionException
Looking for errors in ./storm-core/target/surefire-reports
Checking ./storm-core/target/surefire-reports/TEST-org.apache.storm.spout.CheckpointSpoutTest.xml
Checking ./storm-core/target/surefire-reports/TEST-org.apache.storm.utils.TimeTest.xml
Checking ./storm-core/target/surefire-reports/TEST-org.apache.storm.utils.WorkerBackpressureThreadTest.xml
Checking ./storm-core/target/surefire-reports/TEST-org.apache.storm.utils.DisruptorQueueTest.xml
Checking ./storm-core/target/surefire-reports/TEST-org.apache.storm.utils.UtilsTest.xml
Checking ./storm-core/target/surefire-reports/TEST-org.apache.storm.utils.DisruptorQueueBackpressureTest.xml
Checking ./storm-core/target/surefire-reports/TEST-org.apache.storm.utils.ThriftTopologyUtilsTest.xml
Checking ./storm-core/target/surefire-reports/TEST-org.apache.storm.utils.ShellBoltMessageQueueTest.xml
Checking ./storm-core/target/surefire-reports/TEST-org.apache.storm.utils.StormBoundedExponentialBackoffRetryTest.xml
Checking ./storm-core/target/surefire-reports/TEST-org.apache.storm.command.TestCLI.xml
Checking ./storm-core/target/surefire-reports/TEST-org.apache.storm.command.RebalanceTest.xml
Checking ./storm-core/target/surefire-reports/TEST-org.apache.storm.command.SetLogLevelTest.xml
Checking ./storm-core/target/surefire-reports/TEST-org.apache.storm.serialization.ThriftBridgeSerializationDelegateTest.xml
Checking ./storm-core/target/surefire-reports/TEST-org.apache.storm.serialization.GzipBridgeSerializationDelegateTest.xml
Checking ./storm-core/target/surefire-reports/TEST-org.apache.storm.serialization.GzipBridgeThriftSerializationDelegateTest.xml
Checking ./storm-core/target/surefire-reports/TEST-org.apache.storm.serialization.SerializationTest.xml
Checking ./storm-core/target/surefire-reports/TEST-org.apache.storm.trident.TridentWindowingTest.xml
Checking ./storm-core/target/surefire-reports/TEST-org.apache.storm.trident.TestTridentTopology.xml
Checking ./storm-core/target/surefire-reports/TEST-org.apache.storm.metric.internal.LatencyStatAndMetricTest.xml
Checking ./storm-core/target/surefire-reports/TEST-org.apache.storm.metric.internal.CountStatAndMetricTest.xml
Checking ./storm-core/target/surefire-reports/TEST-org.apache.storm.metric.internal.RateTrackerTest.xml
Checking ./storm-core/target/surefire-reports/TEST-org.apache.storm.windowing.WaterMarkEventGeneratorTest.xml
Checking ./storm-core/target/surefire-reports/TEST-org.apache.storm.windowing.WindowManagerTest.xml
Checking ./storm-core/target/surefire-reports/TEST-org.apache.storm.topology.StatefulBoltExecutorTest.xml
Checking ./storm-core/target/surefire-reports/TEST-org.apache.storm.topology.StatefulWindowedBoltExecutorTest.xml
Checking ./storm-core/target/surefire-reports/TEST-org.apache.storm.topology.TopologyBuilderTest.xml
Checking ./storm-core/target/surefire-reports/TEST-org.apache.storm.topology.WindowedBoltExecutorTest.xml
Checking ./storm-core/target/surefire-reports/TEST-org.apache.storm.localizer.LocalizerTest.xml
Checking ./storm-core/target/surefire-reports/TEST-org.apache.storm.localizer.LocalizedResourceRetentionSetTest.xml
Checking ./storm-core/target/surefire-reports/TEST-org.apache.storm.localizer.LocalizedResourceSetTest.xml
Checking ./storm-core/target/surefire-reports/TEST-org.apache.storm.blobstore.BlobStoreTest.xml
Checking ./storm-core/target/surefire-reports/TEST-org.apache.storm.blobstore.BlobSynchronizerTest.xml
Checking ./storm-core/target/surefire-reports/TEST-org.apache.storm.blobstore.ClientBlobStoreTest.xml
Checking ./storm-core/target/surefire-reports/TEST-org.apache.storm.cluster.StormClusterStateImplTest.xml
Checking ./storm-core/target/surefire-reports/TEST-org.apache.storm.scheduler.resource.TestResourceAwareScheduler.xml
Checking ./storm-core/target/surefire-reports/TEST-org.apache.storm.scheduler.resource.TestUser.xml
Checking ./storm-core/target/surefire-reports/TEST-org.apache.storm.nimbus.LocalNimbusTest.xml
Checking ./storm-core/target/surefire-reports/TEST-org.apache.storm.grouping.PartialKeyGroupingTest.xml
Checking ./storm-core/target/surefire-reports/TEST-org.apache.storm.state.InMemoryKeyValueStateTest.xml
Checking ./storm-core/target/surefire-reports/TEST-org.apache.storm.TestConfigValidate.xml
Checking ./storm-core/target/surefire-reports/TEST-org.apache.storm.PacemakerTest.xml
Checking ./storm-core/target/surefire-reports/TEST-org.apache.storm.PaceMakerStateStorageFactoryTest.xml
Checking ./storm-core/target/surefire-reports/TEST-org.apache.storm.TestCgroups.xml
Looking for errors in ./storm-core/target/test-reports
Checking ./storm-core/target/test-reports/org.apache.storm.trident.tuple-test.xml
Checking ./storm-core/target/test-reports/org.apache.storm.security.auth.auto-login-module-test.xml
Checking ./storm-core/target/test-reports/org.apache.storm.transactional-test.xml
Checking ./storm-core/target/test-reports/org.apache.storm.serialization-test.xml
Checking ./storm-core/target/test-reports/org.apache.storm.utils.ZookeeperServerCnxnFactory-test.xml
Checking ./storm-core/target/test-reports/org.apache.storm.security.auth.DefaultHttpCredentialsPlugin-test.xml
Checking ./storm-core/target/test-reports/org.apache.storm.security.auth.drpc-auth-test.xml
Checking ./storm-core/target/test-reports/org.apache.storm.versioned-store-test.xml
Checking ./storm-core/target/test-reports/org.apache.storm.scheduler.multitenant-scheduler-test.xml
Checking ./storm-core/target/test-reports/org.apache.storm.supervisor-test.xml
--------------------------------------------------
classname: org.apache.storm.supervisor-test / testname: test-multiple-active-storms-multiple-supervisors
expected: (= {["sup1" 1] 1, ["sup1" 2] 1, ["sup2" 1] 1} (:shutdown changed))
  actual: (not (= {["sup1" 1] 1, ["sup1" 2] 1, ["sup2" 1] 1} {["sup2" 1] 1, ["sup1" 2] 1, ["sup1" 1] 1, ["sup1" nil] 1}))
      at: test_runner.clj:105
-------------------- system-out --------------------

51315 [main] INFO  o.a.s.z.Zookeeper - Starting inprocess zookeeper at port 2002 and dir /tmp/28380bff-1051-42a3-8fd6-e086b7f9c9c8
51363 [main] INFO  o.a.s.d.nimbus - Starting Nimbus with conf {"topology.builtin.metrics.bucket.size.secs" 60, "nimbus.childopts" "-Xmx1024m", "ui.filter.params" nil, "storm.cluster.mode" "local", "storm.messaging.netty.client_worker_threads" 1, "logviewer.max.per.worker.logs.size.mb" 2048, "supervisor.run.worker.as.user" false, "topology.max.task.parallelism" nil, "topology.priority" 29, "zmq.threads" 1, "storm.group.mapping.service" "org.apache.storm.security.auth.ShellBasedGroupsMapping", "transactional.zookeeper.root" "/transactional", "topology.sleep.spout.wait.strategy.time.ms" 1, "scheduler.display.resource" false, "topology.max.replication.wait.time.sec" 60, "drpc.invocations.port" 3773, "supervisor.localizer.cache.target.size.mb" 10240, "topology.multilang.serializer" "org.apache.storm.multilang.JsonSerializer", "storm.messaging.netty.server_worker_threads" 1, "nimbus.blobstore.class" "org.apache.storm.blobstore.LocalFsBlobStore", "resource.aware.scheduler.eviction.strategy" "org.apache.storm.scheduler.resource.strategies.eviction.DefaultEvictionStrategy", "topology.max.error.report.per.interval" 5, "storm.thrift.transport" "org.apache.storm.security.auth.SimpleTransportPlugin", "zmq.hwm" 0, "storm.cgroup.resources" ["cpu" "memory"], "storm.group.mapping.service.params" nil, "worker.profiler.enabled" false, "storm.principal.tolocal" "org.apache.storm.security.auth.DefaultPrincipalToLocal", "supervisor.worker.shutdown.sleep.secs" 1, "pacemaker.host" "localhost", "storm.zookeeper.retry.times" 5, "ui.actions.enabled" true, "zmq.linger.millis" 0, "supervisor.enable" true, "topology.stats.sample.rate" 0.05, "storm.messaging.netty.min_wait_ms" 100, "storm.resource.isolation.plugin" "org.apache.storm.container.cgroup.CgroupManager", "worker.log.level.reset.poll.secs" 30, "storm.zookeeper.port" 2002, "supervisor.heartbeat.frequency.secs" 5, "topology.enable.message.timeouts" false, "supervisor.cpu.capacity" 400.0, "drpc.worker.threads" 64, "supervisor.blobstore.download.thread.count" 5, "drpc.queue.size" 128, "topology.backpressure.enable" true, "supervisor.blobstore.class" "org.apache.storm.blobstore.NimbusBlobStore", "storm.blobstore.inputstream.buffer.size.bytes" 65536, "topology.shellbolt.max.pending" 100, "drpc.https.keystore.password" "", "nimbus.code.sync.freq.secs" 120, "logviewer.port" 8000, "topology.scheduler.strategy" "org.apache.storm.scheduler.resource.strategies.scheduling.DefaultResourceAwareStrategy", "topology.executor.send.buffer.size" 1024, "resource.aware.scheduler.priority.strategy" "org.apache.storm.scheduler.resource.strategies.priority.DefaultSchedulingPriorityStrategy", "pacemaker.auth.method" "NONE", "storm.daemon.metrics.reporter.plugins" ["org.apache.storm.daemon.metrics.reporters.JmxPreparableReporter"], "storm.cgroup.hierarchy.dir" "/cgroup/storm_resources", "topology.worker.logwriter.childopts" "-Xmx64m", "topology.spout.wait.strategy" "org.apache.storm.spout.SleepSpoutWaitStrategy", "ui.host" "0.0.0.0", "storm.nimbus.retry.interval.millis" 2000, "nimbus.inbox.jar.expiration.secs" 3600, "dev.zookeeper.path" "/tmp/dev-storm-zookeeper", "topology.acker.executors" nil, "topology.fall.back.on.java.serialization" true, "topology.eventlogger.executors" nil, "supervisor.localizer.cleanup.interval.ms" 600000, "storm.zookeeper.servers" ["localhost"], "nimbus.thrift.threads" 64, "logviewer.cleanup.age.mins" 10080, "topology.worker.childopts" nil, "topology.classpath" nil, "storm.cgroup.cgexec.cmd" "/bin/cgexec", "supervisor.monitor.frequency.secs" 3, "nimbus.credential.renewers.freq.secs" 600, "topology.skip.missing.kryo.registrations" true, "drpc.authorizer.acl.filename" "drpc-auth-acl.yaml", "pacemaker.kerberos.users" [], "storm.group.mapping.service.cache.duration.secs" 120, "NIMBUS-DO-NOT-REASSIGN" true, "topology.testing.always.try.serialize" false, "nimbus.monitor.freq.secs" 10, "storm.health.check.timeout.ms" 5000, "supervisor.supervisors" [], "topology.tasks" nil, "topology.bolts.outgoing.overflow.buffer.enable" false, "storm.messaging.netty.socket.backlog" 500, "topology.workers" 1, "pacemaker.base.threads" 10, "storm.local.dir" "/tmp/5acd2ddf-4514-42c1-8d81-fa9fdf672c9d", "topology.disable.loadaware" false, "worker.childopts" "-Xmx%HEAP-MEM%m -XX:+PrintGCDetails -Xloggc:artifacts/gc.log -XX:+PrintGCDateStamps -XX:+PrintGCTimeStamps -XX:+UseGCLogFileRotation -XX:NumberOfGCLogFiles=10 -XX:GCLogFileSize=1M -XX:+HeapDumpOnOutOfMemoryError -XX:HeapDumpPath=artifacts/heapdump", "storm.auth.simple-white-list.users" [], "topology.disruptor.batch.timeout.millis" 1, "topology.message.timeout.secs" 30, "topology.state.synchronization.timeout.secs" 60, "topology.tuple.serializer" "org.apache.storm.serialization.types.ListDelegateSerializer", "supervisor.supervisors.commands" [], "nimbus.blobstore.expiration.secs" 600, "logviewer.childopts" "-Xmx128m", "topology.environment" nil, "topology.debug" false, "topology.disruptor.batch.size" 100, "storm.messaging.netty.max_retries" 300, "ui.childopts" "-Xmx768m", "storm.network.topography.plugin" "org.apache.storm.networktopography.DefaultRackDNSToSwitchMapping", "storm.zookeeper.session.timeout" 20000, "drpc.childopts" "-Xmx768m", "drpc.http.creds.plugin" "org.apache.storm.security.auth.DefaultHttpCredentialsPlugin", "storm.zookeeper.connection.timeout" 15000, "storm.zookeeper.auth.user" nil, "storm.meta.serialization.delegate" "org.apache.storm.serialization.GzipThriftSerializationDelegate", "topology.max.spout.pending" nil, "storm.codedistributor.class" "org.apache.storm.codedistributor.LocalFileSystemCodeDistributor", "nimbus.supervisor.timeout.secs" 60, "nimbus.task.timeout.secs" 30, "drpc.port" 3772, "pacemaker.max.threads" 50, "storm.zookeeper.retry.intervalceiling.millis" 30000, "nimbus.thrift.port" 6627, "storm.auth.simple-acl.admins" [], "topology.component.cpu.pcore.percent" 10.0, "supervisor.memory.capacity.mb" 4096.0, "storm.supervisor.cgroup.rootdir" "storm", "storm.nimbus.retry.times" 5, "supervisor.worker.start.timeout.secs" 5, "storm.zookeeper.retry.interval" 1000, "logs.users" nil, "worker.profiler.command" "flight.bash", "transactional.zookeeper.port" nil, "drpc.max_buffer_size" 1048576, "pacemaker.thread.timeout" 10, "storm.cgroup.hierarchy.name" "storm", "task.credentials.poll.secs" 30, "blobstore.superuser" "travis", "drpc.https.keystore.type" "JKS", "topology.worker.receiver.thread.count" 1, "topology.state.checkpoint.interval.ms" 1000, "supervisor.slots.ports" [6700 6701 6702 6703], "topology.transfer.buffer.size" 1024, "storm.health.check.dir" "healthchecks", "topology.worker.shared.thread.pool.size" 4, "drpc.authorizer.acl.strict" false, "nimbus.file.copy.expiration.secs" 600, "worker.profiler.childopts" "-XX:+UnlockCommercialFeatures -XX:+FlightRecorder", "topology.executor.receive.buffer.size" 1024, "backpressure.disruptor.low.watermark" 0.4, "nimbus.task.launch.secs" 120, "storm.local.mode.zmq" false, "storm.cgroup.memory.limit.tolerance.margin.mb" 128.0, "storm.messaging.netty.buffer_size" 5242880, "storm.cluster.state.store" "org.apache.storm.cluster.ZKStateStorageFactory", "worker.heartbeat.frequency.secs" 1, "storm.log4j2.conf.dir" "log4j2", "storm.resource.isolation.plugin.enable" false, "ui.http.creds.plugin" "org.apache.storm.security.auth.DefaultHttpCredentialsPlugin", "storm.zookeeper.root" "/storm", "topology.tick.tuple.freq.secs" nil, "drpc.https.port" -1, "storm.workers.artifacts.dir" "workers-artifacts", "supervisor.blobstore.download.max_retries" 3, "task.refresh.poll.secs" 10, "storm.exhibitor.port" 8080, "task.heartbeat.frequency.secs" 3, "pacemaker.port" 6699, "storm.messaging.netty.max_wait_ms" 1000, "nimbus.impersonation.authorizer" "org.apache.storm.security.auth.authorizer.ImpersonationAuthorizer", "topology.component.resources.offheap.memory.mb" 0.0, "drpc.http.port" 3774, "topology.error.throttle.interval.secs" 10, "storm.messaging.transport" "org.apache.storm.messaging.netty.Context", "storm.messaging.netty.authentication" false, "topology.component.resources.onheap.memory.mb" 128.0, "topology.kryo.factory" "org.apache.storm.serialization.DefaultKryoFactory", "worker.gc.childopts" "", "nimbus.topology.validator" "org.apache.storm.nimbus.DefaultTopologyValidator", "nimbus.seeds" ["localhost"], "nimbus.queue.size" 100000, "nimbus.cleanup.inbox.freq.secs" 600, "storm.blobstore.replication.factor" 3, "worker.heap.memory.mb" 768, "logviewer.max.sum.worker.logs.size.mb" 4096, "pacemaker.childopts" "-Xmx1024m", "ui.users" nil, "transactional.zookeeper.servers" nil, "supervisor.worker.timeout.secs" 15, "storm.zookeeper.auth.password" nil, "storm.blobstore.acl.validation.enabled" false, "client.blobstore.class" "org.apache.storm.blobstore.NimbusBlobStore", "supervisor.childopts" "-Xmx256m", "topology.worker.max.heap.size.mb" 768.0, "backpressure.disruptor.high.watermark" 0.9, "ui.filter" nil, "ui.header.buffer.bytes" 4096, "topology.min.replication.count" 1, "storm.supervisor.worker.manager.plugin" "org.apache.storm.daemon.supervisor.workermanager.DefaultWorkerManager", "topology.disruptor.wait.timeout.millis" 1000, "storm.nimbus.retry.intervalceiling.millis" 60000, "topology.trident.batch.emit.interval.millis" 50, "storm.auth.simple-acl.users" [], "drpc.invocations.threads" 64, "java.library.path" "/usr/local/lib:/opt/local/lib:/usr/lib", "ui.port" 8080, "storm.exhibitor.poll.uripath" "/exhibitor/v1/cluster/list", "storm.messaging.netty.transfer.batch.size" 262144, "logviewer.appender.name" "A1", "nimbus.thrift.max_buffer_size" 1048576, "storm.auth.simple-acl.users.commands" [], "drpc.request.timeout.secs" 600}
51363 [main] INFO  o.a.s.d.nimbus - Using default scheduler
51363 [main] INFO  o.a.c.f.i.CuratorFrameworkImpl - Starting
51407 [main] INFO  o.a.c.f.i.CuratorFrameworkImpl - Starting
51409 [main] INFO  o.a.s.b.FileBlobStoreImpl - Creating new blob store based in /tmp/5acd2ddf-4514-42c1-8d81-fa9fdf672c9d/blobs
51429 [main] INFO  o.a.c.f.i.CuratorFrameworkImpl - Starting
51435 [main-EventThread] INFO  o.a.c.f.s.ConnectionStateManager - State change: CONNECTED
51435 [main-EventThread] INFO  o.a.c.f.s.ConnectionStateManager - State change: CONNECTED
51436 [main-EventThread] INFO  o.a.c.f.s.ConnectionStateManager - State change: CONNECTED
51437 [Curator-Framework-0] INFO  o.a.c.f.i.CuratorFrameworkImpl - backgroundOperationsLoop exiting
51439 [main] INFO  o.a.c.f.i.CuratorFrameworkImpl - Starting
51442 [main] INFO  o.a.c.f.i.CuratorFrameworkImpl - Starting
51446 [main-EventThread] INFO  o.a.c.f.s.ConnectionStateManager - State change: CONNECTED
51446 [main-EventThread] INFO  o.a.c.f.s.ConnectionStateManager - State change: CONNECTED
51467 [main] INFO  o.a.s.z.LeaderElectorImp - Queued up for leader lock.
51476 [main] WARN  o.a.s.m.StormMetricsRegistry - Metric nimbus:num-supervisors has already been registered
51476 [main] INFO  o.a.s.d.m.MetricsUtils - Using statistics reporter plugin:org.apache.storm.daemon.metrics.reporters.JmxPreparableReporter
51476 [main] INFO  o.a.s.d.m.r.JmxPreparableReporter - Preparing...
51495 [main] INFO  o.a.s.m.StormMetricsRegistry - Started statistics report plugin...
51495 [main] INFO  o.a.c.f.i.CuratorFrameworkImpl - Starting
51503 [main-EventThread] INFO  o.a.c.f.s.ConnectionStateManager - State change: CONNECTED
51505 [main] INFO  o.a.c.f.i.CuratorFrameworkImpl - Starting
51505 [NIOServerCxn.Factory:0.0.0.0/0.0.0.0:2002] WARN  o.a.z.s.NIOServerCnxn - caught end of stream exception
org.apache.zookeeper.server.ServerCnxn$EndOfStreamException: Unable to read additional data from client sessionid 0x154cd5fd34c0005, likely client has closed socket
	at org.apache.zookeeper.server.NIOServerCnxn.doIO(NIOServerCnxn.java:228) [zookeeper-3.4.6.jar:3.4.6-1569965]
	at org.apache.zookeeper.server.NIOServerCnxnFactory.run(NIOServerCnxnFactory.java:208) [zookeeper-3.4.6.jar:3.4.6-1569965]
	at java.lang.Thread.run(Thread.java:745) [?:1.8.0_31]
51506 [main] INFO  o.a.c.f.i.CuratorFrameworkImpl - Starting
51507 [main-EventThread] INFO  o.a.s.z.Zookeeper - testing-worker-linux-docker-1f676398-3369-linux-4.prod.travis-ci.org gained leadership
51508 [main-EventThread] INFO  o.a.c.f.s.ConnectionStateManager - State change: CONNECTED
51509 [main-EventThread] INFO  o.a.c.f.s.ConnectionStateManager - State change: CONNECTED
51509 [Curator-Framework-0] INFO  o.a.c.f.i.CuratorFrameworkImpl - backgroundOperationsLoop exiting
51510 [main] INFO  o.a.c.f.i.CuratorFrameworkImpl - Starting
51511 [main-EventThread] INFO  o.a.c.f.s.ConnectionStateManager - State change: CONNECTED
51517 [main] INFO  o.a.s.d.local-supervisor - Starting local Supervisor with conf {"topology.builtin.metrics.bucket.size.secs" 60, "nimbus.childopts" "-Xmx1024m", "ui.filter.params" nil, "storm.cluster.mode" "local", "storm.messaging.netty.client_worker_threads" 1, "logviewer.max.per.worker.logs.size.mb" 2048, "supervisor.run.worker.as.user" false, "topology.max.task.parallelism" nil, "topology.priority" 29, "zmq.threads" 1, "storm.group.mapping.service" "org.apache.storm.security.auth.ShellBasedGroupsMapping", "transactional.zookeeper.root" "/transactional", "topology.sleep.spout.wait.strategy.time.ms" 1, "scheduler.display.resource" false, "topology.max.replication.wait.time.sec" 60, "drpc.invocations.port" 3773, "supervisor.localizer.cache.target.size.mb" 10240, "topology.multilang.serializer" "org.apache.storm.multilang.JsonSerializer", "storm.messaging.netty.server_worker_threads" 1, "nimbus.blobstore.class" "org.apache.storm.blobstore.LocalFsBlobStore", "resource.aware.scheduler.eviction.strategy" "org.apache.storm.scheduler.resource.strategies.eviction.DefaultEvictionStrategy", "topology.max.error.report.per.interval" 5, "storm.thrift.transport" "org.apache.storm.security.auth.SimpleTransportPlugin", "zmq.hwm" 0, "storm.cgroup.resources" ["cpu" "memory"], "storm.group.mapping.service.params" nil, "worker.profiler.enabled" false, "storm.principal.tolocal" "org.apache.storm.security.auth.DefaultPrincipalToLocal", "supervisor.worker.shutdown.sleep.secs" 1, "pacemaker.host" "localhost", "storm.zookeeper.retry.times" 5, "ui.actions.enabled" true, "zmq.linger.millis" 0, "supervisor.enable" true, "topology.stats.sample.rate" 0.05, "storm.messaging.netty.min_wait_ms" 100, "storm.resource.isolation.plugin" "org.apache.storm.container.cgroup.CgroupManager", "worker.log.level.reset.poll.secs" 30, "storm.zookeeper.port" 2002, "supervisor.heartbeat.frequency.secs" 5, "topology.enable.message.timeouts" false, "supervisor.cpu.capacity" 400.0, "drpc.worker.threads" 64, "supervisor.blobstore.download.thread.count" 5, "drpc.queue.size" 128, "topology.backpressure.enable" true, "supervisor.blobstore.class" "org.apache.storm.blobstore.NimbusBlobStore", "storm.blobstore.inputstream.buffer.size.bytes" 65536, "topology.shellbolt.max.pending" 100, "drpc.https.keystore.password" "", "nimbus.code.sync.freq.secs" 120, "logviewer.port" 8000, "topology.scheduler.strategy" "org.apache.storm.scheduler.resource.strategies.scheduling.DefaultResourceAwareStrategy", "topology.executor.send.buffer.size" 1024, "resource.aware.scheduler.priority.strategy" "org.apache.storm.scheduler.resource.strategies.priority.DefaultSchedulingPriorityStrategy", "pacemaker.auth.method" "NONE", "storm.daemon.metrics.reporter.plugins" ["org.apache.storm.daemon.metrics.reporters.JmxPreparableReporter"], "storm.cgroup.hierarchy.dir" "/cgroup/storm_resources", "topology.worker.logwriter.childopts" "-Xmx64m", "topology.spout.wait.strategy" "org.apache.storm.spout.SleepSpoutWaitStrategy", "ui.host" "0.0.0.0", "storm.nimbus.retry.interval.millis" 2000, "nimbus.inbox.jar.expiration.secs" 3600, "dev.zookeeper.path" "/tmp/dev-storm-zookeeper", "topology.acker.executors" nil, "topology.fall.back.on.java.serialization" true, "topology.eventlogger.executors" nil, "supervisor.localizer.cleanup.interval.ms" 600000, "storm.zookeeper.servers" ["localhost"], "nimbus.thrift.threads" 64, "logviewer.cleanup.age.mins" 10080, "topology.worker.childopts" nil, "topology.classpath" nil, "storm.cgroup.cgexec.cmd" "/bin/cgexec", "supervisor.monitor.frequency.secs" 3, "nimbus.credential.renewers.freq.secs" 600, "topology.skip.missing.kryo.registrations" true, "drpc.authorizer.acl.filename" "drpc-auth-acl.yaml", "pacemaker.kerberos.users" [], "storm.group.mapping.service.cache.duration.secs" 120, "NIMBUS-DO-NOT-REASSIGN" true, "topology.testing.always.try.serialize" false, "nimbus.monitor.freq.secs" 10, "storm.health.check.timeout.ms" 5000, "supervisor.supervisors" [], "topology.tasks" nil, "topology.bolts.outgoing.overflow.buffer.enable" false, "storm.messaging.netty.socket.backlog" 500, "topology.workers" 1, "pacemaker.base.threads" 10, "storm.local.dir" "/tmp/35668436-dc4b-403e-9db6-273baab6d33f", "topology.disable.loadaware" false, "worker.childopts" "-Xmx%HEAP-MEM%m -XX:+PrintGCDetails -Xloggc:artifacts/gc.log -XX:+PrintGCDateStamps -XX:+PrintGCTimeStamps -XX:+UseGCLogFileRotation -XX:NumberOfGCLogFiles=10 -XX:GCLogFileSize=1M -XX:+HeapDumpOnOutOfMemoryError -XX:HeapDumpPath=artifacts/heapdump", "storm.auth.simple-white-list.users" [], "topology.disruptor.batch.timeout.millis" 1, "topology.message.timeout.secs" 30, "topology.state.synchronization.timeout.secs" 60, "topology.tuple.serializer" "org.apache.storm.serialization.types.ListDelegateSerializer", "supervisor.supervisors.commands" [], "nimbus.blobstore.expiration.secs" 600, "logviewer.childopts" "-Xmx128m", "topology.environment" nil, "topology.debug" false, "topology.disruptor.batch.size" 100, "storm.messaging.netty.max_retries" 300, "ui.childopts" "-Xmx768m", "storm.network.topography.plugin" "org.apache.storm.networktopography.DefaultRackDNSToSwitchMapping", "storm.zookeeper.session.timeout" 20000, "drpc.childopts" "-Xmx768m", "drpc.http.creds.plugin" "org.apache.storm.security.auth.DefaultHttpCredentialsPlugin", "storm.zookeeper.connection.timeout" 15000, "storm.zookeeper.auth.user" nil, "storm.meta.serialization.delegate" "org.apache.storm.serialization.GzipThriftSerializationDelegate", "topology.max.spout.pending" nil, "storm.codedistributor.class" "org.apache.storm.codedistributor.LocalFileSystemCodeDistributor", "nimbus.supervisor.timeout.secs" 60, "nimbus.task.timeout.secs" 30, "drpc.port" 3772, "pacemaker.max.threads" 50, "storm.zookeeper.retry.intervalceiling.millis" 30000, "nimbus.thrift.port" 6627, "storm.auth.simple-acl.admins" [], "topology.component.cpu.pcore.percent" 10.0, "supervisor.memory.capacity.mb" 4096.0, "storm.supervisor.cgroup.rootdir" "storm", "storm.nimbus.retry.times" 5, "supervisor.worker.start.timeout.secs" 5, "storm.zookeeper.retry.interval" 1000, "logs.users" nil, "worker.profiler.command" "flight.bash", "transactional.zookeeper.port" nil, "drpc.max_buffer_size" 1048576, "pacemaker.thread.timeout" 10, "storm.cgroup.hierarchy.name" "storm", "task.credentials.poll.secs" 30, "blobstore.superuser" "travis", "drpc.https.keystore.type" "JKS", "topology.worker.receiver.thread.count" 1, "topology.state.checkpoint.interval.ms" 1000, "supervisor.slots.ports" [1 2 3 4], "topology.transfer.buffer.size" 1024, "storm.health.check.dir" "healthchecks", "topology.worker.shared.thread.pool.size" 4, "drpc.authorizer.acl.strict" false, "nimbus.file.copy.expiration.secs" 600, "worker.profiler.childopts" "-XX:+UnlockCommercialFeatures -XX:+FlightRecorder", "topology.executor.receive.buffer.size" 1024, "backpressure.disruptor.low.watermark" 0.4, "nimbus.task.launch.secs" 120, "storm.local.mode.zmq" false, "storm.cgroup.memory.limit.tolerance.margin.mb" 128.0, "storm.messaging.netty.buffer_size" 5242880, "storm.cluster.state.store" "org.apache.storm.cluster.ZKStateStorageFactory", "worker.heartbeat.frequency.secs" 1, "storm.log4j2.conf.dir" "log4j2", "storm.resource.isolation.plugin.enable" false, "ui.http.creds.plugin" "org.apache.storm.security.auth.DefaultHttpCredentialsPlugin", "storm.zookeeper.root" "/storm", "topology.tick.tuple.freq.secs" nil, "drpc.https.port" -1, "storm.workers.artifacts.dir" "workers-artifacts", "supervisor.blobstore.download.max_retries" 3, "task.refresh.poll.secs" 10, "storm.exhibitor.port" 8080, "task.heartbeat.frequency.secs" 3, "pacemaker.port" 6699, "storm.messaging.netty.max_wait_ms" 1000, "nimbus.impersonation.authorizer" "org.apache.storm.security.auth.authorizer.ImpersonationAuthorizer", "topology.component.resources.offheap.memory.mb" 0.0, "drpc.http.port" 3774, "topology.error.throttle.interval.secs" 10, "storm.messaging.transport" "org.apache.storm.messaging.netty.Context", "storm.messaging.netty.authentication" false, "topology.component.resources.onheap.memory.mb" 128.0, "topology.kryo.factory" "org.apache.storm.serialization.DefaultKryoFactory", "worker.gc.childopts" "", "nimbus.topology.validator" "org.apache.storm.nimbus.DefaultTopologyValidator", "nimbus.seeds" ["localhost"], "nimbus.queue.size" 100000, "nimbus.cleanup.inbox.freq.secs" 600, "storm.blobstore.replication.factor" 3, "worker.heap.memory.mb" 768, "logviewer.max.sum.worker.logs.size.mb" 4096, "pacemaker.childopts" "-Xmx1024m", "ui.users" nil, "transactional.zookeeper.servers" nil, "supervisor.worker.timeout.secs" 15, "storm.zookeeper.auth.password" nil, "storm.blobstore.acl.validation.enabled" false, "client.blobstore.class" "org.apache.storm.blobstore.NimbusBlobStore", "supervisor.childopts" "-Xmx256m", "topology.worker.max.heap.size.mb" 768.0, "backpressure.disruptor.high.watermark" 0.9, "ui.filter" nil, "ui.header.buffer.bytes" 4096, "topology.min.replication.count" 1, "storm.supervisor.worker.manager.plugin" "org.apache.storm.daemon.supervisor.workermanager.DefaultWorkerManager", "topology.disruptor.wait.timeout.millis" 1000, "storm.nimbus.retry.intervalceiling.millis" 60000, "topology.trident.batch.emit.interval.millis" 50, "storm.auth.simple-acl.users" [], "drpc.invocations.threads" 64, "java.library.path" "/usr/local/lib:/opt/local/lib:/usr/lib", "ui.port" 8080, "storm.exhibitor.poll.uripath" "/exhibitor/v1/cluster/list", "storm.messaging.netty.transfer.batch.size" 262144, "logviewer.appender.name" "A1", "nimbus.thrift.max_buffer_size" 1048576, "storm.auth.simple-acl.users.commands" [], "drpc.request.timeout.secs" 600}
51518 [main] INFO  o.a.s.d.s.Supervisor - Starting Supervisor with conf {topology.builtin.metrics.bucket.size.secs=60, nimbus.childopts=-Xmx1024m, ui.filter.params=null, storm.cluster.mode=local, storm.messaging.netty.client_worker_threads=1, logviewer.max.per.worker.logs.size.mb=2048, supervisor.run.worker.as.user=false, topology.max.task.parallelism=null, topology.priority=29, zmq.threads=1, storm.group.mapping.service=org.apache.storm.security.auth.ShellBasedGroupsMapping, transactional.zookeeper.root=/transactional, topology.sleep.spout.wait.strategy.time.ms=1, scheduler.display.resource=false, topology.max.replication.wait.time.sec=60, drpc.invocations.port=3773, supervisor.localizer.cache.target.size.mb=10240, topology.multilang.serializer=org.apache.storm.multilang.JsonSerializer, storm.messaging.netty.server_worker_threads=1, nimbus.blobstore.class=org.apache.storm.blobstore.LocalFsBlobStore, resource.aware.scheduler.eviction.strategy=org.apache.storm.scheduler.resource.strategies.eviction.DefaultEvictionStrategy, topology.max.error.report.per.interval=5, storm.thrift.transport=org.apache.storm.security.auth.SimpleTransportPlugin, zmq.hwm=0, storm.cgroup.resources=[cpu, memory], storm.group.mapping.service.params=null, worker.profiler.enabled=false, storm.principal.tolocal=org.apache.storm.security.auth.DefaultPrincipalToLocal, supervisor.worker.shutdown.sleep.secs=1, pacemaker.host=localhost, storm.zookeeper.retry.times=5, ui.actions.enabled=true, zmq.linger.millis=0, supervisor.enable=true, topology.stats.sample.rate=0.05, storm.messaging.netty.min_wait_ms=100, storm.resource.isolation.plugin=org.apache.storm.container.cgroup.CgroupManager, worker.log.level.reset.poll.secs=30, storm.zookeeper.port=2002, supervisor.heartbeat.frequency.secs=5, topology.enable.message.timeouts=false, supervisor.cpu.capacity=400.0, drpc.worker.threads=64, supervisor.blobstore.download.thread.count=5, drpc.queue.size=128, topology.backpressure.enable=true, supervisor.blobstore.class=org.apache.storm.blobstore.NimbusBlobStore, storm.blobstore.inputstream.buffer.size.bytes=65536, topology.shellbolt.max.pending=100, drpc.https.keystore.password=, nimbus.code.sync.freq.secs=120, logviewer.port=8000, topology.scheduler.strategy=org.apache.storm.scheduler.resource.strategies.scheduling.DefaultResourceAwareStrategy, topology.executor.send.buffer.size=1024, resource.aware.scheduler.priority.strategy=org.apache.storm.scheduler.resource.strategies.priority.DefaultSchedulingPriorityStrategy, pacemaker.auth.method=NONE, storm.daemon.metrics.reporter.plugins=[org.apache.storm.daemon.metrics.reporters.JmxPreparableReporter], storm.cgroup.hierarchy.dir=/cgroup/storm_resources, topology.worker.logwriter.childopts=-Xmx64m, topology.spout.wait.strategy=org.apache.storm.spout.SleepSpoutWaitStrategy, ui.host=0.0.0.0, storm.nimbus.retry.interval.millis=2000, nimbus.inbox.jar.expiration.secs=3600, dev.zookeeper.path=/tmp/dev-storm-zookeeper, topology.acker.executors=null, topology.fall.back.on.java.serialization=true, topology.eventlogger.executors=null, supervisor.localizer.cleanup.interval.ms=600000, storm.zookeeper.servers=[localhost], nimbus.thrift.threads=64, logviewer.cleanup.age.mins=10080, topology.worker.childopts=null, topology.classpath=null, storm.cgroup.cgexec.cmd=/bin/cgexec, supervisor.monitor.frequency.secs=3, nimbus.credential.renewers.freq.secs=600, topology.skip.missing.kryo.registrations=true, drpc.authorizer.acl.filename=drpc-auth-acl.yaml, pacemaker.kerberos.users=[], storm.group.mapping.service.cache.duration.secs=120, NIMBUS-DO-NOT-REASSIGN=true, topology.testing.always.try.serialize=false, nimbus.monitor.freq.secs=10, storm.health.check.timeout.ms=5000, supervisor.supervisors=[], topology.tasks=null, topology.bolts.outgoing.overflow.buffer.enable=false, storm.messaging.netty.socket.backlog=500, topology.workers=1, pacemaker.base.threads=10, storm.local.dir=/tmp/35668436-dc4b-403e-9db6-273baab6d33f, topology.disable.loadaware=false, worker.childopts=-Xmx%HEAP-MEM%m -XX:+PrintGCDetails -Xloggc:artifacts/gc.log -XX:+PrintGCDateStamps -XX:+PrintGCTimeStamps -XX:+UseGCLogFileRotation -XX:NumberOfGCLogFiles=10 -XX:GCLogFileSize=1M -XX:+HeapDumpOnOutOfMemoryError -XX:HeapDumpPath=artifacts/heapdump, storm.auth.simple-white-list.users=[], topology.disruptor.batch.timeout.millis=1, topology.message.timeout.secs=30, topology.state.synchronization.timeout.secs=60, topology.tuple.serializer=org.apache.storm.serialization.types.ListDelegateSerializer, supervisor.supervisors.commands=[], nimbus.blobstore.expiration.secs=600, logviewer.childopts=-Xmx128m, topology.environment=null, topology.debug=false, topology.disruptor.batch.size=100, storm.messaging.netty.max_retries=300, ui.childopts=-Xmx768m, storm.network.topography.plugin=org.apache.storm.networktopography.DefaultRackDNSToSwitchMapping, storm.zookeeper.session.timeout=20000, drpc.childopts=-Xmx768m, drpc.http.creds.plugin=org.apache.storm.security.auth.DefaultHttpCredentialsPlugin, storm.zookeeper.connection.timeout=15000, storm.zookeeper.auth.user=null, storm.meta.serialization.delegate=org.apache.storm.serialization.GzipThriftSerializationDelegate, topology.max.spout.pending=null, storm.codedistributor.class=org.apache.storm.codedistributor.LocalFileSystemCodeDistributor, nimbus.supervisor.timeout.secs=60, nimbus.task.timeout.secs=30, drpc.port=3772, pacemaker.max.threads=50, storm.zookeeper.retry.intervalceiling.millis=30000, nimbus.thrift.port=6627, storm.auth.simple-acl.admins=[], topology.component.cpu.pcore.percent=10.0, supervisor.memory.capacity.mb=4096.0, storm.supervisor.cgroup.rootdir=storm, storm.nimbus.retry.times=5, supervisor.worker.start.timeout.secs=5, storm.zookeeper.retry.interval=1000, logs.users=null, worker.profiler.command=flight.bash, transactional.zookeeper.port=null, drpc.max_buffer_size=1048576, pacemaker.thread.timeout=10, storm.cgroup.hierarchy.name=storm, task.credentials.poll.secs=30, blobstore.superuser=travis, drpc.https.keystore.type=JKS, topology.worker.receiver.thread.count=1, topology.state.checkpoint.interval.ms=1000, supervisor.slots.ports=[1, 2, 3, 4], topology.transfer.buffer.size=1024, storm.health.check.dir=healthchecks, topology.worker.shared.thread.pool.size=4, drpc.authorizer.acl.strict=false, nimbus.file.copy.expiration.secs=600, worker.profiler.childopts=-XX:+UnlockCommercialFeatures -XX:+FlightRecorder, topology.executor.receive.buffer.size=1024, backpressure.disruptor.low.watermark=0.4, nimbus.task.launch.secs=120, storm.local.mode.zmq=false, storm.cgroup.memory.limit.tolerance.margin.mb=128.0, storm.messaging.netty.buffer_size=5242880, storm.cluster.state.store=org.apache.storm.cluster.ZKStateStorageFactory, worker.heartbeat.frequency.secs=1, storm.log4j2.conf.dir=log4j2, storm.resource.isolation.plugin.enable=false, ui.http.creds.plugin=org.apache.storm.security.auth.DefaultHttpCredentialsPlugin, storm.zookeeper.root=/storm, topology.tick.tuple.freq.secs=null, drpc.https.port=-1, storm.workers.artifacts.dir=workers-artifacts, supervisor.blobstore.download.max_retries=3, task.refresh.poll.secs=10, storm.exhibitor.port=8080, task.heartbeat.frequency.secs=3, pacemaker.port=6699, storm.messaging.netty.max_wait_ms=1000, nimbus.impersonation.authorizer=org.apache.storm.security.auth.authorizer.ImpersonationAuthorizer, topology.component.resources.offheap.memory.mb=0.0, drpc.http.port=3774, topology.error.throttle.interval.secs=10, storm.messaging.transport=org.apache.storm.messaging.netty.Context, storm.messaging.netty.authentication=false, topology.component.resources.onheap.memory.mb=128.0, topology.kryo.factory=org.apache.storm.serialization.DefaultKryoFactory, worker.gc.childopts=, nimbus.topology.validator=org.apache.storm.nimbus.DefaultTopologyValidator, nimbus.seeds=[localhost], nimbus.queue.size=100000, nimbus.cleanup.inbox.freq.secs=600, storm.blobstore.replication.factor=3, worker.heap.memory.mb=768, logviewer.max.sum.worker.logs.size.mb=4096, pacemaker.childopts=-Xmx1024m, ui.users=null, transactional.zookeeper.servers=null, supervisor.worker.timeout.secs=15, storm.zookeeper.auth.password=null, storm.blobstore.acl.validation.enabled=false, client.blobstore.class=org.apache.storm.blobstore.NimbusBlobStore, supervisor.childopts=-Xmx256m, topology.worker.max.heap.size.mb=768.0, backpressure.disruptor.high.watermark=0.9, ui.filter=null, ui.header.buffer.bytes=4096, topology.min.replication.count=1, storm.supervisor.worker.manager.plugin=org.apache.storm.daemon.supervisor.workermanager.DefaultWorkerManager, topology.disruptor.wait.timeout.millis=1000, storm.nimbus.retry.intervalceiling.millis=60000, topology.trident.batch.emit.interval.millis=50, storm.auth.simple-acl.users=[], drpc.invocations.threads=64, java.library.path=/usr/local/lib:/opt/local/lib:/usr/lib, ui.port=8080, storm.exhibitor.poll.uripath=/exhibitor/v1/cluster/list, storm.messaging.netty.transfer.batch.size=262144, logviewer.appender.name=A1, nimbus.thrift.max_buffer_size=1048576, storm.auth.simple-acl.users.commands=[], drpc.request.timeout.secs=600}
51519 [main] INFO  o.a.c.f.i.CuratorFrameworkImpl - Starting
51531 [main-EventThread] INFO  o.a.c.f.s.ConnectionStateManager - State change: CONNECTED
51531 [Curator-Framework-0] INFO  o.a.c.f.i.CuratorFrameworkImpl - backgroundOperationsLoop exiting
51532 [main] INFO  o.a.c.f.i.CuratorFrameworkImpl - Starting
51576 [main-EventThread] INFO  o.a.c.f.s.ConnectionStateManager - State change: CONNECTED
51594 [main] INFO  o.a.s.l.Localizer - Reconstruct localized resource: /tmp/35668436-dc4b-403e-9db6-273baab6d33f/supervisor/usercache
51594 [main] WARN  o.a.s.l.Localizer - No left over resources found for any user during reconstructing of local resources at: /tmp/35668436-dc4b-403e-9db6-273baab6d33f/supervisor/usercache
51649 [main] INFO  o.a.s.d.s.Supervisor - Starting supervisor with id sup1 at host testing-worker-linux-docker-1f676398-3369-linux-4.prod.travis-ci.org.
51650 [main] INFO  o.a.s.d.local-supervisor - Starting local Supervisor with conf {"topology.builtin.metrics.bucket.size.secs" 60, "nimbus.childopts" "-Xmx1024m", "ui.filter.params" nil, "storm.cluster.mode" "local", "storm.messaging.netty.client_worker_threads" 1, "logviewer.max.per.worker.logs.size.mb" 2048, "supervisor.run.worker.as.user" false, "topology.max.task.parallelism" nil, "topology.priority" 29, "zmq.threads" 1, "storm.group.mapping.service" "org.apache.storm.security.auth.ShellBasedGroupsMapping", "transactional.zookeeper.root" "/transactional", "topology.sleep.spout.wait.strategy.time.ms" 1, "scheduler.display.resource" false, "topology.max.replication.wait.time.sec" 60, "drpc.invocations.port" 3773, "supervisor.localizer.cache.target.size.mb" 10240, "topology.multilang.serializer" "org.apache.storm.multilang.JsonSerializer", "storm.messaging.netty.server_worker_threads" 1, "nimbus.blobstore.class" "org.apache.storm.blobstore.LocalFsBlobStore", "resource.aware.scheduler.eviction.strategy" "org.apache.storm.scheduler.resource.strategies.eviction.DefaultEvictionStrategy", "topology.max.error.report.per.interval" 5, "storm.thrift.transport" "org.apache.storm.security.auth.SimpleTransportPlugin", "zmq.hwm" 0, "storm.cgroup.resources" ["cpu" "memory"], "storm.group.mapping.service.params" nil, "worker.profiler.enabled" false, "storm.principal.tolocal" "org.apache.storm.security.auth.DefaultPrincipalToLocal", "supervisor.worker.shutdown.sleep.secs" 1, "pacemaker.host" "localhost", "storm.zookeeper.retry.times" 5, "ui.actions.enabled" true, "zmq.linger.millis" 0, "supervisor.enable" true, "topology.stats.sample.rate" 0.05, "storm.messaging.netty.min_wait_ms" 100, "storm.resource.isolation.plugin" "org.apache.storm.container.cgroup.CgroupManager", "worker.log.level.reset.poll.secs" 30, "storm.zookeeper.port" 2002, "supervisor.heartbeat.frequency.secs" 5, "topology.enable.message.timeouts" false, "supervisor.cpu.capacity" 400.0, "drpc.worker.threads" 64, "supervisor.blobstore.download.thread.count" 5, "drpc.queue.size" 128, "topology.backpressure.enable" true, "supervisor.blobstore.class" "org.apache.storm.blobstore.NimbusBlobStore", "storm.blobstore.inputstream.buffer.size.bytes" 65536, "topology.shellbolt.max.pending" 100, "drpc.https.keystore.password" "", "nimbus.code.sync.freq.secs" 120, "logviewer.port" 8000, "topology.scheduler.strategy" "org.apache.storm.scheduler.resource.strategies.scheduling.DefaultResourceAwareStrategy", "topology.executor.send.buffer.size" 1024, "resource.aware.scheduler.priority.strategy" "org.apache.storm.scheduler.resource.strategies.priority.DefaultSchedulingPriorityStrategy", "pacemaker.auth.method" "NONE", "storm.daemon.metrics.reporter.plugins" ["org.apache.storm.daemon.metrics.reporters.JmxPreparableReporter"], "storm.cgroup.hierarchy.dir" "/cgroup/storm_resources", "topology.worker.logwriter.childopts" "-Xmx64m", "topology.spout.wait.strategy" "org.apache.storm.spout.SleepSpoutWaitStrategy", "ui.host" "0.0.0.0", "storm.nimbus.retry.interval.millis" 2000, "nimbus.inbox.jar.expiration.secs" 3600, "dev.zookeeper.path" "/tmp/dev-storm-zookeeper", "topology.acker.executors" nil, "topology.fall.back.on.java.serialization" true, "topology.eventlogger.executors" nil, "supervisor.localizer.cleanup.interval.ms" 600000, "storm.zookeeper.servers" ["localhost"], "nimbus.thrift.threads" 64, "logviewer.cleanup.age.mins" 10080, "topology.worker.childopts" nil, "topology.classpath" nil, "storm.cgroup.cgexec.cmd" "/bin/cgexec", "supervisor.monitor.frequency.secs" 3, "nimbus.credential.renewers.freq.secs" 600, "topology.skip.missing.kryo.registrations" true, "drpc.authorizer.acl.filename" "drpc-auth-acl.yaml", "pacemaker.kerberos.users" [], "storm.group.mapping.service.cache.duration.secs" 120, "NIMBUS-DO-NOT-REASSIGN" true, "topology.testing.always.try.serialize" false, "nimbus.monitor.freq.secs" 10, "storm.health.check.timeout.ms" 5000, "supervisor.supervisors" [], "topology.tasks" nil, "topology.bolts.outgoing.overflow.buffer.enable" false, "storm.messaging.netty.socket.backlog" 500, "topology.workers" 1, "pacemaker.base.threads" 10, "storm.local.dir" "/tmp/bebffc19-7e69-4e6f-a4fd-8927b9877f7a", "topology.disable.loadaware" false, "worker.childopts" "-Xmx%HEAP-MEM%m -XX:+PrintGCDetails -Xloggc:artifacts/gc.log -XX:+PrintGCDateStamps -XX:+PrintGCTimeStamps -XX:+UseGCLogFileRotation -XX:NumberOfGCLogFiles=10 -XX:GCLogFileSize=1M -XX:+HeapDumpOnOutOfMemoryError -XX:HeapDumpPath=artifacts/heapdump", "storm.auth.simple-white-list.users" [], "topology.disruptor.batch.timeout.millis" 1, "topology.message.timeout.secs" 30, "topology.state.synchronization.timeout.secs" 60, "topology.tuple.serializer" "org.apache.storm.serialization.types.ListDelegateSerializer", "supervisor.supervisors.commands" [], "nimbus.blobstore.expiration.secs" 600, "logviewer.childopts" "-Xmx128m", "topology.environment" nil, "topology.debug" false, "topology.disruptor.batch.size" 100, "storm.messaging.netty.max_retries" 300, "ui.childopts" "-Xmx768m", "storm.network.topography.plugin" "org.apache.storm.networktopography.DefaultRackDNSToSwitchMapping", "storm.zookeeper.session.timeout" 20000, "drpc.childopts" "-Xmx768m", "drpc.http.creds.plugin" "org.apache.storm.security.auth.DefaultHttpCredentialsPlugin", "storm.zookeeper.connection.timeout" 15000, "storm.zookeeper.auth.user" nil, "storm.meta.serialization.delegate" "org.apache.storm.serialization.GzipThriftSerializationDelegate", "topology.max.spout.pending" nil, "storm.codedistributor.class" "org.apache.storm.codedistributor.LocalFileSystemCodeDistributor", "nimbus.supervisor.timeout.secs" 60, "nimbus.task.timeout.secs" 30, "drpc.port" 3772, "pacemaker.max.threads" 50, "storm.zookeeper.retry.intervalceiling.millis" 30000, "nimbus.thrift.port" 6627, "storm.auth.simple-acl.admins" [], "topology.component.cpu.pcore.percent" 10.0, "supervisor.memory.capacity.mb" 4096.0, "storm.supervisor.cgroup.rootdir" "storm", "storm.nimbus.retry.times" 5, "supervisor.worker.start.timeout.secs" 5, "storm.zookeeper.retry.interval" 1000, "logs.users" nil, "worker.profiler.command" "flight.bash", "transactional.zookeeper.port" nil, "drpc.max_buffer_size" 1048576, "pacemaker.thread.timeout" 10, "storm.cgroup.hierarchy.name" "storm", "task.credentials.poll.secs" 30, "blobstore.superuser" "travis", "drpc.https.keystore.type" "JKS", "topology.worker.receiver.thread.count" 1, "topology.state.checkpoint.interval.ms" 1000, "supervisor.slots.ports" [1 2], "topology.transfer.buffer.size" 1024, "storm.health.check.dir" "healthchecks", "topology.worker.shared.thread.pool.size" 4, "drpc.authorizer.acl.strict" false, "nimbus.file.copy.expiration.secs" 600, "worker.profiler.childopts" "-XX:+UnlockCommercialFeatures -XX:+FlightRecorder", "topology.executor.receive.buffer.size" 1024, "backpressure.disruptor.low.watermark" 0.4, "nimbus.task.launch.secs" 120, "storm.local.mode.zmq" false, "storm.cgroup.memory.limit.tolerance.margin.mb" 128.0, "storm.messaging.netty.buffer_size" 5242880, "storm.cluster.state.store" "org.apache.storm.cluster.ZKStateStorageFactory", "worker.heartbeat.frequency.secs" 1, "storm.log4j2.conf.dir" "log4j2", "storm.resource.isolation.plugin.enable" false, "ui.http.creds.plugin" "org.apache.storm.security.auth.DefaultHttpCredentialsPlugin", "storm.zookeeper.root" "/storm", "topology.tick.tuple.freq.secs" nil, "drpc.https.port" -1, "storm.workers.artifacts.dir" "workers-artifacts", "supervisor.blobstore.download.max_retries" 3, "task.refresh.poll.secs" 10, "storm.exhibitor.port" 8080, "task.heartbeat.frequency.secs" 3, "pacemaker.port" 6699, "storm.messaging.netty.max_wait_ms" 1000, "nimbus.impersonation.authorizer" "org.apache.storm.security.auth.authorizer.ImpersonationAuthorizer", "topology.component.resources.offheap.memory.mb" 0.0, "drpc.http.port" 3774, "topology.error.throttle.interval.secs" 10, "storm.messaging.transport" "org.apache.storm.messaging.netty.Context", "storm.messaging.netty.authentication" false, "topology.component.resources.onheap.memory.mb" 128.0, "topology.kryo.factory" "org.apache.storm.serialization.DefaultKryoFactory", "worker.gc.childopts" "", "nimbus.topology.validator" "org.apache.storm.nimbus.DefaultTopologyValidator", "nimbus.seeds" ["localhost"], "nimbus.queue.size" 100000, "nimbus.cleanup.inbox.freq.secs" 600, "storm.blobstore.replication.factor" 3, "worker.heap.memory.mb" 768, "logviewer.max.sum.worker.logs.size.mb" 4096, "pacemaker.childopts" "-Xmx1024m", "ui.users" nil, "transactional.zookeeper.servers" nil, "supervisor.worker.timeout.secs" 15, "storm.zookeeper.auth.password" nil, "storm.blobstore.acl.validation.enabled" false, "client.blobstore.class" "org.apache.storm.blobstore.NimbusBlobStore", "supervisor.childopts" "-Xmx256m", "topology.worker.max.heap.size.mb" 768.0, "backpressure.disruptor.high.watermark" 0.9, "ui.filter" nil, "ui.header.buffer.bytes" 4096, "topology.min.replication.count" 1, "storm.supervisor.worker.manager.plugin" "org.apache.storm.daemon.supervisor.workermanager.DefaultWorkerManager", "topology.disruptor.wait.timeout.millis" 1000, "storm.nimbus.retry.intervalceiling.millis" 60000, "topology.trident.batch.emit.interval.millis" 50, "storm.auth.simple-acl.users" [], "drpc.invocations.threads" 64, "java.library.path" "/usr/local/lib:/opt/local/lib:/usr/lib", "ui.port" 8080, "storm.exhibitor.poll.uripath" "/exhibitor/v1/cluster/list", "storm.messaging.netty.transfer.batch.size" 262144, "logviewer.appender.name" "A1", "nimbus.thrift.max_buffer_size" 1048576, "storm.auth.simple-acl.users.commands" [], "drpc.request.timeout.secs" 600}
51650 [main] INFO  o.a.s.d.s.Supervisor - Starting Supervisor with conf {topology.builtin.metrics.bucket.size.secs=60, nimbus.childopts=-Xmx1024m, ui.filter.params=null, storm.cluster.mode=local, storm.messaging.netty.client_worker_threads=1, logviewer.max.per.worker.logs.size.mb=2048, supervisor.run.worker.as.user=false, topology.max.task.parallelism=null, topology.priority=29, zmq.threads=1, storm.group.mapping.service=org.apache.storm.security.auth.ShellBasedGroupsMapping, transactional.zookeeper.root=/transactional, topology.sleep.spout.wait.strategy.time.ms=1, scheduler.display.resource=false, topology.max.replication.wait.time.sec=60, drpc.invocations.port=3773, supervisor.localizer.cache.target.size.mb=10240, topology.multilang.serializer=org.apache.storm.multilang.JsonSerializer, storm.messaging.netty.server_worker_threads=1, nimbus.blobstore.class=org.apache.storm.blobstore.LocalFsBlobStore, resource.aware.scheduler.eviction.strategy=org.apache.storm.scheduler.resource.strategies.eviction.DefaultEvictionStrategy, topology.max.error.report.per.interval=5, storm.thrift.transport=org.apache.storm.security.auth.SimpleTransportPlugin, zmq.hwm=0, storm.cgroup.resources=[cpu, memory], storm.group.mapping.service.params=null, worker.profiler.enabled=false, storm.principal.tolocal=org.apache.storm.security.auth.DefaultPrincipalToLocal, supervisor.worker.shutdown.sleep.secs=1, pacemaker.host=localhost, storm.zookeeper.retry.times=5, ui.actions.enabled=true, zmq.linger.millis=0, supervisor.enable=true, topology.stats.sample.rate=0.05, storm.messaging.netty.min_wait_ms=100, storm.resource.isolation.plugin=org.apache.storm.container.cgroup.CgroupManager, worker.log.level.reset.poll.secs=30, storm.zookeeper.port=2002, supervisor.heartbeat.frequency.secs=5, topology.enable.message.timeouts=false, supervisor.cpu.capacity=400.0, drpc.worker.threads=64, supervisor.blobstore.download.thread.count=5, drpc.queue.size=128, topology.backpressure.enable=true, supervisor.blobstore.class=org.apache.storm.blobstore.NimbusBlobStore, storm.blobstore.inputstream.buffer.size.bytes=65536, topology.shellbolt.max.pending=100, drpc.https.keystore.password=, nimbus.code.sync.freq.secs=120, logviewer.port=8000, topology.scheduler.strategy=org.apache.storm.scheduler.resource.strategies.scheduling.DefaultResourceAwareStrategy, topology.executor.send.buffer.size=1024, resource.aware.scheduler.priority.strategy=org.apache.storm.scheduler.resource.strategies.priority.DefaultSchedulingPriorityStrategy, pacemaker.auth.method=NONE, storm.daemon.metrics.reporter.plugins=[org.apache.storm.daemon.metrics.reporters.JmxPreparableReporter], storm.cgroup.hierarchy.dir=/cgroup/storm_resources, topology.worker.logwriter.childopts=-Xmx64m, topology.spout.wait.strategy=org.apache.storm.spout.SleepSpoutWaitStrategy, ui.host=0.0.0.0, storm.nimbus.retry.interval.millis=2000, nimbus.inbox.jar.expiration.secs=3600, dev.zookeeper.path=/tmp/dev-storm-zookeeper, topology.acker.executors=null, topology.fall.back.on.java.serialization=true, topology.eventlogger.executors=null, supervisor.localizer.cleanup.interval.ms=600000, storm.zookeeper.servers=[localhost], nimbus.thrift.threads=64, logviewer.cleanup.age.mins=10080, topology.worker.childopts=null, topology.classpath=null, storm.cgroup.cgexec.cmd=/bin/cgexec, supervisor.monitor.frequency.secs=3, nimbus.credential.renewers.freq.secs=600, topology.skip.missing.kryo.registrations=true, drpc.authorizer.acl.filename=drpc-auth-acl.yaml, pacemaker.kerberos.users=[], storm.group.mapping.service.cache.duration.secs=120, NIMBUS-DO-NOT-REASSIGN=true, topology.testing.always.try.serialize=false, nimbus.monitor.freq.secs=10, storm.health.check.timeout.ms=5000, supervisor.supervisors=[], topology.tasks=null, topology.bolts.outgoing.overflow.buffer.enable=false, storm.messaging.netty.socket.backlog=500, topology.workers=1, pacemaker.base.threads=10, storm.local.dir=/tmp/bebffc19-7e69-4e6f-a4fd-8927b9877f7a, topology.disable.loadaware=false, worker.childopts=-Xmx%HEAP-MEM%m -XX:+PrintGCDetails -Xloggc:artifacts/gc.log -XX:+PrintGCDateStamps -XX:+PrintGCTimeStamps -XX:+UseGCLogFileRotation -XX:NumberOfGCLogFiles=10 -XX:GCLogFileSize=1M -XX:+HeapDumpOnOutOfMemoryError -XX:HeapDumpPath=artifacts/heapdump, storm.auth.simple-white-list.users=[], topology.disruptor.batch.timeout.millis=1, topology.message.timeout.secs=30, topology.state.synchronization.timeout.secs=60, topology.tuple.serializer=org.apache.storm.serialization.types.ListDelegateSerializer, supervisor.supervisors.commands=[], nimbus.blobstore.expiration.secs=600, logviewer.childopts=-Xmx128m, topology.environment=null, topology.debug=false, topology.disruptor.batch.size=100, storm.messaging.netty.max_retries=300, ui.childopts=-Xmx768m, storm.network.topography.plugin=org.apache.storm.networktopography.DefaultRackDNSToSwitchMapping, storm.zookeeper.session.timeout=20000, drpc.childopts=-Xmx768m, drpc.http.creds.plugin=org.apache.storm.security.auth.DefaultHttpCredentialsPlugin, storm.zookeeper.connection.timeout=15000, storm.zookeeper.auth.user=null, storm.meta.serialization.delegate=org.apache.storm.serialization.GzipThriftSerializationDelegate, topology.max.spout.pending=null, storm.codedistributor.class=org.apache.storm.codedistributor.LocalFileSystemCodeDistributor, nimbus.supervisor.timeout.secs=60, nimbus.task.timeout.secs=30, drpc.port=3772, pacemaker.max.threads=50, storm.zookeeper.retry.intervalceiling.millis=30000, nimbus.thrift.port=6627, storm.auth.simple-acl.admins=[], topology.component.cpu.pcore.percent=10.0, supervisor.memory.capacity.mb=4096.0, storm.supervisor.cgroup.rootdir=storm, storm.nimbus.retry.times=5, supervisor.worker.start.timeout.secs=5, storm.zookeeper.retry.interval=1000, logs.users=null, worker.profiler.command=flight.bash, transactional.zookeeper.port=null, drpc.max_buffer_size=1048576, pacemaker.thread.timeout=10, storm.cgroup.hierarchy.name=storm, task.credentials.poll.secs=30, blobstore.superuser=travis, drpc.https.keystore.type=JKS, topology.worker.receiver.thread.count=1, topology.state.checkpoint.interval.ms=1000, supervisor.slots.ports=[1, 2], topology.transfer.buffer.size=1024, storm.health.check.dir=healthchecks, topology.worker.shared.thread.pool.size=4, drpc.authorizer.acl.strict=false, nimbus.file.copy.expiration.secs=600, worker.profiler.childopts=-XX:+UnlockCommercialFeatures -XX:+FlightRecorder, topology.executor.receive.buffer.size=1024, backpressure.disruptor.low.watermark=0.4, nimbus.task.launch.secs=120, storm.local.mode.zmq=false, storm.cgroup.memory.limit.tolerance.margin.mb=128.0, storm.messaging.netty.buffer_size=5242880, storm.cluster.state.store=org.apache.storm.cluster.ZKStateStorageFactory, worker.heartbeat.frequency.secs=1, storm.log4j2.conf.dir=log4j2, storm.resource.isolation.plugin.enable=false, ui.http.creds.plugin=org.apache.storm.security.auth.DefaultHttpCredentialsPlugin, storm.zookeeper.root=/storm, topology.tick.tuple.freq.secs=null, drpc.https.port=-1, storm.workers.artifacts.dir=workers-artifacts, supervisor.blobstore.download.max_retries=3, task.refresh.poll.secs=10, storm.exhibitor.port=8080, task.heartbeat.frequency.secs=3, pacemaker.port=6699, storm.messaging.netty.max_wait_ms=1000, nimbus.impersonation.authorizer=org.apache.storm.security.auth.authorizer.ImpersonationAuthorizer, topology.component.resources.offheap.memory.mb=0.0, drpc.http.port=3774, topology.error.throttle.interval.secs=10, storm.messaging.transport=org.apache.storm.messaging.netty.Context, storm.messaging.netty.authentication=false, topology.component.resources.onheap.memory.mb=128.0, topology.kryo.factory=org.apache.storm.serialization.DefaultKryoFactory, worker.gc.childopts=, nimbus.topology.validator=org.apache.storm.nimbus.DefaultTopologyValidator, nimbus.seeds=[localhost], nimbus.queue.size=100000, nimbus.cleanup.inbox.freq.secs=600, storm.blobstore.replication.factor=3, worker.heap.memory.mb=768, logviewer.max.sum.worker.logs.size.mb=4096, pacemaker.childopts=-Xmx1024m, ui.users=null, transactional.zookeeper.servers=null, supervisor.worker.timeout.secs=15, storm.zookeeper.auth.password=null, storm.blobstore.acl.validation.enabled=false, client.blobstore.class=org.apache.storm.blobstore.NimbusBlobStore, supervisor.childopts=-Xmx256m, topology.worker.max.heap.size.mb=768.0, backpressure.disruptor.high.watermark=0.9, ui.filter=null, ui.header.buffer.bytes=4096, topology.min.replication.count=1, storm.supervisor.worker.manager.plugin=org.apache.storm.daemon.supervisor.workermanager.DefaultWorkerManager, topology.disruptor.wait.timeout.millis=1000, storm.nimbus.retry.intervalceiling.millis=60000, topology.trident.batch.emit.interval.millis=50, storm.auth.simple-acl.users=[], drpc.invocations.threads=64, java.library.path=/usr/local/lib:/opt/local/lib:/usr/lib, ui.port=8080, storm.exhibitor.poll.uripath=/exhibitor/v1/cluster/list, storm.messaging.netty.transfer.batch.size=262144, logviewer.appender.name=A1, nimbus.thrift.max_buffer_size=1048576, storm.auth.simple-acl.users.commands=[], drpc.request.timeout.secs=600}
51651 [main] INFO  o.a.c.f.i.CuratorFrameworkImpl - Starting
51681 [main-EventThread] INFO  o.a.c.f.s.ConnectionStateManager - State change: CONNECTED
51702 [main] INFO  o.a.c.f.i.CuratorFrameworkImpl - Starting
51719 [main-EventThread] INFO  o.a.c.f.s.ConnectionStateManager - State change: CONNECTED
51721 [main] INFO  o.a.s.l.Localizer - Reconstruct localized resource: /tmp/bebffc19-7e69-4e6f-a4fd-8927b9877f7a/supervisor/usercache
51721 [main] WARN  o.a.s.l.Localizer - No left over resources found for any user during reconstructing of local resources at: /tmp/bebffc19-7e69-4e6f-a4fd-8927b9877f7a/supervisor/usercache
51744 [main] INFO  o.a.s.d.s.Supervisor - Starting supervisor with id sup2 at host testing-worker-linux-docker-1f676398-3369-linux-4.prod.travis-ci.org.
51745 [main] INFO  o.a.s.l.ThriftAccessLogger - Request ID: 17 access from: null principal: null operation: submitTopology
51747 [main] INFO  o.a.s.d.nimbus - Received topology submission for test with conf {"topology.max.task.parallelism" nil, "topology.submitter.principal" "", "topology.acker.executors" nil, "topology.eventlogger.executors" nil, "topology.workers" 3, "topology.message.timeout.secs" 40, "storm.zookeeper.superACL" nil, "topology.users" (), "topology.submitter.user" "travis", "topology.kryo.register" nil, "topology.kryo.decorators" (), "storm.id" "test-1-0", "topology.name" "test"}
51749 [main] INFO  o.a.s.d.nimbus - uploadedJar 
51751 [main] INFO  o.a.c.f.i.CuratorFrameworkImpl - Starting
51754 [main-EventThread] INFO  o.a.c.f.s.ConnectionStateManager - State change: CONNECTED
51756 [Curator-Framework-0] INFO  o.a.c.f.i.CuratorFrameworkImpl - backgroundOperationsLoop exiting
51757 [main] INFO  o.a.s.c.StormClusterStateImpl - set-path: /blobstore/test-1-0-stormconf.ser/testing-worker-linux-docker-1f676398-3369-linux-4.prod.travis-ci.org:6627-1
51761 [main] INFO  o.a.c.f.i.CuratorFrameworkImpl - Starting
51763 [main-EventThread] INFO  o.a.c.f.s.ConnectionStateManager - State change: CONNECTED
51764 [Curator-Framework-0] INFO  o.a.c.f.i.CuratorFrameworkImpl - backgroundOperationsLoop exiting
51765 [main] INFO  o.a.s.c.StormClusterStateImpl - set-path: /blobstore/test-1-0-stormcode.ser/testing-worker-linux-docker-1f676398-3369-linux-4.prod.travis-ci.org:6627-1
51769 [main] INFO  o.a.s.d.nimbus - desired replication count 1 achieved, current-replication-count for conf key = 1, current-replication-count for code key = 1, current-replication-count for jar key = 1
51777 [main] INFO  o.a.s.d.nimbus - Activating test: test-1-0
51784 [main] INFO  o.a.s.l.ThriftAccessLogger - Request ID: 17 access from: null principal: null operation: rebalance
51786 [main] INFO  o.a.s.d.nimbus - Delaying event :do-rebalance for 0 secs for test-1-0
51831 [timer] INFO  o.a.s.s.EvenScheduler - Available slots: [sup1:1, sup1:2, sup1:3, sup1:4, sup2:1, sup2:2]
51833 [timer] INFO  o.a.s.d.nimbus - Setting new assignment for topology id test-1-0: #org.apache.storm.daemon.common.Assignment{:master-code-dir "/tmp/5acd2ddf-4514-42c1-8d81-fa9fdf672c9d", :node->host {"sup1" "testing-worker-linux-docker-1f676398-3369-linux-4.prod.travis-ci.org", "sup2" "testing-worker-linux-docker-1f676398-3369-linux-4.prod.travis-ci.org"}, :executor->node+port {[8 8] ["sup2" 1], [2 2] ["sup2" 1], [7 7] ["sup1" 1], [3 3] ["sup1" 2], [1 1] ["sup1" 1], [6 6] ["sup1" 2], [9 9] ["sup1" 2], [5 5] ["sup2" 1], [10 10] ["sup1" 1], [4 4] ["sup1" 1]}, :executor->start-time-secs {[8 8] 1, [2 2] 1, [7 7] 1, [3 3] 1, [1 1] 1, [6 6] 1, [9 9] 1, [5 5] 1, [10 10] 1, [4 4] 1}, :worker->resources {["sup2" 1] [0.0 0.0 0.0], ["sup1" 1] [0.0 0.0 0.0], ["sup1" 2] [0.0 0.0 0.0]}}
51837 [Thread-273] INFO  o.a.s.d.s.SyncSupervisorEvent - Downloading code for storm id test-1-0.
51838 [Thread-273] INFO  o.a.c.f.i.CuratorFrameworkImpl - Starting
51838 [Thread-278] INFO  o.a.s.d.s.SyncSupervisorEvent - Downloading code for storm id test-1-0.
51838 [Thread-278] INFO  o.a.c.f.i.CuratorFrameworkImpl - Starting
51840 [Thread-273] INFO  o.a.s.b.FileBlobStoreImpl - Creating new blob store based in /tmp/5acd2ddf-4514-42c1-8d81-fa9fdf672c9d/blobs
51851 [Thread-278] INFO  o.a.s.b.FileBlobStoreImpl - Creating new blob store based in /tmp/5acd2ddf-4514-42c1-8d81-fa9fdf672c9d/blobs
51857 [Thread-278-EventThread] INFO  o.a.c.f.s.ConnectionStateManager - State change: CONNECTED
51860 [Thread-273] INFO  o.a.s.d.s.SyncSupervisorEvent - Copying resources at file:/home/travis/build/apache/storm/storm-core/target/test-classes/resources to /tmp/35668436-dc4b-403e-9db6-273baab6d33f/supervisor/stormdist/test-1-0/resources 
51860 [Thread-278] INFO  o.a.s.d.s.SyncSupervisorEvent - Copying resources at file:/home/travis/build/apache/storm/storm-core/target/test-classes/resources to /tmp/bebffc19-7e69-4e6f-a4fd-8927b9877f7a/supervisor/stormdist/test-1-0/resources 
51862 [Thread-278] INFO  o.a.s.d.s.SyncSupervisorEvent - Finished downloading code for storm id test-1-0
51863 [Thread-279] INFO  o.a.s.d.s.SyncProcessEvent - Launching worker with assignment LocalAssignment(topology_id:test-1-0, executors:[ExecutorInfo(task_start:8, task_end:8), ExecutorInfo(task_start:2, task_end:2), ExecutorInfo(task_start:5, task_end:5)], resources:WorkerResources(mem_on_heap:0.0, mem_off_heap:0.0, cpu:0.0)) for this supervisor sup2 on port 1 with id 8c9aeb38-e285-46f7-a784-d8ebd29e24a9
51863 [Thread-279] INFO  o.a.s.testing - mk-capture-launch-fn
51863 [Thread-279] INFO  o.a.s.u.ConfigUtils - SET worker-user 8c9aeb38-e285-46f7-a784-d8ebd29e24a9 
51864 [Thread-279] INFO  o.a.s.d.s.SyncProcessEvent - 8c9aeb38-e285-46f7-a784-d8ebd29e24a9 still hasn't started
51865 [Thread-273] INFO  o.a.s.d.s.SyncSupervisorEvent - Finished downloading code for storm id test-1-0
51866 [Thread-274] INFO  o.a.s.d.s.SyncProcessEvent - Launching worker with assignment LocalAssignment(topology_id:test-1-0, executors:[ExecutorInfo(task_start:10, task_end:10), ExecutorInfo(task_start:4, task_end:4), ExecutorInfo(task_start:7, task_end:7), ExecutorInfo(task_start:1, task_end:1)], resources:WorkerResources(mem_on_heap:0.0, mem_off_heap:0.0, cpu:0.0)) for this supervisor sup1 on port 1 with id 069c6590-c3cb-4878-b972-bb81ef8ff5a3
51866 [Thread-274] INFO  o.a.s.testing - mk-capture-launch-fn
51866 [Thread-274] INFO  o.a.s.u.ConfigUtils - SET worker-user 069c6590-c3cb-4878-b972-bb81ef8ff5a3 
51866 [Thread-274] INFO  o.a.s.d.s.SyncProcessEvent - Launching worker with assignment LocalAssignment(topology_id:test-1-0, executors:[ExecutorInfo(task_start:6, task_end:6), ExecutorInfo(task_start:3, task_end:3), ExecutorInfo(task_start:9, task_end:9)], resources:WorkerResources(mem_on_heap:0.0, mem_off_heap:0.0, cpu:0.0)) for this supervisor sup1 on port 2 with id 28cfcb86-e094-4dd6-9f8d-2c7240d5670d
51866 [Thread-274] INFO  o.a.s.testing - mk-capture-launch-fn
51866 [Thread-274] INFO  o.a.s.u.ConfigUtils - SET worker-user 28cfcb86-e094-4dd6-9f8d-2c7240d5670d 
51867 [Thread-274] INFO  o.a.s.d.s.SyncProcessEvent - 28cfcb86-e094-4dd6-9f8d-2c7240d5670d still hasn't started
51885 [Thread-279] INFO  o.a.s.d.s.SyncProcessEvent - 8c9aeb38-e285-46f7-a784-d8ebd29e24a9 still hasn't started
51888 [Thread-274] INFO  o.a.s.d.s.SyncProcessEvent - 28cfcb86-e094-4dd6-9f8d-2c7240d5670d still hasn't started
51909 [main] INFO  o.a.s.l.ThriftAccessLogger - Request ID: 17 access from: null principal: null operation: submitTopology
51918 [main] INFO  o.a.s.d.nimbus - Received topology submission for test2 with conf {"topology.max.task.parallelism" nil, "topology.submitter.principal" "", "topology.acker.executors" nil, "topology.eventlogger.executors" nil, "topology.workers" 2, "storm.zookeeper.superACL" nil, "topology.users" (), "topology.submitter.user" "travis", "topology.kryo.register" nil, "topology.kryo.decorators" (), "storm.id" "test2-2-2", "topology.name" "test2"}
51921 [main] INFO  o.a.s.d.nimbus - uploadedJar 
51923 [main] INFO  o.a.c.f.i.CuratorFrameworkImpl - Starting
51926 [main-EventThread] INFO  o.a.c.f.s.ConnectionStateManager - State change: CONNECTED
51927 [Curator-Framework-0] INFO  o.a.c.f.i.CuratorFrameworkImpl - backgroundOperationsLoop exiting
51928 [main] INFO  o.a.s.c.StormClusterStateImpl - set-path: /blobstore/test2-2-2-stormconf.ser/testing-worker-linux-docker-1f676398-3369-linux-4.prod.travis-ci.org:6627-1
51933 [main] INFO  o.a.c.f.i.CuratorFrameworkImpl - Starting
51936 [main-EventThread] INFO  o.a.c.f.s.ConnectionStateManager - State change: CONNECTED
51938 [Curator-Framework-0] INFO  o.a.c.f.i.CuratorFrameworkImpl - backgroundOperationsLoop exiting
51939 [main] INFO  o.a.s.c.StormClusterStateImpl - set-path: /blobstore/test2-2-2-stormcode.ser/testing-worker-linux-docker-1f676398-3369-linux-4.prod.travis-ci.org:6627-1
51942 [main] INFO  o.a.s.d.nimbus - desired replication count 1 achieved, current-replication-count for conf key = 1, current-replication-count for code key = 1, current-replication-count for jar key = 1
51950 [main] INFO  o.a.s.d.nimbus - Activating test2: test2-2-2
51957 [main] INFO  o.a.s.l.ThriftAccessLogger - Request ID: 17 access from: null principal: null operation: rebalance
51959 [main] INFO  o.a.s.d.nimbus - Delaying event :do-rebalance for 0 secs for test2-2-2
52040 [timer] INFO  o.a.s.s.EvenScheduler - Available slots: [sup1:3, sup1:4, sup2:2]
52042 [timer] INFO  o.a.s.d.nimbus - Setting new assignment for topology id test2-2-2: #org.apache.storm.daemon.common.Assignment{:master-code-dir "/tmp/5acd2ddf-4514-42c1-8d81-fa9fdf672c9d", :node->host {"sup1" "testing-worker-linux-docker-1f676398-3369-linux-4.prod.travis-ci.org", "sup2" "testing-worker-linux-docker-1f676398-3369-linux-4.prod.travis-ci.org"}, :executor->node+port {[7 7] ["sup1" 3], [6 6] ["sup2" 2], [5 5] ["sup1" 3], [4 4] ["sup2" 2], [3 3] ["sup1" 3], [2 2] ["sup2" 2], [1 1] ["sup1" 3]}, :executor->start-time-secs {[2 2] 3, [4 4] 3, [6 6] 3, [1 1] 3, [3 3] 3, [5 5] 3, [7 7] 3}, :worker->resources {["sup1" 3] [0.0 0.0 0.0], ["sup2" 2] [0.0 0.0 0.0]}}
52048 [Thread-278] INFO  o.a.s.d.s.SyncSupervisorEvent - Downloading code for storm id test2-2-2.
52049 [Thread-278] INFO  o.a.c.f.i.CuratorFrameworkImpl - Starting
52049 [Thread-273] INFO  o.a.s.d.s.SyncSupervisorEvent - Downloading code for storm id test2-2-2.
52050 [Thread-273] INFO  o.a.c.f.i.CuratorFrameworkImpl - Starting
52051 [Thread-278] INFO  o.a.s.b.FileBlobStoreImpl - Creating new blob store based in /tmp/5acd2ddf-4514-42c1-8d81-fa9fdf672c9d/blobs
52056 [Thread-273] INFO  o.a.s.b.FileBlobStoreImpl - Creating new blob store based in /tmp/5acd2ddf-4514-42c1-8d81-fa9fdf672c9d/blobs
52061 [Thread-278-EventThread] INFO  o.a.c.f.s.ConnectionStateManager - State change: CONNECTED
52063 [Thread-278] INFO  o.a.s.d.s.SyncSupervisorEvent - Copying resources at file:/home/travis/build/apache/storm/storm-core/target/test-classes/resources to /tmp/bebffc19-7e69-4e6f-a4fd-8927b9877f7a/supervisor/stormdist/test2-2-2/resources 
52064 [Thread-278] INFO  o.a.s.d.s.SyncSupervisorEvent - Finished downloading code for storm id test2-2-2
52066 [Thread-279] INFO  o.a.s.d.s.SyncProcessEvent - Launching worker with assignment LocalAssignment(topology_id:test2-2-2, executors:[ExecutorInfo(task_start:6, task_end:6), ExecutorInfo(task_start:4, task_end:4), ExecutorInfo(task_start:2, task_end:2)], resources:WorkerResources(mem_on_heap:0.0, mem_off_heap:0.0, cpu:0.0)) for this supervisor sup2 on port 2 with id ac873070-c568-470a-98c4-279e8aa8fcd0
52066 [Thread-279] INFO  o.a.s.testing - mk-capture-launch-fn
52066 [Thread-279] INFO  o.a.s.u.ConfigUtils - SET worker-user ac873070-c568-470a-98c4-279e8aa8fcd0 
52066 [Thread-279] INFO  o.a.s.d.s.SyncProcessEvent - ac873070-c568-470a-98c4-279e8aa8fcd0 still hasn't started
52067 [Thread-273] INFO  o.a.s.d.s.SyncSupervisorEvent - Copying resources at file:/home/travis/build/apache/storm/storm-core/target/test-classes/resources to /tmp/35668436-dc4b-403e-9db6-273baab6d33f/supervisor/stormdist/test2-2-2/resources 
52069 [Thread-273] INFO  o.a.s.d.s.SyncSupervisorEvent - Finished downloading code for storm id test2-2-2
52070 [Thread-274] INFO  o.a.s.d.s.SyncProcessEvent - Launching worker with assignment LocalAssignment(topology_id:test2-2-2, executors:[ExecutorInfo(task_start:7, task_end:7), ExecutorInfo(task_start:5, task_end:5), ExecutorInfo(task_start:3, task_end:3), ExecutorInfo(task_start:1, task_end:1)], resources:WorkerResources(mem_on_heap:0.0, mem_off_heap:0.0, cpu:0.0)) for this supervisor sup1 on port 3 with id 873de3ae-9867-4720-af66-33f8faedab2d
52070 [Thread-274] INFO  o.a.s.testing - mk-capture-launch-fn
52070 [Thread-274] INFO  o.a.s.u.ConfigUtils - SET worker-user 873de3ae-9867-4720-af66-33f8faedab2d 
52071 [Thread-274] INFO  o.a.s.d.s.SyncProcessEvent - 873de3ae-9867-4720-af66-33f8faedab2d still hasn't started
52077 [Thread-279] INFO  o.a.s.d.s.SyncProcessEvent - ac873070-c568-470a-98c4-279e8aa8fcd0 still hasn't started
52081 [Thread-274] INFO  o.a.s.d.s.SyncProcessEvent - 873de3ae-9867-4720-af66-33f8faedab2d still hasn't started
52108 [main] INFO  o.a.s.l.ThriftAccessLogger - Request ID: 17 access from: null principal: null operation: killTopology
52113 [main] INFO  o.a.s.d.nimbus - Delaying event :remove for 40 secs for test-1-0
52115 [main] INFO  o.a.s.d.nimbus - Adding topo to history log: test-1-0
52781 [timer] INFO  o.a.s.d.nimbus - Killing topology: test-1-0
52785 [Thread-278] INFO  o.a.s.d.s.SyncSupervisorEvent - Removing code for storm id test-1-0.
52787 [Thread-279] INFO  o.a.s.d.s.SyncProcessEvent - Shutting down and clearing state for id 8c9aeb38-e285-46f7-a784-d8ebd29e24a9, Current supervisor time: 44, State: DISALLOWED, Heartbeat: LSWorkerHeartbeat(time_secs:36, topology_id:test-1-0, executors:[ExecutorInfo(task_start:8, task_end:8), ExecutorInfo(task_start:2, task_end:2), ExecutorInfo(task_start:5, task_end:5)], port:1)
52787 [Thread-279] INFO  o.a.s.testing - mk-capture-shutdown-fn
52787 [Thread-279] INFO  o.a.s.d.s.w.DefaultWorkerManager - Shutting down sup2:8c9aeb38-e285-46f7-a784-d8ebd29e24a9
52787 [Thread-279] INFO  o.a.s.u.ConfigUtils - GET worker-user for 8c9aeb38-e285-46f7-a784-d8ebd29e24a9
52787 [Thread-279] INFO  o.a.s.d.s.w.DefaultWorkerManager - Shut down sup2:8c9aeb38-e285-46f7-a784-d8ebd29e24a9
52788 [Thread-279] INFO  o.a.s.u.ConfigUtils - REMOVE worker-user 8c9aeb38-e285-46f7-a784-d8ebd29e24a9
52790 [Thread-273] INFO  o.a.s.d.s.SyncSupervisorEvent - Removing code for storm id test-1-0.
52793 [Thread-274] INFO  o.a.s.d.s.SyncProcessEvent - Shutting down and clearing state for id 28cfcb86-e094-4dd6-9f8d-2c7240d5670d, Current supervisor time: 44, State: DISALLOWED, Heartbeat: LSWorkerHeartbeat(time_secs:36, topology_id:test-1-0, executors:[ExecutorInfo(task_start:3, task_end:3), ExecutorInfo(task_start:6, task_end:6), ExecutorInfo(task_start:9, task_end:9)], port:2)
52794 [Thread-274] INFO  o.a.s.testing - mk-capture-shutdown-fn
52794 [Thread-274] INFO  o.a.s.d.s.w.DefaultWorkerManager - Shutting down sup1:28cfcb86-e094-4dd6-9f8d-2c7240d5670d
52794 [Thread-274] INFO  o.a.s.u.ConfigUtils - GET worker-user for 28cfcb86-e094-4dd6-9f8d-2c7240d5670d
52794 [Thread-274] INFO  o.a.s.d.s.w.DefaultWorkerManager - Shut down sup1:28cfcb86-e094-4dd6-9f8d-2c7240d5670d
52796 [Thread-274] INFO  o.a.s.u.ConfigUtils - REMOVE worker-user 28cfcb86-e094-4dd6-9f8d-2c7240d5670d
52797 [Thread-274] INFO  o.a.s.d.s.SyncProcessEvent - Shutting down and clearing state for id 069c6590-c3cb-4878-b972-bb81ef8ff5a3, Current supervisor time: 44, State: DISALLOWED, Heartbeat: LSWorkerHeartbeat(time_secs:36, topology_id:test-1-0, executors:[ExecutorInfo(task_start:7, task_end:7), ExecutorInfo(task_start:1, task_end:1), ExecutorInfo(task_start:10, task_end:10), ExecutorInfo(task_start:4, task_end:4)], port:1)
52797 [Thread-274] INFO  o.a.s.testing - mk-capture-shutdown-fn
52797 [Thread-274] INFO  o.a.s.d.s.w.DefaultWorkerManager - Shutting down sup1:069c6590-c3cb-4878-b972-bb81ef8ff5a3
52797 [Thread-274] INFO  o.a.s.u.ConfigUtils - GET worker-user for 069c6590-c3cb-4878-b972-bb81ef8ff5a3
52797 [Thread-274] INFO  o.a.s.d.s.w.DefaultWorkerManager - Shut down sup1:069c6590-c3cb-4878-b972-bb81ef8ff5a3
52799 [Thread-274] INFO  o.a.s.u.ConfigUtils - REMOVE worker-user 069c6590-c3cb-4878-b972-bb81ef8ff5a3
52801 [Thread-274] INFO  o.a.s.d.s.SyncProcessEvent - Shutting down and clearing state for id 28cfcb86-e094-4dd6-9f8d-2c7240d5670d, Current supervisor time: 44, State: NOT_STARTED, Heartbeat: null
52801 [Thread-274] INFO  o.a.s.testing - mk-capture-shutdown-fn
52801 [Thread-274] INFO  o.a.s.d.s.w.DefaultWorkerManager - Shutting down sup1:28cfcb86-e094-4dd6-9f8d-2c7240d5670d
52801 [Thread-274] INFO  o.a.s.u.ConfigUtils - GET worker-user for 28cfcb86-e094-4dd6-9f8d-2c7240d5670d
52801 [Thread-274] ERROR o.a.s.u.ConfigUtils - Failed to get worker user for 28cfcb86-e094-4dd6-9f8d-2c7240d5670d.
52801 [Thread-274] INFO  o.a.s.d.s.w.DefaultWorkerManager - Shut down sup1:28cfcb86-e094-4dd6-9f8d-2c7240d5670d
52802 [Thread-274] INFO  o.a.s.u.ConfigUtils - REMOVE worker-user 28cfcb86-e094-4dd6-9f8d-2c7240d5670d
            
--------------------------------------------------
Checking ./storm-core/target/test-reports/org.apache.storm.security.auth.AuthUtils-test.xml
Checking ./storm-core/target/test-reports/org.apache.storm.security.auth.nimbus-auth-test.xml
Checking ./storm-core/target/test-reports/integration.org.apache.storm.testing4j-test.xml
Checking ./storm-core/target/test-reports/org.apache.storm.logviewer-test.xml
Checking ./storm-core/target/test-reports/org.apache.storm.serialization.SerializationFactory-test.xml
Checking ./storm-core/target/test-reports/org.apache.storm.trident.state-test.xml
Checking ./storm-core/target/test-reports/org.apache.storm.clojure-test.xml
Checking ./storm-core/target/test-reports/org.apache.storm.security.auth.ThriftServer-test.xml
Checking ./storm-core/target/test-reports/org.apache.storm.drpc-test.xml
Checking ./storm-core/target/test-reports/org.apache.storm.worker-test.xml
Checking ./storm-core/target/test-reports/org.apache.storm.security.auth.ReqContext-test.xml
Checking ./storm-core/target/test-reports/org.apache.storm.fields-test.xml
Checking ./storm-core/target/test-reports/org.apache.storm.security.auth.auth-test.xml
Checking ./storm-core/target/test-reports/org.apache.storm.messaging-test.xml
Checking ./storm-core/target/test-reports/org.apache.storm.submitter-test.xml
Checking ./storm-core/target/test-reports/integration.org.apache.storm.integration-test.xml
Checking ./storm-core/target/test-reports/org.apache.storm.security.auth.authorizer.DRPCSimpleACLAuthorizer-test.xml
Checking ./storm-core/target/test-reports/org.apache.storm.metrics-test.xml
Checking ./storm-core/target/test-reports/org.apache.storm.security.auth.ThriftClient-test.xml
Checking ./storm-core/target/test-reports/org.apache.storm.scheduler-test.xml
Checking ./storm-core/target/test-reports/org.apache.storm.security.auth.SaslTransportPlugin-test.xml
Checking ./storm-core/target/test-reports/org.apache.storm.local-state-test.xml
Checking ./storm-core/target/test-reports/org.apache.storm.messaging.netty-unit-test.xml
Checking ./storm-core/target/test-reports/org.apache.storm.tuple-test.xml
Checking ./storm-core/target/test-reports/org.apache.storm.messaging.netty-integration-test.xml
Checking ./storm-core/target/test-reports/org.apache.storm.tick-tuple-test.xml
Checking ./storm-core/target/test-reports/integration.org.apache.storm.trident.integration-test.xml
Checking ./storm-core/target/test-reports/org.apache.storm.grouping-test.xml
Checking ./storm-core/target/test-reports/org.apache.storm.security.serialization.BlowfishTupleSerializer-test.xml
Checking ./storm-core/target/test-reports/org.apache.storm.nimbus-test.xml
Checking ./storm-core/target/test-reports/org.apache.storm.subtopology-test.xml
Checking ./storm-core/target/test-reports/org.apache.storm.cluster-test.xml

travis_time:end:01e6985c:start=1463734292462145863,finish=1463734669187641815,duration=376725495952[0K
[31;1mThe command "/bin/bash ./dev-tools/travis/travis-script.sh `pwd` $MODULES" exited with 1.[0m
travis_fold:start:cache.2[0Kstore build cache
travis_time:start:12758af0[0K
travis_time:end:12758af0:start=1463734669193323943,finish=1463734669198164699,duration=4840756[0Ktravis_time:start:02c24ad2[0K[32;1mchange detected:
/home/travis/.m2/repository/eigenbase/eigenbase-properties/1.1.4/eigenbase-properties-1.1.4.pom.lastUpdated
/home/travis/.m2/repository/io/confluent/kafka-avro-serializer/1.0/kafka-avro-serializer-1.0.pom.lastUpdated
/home/travis/.m2/repository/io/confluent/kafka-schema-registry-client/1.0/kafka-schema-registry-client-1.0.pom.lastUpdated
/home/travis/.m2/repository/net/hydromatic/linq4j/0.4/linq4j-0.4.pom.lastUpdated
/home/travis/.m2/repository/net/hydromatic/quidem/0.1.1/quidem-0.1.1.pom.lastUpdated
/home/travis/.m2/repository/org/apache/storm/flux/2.0.0-SNAPSHOT/maven-metadata-local.xml
/home/travis/.m2/repository/org/apache/storm/flux/2.0.0-SNAPSHOT/_remote.repositories
/home/travis/.m2/repository/org/apache/storm/flux-core/2.0.0-SNAPSHOT/flux-core-2.0.0-SNAPSHOT.jar
/home/travis/.m2/repository/org/apache/storm/flux-core/2.0.0-SNAPSHOT/maven-metadata-local.xml
/home/travis/.m2/repository/org/apache/storm/flux-core/2.0.0-SNAPSHOT/_remote.repositories
/home/travis/.m2/repository/org/ap
[0m
[32;1m...
[0m
[32;1mchanges detected, packing new archive[0m
.
.
.
.
.
.
.
[32;1muploading archive[0m

travis_time:end:02c24ad2:start=1463734669202791837,finish=1463734737343223172,duration=68140431335[0Ktravis_fold:end:cache.2[0K
Done. Your build exited with 1.
