Using worker: worker-linux-docker-8b76b473.prod.travis-ci.org:travis-linux-11

travis_fold:start:system_info[0K[33;1mBuild system information[0m
Build language: java
Build group: stable
Build dist: precise
[34m[1mBuild image provisioning date and time[0m
Thu Feb  5 15:09:33 UTC 2015
[34m[1mOperating System Details[0m
Distributor ID:	Ubuntu
Description:	Ubuntu 12.04.5 LTS
Release:	12.04
Codename:	precise
[34m[1mLinux Version[0m
3.13.0-29-generic
[34m[1mCookbooks Version[0m
a68419e https://github.com/travis-ci/travis-cookbooks/tree/a68419e
[34m[1mGCC version[0m
gcc (Ubuntu/Linaro 4.6.3-1ubuntu5) 4.6.3
Copyright (C) 2011 Free Software Foundation, Inc.
This is free software; see the source for copying conditions.  There is NO
warranty; not even for MERCHANTABILITY or FITNESS FOR A PARTICULAR PURPOSE.

[34m[1mLLVM version[0m
clang version 3.4 (tags/RELEASE_34/final)
Target: x86_64-unknown-linux-gnu
Thread model: posix
[34m[1mPre-installed Ruby versions[0m
ruby-1.9.3-p551
[34m[1mPre-installed Node.js versions[0m
v0.10.36
[34m[1mPre-installed Go versions[0m
1.4.1
[34m[1mRedis version[0m
redis-server 2.8.19
[34m[1mriak version[0m
2.0.2
[34m[1mMongoDB version[0m
MongoDB 2.4.12
[34m[1mCouchDB version[0m
couchdb 1.6.1
[34m[1mNeo4j version[0m
1.9.4
[34m[1mRabbitMQ Version[0m
3.4.3
[34m[1mElasticSearch version[0m
1.4.0
[34m[1mInstalled Sphinx versions[0m
2.0.10
2.1.9
2.2.6
[34m[1mDefault Sphinx version[0m
2.2.6
[34m[1mInstalled Firefox version[0m
firefox 31.0esr
[34m[1mPhantomJS version[0m
1.9.8
[34m[1mant -version[0m
Apache Ant(TM) version 1.8.2 compiled on December 3 2011
[34m[1mmvn -version[0m
Apache Maven 3.2.5 (12a6b3acb947671f09b81f49094c53f426d8cea1; 2014-12-14T17:29:23+00:00)
Maven home: /usr/local/maven
Java version: 1.7.0_76, vendor: Oracle Corporation
Java home: /usr/lib/jvm/java-7-oracle/jre
Default locale: en_US, platform encoding: ANSI_X3.4-1968
OS name: "linux", version: "3.13.0-29-generic", arch: "amd64", family: "unix"
travis_fold:end:system_info[0K
travis_fold:start:fix.CVE-2015-7547[0K$ export DEBIAN_FRONTEND=noninteractive
W: Size of file /var/lib/apt/lists/us.archive.ubuntu.com_ubuntu_dists_precise-backports_multiverse_source_Sources.gz is not what the server reported 5886 5888
W: Size of file /var/lib/apt/lists/ppa.launchpad.net_ubuntugis_ppa_ubuntu_dists_precise_main_binary-amd64_Packages.gz is not what the server reported 36669 36677
W: Size of file /var/lib/apt/lists/ppa.launchpad.net_ubuntugis_ppa_ubuntu_dists_precise_main_binary-i386_Packages.gz is not what the server reported 36729 36733
Reading package lists...
Building dependency tree...
Reading state information...
The following extra packages will be installed:
  libc-bin libc-dev-bin libc6-dev
Suggested packages:
  glibc-doc
The following packages will be upgraded:
  libc-bin libc-dev-bin libc6 libc6-dev
4 upgraded, 0 newly installed, 0 to remove and 238 not upgraded.
Need to get 8,840 kB of archives.
After this operation, 14.3 kB disk space will be freed.
Get:1 http://us.archive.ubuntu.com/ubuntu/ precise-updates/main libc6-dev amd64 2.15-0ubuntu10.15 [2,943 kB]
Get:2 http://us.archive.ubuntu.com/ubuntu/ precise-updates/main libc-dev-bin amd64 2.15-0ubuntu10.15 [84.7 kB]
Get:3 http://us.archive.ubuntu.com/ubuntu/ precise-updates/main libc-bin amd64 2.15-0ubuntu10.15 [1,177 kB]
Get:4 http://us.archive.ubuntu.com/ubuntu/ precise-updates/main libc6 amd64 2.15-0ubuntu10.15 [4,636 kB]
Fetched 8,840 kB in 0s (25.9 MB/s)
Preconfiguring packages ...
(Reading database ... (Reading database ... 5%(Reading database ... 10%(Reading database ... 15%(Reading database ... 20%(Reading database ... 25%(Reading database ... 30%(Reading database ... 35%(Reading database ... 40%(Reading database ... 45%(Reading database ... 50%(Reading database ... 55%(Reading database ... 60%(Reading database ... 65%(Reading database ... 70%(Reading database ... 75%(Reading database ... 80%(Reading database ... 85%(Reading database ... 90%(Reading database ... 95%(Reading database ... 100%(Reading database ... 72019 files and directories currently installed.)
Preparing to replace libc6-dev 2.15-0ubuntu10.10 (using .../libc6-dev_2.15-0ubuntu10.15_amd64.deb) ...
Unpacking replacement libc6-dev ...
Preparing to replace libc-dev-bin 2.15-0ubuntu10.10 (using .../libc-dev-bin_2.15-0ubuntu10.15_amd64.deb) ...
Unpacking replacement libc-dev-bin ...
Preparing to replace libc-bin 2.15-0ubuntu10.10 (using .../libc-bin_2.15-0ubuntu10.15_amd64.deb) ...
Unpacking replacement libc-bin ...
Processing triggers for man-db ...
Setting up libc-bin (2.15-0ubuntu10.15) ...
(Reading database ... (Reading database ... 5%(Reading database ... 10%(Reading database ... 15%(Reading database ... 20%(Reading database ... 25%(Reading database ... 30%(Reading database ... 35%(Reading database ... 40%(Reading database ... 45%(Reading database ... 50%(Reading database ... 55%(Reading database ... 60%(Reading database ... 65%(Reading database ... 70%(Reading database ... 75%(Reading database ... 80%(Reading database ... 85%(Reading database ... 90%(Reading database ... 95%(Reading database ... 100%(Reading database ... 72018 files and directories currently installed.)
Preparing to replace libc6 2.15-0ubuntu10.10 (using .../libc6_2.15-0ubuntu10.15_amd64.deb) ...
Unpacking replacement libc6 ...
Setting up libc6 (2.15-0ubuntu10.15) ...
Setting up libc-dev-bin (2.15-0ubuntu10.15) ...
Setting up libc6-dev (2.15-0ubuntu10.15) ...
Processing triggers for libc-bin ...
ldconfig deferred processing now taking place
travis_fold:end:fix.CVE-2015-7547[0Ktravis_fold:start:git.checkout[0Ktravis_time:start:014b0f22[0K$ git clone --depth=50 https://github.com/apache/storm.git apache/storm
Cloning into 'apache/storm'...
remote: Counting objects: 20413, done.[K
remote: Compressing objects:   0% (1/8148)   [Kremote: Compressing objects:   1% (82/8148)   [Kremote: Compressing objects:   2% (163/8148)   [Kremote: Compressing objects:   3% (245/8148)   [Kremote: Compressing objects:   4% (326/8148)   [Kremote: Compressing objects:   5% (408/8148)   [Kremote: Compressing objects:   6% (489/8148)   [Kremote: Compressing objects:   7% (571/8148)   [Kremote: Compressing objects:   8% (652/8148)   [Kremote: Compressing objects:   9% (734/8148)   [Kremote: Compressing objects:  10% (815/8148)   [Kremote: Compressing objects:  11% (897/8148)   [Kremote: Compressing objects:  12% (978/8148)   [Kremote: Compressing objects:  13% (1060/8148)   [Kremote: Compressing objects:  14% (1141/8148)   [Kremote: Compressing objects:  15% (1223/8148)   [Kremote: Compressing objects:  16% (1304/8148)   [Kremote: Compressing objects:  17% (1386/8148)   [Kremote: Compressing objects:  18% (1467/8148)   [Kremote: Compressing objects:  19% (1549/8148)   [Kremote: Compressing objects:  20% (1630/8148)   [Kremote: Compressing objects:  21% (1712/8148)   [Kremote: Compressing objects:  22% (1793/8148)   [Kremote: Compressing objects:  23% (1875/8148)   [Kremote: Compressing objects:  24% (1956/8148)   [Kremote: Compressing objects:  25% (2037/8148)   [Kremote: Compressing objects:  26% (2119/8148)   [Kremote: Compressing objects:  27% (2200/8148)   [Kremote: Compressing objects:  28% (2282/8148)   [Kremote: Compressing objects:  29% (2363/8148)   [Kremote: Compressing objects:  30% (2445/8148)   [Kremote: Compressing objects:  31% (2526/8148)   [Kremote: Compressing objects:  32% (2608/8148)   [Kremote: Compressing objects:  33% (2689/8148)   [Kremote: Compressing objects:  34% (2771/8148)   [Kremote: Compressing objects:  35% (2852/8148)   [Kremote: Compressing objects:  36% (2934/8148)   [Kremote: Compressing objects:  37% (3015/8148)   [Kremote: Compressing objects:  38% (3097/8148)   [Kremote: Compressing objects:  39% (3178/8148)   [Kremote: Compressing objects:  40% (3260/8148)   [Kremote: Compressing objects:  41% (3341/8148)   [Kremote: Compressing objects:  42% (3423/8148)   [Kremote: Compressing objects:  43% (3504/8148)   [Kremote: Compressing objects:  44% (3586/8148)   [Kremote: Compressing objects:  45% (3667/8148)   [Kremote: Compressing objects:  46% (3749/8148)   [Kremote: Compressing objects:  47% (3830/8148)   [Kremote: Compressing objects:  48% (3912/8148)   [Kremote: Compressing objects:  49% (3993/8148)   [Kremote: Compressing objects:  50% (4074/8148)   [Kremote: Compressing objects:  51% (4156/8148)   [Kremote: Compressing objects:  52% (4237/8148)   [Kremote: Compressing objects:  53% (4319/8148)   [Kremote: Compressing objects:  54% (4400/8148)   [Kremote: Compressing objects:  55% (4482/8148)   [Kremote: Compressing objects:  56% (4563/8148)   [Kremote: Compressing objects:  57% (4645/8148)   [Kremote: Compressing objects:  58% (4726/8148)   [Kremote: Compressing objects:  59% (4808/8148)   [Kremote: Compressing objects:  60% (4889/8148)   [Kremote: Compressing objects:  61% (4971/8148)   [Kremote: Compressing objects:  62% (5052/8148)   [Kremote: Compressing objects:  63% (5134/8148)   [Kremote: Compressing objects:  64% (5215/8148)   [Kremote: Compressing objects:  65% (5297/8148)   [Kremote: Compressing objects:  66% (5378/8148)   [Kremote: Compressing objects:  67% (5460/8148)   [Kremote: Compressing objects:  68% (5541/8148)   [Kremote: Compressing objects:  69% (5623/8148)   [Kremote: Compressing objects:  70% (5704/8148)   [Kremote: Compressing objects:  71% (5786/8148)   [Kremote: Compressing objects:  72% (5867/8148)   [Kremote: Compressing objects:  73% (5949/8148)   [Kremote: Compressing objects:  74% (6030/8148)   [Kremote: Compressing objects:  75% (6111/8148)   [Kremote: Compressing objects:  76% (6193/8148)   [Kremote: Compressing objects:  77% (6274/8148)   [Kremote: Compressing objects:  78% (6356/8148)   [Kremote: Compressing objects:  79% (6437/8148)   [Kremote: Compressing objects:  80% (6519/8148)   [Kremote: Compressing objects:  81% (6600/8148)   [Kremote: Compressing objects:  82% (6682/8148)   [Kremote: Compressing objects:  83% (6763/8148)   [Kremote: Compressing objects:  84% (6845/8148)   [Kremote: Compressing objects:  85% (6926/8148)   [Kremote: Compressing objects:  86% (7008/8148)   [Kremote: Compressing objects:  87% (7089/8148)   [Kremote: Compressing objects:  88% (7171/8148)   [Kremote: Compressing objects:  89% (7252/8148)   [Kremote: Compressing objects:  90% (7334/8148)   [Kremote: Compressing objects:  91% (7415/8148)   [Kremote: Compressing objects:  92% (7497/8148)   [Kremote: Compressing objects:  93% (7578/8148)   [Kremote: Compressing objects:  94% (7660/8148)   [Kremote: Compressing objects:  95% (7741/8148)   [Kremote: Compressing objects:  96% (7823/8148)   [Kremote: Compressing objects:  97% (7904/8148)   [Kremote: Compressing objects:  98% (7986/8148)   [Kremote: Compressing objects:  99% (8067/8148)   [Kremote: Compressing objects: 100% (8148/8148)   [Kremote: Compressing objects: 100% (8148/8148), done.[K
Receiving objects:   0% (1/20413)   Receiving objects:   1% (205/20413)   Receiving objects:   2% (409/20413)   Receiving objects:   3% (613/20413)   Receiving objects:   4% (817/20413)   Receiving objects:   5% (1021/20413)   Receiving objects:   6% (1225/20413)   Receiving objects:   7% (1429/20413)   Receiving objects:   8% (1634/20413)   Receiving objects:   9% (1838/20413)   Receiving objects:  10% (2042/20413)   Receiving objects:  11% (2246/20413)   Receiving objects:  12% (2450/20413)   Receiving objects:  13% (2654/20413)   Receiving objects:  14% (2858/20413)   Receiving objects:  15% (3062/20413)   Receiving objects:  16% (3267/20413)   Receiving objects:  17% (3471/20413)   Receiving objects:  18% (3675/20413)   Receiving objects:  19% (3879/20413)   Receiving objects:  20% (4083/20413)   Receiving objects:  21% (4287/20413)   Receiving objects:  22% (4491/20413)   Receiving objects:  23% (4695/20413)   Receiving objects:  24% (4900/20413)   Receiving objects:  25% (5104/20413)   Receiving objects:  26% (5308/20413)   Receiving objects:  27% (5512/20413)   Receiving objects:  28% (5716/20413)   Receiving objects:  29% (5920/20413)   Receiving objects:  30% (6124/20413)   Receiving objects:  31% (6329/20413)   Receiving objects:  32% (6533/20413)   Receiving objects:  33% (6737/20413)   Receiving objects:  34% (6941/20413)   Receiving objects:  35% (7145/20413)   Receiving objects:  36% (7349/20413)   Receiving objects:  37% (7553/20413)   Receiving objects:  38% (7757/20413)   Receiving objects:  39% (7962/20413)   Receiving objects:  40% (8166/20413)   Receiving objects:  41% (8370/20413)   Receiving objects:  42% (8574/20413)   Receiving objects:  43% (8778/20413), 10.19 MiB | 20.33 MiB/s   Receiving objects:  44% (8982/20413), 10.19 MiB | 20.33 MiB/s   Receiving objects:  45% (9186/20413), 10.19 MiB | 20.33 MiB/s   Receiving objects:  46% (9390/20413), 10.19 MiB | 20.33 MiB/s   Receiving objects:  47% (9595/20413), 10.19 MiB | 20.33 MiB/s   Receiving objects:  48% (9799/20413), 10.19 MiB | 20.33 MiB/s   Receiving objects:  49% (10003/20413), 10.19 MiB | 20.33 MiB/s   Receiving objects:  50% (10207/20413), 10.19 MiB | 20.33 MiB/s   Receiving objects:  51% (10411/20413), 10.19 MiB | 20.33 MiB/s   Receiving objects:  52% (10615/20413), 10.19 MiB | 20.33 MiB/s   Receiving objects:  53% (10819/20413), 10.19 MiB | 20.33 MiB/s   Receiving objects:  54% (11024/20413), 10.19 MiB | 20.33 MiB/s   Receiving objects:  55% (11228/20413), 10.19 MiB | 20.33 MiB/s   Receiving objects:  56% (11432/20413), 10.19 MiB | 20.33 MiB/s   Receiving objects:  57% (11636/20413), 10.19 MiB | 20.33 MiB/s   Receiving objects:  58% (11840/20413), 10.19 MiB | 20.33 MiB/s   Receiving objects:  59% (12044/20413), 10.19 MiB | 20.33 MiB/s   Receiving objects:  60% (12248/20413), 10.19 MiB | 20.33 MiB/s   Receiving objects:  61% (12452/20413), 10.19 MiB | 20.33 MiB/s   Receiving objects:  62% (12657/20413), 10.19 MiB | 20.33 MiB/s   Receiving objects:  63% (12861/20413), 10.19 MiB | 20.33 MiB/s   Receiving objects:  64% (13065/20413), 10.19 MiB | 20.33 MiB/s   Receiving objects:  65% (13269/20413), 10.19 MiB | 20.33 MiB/s   Receiving objects:  66% (13473/20413), 10.19 MiB | 20.33 MiB/s   Receiving objects:  67% (13677/20413), 10.19 MiB | 20.33 MiB/s   Receiving objects:  68% (13881/20413), 10.19 MiB | 20.33 MiB/s   Receiving objects:  69% (14085/20413), 10.19 MiB | 20.33 MiB/s   Receiving objects:  70% (14290/20413), 10.19 MiB | 20.33 MiB/s   Receiving objects:  71% (14494/20413), 10.19 MiB | 20.33 MiB/s   Receiving objects:  72% (14698/20413), 10.19 MiB | 20.33 MiB/s   Receiving objects:  73% (14902/20413), 10.19 MiB | 20.33 MiB/s   Receiving objects:  74% (15106/20413), 10.19 MiB | 20.33 MiB/s   Receiving objects:  75% (15310/20413), 10.19 MiB | 20.33 MiB/s   Receiving objects:  76% (15514/20413), 10.19 MiB | 20.33 MiB/s   Receiving objects:  77% (15719/20413), 10.19 MiB | 20.33 MiB/s   Receiving objects:  78% (15923/20413), 10.19 MiB | 20.33 MiB/s   Receiving objects:  79% (16127/20413), 10.19 MiB | 20.33 MiB/s   Receiving objects:  80% (16331/20413), 10.19 MiB | 20.33 MiB/s   Receiving objects:  81% (16535/20413), 10.19 MiB | 20.33 MiB/s   Receiving objects:  82% (16739/20413), 10.19 MiB | 20.33 MiB/s   Receiving objects:  83% (16943/20413), 10.19 MiB | 20.33 MiB/s   Receiving objects:  84% (17147/20413), 10.19 MiB | 20.33 MiB/s   Receiving objects:  85% (17352/20413), 10.19 MiB | 20.33 MiB/s   Receiving objects:  86% (17556/20413), 10.19 MiB | 20.33 MiB/s   Receiving objects:  87% (17760/20413), 10.19 MiB | 20.33 MiB/s   Receiving objects:  88% (17964/20413), 10.19 MiB | 20.33 MiB/s   Receiving objects:  89% (18168/20413), 10.19 MiB | 20.33 MiB/s   Receiving objects:  90% (18372/20413), 10.19 MiB | 20.33 MiB/s   Receiving objects:  91% (18576/20413), 10.19 MiB | 20.33 MiB/s   Receiving objects:  92% (18780/20413), 10.19 MiB | 20.33 MiB/s   Receiving objects:  93% (18985/20413), 10.19 MiB | 20.33 MiB/s   Receiving objects:  94% (19189/20413), 10.19 MiB | 20.33 MiB/s   Receiving objects:  95% (19393/20413), 10.19 MiB | 20.33 MiB/s   Receiving objects:  96% (19597/20413), 10.19 MiB | 20.33 MiB/s   Receiving objects:  97% (19801/20413), 10.19 MiB | 20.33 MiB/s   Receiving objects:  98% (20005/20413), 10.19 MiB | 20.33 MiB/s   Receiving objects:  99% (20209/20413), 10.19 MiB | 20.33 MiB/s   remote: Total 20413 (delta 9914), reused 17711 (delta 7793), pack-reused 0[K
Receiving objects: 100% (20413/20413), 10.19 MiB | 20.33 MiB/s   Receiving objects: 100% (20413/20413), 17.17 MiB | 20.33 MiB/s, done.
Resolving deltas:   0% (0/9914)   Resolving deltas:   1% (111/9914)   Resolving deltas:   2% (212/9914)   Resolving deltas:   3% (333/9914)   Resolving deltas:   4% (397/9914)   Resolving deltas:   5% (496/9914)   Resolving deltas:   6% (605/9914)   Resolving deltas:   7% (719/9914)   Resolving deltas:   8% (794/9914)   Resolving deltas:   9% (895/9914)   Resolving deltas:  10% (992/9914)   Resolving deltas:  11% (1094/9914)   Resolving deltas:  12% (1191/9914)   Resolving deltas:  13% (1304/9914)   Resolving deltas:  14% (1388/9914)   Resolving deltas:  15% (1490/9914)   Resolving deltas:  16% (1594/9914)   Resolving deltas:  17% (1686/9914)   Resolving deltas:  18% (1791/9914)   Resolving deltas:  19% (1890/9914)   Resolving deltas:  20% (1985/9914)   Resolving deltas:  21% (2089/9914)   Resolving deltas:  22% (2187/9914)   Resolving deltas:  24% (2416/9914)   Resolving deltas:  25% (2484/9914)   Resolving deltas:  26% (2613/9914)   Resolving deltas:  27% (2712/9914)   Resolving deltas:  28% (2789/9914)   Resolving deltas:  29% (2882/9914)   Resolving deltas:  30% (2976/9914)   Resolving deltas:  31% (3141/9914)   Resolving deltas:  32% (3180/9914)   Resolving deltas:  33% (3273/9914)   Resolving deltas:  34% (3373/9914)   Resolving deltas:  35% (3472/9914)   Resolving deltas:  36% (3578/9914)   Resolving deltas:  37% (3679/9914)   Resolving deltas:  38% (3768/9914)   Resolving deltas:  39% (3870/9914)   Resolving deltas:  40% (3967/9914)   Resolving deltas:  41% (4070/9914)   Resolving deltas:  42% (4164/9914)   Resolving deltas:  43% (4265/9914)   Resolving deltas:  44% (4363/9914)   Resolving deltas:  45% (4471/9914)   Resolving deltas:  46% (4563/9914)   Resolving deltas:  47% (4664/9914)   Resolving deltas:  48% (4761/9914)   Resolving deltas:  49% (4860/9914)   Resolving deltas:  50% (4957/9914)   Resolving deltas:  51% (5074/9914)   Resolving deltas:  52% (5162/9914)   Resolving deltas:  53% (5257/9914)   Resolving deltas:  54% (5373/9914)   Resolving deltas:  55% (5483/9914)   Resolving deltas:  56% (5566/9914)   Resolving deltas:  57% (5652/9914)   Resolving deltas:  58% (5759/9914)   Resolving deltas:  59% (5850/9914)   Resolving deltas:  60% (5977/9914)   Resolving deltas:  61% (6079/9914)   Resolving deltas:  62% (6181/9914)   Resolving deltas:  65% (6445/9914)   Resolving deltas:  66% (6607/9914)   Resolving deltas:  68% (6761/9914)   Resolving deltas:  69% (6844/9914)   Resolving deltas:  70% (6942/9914)   Resolving deltas:  71% (7062/9914)   Resolving deltas:  72% (7215/9914)   Resolving deltas:  76% (7575/9914)   Resolving deltas:  77% (7634/9914)   Resolving deltas:  78% (7744/9914)   Resolving deltas:  79% (7834/9914)   Resolving deltas:  80% (7933/9914)   Resolving deltas:  81% (8031/9914)   Resolving deltas:  82% (8133/9914)   Resolving deltas:  83% (8284/9914)   Resolving deltas:  84% (8366/9914)   Resolving deltas:  86% (8556/9914)   Resolving deltas:  87% (8704/9914)   Resolving deltas:  88% (8726/9914)   Resolving deltas:  89% (8826/9914)   Resolving deltas:  90% (8923/9914)   Resolving deltas:  91% (9026/9914)   Resolving deltas:  92% (9121/9914)   Resolving deltas:  93% (9227/9914)   Resolving deltas:  94% (9323/9914)   Resolving deltas:  95% (9419/9914)   Resolving deltas:  96% (9535/9914)   Resolving deltas:  97% (9617/9914)   Resolving deltas:  98% (9784/9914)   Resolving deltas:  99% (9818/9914)   Resolving deltas: 100% (9914/9914)   Resolving deltas: 100% (9914/9914), done.
Checking connectivity... done.

travis_time:end:014b0f22:start=1464295261000658864,finish=1464295264436402322,duration=3435743458[0K$ cd apache/storm
travis_time:start:04e0a890[0K$ git fetch origin +refs/pull/1448/merge:
remote: Counting objects: 3656, done.[K
remote: Compressing objects:   0% (1/1609)   [Kremote: Compressing objects:   1% (17/1609)   [Kremote: Compressing objects:   2% (33/1609)   [Kremote: Compressing objects:   3% (49/1609)   [Kremote: Compressing objects:   4% (65/1609)   [Kremote: Compressing objects:   5% (81/1609)   [Kremote: Compressing objects:   6% (97/1609)   [Kremote: Compressing objects:   7% (113/1609)   [Kremote: Compressing objects:   8% (129/1609)   [Kremote: Compressing objects:   9% (145/1609)   [Kremote: Compressing objects:  10% (161/1609)   [Kremote: Compressing objects:  11% (177/1609)   [Kremote: Compressing objects:  12% (194/1609)   [Kremote: Compressing objects:  13% (210/1609)   [Kremote: Compressing objects:  14% (226/1609)   [Kremote: Compressing objects:  15% (242/1609)   [Kremote: Compressing objects:  16% (258/1609)   [Kremote: Compressing objects:  17% (274/1609)   [Kremote: Compressing objects:  18% (290/1609)   [Kremote: Compressing objects:  19% (306/1609)   [Kremote: Compressing objects:  20% (322/1609)   [Kremote: Compressing objects:  21% (338/1609)   [Kremote: Compressing objects:  22% (354/1609)   [Kremote: Compressing objects:  23% (371/1609)   [Kremote: Compressing objects:  24% (387/1609)   [Kremote: Compressing objects:  25% (403/1609)   [Kremote: Compressing objects:  26% (419/1609)   [Kremote: Compressing objects:  27% (435/1609)   [Kremote: Compressing objects:  28% (451/1609)   [Kremote: Compressing objects:  29% (467/1609)   [Kremote: Compressing objects:  30% (483/1609)   [Kremote: Compressing objects:  31% (499/1609)   [Kremote: Compressing objects:  32% (515/1609)   [Kremote: Compressing objects:  33% (531/1609)   [Kremote: Compressing objects:  34% (548/1609)   [Kremote: Compressing objects:  35% (564/1609)   [Kremote: Compressing objects:  36% (580/1609)   [Kremote: Compressing objects:  37% (596/1609)   [Kremote: Compressing objects:  38% (612/1609)   [Kremote: Compressing objects:  39% (628/1609)   [Kremote: Compressing objects:  40% (644/1609)   [Kremote: Compressing objects:  41% (660/1609)   [Kremote: Compressing objects:  42% (676/1609)   [Kremote: Compressing objects:  43% (692/1609)   [Kremote: Compressing objects:  44% (708/1609)   [Kremote: Compressing objects:  45% (725/1609)   [Kremote: Compressing objects:  46% (741/1609)   [Kremote: Compressing objects:  47% (757/1609)   [Kremote: Compressing objects:  48% (773/1609)   [Kremote: Compressing objects:  49% (789/1609)   [Kremote: Compressing objects:  50% (805/1609)   [Kremote: Compressing objects:  51% (821/1609)   [Kremote: Compressing objects:  52% (837/1609)   [Kremote: Compressing objects:  53% (853/1609)   [Kremote: Compressing objects:  54% (869/1609)   [Kremote: Compressing objects:  55% (885/1609)   [Kremote: Compressing objects:  56% (902/1609)   [Kremote: Compressing objects:  57% (918/1609)   [Kremote: Compressing objects:  58% (934/1609)   [Kremote: Compressing objects:  59% (950/1609)   [Kremote: Compressing objects:  60% (966/1609)   [Kremote: Compressing objects:  61% (982/1609)   [Kremote: Compressing objects:  62% (998/1609)   [Kremote: Compressing objects:  63% (1014/1609)   [Kremote: Compressing objects:  64% (1030/1609)   [Kremote: Compressing objects:  65% (1046/1609)   [Kremote: Compressing objects:  66% (1062/1609)   [Kremote: Compressing objects:  67% (1079/1609)   [Kremote: Compressing objects:  68% (1095/1609)   [Kremote: Compressing objects:  69% (1111/1609)   [Kremote: Compressing objects:  70% (1127/1609)   [Kremote: Compressing objects:  71% (1143/1609)   [Kremote: Compressing objects:  72% (1159/1609)   [Kremote: Compressing objects:  73% (1175/1609)   [Kremote: Compressing objects:  74% (1191/1609)   [Kremote: Compressing objects:  75% (1207/1609)   [Kremote: Compressing objects:  76% (1223/1609)   [Kremote: Compressing objects:  77% (1239/1609)   [Kremote: Compressing objects:  78% (1256/1609)   [Kremote: Compressing objects:  79% (1272/1609)   [Kremote: Compressing objects:  80% (1288/1609)   [Kremote: Compressing objects:  81% (1304/1609)   [Kremote: Compressing objects:  82% (1320/1609)   [Kremote: Compressing objects:  83% (1336/1609)   [Kremote: Compressing objects:  84% (1352/1609)   [Kremote: Compressing objects:  85% (1368/1609)   [Kremote: Compressing objects:  86% (1384/1609)   [Kremote: Compressing objects:  87% (1400/1609)   [Kremote: Compressing objects:  88% (1416/1609)   [Kremote: Compressing objects:  89% (1433/1609)   [Kremote: Compressing objects:  90% (1449/1609)   [Kremote: Compressing objects:  91% (1465/1609)   [Kremote: Compressing objects:  92% (1481/1609)   [Kremote: Compressing objects:  93% (1497/1609)   [Kremote: Compressing objects:  94% (1513/1609)   [Kremote: Compressing objects:  95% (1529/1609)   [Kremote: Compressing objects:  96% (1545/1609)   [Kremote: Compressing objects:  97% (1561/1609)   [Kremote: Compressing objects:  98% (1577/1609)   [Kremote: Compressing objects:  99% (1593/1609)   [Kremote: Compressing objects: 100% (1609/1609)   [Kremote: Compressing objects: 100% (1609/1609), done.[K
Receiving objects:   0% (1/3656)   Receiving objects:   1% (37/3656)   Receiving objects:   2% (74/3656)   Receiving objects:   3% (110/3656)   Receiving objects:   4% (147/3656)   Receiving objects:   5% (183/3656)   Receiving objects:   6% (220/3656)   Receiving objects:   7% (256/3656)   Receiving objects:   8% (293/3656)   Receiving objects:   9% (330/3656)   Receiving objects:  10% (366/3656)   Receiving objects:  11% (403/3656)   Receiving objects:  12% (439/3656)   Receiving objects:  13% (476/3656)   Receiving objects:  14% (512/3656)   Receiving objects:  15% (549/3656)   Receiving objects:  16% (585/3656)   Receiving objects:  17% (622/3656)   Receiving objects:  18% (659/3656)   Receiving objects:  19% (695/3656)   Receiving objects:  20% (732/3656)   Receiving objects:  21% (768/3656)   Receiving objects:  22% (805/3656)   Receiving objects:  23% (841/3656)   Receiving objects:  24% (878/3656)   Receiving objects:  25% (914/3656)   Receiving objects:  26% (951/3656)   Receiving objects:  27% (988/3656)   Receiving objects:  28% (1024/3656)   Receiving objects:  29% (1061/3656)   Receiving objects:  30% (1097/3656)   Receiving objects:  31% (1134/3656)   Receiving objects:  32% (1170/3656)   Receiving objects:  33% (1207/3656)   Receiving objects:  34% (1244/3656)   Receiving objects:  35% (1280/3656)   Receiving objects:  36% (1317/3656)   Receiving objects:  37% (1353/3656)   Receiving objects:  38% (1390/3656)   Receiving objects:  39% (1426/3656)   Receiving objects:  40% (1463/3656)   Receiving objects:  41% (1499/3656)   Receiving objects:  42% (1536/3656)   Receiving objects:  43% (1573/3656)   Receiving objects:  44% (1609/3656)   Receiving objects:  45% (1646/3656)   Receiving objects:  46% (1682/3656)   Receiving objects:  47% (1719/3656)   Receiving objects:  48% (1755/3656)   Receiving objects:  49% (1792/3656)   Receiving objects:  50% (1828/3656)   Receiving objects:  51% (1865/3656)   Receiving objects:  52% (1902/3656)   Receiving objects:  53% (1938/3656)   Receiving objects:  54% (1975/3656)   Receiving objects:  55% (2011/3656)   Receiving objects:  56% (2048/3656)   Receiving objects:  57% (2084/3656)   Receiving objects:  58% (2121/3656)   Receiving objects:  59% (2158/3656)   Receiving objects:  60% (2194/3656)   Receiving objects:  61% (2231/3656)   Receiving objects:  62% (2267/3656)   Receiving objects:  63% (2304/3656)   Receiving objects:  64% (2340/3656)   Receiving objects:  65% (2377/3656)   Receiving objects:  66% (2413/3656)   Receiving objects:  67% (2450/3656)   Receiving objects:  68% (2487/3656)   Receiving objects:  69% (2523/3656)   Receiving objects:  70% (2560/3656)   Receiving objects:  71% (2596/3656)   Receiving objects:  72% (2633/3656)   Receiving objects:  73% (2669/3656)   Receiving objects:  74% (2706/3656)   Receiving objects:  75% (2742/3656)   Receiving objects:  76% (2779/3656)   Receiving objects:  77% (2816/3656)   Receiving objects:  78% (2852/3656)   Receiving objects:  79% (2889/3656)   Receiving objects:  80% (2925/3656)   Receiving objects:  81% (2962/3656)   remote: Total 3656 (delta 1688), reused 3215 (delta 1302), pack-reused 0[K
Receiving objects:  82% (2998/3656)   Receiving objects:  83% (3035/3656)   Receiving objects:  84% (3072/3656)   Receiving objects:  85% (3108/3656)   Receiving objects:  86% (3145/3656)   Receiving objects:  87% (3181/3656)   Receiving objects:  88% (3218/3656)   Receiving objects:  89% (3254/3656)   Receiving objects:  90% (3291/3656)   Receiving objects:  91% (3327/3656)   Receiving objects:  92% (3364/3656)   Receiving objects:  93% (3401/3656)   Receiving objects:  94% (3437/3656)   Receiving objects:  95% (3474/3656)   Receiving objects:  96% (3510/3656)   Receiving objects:  97% (3547/3656)   Receiving objects:  98% (3583/3656)   Receiving objects:  99% (3620/3656)   Receiving objects: 100% (3656/3656)   Receiving objects: 100% (3656/3656), 710.99 KiB | 0 bytes/s, done.
Resolving deltas:   0% (0/1688)   Resolving deltas:   7% (134/1688)   Resolving deltas:   8% (140/1688)   Resolving deltas:   9% (153/1688)   Resolving deltas:  10% (185/1688)   Resolving deltas:  11% (187/1688)   Resolving deltas:  15% (266/1688)   Resolving deltas:  16% (271/1688)   Resolving deltas:  17% (295/1688)   Resolving deltas:  18% (306/1688)   Resolving deltas:  19% (321/1688)   Resolving deltas:  20% (343/1688)   Resolving deltas:  21% (359/1688)   Resolving deltas:  25% (433/1688)   Resolving deltas:  26% (439/1688)   Resolving deltas:  27% (460/1688)   Resolving deltas:  28% (476/1688)   Resolving deltas:  29% (492/1688)   Resolving deltas:  30% (508/1688)   Resolving deltas:  32% (543/1688)   Resolving deltas:  33% (558/1688)   Resolving deltas:  34% (574/1688)   Resolving deltas:  35% (593/1688)   Resolving deltas:  36% (624/1688)   Resolving deltas:  37% (625/1688)   Resolving deltas:  44% (748/1688)   Resolving deltas:  45% (771/1688)   Resolving deltas:  46% (777/1688)   Resolving deltas:  47% (803/1688)   Resolving deltas:  48% (820/1688)   Resolving deltas:  49% (828/1688)   Resolving deltas:  50% (844/1688)   Resolving deltas:  51% (865/1688)   Resolving deltas:  52% (881/1688)   Resolving deltas:  58% (992/1688)   Resolving deltas:  59% (999/1688)   Resolving deltas:  60% (1015/1688)   Resolving deltas:  61% (1035/1688)   Resolving deltas:  62% (1055/1688)   Resolving deltas:  64% (1096/1688)   Resolving deltas:  65% (1099/1688)   Resolving deltas:  66% (1118/1688)   Resolving deltas:  67% (1139/1688)   Resolving deltas:  68% (1151/1688)   Resolving deltas:  69% (1167/1688)   Resolving deltas:  70% (1182/1688)   Resolving deltas:  71% (1199/1688)   Resolving deltas:  73% (1234/1688)   Resolving deltas:  77% (1311/1688)   Resolving deltas:  78% (1319/1688)   Resolving deltas:  79% (1334/1688)   Resolving deltas:  80% (1354/1688)   Resolving deltas:  81% (1368/1688)   Resolving deltas:  82% (1385/1688)   Resolving deltas:  83% (1408/1688)   Resolving deltas:  84% (1422/1688)   Resolving deltas:  85% (1435/1688)   Resolving deltas:  86% (1452/1688)   Resolving deltas:  87% (1474/1688)   Resolving deltas:  88% (1494/1688)   Resolving deltas:  89% (1503/1688)   Resolving deltas:  92% (1553/1688)   Resolving deltas:  93% (1571/1688)   Resolving deltas:  94% (1591/1688)   Resolving deltas:  95% (1605/1688)   Resolving deltas:  96% (1632/1688)   Resolving deltas:  97% (1639/1688)   Resolving deltas:  98% (1655/1688)   Resolving deltas:  99% (1673/1688)   Resolving deltas: 100% (1688/1688)   Resolving deltas: 100% (1688/1688), completed with 170 local objects.
From https://github.com/apache/storm
 * branch            refs/pull/1448/merge -> FETCH_HEAD

travis_time:end:04e0a890:start=1464295264441946361,finish=1464295266016135058,duration=1574188697[0K$ git checkout -qf FETCH_HEAD
travis_fold:end:git.checkout[0K
[33;1mThis job is running on container-based infrastructure, which does not allow use of 'sudo', setuid and setguid executables.[0m
[33;1mIf you require sudo, add 'sudo: required' to your .travis.yml[0m
[33;1mSee https://docs.travis-ci.com/user/workers/container-based-infrastructure/ for details.[0m

[33;1mSetting environment variables from .travis.yml[0m
$ export MODULES=storm-core

$ jdk_switcher use oraclejdk7
Switching to Oracle JDK7 (java-7-oracle), JAVA_HOME will be set to /usr/lib/jvm/java-7-oracle
travis_fold:start:cache.1[0KSetting up build cache
$ export CASHER_DIR=$HOME/.casher
travis_time:start:09ea19ca[0K$ Installing caching utilities

travis_time:end:09ea19ca:start=1464295268390953095,finish=1464295268447681352,duration=56728257[0Ktravis_time:start:145d3f28[0K
travis_time:end:145d3f28:start=1464295268455138461,finish=1464295268460298829,duration=5160368[0Ktravis_time:start:03c01a73[0K[32;1mattempting to download cache archive[0m
[32;1mfetching PR.1448/cache-linux-precise-4722ea394922d42b2b7eb84cff6efc764d76759821ac6f6efc13232aa923f595--jdk-oraclejdk7.tgz[0m
[32;1mfetching PR.1448/cache--jdk-oraclejdk7.tgz[0m
[32;1mfetching 1.x-branch/cache-linux-precise-4722ea394922d42b2b7eb84cff6efc764d76759821ac6f6efc13232aa923f595--jdk-oraclejdk7.tgz[0m
[32;1mfound cache[0m

travis_time:end:03c01a73:start=1464295268466200182,finish=1464295300977699831,duration=32511499649[0Ktravis_time:start:0506d7ef[0K
travis_time:end:0506d7ef:start=1464295300983329233,finish=1464295300988133182,duration=4803949[0Ktravis_time:start:0354b2da[0K[32;1madding /home/travis/.m2/repository to cache[0m
[32;1madding /home/travis/.rvm to cache[0m
[32;1madding /home/travis/.nvm to cache[0m

travis_time:end:0354b2da:start=1464295300993556893,finish=1464295325260794836,duration=24267237943[0Ktravis_fold:end:cache.1[0K$ java -Xmx32m -version
java version "1.7.0_76"
Java(TM) SE Runtime Environment (build 1.7.0_76-b13)
Java HotSpot(TM) 64-Bit Server VM (build 24.76-b04, mixed mode)
$ javac -J-Xmx32m -version
javac 1.7.0_76
travis_fold:start:before_install.1[0Ktravis_time:start:10faf853[0K$ rvm use 2.1.5 --install
[32mUsing /home/travis/.rvm/gems/ruby-2.1.5[0m

travis_time:end:10faf853:start=1464295326076465902,finish=1464295326462633200,duration=386167298[0Ktravis_fold:end:before_install.1[0Ktravis_fold:start:before_install.2[0Ktravis_time:start:19854ef4[0K$ nvm install 0.12.2
v0.12.2 is already installed.
Now using node v0.12.2

travis_time:end:19854ef4:start=1464295326468059182,finish=1464295327108146624,duration=640087442[0Ktravis_fold:end:before_install.2[0Ktravis_fold:start:before_install.3[0Ktravis_time:start:084f05dc[0K$ nvm use 0.12.2
Now using node v0.12.2

travis_time:end:084f05dc:start=1464295327113842438,finish=1464295327186765976,duration=72923538[0Ktravis_fold:end:before_install.3[0Ktravis_fold:start:install[0Ktravis_time:start:079461d4[0K$ /bin/bash ./dev-tools/travis/travis-install.sh `pwd`
Python version :   Python 2.7.3
Maven version  :   Apache Maven 3.2.5 (12a6b3acb947671f09b81f49094c53f426d8cea1; 2014-12-14T17:29:23+00:00) Maven home: /usr/local/maven Java version: 1.7.0_76, vendor: Oracle Corporation Java home: /usr/lib/jvm/java-7-oracle/jre Default locale: en_US, platform encoding: UTF-8 OS name: "linux", version: "3.13.0-40-generic", arch: "amd64", family: "unix"
['mvn', 'clean', 'install', '-DskipTests', '-Pnative', '--batch-mode'] writing to install.txt
2 seconds 1 log lines13 seconds 212 log lines39 seconds 306 log lines50 seconds 314 log lines61 seconds 327 log lines72 seconds 409 log lines99 seconds 619 log lines117 seconds 826 log lines128 seconds 873 log lines138 seconds 1022 log lines155 seconds 1418 log lines172 seconds 1713 log lines184 seconds 2094 log lines198 seconds 2250 log lines202 seconds 2434 log lines
['mvn', 'clean', 'install', '-DskipTests', '-Pnative', '--batch-mode'] done 0

travis_time:end:079461d4:start=1464295327192548393,finish=1464295530015049770,duration=202822501377[0Ktravis_fold:end:install[0Ktravis_time:start:06818598[0K$ /bin/bash ./dev-tools/travis/travis-script.sh `pwd` $MODULES
Python version :   Python 2.7.3
Ruby version   :   ruby 2.1.5p273 (2014-11-13 revision 48405) [x86_64-linux]
NodeJs version :  
Maven version  :   Apache Maven 3.2.5 (12a6b3acb947671f09b81f49094c53f426d8cea1; 2014-12-14T17:29:23+00:00) Maven home: /usr/local/maven Java version: 1.7.0_76, vendor: Oracle Corporation Java home: /usr/lib/jvm/java-7-oracle/jre Default locale: en_US, platform encoding: UTF-8 OS name: "linux", version: "3.13.0-40-generic", arch: "amd64", family: "unix"
[INFO] Scanning for projects...
[INFO]                                                                         
[INFO] ------------------------------------------------------------------------
[INFO] Building Storm Core 1.1.0-SNAPSHOT
[INFO] ------------------------------------------------------------------------
[INFO] 
[INFO] --- exec-maven-plugin:1.2.1:exec (default) @ storm-core ---
[INFO] 
[INFO] --- maven-remote-resources-plugin:1.2.1:process (default) @ storm-core ---
[INFO] 
[INFO] --- storm-maven-plugins:1.1.0-SNAPSHOT:version-info (version-info) @ storm-core ---
[WARNING] [svn, info] failed with error code 1
[INFO] SCM: GIT
[INFO] Computed MD5: 5173ef36ac9fde20dd3fa0af7b90a99a
[INFO] 
[INFO] --- maven-resources-plugin:2.5:resources (default-resources) @ storm-core ---
[debug] execute contextualize
[INFO] Using 'UTF-8' encoding to copy filtered resources.
[INFO] Copying 8 resources
[INFO] Copying 1 resource to META-INF
[INFO] Copying 0 resource
[INFO] Copying 1 resource
[INFO] Copying 3 resources
[INFO] 
[INFO] --- maven-compiler-plugin:3.1:compile (default-compile) @ storm-core ---
[INFO] Nothing to compile - all classes are up to date
[INFO] 
[INFO] --- clojure-maven-plugin:1.7.1:compile (compile-clojure) @ storm-core ---
Compiling org.apache.storm.stats to /home/travis/build/apache/storm/storm-core/target/classes
Compiling org.apache.storm.converter to /home/travis/build/apache/storm/storm-core/target/classes
Compiling org.apache.storm.testing to /home/travis/build/apache/storm/storm-core/target/classes
Compiling org.apache.storm.util to /home/travis/build/apache/storm/storm-core/target/classes
Compiling org.apache.storm.scheduler.DefaultScheduler to /home/travis/build/apache/storm/storm-core/target/classes
Compiling org.apache.storm.command.kill-workers to /home/travis/build/apache/storm/storm-core/target/classes
Compiling org.apache.storm.pacemaker.pacemaker-state-factory to /home/travis/build/apache/storm/storm-core/target/classes
Compiling org.apache.storm.daemon.task to /home/travis/build/apache/storm/storm-core/target/classes
Compiling org.apache.storm.process-simulator to /home/travis/build/apache/storm/storm-core/target/classes
Compiling org.apache.storm.daemon.common to /home/travis/build/apache/storm/storm-core/target/classes
Compiling org.apache.storm.command.list to /home/travis/build/apache/storm/storm-core/target/classes
Compiling org.apache.storm.command.dev-zookeeper to /home/travis/build/apache/storm/storm-core/target/classes
Compiling org.apache.storm.command.set-log-level to /home/travis/build/apache/storm/storm-core/target/classes
Compiling org.apache.storm.command.kill-topology to /home/travis/build/apache/storm/storm-core/target/classes
Compiling org.apache.storm.LocalDRPC to /home/travis/build/apache/storm/storm-core/target/classes
Compiling org.apache.storm.event to /home/travis/build/apache/storm/storm-core/target/classes
Compiling org.apache.storm.command.get-errors to /home/travis/build/apache/storm/storm-core/target/classes
Compiling org.apache.storm.trident.testing to /home/travis/build/apache/storm/storm-core/target/classes
Compiling org.apache.storm.daemon.drpc to /home/travis/build/apache/storm/storm-core/target/classes
Compiling org.apache.storm.config to /home/travis/build/apache/storm/storm-core/target/classes
Compiling org.apache.storm.log to /home/travis/build/apache/storm/storm-core/target/classes
Compiling org.apache.storm.daemon.executor to /home/travis/build/apache/storm/storm-core/target/classes
Compiling org.apache.storm.thrift to /home/travis/build/apache/storm/storm-core/target/classes
Compiling org.apache.storm.daemon.builtin-metrics to /home/travis/build/apache/storm/storm-core/target/classes
Compiling org.apache.storm.daemon.logviewer to /home/travis/build/apache/storm/storm-core/target/classes
Compiling org.apache.storm.command.monitor to /home/travis/build/apache/storm/storm-core/target/classes
Compiling org.apache.storm.disruptor to /home/travis/build/apache/storm/storm-core/target/classes
Compiling org.apache.storm.ui.core to /home/travis/build/apache/storm/storm-core/target/classes
Compiling org.apache.storm.cluster to /home/travis/build/apache/storm/storm-core/target/classes
Compiling org.apache.storm.pacemaker.pacemaker to /home/travis/build/apache/storm/storm-core/target/classes
Compiling org.apache.storm.command.rebalance to /home/travis/build/apache/storm/storm-core/target/classes
Compiling org.apache.storm.daemon.worker to /home/travis/build/apache/storm/storm-core/target/classes
Compiling org.apache.storm.metric.testing to /home/travis/build/apache/storm/storm-core/target/classes
Compiling org.apache.storm.daemon.acker to /home/travis/build/apache/storm/storm-core/target/classes
Compiling org.apache.storm.command.heartbeats to /home/travis/build/apache/storm/storm-core/target/classes
WARNING: reverse already refers to: #'clojure.core/reverse in namespace: org.apache.storm.command.heartbeats, being replaced by: #'clojure.string/reverse
WARNING: replace already refers to: #'clojure.core/replace in namespace: org.apache.storm.command.heartbeats, being replaced by: #'clojure.string/replace
Compiling org.apache.storm.command.activate to /home/travis/build/apache/storm/storm-core/target/classes
Compiling org.apache.storm.blobstore to /home/travis/build/apache/storm/storm-core/target/classes
Compiling org.apache.storm.daemon.supervisor to /home/travis/build/apache/storm/storm-core/target/classes
Compiling org.apache.storm.scheduler.EvenScheduler to /home/travis/build/apache/storm/storm-core/target/classes
Compiling org.apache.storm.messaging.local to /home/travis/build/apache/storm/storm-core/target/classes
Compiling org.apache.storm.command.upload-credentials to /home/travis/build/apache/storm/storm-core/target/classes
Compiling org.apache.storm.command.deactivate to /home/travis/build/apache/storm/storm-core/target/classes
Compiling org.apache.storm.command.blobstore to /home/travis/build/apache/storm/storm-core/target/classes
Compiling org.apache.storm.local-state to /home/travis/build/apache/storm/storm-core/target/classes
Compiling org.apache.storm.command.healthcheck to /home/travis/build/apache/storm/storm-core/target/classes
Compiling org.apache.storm.messaging.loader to /home/travis/build/apache/storm/storm-core/target/classes
Compiling org.apache.storm.testing4j to /home/travis/build/apache/storm/storm-core/target/classes
Compiling org.apache.storm.ui.helpers to /home/travis/build/apache/storm/storm-core/target/classes
Compiling org.apache.storm.scheduler.IsolationScheduler to /home/travis/build/apache/storm/storm-core/target/classes
Compiling org.apache.storm.clojure to /home/travis/build/apache/storm/storm-core/target/classes
Compiling org.apache.storm.command.shell-submission to /home/travis/build/apache/storm/storm-core/target/classes
Compiling org.apache.storm.timer to /home/travis/build/apache/storm/storm-core/target/classes
Compiling org.apache.storm.MockAutoCred to /home/travis/build/apache/storm/storm-core/target/classes
Compiling org.apache.storm.daemon.nimbus to /home/travis/build/apache/storm/storm-core/target/classes
Compiling org.apache.storm.command.config-value to /home/travis/build/apache/storm/storm-core/target/classes
Compiling org.apache.storm.LocalCluster to /home/travis/build/apache/storm/storm-core/target/classes
Compiling org.apache.storm.cluster-state.zookeeper-state-factory to /home/travis/build/apache/storm/storm-core/target/classes
Compiling org.apache.storm.zookeeper to /home/travis/build/apache/storm/storm-core/target/classes
[INFO] 
[INFO] --- make-maven-plugin:1.0-beta-1:autoreconf (compile) @ storm-core ---
[INFO] 
[INFO] --- make-maven-plugin:1.0-beta-1:configure (compile) @ storm-core ---
[INFO] /bin/sh: 14: /home/travis/.jdk_switcher_rc: [[: not found
[INFO] /bin/sh: 22: /home/travis/.jdk_switcher_rc: [[: not found
[INFO] /bin/sh: 32: /home/travis/.jdk_switcher_rc: [[: not found
[INFO] /bin/sh: 42: /home/travis/.jdk_switcher_rc: [[: not found
[INFO] Segmentation fault
[INFO] /bin/sh: 3: /etc/profile.d/rvm.sh: [[: not found
[INFO] checking for gcc... gcc
[INFO] checking whether the C compiler works... yes
[INFO] checking for C compiler default output file name... a.out
[INFO] checking for suffix of executables... 
[INFO] checking whether we are cross compiling... no
[INFO] checking for suffix of object files... o
[INFO] checking whether we are using the GNU C compiler... yes
[INFO] checking whether gcc accepts -g... yes
[INFO] checking for gcc option to accept ISO C89... none needed
[INFO] checking how to run the C preprocessor... gcc -E
[INFO] checking for grep that handles long lines and -e... /bin/grep
[INFO] checking for egrep... /bin/grep -E
[INFO] checking for ANSI C header files... yes
[INFO] checking for sys/types.h... yes
[INFO] checking for sys/stat.h... yes
[INFO] checking for stdlib.h... yes
[INFO] checking for string.h... yes
[INFO] checking for memory.h... yes
[INFO] checking for strings.h... yes
[INFO] checking for inttypes.h... yes
[INFO] checking for stdint.h... yes
[INFO] checking for unistd.h... yes
[INFO] checking minix/config.h usability... no
[INFO] checking minix/config.h presence... no
[INFO] checking for minix/config.h... no
[INFO] checking whether it is safe to define __EXTENSIONS__... yes
[INFO] checking for a BSD-compatible install... /usr/bin/install -c
[INFO] checking whether build environment is sane... yes
[INFO] checking for a thread-safe mkdir -p... /bin/mkdir -p
[INFO] checking for gawk... gawk
[INFO] checking whether make sets $(MAKE)... yes
[INFO] checking for style of include used by make... GNU
[INFO] checking dependency style of gcc... gcc3
[INFO] checking for gcc... (cached) gcc
[INFO] checking whether we are using the GNU C compiler... (cached) yes
[INFO] checking whether gcc accepts -g... (cached) yes
[INFO] checking for gcc option to accept ISO C89... (cached) none needed
[INFO] checking whether gcc and cc understand -c and -o together... yes
[INFO] checking for unistd.h... (cached) yes
[INFO] checking for stdbool.h that conforms to C99... yes
[INFO] checking for _Bool... yes
[INFO] checking for an ANSI C-conforming const... yes
[INFO] checking for off_t... yes
[INFO] checking for size_t... yes
[INFO] checking whether strerror_r is declared... yes
[INFO] checking for strerror_r... yes
[INFO] checking whether strerror_r returns char *... yes
[INFO] checking for mkdir... yes
[INFO] checking for uname... yes
[INFO] configure: creating ./config.status
[INFO] config.status: creating Makefile
[INFO] config.status: executing depfiles commands
[INFO] 
[INFO] --- make-maven-plugin:1.0-beta-1:make-install (compile) @ storm-core ---
[INFO] /bin/sh: 14: /home/travis/.jdk_switcher_rc: [[: not found
[INFO] /bin/sh: 22: /home/travis/.jdk_switcher_rc: [[: not found
[INFO] /bin/sh: 32: /home/travis/.jdk_switcher_rc: [[: not found
[INFO] /bin/sh: 42: /home/travis/.jdk_switcher_rc: [[: not found
[INFO] Segmentation fault
[INFO] /bin/sh: 3: /etc/profile.d/rvm.sh: [[: not found
[INFO] make[1]: Entering directory `/home/travis/build/apache/storm/storm-core/target/native/worker-launcher'
[INFO] test -z "/usr/local/bin" || /bin/mkdir -p "/home/travis/build/apache/storm/storm-core/target/native/target/usr/local/bin"
[INFO]   /usr/bin/install -c worker-launcher '/home/travis/build/apache/storm/storm-core/target/native/target/usr/local/bin'
[INFO] make[1]: Nothing to be done for `install-data-am'.
[INFO] make[1]: Leaving directory `/home/travis/build/apache/storm/storm-core/target/native/worker-launcher'
[INFO] 
[INFO] --- maven-resources-plugin:2.5:testResources (default-testResources) @ storm-core ---
[debug] execute contextualize
[INFO] Using 'UTF-8' encoding to copy filtered resources.
[INFO] Copying 14 resources
[INFO] Copying 2 resources
[INFO] Copying 3 resources
[INFO] 
[INFO] --- maven-dependency-plugin:2.8:unpack (unpack) @ storm-core ---
[INFO] Configured Artifact: org.apache.storm:multilang-ruby:1.1.0-SNAPSHOT:jar
[INFO] Downloading: https://repository.apache.org/snapshots/org/apache/storm/multilang-ruby/1.1.0-SNAPSHOT/maven-metadata.xml
[INFO] Configured Artifact: org.apache.storm:multilang-python:1.1.0-SNAPSHOT:jar
[INFO] Downloading: https://repository.apache.org/snapshots/org/apache/storm/multilang-python/1.1.0-SNAPSHOT/maven-metadata.xml
[INFO] Configured Artifact: org.apache.storm:multilang-javascript:1.1.0-SNAPSHOT:jar
[INFO] Downloading: https://repository.apache.org/snapshots/org/apache/storm/multilang-javascript/1.1.0-SNAPSHOT/maven-metadata.xml
[INFO] multilang-ruby-1.1.0-SNAPSHOT.jar already unpacked.
[INFO] multilang-python-1.1.0-SNAPSHOT.jar already unpacked.
[INFO] multilang-javascript-1.1.0-SNAPSHOT.jar already unpacked.
[INFO] 
[INFO] --- maven-compiler-plugin:3.1:testCompile (default-testCompile) @ storm-core ---
[INFO] Nothing to compile - all classes are up to date
[INFO] 
[INFO] --- maven-surefire-plugin:2.18.1:test (default-test) @ storm-core ---
[INFO] Surefire report directory: /home/travis/build/apache/storm/storm-core/target/surefire-reports
[INFO] parallel='none', perCoreThreadCount=true, threadCount=0, useUnlimitedThreads=false, threadCountSuites=0, threadCountClasses=0, threadCountMethods=0, parallelOptimized=true

-------------------------------------------------------
 T E S T S
-------------------------------------------------------
Running org.apache.storm.trident.TestTridentTopology
Tests run: 1, Failures: 0, Errors: 0, Skipped: 0, Time elapsed: 7.528 sec - in org.apache.storm.trident.TestTridentTopology
Running org.apache.storm.trident.TridentWindowingTest
Tests run: 3, Failures: 0, Errors: 0, Skipped: 0, Time elapsed: 0.005 sec - in org.apache.storm.trident.TridentWindowingTest
Running org.apache.storm.utils.DisruptorQueueTest
Tests run: 3, Failures: 0, Errors: 0, Skipped: 0, Time elapsed: 3.243 sec - in org.apache.storm.utils.DisruptorQueueTest
Running org.apache.storm.utils.ThriftTopologyUtilsTest
Tests run: 5, Failures: 0, Errors: 0, Skipped: 0, Time elapsed: 0.015 sec - in org.apache.storm.utils.ThriftTopologyUtilsTest
Running org.apache.storm.utils.DisruptorQueueBackpressureTest
Tests run: 1, Failures: 0, Errors: 0, Skipped: 0, Time elapsed: 0 sec - in org.apache.storm.utils.DisruptorQueueBackpressureTest
Running org.apache.storm.utils.WorkerBackpressureThreadTest
Tests run: 1, Failures: 0, Errors: 0, Skipped: 0, Time elapsed: 0.192 sec - in org.apache.storm.utils.WorkerBackpressureThreadTest
Running org.apache.storm.utils.StormBoundedExponentialBackoffRetryTest
Tests run: 5, Failures: 0, Errors: 0, Skipped: 0, Time elapsed: 0.08 sec - in org.apache.storm.utils.StormBoundedExponentialBackoffRetryTest
Running org.apache.storm.utils.ShellBoltMessageQueueTest
Tests run: 3, Failures: 0, Errors: 0, Skipped: 0, Time elapsed: 2.021 sec - in org.apache.storm.utils.ShellBoltMessageQueueTest
Running org.apache.storm.grouping.PartialKeyGroupingTest
Tests run: 2, Failures: 0, Errors: 0, Skipped: 0, Time elapsed: 0.661 sec - in org.apache.storm.grouping.PartialKeyGroupingTest
Running org.apache.storm.serialization.GzipBridgeThriftSerializationDelegateTest
Tests run: 3, Failures: 0, Errors: 0, Skipped: 0, Time elapsed: 0.043 sec - in org.apache.storm.serialization.GzipBridgeThriftSerializationDelegateTest
Running org.apache.storm.serialization.GzipBridgeSerializationDelegateTest
Tests run: 3, Failures: 0, Errors: 0, Skipped: 0, Time elapsed: 0.005 sec - in org.apache.storm.serialization.GzipBridgeSerializationDelegateTest
Running org.apache.storm.serialization.ThriftBridgeSerializationDelegateTest
Tests run: 1, Failures: 0, Errors: 0, Skipped: 0, Time elapsed: 0.001 sec - in org.apache.storm.serialization.ThriftBridgeSerializationDelegateTest
Running org.apache.storm.metric.internal.CountStatAndMetricTest
Tests run: 1, Failures: 0, Errors: 0, Skipped: 0, Time elapsed: 0.002 sec - in org.apache.storm.metric.internal.CountStatAndMetricTest
Running org.apache.storm.metric.internal.RateTrackerTest
Tests run: 4, Failures: 0, Errors: 0, Skipped: 0, Time elapsed: 0.011 sec - in org.apache.storm.metric.internal.RateTrackerTest
Running org.apache.storm.metric.internal.LatencyStatAndMetricTest
Tests run: 1, Failures: 0, Errors: 0, Skipped: 0, Time elapsed: 0.005 sec - in org.apache.storm.metric.internal.LatencyStatAndMetricTest
Running org.apache.storm.localizer.LocalizerTest
Tests run: 13, Failures: 0, Errors: 0, Skipped: 0, Time elapsed: 2.085 sec - in org.apache.storm.localizer.LocalizerTest
Running org.apache.storm.localizer.LocalizedResourceRetentionSetTest
Tests run: 2, Failures: 0, Errors: 0, Skipped: 0, Time elapsed: 0.032 sec - in org.apache.storm.localizer.LocalizedResourceRetentionSetTest
Running org.apache.storm.localizer.LocalizedResourceSetTest
Tests run: 4, Failures: 0, Errors: 0, Skipped: 0, Time elapsed: 0.004 sec - in org.apache.storm.localizer.LocalizedResourceSetTest
Running org.apache.storm.scheduler.resource.TestResourceAwareScheduler
Tests run: 15, Failures: 0, Errors: 0, Skipped: 0, Time elapsed: 9.32 sec - in org.apache.storm.scheduler.resource.TestResourceAwareScheduler
Running org.apache.storm.scheduler.resource.TestUser
Tests run: 3, Failures: 0, Errors: 0, Skipped: 0, Time elapsed: 13.072 sec - in org.apache.storm.scheduler.resource.TestUser
Running org.apache.storm.TestConfigValidate
Tests run: 24, Failures: 0, Errors: 0, Skipped: 0, Time elapsed: 0.346 sec - in org.apache.storm.TestConfigValidate
Running org.apache.storm.spout.CheckpointSpoutTest
Tests run: 7, Failures: 0, Errors: 0, Skipped: 0, Time elapsed: 1.127 sec - in org.apache.storm.spout.CheckpointSpoutTest
Running org.apache.storm.blobstore.ClientBlobStoreTest
Tests run: 4, Failures: 0, Errors: 0, Skipped: 0, Time elapsed: 0.082 sec - in org.apache.storm.blobstore.ClientBlobStoreTest
Running org.apache.storm.blobstore.BlobStoreTest
Tests run: 4, Failures: 0, Errors: 0, Skipped: 0, Time elapsed: 8.572 sec - in org.apache.storm.blobstore.BlobStoreTest
Running org.apache.storm.blobstore.BlobSynchronizerTest
Tests run: 4, Failures: 0, Errors: 0, Skipped: 0, Time elapsed: 3.482 sec - in org.apache.storm.blobstore.BlobSynchronizerTest
Running org.apache.storm.topology.TopologyBuilderTest
Tests run: 5, Failures: 0, Errors: 0, Skipped: 0, Time elapsed: 0.86 sec - in org.apache.storm.topology.TopologyBuilderTest
Running org.apache.storm.topology.StatefulBoltExecutorTest
Tests run: 7, Failures: 0, Errors: 0, Skipped: 0, Time elapsed: 0.529 sec - in org.apache.storm.topology.StatefulBoltExecutorTest
Running org.apache.storm.topology.StatefulWindowedBoltExecutorTest
Tests run: 4, Failures: 0, Errors: 0, Skipped: 0, Time elapsed: 0.371 sec - in org.apache.storm.topology.StatefulWindowedBoltExecutorTest
Running org.apache.storm.topology.WindowedBoltExecutorTest
Tests run: 2, Failures: 0, Errors: 0, Skipped: 0, Time elapsed: 0.64 sec - in org.apache.storm.topology.WindowedBoltExecutorTest
Running org.apache.storm.state.InMemoryKeyValueStateTest
Tests run: 2, Failures: 0, Errors: 0, Skipped: 0, Time elapsed: 0.001 sec - in org.apache.storm.state.InMemoryKeyValueStateTest
Running org.apache.storm.windowing.WaterMarkEventGeneratorTest
Tests run: 5, Failures: 0, Errors: 0, Skipped: 0, Time elapsed: 0.075 sec - in org.apache.storm.windowing.WaterMarkEventGeneratorTest
Running org.apache.storm.windowing.WindowManagerTest
Tests run: 10, Failures: 0, Errors: 0, Skipped: 0, Time elapsed: 0.017 sec - in org.apache.storm.windowing.WindowManagerTest

Results :

Tests run: 152, Failures: 0, Errors: 0, Skipped: 0

[INFO] 
[INFO] --- clojure-maven-plugin:1.7.1:test (test-clojure) @ storm-core ---
Warning: protocol #'org.apache.storm.pacemaker-state-factory-test/send-capture is overwriting function send
WARNING: send already refers to: #'clojure.core/send in namespace: org.apache.storm.pacemaker-state-factory-test, being replaced by: #'org.apache.storm.pacemaker-state-factory-test/send
Running org.apache.storm.clojure-test
Tests run: 3, Passed: 5, Failures: 0, Errors: 0
Running org.apache.storm.logviewer-test
Tests run: 12, Passed: 118, Failures: 0, Errors: 0
Running org.apache.storm.pacemaker-state-factory-test
Tests run: 4, Passed: 15, Failures: 0, Errors: 0
Running integration.org.apache.storm.integration-test
Tests run: 18, Passed: 51, Failures: 0, Errors: 0
Running org.apache.storm.scheduler.resource-aware-scheduler-test
Tests run: 8, Passed: 91, Failures: 0, Errors: 0
Running org.apache.storm.tuple-test
Tests run: 4, Passed: 13, Failures: 0, Errors: 0
Running org.apache.storm.security.auth.AuthUtils-test
Tests run: 5, Passed: 6, Failures: 0, Errors: 0
Running org.apache.storm.security.auth.drpc-auth-test
Tests run: 4, Passed: 22, Failures: 0, Errors: 0
Running org.apache.storm.security.auth.ReqContext-test
Tests run: 3, Passed: 4, Failures: 0, Errors: 0
Running org.apache.storm.security.serialization.BlowfishTupleSerializer-test
Tests run: 3, Passed: 3, Failures: 0, Errors: 0
Running org.apache.storm.messaging-test
Tests run: 1, Passed: 2, Failures: 0, Errors: 0
Running org.apache.storm.serialization.SerializationFactory-test
Tests run: 3, Passed: 3, Failures: 0, Errors: 0
Running org.apache.storm.metrics-test
Tests run: 8, Passed: 66, Failures: 0, Errors: 0
Running org.apache.storm.subtopology-test
Tests run: 0, Passed: 0, Failures: 0, Errors: 0
Running org.apache.storm.security.auth.auth-test
78394 [Thread-511] INFO  o.a.s.util - Async loop interrupted!
Tests run: 13, Passed: 94, Failures: 0, Errors: 0
Running org.apache.storm.messaging.netty-integration-test
Tests run: 1, Passed: 1, Failures: 0, Errors: 0
Running org.apache.storm.utils.ZookeeperServerCnxnFactory-test
Tests run: 2, Passed: 3, Failures: 0, Errors: 0
Running org.apache.storm.utils-test
Tests run: 5, Passed: 22, Failures: 0, Errors: 0
Running org.apache.storm.trident.state-test
Tests run: 5, Passed: 37, Failures: 0, Errors: 0
Running org.apache.storm.security.auth.DefaultHttpCredentialsPlugin-test
Tests run: 2, Passed: 8, Failures: 0, Errors: 0
Running org.apache.storm.transactional-test
Tests run: 7, Passed: 110, Failures: 0, Errors: 0
Running org.apache.storm.fields-test
Tests run: 2, Passed: 22, Failures: 0, Errors: 0
Running org.apache.storm.supervisor-test
95115 [timer] INFO  o.a.s.d.nimbus - Cleaning up test-1-0
95123 [timer] INFO  o.a.s.d.nimbus - ExceptionKeyNotFoundException(msg:test-1-0-stormjar.jar)
95406 [Thread-1070-spout-executor[6 6]-EventThread] WARN  o.a.c.ConnectionState - Session expired event received
95407 [Thread-1070-spout-executor[6 6]-EventThread] INFO  o.a.c.f.s.ConnectionStateManager - State change: LOST
95410 [Thread-1070-spout-executor[6 6]-EventThread] INFO  o.a.c.f.s.ConnectionStateManager - State change: RECONNECTED
95589 [Curator-Framework-0] ERROR o.a.c.ConnectionState - Connection timed out for connection string (localhost:2001) and timeout (15000) / elapsed (18147)
org.apache.curator.CuratorConnectionLossException: KeeperErrorCode = ConnectionLoss
	at org.apache.curator.ConnectionState.checkTimeouts(ConnectionState.java:197) [curator-client-2.10.0.jar:?]
	at org.apache.curator.ConnectionState.getZooKeeper(ConnectionState.java:88) [curator-client-2.10.0.jar:?]
	at org.apache.curator.CuratorZookeeperClient.getZooKeeper(CuratorZookeeperClient.java:116) [curator-client-2.10.0.jar:?]
	at org.apache.curator.framework.imps.CuratorFrameworkImpl.performBackgroundOperation(CuratorFrameworkImpl.java:835) [curator-framework-2.10.0.jar:?]
	at org.apache.curator.framework.imps.CuratorFrameworkImpl.backgroundOperationsLoop(CuratorFrameworkImpl.java:809) [curator-framework-2.10.0.jar:?]
	at org.apache.curator.framework.imps.CuratorFrameworkImpl.access$300(CuratorFrameworkImpl.java:64) [curator-framework-2.10.0.jar:?]
	at org.apache.curator.framework.imps.CuratorFrameworkImpl$4.call(CuratorFrameworkImpl.java:267) [curator-framework-2.10.0.jar:?]
	at java.util.concurrent.FutureTask.run(FutureTask.java:262) [?:1.7.0_76]
	at java.util.concurrent.ScheduledThreadPoolExecutor$ScheduledFutureTask.access$201(ScheduledThreadPoolExecutor.java:178) [?:1.7.0_76]
	at java.util.concurrent.ScheduledThreadPoolExecutor$ScheduledFutureTask.run(ScheduledThreadPoolExecutor.java:292) [?:1.7.0_76]
	at java.util.concurrent.ThreadPoolExecutor.runWorker(ThreadPoolExecutor.java:1145) [?:1.7.0_76]
	at java.util.concurrent.ThreadPoolExecutor$Worker.run(ThreadPoolExecutor.java:615) [?:1.7.0_76]
	at java.lang.Thread.run(Thread.java:745) [?:1.7.0_76]
96598 [Curator-Framework-0] ERROR o.a.c.ConnectionState - Connection timed out for connection string (localhost:2001) and timeout (15000) / elapsed (19156)
org.apache.curator.CuratorConnectionLossException: KeeperErrorCode = ConnectionLoss
	at org.apache.curator.ConnectionState.checkTimeouts(ConnectionState.java:197) [curator-client-2.10.0.jar:?]
	at org.apache.curator.ConnectionState.getZooKeeper(ConnectionState.java:88) [curator-client-2.10.0.jar:?]
	at org.apache.curator.CuratorZookeeperClient.getZooKeeper(CuratorZookeeperClient.java:116) [curator-client-2.10.0.jar:?]
	at org.apache.curator.framework.imps.CuratorFrameworkImpl.performBackgroundOperation(CuratorFrameworkImpl.java:835) [curator-framework-2.10.0.jar:?]
	at org.apache.curator.framework.imps.CuratorFrameworkImpl.backgroundOperationsLoop(CuratorFrameworkImpl.java:809) [curator-framework-2.10.0.jar:?]
	at org.apache.curator.framework.imps.CuratorFrameworkImpl.access$300(CuratorFrameworkImpl.java:64) [curator-framework-2.10.0.jar:?]
	at org.apache.curator.framework.imps.CuratorFrameworkImpl$4.call(CuratorFrameworkImpl.java:267) [curator-framework-2.10.0.jar:?]
	at java.util.concurrent.FutureTask.run(FutureTask.java:262) [?:1.7.0_76]
	at java.util.concurrent.ScheduledThreadPoolExecutor$ScheduledFutureTask.access$201(ScheduledThreadPoolExecutor.java:178) [?:1.7.0_76]
	at java.util.concurrent.ScheduledThreadPoolExecutor$ScheduledFutureTask.run(ScheduledThreadPoolExecutor.java:292) [?:1.7.0_76]
	at java.util.concurrent.ThreadPoolExecutor.runWorker(ThreadPoolExecutor.java:1145) [?:1.7.0_76]
	at java.util.concurrent.ThreadPoolExecutor$Worker.run(ThreadPoolExecutor.java:615) [?:1.7.0_76]
	at java.lang.Thread.run(Thread.java:745) [?:1.7.0_76]
96754 [main] INFO  o.a.s.d.nimbus - Shutting down master
96754 [Curator-Framework-0] INFO  o.a.c.f.i.CuratorFrameworkImpl - backgroundOperationsLoop exiting
96756 [Curator-Framework-0] INFO  o.a.c.f.i.CuratorFrameworkImpl - backgroundOperationsLoop exiting
96757 [Curator-Framework-0] INFO  o.a.c.f.i.CuratorFrameworkImpl - backgroundOperationsLoop exiting
96758 [main] INFO  o.a.s.zookeeper - closing zookeeper connection of leader elector.
96759 [Curator-Framework-0] INFO  o.a.c.f.i.CuratorFrameworkImpl - backgroundOperationsLoop exiting
96760 [main] INFO  o.a.s.d.nimbus - Shut down master
96760 [Curator-Framework-0] INFO  o.a.c.f.i.CuratorFrameworkImpl - backgroundOperationsLoop exiting
96761 [Curator-Framework-0] INFO  o.a.c.f.i.CuratorFrameworkImpl - backgroundOperationsLoop exiting
96762 [main] INFO  o.a.s.d.supervisor - Shutting down sup1:27338458-b325-4e91-9d47-52b012fb70d7
96762 [main] INFO  o.a.s.config - GET worker-user 27338458-b325-4e91-9d47-52b012fb70d7
96764 [main] INFO  o.a.s.config - REMOVE worker-user 27338458-b325-4e91-9d47-52b012fb70d7
96764 [main] INFO  o.a.s.d.supervisor - Shut down sup1:27338458-b325-4e91-9d47-52b012fb70d7
96764 [main] INFO  o.a.s.d.supervisor - Shutting down supervisor sup1
96765 [Thread-1095] INFO  o.a.s.event - Event manager interrupted
96765 [Thread-1096] INFO  o.a.s.event - Event manager interrupted
96765 [Curator-Framework-0] INFO  o.a.c.f.i.CuratorFrameworkImpl - backgroundOperationsLoop exiting
96767 [main] INFO  o.a.s.d.supervisor - Shutting down sup2:f7731e96-6ca2-47cd-9e93-4eb3e0a5b616
96767 [main] INFO  o.a.s.config - GET worker-user f7731e96-6ca2-47cd-9e93-4eb3e0a5b616
96772 [main] INFO  o.a.s.config - REMOVE worker-user f7731e96-6ca2-47cd-9e93-4eb3e0a5b616
96772 [main] INFO  o.a.s.d.supervisor - Shut down sup2:f7731e96-6ca2-47cd-9e93-4eb3e0a5b616
96772 [main] INFO  o.a.s.d.supervisor - Shutting down supervisor sup2
96772 [Thread-1097] INFO  o.a.s.event - Event manager interrupted
96773 [Thread-1098] INFO  o.a.s.event - Event manager interrupted
96773 [Curator-Framework-0] INFO  o.a.c.f.i.CuratorFrameworkImpl - backgroundOperationsLoop exiting
96775 [main] INFO  o.a.s.testing - Shutting down in process zookeeper
96777 [main] INFO  o.a.s.testing - Done shutting down in process zookeeper
96777 [main] INFO  o.a.s.testing - Deleting temporary path /tmp/f1595430-e954-4dd5-9aa5-0e9711d42c02
96780 [main] INFO  o.a.s.testing - Deleting temporary path /tmp/efe4494d-d5a9-4e0b-8ade-228c75954e82
96780 [main] INFO  o.a.s.testing - Deleting temporary path /tmp/8233b5f2-2617-4def-bd6a-204dbe5ddbb0
96782 [main] INFO  o.a.s.testing - Deleting temporary path /tmp/32248716-beeb-41fe-9069-f340c863cc83
Tests run: 20, Passed: 69, Failures: 1, Errors: 0
Running org.apache.storm.submitter-test
Tests run: 1, Passed: 13, Failures: 0, Errors: 0
Running integration.org.apache.storm.trident.integration-test
Tests run: 9, Passed: 141, Failures: 0, Errors: 0
Running org.apache.storm.versioned-store-test
Tests run: 2, Passed: 5, Failures: 0, Errors: 0
Running org.apache.storm.cluster-test
Tests run: 10, Passed: 98, Failures: 0, Errors: 0
Running org.apache.storm.security.auth.authorizer.DRPCSimpleACLAuthorizer-test
Tests run: 7, Passed: 37, Failures: 0, Errors: 0
Running org.apache.storm.nimbus-test
Tests run: 43, Passed: 795, Failures: 0, Errors: 0
Running org.apache.storm.pacemaker-test
Tests run: 8, Passed: 58, Failures: 0, Errors: 0
Running org.apache.storm.security.auth.auto-login-module-test
Tests run: 6, Passed: 22, Failures: 0, Errors: 0
Running org.apache.storm.grouping-test
Tests run: 5, Passed: 15, Failures: 0, Errors: 0
Running org.apache.storm.security.auth.SaslTransportPlugin-test
Tests run: 2, Passed: 8, Failures: 0, Errors: 0
Running org.apache.storm.serialization-test
Tests run: 6, Passed: 13, Failures: 0, Errors: 0
Running org.apache.storm.worker-test
Tests run: 8, Passed: 35, Failures: 0, Errors: 0
Running org.apache.storm.security.auth.nimbus-auth-test
Tests run: 5, Passed: 39, Failures: 0, Errors: 0
Running org.apache.storm.local-state-test
Tests run: 2, Passed: 10, Failures: 0, Errors: 0
Running org.apache.storm.scheduler-test
Tests run: 4, Passed: 64, Failures: 0, Errors: 0
Running integration.org.apache.storm.testing4j-test
Tests run: 8, Passed: 36, Failures: 0, Errors: 0
Running org.apache.storm.security.auth.ThriftClient-test
Tests run: 2, Passed: 4, Failures: 0, Errors: 0
Running org.apache.storm.tick-tuple-test
Tests run: 1, Passed: 1, Failures: 0, Errors: 0
Running org.apache.storm.scheduler.multitenant-scheduler-test
Tests run: 17, Passed: 235, Failures: 0, Errors: 0
Running org.apache.storm.trident.tuple-test
Tests run: 6, Passed: 36, Failures: 0, Errors: 0
Running org.apache.storm.drpc-test
177530 [Thread-2096] INFO  o.a.s.util - Async loop interrupted!
180064 [Thread-2147] INFO  o.a.s.util - Async loop interrupted!
182259 [Thread-2198] INFO  o.a.s.util - Async loop interrupted!
191728 [Thread-2254] INFO  o.a.s.util - Async loop interrupted!
Tests run: 7, Passed: 17, Failures: 0, Errors: 0
Running org.apache.storm.security.auth.ThriftServer-test
Tests run: 2, Passed: 1, Failures: 0, Errors: 0
Running org.apache.storm.messaging.netty-unit-test
Tests run: 5, Passed: 24, Failures: 0, Errors: 0
[INFO] ------------------------------------------------------------------------
[INFO] BUILD FAILURE
[INFO] ------------------------------------------------------------------------
[INFO] Total time: 04:37 min
[INFO] Finished at: 2016-05-26T20:50:08+00:00
[INFO] Final Memory: 35M/438M
[INFO] ------------------------------------------------------------------------
[ERROR] Failed to execute goal com.theoryinpractise:clojure-maven-plugin:1.7.1:test (test-clojure) on project storm-core: Clojure failed. -> [Help 1]
[ERROR] 
[ERROR] To see the full stack trace of the errors, re-run Maven with the -e switch.
[ERROR] Re-run Maven using the -X switch to enable full debug logging.
[ERROR] 
[ERROR] For more information about the errors and possible solutions, please read the following articles:
[ERROR] [Help 1] http://cwiki.apache.org/confluence/display/MAVEN/MojoExecutionException
Looking for errors in ./storm-core/target/surefire-reports
Checking ./storm-core/target/surefire-reports/TEST-org.apache.storm.trident.TestTridentTopology.xml
Checking ./storm-core/target/surefire-reports/TEST-org.apache.storm.trident.TridentWindowingTest.xml
Checking ./storm-core/target/surefire-reports/TEST-org.apache.storm.utils.DisruptorQueueTest.xml
Checking ./storm-core/target/surefire-reports/TEST-org.apache.storm.utils.ThriftTopologyUtilsTest.xml
Checking ./storm-core/target/surefire-reports/TEST-org.apache.storm.utils.DisruptorQueueBackpressureTest.xml
Checking ./storm-core/target/surefire-reports/TEST-org.apache.storm.utils.WorkerBackpressureThreadTest.xml
Checking ./storm-core/target/surefire-reports/TEST-org.apache.storm.utils.StormBoundedExponentialBackoffRetryTest.xml
Checking ./storm-core/target/surefire-reports/TEST-org.apache.storm.utils.ShellBoltMessageQueueTest.xml
Checking ./storm-core/target/surefire-reports/TEST-org.apache.storm.grouping.PartialKeyGroupingTest.xml
Checking ./storm-core/target/surefire-reports/TEST-org.apache.storm.serialization.GzipBridgeThriftSerializationDelegateTest.xml
Checking ./storm-core/target/surefire-reports/TEST-org.apache.storm.serialization.GzipBridgeSerializationDelegateTest.xml
Checking ./storm-core/target/surefire-reports/TEST-org.apache.storm.serialization.ThriftBridgeSerializationDelegateTest.xml
Checking ./storm-core/target/surefire-reports/TEST-org.apache.storm.metric.internal.CountStatAndMetricTest.xml
Checking ./storm-core/target/surefire-reports/TEST-org.apache.storm.metric.internal.RateTrackerTest.xml
Checking ./storm-core/target/surefire-reports/TEST-org.apache.storm.metric.internal.LatencyStatAndMetricTest.xml
Checking ./storm-core/target/surefire-reports/TEST-org.apache.storm.localizer.LocalizerTest.xml
Checking ./storm-core/target/surefire-reports/TEST-org.apache.storm.localizer.LocalizedResourceRetentionSetTest.xml
Checking ./storm-core/target/surefire-reports/TEST-org.apache.storm.localizer.LocalizedResourceSetTest.xml
Checking ./storm-core/target/surefire-reports/TEST-org.apache.storm.scheduler.resource.TestResourceAwareScheduler.xml
Checking ./storm-core/target/surefire-reports/TEST-org.apache.storm.scheduler.resource.TestUser.xml
Checking ./storm-core/target/surefire-reports/TEST-org.apache.storm.TestConfigValidate.xml
Checking ./storm-core/target/surefire-reports/TEST-org.apache.storm.spout.CheckpointSpoutTest.xml
Checking ./storm-core/target/surefire-reports/TEST-org.apache.storm.blobstore.ClientBlobStoreTest.xml
Checking ./storm-core/target/surefire-reports/TEST-org.apache.storm.blobstore.BlobStoreTest.xml
Checking ./storm-core/target/surefire-reports/TEST-org.apache.storm.blobstore.BlobSynchronizerTest.xml
Checking ./storm-core/target/surefire-reports/TEST-org.apache.storm.topology.TopologyBuilderTest.xml
Checking ./storm-core/target/surefire-reports/TEST-org.apache.storm.topology.StatefulBoltExecutorTest.xml
Checking ./storm-core/target/surefire-reports/TEST-org.apache.storm.topology.StatefulWindowedBoltExecutorTest.xml
Checking ./storm-core/target/surefire-reports/TEST-org.apache.storm.topology.WindowedBoltExecutorTest.xml
Checking ./storm-core/target/surefire-reports/TEST-org.apache.storm.state.InMemoryKeyValueStateTest.xml
Checking ./storm-core/target/surefire-reports/TEST-org.apache.storm.windowing.WaterMarkEventGeneratorTest.xml
Checking ./storm-core/target/surefire-reports/TEST-org.apache.storm.windowing.WindowManagerTest.xml
Looking for errors in ./storm-core/target/test-reports
Checking ./storm-core/target/test-reports/org.apache.storm.clojure-test.xml
Checking ./storm-core/target/test-reports/org.apache.storm.logviewer-test.xml
Checking ./storm-core/target/test-reports/org.apache.storm.pacemaker-state-factory-test.xml
Checking ./storm-core/target/test-reports/integration.org.apache.storm.integration-test.xml
Checking ./storm-core/target/test-reports/org.apache.storm.scheduler.resource-aware-scheduler-test.xml
Checking ./storm-core/target/test-reports/org.apache.storm.tuple-test.xml
Checking ./storm-core/target/test-reports/org.apache.storm.security.auth.AuthUtils-test.xml
Checking ./storm-core/target/test-reports/org.apache.storm.security.auth.drpc-auth-test.xml
Checking ./storm-core/target/test-reports/org.apache.storm.security.auth.ReqContext-test.xml
Checking ./storm-core/target/test-reports/org.apache.storm.security.serialization.BlowfishTupleSerializer-test.xml
Checking ./storm-core/target/test-reports/org.apache.storm.messaging-test.xml
Checking ./storm-core/target/test-reports/org.apache.storm.serialization.SerializationFactory-test.xml
Checking ./storm-core/target/test-reports/org.apache.storm.metrics-test.xml
Checking ./storm-core/target/test-reports/org.apache.storm.subtopology-test.xml
Checking ./storm-core/target/test-reports/org.apache.storm.security.auth.auth-test.xml
Checking ./storm-core/target/test-reports/org.apache.storm.messaging.netty-integration-test.xml
Checking ./storm-core/target/test-reports/org.apache.storm.utils.ZookeeperServerCnxnFactory-test.xml
Checking ./storm-core/target/test-reports/org.apache.storm.utils-test.xml
Checking ./storm-core/target/test-reports/org.apache.storm.trident.state-test.xml
Checking ./storm-core/target/test-reports/org.apache.storm.security.auth.DefaultHttpCredentialsPlugin-test.xml
Checking ./storm-core/target/test-reports/org.apache.storm.transactional-test.xml
Checking ./storm-core/target/test-reports/org.apache.storm.fields-test.xml
Checking ./storm-core/target/test-reports/org.apache.storm.supervisor-test.xml
--------------------------------------------------
classname: org.apache.storm.supervisor-test / testname: test-multiple-active-storms-multiple-supervisors
expected: (= {["sup1" 1] 1, ["sup1" 2] 1, ["sup2" 1] 1} (:shutdown changed))
  actual: (not (= {["sup1" 1] 1, ["sup1" 2] 1, ["sup2" 1] 1} {["sup2" 1] 1, ["sup1" 1] 1, ["sup1" 2] 1, ["sup1" nil] 1}))
      at: test_runner.clj:105
-------------------- system-out --------------------

93651 [main] INFO  o.a.s.zookeeper - Starting inprocess zookeeper at port 2003 and dir /tmp/efe4494d-d5a9-4e0b-8ade-228c75954e82
93682 [main] WARN  o.a.z.j.MBeanRegistry - Failed to register MBean StandaloneServer_port-1
93682 [main] WARN  o.a.z.s.ZooKeeperServer - Failed to register with JMX
javax.management.InstanceAlreadyExistsException: org.apache.ZooKeeperService:name0=StandaloneServer_port-1
	at com.sun.jmx.mbeanserver.Repository.addMBean(Repository.java:437) ~[?:1.7.0_76]
	at com.sun.jmx.interceptor.DefaultMBeanServerInterceptor.registerWithRepository(DefaultMBeanServerInterceptor.java:1898) ~[?:1.7.0_76]
	at com.sun.jmx.interceptor.DefaultMBeanServerInterceptor.registerDynamicMBean(DefaultMBeanServerInterceptor.java:966) ~[?:1.7.0_76]
	at com.sun.jmx.interceptor.DefaultMBeanServerInterceptor.registerObject(DefaultMBeanServerInterceptor.java:900) ~[?:1.7.0_76]
	at com.sun.jmx.interceptor.DefaultMBeanServerInterceptor.registerMBean(DefaultMBeanServerInterceptor.java:324) ~[?:1.7.0_76]
	at com.sun.jmx.mbeanserver.JmxMBeanServer.registerMBean(JmxMBeanServer.java:522) ~[?:1.7.0_76]
	at org.apache.zookeeper.jmx.MBeanRegistry.register(MBeanRegistry.java:96) ~[zookeeper-3.4.6.jar:3.4.6-1569965]
	at org.apache.zookeeper.server.ZooKeeperServer.registerJMX(ZooKeeperServer.java:377) [zookeeper-3.4.6.jar:3.4.6-1569965]
	at org.apache.zookeeper.server.ZooKeeperServer.startup(ZooKeeperServer.java:410) [zookeeper-3.4.6.jar:3.4.6-1569965]
	at org.apache.zookeeper.server.NIOServerCnxnFactory.startup(NIOServerCnxnFactory.java:123) [zookeeper-3.4.6.jar:3.4.6-1569965]
	at sun.reflect.GeneratedMethodAccessor237.invoke(Unknown Source) ~[?:?]
	at sun.reflect.DelegatingMethodAccessorImpl.invoke(DelegatingMethodAccessorImpl.java:43) ~[?:1.7.0_76]
	at java.lang.reflect.Method.invoke(Method.java:606) ~[?:1.7.0_76]
	at clojure.lang.Reflector.invokeMatchingMethod(Reflector.java:93) [clojure-1.7.0.jar:?]
	at clojure.lang.Reflector.invokeInstanceMethod(Reflector.java:28) [clojure-1.7.0.jar:?]
	at org.apache.storm.zookeeper$mk_inprocess_zookeeper.doInvoke(zookeeper.clj:229) [classes/:?]
	at clojure.lang.RestFn.invoke(RestFn.java:410) [clojure-1.7.0.jar:?]
	at org.apache.storm.testing$mk_local_storm_cluster.doInvoke(testing.clj:137) [classes/:?]
	at clojure.lang.RestFn.invoke(RestFn.java:457) [clojure-1.7.0.jar:?]
	at org.apache.storm.supervisor_test$fn__4693.invoke(supervisor_test.clj:133) [?:?]
	at clojure.test$test_var$fn__7670.invoke(test.clj:704) [clojure-1.7.0.jar:?]
	at clojure.test$test_var.invoke(test.clj:704) [clojure-1.7.0.jar:?]
	at clojure.test$test_vars$fn__7692$fn__7697.invoke(test.clj:722) [clojure-1.7.0.jar:?]
	at clojure.test$default_fixture.invoke(test.clj:674) [clojure-1.7.0.jar:?]
	at clojure.test$test_vars$fn__7692.invoke(test.clj:722) [clojure-1.7.0.jar:?]
	at clojure.test$default_fixture.invoke(test.clj:674) [clojure-1.7.0.jar:?]
	at clojure.test$test_vars.invoke(test.clj:718) [clojure-1.7.0.jar:?]
	at clojure.test$test_all_vars.invoke(test.clj:728) [clojure-1.7.0.jar:?]
	at clojure.test$test_ns.invoke(test.clj:747) [clojure-1.7.0.jar:?]
	at clojure.core$map$fn__4553.invoke(core.clj:2624) [clojure-1.7.0.jar:?]
	at clojure.lang.LazySeq.sval(LazySeq.java:40) [clojure-1.7.0.jar:?]
	at clojure.lang.LazySeq.seq(LazySeq.java:49) [clojure-1.7.0.jar:?]
	at clojure.lang.Cons.next(Cons.java:39) [clojure-1.7.0.jar:?]
	at clojure.lang.RT.boundedLength(RT.java:1735) [clojure-1.7.0.jar:?]
	at clojure.lang.RestFn.applyTo(RestFn.java:130) [clojure-1.7.0.jar:?]
	at clojure.core$apply.invoke(core.clj:632) [clojure-1.7.0.jar:?]
	at clojure.test$run_tests.doInvoke(test.clj:762) [clojure-1.7.0.jar:?]
	at clojure.lang.RestFn.invoke(RestFn.java:408) [clojure-1.7.0.jar:?]
	at org.apache.storm.testrunner$eval11081$iter__11082__11086$fn__11087$fn__11088$fn__11089.invoke(test_runner.clj:107) [?:?]
	at org.apache.storm.testrunner$eval11081$iter__11082__11086$fn__11087$fn__11088.invoke(test_runner.clj:53) [?:?]
	at org.apache.storm.testrunner$eval11081$iter__11082__11086$fn__11087.invoke(test_runner.clj:52) [?:?]
	at clojure.lang.LazySeq.sval(LazySeq.java:40) [clojure-1.7.0.jar:?]
	at clojure.lang.LazySeq.seq(LazySeq.java:49) [clojure-1.7.0.jar:?]
	at clojure.lang.RT.seq(RT.java:507) [clojure-1.7.0.jar:?]
	at clojure.core$seq__4128.invoke(core.clj:137) [clojure-1.7.0.jar:?]
	at clojure.core$dorun.invoke(core.clj:3009) [clojure-1.7.0.jar:?]
	at org.apache.storm.testrunner$eval11081.invoke(test_runner.clj:52) [?:?]
	at clojure.lang.Compiler.eval(Compiler.java:6782) [clojure-1.7.0.jar:?]
	at clojure.lang.Compiler.load(Compiler.java:7227) [clojure-1.7.0.jar:?]
	at clojure.lang.Compiler.loadFile(Compiler.java:7165) [clojure-1.7.0.jar:?]
	at clojure.main$load_script.invoke(main.clj:275) [clojure-1.7.0.jar:?]
	at clojure.main$script_opt.invoke(main.clj:337) [clojure-1.7.0.jar:?]
	at clojure.main$main.doInvoke(main.clj:421) [clojure-1.7.0.jar:?]
	at clojure.lang.RestFn.invoke(RestFn.java:421) [clojure-1.7.0.jar:?]
	at clojure.lang.Var.invoke(Var.java:383) [clojure-1.7.0.jar:?]
	at clojure.lang.AFn.applyToHelper(AFn.java:156) [clojure-1.7.0.jar:?]
	at clojure.lang.Var.applyTo(Var.java:700) [clojure-1.7.0.jar:?]
	at clojure.main.main(main.java:37) [clojure-1.7.0.jar:?]
93707 [main] INFO  o.a.s.d.nimbus - Starting Nimbus with conf {"topology.builtin.metrics.bucket.size.secs" 60, "nimbus.childopts" "-Xmx1024m", "ui.filter.params" nil, "storm.cluster.mode" "local", "storm.messaging.netty.client_worker_threads" 1, "logviewer.max.per.worker.logs.size.mb" 2048, "supervisor.run.worker.as.user" false, "topology.max.task.parallelism" nil, "topology.priority" 29, "zmq.threads" 1, "storm.group.mapping.service" "org.apache.storm.security.auth.ShellBasedGroupsMapping", "transactional.zookeeper.root" "/transactional", "topology.sleep.spout.wait.strategy.time.ms" 1, "scheduler.display.resource" false, "topology.max.replication.wait.time.sec" 60, "drpc.invocations.port" 3773, "supervisor.localizer.cache.target.size.mb" 10240, "topology.multilang.serializer" "org.apache.storm.multilang.JsonSerializer", "storm.messaging.netty.server_worker_threads" 1, "nimbus.blobstore.class" "org.apache.storm.blobstore.LocalFsBlobStore", "resource.aware.scheduler.eviction.strategy" "org.apache.storm.scheduler.resource.strategies.eviction.DefaultEvictionStrategy", "topology.max.error.report.per.interval" 5, "storm.thrift.transport" "org.apache.storm.security.auth.SimpleTransportPlugin", "zmq.hwm" 0, "storm.group.mapping.service.params" nil, "worker.profiler.enabled" false, "storm.principal.tolocal" "org.apache.storm.security.auth.DefaultPrincipalToLocal", "supervisor.worker.shutdown.sleep.secs" 1, "pacemaker.host" "localhost", "storm.zookeeper.retry.times" 5, "ui.actions.enabled" true, "zmq.linger.millis" 0, "supervisor.enable" true, "topology.stats.sample.rate" 0.05, "storm.messaging.netty.min_wait_ms" 100, "worker.log.level.reset.poll.secs" 30, "storm.zookeeper.port" 2003, "supervisor.heartbeat.frequency.secs" 5, "topology.enable.message.timeouts" false, "supervisor.cpu.capacity" 400.0, "drpc.worker.threads" 64, "supervisor.blobstore.download.thread.count" 5, "drpc.queue.size" 128, "topology.backpressure.enable" true, "supervisor.blobstore.class" "org.apache.storm.blobstore.NimbusBlobStore", "storm.blobstore.inputstream.buffer.size.bytes" 65536, "topology.shellbolt.max.pending" 100, "drpc.https.keystore.password" "", "nimbus.code.sync.freq.secs" 120, "logviewer.port" 8000, "topology.scheduler.strategy" "org.apache.storm.scheduler.resource.strategies.scheduling.DefaultResourceAwareStrategy", "topology.executor.send.buffer.size" 1024, "resource.aware.scheduler.priority.strategy" "org.apache.storm.scheduler.resource.strategies.priority.DefaultSchedulingPriorityStrategy", "pacemaker.auth.method" "NONE", "storm.daemon.metrics.reporter.plugins" ["org.apache.storm.daemon.metrics.reporters.JmxPreparableReporter"], "topology.worker.logwriter.childopts" "-Xmx64m", "topology.spout.wait.strategy" "org.apache.storm.spout.SleepSpoutWaitStrategy", "ui.host" "0.0.0.0", "storm.nimbus.retry.interval.millis" 2000, "nimbus.inbox.jar.expiration.secs" 3600, "dev.zookeeper.path" "/tmp/dev-storm-zookeeper", "topology.acker.executors" nil, "topology.fall.back.on.java.serialization" true, "topology.eventlogger.executors" 0, "supervisor.localizer.cleanup.interval.ms" 600000, "storm.zookeeper.servers" ["localhost"], "nimbus.thrift.threads" 64, "logviewer.cleanup.age.mins" 10080, "topology.worker.childopts" nil, "topology.classpath" nil, "supervisor.monitor.frequency.secs" 3, "nimbus.credential.renewers.freq.secs" 600, "topology.skip.missing.kryo.registrations" true, "drpc.authorizer.acl.filename" "drpc-auth-acl.yaml", "pacemaker.kerberos.users" [], "storm.group.mapping.service.cache.duration.secs" 120, "NIMBUS-DO-NOT-REASSIGN" true, "topology.testing.always.try.serialize" false, "nimbus.monitor.freq.secs" 10, "storm.health.check.timeout.ms" 5000, "supervisor.supervisors" [], "topology.tasks" nil, "topology.bolts.outgoing.overflow.buffer.enable" false, "storm.messaging.netty.socket.backlog" 500, "topology.workers" 1, "pacemaker.base.threads" 10, "storm.local.dir" "/tmp/f1595430-e954-4dd5-9aa5-0e9711d42c02", "topology.disable.loadaware" false, "worker.childopts" "-Xmx%HEAP-MEM%m -XX:+PrintGCDetails -Xloggc:artifacts/gc.log -XX:+PrintGCDateStamps -XX:+PrintGCTimeStamps -XX:+UseGCLogFileRotation -XX:NumberOfGCLogFiles=10 -XX:GCLogFileSize=1M -XX:+HeapDumpOnOutOfMemoryError -XX:HeapDumpPath=artifacts/heapdump", "storm.auth.simple-white-list.users" [], "topology.disruptor.batch.timeout.millis" 1, "topology.message.timeout.secs" 30, "topology.state.synchronization.timeout.secs" 60, "topology.tuple.serializer" "org.apache.storm.serialization.types.ListDelegateSerializer", "supervisor.supervisors.commands" [], "nimbus.blobstore.expiration.secs" 600, "logviewer.childopts" "-Xmx128m", "topology.environment" nil, "topology.debug" false, "topology.disruptor.batch.size" 100, "storm.messaging.netty.max_retries" 300, "ui.childopts" "-Xmx768m", "storm.network.topography.plugin" "org.apache.storm.networktopography.DefaultRackDNSToSwitchMapping", "storm.zookeeper.session.timeout" 20000, "drpc.childopts" "-Xmx768m", "drpc.http.creds.plugin" "org.apache.storm.security.auth.DefaultHttpCredentialsPlugin", "storm.zookeeper.connection.timeout" 15000, "storm.zookeeper.auth.user" nil, "storm.meta.serialization.delegate" "org.apache.storm.serialization.GzipThriftSerializationDelegate", "topology.max.spout.pending" nil, "storm.codedistributor.class" "org.apache.storm.codedistributor.LocalFileSystemCodeDistributor", "nimbus.supervisor.timeout.secs" 60, "nimbus.task.timeout.secs" 30, "drpc.port" 3772, "pacemaker.max.threads" 50, "storm.zookeeper.retry.intervalceiling.millis" 30000, "nimbus.thrift.port" 6627, "storm.auth.simple-acl.admins" [], "topology.component.cpu.pcore.percent" 10.0, "supervisor.memory.capacity.mb" 3072.0, "storm.nimbus.retry.times" 5, "supervisor.worker.start.timeout.secs" 5, "storm.zookeeper.retry.interval" 1000, "logs.users" nil, "worker.profiler.command" "flight.bash", "transactional.zookeeper.port" nil, "drpc.max_buffer_size" 1048576, "pacemaker.thread.timeout" 10, "task.credentials.poll.secs" 30, "blobstore.superuser" "travis", "drpc.https.keystore.type" "JKS", "topology.worker.receiver.thread.count" 1, "topology.state.checkpoint.interval.ms" 1000, "supervisor.slots.ports" [6700 6701 6702 6703], "topology.transfer.buffer.size" 1024, "storm.health.check.dir" "healthchecks", "topology.worker.shared.thread.pool.size" 4, "drpc.authorizer.acl.strict" false, "nimbus.file.copy.expiration.secs" 600, "worker.profiler.childopts" "-XX:+UnlockCommercialFeatures -XX:+FlightRecorder", "topology.executor.receive.buffer.size" 1024, "backpressure.disruptor.low.watermark" 0.4, "nimbus.task.launch.secs" 120, "storm.local.mode.zmq" false, "storm.messaging.netty.buffer_size" 5242880, "storm.cluster.state.store" "org.apache.storm.cluster_state.zookeeper_state_factory", "worker.heartbeat.frequency.secs" 1, "storm.log4j2.conf.dir" "log4j2", "ui.http.creds.plugin" "org.apache.storm.security.auth.DefaultHttpCredentialsPlugin", "storm.zookeeper.root" "/storm", "topology.tick.tuple.freq.secs" nil, "drpc.https.port" -1, "storm.workers.artifacts.dir" "workers-artifacts", "supervisor.blobstore.download.max_retries" 3, "task.refresh.poll.secs" 10, "storm.exhibitor.port" 8080, "task.heartbeat.frequency.secs" 3, "pacemaker.port" 6699, "storm.messaging.netty.max_wait_ms" 1000, "topology.component.resources.offheap.memory.mb" 0.0, "drpc.http.port" 3774, "topology.error.throttle.interval.secs" 10, "storm.messaging.transport" "org.apache.storm.messaging.netty.Context", "storm.messaging.netty.authentication" false, "topology.component.resources.onheap.memory.mb" 128.0, "topology.kryo.factory" "org.apache.storm.serialization.DefaultKryoFactory", "worker.gc.childopts" "", "nimbus.topology.validator" "org.apache.storm.nimbus.DefaultTopologyValidator", "nimbus.seeds" ["localhost"], "nimbus.queue.size" 100000, "nimbus.cleanup.inbox.freq.secs" 600, "storm.blobstore.replication.factor" 3, "worker.heap.memory.mb" 768, "logviewer.max.sum.worker.logs.size.mb" 4096, "pacemaker.childopts" "-Xmx1024m", "ui.users" nil, "transactional.zookeeper.servers" nil, "supervisor.worker.timeout.secs" 15, "storm.zookeeper.auth.password" nil, "storm.blobstore.acl.validation.enabled" false, "client.blobstore.class" "org.apache.storm.blobstore.NimbusBlobStore", "supervisor.childopts" "-Xmx256m", "topology.worker.max.heap.size.mb" 768.0, "backpressure.disruptor.high.watermark" 0.9, "ui.filter" nil, "ui.header.buffer.bytes" 4096, "topology.min.replication.count" 1, "topology.disruptor.wait.timeout.millis" 1000, "storm.nimbus.retry.intervalceiling.millis" 60000, "topology.trident.batch.emit.interval.millis" 50, "storm.auth.simple-acl.users" [], "drpc.invocations.threads" 64, "java.library.path" "/usr/local/lib:/opt/local/lib:/usr/lib", "ui.port" 8080, "storm.exhibitor.poll.uripath" "/exhibitor/v1/cluster/list", "storm.messaging.netty.transfer.batch.size" 262144, "logviewer.appender.name" "A1", "nimbus.thrift.max_buffer_size" 1048576, "storm.auth.simple-acl.users.commands" [], "drpc.request.timeout.secs" 600}
93707 [main] INFO  o.a.s.d.nimbus - Using default scheduler
93708 [main] INFO  o.a.c.f.i.CuratorFrameworkImpl - Starting
93711 [main] INFO  o.a.c.f.i.CuratorFrameworkImpl - Starting
93712 [main-EventThread] INFO  o.a.c.f.s.ConnectionStateManager - State change: CONNECTED
93712 [main] INFO  o.a.s.b.FileBlobStoreImpl - Creating new blob store based in /tmp/f1595430-e954-4dd5-9aa5-0e9711d42c02/blobs
93712 [main-EventThread] INFO  o.a.s.zookeeper - Zookeeper state update: :connected:none
93718 [main] INFO  o.a.c.f.i.CuratorFrameworkImpl - Starting
93721 [main-EventThread] INFO  o.a.c.f.s.ConnectionStateManager - State change: CONNECTED
93721 [Thread-1089-EventThread] INFO  o.a.c.f.s.ConnectionStateManager - State change: SUSPENDED
93722 [Thread-1089-EventThread] WARN  o.a.s.c.zookeeper-state-factory - Received event :disconnected::none: with disconnected Writer Zookeeper.
93722 [main-EventThread] INFO  o.a.c.f.s.ConnectionStateManager - State change: CONNECTED
93722 [main-EventThread] INFO  o.a.s.zookeeper - Zookeeper state update: :connected:none
93724 [Curator-Framework-0] INFO  o.a.c.f.i.CuratorFrameworkImpl - backgroundOperationsLoop exiting
93725 [main] INFO  o.a.c.f.i.CuratorFrameworkImpl - Starting
93726 [main] INFO  o.a.c.f.i.CuratorFrameworkImpl - Starting
93730 [main-EventThread] INFO  o.a.c.f.s.ConnectionStateManager - State change: CONNECTED
93731 [main-EventThread] INFO  o.a.c.f.s.ConnectionStateManager - State change: CONNECTED
93749 [main] INFO  o.a.s.zookeeper - Queued up for leader lock.
93753 [main-EventThread] INFO  o.a.s.zookeeper - testing-worker-linux-docker-8b76b473-3402-linux-11.prod.travis-ci.org gained leadership
93759 [main] INFO  o.a.s.d.m.MetricsUtils - Using statistics reporter plugin:org.apache.storm.daemon.metrics.reporters.JmxPreparableReporter
93760 [main] INFO  o.a.s.d.m.r.JmxPreparableReporter - Preparing...
93762 [main] INFO  o.a.s.d.common - Started statistics report plugin...
93763 [main] INFO  o.a.c.f.i.CuratorFrameworkImpl - Starting
93765 [main-EventThread] INFO  o.a.c.f.s.ConnectionStateManager - State change: CONNECTED
93765 [main-EventThread] INFO  o.a.s.zookeeper - Zookeeper state update: :connected:none
93765 [Curator-Framework-0] INFO  o.a.c.f.i.CuratorFrameworkImpl - backgroundOperationsLoop exiting
93766 [main] INFO  o.a.c.f.i.CuratorFrameworkImpl - Starting
93767 [main] INFO  o.a.c.f.i.CuratorFrameworkImpl - Starting
93769 [main-EventThread] INFO  o.a.c.f.s.ConnectionStateManager - State change: CONNECTED
93770 [main-EventThread] INFO  o.a.s.zookeeper - Zookeeper state update: :connected:none
93770 [main-EventThread] INFO  o.a.c.f.s.ConnectionStateManager - State change: CONNECTED
93770 [Curator-Framework-0] INFO  o.a.c.f.i.CuratorFrameworkImpl - backgroundOperationsLoop exiting
93771 [main] INFO  o.a.c.f.i.CuratorFrameworkImpl - Starting
93773 [main-EventThread] INFO  o.a.c.f.s.ConnectionStateManager - State change: CONNECTED
93780 [main] INFO  o.a.s.d.supervisor - Starting Supervisor with conf {"topology.builtin.metrics.bucket.size.secs" 60, "nimbus.childopts" "-Xmx1024m", "ui.filter.params" nil, "storm.cluster.mode" "local", "storm.messaging.netty.client_worker_threads" 1, "logviewer.max.per.worker.logs.size.mb" 2048, "supervisor.run.worker.as.user" false, "topology.max.task.parallelism" nil, "topology.priority" 29, "zmq.threads" 1, "storm.group.mapping.service" "org.apache.storm.security.auth.ShellBasedGroupsMapping", "transactional.zookeeper.root" "/transactional", "topology.sleep.spout.wait.strategy.time.ms" 1, "scheduler.display.resource" false, "topology.max.replication.wait.time.sec" 60, "drpc.invocations.port" 3773, "supervisor.localizer.cache.target.size.mb" 10240, "topology.multilang.serializer" "org.apache.storm.multilang.JsonSerializer", "storm.messaging.netty.server_worker_threads" 1, "nimbus.blobstore.class" "org.apache.storm.blobstore.LocalFsBlobStore", "resource.aware.scheduler.eviction.strategy" "org.apache.storm.scheduler.resource.strategies.eviction.DefaultEvictionStrategy", "topology.max.error.report.per.interval" 5, "storm.thrift.transport" "org.apache.storm.security.auth.SimpleTransportPlugin", "zmq.hwm" 0, "storm.group.mapping.service.params" nil, "worker.profiler.enabled" false, "storm.principal.tolocal" "org.apache.storm.security.auth.DefaultPrincipalToLocal", "supervisor.worker.shutdown.sleep.secs" 1, "pacemaker.host" "localhost", "storm.zookeeper.retry.times" 5, "ui.actions.enabled" true, "zmq.linger.millis" 0, "supervisor.enable" true, "topology.stats.sample.rate" 0.05, "storm.messaging.netty.min_wait_ms" 100, "worker.log.level.reset.poll.secs" 30, "storm.zookeeper.port" 2003, "supervisor.heartbeat.frequency.secs" 5, "topology.enable.message.timeouts" false, "supervisor.cpu.capacity" 400.0, "drpc.worker.threads" 64, "supervisor.blobstore.download.thread.count" 5, "drpc.queue.size" 128, "topology.backpressure.enable" true, "supervisor.blobstore.class" "org.apache.storm.blobstore.NimbusBlobStore", "storm.blobstore.inputstream.buffer.size.bytes" 65536, "topology.shellbolt.max.pending" 100, "drpc.https.keystore.password" "", "nimbus.code.sync.freq.secs" 120, "logviewer.port" 8000, "topology.scheduler.strategy" "org.apache.storm.scheduler.resource.strategies.scheduling.DefaultResourceAwareStrategy", "topology.executor.send.buffer.size" 1024, "resource.aware.scheduler.priority.strategy" "org.apache.storm.scheduler.resource.strategies.priority.DefaultSchedulingPriorityStrategy", "pacemaker.auth.method" "NONE", "storm.daemon.metrics.reporter.plugins" ["org.apache.storm.daemon.metrics.reporters.JmxPreparableReporter"], "topology.worker.logwriter.childopts" "-Xmx64m", "topology.spout.wait.strategy" "org.apache.storm.spout.SleepSpoutWaitStrategy", "ui.host" "0.0.0.0", "storm.nimbus.retry.interval.millis" 2000, "nimbus.inbox.jar.expiration.secs" 3600, "dev.zookeeper.path" "/tmp/dev-storm-zookeeper", "topology.acker.executors" nil, "topology.fall.back.on.java.serialization" true, "topology.eventlogger.executors" 0, "supervisor.localizer.cleanup.interval.ms" 600000, "storm.zookeeper.servers" ["localhost"], "nimbus.thrift.threads" 64, "logviewer.cleanup.age.mins" 10080, "topology.worker.childopts" nil, "topology.classpath" nil, "supervisor.monitor.frequency.secs" 3, "nimbus.credential.renewers.freq.secs" 600, "topology.skip.missing.kryo.registrations" true, "drpc.authorizer.acl.filename" "drpc-auth-acl.yaml", "pacemaker.kerberos.users" [], "storm.group.mapping.service.cache.duration.secs" 120, "NIMBUS-DO-NOT-REASSIGN" true, "topology.testing.always.try.serialize" false, "nimbus.monitor.freq.secs" 10, "storm.health.check.timeout.ms" 5000, "supervisor.supervisors" [], "topology.tasks" nil, "topology.bolts.outgoing.overflow.buffer.enable" false, "storm.messaging.netty.socket.backlog" 500, "topology.workers" 1, "pacemaker.base.threads" 10, "storm.local.dir" "/tmp/8233b5f2-2617-4def-bd6a-204dbe5ddbb0", "topology.disable.loadaware" false, "worker.childopts" "-Xmx%HEAP-MEM%m -XX:+PrintGCDetails -Xloggc:artifacts/gc.log -XX:+PrintGCDateStamps -XX:+PrintGCTimeStamps -XX:+UseGCLogFileRotation -XX:NumberOfGCLogFiles=10 -XX:GCLogFileSize=1M -XX:+HeapDumpOnOutOfMemoryError -XX:HeapDumpPath=artifacts/heapdump", "storm.auth.simple-white-list.users" [], "topology.disruptor.batch.timeout.millis" 1, "topology.message.timeout.secs" 30, "topology.state.synchronization.timeout.secs" 60, "topology.tuple.serializer" "org.apache.storm.serialization.types.ListDelegateSerializer", "supervisor.supervisors.commands" [], "nimbus.blobstore.expiration.secs" 600, "logviewer.childopts" "-Xmx128m", "topology.environment" nil, "topology.debug" false, "topology.disruptor.batch.size" 100, "storm.messaging.netty.max_retries" 300, "ui.childopts" "-Xmx768m", "storm.network.topography.plugin" "org.apache.storm.networktopography.DefaultRackDNSToSwitchMapping", "storm.zookeeper.session.timeout" 20000, "drpc.childopts" "-Xmx768m", "drpc.http.creds.plugin" "org.apache.storm.security.auth.DefaultHttpCredentialsPlugin", "storm.zookeeper.connection.timeout" 15000, "storm.zookeeper.auth.user" nil, "storm.meta.serialization.delegate" "org.apache.storm.serialization.GzipThriftSerializationDelegate", "topology.max.spout.pending" nil, "storm.codedistributor.class" "org.apache.storm.codedistributor.LocalFileSystemCodeDistributor", "nimbus.supervisor.timeout.secs" 60, "nimbus.task.timeout.secs" 30, "drpc.port" 3772, "pacemaker.max.threads" 50, "storm.zookeeper.retry.intervalceiling.millis" 30000, "nimbus.thrift.port" 6627, "storm.auth.simple-acl.admins" [], "topology.component.cpu.pcore.percent" 10.0, "supervisor.memory.capacity.mb" 3072.0, "storm.nimbus.retry.times" 5, "supervisor.worker.start.timeout.secs" 5, "storm.zookeeper.retry.interval" 1000, "logs.users" nil, "worker.profiler.command" "flight.bash", "transactional.zookeeper.port" nil, "drpc.max_buffer_size" 1048576, "pacemaker.thread.timeout" 10, "task.credentials.poll.secs" 30, "blobstore.superuser" "travis", "drpc.https.keystore.type" "JKS", "topology.worker.receiver.thread.count" 1, "topology.state.checkpoint.interval.ms" 1000, "supervisor.slots.ports" [1 2 3 4], "topology.transfer.buffer.size" 1024, "storm.health.check.dir" "healthchecks", "topology.worker.shared.thread.pool.size" 4, "drpc.authorizer.acl.strict" false, "nimbus.file.copy.expiration.secs" 600, "worker.profiler.childopts" "-XX:+UnlockCommercialFeatures -XX:+FlightRecorder", "topology.executor.receive.buffer.size" 1024, "backpressure.disruptor.low.watermark" 0.4, "nimbus.task.launch.secs" 120, "storm.local.mode.zmq" false, "storm.messaging.netty.buffer_size" 5242880, "storm.cluster.state.store" "org.apache.storm.cluster_state.zookeeper_state_factory", "worker.heartbeat.frequency.secs" 1, "storm.log4j2.conf.dir" "log4j2", "ui.http.creds.plugin" "org.apache.storm.security.auth.DefaultHttpCredentialsPlugin", "storm.zookeeper.root" "/storm", "topology.tick.tuple.freq.secs" nil, "drpc.https.port" -1, "storm.workers.artifacts.dir" "workers-artifacts", "supervisor.blobstore.download.max_retries" 3, "task.refresh.poll.secs" 10, "storm.exhibitor.port" 8080, "task.heartbeat.frequency.secs" 3, "pacemaker.port" 6699, "storm.messaging.netty.max_wait_ms" 1000, "topology.component.resources.offheap.memory.mb" 0.0, "drpc.http.port" 3774, "topology.error.throttle.interval.secs" 10, "storm.messaging.transport" "org.apache.storm.messaging.netty.Context", "storm.messaging.netty.authentication" false, "topology.component.resources.onheap.memory.mb" 128.0, "topology.kryo.factory" "org.apache.storm.serialization.DefaultKryoFactory", "worker.gc.childopts" "", "nimbus.topology.validator" "org.apache.storm.nimbus.DefaultTopologyValidator", "nimbus.seeds" ["localhost"], "nimbus.queue.size" 100000, "nimbus.cleanup.inbox.freq.secs" 600, "storm.blobstore.replication.factor" 3, "worker.heap.memory.mb" 768, "logviewer.max.sum.worker.logs.size.mb" 4096, "pacemaker.childopts" "-Xmx1024m", "ui.users" nil, "transactional.zookeeper.servers" nil, "supervisor.worker.timeout.secs" 15, "storm.zookeeper.auth.password" nil, "storm.blobstore.acl.validation.enabled" false, "client.blobstore.class" "org.apache.storm.blobstore.NimbusBlobStore", "supervisor.childopts" "-Xmx256m", "topology.worker.max.heap.size.mb" 768.0, "backpressure.disruptor.high.watermark" 0.9, "ui.filter" nil, "ui.header.buffer.bytes" 4096, "topology.min.replication.count" 1, "topology.disruptor.wait.timeout.millis" 1000, "storm.nimbus.retry.intervalceiling.millis" 60000, "topology.trident.batch.emit.interval.millis" 50, "storm.auth.simple-acl.users" [], "drpc.invocations.threads" 64, "java.library.path" "/usr/local/lib:/opt/local/lib:/usr/lib", "ui.port" 8080, "storm.exhibitor.poll.uripath" "/exhibitor/v1/cluster/list", "storm.messaging.netty.transfer.batch.size" 262144, "logviewer.appender.name" "A1", "nimbus.thrift.max_buffer_size" 1048576, "storm.auth.simple-acl.users.commands" [], "drpc.request.timeout.secs" 600}
93781 [main] INFO  o.a.s.l.Localizer - Reconstruct localized resource: /tmp/8233b5f2-2617-4def-bd6a-204dbe5ddbb0/supervisor/usercache
93781 [main] WARN  o.a.s.l.Localizer - No left over resources found for any user during reconstructing of local resources at: /tmp/8233b5f2-2617-4def-bd6a-204dbe5ddbb0/supervisor/usercache
93782 [main] INFO  o.a.c.f.i.CuratorFrameworkImpl - Starting
93785 [main-EventThread] INFO  o.a.c.f.s.ConnectionStateManager - State change: CONNECTED
93785 [main-EventThread] INFO  o.a.s.zookeeper - Zookeeper state update: :connected:none
93785 [Curator-Framework-0] INFO  o.a.c.f.i.CuratorFrameworkImpl - backgroundOperationsLoop exiting
93786 [main] INFO  o.a.c.f.i.CuratorFrameworkImpl - Starting
93788 [main-EventThread] INFO  o.a.c.f.s.ConnectionStateManager - State change: CONNECTED
93792 [main] INFO  o.a.s.d.supervisor - Starting supervisor with id sup1 at host testing-worker-linux-docker-8b76b473-3402-linux-11.prod.travis-ci.org
93794 [main] INFO  o.a.s.d.supervisor - Starting Supervisor with conf {"topology.builtin.metrics.bucket.size.secs" 60, "nimbus.childopts" "-Xmx1024m", "ui.filter.params" nil, "storm.cluster.mode" "local", "storm.messaging.netty.client_worker_threads" 1, "logviewer.max.per.worker.logs.size.mb" 2048, "supervisor.run.worker.as.user" false, "topology.max.task.parallelism" nil, "topology.priority" 29, "zmq.threads" 1, "storm.group.mapping.service" "org.apache.storm.security.auth.ShellBasedGroupsMapping", "transactional.zookeeper.root" "/transactional", "topology.sleep.spout.wait.strategy.time.ms" 1, "scheduler.display.resource" false, "topology.max.replication.wait.time.sec" 60, "drpc.invocations.port" 3773, "supervisor.localizer.cache.target.size.mb" 10240, "topology.multilang.serializer" "org.apache.storm.multilang.JsonSerializer", "storm.messaging.netty.server_worker_threads" 1, "nimbus.blobstore.class" "org.apache.storm.blobstore.LocalFsBlobStore", "resource.aware.scheduler.eviction.strategy" "org.apache.storm.scheduler.resource.strategies.eviction.DefaultEvictionStrategy", "topology.max.error.report.per.interval" 5, "storm.thrift.transport" "org.apache.storm.security.auth.SimpleTransportPlugin", "zmq.hwm" 0, "storm.group.mapping.service.params" nil, "worker.profiler.enabled" false, "storm.principal.tolocal" "org.apache.storm.security.auth.DefaultPrincipalToLocal", "supervisor.worker.shutdown.sleep.secs" 1, "pacemaker.host" "localhost", "storm.zookeeper.retry.times" 5, "ui.actions.enabled" true, "zmq.linger.millis" 0, "supervisor.enable" true, "topology.stats.sample.rate" 0.05, "storm.messaging.netty.min_wait_ms" 100, "worker.log.level.reset.poll.secs" 30, "storm.zookeeper.port" 2003, "supervisor.heartbeat.frequency.secs" 5, "topology.enable.message.timeouts" false, "supervisor.cpu.capacity" 400.0, "drpc.worker.threads" 64, "supervisor.blobstore.download.thread.count" 5, "drpc.queue.size" 128, "topology.backpressure.enable" true, "supervisor.blobstore.class" "org.apache.storm.blobstore.NimbusBlobStore", "storm.blobstore.inputstream.buffer.size.bytes" 65536, "topology.shellbolt.max.pending" 100, "drpc.https.keystore.password" "", "nimbus.code.sync.freq.secs" 120, "logviewer.port" 8000, "topology.scheduler.strategy" "org.apache.storm.scheduler.resource.strategies.scheduling.DefaultResourceAwareStrategy", "topology.executor.send.buffer.size" 1024, "resource.aware.scheduler.priority.strategy" "org.apache.storm.scheduler.resource.strategies.priority.DefaultSchedulingPriorityStrategy", "pacemaker.auth.method" "NONE", "storm.daemon.metrics.reporter.plugins" ["org.apache.storm.daemon.metrics.reporters.JmxPreparableReporter"], "topology.worker.logwriter.childopts" "-Xmx64m", "topology.spout.wait.strategy" "org.apache.storm.spout.SleepSpoutWaitStrategy", "ui.host" "0.0.0.0", "storm.nimbus.retry.interval.millis" 2000, "nimbus.inbox.jar.expiration.secs" 3600, "dev.zookeeper.path" "/tmp/dev-storm-zookeeper", "topology.acker.executors" nil, "topology.fall.back.on.java.serialization" true, "topology.eventlogger.executors" 0, "supervisor.localizer.cleanup.interval.ms" 600000, "storm.zookeeper.servers" ["localhost"], "nimbus.thrift.threads" 64, "logviewer.cleanup.age.mins" 10080, "topology.worker.childopts" nil, "topology.classpath" nil, "supervisor.monitor.frequency.secs" 3, "nimbus.credential.renewers.freq.secs" 600, "topology.skip.missing.kryo.registrations" true, "drpc.authorizer.acl.filename" "drpc-auth-acl.yaml", "pacemaker.kerberos.users" [], "storm.group.mapping.service.cache.duration.secs" 120, "NIMBUS-DO-NOT-REASSIGN" true, "topology.testing.always.try.serialize" false, "nimbus.monitor.freq.secs" 10, "storm.health.check.timeout.ms" 5000, "supervisor.supervisors" [], "topology.tasks" nil, "topology.bolts.outgoing.overflow.buffer.enable" false, "storm.messaging.netty.socket.backlog" 500, "topology.workers" 1, "pacemaker.base.threads" 10, "storm.local.dir" "/tmp/32248716-beeb-41fe-9069-f340c863cc83", "topology.disable.loadaware" false, "worker.childopts" "-Xmx%HEAP-MEM%m -XX:+PrintGCDetails -Xloggc:artifacts/gc.log -XX:+PrintGCDateStamps -XX:+PrintGCTimeStamps -XX:+UseGCLogFileRotation -XX:NumberOfGCLogFiles=10 -XX:GCLogFileSize=1M -XX:+HeapDumpOnOutOfMemoryError -XX:HeapDumpPath=artifacts/heapdump", "storm.auth.simple-white-list.users" [], "topology.disruptor.batch.timeout.millis" 1, "topology.message.timeout.secs" 30, "topology.state.synchronization.timeout.secs" 60, "topology.tuple.serializer" "org.apache.storm.serialization.types.ListDelegateSerializer", "supervisor.supervisors.commands" [], "nimbus.blobstore.expiration.secs" 600, "logviewer.childopts" "-Xmx128m", "topology.environment" nil, "topology.debug" false, "topology.disruptor.batch.size" 100, "storm.messaging.netty.max_retries" 300, "ui.childopts" "-Xmx768m", "storm.network.topography.plugin" "org.apache.storm.networktopography.DefaultRackDNSToSwitchMapping", "storm.zookeeper.session.timeout" 20000, "drpc.childopts" "-Xmx768m", "drpc.http.creds.plugin" "org.apache.storm.security.auth.DefaultHttpCredentialsPlugin", "storm.zookeeper.connection.timeout" 15000, "storm.zookeeper.auth.user" nil, "storm.meta.serialization.delegate" "org.apache.storm.serialization.GzipThriftSerializationDelegate", "topology.max.spout.pending" nil, "storm.codedistributor.class" "org.apache.storm.codedistributor.LocalFileSystemCodeDistributor", "nimbus.supervisor.timeout.secs" 60, "nimbus.task.timeout.secs" 30, "drpc.port" 3772, "pacemaker.max.threads" 50, "storm.zookeeper.retry.intervalceiling.millis" 30000, "nimbus.thrift.port" 6627, "storm.auth.simple-acl.admins" [], "topology.component.cpu.pcore.percent" 10.0, "supervisor.memory.capacity.mb" 3072.0, "storm.nimbus.retry.times" 5, "supervisor.worker.start.timeout.secs" 5, "storm.zookeeper.retry.interval" 1000, "logs.users" nil, "worker.profiler.command" "flight.bash", "transactional.zookeeper.port" nil, "drpc.max_buffer_size" 1048576, "pacemaker.thread.timeout" 10, "task.credentials.poll.secs" 30, "blobstore.superuser" "travis", "drpc.https.keystore.type" "JKS", "topology.worker.receiver.thread.count" 1, "topology.state.checkpoint.interval.ms" 1000, "supervisor.slots.ports" [1 2], "topology.transfer.buffer.size" 1024, "storm.health.check.dir" "healthchecks", "topology.worker.shared.thread.pool.size" 4, "drpc.authorizer.acl.strict" false, "nimbus.file.copy.expiration.secs" 600, "worker.profiler.childopts" "-XX:+UnlockCommercialFeatures -XX:+FlightRecorder", "topology.executor.receive.buffer.size" 1024, "backpressure.disruptor.low.watermark" 0.4, "nimbus.task.launch.secs" 120, "storm.local.mode.zmq" false, "storm.messaging.netty.buffer_size" 5242880, "storm.cluster.state.store" "org.apache.storm.cluster_state.zookeeper_state_factory", "worker.heartbeat.frequency.secs" 1, "storm.log4j2.conf.dir" "log4j2", "ui.http.creds.plugin" "org.apache.storm.security.auth.DefaultHttpCredentialsPlugin", "storm.zookeeper.root" "/storm", "topology.tick.tuple.freq.secs" nil, "drpc.https.port" -1, "storm.workers.artifacts.dir" "workers-artifacts", "supervisor.blobstore.download.max_retries" 3, "task.refresh.poll.secs" 10, "storm.exhibitor.port" 8080, "task.heartbeat.frequency.secs" 3, "pacemaker.port" 6699, "storm.messaging.netty.max_wait_ms" 1000, "topology.component.resources.offheap.memory.mb" 0.0, "drpc.http.port" 3774, "topology.error.throttle.interval.secs" 10, "storm.messaging.transport" "org.apache.storm.messaging.netty.Context", "storm.messaging.netty.authentication" false, "topology.component.resources.onheap.memory.mb" 128.0, "topology.kryo.factory" "org.apache.storm.serialization.DefaultKryoFactory", "worker.gc.childopts" "", "nimbus.topology.validator" "org.apache.storm.nimbus.DefaultTopologyValidator", "nimbus.seeds" ["localhost"], "nimbus.queue.size" 100000, "nimbus.cleanup.inbox.freq.secs" 600, "storm.blobstore.replication.factor" 3, "worker.heap.memory.mb" 768, "logviewer.max.sum.worker.logs.size.mb" 4096, "pacemaker.childopts" "-Xmx1024m", "ui.users" nil, "transactional.zookeeper.servers" nil, "supervisor.worker.timeout.secs" 15, "storm.zookeeper.auth.password" nil, "storm.blobstore.acl.validation.enabled" false, "client.blobstore.class" "org.apache.storm.blobstore.NimbusBlobStore", "supervisor.childopts" "-Xmx256m", "topology.worker.max.heap.size.mb" 768.0, "backpressure.disruptor.high.watermark" 0.9, "ui.filter" nil, "ui.header.buffer.bytes" 4096, "topology.min.replication.count" 1, "topology.disruptor.wait.timeout.millis" 1000, "storm.nimbus.retry.intervalceiling.millis" 60000, "topology.trident.batch.emit.interval.millis" 50, "storm.auth.simple-acl.users" [], "drpc.invocations.threads" 64, "java.library.path" "/usr/local/lib:/opt/local/lib:/usr/lib", "ui.port" 8080, "storm.exhibitor.poll.uripath" "/exhibitor/v1/cluster/list", "storm.messaging.netty.transfer.batch.size" 262144, "logviewer.appender.name" "A1", "nimbus.thrift.max_buffer_size" 1048576, "storm.auth.simple-acl.users.commands" [], "drpc.request.timeout.secs" 600}
93794 [main] INFO  o.a.s.l.Localizer - Reconstruct localized resource: /tmp/32248716-beeb-41fe-9069-f340c863cc83/supervisor/usercache
93794 [main] WARN  o.a.s.l.Localizer - No left over resources found for any user during reconstructing of local resources at: /tmp/32248716-beeb-41fe-9069-f340c863cc83/supervisor/usercache
93795 [main] INFO  o.a.c.f.i.CuratorFrameworkImpl - Starting
93797 [main-EventThread] INFO  o.a.c.f.s.ConnectionStateManager - State change: CONNECTED
93797 [main-EventThread] INFO  o.a.s.zookeeper - Zookeeper state update: :connected:none
93797 [Curator-Framework-0] INFO  o.a.c.f.i.CuratorFrameworkImpl - backgroundOperationsLoop exiting
93798 [main] INFO  o.a.c.f.i.CuratorFrameworkImpl - Starting
93799 [main-EventThread] INFO  o.a.c.f.s.ConnectionStateManager - State change: CONNECTED
93803 [main] INFO  o.a.s.d.supervisor - Starting supervisor with id sup2 at host testing-worker-linux-docker-8b76b473-3402-linux-11.prod.travis-ci.org
93805 [main] INFO  o.a.s.l.ThriftAccessLogger - Request ID: 102 access from:  principal:  operation: submitTopology
93807 [main] INFO  o.a.s.d.nimbus - Received topology submission for test with conf {"topology.max.task.parallelism" nil, "topology.submitter.principal" "", "topology.acker.executors" nil, "topology.eventlogger.executors" 0, "topology.workers" 3, "topology.message.timeout.secs" 40, "storm.zookeeper.superACL" nil, "topology.users" (), "topology.submitter.user" "travis", "topology.kryo.register" nil, "topology.kryo.decorators" (), "storm.id" "test-1-0", "topology.name" "test"}
93810 [main] INFO  o.a.s.d.nimbus - uploadedJar 
93812 [main] INFO  o.a.c.f.i.CuratorFrameworkImpl - Starting
93814 [main-EventThread] INFO  o.a.c.f.s.ConnectionStateManager - State change: CONNECTED
93817 [Curator-Framework-0] INFO  o.a.c.f.i.CuratorFrameworkImpl - backgroundOperationsLoop exiting
93818 [main] INFO  o.a.s.cluster - setup-path/blobstore/test-1-0-stormconf.ser/testing-worker-linux-docker-8b76b473-3402-linux-11.prod.travis-ci.org:6627-1
93822 [main] INFO  o.a.c.f.i.CuratorFrameworkImpl - Starting
93824 [main-EventThread] INFO  o.a.c.f.s.ConnectionStateManager - State change: CONNECTED
93826 [Curator-Framework-0] INFO  o.a.c.f.i.CuratorFrameworkImpl - backgroundOperationsLoop exiting
93827 [main] INFO  o.a.s.cluster - setup-path/blobstore/test-1-0-stormcode.ser/testing-worker-linux-docker-8b76b473-3402-linux-11.prod.travis-ci.org:6627-1
93831 [main] INFO  o.a.s.d.nimbus - desired replication count 1 achieved, current-replication-count for conf key = 1, current-replication-count for code key = 1, current-replication-count for jar key = 1
93847 [main] INFO  o.a.s.d.nimbus - Activating test: test-1-0
93857 [main] INFO  o.a.s.l.ThriftAccessLogger - Request ID: 102 access from:  principal:  operation: rebalance
93859 [main] INFO  o.a.s.d.nimbus - Delaying event :do-rebalance for 0 secs for test-1-0
93915 [timer] INFO  o.a.s.s.EvenScheduler - Available slots: (["sup1" 1] ["sup1" 2] ["sup1" 3] ["sup1" 4] ["sup2" 1] ["sup2" 2])
93917 [timer] INFO  o.a.s.d.nimbus - Setting new assignment for topology id test-1-0: #org.apache.storm.daemon.common.Assignment{:master-code-dir "/tmp/f1595430-e954-4dd5-9aa5-0e9711d42c02", :node->host {"sup1" "testing-worker-linux-docker-8b76b473-3402-linux-11.prod.travis-ci.org", "sup2" "testing-worker-linux-docker-8b76b473-3402-linux-11.prod.travis-ci.org"}, :executor->node+port {[3 3] ["sup1" 2], [6 6] ["sup1" 2], [5 5] ["sup2" 1], [4 4] ["sup1" 1], [7 7] ["sup1" 1], [2 2] ["sup2" 1], [1 1] ["sup1" 1]}, :executor->start-time-secs {[1 1] 1, [4 4] 1, [7 7] 1, [2 2] 1, [5 5] 1, [3 3] 1, [6 6] 1}, :worker->resources {["sup1" 2] [0.0 0.0 0.0], ["sup2" 1] [0.0 0.0 0.0], ["sup1" 1] [0.0 0.0 0.0]}}
93921 [Thread-1097] INFO  o.a.s.d.supervisor - Downloading code for storm id test-1-0
93921 [Thread-1097] INFO  o.a.c.f.i.CuratorFrameworkImpl - Starting
93922 [Thread-1095] INFO  o.a.s.d.supervisor - Downloading code for storm id test-1-0
93922 [Thread-1097] INFO  o.a.s.b.FileBlobStoreImpl - Creating new blob store based in /tmp/f1595430-e954-4dd5-9aa5-0e9711d42c02/blobs
93923 [Thread-1095] INFO  o.a.c.f.i.CuratorFrameworkImpl - Starting
93937 [Thread-1095] INFO  o.a.s.b.FileBlobStoreImpl - Creating new blob store based in /tmp/f1595430-e954-4dd5-9aa5-0e9711d42c02/blobs
93943 [Curator-Framework-0] INFO  o.a.c.f.i.CuratorFrameworkImpl - backgroundOperationsLoop exiting
93943 [Thread-1097-EventThread] INFO  o.a.c.f.s.ConnectionStateManager - State change: CONNECTED
93948 [Thread-1097] INFO  o.a.s.d.supervisor - Copying resources at file:/home/travis/build/apache/storm/storm-core/target/test-classes/resources to /tmp/32248716-beeb-41fe-9069-f340c863cc83/supervisor/stormdist/test-1-0/resources
93951 [Thread-1097] INFO  o.a.s.d.supervisor - Finished downloading code for storm id test-1-0
93958 [Curator-Framework-0] INFO  o.a.c.f.i.CuratorFrameworkImpl - backgroundOperationsLoop exiting
93958 [Thread-1098] INFO  o.a.s.d.supervisor - Launching worker with assignment {:storm-id "test-1-0", :executors [[2 2] [5 5]], :resources #object[org.apache.storm.generated.WorkerResources 0x717d3da1 "WorkerResources(mem_on_heap:0.0, mem_off_heap:0.0, cpu:0.0)"]} for this supervisor sup2 on port 1 with id 88ef744b-bd71-4492-9c87-c9287969c8b3
93959 [Thread-1098] INFO  o.a.s.config - SET worker-user 88ef744b-bd71-4492-9c87-c9287969c8b3 
93960 [Thread-1098] INFO  o.a.s.d.supervisor - 88ef744b-bd71-4492-9c87-c9287969c8b3 still hasn't started
93963 [Thread-1095] INFO  o.a.s.d.supervisor - Copying resources at file:/home/travis/build/apache/storm/storm-core/target/test-classes/resources to /tmp/8233b5f2-2617-4def-bd6a-204dbe5ddbb0/supervisor/stormdist/test-1-0/resources
93966 [Thread-1095] INFO  o.a.s.d.supervisor - Finished downloading code for storm id test-1-0
93968 [Thread-1096] INFO  o.a.s.d.supervisor - Launching worker with assignment {:storm-id "test-1-0", :executors [[7 7] [1 1] [4 4]], :resources #object[org.apache.storm.generated.WorkerResources 0x76f2b91c "WorkerResources(mem_on_heap:0.0, mem_off_heap:0.0, cpu:0.0)"]} for this supervisor sup1 on port 1 with id af42e7bc-aafc-4598-900d-0d64e7d16b84
93968 [Thread-1096] INFO  o.a.s.config - SET worker-user af42e7bc-aafc-4598-900d-0d64e7d16b84 
93969 [Thread-1096] INFO  o.a.s.d.supervisor - Launching worker with assignment {:storm-id "test-1-0", :executors [[6 6] [3 3]], :resources #object[org.apache.storm.generated.WorkerResources 0x39571a46 "WorkerResources(mem_on_heap:0.0, mem_off_heap:0.0, cpu:0.0)"]} for this supervisor sup1 on port 2 with id 827a0c91-80db-4b17-bf33-eb4c8d65122e
93969 [Thread-1096] INFO  o.a.s.config - SET worker-user 827a0c91-80db-4b17-bf33-eb4c8d65122e 
93970 [Thread-1096] INFO  o.a.s.d.supervisor - af42e7bc-aafc-4598-900d-0d64e7d16b84 still hasn't started
93975 [Thread-1098] INFO  o.a.s.d.supervisor - 88ef744b-bd71-4492-9c87-c9287969c8b3 still hasn't started
93980 [Thread-1096] INFO  o.a.s.d.supervisor - af42e7bc-aafc-4598-900d-0d64e7d16b84 still hasn't started
94006 [main] INFO  o.a.s.l.ThriftAccessLogger - Request ID: 102 access from:  principal:  operation: submitTopology
94009 [main] INFO  o.a.s.d.nimbus - Received topology submission for test2 with conf {"topology.max.task.parallelism" nil, "topology.submitter.principal" "", "topology.acker.executors" nil, "topology.eventlogger.executors" 0, "topology.workers" 2, "storm.zookeeper.superACL" nil, "topology.users" (), "topology.submitter.user" "travis", "topology.kryo.register" nil, "topology.kryo.decorators" (), "storm.id" "test2-2-2", "topology.name" "test2"}
94012 [main] INFO  o.a.s.d.nimbus - uploadedJar 
94015 [main] INFO  o.a.c.f.i.CuratorFrameworkImpl - Starting
94019 [main-EventThread] INFO  o.a.c.f.s.ConnectionStateManager - State change: CONNECTED
94021 [Curator-Framework-0] INFO  o.a.c.f.i.CuratorFrameworkImpl - backgroundOperationsLoop exiting
94022 [main] INFO  o.a.s.cluster - setup-path/blobstore/test2-2-2-stormconf.ser/testing-worker-linux-docker-8b76b473-3402-linux-11.prod.travis-ci.org:6627-1
94028 [main] INFO  o.a.c.f.i.CuratorFrameworkImpl - Starting
94030 [main-EventThread] INFO  o.a.c.f.s.ConnectionStateManager - State change: CONNECTED
94031 [Curator-Framework-0] INFO  o.a.c.f.i.CuratorFrameworkImpl - backgroundOperationsLoop exiting
94033 [main] INFO  o.a.s.cluster - setup-path/blobstore/test2-2-2-stormcode.ser/testing-worker-linux-docker-8b76b473-3402-linux-11.prod.travis-ci.org:6627-1
94036 [main] INFO  o.a.s.d.nimbus - desired replication count 1 achieved, current-replication-count for conf key = 1, current-replication-count for code key = 1, current-replication-count for jar key = 1
94052 [main] INFO  o.a.s.d.nimbus - Activating test2: test2-2-2
94061 [main] INFO  o.a.s.l.ThriftAccessLogger - Request ID: 102 access from:  principal:  operation: rebalance
94062 [main] INFO  o.a.s.d.nimbus - Delaying event :do-rebalance for 0 secs for test2-2-2
94146 [timer] INFO  o.a.s.s.EvenScheduler - Available slots: (["sup1" 3] ["sup1" 4] ["sup2" 2])
94148 [timer] INFO  o.a.s.d.nimbus - Setting new assignment for topology id test2-2-2: #org.apache.storm.daemon.common.Assignment{:master-code-dir "/tmp/f1595430-e954-4dd5-9aa5-0e9711d42c02", :node->host {"sup1" "testing-worker-linux-docker-8b76b473-3402-linux-11.prod.travis-ci.org", "sup2" "testing-worker-linux-docker-8b76b473-3402-linux-11.prod.travis-ci.org"}, :executor->node+port {[3 3] ["sup1" 3], [2 2] ["sup2" 2], [5 5] ["sup1" 3], [1 1] ["sup1" 3], [4 4] ["sup2" 2]}, :executor->start-time-secs {[1 1] 3, [3 3] 3, [5 5] 3, [2 2] 3, [4 4] 3}, :worker->resources {["sup1" 3] [0.0 0.0 0.0], ["sup2" 2] [0.0 0.0 0.0]}}
94156 [Thread-1097] INFO  o.a.s.d.supervisor - Downloading code for storm id test2-2-2
94156 [Thread-1097] INFO  o.a.c.f.i.CuratorFrameworkImpl - Starting
94157 [Thread-1095] INFO  o.a.s.d.supervisor - Downloading code for storm id test2-2-2
94158 [Thread-1095] INFO  o.a.c.f.i.CuratorFrameworkImpl - Starting
94158 [Thread-1097] INFO  o.a.s.b.FileBlobStoreImpl - Creating new blob store based in /tmp/f1595430-e954-4dd5-9aa5-0e9711d42c02/blobs
94159 [Thread-1097-EventThread] INFO  o.a.c.f.s.ConnectionStateManager - State change: CONNECTED
94167 [Curator-Framework-0] INFO  o.a.c.f.i.CuratorFrameworkImpl - backgroundOperationsLoop exiting
94167 [Thread-1095] INFO  o.a.s.b.FileBlobStoreImpl - Creating new blob store based in /tmp/f1595430-e954-4dd5-9aa5-0e9711d42c02/blobs
94178 [Thread-1097] INFO  o.a.s.d.supervisor - Copying resources at file:/home/travis/build/apache/storm/storm-core/target/test-classes/resources to /tmp/32248716-beeb-41fe-9069-f340c863cc83/supervisor/stormdist/test2-2-2/resources
94180 [Thread-1097] INFO  o.a.s.d.supervisor - Finished downloading code for storm id test2-2-2
94183 [Thread-1098] INFO  o.a.s.d.supervisor - Launching worker with assignment {:storm-id "test2-2-2", :executors [[2 2] [4 4]], :resources #object[org.apache.storm.generated.WorkerResources 0x365c8eae "WorkerResources(mem_on_heap:0.0, mem_off_heap:0.0, cpu:0.0)"]} for this supervisor sup2 on port 2 with id f7731e96-6ca2-47cd-9e93-4eb3e0a5b616
94184 [Thread-1098] INFO  o.a.s.config - SET worker-user f7731e96-6ca2-47cd-9e93-4eb3e0a5b616 
94185 [Thread-1098] INFO  o.a.s.d.supervisor - f7731e96-6ca2-47cd-9e93-4eb3e0a5b616 still hasn't started
94188 [Thread-1095] INFO  o.a.s.d.supervisor - Copying resources at file:/home/travis/build/apache/storm/storm-core/target/test-classes/resources to /tmp/8233b5f2-2617-4def-bd6a-204dbe5ddbb0/supervisor/stormdist/test2-2-2/resources
94190 [Thread-1095] INFO  o.a.s.d.supervisor - Finished downloading code for storm id test2-2-2
94193 [Thread-1096] INFO  o.a.s.d.supervisor - Launching worker with assignment {:storm-id "test2-2-2", :executors [[1 1] [3 3] [5 5]], :resources #object[org.apache.storm.generated.WorkerResources 0x769b5d63 "WorkerResources(mem_on_heap:0.0, mem_off_heap:0.0, cpu:0.0)"]} for this supervisor sup1 on port 3 with id 27338458-b325-4e91-9d47-52b012fb70d7
94194 [Thread-1096] INFO  o.a.s.config - SET worker-user 27338458-b325-4e91-9d47-52b012fb70d7 
94195 [Thread-1096] INFO  o.a.s.d.supervisor - 27338458-b325-4e91-9d47-52b012fb70d7 still hasn't started
94215 [Thread-1098] INFO  o.a.s.d.supervisor - f7731e96-6ca2-47cd-9e93-4eb3e0a5b616 still hasn't started
94215 [Thread-1096] INFO  o.a.s.d.supervisor - 27338458-b325-4e91-9d47-52b012fb70d7 still hasn't started
94217 [Thread-1064-spout-executor[7 7]-EventThread] WARN  o.a.c.ConnectionState - Session expired event received
94218 [Thread-1064-spout-executor[7 7]-EventThread] INFO  o.a.c.f.s.ConnectionStateManager - State change: LOST
94220 [Thread-1064-spout-executor[7 7]-EventThread] INFO  o.a.c.f.s.ConnectionStateManager - State change: RECONNECTED
94232 [main] INFO  o.a.s.l.ThriftAccessLogger - Request ID: 102 access from:  principal:  operation: killTopology
94239 [main] INFO  o.a.s.d.nimbus - Delaying event :remove for 40 secs for test-1-0
94243 [main] INFO  o.a.s.d.nimbus - Adding topo to history log: test-1-0
94583 [Curator-Framework-0] ERROR o.a.c.ConnectionState - Connection timed out for connection string (localhost:2001) and timeout (15000) / elapsed (17141)
org.apache.curator.CuratorConnectionLossException: KeeperErrorCode = ConnectionLoss
	at org.apache.curator.ConnectionState.checkTimeouts(ConnectionState.java:197) [curator-client-2.10.0.jar:?]
	at org.apache.curator.ConnectionState.getZooKeeper(ConnectionState.java:88) [curator-client-2.10.0.jar:?]
	at org.apache.curator.CuratorZookeeperClient.getZooKeeper(CuratorZookeeperClient.java:116) [curator-client-2.10.0.jar:?]
	at org.apache.curator.framework.imps.CuratorFrameworkImpl.performBackgroundOperation(CuratorFrameworkImpl.java:835) [curator-framework-2.10.0.jar:?]
	at org.apache.curator.framework.imps.CuratorFrameworkImpl.backgroundOperationsLoop(CuratorFrameworkImpl.java:809) [curator-framework-2.10.0.jar:?]
	at org.apache.curator.framework.imps.CuratorFrameworkImpl.access$300(CuratorFrameworkImpl.java:64) [curator-framework-2.10.0.jar:?]
	at org.apache.curator.framework.imps.CuratorFrameworkImpl$4.call(CuratorFrameworkImpl.java:267) [curator-framework-2.10.0.jar:?]
	at java.util.concurrent.FutureTask.run(FutureTask.java:262) [?:1.7.0_76]
	at java.util.concurrent.ScheduledThreadPoolExecutor$ScheduledFutureTask.access$201(ScheduledThreadPoolExecutor.java:178) [?:1.7.0_76]
	at java.util.concurrent.ScheduledThreadPoolExecutor$ScheduledFutureTask.run(ScheduledThreadPoolExecutor.java:292) [?:1.7.0_76]
	at java.util.concurrent.ThreadPoolExecutor.runWorker(ThreadPoolExecutor.java:1145) [?:1.7.0_76]
	at java.util.concurrent.ThreadPoolExecutor$Worker.run(ThreadPoolExecutor.java:615) [?:1.7.0_76]
	at java.lang.Thread.run(Thread.java:745) [?:1.7.0_76]
94932 [Thread-1089-EventThread] WARN  o.a.c.ConnectionState - Session expired event received
94933 [Thread-1089-EventThread] INFO  o.a.c.f.s.ConnectionStateManager - State change: LOST
94933 [Thread-1089-EventThread] WARN  o.a.s.c.zookeeper-state-factory - Received event :expired::none: with disconnected Writer Zookeeper.
94935 [Thread-1089-EventThread] INFO  o.a.c.f.s.ConnectionStateManager - State change: RECONNECTED
94947 [timer] INFO  o.a.s.d.nimbus - Killing topology: test-1-0
94953 [Thread-1097] INFO  o.a.s.d.supervisor - Removing code for storm id test-1-0
94960 [Thread-1095] INFO  o.a.s.d.supervisor - Removing code for storm id test-1-0
94962 [Thread-1098] INFO  o.a.s.d.supervisor - Shutting down and clearing state for id 88ef744b-bd71-4492-9c87-c9287969c8b3. Current supervisor time: 44. State: :disallowed, Heartbeat: {:time-secs 36, :storm-id "test-1-0", :executors [[2 2] [5 5]], :port 1}
94963 [Thread-1098] INFO  o.a.s.d.supervisor - Shutting down sup2:88ef744b-bd71-4492-9c87-c9287969c8b3
94963 [Thread-1098] INFO  o.a.s.config - GET worker-user 88ef744b-bd71-4492-9c87-c9287969c8b3
94964 [Thread-1098] INFO  o.a.s.config - REMOVE worker-user 88ef744b-bd71-4492-9c87-c9287969c8b3
94964 [Thread-1098] INFO  o.a.s.d.supervisor - Shut down sup2:88ef744b-bd71-4492-9c87-c9287969c8b3
94975 [Thread-1096] INFO  o.a.s.d.supervisor - Shutting down and clearing state for id af42e7bc-aafc-4598-900d-0d64e7d16b84. Current supervisor time: 44. State: :disallowed, Heartbeat: {:time-secs 36, :storm-id "test-1-0", :executors [[7 7] [1 1] [4 4]], :port 1}
94975 [Thread-1096] INFO  o.a.s.d.supervisor - Shutting down sup1:af42e7bc-aafc-4598-900d-0d64e7d16b84
94975 [Thread-1096] INFO  o.a.s.config - GET worker-user af42e7bc-aafc-4598-900d-0d64e7d16b84
94977 [Thread-1096] INFO  o.a.s.config - REMOVE worker-user af42e7bc-aafc-4598-900d-0d64e7d16b84
94977 [Thread-1096] INFO  o.a.s.d.supervisor - Shut down sup1:af42e7bc-aafc-4598-900d-0d64e7d16b84
94977 [Thread-1096] INFO  o.a.s.d.supervisor - Shutting down and clearing state for id 827a0c91-80db-4b17-bf33-eb4c8d65122e. Current supervisor time: 44. State: :disallowed, Heartbeat: {:time-secs 36, :storm-id "test-1-0", :executors [[6 6] [3 3]], :port 2}
94977 [Thread-1096] INFO  o.a.s.d.supervisor - Shutting down sup1:827a0c91-80db-4b17-bf33-eb4c8d65122e
94977 [Thread-1096] INFO  o.a.s.config - GET worker-user 827a0c91-80db-4b17-bf33-eb4c8d65122e
94984 [Thread-1096] INFO  o.a.s.config - REMOVE worker-user 827a0c91-80db-4b17-bf33-eb4c8d65122e
94984 [Thread-1096] INFO  o.a.s.d.supervisor - Shut down sup1:827a0c91-80db-4b17-bf33-eb4c8d65122e
95000 [Thread-1096] INFO  o.a.s.d.supervisor - Shutting down and clearing state for id 827a0c91-80db-4b17-bf33-eb4c8d65122e. Current supervisor time: 44. State: :not-started, Heartbeat: nil
95000 [Thread-1096] INFO  o.a.s.d.supervisor - Shutting down sup1:827a0c91-80db-4b17-bf33-eb4c8d65122e
95000 [Thread-1096] INFO  o.a.s.config - GET worker-user 827a0c91-80db-4b17-bf33-eb4c8d65122e
95001 [Thread-1096] WARN  o.a.s.config - Failed to get worker user for 827a0c91-80db-4b17-bf33-eb4c8d65122e. #error {
 :cause /tmp/8233b5f2-2617-4def-bd6a-204dbe5ddbb0/workers-users/827a0c91-80db-4b17-bf33-eb4c8d65122e (No such file or directory)
 :via
 [{:type java.io.FileNotFoundException
   :message /tmp/8233b5f2-2617-4def-bd6a-204dbe5ddbb0/workers-users/827a0c91-80db-4b17-bf33-eb4c8d65122e (No such file or directory)
   :at [java.io.FileInputStream open FileInputStream.java -2]}]
 :trace
 [[java.io.FileInputStream open FileInputStream.java -2]
  [java.io.FileInputStream <init> FileInputStream.java 146]
  [clojure.java.io$fn__9189 invoke io.clj 229]
  [clojure.java.io$fn__9102$G__9095__9109 invoke io.clj 69]
  [clojure.java.io$fn__9201 invoke io.clj 258]
  [clojure.java.io$fn__9102$G__9095__9109 invoke io.clj 69]
  [clojure.java.io$fn__9163 invoke io.clj 165]
  [clojure.java.io$fn__9115$G__9091__9122 invoke io.clj 69]
  [clojure.java.io$reader doInvoke io.clj 102]
  [clojure.lang.RestFn invoke RestFn.java 410]
  [clojure.lang.AFn applyToHelper AFn.java 154]
  [clojure.lang.RestFn applyTo RestFn.java 132]
  [clojure.core$apply invoke core.clj 632]
  [clojure.core$slurp doInvoke core.clj 6653]
  [clojure.lang.RestFn invoke RestFn.java 410]
  [org.apache.storm.config$get_worker_user invoke config.clj 239]
  [org.apache.storm.daemon.supervisor$shutdown_worker invoke supervisor.clj 281]
  [org.apache.storm.testing$mk_capture_shutdown_fn$fn__7901 invoke testing.clj 372]
  [org.apache.storm.daemon.supervisor$sync_processes invoke supervisor.clj 427]
  [clojure.core$partial$fn__4527 invoke core.clj 2492]
  [org.apache.storm.event$event_manager$fn__6974 invoke event.clj 40]
  [clojure.lang.AFn run AFn.java 22]
  [java.lang.Thread run Thread.java 745]]}
95002 [Thread-1096] INFO  o.a.s.config - REMOVE worker-user 827a0c91-80db-4b17-bf33-eb4c8d65122e
95002 [Thread-1096] INFO  o.a.s.d.supervisor - Shut down sup1:827a0c91-80db-4b17-bf33-eb4c8d65122e
            
--------------------------------------------------
Checking ./storm-core/target/test-reports/org.apache.storm.submitter-test.xml
Checking ./storm-core/target/test-reports/integration.org.apache.storm.trident.integration-test.xml
Checking ./storm-core/target/test-reports/org.apache.storm.versioned-store-test.xml
Checking ./storm-core/target/test-reports/org.apache.storm.cluster-test.xml
Checking ./storm-core/target/test-reports/org.apache.storm.security.auth.authorizer.DRPCSimpleACLAuthorizer-test.xml
Checking ./storm-core/target/test-reports/org.apache.storm.nimbus-test.xml
Checking ./storm-core/target/test-reports/org.apache.storm.pacemaker-test.xml
Checking ./storm-core/target/test-reports/org.apache.storm.security.auth.auto-login-module-test.xml
Checking ./storm-core/target/test-reports/org.apache.storm.grouping-test.xml
Checking ./storm-core/target/test-reports/org.apache.storm.security.auth.SaslTransportPlugin-test.xml
Checking ./storm-core/target/test-reports/org.apache.storm.serialization-test.xml
Checking ./storm-core/target/test-reports/org.apache.storm.worker-test.xml
Checking ./storm-core/target/test-reports/org.apache.storm.security.auth.nimbus-auth-test.xml
Checking ./storm-core/target/test-reports/org.apache.storm.local-state-test.xml
Checking ./storm-core/target/test-reports/org.apache.storm.scheduler-test.xml
Checking ./storm-core/target/test-reports/integration.org.apache.storm.testing4j-test.xml
Checking ./storm-core/target/test-reports/org.apache.storm.security.auth.ThriftClient-test.xml
Checking ./storm-core/target/test-reports/org.apache.storm.tick-tuple-test.xml
Checking ./storm-core/target/test-reports/org.apache.storm.scheduler.multitenant-scheduler-test.xml
Checking ./storm-core/target/test-reports/org.apache.storm.trident.tuple-test.xml
Checking ./storm-core/target/test-reports/org.apache.storm.drpc-test.xml
Checking ./storm-core/target/test-reports/org.apache.storm.security.auth.ThriftServer-test.xml
Checking ./storm-core/target/test-reports/org.apache.storm.messaging.netty-unit-test.xml

travis_time:end:06818598:start=1464295530019285530,finish=1464295809708703424,duration=279689417894[0K
[31;1mThe command "/bin/bash ./dev-tools/travis/travis-script.sh `pwd` $MODULES" exited with 1.[0m
travis_fold:start:cache.2[0Kstore build cache
travis_time:start:29b9fe4b[0K
travis_time:end:29b9fe4b:start=1464295809712999115,finish=1464295809716376069,duration=3376954[0Ktravis_time:start:0536f1be[0K[32;1mchange detected (content changed, file is created, or file is deleted):
/home/travis/.m2/repository/eigenbase/eigenbase-properties/1.1.4/eigenbase-properties-1.1.4.pom.lastUpdated
/home/travis/.m2/repository/io/confluent/kafka-avro-serializer/1.0/kafka-avro-serializer-1.0.pom.lastUpdated
/home/travis/.m2/repository/io/confluent/kafka-schema-registry-client/1.0/kafka-schema-registry-client-1.0.pom.lastUpdated
/home/travis/.m2/repository/net/hydromatic/linq4j/0.4/linq4j-0.4.pom.lastUpdated
/home/travis/.m2/repository/net/hydromatic/quidem/0.1.1/quidem-0.1.1.pom.lastUpdated
/home/travis/.m2/repository/org/apache/storm/flux/1.1.0-SNAPSHOT/maven-metadata-local.xml
/home/travis/.m2/repository/org/apache/storm/flux/1.1.0-SNAPSHOT/_remote.repositories
/home/travis/.m2/repository/org/apache/storm/flux-core/1.1.0-SNAPSHOT/flux-core-1.1.0-SNAPSHOT.jar
/home/travis/.m2/repository/org/apache/storm/flux-core/1.1.0-SNAPSHOT/maven-metadata-local.xml
/home/travis/.m2/repository/org/apache/storm/flux-core/1.1.0-SNAPSHOT/_remote.repositories
/home/travis/.m2/repository/org/ap
[0m
[32;1m...
[0m
[32;1mchanges detected, packing new archive[0m
.
.
.
.
.
.
.
.
.
.
.
[32;1muploading archive[0m

travis_time:end:0536f1be:start=1464295809720325398,finish=1464295937529631048,duration=127809305650[0Ktravis_fold:end:cache.2[0K
Done. Your build exited with 1.
