Using worker: worker-linux-docker-23d915db.prod.travis-ci.org:travis-linux-14

travis_fold:start:system_info[0K[33;1mBuild system information[0m
Build language: java
Build group: stable
Build dist: precise
[34m[1mBuild image provisioning date and time[0m
Thu Feb  5 15:09:33 UTC 2015
[34m[1mOperating System Details[0m
Distributor ID:	Ubuntu
Description:	Ubuntu 12.04.5 LTS
Release:	12.04
Codename:	precise
[34m[1mLinux Version[0m
3.13.0-29-generic
[34m[1mCookbooks Version[0m
a68419e https://github.com/travis-ci/travis-cookbooks/tree/a68419e
[34m[1mGCC version[0m
gcc (Ubuntu/Linaro 4.6.3-1ubuntu5) 4.6.3
Copyright (C) 2011 Free Software Foundation, Inc.
This is free software; see the source for copying conditions.  There is NO
warranty; not even for MERCHANTABILITY or FITNESS FOR A PARTICULAR PURPOSE.

[34m[1mLLVM version[0m
clang version 3.4 (tags/RELEASE_34/final)
Target: x86_64-unknown-linux-gnu
Thread model: posix
[34m[1mPre-installed Ruby versions[0m
ruby-1.9.3-p551
[34m[1mPre-installed Node.js versions[0m
v0.10.36
[34m[1mPre-installed Go versions[0m
1.4.1
[34m[1mRedis version[0m
redis-server 2.8.19
[34m[1mriak version[0m
2.0.2
[34m[1mMongoDB version[0m
MongoDB 2.4.12
[34m[1mCouchDB version[0m
couchdb 1.6.1
[34m[1mNeo4j version[0m
1.9.4
[34m[1mRabbitMQ Version[0m
3.4.3
[34m[1mElasticSearch version[0m
1.4.0
[34m[1mInstalled Sphinx versions[0m
2.0.10
2.1.9
2.2.6
[34m[1mDefault Sphinx version[0m
2.2.6
[34m[1mInstalled Firefox version[0m
firefox 31.0esr
[34m[1mPhantomJS version[0m
1.9.8
[34m[1mant -version[0m
Apache Ant(TM) version 1.8.2 compiled on December 3 2011
[34m[1mmvn -version[0m
Apache Maven 3.2.5 (12a6b3acb947671f09b81f49094c53f426d8cea1; 2014-12-14T17:29:23+00:00)
Maven home: /usr/local/maven
Java version: 1.7.0_76, vendor: Oracle Corporation
Java home: /usr/lib/jvm/java-7-oracle/jre
Default locale: en_US, platform encoding: ANSI_X3.4-1968
OS name: "linux", version: "3.13.0-29-generic", arch: "amd64", family: "unix"
travis_fold:end:system_info[0K
travis_fold:start:fix.CVE-2015-7547[0K$ export DEBIAN_FRONTEND=noninteractive
W: Size of file /var/lib/apt/lists/us.archive.ubuntu.com_ubuntu_dists_precise-backports_multiverse_source_Sources.gz is not what the server reported 5886 5888
W: Size of file /var/lib/apt/lists/ppa.launchpad.net_ubuntugis_ppa_ubuntu_dists_precise_main_binary-amd64_Packages.gz is not what the server reported 36669 36677
W: Size of file /var/lib/apt/lists/ppa.launchpad.net_ubuntugis_ppa_ubuntu_dists_precise_main_binary-i386_Packages.gz is not what the server reported 36729 36733
Reading package lists...
Building dependency tree...
Reading state information...
The following extra packages will be installed:
  libc-bin libc-dev-bin libc6-dev
Suggested packages:
  glibc-doc
The following packages will be upgraded:
  libc-bin libc-dev-bin libc6 libc6-dev
4 upgraded, 0 newly installed, 0 to remove and 238 not upgraded.
Need to get 8,840 kB of archives.
After this operation, 14.3 kB disk space will be freed.
Get:1 http://us.archive.ubuntu.com/ubuntu/ precise-updates/main libc6-dev amd64 2.15-0ubuntu10.15 [2,943 kB]
Get:2 http://us.archive.ubuntu.com/ubuntu/ precise-updates/main libc-dev-bin amd64 2.15-0ubuntu10.15 [84.7 kB]
Get:3 http://us.archive.ubuntu.com/ubuntu/ precise-updates/main libc-bin amd64 2.15-0ubuntu10.15 [1,177 kB]
Get:4 http://us.archive.ubuntu.com/ubuntu/ precise-updates/main libc6 amd64 2.15-0ubuntu10.15 [4,636 kB]
Fetched 8,840 kB in 0s (30.9 MB/s)
Preconfiguring packages ...
(Reading database ... (Reading database ... 5%(Reading database ... 10%(Reading database ... 15%(Reading database ... 20%(Reading database ... 25%(Reading database ... 30%(Reading database ... 35%(Reading database ... 40%(Reading database ... 45%(Reading database ... 50%(Reading database ... 55%(Reading database ... 60%(Reading database ... 65%(Reading database ... 70%(Reading database ... 75%(Reading database ... 80%(Reading database ... 85%(Reading database ... 90%(Reading database ... 95%(Reading database ... 100%(Reading database ... 72019 files and directories currently installed.)
Preparing to replace libc6-dev 2.15-0ubuntu10.10 (using .../libc6-dev_2.15-0ubuntu10.15_amd64.deb) ...
Unpacking replacement libc6-dev ...
Preparing to replace libc-dev-bin 2.15-0ubuntu10.10 (using .../libc-dev-bin_2.15-0ubuntu10.15_amd64.deb) ...
Unpacking replacement libc-dev-bin ...
Preparing to replace libc-bin 2.15-0ubuntu10.10 (using .../libc-bin_2.15-0ubuntu10.15_amd64.deb) ...
Unpacking replacement libc-bin ...
Processing triggers for man-db ...
Setting up libc-bin (2.15-0ubuntu10.15) ...
(Reading database ... (Reading database ... 5%(Reading database ... 10%(Reading database ... 15%(Reading database ... 20%(Reading database ... 25%(Reading database ... 30%(Reading database ... 35%(Reading database ... 40%(Reading database ... 45%(Reading database ... 50%(Reading database ... 55%(Reading database ... 60%(Reading database ... 65%(Reading database ... 70%(Reading database ... 75%(Reading database ... 80%(Reading database ... 85%(Reading database ... 90%(Reading database ... 95%(Reading database ... 100%(Reading database ... 72018 files and directories currently installed.)
Preparing to replace libc6 2.15-0ubuntu10.10 (using .../libc6_2.15-0ubuntu10.15_amd64.deb) ...
Unpacking replacement libc6 ...
Setting up libc6 (2.15-0ubuntu10.15) ...
Setting up libc-dev-bin (2.15-0ubuntu10.15) ...
Setting up libc6-dev (2.15-0ubuntu10.15) ...
Processing triggers for libc-bin ...
ldconfig deferred processing now taking place
travis_fold:end:fix.CVE-2015-7547[0Ktravis_fold:start:git.checkout[0Ktravis_time:start:0d4b31f0[0K$ git clone --depth=50 --branch=1.0.x-branch https://github.com/apache/storm.git apache/storm
Cloning into 'apache/storm'...
remote: Counting objects: 3790, done.[K
remote: Compressing objects:   0% (1/2609)   [Kremote: Compressing objects:   1% (27/2609)   [Kremote: Compressing objects:   2% (53/2609)   [Kremote: Compressing objects:   3% (79/2609)   [Kremote: Compressing objects:   4% (105/2609)   [Kremote: Compressing objects:   5% (131/2609)   [Kremote: Compressing objects:   6% (157/2609)   [Kremote: Compressing objects:   7% (183/2609)   [Kremote: Compressing objects:   8% (209/2609)   [Kremote: Compressing objects:   9% (235/2609)   [Kremote: Compressing objects:  10% (261/2609)   [Kremote: Compressing objects:  11% (287/2609)   [Kremote: Compressing objects:  12% (314/2609)   [Kremote: Compressing objects:  13% (340/2609)   [Kremote: Compressing objects:  14% (366/2609)   [Kremote: Compressing objects:  15% (392/2609)   [Kremote: Compressing objects:  16% (418/2609)   [Kremote: Compressing objects:  17% (444/2609)   [Kremote: Compressing objects:  18% (470/2609)   [Kremote: Compressing objects:  19% (496/2609)   [Kremote: Compressing objects:  20% (522/2609)   [Kremote: Compressing objects:  21% (548/2609)   [Kremote: Compressing objects:  22% (574/2609)   [Kremote: Compressing objects:  23% (601/2609)   [Kremote: Compressing objects:  24% (627/2609)   [Kremote: Compressing objects:  25% (653/2609)   [Kremote: Compressing objects:  26% (679/2609)   [Kremote: Compressing objects:  27% (705/2609)   [Kremote: Compressing objects:  28% (731/2609)   [Kremote: Compressing objects:  29% (757/2609)   [Kremote: Compressing objects:  30% (783/2609)   [Kremote: Compressing objects:  31% (809/2609)   [Kremote: Compressing objects:  32% (835/2609)   [Kremote: Compressing objects:  33% (861/2609)   [Kremote: Compressing objects:  34% (888/2609)   [Kremote: Compressing objects:  35% (914/2609)   [Kremote: Compressing objects:  36% (940/2609)   [Kremote: Compressing objects:  37% (966/2609)   [Kremote: Compressing objects:  38% (992/2609)   [Kremote: Compressing objects:  39% (1018/2609)   [Kremote: Compressing objects:  40% (1044/2609)   [Kremote: Compressing objects:  41% (1070/2609)   [Kremote: Compressing objects:  42% (1096/2609)   [Kremote: Compressing objects:  43% (1122/2609)   [Kremote: Compressing objects:  44% (1148/2609)   [Kremote: Compressing objects:  45% (1175/2609)   [Kremote: Compressing objects:  46% (1201/2609)   [Kremote: Compressing objects:  47% (1227/2609)   [Kremote: Compressing objects:  48% (1253/2609)   [Kremote: Compressing objects:  49% (1279/2609)   [Kremote: Compressing objects:  50% (1305/2609)   [Kremote: Compressing objects:  51% (1331/2609)   [Kremote: Compressing objects:  52% (1357/2609)   [Kremote: Compressing objects:  53% (1383/2609)   [Kremote: Compressing objects:  54% (1409/2609)   [Kremote: Compressing objects:  55% (1435/2609)   [Kremote: Compressing objects:  56% (1462/2609)   [Kremote: Compressing objects:  57% (1488/2609)   [Kremote: Compressing objects:  58% (1514/2609)   [Kremote: Compressing objects:  59% (1540/2609)   [Kremote: Compressing objects:  60% (1566/2609)   [Kremote: Compressing objects:  61% (1592/2609)   [Kremote: Compressing objects:  62% (1618/2609)   [Kremote: Compressing objects:  63% (1644/2609)   [Kremote: Compressing objects:  64% (1670/2609)   [Kremote: Compressing objects:  65% (1696/2609)   [Kremote: Compressing objects:  66% (1722/2609)   [Kremote: Compressing objects:  67% (1749/2609)   [Kremote: Compressing objects:  68% (1775/2609)   [Kremote: Compressing objects:  69% (1801/2609)   [Kremote: Compressing objects:  70% (1827/2609)   [Kremote: Compressing objects:  71% (1853/2609)   [Kremote: Compressing objects:  72% (1879/2609)   [Kremote: Compressing objects:  73% (1905/2609)   [Kremote: Compressing objects:  74% (1931/2609)   [Kremote: Compressing objects:  75% (1957/2609)   [Kremote: Compressing objects:  76% (1983/2609)   [Kremote: Compressing objects:  77% (2009/2609)   [Kremote: Compressing objects:  78% (2036/2609)   [Kremote: Compressing objects:  79% (2062/2609)   [Kremote: Compressing objects:  80% (2088/2609)   [Kremote: Compressing objects:  81% (2114/2609)   [Kremote: Compressing objects:  82% (2140/2609)   [Kremote: Compressing objects:  83% (2166/2609)   [Kremote: Compressing objects:  84% (2192/2609)   [Kremote: Compressing objects:  85% (2218/2609)   [Kremote: Compressing objects:  86% (2244/2609)   [Kremote: Compressing objects:  87% (2270/2609)   [Kremote: Compressing objects:  88% (2296/2609)   [Kremote: Compressing objects:  89% (2323/2609)   [Kremote: Compressing objects:  90% (2349/2609)   [Kremote: Compressing objects:  91% (2375/2609)   [Kremote: Compressing objects:  92% (2401/2609)   [Kremote: Compressing objects:  93% (2427/2609)   [Kremote: Compressing objects:  94% (2453/2609)   [Kremote: Compressing objects:  95% (2479/2609)   [Kremote: Compressing objects:  96% (2505/2609)   [Kremote: Compressing objects:  97% (2531/2609)   [Kremote: Compressing objects:  98% (2557/2609)   [Kremote: Compressing objects:  99% (2583/2609)   [Kremote: Compressing objects: 100% (2609/2609)   [Kremote: Compressing objects: 100% (2609/2609), done.[K
Receiving objects:   0% (1/3790)   Receiving objects:   1% (38/3790)   Receiving objects:   2% (76/3790)   Receiving objects:   3% (114/3790)   Receiving objects:   4% (152/3790)   Receiving objects:   5% (190/3790)   Receiving objects:   6% (228/3790)   Receiving objects:   7% (266/3790)   Receiving objects:   8% (304/3790)   Receiving objects:   9% (342/3790)   Receiving objects:  10% (379/3790)   Receiving objects:  11% (417/3790)   Receiving objects:  12% (455/3790)   Receiving objects:  13% (493/3790)   Receiving objects:  14% (531/3790)   Receiving objects:  15% (569/3790)   Receiving objects:  16% (607/3790)   Receiving objects:  17% (645/3790)   Receiving objects:  18% (683/3790)   Receiving objects:  19% (721/3790)   Receiving objects:  20% (758/3790)   Receiving objects:  21% (796/3790)   Receiving objects:  22% (834/3790)   Receiving objects:  23% (872/3790)   Receiving objects:  24% (910/3790)   Receiving objects:  25% (948/3790)   Receiving objects:  26% (986/3790)   Receiving objects:  27% (1024/3790)   Receiving objects:  28% (1062/3790)   Receiving objects:  29% (1100/3790)   Receiving objects:  30% (1137/3790)   Receiving objects:  31% (1175/3790)   Receiving objects:  32% (1213/3790)   Receiving objects:  33% (1251/3790)   Receiving objects:  34% (1289/3790)   Receiving objects:  35% (1327/3790)   Receiving objects:  36% (1365/3790)   Receiving objects:  37% (1403/3790)   Receiving objects:  38% (1441/3790)   Receiving objects:  39% (1479/3790)   Receiving objects:  40% (1516/3790)   Receiving objects:  41% (1554/3790)   Receiving objects:  42% (1592/3790)   Receiving objects:  43% (1630/3790)   Receiving objects:  44% (1668/3790)   Receiving objects:  45% (1706/3790)   Receiving objects:  46% (1744/3790)   Receiving objects:  47% (1782/3790)   Receiving objects:  48% (1820/3790)   Receiving objects:  49% (1858/3790)   Receiving objects:  50% (1895/3790)   Receiving objects:  51% (1933/3790)   Receiving objects:  52% (1971/3790)   Receiving objects:  53% (2009/3790)   Receiving objects:  54% (2047/3790)   Receiving objects:  55% (2085/3790)   Receiving objects:  56% (2123/3790)   Receiving objects:  57% (2161/3790)   Receiving objects:  58% (2199/3790)   Receiving objects:  59% (2237/3790)   Receiving objects:  60% (2274/3790)   Receiving objects:  61% (2312/3790)   Receiving objects:  62% (2350/3790)   Receiving objects:  63% (2388/3790)   Receiving objects:  64% (2426/3790)   Receiving objects:  65% (2464/3790)   Receiving objects:  66% (2502/3790)   Receiving objects:  67% (2540/3790)   Receiving objects:  68% (2578/3790)   Receiving objects:  69% (2616/3790)   Receiving objects:  70% (2653/3790)   Receiving objects:  71% (2691/3790)   Receiving objects:  72% (2729/3790)   Receiving objects:  73% (2767/3790)   Receiving objects:  74% (2805/3790)   Receiving objects:  75% (2843/3790)   Receiving objects:  76% (2881/3790)   Receiving objects:  77% (2919/3790)   Receiving objects:  78% (2957/3790)   Receiving objects:  79% (2995/3790)   Receiving objects:  80% (3032/3790)   Receiving objects:  81% (3070/3790)   Receiving objects:  82% (3108/3790)   Receiving objects:  83% (3146/3790)   Receiving objects:  84% (3184/3790)   Receiving objects:  85% (3222/3790)   Receiving objects:  86% (3260/3790)   Receiving objects:  87% (3298/3790)   Receiving objects:  88% (3336/3790)   Receiving objects:  89% (3374/3790)   Receiving objects:  90% (3411/3790)   Receiving objects:  91% (3449/3790)   Receiving objects:  92% (3487/3790)   Receiving objects:  93% (3525/3790)   remote: Total 3790 (delta 1428), reused 2251 (delta 679), pack-reused 0[K
Receiving objects:  94% (3563/3790)   Receiving objects:  95% (3601/3790)   Receiving objects:  96% (3639/3790)   Receiving objects:  97% (3677/3790)   Receiving objects:  98% (3715/3790)   Receiving objects:  99% (3753/3790)   Receiving objects: 100% (3790/3790)   Receiving objects: 100% (3790/3790), 8.74 MiB | 0 bytes/s, done.
Resolving deltas:   0% (0/1428)   Resolving deltas:   1% (15/1428)   Resolving deltas:   4% (63/1428)   Resolving deltas:   6% (89/1428)   Resolving deltas:   9% (142/1428)   Resolving deltas:  10% (143/1428)   Resolving deltas:  11% (158/1428)   Resolving deltas:  12% (173/1428)   Resolving deltas:  13% (187/1428)   Resolving deltas:  15% (218/1428)   Resolving deltas:  16% (229/1428)   Resolving deltas:  17% (245/1428)   Resolving deltas:  18% (259/1428)   Resolving deltas:  19% (278/1428)   Resolving deltas:  20% (299/1428)   Resolving deltas:  21% (301/1428)   Resolving deltas:  22% (316/1428)   Resolving deltas:  23% (329/1428)   Resolving deltas:  24% (345/1428)   Resolving deltas:  25% (357/1428)   Resolving deltas:  26% (379/1428)   Resolving deltas:  28% (410/1428)   Resolving deltas:  31% (449/1428)   Resolving deltas:  32% (457/1428)   Resolving deltas:  33% (476/1428)   Resolving deltas:  34% (488/1428)   Resolving deltas:  35% (501/1428)   Resolving deltas:  36% (516/1428)   Resolving deltas:  37% (530/1428)   Resolving deltas:  38% (546/1428)   Resolving deltas:  39% (559/1428)   Resolving deltas:  40% (577/1428)   Resolving deltas:  41% (596/1428)   Resolving deltas:  42% (604/1428)   Resolving deltas:  43% (615/1428)   Resolving deltas:  44% (629/1428)   Resolving deltas:  45% (643/1428)   Resolving deltas:  46% (658/1428)   Resolving deltas:  47% (675/1428)   Resolving deltas:  48% (686/1428)   Resolving deltas:  49% (706/1428)   Resolving deltas:  50% (715/1428)   Resolving deltas:  51% (731/1428)   Resolving deltas:  52% (744/1428)   Resolving deltas:  53% (759/1428)   Resolving deltas:  54% (775/1428)   Resolving deltas:  55% (786/1428)   Resolving deltas:  56% (801/1428)   Resolving deltas:  57% (815/1428)   Resolving deltas:  58% (829/1428)   Resolving deltas:  59% (843/1428)   Resolving deltas:  60% (857/1428)   Resolving deltas:  61% (880/1428)   Resolving deltas:  62% (892/1428)   Resolving deltas:  63% (901/1428)   Resolving deltas:  64% (914/1428)   Resolving deltas:  65% (929/1428)   Resolving deltas:  66% (948/1428)   Resolving deltas:  67% (957/1428)   Resolving deltas:  68% (978/1428)   Resolving deltas:  69% (987/1428)   Resolving deltas:  70% (1007/1428)   Resolving deltas:  71% (1014/1428)   Resolving deltas:  72% (1029/1428)   Resolving deltas:  73% (1044/1428)   Resolving deltas:  74% (1058/1428)   Resolving deltas:  75% (1072/1428)   Resolving deltas:  76% (1088/1428)   Resolving deltas:  77% (1100/1428)   Resolving deltas:  78% (1114/1428)   Resolving deltas:  79% (1130/1428)   Resolving deltas:  80% (1147/1428)   Resolving deltas:  81% (1160/1428)   Resolving deltas:  82% (1171/1428)   Resolving deltas:  83% (1186/1428)   Resolving deltas:  84% (1205/1428)   Resolving deltas:  85% (1214/1428)   Resolving deltas:  86% (1232/1428)   Resolving deltas:  87% (1245/1428)   Resolving deltas:  88% (1258/1428)   Resolving deltas:  89% (1272/1428)   Resolving deltas:  90% (1287/1428)   Resolving deltas:  91% (1304/1428)   Resolving deltas:  92% (1315/1428)   Resolving deltas:  93% (1329/1428)   Resolving deltas:  94% (1351/1428)   Resolving deltas:  95% (1357/1428)   Resolving deltas:  96% (1371/1428)   Resolving deltas:  98% (1405/1428)   Resolving deltas:  99% (1414/1428)   Resolving deltas: 100% (1428/1428)   Resolving deltas: 100% (1428/1428), done.
Checking connectivity... done.

travis_time:end:0d4b31f0:start=1464384029553542706,finish=1464384031023866660,duration=1470323954[0K$ cd apache/storm
$ git checkout -qf 8ae86e153524fc889032ba8f85360ebf5f9dad94
travis_fold:end:git.checkout[0K
[33;1mThis job is running on container-based infrastructure, which does not allow use of 'sudo', setuid and setguid executables.[0m
[33;1mIf you require sudo, add 'sudo: required' to your .travis.yml[0m
[33;1mSee https://docs.travis-ci.com/user/workers/container-based-infrastructure/ for details.[0m

[33;1mSetting environment variables from .travis.yml[0m
$ export MODULES=storm-core

$ jdk_switcher use oraclejdk8
Switching to Oracle JDK8 (java-8-oracle), JAVA_HOME will be set to /usr/lib/jvm/java-8-oracle
travis_fold:start:cache.1[0KSetting up build cache
$ export CASHER_DIR=$HOME/.casher
travis_time:start:09cd2360[0K$ Installing caching utilities

travis_time:end:09cd2360:start=1464384033046015149,finish=1464384033140924985,duration=94909836[0Ktravis_time:start:012234f8[0K
travis_time:end:012234f8:start=1464384033145688533,finish=1464384033149063213,duration=3374680[0Ktravis_time:start:0aa07364[0K[32;1mattempting to download cache archive[0m
[32;1mfetching 1.0.x-branch/cache-linux-precise-4722ea394922d42b2b7eb84cff6efc764d76759821ac6f6efc13232aa923f595--jdk-oraclejdk8.tgz[0m
[32;1mfound cache[0m

travis_time:end:0aa07364:start=1464384033152993534,finish=1464384046611931789,duration=13458938255[0Ktravis_time:start:260b3406[0K
travis_time:end:260b3406:start=1464384046615815049,finish=1464384046619130744,duration=3315695[0Ktravis_time:start:132bf7c0[0K[32;1madding /home/travis/.m2/repository to cache[0m
[32;1madding /home/travis/.rvm to cache[0m
[32;1madding /home/travis/.nvm to cache[0m

travis_time:end:132bf7c0:start=1464384046623165544,finish=1464384059170616476,duration=12547450932[0Ktravis_fold:end:cache.1[0K$ java -Xmx32m -version
java version "1.8.0_31"
Java(TM) SE Runtime Environment (build 1.8.0_31-b13)
Java HotSpot(TM) 64-Bit Server VM (build 25.31-b07, mixed mode)
$ javac -J-Xmx32m -version
javac 1.8.0_31
travis_fold:start:before_install.1[0Ktravis_time:start:3bda8178[0K$ rvm use 2.1.5 --install
[32mUsing /home/travis/.rvm/gems/ruby-2.1.5[0m

travis_time:end:3bda8178:start=1464384059674998767,finish=1464384059913643049,duration=238644282[0Ktravis_fold:end:before_install.1[0Ktravis_fold:start:before_install.2[0Ktravis_time:start:0cb15bac[0K$ nvm install 0.12.2
v0.12.2 is already installed.
Now using node v0.12.2

travis_time:end:0cb15bac:start=1464384059917870846,finish=1464384060154266581,duration=236395735[0Ktravis_fold:end:before_install.2[0Ktravis_fold:start:before_install.3[0Ktravis_time:start:0011f382[0K$ nvm use 0.12.2
Now using node v0.12.2

travis_time:end:0011f382:start=1464384060158613540,finish=1464384060213721381,duration=55107841[0Ktravis_fold:end:before_install.3[0Ktravis_fold:start:install[0Ktravis_time:start:10a69f7a[0K$ /bin/bash ./dev-tools/travis/travis-install.sh `pwd`
Python version :   Python 2.7.3
Java HotSpot(TM) 64-Bit Server VM warning: ignoring option MaxPermSize=192m; support was removed in 8.0
Maven version  :   Apache Maven 3.2.5 (12a6b3acb947671f09b81f49094c53f426d8cea1; 2014-12-14T17:29:23+00:00) Maven home: /usr/local/maven Java version: 1.8.0_31, vendor: Oracle Corporation Java home: /usr/lib/jvm/java-8-oracle/jre Default locale: en_US, platform encoding: UTF-8 OS name: "linux", version: "3.13.0-40-generic", arch: "amd64", family: "unix"
['mvn', 'clean', 'install', '-DskipTests', '-Pnative', '--batch-mode'] writing to install.txt
2 seconds 2 log lines13 seconds 83 log lines23 seconds 232 log lines61 seconds 307 log lines81 seconds 315 log lines92 seconds 375 log lines103 seconds 538 log lines121 seconds 617 log lines133 seconds 756 log lines146 seconds 824 log lines161 seconds 842 log lines175 seconds 919 log lines185 seconds 1039 log lines195 seconds 1238 log lines210 seconds 1420 log lines221 seconds 1622 log lines231 seconds 1868 log lines245 seconds 2111 log lines263 seconds 2433 log lines263 seconds 2434 log lines
['mvn', 'clean', 'install', '-DskipTests', '-Pnative', '--batch-mode'] done 0

travis_time:end:10a69f7a:start=1464384060217795558,finish=1464384323685891681,duration=263468096123[0Ktravis_fold:end:install[0Ktravis_time:start:07ea0d90[0K$ /bin/bash ./dev-tools/travis/travis-script.sh `pwd` $MODULES
Python version :   Python 2.7.3
Ruby version   :   ruby 2.1.5p273 (2014-11-13 revision 48405) [x86_64-linux]
NodeJs version :   v0.12.2
Java HotSpot(TM) 64-Bit Server VM warning: ignoring option MaxPermSize=192m; support was removed in 8.0
Maven version  :   Apache Maven 3.2.5 (12a6b3acb947671f09b81f49094c53f426d8cea1; 2014-12-14T17:29:23+00:00) Maven home: /usr/local/maven Java version: 1.8.0_31, vendor: Oracle Corporation Java home: /usr/lib/jvm/java-8-oracle/jre Default locale: en_US, platform encoding: UTF-8 OS name: "linux", version: "3.13.0-40-generic", arch: "amd64", family: "unix"
Java HotSpot(TM) 64-Bit Server VM warning: ignoring option MaxPermSize=192m; support was removed in 8.0
[INFO] Scanning for projects...
[INFO]                                                                         
[INFO] ------------------------------------------------------------------------
[INFO] Building Storm Core 1.0.2-SNAPSHOT
[INFO] ------------------------------------------------------------------------
[INFO] 
[INFO] --- exec-maven-plugin:1.2.1:exec (default) @ storm-core ---
[INFO] 
[INFO] --- maven-remote-resources-plugin:1.2.1:process (default) @ storm-core ---
[INFO] 
[INFO] --- storm-maven-plugins:1.0.2-SNAPSHOT:version-info (version-info) @ storm-core ---
[WARNING] [svn, info] failed with error code 1
[INFO] SCM: GIT
[INFO] Computed MD5: d2634bb85fd81c3513cd1e7a55a18d3e
[INFO] 
[INFO] --- maven-resources-plugin:2.5:resources (default-resources) @ storm-core ---
[debug] execute contextualize
[INFO] Using 'UTF-8' encoding to copy filtered resources.
[INFO] Copying 8 resources
[INFO] Copying 1 resource to META-INF
[INFO] Copying 0 resource
[INFO] Copying 1 resource
[INFO] Copying 3 resources
[INFO] 
[INFO] --- maven-compiler-plugin:3.1:compile (default-compile) @ storm-core ---
[INFO] Nothing to compile - all classes are up to date
[INFO] 
[INFO] --- clojure-maven-plugin:1.7.1:compile (compile-clojure) @ storm-core ---
Compiling org.apache.storm.command.deactivate to /home/travis/build/apache/storm/storm-core/target/classes
Compiling org.apache.storm.trident.testing to /home/travis/build/apache/storm/storm-core/target/classes
Compiling org.apache.storm.command.blobstore to /home/travis/build/apache/storm/storm-core/target/classes
Compiling org.apache.storm.stats to /home/travis/build/apache/storm/storm-core/target/classes
Compiling org.apache.storm.command.set-log-level to /home/travis/build/apache/storm/storm-core/target/classes
Compiling org.apache.storm.daemon.drpc to /home/travis/build/apache/storm/storm-core/target/classes
Compiling org.apache.storm.command.dev-zookeeper to /home/travis/build/apache/storm/storm-core/target/classes
Compiling org.apache.storm.local-state to /home/travis/build/apache/storm/storm-core/target/classes
Compiling org.apache.storm.cluster to /home/travis/build/apache/storm/storm-core/target/classes
Compiling org.apache.storm.testing to /home/travis/build/apache/storm/storm-core/target/classes
Compiling org.apache.storm.command.heartbeats to /home/travis/build/apache/storm/storm-core/target/classes
WARNING: reverse already refers to: #'clojure.core/reverse in namespace: org.apache.storm.command.heartbeats, being replaced by: #'clojure.string/reverse
WARNING: replace already refers to: #'clojure.core/replace in namespace: org.apache.storm.command.heartbeats, being replaced by: #'clojure.string/replace
Compiling org.apache.storm.daemon.builtin-metrics to /home/travis/build/apache/storm/storm-core/target/classes
Compiling org.apache.storm.process-simulator to /home/travis/build/apache/storm/storm-core/target/classes
Compiling org.apache.storm.daemon.acker to /home/travis/build/apache/storm/storm-core/target/classes
Compiling org.apache.storm.log to /home/travis/build/apache/storm/storm-core/target/classes
Compiling org.apache.storm.daemon.common to /home/travis/build/apache/storm/storm-core/target/classes
Compiling org.apache.storm.command.healthcheck to /home/travis/build/apache/storm/storm-core/target/classes
Compiling org.apache.storm.scheduler.EvenScheduler to /home/travis/build/apache/storm/storm-core/target/classes
Compiling org.apache.storm.command.kill-workers to /home/travis/build/apache/storm/storm-core/target/classes
Compiling org.apache.storm.scheduler.IsolationScheduler to /home/travis/build/apache/storm/storm-core/target/classes
Compiling org.apache.storm.command.monitor to /home/travis/build/apache/storm/storm-core/target/classes
Compiling org.apache.storm.timer to /home/travis/build/apache/storm/storm-core/target/classes
Compiling org.apache.storm.config to /home/travis/build/apache/storm/storm-core/target/classes
Compiling org.apache.storm.LocalCluster to /home/travis/build/apache/storm/storm-core/target/classes
Compiling org.apache.storm.thrift to /home/travis/build/apache/storm/storm-core/target/classes
Compiling org.apache.storm.daemon.logviewer to /home/travis/build/apache/storm/storm-core/target/classes
Compiling org.apache.storm.blobstore to /home/travis/build/apache/storm/storm-core/target/classes
Compiling org.apache.storm.zookeeper to /home/travis/build/apache/storm/storm-core/target/classes
Compiling org.apache.storm.clojure to /home/travis/build/apache/storm/storm-core/target/classes
Compiling org.apache.storm.command.rebalance to /home/travis/build/apache/storm/storm-core/target/classes
Compiling org.apache.storm.command.kill-topology to /home/travis/build/apache/storm/storm-core/target/classes
Compiling org.apache.storm.LocalDRPC to /home/travis/build/apache/storm/storm-core/target/classes
Compiling org.apache.storm.messaging.local to /home/travis/build/apache/storm/storm-core/target/classes
Compiling org.apache.storm.daemon.executor to /home/travis/build/apache/storm/storm-core/target/classes
Compiling org.apache.storm.event to /home/travis/build/apache/storm/storm-core/target/classes
Compiling org.apache.storm.daemon.supervisor to /home/travis/build/apache/storm/storm-core/target/classes
Compiling org.apache.storm.command.activate to /home/travis/build/apache/storm/storm-core/target/classes
Compiling org.apache.storm.command.shell-submission to /home/travis/build/apache/storm/storm-core/target/classes
Compiling org.apache.storm.MockAutoCred to /home/travis/build/apache/storm/storm-core/target/classes
Compiling org.apache.storm.command.get-errors to /home/travis/build/apache/storm/storm-core/target/classes
Compiling org.apache.storm.pacemaker.pacemaker to /home/travis/build/apache/storm/storm-core/target/classes
Compiling org.apache.storm.testing4j to /home/travis/build/apache/storm/storm-core/target/classes
Compiling org.apache.storm.metric.testing to /home/travis/build/apache/storm/storm-core/target/classes
Compiling org.apache.storm.ui.core to /home/travis/build/apache/storm/storm-core/target/classes
Compiling org.apache.storm.command.upload-credentials to /home/travis/build/apache/storm/storm-core/target/classes
Compiling org.apache.storm.ui.helpers to /home/travis/build/apache/storm/storm-core/target/classes
Compiling org.apache.storm.scheduler.DefaultScheduler to /home/travis/build/apache/storm/storm-core/target/classes
Compiling org.apache.storm.command.list to /home/travis/build/apache/storm/storm-core/target/classes
Compiling org.apache.storm.pacemaker.pacemaker-state-factory to /home/travis/build/apache/storm/storm-core/target/classes
Compiling org.apache.storm.disruptor to /home/travis/build/apache/storm/storm-core/target/classes
Compiling org.apache.storm.util to /home/travis/build/apache/storm/storm-core/target/classes
Compiling org.apache.storm.daemon.task to /home/travis/build/apache/storm/storm-core/target/classes
Compiling org.apache.storm.command.config-value to /home/travis/build/apache/storm/storm-core/target/classes
Compiling org.apache.storm.converter to /home/travis/build/apache/storm/storm-core/target/classes
Compiling org.apache.storm.daemon.nimbus to /home/travis/build/apache/storm/storm-core/target/classes
Compiling org.apache.storm.cluster-state.zookeeper-state-factory to /home/travis/build/apache/storm/storm-core/target/classes
Compiling org.apache.storm.messaging.loader to /home/travis/build/apache/storm/storm-core/target/classes
Compiling org.apache.storm.daemon.worker to /home/travis/build/apache/storm/storm-core/target/classes
[INFO] 
[INFO] --- make-maven-plugin:1.0-beta-1:autoreconf (compile) @ storm-core ---
[INFO] 
[INFO] --- make-maven-plugin:1.0-beta-1:configure (compile) @ storm-core ---
[INFO] /bin/sh: 14: /home/travis/.jdk_switcher_rc: [[: not found
[INFO] /bin/sh: 22: /home/travis/.jdk_switcher_rc: [[: not found
[INFO] /bin/sh: 32: /home/travis/.jdk_switcher_rc: [[: not found
[INFO] /bin/sh: 42: /home/travis/.jdk_switcher_rc: [[: not found
[INFO] /bin/sh: 3: /etc/profile.d/rvm.sh: [[: not found
[INFO] checking for gcc... gcc
[INFO] checking whether the C compiler works... yes
[INFO] checking for C compiler default output file name... a.out
[INFO] checking for suffix of executables... 
[INFO] checking whether we are cross compiling... no
[INFO] checking for suffix of object files... o
[INFO] checking whether we are using the GNU C compiler... yes
[INFO] checking whether gcc accepts -g... yes
[INFO] checking for gcc option to accept ISO C89... none needed
[INFO] checking how to run the C preprocessor... gcc -E
[INFO] checking for grep that handles long lines and -e... /bin/grep
[INFO] checking for egrep... /bin/grep -E
[INFO] checking for ANSI C header files... yes
[INFO] checking for sys/types.h... yes
[INFO] checking for sys/stat.h... yes
[INFO] checking for stdlib.h... yes
[INFO] checking for string.h... yes
[INFO] checking for memory.h... yes
[INFO] checking for strings.h... yes
[INFO] checking for inttypes.h... yes
[INFO] checking for stdint.h... yes
[INFO] checking for unistd.h... yes
[INFO] checking minix/config.h usability... no
[INFO] checking minix/config.h presence... no
[INFO] checking for minix/config.h... no
[INFO] checking whether it is safe to define __EXTENSIONS__... yes
[INFO] checking for a BSD-compatible install... /usr/bin/install -c
[INFO] checking whether build environment is sane... yes
[INFO] checking for a thread-safe mkdir -p... /bin/mkdir -p
[INFO] checking for gawk... gawk
[INFO] checking whether make sets $(MAKE)... yes
[INFO] checking for style of include used by make... GNU
[INFO] checking dependency style of gcc... gcc3
[INFO] checking for gcc... (cached) gcc
[INFO] checking whether we are using the GNU C compiler... (cached) yes
[INFO] checking whether gcc accepts -g... (cached) yes
[INFO] checking for gcc option to accept ISO C89... (cached) none needed
[INFO] checking whether gcc and cc understand -c and -o together... yes
[INFO] checking for unistd.h... (cached) yes
[INFO] checking for stdbool.h that conforms to C99... yes
[INFO] checking for _Bool... yes
[INFO] checking for an ANSI C-conforming const... yes
[INFO] checking for off_t... yes
[INFO] checking for size_t... yes
[INFO] checking whether strerror_r is declared... yes
[INFO] checking for strerror_r... yes
[INFO] checking whether strerror_r returns char *... yes
[INFO] checking for mkdir... yes
[INFO] checking for uname... yes
[INFO] configure: creating ./config.status
[INFO] config.status: creating Makefile
[INFO] config.status: executing depfiles commands
[INFO] 
[INFO] --- make-maven-plugin:1.0-beta-1:make-install (compile) @ storm-core ---
[INFO] /bin/sh: 14: /home/travis/.jdk_switcher_rc: [[: not found
[INFO] /bin/sh: 22: /home/travis/.jdk_switcher_rc: [[: not found
[INFO] /bin/sh: 32: /home/travis/.jdk_switcher_rc: [[: not found
[INFO] /bin/sh: 42: /home/travis/.jdk_switcher_rc: [[: not found
[INFO] /bin/sh: 3: /etc/profile.d/rvm.sh: [[: not found
[INFO] make[1]: Entering directory `/home/travis/build/apache/storm/storm-core/target/native/worker-launcher'
[INFO] test -z "/usr/local/bin" || /bin/mkdir -p "/home/travis/build/apache/storm/storm-core/target/native/target/usr/local/bin"
[INFO]   /usr/bin/install -c worker-launcher '/home/travis/build/apache/storm/storm-core/target/native/target/usr/local/bin'
[INFO] make[1]: Nothing to be done for `install-data-am'.
[INFO] make[1]: Leaving directory `/home/travis/build/apache/storm/storm-core/target/native/worker-launcher'
[INFO] 
[INFO] --- maven-resources-plugin:2.5:testResources (default-testResources) @ storm-core ---
[debug] execute contextualize
[INFO] Using 'UTF-8' encoding to copy filtered resources.
[INFO] Copying 14 resources
[INFO] Copying 2 resources
[INFO] Copying 3 resources
[INFO] 
[INFO] --- maven-dependency-plugin:2.8:unpack (unpack) @ storm-core ---
[INFO] Configured Artifact: org.apache.storm:multilang-ruby:1.0.2-SNAPSHOT:jar
[INFO] Downloading: https://repository.apache.org/snapshots/org/apache/storm/multilang-ruby/1.0.2-SNAPSHOT/maven-metadata.xml
[INFO] Configured Artifact: org.apache.storm:multilang-python:1.0.2-SNAPSHOT:jar
[INFO] Downloading: https://repository.apache.org/snapshots/org/apache/storm/multilang-python/1.0.2-SNAPSHOT/maven-metadata.xml
[INFO] Configured Artifact: org.apache.storm:multilang-javascript:1.0.2-SNAPSHOT:jar
[INFO] Downloading: https://repository.apache.org/snapshots/org/apache/storm/multilang-javascript/1.0.2-SNAPSHOT/maven-metadata.xml
[INFO] multilang-ruby-1.0.2-SNAPSHOT.jar already unpacked.
[INFO] multilang-python-1.0.2-SNAPSHOT.jar already unpacked.
[INFO] multilang-javascript-1.0.2-SNAPSHOT.jar already unpacked.
[INFO] 
[INFO] --- maven-compiler-plugin:3.1:testCompile (default-testCompile) @ storm-core ---
[INFO] Nothing to compile - all classes are up to date
[INFO] 
[INFO] --- maven-surefire-plugin:2.18.1:test (default-test) @ storm-core ---
[INFO] Surefire report directory: /home/travis/build/apache/storm/storm-core/target/surefire-reports
[INFO] parallel='none', perCoreThreadCount=true, threadCount=0, useUnlimitedThreads=false, threadCountSuites=0, threadCountClasses=0, threadCountMethods=0, parallelOptimized=true

-------------------------------------------------------
 T E S T S
-------------------------------------------------------
Running org.apache.storm.utils.ShellBoltMessageQueueTest
Tests run: 3, Failures: 0, Errors: 0, Skipped: 0, Time elapsed: 2.023 sec - in org.apache.storm.utils.ShellBoltMessageQueueTest
Running org.apache.storm.utils.WorkerBackpressureThreadTest
Tests run: 1, Failures: 0, Errors: 0, Skipped: 0, Time elapsed: 0.206 sec - in org.apache.storm.utils.WorkerBackpressureThreadTest
Running org.apache.storm.utils.DisruptorQueueTest
Tests run: 3, Failures: 0, Errors: 0, Skipped: 0, Time elapsed: 3.348 sec - in org.apache.storm.utils.DisruptorQueueTest
Running org.apache.storm.utils.StormBoundedExponentialBackoffRetryTest
Tests run: 5, Failures: 0, Errors: 0, Skipped: 0, Time elapsed: 0.131 sec - in org.apache.storm.utils.StormBoundedExponentialBackoffRetryTest
Running org.apache.storm.utils.DisruptorQueueBackpressureTest
Tests run: 1, Failures: 0, Errors: 0, Skipped: 0, Time elapsed: 0 sec - in org.apache.storm.utils.DisruptorQueueBackpressureTest
Running org.apache.storm.utils.ThriftTopologyUtilsTest
Tests run: 5, Failures: 0, Errors: 0, Skipped: 0, Time elapsed: 0.136 sec - in org.apache.storm.utils.ThriftTopologyUtilsTest
Running org.apache.storm.spout.CheckpointSpoutTest
Tests run: 7, Failures: 0, Errors: 0, Skipped: 0, Time elapsed: 0.262 sec - in org.apache.storm.spout.CheckpointSpoutTest
Running org.apache.storm.TestConfigValidate
Tests run: 24, Failures: 0, Errors: 0, Skipped: 0, Time elapsed: 0.514 sec - in org.apache.storm.TestConfigValidate
Running org.apache.storm.serialization.GzipBridgeThriftSerializationDelegateTest
Tests run: 3, Failures: 0, Errors: 0, Skipped: 0, Time elapsed: 0.025 sec - in org.apache.storm.serialization.GzipBridgeThriftSerializationDelegateTest
Running org.apache.storm.serialization.ThriftBridgeSerializationDelegateTest
Tests run: 1, Failures: 0, Errors: 0, Skipped: 0, Time elapsed: 0.006 sec - in org.apache.storm.serialization.ThriftBridgeSerializationDelegateTest
Running org.apache.storm.serialization.GzipBridgeSerializationDelegateTest
Tests run: 3, Failures: 0, Errors: 0, Skipped: 0, Time elapsed: 0.017 sec - in org.apache.storm.serialization.GzipBridgeSerializationDelegateTest
Running org.apache.storm.blobstore.ClientBlobStoreTest
Tests run: 4, Failures: 0, Errors: 0, Skipped: 0, Time elapsed: 0.017 sec - in org.apache.storm.blobstore.ClientBlobStoreTest
Running org.apache.storm.blobstore.BlobStoreTest
Tests run: 4, Failures: 0, Errors: 0, Skipped: 0, Time elapsed: 0.978 sec - in org.apache.storm.blobstore.BlobStoreTest
Running org.apache.storm.blobstore.BlobSynchronizerTest
Tests run: 4, Failures: 0, Errors: 0, Skipped: 0, Time elapsed: 1.775 sec - in org.apache.storm.blobstore.BlobSynchronizerTest
Running org.apache.storm.trident.TridentWindowingTest
Tests run: 3, Failures: 0, Errors: 0, Skipped: 0, Time elapsed: 0 sec - in org.apache.storm.trident.TridentWindowingTest
Running org.apache.storm.trident.TestTridentTopology
Tests run: 1, Failures: 0, Errors: 0, Skipped: 0, Time elapsed: 26.536 sec - in org.apache.storm.trident.TestTridentTopology
Running org.apache.storm.metric.internal.LatencyStatAndMetricTest
Tests run: 1, Failures: 0, Errors: 0, Skipped: 0, Time elapsed: 0.013 sec - in org.apache.storm.metric.internal.LatencyStatAndMetricTest
Running org.apache.storm.metric.internal.CountStatAndMetricTest
Tests run: 1, Failures: 0, Errors: 0, Skipped: 0, Time elapsed: 0.013 sec - in org.apache.storm.metric.internal.CountStatAndMetricTest
Running org.apache.storm.metric.internal.RateTrackerTest
Tests run: 4, Failures: 0, Errors: 0, Skipped: 0, Time elapsed: 0.004 sec - in org.apache.storm.metric.internal.RateTrackerTest
Running org.apache.storm.windowing.WaterMarkEventGeneratorTest
Tests run: 5, Failures: 0, Errors: 0, Skipped: 0, Time elapsed: 1.319 sec - in org.apache.storm.windowing.WaterMarkEventGeneratorTest
Running org.apache.storm.windowing.WindowManagerTest
Tests run: 10, Failures: 0, Errors: 0, Skipped: 0, Time elapsed: 0.385 sec - in org.apache.storm.windowing.WindowManagerTest
Running org.apache.storm.topology.StatefulBoltExecutorTest
Tests run: 7, Failures: 0, Errors: 0, Skipped: 0, Time elapsed: 0.523 sec - in org.apache.storm.topology.StatefulBoltExecutorTest
Running org.apache.storm.topology.WindowedBoltExecutorTest
Tests run: 2, Failures: 0, Errors: 0, Skipped: 0, Time elapsed: 0.15 sec - in org.apache.storm.topology.WindowedBoltExecutorTest
Running org.apache.storm.topology.StatefulWindowedBoltExecutorTest
Tests run: 4, Failures: 0, Errors: 0, Skipped: 0, Time elapsed: 0.109 sec - in org.apache.storm.topology.StatefulWindowedBoltExecutorTest
Running org.apache.storm.topology.TopologyBuilderTest
Tests run: 5, Failures: 0, Errors: 0, Skipped: 0, Time elapsed: 0.221 sec - in org.apache.storm.topology.TopologyBuilderTest
Running org.apache.storm.localizer.LocalizerTest
Tests run: 13, Failures: 0, Errors: 0, Skipped: 0, Time elapsed: 1.311 sec - in org.apache.storm.localizer.LocalizerTest
Running org.apache.storm.localizer.LocalizedResourceRetentionSetTest
Tests run: 2, Failures: 0, Errors: 0, Skipped: 0, Time elapsed: 0.066 sec - in org.apache.storm.localizer.LocalizedResourceRetentionSetTest
Running org.apache.storm.localizer.LocalizedResourceSetTest
Tests run: 4, Failures: 0, Errors: 0, Skipped: 0, Time elapsed: 0.018 sec - in org.apache.storm.localizer.LocalizedResourceSetTest
Running org.apache.storm.scheduler.resource.TestResourceAwareScheduler
Tests run: 15, Failures: 0, Errors: 0, Skipped: 0, Time elapsed: 6.131 sec - in org.apache.storm.scheduler.resource.TestResourceAwareScheduler
Running org.apache.storm.scheduler.resource.TestUser
Tests run: 3, Failures: 0, Errors: 0, Skipped: 0, Time elapsed: 1.356 sec - in org.apache.storm.scheduler.resource.TestUser
Running org.apache.storm.grouping.PartialKeyGroupingTest
Tests run: 2, Failures: 0, Errors: 0, Skipped: 0, Time elapsed: 0.027 sec - in org.apache.storm.grouping.PartialKeyGroupingTest
Running org.apache.storm.state.InMemoryKeyValueStateTest
Tests run: 2, Failures: 0, Errors: 0, Skipped: 0, Time elapsed: 0.001 sec - in org.apache.storm.state.InMemoryKeyValueStateTest

Results :

Tests run: 152, Failures: 0, Errors: 0, Skipped: 0

[INFO] 
[INFO] --- clojure-maven-plugin:1.7.1:test (test-clojure) @ storm-core ---
Warning: protocol #'org.apache.storm.pacemaker-state-factory-test/send-capture is overwriting function send
WARNING: send already refers to: #'clojure.core/send in namespace: org.apache.storm.pacemaker-state-factory-test, being replaced by: #'org.apache.storm.pacemaker-state-factory-test/send
Running org.apache.storm.security.auth.auto-login-module-test
Tests run: 6, Passed: 22, Failures: 0, Errors: 0
Running org.apache.storm.transactional-test
Tests run: 7, Passed: 110, Failures: 0, Errors: 0
Running org.apache.storm.serialization-test
Tests run: 6, Passed: 13, Failures: 0, Errors: 0
Running org.apache.storm.utils.ZookeeperServerCnxnFactory-test
Tests run: 2, Passed: 3, Failures: 0, Errors: 0
Running org.apache.storm.versioned-store-test
Tests run: 2, Passed: 5, Failures: 0, Errors: 0
Running org.apache.storm.security.auth.drpc-auth-test
Tests run: 4, Passed: 22, Failures: 0, Errors: 0
Running org.apache.storm.pacemaker-state-factory-test
Tests run: 4, Passed: 15, Failures: 0, Errors: 0
Running org.apache.storm.supervisor-test
40307 [timer] INFO  o.a.s.d.nimbus - Cleaning up test-1-0
40313 [timer] INFO  o.a.s.d.nimbus - ExceptionKeyNotFoundException(msg:test-1-0-stormjar.jar)
42058 [main] INFO  o.a.s.d.nimbus - Shutting down master
42058 [Curator-Framework-0] INFO  o.a.c.f.i.CuratorFrameworkImpl - backgroundOperationsLoop exiting
42060 [Curator-Framework-0] INFO  o.a.c.f.i.CuratorFrameworkImpl - backgroundOperationsLoop exiting
42062 [Curator-Framework-0] INFO  o.a.c.f.i.CuratorFrameworkImpl - backgroundOperationsLoop exiting
42063 [main] INFO  o.a.s.zookeeper - closing zookeeper connection of leader elector.
42063 [Curator-Framework-0] INFO  o.a.c.f.i.CuratorFrameworkImpl - backgroundOperationsLoop exiting
42065 [main] INFO  o.a.s.d.nimbus - Shut down master
42065 [Curator-Framework-0] INFO  o.a.c.f.i.CuratorFrameworkImpl - backgroundOperationsLoop exiting
42067 [Curator-Framework-0] INFO  o.a.c.f.i.CuratorFrameworkImpl - backgroundOperationsLoop exiting
42068 [main] INFO  o.a.s.d.supervisor - Shutting down sup1:466f1c9f-c1f9-4ef9-a071-c71f6078a53e
42068 [main] INFO  o.a.s.config - GET worker-user 466f1c9f-c1f9-4ef9-a071-c71f6078a53e
42070 [main] INFO  o.a.s.config - REMOVE worker-user 466f1c9f-c1f9-4ef9-a071-c71f6078a53e
42070 [main] INFO  o.a.s.d.supervisor - Shut down sup1:466f1c9f-c1f9-4ef9-a071-c71f6078a53e
42070 [main] INFO  o.a.s.d.supervisor - Shutting down supervisor sup1
42071 [Thread-196] INFO  o.a.s.event - Event manager interrupted
42071 [Thread-197] INFO  o.a.s.event - Event manager interrupted
42071 [Curator-Framework-0] INFO  o.a.c.f.i.CuratorFrameworkImpl - backgroundOperationsLoop exiting
42074 [main] INFO  o.a.s.d.supervisor - Shutting down sup2:7c867adc-2d35-4666-b989-1fb790841531
42074 [main] INFO  o.a.s.config - GET worker-user 7c867adc-2d35-4666-b989-1fb790841531
42075 [main] INFO  o.a.s.config - REMOVE worker-user 7c867adc-2d35-4666-b989-1fb790841531
42075 [main] INFO  o.a.s.d.supervisor - Shut down sup2:7c867adc-2d35-4666-b989-1fb790841531
42075 [main] INFO  o.a.s.d.supervisor - Shutting down supervisor sup2
42089 [Thread-199] INFO  o.a.s.d.supervisor - Launching worker with assignment {:storm-id "test2-2-2", :executors [[4 4] [2 2]], :resources #object[org.apache.storm.generated.WorkerResources 0x47952440 "WorkerResources(mem_on_heap:0.0, mem_off_heap:0.0, cpu:0.0)"]} for this supervisor sup2 on port 2 with id 7f60a8e8-4f09-4754-8565-361ecaedb30b
42090 [timer] INFO  o.a.s.c.healthcheck - ()
42091 [Thread-199] INFO  o.a.s.d.worker - Launching worker for test2-2-2 on sup2:2 with id 7f60a8e8-4f09-4754-8565-361ecaedb30b and conf {"topology.builtin.metrics.bucket.size.secs" 60, "nimbus.childopts" "-Xmx1024m", "ui.filter.params" nil, "storm.cluster.mode" "local", "storm.messaging.netty.client_worker_threads" 1, "logviewer.max.per.worker.logs.size.mb" 2048, "supervisor.run.worker.as.user" false, "topology.max.task.parallelism" nil, "topology.priority" 29, "zmq.threads" 1, "storm.group.mapping.service" "org.apache.storm.security.auth.ShellBasedGroupsMapping", "transactional.zookeeper.root" "/transactional", "topology.sleep.spout.wait.strategy.time.ms" 1, "scheduler.display.resource" false, "topology.max.replication.wait.time.sec" 60, "drpc.invocations.port" 3773, "supervisor.localizer.cache.target.size.mb" 10240, "topology.multilang.serializer" "org.apache.storm.multilang.JsonSerializer", "storm.messaging.netty.server_worker_threads" 1, "nimbus.blobstore.class" "org.apache.storm.blobstore.LocalFsBlobStore", "resource.aware.scheduler.eviction.strategy" "org.apache.storm.scheduler.resource.strategies.eviction.DefaultEvictionStrategy", "topology.max.error.report.per.interval" 5, "storm.thrift.transport" "org.apache.storm.security.auth.SimpleTransportPlugin", "zmq.hwm" 0, "storm.group.mapping.service.params" nil, "worker.profiler.enabled" false, "storm.principal.tolocal" "org.apache.storm.security.auth.DefaultPrincipalToLocal", "supervisor.worker.shutdown.sleep.secs" 1, "pacemaker.host" "localhost", "storm.zookeeper.retry.times" 5, "ui.actions.enabled" true, "zmq.linger.millis" 0, "supervisor.enable" true, "topology.stats.sample.rate" 0.05, "storm.messaging.netty.min_wait_ms" 100, "worker.log.level.reset.poll.secs" 30, "storm.zookeeper.port" 2002, "supervisor.heartbeat.frequency.secs" 5, "topology.enable.message.timeouts" false, "supervisor.cpu.capacity" 400.0, "drpc.worker.threads" 64, "supervisor.blobstore.download.thread.count" 5, "drpc.queue.size" 128, "topology.backpressure.enable" true, "supervisor.blobstore.class" "org.apache.storm.blobstore.NimbusBlobStore", "storm.blobstore.inputstream.buffer.size.bytes" 65536, "topology.shellbolt.max.pending" 100, "drpc.https.keystore.password" "", "nimbus.code.sync.freq.secs" 120, "logviewer.port" 8000, "topology.scheduler.strategy" "org.apache.storm.scheduler.resource.strategies.scheduling.DefaultResourceAwareStrategy", "topology.executor.send.buffer.size" 1024, "resource.aware.scheduler.priority.strategy" "org.apache.storm.scheduler.resource.strategies.priority.DefaultSchedulingPriorityStrategy", "pacemaker.auth.method" "NONE", "storm.daemon.metrics.reporter.plugins" ["org.apache.storm.daemon.metrics.reporters.JmxPreparableReporter"], "topology.worker.logwriter.childopts" "-Xmx64m", "topology.spout.wait.strategy" "org.apache.storm.spout.SleepSpoutWaitStrategy", "ui.host" "0.0.0.0", "storm.nimbus.retry.interval.millis" 2000, "nimbus.inbox.jar.expiration.secs" 3600, "dev.zookeeper.path" "/tmp/dev-storm-zookeeper", "topology.acker.executors" nil, "topology.fall.back.on.java.serialization" true, "topology.eventlogger.executors" 0, "supervisor.localizer.cleanup.interval.ms" 600000, "storm.zookeeper.servers" ["localhost"], "nimbus.thrift.threads" 64, "logviewer.cleanup.age.mins" 10080, "topology.worker.childopts" nil, "topology.classpath" nil, "supervisor.monitor.frequency.secs" 3, "nimbus.credential.renewers.freq.secs" 600, "topology.skip.missing.kryo.registrations" true, "drpc.authorizer.acl.filename" "drpc-auth-acl.yaml", "pacemaker.kerberos.users" [], "storm.group.mapping.service.cache.duration.secs" 120, "NIMBUS-DO-NOT-REASSIGN" true, "topology.testing.always.try.serialize" false, "nimbus.monitor.freq.secs" 10, "storm.health.check.timeout.ms" 5000, "supervisor.supervisors" [], "topology.tasks" nil, "topology.bolts.outgoing.overflow.buffer.enable" false, "storm.messaging.netty.socket.backlog" 500, "topology.workers" 1, "pacemaker.base.threads" 10, "storm.local.dir" "/tmp/7eeea862-23dc-4479-b9a5-a9c1170ac1c8", "topology.disable.loadaware" false, "worker.childopts" "-Xmx%HEAP-MEM%m -XX:+PrintGCDetails -Xloggc:artifacts/gc.log -XX:+PrintGCDateStamps -XX:+PrintGCTimeStamps -XX:+UseGCLogFileRotation -XX:NumberOfGCLogFiles=10 -XX:GCLogFileSize=1M -XX:+HeapDumpOnOutOfMemoryError -XX:HeapDumpPath=artifacts/heapdump", "storm.auth.simple-white-list.users" [], "topology.disruptor.batch.timeout.millis" 1, "topology.message.timeout.secs" 30, "topology.state.synchronization.timeout.secs" 60, "topology.tuple.serializer" "org.apache.storm.serialization.types.ListDelegateSerializer", "supervisor.supervisors.commands" [], "nimbus.blobstore.expiration.secs" 600, "logviewer.childopts" "-Xmx128m", "topology.environment" nil, "topology.debug" false, "topology.disruptor.batch.size" 100, "storm.messaging.netty.max_retries" 300, "ui.childopts" "-Xmx768m", "storm.network.topography.plugin" "org.apache.storm.networktopography.DefaultRackDNSToSwitchMapping", "storm.zookeeper.session.timeout" 20000, "drpc.childopts" "-Xmx768m", "drpc.http.creds.plugin" "org.apache.storm.security.auth.DefaultHttpCredentialsPlugin", "storm.zookeeper.connection.timeout" 15000, "storm.zookeeper.auth.user" nil, "storm.meta.serialization.delegate" "org.apache.storm.serialization.GzipThriftSerializationDelegate", "topology.max.spout.pending" nil, "storm.codedistributor.class" "org.apache.storm.codedistributor.LocalFileSystemCodeDistributor", "nimbus.supervisor.timeout.secs" 60, "nimbus.task.timeout.secs" 30, "drpc.port" 3772, "pacemaker.max.threads" 50, "storm.zookeeper.retry.intervalceiling.millis" 30000, "nimbus.thrift.port" 6627, "storm.auth.simple-acl.admins" [], "topology.component.cpu.pcore.percent" 10.0, "supervisor.memory.capacity.mb" 3072.0, "storm.nimbus.retry.times" 5, "supervisor.worker.start.timeout.secs" 5, "storm.zookeeper.retry.interval" 1000, "logs.users" nil, "worker.profiler.command" "flight.bash", "transactional.zookeeper.port" nil, "drpc.max_buffer_size" 1048576, "pacemaker.thread.timeout" 10, "task.credentials.poll.secs" 30, "blobstore.superuser" "travis", "drpc.https.keystore.type" "JKS", "topology.worker.receiver.thread.count" 1, "topology.state.checkpoint.interval.ms" 1000, "supervisor.slots.ports" [1 2], "topology.transfer.buffer.size" 1024, "storm.health.check.dir" "healthchecks", "topology.worker.shared.thread.pool.size" 4, "drpc.authorizer.acl.strict" false, "nimbus.file.copy.expiration.secs" 600, "worker.profiler.childopts" "-XX:+UnlockCommercialFeatures -XX:+FlightRecorder", "topology.executor.receive.buffer.size" 1024, "backpressure.disruptor.low.watermark" 0.4, "nimbus.task.launch.secs" 120, "storm.local.mode.zmq" false, "storm.messaging.netty.buffer_size" 5242880, "storm.cluster.state.store" "org.apache.storm.cluster_state.zookeeper_state_factory", "worker.heartbeat.frequency.secs" 1, "storm.log4j2.conf.dir" "log4j2", "ui.http.creds.plugin" "org.apache.storm.security.auth.DefaultHttpCredentialsPlugin", "storm.zookeeper.root" "/storm", "topology.tick.tuple.freq.secs" nil, "drpc.https.port" -1, "storm.workers.artifacts.dir" "workers-artifacts", "supervisor.blobstore.download.max_retries" 3, "task.refresh.poll.secs" 10, "storm.exhibitor.port" 8080, "task.heartbeat.frequency.secs" 3, "pacemaker.port" 6699, "storm.messaging.netty.max_wait_ms" 1000, "topology.component.resources.offheap.memory.mb" 0.0, "drpc.http.port" 3774, "topology.error.throttle.interval.secs" 10, "storm.messaging.transport" "org.apache.storm.messaging.netty.Context", "storm.messaging.netty.authentication" false, "topology.component.resources.onheap.memory.mb" 128.0, "topology.kryo.factory" "org.apache.storm.serialization.DefaultKryoFactory", "worker.gc.childopts" "", "nimbus.topology.validator" "org.apache.storm.nimbus.DefaultTopologyValidator", "nimbus.seeds" ["localhost"], "nimbus.queue.size" 100000, "nimbus.cleanup.inbox.freq.secs" 600, "storm.blobstore.replication.factor" 3, "worker.heap.memory.mb" 768, "logviewer.max.sum.worker.logs.size.mb" 4096, "pacemaker.childopts" "-Xmx1024m", "ui.users" nil, "transactional.zookeeper.servers" nil, "supervisor.worker.timeout.secs" 15, "storm.zookeeper.auth.password" nil, "storm.blobstore.acl.validation.enabled" false, "client.blobstore.class" "org.apache.storm.blobstore.NimbusBlobStore", "supervisor.childopts" "-Xmx256m", "topology.worker.max.heap.size.mb" 768.0, "backpressure.disruptor.high.watermark" 0.9, "ui.filter" nil, "ui.header.buffer.bytes" 4096, "topology.min.replication.count" 1, "topology.disruptor.wait.timeout.millis" 1000, "storm.nimbus.retry.intervalceiling.millis" 60000, "topology.trident.batch.emit.interval.millis" 50, "storm.auth.simple-acl.users" [], "drpc.invocations.threads" 64, "java.library.path" "/usr/local/lib:/opt/local/lib:/usr/lib", "ui.port" 8080, "storm.exhibitor.poll.uripath" "/exhibitor/v1/cluster/list", "storm.messaging.netty.transfer.batch.size" 262144, "logviewer.appender.name" "A1", "nimbus.thrift.max_buffer_size" 1048576, "storm.auth.simple-acl.users.commands" [], "drpc.request.timeout.secs" 600}
42093 [Thread-199] INFO  o.a.c.f.i.CuratorFrameworkImpl - Starting
42169 [Thread-199-EventThread] INFO  o.a.c.f.s.ConnectionStateManager - State change: CONNECTED
42182 [Thread-198] INFO  o.a.s.event - Event manager interrupted
42183 [Thread-199] INFO  o.a.c.f.i.CuratorFrameworkImpl - Starting
42184 [Curator-ConnectionStateManager-0] WARN  o.a.c.f.s.ConnectionStateManager - There are no ConnectionStateListeners registered.
42188 [NIOServerCxn.Factory:0.0.0.0/0.0.0.0:2002] WARN  o.a.z.s.NIOServerCnxn - caught end of stream exception
org.apache.zookeeper.server.ServerCnxn$EndOfStreamException: Unable to read additional data from client sessionid 0x154f41da1230016, likely client has closed socket
	at org.apache.zookeeper.server.NIOServerCnxn.doIO(NIOServerCnxn.java:228) [zookeeper-3.4.6.jar:3.4.6-1569965]
	at org.apache.zookeeper.server.NIOServerCnxnFactory.run(NIOServerCnxnFactory.java:208) [zookeeper-3.4.6.jar:3.4.6-1569965]
	at java.lang.Thread.run(Thread.java:745) [?:1.8.0_31]
42192 [Curator-Framework-0] INFO  o.a.c.f.i.CuratorFrameworkImpl - backgroundOperationsLoop exiting
42204 [Thread-199-EventThread] INFO  o.a.c.f.s.ConnectionStateManager - State change: CONNECTED
42214 [Thread-199] INFO  o.a.s.s.a.AuthUtils - Got AutoCreds []
42214 [Thread-199] INFO  o.a.s.d.worker - Reading Assignments.
42224 [Thread-199] INFO  o.a.s.d.worker - Registering IConnectionCallbacks for sup2:2
42232 [refresh-active-timer] INFO  o.a.s.d.worker - All connections are ready for worker sup2:2 with id 7f60a8e8-4f09-4754-8565-361ecaedb30b
42233 [Thread-199] INFO  o.a.s.d.executor - Loading executor 1:[2 2]
42234 [Thread-199] INFO  o.a.s.d.executor - Loaded executor tasks 1:[2 2]
42298 [Thread-199] INFO  o.a.s.d.executor - Timeouts disabled for executor 1:[2 2]
42298 [Thread-199] INFO  o.a.s.d.executor - Finished loading executor 1:[2 2]
42302 [Thread-199] INFO  o.a.s.d.executor - Loading executor __system:[-1 -1]
42302 [Thread-199] INFO  o.a.s.d.executor - Loaded executor tasks __system:[-1 -1]
42354 [Thread-199] INFO  o.a.s.d.executor - Finished loading executor __system:[-1 -1]
42357 [Thread-199] INFO  o.a.s.d.executor - Loading executor __acker:[4 4]
42357 [Thread-199] INFO  o.a.s.d.executor - Loaded executor tasks __acker:[4 4]
42382 [Thread-199] INFO  o.a.s.d.executor - Timeouts disabled for executor __acker:[4 4]
42382 [Thread-199] INFO  o.a.s.d.executor - Finished loading executor __acker:[4 4]
42654 [Thread-199] INFO  o.a.s.d.worker - Started with log levels: {"" #object[org.apache.logging.log4j.Level 0x4649b048 "INFO"], "org.apache.zookeeper" #object[org.apache.logging.log4j.Level 0x39a81b56 "WARN"]}
42666 [Thread-199] INFO  o.a.s.d.worker - Worker has topology config {"topology.builtin.metrics.bucket.size.secs" 60, "nimbus.childopts" "-Xmx1024m", "ui.filter.params" nil, "storm.cluster.mode" "local", "storm.messaging.netty.client_worker_threads" 1, "logviewer.max.per.worker.logs.size.mb" 2048, "supervisor.run.worker.as.user" false, "topology.max.task.parallelism" nil, "topology.priority" 29, "zmq.threads" 1, "storm.group.mapping.service" "org.apache.storm.security.auth.ShellBasedGroupsMapping", "transactional.zookeeper.root" "/transactional", "topology.sleep.spout.wait.strategy.time.ms" 1, "scheduler.display.resource" false, "topology.max.replication.wait.time.sec" 60, "drpc.invocations.port" 3773, "supervisor.localizer.cache.target.size.mb" 10240, "topology.multilang.serializer" "org.apache.storm.multilang.JsonSerializer", "storm.messaging.netty.server_worker_threads" 1, "nimbus.blobstore.class" "org.apache.storm.blobstore.LocalFsBlobStore", "resource.aware.scheduler.eviction.strategy" "org.apache.storm.scheduler.resource.strategies.eviction.DefaultEvictionStrategy", "topology.max.error.report.per.interval" 5, "storm.thrift.transport" "org.apache.storm.security.auth.SimpleTransportPlugin", "zmq.hwm" 0, "storm.group.mapping.service.params" nil, "worker.profiler.enabled" false, "storm.principal.tolocal" "org.apache.storm.security.auth.DefaultPrincipalToLocal", "supervisor.worker.shutdown.sleep.secs" 1, "pacemaker.host" "localhost", "storm.zookeeper.retry.times" 5, "ui.actions.enabled" true, "zmq.linger.millis" 0, "supervisor.enable" true, "topology.stats.sample.rate" 0.05, "storm.messaging.netty.min_wait_ms" 100, "worker.log.level.reset.poll.secs" 30, "storm.zookeeper.port" 2002, "supervisor.heartbeat.frequency.secs" 5, "topology.enable.message.timeouts" false, "supervisor.cpu.capacity" 400.0, "drpc.worker.threads" 64, "supervisor.blobstore.download.thread.count" 5, "drpc.queue.size" 128, "topology.backpressure.enable" true, "supervisor.blobstore.class" "org.apache.storm.blobstore.NimbusBlobStore", "storm.blobstore.inputstream.buffer.size.bytes" 65536, "topology.shellbolt.max.pending" 100, "drpc.https.keystore.password" "", "nimbus.code.sync.freq.secs" 120, "logviewer.port" 8000, "topology.scheduler.strategy" "org.apache.storm.scheduler.resource.strategies.scheduling.DefaultResourceAwareStrategy", "topology.executor.send.buffer.size" 1024, "resource.aware.scheduler.priority.strategy" "org.apache.storm.scheduler.resource.strategies.priority.DefaultSchedulingPriorityStrategy", "pacemaker.auth.method" "NONE", "storm.daemon.metrics.reporter.plugins" ["org.apache.storm.daemon.metrics.reporters.JmxPreparableReporter"], "topology.worker.logwriter.childopts" "-Xmx64m", "topology.spout.wait.strategy" "org.apache.storm.spout.SleepSpoutWaitStrategy", "ui.host" "0.0.0.0", "topology.submitter.principal" "", "storm.nimbus.retry.interval.millis" 2000, "nimbus.inbox.jar.expiration.secs" 3600, "dev.zookeeper.path" "/tmp/dev-storm-zookeeper", "topology.acker.executors" nil, "topology.fall.back.on.java.serialization" true, "topology.eventlogger.executors" 0, "supervisor.localizer.cleanup.interval.ms" 600000, "storm.zookeeper.servers" ["localhost"], "nimbus.thrift.threads" 64, "logviewer.cleanup.age.mins" 10080, "topology.worker.childopts" nil, "topology.classpath" nil, "supervisor.monitor.frequency.secs" 3, "nimbus.credential.renewers.freq.secs" 600, "topology.skip.missing.kryo.registrations" true, "drpc.authorizer.acl.filename" "drpc-auth-acl.yaml", "pacemaker.kerberos.users" [], "storm.group.mapping.service.cache.duration.secs" 120, "NIMBUS-DO-NOT-REASSIGN" true, "topology.testing.always.try.serialize" false, "nimbus.monitor.freq.secs" 10, "storm.health.check.timeout.ms" 5000, "supervisor.supervisors" [], "topology.tasks" nil, "topology.bolts.outgoing.overflow.buffer.enable" false, "storm.messaging.netty.socket.backlog" 500, "topology.workers" 2, "pacemaker.base.threads" 10, "storm.local.dir" "/tmp/ed2e3bc9-ac1e-45eb-9874-26a3c98c1644", "topology.disable.loadaware" false, "worker.childopts" "-Xmx%HEAP-MEM%m -XX:+PrintGCDetails -Xloggc:artifacts/gc.log -XX:+PrintGCDateStamps -XX:+PrintGCTimeStamps -XX:+UseGCLogFileRotation -XX:NumberOfGCLogFiles=10 -XX:GCLogFileSize=1M -XX:+HeapDumpOnOutOfMemoryError -XX:HeapDumpPath=artifacts/heapdump", "storm.auth.simple-white-list.users" [], "topology.disruptor.batch.timeout.millis" 1, "topology.message.timeout.secs" 30, "topology.state.synchronization.timeout.secs" 60, "topology.tuple.serializer" "org.apache.storm.serialization.types.ListDelegateSerializer", "supervisor.supervisors.commands" [], "nimbus.blobstore.expiration.secs" 600, "logviewer.childopts" "-Xmx128m", "topology.environment" nil, "topology.debug" false, "topology.disruptor.batch.size" 100, "storm.messaging.netty.max_retries" 300, "ui.childopts" "-Xmx768m", "storm.network.topography.plugin" "org.apache.storm.networktopography.DefaultRackDNSToSwitchMapping", "storm.zookeeper.session.timeout" 20000, "drpc.childopts" "-Xmx768m", "drpc.http.creds.plugin" "org.apache.storm.security.auth.DefaultHttpCredentialsPlugin", "storm.zookeeper.connection.timeout" 15000, "storm.zookeeper.auth.user" nil, "storm.meta.serialization.delegate" "org.apache.storm.serialization.GzipThriftSerializationDelegate", "topology.max.spout.pending" nil, "storm.codedistributor.class" "org.apache.storm.codedistributor.LocalFileSystemCodeDistributor", "nimbus.supervisor.timeout.secs" 60, "nimbus.task.timeout.secs" 30, "storm.zookeeper.superACL" nil, "drpc.port" 3772, "pacemaker.max.threads" 50, "storm.zookeeper.retry.intervalceiling.millis" 30000, "nimbus.thrift.port" 6627, "storm.auth.simple-acl.admins" [], "topology.component.cpu.pcore.percent" 10.0, "supervisor.memory.capacity.mb" 3072.0, "storm.nimbus.retry.times" 5, "supervisor.worker.start.timeout.secs" 5, "storm.zookeeper.retry.interval" 1000, "logs.users" nil, "worker.profiler.command" "flight.bash", "transactional.zookeeper.port" nil, "drpc.max_buffer_size" 1048576, "pacemaker.thread.timeout" 10, "task.credentials.poll.secs" 30, "blobstore.superuser" "travis", "drpc.https.keystore.type" "JKS", "topology.worker.receiver.thread.count" 1, "topology.state.checkpoint.interval.ms" 1000, "supervisor.slots.ports" [6700 6701 6702 6703], "topology.transfer.buffer.size" 1024, "storm.health.check.dir" "healthchecks", "topology.worker.shared.thread.pool.size" 4, "drpc.authorizer.acl.strict" false, "nimbus.file.copy.expiration.secs" 600, "worker.profiler.childopts" "-XX:+UnlockCommercialFeatures -XX:+FlightRecorder", "topology.executor.receive.buffer.size" 1024, "backpressure.disruptor.low.watermark" 0.4, "topology.users" [], "nimbus.task.launch.secs" 120, "storm.local.mode.zmq" false, "storm.messaging.netty.buffer_size" 5242880, "storm.cluster.state.store" "org.apache.storm.cluster_state.zookeeper_state_factory", "worker.heartbeat.frequency.secs" 1, "storm.log4j2.conf.dir" "log4j2", "ui.http.creds.plugin" "org.apache.storm.security.auth.DefaultHttpCredentialsPlugin", "storm.zookeeper.root" "/storm", "topology.submitter.user" "travis", "topology.tick.tuple.freq.secs" nil, "drpc.https.port" -1, "storm.workers.artifacts.dir" "workers-artifacts", "supervisor.blobstore.download.max_retries" 3, "task.refresh.poll.secs" 10, "storm.exhibitor.port" 8080, "task.heartbeat.frequency.secs" 3, "pacemaker.port" 6699, "storm.messaging.netty.max_wait_ms" 1000, "topology.component.resources.offheap.memory.mb" 0.0, "drpc.http.port" 3774, "topology.error.throttle.interval.secs" 10, "storm.messaging.transport" "org.apache.storm.messaging.netty.Context", "storm.messaging.netty.authentication" false, "topology.component.resources.onheap.memory.mb" 128.0, "topology.kryo.factory" "org.apache.storm.serialization.DefaultKryoFactory", "topology.kryo.register" nil, "worker.gc.childopts" "", "nimbus.topology.validator" "org.apache.storm.nimbus.DefaultTopologyValidator", "nimbus.seeds" ["localhost"], "nimbus.queue.size" 100000, "nimbus.cleanup.inbox.freq.secs" 600, "storm.blobstore.replication.factor" 3, "worker.heap.memory.mb" 768, "logviewer.max.sum.worker.logs.size.mb" 4096, "pacemaker.childopts" "-Xmx1024m", "ui.users" nil, "transactional.zookeeper.servers" nil, "supervisor.worker.timeout.secs" 15, "storm.zookeeper.auth.password" nil, "storm.blobstore.acl.validation.enabled" false, "client.blobstore.class" "org.apache.storm.blobstore.NimbusBlobStore", "supervisor.childopts" "-Xmx256m", "topology.worker.max.heap.size.mb" 768.0, "backpressure.disruptor.high.watermark" 0.9, "ui.filter" nil, "ui.header.buffer.bytes" 4096, "topology.min.replication.count" 1, "topology.disruptor.wait.timeout.millis" 1000, "storm.nimbus.retry.intervalceiling.millis" 60000, "topology.trident.batch.emit.interval.millis" 50, "storm.auth.simple-acl.users" [], "drpc.invocations.threads" 64, "java.library.path" "/usr/local/lib:/opt/local/lib:/usr/lib", "ui.port" 8080, "topology.kryo.decorators" [], "storm.id" "test2-2-2", "topology.name" "test2", "storm.exhibitor.poll.uripath" "/exhibitor/v1/cluster/list", "storm.messaging.netty.transfer.batch.size" 262144, "logviewer.appender.name" "A1", "nimbus.thrift.max_buffer_size" 1048576, "storm.auth.simple-acl.users.commands" [], "drpc.request.timeout.secs" 600}
42666 [Thread-199] INFO  o.a.s.d.worker - Worker 7f60a8e8-4f09-4754-8565-361ecaedb30b for storm test2-2-2 on sup2:2 has finished loading
42666 [Thread-199] INFO  o.a.s.config - SET worker-user 7f60a8e8-4f09-4754-8565-361ecaedb30b 
42668 [Curator-Framework-0] INFO  o.a.c.f.i.CuratorFrameworkImpl - backgroundOperationsLoop exiting
42670 [main] INFO  o.a.s.process-simulator - Killing process 841a35a1-a4a3-4107-84f0-9d22752ca875
42670 [main] INFO  o.a.s.d.worker - Shutting down worker test2-2-2 sup2 2
42670 [main] INFO  o.a.s.d.worker - Terminating messaging context
42670 [main] INFO  o.a.s.d.worker - Shutting down executors
42670 [main] INFO  o.a.s.d.executor - Shutting down executor 1:[2 2]
42673 [Thread-200-disruptor-executor[2 2]-send-queue] INFO  o.a.s.util - Async loop interrupted!
42673 [Thread-201-1-executor[2 2]] INFO  o.a.s.util - Async loop interrupted!
42673 [main] INFO  o.a.s.d.executor - Shut down executor 1:[2 2]
42673 [main] INFO  o.a.s.d.executor - Shutting down executor __system:[-1 -1]
42673 [Thread-202-disruptor-executor[-1 -1]-send-queue] INFO  o.a.s.util - Async loop interrupted!
42674 [Thread-203-__system-executor[-1 -1]] INFO  o.a.s.util - Async loop interrupted!
42674 [main] INFO  o.a.s.d.executor - Shut down executor __system:[-1 -1]
42674 [main] INFO  o.a.s.d.executor - Shutting down executor __acker:[4 4]
42674 [Thread-204-disruptor-executor[4 4]-send-queue] INFO  o.a.s.util - Async loop interrupted!
42674 [Thread-205-__acker-executor[4 4]] INFO  o.a.s.util - Async loop interrupted!
42674 [main] INFO  o.a.s.d.executor - Shut down executor __acker:[4 4]
42674 [main] INFO  o.a.s.d.worker - Shut down executors
42674 [main] INFO  o.a.s.d.worker - Shutting down transfer thread
42675 [Thread-206-disruptor-worker-transfer-queue] INFO  o.a.s.util - Async loop interrupted!
42675 [main] INFO  o.a.s.d.worker - Shut down transfer thread
42676 [main] INFO  o.a.s.d.worker - Shut down backpressure thread
42677 [main] INFO  o.a.s.d.worker - Shutting down default resources
42677 [main] INFO  o.a.s.d.worker - Shut down default resources
42677 [main] INFO  o.a.s.d.worker - Trigger any worker shutdown hooks
42680 [main] INFO  o.a.s.d.worker - Disconnecting from storm cluster state context
42681 [Curator-Framework-0] INFO  o.a.c.f.i.CuratorFrameworkImpl - backgroundOperationsLoop exiting
42682 [main] INFO  o.a.s.d.worker - Shut down worker test2-2-2 sup2 2
42682 [main] INFO  o.a.s.testing - Shutting down in process zookeeper
42687 [main] INFO  o.a.s.testing - Done shutting down in process zookeeper
42687 [main] INFO  o.a.s.testing - Deleting temporary path /tmp/ed2e3bc9-ac1e-45eb-9874-26a3c98c1644
42689 [main] INFO  o.a.s.testing - Deleting temporary path /tmp/2455003b-4d18-46b3-812e-1c44caf5d9a9
42689 [main] INFO  o.a.s.testing - Deleting temporary path /tmp/f6b83d44-4d94-4e01-a044-bdb67c39aafc
42691 [main] INFO  o.a.s.testing - Deleting temporary path /tmp/7eeea862-23dc-4479-b9a5-a9c1170ac1c8
Tests run: 20, Passed: 69, Failures: 1, Errors: 0
Running org.apache.storm.scheduler.multitenant-scheduler-test
Tests run: 17, Passed: 235, Failures: 0, Errors: 0
Running org.apache.storm.security.auth.nimbus-auth-test
Tests run: 5, Passed: 39, Failures: 0, Errors: 0
Running org.apache.storm.security.auth.ThriftServer-test
Tests run: 2, Passed: 1, Failures: 0, Errors: 0
Running org.apache.storm.security.auth.AuthUtils-test
Tests run: 5, Passed: 6, Failures: 0, Errors: 0
Running org.apache.storm.logviewer-test
Tests run: 12, Passed: 118, Failures: 0, Errors: 0
Running org.apache.storm.worker-test
Tests run: 8, Passed: 35, Failures: 0, Errors: 0
Running integration.org.apache.storm.testing4j-test
Tests run: 8, Passed: 36, Failures: 0, Errors: 0
Running org.apache.storm.trident.state-test
Tests run: 5, Passed: 37, Failures: 0, Errors: 0
Running org.apache.storm.utils-test
Tests run: 5, Passed: 22, Failures: 0, Errors: 0
Running org.apache.storm.serialization.SerializationFactory-test
Tests run: 3, Passed: 3, Failures: 0, Errors: 0
Running org.apache.storm.security.auth.DefaultHttpCredentialsPlugin-test
Tests run: 2, Passed: 8, Failures: 0, Errors: 0
Running org.apache.storm.security.auth.auth-test
Tests run: 13, Passed: 94, Failures: 0, Errors: 0
Running org.apache.storm.clojure-test
62574 [pool-1016-thread-4] ERROR o.a.t.s.TThreadPoolServer - Error occurred during processing of message.
java.lang.RuntimeException: org.apache.thrift.transport.TTransportException: DIGEST-MD5: cannot acquire password for unknown_user in realm : localhost
	at org.apache.thrift.transport.TSaslServerTransport$Factory.getTransport(TSaslServerTransport.java:219) ~[libthrift-0.9.3.jar:0.9.3]
	at org.apache.thrift.server.TThreadPoolServer$WorkerProcess.run(TThreadPoolServer.java:269) [libthrift-0.9.3.jar:0.9.3]
	at java.util.concurrent.ThreadPoolExecutor.runWorker(ThreadPoolExecutor.java:1142) [?:1.8.0_31]
	at java.util.concurrent.ThreadPoolExecutor$Worker.run(ThreadPoolExecutor.java:617) [?:1.8.0_31]
	at java.lang.Thread.run(Thread.java:745) [?:1.8.0_31]
Caused by: org.apache.thrift.transport.TTransportException: DIGEST-MD5: cannot acquire password for unknown_user in realm : localhost
	at org.apache.thrift.transport.TSaslTransport.sendAndThrowMessage(TSaslTransport.java:232) ~[libthrift-0.9.3.jar:0.9.3]
	at org.apache.thrift.transport.TSaslTransport.open(TSaslTransport.java:316) ~[libthrift-0.9.3.jar:0.9.3]
	at org.apache.thrift.transport.TSaslServerTransport.open(TSaslServerTransport.java:41) ~[libthrift-0.9.3.jar:0.9.3]
	at org.apache.thrift.transport.TSaslServerTransport$Factory.getTransport(TSaslServerTransport.java:216) ~[libthrift-0.9.3.jar:0.9.3]
	... 4 more
Tests run: 3, Passed: 5, Failures: 0, Errors: 0
Running org.apache.storm.messaging-test
Tests run: 1, Passed: 2, Failures: 0, Errors: 0
Running org.apache.storm.drpc-test
70911 [Thread-737] INFO  o.a.s.util - Async loop interrupted!
73308 [Thread-788] INFO  o.a.s.util - Async loop interrupted!
75466 [Thread-839] INFO  o.a.s.util - Async loop interrupted!
77689 [Thread-861] INFO  o.a.s.util - Async loop interrupted!
84933 [Thread-895] INFO  o.a.s.util - Async loop interrupted!
Tests run: 7, Passed: 17, Failures: 0, Errors: 0
Running org.apache.storm.submitter-test
Tests run: 1, Passed: 13, Failures: 0, Errors: 0
Running org.apache.storm.security.auth.ReqContext-test
Tests run: 3, Passed: 4, Failures: 0, Errors: 0
Running org.apache.storm.fields-test
Tests run: 2, Passed: 22, Failures: 0, Errors: 0
Running integration.org.apache.storm.integration-test
Tests run: 18, Passed: 51, Failures: 0, Errors: 0
108939 [Thread-927] INFO  o.a.s.util - Async loop interrupted!
Running org.apache.storm.security.auth.authorizer.DRPCSimpleACLAuthorizer-test
Tests run: 7, Passed: 37, Failures: 0, Errors: 0
Running org.apache.storm.pacemaker-test
Tests run: 8, Passed: 58, Failures: 0, Errors: 0
Running org.apache.storm.metrics-test
Tests run: 8, Passed: 66, Failures: 0, Errors: 0
Running org.apache.storm.security.auth.ThriftClient-test
Tests run: 2, Passed: 4, Failures: 0, Errors: 0
Running org.apache.storm.scheduler-test
Tests run: 4, Passed: 64, Failures: 0, Errors: 0
Running org.apache.storm.scheduler.resource-aware-scheduler-test
Tests run: 8, Passed: 91, Failures: 0, Errors: 0
Running org.apache.storm.security.auth.SaslTransportPlugin-test
Tests run: 2, Passed: 8, Failures: 0, Errors: 0
Running org.apache.storm.local-state-test
Tests run: 2, Passed: 10, Failures: 0, Errors: 0
Running org.apache.storm.messaging.netty-unit-test
Tests run: 5, Passed: 24, Failures: 0, Errors: 0
Running org.apache.storm.tuple-test
Tests run: 4, Passed: 13, Failures: 0, Errors: 0
Running org.apache.storm.messaging.netty-integration-test
Tests run: 1, Passed: 1, Failures: 0, Errors: 0
Running org.apache.storm.tick-tuple-test
Tests run: 1, Passed: 1, Failures: 0, Errors: 0
Running integration.org.apache.storm.trident.integration-test
Tests run: 9, Passed: 141, Failures: 0, Errors: 0
Running org.apache.storm.grouping-test
Tests run: 5, Passed: 15, Failures: 0, Errors: 0
Running org.apache.storm.security.serialization.BlowfishTupleSerializer-test
Tests run: 3, Passed: 3, Failures: 0, Errors: 0
Running org.apache.storm.nimbus-test
Tests run: 43, Passed: 795, Failures: 0, Errors: 0
Running org.apache.storm.subtopology-test
Tests run: 0, Passed: 0, Failures: 0, Errors: 0
Running org.apache.storm.cluster-test
Tests run: 10, Passed: 98, Failures: 0, Errors: 0
Running org.apache.storm.trident.tuple-test
Tests run: 6, Passed: 36, Failures: 0, Errors: 0
[INFO] ------------------------------------------------------------------------
[INFO] BUILD FAILURE
[INFO] ------------------------------------------------------------------------
[INFO] Total time: 05:24 min
[INFO] Finished at: 2016-05-27T21:30:50+00:00
[INFO] Final Memory: 34M/299M
[INFO] ------------------------------------------------------------------------
[ERROR] Failed to execute goal com.theoryinpractise:clojure-maven-plugin:1.7.1:test (test-clojure) on project storm-core: Clojure failed. -> [Help 1]
[ERROR] 
[ERROR] To see the full stack trace of the errors, re-run Maven with the -e switch.
[ERROR] Re-run Maven using the -X switch to enable full debug logging.
[ERROR] 
[ERROR] For more information about the errors and possible solutions, please read the following articles:
[ERROR] [Help 1] http://cwiki.apache.org/confluence/display/MAVEN/MojoExecutionException
Looking for errors in ./storm-core/target/surefire-reports
Checking ./storm-core/target/surefire-reports/TEST-org.apache.storm.utils.ShellBoltMessageQueueTest.xml
Checking ./storm-core/target/surefire-reports/TEST-org.apache.storm.utils.WorkerBackpressureThreadTest.xml
Checking ./storm-core/target/surefire-reports/TEST-org.apache.storm.utils.DisruptorQueueTest.xml
Checking ./storm-core/target/surefire-reports/TEST-org.apache.storm.utils.StormBoundedExponentialBackoffRetryTest.xml
Checking ./storm-core/target/surefire-reports/TEST-org.apache.storm.utils.DisruptorQueueBackpressureTest.xml
Checking ./storm-core/target/surefire-reports/TEST-org.apache.storm.utils.ThriftTopologyUtilsTest.xml
Checking ./storm-core/target/surefire-reports/TEST-org.apache.storm.spout.CheckpointSpoutTest.xml
Checking ./storm-core/target/surefire-reports/TEST-org.apache.storm.TestConfigValidate.xml
Checking ./storm-core/target/surefire-reports/TEST-org.apache.storm.serialization.GzipBridgeThriftSerializationDelegateTest.xml
Checking ./storm-core/target/surefire-reports/TEST-org.apache.storm.serialization.ThriftBridgeSerializationDelegateTest.xml
Checking ./storm-core/target/surefire-reports/TEST-org.apache.storm.serialization.GzipBridgeSerializationDelegateTest.xml
Checking ./storm-core/target/surefire-reports/TEST-org.apache.storm.blobstore.ClientBlobStoreTest.xml
Checking ./storm-core/target/surefire-reports/TEST-org.apache.storm.blobstore.BlobStoreTest.xml
Checking ./storm-core/target/surefire-reports/TEST-org.apache.storm.blobstore.BlobSynchronizerTest.xml
Checking ./storm-core/target/surefire-reports/TEST-org.apache.storm.trident.TridentWindowingTest.xml
Checking ./storm-core/target/surefire-reports/TEST-org.apache.storm.trident.TestTridentTopology.xml
Checking ./storm-core/target/surefire-reports/TEST-org.apache.storm.metric.internal.LatencyStatAndMetricTest.xml
Checking ./storm-core/target/surefire-reports/TEST-org.apache.storm.metric.internal.CountStatAndMetricTest.xml
Checking ./storm-core/target/surefire-reports/TEST-org.apache.storm.metric.internal.RateTrackerTest.xml
Checking ./storm-core/target/surefire-reports/TEST-org.apache.storm.windowing.WaterMarkEventGeneratorTest.xml
Checking ./storm-core/target/surefire-reports/TEST-org.apache.storm.windowing.WindowManagerTest.xml
Checking ./storm-core/target/surefire-reports/TEST-org.apache.storm.topology.StatefulBoltExecutorTest.xml
Checking ./storm-core/target/surefire-reports/TEST-org.apache.storm.topology.WindowedBoltExecutorTest.xml
Checking ./storm-core/target/surefire-reports/TEST-org.apache.storm.topology.StatefulWindowedBoltExecutorTest.xml
Checking ./storm-core/target/surefire-reports/TEST-org.apache.storm.topology.TopologyBuilderTest.xml
Checking ./storm-core/target/surefire-reports/TEST-org.apache.storm.localizer.LocalizerTest.xml
Checking ./storm-core/target/surefire-reports/TEST-org.apache.storm.localizer.LocalizedResourceRetentionSetTest.xml
Checking ./storm-core/target/surefire-reports/TEST-org.apache.storm.localizer.LocalizedResourceSetTest.xml
Checking ./storm-core/target/surefire-reports/TEST-org.apache.storm.scheduler.resource.TestResourceAwareScheduler.xml
Checking ./storm-core/target/surefire-reports/TEST-org.apache.storm.scheduler.resource.TestUser.xml
Checking ./storm-core/target/surefire-reports/TEST-org.apache.storm.grouping.PartialKeyGroupingTest.xml
Checking ./storm-core/target/surefire-reports/TEST-org.apache.storm.state.InMemoryKeyValueStateTest.xml
Looking for errors in ./storm-core/target/test-reports
Checking ./storm-core/target/test-reports/org.apache.storm.security.auth.auto-login-module-test.xml
Checking ./storm-core/target/test-reports/org.apache.storm.transactional-test.xml
Checking ./storm-core/target/test-reports/org.apache.storm.serialization-test.xml
Checking ./storm-core/target/test-reports/org.apache.storm.utils.ZookeeperServerCnxnFactory-test.xml
Checking ./storm-core/target/test-reports/org.apache.storm.versioned-store-test.xml
Checking ./storm-core/target/test-reports/org.apache.storm.security.auth.drpc-auth-test.xml
Checking ./storm-core/target/test-reports/org.apache.storm.pacemaker-state-factory-test.xml
Checking ./storm-core/target/test-reports/org.apache.storm.supervisor-test.xml
--------------------------------------------------
classname: org.apache.storm.supervisor-test / testname: test-multiple-active-storms-multiple-supervisors
expected: (= {["sup1" 1] 1, ["sup1" 2] 1, ["sup2" 1] 1} (:shutdown changed))
  actual: (not (= {["sup1" 1] 1, ["sup1" 2] 1, ["sup2" 1] 1} {["sup1" 1] 1, ["sup2" 1] 1, ["sup2" nil] 1, ["sup1" 2] 1}))
      at: test_runner.clj:105
-------------------- system-out --------------------

38595 [main] INFO  o.a.s.zookeeper - Starting inprocess zookeeper at port 2002 and dir /tmp/2455003b-4d18-46b3-812e-1c44caf5d9a9
38636 [main] INFO  o.a.s.d.nimbus - Starting Nimbus with conf {"topology.builtin.metrics.bucket.size.secs" 60, "nimbus.childopts" "-Xmx1024m", "ui.filter.params" nil, "storm.cluster.mode" "local", "storm.messaging.netty.client_worker_threads" 1, "logviewer.max.per.worker.logs.size.mb" 2048, "supervisor.run.worker.as.user" false, "topology.max.task.parallelism" nil, "topology.priority" 29, "zmq.threads" 1, "storm.group.mapping.service" "org.apache.storm.security.auth.ShellBasedGroupsMapping", "transactional.zookeeper.root" "/transactional", "topology.sleep.spout.wait.strategy.time.ms" 1, "scheduler.display.resource" false, "topology.max.replication.wait.time.sec" 60, "drpc.invocations.port" 3773, "supervisor.localizer.cache.target.size.mb" 10240, "topology.multilang.serializer" "org.apache.storm.multilang.JsonSerializer", "storm.messaging.netty.server_worker_threads" 1, "nimbus.blobstore.class" "org.apache.storm.blobstore.LocalFsBlobStore", "resource.aware.scheduler.eviction.strategy" "org.apache.storm.scheduler.resource.strategies.eviction.DefaultEvictionStrategy", "topology.max.error.report.per.interval" 5, "storm.thrift.transport" "org.apache.storm.security.auth.SimpleTransportPlugin", "zmq.hwm" 0, "storm.group.mapping.service.params" nil, "worker.profiler.enabled" false, "storm.principal.tolocal" "org.apache.storm.security.auth.DefaultPrincipalToLocal", "supervisor.worker.shutdown.sleep.secs" 1, "pacemaker.host" "localhost", "storm.zookeeper.retry.times" 5, "ui.actions.enabled" true, "zmq.linger.millis" 0, "supervisor.enable" true, "topology.stats.sample.rate" 0.05, "storm.messaging.netty.min_wait_ms" 100, "worker.log.level.reset.poll.secs" 30, "storm.zookeeper.port" 2002, "supervisor.heartbeat.frequency.secs" 5, "topology.enable.message.timeouts" false, "supervisor.cpu.capacity" 400.0, "drpc.worker.threads" 64, "supervisor.blobstore.download.thread.count" 5, "drpc.queue.size" 128, "topology.backpressure.enable" true, "supervisor.blobstore.class" "org.apache.storm.blobstore.NimbusBlobStore", "storm.blobstore.inputstream.buffer.size.bytes" 65536, "topology.shellbolt.max.pending" 100, "drpc.https.keystore.password" "", "nimbus.code.sync.freq.secs" 120, "logviewer.port" 8000, "topology.scheduler.strategy" "org.apache.storm.scheduler.resource.strategies.scheduling.DefaultResourceAwareStrategy", "topology.executor.send.buffer.size" 1024, "resource.aware.scheduler.priority.strategy" "org.apache.storm.scheduler.resource.strategies.priority.DefaultSchedulingPriorityStrategy", "pacemaker.auth.method" "NONE", "storm.daemon.metrics.reporter.plugins" ["org.apache.storm.daemon.metrics.reporters.JmxPreparableReporter"], "topology.worker.logwriter.childopts" "-Xmx64m", "topology.spout.wait.strategy" "org.apache.storm.spout.SleepSpoutWaitStrategy", "ui.host" "0.0.0.0", "storm.nimbus.retry.interval.millis" 2000, "nimbus.inbox.jar.expiration.secs" 3600, "dev.zookeeper.path" "/tmp/dev-storm-zookeeper", "topology.acker.executors" nil, "topology.fall.back.on.java.serialization" true, "topology.eventlogger.executors" 0, "supervisor.localizer.cleanup.interval.ms" 600000, "storm.zookeeper.servers" ["localhost"], "nimbus.thrift.threads" 64, "logviewer.cleanup.age.mins" 10080, "topology.worker.childopts" nil, "topology.classpath" nil, "supervisor.monitor.frequency.secs" 3, "nimbus.credential.renewers.freq.secs" 600, "topology.skip.missing.kryo.registrations" true, "drpc.authorizer.acl.filename" "drpc-auth-acl.yaml", "pacemaker.kerberos.users" [], "storm.group.mapping.service.cache.duration.secs" 120, "NIMBUS-DO-NOT-REASSIGN" true, "topology.testing.always.try.serialize" false, "nimbus.monitor.freq.secs" 10, "storm.health.check.timeout.ms" 5000, "supervisor.supervisors" [], "topology.tasks" nil, "topology.bolts.outgoing.overflow.buffer.enable" false, "storm.messaging.netty.socket.backlog" 500, "topology.workers" 1, "pacemaker.base.threads" 10, "storm.local.dir" "/tmp/ed2e3bc9-ac1e-45eb-9874-26a3c98c1644", "topology.disable.loadaware" false, "worker.childopts" "-Xmx%HEAP-MEM%m -XX:+PrintGCDetails -Xloggc:artifacts/gc.log -XX:+PrintGCDateStamps -XX:+PrintGCTimeStamps -XX:+UseGCLogFileRotation -XX:NumberOfGCLogFiles=10 -XX:GCLogFileSize=1M -XX:+HeapDumpOnOutOfMemoryError -XX:HeapDumpPath=artifacts/heapdump", "storm.auth.simple-white-list.users" [], "topology.disruptor.batch.timeout.millis" 1, "topology.message.timeout.secs" 30, "topology.state.synchronization.timeout.secs" 60, "topology.tuple.serializer" "org.apache.storm.serialization.types.ListDelegateSerializer", "supervisor.supervisors.commands" [], "nimbus.blobstore.expiration.secs" 600, "logviewer.childopts" "-Xmx128m", "topology.environment" nil, "topology.debug" false, "topology.disruptor.batch.size" 100, "storm.messaging.netty.max_retries" 300, "ui.childopts" "-Xmx768m", "storm.network.topography.plugin" "org.apache.storm.networktopography.DefaultRackDNSToSwitchMapping", "storm.zookeeper.session.timeout" 20000, "drpc.childopts" "-Xmx768m", "drpc.http.creds.plugin" "org.apache.storm.security.auth.DefaultHttpCredentialsPlugin", "storm.zookeeper.connection.timeout" 15000, "storm.zookeeper.auth.user" nil, "storm.meta.serialization.delegate" "org.apache.storm.serialization.GzipThriftSerializationDelegate", "topology.max.spout.pending" nil, "storm.codedistributor.class" "org.apache.storm.codedistributor.LocalFileSystemCodeDistributor", "nimbus.supervisor.timeout.secs" 60, "nimbus.task.timeout.secs" 30, "drpc.port" 3772, "pacemaker.max.threads" 50, "storm.zookeeper.retry.intervalceiling.millis" 30000, "nimbus.thrift.port" 6627, "storm.auth.simple-acl.admins" [], "topology.component.cpu.pcore.percent" 10.0, "supervisor.memory.capacity.mb" 3072.0, "storm.nimbus.retry.times" 5, "supervisor.worker.start.timeout.secs" 5, "storm.zookeeper.retry.interval" 1000, "logs.users" nil, "worker.profiler.command" "flight.bash", "transactional.zookeeper.port" nil, "drpc.max_buffer_size" 1048576, "pacemaker.thread.timeout" 10, "task.credentials.poll.secs" 30, "blobstore.superuser" "travis", "drpc.https.keystore.type" "JKS", "topology.worker.receiver.thread.count" 1, "topology.state.checkpoint.interval.ms" 1000, "supervisor.slots.ports" [6700 6701 6702 6703], "topology.transfer.buffer.size" 1024, "storm.health.check.dir" "healthchecks", "topology.worker.shared.thread.pool.size" 4, "drpc.authorizer.acl.strict" false, "nimbus.file.copy.expiration.secs" 600, "worker.profiler.childopts" "-XX:+UnlockCommercialFeatures -XX:+FlightRecorder", "topology.executor.receive.buffer.size" 1024, "backpressure.disruptor.low.watermark" 0.4, "nimbus.task.launch.secs" 120, "storm.local.mode.zmq" false, "storm.messaging.netty.buffer_size" 5242880, "storm.cluster.state.store" "org.apache.storm.cluster_state.zookeeper_state_factory", "worker.heartbeat.frequency.secs" 1, "storm.log4j2.conf.dir" "log4j2", "ui.http.creds.plugin" "org.apache.storm.security.auth.DefaultHttpCredentialsPlugin", "storm.zookeeper.root" "/storm", "topology.tick.tuple.freq.secs" nil, "drpc.https.port" -1, "storm.workers.artifacts.dir" "workers-artifacts", "supervisor.blobstore.download.max_retries" 3, "task.refresh.poll.secs" 10, "storm.exhibitor.port" 8080, "task.heartbeat.frequency.secs" 3, "pacemaker.port" 6699, "storm.messaging.netty.max_wait_ms" 1000, "topology.component.resources.offheap.memory.mb" 0.0, "drpc.http.port" 3774, "topology.error.throttle.interval.secs" 10, "storm.messaging.transport" "org.apache.storm.messaging.netty.Context", "storm.messaging.netty.authentication" false, "topology.component.resources.onheap.memory.mb" 128.0, "topology.kryo.factory" "org.apache.storm.serialization.DefaultKryoFactory", "worker.gc.childopts" "", "nimbus.topology.validator" "org.apache.storm.nimbus.DefaultTopologyValidator", "nimbus.seeds" ["localhost"], "nimbus.queue.size" 100000, "nimbus.cleanup.inbox.freq.secs" 600, "storm.blobstore.replication.factor" 3, "worker.heap.memory.mb" 768, "logviewer.max.sum.worker.logs.size.mb" 4096, "pacemaker.childopts" "-Xmx1024m", "ui.users" nil, "transactional.zookeeper.servers" nil, "supervisor.worker.timeout.secs" 15, "storm.zookeeper.auth.password" nil, "storm.blobstore.acl.validation.enabled" false, "client.blobstore.class" "org.apache.storm.blobstore.NimbusBlobStore", "supervisor.childopts" "-Xmx256m", "topology.worker.max.heap.size.mb" 768.0, "backpressure.disruptor.high.watermark" 0.9, "ui.filter" nil, "ui.header.buffer.bytes" 4096, "topology.min.replication.count" 1, "topology.disruptor.wait.timeout.millis" 1000, "storm.nimbus.retry.intervalceiling.millis" 60000, "topology.trident.batch.emit.interval.millis" 50, "storm.auth.simple-acl.users" [], "drpc.invocations.threads" 64, "java.library.path" "/usr/local/lib:/opt/local/lib:/usr/lib", "ui.port" 8080, "storm.exhibitor.poll.uripath" "/exhibitor/v1/cluster/list", "storm.messaging.netty.transfer.batch.size" 262144, "logviewer.appender.name" "A1", "nimbus.thrift.max_buffer_size" 1048576, "storm.auth.simple-acl.users.commands" [], "drpc.request.timeout.secs" 600}
38636 [main] INFO  o.a.s.d.nimbus - Using default scheduler
38637 [main] INFO  o.a.c.f.i.CuratorFrameworkImpl - Starting
38650 [main] INFO  o.a.c.f.i.CuratorFrameworkImpl - Starting
38659 [main] INFO  o.a.s.b.FileBlobStoreImpl - Creating new blob store based in /tmp/ed2e3bc9-ac1e-45eb-9874-26a3c98c1644/blobs
38659 [main-EventThread] INFO  o.a.c.f.s.ConnectionStateManager - State change: CONNECTED
38660 [main-EventThread] INFO  o.a.s.zookeeper - Zookeeper state update: :connected:none
38661 [main] INFO  o.a.c.f.i.CuratorFrameworkImpl - Starting
38663 [main-EventThread] INFO  o.a.c.f.s.ConnectionStateManager - State change: CONNECTED
38663 [main-EventThread] INFO  o.a.c.f.s.ConnectionStateManager - State change: CONNECTED
38663 [main-EventThread] INFO  o.a.s.zookeeper - Zookeeper state update: :connected:none
38664 [Curator-Framework-0] INFO  o.a.c.f.i.CuratorFrameworkImpl - backgroundOperationsLoop exiting
38668 [main] INFO  o.a.c.f.i.CuratorFrameworkImpl - Starting
38674 [main] INFO  o.a.c.f.i.CuratorFrameworkImpl - Starting
38683 [main-EventThread] INFO  o.a.c.f.s.ConnectionStateManager - State change: CONNECTED
38686 [Thread-190-EventThread] INFO  o.a.c.f.s.ConnectionStateManager - State change: SUSPENDED
38686 [Thread-190-EventThread] INFO  o.a.s.zookeeper - Zookeeper state update: :disconnected:none
38690 [main-EventThread] INFO  o.a.c.f.s.ConnectionStateManager - State change: CONNECTED
38703 [main] INFO  o.a.s.zookeeper - Queued up for leader lock.
38710 [main-EventThread] INFO  o.a.s.zookeeper - testing-worker-linux-docker-23d915db-3364-linux-14.prod.travis-ci.org gained leadership
38710 [main] INFO  o.a.s.d.m.MetricsUtils - Using statistics reporter plugin:org.apache.storm.daemon.metrics.reporters.JmxPreparableReporter
38710 [main] INFO  o.a.s.d.m.r.JmxPreparableReporter - Preparing...
38714 [main] INFO  o.a.s.d.common - Started statistics report plugin...
38715 [main] INFO  o.a.c.f.i.CuratorFrameworkImpl - Starting
38717 [main-EventThread] INFO  o.a.c.f.s.ConnectionStateManager - State change: CONNECTED
38717 [main-EventThread] INFO  o.a.s.zookeeper - Zookeeper state update: :connected:none
38717 [Curator-Framework-0] INFO  o.a.c.f.i.CuratorFrameworkImpl - backgroundOperationsLoop exiting
38718 [main] INFO  o.a.c.f.i.CuratorFrameworkImpl - Starting
38719 [main] INFO  o.a.c.f.i.CuratorFrameworkImpl - Starting
38720 [main-EventThread] INFO  o.a.c.f.s.ConnectionStateManager - State change: CONNECTED
38721 [main-EventThread] INFO  o.a.c.f.s.ConnectionStateManager - State change: CONNECTED
38721 [main-EventThread] INFO  o.a.s.zookeeper - Zookeeper state update: :connected:none
38721 [Curator-Framework-0] INFO  o.a.c.f.i.CuratorFrameworkImpl - backgroundOperationsLoop exiting
38722 [main] INFO  o.a.c.f.i.CuratorFrameworkImpl - Starting
38724 [main-EventThread] INFO  o.a.c.f.s.ConnectionStateManager - State change: CONNECTED
38739 [main] INFO  o.a.s.d.supervisor - Starting Supervisor with conf {"topology.builtin.metrics.bucket.size.secs" 60, "nimbus.childopts" "-Xmx1024m", "ui.filter.params" nil, "storm.cluster.mode" "local", "storm.messaging.netty.client_worker_threads" 1, "logviewer.max.per.worker.logs.size.mb" 2048, "supervisor.run.worker.as.user" false, "topology.max.task.parallelism" nil, "topology.priority" 29, "zmq.threads" 1, "storm.group.mapping.service" "org.apache.storm.security.auth.ShellBasedGroupsMapping", "transactional.zookeeper.root" "/transactional", "topology.sleep.spout.wait.strategy.time.ms" 1, "scheduler.display.resource" false, "topology.max.replication.wait.time.sec" 60, "drpc.invocations.port" 3773, "supervisor.localizer.cache.target.size.mb" 10240, "topology.multilang.serializer" "org.apache.storm.multilang.JsonSerializer", "storm.messaging.netty.server_worker_threads" 1, "nimbus.blobstore.class" "org.apache.storm.blobstore.LocalFsBlobStore", "resource.aware.scheduler.eviction.strategy" "org.apache.storm.scheduler.resource.strategies.eviction.DefaultEvictionStrategy", "topology.max.error.report.per.interval" 5, "storm.thrift.transport" "org.apache.storm.security.auth.SimpleTransportPlugin", "zmq.hwm" 0, "storm.group.mapping.service.params" nil, "worker.profiler.enabled" false, "storm.principal.tolocal" "org.apache.storm.security.auth.DefaultPrincipalToLocal", "supervisor.worker.shutdown.sleep.secs" 1, "pacemaker.host" "localhost", "storm.zookeeper.retry.times" 5, "ui.actions.enabled" true, "zmq.linger.millis" 0, "supervisor.enable" true, "topology.stats.sample.rate" 0.05, "storm.messaging.netty.min_wait_ms" 100, "worker.log.level.reset.poll.secs" 30, "storm.zookeeper.port" 2002, "supervisor.heartbeat.frequency.secs" 5, "topology.enable.message.timeouts" false, "supervisor.cpu.capacity" 400.0, "drpc.worker.threads" 64, "supervisor.blobstore.download.thread.count" 5, "drpc.queue.size" 128, "topology.backpressure.enable" true, "supervisor.blobstore.class" "org.apache.storm.blobstore.NimbusBlobStore", "storm.blobstore.inputstream.buffer.size.bytes" 65536, "topology.shellbolt.max.pending" 100, "drpc.https.keystore.password" "", "nimbus.code.sync.freq.secs" 120, "logviewer.port" 8000, "topology.scheduler.strategy" "org.apache.storm.scheduler.resource.strategies.scheduling.DefaultResourceAwareStrategy", "topology.executor.send.buffer.size" 1024, "resource.aware.scheduler.priority.strategy" "org.apache.storm.scheduler.resource.strategies.priority.DefaultSchedulingPriorityStrategy", "pacemaker.auth.method" "NONE", "storm.daemon.metrics.reporter.plugins" ["org.apache.storm.daemon.metrics.reporters.JmxPreparableReporter"], "topology.worker.logwriter.childopts" "-Xmx64m", "topology.spout.wait.strategy" "org.apache.storm.spout.SleepSpoutWaitStrategy", "ui.host" "0.0.0.0", "storm.nimbus.retry.interval.millis" 2000, "nimbus.inbox.jar.expiration.secs" 3600, "dev.zookeeper.path" "/tmp/dev-storm-zookeeper", "topology.acker.executors" nil, "topology.fall.back.on.java.serialization" true, "topology.eventlogger.executors" 0, "supervisor.localizer.cleanup.interval.ms" 600000, "storm.zookeeper.servers" ["localhost"], "nimbus.thrift.threads" 64, "logviewer.cleanup.age.mins" 10080, "topology.worker.childopts" nil, "topology.classpath" nil, "supervisor.monitor.frequency.secs" 3, "nimbus.credential.renewers.freq.secs" 600, "topology.skip.missing.kryo.registrations" true, "drpc.authorizer.acl.filename" "drpc-auth-acl.yaml", "pacemaker.kerberos.users" [], "storm.group.mapping.service.cache.duration.secs" 120, "NIMBUS-DO-NOT-REASSIGN" true, "topology.testing.always.try.serialize" false, "nimbus.monitor.freq.secs" 10, "storm.health.check.timeout.ms" 5000, "supervisor.supervisors" [], "topology.tasks" nil, "topology.bolts.outgoing.overflow.buffer.enable" false, "storm.messaging.netty.socket.backlog" 500, "topology.workers" 1, "pacemaker.base.threads" 10, "storm.local.dir" "/tmp/f6b83d44-4d94-4e01-a044-bdb67c39aafc", "topology.disable.loadaware" false, "worker.childopts" "-Xmx%HEAP-MEM%m -XX:+PrintGCDetails -Xloggc:artifacts/gc.log -XX:+PrintGCDateStamps -XX:+PrintGCTimeStamps -XX:+UseGCLogFileRotation -XX:NumberOfGCLogFiles=10 -XX:GCLogFileSize=1M -XX:+HeapDumpOnOutOfMemoryError -XX:HeapDumpPath=artifacts/heapdump", "storm.auth.simple-white-list.users" [], "topology.disruptor.batch.timeout.millis" 1, "topology.message.timeout.secs" 30, "topology.state.synchronization.timeout.secs" 60, "topology.tuple.serializer" "org.apache.storm.serialization.types.ListDelegateSerializer", "supervisor.supervisors.commands" [], "nimbus.blobstore.expiration.secs" 600, "logviewer.childopts" "-Xmx128m", "topology.environment" nil, "topology.debug" false, "topology.disruptor.batch.size" 100, "storm.messaging.netty.max_retries" 300, "ui.childopts" "-Xmx768m", "storm.network.topography.plugin" "org.apache.storm.networktopography.DefaultRackDNSToSwitchMapping", "storm.zookeeper.session.timeout" 20000, "drpc.childopts" "-Xmx768m", "drpc.http.creds.plugin" "org.apache.storm.security.auth.DefaultHttpCredentialsPlugin", "storm.zookeeper.connection.timeout" 15000, "storm.zookeeper.auth.user" nil, "storm.meta.serialization.delegate" "org.apache.storm.serialization.GzipThriftSerializationDelegate", "topology.max.spout.pending" nil, "storm.codedistributor.class" "org.apache.storm.codedistributor.LocalFileSystemCodeDistributor", "nimbus.supervisor.timeout.secs" 60, "nimbus.task.timeout.secs" 30, "drpc.port" 3772, "pacemaker.max.threads" 50, "storm.zookeeper.retry.intervalceiling.millis" 30000, "nimbus.thrift.port" 6627, "storm.auth.simple-acl.admins" [], "topology.component.cpu.pcore.percent" 10.0, "supervisor.memory.capacity.mb" 3072.0, "storm.nimbus.retry.times" 5, "supervisor.worker.start.timeout.secs" 5, "storm.zookeeper.retry.interval" 1000, "logs.users" nil, "worker.profiler.command" "flight.bash", "transactional.zookeeper.port" nil, "drpc.max_buffer_size" 1048576, "pacemaker.thread.timeout" 10, "task.credentials.poll.secs" 30, "blobstore.superuser" "travis", "drpc.https.keystore.type" "JKS", "topology.worker.receiver.thread.count" 1, "topology.state.checkpoint.interval.ms" 1000, "supervisor.slots.ports" [1 2 3 4], "topology.transfer.buffer.size" 1024, "storm.health.check.dir" "healthchecks", "topology.worker.shared.thread.pool.size" 4, "drpc.authorizer.acl.strict" false, "nimbus.file.copy.expiration.secs" 600, "worker.profiler.childopts" "-XX:+UnlockCommercialFeatures -XX:+FlightRecorder", "topology.executor.receive.buffer.size" 1024, "backpressure.disruptor.low.watermark" 0.4, "nimbus.task.launch.secs" 120, "storm.local.mode.zmq" false, "storm.messaging.netty.buffer_size" 5242880, "storm.cluster.state.store" "org.apache.storm.cluster_state.zookeeper_state_factory", "worker.heartbeat.frequency.secs" 1, "storm.log4j2.conf.dir" "log4j2", "ui.http.creds.plugin" "org.apache.storm.security.auth.DefaultHttpCredentialsPlugin", "storm.zookeeper.root" "/storm", "topology.tick.tuple.freq.secs" nil, "drpc.https.port" -1, "storm.workers.artifacts.dir" "workers-artifacts", "supervisor.blobstore.download.max_retries" 3, "task.refresh.poll.secs" 10, "storm.exhibitor.port" 8080, "task.heartbeat.frequency.secs" 3, "pacemaker.port" 6699, "storm.messaging.netty.max_wait_ms" 1000, "topology.component.resources.offheap.memory.mb" 0.0, "drpc.http.port" 3774, "topology.error.throttle.interval.secs" 10, "storm.messaging.transport" "org.apache.storm.messaging.netty.Context", "storm.messaging.netty.authentication" false, "topology.component.resources.onheap.memory.mb" 128.0, "topology.kryo.factory" "org.apache.storm.serialization.DefaultKryoFactory", "worker.gc.childopts" "", "nimbus.topology.validator" "org.apache.storm.nimbus.DefaultTopologyValidator", "nimbus.seeds" ["localhost"], "nimbus.queue.size" 100000, "nimbus.cleanup.inbox.freq.secs" 600, "storm.blobstore.replication.factor" 3, "worker.heap.memory.mb" 768, "logviewer.max.sum.worker.logs.size.mb" 4096, "pacemaker.childopts" "-Xmx1024m", "ui.users" nil, "transactional.zookeeper.servers" nil, "supervisor.worker.timeout.secs" 15, "storm.zookeeper.auth.password" nil, "storm.blobstore.acl.validation.enabled" false, "client.blobstore.class" "org.apache.storm.blobstore.NimbusBlobStore", "supervisor.childopts" "-Xmx256m", "topology.worker.max.heap.size.mb" 768.0, "backpressure.disruptor.high.watermark" 0.9, "ui.filter" nil, "ui.header.buffer.bytes" 4096, "topology.min.replication.count" 1, "topology.disruptor.wait.timeout.millis" 1000, "storm.nimbus.retry.intervalceiling.millis" 60000, "topology.trident.batch.emit.interval.millis" 50, "storm.auth.simple-acl.users" [], "drpc.invocations.threads" 64, "java.library.path" "/usr/local/lib:/opt/local/lib:/usr/lib", "ui.port" 8080, "storm.exhibitor.poll.uripath" "/exhibitor/v1/cluster/list", "storm.messaging.netty.transfer.batch.size" 262144, "logviewer.appender.name" "A1", "nimbus.thrift.max_buffer_size" 1048576, "storm.auth.simple-acl.users.commands" [], "drpc.request.timeout.secs" 600}
38739 [main] INFO  o.a.s.l.Localizer - Reconstruct localized resource: /tmp/f6b83d44-4d94-4e01-a044-bdb67c39aafc/supervisor/usercache
38739 [main] WARN  o.a.s.l.Localizer - No left over resources found for any user during reconstructing of local resources at: /tmp/f6b83d44-4d94-4e01-a044-bdb67c39aafc/supervisor/usercache
38740 [main] INFO  o.a.c.f.i.CuratorFrameworkImpl - Starting
38742 [main-EventThread] INFO  o.a.c.f.s.ConnectionStateManager - State change: CONNECTED
38742 [main-EventThread] INFO  o.a.s.zookeeper - Zookeeper state update: :connected:none
38743 [Curator-Framework-0] INFO  o.a.c.f.i.CuratorFrameworkImpl - backgroundOperationsLoop exiting
38744 [main] INFO  o.a.c.f.i.CuratorFrameworkImpl - Starting
38745 [main-EventThread] INFO  o.a.c.f.s.ConnectionStateManager - State change: CONNECTED
38749 [main] INFO  o.a.s.d.supervisor - Starting supervisor with id sup1 at host testing-worker-linux-docker-23d915db-3364-linux-14.prod.travis-ci.org
38750 [main] INFO  o.a.s.d.supervisor - Starting Supervisor with conf {"topology.builtin.metrics.bucket.size.secs" 60, "nimbus.childopts" "-Xmx1024m", "ui.filter.params" nil, "storm.cluster.mode" "local", "storm.messaging.netty.client_worker_threads" 1, "logviewer.max.per.worker.logs.size.mb" 2048, "supervisor.run.worker.as.user" false, "topology.max.task.parallelism" nil, "topology.priority" 29, "zmq.threads" 1, "storm.group.mapping.service" "org.apache.storm.security.auth.ShellBasedGroupsMapping", "transactional.zookeeper.root" "/transactional", "topology.sleep.spout.wait.strategy.time.ms" 1, "scheduler.display.resource" false, "topology.max.replication.wait.time.sec" 60, "drpc.invocations.port" 3773, "supervisor.localizer.cache.target.size.mb" 10240, "topology.multilang.serializer" "org.apache.storm.multilang.JsonSerializer", "storm.messaging.netty.server_worker_threads" 1, "nimbus.blobstore.class" "org.apache.storm.blobstore.LocalFsBlobStore", "resource.aware.scheduler.eviction.strategy" "org.apache.storm.scheduler.resource.strategies.eviction.DefaultEvictionStrategy", "topology.max.error.report.per.interval" 5, "storm.thrift.transport" "org.apache.storm.security.auth.SimpleTransportPlugin", "zmq.hwm" 0, "storm.group.mapping.service.params" nil, "worker.profiler.enabled" false, "storm.principal.tolocal" "org.apache.storm.security.auth.DefaultPrincipalToLocal", "supervisor.worker.shutdown.sleep.secs" 1, "pacemaker.host" "localhost", "storm.zookeeper.retry.times" 5, "ui.actions.enabled" true, "zmq.linger.millis" 0, "supervisor.enable" true, "topology.stats.sample.rate" 0.05, "storm.messaging.netty.min_wait_ms" 100, "worker.log.level.reset.poll.secs" 30, "storm.zookeeper.port" 2002, "supervisor.heartbeat.frequency.secs" 5, "topology.enable.message.timeouts" false, "supervisor.cpu.capacity" 400.0, "drpc.worker.threads" 64, "supervisor.blobstore.download.thread.count" 5, "drpc.queue.size" 128, "topology.backpressure.enable" true, "supervisor.blobstore.class" "org.apache.storm.blobstore.NimbusBlobStore", "storm.blobstore.inputstream.buffer.size.bytes" 65536, "topology.shellbolt.max.pending" 100, "drpc.https.keystore.password" "", "nimbus.code.sync.freq.secs" 120, "logviewer.port" 8000, "topology.scheduler.strategy" "org.apache.storm.scheduler.resource.strategies.scheduling.DefaultResourceAwareStrategy", "topology.executor.send.buffer.size" 1024, "resource.aware.scheduler.priority.strategy" "org.apache.storm.scheduler.resource.strategies.priority.DefaultSchedulingPriorityStrategy", "pacemaker.auth.method" "NONE", "storm.daemon.metrics.reporter.plugins" ["org.apache.storm.daemon.metrics.reporters.JmxPreparableReporter"], "topology.worker.logwriter.childopts" "-Xmx64m", "topology.spout.wait.strategy" "org.apache.storm.spout.SleepSpoutWaitStrategy", "ui.host" "0.0.0.0", "storm.nimbus.retry.interval.millis" 2000, "nimbus.inbox.jar.expiration.secs" 3600, "dev.zookeeper.path" "/tmp/dev-storm-zookeeper", "topology.acker.executors" nil, "topology.fall.back.on.java.serialization" true, "topology.eventlogger.executors" 0, "supervisor.localizer.cleanup.interval.ms" 600000, "storm.zookeeper.servers" ["localhost"], "nimbus.thrift.threads" 64, "logviewer.cleanup.age.mins" 10080, "topology.worker.childopts" nil, "topology.classpath" nil, "supervisor.monitor.frequency.secs" 3, "nimbus.credential.renewers.freq.secs" 600, "topology.skip.missing.kryo.registrations" true, "drpc.authorizer.acl.filename" "drpc-auth-acl.yaml", "pacemaker.kerberos.users" [], "storm.group.mapping.service.cache.duration.secs" 120, "NIMBUS-DO-NOT-REASSIGN" true, "topology.testing.always.try.serialize" false, "nimbus.monitor.freq.secs" 10, "storm.health.check.timeout.ms" 5000, "supervisor.supervisors" [], "topology.tasks" nil, "topology.bolts.outgoing.overflow.buffer.enable" false, "storm.messaging.netty.socket.backlog" 500, "topology.workers" 1, "pacemaker.base.threads" 10, "storm.local.dir" "/tmp/7eeea862-23dc-4479-b9a5-a9c1170ac1c8", "topology.disable.loadaware" false, "worker.childopts" "-Xmx%HEAP-MEM%m -XX:+PrintGCDetails -Xloggc:artifacts/gc.log -XX:+PrintGCDateStamps -XX:+PrintGCTimeStamps -XX:+UseGCLogFileRotation -XX:NumberOfGCLogFiles=10 -XX:GCLogFileSize=1M -XX:+HeapDumpOnOutOfMemoryError -XX:HeapDumpPath=artifacts/heapdump", "storm.auth.simple-white-list.users" [], "topology.disruptor.batch.timeout.millis" 1, "topology.message.timeout.secs" 30, "topology.state.synchronization.timeout.secs" 60, "topology.tuple.serializer" "org.apache.storm.serialization.types.ListDelegateSerializer", "supervisor.supervisors.commands" [], "nimbus.blobstore.expiration.secs" 600, "logviewer.childopts" "-Xmx128m", "topology.environment" nil, "topology.debug" false, "topology.disruptor.batch.size" 100, "storm.messaging.netty.max_retries" 300, "ui.childopts" "-Xmx768m", "storm.network.topography.plugin" "org.apache.storm.networktopography.DefaultRackDNSToSwitchMapping", "storm.zookeeper.session.timeout" 20000, "drpc.childopts" "-Xmx768m", "drpc.http.creds.plugin" "org.apache.storm.security.auth.DefaultHttpCredentialsPlugin", "storm.zookeeper.connection.timeout" 15000, "storm.zookeeper.auth.user" nil, "storm.meta.serialization.delegate" "org.apache.storm.serialization.GzipThriftSerializationDelegate", "topology.max.spout.pending" nil, "storm.codedistributor.class" "org.apache.storm.codedistributor.LocalFileSystemCodeDistributor", "nimbus.supervisor.timeout.secs" 60, "nimbus.task.timeout.secs" 30, "drpc.port" 3772, "pacemaker.max.threads" 50, "storm.zookeeper.retry.intervalceiling.millis" 30000, "nimbus.thrift.port" 6627, "storm.auth.simple-acl.admins" [], "topology.component.cpu.pcore.percent" 10.0, "supervisor.memory.capacity.mb" 3072.0, "storm.nimbus.retry.times" 5, "supervisor.worker.start.timeout.secs" 5, "storm.zookeeper.retry.interval" 1000, "logs.users" nil, "worker.profiler.command" "flight.bash", "transactional.zookeeper.port" nil, "drpc.max_buffer_size" 1048576, "pacemaker.thread.timeout" 10, "task.credentials.poll.secs" 30, "blobstore.superuser" "travis", "drpc.https.keystore.type" "JKS", "topology.worker.receiver.thread.count" 1, "topology.state.checkpoint.interval.ms" 1000, "supervisor.slots.ports" [1 2], "topology.transfer.buffer.size" 1024, "storm.health.check.dir" "healthchecks", "topology.worker.shared.thread.pool.size" 4, "drpc.authorizer.acl.strict" false, "nimbus.file.copy.expiration.secs" 600, "worker.profiler.childopts" "-XX:+UnlockCommercialFeatures -XX:+FlightRecorder", "topology.executor.receive.buffer.size" 1024, "backpressure.disruptor.low.watermark" 0.4, "nimbus.task.launch.secs" 120, "storm.local.mode.zmq" false, "storm.messaging.netty.buffer_size" 5242880, "storm.cluster.state.store" "org.apache.storm.cluster_state.zookeeper_state_factory", "worker.heartbeat.frequency.secs" 1, "storm.log4j2.conf.dir" "log4j2", "ui.http.creds.plugin" "org.apache.storm.security.auth.DefaultHttpCredentialsPlugin", "storm.zookeeper.root" "/storm", "topology.tick.tuple.freq.secs" nil, "drpc.https.port" -1, "storm.workers.artifacts.dir" "workers-artifacts", "supervisor.blobstore.download.max_retries" 3, "task.refresh.poll.secs" 10, "storm.exhibitor.port" 8080, "task.heartbeat.frequency.secs" 3, "pacemaker.port" 6699, "storm.messaging.netty.max_wait_ms" 1000, "topology.component.resources.offheap.memory.mb" 0.0, "drpc.http.port" 3774, "topology.error.throttle.interval.secs" 10, "storm.messaging.transport" "org.apache.storm.messaging.netty.Context", "storm.messaging.netty.authentication" false, "topology.component.resources.onheap.memory.mb" 128.0, "topology.kryo.factory" "org.apache.storm.serialization.DefaultKryoFactory", "worker.gc.childopts" "", "nimbus.topology.validator" "org.apache.storm.nimbus.DefaultTopologyValidator", "nimbus.seeds" ["localhost"], "nimbus.queue.size" 100000, "nimbus.cleanup.inbox.freq.secs" 600, "storm.blobstore.replication.factor" 3, "worker.heap.memory.mb" 768, "logviewer.max.sum.worker.logs.size.mb" 4096, "pacemaker.childopts" "-Xmx1024m", "ui.users" nil, "transactional.zookeeper.servers" nil, "supervisor.worker.timeout.secs" 15, "storm.zookeeper.auth.password" nil, "storm.blobstore.acl.validation.enabled" false, "client.blobstore.class" "org.apache.storm.blobstore.NimbusBlobStore", "supervisor.childopts" "-Xmx256m", "topology.worker.max.heap.size.mb" 768.0, "backpressure.disruptor.high.watermark" 0.9, "ui.filter" nil, "ui.header.buffer.bytes" 4096, "topology.min.replication.count" 1, "topology.disruptor.wait.timeout.millis" 1000, "storm.nimbus.retry.intervalceiling.millis" 60000, "topology.trident.batch.emit.interval.millis" 50, "storm.auth.simple-acl.users" [], "drpc.invocations.threads" 64, "java.library.path" "/usr/local/lib:/opt/local/lib:/usr/lib", "ui.port" 8080, "storm.exhibitor.poll.uripath" "/exhibitor/v1/cluster/list", "storm.messaging.netty.transfer.batch.size" 262144, "logviewer.appender.name" "A1", "nimbus.thrift.max_buffer_size" 1048576, "storm.auth.simple-acl.users.commands" [], "drpc.request.timeout.secs" 600}
38751 [main] INFO  o.a.s.l.Localizer - Reconstruct localized resource: /tmp/7eeea862-23dc-4479-b9a5-a9c1170ac1c8/supervisor/usercache
38751 [main] WARN  o.a.s.l.Localizer - No left over resources found for any user during reconstructing of local resources at: /tmp/7eeea862-23dc-4479-b9a5-a9c1170ac1c8/supervisor/usercache
38751 [main] INFO  o.a.c.f.i.CuratorFrameworkImpl - Starting
38754 [main-EventThread] INFO  o.a.c.f.s.ConnectionStateManager - State change: CONNECTED
38754 [main-EventThread] INFO  o.a.s.zookeeper - Zookeeper state update: :connected:none
38755 [Curator-Framework-0] INFO  o.a.c.f.i.CuratorFrameworkImpl - backgroundOperationsLoop exiting
38756 [main] INFO  o.a.c.f.i.CuratorFrameworkImpl - Starting
38758 [main-EventThread] INFO  o.a.c.f.s.ConnectionStateManager - State change: CONNECTED
38761 [main] INFO  o.a.s.d.supervisor - Starting supervisor with id sup2 at host testing-worker-linux-docker-23d915db-3364-linux-14.prod.travis-ci.org
38762 [main] INFO  o.a.s.l.ThriftAccessLogger - Request ID: 1 access from:  principal:  operation: submitTopology
38764 [main] INFO  o.a.s.d.nimbus - Received topology submission for test with conf {"topology.max.task.parallelism" nil, "topology.submitter.principal" "", "topology.acker.executors" nil, "topology.eventlogger.executors" 0, "topology.workers" 3, "topology.message.timeout.secs" 40, "storm.zookeeper.superACL" nil, "topology.users" (), "topology.submitter.user" "travis", "topology.kryo.register" nil, "topology.kryo.decorators" (), "storm.id" "test-1-0", "topology.name" "test"}
38767 [main] INFO  o.a.s.d.nimbus - uploadedJar 
38770 [main] INFO  o.a.c.f.i.CuratorFrameworkImpl - Starting
38773 [main-EventThread] INFO  o.a.c.f.s.ConnectionStateManager - State change: CONNECTED
38776 [Curator-Framework-0] INFO  o.a.c.f.i.CuratorFrameworkImpl - backgroundOperationsLoop exiting
38777 [main] INFO  o.a.s.cluster - setup-path/blobstore/test-1-0-stormconf.ser/testing-worker-linux-docker-23d915db-3364-linux-14.prod.travis-ci.org:6627-1
38782 [main] INFO  o.a.c.f.i.CuratorFrameworkImpl - Starting
38788 [main-EventThread] INFO  o.a.c.f.s.ConnectionStateManager - State change: CONNECTED
38789 [Curator-Framework-0] INFO  o.a.c.f.i.CuratorFrameworkImpl - backgroundOperationsLoop exiting
38790 [main] INFO  o.a.s.cluster - setup-path/blobstore/test-1-0-stormcode.ser/testing-worker-linux-docker-23d915db-3364-linux-14.prod.travis-ci.org:6627-1
38796 [main] INFO  o.a.s.d.nimbus - desired replication count 1 achieved, current-replication-count for conf key = 1, current-replication-count for code key = 1, current-replication-count for jar key = 1
38806 [main] INFO  o.a.s.d.nimbus - Activating test: test-1-0
38813 [main] INFO  o.a.s.l.ThriftAccessLogger - Request ID: 1 access from:  principal:  operation: rebalance
38814 [main] INFO  o.a.s.d.nimbus - Delaying event :do-rebalance for 0 secs for test-1-0
38864 [timer] INFO  o.a.s.s.EvenScheduler - Available slots: (["sup1" 1] ["sup1" 2] ["sup1" 3] ["sup1" 4] ["sup2" 1] ["sup2" 2])
38865 [timer] INFO  o.a.s.d.nimbus - Setting new assignment for topology id test-1-0: #org.apache.storm.daemon.common.Assignment{:master-code-dir "/tmp/ed2e3bc9-ac1e-45eb-9874-26a3c98c1644", :node->host {"sup1" "testing-worker-linux-docker-23d915db-3364-linux-14.prod.travis-ci.org", "sup2" "testing-worker-linux-docker-23d915db-3364-linux-14.prod.travis-ci.org"}, :executor->node+port {[7 7] ["sup1" 1], [6 6] ["sup1" 2], [5 5] ["sup2" 1], [4 4] ["sup1" 1], [3 3] ["sup1" 2], [2 2] ["sup2" 1], [1 1] ["sup1" 1]}, :executor->start-time-secs {[1 1] 1, [4 4] 1, [7 7] 1, [2 2] 1, [5 5] 1, [3 3] 1, [6 6] 1}, :worker->resources {["sup1" 1] [0.0 0.0 0.0], ["sup1" 2] [0.0 0.0 0.0], ["sup2" 1] [0.0 0.0 0.0]}}
38871 [Thread-198] INFO  o.a.s.d.supervisor - Downloading code for storm id test-1-0
38871 [Thread-196] INFO  o.a.s.d.supervisor - Downloading code for storm id test-1-0
38872 [Thread-196] INFO  o.a.c.f.i.CuratorFrameworkImpl - Starting
38872 [Thread-198] INFO  o.a.c.f.i.CuratorFrameworkImpl - Starting
38876 [Thread-198] INFO  o.a.s.b.FileBlobStoreImpl - Creating new blob store based in /tmp/ed2e3bc9-ac1e-45eb-9874-26a3c98c1644/blobs
38881 [Thread-198-EventThread] INFO  o.a.c.f.s.ConnectionStateManager - State change: CONNECTED
38890 [Thread-196] INFO  o.a.s.b.FileBlobStoreImpl - Creating new blob store based in /tmp/ed2e3bc9-ac1e-45eb-9874-26a3c98c1644/blobs
38894 [Curator-ConnectionStateManager-0] WARN  o.a.c.f.s.ConnectionStateManager - There are no ConnectionStateListeners registered.
38895 [Thread-196-EventThread] INFO  o.a.c.f.s.ConnectionStateManager - State change: CONNECTED
38896 [Curator-ConnectionStateManager-0] WARN  o.a.c.f.s.ConnectionStateManager - There are no ConnectionStateListeners registered.
38901 [Thread-198] INFO  o.a.s.d.supervisor - Copying resources at file:/home/travis/build/apache/storm/storm-core/target/test-classes/resources to /tmp/7eeea862-23dc-4479-b9a5-a9c1170ac1c8/supervisor/stormdist/test-1-0/resources
38903 [Thread-198] INFO  o.a.s.d.supervisor - Finished downloading code for storm id test-1-0
38904 [Thread-199] INFO  o.a.s.d.supervisor - Launching worker with assignment {:storm-id "test-1-0", :executors [[5 5] [2 2]], :resources #object[org.apache.storm.generated.WorkerResources 0x86fd106 "WorkerResources(mem_on_heap:0.0, mem_off_heap:0.0, cpu:0.0)"]} for this supervisor sup2 on port 1 with id 65ea4783-94cc-4e69-b778-be974a088569
38905 [Thread-199] INFO  o.a.s.config - SET worker-user 65ea4783-94cc-4e69-b778-be974a088569 
38906 [Thread-199] INFO  o.a.s.d.supervisor - 65ea4783-94cc-4e69-b778-be974a088569 still hasn't started
38908 [Thread-196] INFO  o.a.s.d.supervisor - Copying resources at file:/home/travis/build/apache/storm/storm-core/target/test-classes/resources to /tmp/f6b83d44-4d94-4e01-a044-bdb67c39aafc/supervisor/stormdist/test-1-0/resources
38909 [Thread-196] INFO  o.a.s.d.supervisor - Finished downloading code for storm id test-1-0
38911 [Thread-197] INFO  o.a.s.d.supervisor - Launching worker with assignment {:storm-id "test-1-0", :executors [[7 7] [4 4] [1 1]], :resources #object[org.apache.storm.generated.WorkerResources 0x1a70e9a5 "WorkerResources(mem_on_heap:0.0, mem_off_heap:0.0, cpu:0.0)"]} for this supervisor sup1 on port 1 with id 68ce6f0d-420f-4d02-b054-8d707c767e86
38911 [Thread-197] INFO  o.a.s.config - SET worker-user 68ce6f0d-420f-4d02-b054-8d707c767e86 
38911 [Thread-197] INFO  o.a.s.d.supervisor - Launching worker with assignment {:storm-id "test-1-0", :executors [[6 6] [3 3]], :resources #object[org.apache.storm.generated.WorkerResources 0x14b7149b "WorkerResources(mem_on_heap:0.0, mem_off_heap:0.0, cpu:0.0)"]} for this supervisor sup1 on port 2 with id b7909261-2dec-4006-8a1b-c59e4e25acd1
38912 [Thread-197] INFO  o.a.s.config - SET worker-user b7909261-2dec-4006-8a1b-c59e4e25acd1 
38912 [Thread-197] INFO  o.a.s.d.supervisor - 68ce6f0d-420f-4d02-b054-8d707c767e86 still hasn't started
38916 [Thread-199] INFO  o.a.s.d.supervisor - 65ea4783-94cc-4e69-b778-be974a088569 still hasn't started
38923 [Thread-197] INFO  o.a.s.d.supervisor - 68ce6f0d-420f-4d02-b054-8d707c767e86 still hasn't started
38930 [main] INFO  o.a.s.l.ThriftAccessLogger - Request ID: 1 access from:  principal:  operation: submitTopology
38933 [main] INFO  o.a.s.d.nimbus - Received topology submission for test2 with conf {"topology.max.task.parallelism" nil, "topology.submitter.principal" "", "topology.acker.executors" nil, "topology.eventlogger.executors" 0, "topology.workers" 2, "storm.zookeeper.superACL" nil, "topology.users" (), "topology.submitter.user" "travis", "topology.kryo.register" nil, "topology.kryo.decorators" (), "storm.id" "test2-2-2", "topology.name" "test2"}
38935 [main] INFO  o.a.s.d.nimbus - uploadedJar 
38937 [main] INFO  o.a.c.f.i.CuratorFrameworkImpl - Starting
38939 [main-EventThread] INFO  o.a.c.f.s.ConnectionStateManager - State change: CONNECTED
38940 [Curator-Framework-0] INFO  o.a.c.f.i.CuratorFrameworkImpl - backgroundOperationsLoop exiting
38941 [main] INFO  o.a.s.cluster - setup-path/blobstore/test2-2-2-stormconf.ser/testing-worker-linux-docker-23d915db-3364-linux-14.prod.travis-ci.org:6627-1
38952 [main] INFO  o.a.c.f.i.CuratorFrameworkImpl - Starting
38954 [main-EventThread] INFO  o.a.c.f.s.ConnectionStateManager - State change: CONNECTED
38956 [Curator-Framework-0] INFO  o.a.c.f.i.CuratorFrameworkImpl - backgroundOperationsLoop exiting
38957 [main] INFO  o.a.s.cluster - setup-path/blobstore/test2-2-2-stormcode.ser/testing-worker-linux-docker-23d915db-3364-linux-14.prod.travis-ci.org:6627-1
38961 [main] INFO  o.a.s.d.nimbus - desired replication count 1 achieved, current-replication-count for conf key = 1, current-replication-count for code key = 1, current-replication-count for jar key = 1
38970 [main] INFO  o.a.s.d.nimbus - Activating test2: test2-2-2
38979 [main] INFO  o.a.s.l.ThriftAccessLogger - Request ID: 1 access from:  principal:  operation: rebalance
38981 [main] INFO  o.a.s.d.nimbus - Delaying event :do-rebalance for 0 secs for test2-2-2
39058 [timer] INFO  o.a.s.s.EvenScheduler - Available slots: (["sup1" 3] ["sup1" 4] ["sup2" 2])
39081 [timer] INFO  o.a.s.d.nimbus - Setting new assignment for topology id test2-2-2: #org.apache.storm.daemon.common.Assignment{:master-code-dir "/tmp/ed2e3bc9-ac1e-45eb-9874-26a3c98c1644", :node->host {"sup1" "testing-worker-linux-docker-23d915db-3364-linux-14.prod.travis-ci.org", "sup2" "testing-worker-linux-docker-23d915db-3364-linux-14.prod.travis-ci.org"}, :executor->node+port {[4 4] ["sup2" 2], [3 3] ["sup1" 3], [2 2] ["sup2" 2], [1 1] ["sup1" 3], [5 5] ["sup1" 3]}, :executor->start-time-secs {[1 1] 3, [3 3] 3, [5 5] 3, [2 2] 3, [4 4] 3}, :worker->resources {["sup2" 2] [0.0 0.0 0.0], ["sup1" 3] [0.0 0.0 0.0]}}
39093 [Thread-196] INFO  o.a.s.d.supervisor - Downloading code for storm id test2-2-2
39093 [Thread-196] INFO  o.a.c.f.i.CuratorFrameworkImpl - Starting
39095 [Thread-198] INFO  o.a.s.d.supervisor - Downloading code for storm id test2-2-2
39096 [Thread-198] INFO  o.a.c.f.i.CuratorFrameworkImpl - Starting
39111 [Thread-196] INFO  o.a.s.b.FileBlobStoreImpl - Creating new blob store based in /tmp/ed2e3bc9-ac1e-45eb-9874-26a3c98c1644/blobs
39170 [Thread-198] INFO  o.a.s.b.FileBlobStoreImpl - Creating new blob store based in /tmp/ed2e3bc9-ac1e-45eb-9874-26a3c98c1644/blobs
39170 [Thread-198-EventThread] INFO  o.a.c.f.s.ConnectionStateManager - State change: CONNECTED
39174 [Thread-196-EventThread] INFO  o.a.c.f.s.ConnectionStateManager - State change: CONNECTED
39182 [Thread-196] INFO  o.a.s.d.supervisor - Copying resources at file:/home/travis/build/apache/storm/storm-core/target/test-classes/resources to /tmp/f6b83d44-4d94-4e01-a044-bdb67c39aafc/supervisor/stormdist/test2-2-2/resources
39186 [Thread-196] INFO  o.a.s.d.supervisor - Finished downloading code for storm id test2-2-2
39189 [Thread-197] INFO  o.a.s.d.supervisor - Launching worker with assignment {:storm-id "test2-2-2", :executors [[3 3] [1 1] [5 5]], :resources #object[org.apache.storm.generated.WorkerResources 0x558a1ea0 "WorkerResources(mem_on_heap:0.0, mem_off_heap:0.0, cpu:0.0)"]} for this supervisor sup1 on port 3 with id 466f1c9f-c1f9-4ef9-a071-c71f6078a53e
39189 [Thread-197] INFO  o.a.s.config - SET worker-user 466f1c9f-c1f9-4ef9-a071-c71f6078a53e 
39190 [Thread-197] INFO  o.a.s.d.supervisor - 466f1c9f-c1f9-4ef9-a071-c71f6078a53e still hasn't started
39201 [Thread-198] INFO  o.a.s.d.supervisor - Copying resources at file:/home/travis/build/apache/storm/storm-core/target/test-classes/resources to /tmp/7eeea862-23dc-4479-b9a5-a9c1170ac1c8/supervisor/stormdist/test2-2-2/resources
39204 [Thread-198] INFO  o.a.s.d.supervisor - Finished downloading code for storm id test2-2-2
39212 [Thread-199] INFO  o.a.s.d.supervisor - Launching worker with assignment {:storm-id "test2-2-2", :executors [[4 4] [2 2]], :resources #object[org.apache.storm.generated.WorkerResources 0x297ba76 "WorkerResources(mem_on_heap:0.0, mem_off_heap:0.0, cpu:0.0)"]} for this supervisor sup2 on port 2 with id 7c867adc-2d35-4666-b989-1fb790841531
39212 [Thread-199] INFO  o.a.s.config - SET worker-user 7c867adc-2d35-4666-b989-1fb790841531 
39213 [Thread-199] INFO  o.a.s.d.supervisor - 7c867adc-2d35-4666-b989-1fb790841531 still hasn't started
39220 [Thread-197] INFO  o.a.s.d.supervisor - 466f1c9f-c1f9-4ef9-a071-c71f6078a53e still hasn't started
39223 [Thread-199] INFO  o.a.s.d.supervisor - 7c867adc-2d35-4666-b989-1fb790841531 still hasn't started
39248 [main] INFO  o.a.s.l.ThriftAccessLogger - Request ID: 1 access from:  principal:  operation: killTopology
39256 [main] INFO  o.a.s.d.nimbus - Delaying event :remove for 40 secs for test-1-0
39259 [main] INFO  o.a.s.d.nimbus - Adding topo to history log: test-1-0
39748 [Thread-190-EventThread] WARN  o.a.c.ConnectionState - Session expired event received
39748 [Thread-190-EventThread] INFO  o.a.c.f.s.ConnectionStateManager - State change: LOST
39748 [Thread-190-EventThread] INFO  o.a.s.zookeeper - Zookeeper state update: :expired:none
39751 [Thread-190-EventThread] INFO  o.a.c.f.s.ConnectionStateManager - State change: RECONNECTED
39751 [Thread-190-EventThread] INFO  o.a.s.zookeeper - Zookeeper state update: :connected:none
40049 [timer] INFO  o.a.s.d.nimbus - Killing topology: test-1-0
40113 [Thread-196] INFO  o.a.s.d.supervisor - Removing code for storm id test-1-0
40115 [Thread-198] INFO  o.a.s.d.supervisor - Removing code for storm id test-1-0
40117 [Thread-197] INFO  o.a.s.d.supervisor - Shutting down and clearing state for id 68ce6f0d-420f-4d02-b054-8d707c767e86. Current supervisor time: 44. State: :disallowed, Heartbeat: {:time-secs 36, :storm-id "test-1-0", :executors [[7 7] [4 4] [1 1]], :port 1}
40117 [Thread-197] INFO  o.a.s.d.supervisor - Shutting down sup1:68ce6f0d-420f-4d02-b054-8d707c767e86
40119 [Thread-199] INFO  o.a.s.d.supervisor - Shutting down and clearing state for id 65ea4783-94cc-4e69-b778-be974a088569. Current supervisor time: 44. State: :disallowed, Heartbeat: {:time-secs 36, :storm-id "test-1-0", :executors [[5 5] [2 2]], :port 1}
40120 [Thread-199] INFO  o.a.s.d.supervisor - Shutting down sup2:65ea4783-94cc-4e69-b778-be974a088569
40120 [Thread-199] INFO  o.a.s.config - GET worker-user 65ea4783-94cc-4e69-b778-be974a088569
40123 [Thread-199] WARN  o.a.s.d.supervisor - Failed to cleanup worker 65ea4783-94cc-4e69-b778-be974a088569. Will retry later #error {
 :cause Unable to delete directory /tmp/7eeea862-23dc-4479-b9a5-a9c1170ac1c8/workers/65ea4783-94cc-4e69-b778-be974a088569.
 :via
 [{:type java.io.IOException
   :message Unable to delete directory /tmp/7eeea862-23dc-4479-b9a5-a9c1170ac1c8/workers/65ea4783-94cc-4e69-b778-be974a088569.
   :at [org.apache.commons.io.FileUtils deleteDirectory FileUtils.java 1581]}]
 :trace
 [[org.apache.commons.io.FileUtils deleteDirectory FileUtils.java 1581]
  [org.apache.commons.io.FileUtils forceDelete FileUtils.java 2372]
  [org.apache.storm.util$rmr invoke util.clj 568]
  [org.apache.storm.daemon.supervisor$try_cleanup_worker invoke supervisor.clj 265]
  [org.apache.storm.daemon.supervisor$shutdown_worker invoke supervisor.clj 303]
  [org.apache.storm.testing$mk_capture_shutdown_fn$fn__9556 invoke testing.clj 372]
  [org.apache.storm.daemon.supervisor$sync_processes invoke supervisor.clj 427]
  [clojure.core$partial$fn__4527 invoke core.clj 2492]
  [org.apache.storm.event$event_manager$fn__8629 invoke event.clj 40]
  [clojure.lang.AFn run AFn.java 22]
  [java.lang.Thread run Thread.java 745]]}
40124 [Thread-199] INFO  o.a.s.d.supervisor - Shut down sup2:65ea4783-94cc-4e69-b778-be974a088569
40128 [Thread-199] INFO  o.a.s.d.supervisor - Shutting down and clearing state for id 65ea4783-94cc-4e69-b778-be974a088569. Current supervisor time: 44. State: :not-started, Heartbeat: nil
40129 [Thread-199] INFO  o.a.s.d.supervisor - Shutting down sup2:65ea4783-94cc-4e69-b778-be974a088569
40129 [Thread-199] INFO  o.a.s.config - GET worker-user 65ea4783-94cc-4e69-b778-be974a088569
40129 [Thread-199] INFO  o.a.s.config - REMOVE worker-user 65ea4783-94cc-4e69-b778-be974a088569
40129 [Thread-199] INFO  o.a.s.d.supervisor - Shut down sup2:65ea4783-94cc-4e69-b778-be974a088569
40144 [Thread-197] INFO  o.a.s.config - GET worker-user 68ce6f0d-420f-4d02-b054-8d707c767e86
40145 [Thread-197] INFO  o.a.s.config - REMOVE worker-user 68ce6f0d-420f-4d02-b054-8d707c767e86
40145 [Thread-197] INFO  o.a.s.d.supervisor - Shut down sup1:68ce6f0d-420f-4d02-b054-8d707c767e86
40145 [Thread-197] INFO  o.a.s.d.supervisor - Shutting down and clearing state for id b7909261-2dec-4006-8a1b-c59e4e25acd1. Current supervisor time: 44. State: :disallowed, Heartbeat: {:time-secs 36, :storm-id "test-1-0", :executors [[6 6] [3 3]], :port 2}
40145 [Thread-197] INFO  o.a.s.d.supervisor - Shutting down sup1:b7909261-2dec-4006-8a1b-c59e4e25acd1
40145 [Thread-197] INFO  o.a.s.config - GET worker-user b7909261-2dec-4006-8a1b-c59e4e25acd1
40146 [Thread-197] INFO  o.a.s.config - REMOVE worker-user b7909261-2dec-4006-8a1b-c59e4e25acd1
40146 [Thread-197] INFO  o.a.s.d.supervisor - Shut down sup1:b7909261-2dec-4006-8a1b-c59e4e25acd1
            
--------------------------------------------------
Checking ./storm-core/target/test-reports/org.apache.storm.scheduler.multitenant-scheduler-test.xml
Checking ./storm-core/target/test-reports/org.apache.storm.security.auth.nimbus-auth-test.xml
Checking ./storm-core/target/test-reports/org.apache.storm.security.auth.ThriftServer-test.xml
Checking ./storm-core/target/test-reports/org.apache.storm.security.auth.AuthUtils-test.xml
Checking ./storm-core/target/test-reports/org.apache.storm.logviewer-test.xml
Checking ./storm-core/target/test-reports/org.apache.storm.worker-test.xml
Checking ./storm-core/target/test-reports/integration.org.apache.storm.testing4j-test.xml
Checking ./storm-core/target/test-reports/org.apache.storm.trident.state-test.xml
Checking ./storm-core/target/test-reports/org.apache.storm.utils-test.xml
Checking ./storm-core/target/test-reports/org.apache.storm.serialization.SerializationFactory-test.xml
Checking ./storm-core/target/test-reports/org.apache.storm.security.auth.DefaultHttpCredentialsPlugin-test.xml
Checking ./storm-core/target/test-reports/org.apache.storm.security.auth.auth-test.xml
Checking ./storm-core/target/test-reports/org.apache.storm.clojure-test.xml
Checking ./storm-core/target/test-reports/org.apache.storm.messaging-test.xml
Checking ./storm-core/target/test-reports/org.apache.storm.drpc-test.xml
Checking ./storm-core/target/test-reports/org.apache.storm.submitter-test.xml
Checking ./storm-core/target/test-reports/org.apache.storm.security.auth.ReqContext-test.xml
Checking ./storm-core/target/test-reports/org.apache.storm.fields-test.xml
Checking ./storm-core/target/test-reports/integration.org.apache.storm.integration-test.xml
Checking ./storm-core/target/test-reports/org.apache.storm.security.auth.authorizer.DRPCSimpleACLAuthorizer-test.xml
Checking ./storm-core/target/test-reports/org.apache.storm.pacemaker-test.xml
Checking ./storm-core/target/test-reports/org.apache.storm.metrics-test.xml
Checking ./storm-core/target/test-reports/org.apache.storm.security.auth.ThriftClient-test.xml
Checking ./storm-core/target/test-reports/org.apache.storm.scheduler-test.xml
Checking ./storm-core/target/test-reports/org.apache.storm.scheduler.resource-aware-scheduler-test.xml
Checking ./storm-core/target/test-reports/org.apache.storm.security.auth.SaslTransportPlugin-test.xml
Checking ./storm-core/target/test-reports/org.apache.storm.local-state-test.xml
Checking ./storm-core/target/test-reports/org.apache.storm.messaging.netty-unit-test.xml
Checking ./storm-core/target/test-reports/org.apache.storm.tuple-test.xml
Checking ./storm-core/target/test-reports/org.apache.storm.messaging.netty-integration-test.xml
Checking ./storm-core/target/test-reports/org.apache.storm.tick-tuple-test.xml
Checking ./storm-core/target/test-reports/integration.org.apache.storm.trident.integration-test.xml
Checking ./storm-core/target/test-reports/org.apache.storm.grouping-test.xml
Checking ./storm-core/target/test-reports/org.apache.storm.security.serialization.BlowfishTupleSerializer-test.xml
Checking ./storm-core/target/test-reports/org.apache.storm.nimbus-test.xml
Checking ./storm-core/target/test-reports/org.apache.storm.subtopology-test.xml
Checking ./storm-core/target/test-reports/org.apache.storm.cluster-test.xml
Checking ./storm-core/target/test-reports/org.apache.storm.trident.tuple-test.xml

travis_time:end:07ea0d90:start=1464384323690794702,finish=1464384653116923734,duration=329426129032[0K
[31;1mThe command "/bin/bash ./dev-tools/travis/travis-script.sh `pwd` $MODULES" exited with 1.[0m
travis_fold:start:cache.2[0Kstore build cache
travis_time:start:0b67ac72[0K
travis_time:end:0b67ac72:start=1464384653123779499,finish=1464384653128925803,duration=5146304[0Ktravis_time:start:0df97054[0K[32;1mchange detected (content changed, file is created, or file is deleted):
/home/travis/.m2/repository/eigenbase/eigenbase-properties/1.1.4/eigenbase-properties-1.1.4.pom.lastUpdated
/home/travis/.m2/repository/io/confluent/kafka-avro-serializer/1.0/kafka-avro-serializer-1.0.pom.lastUpdated
/home/travis/.m2/repository/io/confluent/kafka-schema-registry-client/1.0/kafka-schema-registry-client-1.0.pom.lastUpdated
/home/travis/.m2/repository/net/hydromatic/linq4j/0.4/linq4j-0.4.pom.lastUpdated
/home/travis/.m2/repository/net/hydromatic/quidem/0.1.1/quidem-0.1.1.pom.lastUpdated
/home/travis/.m2/repository/org/apache/storm/flux/1.0.2-SNAPSHOT/maven-metadata-local.xml
/home/travis/.m2/repository/org/apache/storm/flux/1.0.2-SNAPSHOT/_remote.repositories
/home/travis/.m2/repository/org/apache/storm/flux-core/1.0.2-SNAPSHOT/flux-core-1.0.2-SNAPSHOT.jar
/home/travis/.m2/repository/org/apache/storm/flux-core/1.0.2-SNAPSHOT/maven-metadata-local.xml
/home/travis/.m2/repository/org/apache/storm/flux-core/1.0.2-SNAPSHOT/_remote.repositories
/home/travis/.m2/repository/org/ap
[0m
[32;1m...
[0m
[32;1mchanges detected, packing new archive[0m
.
.
.
.
.
.
.
.
.
[32;1muploading archive[0m

travis_time:end:0df97054:start=1464384653134891201,finish=1464384736002760685,duration=82867869484[0Ktravis_fold:end:cache.2[0K
Done. Your build exited with 1.
