Using worker: worker-linux-docker-9a85451c.prod.travis-ci.org:travis-linux-4

travis_fold:start:system_info[0K[33;1mBuild system information[0m
Build language: java
Build group: stable
Build dist: precise
[34m[1mBuild image provisioning date and time[0m
Thu Feb  5 15:09:33 UTC 2015
[34m[1mOperating System Details[0m
Distributor ID:	Ubuntu
Description:	Ubuntu 12.04.5 LTS
Release:	12.04
Codename:	precise
[34m[1mLinux Version[0m
3.13.0-29-generic
[34m[1mCookbooks Version[0m
a68419e https://github.com/travis-ci/travis-cookbooks/tree/a68419e
[34m[1mGCC version[0m
gcc (Ubuntu/Linaro 4.6.3-1ubuntu5) 4.6.3
Copyright (C) 2011 Free Software Foundation, Inc.
This is free software; see the source for copying conditions.  There is NO
warranty; not even for MERCHANTABILITY or FITNESS FOR A PARTICULAR PURPOSE.

[34m[1mLLVM version[0m
clang version 3.4 (tags/RELEASE_34/final)
Target: x86_64-unknown-linux-gnu
Thread model: posix
[34m[1mPre-installed Ruby versions[0m
ruby-1.9.3-p551
[34m[1mPre-installed Node.js versions[0m
v0.10.36
[34m[1mPre-installed Go versions[0m
1.4.1
[34m[1mRedis version[0m
redis-server 2.8.19
[34m[1mriak version[0m
2.0.2
[34m[1mMongoDB version[0m
MongoDB 2.4.12
[34m[1mCouchDB version[0m
couchdb 1.6.1
[34m[1mNeo4j version[0m
1.9.4
[34m[1mRabbitMQ Version[0m
3.4.3
[34m[1mElasticSearch version[0m
1.4.0
[34m[1mInstalled Sphinx versions[0m
2.0.10
2.1.9
2.2.6
[34m[1mDefault Sphinx version[0m
2.2.6
[34m[1mInstalled Firefox version[0m
firefox 31.0esr
[34m[1mPhantomJS version[0m
1.9.8
[34m[1mant -version[0m
Apache Ant(TM) version 1.8.2 compiled on December 3 2011
[34m[1mmvn -version[0m
Apache Maven 3.2.5 (12a6b3acb947671f09b81f49094c53f426d8cea1; 2014-12-14T17:29:23+00:00)
Maven home: /usr/local/maven
Java version: 1.7.0_76, vendor: Oracle Corporation
Java home: /usr/lib/jvm/java-7-oracle/jre
Default locale: en_US, platform encoding: ANSI_X3.4-1968
OS name: "linux", version: "3.13.0-29-generic", arch: "amd64", family: "unix"
travis_fold:end:system_info[0K
travis_fold:start:fix.CVE-2015-7547[0K$ export DEBIAN_FRONTEND=noninteractive
W: Size of file /var/lib/apt/lists/us.archive.ubuntu.com_ubuntu_dists_precise-backports_multiverse_source_Sources.gz is not what the server reported 5886 5888
W: Size of file /var/lib/apt/lists/ppa.launchpad.net_ubuntugis_ppa_ubuntu_dists_precise_main_binary-amd64_Packages.gz is not what the server reported 36669 36677
W: Size of file /var/lib/apt/lists/ppa.launchpad.net_ubuntugis_ppa_ubuntu_dists_precise_main_binary-i386_Packages.gz is not what the server reported 36729 36733
Reading package lists...
Building dependency tree...
Reading state information...
The following extra packages will be installed:
  libc-bin libc-dev-bin libc6-dev
Suggested packages:
  glibc-doc
The following packages will be upgraded:
  libc-bin libc-dev-bin libc6 libc6-dev
4 upgraded, 0 newly installed, 0 to remove and 246 not upgraded.
Need to get 8,840 kB of archives.
After this operation, 14.3 kB disk space will be freed.
Get:1 http://us.archive.ubuntu.com/ubuntu/ precise-updates/main libc6-dev amd64 2.15-0ubuntu10.15 [2,943 kB]
Get:2 http://us.archive.ubuntu.com/ubuntu/ precise-updates/main libc-dev-bin amd64 2.15-0ubuntu10.15 [84.7 kB]
Get:3 http://us.archive.ubuntu.com/ubuntu/ precise-updates/main libc-bin amd64 2.15-0ubuntu10.15 [1,177 kB]
Get:4 http://us.archive.ubuntu.com/ubuntu/ precise-updates/main libc6 amd64 2.15-0ubuntu10.15 [4,636 kB]
Fetched 8,840 kB in 0s (37.9 MB/s)
Preconfiguring packages ...
(Reading database ... (Reading database ... 5%(Reading database ... 10%(Reading database ... 15%(Reading database ... 20%(Reading database ... 25%(Reading database ... 30%(Reading database ... 35%(Reading database ... 40%(Reading database ... 45%(Reading database ... 50%(Reading database ... 55%(Reading database ... 60%(Reading database ... 65%(Reading database ... 70%(Reading database ... 75%(Reading database ... 80%(Reading database ... 85%(Reading database ... 90%(Reading database ... 95%(Reading database ... 100%(Reading database ... 72019 files and directories currently installed.)
Preparing to replace libc6-dev 2.15-0ubuntu10.10 (using .../libc6-dev_2.15-0ubuntu10.15_amd64.deb) ...
Unpacking replacement libc6-dev ...
Preparing to replace libc-dev-bin 2.15-0ubuntu10.10 (using .../libc-dev-bin_2.15-0ubuntu10.15_amd64.deb) ...
Unpacking replacement libc-dev-bin ...
Preparing to replace libc-bin 2.15-0ubuntu10.10 (using .../libc-bin_2.15-0ubuntu10.15_amd64.deb) ...
Unpacking replacement libc-bin ...
Processing triggers for man-db ...
Setting up libc-bin (2.15-0ubuntu10.15) ...
(Reading database ... (Reading database ... 5%(Reading database ... 10%(Reading database ... 15%(Reading database ... 20%(Reading database ... 25%(Reading database ... 30%(Reading database ... 35%(Reading database ... 40%(Reading database ... 45%(Reading database ... 50%(Reading database ... 55%(Reading database ... 60%(Reading database ... 65%(Reading database ... 70%(Reading database ... 75%(Reading database ... 80%(Reading database ... 85%(Reading database ... 90%(Reading database ... 95%(Reading database ... 100%(Reading database ... 72018 files and directories currently installed.)
Preparing to replace libc6 2.15-0ubuntu10.10 (using .../libc6_2.15-0ubuntu10.15_amd64.deb) ...
Unpacking replacement libc6 ...
Setting up libc6 (2.15-0ubuntu10.15) ...
Setting up libc-dev-bin (2.15-0ubuntu10.15) ...
Setting up libc6-dev (2.15-0ubuntu10.15) ...
Processing triggers for libc-bin ...
ldconfig deferred processing now taking place
travis_fold:end:fix.CVE-2015-7547[0Ktravis_fold:start:git.checkout[0Ktravis_time:start:04b1e1cc[0K$ git clone --depth=50 https://github.com/apache/storm.git apache/storm
Cloning into 'apache/storm'...
remote: Counting objects: 19487, done.[K
remote: Compressing objects:   0% (1/7926)   [Kremote: Compressing objects:   1% (80/7926)   [Kremote: Compressing objects:   2% (159/7926)   [Kremote: Compressing objects:   3% (238/7926)   [Kremote: Compressing objects:   4% (318/7926)   [Kremote: Compressing objects:   5% (397/7926)   [Kremote: Compressing objects:   6% (476/7926)   [Kremote: Compressing objects:   7% (555/7926)   [Kremote: Compressing objects:   8% (635/7926)   [Kremote: Compressing objects:   9% (714/7926)   [Kremote: Compressing objects:  10% (793/7926)   [Kremote: Compressing objects:  11% (872/7926)   [Kremote: Compressing objects:  12% (952/7926)   [Kremote: Compressing objects:  13% (1031/7926)   [Kremote: Compressing objects:  14% (1110/7926)   [Kremote: Compressing objects:  15% (1189/7926)   [Kremote: Compressing objects:  16% (1269/7926)   [Kremote: Compressing objects:  17% (1348/7926)   [Kremote: Compressing objects:  18% (1427/7926)   [Kremote: Compressing objects:  19% (1506/7926)   [Kremote: Compressing objects:  20% (1586/7926)   [Kremote: Compressing objects:  21% (1665/7926)   [Kremote: Compressing objects:  22% (1744/7926)   [Kremote: Compressing objects:  23% (1823/7926)   [Kremote: Compressing objects:  24% (1903/7926)   [Kremote: Compressing objects:  25% (1982/7926)   [Kremote: Compressing objects:  26% (2061/7926)   [Kremote: Compressing objects:  27% (2141/7926)   [Kremote: Compressing objects:  28% (2220/7926)   [Kremote: Compressing objects:  29% (2299/7926)   [Kremote: Compressing objects:  30% (2378/7926)   [Kremote: Compressing objects:  31% (2458/7926)   [Kremote: Compressing objects:  32% (2537/7926)   [Kremote: Compressing objects:  33% (2616/7926)   [Kremote: Compressing objects:  34% (2695/7926)   [Kremote: Compressing objects:  35% (2775/7926)   [Kremote: Compressing objects:  36% (2854/7926)   [Kremote: Compressing objects:  37% (2933/7926)   [Kremote: Compressing objects:  38% (3012/7926)   [Kremote: Compressing objects:  39% (3092/7926)   [Kremote: Compressing objects:  40% (3171/7926)   [Kremote: Compressing objects:  41% (3250/7926)   [Kremote: Compressing objects:  42% (3329/7926)   [Kremote: Compressing objects:  43% (3409/7926)   [Kremote: Compressing objects:  44% (3488/7926)   [Kremote: Compressing objects:  45% (3567/7926)   [Kremote: Compressing objects:  46% (3646/7926)   [Kremote: Compressing objects:  47% (3726/7926)   [Kremote: Compressing objects:  48% (3805/7926)   [Kremote: Compressing objects:  49% (3884/7926)   [Kremote: Compressing objects:  50% (3963/7926)   [Kremote: Compressing objects:  51% (4043/7926)   [Kremote: Compressing objects:  52% (4122/7926)   [Kremote: Compressing objects:  53% (4201/7926)   [Kremote: Compressing objects:  54% (4281/7926)   [Kremote: Compressing objects:  55% (4360/7926)   [Kremote: Compressing objects:  56% (4439/7926)   [Kremote: Compressing objects:  57% (4518/7926)   [Kremote: Compressing objects:  58% (4598/7926)   [Kremote: Compressing objects:  59% (4677/7926)   [Kremote: Compressing objects:  60% (4756/7926)   [Kremote: Compressing objects:  61% (4835/7926)   [Kremote: Compressing objects:  62% (4915/7926)   [Kremote: Compressing objects:  63% (4994/7926)   [Kremote: Compressing objects:  64% (5073/7926)   [Kremote: Compressing objects:  65% (5152/7926)   [Kremote: Compressing objects:  66% (5232/7926)   [Kremote: Compressing objects:  67% (5311/7926)   [Kremote: Compressing objects:  68% (5390/7926)   [Kremote: Compressing objects:  69% (5469/7926)   [Kremote: Compressing objects:  70% (5549/7926)   [Kremote: Compressing objects:  71% (5628/7926)   [Kremote: Compressing objects:  72% (5707/7926)   [Kremote: Compressing objects:  73% (5786/7926)   [Kremote: Compressing objects:  74% (5866/7926)   [Kremote: Compressing objects:  75% (5945/7926)   [Kremote: Compressing objects:  76% (6024/7926)   [Kremote: Compressing objects:  77% (6104/7926)   [Kremote: Compressing objects:  78% (6183/7926)   [Kremote: Compressing objects:  79% (6262/7926)   [Kremote: Compressing objects:  80% (6341/7926)   [Kremote: Compressing objects:  81% (6421/7926)   [Kremote: Compressing objects:  82% (6500/7926)   [Kremote: Compressing objects:  83% (6579/7926)   [Kremote: Compressing objects:  84% (6658/7926)   [Kremote: Compressing objects:  85% (6738/7926)   [Kremote: Compressing objects:  86% (6817/7926)   [Kremote: Compressing objects:  87% (6896/7926)   [Kremote: Compressing objects:  88% (6975/7926)   [Kremote: Compressing objects:  89% (7055/7926)   [Kremote: Compressing objects:  90% (7134/7926)   [Kremote: Compressing objects:  91% (7213/7926)   [Kremote: Compressing objects:  92% (7292/7926)   [Kremote: Compressing objects:  93% (7372/7926)   [Kremote: Compressing objects:  94% (7451/7926)   [Kremote: Compressing objects:  95% (7530/7926)   [Kremote: Compressing objects:  96% (7609/7926)   [Kremote: Compressing objects:  97% (7689/7926)   [Kremote: Compressing objects:  98% (7768/7926)   [Kremote: Compressing objects:  99% (7847/7926)   [Kremote: Compressing objects: 100% (7926/7926)   [Kremote: Compressing objects: 100% (7926/7926), done.[K
Receiving objects:   0% (1/19487)   Receiving objects:   1% (195/19487)   Receiving objects:   2% (390/19487)   Receiving objects:   3% (585/19487)   Receiving objects:   4% (780/19487)   Receiving objects:   5% (975/19487)   Receiving objects:   6% (1170/19487)   Receiving objects:   7% (1365/19487)   Receiving objects:   8% (1559/19487)   Receiving objects:   9% (1754/19487)   Receiving objects:  10% (1949/19487)   Receiving objects:  11% (2144/19487)   Receiving objects:  12% (2339/19487)   Receiving objects:  13% (2534/19487)   Receiving objects:  14% (2729/19487)   Receiving objects:  15% (2924/19487)   Receiving objects:  16% (3118/19487)   Receiving objects:  17% (3313/19487)   Receiving objects:  18% (3508/19487)   Receiving objects:  19% (3703/19487)   Receiving objects:  20% (3898/19487)   Receiving objects:  21% (4093/19487)   Receiving objects:  22% (4288/19487)   Receiving objects:  23% (4483/19487)   Receiving objects:  24% (4677/19487)   Receiving objects:  25% (4872/19487)   Receiving objects:  26% (5067/19487)   Receiving objects:  27% (5262/19487)   Receiving objects:  28% (5457/19487)   Receiving objects:  29% (5652/19487)   Receiving objects:  30% (5847/19487)   Receiving objects:  31% (6041/19487)   Receiving objects:  32% (6236/19487)   Receiving objects:  33% (6431/19487)   Receiving objects:  34% (6626/19487)   Receiving objects:  35% (6821/19487)   Receiving objects:  36% (7016/19487)   Receiving objects:  37% (7211/19487)   Receiving objects:  38% (7406/19487)   Receiving objects:  39% (7600/19487)   Receiving objects:  40% (7795/19487)   Receiving objects:  41% (7990/19487)   Receiving objects:  42% (8185/19487)   Receiving objects:  43% (8380/19487)   Receiving objects:  44% (8575/19487)   Receiving objects:  45% (8770/19487)   Receiving objects:  46% (8965/19487)   Receiving objects:  47% (9159/19487)   Receiving objects:  48% (9354/19487)   Receiving objects:  49% (9549/19487)   Receiving objects:  50% (9744/19487)   Receiving objects:  51% (9939/19487)   Receiving objects:  52% (10134/19487)   Receiving objects:  53% (10329/19487)   Receiving objects:  54% (10523/19487)   Receiving objects:  55% (10718/19487)   Receiving objects:  56% (10913/19487)   Receiving objects:  57% (11108/19487)   Receiving objects:  58% (11303/19487)   Receiving objects:  59% (11498/19487)   Receiving objects:  60% (11693/19487)   Receiving objects:  61% (11888/19487)   Receiving objects:  62% (12082/19487)   Receiving objects:  63% (12277/19487)   Receiving objects:  64% (12472/19487)   Receiving objects:  65% (12667/19487)   Receiving objects:  66% (12862/19487)   Receiving objects:  67% (13057/19487)   Receiving objects:  68% (13252/19487)   Receiving objects:  69% (13447/19487)   Receiving objects:  70% (13641/19487)   Receiving objects:  71% (13836/19487)   Receiving objects:  72% (14031/19487)   Receiving objects:  73% (14226/19487)   Receiving objects:  74% (14421/19487)   Receiving objects:  75% (14616/19487)   Receiving objects:  76% (14811/19487)   Receiving objects:  77% (15005/19487)   Receiving objects:  78% (15200/19487)   Receiving objects:  79% (15395/19487)   Receiving objects:  80% (15590/19487)   Receiving objects:  81% (15785/19487)   Receiving objects:  82% (15980/19487)   Receiving objects:  83% (16175/19487)   Receiving objects:  84% (16370/19487)   Receiving objects:  85% (16564/19487)   Receiving objects:  86% (16759/19487)   Receiving objects:  87% (16954/19487)   Receiving objects:  88% (17149/19487)   Receiving objects:  89% (17344/19487)   Receiving objects:  90% (17539/19487)   Receiving objects:  91% (17734/19487)   Receiving objects:  92% (17929/19487)   Receiving objects:  93% (18123/19487)   Receiving objects:  94% (18318/19487)   Receiving objects:  95% (18513/19487)   Receiving objects:  96% (18708/19487)   Receiving objects:  97% (18903/19487), 14.77 MiB | 29.47 MiB/s   Receiving objects:  98% (19098/19487), 14.77 MiB | 29.47 MiB/s   Receiving objects:  99% (19293/19487), 14.77 MiB | 29.47 MiB/s   remote: Total 19487 (delta 9422), reused 16707 (delta 7241), pack-reused 0[K
Receiving objects: 100% (19487/19487), 14.77 MiB | 29.47 MiB/s   Receiving objects: 100% (19487/19487), 16.76 MiB | 29.47 MiB/s, done.
Resolving deltas:   0% (0/9422)   Resolving deltas:   1% (170/9422)   Resolving deltas:   2% (189/9422)   Resolving deltas:   3% (333/9422)   Resolving deltas:   4% (389/9422)   Resolving deltas:   5% (484/9422)   Resolving deltas:   6% (571/9422)   Resolving deltas:   7% (662/9422)   Resolving deltas:   8% (774/9422)   Resolving deltas:   9% (867/9422)   Resolving deltas:  10% (952/9422)   Resolving deltas:  11% (1044/9422)   Resolving deltas:  12% (1141/9422)   Resolving deltas:  13% (1227/9422)   Resolving deltas:  14% (1320/9422)   Resolving deltas:  15% (1420/9422)   Resolving deltas:  16% (1510/9422)   Resolving deltas:  17% (1603/9422)   Resolving deltas:  18% (1700/9422)   Resolving deltas:  19% (1798/9422)   Resolving deltas:  20% (1886/9422)   Resolving deltas:  21% (1983/9422)   Resolving deltas:  22% (2074/9422)   Resolving deltas:  23% (2170/9422)   Resolving deltas:  24% (2262/9422)   Resolving deltas:  25% (2356/9422)   Resolving deltas:  26% (2451/9422)   Resolving deltas:  29% (2786/9422)   Resolving deltas:  30% (2833/9422)   Resolving deltas:  31% (2926/9422)   Resolving deltas:  32% (3023/9422)   Resolving deltas:  33% (3111/9422)   Resolving deltas:  34% (3204/9422)   Resolving deltas:  36% (3421/9422)   Resolving deltas:  37% (3487/9422)   Resolving deltas:  38% (3581/9422)   Resolving deltas:  39% (3680/9422)   Resolving deltas:  40% (3770/9422)   Resolving deltas:  41% (3869/9422)   Resolving deltas:  42% (3960/9422)   Resolving deltas:  43% (4053/9422)   Resolving deltas:  44% (4150/9422)   Resolving deltas:  45% (4242/9422)   Resolving deltas:  46% (4337/9422)   Resolving deltas:  47% (4430/9422)   Resolving deltas:  48% (4524/9422)   Resolving deltas:  49% (4620/9422)   Resolving deltas:  50% (4715/9422)   Resolving deltas:  51% (4822/9422)   Resolving deltas:  52% (4900/9422)   Resolving deltas:  53% (4996/9422)   Resolving deltas:  54% (5089/9422)   Resolving deltas:  55% (5187/9422)   Resolving deltas:  56% (5302/9422)   Resolving deltas:  57% (5388/9422)   Resolving deltas:  58% (5465/9422)   Resolving deltas:  59% (5561/9422)   Resolving deltas:  60% (5655/9422)   Resolving deltas:  61% (5749/9422)   Resolving deltas:  62% (5848/9422)   Resolving deltas:  63% (5944/9422)   Resolving deltas:  65% (6210/9422)   Resolving deltas:  66% (6268/9422)   Resolving deltas:  67% (6314/9422)   Resolving deltas:  68% (6479/9422)   Resolving deltas:  69% (6565/9422)   Resolving deltas:  70% (6600/9422)   Resolving deltas:  71% (6700/9422)   Resolving deltas:  72% (6793/9422)   Resolving deltas:  73% (6880/9422)   Resolving deltas:  77% (7262/9422)   Resolving deltas:  78% (7356/9422)   Resolving deltas:  79% (7490/9422)   Resolving deltas:  80% (7561/9422)   Resolving deltas:  81% (7639/9422)   Resolving deltas:  82% (7730/9422)   Resolving deltas:  83% (7827/9422)   Resolving deltas:  84% (7947/9422)   Resolving deltas:  85% (8014/9422)   Resolving deltas:  86% (8103/9422)   Resolving deltas:  88% (8328/9422)   Resolving deltas:  89% (8386/9422)   Resolving deltas:  90% (8487/9422)   Resolving deltas:  91% (8577/9422)   Resolving deltas:  92% (8670/9422)   Resolving deltas:  93% (8765/9422)   Resolving deltas:  94% (8857/9422)   Resolving deltas:  95% (8955/9422)   Resolving deltas:  96% (9063/9422)   Resolving deltas:  97% (9140/9422)   Resolving deltas:  98% (9234/9422)   Resolving deltas:  99% (9328/9422)   Resolving deltas: 100% (9422/9422)   Resolving deltas: 100% (9422/9422), done.
Checking connectivity... done.

travis_time:end:04b1e1cc:start=1464930701418002560,finish=1464930703867078560,duration=2449076000[0K$ cd apache/storm
travis_time:start:0c0ffe40[0K$ git fetch origin +refs/pull/1460/merge:
remote: Counting objects: 30, done.[K
remote: Compressing objects:  12% (1/8)   [Kremote: Compressing objects:  25% (2/8)   [Kremote: Compressing objects:  37% (3/8)   [Kremote: Compressing objects:  50% (4/8)   [Kremote: Compressing objects:  62% (5/8)   [Kremote: Compressing objects:  75% (6/8)   [Kremote: Compressing objects:  87% (7/8)   [Kremote: Compressing objects: 100% (8/8)   [Kremote: Compressing objects: 100% (8/8), done.[K
remote: Total 30 (delta 16), reused 29 (delta 16), pack-reused 0[K
Unpacking objects:   3% (1/30)   Unpacking objects:   6% (2/30)   Unpacking objects:  10% (3/30)   Unpacking objects:  13% (4/30)   Unpacking objects:  16% (5/30)   Unpacking objects:  20% (6/30)   Unpacking objects:  23% (7/30)   Unpacking objects:  26% (8/30)   Unpacking objects:  30% (9/30)   Unpacking objects:  33% (10/30)   Unpacking objects:  36% (11/30)   Unpacking objects:  40% (12/30)   Unpacking objects:  43% (13/30)   Unpacking objects:  46% (14/30)   Unpacking objects:  50% (15/30)   Unpacking objects:  53% (16/30)   Unpacking objects:  56% (17/30)   Unpacking objects:  60% (18/30)   Unpacking objects:  63% (19/30)   Unpacking objects:  66% (20/30)   Unpacking objects:  70% (21/30)   Unpacking objects:  73% (22/30)   Unpacking objects:  76% (23/30)   Unpacking objects:  80% (24/30)   Unpacking objects:  83% (25/30)   Unpacking objects:  86% (26/30)   Unpacking objects:  90% (27/30)   Unpacking objects:  93% (28/30)   Unpacking objects:  96% (29/30)   Unpacking objects: 100% (30/30)   Unpacking objects: 100% (30/30), done.
From https://github.com/apache/storm
 * branch            refs/pull/1460/merge -> FETCH_HEAD

travis_time:end:0c0ffe40:start=1464930703870723133,finish=1464930704205739058,duration=335015925[0K$ git checkout -qf FETCH_HEAD
travis_fold:end:git.checkout[0K
[33;1mThis job is running on container-based infrastructure, which does not allow use of 'sudo', setuid and setguid executables.[0m
[33;1mIf you require sudo, add 'sudo: required' to your .travis.yml[0m
[33;1mSee https://docs.travis-ci.com/user/workers/container-based-infrastructure/ for details.[0m

[33;1mSetting environment variables from .travis.yml[0m
$ export MODULES=storm-core

$ jdk_switcher use oraclejdk7
Switching to Oracle JDK7 (java-7-oracle), JAVA_HOME will be set to /usr/lib/jvm/java-7-oracle
travis_fold:start:cache.1[0KSetting up build cache
$ export CASHER_DIR=$HOME/.casher
travis_time:start:02cc677a[0K$ Installing caching utilities

travis_time:end:02cc677a:start=1464930706868111401,finish=1464930706922220274,duration=54108873[0Ktravis_time:start:33edd300[0K
travis_time:end:33edd300:start=1464930706926866233,finish=1464930706930014993,duration=3148760[0Ktravis_time:start:004c0edc[0K[32;1mattempting to download cache archive[0m
[32;1mfetching PR.1460/cache-linux-precise-4722ea394922d42b2b7eb84cff6efc764d76759821ac6f6efc13232aa923f595--jdk-oraclejdk7.tgz[0m
[32;1mfound cache[0m

travis_time:end:004c0edc:start=1464930706933704580,finish=1464930715873035417,duration=8939330837[0Ktravis_time:start:0c4634d7[0K
travis_time:end:0c4634d7:start=1464930715876779472,finish=1464930715879975139,duration=3195667[0Ktravis_time:start:206c0280[0K[32;1madding /home/travis/.m2/repository to cache[0m
[32;1madding /home/travis/.rvm to cache[0m
[32;1madding /home/travis/.nvm to cache[0m

travis_time:end:206c0280:start=1464930715883690371,finish=1464930725458959309,duration=9575268938[0Ktravis_fold:end:cache.1[0K$ java -Xmx32m -version
java version "1.7.0_76"
Java(TM) SE Runtime Environment (build 1.7.0_76-b13)
Java HotSpot(TM) 64-Bit Server VM (build 24.76-b04, mixed mode)
$ javac -J-Xmx32m -version
javac 1.7.0_76
travis_fold:start:before_install.1[0Ktravis_time:start:01e95de7[0K$ rvm use 2.1.5 --install
[32mUsing /home/travis/.rvm/gems/ruby-2.1.5[0m

travis_time:end:01e95de7:start=1464930725777673597,finish=1464930726008138072,duration=230464475[0Ktravis_fold:end:before_install.1[0Ktravis_fold:start:before_install.2[0Ktravis_time:start:1b29a3ff[0K$ nvm install 0.12.2
v0.12.2 is already installed.
Now using node v0.12.2

travis_time:end:1b29a3ff:start=1464930726012101533,finish=1464930726256991565,duration=244890032[0Ktravis_fold:end:before_install.2[0Ktravis_fold:start:before_install.3[0Ktravis_time:start:027ef877[0K$ nvm use 0.12.2
Now using node v0.12.2

travis_time:end:027ef877:start=1464930726260980701,finish=1464930726313320317,duration=52339616[0Ktravis_fold:end:before_install.3[0Ktravis_fold:start:install[0Ktravis_time:start:07f83c6e[0K$ /bin/bash ./dev-tools/travis/travis-install.sh `pwd`
Python version :   Python 2.7.3
Maven version  :   Apache Maven 3.2.5 (12a6b3acb947671f09b81f49094c53f426d8cea1; 2014-12-14T17:29:23+00:00) Maven home: /usr/local/maven Java version: 1.7.0_76, vendor: Oracle Corporation Java home: /usr/lib/jvm/java-7-oracle/jre Default locale: en_US, platform encoding: UTF-8 OS name: "linux", version: "3.13.0-40-generic", arch: "amd64", family: "unix"
['mvn', 'clean', 'install', '-DskipTests', '-Pnative', '--batch-mode'] writing to install.txt
1 seconds 1 log lines11 seconds 239 log lines34 seconds 321 log lines44 seconds 332 log lines55 seconds 568 log lines67 seconds 649 log lines79 seconds 862 log lines91 seconds 959 log lines103 seconds 1307 log lines117 seconds 1458 log lines129 seconds 1799 log lines140 seconds 2196 log lines152 seconds 2358 log lines157 seconds 2545 log lines
['mvn', 'clean', 'install', '-DskipTests', '-Pnative', '--batch-mode'] done 0

travis_time:end:07f83c6e:start=1464930726317305239,finish=1464930883591020479,duration=157273715240[0Ktravis_fold:end:install[0Ktravis_time:start:2ef571be[0K$ /bin/bash ./dev-tools/travis/travis-script.sh `pwd` $MODULES
Python version :   Python 2.7.3
Ruby version   :   ruby 2.1.5p273 (2014-11-13 revision 48405) [x86_64-linux]
NodeJs version :   v0.12.2
Maven version  :   Apache Maven 3.2.5 (12a6b3acb947671f09b81f49094c53f426d8cea1; 2014-12-14T17:29:23+00:00) Maven home: /usr/local/maven Java version: 1.7.0_76, vendor: Oracle Corporation Java home: /usr/lib/jvm/java-7-oracle/jre Default locale: en_US, platform encoding: UTF-8 OS name: "linux", version: "3.13.0-40-generic", arch: "amd64", family: "unix"
[INFO] Scanning for projects...
[INFO]                                                                         
[INFO] ------------------------------------------------------------------------
[INFO] Building Storm Core 2.0.0-SNAPSHOT
[INFO] ------------------------------------------------------------------------
[INFO] 
[INFO] --- exec-maven-plugin:1.2.1:exec (default) @ storm-core ---
[INFO] 
[INFO] --- maven-remote-resources-plugin:1.2.1:process (default) @ storm-core ---
[INFO] 
[INFO] --- storm-maven-plugins:2.0.0-SNAPSHOT:version-info (version-info) @ storm-core ---
[WARNING] [svn, info] failed with error code 1
[INFO] SCM: GIT
[INFO] Computed MD5: 1022f3cd81d3a67362f1ca8bad15c8f6
[INFO] 
[INFO] --- maven-resources-plugin:2.5:resources (default-resources) @ storm-core ---
[debug] execute contextualize
[INFO] Using 'UTF-8' encoding to copy filtered resources.
[INFO] Copying 9 resources
[INFO] Copying 1 resource to META-INF
[INFO] Copying 0 resource
[INFO] Copying 1 resource
[INFO] Copying 3 resources
[INFO] 
[INFO] --- maven-compiler-plugin:3.1:compile (default-compile) @ storm-core ---
[INFO] Nothing to compile - all classes are up to date
[INFO] 
[INFO] --- clojure-maven-plugin:1.7.1:compile (compile-clojure) @ storm-core ---
Compiling org.apache.storm.daemon.worker to /home/travis/build/apache/storm/storm-core/target/classes
Compiling org.apache.storm.metric.testing to /home/travis/build/apache/storm/storm-core/target/classes
Compiling org.apache.storm.testing to /home/travis/build/apache/storm/storm-core/target/classes
05:14:58.842 [main] WARN  o.a.s.m.StormMetricsRegistry - Metric ui:num-topology-op-response-http-requests has already been registered
05:14:58.843 [main] WARN  o.a.s.m.StormMetricsRegistry - Metric ui:num-topology-op-response-http-requests has already been registered
Compiling org.apache.storm.converter to /home/travis/build/apache/storm/storm-core/target/classes
Compiling org.apache.storm.util to /home/travis/build/apache/storm/storm-core/target/classes
Compiling org.apache.storm.command.heartbeats to /home/travis/build/apache/storm/storm-core/target/classes
Compiling org.apache.storm.blobstore to /home/travis/build/apache/storm/storm-core/target/classes
Compiling org.apache.storm.daemon.common to /home/travis/build/apache/storm/storm-core/target/classes
Compiling org.apache.storm.daemon.local-supervisor to /home/travis/build/apache/storm/storm-core/target/classes
Compiling org.apache.storm.command.get-errors to /home/travis/build/apache/storm/storm-core/target/classes
Compiling org.apache.storm.command.blobstore to /home/travis/build/apache/storm/storm-core/target/classes
Compiling org.apache.storm.trident.testing to /home/travis/build/apache/storm/storm-core/target/classes
Compiling org.apache.storm.daemon.drpc to /home/travis/build/apache/storm/storm-core/target/classes
Compiling org.apache.storm.config to /home/travis/build/apache/storm/storm-core/target/classes
Compiling org.apache.storm.testing4j to /home/travis/build/apache/storm/storm-core/target/classes
Compiling org.apache.storm.scheduler.IsolationScheduler to /home/travis/build/apache/storm/storm-core/target/classes
Compiling org.apache.storm.ui.helpers to /home/travis/build/apache/storm/storm-core/target/classes
Compiling org.apache.storm.log to /home/travis/build/apache/storm/storm-core/target/classes
Compiling org.apache.storm.daemon.executor to /home/travis/build/apache/storm/storm-core/target/classes
Compiling org.apache.storm.command.shell-submission to /home/travis/build/apache/storm/storm-core/target/classes
Compiling org.apache.storm.internal.clojure to /home/travis/build/apache/storm/storm-core/target/classes
Compiling org.apache.storm.internal.thrift to /home/travis/build/apache/storm/storm-core/target/classes
Compiling org.apache.storm.daemon.logviewer to /home/travis/build/apache/storm/storm-core/target/classes
Compiling org.apache.storm.daemon.nimbus to /home/travis/build/apache/storm/storm-core/target/classes
Compiling org.apache.storm.LocalCluster to /home/travis/build/apache/storm/storm-core/target/classes
Compiling org.apache.storm.local-state-converter to /home/travis/build/apache/storm/storm-core/target/classes
Compiling org.apache.storm.ui.core to /home/travis/build/apache/storm/storm-core/target/classes
[INFO] 
[INFO] --- make-maven-plugin:1.0-beta-1:autoreconf (compile) @ storm-core ---
[INFO] 
[INFO] --- make-maven-plugin:1.0-beta-1:configure (compile) @ storm-core ---
[INFO] /bin/sh: 14: /home/travis/.jdk_switcher_rc: [[: not found
[INFO] /bin/sh: 22: /home/travis/.jdk_switcher_rc: [[: not found
[INFO] /bin/sh: 32: /home/travis/.jdk_switcher_rc: [[: not found
[INFO] /bin/sh: 42: /home/travis/.jdk_switcher_rc: [[: not found
[INFO] /bin/sh: 3: /etc/profile.d/rvm.sh: [[: not found
[INFO] checking for gcc... gcc
[INFO] checking whether the C compiler works... yes
[INFO] checking for C compiler default output file name... a.out
[INFO] checking for suffix of executables... 
[INFO] checking whether we are cross compiling... no
[INFO] checking for suffix of object files... o
[INFO] checking whether we are using the GNU C compiler... yes
[INFO] checking whether gcc accepts -g... yes
[INFO] checking for gcc option to accept ISO C89... none needed
[INFO] checking how to run the C preprocessor... gcc -E
[INFO] checking for grep that handles long lines and -e... /bin/grep
[INFO] checking for egrep... /bin/grep -E
[INFO] checking for ANSI C header files... yes
[INFO] checking for sys/types.h... yes
[INFO] checking for sys/stat.h... yes
[INFO] checking for stdlib.h... yes
[INFO] checking for string.h... yes
[INFO] checking for memory.h... yes
[INFO] checking for strings.h... yes
[INFO] checking for inttypes.h... yes
[INFO] checking for stdint.h... yes
[INFO] checking for unistd.h... yes
[INFO] checking minix/config.h usability... no
[INFO] checking minix/config.h presence... no
[INFO] checking for minix/config.h... no
[INFO] checking whether it is safe to define __EXTENSIONS__... yes
[INFO] checking for a BSD-compatible install... /usr/bin/install -c
[INFO] checking whether build environment is sane... yes
[INFO] checking for a thread-safe mkdir -p... /bin/mkdir -p
[INFO] checking for gawk... gawk
[INFO] checking whether make sets $(MAKE)... yes
[INFO] checking for style of include used by make... GNU
[INFO] checking dependency style of gcc... gcc3
[INFO] checking for gcc... (cached) gcc
[INFO] checking whether we are using the GNU C compiler... (cached) yes
[INFO] checking whether gcc accepts -g... (cached) yes
[INFO] checking for gcc option to accept ISO C89... (cached) none needed
[INFO] checking whether gcc and cc understand -c and -o together... yes
[INFO] checking for unistd.h... (cached) yes
[INFO] checking for stdbool.h that conforms to C99... yes
[INFO] checking for _Bool... yes
[INFO] checking for an ANSI C-conforming const... yes
[INFO] checking for off_t... yes
[INFO] checking for size_t... yes
[INFO] checking whether strerror_r is declared... yes
[INFO] checking for strerror_r... yes
[INFO] checking whether strerror_r returns char *... yes
[INFO] checking for mkdir... yes
[INFO] checking for uname... yes
[INFO] configure: creating ./config.status
[INFO] config.status: creating Makefile
[INFO] config.status: executing depfiles commands
[INFO] 
[INFO] --- make-maven-plugin:1.0-beta-1:make-install (compile) @ storm-core ---
[INFO] /bin/sh: 14: /home/travis/.jdk_switcher_rc: [[: not found
[INFO] /bin/sh: 22: /home/travis/.jdk_switcher_rc: [[: not found
[INFO] /bin/sh: 32: /home/travis/.jdk_switcher_rc: [[: not found
[INFO] /bin/sh: 42: /home/travis/.jdk_switcher_rc: [[: not found
[INFO] /bin/sh: 3: /etc/profile.d/rvm.sh: [[: not found
[INFO] make[1]: Entering directory `/home/travis/build/apache/storm/storm-core/target/native/worker-launcher'
[INFO] test -z "/usr/local/bin" || /bin/mkdir -p "/home/travis/build/apache/storm/storm-core/target/native/target/usr/local/bin"
[INFO]   /usr/bin/install -c worker-launcher '/home/travis/build/apache/storm/storm-core/target/native/target/usr/local/bin'
[INFO] make[1]: Nothing to be done for `install-data-am'.
[INFO] make[1]: Leaving directory `/home/travis/build/apache/storm/storm-core/target/native/worker-launcher'
[INFO] 
[INFO] --- maven-resources-plugin:2.5:testResources (default-testResources) @ storm-core ---
[debug] execute contextualize
[INFO] Using 'UTF-8' encoding to copy filtered resources.
[INFO] Copying 14 resources
[INFO] Copying 2 resources
[INFO] Copying 3 resources
[INFO] 
[INFO] --- maven-dependency-plugin:2.8:unpack (unpack) @ storm-core ---
[INFO] Configured Artifact: org.apache.storm:multilang-ruby:2.0.0-SNAPSHOT:jar
[INFO] Downloading: https://repository.apache.org/snapshots/org/apache/storm/multilang-ruby/2.0.0-SNAPSHOT/maven-metadata.xml
[INFO] Configured Artifact: org.apache.storm:multilang-python:2.0.0-SNAPSHOT:jar
[INFO] Downloading: https://repository.apache.org/snapshots/org/apache/storm/multilang-python/2.0.0-SNAPSHOT/maven-metadata.xml
[INFO] Configured Artifact: org.apache.storm:multilang-javascript:2.0.0-SNAPSHOT:jar
[INFO] Downloading: https://repository.apache.org/snapshots/org/apache/storm/multilang-javascript/2.0.0-SNAPSHOT/maven-metadata.xml
[INFO] multilang-ruby-2.0.0-SNAPSHOT.jar already unpacked.
[INFO] multilang-python-2.0.0-SNAPSHOT.jar already unpacked.
[INFO] multilang-javascript-2.0.0-SNAPSHOT.jar already unpacked.
[INFO] 
[INFO] --- maven-compiler-plugin:3.1:testCompile (default-testCompile) @ storm-core ---
[INFO] Changes detected - recompiling the module!
[INFO] Compiling 51 source files to /home/travis/build/apache/storm/storm-core/target/test-classes
[WARNING] /home/travis/build/apache/storm/storm-core/test/jvm/org/apache/storm/localizer/LocalizerTest.java: Some input files use or override a deprecated API.
[WARNING] /home/travis/build/apache/storm/storm-core/test/jvm/org/apache/storm/localizer/LocalizerTest.java: Recompile with -Xlint:deprecation for details.
[WARNING] /home/travis/build/apache/storm/storm-core/test/jvm/org/apache/storm/command/TestCLI.java: Some input files use unchecked or unsafe operations.
[WARNING] /home/travis/build/apache/storm/storm-core/test/jvm/org/apache/storm/command/TestCLI.java: Recompile with -Xlint:unchecked for details.
[INFO] 
[INFO] --- maven-surefire-plugin:2.18.1:test (default-test) @ storm-core ---
[INFO] Surefire report directory: /home/travis/build/apache/storm/storm-core/target/surefire-reports
[INFO] parallel='none', perCoreThreadCount=true, threadCount=0, useUnlimitedThreads=false, threadCountSuites=0, threadCountClasses=0, threadCountMethods=0, parallelOptimized=true

-------------------------------------------------------
 T E S T S
-------------------------------------------------------
Running org.apache.storm.cluster.StormClusterStateImplTest
Tests run: 5, Failures: 0, Errors: 0, Skipped: 0, Time elapsed: 0.256 sec - in org.apache.storm.cluster.StormClusterStateImplTest
Running org.apache.storm.serialization.GzipBridgeThriftSerializationDelegateTest
Tests run: 3, Failures: 0, Errors: 0, Skipped: 0, Time elapsed: 0.013 sec - in org.apache.storm.serialization.GzipBridgeThriftSerializationDelegateTest
Running org.apache.storm.serialization.GzipBridgeSerializationDelegateTest
Tests run: 3, Failures: 0, Errors: 0, Skipped: 0, Time elapsed: 0.012 sec - in org.apache.storm.serialization.GzipBridgeSerializationDelegateTest
Running org.apache.storm.serialization.SerializationTest
Tests run: 3, Failures: 0, Errors: 0, Skipped: 0, Time elapsed: 1.359 sec - in org.apache.storm.serialization.SerializationTest
Running org.apache.storm.serialization.ThriftBridgeSerializationDelegateTest
Tests run: 1, Failures: 0, Errors: 0, Skipped: 0, Time elapsed: 0.004 sec - in org.apache.storm.serialization.ThriftBridgeSerializationDelegateTest
Running org.apache.storm.grouping.PartialKeyGroupingTest
Tests run: 2, Failures: 0, Errors: 0, Skipped: 0, Time elapsed: 0.017 sec - in org.apache.storm.grouping.PartialKeyGroupingTest
Running org.apache.storm.command.TestCLI
Tests run: 1, Failures: 0, Errors: 0, Skipped: 0, Time elapsed: 0.008 sec - in org.apache.storm.command.TestCLI
Running org.apache.storm.command.RebalanceTest
Tests run: 2, Failures: 0, Errors: 0, Skipped: 0, Time elapsed: 0.006 sec - in org.apache.storm.command.RebalanceTest
Running org.apache.storm.command.SetLogLevelTest
Tests run: 3, Failures: 0, Errors: 0, Skipped: 0, Time elapsed: 0.004 sec - in org.apache.storm.command.SetLogLevelTest
Running org.apache.storm.utils.UtilsTest
Tests run: 8, Failures: 0, Errors: 0, Skipped: 0, Time elapsed: 0.147 sec - in org.apache.storm.utils.UtilsTest
Running org.apache.storm.utils.DisruptorQueueTest
Tests run: 3, Failures: 0, Errors: 0, Skipped: 0, Time elapsed: 3.349 sec - in org.apache.storm.utils.DisruptorQueueTest
Running org.apache.storm.utils.DisruptorQueueBackpressureTest
Tests run: 1, Failures: 0, Errors: 0, Skipped: 0, Time elapsed: 0 sec - in org.apache.storm.utils.DisruptorQueueBackpressureTest
Running org.apache.storm.utils.StormBoundedExponentialBackoffRetryTest
Tests run: 5, Failures: 0, Errors: 0, Skipped: 0, Time elapsed: 0.075 sec - in org.apache.storm.utils.StormBoundedExponentialBackoffRetryTest
Running org.apache.storm.utils.TimeTest
Tests run: 8, Failures: 0, Errors: 0, Skipped: 0, Time elapsed: 0.003 sec - in org.apache.storm.utils.TimeTest
Running org.apache.storm.utils.ThriftTopologyUtilsTest
Tests run: 5, Failures: 0, Errors: 0, Skipped: 0, Time elapsed: 0.006 sec - in org.apache.storm.utils.ThriftTopologyUtilsTest
Running org.apache.storm.utils.WorkerBackpressureThreadTest
Tests run: 1, Failures: 0, Errors: 0, Skipped: 0, Time elapsed: 0.203 sec - in org.apache.storm.utils.WorkerBackpressureThreadTest
Running org.apache.storm.utils.ShellBoltMessageQueueTest
Tests run: 3, Failures: 0, Errors: 0, Skipped: 0, Time elapsed: 2.008 sec - in org.apache.storm.utils.ShellBoltMessageQueueTest
Running org.apache.storm.metric.internal.CountStatAndMetricTest
Tests run: 1, Failures: 0, Errors: 0, Skipped: 0, Time elapsed: 0.002 sec - in org.apache.storm.metric.internal.CountStatAndMetricTest
Running org.apache.storm.metric.internal.RateTrackerTest
Tests run: 4, Failures: 0, Errors: 0, Skipped: 0, Time elapsed: 0.002 sec - in org.apache.storm.metric.internal.RateTrackerTest
Running org.apache.storm.metric.internal.LatencyStatAndMetricTest
Tests run: 1, Failures: 0, Errors: 0, Skipped: 0, Time elapsed: 0.031 sec - in org.apache.storm.metric.internal.LatencyStatAndMetricTest
Running org.apache.storm.scheduler.resource.strategies.scheduling.TestDefaultResourceAwareStrategy
Tests run: 2, Failures: 0, Errors: 0, Skipped: 0, Time elapsed: 1.663 sec - in org.apache.storm.scheduler.resource.strategies.scheduling.TestDefaultResourceAwareStrategy
Running org.apache.storm.scheduler.resource.TestResourceAwareScheduler
Tests run: 14, Failures: 0, Errors: 0, Skipped: 0, Time elapsed: 7.331 sec - in org.apache.storm.scheduler.resource.TestResourceAwareScheduler
Running org.apache.storm.scheduler.resource.TestUser
Tests run: 3, Failures: 0, Errors: 0, Skipped: 0, Time elapsed: 3.13 sec - in org.apache.storm.scheduler.resource.TestUser
Running org.apache.storm.localizer.LocalizerTest
Tests run: 13, Failures: 0, Errors: 0, Skipped: 0, Time elapsed: 0.618 sec - in org.apache.storm.localizer.LocalizerTest
Running org.apache.storm.localizer.LocalizedResourceRetentionSetTest
Tests run: 2, Failures: 0, Errors: 0, Skipped: 0, Time elapsed: 0.044 sec - in org.apache.storm.localizer.LocalizedResourceRetentionSetTest
Running org.apache.storm.localizer.LocalizedResourceSetTest
Tests run: 4, Failures: 0, Errors: 0, Skipped: 0, Time elapsed: 0.006 sec - in org.apache.storm.localizer.LocalizedResourceSetTest
Running org.apache.storm.spout.CheckpointSpoutTest
Tests run: 7, Failures: 0, Errors: 0, Skipped: 0, Time elapsed: 0.228 sec - in org.apache.storm.spout.CheckpointSpoutTest
Running org.apache.storm.blobstore.ClientBlobStoreTest
Tests run: 4, Failures: 0, Errors: 0, Skipped: 0, Time elapsed: 0.007 sec - in org.apache.storm.blobstore.ClientBlobStoreTest
Running org.apache.storm.blobstore.BlobStoreTest
Tests run: 4, Failures: 0, Errors: 0, Skipped: 0, Time elapsed: 0.675 sec - in org.apache.storm.blobstore.BlobStoreTest
Running org.apache.storm.blobstore.BlobSynchronizerTest
Tests run: 4, Failures: 0, Errors: 0, Skipped: 0, Time elapsed: 1.922 sec - in org.apache.storm.blobstore.BlobSynchronizerTest
Running org.apache.storm.topology.StatefulWindowedBoltExecutorTest
Tests run: 4, Failures: 0, Errors: 0, Skipped: 0, Time elapsed: 0.967 sec - in org.apache.storm.topology.StatefulWindowedBoltExecutorTest
Running org.apache.storm.topology.TopologyBuilderTest
Tests run: 5, Failures: 0, Errors: 0, Skipped: 0, Time elapsed: 0.162 sec - in org.apache.storm.topology.TopologyBuilderTest
Running org.apache.storm.topology.StatefulBoltExecutorTest
Tests run: 7, Failures: 0, Errors: 0, Skipped: 0, Time elapsed: 0.088 sec - in org.apache.storm.topology.StatefulBoltExecutorTest
Running org.apache.storm.topology.WindowedBoltExecutorTest
Tests run: 2, Failures: 0, Errors: 0, Skipped: 0, Time elapsed: 0.014 sec - in org.apache.storm.topology.WindowedBoltExecutorTest
Running org.apache.storm.state.InMemoryKeyValueStateTest
Tests run: 2, Failures: 0, Errors: 0, Skipped: 0, Time elapsed: 0 sec - in org.apache.storm.state.InMemoryKeyValueStateTest
Running org.apache.storm.windowing.WaterMarkEventGeneratorTest
Tests run: 5, Failures: 0, Errors: 0, Skipped: 0, Time elapsed: 0.007 sec - in org.apache.storm.windowing.WaterMarkEventGeneratorTest
Running org.apache.storm.windowing.WindowManagerTest
Tests run: 10, Failures: 0, Errors: 0, Skipped: 0, Time elapsed: 0.01 sec - in org.apache.storm.windowing.WindowManagerTest
Running org.apache.storm.trident.TestTridentTopology
Tests run: 1, Failures: 0, Errors: 0, Skipped: 0, Time elapsed: 14.782 sec - in org.apache.storm.trident.TestTridentTopology
Running org.apache.storm.trident.TridentWindowingTest
Tests run: 3, Failures: 0, Errors: 0, Skipped: 0, Time elapsed: 0.013 sec - in org.apache.storm.trident.TridentWindowingTest
Running org.apache.storm.nimbus.LocalNimbusTest
Tests run: 1, Failures: 0, Errors: 0, Skipped: 0, Time elapsed: 10.507 sec - in org.apache.storm.nimbus.LocalNimbusTest
Running org.apache.storm.TestConfigValidate
Tests run: 25, Failures: 0, Errors: 0, Skipped: 0, Time elapsed: 0.247 sec - in org.apache.storm.TestConfigValidate
Running org.apache.storm.PacemakerTest
Tests run: 9, Failures: 0, Errors: 0, Skipped: 0, Time elapsed: 0.458 sec - in org.apache.storm.PacemakerTest
Running org.apache.storm.TestCgroups
Tests run: 1, Failures: 0, Errors: 0, Skipped: 1, Time elapsed: 0.03 sec - in org.apache.storm.TestCgroups
Running org.apache.storm.PaceMakerStateStorageFactoryTest
Tests run: 10, Failures: 0, Errors: 0, Skipped: 0, Time elapsed: 0.207 sec - in org.apache.storm.PaceMakerStateStorageFactoryTest

Results :

Tests run: 205, Failures: 0, Errors: 0, Skipped: 1

[INFO] 
[INFO] --- clojure-maven-plugin:1.7.1:test (test-clojure) @ storm-core ---
3256 [main] WARN  o.a.s.m.StormMetricsRegistry - Metric ui:num-topology-op-response-http-requests has already been registered
3257 [main] WARN  o.a.s.m.StormMetricsRegistry - Metric ui:num-topology-op-response-http-requests has already been registered
4000 [main] WARN  o.a.s.m.StormMetricsRegistry - Metric drpc:num-execute-http-requests has already been registered
Running org.apache.storm.drpc-test
13450 [Thread-2] INFO  o.a.s.u.Utils - Async loop interrupted!
16622 [Thread-73] INFO  o.a.s.u.Utils - Async loop interrupted!
19046 [Thread-141] INFO  o.a.s.u.Utils - Async loop interrupted!
21437 [Thread-180] INFO  o.a.s.u.Utils - Async loop interrupted!
28732 [Thread-231] INFO  o.a.s.u.Utils - Async loop interrupted!
Tests run: 9, Passed: 17, Failures: 0, Errors: 0
Running org.apache.storm.security.auth.ThriftServer-test
Tests run: 2, Passed: 1, Failures: 0, Errors: 0
Running org.apache.storm.messaging.netty-unit-test
Tests run: 5, Passed: 24, Failures: 0, Errors: 0
Running org.apache.storm.logviewer-test
Tests run: 12, Passed: 118, Failures: 0, Errors: 0
Running org.apache.storm.clojure-test
Tests run: 3, Passed: 5, Failures: 0, Errors: 0
Running org.apache.storm.trident.state-test
Tests run: 5, Passed: 37, Failures: 0, Errors: 0
Running org.apache.storm.tuple-test
Tests run: 4, Passed: 13, Failures: 0, Errors: 0
Running integration.org.apache.storm.integration-test
Tests run: 18, Passed: 51, Failures: 0, Errors: 0
Running org.apache.storm.security.auth.AuthUtils-test
Tests run: 5, Passed: 6, Failures: 0, Errors: 0
Running org.apache.storm.security.auth.drpc-auth-test
Tests run: 4, Passed: 22, Failures: 0, Errors: 0
Running org.apache.storm.security.auth.ReqContext-test
Tests run: 3, Passed: 4, Failures: 0, Errors: 0
Running org.apache.storm.security.serialization.BlowfishTupleSerializer-test
Tests run: 3, Passed: 3, Failures: 0, Errors: 0
Running org.apache.storm.serialization.SerializationFactory-test
Tests run: 3, Passed: 3, Failures: 0, Errors: 0
Running org.apache.storm.metrics-test
73975 [Thread-1166] INFO  o.a.s.u.Utils - Async loop interrupted!
73976 [Thread-1151] INFO  o.a.s.u.Utils - Async loop interrupted!
Tests run: 8, Passed: 66, Failures: 0, Errors: 0
Running org.apache.storm.security.auth.auth-test
Tests run: 13, Passed: 94, Failures: 0, Errors: 0
Running org.apache.storm.messaging.netty-integration-test
Tests run: 1, Passed: 1, Failures: 0, Errors: 0
Running org.apache.storm.transactional-test
Tests run: 7, Passed: 110, Failures: 0, Errors: 0
Running org.apache.storm.messaging-test
Tests run: 1, Passed: 2, Failures: 0, Errors: 0
Running org.apache.storm.supervisor-test
94901 [timer] INFO  o.a.s.d.nimbus - Cleaning up test-1-0
94907 [timer] INFO  o.a.s.d.nimbus - ExceptionKeyNotFoundException(msg:test-1-0-stormjar.jar)
95053 [timer] INFO  o.a.s.l.ThriftAccessLogger - Request ID: 148 access from: null principal: null operation: getClusterInfo
95785 [Thread-1875-spout-executor[8 8]-EventThread] WARN  o.a.c.ConnectionState - Session expired event received
95788 [Thread-1875-spout-executor[8 8]-EventThread] INFO  o.a.c.f.s.ConnectionStateManager - State change: LOST
95795 [Thread-1875-spout-executor[8 8]-EventThread] INFO  o.a.c.f.s.ConnectionStateManager - State change: RECONNECTED
96118 [timer] INFO  o.a.s.l.ThriftAccessLogger - Request ID: 148 access from: null principal: null operation: getClusterInfo
96542 [main] INFO  o.a.s.d.nimbus - Shutting down master
96543 [Curator-Framework-0] INFO  o.a.c.f.i.CuratorFrameworkImpl - backgroundOperationsLoop exiting
96544 [Curator-Framework-0] INFO  o.a.c.f.i.CuratorFrameworkImpl - backgroundOperationsLoop exiting
96545 [Curator-Framework-0] INFO  o.a.c.f.i.CuratorFrameworkImpl - backgroundOperationsLoop exiting
96546 [main] INFO  o.a.s.z.LeaderElectorImp - closing zookeeper connection of leader elector.
96546 [Curator-Framework-0] INFO  o.a.c.f.i.CuratorFrameworkImpl - backgroundOperationsLoop exiting
96546 [main] INFO  o.a.s.d.nimbus - Shut down master
96547 [Curator-Framework-0] INFO  o.a.c.f.i.CuratorFrameworkImpl - backgroundOperationsLoop exiting
96548 [Curator-Framework-0] INFO  o.a.c.f.i.CuratorFrameworkImpl - backgroundOperationsLoop exiting
96548 [main] INFO  o.a.s.d.s.w.DefaultWorkerManager - Shutting down sup1:5012c8d6-ffb8-4fb5-90f4-26b7bf40976f
96549 [main] INFO  o.a.s.u.ConfigUtils - GET worker-user for 5012c8d6-ffb8-4fb5-90f4-26b7bf40976f
96549 [main] INFO  o.a.s.d.s.w.DefaultWorkerManager - Shut down sup1:5012c8d6-ffb8-4fb5-90f4-26b7bf40976f
96550 [main] INFO  o.a.s.u.ConfigUtils - REMOVE worker-user 5012c8d6-ffb8-4fb5-90f4-26b7bf40976f
96550 [main] INFO  o.a.s.d.s.SupervisorManager - Shutting down supervisor sup1
96550 [Thread-2045] INFO  o.a.s.e.EventManagerImp - Event manager interrupted
96550 [Thread-2046] INFO  o.a.s.e.EventManagerImp - Event manager interrupted
96550 [Curator-Framework-0] INFO  o.a.c.f.i.CuratorFrameworkImpl - backgroundOperationsLoop exiting
96552 [main] INFO  o.a.s.d.s.w.DefaultWorkerManager - Shutting down sup2:96bec618-1867-43ed-83ef-8275d64a3b4e
96552 [main] INFO  o.a.s.u.ConfigUtils - GET worker-user for 96bec618-1867-43ed-83ef-8275d64a3b4e
96552 [main] INFO  o.a.s.d.s.w.DefaultWorkerManager - Shut down sup2:96bec618-1867-43ed-83ef-8275d64a3b4e
96553 [main] INFO  o.a.s.u.ConfigUtils - REMOVE worker-user 96bec618-1867-43ed-83ef-8275d64a3b4e
96553 [main] INFO  o.a.s.d.s.SupervisorManager - Shutting down supervisor sup2
96553 [Thread-2050] INFO  o.a.s.e.EventManagerImp - Event manager interrupted
96553 [Thread-2051] INFO  o.a.s.e.EventManagerImp - Event manager interrupted
96553 [Curator-Framework-0] INFO  o.a.c.f.i.CuratorFrameworkImpl - backgroundOperationsLoop exiting
96554 [main] INFO  o.a.s.testing - Shutting down in process zookeeper
96556 [main] INFO  o.a.s.testing - Done shutting down in process zookeeper
96556 [main] INFO  o.a.s.testing - Deleting temporary path /tmp/c279687b-1d1f-4657-83b3-c58741ebbd96
96558 [main] INFO  o.a.s.testing - Deleting temporary path /tmp/019fc09e-0dc3-42b1-9cee-90c3293af869
96558 [main] INFO  o.a.s.testing - Deleting temporary path /tmp/6547dced-bc49-4a53-82bf-e3ba06906aac
96559 [main] INFO  o.a.s.testing - Deleting temporary path /tmp/534f5e98-3dfb-4027-a9ed-d77beb9d2dac
Tests run: 20, Passed: 51, Failures: 1, Errors: 0
Running org.apache.storm.subtopology-test
Tests run: 0, Passed: 0, Failures: 0, Errors: 0
Running integration.org.apache.storm.trident.integration-test
Tests run: 9, Passed: 141, Failures: 0, Errors: 0
Running org.apache.storm.versioned-store-test
Tests run: 2, Passed: 5, Failures: 0, Errors: 0
Running org.apache.storm.utils.ZookeeperServerCnxnFactory-test
Tests run: 2, Passed: 3, Failures: 0, Errors: 0
Running org.apache.storm.security.auth.DefaultHttpCredentialsPlugin-test
Tests run: 2, Passed: 8, Failures: 0, Errors: 0
Running org.apache.storm.fields-test
Tests run: 2, Passed: 22, Failures: 0, Errors: 0
Running org.apache.storm.submitter-test
Tests run: 1, Passed: 13, Failures: 0, Errors: 0
Running org.apache.storm.cluster-test
Tests run: 10, Passed: 92, Failures: 0, Errors: 0
Running org.apache.storm.security.auth.authorizer.DRPCSimpleACLAuthorizer-test
Tests run: 7, Passed: 37, Failures: 0, Errors: 0
Running org.apache.storm.nimbus-test
Tests run: 43, Passed: 789, Failures: 0, Errors: 0
Running org.apache.storm.security.auth.auto-login-module-test
Tests run: 6, Passed: 22, Failures: 0, Errors: 0
Running org.apache.storm.security.auth.SaslTransportPlugin-test
Tests run: 2, Passed: 8, Failures: 0, Errors: 0
Running org.apache.storm.grouping-test
Tests run: 5, Passed: 15, Failures: 0, Errors: 0
Running org.apache.storm.serialization-test
Tests run: 1, Passed: 0, Failures: 0, Errors: 0
Running org.apache.storm.worker-test
Tests run: 8, Passed: 35, Failures: 0, Errors: 0
Running org.apache.storm.security.auth.nimbus-auth-test
Tests run: 5, Passed: 39, Failures: 0, Errors: 0
Running org.apache.storm.local-state-test
Tests run: 2, Passed: 10, Failures: 0, Errors: 0
Running org.apache.storm.scheduler-test
Tests run: 4, Passed: 64, Failures: 0, Errors: 0
Running integration.org.apache.storm.testing4j-test
Tests run: 8, Passed: 36, Failures: 0, Errors: 0
Running org.apache.storm.security.auth.ThriftClient-test
Tests run: 2, Passed: 4, Failures: 0, Errors: 0
Running org.apache.storm.tick-tuple-test
Tests run: 1, Passed: 1, Failures: 0, Errors: 0
Running org.apache.storm.scheduler.multitenant-scheduler-test
Tests run: 17, Passed: 235, Failures: 0, Errors: 0
Running org.apache.storm.trident.tuple-test
Tests run: 6, Passed: 36, Failures: 0, Errors: 0
[INFO] ------------------------------------------------------------------------
[INFO] BUILD FAILURE
[INFO] ------------------------------------------------------------------------
[INFO] Total time: 03:59 min
[INFO] Finished at: 2016-06-03T05:18:44+00:00
[INFO] Final Memory: 44M/430M
[INFO] ------------------------------------------------------------------------
[ERROR] Failed to execute goal com.theoryinpractise:clojure-maven-plugin:1.7.1:test (test-clojure) on project storm-core: Clojure failed. -> [Help 1]
[ERROR] 
[ERROR] To see the full stack trace of the errors, re-run Maven with the -e switch.
[ERROR] Re-run Maven using the -X switch to enable full debug logging.
[ERROR] 
[ERROR] For more information about the errors and possible solutions, please read the following articles:
[ERROR] [Help 1] http://cwiki.apache.org/confluence/display/MAVEN/MojoExecutionException
Looking for errors in ./storm-core/target/surefire-reports
Checking ./storm-core/target/surefire-reports/TEST-org.apache.storm.cluster.StormClusterStateImplTest.xml
Checking ./storm-core/target/surefire-reports/TEST-org.apache.storm.serialization.GzipBridgeThriftSerializationDelegateTest.xml
Checking ./storm-core/target/surefire-reports/TEST-org.apache.storm.serialization.GzipBridgeSerializationDelegateTest.xml
Checking ./storm-core/target/surefire-reports/TEST-org.apache.storm.serialization.SerializationTest.xml
Checking ./storm-core/target/surefire-reports/TEST-org.apache.storm.serialization.ThriftBridgeSerializationDelegateTest.xml
Checking ./storm-core/target/surefire-reports/TEST-org.apache.storm.grouping.PartialKeyGroupingTest.xml
Checking ./storm-core/target/surefire-reports/TEST-org.apache.storm.command.TestCLI.xml
Checking ./storm-core/target/surefire-reports/TEST-org.apache.storm.command.RebalanceTest.xml
Checking ./storm-core/target/surefire-reports/TEST-org.apache.storm.command.SetLogLevelTest.xml
Checking ./storm-core/target/surefire-reports/TEST-org.apache.storm.utils.UtilsTest.xml
Checking ./storm-core/target/surefire-reports/TEST-org.apache.storm.utils.DisruptorQueueTest.xml
Checking ./storm-core/target/surefire-reports/TEST-org.apache.storm.utils.DisruptorQueueBackpressureTest.xml
Checking ./storm-core/target/surefire-reports/TEST-org.apache.storm.utils.StormBoundedExponentialBackoffRetryTest.xml
Checking ./storm-core/target/surefire-reports/TEST-org.apache.storm.utils.TimeTest.xml
Checking ./storm-core/target/surefire-reports/TEST-org.apache.storm.utils.ThriftTopologyUtilsTest.xml
Checking ./storm-core/target/surefire-reports/TEST-org.apache.storm.utils.WorkerBackpressureThreadTest.xml
Checking ./storm-core/target/surefire-reports/TEST-org.apache.storm.utils.ShellBoltMessageQueueTest.xml
Checking ./storm-core/target/surefire-reports/TEST-org.apache.storm.metric.internal.CountStatAndMetricTest.xml
Checking ./storm-core/target/surefire-reports/TEST-org.apache.storm.metric.internal.RateTrackerTest.xml
Checking ./storm-core/target/surefire-reports/TEST-org.apache.storm.metric.internal.LatencyStatAndMetricTest.xml
Checking ./storm-core/target/surefire-reports/TEST-org.apache.storm.scheduler.resource.strategies.scheduling.TestDefaultResourceAwareStrategy.xml
Checking ./storm-core/target/surefire-reports/TEST-org.apache.storm.scheduler.resource.TestResourceAwareScheduler.xml
Checking ./storm-core/target/surefire-reports/TEST-org.apache.storm.scheduler.resource.TestUser.xml
Checking ./storm-core/target/surefire-reports/TEST-org.apache.storm.localizer.LocalizerTest.xml
Checking ./storm-core/target/surefire-reports/TEST-org.apache.storm.localizer.LocalizedResourceRetentionSetTest.xml
Checking ./storm-core/target/surefire-reports/TEST-org.apache.storm.localizer.LocalizedResourceSetTest.xml
Checking ./storm-core/target/surefire-reports/TEST-org.apache.storm.spout.CheckpointSpoutTest.xml
Checking ./storm-core/target/surefire-reports/TEST-org.apache.storm.blobstore.ClientBlobStoreTest.xml
Checking ./storm-core/target/surefire-reports/TEST-org.apache.storm.blobstore.BlobStoreTest.xml
Checking ./storm-core/target/surefire-reports/TEST-org.apache.storm.blobstore.BlobSynchronizerTest.xml
Checking ./storm-core/target/surefire-reports/TEST-org.apache.storm.topology.StatefulWindowedBoltExecutorTest.xml
Checking ./storm-core/target/surefire-reports/TEST-org.apache.storm.topology.TopologyBuilderTest.xml
Checking ./storm-core/target/surefire-reports/TEST-org.apache.storm.topology.StatefulBoltExecutorTest.xml
Checking ./storm-core/target/surefire-reports/TEST-org.apache.storm.topology.WindowedBoltExecutorTest.xml
Checking ./storm-core/target/surefire-reports/TEST-org.apache.storm.state.InMemoryKeyValueStateTest.xml
Checking ./storm-core/target/surefire-reports/TEST-org.apache.storm.windowing.WaterMarkEventGeneratorTest.xml
Checking ./storm-core/target/surefire-reports/TEST-org.apache.storm.windowing.WindowManagerTest.xml
Checking ./storm-core/target/surefire-reports/TEST-org.apache.storm.trident.TestTridentTopology.xml
Checking ./storm-core/target/surefire-reports/TEST-org.apache.storm.trident.TridentWindowingTest.xml
Checking ./storm-core/target/surefire-reports/TEST-org.apache.storm.nimbus.LocalNimbusTest.xml
Checking ./storm-core/target/surefire-reports/TEST-org.apache.storm.TestConfigValidate.xml
Checking ./storm-core/target/surefire-reports/TEST-org.apache.storm.PacemakerTest.xml
Checking ./storm-core/target/surefire-reports/TEST-org.apache.storm.TestCgroups.xml
Checking ./storm-core/target/surefire-reports/TEST-org.apache.storm.PaceMakerStateStorageFactoryTest.xml
Looking for errors in ./storm-core/target/test-reports
Checking ./storm-core/target/test-reports/org.apache.storm.drpc-test.xml
Checking ./storm-core/target/test-reports/org.apache.storm.security.auth.ThriftServer-test.xml
Checking ./storm-core/target/test-reports/org.apache.storm.messaging.netty-unit-test.xml
Checking ./storm-core/target/test-reports/org.apache.storm.logviewer-test.xml
Checking ./storm-core/target/test-reports/org.apache.storm.clojure-test.xml
Checking ./storm-core/target/test-reports/org.apache.storm.trident.state-test.xml
Checking ./storm-core/target/test-reports/org.apache.storm.tuple-test.xml
Checking ./storm-core/target/test-reports/integration.org.apache.storm.integration-test.xml
Checking ./storm-core/target/test-reports/org.apache.storm.security.auth.AuthUtils-test.xml
Checking ./storm-core/target/test-reports/org.apache.storm.security.auth.drpc-auth-test.xml
Checking ./storm-core/target/test-reports/org.apache.storm.security.auth.ReqContext-test.xml
Checking ./storm-core/target/test-reports/org.apache.storm.security.serialization.BlowfishTupleSerializer-test.xml
Checking ./storm-core/target/test-reports/org.apache.storm.serialization.SerializationFactory-test.xml
Checking ./storm-core/target/test-reports/org.apache.storm.metrics-test.xml
Checking ./storm-core/target/test-reports/org.apache.storm.security.auth.auth-test.xml
Checking ./storm-core/target/test-reports/org.apache.storm.messaging.netty-integration-test.xml
Checking ./storm-core/target/test-reports/org.apache.storm.transactional-test.xml
Checking ./storm-core/target/test-reports/org.apache.storm.messaging-test.xml
Checking ./storm-core/target/test-reports/org.apache.storm.supervisor-test.xml
--------------------------------------------------
classname: org.apache.storm.supervisor-test / testname: test-multiple-active-storms-multiple-supervisors
expected: (= {["sup1" 1] 1, ["sup1" 2] 1, ["sup2" 1] 1} (:shutdown changed))
  actual: (not (= {["sup1" 1] 1, ["sup1" 2] 1, ["sup2" 1] 1} {["sup2" 1] 1, ["sup1" 2] 1, ["sup1" 1] 1, ["sup1" nil] 1}))
      at: test_runner.clj:105
-------------------- system-out --------------------

93700 [main] INFO  o.a.s.z.Zookeeper - Starting inprocess zookeeper at port 2000 and dir /tmp/019fc09e-0dc3-42b1-9cee-90c3293af869
93712 [main] INFO  o.a.s.d.nimbus - Starting Nimbus with conf {"topology.builtin.metrics.bucket.size.secs" 60, "nimbus.childopts" "-Xmx1024m", "ui.filter.params" nil, "storm.cluster.mode" "local", "storm.messaging.netty.client_worker_threads" 1, "logviewer.max.per.worker.logs.size.mb" 2048, "supervisor.run.worker.as.user" false, "topology.max.task.parallelism" nil, "topology.priority" 29, "zmq.threads" 1, "storm.group.mapping.service" "org.apache.storm.security.auth.ShellBasedGroupsMapping", "transactional.zookeeper.root" "/transactional", "topology.sleep.spout.wait.strategy.time.ms" 1, "scheduler.display.resource" false, "topology.max.replication.wait.time.sec" 60, "drpc.invocations.port" 3773, "supervisor.localizer.cache.target.size.mb" 10240, "topology.multilang.serializer" "org.apache.storm.multilang.JsonSerializer", "storm.messaging.netty.server_worker_threads" 1, "nimbus.blobstore.class" "org.apache.storm.blobstore.LocalFsBlobStore", "resource.aware.scheduler.eviction.strategy" "org.apache.storm.scheduler.resource.strategies.eviction.DefaultEvictionStrategy", "topology.max.error.report.per.interval" 5, "storm.thrift.transport" "org.apache.storm.security.auth.SimpleTransportPlugin", "zmq.hwm" 0, "storm.cgroup.resources" ["cpu" "memory"], "storm.group.mapping.service.params" nil, "worker.profiler.enabled" false, "storm.principal.tolocal" "org.apache.storm.security.auth.DefaultPrincipalToLocal", "supervisor.worker.shutdown.sleep.secs" 1, "pacemaker.host" "localhost", "storm.zookeeper.retry.times" 5, "ui.actions.enabled" true, "zmq.linger.millis" 0, "supervisor.enable" true, "topology.stats.sample.rate" 0.05, "storm.messaging.netty.min_wait_ms" 100, "storm.resource.isolation.plugin" "org.apache.storm.container.cgroup.CgroupManager", "worker.log.level.reset.poll.secs" 30, "storm.zookeeper.port" 2000, "supervisor.heartbeat.frequency.secs" 5, "topology.enable.message.timeouts" false, "supervisor.cpu.capacity" 400.0, "drpc.worker.threads" 64, "supervisor.blobstore.download.thread.count" 5, "drpc.queue.size" 128, "topology.backpressure.enable" true, "supervisor.blobstore.class" "org.apache.storm.blobstore.NimbusBlobStore", "storm.blobstore.inputstream.buffer.size.bytes" 65536, "topology.shellbolt.max.pending" 100, "drpc.https.keystore.password" "", "nimbus.code.sync.freq.secs" 120, "logviewer.port" 8000, "topology.scheduler.strategy" "org.apache.storm.scheduler.resource.strategies.scheduling.DefaultResourceAwareStrategy", "topology.executor.send.buffer.size" 1024, "resource.aware.scheduler.priority.strategy" "org.apache.storm.scheduler.resource.strategies.priority.DefaultSchedulingPriorityStrategy", "pacemaker.auth.method" "NONE", "storm.daemon.metrics.reporter.plugins" ["org.apache.storm.daemon.metrics.reporters.JmxPreparableReporter"], "storm.cgroup.hierarchy.dir" "/cgroup/storm_resources", "topology.worker.logwriter.childopts" "-Xmx64m", "topology.spout.wait.strategy" "org.apache.storm.spout.SleepSpoutWaitStrategy", "ui.host" "0.0.0.0", "storm.nimbus.retry.interval.millis" 2000, "nimbus.inbox.jar.expiration.secs" 3600, "dev.zookeeper.path" "/tmp/dev-storm-zookeeper", "topology.acker.executors" nil, "topology.fall.back.on.java.serialization" true, "topology.eventlogger.executors" nil, "supervisor.localizer.cleanup.interval.ms" 600000, "storm.zookeeper.servers" ["localhost"], "nimbus.thrift.threads" 64, "logviewer.cleanup.age.mins" 10080, "topology.worker.childopts" nil, "topology.classpath" nil, "storm.cgroup.cgexec.cmd" "/bin/cgexec", "supervisor.monitor.frequency.secs" 3, "nimbus.credential.renewers.freq.secs" 600, "topology.skip.missing.kryo.registrations" true, "drpc.authorizer.acl.filename" "drpc-auth-acl.yaml", "pacemaker.kerberos.users" [], "storm.group.mapping.service.cache.duration.secs" 120, "NIMBUS-DO-NOT-REASSIGN" true, "topology.testing.always.try.serialize" false, "nimbus.monitor.freq.secs" 10, "storm.health.check.timeout.ms" 5000, "supervisor.supervisors" [], "topology.tasks" nil, "topology.bolts.outgoing.overflow.buffer.enable" false, "storm.messaging.netty.socket.backlog" 500, "topology.workers" 1, "pacemaker.base.threads" 10, "storm.local.dir" "/tmp/c279687b-1d1f-4657-83b3-c58741ebbd96", "topology.disable.loadaware" false, "worker.childopts" "-Xmx%HEAP-MEM%m -XX:+PrintGCDetails -Xloggc:artifacts/gc.log -XX:+PrintGCDateStamps -XX:+PrintGCTimeStamps -XX:+UseGCLogFileRotation -XX:NumberOfGCLogFiles=10 -XX:GCLogFileSize=1M -XX:+HeapDumpOnOutOfMemoryError -XX:HeapDumpPath=artifacts/heapdump", "storm.auth.simple-white-list.users" [], "topology.disruptor.batch.timeout.millis" 1, "topology.message.timeout.secs" 30, "topology.state.synchronization.timeout.secs" 60, "topology.tuple.serializer" "org.apache.storm.serialization.types.ListDelegateSerializer", "supervisor.supervisors.commands" [], "nimbus.blobstore.expiration.secs" 600, "logviewer.childopts" "-Xmx128m", "topology.environment" nil, "topology.debug" false, "topology.disruptor.batch.size" 100, "storm.messaging.netty.max_retries" 300, "ui.childopts" "-Xmx768m", "storm.network.topography.plugin" "org.apache.storm.networktopography.DefaultRackDNSToSwitchMapping", "storm.zookeeper.session.timeout" 20000, "drpc.childopts" "-Xmx768m", "drpc.http.creds.plugin" "org.apache.storm.security.auth.DefaultHttpCredentialsPlugin", "storm.zookeeper.connection.timeout" 15000, "storm.zookeeper.auth.user" nil, "storm.meta.serialization.delegate" "org.apache.storm.serialization.GzipThriftSerializationDelegate", "topology.max.spout.pending" nil, "storm.codedistributor.class" "org.apache.storm.codedistributor.LocalFileSystemCodeDistributor", "nimbus.supervisor.timeout.secs" 60, "nimbus.task.timeout.secs" 30, "drpc.port" 3772, "pacemaker.max.threads" 50, "storm.zookeeper.retry.intervalceiling.millis" 30000, "nimbus.thrift.port" 6627, "storm.auth.simple-acl.admins" [], "topology.component.cpu.pcore.percent" 10.0, "supervisor.memory.capacity.mb" 4096.0, "storm.supervisor.cgroup.rootdir" "storm", "storm.nimbus.retry.times" 5, "supervisor.worker.start.timeout.secs" 5, "storm.zookeeper.retry.interval" 1000, "logs.users" nil, "storm.cluster.metrics.consumer.publish.interval.secs" 60, "worker.profiler.command" "flight.bash", "transactional.zookeeper.port" nil, "drpc.max_buffer_size" 1048576, "pacemaker.thread.timeout" 10, "storm.cgroup.hierarchy.name" "storm", "task.credentials.poll.secs" 30, "blobstore.superuser" "travis", "drpc.https.keystore.type" "JKS", "topology.worker.receiver.thread.count" 1, "topology.state.checkpoint.interval.ms" 1000, "supervisor.slots.ports" [6700 6701 6702 6703], "topology.transfer.buffer.size" 1024, "storm.health.check.dir" "healthchecks", "topology.worker.shared.thread.pool.size" 4, "drpc.authorizer.acl.strict" false, "nimbus.file.copy.expiration.secs" 600, "worker.profiler.childopts" "-XX:+UnlockCommercialFeatures -XX:+FlightRecorder", "topology.executor.receive.buffer.size" 1024, "backpressure.disruptor.low.watermark" 0.4, "nimbus.task.launch.secs" 120, "storm.local.mode.zmq" false, "storm.cgroup.memory.limit.tolerance.margin.mb" 128.0, "storm.messaging.netty.buffer_size" 5242880, "storm.cluster.state.store" "org.apache.storm.cluster.ZKStateStorageFactory", "worker.heartbeat.frequency.secs" 1, "storm.log4j2.conf.dir" "log4j2", "storm.resource.isolation.plugin.enable" false, "ui.http.creds.plugin" "org.apache.storm.security.auth.DefaultHttpCredentialsPlugin", "storm.zookeeper.root" "/storm", "topology.tick.tuple.freq.secs" nil, "drpc.https.port" -1, "storm.workers.artifacts.dir" "workers-artifacts", "supervisor.blobstore.download.max_retries" 3, "task.refresh.poll.secs" 10, "storm.exhibitor.port" 8080, "task.heartbeat.frequency.secs" 3, "pacemaker.port" 6699, "storm.messaging.netty.max_wait_ms" 1000, "topology.component.resources.offheap.memory.mb" 0.0, "drpc.http.port" 3774, "topology.error.throttle.interval.secs" 10, "storm.messaging.transport" "org.apache.storm.messaging.netty.Context", "storm.messaging.netty.authentication" false, "topology.component.resources.onheap.memory.mb" 128.0, "topology.kryo.factory" "org.apache.storm.serialization.DefaultKryoFactory", "worker.gc.childopts" "", "nimbus.topology.validator" "org.apache.storm.nimbus.DefaultTopologyValidator", "nimbus.seeds" ["localhost"], "nimbus.queue.size" 100000, "nimbus.cleanup.inbox.freq.secs" 600, "storm.blobstore.replication.factor" 3, "worker.heap.memory.mb" 768, "logviewer.max.sum.worker.logs.size.mb" 4096, "pacemaker.childopts" "-Xmx1024m", "ui.users" nil, "transactional.zookeeper.servers" nil, "supervisor.worker.timeout.secs" 15, "storm.zookeeper.auth.password" nil, "storm.blobstore.acl.validation.enabled" false, "client.blobstore.class" "org.apache.storm.blobstore.NimbusBlobStore", "supervisor.childopts" "-Xmx256m", "topology.worker.max.heap.size.mb" 768.0, "backpressure.disruptor.high.watermark" 0.9, "ui.filter" nil, "ui.header.buffer.bytes" 4096, "topology.min.replication.count" 1, "storm.supervisor.worker.manager.plugin" "org.apache.storm.daemon.supervisor.workermanager.DefaultWorkerManager", "topology.disruptor.wait.timeout.millis" 1000, "storm.nimbus.retry.intervalceiling.millis" 60000, "topology.trident.batch.emit.interval.millis" 50, "storm.auth.simple-acl.users" [], "drpc.invocations.threads" 64, "java.library.path" "/usr/local/lib:/opt/local/lib:/usr/lib", "ui.port" 8080, "storm.exhibitor.poll.uripath" "/exhibitor/v1/cluster/list", "storm.messaging.netty.transfer.batch.size" 262144, "logviewer.appender.name" "A1", "nimbus.thrift.max_buffer_size" 1048576, "storm.auth.simple-acl.users.commands" [], "drpc.request.timeout.secs" 600}
93712 [main] INFO  o.a.s.d.nimbus - Using default scheduler
93713 [main] INFO  o.a.c.f.i.CuratorFrameworkImpl - Starting
93714 [main] INFO  o.a.c.f.i.CuratorFrameworkImpl - Starting
93715 [main] INFO  o.a.s.b.FileBlobStoreImpl - Creating new blob store based in /tmp/c279687b-1d1f-4657-83b3-c58741ebbd96/blobs
93718 [main-EventThread] INFO  o.a.c.f.s.ConnectionStateManager - State change: CONNECTED
93718 [main] INFO  o.a.c.f.i.CuratorFrameworkImpl - Starting
93719 [main-EventThread] INFO  o.a.c.f.s.ConnectionStateManager - State change: CONNECTED
93720 [main-EventThread] INFO  o.a.c.f.s.ConnectionStateManager - State change: CONNECTED
93721 [Curator-Framework-0] INFO  o.a.c.f.i.CuratorFrameworkImpl - backgroundOperationsLoop exiting
93722 [main] INFO  o.a.c.f.i.CuratorFrameworkImpl - Starting
93723 [main] INFO  o.a.c.f.i.CuratorFrameworkImpl - Starting
93723 [main-EventThread] INFO  o.a.c.f.s.ConnectionStateManager - State change: CONNECTED
93724 [main-EventThread] INFO  o.a.c.f.s.ConnectionStateManager - State change: CONNECTED
93732 [main] INFO  o.a.s.z.LeaderElectorImp - Queued up for leader lock.
93735 [main-EventThread] INFO  o.a.s.z.Zookeeper - testing-worker-linux-docker-9a85451c-3468-linux-4.prod.travis-ci.org gained leadership
93738 [main] WARN  o.a.s.m.StormMetricsRegistry - Metric nimbus:num-supervisors has already been registered
93738 [main] INFO  o.a.s.d.m.MetricsUtils - Using statistics reporter plugin:org.apache.storm.daemon.metrics.reporters.JmxPreparableReporter
93738 [main] INFO  o.a.s.d.m.r.JmxPreparableReporter - Preparing...
93741 [main] INFO  o.a.s.m.StormMetricsRegistry - Started statistics report plugin...
93741 [main] INFO  o.a.c.f.i.CuratorFrameworkImpl - Starting
93742 [main-EventThread] INFO  o.a.c.f.s.ConnectionStateManager - State change: CONNECTED
93743 [Curator-Framework-0] INFO  o.a.c.f.i.CuratorFrameworkImpl - backgroundOperationsLoop exiting
93743 [main] INFO  o.a.c.f.i.CuratorFrameworkImpl - Starting
93744 [main] INFO  o.a.c.f.i.CuratorFrameworkImpl - Starting
93745 [main-EventThread] INFO  o.a.c.f.s.ConnectionStateManager - State change: CONNECTED
93746 [main-EventThread] INFO  o.a.c.f.s.ConnectionStateManager - State change: CONNECTED
93746 [Curator-Framework-0] INFO  o.a.c.f.i.CuratorFrameworkImpl - backgroundOperationsLoop exiting
93747 [main] INFO  o.a.c.f.i.CuratorFrameworkImpl - Starting
93748 [main-EventThread] INFO  o.a.c.f.s.ConnectionStateManager - State change: CONNECTED
93754 [main] INFO  o.a.s.d.local-supervisor - Starting local Supervisor with conf {"topology.builtin.metrics.bucket.size.secs" 60, "nimbus.childopts" "-Xmx1024m", "ui.filter.params" nil, "storm.cluster.mode" "local", "storm.messaging.netty.client_worker_threads" 1, "logviewer.max.per.worker.logs.size.mb" 2048, "supervisor.run.worker.as.user" false, "topology.max.task.parallelism" nil, "topology.priority" 29, "zmq.threads" 1, "storm.group.mapping.service" "org.apache.storm.security.auth.ShellBasedGroupsMapping", "transactional.zookeeper.root" "/transactional", "topology.sleep.spout.wait.strategy.time.ms" 1, "scheduler.display.resource" false, "topology.max.replication.wait.time.sec" 60, "drpc.invocations.port" 3773, "supervisor.localizer.cache.target.size.mb" 10240, "topology.multilang.serializer" "org.apache.storm.multilang.JsonSerializer", "storm.messaging.netty.server_worker_threads" 1, "nimbus.blobstore.class" "org.apache.storm.blobstore.LocalFsBlobStore", "resource.aware.scheduler.eviction.strategy" "org.apache.storm.scheduler.resource.strategies.eviction.DefaultEvictionStrategy", "topology.max.error.report.per.interval" 5, "storm.thrift.transport" "org.apache.storm.security.auth.SimpleTransportPlugin", "zmq.hwm" 0, "storm.cgroup.resources" ["cpu" "memory"], "storm.group.mapping.service.params" nil, "worker.profiler.enabled" false, "storm.principal.tolocal" "org.apache.storm.security.auth.DefaultPrincipalToLocal", "supervisor.worker.shutdown.sleep.secs" 1, "pacemaker.host" "localhost", "storm.zookeeper.retry.times" 5, "ui.actions.enabled" true, "zmq.linger.millis" 0, "supervisor.enable" true, "topology.stats.sample.rate" 0.05, "storm.messaging.netty.min_wait_ms" 100, "storm.resource.isolation.plugin" "org.apache.storm.container.cgroup.CgroupManager", "worker.log.level.reset.poll.secs" 30, "storm.zookeeper.port" 2000, "supervisor.heartbeat.frequency.secs" 5, "topology.enable.message.timeouts" false, "supervisor.cpu.capacity" 400.0, "drpc.worker.threads" 64, "supervisor.blobstore.download.thread.count" 5, "drpc.queue.size" 128, "topology.backpressure.enable" true, "supervisor.blobstore.class" "org.apache.storm.blobstore.NimbusBlobStore", "storm.blobstore.inputstream.buffer.size.bytes" 65536, "topology.shellbolt.max.pending" 100, "drpc.https.keystore.password" "", "nimbus.code.sync.freq.secs" 120, "logviewer.port" 8000, "topology.scheduler.strategy" "org.apache.storm.scheduler.resource.strategies.scheduling.DefaultResourceAwareStrategy", "topology.executor.send.buffer.size" 1024, "resource.aware.scheduler.priority.strategy" "org.apache.storm.scheduler.resource.strategies.priority.DefaultSchedulingPriorityStrategy", "pacemaker.auth.method" "NONE", "storm.daemon.metrics.reporter.plugins" ["org.apache.storm.daemon.metrics.reporters.JmxPreparableReporter"], "storm.cgroup.hierarchy.dir" "/cgroup/storm_resources", "topology.worker.logwriter.childopts" "-Xmx64m", "topology.spout.wait.strategy" "org.apache.storm.spout.SleepSpoutWaitStrategy", "ui.host" "0.0.0.0", "storm.nimbus.retry.interval.millis" 2000, "nimbus.inbox.jar.expiration.secs" 3600, "dev.zookeeper.path" "/tmp/dev-storm-zookeeper", "topology.acker.executors" nil, "topology.fall.back.on.java.serialization" true, "topology.eventlogger.executors" nil, "supervisor.localizer.cleanup.interval.ms" 600000, "storm.zookeeper.servers" ["localhost"], "nimbus.thrift.threads" 64, "logviewer.cleanup.age.mins" 10080, "topology.worker.childopts" nil, "topology.classpath" nil, "storm.cgroup.cgexec.cmd" "/bin/cgexec", "supervisor.monitor.frequency.secs" 3, "nimbus.credential.renewers.freq.secs" 600, "topology.skip.missing.kryo.registrations" true, "drpc.authorizer.acl.filename" "drpc-auth-acl.yaml", "pacemaker.kerberos.users" [], "storm.group.mapping.service.cache.duration.secs" 120, "NIMBUS-DO-NOT-REASSIGN" true, "topology.testing.always.try.serialize" false, "nimbus.monitor.freq.secs" 10, "storm.health.check.timeout.ms" 5000, "supervisor.supervisors" [], "topology.tasks" nil, "topology.bolts.outgoing.overflow.buffer.enable" false, "storm.messaging.netty.socket.backlog" 500, "topology.workers" 1, "pacemaker.base.threads" 10, "storm.local.dir" "/tmp/6547dced-bc49-4a53-82bf-e3ba06906aac", "topology.disable.loadaware" false, "worker.childopts" "-Xmx%HEAP-MEM%m -XX:+PrintGCDetails -Xloggc:artifacts/gc.log -XX:+PrintGCDateStamps -XX:+PrintGCTimeStamps -XX:+UseGCLogFileRotation -XX:NumberOfGCLogFiles=10 -XX:GCLogFileSize=1M -XX:+HeapDumpOnOutOfMemoryError -XX:HeapDumpPath=artifacts/heapdump", "storm.auth.simple-white-list.users" [], "topology.disruptor.batch.timeout.millis" 1, "topology.message.timeout.secs" 30, "topology.state.synchronization.timeout.secs" 60, "topology.tuple.serializer" "org.apache.storm.serialization.types.ListDelegateSerializer", "supervisor.supervisors.commands" [], "nimbus.blobstore.expiration.secs" 600, "logviewer.childopts" "-Xmx128m", "topology.environment" nil, "topology.debug" false, "topology.disruptor.batch.size" 100, "storm.messaging.netty.max_retries" 300, "ui.childopts" "-Xmx768m", "storm.network.topography.plugin" "org.apache.storm.networktopography.DefaultRackDNSToSwitchMapping", "storm.zookeeper.session.timeout" 20000, "drpc.childopts" "-Xmx768m", "drpc.http.creds.plugin" "org.apache.storm.security.auth.DefaultHttpCredentialsPlugin", "storm.zookeeper.connection.timeout" 15000, "storm.zookeeper.auth.user" nil, "storm.meta.serialization.delegate" "org.apache.storm.serialization.GzipThriftSerializationDelegate", "topology.max.spout.pending" nil, "storm.codedistributor.class" "org.apache.storm.codedistributor.LocalFileSystemCodeDistributor", "nimbus.supervisor.timeout.secs" 60, "nimbus.task.timeout.secs" 30, "drpc.port" 3772, "pacemaker.max.threads" 50, "storm.zookeeper.retry.intervalceiling.millis" 30000, "nimbus.thrift.port" 6627, "storm.auth.simple-acl.admins" [], "topology.component.cpu.pcore.percent" 10.0, "supervisor.memory.capacity.mb" 4096.0, "storm.supervisor.cgroup.rootdir" "storm", "storm.nimbus.retry.times" 5, "supervisor.worker.start.timeout.secs" 5, "storm.zookeeper.retry.interval" 1000, "logs.users" nil, "storm.cluster.metrics.consumer.publish.interval.secs" 60, "worker.profiler.command" "flight.bash", "transactional.zookeeper.port" nil, "drpc.max_buffer_size" 1048576, "pacemaker.thread.timeout" 10, "storm.cgroup.hierarchy.name" "storm", "task.credentials.poll.secs" 30, "blobstore.superuser" "travis", "drpc.https.keystore.type" "JKS", "topology.worker.receiver.thread.count" 1, "topology.state.checkpoint.interval.ms" 1000, "supervisor.slots.ports" [1 2 3 4], "topology.transfer.buffer.size" 1024, "storm.health.check.dir" "healthchecks", "topology.worker.shared.thread.pool.size" 4, "drpc.authorizer.acl.strict" false, "nimbus.file.copy.expiration.secs" 600, "worker.profiler.childopts" "-XX:+UnlockCommercialFeatures -XX:+FlightRecorder", "topology.executor.receive.buffer.size" 1024, "backpressure.disruptor.low.watermark" 0.4, "nimbus.task.launch.secs" 120, "storm.local.mode.zmq" false, "storm.cgroup.memory.limit.tolerance.margin.mb" 128.0, "storm.messaging.netty.buffer_size" 5242880, "storm.cluster.state.store" "org.apache.storm.cluster.ZKStateStorageFactory", "worker.heartbeat.frequency.secs" 1, "storm.log4j2.conf.dir" "log4j2", "storm.resource.isolation.plugin.enable" false, "ui.http.creds.plugin" "org.apache.storm.security.auth.DefaultHttpCredentialsPlugin", "storm.zookeeper.root" "/storm", "topology.tick.tuple.freq.secs" nil, "drpc.https.port" -1, "storm.workers.artifacts.dir" "workers-artifacts", "supervisor.blobstore.download.max_retries" 3, "task.refresh.poll.secs" 10, "storm.exhibitor.port" 8080, "task.heartbeat.frequency.secs" 3, "pacemaker.port" 6699, "storm.messaging.netty.max_wait_ms" 1000, "topology.component.resources.offheap.memory.mb" 0.0, "drpc.http.port" 3774, "topology.error.throttle.interval.secs" 10, "storm.messaging.transport" "org.apache.storm.messaging.netty.Context", "storm.messaging.netty.authentication" false, "topology.component.resources.onheap.memory.mb" 128.0, "topology.kryo.factory" "org.apache.storm.serialization.DefaultKryoFactory", "worker.gc.childopts" "", "nimbus.topology.validator" "org.apache.storm.nimbus.DefaultTopologyValidator", "nimbus.seeds" ["localhost"], "nimbus.queue.size" 100000, "nimbus.cleanup.inbox.freq.secs" 600, "storm.blobstore.replication.factor" 3, "worker.heap.memory.mb" 768, "logviewer.max.sum.worker.logs.size.mb" 4096, "pacemaker.childopts" "-Xmx1024m", "ui.users" nil, "transactional.zookeeper.servers" nil, "supervisor.worker.timeout.secs" 15, "storm.zookeeper.auth.password" nil, "storm.blobstore.acl.validation.enabled" false, "client.blobstore.class" "org.apache.storm.blobstore.NimbusBlobStore", "supervisor.childopts" "-Xmx256m", "topology.worker.max.heap.size.mb" 768.0, "backpressure.disruptor.high.watermark" 0.9, "ui.filter" nil, "ui.header.buffer.bytes" 4096, "topology.min.replication.count" 1, "storm.supervisor.worker.manager.plugin" "org.apache.storm.daemon.supervisor.workermanager.DefaultWorkerManager", "topology.disruptor.wait.timeout.millis" 1000, "storm.nimbus.retry.intervalceiling.millis" 60000, "topology.trident.batch.emit.interval.millis" 50, "storm.auth.simple-acl.users" [], "drpc.invocations.threads" 64, "java.library.path" "/usr/local/lib:/opt/local/lib:/usr/lib", "ui.port" 8080, "storm.exhibitor.poll.uripath" "/exhibitor/v1/cluster/list", "storm.messaging.netty.transfer.batch.size" 262144, "logviewer.appender.name" "A1", "nimbus.thrift.max_buffer_size" 1048576, "storm.auth.simple-acl.users.commands" [], "drpc.request.timeout.secs" 600}
93755 [main] INFO  o.a.s.d.s.Supervisor - Starting Supervisor with conf {topology.builtin.metrics.bucket.size.secs=60, nimbus.childopts=-Xmx1024m, ui.filter.params=null, storm.cluster.mode=local, storm.messaging.netty.client_worker_threads=1, logviewer.max.per.worker.logs.size.mb=2048, supervisor.run.worker.as.user=false, topology.max.task.parallelism=null, topology.priority=29, zmq.threads=1, storm.group.mapping.service=org.apache.storm.security.auth.ShellBasedGroupsMapping, transactional.zookeeper.root=/transactional, topology.sleep.spout.wait.strategy.time.ms=1, scheduler.display.resource=false, topology.max.replication.wait.time.sec=60, drpc.invocations.port=3773, supervisor.localizer.cache.target.size.mb=10240, topology.multilang.serializer=org.apache.storm.multilang.JsonSerializer, storm.messaging.netty.server_worker_threads=1, nimbus.blobstore.class=org.apache.storm.blobstore.LocalFsBlobStore, resource.aware.scheduler.eviction.strategy=org.apache.storm.scheduler.resource.strategies.eviction.DefaultEvictionStrategy, topology.max.error.report.per.interval=5, storm.thrift.transport=org.apache.storm.security.auth.SimpleTransportPlugin, zmq.hwm=0, storm.cgroup.resources=[cpu, memory], storm.group.mapping.service.params=null, worker.profiler.enabled=false, storm.principal.tolocal=org.apache.storm.security.auth.DefaultPrincipalToLocal, supervisor.worker.shutdown.sleep.secs=1, pacemaker.host=localhost, storm.zookeeper.retry.times=5, ui.actions.enabled=true, zmq.linger.millis=0, supervisor.enable=true, topology.stats.sample.rate=0.05, storm.messaging.netty.min_wait_ms=100, storm.resource.isolation.plugin=org.apache.storm.container.cgroup.CgroupManager, worker.log.level.reset.poll.secs=30, storm.zookeeper.port=2000, supervisor.heartbeat.frequency.secs=5, topology.enable.message.timeouts=false, supervisor.cpu.capacity=400.0, drpc.worker.threads=64, supervisor.blobstore.download.thread.count=5, drpc.queue.size=128, topology.backpressure.enable=true, supervisor.blobstore.class=org.apache.storm.blobstore.NimbusBlobStore, storm.blobstore.inputstream.buffer.size.bytes=65536, topology.shellbolt.max.pending=100, drpc.https.keystore.password=, nimbus.code.sync.freq.secs=120, logviewer.port=8000, topology.scheduler.strategy=org.apache.storm.scheduler.resource.strategies.scheduling.DefaultResourceAwareStrategy, topology.executor.send.buffer.size=1024, resource.aware.scheduler.priority.strategy=org.apache.storm.scheduler.resource.strategies.priority.DefaultSchedulingPriorityStrategy, pacemaker.auth.method=NONE, storm.daemon.metrics.reporter.plugins=[org.apache.storm.daemon.metrics.reporters.JmxPreparableReporter], storm.cgroup.hierarchy.dir=/cgroup/storm_resources, topology.worker.logwriter.childopts=-Xmx64m, topology.spout.wait.strategy=org.apache.storm.spout.SleepSpoutWaitStrategy, ui.host=0.0.0.0, storm.nimbus.retry.interval.millis=2000, nimbus.inbox.jar.expiration.secs=3600, dev.zookeeper.path=/tmp/dev-storm-zookeeper, topology.acker.executors=null, topology.fall.back.on.java.serialization=true, topology.eventlogger.executors=null, supervisor.localizer.cleanup.interval.ms=600000, storm.zookeeper.servers=[localhost], nimbus.thrift.threads=64, logviewer.cleanup.age.mins=10080, topology.worker.childopts=null, topology.classpath=null, storm.cgroup.cgexec.cmd=/bin/cgexec, supervisor.monitor.frequency.secs=3, nimbus.credential.renewers.freq.secs=600, topology.skip.missing.kryo.registrations=true, drpc.authorizer.acl.filename=drpc-auth-acl.yaml, pacemaker.kerberos.users=[], storm.group.mapping.service.cache.duration.secs=120, NIMBUS-DO-NOT-REASSIGN=true, topology.testing.always.try.serialize=false, nimbus.monitor.freq.secs=10, storm.health.check.timeout.ms=5000, supervisor.supervisors=[], topology.tasks=null, topology.bolts.outgoing.overflow.buffer.enable=false, storm.messaging.netty.socket.backlog=500, topology.workers=1, pacemaker.base.threads=10, storm.local.dir=/tmp/6547dced-bc49-4a53-82bf-e3ba06906aac, topology.disable.loadaware=false, worker.childopts=-Xmx%HEAP-MEM%m -XX:+PrintGCDetails -Xloggc:artifacts/gc.log -XX:+PrintGCDateStamps -XX:+PrintGCTimeStamps -XX:+UseGCLogFileRotation -XX:NumberOfGCLogFiles=10 -XX:GCLogFileSize=1M -XX:+HeapDumpOnOutOfMemoryError -XX:HeapDumpPath=artifacts/heapdump, storm.auth.simple-white-list.users=[], topology.disruptor.batch.timeout.millis=1, topology.message.timeout.secs=30, topology.state.synchronization.timeout.secs=60, topology.tuple.serializer=org.apache.storm.serialization.types.ListDelegateSerializer, supervisor.supervisors.commands=[], nimbus.blobstore.expiration.secs=600, logviewer.childopts=-Xmx128m, topology.environment=null, topology.debug=false, topology.disruptor.batch.size=100, storm.messaging.netty.max_retries=300, ui.childopts=-Xmx768m, storm.network.topography.plugin=org.apache.storm.networktopography.DefaultRackDNSToSwitchMapping, storm.zookeeper.session.timeout=20000, drpc.childopts=-Xmx768m, drpc.http.creds.plugin=org.apache.storm.security.auth.DefaultHttpCredentialsPlugin, storm.zookeeper.connection.timeout=15000, storm.zookeeper.auth.user=null, storm.meta.serialization.delegate=org.apache.storm.serialization.GzipThriftSerializationDelegate, topology.max.spout.pending=null, storm.codedistributor.class=org.apache.storm.codedistributor.LocalFileSystemCodeDistributor, nimbus.supervisor.timeout.secs=60, nimbus.task.timeout.secs=30, drpc.port=3772, pacemaker.max.threads=50, storm.zookeeper.retry.intervalceiling.millis=30000, nimbus.thrift.port=6627, storm.auth.simple-acl.admins=[], topology.component.cpu.pcore.percent=10.0, supervisor.memory.capacity.mb=4096.0, storm.supervisor.cgroup.rootdir=storm, storm.nimbus.retry.times=5, supervisor.worker.start.timeout.secs=5, storm.zookeeper.retry.interval=1000, logs.users=null, storm.cluster.metrics.consumer.publish.interval.secs=60, worker.profiler.command=flight.bash, transactional.zookeeper.port=null, drpc.max_buffer_size=1048576, pacemaker.thread.timeout=10, storm.cgroup.hierarchy.name=storm, task.credentials.poll.secs=30, blobstore.superuser=travis, drpc.https.keystore.type=JKS, topology.worker.receiver.thread.count=1, topology.state.checkpoint.interval.ms=1000, supervisor.slots.ports=[1, 2, 3, 4], topology.transfer.buffer.size=1024, storm.health.check.dir=healthchecks, topology.worker.shared.thread.pool.size=4, drpc.authorizer.acl.strict=false, nimbus.file.copy.expiration.secs=600, worker.profiler.childopts=-XX:+UnlockCommercialFeatures -XX:+FlightRecorder, topology.executor.receive.buffer.size=1024, backpressure.disruptor.low.watermark=0.4, nimbus.task.launch.secs=120, storm.local.mode.zmq=false, storm.cgroup.memory.limit.tolerance.margin.mb=128.0, storm.messaging.netty.buffer_size=5242880, storm.cluster.state.store=org.apache.storm.cluster.ZKStateStorageFactory, worker.heartbeat.frequency.secs=1, storm.log4j2.conf.dir=log4j2, storm.resource.isolation.plugin.enable=false, ui.http.creds.plugin=org.apache.storm.security.auth.DefaultHttpCredentialsPlugin, storm.zookeeper.root=/storm, topology.tick.tuple.freq.secs=null, drpc.https.port=-1, storm.workers.artifacts.dir=workers-artifacts, supervisor.blobstore.download.max_retries=3, task.refresh.poll.secs=10, storm.exhibitor.port=8080, task.heartbeat.frequency.secs=3, pacemaker.port=6699, storm.messaging.netty.max_wait_ms=1000, topology.component.resources.offheap.memory.mb=0.0, drpc.http.port=3774, topology.error.throttle.interval.secs=10, storm.messaging.transport=org.apache.storm.messaging.netty.Context, storm.messaging.netty.authentication=false, topology.component.resources.onheap.memory.mb=128.0, topology.kryo.factory=org.apache.storm.serialization.DefaultKryoFactory, worker.gc.childopts=, nimbus.topology.validator=org.apache.storm.nimbus.DefaultTopologyValidator, nimbus.seeds=[localhost], nimbus.queue.size=100000, nimbus.cleanup.inbox.freq.secs=600, storm.blobstore.replication.factor=3, worker.heap.memory.mb=768, logviewer.max.sum.worker.logs.size.mb=4096, pacemaker.childopts=-Xmx1024m, ui.users=null, transactional.zookeeper.servers=null, supervisor.worker.timeout.secs=15, storm.zookeeper.auth.password=null, storm.blobstore.acl.validation.enabled=false, client.blobstore.class=org.apache.storm.blobstore.NimbusBlobStore, supervisor.childopts=-Xmx256m, topology.worker.max.heap.size.mb=768.0, backpressure.disruptor.high.watermark=0.9, ui.filter=null, ui.header.buffer.bytes=4096, topology.min.replication.count=1, storm.supervisor.worker.manager.plugin=org.apache.storm.daemon.supervisor.workermanager.DefaultWorkerManager, topology.disruptor.wait.timeout.millis=1000, storm.nimbus.retry.intervalceiling.millis=60000, topology.trident.batch.emit.interval.millis=50, storm.auth.simple-acl.users=[], drpc.invocations.threads=64, java.library.path=/usr/local/lib:/opt/local/lib:/usr/lib, ui.port=8080, storm.exhibitor.poll.uripath=/exhibitor/v1/cluster/list, storm.messaging.netty.transfer.batch.size=262144, logviewer.appender.name=A1, nimbus.thrift.max_buffer_size=1048576, storm.auth.simple-acl.users.commands=[], drpc.request.timeout.secs=600}
93755 [main] INFO  o.a.c.f.i.CuratorFrameworkImpl - Starting
93757 [main-EventThread] INFO  o.a.c.f.s.ConnectionStateManager - State change: CONNECTED
93757 [Curator-Framework-0] INFO  o.a.c.f.i.CuratorFrameworkImpl - backgroundOperationsLoop exiting
93758 [main] INFO  o.a.c.f.i.CuratorFrameworkImpl - Starting
93759 [main-EventThread] INFO  o.a.c.f.s.ConnectionStateManager - State change: CONNECTED
93761 [main] INFO  o.a.s.l.Localizer - Reconstruct localized resource: /tmp/6547dced-bc49-4a53-82bf-e3ba06906aac/supervisor/usercache
93761 [main] WARN  o.a.s.l.Localizer - No left over resources found for any user during reconstructing of local resources at: /tmp/6547dced-bc49-4a53-82bf-e3ba06906aac/supervisor/usercache
93764 [main] INFO  o.a.s.d.s.Supervisor - Starting supervisor with id sup1 at host testing-worker-linux-docker-9a85451c-3468-linux-4.prod.travis-ci.org.
93765 [main] INFO  o.a.s.d.local-supervisor - Starting local Supervisor with conf {"topology.builtin.metrics.bucket.size.secs" 60, "nimbus.childopts" "-Xmx1024m", "ui.filter.params" nil, "storm.cluster.mode" "local", "storm.messaging.netty.client_worker_threads" 1, "logviewer.max.per.worker.logs.size.mb" 2048, "supervisor.run.worker.as.user" false, "topology.max.task.parallelism" nil, "topology.priority" 29, "zmq.threads" 1, "storm.group.mapping.service" "org.apache.storm.security.auth.ShellBasedGroupsMapping", "transactional.zookeeper.root" "/transactional", "topology.sleep.spout.wait.strategy.time.ms" 1, "scheduler.display.resource" false, "topology.max.replication.wait.time.sec" 60, "drpc.invocations.port" 3773, "supervisor.localizer.cache.target.size.mb" 10240, "topology.multilang.serializer" "org.apache.storm.multilang.JsonSerializer", "storm.messaging.netty.server_worker_threads" 1, "nimbus.blobstore.class" "org.apache.storm.blobstore.LocalFsBlobStore", "resource.aware.scheduler.eviction.strategy" "org.apache.storm.scheduler.resource.strategies.eviction.DefaultEvictionStrategy", "topology.max.error.report.per.interval" 5, "storm.thrift.transport" "org.apache.storm.security.auth.SimpleTransportPlugin", "zmq.hwm" 0, "storm.cgroup.resources" ["cpu" "memory"], "storm.group.mapping.service.params" nil, "worker.profiler.enabled" false, "storm.principal.tolocal" "org.apache.storm.security.auth.DefaultPrincipalToLocal", "supervisor.worker.shutdown.sleep.secs" 1, "pacemaker.host" "localhost", "storm.zookeeper.retry.times" 5, "ui.actions.enabled" true, "zmq.linger.millis" 0, "supervisor.enable" true, "topology.stats.sample.rate" 0.05, "storm.messaging.netty.min_wait_ms" 100, "storm.resource.isolation.plugin" "org.apache.storm.container.cgroup.CgroupManager", "worker.log.level.reset.poll.secs" 30, "storm.zookeeper.port" 2000, "supervisor.heartbeat.frequency.secs" 5, "topology.enable.message.timeouts" false, "supervisor.cpu.capacity" 400.0, "drpc.worker.threads" 64, "supervisor.blobstore.download.thread.count" 5, "drpc.queue.size" 128, "topology.backpressure.enable" true, "supervisor.blobstore.class" "org.apache.storm.blobstore.NimbusBlobStore", "storm.blobstore.inputstream.buffer.size.bytes" 65536, "topology.shellbolt.max.pending" 100, "drpc.https.keystore.password" "", "nimbus.code.sync.freq.secs" 120, "logviewer.port" 8000, "topology.scheduler.strategy" "org.apache.storm.scheduler.resource.strategies.scheduling.DefaultResourceAwareStrategy", "topology.executor.send.buffer.size" 1024, "resource.aware.scheduler.priority.strategy" "org.apache.storm.scheduler.resource.strategies.priority.DefaultSchedulingPriorityStrategy", "pacemaker.auth.method" "NONE", "storm.daemon.metrics.reporter.plugins" ["org.apache.storm.daemon.metrics.reporters.JmxPreparableReporter"], "storm.cgroup.hierarchy.dir" "/cgroup/storm_resources", "topology.worker.logwriter.childopts" "-Xmx64m", "topology.spout.wait.strategy" "org.apache.storm.spout.SleepSpoutWaitStrategy", "ui.host" "0.0.0.0", "storm.nimbus.retry.interval.millis" 2000, "nimbus.inbox.jar.expiration.secs" 3600, "dev.zookeeper.path" "/tmp/dev-storm-zookeeper", "topology.acker.executors" nil, "topology.fall.back.on.java.serialization" true, "topology.eventlogger.executors" nil, "supervisor.localizer.cleanup.interval.ms" 600000, "storm.zookeeper.servers" ["localhost"], "nimbus.thrift.threads" 64, "logviewer.cleanup.age.mins" 10080, "topology.worker.childopts" nil, "topology.classpath" nil, "storm.cgroup.cgexec.cmd" "/bin/cgexec", "supervisor.monitor.frequency.secs" 3, "nimbus.credential.renewers.freq.secs" 600, "topology.skip.missing.kryo.registrations" true, "drpc.authorizer.acl.filename" "drpc-auth-acl.yaml", "pacemaker.kerberos.users" [], "storm.group.mapping.service.cache.duration.secs" 120, "NIMBUS-DO-NOT-REASSIGN" true, "topology.testing.always.try.serialize" false, "nimbus.monitor.freq.secs" 10, "storm.health.check.timeout.ms" 5000, "supervisor.supervisors" [], "topology.tasks" nil, "topology.bolts.outgoing.overflow.buffer.enable" false, "storm.messaging.netty.socket.backlog" 500, "topology.workers" 1, "pacemaker.base.threads" 10, "storm.local.dir" "/tmp/534f5e98-3dfb-4027-a9ed-d77beb9d2dac", "topology.disable.loadaware" false, "worker.childopts" "-Xmx%HEAP-MEM%m -XX:+PrintGCDetails -Xloggc:artifacts/gc.log -XX:+PrintGCDateStamps -XX:+PrintGCTimeStamps -XX:+UseGCLogFileRotation -XX:NumberOfGCLogFiles=10 -XX:GCLogFileSize=1M -XX:+HeapDumpOnOutOfMemoryError -XX:HeapDumpPath=artifacts/heapdump", "storm.auth.simple-white-list.users" [], "topology.disruptor.batch.timeout.millis" 1, "topology.message.timeout.secs" 30, "topology.state.synchronization.timeout.secs" 60, "topology.tuple.serializer" "org.apache.storm.serialization.types.ListDelegateSerializer", "supervisor.supervisors.commands" [], "nimbus.blobstore.expiration.secs" 600, "logviewer.childopts" "-Xmx128m", "topology.environment" nil, "topology.debug" false, "topology.disruptor.batch.size" 100, "storm.messaging.netty.max_retries" 300, "ui.childopts" "-Xmx768m", "storm.network.topography.plugin" "org.apache.storm.networktopography.DefaultRackDNSToSwitchMapping", "storm.zookeeper.session.timeout" 20000, "drpc.childopts" "-Xmx768m", "drpc.http.creds.plugin" "org.apache.storm.security.auth.DefaultHttpCredentialsPlugin", "storm.zookeeper.connection.timeout" 15000, "storm.zookeeper.auth.user" nil, "storm.meta.serialization.delegate" "org.apache.storm.serialization.GzipThriftSerializationDelegate", "topology.max.spout.pending" nil, "storm.codedistributor.class" "org.apache.storm.codedistributor.LocalFileSystemCodeDistributor", "nimbus.supervisor.timeout.secs" 60, "nimbus.task.timeout.secs" 30, "drpc.port" 3772, "pacemaker.max.threads" 50, "storm.zookeeper.retry.intervalceiling.millis" 30000, "nimbus.thrift.port" 6627, "storm.auth.simple-acl.admins" [], "topology.component.cpu.pcore.percent" 10.0, "supervisor.memory.capacity.mb" 4096.0, "storm.supervisor.cgroup.rootdir" "storm", "storm.nimbus.retry.times" 5, "supervisor.worker.start.timeout.secs" 5, "storm.zookeeper.retry.interval" 1000, "logs.users" nil, "storm.cluster.metrics.consumer.publish.interval.secs" 60, "worker.profiler.command" "flight.bash", "transactional.zookeeper.port" nil, "drpc.max_buffer_size" 1048576, "pacemaker.thread.timeout" 10, "storm.cgroup.hierarchy.name" "storm", "task.credentials.poll.secs" 30, "blobstore.superuser" "travis", "drpc.https.keystore.type" "JKS", "topology.worker.receiver.thread.count" 1, "topology.state.checkpoint.interval.ms" 1000, "supervisor.slots.ports" [1 2], "topology.transfer.buffer.size" 1024, "storm.health.check.dir" "healthchecks", "topology.worker.shared.thread.pool.size" 4, "drpc.authorizer.acl.strict" false, "nimbus.file.copy.expiration.secs" 600, "worker.profiler.childopts" "-XX:+UnlockCommercialFeatures -XX:+FlightRecorder", "topology.executor.receive.buffer.size" 1024, "backpressure.disruptor.low.watermark" 0.4, "nimbus.task.launch.secs" 120, "storm.local.mode.zmq" false, "storm.cgroup.memory.limit.tolerance.margin.mb" 128.0, "storm.messaging.netty.buffer_size" 5242880, "storm.cluster.state.store" "org.apache.storm.cluster.ZKStateStorageFactory", "worker.heartbeat.frequency.secs" 1, "storm.log4j2.conf.dir" "log4j2", "storm.resource.isolation.plugin.enable" false, "ui.http.creds.plugin" "org.apache.storm.security.auth.DefaultHttpCredentialsPlugin", "storm.zookeeper.root" "/storm", "topology.tick.tuple.freq.secs" nil, "drpc.https.port" -1, "storm.workers.artifacts.dir" "workers-artifacts", "supervisor.blobstore.download.max_retries" 3, "task.refresh.poll.secs" 10, "storm.exhibitor.port" 8080, "task.heartbeat.frequency.secs" 3, "pacemaker.port" 6699, "storm.messaging.netty.max_wait_ms" 1000, "topology.component.resources.offheap.memory.mb" 0.0, "drpc.http.port" 3774, "topology.error.throttle.interval.secs" 10, "storm.messaging.transport" "org.apache.storm.messaging.netty.Context", "storm.messaging.netty.authentication" false, "topology.component.resources.onheap.memory.mb" 128.0, "topology.kryo.factory" "org.apache.storm.serialization.DefaultKryoFactory", "worker.gc.childopts" "", "nimbus.topology.validator" "org.apache.storm.nimbus.DefaultTopologyValidator", "nimbus.seeds" ["localhost"], "nimbus.queue.size" 100000, "nimbus.cleanup.inbox.freq.secs" 600, "storm.blobstore.replication.factor" 3, "worker.heap.memory.mb" 768, "logviewer.max.sum.worker.logs.size.mb" 4096, "pacemaker.childopts" "-Xmx1024m", "ui.users" nil, "transactional.zookeeper.servers" nil, "supervisor.worker.timeout.secs" 15, "storm.zookeeper.auth.password" nil, "storm.blobstore.acl.validation.enabled" false, "client.blobstore.class" "org.apache.storm.blobstore.NimbusBlobStore", "supervisor.childopts" "-Xmx256m", "topology.worker.max.heap.size.mb" 768.0, "backpressure.disruptor.high.watermark" 0.9, "ui.filter" nil, "ui.header.buffer.bytes" 4096, "topology.min.replication.count" 1, "storm.supervisor.worker.manager.plugin" "org.apache.storm.daemon.supervisor.workermanager.DefaultWorkerManager", "topology.disruptor.wait.timeout.millis" 1000, "storm.nimbus.retry.intervalceiling.millis" 60000, "topology.trident.batch.emit.interval.millis" 50, "storm.auth.simple-acl.users" [], "drpc.invocations.threads" 64, "java.library.path" "/usr/local/lib:/opt/local/lib:/usr/lib", "ui.port" 8080, "storm.exhibitor.poll.uripath" "/exhibitor/v1/cluster/list", "storm.messaging.netty.transfer.batch.size" 262144, "logviewer.appender.name" "A1", "nimbus.thrift.max_buffer_size" 1048576, "storm.auth.simple-acl.users.commands" [], "drpc.request.timeout.secs" 600}
93766 [main] INFO  o.a.s.d.s.Supervisor - Starting Supervisor with conf {topology.builtin.metrics.bucket.size.secs=60, nimbus.childopts=-Xmx1024m, ui.filter.params=null, storm.cluster.mode=local, storm.messaging.netty.client_worker_threads=1, logviewer.max.per.worker.logs.size.mb=2048, supervisor.run.worker.as.user=false, topology.max.task.parallelism=null, topology.priority=29, zmq.threads=1, storm.group.mapping.service=org.apache.storm.security.auth.ShellBasedGroupsMapping, transactional.zookeeper.root=/transactional, topology.sleep.spout.wait.strategy.time.ms=1, scheduler.display.resource=false, topology.max.replication.wait.time.sec=60, drpc.invocations.port=3773, supervisor.localizer.cache.target.size.mb=10240, topology.multilang.serializer=org.apache.storm.multilang.JsonSerializer, storm.messaging.netty.server_worker_threads=1, nimbus.blobstore.class=org.apache.storm.blobstore.LocalFsBlobStore, resource.aware.scheduler.eviction.strategy=org.apache.storm.scheduler.resource.strategies.eviction.DefaultEvictionStrategy, topology.max.error.report.per.interval=5, storm.thrift.transport=org.apache.storm.security.auth.SimpleTransportPlugin, zmq.hwm=0, storm.cgroup.resources=[cpu, memory], storm.group.mapping.service.params=null, worker.profiler.enabled=false, storm.principal.tolocal=org.apache.storm.security.auth.DefaultPrincipalToLocal, supervisor.worker.shutdown.sleep.secs=1, pacemaker.host=localhost, storm.zookeeper.retry.times=5, ui.actions.enabled=true, zmq.linger.millis=0, supervisor.enable=true, topology.stats.sample.rate=0.05, storm.messaging.netty.min_wait_ms=100, storm.resource.isolation.plugin=org.apache.storm.container.cgroup.CgroupManager, worker.log.level.reset.poll.secs=30, storm.zookeeper.port=2000, supervisor.heartbeat.frequency.secs=5, topology.enable.message.timeouts=false, supervisor.cpu.capacity=400.0, drpc.worker.threads=64, supervisor.blobstore.download.thread.count=5, drpc.queue.size=128, topology.backpressure.enable=true, supervisor.blobstore.class=org.apache.storm.blobstore.NimbusBlobStore, storm.blobstore.inputstream.buffer.size.bytes=65536, topology.shellbolt.max.pending=100, drpc.https.keystore.password=, nimbus.code.sync.freq.secs=120, logviewer.port=8000, topology.scheduler.strategy=org.apache.storm.scheduler.resource.strategies.scheduling.DefaultResourceAwareStrategy, topology.executor.send.buffer.size=1024, resource.aware.scheduler.priority.strategy=org.apache.storm.scheduler.resource.strategies.priority.DefaultSchedulingPriorityStrategy, pacemaker.auth.method=NONE, storm.daemon.metrics.reporter.plugins=[org.apache.storm.daemon.metrics.reporters.JmxPreparableReporter], storm.cgroup.hierarchy.dir=/cgroup/storm_resources, topology.worker.logwriter.childopts=-Xmx64m, topology.spout.wait.strategy=org.apache.storm.spout.SleepSpoutWaitStrategy, ui.host=0.0.0.0, storm.nimbus.retry.interval.millis=2000, nimbus.inbox.jar.expiration.secs=3600, dev.zookeeper.path=/tmp/dev-storm-zookeeper, topology.acker.executors=null, topology.fall.back.on.java.serialization=true, topology.eventlogger.executors=null, supervisor.localizer.cleanup.interval.ms=600000, storm.zookeeper.servers=[localhost], nimbus.thrift.threads=64, logviewer.cleanup.age.mins=10080, topology.worker.childopts=null, topology.classpath=null, storm.cgroup.cgexec.cmd=/bin/cgexec, supervisor.monitor.frequency.secs=3, nimbus.credential.renewers.freq.secs=600, topology.skip.missing.kryo.registrations=true, drpc.authorizer.acl.filename=drpc-auth-acl.yaml, pacemaker.kerberos.users=[], storm.group.mapping.service.cache.duration.secs=120, NIMBUS-DO-NOT-REASSIGN=true, topology.testing.always.try.serialize=false, nimbus.monitor.freq.secs=10, storm.health.check.timeout.ms=5000, supervisor.supervisors=[], topology.tasks=null, topology.bolts.outgoing.overflow.buffer.enable=false, storm.messaging.netty.socket.backlog=500, topology.workers=1, pacemaker.base.threads=10, storm.local.dir=/tmp/534f5e98-3dfb-4027-a9ed-d77beb9d2dac, topology.disable.loadaware=false, worker.childopts=-Xmx%HEAP-MEM%m -XX:+PrintGCDetails -Xloggc:artifacts/gc.log -XX:+PrintGCDateStamps -XX:+PrintGCTimeStamps -XX:+UseGCLogFileRotation -XX:NumberOfGCLogFiles=10 -XX:GCLogFileSize=1M -XX:+HeapDumpOnOutOfMemoryError -XX:HeapDumpPath=artifacts/heapdump, storm.auth.simple-white-list.users=[], topology.disruptor.batch.timeout.millis=1, topology.message.timeout.secs=30, topology.state.synchronization.timeout.secs=60, topology.tuple.serializer=org.apache.storm.serialization.types.ListDelegateSerializer, supervisor.supervisors.commands=[], nimbus.blobstore.expiration.secs=600, logviewer.childopts=-Xmx128m, topology.environment=null, topology.debug=false, topology.disruptor.batch.size=100, storm.messaging.netty.max_retries=300, ui.childopts=-Xmx768m, storm.network.topography.plugin=org.apache.storm.networktopography.DefaultRackDNSToSwitchMapping, storm.zookeeper.session.timeout=20000, drpc.childopts=-Xmx768m, drpc.http.creds.plugin=org.apache.storm.security.auth.DefaultHttpCredentialsPlugin, storm.zookeeper.connection.timeout=15000, storm.zookeeper.auth.user=null, storm.meta.serialization.delegate=org.apache.storm.serialization.GzipThriftSerializationDelegate, topology.max.spout.pending=null, storm.codedistributor.class=org.apache.storm.codedistributor.LocalFileSystemCodeDistributor, nimbus.supervisor.timeout.secs=60, nimbus.task.timeout.secs=30, drpc.port=3772, pacemaker.max.threads=50, storm.zookeeper.retry.intervalceiling.millis=30000, nimbus.thrift.port=6627, storm.auth.simple-acl.admins=[], topology.component.cpu.pcore.percent=10.0, supervisor.memory.capacity.mb=4096.0, storm.supervisor.cgroup.rootdir=storm, storm.nimbus.retry.times=5, supervisor.worker.start.timeout.secs=5, storm.zookeeper.retry.interval=1000, logs.users=null, storm.cluster.metrics.consumer.publish.interval.secs=60, worker.profiler.command=flight.bash, transactional.zookeeper.port=null, drpc.max_buffer_size=1048576, pacemaker.thread.timeout=10, storm.cgroup.hierarchy.name=storm, task.credentials.poll.secs=30, blobstore.superuser=travis, drpc.https.keystore.type=JKS, topology.worker.receiver.thread.count=1, topology.state.checkpoint.interval.ms=1000, supervisor.slots.ports=[1, 2], topology.transfer.buffer.size=1024, storm.health.check.dir=healthchecks, topology.worker.shared.thread.pool.size=4, drpc.authorizer.acl.strict=false, nimbus.file.copy.expiration.secs=600, worker.profiler.childopts=-XX:+UnlockCommercialFeatures -XX:+FlightRecorder, topology.executor.receive.buffer.size=1024, backpressure.disruptor.low.watermark=0.4, nimbus.task.launch.secs=120, storm.local.mode.zmq=false, storm.cgroup.memory.limit.tolerance.margin.mb=128.0, storm.messaging.netty.buffer_size=5242880, storm.cluster.state.store=org.apache.storm.cluster.ZKStateStorageFactory, worker.heartbeat.frequency.secs=1, storm.log4j2.conf.dir=log4j2, storm.resource.isolation.plugin.enable=false, ui.http.creds.plugin=org.apache.storm.security.auth.DefaultHttpCredentialsPlugin, storm.zookeeper.root=/storm, topology.tick.tuple.freq.secs=null, drpc.https.port=-1, storm.workers.artifacts.dir=workers-artifacts, supervisor.blobstore.download.max_retries=3, task.refresh.poll.secs=10, storm.exhibitor.port=8080, task.heartbeat.frequency.secs=3, pacemaker.port=6699, storm.messaging.netty.max_wait_ms=1000, topology.component.resources.offheap.memory.mb=0.0, drpc.http.port=3774, topology.error.throttle.interval.secs=10, storm.messaging.transport=org.apache.storm.messaging.netty.Context, storm.messaging.netty.authentication=false, topology.component.resources.onheap.memory.mb=128.0, topology.kryo.factory=org.apache.storm.serialization.DefaultKryoFactory, worker.gc.childopts=, nimbus.topology.validator=org.apache.storm.nimbus.DefaultTopologyValidator, nimbus.seeds=[localhost], nimbus.queue.size=100000, nimbus.cleanup.inbox.freq.secs=600, storm.blobstore.replication.factor=3, worker.heap.memory.mb=768, logviewer.max.sum.worker.logs.size.mb=4096, pacemaker.childopts=-Xmx1024m, ui.users=null, transactional.zookeeper.servers=null, supervisor.worker.timeout.secs=15, storm.zookeeper.auth.password=null, storm.blobstore.acl.validation.enabled=false, client.blobstore.class=org.apache.storm.blobstore.NimbusBlobStore, supervisor.childopts=-Xmx256m, topology.worker.max.heap.size.mb=768.0, backpressure.disruptor.high.watermark=0.9, ui.filter=null, ui.header.buffer.bytes=4096, topology.min.replication.count=1, storm.supervisor.worker.manager.plugin=org.apache.storm.daemon.supervisor.workermanager.DefaultWorkerManager, topology.disruptor.wait.timeout.millis=1000, storm.nimbus.retry.intervalceiling.millis=60000, topology.trident.batch.emit.interval.millis=50, storm.auth.simple-acl.users=[], drpc.invocations.threads=64, java.library.path=/usr/local/lib:/opt/local/lib:/usr/lib, ui.port=8080, storm.exhibitor.poll.uripath=/exhibitor/v1/cluster/list, storm.messaging.netty.transfer.batch.size=262144, logviewer.appender.name=A1, nimbus.thrift.max_buffer_size=1048576, storm.auth.simple-acl.users.commands=[], drpc.request.timeout.secs=600}
93766 [main] INFO  o.a.c.f.i.CuratorFrameworkImpl - Starting
93768 [main-EventThread] INFO  o.a.c.f.s.ConnectionStateManager - State change: CONNECTED
93768 [Curator-Framework-0] INFO  o.a.c.f.i.CuratorFrameworkImpl - backgroundOperationsLoop exiting
93769 [main] INFO  o.a.c.f.i.CuratorFrameworkImpl - Starting
93771 [main-EventThread] INFO  o.a.c.f.s.ConnectionStateManager - State change: CONNECTED
93772 [main] INFO  o.a.s.l.Localizer - Reconstruct localized resource: /tmp/534f5e98-3dfb-4027-a9ed-d77beb9d2dac/supervisor/usercache
93772 [main] WARN  o.a.s.l.Localizer - No left over resources found for any user during reconstructing of local resources at: /tmp/534f5e98-3dfb-4027-a9ed-d77beb9d2dac/supervisor/usercache
93774 [Thread-1879-spout-executor[7 7]-EventThread] INFO  o.a.c.f.s.ConnectionStateManager - State change: SUSPENDED
93774 [Thread-1875-spout-executor[8 8]-EventThread] INFO  o.a.c.f.s.ConnectionStateManager - State change: SUSPENDED
93774 [main] INFO  o.a.s.d.s.Supervisor - Starting supervisor with id sup2 at host testing-worker-linux-docker-9a85451c-3468-linux-4.prod.travis-ci.org.
93775 [main] INFO  o.a.s.l.ThriftAccessLogger - Request ID: 1 access from: /65.66.67.68 principal: null operation: submitTopology
93776 [main] INFO  o.a.s.d.nimbus - Received topology submission for test with conf {"topology.max.task.parallelism" nil, "topology.submitter.principal" "", "topology.acker.executors" nil, "topology.eventlogger.executors" nil, "topology.workers" 3, "topology.message.timeout.secs" 40, "storm.zookeeper.superACL" nil, "topology.users" (), "topology.submitter.user" "travis", "topology.kryo.register" nil, "topology.kryo.decorators" (), "storm.id" "test-1-0", "topology.name" "test"}
93778 [main] INFO  o.a.s.d.nimbus - uploadedJar 
93780 [main] INFO  o.a.c.f.i.CuratorFrameworkImpl - Starting
93782 [main-EventThread] INFO  o.a.c.f.s.ConnectionStateManager - State change: CONNECTED
93784 [Curator-Framework-0] INFO  o.a.c.f.i.CuratorFrameworkImpl - backgroundOperationsLoop exiting
93785 [main] INFO  o.a.s.c.StormClusterStateImpl - set-path: /blobstore/test-1-0-stormconf.ser/testing-worker-linux-docker-9a85451c-3468-linux-4.prod.travis-ci.org:6627-1
93788 [main] INFO  o.a.c.f.i.CuratorFrameworkImpl - Starting
93790 [main-EventThread] INFO  o.a.c.f.s.ConnectionStateManager - State change: CONNECTED
93791 [Curator-Framework-0] INFO  o.a.c.f.i.CuratorFrameworkImpl - backgroundOperationsLoop exiting
93792 [main] INFO  o.a.s.c.StormClusterStateImpl - set-path: /blobstore/test-1-0-stormcode.ser/testing-worker-linux-docker-9a85451c-3468-linux-4.prod.travis-ci.org:6627-1
93795 [main] INFO  o.a.s.d.nimbus - desired replication count 1 achieved, current-replication-count for conf key = 1, current-replication-count for code key = 1, current-replication-count for jar key = 1
93802 [main] INFO  o.a.s.d.nimbus - Activating test: test-1-0
93808 [main] INFO  o.a.s.l.ThriftAccessLogger - Request ID: 1 access from: /65.66.67.68 principal: null operation: rebalance
93809 [main] INFO  o.a.s.d.nimbus - Delaying event :do-rebalance for 0 secs for test-1-0
93842 [timer] INFO  o.a.s.s.EvenScheduler - Available slots: [sup1:1, sup1:2, sup1:3, sup1:4, sup2:1, sup2:2]
93844 [timer] INFO  o.a.s.d.nimbus - Setting new assignment for topology id test-1-0: #org.apache.storm.daemon.common.Assignment{:master-code-dir "/tmp/c279687b-1d1f-4657-83b3-c58741ebbd96", :node->host {"sup1" "testing-worker-linux-docker-9a85451c-3468-linux-4.prod.travis-ci.org", "sup2" "testing-worker-linux-docker-9a85451c-3468-linux-4.prod.travis-ci.org"}, :executor->node+port {[8 8] ["sup2" 1], [2 2] ["sup2" 1], [7 7] ["sup1" 1], [3 3] ["sup1" 2], [1 1] ["sup1" 1], [6 6] ["sup1" 2], [9 9] ["sup1" 2], [5 5] ["sup2" 1], [10 10] ["sup1" 1], [4 4] ["sup1" 1]}, :executor->start-time-secs {[8 8] 1, [2 2] 1, [7 7] 1, [3 3] 1, [1 1] 1, [6 6] 1, [9 9] 1, [5 5] 1, [10 10] 1, [4 4] 1}, :worker->resources {["sup1" 2] [0.0 0.0 0.0], ["sup2" 1] [0.0 0.0 0.0], ["sup1" 1] [0.0 0.0 0.0]}}
93847 [Thread-2050] INFO  o.a.s.d.s.SyncSupervisorEvent - Downloading code for storm id test-1-0.
93848 [Thread-2050] INFO  o.a.c.f.i.CuratorFrameworkImpl - Starting
93848 [Thread-2045] INFO  o.a.s.d.s.SyncSupervisorEvent - Downloading code for storm id test-1-0.
93848 [Thread-2045] INFO  o.a.c.f.i.CuratorFrameworkImpl - Starting
93849 [Thread-2050] INFO  o.a.s.b.FileBlobStoreImpl - Creating new blob store based in /tmp/c279687b-1d1f-4657-83b3-c58741ebbd96/blobs
93854 [Thread-2050-EventThread] INFO  o.a.c.f.s.ConnectionStateManager - State change: CONNECTED
93854 [Thread-2045] INFO  o.a.s.b.FileBlobStoreImpl - Creating new blob store based in /tmp/c279687b-1d1f-4657-83b3-c58741ebbd96/blobs
93859 [Curator-ConnectionStateManager-0] WARN  o.a.c.f.s.ConnectionStateManager - There are no ConnectionStateListeners registered.
93859 [timer] INFO  o.a.s.l.ThriftAccessLogger - Request ID: 148 access from: null principal: null operation: getClusterInfo
93859 [Thread-2045-EventThread] INFO  o.a.c.f.s.ConnectionStateManager - State change: CONNECTED
93860 [Thread-2050] INFO  o.a.s.d.s.SyncSupervisorEvent - Copying resources at file:/home/travis/build/apache/storm/storm-core/target/test-classes/resources to /tmp/534f5e98-3dfb-4027-a9ed-d77beb9d2dac/supervisor/stormdist/test-1-0/resources 
93862 [Thread-2050] INFO  o.a.s.d.s.SyncSupervisorEvent - Finished downloading code for storm id test-1-0
93863 [Thread-2051] INFO  o.a.s.d.s.SyncProcessEvent - Launching worker with assignment LocalAssignment(topology_id:test-1-0, executors:[ExecutorInfo(task_start:8, task_end:8), ExecutorInfo(task_start:2, task_end:2), ExecutorInfo(task_start:5, task_end:5)], resources:WorkerResources(mem_on_heap:0.0, mem_off_heap:0.0, cpu:0.0)) for this supervisor sup2 on port 1 with id e017c23d-ea31-4b35-9015-07c27844b082
93863 [Thread-2051] INFO  o.a.s.testing - mk-capture-launch-fn
93863 [Thread-2051] INFO  o.a.s.u.ConfigUtils - SET worker-user e017c23d-ea31-4b35-9015-07c27844b082 
93864 [Thread-2051] INFO  o.a.s.d.s.SyncProcessEvent - e017c23d-ea31-4b35-9015-07c27844b082 still hasn't started
93867 [Thread-2045] INFO  o.a.s.d.s.SyncSupervisorEvent - Copying resources at file:/home/travis/build/apache/storm/storm-core/target/test-classes/resources to /tmp/6547dced-bc49-4a53-82bf-e3ba06906aac/supervisor/stormdist/test-1-0/resources 
93869 [Thread-2045] INFO  o.a.s.d.s.SyncSupervisorEvent - Finished downloading code for storm id test-1-0
93869 [Thread-2046] INFO  o.a.s.d.s.SyncProcessEvent - Launching worker with assignment LocalAssignment(topology_id:test-1-0, executors:[ExecutorInfo(task_start:7, task_end:7), ExecutorInfo(task_start:4, task_end:4), ExecutorInfo(task_start:1, task_end:1), ExecutorInfo(task_start:10, task_end:10)], resources:WorkerResources(mem_on_heap:0.0, mem_off_heap:0.0, cpu:0.0)) for this supervisor sup1 on port 1 with id c0c3b844-ea45-44a5-b3cd-04e08c9a38f1
93870 [Thread-2046] INFO  o.a.s.testing - mk-capture-launch-fn
93870 [Thread-2046] INFO  o.a.s.u.ConfigUtils - SET worker-user c0c3b844-ea45-44a5-b3cd-04e08c9a38f1 
93870 [Thread-2046] INFO  o.a.s.d.s.SyncProcessEvent - Launching worker with assignment LocalAssignment(topology_id:test-1-0, executors:[ExecutorInfo(task_start:6, task_end:6), ExecutorInfo(task_start:9, task_end:9), ExecutorInfo(task_start:3, task_end:3)], resources:WorkerResources(mem_on_heap:0.0, mem_off_heap:0.0, cpu:0.0)) for this supervisor sup1 on port 2 with id b7799d60-44d1-4d02-be26-a19df13e9212
93870 [Thread-2046] INFO  o.a.s.testing - mk-capture-launch-fn
93870 [Thread-2046] INFO  o.a.s.u.ConfigUtils - SET worker-user b7799d60-44d1-4d02-be26-a19df13e9212 
93870 [Thread-2046] INFO  o.a.s.d.s.SyncProcessEvent - b7799d60-44d1-4d02-be26-a19df13e9212 still hasn't started
93884 [Thread-2051] INFO  o.a.s.d.s.SyncProcessEvent - e017c23d-ea31-4b35-9015-07c27844b082 still hasn't started
93891 [Thread-2046] INFO  o.a.s.d.s.SyncProcessEvent - b7799d60-44d1-4d02-be26-a19df13e9212 still hasn't started
93908 [main] INFO  o.a.s.l.ThriftAccessLogger - Request ID: 1 access from: /65.66.67.68 principal: null operation: submitTopology
93909 [main] INFO  o.a.s.d.nimbus - Received topology submission for test2 with conf {"topology.max.task.parallelism" nil, "topology.submitter.principal" "", "topology.acker.executors" nil, "topology.eventlogger.executors" nil, "topology.workers" 2, "storm.zookeeper.superACL" nil, "topology.users" (), "topology.submitter.user" "travis", "topology.kryo.register" nil, "topology.kryo.decorators" (), "storm.id" "test2-2-2", "topology.name" "test2"}
93911 [main] INFO  o.a.s.d.nimbus - uploadedJar 
93913 [main] INFO  o.a.c.f.i.CuratorFrameworkImpl - Starting
93914 [main-EventThread] INFO  o.a.c.f.s.ConnectionStateManager - State change: CONNECTED
93916 [Curator-Framework-0] INFO  o.a.c.f.i.CuratorFrameworkImpl - backgroundOperationsLoop exiting
93916 [main] INFO  o.a.s.c.StormClusterStateImpl - set-path: /blobstore/test2-2-2-stormconf.ser/testing-worker-linux-docker-9a85451c-3468-linux-4.prod.travis-ci.org:6627-1
93919 [main] INFO  o.a.c.f.i.CuratorFrameworkImpl - Starting
93921 [main-EventThread] INFO  o.a.c.f.s.ConnectionStateManager - State change: CONNECTED
93922 [Curator-Framework-0] INFO  o.a.c.f.i.CuratorFrameworkImpl - backgroundOperationsLoop exiting
93923 [main] INFO  o.a.s.c.StormClusterStateImpl - set-path: /blobstore/test2-2-2-stormcode.ser/testing-worker-linux-docker-9a85451c-3468-linux-4.prod.travis-ci.org:6627-1
93927 [main] INFO  o.a.s.d.nimbus - desired replication count 1 achieved, current-replication-count for conf key = 1, current-replication-count for code key = 1, current-replication-count for jar key = 1
93934 [main] INFO  o.a.s.d.nimbus - Activating test2: test2-2-2
93940 [main] INFO  o.a.s.l.ThriftAccessLogger - Request ID: 1 access from: /65.66.67.68 principal: null operation: rebalance
93941 [main] INFO  o.a.s.d.nimbus - Delaying event :do-rebalance for 0 secs for test2-2-2
94003 [timer] INFO  o.a.s.s.EvenScheduler - Available slots: [sup1:3, sup1:4, sup2:2]
94006 [timer] INFO  o.a.s.d.nimbus - Setting new assignment for topology id test2-2-2: #org.apache.storm.daemon.common.Assignment{:master-code-dir "/tmp/c279687b-1d1f-4657-83b3-c58741ebbd96", :node->host {"sup1" "testing-worker-linux-docker-9a85451c-3468-linux-4.prod.travis-ci.org", "sup2" "testing-worker-linux-docker-9a85451c-3468-linux-4.prod.travis-ci.org"}, :executor->node+port {[3 3] ["sup1" 3], [6 6] ["sup2" 2], [5 5] ["sup1" 3], [4 4] ["sup2" 2], [7 7] ["sup1" 3], [2 2] ["sup2" 2], [1 1] ["sup1" 3]}, :executor->start-time-secs {[1 1] 3, [3 3] 3, [5 5] 3, [7 7] 3, [2 2] 3, [4 4] 3, [6 6] 3}, :worker->resources {["sup1" 3] [0.0 0.0 0.0], ["sup2" 2] [0.0 0.0 0.0]}}
94010 [Thread-2045] INFO  o.a.s.d.s.SyncSupervisorEvent - Downloading code for storm id test2-2-2.
94010 [Thread-2045] INFO  o.a.c.f.i.CuratorFrameworkImpl - Starting
94011 [Thread-2050] INFO  o.a.s.d.s.SyncSupervisorEvent - Downloading code for storm id test2-2-2.
94011 [Thread-2050] INFO  o.a.c.f.i.CuratorFrameworkImpl - Starting
94013 [Thread-2050] INFO  o.a.s.b.FileBlobStoreImpl - Creating new blob store based in /tmp/c279687b-1d1f-4657-83b3-c58741ebbd96/blobs
94017 [Thread-2045] INFO  o.a.s.b.FileBlobStoreImpl - Creating new blob store based in /tmp/c279687b-1d1f-4657-83b3-c58741ebbd96/blobs
94017 [Curator-Framework-0] INFO  o.a.c.f.i.CuratorFrameworkImpl - backgroundOperationsLoop exiting
94023 [Thread-2045-EventThread] INFO  o.a.c.f.s.ConnectionStateManager - State change: CONNECTED
94025 [Thread-2050] INFO  o.a.s.d.s.SyncSupervisorEvent - Copying resources at file:/home/travis/build/apache/storm/storm-core/target/test-classes/resources to /tmp/534f5e98-3dfb-4027-a9ed-d77beb9d2dac/supervisor/stormdist/test2-2-2/resources 
94026 [Thread-2050] INFO  o.a.s.d.s.SyncSupervisorEvent - Finished downloading code for storm id test2-2-2
94028 [Thread-2051] INFO  o.a.s.d.s.SyncProcessEvent - Launching worker with assignment LocalAssignment(topology_id:test2-2-2, executors:[ExecutorInfo(task_start:6, task_end:6), ExecutorInfo(task_start:2, task_end:2), ExecutorInfo(task_start:4, task_end:4)], resources:WorkerResources(mem_on_heap:0.0, mem_off_heap:0.0, cpu:0.0)) for this supervisor sup2 on port 2 with id 96bec618-1867-43ed-83ef-8275d64a3b4e
94028 [Thread-2051] INFO  o.a.s.testing - mk-capture-launch-fn
94028 [Thread-2051] INFO  o.a.s.u.ConfigUtils - SET worker-user 96bec618-1867-43ed-83ef-8275d64a3b4e 
94028 [Thread-2051] INFO  o.a.s.d.s.SyncProcessEvent - 96bec618-1867-43ed-83ef-8275d64a3b4e still hasn't started
94030 [Thread-2045] INFO  o.a.s.d.s.SyncSupervisorEvent - Copying resources at file:/home/travis/build/apache/storm/storm-core/target/test-classes/resources to /tmp/6547dced-bc49-4a53-82bf-e3ba06906aac/supervisor/stormdist/test2-2-2/resources 
94031 [Thread-2045] INFO  o.a.s.d.s.SyncSupervisorEvent - Finished downloading code for storm id test2-2-2
94032 [Thread-2046] INFO  o.a.s.d.s.SyncProcessEvent - Launching worker with assignment LocalAssignment(topology_id:test2-2-2, executors:[ExecutorInfo(task_start:7, task_end:7), ExecutorInfo(task_start:1, task_end:1), ExecutorInfo(task_start:3, task_end:3), ExecutorInfo(task_start:5, task_end:5)], resources:WorkerResources(mem_on_heap:0.0, mem_off_heap:0.0, cpu:0.0)) for this supervisor sup1 on port 3 with id 5012c8d6-ffb8-4fb5-90f4-26b7bf40976f
94033 [Thread-2046] INFO  o.a.s.testing - mk-capture-launch-fn
94033 [Thread-2046] INFO  o.a.s.u.ConfigUtils - SET worker-user 5012c8d6-ffb8-4fb5-90f4-26b7bf40976f 
94033 [Thread-2046] INFO  o.a.s.d.s.SyncProcessEvent - 5012c8d6-ffb8-4fb5-90f4-26b7bf40976f still hasn't started
94039 [Thread-2051] INFO  o.a.s.d.s.SyncProcessEvent - 96bec618-1867-43ed-83ef-8275d64a3b4e still hasn't started
94043 [Thread-2046] INFO  o.a.s.d.s.SyncProcessEvent - 5012c8d6-ffb8-4fb5-90f4-26b7bf40976f still hasn't started
94059 [main] INFO  o.a.s.l.ThriftAccessLogger - Request ID: 1 access from: /65.66.67.68 principal: null operation: killTopology
94064 [main] INFO  o.a.s.d.nimbus - Delaying event :remove for 40 secs for test-1-0
94066 [Thread-1879-spout-executor[7 7]-EventThread] WARN  o.a.c.ConnectionState - Session expired event received
94067 [Thread-1879-spout-executor[7 7]-EventThread] INFO  o.a.c.f.s.ConnectionStateManager - State change: LOST
94068 [Thread-1879-spout-executor[7 7]-EventThread] INFO  o.a.c.f.s.ConnectionStateManager - State change: RECONNECTED
94068 [main] INFO  o.a.s.d.nimbus - Adding topo to history log: test-1-0
94771 [timer] INFO  o.a.s.d.nimbus - Killing topology: test-1-0
94775 [Thread-2045] INFO  o.a.s.d.s.SyncSupervisorEvent - Removing code for storm id test-1-0.
94777 [Thread-2050] INFO  o.a.s.d.s.SyncSupervisorEvent - Removing code for storm id test-1-0.
94779 [Thread-2051] INFO  o.a.s.d.s.SyncProcessEvent - Shutting down and clearing state for id e017c23d-ea31-4b35-9015-07c27844b082, Current supervisor time: 44, State: DISALLOWED, Heartbeat: LSWorkerHeartbeat(time_secs:36, topology_id:test-1-0, executors:[ExecutorInfo(task_start:8, task_end:8), ExecutorInfo(task_start:2, task_end:2), ExecutorInfo(task_start:5, task_end:5)], port:1)
94779 [Thread-2051] INFO  o.a.s.testing - mk-capture-shutdown-fn
94779 [Thread-2046] INFO  o.a.s.d.s.SyncProcessEvent - Shutting down and clearing state for id b7799d60-44d1-4d02-be26-a19df13e9212, Current supervisor time: 44, State: DISALLOWED, Heartbeat: LSWorkerHeartbeat(time_secs:36, topology_id:test-1-0, executors:[ExecutorInfo(task_start:3, task_end:3), ExecutorInfo(task_start:6, task_end:6), ExecutorInfo(task_start:9, task_end:9)], port:2)
94779 [Thread-2051] INFO  o.a.s.d.s.w.DefaultWorkerManager - Shutting down sup2:e017c23d-ea31-4b35-9015-07c27844b082
94779 [Thread-2051] INFO  o.a.s.u.ConfigUtils - GET worker-user for e017c23d-ea31-4b35-9015-07c27844b082
94779 [Thread-2051] INFO  o.a.s.d.s.w.DefaultWorkerManager - Shut down sup2:e017c23d-ea31-4b35-9015-07c27844b082
94779 [Thread-2046] INFO  o.a.s.testing - mk-capture-shutdown-fn
94779 [Thread-2046] INFO  o.a.s.d.s.w.DefaultWorkerManager - Shutting down sup1:b7799d60-44d1-4d02-be26-a19df13e9212
94779 [Thread-2046] INFO  o.a.s.u.ConfigUtils - GET worker-user for b7799d60-44d1-4d02-be26-a19df13e9212
94779 [Thread-2046] INFO  o.a.s.d.s.w.DefaultWorkerManager - Shut down sup1:b7799d60-44d1-4d02-be26-a19df13e9212
94780 [Thread-2051] INFO  o.a.s.u.ConfigUtils - REMOVE worker-user e017c23d-ea31-4b35-9015-07c27844b082
94781 [Thread-2046] INFO  o.a.s.u.ConfigUtils - REMOVE worker-user b7799d60-44d1-4d02-be26-a19df13e9212
94781 [Thread-2046] INFO  o.a.s.d.s.SyncProcessEvent - Shutting down and clearing state for id c0c3b844-ea45-44a5-b3cd-04e08c9a38f1, Current supervisor time: 44, State: DISALLOWED, Heartbeat: LSWorkerHeartbeat(time_secs:36, topology_id:test-1-0, executors:[ExecutorInfo(task_start:7, task_end:7), ExecutorInfo(task_start:1, task_end:1), ExecutorInfo(task_start:10, task_end:10), ExecutorInfo(task_start:4, task_end:4)], port:1)
94781 [Thread-2046] INFO  o.a.s.testing - mk-capture-shutdown-fn
94781 [Thread-2046] INFO  o.a.s.d.s.w.DefaultWorkerManager - Shutting down sup1:c0c3b844-ea45-44a5-b3cd-04e08c9a38f1
94781 [Thread-2046] INFO  o.a.s.u.ConfigUtils - GET worker-user for c0c3b844-ea45-44a5-b3cd-04e08c9a38f1
94781 [Thread-2046] INFO  o.a.s.d.s.w.DefaultWorkerManager - Shut down sup1:c0c3b844-ea45-44a5-b3cd-04e08c9a38f1
94782 [Thread-2046] INFO  o.a.s.u.ConfigUtils - REMOVE worker-user c0c3b844-ea45-44a5-b3cd-04e08c9a38f1
94784 [Thread-2046] INFO  o.a.s.d.s.SyncProcessEvent - Shutting down and clearing state for id b7799d60-44d1-4d02-be26-a19df13e9212, Current supervisor time: 44, State: NOT_STARTED, Heartbeat: null
94784 [Thread-2046] INFO  o.a.s.testing - mk-capture-shutdown-fn
94784 [Thread-2046] INFO  o.a.s.d.s.w.DefaultWorkerManager - Shutting down sup1:b7799d60-44d1-4d02-be26-a19df13e9212
94784 [Thread-2046] INFO  o.a.s.u.ConfigUtils - GET worker-user for b7799d60-44d1-4d02-be26-a19df13e9212
94784 [Thread-2046] ERROR o.a.s.u.ConfigUtils - Failed to get worker user for b7799d60-44d1-4d02-be26-a19df13e9212.
94784 [Thread-2046] INFO  o.a.s.d.s.w.DefaultWorkerManager - Shut down sup1:b7799d60-44d1-4d02-be26-a19df13e9212
94785 [Thread-2046] INFO  o.a.s.u.ConfigUtils - REMOVE worker-user b7799d60-44d1-4d02-be26-a19df13e9212
            
--------------------------------------------------
Checking ./storm-core/target/test-reports/org.apache.storm.subtopology-test.xml
Checking ./storm-core/target/test-reports/integration.org.apache.storm.trident.integration-test.xml
Checking ./storm-core/target/test-reports/org.apache.storm.versioned-store-test.xml
Checking ./storm-core/target/test-reports/org.apache.storm.utils.ZookeeperServerCnxnFactory-test.xml
Checking ./storm-core/target/test-reports/org.apache.storm.security.auth.DefaultHttpCredentialsPlugin-test.xml
Checking ./storm-core/target/test-reports/org.apache.storm.fields-test.xml
Checking ./storm-core/target/test-reports/org.apache.storm.submitter-test.xml
Checking ./storm-core/target/test-reports/org.apache.storm.cluster-test.xml
Checking ./storm-core/target/test-reports/org.apache.storm.security.auth.authorizer.DRPCSimpleACLAuthorizer-test.xml
Checking ./storm-core/target/test-reports/org.apache.storm.nimbus-test.xml
Checking ./storm-core/target/test-reports/org.apache.storm.security.auth.auto-login-module-test.xml
Checking ./storm-core/target/test-reports/org.apache.storm.security.auth.SaslTransportPlugin-test.xml
Checking ./storm-core/target/test-reports/org.apache.storm.grouping-test.xml
Checking ./storm-core/target/test-reports/org.apache.storm.serialization-test.xml
Checking ./storm-core/target/test-reports/org.apache.storm.worker-test.xml
Checking ./storm-core/target/test-reports/org.apache.storm.security.auth.nimbus-auth-test.xml
Checking ./storm-core/target/test-reports/org.apache.storm.local-state-test.xml
Checking ./storm-core/target/test-reports/org.apache.storm.scheduler-test.xml
Checking ./storm-core/target/test-reports/integration.org.apache.storm.testing4j-test.xml
Checking ./storm-core/target/test-reports/org.apache.storm.security.auth.ThriftClient-test.xml
Checking ./storm-core/target/test-reports/org.apache.storm.tick-tuple-test.xml
Checking ./storm-core/target/test-reports/org.apache.storm.scheduler.multitenant-scheduler-test.xml
Checking ./storm-core/target/test-reports/org.apache.storm.trident.tuple-test.xml

travis_time:end:2ef571be:start=1464930883595046015,finish=1464931124879097264,duration=241284051249[0K
[31;1mThe command "/bin/bash ./dev-tools/travis/travis-script.sh `pwd` $MODULES" exited with 1.[0m
travis_fold:start:cache.2[0Kstore build cache
travis_time:start:2a723443[0K
travis_time:end:2a723443:start=1464931124883410799,finish=1464931124886692423,duration=3281624[0Ktravis_time:start:0216eaa4[0K[32;1mchange detected (content changed, file is created, or file is deleted):
/home/travis/.m2/repository/eigenbase/eigenbase-properties/1.1.4/eigenbase-properties-1.1.4.pom.lastUpdated
/home/travis/.m2/repository/io/confluent/kafka-avro-serializer/1.0/kafka-avro-serializer-1.0.pom.lastUpdated
/home/travis/.m2/repository/io/confluent/kafka-schema-registry-client/1.0/kafka-schema-registry-client-1.0.pom.lastUpdated
/home/travis/.m2/repository/net/hydromatic/linq4j/0.4/linq4j-0.4.pom.lastUpdated
/home/travis/.m2/repository/net/hydromatic/quidem/0.1.1/quidem-0.1.1.pom.lastUpdated
/home/travis/.m2/repository/org/apache/storm/flux/2.0.0-SNAPSHOT/maven-metadata-local.xml
/home/travis/.m2/repository/org/apache/storm/flux/2.0.0-SNAPSHOT/_remote.repositories
/home/travis/.m2/repository/org/apache/storm/flux-core/2.0.0-SNAPSHOT/flux-core-2.0.0-SNAPSHOT.jar
/home/travis/.m2/repository/org/apache/storm/flux-core/2.0.0-SNAPSHOT/maven-metadata-local.xml
/home/travis/.m2/repository/org/apache/storm/flux-core/2.0.0-SNAPSHOT/_remote.repositories
/home/travis/.m2/repository/org/ap
[0m
[32;1m...
[0m
[32;1mchanges detected, packing new archive[0m
.
.
.
.
.
[32;1muploading archive[0m

travis_time:end:0216eaa4:start=1464931124890519015,finish=1464931174992848814,duration=50102329799[0Ktravis_fold:end:cache.2[0K
Done. Your build exited with 1.
