Using worker: worker-linux-docker-f961bc7f.prod.travis-ci.org:travis-linux-11

travis_fold:start:system_info[0K[33;1mBuild system information[0m
Build language: java
Build group: stable
Build dist: precise
[34m[1mBuild image provisioning date and time[0m
Thu Feb  5 15:09:33 UTC 2015
[34m[1mOperating System Details[0m
Distributor ID:	Ubuntu
Description:	Ubuntu 12.04.5 LTS
Release:	12.04
Codename:	precise
[34m[1mLinux Version[0m
3.13.0-29-generic
[34m[1mCookbooks Version[0m
a68419e https://github.com/travis-ci/travis-cookbooks/tree/a68419e
[34m[1mGCC version[0m
gcc (Ubuntu/Linaro 4.6.3-1ubuntu5) 4.6.3
Copyright (C) 2011 Free Software Foundation, Inc.
This is free software; see the source for copying conditions.  There is NO
warranty; not even for MERCHANTABILITY or FITNESS FOR A PARTICULAR PURPOSE.

[34m[1mLLVM version[0m
clang version 3.4 (tags/RELEASE_34/final)
Target: x86_64-unknown-linux-gnu
Thread model: posix
[34m[1mPre-installed Ruby versions[0m
ruby-1.9.3-p551
[34m[1mPre-installed Node.js versions[0m
v0.10.36
[34m[1mPre-installed Go versions[0m
1.4.1
[34m[1mRedis version[0m
redis-server 2.8.19
[34m[1mriak version[0m
2.0.2
[34m[1mMongoDB version[0m
MongoDB 2.4.12
[34m[1mCouchDB version[0m
couchdb 1.6.1
[34m[1mNeo4j version[0m
1.9.4
[34m[1mRabbitMQ Version[0m
3.4.3
[34m[1mElasticSearch version[0m
1.4.0
[34m[1mInstalled Sphinx versions[0m
2.0.10
2.1.9
2.2.6
[34m[1mDefault Sphinx version[0m
2.2.6
[34m[1mInstalled Firefox version[0m
firefox 31.0esr
[34m[1mPhantomJS version[0m
1.9.8
[34m[1mant -version[0m
Apache Ant(TM) version 1.8.2 compiled on December 3 2011
[34m[1mmvn -version[0m
Apache Maven 3.2.5 (12a6b3acb947671f09b81f49094c53f426d8cea1; 2014-12-14T17:29:23+00:00)
Maven home: /usr/local/maven
Java version: 1.7.0_76, vendor: Oracle Corporation
Java home: /usr/lib/jvm/java-7-oracle/jre
Default locale: en_US, platform encoding: ANSI_X3.4-1968
OS name: "linux", version: "3.13.0-29-generic", arch: "amd64", family: "unix"
travis_fold:end:system_info[0K
travis_fold:start:fix.CVE-2015-7547[0K$ export DEBIAN_FRONTEND=noninteractive
W: Size of file /var/lib/apt/lists/us.archive.ubuntu.com_ubuntu_dists_precise-backports_multiverse_source_Sources.gz is not what the server reported 5886 5888
W: Size of file /var/lib/apt/lists/ppa.launchpad.net_ubuntugis_ppa_ubuntu_dists_precise_main_binary-amd64_Packages.gz is not what the server reported 36669 36677
W: Size of file /var/lib/apt/lists/ppa.launchpad.net_ubuntugis_ppa_ubuntu_dists_precise_main_binary-i386_Packages.gz is not what the server reported 36729 36733
Reading package lists...
Building dependency tree...
Reading state information...
The following extra packages will be installed:
  libc-bin libc-dev-bin libc6-dev
Suggested packages:
  glibc-doc
The following packages will be upgraded:
  libc-bin libc-dev-bin libc6 libc6-dev
4 upgraded, 0 newly installed, 0 to remove and 246 not upgraded.
Need to get 8,840 kB of archives.
After this operation, 14.3 kB disk space will be freed.
Get:1 http://us.archive.ubuntu.com/ubuntu/ precise-updates/main libc6-dev amd64 2.15-0ubuntu10.15 [2,943 kB]
Get:2 http://us.archive.ubuntu.com/ubuntu/ precise-updates/main libc-dev-bin amd64 2.15-0ubuntu10.15 [84.7 kB]
Get:3 http://us.archive.ubuntu.com/ubuntu/ precise-updates/main libc-bin amd64 2.15-0ubuntu10.15 [1,177 kB]
Get:4 http://us.archive.ubuntu.com/ubuntu/ precise-updates/main libc6 amd64 2.15-0ubuntu10.15 [4,636 kB]
Fetched 8,840 kB in 0s (37.1 MB/s)
Preconfiguring packages ...
(Reading database ... (Reading database ... 5%(Reading database ... 10%(Reading database ... 15%(Reading database ... 20%(Reading database ... 25%(Reading database ... 30%(Reading database ... 35%(Reading database ... 40%(Reading database ... 45%(Reading database ... 50%(Reading database ... 55%(Reading database ... 60%(Reading database ... 65%(Reading database ... 70%(Reading database ... 75%(Reading database ... 80%(Reading database ... 85%(Reading database ... 90%(Reading database ... 95%(Reading database ... 100%(Reading database ... 72019 files and directories currently installed.)
Preparing to replace libc6-dev 2.15-0ubuntu10.10 (using .../libc6-dev_2.15-0ubuntu10.15_amd64.deb) ...
Unpacking replacement libc6-dev ...
Preparing to replace libc-dev-bin 2.15-0ubuntu10.10 (using .../libc-dev-bin_2.15-0ubuntu10.15_amd64.deb) ...
Unpacking replacement libc-dev-bin ...
Preparing to replace libc-bin 2.15-0ubuntu10.10 (using .../libc-bin_2.15-0ubuntu10.15_amd64.deb) ...
Unpacking replacement libc-bin ...
Processing triggers for man-db ...
Setting up libc-bin (2.15-0ubuntu10.15) ...
(Reading database ... (Reading database ... 5%(Reading database ... 10%(Reading database ... 15%(Reading database ... 20%(Reading database ... 25%(Reading database ... 30%(Reading database ... 35%(Reading database ... 40%(Reading database ... 45%(Reading database ... 50%(Reading database ... 55%(Reading database ... 60%(Reading database ... 65%(Reading database ... 70%(Reading database ... 75%(Reading database ... 80%(Reading database ... 85%(Reading database ... 90%(Reading database ... 95%(Reading database ... 100%(Reading database ... 72018 files and directories currently installed.)
Preparing to replace libc6 2.15-0ubuntu10.10 (using .../libc6_2.15-0ubuntu10.15_amd64.deb) ...
Unpacking replacement libc6 ...
Setting up libc6 (2.15-0ubuntu10.15) ...
Setting up libc-dev-bin (2.15-0ubuntu10.15) ...
Setting up libc6-dev (2.15-0ubuntu10.15) ...
Processing triggers for libc-bin ...
ldconfig deferred processing now taking place
travis_fold:end:fix.CVE-2015-7547[0Ktravis_fold:start:git.checkout[0Ktravis_time:start:0b7dabf8[0K$ git clone --depth=50 --branch=1.x-branch https://github.com/apache/storm.git apache/storm
Cloning into 'apache/storm'...
remote: Counting objects: 4965, done.[K
remote: Compressing objects:   0% (1/3132)   [Kremote: Compressing objects:   1% (32/3132)   [Kremote: Compressing objects:   2% (63/3132)   [Kremote: Compressing objects:   3% (94/3132)   [Kremote: Compressing objects:   4% (126/3132)   [Kremote: Compressing objects:   5% (157/3132)   [Kremote: Compressing objects:   6% (188/3132)   [Kremote: Compressing objects:   7% (220/3132)   [Kremote: Compressing objects:   8% (251/3132)   [Kremote: Compressing objects:   9% (282/3132)   [Kremote: Compressing objects:  10% (314/3132)   [Kremote: Compressing objects:  11% (345/3132)   [Kremote: Compressing objects:  12% (376/3132)   [Kremote: Compressing objects:  13% (408/3132)   [Kremote: Compressing objects:  14% (439/3132)   [Kremote: Compressing objects:  15% (470/3132)   [Kremote: Compressing objects:  16% (502/3132)   [Kremote: Compressing objects:  17% (533/3132)   [Kremote: Compressing objects:  18% (564/3132)   [Kremote: Compressing objects:  19% (596/3132)   [Kremote: Compressing objects:  20% (627/3132)   [Kremote: Compressing objects:  21% (658/3132)   [Kremote: Compressing objects:  22% (690/3132)   [Kremote: Compressing objects:  23% (721/3132)   [Kremote: Compressing objects:  24% (752/3132)   [Kremote: Compressing objects:  25% (783/3132)   [Kremote: Compressing objects:  26% (815/3132)   [Kremote: Compressing objects:  27% (846/3132)   [Kremote: Compressing objects:  28% (877/3132)   [Kremote: Compressing objects:  29% (909/3132)   [Kremote: Compressing objects:  30% (940/3132)   [Kremote: Compressing objects:  31% (971/3132)   [Kremote: Compressing objects:  32% (1003/3132)   [Kremote: Compressing objects:  33% (1034/3132)   [Kremote: Compressing objects:  34% (1065/3132)   [Kremote: Compressing objects:  35% (1097/3132)   [Kremote: Compressing objects:  36% (1128/3132)   [Kremote: Compressing objects:  37% (1159/3132)   [Kremote: Compressing objects:  38% (1191/3132)   [Kremote: Compressing objects:  39% (1222/3132)   [Kremote: Compressing objects:  40% (1253/3132)   [Kremote: Compressing objects:  41% (1285/3132)   [Kremote: Compressing objects:  42% (1316/3132)   [Kremote: Compressing objects:  43% (1347/3132)   [Kremote: Compressing objects:  44% (1379/3132)   [Kremote: Compressing objects:  45% (1410/3132)   [Kremote: Compressing objects:  46% (1441/3132)   [Kremote: Compressing objects:  47% (1473/3132)   [Kremote: Compressing objects:  48% (1504/3132)   [Kremote: Compressing objects:  49% (1535/3132)   [Kremote: Compressing objects:  50% (1566/3132)   [Kremote: Compressing objects:  51% (1598/3132)   [Kremote: Compressing objects:  52% (1629/3132)   [Kremote: Compressing objects:  53% (1660/3132)   [Kremote: Compressing objects:  54% (1692/3132)   [Kremote: Compressing objects:  55% (1723/3132)   [Kremote: Compressing objects:  56% (1754/3132)   [Kremote: Compressing objects:  57% (1786/3132)   [Kremote: Compressing objects:  58% (1817/3132)   [Kremote: Compressing objects:  59% (1848/3132)   [Kremote: Compressing objects:  60% (1880/3132)   [Kremote: Compressing objects:  61% (1911/3132)   [Kremote: Compressing objects:  62% (1942/3132)   [Kremote: Compressing objects:  63% (1974/3132)   [Kremote: Compressing objects:  64% (2005/3132)   [Kremote: Compressing objects:  65% (2036/3132)   [Kremote: Compressing objects:  66% (2068/3132)   [Kremote: Compressing objects:  67% (2099/3132)   [Kremote: Compressing objects:  68% (2130/3132)   [Kremote: Compressing objects:  69% (2162/3132)   [Kremote: Compressing objects:  70% (2193/3132)   [Kremote: Compressing objects:  71% (2224/3132)   [Kremote: Compressing objects:  72% (2256/3132)   [Kremote: Compressing objects:  73% (2287/3132)   [Kremote: Compressing objects:  74% (2318/3132)   [Kremote: Compressing objects:  75% (2349/3132)   [Kremote: Compressing objects:  76% (2381/3132)   [Kremote: Compressing objects:  77% (2412/3132)   [Kremote: Compressing objects:  78% (2443/3132)   [Kremote: Compressing objects:  79% (2475/3132)   [Kremote: Compressing objects:  80% (2506/3132)   [Kremote: Compressing objects:  81% (2537/3132)   [Kremote: Compressing objects:  82% (2569/3132)   [Kremote: Compressing objects:  83% (2600/3132)   [Kremote: Compressing objects:  84% (2631/3132)   [Kremote: Compressing objects:  85% (2663/3132)   [Kremote: Compressing objects:  86% (2694/3132)   [Kremote: Compressing objects:  87% (2725/3132)   [Kremote: Compressing objects:  88% (2757/3132)   [Kremote: Compressing objects:  89% (2788/3132)   [Kremote: Compressing objects:  90% (2819/3132)   [Kremote: Compressing objects:  91% (2851/3132)   [Kremote: Compressing objects:  92% (2882/3132)   [Kremote: Compressing objects:  93% (2913/3132)   [Kremote: Compressing objects:  94% (2945/3132)   [Kremote: Compressing objects:  95% (2976/3132)   [Kremote: Compressing objects:  96% (3007/3132)   [Kremote: Compressing objects:  97% (3039/3132)   [Kremote: Compressing objects:  98% (3070/3132)   [Kremote: Compressing objects:  99% (3101/3132)   [Kremote: Compressing objects: 100% (3132/3132)   [Kremote: Compressing objects: 100% (3132/3132), done.[K
Receiving objects:   0% (1/4965)   Receiving objects:   1% (50/4965)   Receiving objects:   2% (100/4965)   Receiving objects:   3% (149/4965)   Receiving objects:   4% (199/4965)   Receiving objects:   5% (249/4965)   Receiving objects:   6% (298/4965)   Receiving objects:   7% (348/4965)   Receiving objects:   8% (398/4965)   Receiving objects:   9% (447/4965)   Receiving objects:  10% (497/4965)   Receiving objects:  11% (547/4965)   Receiving objects:  12% (596/4965)   Receiving objects:  13% (646/4965)   Receiving objects:  14% (696/4965)   Receiving objects:  15% (745/4965)   Receiving objects:  16% (795/4965)   Receiving objects:  17% (845/4965)   Receiving objects:  18% (894/4965)   Receiving objects:  19% (944/4965)   Receiving objects:  20% (993/4965)   Receiving objects:  21% (1043/4965)   Receiving objects:  22% (1093/4965)   Receiving objects:  23% (1142/4965)   Receiving objects:  24% (1192/4965)   Receiving objects:  25% (1242/4965)   Receiving objects:  26% (1291/4965)   Receiving objects:  27% (1341/4965)   Receiving objects:  28% (1391/4965)   Receiving objects:  29% (1440/4965)   Receiving objects:  30% (1490/4965)   Receiving objects:  31% (1540/4965)   Receiving objects:  32% (1589/4965)   Receiving objects:  33% (1639/4965)   Receiving objects:  34% (1689/4965)   Receiving objects:  35% (1738/4965)   Receiving objects:  36% (1788/4965)   Receiving objects:  37% (1838/4965)   Receiving objects:  38% (1887/4965)   Receiving objects:  39% (1937/4965)   Receiving objects:  40% (1986/4965)   Receiving objects:  41% (2036/4965)   Receiving objects:  42% (2086/4965)   Receiving objects:  43% (2135/4965)   Receiving objects:  44% (2185/4965)   Receiving objects:  45% (2235/4965)   Receiving objects:  46% (2284/4965)   Receiving objects:  47% (2334/4965)   Receiving objects:  48% (2384/4965)   Receiving objects:  49% (2433/4965)   Receiving objects:  50% (2483/4965)   Receiving objects:  51% (2533/4965)   Receiving objects:  52% (2582/4965)   Receiving objects:  53% (2632/4965)   Receiving objects:  54% (2682/4965)   Receiving objects:  55% (2731/4965)   Receiving objects:  56% (2781/4965)   Receiving objects:  57% (2831/4965)   Receiving objects:  58% (2880/4965)   Receiving objects:  59% (2930/4965)   Receiving objects:  60% (2979/4965)   Receiving objects:  61% (3029/4965)   Receiving objects:  62% (3079/4965)   Receiving objects:  63% (3128/4965)   Receiving objects:  64% (3178/4965)   Receiving objects:  65% (3228/4965)   Receiving objects:  66% (3277/4965)   Receiving objects:  67% (3327/4965)   Receiving objects:  68% (3377/4965)   Receiving objects:  69% (3426/4965)   Receiving objects:  70% (3476/4965)   Receiving objects:  71% (3526/4965)   Receiving objects:  72% (3575/4965)   Receiving objects:  73% (3625/4965)   Receiving objects:  74% (3675/4965)   Receiving objects:  75% (3724/4965)   Receiving objects:  76% (3774/4965)   Receiving objects:  77% (3824/4965)   Receiving objects:  78% (3873/4965)   Receiving objects:  79% (3923/4965)   Receiving objects:  80% (3972/4965)   Receiving objects:  81% (4022/4965)   Receiving objects:  82% (4072/4965)   Receiving objects:  83% (4121/4965)   Receiving objects:  84% (4171/4965)   Receiving objects:  85% (4221/4965)   Receiving objects:  86% (4270/4965)   Receiving objects:  87% (4320/4965)   Receiving objects:  88% (4370/4965)   remote: Total 4965 (delta 1983), reused 3282 (delta 1074), pack-reused 0[K
Receiving objects:  89% (4419/4965)   Receiving objects:  90% (4469/4965)   Receiving objects:  91% (4519/4965)   Receiving objects:  92% (4568/4965)   Receiving objects:  93% (4618/4965)   Receiving objects:  94% (4668/4965)   Receiving objects:  95% (4717/4965)   Receiving objects:  96% (4767/4965)   Receiving objects:  97% (4817/4965)   Receiving objects:  98% (4866/4965)   Receiving objects:  99% (4916/4965)   Receiving objects: 100% (4965/4965)   Receiving objects: 100% (4965/4965), 8.92 MiB | 0 bytes/s, done.
Resolving deltas:   0% (0/1983)   Resolving deltas:   6% (129/1983)   Resolving deltas:   7% (139/1983)   Resolving deltas:   8% (159/1983)   Resolving deltas:   9% (186/1983)   Resolving deltas:  10% (202/1983)   Resolving deltas:  11% (220/1983)   Resolving deltas:  13% (263/1983)   Resolving deltas:  15% (305/1983)   Resolving deltas:  16% (320/1983)   Resolving deltas:  17% (338/1983)   Resolving deltas:  18% (371/1983)   Resolving deltas:  19% (377/1983)   Resolving deltas:  20% (401/1983)   Resolving deltas:  21% (425/1983)   Resolving deltas:  22% (437/1983)   Resolving deltas:  23% (457/1983)   Resolving deltas:  25% (506/1983)   Resolving deltas:  26% (517/1983)   Resolving deltas:  27% (536/1983)   Resolving deltas:  32% (639/1983)   Resolving deltas:  33% (657/1983)   Resolving deltas:  34% (676/1983)   Resolving deltas:  35% (696/1983)   Resolving deltas:  36% (714/1983)   Resolving deltas:  37% (737/1983)   Resolving deltas:  38% (763/1983)   Resolving deltas:  39% (776/1983)   Resolving deltas:  40% (794/1983)   Resolving deltas:  41% (816/1983)   Resolving deltas:  42% (840/1983)   Resolving deltas:  43% (853/1983)   Resolving deltas:  44% (873/1983)   Resolving deltas:  45% (895/1983)   Resolving deltas:  46% (913/1983)   Resolving deltas:  47% (933/1983)   Resolving deltas:  48% (953/1983)   Resolving deltas:  49% (972/1983)   Resolving deltas:  50% (993/1983)   Resolving deltas:  51% (1013/1983)   Resolving deltas:  52% (1034/1983)   Resolving deltas:  53% (1051/1983)   Resolving deltas:  54% (1072/1983)   Resolving deltas:  55% (1092/1983)   Resolving deltas:  56% (1114/1983)   Resolving deltas:  57% (1144/1983)   Resolving deltas:  59% (1174/1983)   Resolving deltas:  60% (1199/1983)   Resolving deltas:  61% (1210/1983)   Resolving deltas:  62% (1246/1983)   Resolving deltas:  63% (1253/1983)   Resolving deltas:  64% (1270/1983)   Resolving deltas:  65% (1297/1983)   Resolving deltas:  66% (1319/1983)   Resolving deltas:  67% (1337/1983)   Resolving deltas:  68% (1355/1983)   Resolving deltas:  69% (1372/1983)   Resolving deltas:  70% (1389/1983)   Resolving deltas:  71% (1409/1983)   Resolving deltas:  72% (1428/1983)   Resolving deltas:  73% (1449/1983)   Resolving deltas:  74% (1468/1983)   Resolving deltas:  75% (1491/1983)   Resolving deltas:  76% (1508/1983)   Resolving deltas:  77% (1532/1983)   Resolving deltas:  78% (1547/1983)   Resolving deltas:  79% (1567/1983)   Resolving deltas:  80% (1589/1983)   Resolving deltas:  81% (1612/1983)   Resolving deltas:  82% (1627/1983)   Resolving deltas:  83% (1646/1983)   Resolving deltas:  84% (1666/1983)   Resolving deltas:  85% (1686/1983)   Resolving deltas:  86% (1707/1983)   Resolving deltas:  87% (1726/1983)   Resolving deltas:  88% (1746/1983)   Resolving deltas:  89% (1773/1983)   Resolving deltas:  90% (1792/1983)   Resolving deltas:  91% (1811/1983)   Resolving deltas:  92% (1825/1983)   Resolving deltas:  95% (1900/1983)   Resolving deltas:  96% (1904/1983)   Resolving deltas:  97% (1924/1983)   Resolving deltas:  98% (1946/1983)   Resolving deltas:  99% (1970/1983)   Resolving deltas: 100% (1983/1983)   Resolving deltas: 100% (1983/1983), done.
Checking connectivity... done.

travis_time:end:0b7dabf8:start=1465276432690190592,finish=1465276434317974272,duration=1627783680[0K$ cd apache/storm
$ git checkout -qf 025fe5fdffbda1ce79c68c4fe22d241c77076821
travis_fold:end:git.checkout[0K
[33;1mThis job is running on container-based infrastructure, which does not allow use of 'sudo', setuid and setguid executables.[0m
[33;1mIf you require sudo, add 'sudo: required' to your .travis.yml[0m
[33;1mSee https://docs.travis-ci.com/user/workers/container-based-infrastructure/ for details.[0m

[33;1mSetting environment variables from .travis.yml[0m
$ export MODULES=storm-core

$ jdk_switcher use oraclejdk8
Switching to Oracle JDK8 (java-8-oracle), JAVA_HOME will be set to /usr/lib/jvm/java-8-oracle
travis_fold:start:cache.1[0KSetting up build cache
$ export CASHER_DIR=$HOME/.casher
travis_time:start:03b95f3e[0K$ Installing caching utilities

travis_time:end:03b95f3e:start=1465276436119395361,finish=1465276436168802282,duration=49406921[0Ktravis_time:start:13c04a4e[0K
travis_time:end:13c04a4e:start=1465276436173676127,finish=1465276436177066581,duration=3390454[0Ktravis_time:start:056bb468[0K[32;1mattempting to download cache archive[0m
[32;1mfetching 1.x-branch/cache-linux-precise-4722ea394922d42b2b7eb84cff6efc764d76759821ac6f6efc13232aa923f595--jdk-oraclejdk8.tgz[0m
[32;1mfound cache[0m

travis_time:end:056bb468:start=1465276436180926100,finish=1465276460419749085,duration=24238822985[0Ktravis_time:start:03c106f8[0K
travis_time:end:03c106f8:start=1465276460423674101,finish=1465276460426969756,duration=3295655[0Ktravis_time:start:2e207740[0K[32;1madding /home/travis/.m2/repository to cache[0m
[32;1madding /home/travis/.rvm to cache[0m
[32;1madding /home/travis/.nvm to cache[0m

travis_time:end:2e207740:start=1465276460430689173,finish=1465276474013641813,duration=13582952640[0Ktravis_fold:end:cache.1[0K$ java -Xmx32m -version
java version "1.8.0_31"
Java(TM) SE Runtime Environment (build 1.8.0_31-b13)
Java HotSpot(TM) 64-Bit Server VM (build 25.31-b07, mixed mode)
$ javac -J-Xmx32m -version
javac 1.8.0_31
travis_fold:start:before_install.1[0Ktravis_time:start:134061d8[0K$ rvm use 2.1.5 --install
[32mUsing /home/travis/.rvm/gems/ruby-2.1.5[0m

travis_time:end:134061d8:start=1465276474659353281,finish=1465276474912892827,duration=253539546[0Ktravis_fold:end:before_install.1[0Ktravis_fold:start:before_install.2[0Ktravis_time:start:2081826c[0K$ nvm install 0.12.2
v0.12.2 is already installed.
Now using node v0.12.2

travis_time:end:2081826c:start=1465276474917306118,finish=1465276475184244129,duration=266938011[0Ktravis_fold:end:before_install.2[0Ktravis_fold:start:before_install.3[0Ktravis_time:start:00d0cb4e[0K$ nvm use 0.12.2
Now using node v0.12.2

travis_time:end:00d0cb4e:start=1465276475188873283,finish=1465276475246475802,duration=57602519[0Ktravis_fold:end:before_install.3[0Ktravis_fold:start:install[0Ktravis_time:start:00221dd2[0K$ /bin/bash ./dev-tools/travis/travis-install.sh `pwd`
Python version :   Python 2.7.3
Java HotSpot(TM) 64-Bit Server VM warning: ignoring option MaxPermSize=192m; support was removed in 8.0
Maven version  :   Apache Maven 3.2.5 (12a6b3acb947671f09b81f49094c53f426d8cea1; 2014-12-14T17:29:23+00:00) Maven home: /usr/local/maven Java version: 1.8.0_31, vendor: Oracle Corporation Java home: /usr/lib/jvm/java-8-oracle/jre Default locale: en_US, platform encoding: UTF-8 OS name: "linux", version: "3.13.0-40-generic", arch: "amd64", family: "unix"
['mvn', 'clean', 'install', '-DskipTests', '-Pnative', '--batch-mode'] writing to install.txt
1 seconds 2 log lines11 seconds 80 log lines22 seconds 225 log lines55 seconds 307 log lines81 seconds 315 log lines94 seconds 375 log lines104 seconds 475 log lines124 seconds 617 log lines134 seconds 785 log lines147 seconds 824 log lines158 seconds 833 log lines172 seconds 871 log lines182 seconds 1049 log lines200 seconds 1420 log lines211 seconds 1715 log lines223 seconds 2094 log lines236 seconds 2250 log lines241 seconds 2434 log lines
['mvn', 'clean', 'install', '-DskipTests', '-Pnative', '--batch-mode'] done 0

travis_time:end:00221dd2:start=1465276475250964322,finish=1465276717063574632,duration=241812610310[0Ktravis_fold:end:install[0Ktravis_time:start:09b0cd56[0K$ /bin/bash ./dev-tools/travis/travis-script.sh `pwd` $MODULES
Python version :   Python 2.7.3
Ruby version   :   ruby 2.1.5p273 (2014-11-13 revision 48405) [x86_64-linux]
NodeJs version :   v0.12.2
Java HotSpot(TM) 64-Bit Server VM warning: ignoring option MaxPermSize=192m; support was removed in 8.0
Maven version  :   Apache Maven 3.2.5 (12a6b3acb947671f09b81f49094c53f426d8cea1; 2014-12-14T17:29:23+00:00) Maven home: /usr/local/maven Java version: 1.8.0_31, vendor: Oracle Corporation Java home: /usr/lib/jvm/java-8-oracle/jre Default locale: en_US, platform encoding: UTF-8 OS name: "linux", version: "3.13.0-40-generic", arch: "amd64", family: "unix"
Java HotSpot(TM) 64-Bit Server VM warning: ignoring option MaxPermSize=192m; support was removed in 8.0
[INFO] Scanning for projects...
[INFO]                                                                         
[INFO] ------------------------------------------------------------------------
[INFO] Building Storm Core 1.1.0-SNAPSHOT
[INFO] ------------------------------------------------------------------------
[INFO] 
[INFO] --- exec-maven-plugin:1.2.1:exec (default) @ storm-core ---
[INFO] 
[INFO] --- maven-remote-resources-plugin:1.2.1:process (default) @ storm-core ---
[INFO] 
[INFO] --- storm-maven-plugins:1.1.0-SNAPSHOT:version-info (version-info) @ storm-core ---
[WARNING] [svn, info] failed with error code 1
[INFO] SCM: GIT
[INFO] Computed MD5: 201f821ac442ab4edec4f4d3a5c234f
[INFO] 
[INFO] --- maven-resources-plugin:2.5:resources (default-resources) @ storm-core ---
[debug] execute contextualize
[INFO] Using 'UTF-8' encoding to copy filtered resources.
[INFO] Copying 8 resources
[INFO] Copying 1 resource to META-INF
[INFO] Copying 0 resource
[INFO] Copying 1 resource
[INFO] Copying 3 resources
[INFO] 
[INFO] --- maven-compiler-plugin:3.1:compile (default-compile) @ storm-core ---
[INFO] Nothing to compile - all classes are up to date
[INFO] 
[INFO] --- clojure-maven-plugin:1.7.1:compile (compile-clojure) @ storm-core ---
Compiling org.apache.storm.command.deactivate to /home/travis/build/apache/storm/storm-core/target/classes
Compiling org.apache.storm.trident.testing to /home/travis/build/apache/storm/storm-core/target/classes
Compiling org.apache.storm.command.blobstore to /home/travis/build/apache/storm/storm-core/target/classes
Compiling org.apache.storm.stats to /home/travis/build/apache/storm/storm-core/target/classes
Compiling org.apache.storm.command.set-log-level to /home/travis/build/apache/storm/storm-core/target/classes
Compiling org.apache.storm.daemon.drpc to /home/travis/build/apache/storm/storm-core/target/classes
Compiling org.apache.storm.command.dev-zookeeper to /home/travis/build/apache/storm/storm-core/target/classes
Compiling org.apache.storm.local-state to /home/travis/build/apache/storm/storm-core/target/classes
Compiling org.apache.storm.cluster to /home/travis/build/apache/storm/storm-core/target/classes
Compiling org.apache.storm.testing to /home/travis/build/apache/storm/storm-core/target/classes
Compiling org.apache.storm.command.heartbeats to /home/travis/build/apache/storm/storm-core/target/classes
WARNING: reverse already refers to: #'clojure.core/reverse in namespace: org.apache.storm.command.heartbeats, being replaced by: #'clojure.string/reverse
WARNING: replace already refers to: #'clojure.core/replace in namespace: org.apache.storm.command.heartbeats, being replaced by: #'clojure.string/replace
Compiling org.apache.storm.daemon.builtin-metrics to /home/travis/build/apache/storm/storm-core/target/classes
Compiling org.apache.storm.process-simulator to /home/travis/build/apache/storm/storm-core/target/classes
Compiling org.apache.storm.daemon.acker to /home/travis/build/apache/storm/storm-core/target/classes
Compiling org.apache.storm.log to /home/travis/build/apache/storm/storm-core/target/classes
Compiling org.apache.storm.daemon.common to /home/travis/build/apache/storm/storm-core/target/classes
Compiling org.apache.storm.command.healthcheck to /home/travis/build/apache/storm/storm-core/target/classes
Compiling org.apache.storm.scheduler.EvenScheduler to /home/travis/build/apache/storm/storm-core/target/classes
Compiling org.apache.storm.command.kill-workers to /home/travis/build/apache/storm/storm-core/target/classes
Compiling org.apache.storm.scheduler.IsolationScheduler to /home/travis/build/apache/storm/storm-core/target/classes
Compiling org.apache.storm.command.monitor to /home/travis/build/apache/storm/storm-core/target/classes
Compiling org.apache.storm.timer to /home/travis/build/apache/storm/storm-core/target/classes
Compiling org.apache.storm.config to /home/travis/build/apache/storm/storm-core/target/classes
Compiling org.apache.storm.LocalCluster to /home/travis/build/apache/storm/storm-core/target/classes
Compiling org.apache.storm.thrift to /home/travis/build/apache/storm/storm-core/target/classes
Compiling org.apache.storm.daemon.logviewer to /home/travis/build/apache/storm/storm-core/target/classes
Compiling org.apache.storm.blobstore to /home/travis/build/apache/storm/storm-core/target/classes
Compiling org.apache.storm.zookeeper to /home/travis/build/apache/storm/storm-core/target/classes
Compiling org.apache.storm.clojure to /home/travis/build/apache/storm/storm-core/target/classes
Compiling org.apache.storm.command.rebalance to /home/travis/build/apache/storm/storm-core/target/classes
Compiling org.apache.storm.command.kill-topology to /home/travis/build/apache/storm/storm-core/target/classes
Compiling org.apache.storm.LocalDRPC to /home/travis/build/apache/storm/storm-core/target/classes
Compiling org.apache.storm.messaging.local to /home/travis/build/apache/storm/storm-core/target/classes
Compiling org.apache.storm.daemon.executor to /home/travis/build/apache/storm/storm-core/target/classes
Compiling org.apache.storm.event to /home/travis/build/apache/storm/storm-core/target/classes
Compiling org.apache.storm.daemon.supervisor to /home/travis/build/apache/storm/storm-core/target/classes
Compiling org.apache.storm.command.activate to /home/travis/build/apache/storm/storm-core/target/classes
Compiling org.apache.storm.command.shell-submission to /home/travis/build/apache/storm/storm-core/target/classes
Compiling org.apache.storm.MockAutoCred to /home/travis/build/apache/storm/storm-core/target/classes
Compiling org.apache.storm.command.get-errors to /home/travis/build/apache/storm/storm-core/target/classes
Compiling org.apache.storm.pacemaker.pacemaker to /home/travis/build/apache/storm/storm-core/target/classes
Compiling org.apache.storm.testing4j to /home/travis/build/apache/storm/storm-core/target/classes
Compiling org.apache.storm.metric.testing to /home/travis/build/apache/storm/storm-core/target/classes
Compiling org.apache.storm.ui.core to /home/travis/build/apache/storm/storm-core/target/classes
Compiling org.apache.storm.command.upload-credentials to /home/travis/build/apache/storm/storm-core/target/classes
Compiling org.apache.storm.ui.helpers to /home/travis/build/apache/storm/storm-core/target/classes
Compiling org.apache.storm.scheduler.DefaultScheduler to /home/travis/build/apache/storm/storm-core/target/classes
Compiling org.apache.storm.command.list to /home/travis/build/apache/storm/storm-core/target/classes
Compiling org.apache.storm.pacemaker.pacemaker-state-factory to /home/travis/build/apache/storm/storm-core/target/classes
Compiling org.apache.storm.disruptor to /home/travis/build/apache/storm/storm-core/target/classes
Compiling org.apache.storm.util to /home/travis/build/apache/storm/storm-core/target/classes
Compiling org.apache.storm.daemon.task to /home/travis/build/apache/storm/storm-core/target/classes
Compiling org.apache.storm.command.config-value to /home/travis/build/apache/storm/storm-core/target/classes
Compiling org.apache.storm.converter to /home/travis/build/apache/storm/storm-core/target/classes
Compiling org.apache.storm.daemon.nimbus to /home/travis/build/apache/storm/storm-core/target/classes
Compiling org.apache.storm.cluster-state.zookeeper-state-factory to /home/travis/build/apache/storm/storm-core/target/classes
Compiling org.apache.storm.messaging.loader to /home/travis/build/apache/storm/storm-core/target/classes
Compiling org.apache.storm.daemon.worker to /home/travis/build/apache/storm/storm-core/target/classes
[INFO] 
[INFO] --- make-maven-plugin:1.0-beta-1:autoreconf (compile) @ storm-core ---
[INFO] 
[INFO] --- make-maven-plugin:1.0-beta-1:configure (compile) @ storm-core ---
[INFO] /bin/sh: 14: /home/travis/.jdk_switcher_rc: [[: not found
[INFO] /bin/sh: 22: /home/travis/.jdk_switcher_rc: [[: not found
[INFO] /bin/sh: 32: /home/travis/.jdk_switcher_rc: [[: not found
[INFO] /bin/sh: 42: /home/travis/.jdk_switcher_rc: [[: not found
[INFO] /bin/sh: 3: /etc/profile.d/rvm.sh: [[: not found
[INFO] checking for gcc... gcc
[INFO] checking whether the C compiler works... yes
[INFO] checking for C compiler default output file name... a.out
[INFO] checking for suffix of executables... 
[INFO] checking whether we are cross compiling... no
[INFO] checking for suffix of object files... o
[INFO] checking whether we are using the GNU C compiler... yes
[INFO] checking whether gcc accepts -g... yes
[INFO] checking for gcc option to accept ISO C89... none needed
[INFO] checking how to run the C preprocessor... gcc -E
[INFO] checking for grep that handles long lines and -e... /bin/grep
[INFO] checking for egrep... /bin/grep -E
[INFO] checking for ANSI C header files... yes
[INFO] checking for sys/types.h... yes
[INFO] checking for sys/stat.h... yes
[INFO] checking for stdlib.h... yes
[INFO] checking for string.h... yes
[INFO] checking for memory.h... yes
[INFO] checking for strings.h... yes
[INFO] checking for inttypes.h... yes
[INFO] checking for stdint.h... yes
[INFO] checking for unistd.h... yes
[INFO] checking minix/config.h usability... no
[INFO] checking minix/config.h presence... no
[INFO] checking for minix/config.h... no
[INFO] checking whether it is safe to define __EXTENSIONS__... yes
[INFO] checking for a BSD-compatible install... /usr/bin/install -c
[INFO] checking whether build environment is sane... yes
[INFO] checking for a thread-safe mkdir -p... /bin/mkdir -p
[INFO] checking for gawk... gawk
[INFO] checking whether make sets $(MAKE)... yes
[INFO] checking for style of include used by make... GNU
[INFO] checking dependency style of gcc... gcc3
[INFO] checking for gcc... (cached) gcc
[INFO] checking whether we are using the GNU C compiler... (cached) yes
[INFO] checking whether gcc accepts -g... (cached) yes
[INFO] checking for gcc option to accept ISO C89... (cached) none needed
[INFO] checking whether gcc and cc understand -c and -o together... yes
[INFO] checking for unistd.h... (cached) yes
[INFO] checking for stdbool.h that conforms to C99... yes
[INFO] checking for _Bool... yes
[INFO] checking for an ANSI C-conforming const... yes
[INFO] checking for off_t... yes
[INFO] checking for size_t... yes
[INFO] checking whether strerror_r is declared... yes
[INFO] checking for strerror_r... yes
[INFO] checking whether strerror_r returns char *... yes
[INFO] checking for mkdir... yes
[INFO] checking for uname... yes
[INFO] configure: creating ./config.status
[INFO] config.status: creating Makefile
[INFO] config.status: executing depfiles commands
[INFO] 
[INFO] --- make-maven-plugin:1.0-beta-1:make-install (compile) @ storm-core ---
[INFO] /bin/sh: 14: /home/travis/.jdk_switcher_rc: [[: not found
[INFO] /bin/sh: 22: /home/travis/.jdk_switcher_rc: [[: not found
[INFO] /bin/sh: 32: /home/travis/.jdk_switcher_rc: [[: not found
[INFO] /bin/sh: 42: /home/travis/.jdk_switcher_rc: [[: not found
[INFO] /bin/sh: 3: /etc/profile.d/rvm.sh: [[: not found
[INFO] make[1]: Entering directory `/home/travis/build/apache/storm/storm-core/target/native/worker-launcher'
[INFO] test -z "/usr/local/bin" || /bin/mkdir -p "/home/travis/build/apache/storm/storm-core/target/native/target/usr/local/bin"
[INFO]   /usr/bin/install -c worker-launcher '/home/travis/build/apache/storm/storm-core/target/native/target/usr/local/bin'
[INFO] make[1]: Nothing to be done for `install-data-am'.
[INFO] make[1]: Leaving directory `/home/travis/build/apache/storm/storm-core/target/native/worker-launcher'
[INFO] 
[INFO] --- maven-resources-plugin:2.5:testResources (default-testResources) @ storm-core ---
[debug] execute contextualize
[INFO] Using 'UTF-8' encoding to copy filtered resources.
[INFO] Copying 14 resources
[INFO] Copying 2 resources
[INFO] Copying 3 resources
[INFO] 
[INFO] --- maven-dependency-plugin:2.8:unpack (unpack) @ storm-core ---
[INFO] Configured Artifact: org.apache.storm:multilang-ruby:1.1.0-SNAPSHOT:jar
[INFO] Downloading: https://repository.apache.org/snapshots/org/apache/storm/multilang-ruby/1.1.0-SNAPSHOT/maven-metadata.xml
[INFO] Downloaded: https://repository.apache.org/snapshots/org/apache/storm/multilang-ruby/1.1.0-SNAPSHOT/maven-metadata.xml (2 KB at 1.1 KB/sec)
[INFO] Configured Artifact: org.apache.storm:multilang-python:1.1.0-SNAPSHOT:jar
[INFO] Downloading: https://repository.apache.org/snapshots/org/apache/storm/multilang-python/1.1.0-SNAPSHOT/maven-metadata.xml
[INFO] Downloaded: https://repository.apache.org/snapshots/org/apache/storm/multilang-python/1.1.0-SNAPSHOT/maven-metadata.xml (2 KB at 2.1 KB/sec)
[INFO] Configured Artifact: org.apache.storm:multilang-javascript:1.1.0-SNAPSHOT:jar
[INFO] Downloading: https://repository.apache.org/snapshots/org/apache/storm/multilang-javascript/1.1.0-SNAPSHOT/maven-metadata.xml
[INFO] Downloaded: https://repository.apache.org/snapshots/org/apache/storm/multilang-javascript/1.1.0-SNAPSHOT/maven-metadata.xml (2 KB at 2.2 KB/sec)
[INFO] multilang-ruby-1.1.0-SNAPSHOT.jar already unpacked.
[INFO] multilang-python-1.1.0-SNAPSHOT.jar already unpacked.
[INFO] multilang-javascript-1.1.0-SNAPSHOT.jar already unpacked.
[INFO] 
[INFO] --- maven-compiler-plugin:3.1:testCompile (default-testCompile) @ storm-core ---
[INFO] Nothing to compile - all classes are up to date
[INFO] 
[INFO] --- maven-surefire-plugin:2.18.1:test (default-test) @ storm-core ---
[INFO] Surefire report directory: /home/travis/build/apache/storm/storm-core/target/surefire-reports
[INFO] parallel='none', perCoreThreadCount=true, threadCount=0, useUnlimitedThreads=false, threadCountSuites=0, threadCountClasses=0, threadCountMethods=0, parallelOptimized=true

-------------------------------------------------------
 T E S T S
-------------------------------------------------------
Running org.apache.storm.utils.ShellBoltMessageQueueTest
Tests run: 3, Failures: 0, Errors: 0, Skipped: 0, Time elapsed: 2.011 sec - in org.apache.storm.utils.ShellBoltMessageQueueTest
Running org.apache.storm.utils.WorkerBackpressureThreadTest
Tests run: 1, Failures: 0, Errors: 0, Skipped: 0, Time elapsed: 0.176 sec - in org.apache.storm.utils.WorkerBackpressureThreadTest
Running org.apache.storm.utils.DisruptorQueueTest
Tests run: 3, Failures: 0, Errors: 0, Skipped: 0, Time elapsed: 4.478 sec - in org.apache.storm.utils.DisruptorQueueTest
Running org.apache.storm.utils.StormBoundedExponentialBackoffRetryTest
Tests run: 5, Failures: 0, Errors: 0, Skipped: 0, Time elapsed: 0.241 sec - in org.apache.storm.utils.StormBoundedExponentialBackoffRetryTest
Running org.apache.storm.utils.DisruptorQueueBackpressureTest
Tests run: 1, Failures: 0, Errors: 0, Skipped: 0, Time elapsed: 0.002 sec - in org.apache.storm.utils.DisruptorQueueBackpressureTest
Running org.apache.storm.utils.ThriftTopologyUtilsTest
Tests run: 5, Failures: 0, Errors: 0, Skipped: 0, Time elapsed: 0.255 sec - in org.apache.storm.utils.ThriftTopologyUtilsTest
Running org.apache.storm.spout.CheckpointSpoutTest
Tests run: 7, Failures: 0, Errors: 0, Skipped: 0, Time elapsed: 0.374 sec - in org.apache.storm.spout.CheckpointSpoutTest
Running org.apache.storm.TestConfigValidate
Tests run: 24, Failures: 0, Errors: 0, Skipped: 0, Time elapsed: 0.922 sec - in org.apache.storm.TestConfigValidate
Running org.apache.storm.serialization.GzipBridgeThriftSerializationDelegateTest
Tests run: 3, Failures: 0, Errors: 0, Skipped: 0, Time elapsed: 0.029 sec - in org.apache.storm.serialization.GzipBridgeThriftSerializationDelegateTest
Running org.apache.storm.serialization.ThriftBridgeSerializationDelegateTest
Tests run: 1, Failures: 0, Errors: 0, Skipped: 0, Time elapsed: 0.005 sec - in org.apache.storm.serialization.ThriftBridgeSerializationDelegateTest
Running org.apache.storm.serialization.GzipBridgeSerializationDelegateTest
Tests run: 3, Failures: 0, Errors: 0, Skipped: 0, Time elapsed: 0.305 sec - in org.apache.storm.serialization.GzipBridgeSerializationDelegateTest
Running org.apache.storm.blobstore.ClientBlobStoreTest
Tests run: 4, Failures: 0, Errors: 0, Skipped: 0, Time elapsed: 0.034 sec - in org.apache.storm.blobstore.ClientBlobStoreTest
Running org.apache.storm.blobstore.BlobStoreTest
Tests run: 4, Failures: 0, Errors: 0, Skipped: 0, Time elapsed: 9.6 sec - in org.apache.storm.blobstore.BlobStoreTest
Running org.apache.storm.blobstore.BlobSynchronizerTest
Tests run: 4, Failures: 0, Errors: 0, Skipped: 0, Time elapsed: 7.808 sec - in org.apache.storm.blobstore.BlobSynchronizerTest
Running org.apache.storm.trident.TridentWindowingTest
Tests run: 3, Failures: 0, Errors: 0, Skipped: 0, Time elapsed: 0.002 sec - in org.apache.storm.trident.TridentWindowingTest
Running org.apache.storm.trident.TestTridentTopology
Tests run: 1, Failures: 0, Errors: 0, Skipped: 0, Time elapsed: 57.682 sec - in org.apache.storm.trident.TestTridentTopology
Running org.apache.storm.metric.internal.LatencyStatAndMetricTest
Tests run: 1, Failures: 0, Errors: 0, Skipped: 0, Time elapsed: 0.053 sec - in org.apache.storm.metric.internal.LatencyStatAndMetricTest
Running org.apache.storm.metric.internal.CountStatAndMetricTest
Tests run: 1, Failures: 0, Errors: 0, Skipped: 0, Time elapsed: 0.06 sec - in org.apache.storm.metric.internal.CountStatAndMetricTest
Running org.apache.storm.metric.internal.RateTrackerTest
Tests run: 4, Failures: 0, Errors: 0, Skipped: 0, Time elapsed: 0 sec - in org.apache.storm.metric.internal.RateTrackerTest
Running org.apache.storm.windowing.WaterMarkEventGeneratorTest
Tests run: 5, Failures: 0, Errors: 0, Skipped: 0, Time elapsed: 0.529 sec - in org.apache.storm.windowing.WaterMarkEventGeneratorTest
Running org.apache.storm.windowing.WindowManagerTest
Tests run: 10, Failures: 0, Errors: 0, Skipped: 0, Time elapsed: 0.226 sec - in org.apache.storm.windowing.WindowManagerTest
Running org.apache.storm.topology.StatefulBoltExecutorTest
Tests run: 7, Failures: 0, Errors: 0, Skipped: 0, Time elapsed: 1.304 sec - in org.apache.storm.topology.StatefulBoltExecutorTest
Running org.apache.storm.topology.WindowedBoltExecutorTest
Tests run: 2, Failures: 0, Errors: 0, Skipped: 0, Time elapsed: 0.372 sec - in org.apache.storm.topology.WindowedBoltExecutorTest
Running org.apache.storm.topology.StatefulWindowedBoltExecutorTest
Tests run: 4, Failures: 0, Errors: 0, Skipped: 0, Time elapsed: 0.125 sec - in org.apache.storm.topology.StatefulWindowedBoltExecutorTest
Running org.apache.storm.topology.TopologyBuilderTest
Tests run: 5, Failures: 0, Errors: 0, Skipped: 0, Time elapsed: 0.302 sec - in org.apache.storm.topology.TopologyBuilderTest
Running org.apache.storm.localizer.LocalizerTest
Tests run: 13, Failures: 0, Errors: 0, Skipped: 0, Time elapsed: 1.48 sec - in org.apache.storm.localizer.LocalizerTest
Running org.apache.storm.localizer.LocalizedResourceRetentionSetTest
Tests run: 2, Failures: 0, Errors: 0, Skipped: 0, Time elapsed: 0.058 sec - in org.apache.storm.localizer.LocalizedResourceRetentionSetTest
Running org.apache.storm.localizer.LocalizedResourceSetTest
Tests run: 4, Failures: 0, Errors: 0, Skipped: 0, Time elapsed: 0.075 sec - in org.apache.storm.localizer.LocalizedResourceSetTest
Running org.apache.storm.scheduler.resource.TestResourceAwareScheduler
Tests run: 15, Failures: 0, Errors: 0, Skipped: 0, Time elapsed: 5.611 sec - in org.apache.storm.scheduler.resource.TestResourceAwareScheduler
Running org.apache.storm.scheduler.resource.TestUser
Tests run: 3, Failures: 0, Errors: 0, Skipped: 0, Time elapsed: 1.72 sec - in org.apache.storm.scheduler.resource.TestUser
Running org.apache.storm.grouping.PartialKeyGroupingTest
Tests run: 2, Failures: 0, Errors: 0, Skipped: 0, Time elapsed: 0.046 sec - in org.apache.storm.grouping.PartialKeyGroupingTest
Running org.apache.storm.state.InMemoryKeyValueStateTest
Tests run: 2, Failures: 0, Errors: 0, Skipped: 0, Time elapsed: 0.004 sec - in org.apache.storm.state.InMemoryKeyValueStateTest

Results :

Tests run: 152, Failures: 0, Errors: 0, Skipped: 0

[INFO] 
[INFO] --- clojure-maven-plugin:1.7.1:test (test-clojure) @ storm-core ---
Warning: protocol #'org.apache.storm.pacemaker-state-factory-test/send-capture is overwriting function send
WARNING: send already refers to: #'clojure.core/send in namespace: org.apache.storm.pacemaker-state-factory-test, being replaced by: #'org.apache.storm.pacemaker-state-factory-test/send
Running org.apache.storm.security.auth.auto-login-module-test
Tests run: 6, Passed: 22, Failures: 0, Errors: 0
Running org.apache.storm.transactional-test
Tests run: 7, Passed: 110, Failures: 0, Errors: 0
Running org.apache.storm.serialization-test
Tests run: 6, Passed: 13, Failures: 0, Errors: 0
Running org.apache.storm.utils.ZookeeperServerCnxnFactory-test
Tests run: 2, Passed: 3, Failures: 0, Errors: 0
Running org.apache.storm.versioned-store-test
Tests run: 2, Passed: 5, Failures: 0, Errors: 0
Running org.apache.storm.security.auth.drpc-auth-test
Tests run: 4, Passed: 22, Failures: 0, Errors: 0
Running org.apache.storm.pacemaker-state-factory-test
Tests run: 4, Passed: 15, Failures: 0, Errors: 0
Running org.apache.storm.supervisor-test
41283 [timer] INFO  o.a.s.d.nimbus - Cleaning up test-1-0
41288 [timer] INFO  o.a.s.d.nimbus - ExceptionKeyNotFoundException(msg:test-1-0-stormjar.jar)
43110 [main] INFO  o.a.s.d.nimbus - Shutting down master
43111 [Curator-Framework-0] INFO  o.a.c.f.i.CuratorFrameworkImpl - backgroundOperationsLoop exiting
43113 [Curator-Framework-0] INFO  o.a.c.f.i.CuratorFrameworkImpl - backgroundOperationsLoop exiting
43114 [Curator-Framework-0] INFO  o.a.c.f.i.CuratorFrameworkImpl - backgroundOperationsLoop exiting
43116 [main] INFO  o.a.s.zookeeper - closing zookeeper connection of leader elector.
43116 [Curator-Framework-0] INFO  o.a.c.f.i.CuratorFrameworkImpl - backgroundOperationsLoop exiting
43122 [main] INFO  o.a.s.d.nimbus - Shut down master
43122 [Curator-Framework-0] INFO  o.a.c.f.i.CuratorFrameworkImpl - backgroundOperationsLoop exiting
43124 [Curator-Framework-0] INFO  o.a.c.f.i.CuratorFrameworkImpl - backgroundOperationsLoop exiting
43125 [main] INFO  o.a.s.d.supervisor - Shutting down sup1:4f72aeea-db0d-4a7b-b6dd-a64c452cb3db
43125 [main] INFO  o.a.s.config - GET worker-user 4f72aeea-db0d-4a7b-b6dd-a64c452cb3db
43127 [main] INFO  o.a.s.config - REMOVE worker-user 4f72aeea-db0d-4a7b-b6dd-a64c452cb3db
43127 [main] INFO  o.a.s.d.supervisor - Shut down sup1:4f72aeea-db0d-4a7b-b6dd-a64c452cb3db
43127 [main] INFO  o.a.s.d.supervisor - Shutting down supervisor sup1
43127 [Thread-195] INFO  o.a.s.event - Event manager interrupted
43128 [Thread-196] INFO  o.a.s.event - Event manager interrupted
43128 [Curator-Framework-0] INFO  o.a.c.f.i.CuratorFrameworkImpl - backgroundOperationsLoop exiting
43130 [main] INFO  o.a.s.d.supervisor - Shutting down sup2:a1e75f2d-91e5-4d64-9baf-9d371bb5f410
43130 [main] INFO  o.a.s.config - GET worker-user a1e75f2d-91e5-4d64-9baf-9d371bb5f410
43131 [main] INFO  o.a.s.config - REMOVE worker-user a1e75f2d-91e5-4d64-9baf-9d371bb5f410
43131 [main] INFO  o.a.s.d.supervisor - Shut down sup2:a1e75f2d-91e5-4d64-9baf-9d371bb5f410
43131 [main] INFO  o.a.s.d.supervisor - Shutting down supervisor sup2
43132 [Thread-197] INFO  o.a.s.event - Event manager interrupted
43132 [Thread-198] INFO  o.a.s.event - Event manager interrupted
43132 [Curator-Framework-0] INFO  o.a.c.f.i.CuratorFrameworkImpl - backgroundOperationsLoop exiting
43134 [main] INFO  o.a.s.testing - Shutting down in process zookeeper
43135 [main] INFO  o.a.s.testing - Done shutting down in process zookeeper
43135 [main] INFO  o.a.s.testing - Deleting temporary path /tmp/3d1cd80e-4abd-4849-8342-727082b6a97e
43137 [main] INFO  o.a.s.testing - Deleting temporary path /tmp/fe048a9a-65a6-4f8c-b2e3-6f2928dcb001
43137 [main] INFO  o.a.s.testing - Deleting temporary path /tmp/b9dde6bf-aa48-493e-83d6-8f8010b38ac6
43138 [main] INFO  o.a.s.testing - Deleting temporary path /tmp/997b905f-260a-48ec-a166-3c59a6d31599
45230 [Thread-179] INFO  o.a.s.util - Async loop interrupted!
Tests run: 20, Passed: 69, Failures: 1, Errors: 0
Running org.apache.storm.scheduler.multitenant-scheduler-test
Tests run: 17, Passed: 235, Failures: 0, Errors: 0
Running org.apache.storm.security.auth.nimbus-auth-test
Tests run: 5, Passed: 39, Failures: 0, Errors: 0
Running org.apache.storm.security.auth.ThriftServer-test
Tests run: 2, Passed: 1, Failures: 0, Errors: 0
Running org.apache.storm.security.auth.AuthUtils-test
Tests run: 5, Passed: 6, Failures: 0, Errors: 0
Running org.apache.storm.logviewer-test
Tests run: 12, Passed: 118, Failures: 0, Errors: 0
Running org.apache.storm.worker-test
Tests run: 8, Passed: 35, Failures: 0, Errors: 0
Running integration.org.apache.storm.testing4j-test
Tests run: 8, Passed: 36, Failures: 0, Errors: 0
Running org.apache.storm.trident.state-test
Tests run: 5, Passed: 37, Failures: 0, Errors: 0
Running org.apache.storm.utils-test
Tests run: 5, Passed: 22, Failures: 0, Errors: 0
Running org.apache.storm.serialization.SerializationFactory-test
Tests run: 3, Passed: 3, Failures: 0, Errors: 0
Running org.apache.storm.security.auth.DefaultHttpCredentialsPlugin-test
Tests run: 2, Passed: 8, Failures: 0, Errors: 0
Running org.apache.storm.security.auth.auth-test
Tests run: 13, Passed: 94, Failures: 0, Errors: 0
Running org.apache.storm.clojure-test
Tests run: 3, Passed: 5, Failures: 0, Errors: 0
Running org.apache.storm.messaging-test
Tests run: 1, Passed: 2, Failures: 0, Errors: 0
Running org.apache.storm.drpc-test
72872 [Thread-728] INFO  o.a.s.util - Async loop interrupted!
75254 [Thread-779] INFO  o.a.s.util - Async loop interrupted!
77444 [Thread-830] INFO  o.a.s.util - Async loop interrupted!
80099 [Thread-852] INFO  o.a.s.util - Async loop interrupted!
87335 [Thread-886] INFO  o.a.s.util - Async loop interrupted!
Tests run: 7, Passed: 17, Failures: 0, Errors: 0
Running org.apache.storm.submitter-test
Tests run: 1, Passed: 13, Failures: 0, Errors: 0
Running org.apache.storm.security.auth.ReqContext-test
Tests run: 3, Passed: 4, Failures: 0, Errors: 0
Running org.apache.storm.fields-test
Tests run: 2, Passed: 22, Failures: 0, Errors: 0
Running integration.org.apache.storm.integration-test
101300 [Thread-885] INFO  o.a.s.util - Async loop interrupted!
Tests run: 18, Passed: 51, Failures: 0, Errors: 0
Running org.apache.storm.security.auth.authorizer.DRPCSimpleACLAuthorizer-test
Tests run: 7, Passed: 37, Failures: 0, Errors: 0
Running org.apache.storm.pacemaker-test
Tests run: 8, Passed: 58, Failures: 0, Errors: 0
Running org.apache.storm.metrics-test
Tests run: 8, Passed: 66, Failures: 0, Errors: 0
Running org.apache.storm.security.auth.ThriftClient-test
Tests run: 2, Passed: 4, Failures: 0, Errors: 0
Running org.apache.storm.scheduler-test
Tests run: 4, Passed: 64, Failures: 0, Errors: 0
Running org.apache.storm.scheduler.resource-aware-scheduler-test
Tests run: 8, Passed: 91, Failures: 0, Errors: 0
Running org.apache.storm.security.auth.SaslTransportPlugin-test
Tests run: 2, Passed: 8, Failures: 0, Errors: 0
Running org.apache.storm.local-state-test
Tests run: 2, Passed: 10, Failures: 0, Errors: 0
Running org.apache.storm.messaging.netty-unit-test
Tests run: 5, Passed: 24, Failures: 0, Errors: 0
Running org.apache.storm.tuple-test
Tests run: 4, Passed: 13, Failures: 0, Errors: 0
Running org.apache.storm.messaging.netty-integration-test
Tests run: 1, Passed: 1, Failures: 0, Errors: 0
Running org.apache.storm.tick-tuple-test
Tests run: 1, Passed: 1, Failures: 0, Errors: 0
Running integration.org.apache.storm.trident.integration-test
Tests run: 9, Passed: 141, Failures: 0, Errors: 0
Running org.apache.storm.grouping-test
Tests run: 5, Passed: 15, Failures: 0, Errors: 0
Running org.apache.storm.security.serialization.BlowfishTupleSerializer-test
Tests run: 3, Passed: 3, Failures: 0, Errors: 0
Running org.apache.storm.nimbus-test
197337 [main-SendThread(localhost:2181)] WARN  o.a.z.ClientCnxn - Session 0x0 for server null, unexpected error, closing socket connection and attempting reconnect
java.net.ConnectException: Connection refused
	at sun.nio.ch.SocketChannelImpl.checkConnect(Native Method) ~[?:1.8.0_31]
	at sun.nio.ch.SocketChannelImpl.finishConnect(SocketChannelImpl.java:716) ~[?:1.8.0_31]
	at org.apache.zookeeper.ClientCnxnSocketNIO.doTransport(ClientCnxnSocketNIO.java:361) ~[zookeeper-3.4.6.jar:3.4.6-1569965]
	at org.apache.zookeeper.ClientCnxn$SendThread.run(ClientCnxn.java:1081) [zookeeper-3.4.6.jar:3.4.6-1569965]
Tests run: 43, Passed: 795, Failures: 0, Errors: 0
Running org.apache.storm.subtopology-test
Tests run: 0, Passed: 0, Failures: 0, Errors: 0
Running org.apache.storm.cluster-test
Tests run: 10, Passed: 98, Failures: 0, Errors: 0
Running org.apache.storm.trident.tuple-test
Tests run: 6, Passed: 36, Failures: 0, Errors: 0
[INFO] ------------------------------------------------------------------------
[INFO] BUILD FAILURE
[INFO] ------------------------------------------------------------------------
[INFO] Total time: 05:48 min
[INFO] Finished at: 2016-06-07T05:24:26+00:00
[INFO] Final Memory: 34M/309M
[INFO] ------------------------------------------------------------------------
[ERROR] Failed to execute goal com.theoryinpractise:clojure-maven-plugin:1.7.1:test (test-clojure) on project storm-core: Clojure failed. -> [Help 1]
[ERROR] 
[ERROR] To see the full stack trace of the errors, re-run Maven with the -e switch.
[ERROR] Re-run Maven using the -X switch to enable full debug logging.
[ERROR] 
[ERROR] For more information about the errors and possible solutions, please read the following articles:
[ERROR] [Help 1] http://cwiki.apache.org/confluence/display/MAVEN/MojoExecutionException
Looking for errors in ./storm-core/target/surefire-reports
Checking ./storm-core/target/surefire-reports/TEST-org.apache.storm.utils.ShellBoltMessageQueueTest.xml
Checking ./storm-core/target/surefire-reports/TEST-org.apache.storm.utils.WorkerBackpressureThreadTest.xml
Checking ./storm-core/target/surefire-reports/TEST-org.apache.storm.utils.DisruptorQueueTest.xml
Checking ./storm-core/target/surefire-reports/TEST-org.apache.storm.utils.StormBoundedExponentialBackoffRetryTest.xml
Checking ./storm-core/target/surefire-reports/TEST-org.apache.storm.utils.DisruptorQueueBackpressureTest.xml
Checking ./storm-core/target/surefire-reports/TEST-org.apache.storm.utils.ThriftTopologyUtilsTest.xml
Checking ./storm-core/target/surefire-reports/TEST-org.apache.storm.spout.CheckpointSpoutTest.xml
Checking ./storm-core/target/surefire-reports/TEST-org.apache.storm.TestConfigValidate.xml
Checking ./storm-core/target/surefire-reports/TEST-org.apache.storm.serialization.GzipBridgeThriftSerializationDelegateTest.xml
Checking ./storm-core/target/surefire-reports/TEST-org.apache.storm.serialization.ThriftBridgeSerializationDelegateTest.xml
Checking ./storm-core/target/surefire-reports/TEST-org.apache.storm.serialization.GzipBridgeSerializationDelegateTest.xml
Checking ./storm-core/target/surefire-reports/TEST-org.apache.storm.blobstore.ClientBlobStoreTest.xml
Checking ./storm-core/target/surefire-reports/TEST-org.apache.storm.blobstore.BlobStoreTest.xml
Checking ./storm-core/target/surefire-reports/TEST-org.apache.storm.blobstore.BlobSynchronizerTest.xml
Checking ./storm-core/target/surefire-reports/TEST-org.apache.storm.trident.TridentWindowingTest.xml
Checking ./storm-core/target/surefire-reports/TEST-org.apache.storm.trident.TestTridentTopology.xml
Checking ./storm-core/target/surefire-reports/TEST-org.apache.storm.metric.internal.LatencyStatAndMetricTest.xml
Checking ./storm-core/target/surefire-reports/TEST-org.apache.storm.metric.internal.CountStatAndMetricTest.xml
Checking ./storm-core/target/surefire-reports/TEST-org.apache.storm.metric.internal.RateTrackerTest.xml
Checking ./storm-core/target/surefire-reports/TEST-org.apache.storm.windowing.WaterMarkEventGeneratorTest.xml
Checking ./storm-core/target/surefire-reports/TEST-org.apache.storm.windowing.WindowManagerTest.xml
Checking ./storm-core/target/surefire-reports/TEST-org.apache.storm.topology.StatefulBoltExecutorTest.xml
Checking ./storm-core/target/surefire-reports/TEST-org.apache.storm.topology.WindowedBoltExecutorTest.xml
Checking ./storm-core/target/surefire-reports/TEST-org.apache.storm.topology.StatefulWindowedBoltExecutorTest.xml
Checking ./storm-core/target/surefire-reports/TEST-org.apache.storm.topology.TopologyBuilderTest.xml
Checking ./storm-core/target/surefire-reports/TEST-org.apache.storm.localizer.LocalizerTest.xml
Checking ./storm-core/target/surefire-reports/TEST-org.apache.storm.localizer.LocalizedResourceRetentionSetTest.xml
Checking ./storm-core/target/surefire-reports/TEST-org.apache.storm.localizer.LocalizedResourceSetTest.xml
Checking ./storm-core/target/surefire-reports/TEST-org.apache.storm.scheduler.resource.TestResourceAwareScheduler.xml
Checking ./storm-core/target/surefire-reports/TEST-org.apache.storm.scheduler.resource.TestUser.xml
Checking ./storm-core/target/surefire-reports/TEST-org.apache.storm.grouping.PartialKeyGroupingTest.xml
Checking ./storm-core/target/surefire-reports/TEST-org.apache.storm.state.InMemoryKeyValueStateTest.xml
Looking for errors in ./storm-core/target/test-reports
Checking ./storm-core/target/test-reports/org.apache.storm.security.auth.auto-login-module-test.xml
Checking ./storm-core/target/test-reports/org.apache.storm.transactional-test.xml
Checking ./storm-core/target/test-reports/org.apache.storm.serialization-test.xml
Checking ./storm-core/target/test-reports/org.apache.storm.utils.ZookeeperServerCnxnFactory-test.xml
Checking ./storm-core/target/test-reports/org.apache.storm.versioned-store-test.xml
Checking ./storm-core/target/test-reports/org.apache.storm.security.auth.drpc-auth-test.xml
Checking ./storm-core/target/test-reports/org.apache.storm.pacemaker-state-factory-test.xml
Checking ./storm-core/target/test-reports/org.apache.storm.supervisor-test.xml
--------------------------------------------------
classname: org.apache.storm.supervisor-test / testname: test-multiple-active-storms-multiple-supervisors
expected: (= {["sup1" 1] 1, ["sup1" 2] 1, ["sup2" 1] 1} (:shutdown changed))
  actual: (not (= {["sup1" 1] 1, ["sup1" 2] 1, ["sup2" 1] 1} {["sup1" 1] 1, ["sup1" 2] 1, ["sup2" 1] 1, ["sup1" nil] 1}))
      at: test_runner.clj:105
-------------------- system-out --------------------

39732 [main] INFO  o.a.s.zookeeper - Starting inprocess zookeeper at port 2002 and dir /tmp/fe048a9a-65a6-4f8c-b2e3-6f2928dcb001
39756 [main] INFO  o.a.s.d.nimbus - Starting Nimbus with conf {"topology.builtin.metrics.bucket.size.secs" 60, "nimbus.childopts" "-Xmx1024m", "ui.filter.params" nil, "storm.cluster.mode" "local", "storm.messaging.netty.client_worker_threads" 1, "logviewer.max.per.worker.logs.size.mb" 2048, "supervisor.run.worker.as.user" false, "topology.max.task.parallelism" nil, "topology.priority" 29, "zmq.threads" 1, "storm.group.mapping.service" "org.apache.storm.security.auth.ShellBasedGroupsMapping", "transactional.zookeeper.root" "/transactional", "topology.sleep.spout.wait.strategy.time.ms" 1, "scheduler.display.resource" false, "topology.max.replication.wait.time.sec" 60, "drpc.invocations.port" 3773, "supervisor.localizer.cache.target.size.mb" 10240, "topology.multilang.serializer" "org.apache.storm.multilang.JsonSerializer", "storm.messaging.netty.server_worker_threads" 1, "nimbus.blobstore.class" "org.apache.storm.blobstore.LocalFsBlobStore", "resource.aware.scheduler.eviction.strategy" "org.apache.storm.scheduler.resource.strategies.eviction.DefaultEvictionStrategy", "topology.max.error.report.per.interval" 5, "storm.thrift.transport" "org.apache.storm.security.auth.SimpleTransportPlugin", "zmq.hwm" 0, "storm.group.mapping.service.params" nil, "worker.profiler.enabled" false, "storm.principal.tolocal" "org.apache.storm.security.auth.DefaultPrincipalToLocal", "supervisor.worker.shutdown.sleep.secs" 1, "pacemaker.host" "localhost", "storm.zookeeper.retry.times" 5, "ui.actions.enabled" true, "zmq.linger.millis" 0, "supervisor.enable" true, "topology.stats.sample.rate" 0.05, "storm.messaging.netty.min_wait_ms" 100, "worker.log.level.reset.poll.secs" 30, "storm.zookeeper.port" 2002, "supervisor.heartbeat.frequency.secs" 5, "topology.enable.message.timeouts" false, "supervisor.cpu.capacity" 400.0, "drpc.worker.threads" 64, "supervisor.blobstore.download.thread.count" 5, "drpc.queue.size" 128, "topology.backpressure.enable" true, "supervisor.blobstore.class" "org.apache.storm.blobstore.NimbusBlobStore", "storm.blobstore.inputstream.buffer.size.bytes" 65536, "topology.shellbolt.max.pending" 100, "drpc.https.keystore.password" "", "nimbus.code.sync.freq.secs" 120, "logviewer.port" 8000, "topology.scheduler.strategy" "org.apache.storm.scheduler.resource.strategies.scheduling.DefaultResourceAwareStrategy", "topology.executor.send.buffer.size" 1024, "resource.aware.scheduler.priority.strategy" "org.apache.storm.scheduler.resource.strategies.priority.DefaultSchedulingPriorityStrategy", "pacemaker.auth.method" "NONE", "storm.daemon.metrics.reporter.plugins" ["org.apache.storm.daemon.metrics.reporters.JmxPreparableReporter"], "topology.worker.logwriter.childopts" "-Xmx64m", "topology.spout.wait.strategy" "org.apache.storm.spout.SleepSpoutWaitStrategy", "ui.host" "0.0.0.0", "storm.nimbus.retry.interval.millis" 2000, "nimbus.inbox.jar.expiration.secs" 3600, "dev.zookeeper.path" "/tmp/dev-storm-zookeeper", "topology.acker.executors" nil, "topology.fall.back.on.java.serialization" true, "topology.eventlogger.executors" 0, "supervisor.localizer.cleanup.interval.ms" 600000, "storm.zookeeper.servers" ["localhost"], "nimbus.thrift.threads" 64, "logviewer.cleanup.age.mins" 10080, "topology.worker.childopts" nil, "topology.classpath" nil, "supervisor.monitor.frequency.secs" 3, "nimbus.credential.renewers.freq.secs" 600, "topology.skip.missing.kryo.registrations" true, "drpc.authorizer.acl.filename" "drpc-auth-acl.yaml", "pacemaker.kerberos.users" [], "storm.group.mapping.service.cache.duration.secs" 120, "NIMBUS-DO-NOT-REASSIGN" true, "topology.testing.always.try.serialize" false, "nimbus.monitor.freq.secs" 10, "storm.health.check.timeout.ms" 5000, "supervisor.supervisors" [], "topology.tasks" nil, "topology.bolts.outgoing.overflow.buffer.enable" false, "storm.messaging.netty.socket.backlog" 500, "topology.workers" 1, "pacemaker.base.threads" 10, "storm.local.dir" "/tmp/3d1cd80e-4abd-4849-8342-727082b6a97e", "topology.disable.loadaware" false, "worker.childopts" "-Xmx%HEAP-MEM%m -XX:+PrintGCDetails -Xloggc:artifacts/gc.log -XX:+PrintGCDateStamps -XX:+PrintGCTimeStamps -XX:+UseGCLogFileRotation -XX:NumberOfGCLogFiles=10 -XX:GCLogFileSize=1M -XX:+HeapDumpOnOutOfMemoryError -XX:HeapDumpPath=artifacts/heapdump", "storm.auth.simple-white-list.users" [], "topology.disruptor.batch.timeout.millis" 1, "topology.message.timeout.secs" 30, "topology.state.synchronization.timeout.secs" 60, "topology.tuple.serializer" "org.apache.storm.serialization.types.ListDelegateSerializer", "supervisor.supervisors.commands" [], "nimbus.blobstore.expiration.secs" 600, "logviewer.childopts" "-Xmx128m", "topology.environment" nil, "topology.debug" false, "topology.disruptor.batch.size" 100, "storm.messaging.netty.max_retries" 300, "ui.childopts" "-Xmx768m", "storm.network.topography.plugin" "org.apache.storm.networktopography.DefaultRackDNSToSwitchMapping", "storm.zookeeper.session.timeout" 20000, "drpc.childopts" "-Xmx768m", "drpc.http.creds.plugin" "org.apache.storm.security.auth.DefaultHttpCredentialsPlugin", "storm.zookeeper.connection.timeout" 15000, "storm.zookeeper.auth.user" nil, "storm.meta.serialization.delegate" "org.apache.storm.serialization.GzipThriftSerializationDelegate", "topology.max.spout.pending" nil, "storm.codedistributor.class" "org.apache.storm.codedistributor.LocalFileSystemCodeDistributor", "nimbus.supervisor.timeout.secs" 60, "nimbus.task.timeout.secs" 30, "drpc.port" 3772, "pacemaker.max.threads" 50, "storm.zookeeper.retry.intervalceiling.millis" 30000, "nimbus.thrift.port" 6627, "storm.auth.simple-acl.admins" [], "topology.component.cpu.pcore.percent" 10.0, "supervisor.memory.capacity.mb" 3072.0, "storm.nimbus.retry.times" 5, "supervisor.worker.start.timeout.secs" 5, "storm.zookeeper.retry.interval" 1000, "logs.users" nil, "worker.profiler.command" "flight.bash", "transactional.zookeeper.port" nil, "drpc.max_buffer_size" 1048576, "pacemaker.thread.timeout" 10, "task.credentials.poll.secs" 30, "blobstore.superuser" "travis", "drpc.https.keystore.type" "JKS", "topology.worker.receiver.thread.count" 1, "topology.state.checkpoint.interval.ms" 1000, "supervisor.slots.ports" [6700 6701 6702 6703], "topology.transfer.buffer.size" 1024, "storm.health.check.dir" "healthchecks", "topology.worker.shared.thread.pool.size" 4, "drpc.authorizer.acl.strict" false, "nimbus.file.copy.expiration.secs" 600, "worker.profiler.childopts" "-XX:+UnlockCommercialFeatures -XX:+FlightRecorder", "topology.executor.receive.buffer.size" 1024, "backpressure.disruptor.low.watermark" 0.4, "nimbus.task.launch.secs" 120, "storm.local.mode.zmq" false, "storm.messaging.netty.buffer_size" 5242880, "storm.cluster.state.store" "org.apache.storm.cluster_state.zookeeper_state_factory", "worker.heartbeat.frequency.secs" 1, "storm.log4j2.conf.dir" "log4j2", "ui.http.creds.plugin" "org.apache.storm.security.auth.DefaultHttpCredentialsPlugin", "storm.zookeeper.root" "/storm", "topology.tick.tuple.freq.secs" nil, "drpc.https.port" -1, "storm.workers.artifacts.dir" "workers-artifacts", "supervisor.blobstore.download.max_retries" 3, "task.refresh.poll.secs" 10, "storm.exhibitor.port" 8080, "task.heartbeat.frequency.secs" 3, "pacemaker.port" 6699, "storm.messaging.netty.max_wait_ms" 1000, "topology.component.resources.offheap.memory.mb" 0.0, "drpc.http.port" 3774, "topology.error.throttle.interval.secs" 10, "storm.messaging.transport" "org.apache.storm.messaging.netty.Context", "storm.messaging.netty.authentication" false, "topology.component.resources.onheap.memory.mb" 128.0, "topology.kryo.factory" "org.apache.storm.serialization.DefaultKryoFactory", "worker.gc.childopts" "", "nimbus.topology.validator" "org.apache.storm.nimbus.DefaultTopologyValidator", "nimbus.seeds" ["localhost"], "nimbus.queue.size" 100000, "nimbus.cleanup.inbox.freq.secs" 600, "storm.blobstore.replication.factor" 3, "worker.heap.memory.mb" 768, "logviewer.max.sum.worker.logs.size.mb" 4096, "pacemaker.childopts" "-Xmx1024m", "ui.users" nil, "transactional.zookeeper.servers" nil, "supervisor.worker.timeout.secs" 15, "storm.zookeeper.auth.password" nil, "storm.blobstore.acl.validation.enabled" false, "client.blobstore.class" "org.apache.storm.blobstore.NimbusBlobStore", "supervisor.childopts" "-Xmx256m", "topology.worker.max.heap.size.mb" 768.0, "backpressure.disruptor.high.watermark" 0.9, "ui.filter" nil, "ui.header.buffer.bytes" 4096, "topology.min.replication.count" 1, "topology.disruptor.wait.timeout.millis" 1000, "storm.nimbus.retry.intervalceiling.millis" 60000, "topology.trident.batch.emit.interval.millis" 50, "storm.auth.simple-acl.users" [], "drpc.invocations.threads" 64, "java.library.path" "/usr/local/lib:/opt/local/lib:/usr/lib", "ui.port" 8080, "storm.exhibitor.poll.uripath" "/exhibitor/v1/cluster/list", "storm.messaging.netty.transfer.batch.size" 262144, "logviewer.appender.name" "A1", "nimbus.thrift.max_buffer_size" 1048576, "storm.auth.simple-acl.users.commands" [], "drpc.request.timeout.secs" 600}
39756 [main] INFO  o.a.s.d.nimbus - Using default scheduler
39756 [main] INFO  o.a.c.f.i.CuratorFrameworkImpl - Starting
39758 [main] INFO  o.a.c.f.i.CuratorFrameworkImpl - Starting
39759 [main] INFO  o.a.s.b.FileBlobStoreImpl - Creating new blob store based in /tmp/3d1cd80e-4abd-4849-8342-727082b6a97e/blobs
39760 [main] INFO  o.a.c.f.i.CuratorFrameworkImpl - Starting
39773 [main-EventThread] INFO  o.a.c.f.s.ConnectionStateManager - State change: CONNECTED
39774 [main-EventThread] INFO  o.a.s.zookeeper - Zookeeper state update: :connected:none
39778 [main-EventThread] INFO  o.a.c.f.s.ConnectionStateManager - State change: CONNECTED
39779 [main-EventThread] INFO  o.a.c.f.s.ConnectionStateManager - State change: CONNECTED
39779 [main-EventThread] INFO  o.a.s.zookeeper - Zookeeper state update: :connected:none
39789 [Curator-Framework-0] INFO  o.a.c.f.i.CuratorFrameworkImpl - backgroundOperationsLoop exiting
39791 [main] INFO  o.a.c.f.i.CuratorFrameworkImpl - Starting
39796 [main] INFO  o.a.c.f.i.CuratorFrameworkImpl - Starting
39800 [main-EventThread] INFO  o.a.c.f.s.ConnectionStateManager - State change: CONNECTED
39800 [main-EventThread] INFO  o.a.c.f.s.ConnectionStateManager - State change: CONNECTED
39813 [main] INFO  o.a.s.zookeeper - Queued up for leader lock.
39819 [Thread-189-EventThread] INFO  o.a.c.f.s.ConnectionStateManager - State change: SUSPENDED
39819 [Thread-189-EventThread] WARN  o.a.s.c.zookeeper-state-factory - Received event :disconnected::none: with disconnected Writer Zookeeper.
39820 [main] INFO  o.a.s.d.m.MetricsUtils - Using statistics reporter plugin:org.apache.storm.daemon.metrics.reporters.JmxPreparableReporter
39820 [main] INFO  o.a.s.d.m.r.JmxPreparableReporter - Preparing...
39823 [main] INFO  o.a.s.d.common - Started statistics report plugin...
39823 [main] INFO  o.a.c.f.i.CuratorFrameworkImpl - Starting
39825 [main-EventThread] INFO  o.a.s.zookeeper - testing-worker-linux-docker-f961bc7f-3340-linux-11.prod.travis-ci.org gained leadership
39825 [main-EventThread] INFO  o.a.c.f.s.ConnectionStateManager - State change: CONNECTED
39826 [main-EventThread] INFO  o.a.s.zookeeper - Zookeeper state update: :connected:none
39826 [Curator-Framework-0] INFO  o.a.c.f.i.CuratorFrameworkImpl - backgroundOperationsLoop exiting
39827 [main] INFO  o.a.c.f.i.CuratorFrameworkImpl - Starting
39828 [main] INFO  o.a.c.f.i.CuratorFrameworkImpl - Starting
39829 [main-EventThread] INFO  o.a.c.f.s.ConnectionStateManager - State change: CONNECTED
39830 [main-EventThread] INFO  o.a.c.f.s.ConnectionStateManager - State change: CONNECTED
39830 [main-EventThread] INFO  o.a.s.zookeeper - Zookeeper state update: :connected:none
39830 [Curator-Framework-0] INFO  o.a.c.f.i.CuratorFrameworkImpl - backgroundOperationsLoop exiting
39831 [main] INFO  o.a.c.f.i.CuratorFrameworkImpl - Starting
39832 [main-EventThread] INFO  o.a.c.f.s.ConnectionStateManager - State change: CONNECTED
39839 [main] INFO  o.a.s.d.supervisor - Starting Supervisor with conf {"topology.builtin.metrics.bucket.size.secs" 60, "nimbus.childopts" "-Xmx1024m", "ui.filter.params" nil, "storm.cluster.mode" "local", "storm.messaging.netty.client_worker_threads" 1, "logviewer.max.per.worker.logs.size.mb" 2048, "supervisor.run.worker.as.user" false, "topology.max.task.parallelism" nil, "topology.priority" 29, "zmq.threads" 1, "storm.group.mapping.service" "org.apache.storm.security.auth.ShellBasedGroupsMapping", "transactional.zookeeper.root" "/transactional", "topology.sleep.spout.wait.strategy.time.ms" 1, "scheduler.display.resource" false, "topology.max.replication.wait.time.sec" 60, "drpc.invocations.port" 3773, "supervisor.localizer.cache.target.size.mb" 10240, "topology.multilang.serializer" "org.apache.storm.multilang.JsonSerializer", "storm.messaging.netty.server_worker_threads" 1, "nimbus.blobstore.class" "org.apache.storm.blobstore.LocalFsBlobStore", "resource.aware.scheduler.eviction.strategy" "org.apache.storm.scheduler.resource.strategies.eviction.DefaultEvictionStrategy", "topology.max.error.report.per.interval" 5, "storm.thrift.transport" "org.apache.storm.security.auth.SimpleTransportPlugin", "zmq.hwm" 0, "storm.group.mapping.service.params" nil, "worker.profiler.enabled" false, "storm.principal.tolocal" "org.apache.storm.security.auth.DefaultPrincipalToLocal", "supervisor.worker.shutdown.sleep.secs" 1, "pacemaker.host" "localhost", "storm.zookeeper.retry.times" 5, "ui.actions.enabled" true, "zmq.linger.millis" 0, "supervisor.enable" true, "topology.stats.sample.rate" 0.05, "storm.messaging.netty.min_wait_ms" 100, "worker.log.level.reset.poll.secs" 30, "storm.zookeeper.port" 2002, "supervisor.heartbeat.frequency.secs" 5, "topology.enable.message.timeouts" false, "supervisor.cpu.capacity" 400.0, "drpc.worker.threads" 64, "supervisor.blobstore.download.thread.count" 5, "drpc.queue.size" 128, "topology.backpressure.enable" true, "supervisor.blobstore.class" "org.apache.storm.blobstore.NimbusBlobStore", "storm.blobstore.inputstream.buffer.size.bytes" 65536, "topology.shellbolt.max.pending" 100, "drpc.https.keystore.password" "", "nimbus.code.sync.freq.secs" 120, "logviewer.port" 8000, "topology.scheduler.strategy" "org.apache.storm.scheduler.resource.strategies.scheduling.DefaultResourceAwareStrategy", "topology.executor.send.buffer.size" 1024, "resource.aware.scheduler.priority.strategy" "org.apache.storm.scheduler.resource.strategies.priority.DefaultSchedulingPriorityStrategy", "pacemaker.auth.method" "NONE", "storm.daemon.metrics.reporter.plugins" ["org.apache.storm.daemon.metrics.reporters.JmxPreparableReporter"], "topology.worker.logwriter.childopts" "-Xmx64m", "topology.spout.wait.strategy" "org.apache.storm.spout.SleepSpoutWaitStrategy", "ui.host" "0.0.0.0", "storm.nimbus.retry.interval.millis" 2000, "nimbus.inbox.jar.expiration.secs" 3600, "dev.zookeeper.path" "/tmp/dev-storm-zookeeper", "topology.acker.executors" nil, "topology.fall.back.on.java.serialization" true, "topology.eventlogger.executors" 0, "supervisor.localizer.cleanup.interval.ms" 600000, "storm.zookeeper.servers" ["localhost"], "nimbus.thrift.threads" 64, "logviewer.cleanup.age.mins" 10080, "topology.worker.childopts" nil, "topology.classpath" nil, "supervisor.monitor.frequency.secs" 3, "nimbus.credential.renewers.freq.secs" 600, "topology.skip.missing.kryo.registrations" true, "drpc.authorizer.acl.filename" "drpc-auth-acl.yaml", "pacemaker.kerberos.users" [], "storm.group.mapping.service.cache.duration.secs" 120, "NIMBUS-DO-NOT-REASSIGN" true, "topology.testing.always.try.serialize" false, "nimbus.monitor.freq.secs" 10, "storm.health.check.timeout.ms" 5000, "supervisor.supervisors" [], "topology.tasks" nil, "topology.bolts.outgoing.overflow.buffer.enable" false, "storm.messaging.netty.socket.backlog" 500, "topology.workers" 1, "pacemaker.base.threads" 10, "storm.local.dir" "/tmp/b9dde6bf-aa48-493e-83d6-8f8010b38ac6", "topology.disable.loadaware" false, "worker.childopts" "-Xmx%HEAP-MEM%m -XX:+PrintGCDetails -Xloggc:artifacts/gc.log -XX:+PrintGCDateStamps -XX:+PrintGCTimeStamps -XX:+UseGCLogFileRotation -XX:NumberOfGCLogFiles=10 -XX:GCLogFileSize=1M -XX:+HeapDumpOnOutOfMemoryError -XX:HeapDumpPath=artifacts/heapdump", "storm.auth.simple-white-list.users" [], "topology.disruptor.batch.timeout.millis" 1, "topology.message.timeout.secs" 30, "topology.state.synchronization.timeout.secs" 60, "topology.tuple.serializer" "org.apache.storm.serialization.types.ListDelegateSerializer", "supervisor.supervisors.commands" [], "nimbus.blobstore.expiration.secs" 600, "logviewer.childopts" "-Xmx128m", "topology.environment" nil, "topology.debug" false, "topology.disruptor.batch.size" 100, "storm.messaging.netty.max_retries" 300, "ui.childopts" "-Xmx768m", "storm.network.topography.plugin" "org.apache.storm.networktopography.DefaultRackDNSToSwitchMapping", "storm.zookeeper.session.timeout" 20000, "drpc.childopts" "-Xmx768m", "drpc.http.creds.plugin" "org.apache.storm.security.auth.DefaultHttpCredentialsPlugin", "storm.zookeeper.connection.timeout" 15000, "storm.zookeeper.auth.user" nil, "storm.meta.serialization.delegate" "org.apache.storm.serialization.GzipThriftSerializationDelegate", "topology.max.spout.pending" nil, "storm.codedistributor.class" "org.apache.storm.codedistributor.LocalFileSystemCodeDistributor", "nimbus.supervisor.timeout.secs" 60, "nimbus.task.timeout.secs" 30, "drpc.port" 3772, "pacemaker.max.threads" 50, "storm.zookeeper.retry.intervalceiling.millis" 30000, "nimbus.thrift.port" 6627, "storm.auth.simple-acl.admins" [], "topology.component.cpu.pcore.percent" 10.0, "supervisor.memory.capacity.mb" 3072.0, "storm.nimbus.retry.times" 5, "supervisor.worker.start.timeout.secs" 5, "storm.zookeeper.retry.interval" 1000, "logs.users" nil, "worker.profiler.command" "flight.bash", "transactional.zookeeper.port" nil, "drpc.max_buffer_size" 1048576, "pacemaker.thread.timeout" 10, "task.credentials.poll.secs" 30, "blobstore.superuser" "travis", "drpc.https.keystore.type" "JKS", "topology.worker.receiver.thread.count" 1, "topology.state.checkpoint.interval.ms" 1000, "supervisor.slots.ports" [1 2 3 4], "topology.transfer.buffer.size" 1024, "storm.health.check.dir" "healthchecks", "topology.worker.shared.thread.pool.size" 4, "drpc.authorizer.acl.strict" false, "nimbus.file.copy.expiration.secs" 600, "worker.profiler.childopts" "-XX:+UnlockCommercialFeatures -XX:+FlightRecorder", "topology.executor.receive.buffer.size" 1024, "backpressure.disruptor.low.watermark" 0.4, "nimbus.task.launch.secs" 120, "storm.local.mode.zmq" false, "storm.messaging.netty.buffer_size" 5242880, "storm.cluster.state.store" "org.apache.storm.cluster_state.zookeeper_state_factory", "worker.heartbeat.frequency.secs" 1, "storm.log4j2.conf.dir" "log4j2", "ui.http.creds.plugin" "org.apache.storm.security.auth.DefaultHttpCredentialsPlugin", "storm.zookeeper.root" "/storm", "topology.tick.tuple.freq.secs" nil, "drpc.https.port" -1, "storm.workers.artifacts.dir" "workers-artifacts", "supervisor.blobstore.download.max_retries" 3, "task.refresh.poll.secs" 10, "storm.exhibitor.port" 8080, "task.heartbeat.frequency.secs" 3, "pacemaker.port" 6699, "storm.messaging.netty.max_wait_ms" 1000, "topology.component.resources.offheap.memory.mb" 0.0, "drpc.http.port" 3774, "topology.error.throttle.interval.secs" 10, "storm.messaging.transport" "org.apache.storm.messaging.netty.Context", "storm.messaging.netty.authentication" false, "topology.component.resources.onheap.memory.mb" 128.0, "topology.kryo.factory" "org.apache.storm.serialization.DefaultKryoFactory", "worker.gc.childopts" "", "nimbus.topology.validator" "org.apache.storm.nimbus.DefaultTopologyValidator", "nimbus.seeds" ["localhost"], "nimbus.queue.size" 100000, "nimbus.cleanup.inbox.freq.secs" 600, "storm.blobstore.replication.factor" 3, "worker.heap.memory.mb" 768, "logviewer.max.sum.worker.logs.size.mb" 4096, "pacemaker.childopts" "-Xmx1024m", "ui.users" nil, "transactional.zookeeper.servers" nil, "supervisor.worker.timeout.secs" 15, "storm.zookeeper.auth.password" nil, "storm.blobstore.acl.validation.enabled" false, "client.blobstore.class" "org.apache.storm.blobstore.NimbusBlobStore", "supervisor.childopts" "-Xmx256m", "topology.worker.max.heap.size.mb" 768.0, "backpressure.disruptor.high.watermark" 0.9, "ui.filter" nil, "ui.header.buffer.bytes" 4096, "topology.min.replication.count" 1, "topology.disruptor.wait.timeout.millis" 1000, "storm.nimbus.retry.intervalceiling.millis" 60000, "topology.trident.batch.emit.interval.millis" 50, "storm.auth.simple-acl.users" [], "drpc.invocations.threads" 64, "java.library.path" "/usr/local/lib:/opt/local/lib:/usr/lib", "ui.port" 8080, "storm.exhibitor.poll.uripath" "/exhibitor/v1/cluster/list", "storm.messaging.netty.transfer.batch.size" 262144, "logviewer.appender.name" "A1", "nimbus.thrift.max_buffer_size" 1048576, "storm.auth.simple-acl.users.commands" [], "drpc.request.timeout.secs" 600}
39839 [main] INFO  o.a.s.l.Localizer - Reconstruct localized resource: /tmp/b9dde6bf-aa48-493e-83d6-8f8010b38ac6/supervisor/usercache
39839 [main] WARN  o.a.s.l.Localizer - No left over resources found for any user during reconstructing of local resources at: /tmp/b9dde6bf-aa48-493e-83d6-8f8010b38ac6/supervisor/usercache
39840 [main] INFO  o.a.c.f.i.CuratorFrameworkImpl - Starting
39842 [main-EventThread] INFO  o.a.c.f.s.ConnectionStateManager - State change: CONNECTED
39842 [main-EventThread] INFO  o.a.s.zookeeper - Zookeeper state update: :connected:none
39842 [Curator-Framework-0] INFO  o.a.c.f.i.CuratorFrameworkImpl - backgroundOperationsLoop exiting
39843 [main] INFO  o.a.c.f.i.CuratorFrameworkImpl - Starting
39845 [main-EventThread] INFO  o.a.c.f.s.ConnectionStateManager - State change: CONNECTED
39849 [main] INFO  o.a.s.d.supervisor - Starting supervisor with id sup1 at host testing-worker-linux-docker-f961bc7f-3340-linux-11.prod.travis-ci.org
39851 [main] INFO  o.a.s.d.supervisor - Starting Supervisor with conf {"topology.builtin.metrics.bucket.size.secs" 60, "nimbus.childopts" "-Xmx1024m", "ui.filter.params" nil, "storm.cluster.mode" "local", "storm.messaging.netty.client_worker_threads" 1, "logviewer.max.per.worker.logs.size.mb" 2048, "supervisor.run.worker.as.user" false, "topology.max.task.parallelism" nil, "topology.priority" 29, "zmq.threads" 1, "storm.group.mapping.service" "org.apache.storm.security.auth.ShellBasedGroupsMapping", "transactional.zookeeper.root" "/transactional", "topology.sleep.spout.wait.strategy.time.ms" 1, "scheduler.display.resource" false, "topology.max.replication.wait.time.sec" 60, "drpc.invocations.port" 3773, "supervisor.localizer.cache.target.size.mb" 10240, "topology.multilang.serializer" "org.apache.storm.multilang.JsonSerializer", "storm.messaging.netty.server_worker_threads" 1, "nimbus.blobstore.class" "org.apache.storm.blobstore.LocalFsBlobStore", "resource.aware.scheduler.eviction.strategy" "org.apache.storm.scheduler.resource.strategies.eviction.DefaultEvictionStrategy", "topology.max.error.report.per.interval" 5, "storm.thrift.transport" "org.apache.storm.security.auth.SimpleTransportPlugin", "zmq.hwm" 0, "storm.group.mapping.service.params" nil, "worker.profiler.enabled" false, "storm.principal.tolocal" "org.apache.storm.security.auth.DefaultPrincipalToLocal", "supervisor.worker.shutdown.sleep.secs" 1, "pacemaker.host" "localhost", "storm.zookeeper.retry.times" 5, "ui.actions.enabled" true, "zmq.linger.millis" 0, "supervisor.enable" true, "topology.stats.sample.rate" 0.05, "storm.messaging.netty.min_wait_ms" 100, "worker.log.level.reset.poll.secs" 30, "storm.zookeeper.port" 2002, "supervisor.heartbeat.frequency.secs" 5, "topology.enable.message.timeouts" false, "supervisor.cpu.capacity" 400.0, "drpc.worker.threads" 64, "supervisor.blobstore.download.thread.count" 5, "drpc.queue.size" 128, "topology.backpressure.enable" true, "supervisor.blobstore.class" "org.apache.storm.blobstore.NimbusBlobStore", "storm.blobstore.inputstream.buffer.size.bytes" 65536, "topology.shellbolt.max.pending" 100, "drpc.https.keystore.password" "", "nimbus.code.sync.freq.secs" 120, "logviewer.port" 8000, "topology.scheduler.strategy" "org.apache.storm.scheduler.resource.strategies.scheduling.DefaultResourceAwareStrategy", "topology.executor.send.buffer.size" 1024, "resource.aware.scheduler.priority.strategy" "org.apache.storm.scheduler.resource.strategies.priority.DefaultSchedulingPriorityStrategy", "pacemaker.auth.method" "NONE", "storm.daemon.metrics.reporter.plugins" ["org.apache.storm.daemon.metrics.reporters.JmxPreparableReporter"], "topology.worker.logwriter.childopts" "-Xmx64m", "topology.spout.wait.strategy" "org.apache.storm.spout.SleepSpoutWaitStrategy", "ui.host" "0.0.0.0", "storm.nimbus.retry.interval.millis" 2000, "nimbus.inbox.jar.expiration.secs" 3600, "dev.zookeeper.path" "/tmp/dev-storm-zookeeper", "topology.acker.executors" nil, "topology.fall.back.on.java.serialization" true, "topology.eventlogger.executors" 0, "supervisor.localizer.cleanup.interval.ms" 600000, "storm.zookeeper.servers" ["localhost"], "nimbus.thrift.threads" 64, "logviewer.cleanup.age.mins" 10080, "topology.worker.childopts" nil, "topology.classpath" nil, "supervisor.monitor.frequency.secs" 3, "nimbus.credential.renewers.freq.secs" 600, "topology.skip.missing.kryo.registrations" true, "drpc.authorizer.acl.filename" "drpc-auth-acl.yaml", "pacemaker.kerberos.users" [], "storm.group.mapping.service.cache.duration.secs" 120, "NIMBUS-DO-NOT-REASSIGN" true, "topology.testing.always.try.serialize" false, "nimbus.monitor.freq.secs" 10, "storm.health.check.timeout.ms" 5000, "supervisor.supervisors" [], "topology.tasks" nil, "topology.bolts.outgoing.overflow.buffer.enable" false, "storm.messaging.netty.socket.backlog" 500, "topology.workers" 1, "pacemaker.base.threads" 10, "storm.local.dir" "/tmp/997b905f-260a-48ec-a166-3c59a6d31599", "topology.disable.loadaware" false, "worker.childopts" "-Xmx%HEAP-MEM%m -XX:+PrintGCDetails -Xloggc:artifacts/gc.log -XX:+PrintGCDateStamps -XX:+PrintGCTimeStamps -XX:+UseGCLogFileRotation -XX:NumberOfGCLogFiles=10 -XX:GCLogFileSize=1M -XX:+HeapDumpOnOutOfMemoryError -XX:HeapDumpPath=artifacts/heapdump", "storm.auth.simple-white-list.users" [], "topology.disruptor.batch.timeout.millis" 1, "topology.message.timeout.secs" 30, "topology.state.synchronization.timeout.secs" 60, "topology.tuple.serializer" "org.apache.storm.serialization.types.ListDelegateSerializer", "supervisor.supervisors.commands" [], "nimbus.blobstore.expiration.secs" 600, "logviewer.childopts" "-Xmx128m", "topology.environment" nil, "topology.debug" false, "topology.disruptor.batch.size" 100, "storm.messaging.netty.max_retries" 300, "ui.childopts" "-Xmx768m", "storm.network.topography.plugin" "org.apache.storm.networktopography.DefaultRackDNSToSwitchMapping", "storm.zookeeper.session.timeout" 20000, "drpc.childopts" "-Xmx768m", "drpc.http.creds.plugin" "org.apache.storm.security.auth.DefaultHttpCredentialsPlugin", "storm.zookeeper.connection.timeout" 15000, "storm.zookeeper.auth.user" nil, "storm.meta.serialization.delegate" "org.apache.storm.serialization.GzipThriftSerializationDelegate", "topology.max.spout.pending" nil, "storm.codedistributor.class" "org.apache.storm.codedistributor.LocalFileSystemCodeDistributor", "nimbus.supervisor.timeout.secs" 60, "nimbus.task.timeout.secs" 30, "drpc.port" 3772, "pacemaker.max.threads" 50, "storm.zookeeper.retry.intervalceiling.millis" 30000, "nimbus.thrift.port" 6627, "storm.auth.simple-acl.admins" [], "topology.component.cpu.pcore.percent" 10.0, "supervisor.memory.capacity.mb" 3072.0, "storm.nimbus.retry.times" 5, "supervisor.worker.start.timeout.secs" 5, "storm.zookeeper.retry.interval" 1000, "logs.users" nil, "worker.profiler.command" "flight.bash", "transactional.zookeeper.port" nil, "drpc.max_buffer_size" 1048576, "pacemaker.thread.timeout" 10, "task.credentials.poll.secs" 30, "blobstore.superuser" "travis", "drpc.https.keystore.type" "JKS", "topology.worker.receiver.thread.count" 1, "topology.state.checkpoint.interval.ms" 1000, "supervisor.slots.ports" [1 2], "topology.transfer.buffer.size" 1024, "storm.health.check.dir" "healthchecks", "topology.worker.shared.thread.pool.size" 4, "drpc.authorizer.acl.strict" false, "nimbus.file.copy.expiration.secs" 600, "worker.profiler.childopts" "-XX:+UnlockCommercialFeatures -XX:+FlightRecorder", "topology.executor.receive.buffer.size" 1024, "backpressure.disruptor.low.watermark" 0.4, "nimbus.task.launch.secs" 120, "storm.local.mode.zmq" false, "storm.messaging.netty.buffer_size" 5242880, "storm.cluster.state.store" "org.apache.storm.cluster_state.zookeeper_state_factory", "worker.heartbeat.frequency.secs" 1, "storm.log4j2.conf.dir" "log4j2", "ui.http.creds.plugin" "org.apache.storm.security.auth.DefaultHttpCredentialsPlugin", "storm.zookeeper.root" "/storm", "topology.tick.tuple.freq.secs" nil, "drpc.https.port" -1, "storm.workers.artifacts.dir" "workers-artifacts", "supervisor.blobstore.download.max_retries" 3, "task.refresh.poll.secs" 10, "storm.exhibitor.port" 8080, "task.heartbeat.frequency.secs" 3, "pacemaker.port" 6699, "storm.messaging.netty.max_wait_ms" 1000, "topology.component.resources.offheap.memory.mb" 0.0, "drpc.http.port" 3774, "topology.error.throttle.interval.secs" 10, "storm.messaging.transport" "org.apache.storm.messaging.netty.Context", "storm.messaging.netty.authentication" false, "topology.component.resources.onheap.memory.mb" 128.0, "topology.kryo.factory" "org.apache.storm.serialization.DefaultKryoFactory", "worker.gc.childopts" "", "nimbus.topology.validator" "org.apache.storm.nimbus.DefaultTopologyValidator", "nimbus.seeds" ["localhost"], "nimbus.queue.size" 100000, "nimbus.cleanup.inbox.freq.secs" 600, "storm.blobstore.replication.factor" 3, "worker.heap.memory.mb" 768, "logviewer.max.sum.worker.logs.size.mb" 4096, "pacemaker.childopts" "-Xmx1024m", "ui.users" nil, "transactional.zookeeper.servers" nil, "supervisor.worker.timeout.secs" 15, "storm.zookeeper.auth.password" nil, "storm.blobstore.acl.validation.enabled" false, "client.blobstore.class" "org.apache.storm.blobstore.NimbusBlobStore", "supervisor.childopts" "-Xmx256m", "topology.worker.max.heap.size.mb" 768.0, "backpressure.disruptor.high.watermark" 0.9, "ui.filter" nil, "ui.header.buffer.bytes" 4096, "topology.min.replication.count" 1, "topology.disruptor.wait.timeout.millis" 1000, "storm.nimbus.retry.intervalceiling.millis" 60000, "topology.trident.batch.emit.interval.millis" 50, "storm.auth.simple-acl.users" [], "drpc.invocations.threads" 64, "java.library.path" "/usr/local/lib:/opt/local/lib:/usr/lib", "ui.port" 8080, "storm.exhibitor.poll.uripath" "/exhibitor/v1/cluster/list", "storm.messaging.netty.transfer.batch.size" 262144, "logviewer.appender.name" "A1", "nimbus.thrift.max_buffer_size" 1048576, "storm.auth.simple-acl.users.commands" [], "drpc.request.timeout.secs" 600}
39851 [main] INFO  o.a.s.l.Localizer - Reconstruct localized resource: /tmp/997b905f-260a-48ec-a166-3c59a6d31599/supervisor/usercache
39851 [main] WARN  o.a.s.l.Localizer - No left over resources found for any user during reconstructing of local resources at: /tmp/997b905f-260a-48ec-a166-3c59a6d31599/supervisor/usercache
39861 [main] INFO  o.a.c.f.i.CuratorFrameworkImpl - Starting
39866 [main-EventThread] INFO  o.a.c.f.s.ConnectionStateManager - State change: CONNECTED
39866 [main-EventThread] INFO  o.a.s.zookeeper - Zookeeper state update: :connected:none
39867 [Curator-Framework-0] INFO  o.a.c.f.i.CuratorFrameworkImpl - backgroundOperationsLoop exiting
39867 [main] INFO  o.a.c.f.i.CuratorFrameworkImpl - Starting
39870 [main-EventThread] INFO  o.a.c.f.s.ConnectionStateManager - State change: CONNECTED
39874 [main] INFO  o.a.s.d.supervisor - Starting supervisor with id sup2 at host testing-worker-linux-docker-f961bc7f-3340-linux-11.prod.travis-ci.org
39875 [main] INFO  o.a.s.l.ThriftAccessLogger - Request ID: 1 access from:  principal:  operation: submitTopology
39877 [main] INFO  o.a.s.d.nimbus - Received topology submission for test with conf {"topology.max.task.parallelism" nil, "topology.submitter.principal" "", "topology.acker.executors" nil, "topology.eventlogger.executors" 0, "topology.workers" 3, "topology.message.timeout.secs" 40, "storm.zookeeper.superACL" nil, "topology.users" (), "topology.submitter.user" "travis", "topology.kryo.register" nil, "topology.kryo.decorators" (), "storm.id" "test-1-0", "topology.name" "test"}
39879 [main] INFO  o.a.s.d.nimbus - uploadedJar 
39881 [main] INFO  o.a.c.f.i.CuratorFrameworkImpl - Starting
39883 [main-EventThread] INFO  o.a.c.f.s.ConnectionStateManager - State change: CONNECTED
39887 [Curator-Framework-0] INFO  o.a.c.f.i.CuratorFrameworkImpl - backgroundOperationsLoop exiting
39887 [main] INFO  o.a.s.cluster - setup-path/blobstore/test-1-0-stormconf.ser/testing-worker-linux-docker-f961bc7f-3340-linux-11.prod.travis-ci.org:6627-1
39892 [main] INFO  o.a.c.f.i.CuratorFrameworkImpl - Starting
39895 [main-EventThread] INFO  o.a.c.f.s.ConnectionStateManager - State change: CONNECTED
39896 [Curator-Framework-0] INFO  o.a.c.f.i.CuratorFrameworkImpl - backgroundOperationsLoop exiting
39897 [main] INFO  o.a.s.cluster - setup-path/blobstore/test-1-0-stormcode.ser/testing-worker-linux-docker-f961bc7f-3340-linux-11.prod.travis-ci.org:6627-1
39901 [main] INFO  o.a.s.d.nimbus - desired replication count 1 achieved, current-replication-count for conf key = 1, current-replication-count for code key = 1, current-replication-count for jar key = 1
39913 [main] INFO  o.a.s.d.nimbus - Activating test: test-1-0
39920 [main] INFO  o.a.s.l.ThriftAccessLogger - Request ID: 1 access from:  principal:  operation: rebalance
39922 [main] INFO  o.a.s.d.nimbus - Delaying event :do-rebalance for 0 secs for test-1-0
39967 [timer] INFO  o.a.s.s.EvenScheduler - Available slots: (["sup1" 1] ["sup1" 2] ["sup1" 3] ["sup1" 4] ["sup2" 1] ["sup2" 2])
39969 [timer] INFO  o.a.s.d.nimbus - Setting new assignment for topology id test-1-0: #org.apache.storm.daemon.common.Assignment{:master-code-dir "/tmp/3d1cd80e-4abd-4849-8342-727082b6a97e", :node->host {"sup1" "testing-worker-linux-docker-f961bc7f-3340-linux-11.prod.travis-ci.org", "sup2" "testing-worker-linux-docker-f961bc7f-3340-linux-11.prod.travis-ci.org"}, :executor->node+port {[7 7] ["sup1" 1], [6 6] ["sup1" 2], [5 5] ["sup2" 1], [4 4] ["sup1" 1], [3 3] ["sup1" 2], [2 2] ["sup2" 1], [1 1] ["sup1" 1]}, :executor->start-time-secs {[1 1] 1, [4 4] 1, [7 7] 1, [2 2] 1, [5 5] 1, [3 3] 1, [6 6] 1}, :worker->resources {["sup1" 1] [0.0 0.0 0.0], ["sup1" 2] [0.0 0.0 0.0], ["sup2" 1] [0.0 0.0 0.0]}}
39975 [Thread-197] INFO  o.a.s.d.supervisor - Downloading code for storm id test-1-0
39975 [Thread-195] INFO  o.a.s.d.supervisor - Downloading code for storm id test-1-0
39975 [Thread-197] INFO  o.a.c.f.i.CuratorFrameworkImpl - Starting
39975 [Thread-195] INFO  o.a.c.f.i.CuratorFrameworkImpl - Starting
39981 [Thread-195] INFO  o.a.s.b.FileBlobStoreImpl - Creating new blob store based in /tmp/3d1cd80e-4abd-4849-8342-727082b6a97e/blobs
39982 [Thread-197] INFO  o.a.s.b.FileBlobStoreImpl - Creating new blob store based in /tmp/3d1cd80e-4abd-4849-8342-727082b6a97e/blobs
39987 [Thread-195-EventThread] INFO  o.a.c.f.s.ConnectionStateManager - State change: CONNECTED
39992 [Thread-197] INFO  o.a.s.d.supervisor - Copying resources at file:/home/travis/build/apache/storm/storm-core/target/test-classes/resources to /tmp/997b905f-260a-48ec-a166-3c59a6d31599/supervisor/stormdist/test-1-0/resources
39994 [Thread-197] INFO  o.a.s.d.supervisor - Finished downloading code for storm id test-1-0
39995 [Thread-198] INFO  o.a.s.d.supervisor - Launching worker with assignment {:storm-id "test-1-0", :executors [[5 5] [2 2]], :resources #object[org.apache.storm.generated.WorkerResources 0x2288858f "WorkerResources(mem_on_heap:0.0, mem_off_heap:0.0, cpu:0.0)"]} for this supervisor sup2 on port 1 with id 3bbf3cd9-87cf-4af1-9547-f32e80c6facd
39995 [Thread-198] INFO  o.a.s.config - SET worker-user 3bbf3cd9-87cf-4af1-9547-f32e80c6facd 
39996 [Thread-198] INFO  o.a.s.d.supervisor - 3bbf3cd9-87cf-4af1-9547-f32e80c6facd still hasn't started
39999 [Thread-195] INFO  o.a.s.d.supervisor - Copying resources at file:/home/travis/build/apache/storm/storm-core/target/test-classes/resources to /tmp/b9dde6bf-aa48-493e-83d6-8f8010b38ac6/supervisor/stormdist/test-1-0/resources
40000 [NIOServerCxn.Factory:0.0.0.0/0.0.0.0:2002] WARN  o.a.z.s.NIOServerCnxn - caught end of stream exception
org.apache.zookeeper.server.ServerCnxn$EndOfStreamException: Unable to read additional data from client sessionid 0x155294f07a5000f, likely client has closed socket
	at org.apache.zookeeper.server.NIOServerCnxn.doIO(NIOServerCnxn.java:228) [zookeeper-3.4.6.jar:3.4.6-1569965]
	at org.apache.zookeeper.server.NIOServerCnxnFactory.run(NIOServerCnxnFactory.java:208) [zookeeper-3.4.6.jar:3.4.6-1569965]
	at java.lang.Thread.run(Thread.java:745) [?:1.8.0_31]
40001 [Thread-195] INFO  o.a.s.d.supervisor - Finished downloading code for storm id test-1-0
40003 [Thread-196] INFO  o.a.s.d.supervisor - Launching worker with assignment {:storm-id "test-1-0", :executors [[7 7] [4 4] [1 1]], :resources #object[org.apache.storm.generated.WorkerResources 0x7ceca109 "WorkerResources(mem_on_heap:0.0, mem_off_heap:0.0, cpu:0.0)"]} for this supervisor sup1 on port 1 with id ce94d1ed-4b14-4e44-88d9-9ca9106608c1
40003 [Thread-196] INFO  o.a.s.config - SET worker-user ce94d1ed-4b14-4e44-88d9-9ca9106608c1 
40003 [Thread-196] INFO  o.a.s.d.supervisor - Launching worker with assignment {:storm-id "test-1-0", :executors [[6 6] [3 3]], :resources #object[org.apache.storm.generated.WorkerResources 0x722b50e4 "WorkerResources(mem_on_heap:0.0, mem_off_heap:0.0, cpu:0.0)"]} for this supervisor sup1 on port 2 with id 0551c0b8-82db-4758-a658-a6c967404bae
40004 [Thread-196] INFO  o.a.s.config - SET worker-user 0551c0b8-82db-4758-a658-a6c967404bae 
40005 [Thread-196] INFO  o.a.s.d.supervisor - ce94d1ed-4b14-4e44-88d9-9ca9106608c1 still hasn't started
40015 [Thread-196] INFO  o.a.s.d.supervisor - ce94d1ed-4b14-4e44-88d9-9ca9106608c1 still hasn't started
40017 [Thread-198] INFO  o.a.s.d.supervisor - 3bbf3cd9-87cf-4af1-9547-f32e80c6facd still hasn't started
40040 [main] INFO  o.a.s.l.ThriftAccessLogger - Request ID: 1 access from:  principal:  operation: submitTopology
40043 [main] INFO  o.a.s.d.nimbus - Received topology submission for test2 with conf {"topology.max.task.parallelism" nil, "topology.submitter.principal" "", "topology.acker.executors" nil, "topology.eventlogger.executors" 0, "topology.workers" 2, "storm.zookeeper.superACL" nil, "topology.users" (), "topology.submitter.user" "travis", "topology.kryo.register" nil, "topology.kryo.decorators" (), "storm.id" "test2-2-2", "topology.name" "test2"}
40045 [main] INFO  o.a.s.d.nimbus - uploadedJar 
40047 [main] INFO  o.a.c.f.i.CuratorFrameworkImpl - Starting
40052 [main-EventThread] INFO  o.a.c.f.s.ConnectionStateManager - State change: CONNECTED
40054 [Curator-Framework-0] INFO  o.a.c.f.i.CuratorFrameworkImpl - backgroundOperationsLoop exiting
40055 [main] INFO  o.a.s.cluster - setup-path/blobstore/test2-2-2-stormconf.ser/testing-worker-linux-docker-f961bc7f-3340-linux-11.prod.travis-ci.org:6627-1
40058 [main] INFO  o.a.c.f.i.CuratorFrameworkImpl - Starting
40069 [main-EventThread] INFO  o.a.c.f.s.ConnectionStateManager - State change: CONNECTED
40071 [Curator-Framework-0] INFO  o.a.c.f.i.CuratorFrameworkImpl - backgroundOperationsLoop exiting
40072 [main] INFO  o.a.s.cluster - setup-path/blobstore/test2-2-2-stormcode.ser/testing-worker-linux-docker-f961bc7f-3340-linux-11.prod.travis-ci.org:6627-1
40076 [main] INFO  o.a.s.d.nimbus - desired replication count 1 achieved, current-replication-count for conf key = 1, current-replication-count for code key = 1, current-replication-count for jar key = 1
40087 [main] INFO  o.a.s.d.nimbus - Activating test2: test2-2-2
40095 [main] INFO  o.a.s.l.ThriftAccessLogger - Request ID: 1 access from:  principal:  operation: rebalance
40096 [main] INFO  o.a.s.d.nimbus - Delaying event :do-rebalance for 0 secs for test2-2-2
40178 [timer] INFO  o.a.s.s.EvenScheduler - Available slots: (["sup1" 3] ["sup1" 4] ["sup2" 2])
40194 [timer] INFO  o.a.s.d.nimbus - Setting new assignment for topology id test2-2-2: #org.apache.storm.daemon.common.Assignment{:master-code-dir "/tmp/3d1cd80e-4abd-4849-8342-727082b6a97e", :node->host {"sup1" "testing-worker-linux-docker-f961bc7f-3340-linux-11.prod.travis-ci.org", "sup2" "testing-worker-linux-docker-f961bc7f-3340-linux-11.prod.travis-ci.org"}, :executor->node+port {[4 4] ["sup2" 2], [3 3] ["sup1" 3], [2 2] ["sup2" 2], [1 1] ["sup1" 3], [5 5] ["sup1" 3]}, :executor->start-time-secs {[1 1] 3, [3 3] 3, [5 5] 3, [2 2] 3, [4 4] 3}, :worker->resources {["sup2" 2] [0.0 0.0 0.0], ["sup1" 3] [0.0 0.0 0.0]}}
40202 [Thread-197] INFO  o.a.s.d.supervisor - Downloading code for storm id test2-2-2
40202 [Thread-197] INFO  o.a.c.f.i.CuratorFrameworkImpl - Starting
40203 [Thread-195] INFO  o.a.s.d.supervisor - Downloading code for storm id test2-2-2
40203 [Thread-195] INFO  o.a.c.f.i.CuratorFrameworkImpl - Starting
40264 [Thread-195-EventThread] INFO  o.a.c.f.s.ConnectionStateManager - State change: CONNECTED
40288 [Thread-195] INFO  o.a.s.b.FileBlobStoreImpl - Creating new blob store based in /tmp/3d1cd80e-4abd-4849-8342-727082b6a97e/blobs
40293 [Thread-197-EventThread] INFO  o.a.c.f.s.ConnectionStateManager - State change: CONNECTED
40316 [Thread-197] INFO  o.a.s.b.FileBlobStoreImpl - Creating new blob store based in /tmp/3d1cd80e-4abd-4849-8342-727082b6a97e/blobs
40323 [Curator-Framework-0] INFO  o.a.c.f.i.CuratorFrameworkImpl - backgroundOperationsLoop exiting
40327 [Thread-197] INFO  o.a.s.d.supervisor - Copying resources at file:/home/travis/build/apache/storm/storm-core/target/test-classes/resources to /tmp/997b905f-260a-48ec-a166-3c59a6d31599/supervisor/stormdist/test2-2-2/resources
40328 [Thread-197] INFO  o.a.s.d.supervisor - Finished downloading code for storm id test2-2-2
40331 [Thread-198] INFO  o.a.s.d.supervisor - Launching worker with assignment {:storm-id "test2-2-2", :executors [[4 4] [2 2]], :resources #object[org.apache.storm.generated.WorkerResources 0x2870eeff "WorkerResources(mem_on_heap:0.0, mem_off_heap:0.0, cpu:0.0)"]} for this supervisor sup2 on port 2 with id a1e75f2d-91e5-4d64-9baf-9d371bb5f410
40332 [Thread-198] INFO  o.a.s.config - SET worker-user a1e75f2d-91e5-4d64-9baf-9d371bb5f410 
40332 [Thread-195] INFO  o.a.s.d.supervisor - Copying resources at file:/home/travis/build/apache/storm/storm-core/target/test-classes/resources to /tmp/b9dde6bf-aa48-493e-83d6-8f8010b38ac6/supervisor/stormdist/test2-2-2/resources
40332 [Thread-198] INFO  o.a.s.d.supervisor - a1e75f2d-91e5-4d64-9baf-9d371bb5f410 still hasn't started
40334 [Thread-195] INFO  o.a.s.d.supervisor - Finished downloading code for storm id test2-2-2
40338 [Thread-196] INFO  o.a.s.d.supervisor - Launching worker with assignment {:storm-id "test2-2-2", :executors [[3 3] [1 1] [5 5]], :resources #object[org.apache.storm.generated.WorkerResources 0x33165adf "WorkerResources(mem_on_heap:0.0, mem_off_heap:0.0, cpu:0.0)"]} for this supervisor sup1 on port 3 with id 4f72aeea-db0d-4a7b-b6dd-a64c452cb3db
40338 [Thread-196] INFO  o.a.s.config - SET worker-user 4f72aeea-db0d-4a7b-b6dd-a64c452cb3db 
40339 [Thread-196] INFO  o.a.s.d.supervisor - 4f72aeea-db0d-4a7b-b6dd-a64c452cb3db still hasn't started
40359 [Thread-196] INFO  o.a.s.d.supervisor - 4f72aeea-db0d-4a7b-b6dd-a64c452cb3db still hasn't started
40363 [Thread-198] INFO  o.a.s.d.supervisor - a1e75f2d-91e5-4d64-9baf-9d371bb5f410 still hasn't started
40389 [main] INFO  o.a.s.l.ThriftAccessLogger - Request ID: 1 access from:  principal:  operation: killTopology
40404 [main] INFO  o.a.s.d.nimbus - Delaying event :remove for 40 secs for test-1-0
40408 [main] INFO  o.a.s.d.nimbus - Adding topo to history log: test-1-0
40922 [Thread-189-EventThread] WARN  o.a.c.ConnectionState - Session expired event received
40923 [Thread-189-EventThread] INFO  o.a.c.f.s.ConnectionStateManager - State change: LOST
40923 [Thread-189-EventThread] WARN  o.a.s.c.zookeeper-state-factory - Received event :expired::none: with disconnected Writer Zookeeper.
40924 [Thread-189-EventThread] INFO  o.a.c.f.s.ConnectionStateManager - State change: RECONNECTED
41126 [timer] INFO  o.a.s.d.nimbus - Killing topology: test-1-0
41132 [Thread-197] INFO  o.a.s.d.supervisor - Removing code for storm id test-1-0
41132 [Thread-195] INFO  o.a.s.d.supervisor - Removing code for storm id test-1-0
41141 [Thread-198] INFO  o.a.s.d.supervisor - Shutting down and clearing state for id 3bbf3cd9-87cf-4af1-9547-f32e80c6facd. Current supervisor time: 44. State: :disallowed, Heartbeat: {:time-secs 36, :storm-id "test-1-0", :executors [[5 5] [2 2]], :port 1}
41143 [Thread-196] INFO  o.a.s.d.supervisor - Shutting down and clearing state for id ce94d1ed-4b14-4e44-88d9-9ca9106608c1. Current supervisor time: 44. State: :disallowed, Heartbeat: {:time-secs 36, :storm-id "test-1-0", :executors [[7 7] [4 4] [1 1]], :port 1}
41143 [Thread-196] INFO  o.a.s.d.supervisor - Shutting down sup1:ce94d1ed-4b14-4e44-88d9-9ca9106608c1
41143 [Thread-196] INFO  o.a.s.config - GET worker-user ce94d1ed-4b14-4e44-88d9-9ca9106608c1
41144 [Thread-196] INFO  o.a.s.config - REMOVE worker-user ce94d1ed-4b14-4e44-88d9-9ca9106608c1
41144 [Thread-196] INFO  o.a.s.d.supervisor - Shut down sup1:ce94d1ed-4b14-4e44-88d9-9ca9106608c1
41144 [Thread-196] INFO  o.a.s.d.supervisor - Shutting down and clearing state for id 0551c0b8-82db-4758-a658-a6c967404bae. Current supervisor time: 44. State: :disallowed, Heartbeat: {:time-secs 36, :storm-id "test-1-0", :executors [[6 6] [3 3]], :port 2}
41144 [Thread-196] INFO  o.a.s.d.supervisor - Shutting down sup1:0551c0b8-82db-4758-a658-a6c967404bae
41144 [Thread-196] INFO  o.a.s.config - GET worker-user 0551c0b8-82db-4758-a658-a6c967404bae
41146 [Thread-196] INFO  o.a.s.config - REMOVE worker-user 0551c0b8-82db-4758-a658-a6c967404bae
41146 [Thread-196] INFO  o.a.s.d.supervisor - Shut down sup1:0551c0b8-82db-4758-a658-a6c967404bae
41147 [Thread-198] INFO  o.a.s.d.supervisor - Shutting down sup2:3bbf3cd9-87cf-4af1-9547-f32e80c6facd
41147 [Thread-198] INFO  o.a.s.config - GET worker-user 3bbf3cd9-87cf-4af1-9547-f32e80c6facd
41147 [Thread-196] INFO  o.a.s.d.supervisor - Shutting down and clearing state for id 0551c0b8-82db-4758-a658-a6c967404bae. Current supervisor time: 44. State: :not-started, Heartbeat: nil
41148 [Thread-196] INFO  o.a.s.d.supervisor - Shutting down sup1:0551c0b8-82db-4758-a658-a6c967404bae
41148 [Thread-196] INFO  o.a.s.config - GET worker-user 0551c0b8-82db-4758-a658-a6c967404bae
41148 [Thread-196] WARN  o.a.s.config - Failed to get worker user for 0551c0b8-82db-4758-a658-a6c967404bae. #error {
 :cause /tmp/b9dde6bf-aa48-493e-83d6-8f8010b38ac6/workers-users/0551c0b8-82db-4758-a658-a6c967404bae (No such file or directory)
 :via
 [{:type java.io.FileNotFoundException
   :message /tmp/b9dde6bf-aa48-493e-83d6-8f8010b38ac6/workers-users/0551c0b8-82db-4758-a658-a6c967404bae (No such file or directory)
   :at [java.io.FileInputStream open FileInputStream.java -2]}]
 :trace
 [[java.io.FileInputStream open FileInputStream.java -2]
  [java.io.FileInputStream <init> FileInputStream.java 138]
  [clojure.java.io$fn__9189 invoke io.clj 229]
  [clojure.java.io$fn__9102$G__9095__9109 invoke io.clj 69]
  [clojure.java.io$fn__9201 invoke io.clj 258]
  [clojure.java.io$fn__9102$G__9095__9109 invoke io.clj 69]
  [clojure.java.io$fn__9163 invoke io.clj 165]
  [clojure.java.io$fn__9115$G__9091__9122 invoke io.clj 69]
  [clojure.java.io$reader doInvoke io.clj 102]
  [clojure.lang.RestFn invoke RestFn.java 410]
  [clojure.lang.AFn applyToHelper AFn.java 154]
  [clojure.lang.RestFn applyTo RestFn.java 132]
  [clojure.core$apply invoke core.clj 632]
  [clojure.core$slurp doInvoke core.clj 6653]
  [clojure.lang.RestFn invoke RestFn.java 410]
  [org.apache.storm.config$get_worker_user invoke config.clj 239]
  [org.apache.storm.daemon.supervisor$shutdown_worker invoke supervisor.clj 281]
  [org.apache.storm.testing$mk_capture_shutdown_fn$fn__9556 invoke testing.clj 372]
  [org.apache.storm.daemon.supervisor$sync_processes invoke supervisor.clj 427]
  [clojure.core$partial$fn__4527 invoke core.clj 2492]
  [org.apache.storm.event$event_manager$fn__8629 invoke event.clj 40]
  [clojure.lang.AFn run AFn.java 22]
  [java.lang.Thread run Thread.java 745]]}
41149 [Thread-198] INFO  o.a.s.config - REMOVE worker-user 3bbf3cd9-87cf-4af1-9547-f32e80c6facd
41149 [Thread-198] INFO  o.a.s.d.supervisor - Shut down sup2:3bbf3cd9-87cf-4af1-9547-f32e80c6facd
41151 [Thread-196] INFO  o.a.s.config - REMOVE worker-user 0551c0b8-82db-4758-a658-a6c967404bae
41151 [Thread-196] INFO  o.a.s.d.supervisor - Shut down sup1:0551c0b8-82db-4758-a658-a6c967404bae
            
--------------------------------------------------
Checking ./storm-core/target/test-reports/org.apache.storm.scheduler.multitenant-scheduler-test.xml
Checking ./storm-core/target/test-reports/org.apache.storm.security.auth.nimbus-auth-test.xml
Checking ./storm-core/target/test-reports/org.apache.storm.security.auth.ThriftServer-test.xml
Checking ./storm-core/target/test-reports/org.apache.storm.security.auth.AuthUtils-test.xml
Checking ./storm-core/target/test-reports/org.apache.storm.logviewer-test.xml
Checking ./storm-core/target/test-reports/org.apache.storm.worker-test.xml
Checking ./storm-core/target/test-reports/integration.org.apache.storm.testing4j-test.xml
Checking ./storm-core/target/test-reports/org.apache.storm.trident.state-test.xml
Checking ./storm-core/target/test-reports/org.apache.storm.utils-test.xml
Checking ./storm-core/target/test-reports/org.apache.storm.serialization.SerializationFactory-test.xml
Checking ./storm-core/target/test-reports/org.apache.storm.security.auth.DefaultHttpCredentialsPlugin-test.xml
Checking ./storm-core/target/test-reports/org.apache.storm.security.auth.auth-test.xml
Checking ./storm-core/target/test-reports/org.apache.storm.clojure-test.xml
Checking ./storm-core/target/test-reports/org.apache.storm.messaging-test.xml
Checking ./storm-core/target/test-reports/org.apache.storm.drpc-test.xml
Checking ./storm-core/target/test-reports/org.apache.storm.submitter-test.xml
Checking ./storm-core/target/test-reports/org.apache.storm.security.auth.ReqContext-test.xml
Checking ./storm-core/target/test-reports/org.apache.storm.fields-test.xml
Checking ./storm-core/target/test-reports/integration.org.apache.storm.integration-test.xml
Checking ./storm-core/target/test-reports/org.apache.storm.security.auth.authorizer.DRPCSimpleACLAuthorizer-test.xml
Checking ./storm-core/target/test-reports/org.apache.storm.pacemaker-test.xml
Checking ./storm-core/target/test-reports/org.apache.storm.metrics-test.xml
Checking ./storm-core/target/test-reports/org.apache.storm.security.auth.ThriftClient-test.xml
Checking ./storm-core/target/test-reports/org.apache.storm.scheduler-test.xml
Checking ./storm-core/target/test-reports/org.apache.storm.scheduler.resource-aware-scheduler-test.xml
Checking ./storm-core/target/test-reports/org.apache.storm.security.auth.SaslTransportPlugin-test.xml
Checking ./storm-core/target/test-reports/org.apache.storm.local-state-test.xml
Checking ./storm-core/target/test-reports/org.apache.storm.messaging.netty-unit-test.xml
Checking ./storm-core/target/test-reports/org.apache.storm.tuple-test.xml
Checking ./storm-core/target/test-reports/org.apache.storm.messaging.netty-integration-test.xml
Checking ./storm-core/target/test-reports/org.apache.storm.tick-tuple-test.xml
Checking ./storm-core/target/test-reports/integration.org.apache.storm.trident.integration-test.xml
Checking ./storm-core/target/test-reports/org.apache.storm.grouping-test.xml
Checking ./storm-core/target/test-reports/org.apache.storm.security.serialization.BlowfishTupleSerializer-test.xml
Checking ./storm-core/target/test-reports/org.apache.storm.nimbus-test.xml
Checking ./storm-core/target/test-reports/org.apache.storm.subtopology-test.xml
Checking ./storm-core/target/test-reports/org.apache.storm.cluster-test.xml
Checking ./storm-core/target/test-reports/org.apache.storm.trident.tuple-test.xml

travis_time:end:09b0cd56:start=1465276717067851075,finish=1465277068979147047,duration=351911295972[0K
[31;1mThe command "/bin/bash ./dev-tools/travis/travis-script.sh `pwd` $MODULES" exited with 1.[0m
travis_fold:start:cache.2[0Kstore build cache
travis_time:start:06fdab3e[0K
travis_time:end:06fdab3e:start=1465277068983514122,finish=1465277068987140340,duration=3626218[0Ktravis_time:start:14bd1c90[0K[32;1mchange detected (content changed, file is created, or file is deleted):
/home/travis/.m2/repository/eigenbase/eigenbase-properties/1.1.4/eigenbase-properties-1.1.4.pom.lastUpdated
/home/travis/.m2/repository/io/confluent/kafka-avro-serializer/1.0/kafka-avro-serializer-1.0.pom.lastUpdated
/home/travis/.m2/repository/io/confluent/kafka-schema-registry-client/1.0/kafka-schema-registry-client-1.0.pom.lastUpdated
/home/travis/.m2/repository/net/hydromatic/linq4j/0.4/linq4j-0.4.pom.lastUpdated
/home/travis/.m2/repository/net/hydromatic/quidem/0.1.1/quidem-0.1.1.pom.lastUpdated
/home/travis/.m2/repository/org/apache/storm/flux/1.1.0-SNAPSHOT/maven-metadata-local.xml
/home/travis/.m2/repository/org/apache/storm/flux/1.1.0-SNAPSHOT/_remote.repositories
/home/travis/.m2/repository/org/apache/storm/flux-core/1.1.0-SNAPSHOT/flux-core-1.1.0-SNAPSHOT.jar
/home/travis/.m2/repository/org/apache/storm/flux-core/1.1.0-SNAPSHOT/maven-metadata-local.xml
/home/travis/.m2/repository/org/apache/storm/flux-core/1.1.0-SNAPSHOT/_remote.repositories
/home/travis/.m2/repository/org/ap
[0m
[32;1m...
[0m
[32;1mchanges detected, packing new archive[0m
.
.
.
.
.
.
.
.
.
[32;1muploading archive[0m

travis_time:end:14bd1c90:start=1465277068991418996,finish=1465277143385480967,duration=74394061971[0Ktravis_fold:end:cache.2[0K
Done. Your build exited with 1.
