Using worker: worker-linux-docker-3b20f0c3.prod.travis-ci.org:travis-linux-9

travis_fold:start:system_info[0K[33;1mBuild system information[0m
Build language: java
Build group: stable
Build dist: precise
[34m[1mBuild image provisioning date and time[0m
Thu Feb  5 15:09:33 UTC 2015
[34m[1mOperating System Details[0m
Distributor ID:	Ubuntu
Description:	Ubuntu 12.04.5 LTS
Release:	12.04
Codename:	precise
[34m[1mLinux Version[0m
3.13.0-29-generic
[34m[1mCookbooks Version[0m
a68419e https://github.com/travis-ci/travis-cookbooks/tree/a68419e
[34m[1mGCC version[0m
gcc (Ubuntu/Linaro 4.6.3-1ubuntu5) 4.6.3
Copyright (C) 2011 Free Software Foundation, Inc.
This is free software; see the source for copying conditions.  There is NO
warranty; not even for MERCHANTABILITY or FITNESS FOR A PARTICULAR PURPOSE.

[34m[1mLLVM version[0m
clang version 3.4 (tags/RELEASE_34/final)
Target: x86_64-unknown-linux-gnu
Thread model: posix
[34m[1mPre-installed Ruby versions[0m
ruby-1.9.3-p551
[34m[1mPre-installed Node.js versions[0m
v0.10.36
[34m[1mPre-installed Go versions[0m
1.4.1
[34m[1mRedis version[0m
redis-server 2.8.19
[34m[1mriak version[0m
2.0.2
[34m[1mMongoDB version[0m
MongoDB 2.4.12
[34m[1mCouchDB version[0m
couchdb 1.6.1
[34m[1mNeo4j version[0m
1.9.4
[34m[1mRabbitMQ Version[0m
3.4.3
[34m[1mElasticSearch version[0m
1.4.0
[34m[1mInstalled Sphinx versions[0m
2.0.10
2.1.9
2.2.6
[34m[1mDefault Sphinx version[0m
2.2.6
[34m[1mInstalled Firefox version[0m
firefox 31.0esr
[34m[1mPhantomJS version[0m
1.9.8
[34m[1mant -version[0m
Apache Ant(TM) version 1.8.2 compiled on December 3 2011
[34m[1mmvn -version[0m
Apache Maven 3.2.5 (12a6b3acb947671f09b81f49094c53f426d8cea1; 2014-12-14T17:29:23+00:00)
Maven home: /usr/local/maven
Java version: 1.7.0_76, vendor: Oracle Corporation
Java home: /usr/lib/jvm/java-7-oracle/jre
Default locale: en_US, platform encoding: ANSI_X3.4-1968
OS name: "linux", version: "3.13.0-29-generic", arch: "amd64", family: "unix"
travis_fold:end:system_info[0K
travis_fold:start:fix.CVE-2015-7547[0K$ export DEBIAN_FRONTEND=noninteractive
W: Size of file /var/lib/apt/lists/us.archive.ubuntu.com_ubuntu_dists_precise-backports_multiverse_source_Sources.gz is not what the server reported 5886 5888
W: Size of file /var/lib/apt/lists/ppa.launchpad.net_ubuntugis_ppa_ubuntu_dists_precise_main_binary-amd64_Packages.gz is not what the server reported 36669 36677
W: Size of file /var/lib/apt/lists/ppa.launchpad.net_ubuntugis_ppa_ubuntu_dists_precise_main_binary-i386_Packages.gz is not what the server reported 36729 36733
Reading package lists...
Building dependency tree...
Reading state information...
The following extra packages will be installed:
  libc-bin libc-dev-bin libc6-dev
Suggested packages:
  glibc-doc
The following packages will be upgraded:
  libc-bin libc-dev-bin libc6 libc6-dev
4 upgraded, 0 newly installed, 0 to remove and 246 not upgraded.
Need to get 8,840 kB of archives.
After this operation, 14.3 kB disk space will be freed.
Get:1 http://us.archive.ubuntu.com/ubuntu/ precise-updates/main libc6-dev amd64 2.15-0ubuntu10.15 [2,943 kB]
Get:2 http://us.archive.ubuntu.com/ubuntu/ precise-updates/main libc-dev-bin amd64 2.15-0ubuntu10.15 [84.7 kB]
Get:3 http://us.archive.ubuntu.com/ubuntu/ precise-updates/main libc-bin amd64 2.15-0ubuntu10.15 [1,177 kB]
Get:4 http://us.archive.ubuntu.com/ubuntu/ precise-updates/main libc6 amd64 2.15-0ubuntu10.15 [4,636 kB]
Fetched 8,840 kB in 0s (27.7 MB/s)
Preconfiguring packages ...
(Reading database ... (Reading database ... 5%(Reading database ... 10%(Reading database ... 15%(Reading database ... 20%(Reading database ... 25%(Reading database ... 30%(Reading database ... 35%(Reading database ... 40%(Reading database ... 45%(Reading database ... 50%(Reading database ... 55%(Reading database ... 60%(Reading database ... 65%(Reading database ... 70%(Reading database ... 75%(Reading database ... 80%(Reading database ... 85%(Reading database ... 90%(Reading database ... 95%(Reading database ... 100%(Reading database ... 72019 files and directories currently installed.)
Preparing to replace libc6-dev 2.15-0ubuntu10.10 (using .../libc6-dev_2.15-0ubuntu10.15_amd64.deb) ...
Unpacking replacement libc6-dev ...
Preparing to replace libc-dev-bin 2.15-0ubuntu10.10 (using .../libc-dev-bin_2.15-0ubuntu10.15_amd64.deb) ...
Unpacking replacement libc-dev-bin ...
Preparing to replace libc-bin 2.15-0ubuntu10.10 (using .../libc-bin_2.15-0ubuntu10.15_amd64.deb) ...
Unpacking replacement libc-bin ...
Processing triggers for man-db ...
Setting up libc-bin (2.15-0ubuntu10.15) ...
(Reading database ... (Reading database ... 5%(Reading database ... 10%(Reading database ... 15%(Reading database ... 20%(Reading database ... 25%(Reading database ... 30%(Reading database ... 35%(Reading database ... 40%(Reading database ... 45%(Reading database ... 50%(Reading database ... 55%(Reading database ... 60%(Reading database ... 65%(Reading database ... 70%(Reading database ... 75%(Reading database ... 80%(Reading database ... 85%(Reading database ... 90%(Reading database ... 95%(Reading database ... 100%(Reading database ... 72018 files and directories currently installed.)
Preparing to replace libc6 2.15-0ubuntu10.10 (using .../libc6_2.15-0ubuntu10.15_amd64.deb) ...
Unpacking replacement libc6 ...
Setting up libc6 (2.15-0ubuntu10.15) ...
Setting up libc-dev-bin (2.15-0ubuntu10.15) ...
Setting up libc6-dev (2.15-0ubuntu10.15) ...
Processing triggers for libc-bin ...
ldconfig deferred processing now taking place
travis_fold:end:fix.CVE-2015-7547[0Ktravis_fold:start:git.checkout[0Ktravis_time:start:0094a7ea[0K$ git clone --depth=50 --branch=1.x-branch https://github.com/apache/storm.git apache/storm
Cloning into 'apache/storm'...
remote: Counting objects: 4836, done.[K
remote: Compressing objects:   0% (1/3089)   [Kremote: Compressing objects:   1% (31/3089)   [Kremote: Compressing objects:   2% (62/3089)   [Kremote: Compressing objects:   3% (93/3089)   [Kremote: Compressing objects:   4% (124/3089)   [Kremote: Compressing objects:   5% (155/3089)   [Kremote: Compressing objects:   6% (186/3089)   [Kremote: Compressing objects:   7% (217/3089)   [Kremote: Compressing objects:   8% (248/3089)   [Kremote: Compressing objects:   9% (279/3089)   [Kremote: Compressing objects:  10% (309/3089)   [Kremote: Compressing objects:  11% (340/3089)   [Kremote: Compressing objects:  12% (371/3089)   [Kremote: Compressing objects:  13% (402/3089)   [Kremote: Compressing objects:  14% (433/3089)   [Kremote: Compressing objects:  15% (464/3089)   [Kremote: Compressing objects:  16% (495/3089)   [Kremote: Compressing objects:  17% (526/3089)   [Kremote: Compressing objects:  18% (557/3089)   [Kremote: Compressing objects:  19% (587/3089)   [Kremote: Compressing objects:  20% (618/3089)   [Kremote: Compressing objects:  21% (649/3089)   [Kremote: Compressing objects:  22% (680/3089)   [Kremote: Compressing objects:  23% (711/3089)   [Kremote: Compressing objects:  24% (742/3089)   [Kremote: Compressing objects:  25% (773/3089)   [Kremote: Compressing objects:  26% (804/3089)   [Kremote: Compressing objects:  27% (835/3089)   [Kremote: Compressing objects:  28% (865/3089)   [Kremote: Compressing objects:  29% (896/3089)   [Kremote: Compressing objects:  30% (927/3089)   [Kremote: Compressing objects:  31% (958/3089)   [Kremote: Compressing objects:  32% (989/3089)   [Kremote: Compressing objects:  33% (1020/3089)   [Kremote: Compressing objects:  34% (1051/3089)   [Kremote: Compressing objects:  35% (1082/3089)   [Kremote: Compressing objects:  36% (1113/3089)   [Kremote: Compressing objects:  37% (1143/3089)   [Kremote: Compressing objects:  38% (1174/3089)   [Kremote: Compressing objects:  39% (1205/3089)   [Kremote: Compressing objects:  40% (1236/3089)   [Kremote: Compressing objects:  41% (1267/3089)   [Kremote: Compressing objects:  42% (1298/3089)   [Kremote: Compressing objects:  43% (1329/3089)   [Kremote: Compressing objects:  44% (1360/3089)   [Kremote: Compressing objects:  45% (1391/3089)   [Kremote: Compressing objects:  46% (1421/3089)   [Kremote: Compressing objects:  47% (1452/3089)   [Kremote: Compressing objects:  48% (1483/3089)   [Kremote: Compressing objects:  49% (1514/3089)   [Kremote: Compressing objects:  50% (1545/3089)   [Kremote: Compressing objects:  51% (1576/3089)   [Kremote: Compressing objects:  52% (1607/3089)   [Kremote: Compressing objects:  53% (1638/3089)   [Kremote: Compressing objects:  54% (1669/3089)   [Kremote: Compressing objects:  55% (1699/3089)   [Kremote: Compressing objects:  56% (1730/3089)   [Kremote: Compressing objects:  57% (1761/3089)   [Kremote: Compressing objects:  58% (1792/3089)   [Kremote: Compressing objects:  59% (1823/3089)   [Kremote: Compressing objects:  60% (1854/3089)   [Kremote: Compressing objects:  61% (1885/3089)   [Kremote: Compressing objects:  62% (1916/3089)   [Kremote: Compressing objects:  63% (1947/3089)   [Kremote: Compressing objects:  64% (1977/3089)   [Kremote: Compressing objects:  65% (2008/3089)   [Kremote: Compressing objects:  66% (2039/3089)   [Kremote: Compressing objects:  67% (2070/3089)   [Kremote: Compressing objects:  68% (2101/3089)   [Kremote: Compressing objects:  69% (2132/3089)   [Kremote: Compressing objects:  70% (2163/3089)   [Kremote: Compressing objects:  71% (2194/3089)   [Kremote: Compressing objects:  72% (2225/3089)   [Kremote: Compressing objects:  73% (2255/3089)   [Kremote: Compressing objects:  74% (2286/3089)   [Kremote: Compressing objects:  75% (2317/3089)   [Kremote: Compressing objects:  76% (2348/3089)   [Kremote: Compressing objects:  77% (2379/3089)   [Kremote: Compressing objects:  78% (2410/3089)   [Kremote: Compressing objects:  79% (2441/3089)   [Kremote: Compressing objects:  80% (2472/3089)   [Kremote: Compressing objects:  81% (2503/3089)   [Kremote: Compressing objects:  82% (2533/3089)   [Kremote: Compressing objects:  83% (2564/3089)   [Kremote: Compressing objects:  84% (2595/3089)   [Kremote: Compressing objects:  85% (2626/3089)   [Kremote: Compressing objects:  86% (2657/3089)   [Kremote: Compressing objects:  87% (2688/3089)   [Kremote: Compressing objects:  88% (2719/3089)   [Kremote: Compressing objects:  89% (2750/3089)   [Kremote: Compressing objects:  90% (2781/3089)   [Kremote: Compressing objects:  91% (2811/3089)   [Kremote: Compressing objects:  92% (2842/3089)   [Kremote: Compressing objects:  93% (2873/3089)   [Kremote: Compressing objects:  94% (2904/3089)   [Kremote: Compressing objects:  95% (2935/3089)   [Kremote: Compressing objects:  96% (2966/3089)   [Kremote: Compressing objects:  97% (2997/3089)   [Kremote: Compressing objects:  98% (3028/3089)   [Kremote: Compressing objects:  99% (3059/3089)   [Kremote: Compressing objects: 100% (3089/3089)   [Kremote: Compressing objects: 100% (3089/3089), done.[K
Receiving objects:   0% (1/4836)   Receiving objects:   1% (49/4836)   Receiving objects:   2% (97/4836)   Receiving objects:   3% (146/4836)   Receiving objects:   4% (194/4836)   Receiving objects:   5% (242/4836)   Receiving objects:   6% (291/4836)   Receiving objects:   7% (339/4836)   Receiving objects:   8% (387/4836)   Receiving objects:   9% (436/4836)   Receiving objects:  10% (484/4836)   Receiving objects:  11% (532/4836)   Receiving objects:  12% (581/4836)   Receiving objects:  13% (629/4836)   Receiving objects:  14% (678/4836)   Receiving objects:  15% (726/4836)   Receiving objects:  16% (774/4836)   Receiving objects:  17% (823/4836)   Receiving objects:  18% (871/4836)   Receiving objects:  19% (919/4836)   Receiving objects:  20% (968/4836)   Receiving objects:  21% (1016/4836)   Receiving objects:  22% (1064/4836)   Receiving objects:  23% (1113/4836)   Receiving objects:  24% (1161/4836)   Receiving objects:  25% (1209/4836)   Receiving objects:  26% (1258/4836)   Receiving objects:  27% (1306/4836)   Receiving objects:  28% (1355/4836)   Receiving objects:  29% (1403/4836)   Receiving objects:  30% (1451/4836)   Receiving objects:  31% (1500/4836)   Receiving objects:  32% (1548/4836)   Receiving objects:  33% (1596/4836)   Receiving objects:  34% (1645/4836)   Receiving objects:  35% (1693/4836)   Receiving objects:  36% (1741/4836)   Receiving objects:  37% (1790/4836)   Receiving objects:  38% (1838/4836)   Receiving objects:  39% (1887/4836)   Receiving objects:  40% (1935/4836)   Receiving objects:  41% (1983/4836)   Receiving objects:  42% (2032/4836)   Receiving objects:  43% (2080/4836)   Receiving objects:  44% (2128/4836)   Receiving objects:  45% (2177/4836)   Receiving objects:  46% (2225/4836)   Receiving objects:  47% (2273/4836)   Receiving objects:  48% (2322/4836)   Receiving objects:  49% (2370/4836)   Receiving objects:  50% (2418/4836)   Receiving objects:  51% (2467/4836)   Receiving objects:  52% (2515/4836)   Receiving objects:  53% (2564/4836)   Receiving objects:  54% (2612/4836)   Receiving objects:  55% (2660/4836)   Receiving objects:  56% (2709/4836)   Receiving objects:  57% (2757/4836)   Receiving objects:  58% (2805/4836)   Receiving objects:  59% (2854/4836)   Receiving objects:  60% (2902/4836)   Receiving objects:  61% (2950/4836)   Receiving objects:  62% (2999/4836)   Receiving objects:  63% (3047/4836)   Receiving objects:  64% (3096/4836)   Receiving objects:  65% (3144/4836)   Receiving objects:  66% (3192/4836)   Receiving objects:  67% (3241/4836)   Receiving objects:  68% (3289/4836)   Receiving objects:  69% (3337/4836)   Receiving objects:  70% (3386/4836)   Receiving objects:  71% (3434/4836)   Receiving objects:  72% (3482/4836)   Receiving objects:  73% (3531/4836)   Receiving objects:  74% (3579/4836)   Receiving objects:  75% (3627/4836)   Receiving objects:  76% (3676/4836)   Receiving objects:  77% (3724/4836)   Receiving objects:  78% (3773/4836)   Receiving objects:  79% (3821/4836)   Receiving objects:  80% (3869/4836)   Receiving objects:  81% (3918/4836)   Receiving objects:  82% (3966/4836)   Receiving objects:  83% (4014/4836)   Receiving objects:  84% (4063/4836)   Receiving objects:  85% (4111/4836)   Receiving objects:  86% (4159/4836)   Receiving objects:  87% (4208/4836)   Receiving objects:  88% (4256/4836)   remote: Total 4836 (delta 1924), reused 3172 (delta 1000), pack-reused 0[K
Receiving objects:  89% (4305/4836)   Receiving objects:  90% (4353/4836)   Receiving objects:  91% (4401/4836)   Receiving objects:  92% (4450/4836)   Receiving objects:  93% (4498/4836)   Receiving objects:  94% (4546/4836)   Receiving objects:  95% (4595/4836)   Receiving objects:  96% (4643/4836)   Receiving objects:  97% (4691/4836)   Receiving objects:  98% (4740/4836)   Receiving objects:  99% (4788/4836)   Receiving objects: 100% (4836/4836)   Receiving objects: 100% (4836/4836), 8.91 MiB | 0 bytes/s, done.
Resolving deltas:   0% (0/1924)   Resolving deltas:   6% (127/1924)   Resolving deltas:   7% (139/1924)   Resolving deltas:   8% (158/1924)   Resolving deltas:   9% (175/1924)   Resolving deltas:  10% (194/1924)   Resolving deltas:  11% (212/1924)   Resolving deltas:  12% (232/1924)   Resolving deltas:  13% (260/1924)   Resolving deltas:  14% (274/1924)   Resolving deltas:  15% (292/1924)   Resolving deltas:  16% (309/1924)   Resolving deltas:  17% (329/1924)   Resolving deltas:  18% (350/1924)   Resolving deltas:  19% (368/1924)   Resolving deltas:  20% (385/1924)   Resolving deltas:  21% (406/1924)   Resolving deltas:  22% (426/1924)   Resolving deltas:  23% (448/1924)   Resolving deltas:  25% (484/1924)   Resolving deltas:  26% (506/1924)   Resolving deltas:  28% (543/1924)   Resolving deltas:  29% (577/1924)   Resolving deltas:  30% (579/1924)   Resolving deltas:  32% (633/1924)   Resolving deltas:  33% (636/1924)   Resolving deltas:  34% (655/1924)   Resolving deltas:  35% (676/1924)   Resolving deltas:  36% (698/1924)   Resolving deltas:  37% (713/1924)   Resolving deltas:  38% (741/1924)   Resolving deltas:  39% (760/1924)   Resolving deltas:  40% (773/1924)   Resolving deltas:  41% (789/1924)   Resolving deltas:  42% (810/1924)   Resolving deltas:  43% (830/1924)   Resolving deltas:  44% (849/1924)   Resolving deltas:  45% (867/1924)   Resolving deltas:  46% (886/1924)   Resolving deltas:  47% (906/1924)   Resolving deltas:  48% (925/1924)   Resolving deltas:  49% (953/1924)   Resolving deltas:  50% (962/1924)   Resolving deltas:  52% (1003/1924)   Resolving deltas:  53% (1024/1924)   Resolving deltas:  54% (1042/1924)   Resolving deltas:  55% (1059/1924)   Resolving deltas:  56% (1079/1924)   Resolving deltas:  57% (1099/1924)   Resolving deltas:  58% (1117/1924)   Resolving deltas:  59% (1137/1924)   Resolving deltas:  60% (1155/1924)   Resolving deltas:  61% (1175/1924)   Resolving deltas:  62% (1196/1924)   Resolving deltas:  63% (1223/1924)   Resolving deltas:  64% (1232/1924)   Resolving deltas:  66% (1270/1924)   Resolving deltas:  67% (1294/1924)   Resolving deltas:  68% (1309/1924)   Resolving deltas:  69% (1338/1924)   Resolving deltas:  70% (1347/1924)   Resolving deltas:  71% (1367/1924)   Resolving deltas:  72% (1387/1924)   Resolving deltas:  73% (1405/1924)   Resolving deltas:  74% (1425/1924)   Resolving deltas:  75% (1444/1924)   Resolving deltas:  76% (1463/1924)   Resolving deltas:  77% (1485/1924)   Resolving deltas:  78% (1501/1924)   Resolving deltas:  79% (1521/1924)   Resolving deltas:  80% (1540/1924)   Resolving deltas:  81% (1564/1924)   Resolving deltas:  82% (1579/1924)   Resolving deltas:  83% (1604/1924)   Resolving deltas:  84% (1617/1924)   Resolving deltas:  85% (1644/1924)   Resolving deltas:  86% (1656/1924)   Resolving deltas:  87% (1678/1924)   Resolving deltas:  88% (1696/1924)   Resolving deltas:  89% (1714/1924)   Resolving deltas:  90% (1733/1924)   Resolving deltas:  91% (1759/1924)   Resolving deltas:  92% (1780/1924)   Resolving deltas:  93% (1790/1924)   Resolving deltas:  96% (1849/1924)   Resolving deltas:  97% (1867/1924)   Resolving deltas:  98% (1889/1924)   Resolving deltas:  99% (1914/1924)   Resolving deltas: 100% (1924/1924)   Resolving deltas: 100% (1924/1924), done.
Checking connectivity... done.

travis_time:end:0094a7ea:start=1465355170866447743,finish=1465355172720788413,duration=1854340670[0K$ cd apache/storm
$ git checkout -qf 5021708fc53b0008e580ac038d2badb6ab780bd2
travis_fold:end:git.checkout[0K
[33;1mThis job is running on container-based infrastructure, which does not allow use of 'sudo', setuid and setguid executables.[0m
[33;1mIf you require sudo, add 'sudo: required' to your .travis.yml[0m
[33;1mSee https://docs.travis-ci.com/user/workers/container-based-infrastructure/ for details.[0m

[33;1mSetting environment variables from .travis.yml[0m
$ export MODULES='!storm-core'

$ jdk_switcher use oraclejdk7
Switching to Oracle JDK7 (java-7-oracle), JAVA_HOME will be set to /usr/lib/jvm/java-7-oracle
travis_fold:start:cache.1[0KSetting up build cache
$ export CASHER_DIR=$HOME/.casher
travis_time:start:01cb4c80[0K$ Installing caching utilities

travis_time:end:01cb4c80:start=1465355175119603913,finish=1465355175170338555,duration=50734642[0Ktravis_time:start:058cdaa8[0K
travis_time:end:058cdaa8:start=1465355175177420741,finish=1465355175182615794,duration=5195053[0Ktravis_time:start:0a0e683e[0K[32;1mattempting to download cache archive[0m
[32;1mfetching 1.x-branch/cache-linux-precise-0b3559b5dae2b3e32156c6d840f23972d650aa066922e3318f7e5db8246681fa--jdk-oraclejdk7.tgz[0m
[32;1mfound cache[0m

travis_time:end:0a0e683e:start=1465355175188642110,finish=1465355192021227405,duration=16832585295[0Ktravis_time:start:29342814[0K
travis_time:end:29342814:start=1465355192025800262,finish=1465355192029703256,duration=3902994[0Ktravis_time:start:026cce40[0K[32;1madding /home/travis/.m2/repository to cache[0m
[32;1madding /home/travis/.rvm to cache[0m
[32;1madding /home/travis/.nvm to cache[0m

travis_time:end:026cce40:start=1465355192033855431,finish=1465355216298343690,duration=24264488259[0Ktravis_fold:end:cache.1[0K$ java -Xmx32m -version
java version "1.7.0_76"
Java(TM) SE Runtime Environment (build 1.7.0_76-b13)
Java HotSpot(TM) 64-Bit Server VM (build 24.76-b04, mixed mode)
$ javac -J-Xmx32m -version
javac 1.7.0_76
travis_fold:start:before_install.1[0Ktravis_time:start:033cd22e[0K$ rvm use 2.1.5 --install
[32mUsing /home/travis/.rvm/gems/ruby-2.1.5[0m

travis_time:end:033cd22e:start=1465355216726560367,finish=1465355217123383464,duration=396823097[0Ktravis_fold:end:before_install.1[0Ktravis_fold:start:before_install.2[0Ktravis_time:start:085e5078[0K$ nvm install 0.12.2
v0.12.2 is already installed.
Now using node v0.12.2

travis_time:end:085e5078:start=1465355217129782803,finish=1465355217395032429,duration=265249626[0Ktravis_fold:end:before_install.2[0Ktravis_fold:start:before_install.3[0Ktravis_time:start:180ef5dd[0K$ nvm use 0.12.2
Now using node v0.12.2

travis_time:end:180ef5dd:start=1465355217400798377,finish=1465355217481228761,duration=80430384[0Ktravis_fold:end:before_install.3[0Ktravis_fold:start:install[0Ktravis_time:start:11eb5922[0K$ /bin/bash ./dev-tools/travis/travis-install.sh `pwd`
Python version :   Python 2.7.3
Maven version  :   Apache Maven 3.2.5 (12a6b3acb947671f09b81f49094c53f426d8cea1; 2014-12-14T17:29:23+00:00) Maven home: /usr/local/maven Java version: 1.7.0_76, vendor: Oracle Corporation Java home: /usr/lib/jvm/java-7-oracle/jre Default locale: en_US, platform encoding: UTF-8 OS name: "linux", version: "3.13.0-40-generic", arch: "amd64", family: "unix"
['mvn', 'clean', 'install', '-DskipTests', '-Pnative', '--batch-mode'] writing to install.txt
2 seconds 1 log lines12 seconds 173 log lines40 seconds 306 log lines56 seconds 315 log lines67 seconds 374 log lines79 seconds 541 log lines100 seconds 619 log lines117 seconds 826 log lines129 seconds 873 log lines139 seconds 937 log lines151 seconds 1206 log lines170 seconds 1418 log lines188 seconds 1620 log lines198 seconds 1933 log lines208 seconds 2110 log lines222 seconds 2250 log lines230 seconds 2434 log lines
['mvn', 'clean', 'install', '-DskipTests', '-Pnative', '--batch-mode'] done 0

travis_time:end:11eb5922:start=1465355217487803427,finish=1465355448175636174,duration=230687832747[0Ktravis_fold:end:install[0Ktravis_time:start:087db607[0K$ /bin/bash ./dev-tools/travis/travis-script.sh `pwd` $MODULES
Python version :   Python 2.7.3
Ruby version   :   ruby 2.1.5p273 (2014-11-13 revision 48405) [x86_64-linux]
NodeJs version :  
Maven version  :   Apache Maven 3.2.5 (12a6b3acb947671f09b81f49094c53f426d8cea1; 2014-12-14T17:29:23+00:00) Maven home: /usr/local/maven Java version: 1.7.0_76, vendor: Oracle Corporation Java home: /usr/lib/jvm/java-7-oracle/jre Default locale: en_US, platform encoding: UTF-8 OS name: "linux", version: "3.13.0-40-generic", arch: "amd64", family: "unix"
[INFO] Scanning for projects...
[INFO] ------------------------------------------------------------------------
[INFO] Reactor Build Order:
[INFO] 
[INFO] Storm
[INFO] multilang-javascript
[INFO] multilang-python
[INFO] multilang-ruby
[INFO] maven-shade-clojure-transformer
[INFO] storm-maven-plugins
[INFO] storm-rename-hack
[INFO] storm-kafka
[INFO] storm-hdfs
[INFO] storm-hbase
[INFO] storm-hive
[INFO] storm-jdbc
[INFO] storm-redis
[INFO] storm-eventhubs
[INFO] flux
[INFO] flux-wrappers
[INFO] flux-core
[INFO] flux-examples
[INFO] storm-sql-runtime
[INFO] storm-sql-core
[INFO] storm-sql-kafka
[INFO] sql
[INFO] storm-elasticsearch
[INFO] storm-solr
[INFO] storm-metrics
[INFO] storm-cassandra
[INFO] storm-mqtt-parent
[INFO] storm-mqtt
[INFO] storm-mqtt-examples
[INFO] storm-mongodb
[INFO] storm-starter
[INFO] storm-kafka-client
[INFO]                                                                         
[INFO] ------------------------------------------------------------------------
[INFO] Building Storm 1.1.0-SNAPSHOT
[INFO] ------------------------------------------------------------------------
[INFO] 
[INFO] --- maven-remote-resources-plugin:1.2.1:process (default) @ storm ---
[INFO] 
[INFO] --- apache-rat-plugin:0.11:check (default) @ storm ---
[INFO] 51 implicit excludes (use -debug for more details).
[INFO] Exclude: **/target/**
[INFO] Exclude: **/*.iml
[INFO] Exclude: **/.idea/**
[INFO] Exclude: **/metastore_db/**
[INFO] Exclude: **/build/**
[INFO] Exclude: **/CHANGELOG.md
[INFO] Exclude: **/README.md
[INFO] Exclude: **/README.markdown
[INFO] Exclude: **/DEVELOPER.md
[INFO] Exclude: **/BYLAWS.md
[INFO] Exclude: **/STORM-UI-REST-API.md
[INFO] Exclude: SECURITY.md
[INFO] Exclude: VERSION
[INFO] Exclude: TODO
[INFO] Exclude: **/src/py/**
[INFO] Exclude: **/src/ui/public/js/jquery.dataTables.1.10.4.min.js
[INFO] Exclude: **/src/ui/public/css/jquery.dataTables.1.10.4.min.css
[INFO] Exclude: **/src/ui/public/images/*
[INFO] Exclude: **/src/ui/public/js/bootstrap-3.3.1.min.js
[INFO] Exclude: **/src/ui/public/css/bootstrap-3.3.1.min.css
[INFO] Exclude: **/src/ui/public/js/dataTables.bootstrap.min.js
[INFO] Exclude: **/src/ui/public/css/dataTables.bootstrap.css
[INFO] Exclude: **/src/ui/public/js/jsonFormatter.min.js
[INFO] Exclude: **/src/ui/public/css/jsonFormatter.min.css
[INFO] Exclude: **/src/ui/public/js/jquery-1.11.1.min.js
[INFO] Exclude: **/src/ui/public/js/jquery.cookies.2.2.0.min.js
[INFO] Exclude: **/src/ui/public/js/moment.min.js
[INFO] Exclude: **/src/ui/public/js/jquery.blockUI.min.js
[INFO] Exclude: **/src/ui/public/js/url.min.js
[INFO] Exclude: **/src/ui/public/js/arbor.js
[INFO] Exclude: **/src/ui/public/js/arbor-graphics.js
[INFO] Exclude: **/src/ui/public/js/arbor-tween.js
[INFO] Exclude: **/src/ui/public/js/jquery.mustache.js
[INFO] Exclude: **/src/ui/public/js/typeahead.jquery.min.js
[INFO] Exclude: **/dependency-reduced-pom.xml
[INFO] Exclude: **/docs/**
[INFO] Exclude: **/.git/**
[INFO] Exclude: **/derby.log
[INFO] Exclude: **/src/dev/**
[INFO] Exclude: **/src/codegen/config.fmpp
[INFO] Exclude: **/src/codegen/data/Parser.tdd
[INFO] Exclude: **/src/test/resources/FixedAvroSerializer.config
[INFO] 1722 resources included (use -debug for more details)
Warning:  org.apache.xerces.jaxp.SAXParserImpl$JAXPSAXParser: Property 'http://www.oracle.com/xml/jaxp/properties/entityExpansionLimit' is not recognized.
Compiler warnings:
  WARNING:  'org.apache.xerces.jaxp.SAXParserImpl: Property 'http://javax.xml.XMLConstants/property/accessExternalDTD' is not recognized.'
Warning:  org.apache.xerces.parsers.SAXParser: Feature 'http://javax.xml.XMLConstants/feature/secure-processing' is not recognized.
Warning:  org.apache.xerces.parsers.SAXParser: Property 'http://javax.xml.XMLConstants/property/accessExternalDTD' is not recognized.
Warning:  org.apache.xerces.parsers.SAXParser: Property 'http://www.oracle.com/xml/jaxp/properties/entityExpansionLimit' is not recognized.
[INFO] Rat check: Summary of files. Unapproved: 0 unknown: 0 generated: 0 approved: 1709 licence.
[INFO]                                                                         
[INFO] ------------------------------------------------------------------------
[INFO] Building multilang-javascript 1.1.0-SNAPSHOT
[INFO] ------------------------------------------------------------------------
[INFO] 
[INFO] --- maven-remote-resources-plugin:1.2.1:process (default) @ multilang-javascript ---
[INFO] 
[INFO] --- maven-resources-plugin:2.5:resources (default-resources) @ multilang-javascript ---
[debug] execute contextualize
[INFO] Using 'UTF-8' encoding to copy filtered resources.
[INFO] Copying 1 resource
[INFO] Copying 3 resources
[INFO] 
[INFO] --- maven-compiler-plugin:3.1:compile (default-compile) @ multilang-javascript ---
[INFO] No sources to compile
[INFO] 
[INFO] --- maven-resources-plugin:2.5:testResources (default-testResources) @ multilang-javascript ---
[debug] execute contextualize
[INFO] Using 'UTF-8' encoding to copy filtered resources.
[INFO] skip non existing resourceDirectory /home/travis/build/apache/storm/storm-multilang/javascript/src/test/resources
[INFO] Copying 3 resources
[INFO] 
[INFO] --- maven-compiler-plugin:3.1:testCompile (default-testCompile) @ multilang-javascript ---
[INFO] No sources to compile
[INFO] 
[INFO] --- maven-surefire-plugin:2.18.1:test (default-test) @ multilang-javascript ---
[INFO] 
[INFO] --- apache-rat-plugin:0.11:check (default) @ multilang-javascript ---
[INFO] 51 implicit excludes (use -debug for more details).
[INFO] Exclude: **/target/**
[INFO] Exclude: **/*.iml
[INFO] Exclude: **/.idea/**
[INFO] Exclude: **/metastore_db/**
[INFO] Exclude: **/build/**
[INFO] Exclude: **/CHANGELOG.md
[INFO] Exclude: **/README.md
[INFO] Exclude: **/README.markdown
[INFO] Exclude: **/DEVELOPER.md
[INFO] Exclude: **/BYLAWS.md
[INFO] Exclude: **/STORM-UI-REST-API.md
[INFO] Exclude: SECURITY.md
[INFO] Exclude: VERSION
[INFO] Exclude: TODO
[INFO] Exclude: **/src/py/**
[INFO] Exclude: **/src/ui/public/js/jquery.dataTables.1.10.4.min.js
[INFO] Exclude: **/src/ui/public/css/jquery.dataTables.1.10.4.min.css
[INFO] Exclude: **/src/ui/public/images/*
[INFO] Exclude: **/src/ui/public/js/bootstrap-3.3.1.min.js
[INFO] Exclude: **/src/ui/public/css/bootstrap-3.3.1.min.css
[INFO] Exclude: **/src/ui/public/js/dataTables.bootstrap.min.js
[INFO] Exclude: **/src/ui/public/css/dataTables.bootstrap.css
[INFO] Exclude: **/src/ui/public/js/jsonFormatter.min.js
[INFO] Exclude: **/src/ui/public/css/jsonFormatter.min.css
[INFO] Exclude: **/src/ui/public/js/jquery-1.11.1.min.js
[INFO] Exclude: **/src/ui/public/js/jquery.cookies.2.2.0.min.js
[INFO] Exclude: **/src/ui/public/js/moment.min.js
[INFO] Exclude: **/src/ui/public/js/jquery.blockUI.min.js
[INFO] Exclude: **/src/ui/public/js/url.min.js
[INFO] Exclude: **/src/ui/public/js/arbor.js
[INFO] Exclude: **/src/ui/public/js/arbor-graphics.js
[INFO] Exclude: **/src/ui/public/js/arbor-tween.js
[INFO] Exclude: **/src/ui/public/js/jquery.mustache.js
[INFO] Exclude: **/src/ui/public/js/typeahead.jquery.min.js
[INFO] Exclude: **/dependency-reduced-pom.xml
[INFO] Exclude: **/docs/**
[INFO] Exclude: **/.git/**
[INFO] Exclude: **/derby.log
[INFO] Exclude: **/src/dev/**
[INFO] Exclude: **/src/codegen/config.fmpp
[INFO] Exclude: **/src/codegen/data/Parser.tdd
[INFO] Exclude: **/src/test/resources/FixedAvroSerializer.config
[INFO] 2 resources included (use -debug for more details)
Warning:  org.apache.xerces.jaxp.SAXParserImpl$JAXPSAXParser: Property 'http://www.oracle.com/xml/jaxp/properties/entityExpansionLimit' is not recognized.
Compiler warnings:
  WARNING:  'org.apache.xerces.jaxp.SAXParserImpl: Property 'http://javax.xml.XMLConstants/property/accessExternalDTD' is not recognized.'
Warning:  org.apache.xerces.parsers.SAXParser: Feature 'http://javax.xml.XMLConstants/feature/secure-processing' is not recognized.
Warning:  org.apache.xerces.parsers.SAXParser: Property 'http://javax.xml.XMLConstants/property/accessExternalDTD' is not recognized.
Warning:  org.apache.xerces.parsers.SAXParser: Property 'http://www.oracle.com/xml/jaxp/properties/entityExpansionLimit' is not recognized.
[INFO] Rat check: Summary of files. Unapproved: 0 unknown: 0 generated: 0 approved: 2 licence.
[INFO]                                                                         
[INFO] ------------------------------------------------------------------------
[INFO] Building multilang-python 1.1.0-SNAPSHOT
[INFO] ------------------------------------------------------------------------
[INFO] 
[INFO] --- maven-remote-resources-plugin:1.2.1:process (default) @ multilang-python ---
[INFO] 
[INFO] --- maven-resources-plugin:2.5:resources (default-resources) @ multilang-python ---
[debug] execute contextualize
[INFO] Using 'UTF-8' encoding to copy filtered resources.
[INFO] Copying 1 resource
[INFO] Copying 3 resources
[INFO] 
[INFO] --- maven-compiler-plugin:3.1:compile (default-compile) @ multilang-python ---
[INFO] No sources to compile
[INFO] 
[INFO] --- maven-resources-plugin:2.5:testResources (default-testResources) @ multilang-python ---
[debug] execute contextualize
[INFO] Using 'UTF-8' encoding to copy filtered resources.
[INFO] skip non existing resourceDirectory /home/travis/build/apache/storm/storm-multilang/python/src/test/resources
[INFO] Copying 3 resources
[INFO] 
[INFO] --- maven-compiler-plugin:3.1:testCompile (default-testCompile) @ multilang-python ---
[INFO] No sources to compile
[INFO] 
[INFO] --- maven-surefire-plugin:2.18.1:test (default-test) @ multilang-python ---
[INFO] 
[INFO] --- apache-rat-plugin:0.11:check (default) @ multilang-python ---
[INFO] 51 implicit excludes (use -debug for more details).
[INFO] Exclude: **/target/**
[INFO] Exclude: **/*.iml
[INFO] Exclude: **/.idea/**
[INFO] Exclude: **/metastore_db/**
[INFO] Exclude: **/build/**
[INFO] Exclude: **/CHANGELOG.md
[INFO] Exclude: **/README.md
[INFO] Exclude: **/README.markdown
[INFO] Exclude: **/DEVELOPER.md
[INFO] Exclude: **/BYLAWS.md
[INFO] Exclude: **/STORM-UI-REST-API.md
[INFO] Exclude: SECURITY.md
[INFO] Exclude: VERSION
[INFO] Exclude: TODO
[INFO] Exclude: **/src/py/**
[INFO] Exclude: **/src/ui/public/js/jquery.dataTables.1.10.4.min.js
[INFO] Exclude: **/src/ui/public/css/jquery.dataTables.1.10.4.min.css
[INFO] Exclude: **/src/ui/public/images/*
[INFO] Exclude: **/src/ui/public/js/bootstrap-3.3.1.min.js
[INFO] Exclude: **/src/ui/public/css/bootstrap-3.3.1.min.css
[INFO] Exclude: **/src/ui/public/js/dataTables.bootstrap.min.js
[INFO] Exclude: **/src/ui/public/css/dataTables.bootstrap.css
[INFO] Exclude: **/src/ui/public/js/jsonFormatter.min.js
[INFO] Exclude: **/src/ui/public/css/jsonFormatter.min.css
[INFO] Exclude: **/src/ui/public/js/jquery-1.11.1.min.js
[INFO] Exclude: **/src/ui/public/js/jquery.cookies.2.2.0.min.js
[INFO] Exclude: **/src/ui/public/js/moment.min.js
[INFO] Exclude: **/src/ui/public/js/jquery.blockUI.min.js
[INFO] Exclude: **/src/ui/public/js/url.min.js
[INFO] Exclude: **/src/ui/public/js/arbor.js
[INFO] Exclude: **/src/ui/public/js/arbor-graphics.js
[INFO] Exclude: **/src/ui/public/js/arbor-tween.js
[INFO] Exclude: **/src/ui/public/js/jquery.mustache.js
[INFO] Exclude: **/src/ui/public/js/typeahead.jquery.min.js
[INFO] Exclude: **/dependency-reduced-pom.xml
[INFO] Exclude: **/docs/**
[INFO] Exclude: **/.git/**
[INFO] Exclude: **/derby.log
[INFO] Exclude: **/src/dev/**
[INFO] Exclude: **/src/codegen/config.fmpp
[INFO] Exclude: **/src/codegen/data/Parser.tdd
[INFO] Exclude: **/src/test/resources/FixedAvroSerializer.config
[INFO] 2 resources included (use -debug for more details)
Warning:  org.apache.xerces.jaxp.SAXParserImpl$JAXPSAXParser: Property 'http://www.oracle.com/xml/jaxp/properties/entityExpansionLimit' is not recognized.
Compiler warnings:
  WARNING:  'org.apache.xerces.jaxp.SAXParserImpl: Property 'http://javax.xml.XMLConstants/property/accessExternalDTD' is not recognized.'
Warning:  org.apache.xerces.parsers.SAXParser: Feature 'http://javax.xml.XMLConstants/feature/secure-processing' is not recognized.
Warning:  org.apache.xerces.parsers.SAXParser: Property 'http://javax.xml.XMLConstants/property/accessExternalDTD' is not recognized.
Warning:  org.apache.xerces.parsers.SAXParser: Property 'http://www.oracle.com/xml/jaxp/properties/entityExpansionLimit' is not recognized.
[INFO] Rat check: Summary of files. Unapproved: 0 unknown: 0 generated: 0 approved: 2 licence.
[INFO]                                                                         
[INFO] ------------------------------------------------------------------------
[INFO] Building multilang-ruby 1.1.0-SNAPSHOT
[INFO] ------------------------------------------------------------------------
[INFO] 
[INFO] --- maven-remote-resources-plugin:1.2.1:process (default) @ multilang-ruby ---
[INFO] 
[INFO] --- maven-resources-plugin:2.5:resources (default-resources) @ multilang-ruby ---
[debug] execute contextualize
[INFO] Using 'UTF-8' encoding to copy filtered resources.
[INFO] Copying 1 resource
[INFO] Copying 3 resources
[INFO] 
[INFO] --- maven-compiler-plugin:3.1:compile (default-compile) @ multilang-ruby ---
[INFO] No sources to compile
[INFO] 
[INFO] --- maven-resources-plugin:2.5:testResources (default-testResources) @ multilang-ruby ---
[debug] execute contextualize
[INFO] Using 'UTF-8' encoding to copy filtered resources.
[INFO] skip non existing resourceDirectory /home/travis/build/apache/storm/storm-multilang/ruby/src/test/resources
[INFO] Copying 3 resources
[INFO] 
[INFO] --- maven-compiler-plugin:3.1:testCompile (default-testCompile) @ multilang-ruby ---
[INFO] No sources to compile
[INFO] 
[INFO] --- maven-surefire-plugin:2.18.1:test (default-test) @ multilang-ruby ---
[INFO] 
[INFO] --- apache-rat-plugin:0.11:check (default) @ multilang-ruby ---
[INFO] 51 implicit excludes (use -debug for more details).
[INFO] Exclude: **/target/**
[INFO] Exclude: **/*.iml
[INFO] Exclude: **/.idea/**
[INFO] Exclude: **/metastore_db/**
[INFO] Exclude: **/build/**
[INFO] Exclude: **/CHANGELOG.md
[INFO] Exclude: **/README.md
[INFO] Exclude: **/README.markdown
[INFO] Exclude: **/DEVELOPER.md
[INFO] Exclude: **/BYLAWS.md
[INFO] Exclude: **/STORM-UI-REST-API.md
[INFO] Exclude: SECURITY.md
[INFO] Exclude: VERSION
[INFO] Exclude: TODO
[INFO] Exclude: **/src/py/**
[INFO] Exclude: **/src/ui/public/js/jquery.dataTables.1.10.4.min.js
[INFO] Exclude: **/src/ui/public/css/jquery.dataTables.1.10.4.min.css
[INFO] Exclude: **/src/ui/public/images/*
[INFO] Exclude: **/src/ui/public/js/bootstrap-3.3.1.min.js
[INFO] Exclude: **/src/ui/public/css/bootstrap-3.3.1.min.css
[INFO] Exclude: **/src/ui/public/js/dataTables.bootstrap.min.js
[INFO] Exclude: **/src/ui/public/css/dataTables.bootstrap.css
[INFO] Exclude: **/src/ui/public/js/jsonFormatter.min.js
[INFO] Exclude: **/src/ui/public/css/jsonFormatter.min.css
[INFO] Exclude: **/src/ui/public/js/jquery-1.11.1.min.js
[INFO] Exclude: **/src/ui/public/js/jquery.cookies.2.2.0.min.js
[INFO] Exclude: **/src/ui/public/js/moment.min.js
[INFO] Exclude: **/src/ui/public/js/jquery.blockUI.min.js
[INFO] Exclude: **/src/ui/public/js/url.min.js
[INFO] Exclude: **/src/ui/public/js/arbor.js
[INFO] Exclude: **/src/ui/public/js/arbor-graphics.js
[INFO] Exclude: **/src/ui/public/js/arbor-tween.js
[INFO] Exclude: **/src/ui/public/js/jquery.mustache.js
[INFO] Exclude: **/src/ui/public/js/typeahead.jquery.min.js
[INFO] Exclude: **/dependency-reduced-pom.xml
[INFO] Exclude: **/docs/**
[INFO] Exclude: **/.git/**
[INFO] Exclude: **/derby.log
[INFO] Exclude: **/src/dev/**
[INFO] Exclude: **/src/codegen/config.fmpp
[INFO] Exclude: **/src/codegen/data/Parser.tdd
[INFO] Exclude: **/src/test/resources/FixedAvroSerializer.config
[INFO] 2 resources included (use -debug for more details)
Warning:  org.apache.xerces.jaxp.SAXParserImpl$JAXPSAXParser: Property 'http://www.oracle.com/xml/jaxp/properties/entityExpansionLimit' is not recognized.
Compiler warnings:
  WARNING:  'org.apache.xerces.jaxp.SAXParserImpl: Property 'http://javax.xml.XMLConstants/property/accessExternalDTD' is not recognized.'
Warning:  org.apache.xerces.parsers.SAXParser: Feature 'http://javax.xml.XMLConstants/feature/secure-processing' is not recognized.
Warning:  org.apache.xerces.parsers.SAXParser: Property 'http://javax.xml.XMLConstants/property/accessExternalDTD' is not recognized.
Warning:  org.apache.xerces.parsers.SAXParser: Property 'http://www.oracle.com/xml/jaxp/properties/entityExpansionLimit' is not recognized.
[INFO] Rat check: Summary of files. Unapproved: 0 unknown: 0 generated: 0 approved: 2 licence.
[INFO]                                                                         
[INFO] ------------------------------------------------------------------------
[INFO] Building maven-shade-clojure-transformer 1.1.0-SNAPSHOT
[INFO] ------------------------------------------------------------------------
[INFO] 
[INFO] --- maven-remote-resources-plugin:1.2.1:process (default) @ maven-shade-clojure-transformer ---
[INFO] 
[INFO] --- maven-resources-plugin:2.5:resources (default-resources) @ maven-shade-clojure-transformer ---
[debug] execute contextualize
[INFO] Using 'UTF-8' encoding to copy filtered resources.
[INFO] skip non existing resourceDirectory /home/travis/build/apache/storm/storm-buildtools/maven-shade-clojure-transformer/src/main/resources
[INFO] Copying 3 resources
[INFO] 
[INFO] --- maven-compiler-plugin:3.1:compile (default-compile) @ maven-shade-clojure-transformer ---
[INFO] Nothing to compile - all classes are up to date
[INFO] 
[INFO] --- maven-resources-plugin:2.5:testResources (default-testResources) @ maven-shade-clojure-transformer ---
[debug] execute contextualize
[INFO] Using 'UTF-8' encoding to copy filtered resources.
[INFO] skip non existing resourceDirectory /home/travis/build/apache/storm/storm-buildtools/maven-shade-clojure-transformer/src/test/resources
[INFO] Copying 3 resources
[INFO] 
[INFO] --- maven-compiler-plugin:3.1:testCompile (default-testCompile) @ maven-shade-clojure-transformer ---
[INFO] No sources to compile
[INFO] 
[INFO] --- maven-surefire-plugin:2.18.1:test (default-test) @ maven-shade-clojure-transformer ---
[INFO] 
[INFO] --- apache-rat-plugin:0.11:check (default) @ maven-shade-clojure-transformer ---
[INFO] 51 implicit excludes (use -debug for more details).
[INFO] Exclude: **/target/**
[INFO] Exclude: **/*.iml
[INFO] Exclude: **/.idea/**
[INFO] Exclude: **/metastore_db/**
[INFO] Exclude: **/build/**
[INFO] Exclude: **/CHANGELOG.md
[INFO] Exclude: **/README.md
[INFO] Exclude: **/README.markdown
[INFO] Exclude: **/DEVELOPER.md
[INFO] Exclude: **/BYLAWS.md
[INFO] Exclude: **/STORM-UI-REST-API.md
[INFO] Exclude: SECURITY.md
[INFO] Exclude: VERSION
[INFO] Exclude: TODO
[INFO] Exclude: **/src/py/**
[INFO] Exclude: **/src/ui/public/js/jquery.dataTables.1.10.4.min.js
[INFO] Exclude: **/src/ui/public/css/jquery.dataTables.1.10.4.min.css
[INFO] Exclude: **/src/ui/public/images/*
[INFO] Exclude: **/src/ui/public/js/bootstrap-3.3.1.min.js
[INFO] Exclude: **/src/ui/public/css/bootstrap-3.3.1.min.css
[INFO] Exclude: **/src/ui/public/js/dataTables.bootstrap.min.js
[INFO] Exclude: **/src/ui/public/css/dataTables.bootstrap.css
[INFO] Exclude: **/src/ui/public/js/jsonFormatter.min.js
[INFO] Exclude: **/src/ui/public/css/jsonFormatter.min.css
[INFO] Exclude: **/src/ui/public/js/jquery-1.11.1.min.js
[INFO] Exclude: **/src/ui/public/js/jquery.cookies.2.2.0.min.js
[INFO] Exclude: **/src/ui/public/js/moment.min.js
[INFO] Exclude: **/src/ui/public/js/jquery.blockUI.min.js
[INFO] Exclude: **/src/ui/public/js/url.min.js
[INFO] Exclude: **/src/ui/public/js/arbor.js
[INFO] Exclude: **/src/ui/public/js/arbor-graphics.js
[INFO] Exclude: **/src/ui/public/js/arbor-tween.js
[INFO] Exclude: **/src/ui/public/js/jquery.mustache.js
[INFO] Exclude: **/src/ui/public/js/typeahead.jquery.min.js
[INFO] Exclude: **/dependency-reduced-pom.xml
[INFO] Exclude: **/docs/**
[INFO] Exclude: **/.git/**
[INFO] Exclude: **/derby.log
[INFO] Exclude: **/src/dev/**
[INFO] Exclude: **/src/codegen/config.fmpp
[INFO] Exclude: **/src/codegen/data/Parser.tdd
[INFO] Exclude: **/src/test/resources/FixedAvroSerializer.config
[INFO] 2 resources included (use -debug for more details)
Warning:  org.apache.xerces.jaxp.SAXParserImpl$JAXPSAXParser: Property 'http://www.oracle.com/xml/jaxp/properties/entityExpansionLimit' is not recognized.
Compiler warnings:
  WARNING:  'org.apache.xerces.jaxp.SAXParserImpl: Property 'http://javax.xml.XMLConstants/property/accessExternalDTD' is not recognized.'
Warning:  org.apache.xerces.parsers.SAXParser: Feature 'http://javax.xml.XMLConstants/feature/secure-processing' is not recognized.
Warning:  org.apache.xerces.parsers.SAXParser: Property 'http://javax.xml.XMLConstants/property/accessExternalDTD' is not recognized.
Warning:  org.apache.xerces.parsers.SAXParser: Property 'http://www.oracle.com/xml/jaxp/properties/entityExpansionLimit' is not recognized.
[INFO] Rat check: Summary of files. Unapproved: 0 unknown: 0 generated: 0 approved: 2 licence.
[INFO]                                                                         
[INFO] ------------------------------------------------------------------------
[INFO] Building storm-maven-plugins 1.1.0-SNAPSHOT
[INFO] ------------------------------------------------------------------------
[INFO] 
[INFO] --- maven-remote-resources-plugin:1.2.1:process (default) @ storm-maven-plugins ---
[INFO] 
[INFO] --- maven-resources-plugin:2.5:resources (default-resources) @ storm-maven-plugins ---
[debug] execute contextualize
[INFO] Using 'UTF-8' encoding to copy filtered resources.
[INFO] skip non existing resourceDirectory /home/travis/build/apache/storm/storm-buildtools/storm-maven-plugins/src/main/resources
[INFO] Copying 3 resources
[INFO] 
[INFO] --- maven-compiler-plugin:3.1:compile (default-compile) @ storm-maven-plugins ---
[INFO] Nothing to compile - all classes are up to date
[INFO] 
[INFO] --- maven-plugin-plugin:3.0:descriptor (default-descriptor) @ storm-maven-plugins ---
[INFO] Using 'UTF-8' encoding to read mojo metadata.
[INFO] Applying mojo extractor for language: java-annotations
[INFO] Mojo extractor for language: java-annotations found 1 mojo descriptors.
[INFO] Applying mojo extractor for language: java
[INFO] Mojo extractor for language: java found 0 mojo descriptors.
[INFO] Applying mojo extractor for language: bsh
[INFO] Mojo extractor for language: bsh found 0 mojo descriptors.
[INFO] 
[INFO] --- maven-plugin-plugin:3.0:descriptor (mojo-descriptor) @ storm-maven-plugins ---
[INFO] Using 'UTF-8' encoding to read mojo metadata.
[INFO] Applying mojo extractor for language: java-annotations
[INFO] Mojo extractor for language: java-annotations found 1 mojo descriptors.
[INFO] Applying mojo extractor for language: java
[INFO] Mojo extractor for language: java found 0 mojo descriptors.
[INFO] Applying mojo extractor for language: bsh
[INFO] Mojo extractor for language: bsh found 0 mojo descriptors.
[INFO] 
[INFO] --- maven-resources-plugin:2.5:testResources (default-testResources) @ storm-maven-plugins ---
[debug] execute contextualize
[INFO] Using 'UTF-8' encoding to copy filtered resources.
[INFO] skip non existing resourceDirectory /home/travis/build/apache/storm/storm-buildtools/storm-maven-plugins/src/test/resources
[INFO] Copying 3 resources
[INFO] 
[INFO] --- maven-compiler-plugin:3.1:testCompile (default-testCompile) @ storm-maven-plugins ---
[INFO] No sources to compile
[INFO] 
[INFO] --- maven-surefire-plugin:2.18.1:test (default-test) @ storm-maven-plugins ---
[INFO] 
[INFO] --- apache-rat-plugin:0.11:check (default) @ storm-maven-plugins ---
[INFO] 51 implicit excludes (use -debug for more details).
[INFO] Exclude: **/target/**
[INFO] Exclude: **/*.iml
[INFO] Exclude: **/.idea/**
[INFO] Exclude: **/metastore_db/**
[INFO] Exclude: **/build/**
[INFO] Exclude: **/CHANGELOG.md
[INFO] Exclude: **/README.md
[INFO] Exclude: **/README.markdown
[INFO] Exclude: **/DEVELOPER.md
[INFO] Exclude: **/BYLAWS.md
[INFO] Exclude: **/STORM-UI-REST-API.md
[INFO] Exclude: SECURITY.md
[INFO] Exclude: VERSION
[INFO] Exclude: TODO
[INFO] Exclude: **/src/py/**
[INFO] Exclude: **/src/ui/public/js/jquery.dataTables.1.10.4.min.js
[INFO] Exclude: **/src/ui/public/css/jquery.dataTables.1.10.4.min.css
[INFO] Exclude: **/src/ui/public/images/*
[INFO] Exclude: **/src/ui/public/js/bootstrap-3.3.1.min.js
[INFO] Exclude: **/src/ui/public/css/bootstrap-3.3.1.min.css
[INFO] Exclude: **/src/ui/public/js/dataTables.bootstrap.min.js
[INFO] Exclude: **/src/ui/public/css/dataTables.bootstrap.css
[INFO] Exclude: **/src/ui/public/js/jsonFormatter.min.js
[INFO] Exclude: **/src/ui/public/css/jsonFormatter.min.css
[INFO] Exclude: **/src/ui/public/js/jquery-1.11.1.min.js
[INFO] Exclude: **/src/ui/public/js/jquery.cookies.2.2.0.min.js
[INFO] Exclude: **/src/ui/public/js/moment.min.js
[INFO] Exclude: **/src/ui/public/js/jquery.blockUI.min.js
[INFO] Exclude: **/src/ui/public/js/url.min.js
[INFO] Exclude: **/src/ui/public/js/arbor.js
[INFO] Exclude: **/src/ui/public/js/arbor-graphics.js
[INFO] Exclude: **/src/ui/public/js/arbor-tween.js
[INFO] Exclude: **/src/ui/public/js/jquery.mustache.js
[INFO] Exclude: **/src/ui/public/js/typeahead.jquery.min.js
[INFO] Exclude: **/dependency-reduced-pom.xml
[INFO] Exclude: **/docs/**
[INFO] Exclude: **/.git/**
[INFO] Exclude: **/derby.log
[INFO] Exclude: **/src/dev/**
[INFO] Exclude: **/src/codegen/config.fmpp
[INFO] Exclude: **/src/codegen/data/Parser.tdd
[INFO] Exclude: **/src/test/resources/FixedAvroSerializer.config
[INFO] 3 resources included (use -debug for more details)
Warning:  org.apache.xerces.jaxp.SAXParserImpl$JAXPSAXParser: Property 'http://www.oracle.com/xml/jaxp/properties/entityExpansionLimit' is not recognized.
Compiler warnings:
  WARNING:  'org.apache.xerces.jaxp.SAXParserImpl: Property 'http://javax.xml.XMLConstants/property/accessExternalDTD' is not recognized.'
Warning:  org.apache.xerces.parsers.SAXParser: Feature 'http://javax.xml.XMLConstants/feature/secure-processing' is not recognized.
Warning:  org.apache.xerces.parsers.SAXParser: Property 'http://javax.xml.XMLConstants/property/accessExternalDTD' is not recognized.
Warning:  org.apache.xerces.parsers.SAXParser: Property 'http://www.oracle.com/xml/jaxp/properties/entityExpansionLimit' is not recognized.
[INFO] Rat check: Summary of files. Unapproved: 0 unknown: 0 generated: 0 approved: 3 licence.
[INFO]                                                                         
[INFO] ------------------------------------------------------------------------
[INFO] Building storm-rename-hack 1.1.0-SNAPSHOT
[INFO] ------------------------------------------------------------------------
[INFO] Downloading: https://repository.apache.org/snapshots/org/apache/storm/storm-core/1.1.0-SNAPSHOT/maven-metadata.xml
[INFO] Downloaded: https://repository.apache.org/snapshots/org/apache/storm/storm-core/1.1.0-SNAPSHOT/maven-metadata.xml (2 KB at 1.2 KB/sec)
[INFO] 
[INFO] --- maven-remote-resources-plugin:1.2.1:process (default) @ storm-rename-hack ---
[INFO] 
[INFO] --- maven-resources-plugin:2.5:resources (default-resources) @ storm-rename-hack ---
[debug] execute contextualize
[INFO] Using 'UTF-8' encoding to copy filtered resources.
[INFO] skip non existing resourceDirectory /home/travis/build/apache/storm/storm-rename-hack/src/main/resources
[INFO] Copying 3 resources
[INFO] 
[INFO] --- maven-compiler-plugin:3.1:compile (default-compile) @ storm-rename-hack ---
[INFO] Nothing to compile - all classes are up to date
[INFO] 
[INFO] --- maven-resources-plugin:2.5:testResources (default-testResources) @ storm-rename-hack ---
[debug] execute contextualize
[INFO] Using 'UTF-8' encoding to copy filtered resources.
[INFO] skip non existing resourceDirectory /home/travis/build/apache/storm/storm-rename-hack/src/test/resources
[INFO] Copying 3 resources
[INFO] 
[INFO] --- maven-compiler-plugin:3.1:testCompile (default-testCompile) @ storm-rename-hack ---
[INFO] No sources to compile
[INFO] 
[INFO] --- maven-surefire-plugin:2.18.1:test (default-test) @ storm-rename-hack ---
[INFO] 
[INFO] --- apache-rat-plugin:0.11:check (default) @ storm-rename-hack ---
[INFO] 51 implicit excludes (use -debug for more details).
[INFO] Exclude: **/target/**
[INFO] Exclude: **/*.iml
[INFO] Exclude: **/.idea/**
[INFO] Exclude: **/metastore_db/**
[INFO] Exclude: **/build/**
[INFO] Exclude: **/CHANGELOG.md
[INFO] Exclude: **/README.md
[INFO] Exclude: **/README.markdown
[INFO] Exclude: **/DEVELOPER.md
[INFO] Exclude: **/BYLAWS.md
[INFO] Exclude: **/STORM-UI-REST-API.md
[INFO] Exclude: SECURITY.md
[INFO] Exclude: VERSION
[INFO] Exclude: TODO
[INFO] Exclude: **/src/py/**
[INFO] Exclude: **/src/ui/public/js/jquery.dataTables.1.10.4.min.js
[INFO] Exclude: **/src/ui/public/css/jquery.dataTables.1.10.4.min.css
[INFO] Exclude: **/src/ui/public/images/*
[INFO] Exclude: **/src/ui/public/js/bootstrap-3.3.1.min.js
[INFO] Exclude: **/src/ui/public/css/bootstrap-3.3.1.min.css
[INFO] Exclude: **/src/ui/public/js/dataTables.bootstrap.min.js
[INFO] Exclude: **/src/ui/public/css/dataTables.bootstrap.css
[INFO] Exclude: **/src/ui/public/js/jsonFormatter.min.js
[INFO] Exclude: **/src/ui/public/css/jsonFormatter.min.css
[INFO] Exclude: **/src/ui/public/js/jquery-1.11.1.min.js
[INFO] Exclude: **/src/ui/public/js/jquery.cookies.2.2.0.min.js
[INFO] Exclude: **/src/ui/public/js/moment.min.js
[INFO] Exclude: **/src/ui/public/js/jquery.blockUI.min.js
[INFO] Exclude: **/src/ui/public/js/url.min.js
[INFO] Exclude: **/src/ui/public/js/arbor.js
[INFO] Exclude: **/src/ui/public/js/arbor-graphics.js
[INFO] Exclude: **/src/ui/public/js/arbor-tween.js
[INFO] Exclude: **/src/ui/public/js/jquery.mustache.js
[INFO] Exclude: **/src/ui/public/js/typeahead.jquery.min.js
[INFO] Exclude: **/dependency-reduced-pom.xml
[INFO] Exclude: **/docs/**
[INFO] Exclude: **/.git/**
[INFO] Exclude: **/derby.log
[INFO] Exclude: **/src/dev/**
[INFO] Exclude: **/src/codegen/config.fmpp
[INFO] Exclude: **/src/codegen/data/Parser.tdd
[INFO] Exclude: **/src/test/resources/FixedAvroSerializer.config
[INFO] 10 resources included (use -debug for more details)
Warning:  org.apache.xerces.jaxp.SAXParserImpl$JAXPSAXParser: Property 'http://www.oracle.com/xml/jaxp/properties/entityExpansionLimit' is not recognized.
Compiler warnings:
  WARNING:  'org.apache.xerces.jaxp.SAXParserImpl: Property 'http://javax.xml.XMLConstants/property/accessExternalDTD' is not recognized.'
Warning:  org.apache.xerces.parsers.SAXParser: Feature 'http://javax.xml.XMLConstants/feature/secure-processing' is not recognized.
Warning:  org.apache.xerces.parsers.SAXParser: Property 'http://javax.xml.XMLConstants/property/accessExternalDTD' is not recognized.
Warning:  org.apache.xerces.parsers.SAXParser: Property 'http://www.oracle.com/xml/jaxp/properties/entityExpansionLimit' is not recognized.
[INFO] Rat check: Summary of files. Unapproved: 0 unknown: 0 generated: 0 approved: 10 licence.
[INFO]                                                                         
[INFO] ------------------------------------------------------------------------
[INFO] Building storm-kafka 1.1.0-SNAPSHOT
[INFO] ------------------------------------------------------------------------
[INFO] 
[INFO] --- jacoco-maven-plugin:0.7.2.201409121644:prepare-agent (jacoco-initialize) @ storm-kafka ---
[INFO] argLine set to -javaagent:/home/travis/.m2/repository/org/jacoco/org.jacoco.agent/0.7.2.201409121644/org.jacoco.agent-0.7.2.201409121644-runtime.jar=destfile=/home/travis/build/apache/storm/external/storm-kafka/target/jacoco.exec
[INFO] 
[INFO] --- maven-remote-resources-plugin:1.2.1:process (default) @ storm-kafka ---
[INFO] 
[INFO] --- maven-resources-plugin:2.5:resources (default-resources) @ storm-kafka ---
[debug] execute contextualize
[INFO] Using 'UTF-8' encoding to copy filtered resources.
[INFO] skip non existing resourceDirectory /home/travis/build/apache/storm/external/storm-kafka/src/main/resources
[INFO] Copying 3 resources
[INFO] 
[INFO] --- maven-compiler-plugin:3.1:compile (default-compile) @ storm-kafka ---
[INFO] Nothing to compile - all classes are up to date
[INFO] 
[INFO] --- maven-resources-plugin:2.5:testResources (default-testResources) @ storm-kafka ---
[debug] execute contextualize
[INFO] Using 'UTF-8' encoding to copy filtered resources.
[INFO] skip non existing resourceDirectory /home/travis/build/apache/storm/external/storm-kafka/src/test/resources
[INFO] Copying 3 resources
[INFO] 
[INFO] --- maven-compiler-plugin:3.1:testCompile (default-testCompile) @ storm-kafka ---
[INFO] Nothing to compile - all classes are up to date
[INFO] 
[INFO] --- maven-surefire-plugin:2.18.1:test (default-test) @ storm-kafka ---
[INFO] Surefire report directory: /home/travis/build/apache/storm/external/storm-kafka/target/surefire-reports
[INFO] parallel='none', perCoreThreadCount=true, threadCount=0, useUnlimitedThreads=false, threadCountSuites=0, threadCountClasses=0, threadCountMethods=0, parallelOptimized=true

-------------------------------------------------------
 T E S T S
-------------------------------------------------------
Running org.apache.storm.kafka.KafkaErrorTest
Tests run: 5, Failures: 0, Errors: 0, Skipped: 0, Time elapsed: 0.595 sec - in org.apache.storm.kafka.KafkaErrorTest
Running org.apache.storm.kafka.KafkaUtilsTest
Tests run: 18, Failures: 0, Errors: 0, Skipped: 0, Time elapsed: 30.545 sec - in org.apache.storm.kafka.KafkaUtilsTest
Running org.apache.storm.kafka.StringKeyValueSchemeTest
Tests run: 4, Failures: 0, Errors: 0, Skipped: 0, Time elapsed: 1.083 sec - in org.apache.storm.kafka.StringKeyValueSchemeTest
Running org.apache.storm.kafka.ZkCoordinatorTest
Tests run: 2, Failures: 0, Errors: 0, Skipped: 0, Time elapsed: 5.676 sec - in org.apache.storm.kafka.ZkCoordinatorTest
Running org.apache.storm.kafka.TridentKafkaTest
Tests run: 1, Failures: 0, Errors: 0, Skipped: 0, Time elapsed: 1.697 sec - in org.apache.storm.kafka.TridentKafkaTest
Running org.apache.storm.kafka.ExponentialBackoffMsgRetryManagerTest
Tests run: 11, Failures: 0, Errors: 0, Skipped: 0, Time elapsed: 1.726 sec - in org.apache.storm.kafka.ExponentialBackoffMsgRetryManagerTest
Running org.apache.storm.kafka.TestStringScheme
Tests run: 1, Failures: 0, Errors: 0, Skipped: 0, Time elapsed: 0.001 sec - in org.apache.storm.kafka.TestStringScheme
Running org.apache.storm.kafka.DynamicBrokersReaderTest
Tests run: 6, Failures: 0, Errors: 0, Skipped: 0, Time elapsed: 6.937 sec - in org.apache.storm.kafka.DynamicBrokersReaderTest
Running org.apache.storm.kafka.bolt.KafkaBoltTest
Tests run: 8, Failures: 0, Errors: 0, Skipped: 0, Time elapsed: 13.748 sec - in org.apache.storm.kafka.bolt.KafkaBoltTest

Results :

Tests run: 56, Failures: 0, Errors: 0, Skipped: 0

[INFO] 
[INFO] --- apache-rat-plugin:0.11:check (default) @ storm-kafka ---
[INFO] 51 implicit excludes (use -debug for more details).
[INFO] Exclude: **/target/**
[INFO] Exclude: **/*.iml
[INFO] Exclude: **/.idea/**
[INFO] Exclude: **/metastore_db/**
[INFO] Exclude: **/build/**
[INFO] Exclude: **/CHANGELOG.md
[INFO] Exclude: **/README.md
[INFO] Exclude: **/README.markdown
[INFO] Exclude: **/DEVELOPER.md
[INFO] Exclude: **/BYLAWS.md
[INFO] Exclude: **/STORM-UI-REST-API.md
[INFO] Exclude: SECURITY.md
[INFO] Exclude: VERSION
[INFO] Exclude: TODO
[INFO] Exclude: **/src/py/**
[INFO] Exclude: **/src/ui/public/js/jquery.dataTables.1.10.4.min.js
[INFO] Exclude: **/src/ui/public/css/jquery.dataTables.1.10.4.min.css
[INFO] Exclude: **/src/ui/public/images/*
[INFO] Exclude: **/src/ui/public/js/bootstrap-3.3.1.min.js
[INFO] Exclude: **/src/ui/public/css/bootstrap-3.3.1.min.css
[INFO] Exclude: **/src/ui/public/js/dataTables.bootstrap.min.js
[INFO] Exclude: **/src/ui/public/css/dataTables.bootstrap.css
[INFO] Exclude: **/src/ui/public/js/jsonFormatter.min.js
[INFO] Exclude: **/src/ui/public/css/jsonFormatter.min.css
[INFO] Exclude: **/src/ui/public/js/jquery-1.11.1.min.js
[INFO] Exclude: **/src/ui/public/js/jquery.cookies.2.2.0.min.js
[INFO] Exclude: **/src/ui/public/js/moment.min.js
[INFO] Exclude: **/src/ui/public/js/jquery.blockUI.min.js
[INFO] Exclude: **/src/ui/public/js/url.min.js
[INFO] Exclude: **/src/ui/public/js/arbor.js
[INFO] Exclude: **/src/ui/public/js/arbor-graphics.js
[INFO] Exclude: **/src/ui/public/js/arbor-tween.js
[INFO] Exclude: **/src/ui/public/js/jquery.mustache.js
[INFO] Exclude: **/src/ui/public/js/typeahead.jquery.min.js
[INFO] Exclude: **/dependency-reduced-pom.xml
[INFO] Exclude: **/docs/**
[INFO] Exclude: **/.git/**
[INFO] Exclude: **/derby.log
[INFO] Exclude: **/src/dev/**
[INFO] Exclude: **/src/codegen/config.fmpp
[INFO] Exclude: **/src/codegen/data/Parser.tdd
[INFO] Exclude: **/src/test/resources/FixedAvroSerializer.config
[INFO] 69 resources included (use -debug for more details)
Warning:  org.apache.xerces.jaxp.SAXParserImpl$JAXPSAXParser: Property 'http://www.oracle.com/xml/jaxp/properties/entityExpansionLimit' is not recognized.
Compiler warnings:
  WARNING:  'org.apache.xerces.jaxp.SAXParserImpl: Property 'http://javax.xml.XMLConstants/property/accessExternalDTD' is not recognized.'
Warning:  org.apache.xerces.parsers.SAXParser: Feature 'http://javax.xml.XMLConstants/feature/secure-processing' is not recognized.
Warning:  org.apache.xerces.parsers.SAXParser: Property 'http://javax.xml.XMLConstants/property/accessExternalDTD' is not recognized.
Warning:  org.apache.xerces.parsers.SAXParser: Property 'http://www.oracle.com/xml/jaxp/properties/entityExpansionLimit' is not recognized.
[INFO] Rat check: Summary of files. Unapproved: 0 unknown: 0 generated: 0 approved: 69 licence.
[INFO] 
[INFO] --- jacoco-maven-plugin:0.7.2.201409121644:report (jacoco-report) @ storm-kafka ---
[INFO] Skipping JaCoCo execution due to missing execution data file:/home/travis/build/apache/storm/external/storm-kafka/target/jacoco.exec
[INFO]                                                                         
[INFO] ------------------------------------------------------------------------
[INFO] Building storm-hdfs 1.1.0-SNAPSHOT
[INFO] ------------------------------------------------------------------------
[INFO] 
[INFO] --- maven-remote-resources-plugin:1.2.1:process (default) @ storm-hdfs ---
[INFO] 
[INFO] --- maven-resources-plugin:2.5:resources (default-resources) @ storm-hdfs ---
[debug] execute contextualize
[INFO] Using 'UTF-8' encoding to copy filtered resources.
[INFO] skip non existing resourceDirectory /home/travis/build/apache/storm/external/storm-hdfs/src/main/resources
[INFO] Copying 3 resources
[INFO] 
[INFO] --- maven-compiler-plugin:2.5.1:compile (default-compile) @ storm-hdfs ---
[INFO] Nothing to compile - all classes are up to date
[INFO] 
[INFO] --- maven-resources-plugin:2.5:testResources (default-testResources) @ storm-hdfs ---
[debug] execute contextualize
[INFO] Using 'UTF-8' encoding to copy filtered resources.
[INFO] Copying 2 resources
[INFO] Copying 3 resources
[INFO] 
[INFO] --- maven-compiler-plugin:2.5.1:testCompile (default-testCompile) @ storm-hdfs ---
[INFO] Nothing to compile - all classes are up to date
[INFO] 
[INFO] --- maven-surefire-plugin:2.18.1:test (default-test) @ storm-hdfs ---
[INFO] Surefire report directory: /home/travis/build/apache/storm/external/storm-hdfs/target/surefire-reports
[INFO] parallel='none', perCoreThreadCount=true, threadCount=0, useUnlimitedThreads=false, threadCountSuites=0, threadCountClasses=0, threadCountMethods=0, parallelOptimized=true

-------------------------------------------------------
 T E S T S
-------------------------------------------------------
Running org.apache.storm.hdfs.bolt.TestHdfsBolt
Tests run: 5, Failures: 0, Errors: 0, Skipped: 0, Time elapsed: 11.793 sec - in org.apache.storm.hdfs.bolt.TestHdfsBolt
Running org.apache.storm.hdfs.bolt.TestSequenceFileBolt
Tests run: 3, Failures: 0, Errors: 0, Skipped: 0, Time elapsed: 3.482 sec - in org.apache.storm.hdfs.bolt.TestSequenceFileBolt
Running org.apache.storm.hdfs.bolt.AvroGenericRecordBoltTest
Tests run: 2, Failures: 0, Errors: 0, Skipped: 0, Time elapsed: 3.575 sec - in org.apache.storm.hdfs.bolt.AvroGenericRecordBoltTest
Running org.apache.storm.hdfs.spout.TestDirLock
Tests run: 3, Failures: 0, Errors: 0, Skipped: 0, Time elapsed: 18.564 sec - in org.apache.storm.hdfs.spout.TestDirLock
Running org.apache.storm.hdfs.spout.TestHdfsSemantics
Tests run: 4, Failures: 0, Errors: 0, Skipped: 0, Time elapsed: 1.029 sec - in org.apache.storm.hdfs.spout.TestHdfsSemantics
Running org.apache.storm.hdfs.spout.TestHdfsSpout
Tests run: 10, Failures: 0, Errors: 0, Skipped: 0, Time elapsed: 9.02 sec - in org.apache.storm.hdfs.spout.TestHdfsSpout
Running org.apache.storm.hdfs.spout.TestProgressTracker
Tests run: 1, Failures: 0, Errors: 0, Skipped: 0, Time elapsed: 0.537 sec - in org.apache.storm.hdfs.spout.TestProgressTracker
Running org.apache.storm.hdfs.spout.TestFileLock
Tests run: 6, Failures: 0, Errors: 0, Skipped: 0, Time elapsed: 28.83 sec - in org.apache.storm.hdfs.spout.TestFileLock
Running org.apache.storm.hdfs.trident.HdfsStateTest
Tests run: 5, Failures: 0, Errors: 0, Skipped: 0, Time elapsed: 0.18 sec - in org.apache.storm.hdfs.trident.HdfsStateTest
Running org.apache.storm.hdfs.blobstore.BlobStoreTest
Tests run: 4, Failures: 0, Errors: 0, Skipped: 0, Time elapsed: 12.028 sec - in org.apache.storm.hdfs.blobstore.BlobStoreTest
Running org.apache.storm.hdfs.blobstore.HdfsBlobStoreImplTest
Tests run: 2, Failures: 0, Errors: 0, Skipped: 0, Time elapsed: 0.557 sec - in org.apache.storm.hdfs.blobstore.HdfsBlobStoreImplTest
Running org.apache.storm.hdfs.avro.TestFixedAvroSerializer
Tests run: 2, Failures: 0, Errors: 0, Skipped: 0, Time elapsed: 0.001 sec - in org.apache.storm.hdfs.avro.TestFixedAvroSerializer
Running org.apache.storm.hdfs.avro.TestGenericAvroSerializer
Tests run: 2, Failures: 0, Errors: 0, Skipped: 0, Time elapsed: 0 sec - in org.apache.storm.hdfs.avro.TestGenericAvroSerializer

Results :

Tests run: 49, Failures: 0, Errors: 0, Skipped: 0

[INFO] 
[INFO] --- apache-rat-plugin:0.11:check (default) @ storm-hdfs ---
[INFO] 51 implicit excludes (use -debug for more details).
[INFO] Exclude: **/target/**
[INFO] Exclude: **/*.iml
[INFO] Exclude: **/.idea/**
[INFO] Exclude: **/metastore_db/**
[INFO] Exclude: **/build/**
[INFO] Exclude: **/CHANGELOG.md
[INFO] Exclude: **/README.md
[INFO] Exclude: **/README.markdown
[INFO] Exclude: **/DEVELOPER.md
[INFO] Exclude: **/BYLAWS.md
[INFO] Exclude: **/STORM-UI-REST-API.md
[INFO] Exclude: SECURITY.md
[INFO] Exclude: VERSION
[INFO] Exclude: TODO
[INFO] Exclude: **/src/py/**
[INFO] Exclude: **/src/ui/public/js/jquery.dataTables.1.10.4.min.js
[INFO] Exclude: **/src/ui/public/css/jquery.dataTables.1.10.4.min.css
[INFO] Exclude: **/src/ui/public/images/*
[INFO] Exclude: **/src/ui/public/js/bootstrap-3.3.1.min.js
[INFO] Exclude: **/src/ui/public/css/bootstrap-3.3.1.min.css
[INFO] Exclude: **/src/ui/public/js/dataTables.bootstrap.min.js
[INFO] Exclude: **/src/ui/public/css/dataTables.bootstrap.css
[INFO] Exclude: **/src/ui/public/js/jsonFormatter.min.js
[INFO] Exclude: **/src/ui/public/css/jsonFormatter.min.css
[INFO] Exclude: **/src/ui/public/js/jquery-1.11.1.min.js
[INFO] Exclude: **/src/ui/public/js/jquery.cookies.2.2.0.min.js
[INFO] Exclude: **/src/ui/public/js/moment.min.js
[INFO] Exclude: **/src/ui/public/js/jquery.blockUI.min.js
[INFO] Exclude: **/src/ui/public/js/url.min.js
[INFO] Exclude: **/src/ui/public/js/arbor.js
[INFO] Exclude: **/src/ui/public/js/arbor-graphics.js
[INFO] Exclude: **/src/ui/public/js/arbor-tween.js
[INFO] Exclude: **/src/ui/public/js/jquery.mustache.js
[INFO] Exclude: **/src/ui/public/js/typeahead.jquery.min.js
[INFO] Exclude: **/dependency-reduced-pom.xml
[INFO] Exclude: **/docs/**
[INFO] Exclude: **/.git/**
[INFO] Exclude: **/derby.log
[INFO] Exclude: **/src/dev/**
[INFO] Exclude: **/src/codegen/config.fmpp
[INFO] Exclude: **/src/codegen/data/Parser.tdd
[INFO] Exclude: **/src/test/resources/FixedAvroSerializer.config
[INFO] 78 resources included (use -debug for more details)
Warning:  org.apache.xerces.jaxp.SAXParserImpl$JAXPSAXParser: Property 'http://www.oracle.com/xml/jaxp/properties/entityExpansionLimit' is not recognized.
Compiler warnings:
  WARNING:  'org.apache.xerces.jaxp.SAXParserImpl: Property 'http://javax.xml.XMLConstants/property/accessExternalDTD' is not recognized.'
Warning:  org.apache.xerces.parsers.SAXParser: Feature 'http://javax.xml.XMLConstants/feature/secure-processing' is not recognized.
Warning:  org.apache.xerces.parsers.SAXParser: Property 'http://javax.xml.XMLConstants/property/accessExternalDTD' is not recognized.
Warning:  org.apache.xerces.parsers.SAXParser: Property 'http://www.oracle.com/xml/jaxp/properties/entityExpansionLimit' is not recognized.
[INFO] Rat check: Summary of files. Unapproved: 0 unknown: 0 generated: 0 approved: 78 licence.
[INFO]                                                                         
[INFO] ------------------------------------------------------------------------
[INFO] Building storm-hbase 1.1.0-SNAPSHOT
[INFO] ------------------------------------------------------------------------
[INFO] 
[INFO] --- maven-remote-resources-plugin:1.2.1:process (default) @ storm-hbase ---
[INFO] 
[INFO] --- maven-resources-plugin:2.5:resources (default-resources) @ storm-hbase ---
[debug] execute contextualize
[INFO] Using 'UTF-8' encoding to copy filtered resources.
[INFO] skip non existing resourceDirectory /home/travis/build/apache/storm/external/storm-hbase/src/main/resources
[INFO] Copying 3 resources
[INFO] 
[INFO] --- maven-compiler-plugin:3.1:compile (default-compile) @ storm-hbase ---
[INFO] Nothing to compile - all classes are up to date
[INFO] 
[INFO] --- maven-resources-plugin:2.5:testResources (default-testResources) @ storm-hbase ---
[debug] execute contextualize
[INFO] Using 'UTF-8' encoding to copy filtered resources.
[INFO] skip non existing resourceDirectory /home/travis/build/apache/storm/external/storm-hbase/src/test/resources
[INFO] Copying 3 resources
[INFO] 
[INFO] --- maven-compiler-plugin:3.1:testCompile (default-testCompile) @ storm-hbase ---
[INFO] Nothing to compile - all classes are up to date
[INFO] 
[INFO] --- maven-surefire-plugin:2.18.1:test (default-test) @ storm-hbase ---
[INFO] 
[INFO] --- apache-rat-plugin:0.11:check (default) @ storm-hbase ---
[INFO] 51 implicit excludes (use -debug for more details).
[INFO] Exclude: **/target/**
[INFO] Exclude: **/*.iml
[INFO] Exclude: **/.idea/**
[INFO] Exclude: **/metastore_db/**
[INFO] Exclude: **/build/**
[INFO] Exclude: **/CHANGELOG.md
[INFO] Exclude: **/README.md
[INFO] Exclude: **/README.markdown
[INFO] Exclude: **/DEVELOPER.md
[INFO] Exclude: **/BYLAWS.md
[INFO] Exclude: **/STORM-UI-REST-API.md
[INFO] Exclude: SECURITY.md
[INFO] Exclude: VERSION
[INFO] Exclude: TODO
[INFO] Exclude: **/src/py/**
[INFO] Exclude: **/src/ui/public/js/jquery.dataTables.1.10.4.min.js
[INFO] Exclude: **/src/ui/public/css/jquery.dataTables.1.10.4.min.css
[INFO] Exclude: **/src/ui/public/images/*
[INFO] Exclude: **/src/ui/public/js/bootstrap-3.3.1.min.js
[INFO] Exclude: **/src/ui/public/css/bootstrap-3.3.1.min.css
[INFO] Exclude: **/src/ui/public/js/dataTables.bootstrap.min.js
[INFO] Exclude: **/src/ui/public/css/dataTables.bootstrap.css
[INFO] Exclude: **/src/ui/public/js/jsonFormatter.min.js
[INFO] Exclude: **/src/ui/public/css/jsonFormatter.min.css
[INFO] Exclude: **/src/ui/public/js/jquery-1.11.1.min.js
[INFO] Exclude: **/src/ui/public/js/jquery.cookies.2.2.0.min.js
[INFO] Exclude: **/src/ui/public/js/moment.min.js
[INFO] Exclude: **/src/ui/public/js/jquery.blockUI.min.js
[INFO] Exclude: **/src/ui/public/js/url.min.js
[INFO] Exclude: **/src/ui/public/js/arbor.js
[INFO] Exclude: **/src/ui/public/js/arbor-graphics.js
[INFO] Exclude: **/src/ui/public/js/arbor-tween.js
[INFO] Exclude: **/src/ui/public/js/jquery.mustache.js
[INFO] Exclude: **/src/ui/public/js/typeahead.jquery.min.js
[INFO] Exclude: **/dependency-reduced-pom.xml
[INFO] Exclude: **/docs/**
[INFO] Exclude: **/.git/**
[INFO] Exclude: **/derby.log
[INFO] Exclude: **/src/dev/**
[INFO] Exclude: **/src/codegen/config.fmpp
[INFO] Exclude: **/src/codegen/data/Parser.tdd
[INFO] Exclude: **/src/test/resources/FixedAvroSerializer.config
[INFO] 35 resources included (use -debug for more details)
Warning:  org.apache.xerces.jaxp.SAXParserImpl$JAXPSAXParser: Property 'http://www.oracle.com/xml/jaxp/properties/entityExpansionLimit' is not recognized.
Compiler warnings:
  WARNING:  'org.apache.xerces.jaxp.SAXParserImpl: Property 'http://javax.xml.XMLConstants/property/accessExternalDTD' is not recognized.'
Warning:  org.apache.xerces.parsers.SAXParser: Feature 'http://javax.xml.XMLConstants/feature/secure-processing' is not recognized.
Warning:  org.apache.xerces.parsers.SAXParser: Property 'http://javax.xml.XMLConstants/property/accessExternalDTD' is not recognized.
Warning:  org.apache.xerces.parsers.SAXParser: Property 'http://www.oracle.com/xml/jaxp/properties/entityExpansionLimit' is not recognized.
[INFO] Rat check: Summary of files. Unapproved: 0 unknown: 0 generated: 0 approved: 35 licence.
[INFO]                                                                         
[INFO] ------------------------------------------------------------------------
[INFO] Building storm-hive 1.1.0-SNAPSHOT
[INFO] ------------------------------------------------------------------------
[INFO] 
[INFO] --- maven-remote-resources-plugin:1.2.1:process (default) @ storm-hive ---
[INFO] Downloading: https://oss.sonatype.org/content/repositories/releases/net/hydromatic/linq4j/0.4/linq4j-0.4.pom
[INFO] Downloading: https://repository.apache.org/releases/net/hydromatic/linq4j/0.4/linq4j-0.4.pom
[INFO] Downloading: https://oss.sonatype.org/content/repositories/releases/net/hydromatic/quidem/0.1.1/quidem-0.1.1.pom
[INFO] Downloading: https://repository.apache.org/releases/net/hydromatic/quidem/0.1.1/quidem-0.1.1.pom
[INFO] Downloading: https://oss.sonatype.org/content/repositories/releases/org/pentaho/pentaho-aggdesigner-algorithm/5.1.3-jhyde/pentaho-aggdesigner-algorithm-5.1.3-jhyde.pom
[INFO] Downloading: https://repository.apache.org/releases/org/pentaho/pentaho-aggdesigner-algorithm/5.1.3-jhyde/pentaho-aggdesigner-algorithm-5.1.3-jhyde.pom
[INFO] Downloading: https://oss.sonatype.org/content/repositories/releases/eigenbase/eigenbase-properties/1.1.4/eigenbase-properties-1.1.4.pom
[INFO] Downloading: https://repository.apache.org/releases/eigenbase/eigenbase-properties/1.1.4/eigenbase-properties-1.1.4.pom
[INFO] 
[INFO] --- maven-resources-plugin:2.5:resources (default-resources) @ storm-hive ---
[debug] execute contextualize
[INFO] Using 'UTF-8' encoding to copy filtered resources.
[INFO] skip non existing resourceDirectory /home/travis/build/apache/storm/external/storm-hive/src/main/resources
[INFO] Copying 3 resources
[INFO] 
[INFO] --- maven-compiler-plugin:3.1:compile (default-compile) @ storm-hive ---
[INFO] Nothing to compile - all classes are up to date
[INFO] 
[INFO] --- maven-resources-plugin:2.5:testResources (default-testResources) @ storm-hive ---
[debug] execute contextualize
[INFO] Using 'UTF-8' encoding to copy filtered resources.
[INFO] skip non existing resourceDirectory /home/travis/build/apache/storm/external/storm-hive/src/test/resources
[INFO] Copying 3 resources
[INFO] 
[INFO] --- maven-compiler-plugin:3.1:testCompile (default-testCompile) @ storm-hive ---
[INFO] Nothing to compile - all classes are up to date
[INFO] 
[INFO] --- maven-clean-plugin:2.5:clean (cleanup) @ storm-hive ---
[INFO] 
[INFO] --- maven-surefire-plugin:2.18.1:test (default-test) @ storm-hive ---
[INFO] Surefire report directory: /home/travis/build/apache/storm/external/storm-hive/target/surefire-reports
[INFO] parallel='none', perCoreThreadCount=true, threadCount=0, useUnlimitedThreads=false, threadCountSuites=0, threadCountClasses=0, threadCountMethods=0, parallelOptimized=true

-------------------------------------------------------
 T E S T S
-------------------------------------------------------
Running org.apache.storm.hive.bolt.TestHiveBolt
Tests run: 11, Failures: 0, Errors: 0, Skipped: 0, Time elapsed: 21.323 sec - in org.apache.storm.hive.bolt.TestHiveBolt
Running org.apache.storm.hive.common.TestHiveWriter
Tests run: 3, Failures: 0, Errors: 0, Skipped: 0, Time elapsed: 3.422 sec - in org.apache.storm.hive.common.TestHiveWriter

Results :

Tests run: 14, Failures: 0, Errors: 0, Skipped: 0

[INFO] 
[INFO] --- apache-rat-plugin:0.11:check (default) @ storm-hive ---
[INFO] 51 implicit excludes (use -debug for more details).
[INFO] Exclude: **/target/**
[INFO] Exclude: **/*.iml
[INFO] Exclude: **/.idea/**
[INFO] Exclude: **/metastore_db/**
[INFO] Exclude: **/build/**
[INFO] Exclude: **/CHANGELOG.md
[INFO] Exclude: **/README.md
[INFO] Exclude: **/README.markdown
[INFO] Exclude: **/DEVELOPER.md
[INFO] Exclude: **/BYLAWS.md
[INFO] Exclude: **/STORM-UI-REST-API.md
[INFO] Exclude: SECURITY.md
[INFO] Exclude: VERSION
[INFO] Exclude: TODO
[INFO] Exclude: **/src/py/**
[INFO] Exclude: **/src/ui/public/js/jquery.dataTables.1.10.4.min.js
[INFO] Exclude: **/src/ui/public/css/jquery.dataTables.1.10.4.min.css
[INFO] Exclude: **/src/ui/public/images/*
[INFO] Exclude: **/src/ui/public/js/bootstrap-3.3.1.min.js
[INFO] Exclude: **/src/ui/public/css/bootstrap-3.3.1.min.css
[INFO] Exclude: **/src/ui/public/js/dataTables.bootstrap.min.js
[INFO] Exclude: **/src/ui/public/css/dataTables.bootstrap.css
[INFO] Exclude: **/src/ui/public/js/jsonFormatter.min.js
[INFO] Exclude: **/src/ui/public/css/jsonFormatter.min.css
[INFO] Exclude: **/src/ui/public/js/jquery-1.11.1.min.js
[INFO] Exclude: **/src/ui/public/js/jquery.cookies.2.2.0.min.js
[INFO] Exclude: **/src/ui/public/js/moment.min.js
[INFO] Exclude: **/src/ui/public/js/jquery.blockUI.min.js
[INFO] Exclude: **/src/ui/public/js/url.min.js
[INFO] Exclude: **/src/ui/public/js/arbor.js
[INFO] Exclude: **/src/ui/public/js/arbor-graphics.js
[INFO] Exclude: **/src/ui/public/js/arbor-tween.js
[INFO] Exclude: **/src/ui/public/js/jquery.mustache.js
[INFO] Exclude: **/src/ui/public/js/typeahead.jquery.min.js
[INFO] Exclude: **/dependency-reduced-pom.xml
[INFO] Exclude: **/docs/**
[INFO] Exclude: **/.git/**
[INFO] Exclude: **/derby.log
[INFO] Exclude: **/src/dev/**
[INFO] Exclude: **/src/codegen/config.fmpp
[INFO] Exclude: **/src/codegen/data/Parser.tdd
[INFO] Exclude: **/src/test/resources/FixedAvroSerializer.config
[INFO] 18 resources included (use -debug for more details)
Warning:  org.apache.xerces.jaxp.SAXParserImpl$JAXPSAXParser: Property 'http://www.oracle.com/xml/jaxp/properties/entityExpansionLimit' is not recognized.
Compiler warnings:
  WARNING:  'org.apache.xerces.jaxp.SAXParserImpl: Property 'http://javax.xml.XMLConstants/property/accessExternalDTD' is not recognized.'
Warning:  org.apache.xerces.parsers.SAXParser: Feature 'http://javax.xml.XMLConstants/feature/secure-processing' is not recognized.
Warning:  org.apache.xerces.parsers.SAXParser: Property 'http://javax.xml.XMLConstants/property/accessExternalDTD' is not recognized.
Warning:  org.apache.xerces.parsers.SAXParser: Property 'http://www.oracle.com/xml/jaxp/properties/entityExpansionLimit' is not recognized.
[INFO] Rat check: Summary of files. Unapproved: 0 unknown: 0 generated: 0 approved: 18 licence.
[INFO]                                                                         
[INFO] ------------------------------------------------------------------------
[INFO] Building storm-jdbc 1.1.0-SNAPSHOT
[INFO] ------------------------------------------------------------------------
[INFO] 
[INFO] --- maven-remote-resources-plugin:1.2.1:process (default) @ storm-jdbc ---
[INFO] 
[INFO] --- maven-resources-plugin:2.5:resources (default-resources) @ storm-jdbc ---
[debug] execute contextualize
[INFO] Using 'UTF-8' encoding to copy filtered resources.
[INFO] skip non existing resourceDirectory /home/travis/build/apache/storm/external/storm-jdbc/src/main/resources
[INFO] Copying 3 resources
[INFO] 
[INFO] --- maven-compiler-plugin:3.1:compile (default-compile) @ storm-jdbc ---
[INFO] Nothing to compile - all classes are up to date
[INFO] 
[INFO] --- maven-resources-plugin:2.5:testResources (default-testResources) @ storm-jdbc ---
[debug] execute contextualize
[INFO] Using 'UTF-8' encoding to copy filtered resources.
[INFO] skip non existing resourceDirectory /home/travis/build/apache/storm/external/storm-jdbc/src/test/resources
[INFO] Copying 3 resources
[INFO] 
[INFO] --- sql-maven-plugin:1.5:execute (create-db) @ storm-jdbc ---
[INFO] Executing file: /tmp/test.1990308339sql
[INFO] 1 of 1 SQL statements executed successfully
[INFO] 
[INFO] --- maven-compiler-plugin:3.1:testCompile (default-testCompile) @ storm-jdbc ---
[INFO] Nothing to compile - all classes are up to date
[INFO] 
[INFO] --- maven-surefire-plugin:2.18.1:test (default-test) @ storm-jdbc ---
[INFO] Surefire report directory: /home/travis/build/apache/storm/external/storm-jdbc/target/surefire-reports
[INFO] parallel='none', perCoreThreadCount=true, threadCount=0, useUnlimitedThreads=false, threadCountSuites=0, threadCountClasses=0, threadCountMethods=0, parallelOptimized=true

-------------------------------------------------------
 T E S T S
-------------------------------------------------------
Running org.apache.storm.jdbc.bolt.JdbcInsertBoltTest
Tests run: 1, Failures: 0, Errors: 0, Skipped: 0, Time elapsed: 0.572 sec - in org.apache.storm.jdbc.bolt.JdbcInsertBoltTest
Running org.apache.storm.jdbc.bolt.JdbcLookupBoltTest
Tests run: 1, Failures: 0, Errors: 0, Skipped: 0, Time elapsed: 0.003 sec - in org.apache.storm.jdbc.bolt.JdbcLookupBoltTest
Running org.apache.storm.jdbc.common.UtilTest
Tests run: 2, Failures: 0, Errors: 0, Skipped: 0, Time elapsed: 0.002 sec - in org.apache.storm.jdbc.common.UtilTest
Running org.apache.storm.jdbc.common.JdbcClientTest
Tests run: 1, Failures: 0, Errors: 0, Skipped: 0, Time elapsed: 0.532 sec - in org.apache.storm.jdbc.common.JdbcClientTest

Results :

Tests run: 5, Failures: 0, Errors: 0, Skipped: 0

[INFO] 
[INFO] --- apache-rat-plugin:0.11:check (default) @ storm-jdbc ---
[INFO] 51 implicit excludes (use -debug for more details).
[INFO] Exclude: **/target/**
[INFO] Exclude: **/*.iml
[INFO] Exclude: **/.idea/**
[INFO] Exclude: **/metastore_db/**
[INFO] Exclude: **/build/**
[INFO] Exclude: **/CHANGELOG.md
[INFO] Exclude: **/README.md
[INFO] Exclude: **/README.markdown
[INFO] Exclude: **/DEVELOPER.md
[INFO] Exclude: **/BYLAWS.md
[INFO] Exclude: **/STORM-UI-REST-API.md
[INFO] Exclude: SECURITY.md
[INFO] Exclude: VERSION
[INFO] Exclude: TODO
[INFO] Exclude: **/src/py/**
[INFO] Exclude: **/src/ui/public/js/jquery.dataTables.1.10.4.min.js
[INFO] Exclude: **/src/ui/public/css/jquery.dataTables.1.10.4.min.css
[INFO] Exclude: **/src/ui/public/images/*
[INFO] Exclude: **/src/ui/public/js/bootstrap-3.3.1.min.js
[INFO] Exclude: **/src/ui/public/css/bootstrap-3.3.1.min.css
[INFO] Exclude: **/src/ui/public/js/dataTables.bootstrap.min.js
[INFO] Exclude: **/src/ui/public/css/dataTables.bootstrap.css
[INFO] Exclude: **/src/ui/public/js/jsonFormatter.min.js
[INFO] Exclude: **/src/ui/public/css/jsonFormatter.min.css
[INFO] Exclude: **/src/ui/public/js/jquery-1.11.1.min.js
[INFO] Exclude: **/src/ui/public/js/jquery.cookies.2.2.0.min.js
[INFO] Exclude: **/src/ui/public/js/moment.min.js
[INFO] Exclude: **/src/ui/public/js/jquery.blockUI.min.js
[INFO] Exclude: **/src/ui/public/js/url.min.js
[INFO] Exclude: **/src/ui/public/js/arbor.js
[INFO] Exclude: **/src/ui/public/js/arbor-graphics.js
[INFO] Exclude: **/src/ui/public/js/arbor-tween.js
[INFO] Exclude: **/src/ui/public/js/jquery.mustache.js
[INFO] Exclude: **/src/ui/public/js/typeahead.jquery.min.js
[INFO] Exclude: **/dependency-reduced-pom.xml
[INFO] Exclude: **/docs/**
[INFO] Exclude: **/.git/**
[INFO] Exclude: **/derby.log
[INFO] Exclude: **/src/dev/**
[INFO] Exclude: **/src/codegen/config.fmpp
[INFO] Exclude: **/src/codegen/data/Parser.tdd
[INFO] Exclude: **/src/test/resources/FixedAvroSerializer.config
[INFO] 26 resources included (use -debug for more details)
Warning:  org.apache.xerces.jaxp.SAXParserImpl$JAXPSAXParser: Property 'http://www.oracle.com/xml/jaxp/properties/entityExpansionLimit' is not recognized.
Compiler warnings:
  WARNING:  'org.apache.xerces.jaxp.SAXParserImpl: Property 'http://javax.xml.XMLConstants/property/accessExternalDTD' is not recognized.'
Warning:  org.apache.xerces.parsers.SAXParser: Feature 'http://javax.xml.XMLConstants/feature/secure-processing' is not recognized.
Warning:  org.apache.xerces.parsers.SAXParser: Property 'http://javax.xml.XMLConstants/property/accessExternalDTD' is not recognized.
Warning:  org.apache.xerces.parsers.SAXParser: Property 'http://www.oracle.com/xml/jaxp/properties/entityExpansionLimit' is not recognized.
[INFO] Rat check: Summary of files. Unapproved: 0 unknown: 0 generated: 0 approved: 26 licence.
[INFO]                                                                         
[INFO] ------------------------------------------------------------------------
[INFO] Building storm-redis 1.1.0-SNAPSHOT
[INFO] ------------------------------------------------------------------------
[INFO] 
[INFO] --- maven-remote-resources-plugin:1.2.1:process (default) @ storm-redis ---
[INFO] 
[INFO] --- maven-resources-plugin:2.5:resources (default-resources) @ storm-redis ---
[debug] execute contextualize
[INFO] Using 'UTF-8' encoding to copy filtered resources.
[INFO] skip non existing resourceDirectory /home/travis/build/apache/storm/external/storm-redis/src/main/resources
[INFO] Copying 3 resources
[INFO] 
[INFO] --- maven-compiler-plugin:3.1:compile (default-compile) @ storm-redis ---
[INFO] Nothing to compile - all classes are up to date
[INFO] 
[INFO] --- maven-resources-plugin:2.5:testResources (default-testResources) @ storm-redis ---
[debug] execute contextualize
[INFO] Using 'UTF-8' encoding to copy filtered resources.
[INFO] skip non existing resourceDirectory /home/travis/build/apache/storm/external/storm-redis/src/test/resources
[INFO] Copying 3 resources
[INFO] 
[INFO] --- maven-compiler-plugin:3.1:testCompile (default-testCompile) @ storm-redis ---
[INFO] Nothing to compile - all classes are up to date
[INFO] 
[INFO] --- maven-surefire-plugin:2.18.1:test (default-test) @ storm-redis ---
[INFO] Surefire report directory: /home/travis/build/apache/storm/external/storm-redis/target/surefire-reports
[INFO] parallel='none', perCoreThreadCount=true, threadCount=0, useUnlimitedThreads=false, threadCountSuites=0, threadCountClasses=0, threadCountMethods=0, parallelOptimized=true

-------------------------------------------------------
 T E S T S
-------------------------------------------------------
Running org.apache.storm.redis.state.RedisKeyValueStateProviderTest
Tests run: 2, Failures: 0, Errors: 0, Skipped: 0, Time elapsed: 0.937 sec - in org.apache.storm.redis.state.RedisKeyValueStateProviderTest
Running org.apache.storm.redis.state.DefaultStateSerializerTest
Tests run: 1, Failures: 0, Errors: 0, Skipped: 0, Time elapsed: 0.081 sec - in org.apache.storm.redis.state.DefaultStateSerializerTest
Running org.apache.storm.redis.state.RedisKeyValueStateTest
Tests run: 2, Failures: 0, Errors: 0, Skipped: 0, Time elapsed: 0.272 sec - in org.apache.storm.redis.state.RedisKeyValueStateTest

Results :

Tests run: 5, Failures: 0, Errors: 0, Skipped: 0

[INFO] 
[INFO] --- apache-rat-plugin:0.11:check (default) @ storm-redis ---
[INFO] 51 implicit excludes (use -debug for more details).
[INFO] Exclude: **/target/**
[INFO] Exclude: **/*.iml
[INFO] Exclude: **/.idea/**
[INFO] Exclude: **/metastore_db/**
[INFO] Exclude: **/build/**
[INFO] Exclude: **/CHANGELOG.md
[INFO] Exclude: **/README.md
[INFO] Exclude: **/README.markdown
[INFO] Exclude: **/DEVELOPER.md
[INFO] Exclude: **/BYLAWS.md
[INFO] Exclude: **/STORM-UI-REST-API.md
[INFO] Exclude: SECURITY.md
[INFO] Exclude: VERSION
[INFO] Exclude: TODO
[INFO] Exclude: **/src/py/**
[INFO] Exclude: **/src/ui/public/js/jquery.dataTables.1.10.4.min.js
[INFO] Exclude: **/src/ui/public/css/jquery.dataTables.1.10.4.min.css
[INFO] Exclude: **/src/ui/public/images/*
[INFO] Exclude: **/src/ui/public/js/bootstrap-3.3.1.min.js
[INFO] Exclude: **/src/ui/public/css/bootstrap-3.3.1.min.css
[INFO] Exclude: **/src/ui/public/js/dataTables.bootstrap.min.js
[INFO] Exclude: **/src/ui/public/css/dataTables.bootstrap.css
[INFO] Exclude: **/src/ui/public/js/jsonFormatter.min.js
[INFO] Exclude: **/src/ui/public/css/jsonFormatter.min.css
[INFO] Exclude: **/src/ui/public/js/jquery-1.11.1.min.js
[INFO] Exclude: **/src/ui/public/js/jquery.cookies.2.2.0.min.js
[INFO] Exclude: **/src/ui/public/js/moment.min.js
[INFO] Exclude: **/src/ui/public/js/jquery.blockUI.min.js
[INFO] Exclude: **/src/ui/public/js/url.min.js
[INFO] Exclude: **/src/ui/public/js/arbor.js
[INFO] Exclude: **/src/ui/public/js/arbor-graphics.js
[INFO] Exclude: **/src/ui/public/js/arbor-tween.js
[INFO] Exclude: **/src/ui/public/js/jquery.mustache.js
[INFO] Exclude: **/src/ui/public/js/typeahead.jquery.min.js
[INFO] Exclude: **/dependency-reduced-pom.xml
[INFO] Exclude: **/docs/**
[INFO] Exclude: **/.git/**
[INFO] Exclude: **/derby.log
[INFO] Exclude: **/src/dev/**
[INFO] Exclude: **/src/codegen/config.fmpp
[INFO] Exclude: **/src/codegen/data/Parser.tdd
[INFO] Exclude: **/src/test/resources/FixedAvroSerializer.config
[INFO] 44 resources included (use -debug for more details)
Warning:  org.apache.xerces.jaxp.SAXParserImpl$JAXPSAXParser: Property 'http://www.oracle.com/xml/jaxp/properties/entityExpansionLimit' is not recognized.
Compiler warnings:
  WARNING:  'org.apache.xerces.jaxp.SAXParserImpl: Property 'http://javax.xml.XMLConstants/property/accessExternalDTD' is not recognized.'
Warning:  org.apache.xerces.parsers.SAXParser: Feature 'http://javax.xml.XMLConstants/feature/secure-processing' is not recognized.
Warning:  org.apache.xerces.parsers.SAXParser: Property 'http://javax.xml.XMLConstants/property/accessExternalDTD' is not recognized.
Warning:  org.apache.xerces.parsers.SAXParser: Property 'http://www.oracle.com/xml/jaxp/properties/entityExpansionLimit' is not recognized.
[INFO] Rat check: Summary of files. Unapproved: 0 unknown: 0 generated: 0 approved: 44 licence.
[INFO]                                                                         
[INFO] ------------------------------------------------------------------------
[INFO] Building storm-eventhubs 1.1.0-SNAPSHOT
[INFO] ------------------------------------------------------------------------
[INFO] 
[INFO] --- maven-remote-resources-plugin:1.2.1:process (default) @ storm-eventhubs ---
[INFO] 
[INFO] --- maven-resources-plugin:2.5:resources (default-resources) @ storm-eventhubs ---
[debug] execute contextualize
[INFO] Using 'UTF-8' encoding to copy filtered resources.
[INFO] Copying 1 resource
[INFO] Copying 3 resources
[INFO] 
[INFO] --- maven-compiler-plugin:3.1:compile (default-compile) @ storm-eventhubs ---
[INFO] Nothing to compile - all classes are up to date
[INFO] 
[INFO] --- maven-resources-plugin:2.5:testResources (default-testResources) @ storm-eventhubs ---
[debug] execute contextualize
[INFO] Using 'UTF-8' encoding to copy filtered resources.
[INFO] skip non existing resourceDirectory /home/travis/build/apache/storm/external/storm-eventhubs/src/test/resources
[INFO] Copying 3 resources
[INFO] 
[INFO] --- maven-compiler-plugin:3.1:testCompile (default-testCompile) @ storm-eventhubs ---
[INFO] Nothing to compile - all classes are up to date
[INFO] 
[INFO] --- maven-surefire-plugin:2.18.1:test (default-test) @ storm-eventhubs ---
[INFO] Surefire report directory: /home/travis/build/apache/storm/external/storm-eventhubs/target/surefire-reports
[INFO] parallel='none', perCoreThreadCount=true, threadCount=0, useUnlimitedThreads=false, threadCountSuites=0, threadCountClasses=0, threadCountMethods=0, parallelOptimized=true

-------------------------------------------------------
 T E S T S
-------------------------------------------------------
Running org.apache.storm.eventhubs.trident.TestTransactionalTridentEmitter
Tests run: 2, Failures: 0, Errors: 0, Skipped: 0, Time elapsed: 0.628 sec - in org.apache.storm.eventhubs.trident.TestTransactionalTridentEmitter
Running org.apache.storm.eventhubs.spout.TestPartitionManager
Tests run: 8, Failures: 0, Errors: 0, Skipped: 0, Time elapsed: 0.05 sec - in org.apache.storm.eventhubs.spout.TestPartitionManager
Running org.apache.storm.eventhubs.spout.TestEventData
Tests run: 1, Failures: 0, Errors: 0, Skipped: 0, Time elapsed: 0.001 sec - in org.apache.storm.eventhubs.spout.TestEventData
Running org.apache.storm.eventhubs.spout.TestEventHubSpout
Tests run: 3, Failures: 0, Errors: 0, Skipped: 0, Time elapsed: 2.02 sec - in org.apache.storm.eventhubs.spout.TestEventHubSpout

Results :

Tests run: 14, Failures: 0, Errors: 0, Skipped: 0

[INFO] 
[INFO] --- apache-rat-plugin:0.11:check (default) @ storm-eventhubs ---
[INFO] 51 implicit excludes (use -debug for more details).
[INFO] Exclude: **/target/**
[INFO] Exclude: **/*.iml
[INFO] Exclude: **/.idea/**
[INFO] Exclude: **/metastore_db/**
[INFO] Exclude: **/build/**
[INFO] Exclude: **/CHANGELOG.md
[INFO] Exclude: **/README.md
[INFO] Exclude: **/README.markdown
[INFO] Exclude: **/DEVELOPER.md
[INFO] Exclude: **/BYLAWS.md
[INFO] Exclude: **/STORM-UI-REST-API.md
[INFO] Exclude: SECURITY.md
[INFO] Exclude: VERSION
[INFO] Exclude: TODO
[INFO] Exclude: **/src/py/**
[INFO] Exclude: **/src/ui/public/js/jquery.dataTables.1.10.4.min.js
[INFO] Exclude: **/src/ui/public/css/jquery.dataTables.1.10.4.min.css
[INFO] Exclude: **/src/ui/public/images/*
[INFO] Exclude: **/src/ui/public/js/bootstrap-3.3.1.min.js
[INFO] Exclude: **/src/ui/public/css/bootstrap-3.3.1.min.css
[INFO] Exclude: **/src/ui/public/js/dataTables.bootstrap.min.js
[INFO] Exclude: **/src/ui/public/css/dataTables.bootstrap.css
[INFO] Exclude: **/src/ui/public/js/jsonFormatter.min.js
[INFO] Exclude: **/src/ui/public/css/jsonFormatter.min.css
[INFO] Exclude: **/src/ui/public/js/jquery-1.11.1.min.js
[INFO] Exclude: **/src/ui/public/js/jquery.cookies.2.2.0.min.js
[INFO] Exclude: **/src/ui/public/js/moment.min.js
[INFO] Exclude: **/src/ui/public/js/jquery.blockUI.min.js
[INFO] Exclude: **/src/ui/public/js/url.min.js
[INFO] Exclude: **/src/ui/public/js/arbor.js
[INFO] Exclude: **/src/ui/public/js/arbor-graphics.js
[INFO] Exclude: **/src/ui/public/js/arbor-tween.js
[INFO] Exclude: **/src/ui/public/js/jquery.mustache.js
[INFO] Exclude: **/src/ui/public/js/typeahead.jquery.min.js
[INFO] Exclude: **/dependency-reduced-pom.xml
[INFO] Exclude: **/docs/**
[INFO] Exclude: **/.git/**
[INFO] Exclude: **/derby.log
[INFO] Exclude: **/src/dev/**
[INFO] Exclude: **/src/codegen/config.fmpp
[INFO] Exclude: **/src/codegen/data/Parser.tdd
[INFO] Exclude: **/src/test/resources/FixedAvroSerializer.config
[INFO] 52 resources included (use -debug for more details)
Warning:  org.apache.xerces.jaxp.SAXParserImpl$JAXPSAXParser: Property 'http://www.oracle.com/xml/jaxp/properties/entityExpansionLimit' is not recognized.
Compiler warnings:
  WARNING:  'org.apache.xerces.jaxp.SAXParserImpl: Property 'http://javax.xml.XMLConstants/property/accessExternalDTD' is not recognized.'
Warning:  org.apache.xerces.parsers.SAXParser: Feature 'http://javax.xml.XMLConstants/feature/secure-processing' is not recognized.
Warning:  org.apache.xerces.parsers.SAXParser: Property 'http://javax.xml.XMLConstants/property/accessExternalDTD' is not recognized.
Warning:  org.apache.xerces.parsers.SAXParser: Property 'http://www.oracle.com/xml/jaxp/properties/entityExpansionLimit' is not recognized.
[INFO] Rat check: Summary of files. Unapproved: 0 unknown: 0 generated: 0 approved: 52 licence.
[INFO]                                                                         
[INFO] ------------------------------------------------------------------------
[INFO] Building flux 1.1.0-SNAPSHOT
[INFO] ------------------------------------------------------------------------
[INFO] 
[INFO] --- maven-remote-resources-plugin:1.2.1:process (default) @ flux ---
[INFO] 
[INFO] --- apache-rat-plugin:0.11:check (default) @ flux ---
[INFO] 51 implicit excludes (use -debug for more details).
[INFO] Exclude: **/target/**
[INFO] Exclude: **/*.iml
[INFO] Exclude: **/.idea/**
[INFO] Exclude: **/metastore_db/**
[INFO] Exclude: **/build/**
[INFO] Exclude: **/CHANGELOG.md
[INFO] Exclude: **/README.md
[INFO] Exclude: **/README.markdown
[INFO] Exclude: **/DEVELOPER.md
[INFO] Exclude: **/BYLAWS.md
[INFO] Exclude: **/STORM-UI-REST-API.md
[INFO] Exclude: SECURITY.md
[INFO] Exclude: VERSION
[INFO] Exclude: TODO
[INFO] Exclude: **/src/py/**
[INFO] Exclude: **/src/ui/public/js/jquery.dataTables.1.10.4.min.js
[INFO] Exclude: **/src/ui/public/css/jquery.dataTables.1.10.4.min.css
[INFO] Exclude: **/src/ui/public/images/*
[INFO] Exclude: **/src/ui/public/js/bootstrap-3.3.1.min.js
[INFO] Exclude: **/src/ui/public/css/bootstrap-3.3.1.min.css
[INFO] Exclude: **/src/ui/public/js/dataTables.bootstrap.min.js
[INFO] Exclude: **/src/ui/public/css/dataTables.bootstrap.css
[INFO] Exclude: **/src/ui/public/js/jsonFormatter.min.js
[INFO] Exclude: **/src/ui/public/css/jsonFormatter.min.css
[INFO] Exclude: **/src/ui/public/js/jquery-1.11.1.min.js
[INFO] Exclude: **/src/ui/public/js/jquery.cookies.2.2.0.min.js
[INFO] Exclude: **/src/ui/public/js/moment.min.js
[INFO] Exclude: **/src/ui/public/js/jquery.blockUI.min.js
[INFO] Exclude: **/src/ui/public/js/url.min.js
[INFO] Exclude: **/src/ui/public/js/arbor.js
[INFO] Exclude: **/src/ui/public/js/arbor-graphics.js
[INFO] Exclude: **/src/ui/public/js/arbor-tween.js
[INFO] Exclude: **/src/ui/public/js/jquery.mustache.js
[INFO] Exclude: **/src/ui/public/js/typeahead.jquery.min.js
[INFO] Exclude: **/dependency-reduced-pom.xml
[INFO] Exclude: **/docs/**
[INFO] Exclude: **/.git/**
[INFO] Exclude: **/derby.log
[INFO] Exclude: **/src/dev/**
[INFO] Exclude: **/src/codegen/config.fmpp
[INFO] Exclude: **/src/codegen/data/Parser.tdd
[INFO] Exclude: **/src/test/resources/FixedAvroSerializer.config
[INFO] 69 resources included (use -debug for more details)
Warning:  org.apache.xerces.jaxp.SAXParserImpl$JAXPSAXParser: Property 'http://www.oracle.com/xml/jaxp/properties/entityExpansionLimit' is not recognized.
Compiler warnings:
  WARNING:  'org.apache.xerces.jaxp.SAXParserImpl: Property 'http://javax.xml.XMLConstants/property/accessExternalDTD' is not recognized.'
Warning:  org.apache.xerces.parsers.SAXParser: Feature 'http://javax.xml.XMLConstants/feature/secure-processing' is not recognized.
Warning:  org.apache.xerces.parsers.SAXParser: Property 'http://javax.xml.XMLConstants/property/accessExternalDTD' is not recognized.
Warning:  org.apache.xerces.parsers.SAXParser: Property 'http://www.oracle.com/xml/jaxp/properties/entityExpansionLimit' is not recognized.
[INFO] Rat check: Summary of files. Unapproved: 0 unknown: 0 generated: 0 approved: 68 licence.
[INFO]                                                                         
[INFO] ------------------------------------------------------------------------
[INFO] Building flux-wrappers 1.1.0-SNAPSHOT
[INFO] ------------------------------------------------------------------------
[INFO] 
[INFO] --- maven-remote-resources-plugin:1.2.1:process (default) @ flux-wrappers ---
[INFO] 
[INFO] --- maven-resources-plugin:2.5:resources (default-resources) @ flux-wrappers ---
[debug] execute contextualize
[INFO] Using 'UTF-8' encoding to copy filtered resources.
[INFO] Copying 2 resources
[INFO] Copying 3 resources
[INFO] 
[INFO] --- maven-compiler-plugin:3.3:compile (default-compile) @ flux-wrappers ---
[INFO] Nothing to compile - all classes are up to date
[INFO] 
[INFO] --- maven-resources-plugin:2.5:testResources (default-testResources) @ flux-wrappers ---
[debug] execute contextualize
[INFO] Using 'UTF-8' encoding to copy filtered resources.
[INFO] skip non existing resourceDirectory /home/travis/build/apache/storm/external/flux/flux-wrappers/src/test/resources
[INFO] Copying 3 resources
[INFO] 
[INFO] --- maven-compiler-plugin:3.3:testCompile (default-testCompile) @ flux-wrappers ---
[INFO] No sources to compile
[INFO] 
[INFO] --- maven-surefire-plugin:2.18.1:test (default-test) @ flux-wrappers ---
[INFO] 
[INFO] --- apache-rat-plugin:0.11:check (default) @ flux-wrappers ---
[INFO] 51 implicit excludes (use -debug for more details).
[INFO] Exclude: **/target/**
[INFO] Exclude: **/*.iml
[INFO] Exclude: **/.idea/**
[INFO] Exclude: **/metastore_db/**
[INFO] Exclude: **/build/**
[INFO] Exclude: **/CHANGELOG.md
[INFO] Exclude: **/README.md
[INFO] Exclude: **/README.markdown
[INFO] Exclude: **/DEVELOPER.md
[INFO] Exclude: **/BYLAWS.md
[INFO] Exclude: **/STORM-UI-REST-API.md
[INFO] Exclude: SECURITY.md
[INFO] Exclude: VERSION
[INFO] Exclude: TODO
[INFO] Exclude: **/src/py/**
[INFO] Exclude: **/src/ui/public/js/jquery.dataTables.1.10.4.min.js
[INFO] Exclude: **/src/ui/public/css/jquery.dataTables.1.10.4.min.css
[INFO] Exclude: **/src/ui/public/images/*
[INFO] Exclude: **/src/ui/public/js/bootstrap-3.3.1.min.js
[INFO] Exclude: **/src/ui/public/css/bootstrap-3.3.1.min.css
[INFO] Exclude: **/src/ui/public/js/dataTables.bootstrap.min.js
[INFO] Exclude: **/src/ui/public/css/dataTables.bootstrap.css
[INFO] Exclude: **/src/ui/public/js/jsonFormatter.min.js
[INFO] Exclude: **/src/ui/public/css/jsonFormatter.min.css
[INFO] Exclude: **/src/ui/public/js/jquery-1.11.1.min.js
[INFO] Exclude: **/src/ui/public/js/jquery.cookies.2.2.0.min.js
[INFO] Exclude: **/src/ui/public/js/moment.min.js
[INFO] Exclude: **/src/ui/public/js/jquery.blockUI.min.js
[INFO] Exclude: **/src/ui/public/js/url.min.js
[INFO] Exclude: **/src/ui/public/js/arbor.js
[INFO] Exclude: **/src/ui/public/js/arbor-graphics.js
[INFO] Exclude: **/src/ui/public/js/arbor-tween.js
[INFO] Exclude: **/src/ui/public/js/jquery.mustache.js
[INFO] Exclude: **/src/ui/public/js/typeahead.jquery.min.js
[INFO] Exclude: **/dependency-reduced-pom.xml
[INFO] Exclude: **/docs/**
[INFO] Exclude: **/.git/**
[INFO] Exclude: **/derby.log
[INFO] Exclude: **/src/dev/**
[INFO] Exclude: **/src/codegen/config.fmpp
[INFO] Exclude: **/src/codegen/data/Parser.tdd
[INFO] Exclude: **/src/test/resources/FixedAvroSerializer.config
[INFO] 6 resources included (use -debug for more details)
Warning:  org.apache.xerces.jaxp.SAXParserImpl$JAXPSAXParser: Property 'http://www.oracle.com/xml/jaxp/properties/entityExpansionLimit' is not recognized.
Compiler warnings:
  WARNING:  'org.apache.xerces.jaxp.SAXParserImpl: Property 'http://javax.xml.XMLConstants/property/accessExternalDTD' is not recognized.'
Warning:  org.apache.xerces.parsers.SAXParser: Feature 'http://javax.xml.XMLConstants/feature/secure-processing' is not recognized.
Warning:  org.apache.xerces.parsers.SAXParser: Property 'http://javax.xml.XMLConstants/property/accessExternalDTD' is not recognized.
Warning:  org.apache.xerces.parsers.SAXParser: Property 'http://www.oracle.com/xml/jaxp/properties/entityExpansionLimit' is not recognized.
[INFO] Rat check: Summary of files. Unapproved: 0 unknown: 0 generated: 0 approved: 6 licence.
[INFO]                                                                         
[INFO] ------------------------------------------------------------------------
[INFO] Building flux-core 1.1.0-SNAPSHOT
[INFO] ------------------------------------------------------------------------
[INFO] 
[INFO] --- maven-remote-resources-plugin:1.2.1:process (default) @ flux-core ---
[INFO] 
[INFO] --- maven-resources-plugin:2.5:resources (default-resources) @ flux-core ---
[debug] execute contextualize
[INFO] Using 'UTF-8' encoding to copy filtered resources.
[INFO] Copying 1 resource
[INFO] Copying 3 resources
[INFO] 
[INFO] --- maven-compiler-plugin:3.3:compile (default-compile) @ flux-core ---
[INFO] Nothing to compile - all classes are up to date
[INFO] 
[INFO] --- maven-resources-plugin:2.5:testResources (default-testResources) @ flux-core ---
[debug] execute contextualize
[INFO] Using 'UTF-8' encoding to copy filtered resources.
[INFO] Copying 18 resources
[INFO] Copying 3 resources
[INFO] 
[INFO] --- maven-compiler-plugin:3.3:testCompile (default-testCompile) @ flux-core ---
[INFO] Nothing to compile - all classes are up to date
[INFO] 
[INFO] --- maven-surefire-plugin:2.18.1:test (default-test) @ flux-core ---
[INFO] Surefire report directory: /home/travis/build/apache/storm/external/flux/flux-core/target/surefire-reports
[INFO] parallel='none', perCoreThreadCount=true, threadCount=0, useUnlimitedThreads=false, threadCountSuites=0, threadCountClasses=0, threadCountMethods=0, parallelOptimized=true

-------------------------------------------------------
 T E S T S
-------------------------------------------------------
Running org.apache.storm.flux.multilang.MultilangEnvirontmentTest
Tests run: 2, Failures: 1, Errors: 0, Skipped: 0, Time elapsed: 0.034 sec <<< FAILURE! - in org.apache.storm.flux.multilang.MultilangEnvirontmentTest
testInvokeNode(org.apache.storm.flux.multilang.MultilangEnvirontmentTest)  Time elapsed: 0.008 sec  <<< FAILURE!
java.lang.AssertionError: Exit value for node is 0. expected:<0> but was:<139>
	at org.junit.Assert.fail(Assert.java:88)
	at org.junit.Assert.failNotEquals(Assert.java:743)
	at org.junit.Assert.assertEquals(Assert.java:118)
	at org.junit.Assert.assertEquals(Assert.java:555)
	at org.apache.storm.flux.multilang.MultilangEnvirontmentTest.testInvokeNode(MultilangEnvirontmentTest.java:48)

Running org.apache.storm.flux.IntegrationTest
Tests run: 1, Failures: 0, Errors: 0, Skipped: 0, Time elapsed: 0.001 sec - in org.apache.storm.flux.IntegrationTest
Running org.apache.storm.flux.FluxBuilderTest
Tests run: 1, Failures: 0, Errors: 0, Skipped: 0, Time elapsed: 0.007 sec - in org.apache.storm.flux.FluxBuilderTest
Running org.apache.storm.flux.TCKTest
Tests run: 18, Failures: 0, Errors: 0, Skipped: 0, Time elapsed: 2.003 sec - in org.apache.storm.flux.TCKTest

Results :

Failed tests: 
  MultilangEnvirontmentTest.testInvokeNode:48 Exit value for node is 0. expected:<0> but was:<139>

Tests run: 22, Failures: 1, Errors: 0, Skipped: 0

[INFO]                                                                         
[INFO] ------------------------------------------------------------------------
[INFO] Skipping flux-examples
[INFO] This project has been banned from the build due to previous failures.
[INFO] ------------------------------------------------------------------------
[INFO]                                                                         
[INFO] ------------------------------------------------------------------------
[INFO] Building storm-sql-runtime 1.1.0-SNAPSHOT
[INFO] ------------------------------------------------------------------------
[INFO] 
[INFO] --- maven-remote-resources-plugin:1.2.1:process (default) @ storm-sql-runtime ---
[INFO] 
[INFO] --- maven-resources-plugin:2.5:resources (default-resources) @ storm-sql-runtime ---
[debug] execute contextualize
[INFO] Using 'UTF-8' encoding to copy filtered resources.
[INFO] skip non existing resourceDirectory /home/travis/build/apache/storm/external/sql/storm-sql-runtime/src/main/resources
[INFO] Copying 3 resources
[INFO] 
[INFO] --- maven-compiler-plugin:3.1:compile (default-compile) @ storm-sql-runtime ---
[INFO] Nothing to compile - all classes are up to date
[INFO] 
[INFO] --- maven-resources-plugin:2.5:testResources (default-testResources) @ storm-sql-runtime ---
[debug] execute contextualize
[INFO] Using 'UTF-8' encoding to copy filtered resources.
[INFO] skip non existing resourceDirectory /home/travis/build/apache/storm/external/sql/storm-sql-runtime/src/test/resources
[INFO] Copying 3 resources
[INFO] 
[INFO] --- maven-compiler-plugin:3.1:testCompile (default-testCompile) @ storm-sql-runtime ---
[INFO] Nothing to compile - all classes are up to date
[INFO] 
[INFO] --- maven-surefire-plugin:2.18.1:test (default-test) @ storm-sql-runtime ---
[INFO] Surefire report directory: /home/travis/build/apache/storm/external/sql/storm-sql-runtime/target/surefire-reports
[INFO] parallel='none', perCoreThreadCount=true, threadCount=0, useUnlimitedThreads=false, threadCountSuites=0, threadCountClasses=0, threadCountMethods=0, parallelOptimized=true

-------------------------------------------------------
 T E S T S
-------------------------------------------------------

Results :

Tests run: 0, Failures: 0, Errors: 0, Skipped: 0

[INFO] 
[INFO] --- apache-rat-plugin:0.11:check (default) @ storm-sql-runtime ---
[INFO] 51 implicit excludes (use -debug for more details).
[INFO] Exclude: **/target/**
[INFO] Exclude: **/*.iml
[INFO] Exclude: **/.idea/**
[INFO] Exclude: **/metastore_db/**
[INFO] Exclude: **/build/**
[INFO] Exclude: **/CHANGELOG.md
[INFO] Exclude: **/README.md
[INFO] Exclude: **/README.markdown
[INFO] Exclude: **/DEVELOPER.md
[INFO] Exclude: **/BYLAWS.md
[INFO] Exclude: **/STORM-UI-REST-API.md
[INFO] Exclude: SECURITY.md
[INFO] Exclude: VERSION
[INFO] Exclude: TODO
[INFO] Exclude: **/src/py/**
[INFO] Exclude: **/src/ui/public/js/jquery.dataTables.1.10.4.min.js
[INFO] Exclude: **/src/ui/public/css/jquery.dataTables.1.10.4.min.css
[INFO] Exclude: **/src/ui/public/images/*
[INFO] Exclude: **/src/ui/public/js/bootstrap-3.3.1.min.js
[INFO] Exclude: **/src/ui/public/css/bootstrap-3.3.1.min.css
[INFO] Exclude: **/src/ui/public/js/dataTables.bootstrap.min.js
[INFO] Exclude: **/src/ui/public/css/dataTables.bootstrap.css
[INFO] Exclude: **/src/ui/public/js/jsonFormatter.min.js
[INFO] Exclude: **/src/ui/public/css/jsonFormatter.min.css
[INFO] Exclude: **/src/ui/public/js/jquery-1.11.1.min.js
[INFO] Exclude: **/src/ui/public/js/jquery.cookies.2.2.0.min.js
[INFO] Exclude: **/src/ui/public/js/moment.min.js
[INFO] Exclude: **/src/ui/public/js/jquery.blockUI.min.js
[INFO] Exclude: **/src/ui/public/js/url.min.js
[INFO] Exclude: **/src/ui/public/js/arbor.js
[INFO] Exclude: **/src/ui/public/js/arbor-graphics.js
[INFO] Exclude: **/src/ui/public/js/arbor-tween.js
[INFO] Exclude: **/src/ui/public/js/jquery.mustache.js
[INFO] Exclude: **/src/ui/public/js/typeahead.jquery.min.js
[INFO] Exclude: **/dependency-reduced-pom.xml
[INFO] Exclude: **/docs/**
[INFO] Exclude: **/.git/**
[INFO] Exclude: **/derby.log
[INFO] Exclude: **/src/dev/**
[INFO] Exclude: **/src/codegen/config.fmpp
[INFO] Exclude: **/src/codegen/data/Parser.tdd
[INFO] Exclude: **/src/test/resources/FixedAvroSerializer.config
[INFO] 15 resources included (use -debug for more details)
Warning:  org.apache.xerces.jaxp.SAXParserImpl$JAXPSAXParser: Property 'http://www.oracle.com/xml/jaxp/properties/entityExpansionLimit' is not recognized.
Compiler warnings:
  WARNING:  'org.apache.xerces.jaxp.SAXParserImpl: Property 'http://javax.xml.XMLConstants/property/accessExternalDTD' is not recognized.'
Warning:  org.apache.xerces.parsers.SAXParser: Feature 'http://javax.xml.XMLConstants/feature/secure-processing' is not recognized.
Warning:  org.apache.xerces.parsers.SAXParser: Property 'http://javax.xml.XMLConstants/property/accessExternalDTD' is not recognized.
Warning:  org.apache.xerces.parsers.SAXParser: Property 'http://www.oracle.com/xml/jaxp/properties/entityExpansionLimit' is not recognized.
[INFO] Rat check: Summary of files. Unapproved: 0 unknown: 0 generated: 0 approved: 15 licence.
[INFO]                                                                         
[INFO] ------------------------------------------------------------------------
[INFO] Building storm-sql-core 1.1.0-SNAPSHOT
[INFO] ------------------------------------------------------------------------
[INFO] 
[INFO] --- maven-resources-plugin:2.5:copy-resources (copy-fmpp-resources) @ storm-sql-core ---
[debug] execute contextualize
[INFO] Using 'UTF-8' encoding to copy filtered resources.
[INFO] Copying 4 resources
[INFO] 
[INFO] --- maven-dependency-plugin:2.8:unpack (unpack-parser-template) @ storm-sql-core ---
[INFO] Configured Artifact: org.apache.calcite:calcite-core:?:jar
[INFO] Unpacking /home/travis/.m2/repository/org/apache/calcite/calcite-core/1.4.0-incubating/calcite-core-1.4.0-incubating.jar to /home/travis/build/apache/storm/external/sql/storm-sql-core/target with includes "**/Parser.jj" and excludes ""
[INFO] 
[INFO] --- fmpp-maven-plugin:1.0:generate (generate-fmpp-sources) @ storm-sql-core ---
- Executing: Parser.jj
log4j:WARN No appenders could be found for logger (freemarker.cache).
log4j:WARN Please initialize the log4j system properly.
[INFO] Done
[INFO] 
[INFO] --- javacc-maven-plugin:2.4:javacc (javacc) @ storm-sql-core ---
Java Compiler Compiler Version 4.0 (Parser Generator)
(type "javacc" with no arguments for help)
Reading from file /home/travis/build/apache/storm/external/sql/storm-sql-core/target/generated-sources/javacc/Parser.jj . . .
Note: UNICODE_INPUT option is specified. Please make sure you create the parser/lexer using a Reader with the correct character encoding.
Warning: Lookahead adequacy checking not being performed since option LOOKAHEAD is more than 1.  Set option FORCE_LA_CHECK to true to force checking.
Parser generated with 0 errors and 1 warnings.
[INFO] Processed 1 grammar
[INFO] 
[INFO] --- maven-resources-plugin:2.5:copy-resources (copy-java-sources) @ storm-sql-core ---
[debug] execute contextualize
[INFO] Using 'UTF-8' encoding to copy filtered resources.
[INFO] Copying 19 resources
[INFO] Copying 8 resources
[INFO] Copying 8 resources
[INFO] 
[INFO] --- build-helper-maven-plugin:1.5:add-source (add-generated-sources) @ storm-sql-core ---
[INFO] Source directory: /home/travis/build/apache/storm/external/sql/storm-sql-core/target/generated-sources added.
[INFO] 
[INFO] --- maven-remote-resources-plugin:1.2.1:process (default) @ storm-sql-core ---
[INFO] 
[INFO] --- maven-resources-plugin:2.5:resources (default-resources) @ storm-sql-core ---
[debug] execute contextualize
[INFO] Using 'UTF-8' encoding to copy filtered resources.
[INFO] skip non existing resourceDirectory /home/travis/build/apache/storm/external/sql/storm-sql-core/src/main/resources
[INFO] Copying 3 resources
[INFO] 
[INFO] --- maven-compiler-plugin:3.1:compile (default-compile) @ storm-sql-core ---
[INFO] Changes detected - recompiling the module!
[INFO] Compiling 26 source files to /home/travis/build/apache/storm/external/sql/storm-sql-core/target/classes
[WARNING] /home/travis/build/apache/storm/external/sql/storm-sql-core/target/generated-sources/org/apache/storm/sql/parser/impl/StormParserImpl.java: Some input files use or override a deprecated API.
[WARNING] /home/travis/build/apache/storm/external/sql/storm-sql-core/target/generated-sources/org/apache/storm/sql/parser/impl/StormParserImpl.java: Recompile with -Xlint:deprecation for details.
[WARNING] /home/travis/build/apache/storm/external/sql/storm-sql-core/target/generated-sources/org/apache/storm/sql/parser/impl/StormParserImpl.java: /home/travis/build/apache/storm/external/sql/storm-sql-core/target/generated-sources/org/apache/storm/sql/parser/impl/StormParserImpl.java uses unchecked or unsafe operations.
[WARNING] /home/travis/build/apache/storm/external/sql/storm-sql-core/target/generated-sources/org/apache/storm/sql/parser/impl/StormParserImpl.java: Recompile with -Xlint:unchecked for details.
[INFO] 
[INFO] --- maven-resources-plugin:2.5:testResources (default-testResources) @ storm-sql-core ---
[debug] execute contextualize
[INFO] Using 'UTF-8' encoding to copy filtered resources.
[INFO] skip non existing resourceDirectory /home/travis/build/apache/storm/external/sql/storm-sql-core/src/test/resources
[INFO] Copying 3 resources
[INFO] 
[INFO] --- maven-compiler-plugin:3.1:testCompile (default-testCompile) @ storm-sql-core ---
[INFO] Changes detected - recompiling the module!
[INFO] Compiling 15 source files to /home/travis/build/apache/storm/external/sql/storm-sql-core/target/test-classes
[WARNING] /home/travis/build/apache/storm/external/sql/storm-sql-core/target/generated-sources/org/apache/storm/sql/parser/impl/StormParserImpl.java: /home/travis/build/apache/storm/external/sql/storm-sql-core/target/generated-sources/org/apache/storm/sql/parser/impl/StormParserImpl.java uses or overrides a deprecated API.
[WARNING] /home/travis/build/apache/storm/external/sql/storm-sql-core/target/generated-sources/org/apache/storm/sql/parser/impl/StormParserImpl.java: Recompile with -Xlint:deprecation for details.
[WARNING] /home/travis/build/apache/storm/external/sql/storm-sql-core/target/generated-sources/org/apache/storm/sql/parser/impl/StormParserImpl.java: /home/travis/build/apache/storm/external/sql/storm-sql-core/target/generated-sources/org/apache/storm/sql/parser/impl/StormParserImpl.java uses unchecked or unsafe operations.
[WARNING] /home/travis/build/apache/storm/external/sql/storm-sql-core/target/generated-sources/org/apache/storm/sql/parser/impl/StormParserImpl.java: Recompile with -Xlint:unchecked for details.
[INFO] 
[INFO] --- maven-surefire-plugin:2.18.1:test (default-test) @ storm-sql-core ---
[INFO] Surefire report directory: /home/travis/build/apache/storm/external/sql/storm-sql-core/target/surefire-reports
[INFO] parallel='none', perCoreThreadCount=true, threadCount=0, useUnlimitedThreads=false, threadCountSuites=0, threadCountClasses=0, threadCountMethods=0, parallelOptimized=true

-------------------------------------------------------
 T E S T S
-------------------------------------------------------
Running org.apache.storm.sql.parser.TestSqlParser
Tests run: 4, Failures: 0, Errors: 0, Skipped: 0, Time elapsed: 0.429 sec - in org.apache.storm.sql.parser.TestSqlParser
Running org.apache.storm.sql.compiler.backends.trident.TestPlanCompiler
Tests run: 2, Failures: 0, Errors: 0, Skipped: 0, Time elapsed: 25 sec - in org.apache.storm.sql.compiler.backends.trident.TestPlanCompiler
Running org.apache.storm.sql.compiler.backends.standalone.TestPlanCompiler
Tests run: 4, Failures: 0, Errors: 0, Skipped: 0, Time elapsed: 0.493 sec - in org.apache.storm.sql.compiler.backends.standalone.TestPlanCompiler
Running org.apache.storm.sql.compiler.backends.standalone.TestRelNodeCompiler
Tests run: 1, Failures: 0, Errors: 0, Skipped: 0, Time elapsed: 0.014 sec - in org.apache.storm.sql.compiler.backends.standalone.TestRelNodeCompiler
Running org.apache.storm.sql.compiler.TestExprCompiler
Tests run: 3, Failures: 0, Errors: 0, Skipped: 0, Time elapsed: 0.024 sec - in org.apache.storm.sql.compiler.TestExprCompiler
Running org.apache.storm.sql.compiler.TestExprSemantic
Tests run: 10, Failures: 0, Errors: 0, Skipped: 0, Time elapsed: 1.247 sec - in org.apache.storm.sql.compiler.TestExprSemantic
Running org.apache.storm.sql.TestStormSql
Tests run: 15, Failures: 0, Errors: 0, Skipped: 0, Time elapsed: 1.404 sec - in org.apache.storm.sql.TestStormSql

Results :

Tests run: 39, Failures: 0, Errors: 0, Skipped: 0

[INFO] 
[INFO] --- apache-rat-plugin:0.11:check (default) @ storm-sql-core ---
[INFO] 51 implicit excludes (use -debug for more details).
[INFO] Exclude: **/target/**
[INFO] Exclude: **/*.iml
[INFO] Exclude: **/.idea/**
[INFO] Exclude: **/metastore_db/**
[INFO] Exclude: **/build/**
[INFO] Exclude: **/CHANGELOG.md
[INFO] Exclude: **/README.md
[INFO] Exclude: **/README.markdown
[INFO] Exclude: **/DEVELOPER.md
[INFO] Exclude: **/BYLAWS.md
[INFO] Exclude: **/STORM-UI-REST-API.md
[INFO] Exclude: SECURITY.md
[INFO] Exclude: VERSION
[INFO] Exclude: TODO
[INFO] Exclude: **/src/py/**
[INFO] Exclude: **/src/ui/public/js/jquery.dataTables.1.10.4.min.js
[INFO] Exclude: **/src/ui/public/css/jquery.dataTables.1.10.4.min.css
[INFO] Exclude: **/src/ui/public/images/*
[INFO] Exclude: **/src/ui/public/js/bootstrap-3.3.1.min.js
[INFO] Exclude: **/src/ui/public/css/bootstrap-3.3.1.min.css
[INFO] Exclude: **/src/ui/public/js/dataTables.bootstrap.min.js
[INFO] Exclude: **/src/ui/public/css/dataTables.bootstrap.css
[INFO] Exclude: **/src/ui/public/js/jsonFormatter.min.js
[INFO] Exclude: **/src/ui/public/css/jsonFormatter.min.css
[INFO] Exclude: **/src/ui/public/js/jquery-1.11.1.min.js
[INFO] Exclude: **/src/ui/public/js/jquery.cookies.2.2.0.min.js
[INFO] Exclude: **/src/ui/public/js/moment.min.js
[INFO] Exclude: **/src/ui/public/js/jquery.blockUI.min.js
[INFO] Exclude: **/src/ui/public/js/url.min.js
[INFO] Exclude: **/src/ui/public/js/arbor.js
[INFO] Exclude: **/src/ui/public/js/arbor-graphics.js
[INFO] Exclude: **/src/ui/public/js/arbor-tween.js
[INFO] Exclude: **/src/ui/public/js/jquery.mustache.js
[INFO] Exclude: **/src/ui/public/js/typeahead.jquery.min.js
[INFO] Exclude: **/dependency-reduced-pom.xml
[INFO] Exclude: **/docs/**
[INFO] Exclude: **/.git/**
[INFO] Exclude: **/derby.log
[INFO] Exclude: **/src/dev/**
[INFO] Exclude: **/src/codegen/config.fmpp
[INFO] Exclude: **/src/codegen/data/Parser.tdd
[INFO] Exclude: **/src/test/resources/FixedAvroSerializer.config
[INFO] 30 resources included (use -debug for more details)
Warning:  org.apache.xerces.jaxp.SAXParserImpl$JAXPSAXParser: Property 'http://www.oracle.com/xml/jaxp/properties/entityExpansionLimit' is not recognized.
Compiler warnings:
  WARNING:  'org.apache.xerces.jaxp.SAXParserImpl: Property 'http://javax.xml.XMLConstants/property/accessExternalDTD' is not recognized.'
Warning:  org.apache.xerces.parsers.SAXParser: Feature 'http://javax.xml.XMLConstants/feature/secure-processing' is not recognized.
Warning:  org.apache.xerces.parsers.SAXParser: Property 'http://javax.xml.XMLConstants/property/accessExternalDTD' is not recognized.
Warning:  org.apache.xerces.parsers.SAXParser: Property 'http://www.oracle.com/xml/jaxp/properties/entityExpansionLimit' is not recognized.
[INFO] Rat check: Summary of files. Unapproved: 0 unknown: 0 generated: 0 approved: 30 licence.
[INFO]                                                                         
[INFO] ------------------------------------------------------------------------
[INFO] Building storm-sql-kafka 1.1.0-SNAPSHOT
[INFO] ------------------------------------------------------------------------
[INFO] 
[INFO] --- maven-remote-resources-plugin:1.2.1:process (default) @ storm-sql-kafka ---
[INFO] 
[INFO] --- maven-resources-plugin:2.5:resources (default-resources) @ storm-sql-kafka ---
[debug] execute contextualize
[INFO] Using 'UTF-8' encoding to copy filtered resources.
[INFO] Copying 1 resource
[INFO] Copying 3 resources
[INFO] 
[INFO] --- maven-compiler-plugin:3.1:compile (default-compile) @ storm-sql-kafka ---
[INFO] Nothing to compile - all classes are up to date
[INFO] 
[INFO] --- maven-resources-plugin:2.5:testResources (default-testResources) @ storm-sql-kafka ---
[debug] execute contextualize
[INFO] Using 'UTF-8' encoding to copy filtered resources.
[INFO] skip non existing resourceDirectory /home/travis/build/apache/storm/external/sql/storm-sql-kafka/src/test/resources
[INFO] Copying 3 resources
[INFO] 
[INFO] --- maven-compiler-plugin:3.1:testCompile (default-testCompile) @ storm-sql-kafka ---
[INFO] Nothing to compile - all classes are up to date
[INFO] 
[INFO] --- maven-surefire-plugin:2.18.1:test (default-test) @ storm-sql-kafka ---
[INFO] Surefire report directory: /home/travis/build/apache/storm/external/sql/storm-sql-kafka/target/surefire-reports
[INFO] parallel='none', perCoreThreadCount=true, threadCount=0, useUnlimitedThreads=false, threadCountSuites=0, threadCountClasses=0, threadCountMethods=0, parallelOptimized=true

-------------------------------------------------------
 T E S T S
-------------------------------------------------------
Running org.apache.storm.sql.kafka.TestKafkaDataSourcesProvider
Tests run: 1, Failures: 0, Errors: 0, Skipped: 0, Time elapsed: 1.523 sec - in org.apache.storm.sql.kafka.TestKafkaDataSourcesProvider
Running org.apache.storm.sql.kafka.TestJsonRepresentation
Tests run: 2, Failures: 0, Errors: 0, Skipped: 0, Time elapsed: 0.147 sec - in org.apache.storm.sql.kafka.TestJsonRepresentation

Results :

Tests run: 3, Failures: 0, Errors: 0, Skipped: 0

[INFO] 
[INFO] --- apache-rat-plugin:0.11:check (default) @ storm-sql-kafka ---
[INFO] 51 implicit excludes (use -debug for more details).
[INFO] Exclude: **/target/**
[INFO] Exclude: **/*.iml
[INFO] Exclude: **/.idea/**
[INFO] Exclude: **/metastore_db/**
[INFO] Exclude: **/build/**
[INFO] Exclude: **/CHANGELOG.md
[INFO] Exclude: **/README.md
[INFO] Exclude: **/README.markdown
[INFO] Exclude: **/DEVELOPER.md
[INFO] Exclude: **/BYLAWS.md
[INFO] Exclude: **/STORM-UI-REST-API.md
[INFO] Exclude: SECURITY.md
[INFO] Exclude: VERSION
[INFO] Exclude: TODO
[INFO] Exclude: **/src/py/**
[INFO] Exclude: **/src/ui/public/js/jquery.dataTables.1.10.4.min.js
[INFO] Exclude: **/src/ui/public/css/jquery.dataTables.1.10.4.min.css
[INFO] Exclude: **/src/ui/public/images/*
[INFO] Exclude: **/src/ui/public/js/bootstrap-3.3.1.min.js
[INFO] Exclude: **/src/ui/public/css/bootstrap-3.3.1.min.css
[INFO] Exclude: **/src/ui/public/js/dataTables.bootstrap.min.js
[INFO] Exclude: **/src/ui/public/css/dataTables.bootstrap.css
[INFO] Exclude: **/src/ui/public/js/jsonFormatter.min.js
[INFO] Exclude: **/src/ui/public/css/jsonFormatter.min.css
[INFO] Exclude: **/src/ui/public/js/jquery-1.11.1.min.js
[INFO] Exclude: **/src/ui/public/js/jquery.cookies.2.2.0.min.js
[INFO] Exclude: **/src/ui/public/js/moment.min.js
[INFO] Exclude: **/src/ui/public/js/jquery.blockUI.min.js
[INFO] Exclude: **/src/ui/public/js/url.min.js
[INFO] Exclude: **/src/ui/public/js/arbor.js
[INFO] Exclude: **/src/ui/public/js/arbor-graphics.js
[INFO] Exclude: **/src/ui/public/js/arbor-tween.js
[INFO] Exclude: **/src/ui/public/js/jquery.mustache.js
[INFO] Exclude: **/src/ui/public/js/typeahead.jquery.min.js
[INFO] Exclude: **/dependency-reduced-pom.xml
[INFO] Exclude: **/docs/**
[INFO] Exclude: **/.git/**
[INFO] Exclude: **/derby.log
[INFO] Exclude: **/src/dev/**
[INFO] Exclude: **/src/codegen/config.fmpp
[INFO] Exclude: **/src/codegen/data/Parser.tdd
[INFO] Exclude: **/src/test/resources/FixedAvroSerializer.config
[INFO] 7 resources included (use -debug for more details)
Warning:  org.apache.xerces.jaxp.SAXParserImpl$JAXPSAXParser: Property 'http://www.oracle.com/xml/jaxp/properties/entityExpansionLimit' is not recognized.
Compiler warnings:
  WARNING:  'org.apache.xerces.jaxp.SAXParserImpl: Property 'http://javax.xml.XMLConstants/property/accessExternalDTD' is not recognized.'
Warning:  org.apache.xerces.parsers.SAXParser: Feature 'http://javax.xml.XMLConstants/feature/secure-processing' is not recognized.
Warning:  org.apache.xerces.parsers.SAXParser: Property 'http://javax.xml.XMLConstants/property/accessExternalDTD' is not recognized.
Warning:  org.apache.xerces.parsers.SAXParser: Property 'http://www.oracle.com/xml/jaxp/properties/entityExpansionLimit' is not recognized.
[INFO] Rat check: Summary of files. Unapproved: 0 unknown: 0 generated: 0 approved: 7 licence.
[INFO]                                                                         
[INFO] ------------------------------------------------------------------------
[INFO] Building sql 1.1.0-SNAPSHOT
[INFO] ------------------------------------------------------------------------
[INFO] 
[INFO] --- maven-remote-resources-plugin:1.2.1:process (default) @ sql ---
[INFO] 
[INFO] --- apache-rat-plugin:0.11:check (default) @ sql ---
[INFO] 51 implicit excludes (use -debug for more details).
[INFO] Exclude: **/target/**
[INFO] Exclude: **/*.iml
[INFO] Exclude: **/.idea/**
[INFO] Exclude: **/metastore_db/**
[INFO] Exclude: **/build/**
[INFO] Exclude: **/CHANGELOG.md
[INFO] Exclude: **/README.md
[INFO] Exclude: **/README.markdown
[INFO] Exclude: **/DEVELOPER.md
[INFO] Exclude: **/BYLAWS.md
[INFO] Exclude: **/STORM-UI-REST-API.md
[INFO] Exclude: SECURITY.md
[INFO] Exclude: VERSION
[INFO] Exclude: TODO
[INFO] Exclude: **/src/py/**
[INFO] Exclude: **/src/ui/public/js/jquery.dataTables.1.10.4.min.js
[INFO] Exclude: **/src/ui/public/css/jquery.dataTables.1.10.4.min.css
[INFO] Exclude: **/src/ui/public/images/*
[INFO] Exclude: **/src/ui/public/js/bootstrap-3.3.1.min.js
[INFO] Exclude: **/src/ui/public/css/bootstrap-3.3.1.min.css
[INFO] Exclude: **/src/ui/public/js/dataTables.bootstrap.min.js
[INFO] Exclude: **/src/ui/public/css/dataTables.bootstrap.css
[INFO] Exclude: **/src/ui/public/js/jsonFormatter.min.js
[INFO] Exclude: **/src/ui/public/css/jsonFormatter.min.css
[INFO] Exclude: **/src/ui/public/js/jquery-1.11.1.min.js
[INFO] Exclude: **/src/ui/public/js/jquery.cookies.2.2.0.min.js
[INFO] Exclude: **/src/ui/public/js/moment.min.js
[INFO] Exclude: **/src/ui/public/js/jquery.blockUI.min.js
[INFO] Exclude: **/src/ui/public/js/url.min.js
[INFO] Exclude: **/src/ui/public/js/arbor.js
[INFO] Exclude: **/src/ui/public/js/arbor-graphics.js
[INFO] Exclude: **/src/ui/public/js/arbor-tween.js
[INFO] Exclude: **/src/ui/public/js/jquery.mustache.js
[INFO] Exclude: **/src/ui/public/js/typeahead.jquery.min.js
[INFO] Exclude: **/dependency-reduced-pom.xml
[INFO] Exclude: **/docs/**
[INFO] Exclude: **/.git/**
[INFO] Exclude: **/derby.log
[INFO] Exclude: **/src/dev/**
[INFO] Exclude: **/src/codegen/config.fmpp
[INFO] Exclude: **/src/codegen/data/Parser.tdd
[INFO] Exclude: **/src/test/resources/FixedAvroSerializer.config
[INFO] 53 resources included (use -debug for more details)
Warning:  org.apache.xerces.jaxp.SAXParserImpl$JAXPSAXParser: Property 'http://www.oracle.com/xml/jaxp/properties/entityExpansionLimit' is not recognized.
Compiler warnings:
  WARNING:  'org.apache.xerces.jaxp.SAXParserImpl: Property 'http://javax.xml.XMLConstants/property/accessExternalDTD' is not recognized.'
Warning:  org.apache.xerces.parsers.SAXParser: Feature 'http://javax.xml.XMLConstants/feature/secure-processing' is not recognized.
Warning:  org.apache.xerces.parsers.SAXParser: Property 'http://javax.xml.XMLConstants/property/accessExternalDTD' is not recognized.
Warning:  org.apache.xerces.parsers.SAXParser: Property 'http://www.oracle.com/xml/jaxp/properties/entityExpansionLimit' is not recognized.
[INFO] Rat check: Summary of files. Unapproved: 0 unknown: 0 generated: 0 approved: 53 licence.
[INFO]                                                                         
[INFO] ------------------------------------------------------------------------
[INFO] Building storm-elasticsearch 1.1.0-SNAPSHOT
[INFO] ------------------------------------------------------------------------
[INFO] 
[INFO] --- maven-remote-resources-plugin:1.2.1:process (default) @ storm-elasticsearch ---
[INFO] 
[INFO] --- maven-resources-plugin:2.5:resources (default-resources) @ storm-elasticsearch ---
[debug] execute contextualize
[INFO] Using 'UTF-8' encoding to copy filtered resources.
[INFO] skip non existing resourceDirectory /home/travis/build/apache/storm/external/storm-elasticsearch/src/main/resources
[INFO] Copying 3 resources
[INFO] 
[INFO] --- maven-compiler-plugin:3.1:compile (default-compile) @ storm-elasticsearch ---
[INFO] Nothing to compile - all classes are up to date
[INFO] 
[INFO] --- maven-resources-plugin:2.5:testResources (default-testResources) @ storm-elasticsearch ---
[debug] execute contextualize
[INFO] Using 'UTF-8' encoding to copy filtered resources.
[INFO] skip non existing resourceDirectory /home/travis/build/apache/storm/external/storm-elasticsearch/src/test/resources
[INFO] Copying 3 resources
[INFO] 
[INFO] --- maven-compiler-plugin:3.1:testCompile (default-testCompile) @ storm-elasticsearch ---
[INFO] Nothing to compile - all classes are up to date
[INFO] 
[INFO] --- maven-clean-plugin:2.5:clean (cleanup) @ storm-elasticsearch ---
[INFO] 
[INFO] --- maven-surefire-plugin:2.18.1:test (default-test) @ storm-elasticsearch ---
[INFO] Surefire report directory: /home/travis/build/apache/storm/external/storm-elasticsearch/target/surefire-reports
[INFO] parallel='none', perCoreThreadCount=true, threadCount=0, useUnlimitedThreads=false, threadCountSuites=0, threadCountClasses=0, threadCountMethods=0, parallelOptimized=true

-------------------------------------------------------
 T E S T S
-------------------------------------------------------
Running org.apache.storm.elasticsearch.common.TransportAddressesTest
Tests run: 9, Failures: 0, Errors: 0, Skipped: 0, Time elapsed: 0.066 sec - in org.apache.storm.elasticsearch.common.TransportAddressesTest
Running org.apache.storm.elasticsearch.common.EsConfigTest
Tests run: 4, Failures: 0, Errors: 0, Skipped: 0, Time elapsed: 1.105 sec - in org.apache.storm.elasticsearch.common.EsConfigTest
Running org.apache.storm.elasticsearch.bolt.EsLookupBoltTest
Tests run: 4, Failures: 0, Errors: 0, Skipped: 0, Time elapsed: 0.08 sec - in org.apache.storm.elasticsearch.bolt.EsLookupBoltTest
Running org.apache.storm.elasticsearch.trident.EsStateFactoryTest
Tests run: 1, Failures: 0, Errors: 0, Skipped: 0, Time elapsed: 0.005 sec - in org.apache.storm.elasticsearch.trident.EsStateFactoryTest

Results :

Tests run: 18, Failures: 0, Errors: 0, Skipped: 0

[INFO] 
[INFO] --- apache-rat-plugin:0.11:check (default) @ storm-elasticsearch ---
[INFO] 51 implicit excludes (use -debug for more details).
[INFO] Exclude: **/target/**
[INFO] Exclude: **/*.iml
[INFO] Exclude: **/.idea/**
[INFO] Exclude: **/metastore_db/**
[INFO] Exclude: **/build/**
[INFO] Exclude: **/CHANGELOG.md
[INFO] Exclude: **/README.md
[INFO] Exclude: **/README.markdown
[INFO] Exclude: **/DEVELOPER.md
[INFO] Exclude: **/BYLAWS.md
[INFO] Exclude: **/STORM-UI-REST-API.md
[INFO] Exclude: SECURITY.md
[INFO] Exclude: VERSION
[INFO] Exclude: TODO
[INFO] Exclude: **/src/py/**
[INFO] Exclude: **/src/ui/public/js/jquery.dataTables.1.10.4.min.js
[INFO] Exclude: **/src/ui/public/css/jquery.dataTables.1.10.4.min.css
[INFO] Exclude: **/src/ui/public/images/*
[INFO] Exclude: **/src/ui/public/js/bootstrap-3.3.1.min.js
[INFO] Exclude: **/src/ui/public/css/bootstrap-3.3.1.min.css
[INFO] Exclude: **/src/ui/public/js/dataTables.bootstrap.min.js
[INFO] Exclude: **/src/ui/public/css/dataTables.bootstrap.css
[INFO] Exclude: **/src/ui/public/js/jsonFormatter.min.js
[INFO] Exclude: **/src/ui/public/css/jsonFormatter.min.css
[INFO] Exclude: **/src/ui/public/js/jquery-1.11.1.min.js
[INFO] Exclude: **/src/ui/public/js/jquery.cookies.2.2.0.min.js
[INFO] Exclude: **/src/ui/public/js/moment.min.js
[INFO] Exclude: **/src/ui/public/js/jquery.blockUI.min.js
[INFO] Exclude: **/src/ui/public/js/url.min.js
[INFO] Exclude: **/src/ui/public/js/arbor.js
[INFO] Exclude: **/src/ui/public/js/arbor-graphics.js
[INFO] Exclude: **/src/ui/public/js/arbor-tween.js
[INFO] Exclude: **/src/ui/public/js/jquery.mustache.js
[INFO] Exclude: **/src/ui/public/js/typeahead.jquery.min.js
[INFO] Exclude: **/dependency-reduced-pom.xml
[INFO] Exclude: **/docs/**
[INFO] Exclude: **/.git/**
[INFO] Exclude: **/derby.log
[INFO] Exclude: **/src/dev/**
[INFO] Exclude: **/src/codegen/config.fmpp
[INFO] Exclude: **/src/codegen/data/Parser.tdd
[INFO] Exclude: **/src/test/resources/FixedAvroSerializer.config
[INFO] 28 resources included (use -debug for more details)
Warning:  org.apache.xerces.jaxp.SAXParserImpl$JAXPSAXParser: Property 'http://www.oracle.com/xml/jaxp/properties/entityExpansionLimit' is not recognized.
Compiler warnings:
  WARNING:  'org.apache.xerces.jaxp.SAXParserImpl: Property 'http://javax.xml.XMLConstants/property/accessExternalDTD' is not recognized.'
Warning:  org.apache.xerces.parsers.SAXParser: Feature 'http://javax.xml.XMLConstants/feature/secure-processing' is not recognized.
Warning:  org.apache.xerces.parsers.SAXParser: Property 'http://javax.xml.XMLConstants/property/accessExternalDTD' is not recognized.
Warning:  org.apache.xerces.parsers.SAXParser: Property 'http://www.oracle.com/xml/jaxp/properties/entityExpansionLimit' is not recognized.
[INFO] Rat check: Summary of files. Unapproved: 0 unknown: 0 generated: 0 approved: 28 licence.
[INFO]                                                                         
[INFO] ------------------------------------------------------------------------
[INFO] Building storm-solr 1.1.0-SNAPSHOT
[INFO] ------------------------------------------------------------------------
[INFO] 
[INFO] --- maven-remote-resources-plugin:1.2.1:process (default) @ storm-solr ---
[INFO] 
[INFO] --- maven-resources-plugin:2.5:resources (default-resources) @ storm-solr ---
[debug] execute contextualize
[INFO] Using 'UTF-8' encoding to copy filtered resources.
[INFO] skip non existing resourceDirectory /home/travis/build/apache/storm/external/storm-solr/src/main/resources
[INFO] Copying 3 resources
[INFO] 
[INFO] --- maven-compiler-plugin:3.1:compile (default-compile) @ storm-solr ---
[INFO] Nothing to compile - all classes are up to date
[INFO] 
[INFO] --- maven-resources-plugin:2.5:testResources (default-testResources) @ storm-solr ---
[debug] execute contextualize
[INFO] Using 'UTF-8' encoding to copy filtered resources.
[INFO] skip non existing resourceDirectory /home/travis/build/apache/storm/external/storm-solr/src/test/resources
[INFO] Copying 3 resources
[INFO] 
[INFO] --- maven-compiler-plugin:3.1:testCompile (default-testCompile) @ storm-solr ---
[INFO] Nothing to compile - all classes are up to date
[INFO] 
[INFO] --- maven-surefire-plugin:2.18.1:test (default-test) @ storm-solr ---
[INFO] Surefire report directory: /home/travis/build/apache/storm/external/storm-solr/target/surefire-reports
[INFO] parallel='none', perCoreThreadCount=true, threadCount=0, useUnlimitedThreads=false, threadCountSuites=0, threadCountClasses=0, threadCountMethods=0, parallelOptimized=true

-------------------------------------------------------
 T E S T S
-------------------------------------------------------

Results :

Tests run: 0, Failures: 0, Errors: 0, Skipped: 0

[INFO] 
[INFO] --- apache-rat-plugin:0.11:check (default) @ storm-solr ---
[INFO] 51 implicit excludes (use -debug for more details).
[INFO] Exclude: **/target/**
[INFO] Exclude: **/*.iml
[INFO] Exclude: **/.idea/**
[INFO] Exclude: **/metastore_db/**
[INFO] Exclude: **/build/**
[INFO] Exclude: **/CHANGELOG.md
[INFO] Exclude: **/README.md
[INFO] Exclude: **/README.markdown
[INFO] Exclude: **/DEVELOPER.md
[INFO] Exclude: **/BYLAWS.md
[INFO] Exclude: **/STORM-UI-REST-API.md
[INFO] Exclude: SECURITY.md
[INFO] Exclude: VERSION
[INFO] Exclude: TODO
[INFO] Exclude: **/src/py/**
[INFO] Exclude: **/src/ui/public/js/jquery.dataTables.1.10.4.min.js
[INFO] Exclude: **/src/ui/public/css/jquery.dataTables.1.10.4.min.css
[INFO] Exclude: **/src/ui/public/images/*
[INFO] Exclude: **/src/ui/public/js/bootstrap-3.3.1.min.js
[INFO] Exclude: **/src/ui/public/css/bootstrap-3.3.1.min.css
[INFO] Exclude: **/src/ui/public/js/dataTables.bootstrap.min.js
[INFO] Exclude: **/src/ui/public/css/dataTables.bootstrap.css
[INFO] Exclude: **/src/ui/public/js/jsonFormatter.min.js
[INFO] Exclude: **/src/ui/public/css/jsonFormatter.min.css
[INFO] Exclude: **/src/ui/public/js/jquery-1.11.1.min.js
[INFO] Exclude: **/src/ui/public/js/jquery.cookies.2.2.0.min.js
[INFO] Exclude: **/src/ui/public/js/moment.min.js
[INFO] Exclude: **/src/ui/public/js/jquery.blockUI.min.js
[INFO] Exclude: **/src/ui/public/js/url.min.js
[INFO] Exclude: **/src/ui/public/js/arbor.js
[INFO] Exclude: **/src/ui/public/js/arbor-graphics.js
[INFO] Exclude: **/src/ui/public/js/arbor-tween.js
[INFO] Exclude: **/src/ui/public/js/jquery.mustache.js
[INFO] Exclude: **/src/ui/public/js/typeahead.jquery.min.js
[INFO] Exclude: **/dependency-reduced-pom.xml
[INFO] Exclude: **/docs/**
[INFO] Exclude: **/.git/**
[INFO] Exclude: **/derby.log
[INFO] Exclude: **/src/dev/**
[INFO] Exclude: **/src/codegen/config.fmpp
[INFO] Exclude: **/src/codegen/data/Parser.tdd
[INFO] Exclude: **/src/test/resources/FixedAvroSerializer.config
[INFO] 27 resources included (use -debug for more details)
Warning:  org.apache.xerces.jaxp.SAXParserImpl$JAXPSAXParser: Property 'http://www.oracle.com/xml/jaxp/properties/entityExpansionLimit' is not recognized.
Compiler warnings:
  WARNING:  'org.apache.xerces.jaxp.SAXParserImpl: Property 'http://javax.xml.XMLConstants/property/accessExternalDTD' is not recognized.'
Warning:  org.apache.xerces.parsers.SAXParser: Feature 'http://javax.xml.XMLConstants/feature/secure-processing' is not recognized.
Warning:  org.apache.xerces.parsers.SAXParser: Property 'http://javax.xml.XMLConstants/property/accessExternalDTD' is not recognized.
Warning:  org.apache.xerces.parsers.SAXParser: Property 'http://www.oracle.com/xml/jaxp/properties/entityExpansionLimit' is not recognized.
[INFO] Rat check: Summary of files. Unapproved: 0 unknown: 0 generated: 0 approved: 27 licence.
[INFO]                                                                         
[INFO] ------------------------------------------------------------------------
[INFO] Building storm-metrics 1.1.0-SNAPSHOT
[INFO] ------------------------------------------------------------------------
[INFO] 
[INFO] --- maven-antrun-plugin:1.6:run (prepare) @ storm-metrics ---
[WARNING] Parameter tasks is deprecated, use target instead
[INFO] Executing tasks

main:
     [echo] Downloading sigar native binaries...
      [get] Destination already exists (skipping): /home/travis/.m2/repository/org/fusesource/sigar/1.6.4/hyperic-sigar-1.6.4.zip
    [unzip] Expanding: /home/travis/.m2/repository/org/fusesource/sigar/1.6.4/hyperic-sigar-1.6.4.zip into /home/travis/build/apache/storm/external/storm-metrics/target/classes/resources
[INFO] Executed tasks
[INFO] 
[INFO] --- maven-remote-resources-plugin:1.2.1:process (default) @ storm-metrics ---
[INFO] 
[INFO] --- maven-resources-plugin:2.5:resources (default-resources) @ storm-metrics ---
[debug] execute contextualize
[INFO] Using 'UTF-8' encoding to copy filtered resources.
[INFO] skip non existing resourceDirectory /home/travis/build/apache/storm/external/storm-metrics/src/main/resources
[INFO] Copying 3 resources
[INFO] 
[INFO] --- maven-compiler-plugin:3.1:compile (default-compile) @ storm-metrics ---
[INFO] Nothing to compile - all classes are up to date
[INFO] 
[INFO] --- maven-resources-plugin:2.5:testResources (default-testResources) @ storm-metrics ---
[debug] execute contextualize
[INFO] Using 'UTF-8' encoding to copy filtered resources.
[INFO] skip non existing resourceDirectory /home/travis/build/apache/storm/external/storm-metrics/src/test/resources
[INFO] Copying 3 resources
[INFO] 
[INFO] --- maven-compiler-plugin:3.1:testCompile (default-testCompile) @ storm-metrics ---
[INFO] No sources to compile
[INFO] 
[INFO] --- maven-surefire-plugin:2.18.1:test (default-test) @ storm-metrics ---
[INFO] 
[INFO] --- apache-rat-plugin:0.11:check (default) @ storm-metrics ---
[INFO] 51 implicit excludes (use -debug for more details).
[INFO] Exclude: **/target/**
[INFO] Exclude: **/*.iml
[INFO] Exclude: **/.idea/**
[INFO] Exclude: **/metastore_db/**
[INFO] Exclude: **/build/**
[INFO] Exclude: **/CHANGELOG.md
[INFO] Exclude: **/README.md
[INFO] Exclude: **/README.markdown
[INFO] Exclude: **/DEVELOPER.md
[INFO] Exclude: **/BYLAWS.md
[INFO] Exclude: **/STORM-UI-REST-API.md
[INFO] Exclude: SECURITY.md
[INFO] Exclude: VERSION
[INFO] Exclude: TODO
[INFO] Exclude: **/src/py/**
[INFO] Exclude: **/src/ui/public/js/jquery.dataTables.1.10.4.min.js
[INFO] Exclude: **/src/ui/public/css/jquery.dataTables.1.10.4.min.css
[INFO] Exclude: **/src/ui/public/images/*
[INFO] Exclude: **/src/ui/public/js/bootstrap-3.3.1.min.js
[INFO] Exclude: **/src/ui/public/css/bootstrap-3.3.1.min.css
[INFO] Exclude: **/src/ui/public/js/dataTables.bootstrap.min.js
[INFO] Exclude: **/src/ui/public/css/dataTables.bootstrap.css
[INFO] Exclude: **/src/ui/public/js/jsonFormatter.min.js
[INFO] Exclude: **/src/ui/public/css/jsonFormatter.min.css
[INFO] Exclude: **/src/ui/public/js/jquery-1.11.1.min.js
[INFO] Exclude: **/src/ui/public/js/jquery.cookies.2.2.0.min.js
[INFO] Exclude: **/src/ui/public/js/moment.min.js
[INFO] Exclude: **/src/ui/public/js/jquery.blockUI.min.js
[INFO] Exclude: **/src/ui/public/js/url.min.js
[INFO] Exclude: **/src/ui/public/js/arbor.js
[INFO] Exclude: **/src/ui/public/js/arbor-graphics.js
[INFO] Exclude: **/src/ui/public/js/arbor-tween.js
[INFO] Exclude: **/src/ui/public/js/jquery.mustache.js
[INFO] Exclude: **/src/ui/public/js/typeahead.jquery.min.js
[INFO] Exclude: **/dependency-reduced-pom.xml
[INFO] Exclude: **/docs/**
[INFO] Exclude: **/.git/**
[INFO] Exclude: **/derby.log
[INFO] Exclude: **/src/dev/**
[INFO] Exclude: **/src/codegen/config.fmpp
[INFO] Exclude: **/src/codegen/data/Parser.tdd
[INFO] Exclude: **/src/test/resources/FixedAvroSerializer.config
[INFO] 3 resources included (use -debug for more details)
Warning:  org.apache.xerces.jaxp.SAXParserImpl$JAXPSAXParser: Property 'http://www.oracle.com/xml/jaxp/properties/entityExpansionLimit' is not recognized.
Compiler warnings:
  WARNING:  'org.apache.xerces.jaxp.SAXParserImpl: Property 'http://javax.xml.XMLConstants/property/accessExternalDTD' is not recognized.'
Warning:  org.apache.xerces.parsers.SAXParser: Feature 'http://javax.xml.XMLConstants/feature/secure-processing' is not recognized.
Warning:  org.apache.xerces.parsers.SAXParser: Property 'http://javax.xml.XMLConstants/property/accessExternalDTD' is not recognized.
Warning:  org.apache.xerces.parsers.SAXParser: Property 'http://www.oracle.com/xml/jaxp/properties/entityExpansionLimit' is not recognized.
[INFO] Rat check: Summary of files. Unapproved: 0 unknown: 0 generated: 0 approved: 3 licence.
[INFO]                                                                         
[INFO] ------------------------------------------------------------------------
[INFO] Building storm-cassandra 1.1.0-SNAPSHOT
[INFO] ------------------------------------------------------------------------
[INFO] 
[INFO] --- maven-remote-resources-plugin:1.2.1:process (default) @ storm-cassandra ---
[INFO] 
[INFO] --- maven-resources-plugin:2.5:resources (default-resources) @ storm-cassandra ---
[debug] execute contextualize
[INFO] Using 'UTF-8' encoding to copy filtered resources.
[INFO] skip non existing resourceDirectory /home/travis/build/apache/storm/external/storm-cassandra/src/main/resources
[INFO] Copying 3 resources
[INFO] 
[INFO] --- maven-compiler-plugin:3.1:compile (default-compile) @ storm-cassandra ---
[INFO] Nothing to compile - all classes are up to date
[INFO] 
[INFO] --- maven-resources-plugin:2.5:testResources (default-testResources) @ storm-cassandra ---
[debug] execute contextualize
[INFO] Using 'UTF-8' encoding to copy filtered resources.
[INFO] Copying 1 resource
[INFO] Copying 3 resources
[INFO] 
[INFO] --- maven-compiler-plugin:3.1:testCompile (default-testCompile) @ storm-cassandra ---
[INFO] Nothing to compile - all classes are up to date
[INFO] 
[INFO] --- maven-surefire-plugin:2.18.1:test (default-test) @ storm-cassandra ---
[INFO] 
[INFO] --- apache-rat-plugin:0.11:check (default) @ storm-cassandra ---
[INFO] 51 implicit excludes (use -debug for more details).
[INFO] Exclude: **/target/**
[INFO] Exclude: **/*.iml
[INFO] Exclude: **/.idea/**
[INFO] Exclude: **/metastore_db/**
[INFO] Exclude: **/build/**
[INFO] Exclude: **/CHANGELOG.md
[INFO] Exclude: **/README.md
[INFO] Exclude: **/README.markdown
[INFO] Exclude: **/DEVELOPER.md
[INFO] Exclude: **/BYLAWS.md
[INFO] Exclude: **/STORM-UI-REST-API.md
[INFO] Exclude: SECURITY.md
[INFO] Exclude: VERSION
[INFO] Exclude: TODO
[INFO] Exclude: **/src/py/**
[INFO] Exclude: **/src/ui/public/js/jquery.dataTables.1.10.4.min.js
[INFO] Exclude: **/src/ui/public/css/jquery.dataTables.1.10.4.min.css
[INFO] Exclude: **/src/ui/public/images/*
[INFO] Exclude: **/src/ui/public/js/bootstrap-3.3.1.min.js
[INFO] Exclude: **/src/ui/public/css/bootstrap-3.3.1.min.css
[INFO] Exclude: **/src/ui/public/js/dataTables.bootstrap.min.js
[INFO] Exclude: **/src/ui/public/css/dataTables.bootstrap.css
[INFO] Exclude: **/src/ui/public/js/jsonFormatter.min.js
[INFO] Exclude: **/src/ui/public/css/jsonFormatter.min.css
[INFO] Exclude: **/src/ui/public/js/jquery-1.11.1.min.js
[INFO] Exclude: **/src/ui/public/js/jquery.cookies.2.2.0.min.js
[INFO] Exclude: **/src/ui/public/js/moment.min.js
[INFO] Exclude: **/src/ui/public/js/jquery.blockUI.min.js
[INFO] Exclude: **/src/ui/public/js/url.min.js
[INFO] Exclude: **/src/ui/public/js/arbor.js
[INFO] Exclude: **/src/ui/public/js/arbor-graphics.js
[INFO] Exclude: **/src/ui/public/js/arbor-tween.js
[INFO] Exclude: **/src/ui/public/js/jquery.mustache.js
[INFO] Exclude: **/src/ui/public/js/typeahead.jquery.min.js
[INFO] Exclude: **/dependency-reduced-pom.xml
[INFO] Exclude: **/docs/**
[INFO] Exclude: **/.git/**
[INFO] Exclude: **/derby.log
[INFO] Exclude: **/src/dev/**
[INFO] Exclude: **/src/codegen/config.fmpp
[INFO] Exclude: **/src/codegen/data/Parser.tdd
[INFO] Exclude: **/src/test/resources/FixedAvroSerializer.config
[INFO] 50 resources included (use -debug for more details)
Warning:  org.apache.xerces.jaxp.SAXParserImpl$JAXPSAXParser: Property 'http://www.oracle.com/xml/jaxp/properties/entityExpansionLimit' is not recognized.
Compiler warnings:
  WARNING:  'org.apache.xerces.jaxp.SAXParserImpl: Property 'http://javax.xml.XMLConstants/property/accessExternalDTD' is not recognized.'
Warning:  org.apache.xerces.parsers.SAXParser: Feature 'http://javax.xml.XMLConstants/feature/secure-processing' is not recognized.
Warning:  org.apache.xerces.parsers.SAXParser: Property 'http://javax.xml.XMLConstants/property/accessExternalDTD' is not recognized.
Warning:  org.apache.xerces.parsers.SAXParser: Property 'http://www.oracle.com/xml/jaxp/properties/entityExpansionLimit' is not recognized.
[INFO] Rat check: Summary of files. Unapproved: 0 unknown: 0 generated: 0 approved: 50 licence.
[INFO]                                                                         
[INFO] ------------------------------------------------------------------------
[INFO] Building storm-mqtt-parent 1.1.0-SNAPSHOT
[INFO] ------------------------------------------------------------------------
[INFO] 
[INFO] --- maven-remote-resources-plugin:1.2.1:process (default) @ storm-mqtt-parent ---
[INFO] 
[INFO] --- apache-rat-plugin:0.11:check (default) @ storm-mqtt-parent ---
[INFO] 51 implicit excludes (use -debug for more details).
[INFO] Exclude: **/target/**
[INFO] Exclude: **/*.iml
[INFO] Exclude: **/.idea/**
[INFO] Exclude: **/metastore_db/**
[INFO] Exclude: **/build/**
[INFO] Exclude: **/CHANGELOG.md
[INFO] Exclude: **/README.md
[INFO] Exclude: **/README.markdown
[INFO] Exclude: **/DEVELOPER.md
[INFO] Exclude: **/BYLAWS.md
[INFO] Exclude: **/STORM-UI-REST-API.md
[INFO] Exclude: SECURITY.md
[INFO] Exclude: VERSION
[INFO] Exclude: TODO
[INFO] Exclude: **/src/py/**
[INFO] Exclude: **/src/ui/public/js/jquery.dataTables.1.10.4.min.js
[INFO] Exclude: **/src/ui/public/css/jquery.dataTables.1.10.4.min.css
[INFO] Exclude: **/src/ui/public/images/*
[INFO] Exclude: **/src/ui/public/js/bootstrap-3.3.1.min.js
[INFO] Exclude: **/src/ui/public/css/bootstrap-3.3.1.min.css
[INFO] Exclude: **/src/ui/public/js/dataTables.bootstrap.min.js
[INFO] Exclude: **/src/ui/public/css/dataTables.bootstrap.css
[INFO] Exclude: **/src/ui/public/js/jsonFormatter.min.js
[INFO] Exclude: **/src/ui/public/css/jsonFormatter.min.css
[INFO] Exclude: **/src/ui/public/js/jquery-1.11.1.min.js
[INFO] Exclude: **/src/ui/public/js/jquery.cookies.2.2.0.min.js
[INFO] Exclude: **/src/ui/public/js/moment.min.js
[INFO] Exclude: **/src/ui/public/js/jquery.blockUI.min.js
[INFO] Exclude: **/src/ui/public/js/url.min.js
[INFO] Exclude: **/src/ui/public/js/arbor.js
[INFO] Exclude: **/src/ui/public/js/arbor-graphics.js
[INFO] Exclude: **/src/ui/public/js/arbor-tween.js
[INFO] Exclude: **/src/ui/public/js/jquery.mustache.js
[INFO] Exclude: **/src/ui/public/js/typeahead.jquery.min.js
[INFO] Exclude: **/dependency-reduced-pom.xml
[INFO] Exclude: **/docs/**
[INFO] Exclude: **/.git/**
[INFO] Exclude: **/derby.log
[INFO] Exclude: **/src/dev/**
[INFO] Exclude: **/src/codegen/config.fmpp
[INFO] Exclude: **/src/codegen/data/Parser.tdd
[INFO] Exclude: **/src/test/resources/FixedAvroSerializer.config
[INFO] 25 resources included (use -debug for more details)
Warning:  org.apache.xerces.jaxp.SAXParserImpl$JAXPSAXParser: Property 'http://www.oracle.com/xml/jaxp/properties/entityExpansionLimit' is not recognized.
Compiler warnings:
  WARNING:  'org.apache.xerces.jaxp.SAXParserImpl: Property 'http://javax.xml.XMLConstants/property/accessExternalDTD' is not recognized.'
Warning:  org.apache.xerces.parsers.SAXParser: Feature 'http://javax.xml.XMLConstants/feature/secure-processing' is not recognized.
Warning:  org.apache.xerces.parsers.SAXParser: Property 'http://javax.xml.XMLConstants/property/accessExternalDTD' is not recognized.
Warning:  org.apache.xerces.parsers.SAXParser: Property 'http://www.oracle.com/xml/jaxp/properties/entityExpansionLimit' is not recognized.
[INFO] Rat check: Summary of files. Unapproved: 0 unknown: 0 generated: 0 approved: 25 licence.
[INFO]                                                                         
[INFO] ------------------------------------------------------------------------
[INFO] Building storm-mqtt 1.1.0-SNAPSHOT
[INFO] ------------------------------------------------------------------------
[INFO] 
[INFO] --- maven-remote-resources-plugin:1.2.1:process (default) @ storm-mqtt ---
[INFO] 
[INFO] --- maven-resources-plugin:2.5:resources (default-resources) @ storm-mqtt ---
[debug] execute contextualize
[INFO] Using 'UTF-8' encoding to copy filtered resources.
[INFO] skip non existing resourceDirectory /home/travis/build/apache/storm/external/storm-mqtt/core/src/main/resources
[INFO] Copying 3 resources
[INFO] 
[INFO] --- maven-compiler-plugin:3.1:compile (default-compile) @ storm-mqtt ---
[INFO] Nothing to compile - all classes are up to date
[INFO] 
[INFO] --- maven-resources-plugin:2.5:testResources (default-testResources) @ storm-mqtt ---
[debug] execute contextualize
[INFO] Using 'UTF-8' encoding to copy filtered resources.
[INFO] skip non existing resourceDirectory /home/travis/build/apache/storm/external/storm-mqtt/core/src/test/resources
[INFO] Copying 3 resources
[INFO] 
[INFO] --- maven-compiler-plugin:3.1:testCompile (default-testCompile) @ storm-mqtt ---
[INFO] Nothing to compile - all classes are up to date
[INFO] 
[INFO] --- maven-surefire-plugin:2.18.1:test (default-test) @ storm-mqtt ---
[WARNING] The parameter forkMode is deprecated since version 2.14. Use forkCount and reuseForks instead.
[INFO] Surefire report directory: /home/travis/build/apache/storm/external/storm-mqtt/core/target/surefire-reports
[INFO] parallel='none', perCoreThreadCount=true, threadCount=0, useUnlimitedThreads=false, threadCountSuites=0, threadCountClasses=0, threadCountMethods=0, parallelOptimized=true

-------------------------------------------------------
 T E S T S
-------------------------------------------------------

Results :

Tests run: 0, Failures: 0, Errors: 0, Skipped: 0

[INFO] 
[INFO] --- apache-rat-plugin:0.11:check (default) @ storm-mqtt ---
[INFO] 51 implicit excludes (use -debug for more details).
[INFO] Exclude: **/target/**
[INFO] Exclude: **/*.iml
[INFO] Exclude: **/.idea/**
[INFO] Exclude: **/metastore_db/**
[INFO] Exclude: **/build/**
[INFO] Exclude: **/CHANGELOG.md
[INFO] Exclude: **/README.md
[INFO] Exclude: **/README.markdown
[INFO] Exclude: **/DEVELOPER.md
[INFO] Exclude: **/BYLAWS.md
[INFO] Exclude: **/STORM-UI-REST-API.md
[INFO] Exclude: SECURITY.md
[INFO] Exclude: VERSION
[INFO] Exclude: TODO
[INFO] Exclude: **/src/py/**
[INFO] Exclude: **/src/ui/public/js/jquery.dataTables.1.10.4.min.js
[INFO] Exclude: **/src/ui/public/css/jquery.dataTables.1.10.4.min.css
[INFO] Exclude: **/src/ui/public/images/*
[INFO] Exclude: **/src/ui/public/js/bootstrap-3.3.1.min.js
[INFO] Exclude: **/src/ui/public/css/bootstrap-3.3.1.min.css
[INFO] Exclude: **/src/ui/public/js/dataTables.bootstrap.min.js
[INFO] Exclude: **/src/ui/public/css/dataTables.bootstrap.css
[INFO] Exclude: **/src/ui/public/js/jsonFormatter.min.js
[INFO] Exclude: **/src/ui/public/css/jsonFormatter.min.css
[INFO] Exclude: **/src/ui/public/js/jquery-1.11.1.min.js
[INFO] Exclude: **/src/ui/public/js/jquery.cookies.2.2.0.min.js
[INFO] Exclude: **/src/ui/public/js/moment.min.js
[INFO] Exclude: **/src/ui/public/js/jquery.blockUI.min.js
[INFO] Exclude: **/src/ui/public/js/url.min.js
[INFO] Exclude: **/src/ui/public/js/arbor.js
[INFO] Exclude: **/src/ui/public/js/arbor-graphics.js
[INFO] Exclude: **/src/ui/public/js/arbor-tween.js
[INFO] Exclude: **/src/ui/public/js/jquery.mustache.js
[INFO] Exclude: **/src/ui/public/js/typeahead.jquery.min.js
[INFO] Exclude: **/dependency-reduced-pom.xml
[INFO] Exclude: **/docs/**
[INFO] Exclude: **/.git/**
[INFO] Exclude: **/derby.log
[INFO] Exclude: **/src/dev/**
[INFO] Exclude: **/src/codegen/config.fmpp
[INFO] Exclude: **/src/codegen/data/Parser.tdd
[INFO] Exclude: **/src/test/resources/FixedAvroSerializer.config
[INFO] 18 resources included (use -debug for more details)
Warning:  org.apache.xerces.jaxp.SAXParserImpl$JAXPSAXParser: Property 'http://www.oracle.com/xml/jaxp/properties/entityExpansionLimit' is not recognized.
Compiler warnings:
  WARNING:  'org.apache.xerces.jaxp.SAXParserImpl: Property 'http://javax.xml.XMLConstants/property/accessExternalDTD' is not recognized.'
Warning:  org.apache.xerces.parsers.SAXParser: Feature 'http://javax.xml.XMLConstants/feature/secure-processing' is not recognized.
Warning:  org.apache.xerces.parsers.SAXParser: Property 'http://javax.xml.XMLConstants/property/accessExternalDTD' is not recognized.
Warning:  org.apache.xerces.parsers.SAXParser: Property 'http://www.oracle.com/xml/jaxp/properties/entityExpansionLimit' is not recognized.
[INFO] Rat check: Summary of files. Unapproved: 0 unknown: 0 generated: 0 approved: 18 licence.
[INFO]                                                                         
[INFO] ------------------------------------------------------------------------
[INFO] Skipping storm-mqtt-examples
[INFO] This project has been banned from the build due to previous failures.
[INFO] ------------------------------------------------------------------------
[INFO]                                                                         
[INFO] ------------------------------------------------------------------------
[INFO] Building storm-mongodb 1.1.0-SNAPSHOT
[INFO] ------------------------------------------------------------------------
[INFO] 
[INFO] --- maven-remote-resources-plugin:1.2.1:process (default) @ storm-mongodb ---
[INFO] 
[INFO] --- maven-resources-plugin:2.5:resources (default-resources) @ storm-mongodb ---
[debug] execute contextualize
[INFO] Using 'UTF-8' encoding to copy filtered resources.
[INFO] skip non existing resourceDirectory /home/travis/build/apache/storm/external/storm-mongodb/src/main/resources
[INFO] Copying 3 resources
[INFO] 
[INFO] --- maven-compiler-plugin:3.1:compile (default-compile) @ storm-mongodb ---
[INFO] Nothing to compile - all classes are up to date
[INFO] 
[INFO] --- maven-resources-plugin:2.5:testResources (default-testResources) @ storm-mongodb ---
[debug] execute contextualize
[INFO] Using 'UTF-8' encoding to copy filtered resources.
[INFO] skip non existing resourceDirectory /home/travis/build/apache/storm/external/storm-mongodb/src/test/resources
[INFO] Copying 3 resources
[INFO] 
[INFO] --- maven-compiler-plugin:3.1:testCompile (default-testCompile) @ storm-mongodb ---
[INFO] Nothing to compile - all classes are up to date
[INFO] 
[INFO] --- maven-surefire-plugin:2.18.1:test (default-test) @ storm-mongodb ---
[INFO] 
[INFO] --- apache-rat-plugin:0.11:check (default) @ storm-mongodb ---
[INFO] 51 implicit excludes (use -debug for more details).
[INFO] Exclude: **/target/**
[INFO] Exclude: **/*.iml
[INFO] Exclude: **/.idea/**
[INFO] Exclude: **/metastore_db/**
[INFO] Exclude: **/build/**
[INFO] Exclude: **/CHANGELOG.md
[INFO] Exclude: **/README.md
[INFO] Exclude: **/README.markdown
[INFO] Exclude: **/DEVELOPER.md
[INFO] Exclude: **/BYLAWS.md
[INFO] Exclude: **/STORM-UI-REST-API.md
[INFO] Exclude: SECURITY.md
[INFO] Exclude: VERSION
[INFO] Exclude: TODO
[INFO] Exclude: **/src/py/**
[INFO] Exclude: **/src/ui/public/js/jquery.dataTables.1.10.4.min.js
[INFO] Exclude: **/src/ui/public/css/jquery.dataTables.1.10.4.min.css
[INFO] Exclude: **/src/ui/public/images/*
[INFO] Exclude: **/src/ui/public/js/bootstrap-3.3.1.min.js
[INFO] Exclude: **/src/ui/public/css/bootstrap-3.3.1.min.css
[INFO] Exclude: **/src/ui/public/js/dataTables.bootstrap.min.js
[INFO] Exclude: **/src/ui/public/css/dataTables.bootstrap.css
[INFO] Exclude: **/src/ui/public/js/jsonFormatter.min.js
[INFO] Exclude: **/src/ui/public/css/jsonFormatter.min.css
[INFO] Exclude: **/src/ui/public/js/jquery-1.11.1.min.js
[INFO] Exclude: **/src/ui/public/js/jquery.cookies.2.2.0.min.js
[INFO] Exclude: **/src/ui/public/js/moment.min.js
[INFO] Exclude: **/src/ui/public/js/jquery.blockUI.min.js
[INFO] Exclude: **/src/ui/public/js/url.min.js
[INFO] Exclude: **/src/ui/public/js/arbor.js
[INFO] Exclude: **/src/ui/public/js/arbor-graphics.js
[INFO] Exclude: **/src/ui/public/js/arbor-tween.js
[INFO] Exclude: **/src/ui/public/js/jquery.mustache.js
[INFO] Exclude: **/src/ui/public/js/typeahead.jquery.min.js
[INFO] Exclude: **/dependency-reduced-pom.xml
[INFO] Exclude: **/docs/**
[INFO] Exclude: **/.git/**
[INFO] Exclude: **/derby.log
[INFO] Exclude: **/src/dev/**
[INFO] Exclude: **/src/codegen/config.fmpp
[INFO] Exclude: **/src/codegen/data/Parser.tdd
[INFO] Exclude: **/src/test/resources/FixedAvroSerializer.config
[INFO] 18 resources included (use -debug for more details)
Warning:  org.apache.xerces.jaxp.SAXParserImpl$JAXPSAXParser: Property 'http://www.oracle.com/xml/jaxp/properties/entityExpansionLimit' is not recognized.
Compiler warnings:
  WARNING:  'org.apache.xerces.jaxp.SAXParserImpl: Property 'http://javax.xml.XMLConstants/property/accessExternalDTD' is not recognized.'
Warning:  org.apache.xerces.parsers.SAXParser: Feature 'http://javax.xml.XMLConstants/feature/secure-processing' is not recognized.
Warning:  org.apache.xerces.parsers.SAXParser: Property 'http://javax.xml.XMLConstants/property/accessExternalDTD' is not recognized.
Warning:  org.apache.xerces.parsers.SAXParser: Property 'http://www.oracle.com/xml/jaxp/properties/entityExpansionLimit' is not recognized.
[INFO] Rat check: Summary of files. Unapproved: 0 unknown: 0 generated: 0 approved: 18 licence.
[INFO]                                                                         
[INFO] ------------------------------------------------------------------------
[INFO] Building storm-starter 1.1.0-SNAPSHOT
[INFO] ------------------------------------------------------------------------
[INFO] 
[INFO] --- maven-remote-resources-plugin:1.2.1:process (default) @ storm-starter ---
[INFO] Downloading: https://oss.sonatype.org/content/repositories/releases/io/confluent/kafka-schema-registry-client/1.0/kafka-schema-registry-client-1.0.pom
[INFO] Downloading: https://repository.apache.org/releases/io/confluent/kafka-schema-registry-client/1.0/kafka-schema-registry-client-1.0.pom
[INFO] Downloading: https://oss.sonatype.org/content/repositories/releases/io/confluent/kafka-avro-serializer/1.0/kafka-avro-serializer-1.0.pom
[INFO] Downloading: https://repository.apache.org/releases/io/confluent/kafka-avro-serializer/1.0/kafka-avro-serializer-1.0.pom
[INFO] 
[INFO] --- maven-resources-plugin:2.5:resources (default-resources) @ storm-starter ---
[debug] execute contextualize
[INFO] Using 'UTF-8' encoding to copy filtered resources.
[INFO] Copying 5 resources
[INFO] Copying 3 resources
[INFO] 
[INFO] --- maven-compiler-plugin:3.1:compile (default-compile) @ storm-starter ---
[INFO] Nothing to compile - all classes are up to date
[INFO] 
[INFO] --- clojure-maven-plugin:1.7.1:compile (compile) @ storm-starter ---
[INFO] 
[INFO] --- maven-resources-plugin:2.5:testResources (default-testResources) @ storm-starter ---
[debug] execute contextualize
[INFO] Using 'UTF-8' encoding to copy filtered resources.
[INFO] skip non existing resourceDirectory /home/travis/build/apache/storm/examples/storm-starter/src/test/resources
[INFO] Copying 3 resources
[INFO] 
[INFO] --- maven-compiler-plugin:3.1:testCompile (default-testCompile) @ storm-starter ---
[INFO] Nothing to compile - all classes are up to date
[INFO] 
[INFO] --- maven-surefire-plugin:2.18.1:test (default-test) @ storm-starter ---
[INFO] Surefire report directory: /home/travis/build/apache/storm/examples/storm-starter/target/surefire-reports

-------------------------------------------------------
 T E S T S
-------------------------------------------------------
Running TestSuite
Tests run: 226, Failures: 0, Errors: 0, Skipped: 0, Time elapsed: 2.595 sec - in TestSuite

Results :

Tests run: 226, Failures: 0, Errors: 0, Skipped: 0

[INFO] 
[INFO] --- apache-rat-plugin:0.11:check (default) @ storm-starter ---
[INFO] 51 implicit excludes (use -debug for more details).
[INFO] Exclude: **/target/**
[INFO] Exclude: **/*.iml
[INFO] Exclude: **/.idea/**
[INFO] Exclude: **/metastore_db/**
[INFO] Exclude: **/build/**
[INFO] Exclude: **/CHANGELOG.md
[INFO] Exclude: **/README.md
[INFO] Exclude: **/README.markdown
[INFO] Exclude: **/DEVELOPER.md
[INFO] Exclude: **/BYLAWS.md
[INFO] Exclude: **/STORM-UI-REST-API.md
[INFO] Exclude: SECURITY.md
[INFO] Exclude: VERSION
[INFO] Exclude: TODO
[INFO] Exclude: **/src/py/**
[INFO] Exclude: **/src/ui/public/js/jquery.dataTables.1.10.4.min.js
[INFO] Exclude: **/src/ui/public/css/jquery.dataTables.1.10.4.min.css
[INFO] Exclude: **/src/ui/public/images/*
[INFO] Exclude: **/src/ui/public/js/bootstrap-3.3.1.min.js
[INFO] Exclude: **/src/ui/public/css/bootstrap-3.3.1.min.css
[INFO] Exclude: **/src/ui/public/js/dataTables.bootstrap.min.js
[INFO] Exclude: **/src/ui/public/css/dataTables.bootstrap.css
[INFO] Exclude: **/src/ui/public/js/jsonFormatter.min.js
[INFO] Exclude: **/src/ui/public/css/jsonFormatter.min.css
[INFO] Exclude: **/src/ui/public/js/jquery-1.11.1.min.js
[INFO] Exclude: **/src/ui/public/js/jquery.cookies.2.2.0.min.js
[INFO] Exclude: **/src/ui/public/js/moment.min.js
[INFO] Exclude: **/src/ui/public/js/jquery.blockUI.min.js
[INFO] Exclude: **/src/ui/public/js/url.min.js
[INFO] Exclude: **/src/ui/public/js/arbor.js
[INFO] Exclude: **/src/ui/public/js/arbor-graphics.js
[INFO] Exclude: **/src/ui/public/js/arbor-tween.js
[INFO] Exclude: **/src/ui/public/js/jquery.mustache.js
[INFO] Exclude: **/src/ui/public/js/typeahead.jquery.min.js
[INFO] Exclude: **/dependency-reduced-pom.xml
[INFO] Exclude: **/docs/**
[INFO] Exclude: **/.git/**
[INFO] Exclude: **/derby.log
[INFO] Exclude: **/src/dev/**
[INFO] Exclude: **/src/codegen/config.fmpp
[INFO] Exclude: **/src/codegen/data/Parser.tdd
[INFO] Exclude: **/src/test/resources/FixedAvroSerializer.config
[INFO] 65 resources included (use -debug for more details)
Warning:  org.apache.xerces.jaxp.SAXParserImpl$JAXPSAXParser: Property 'http://www.oracle.com/xml/jaxp/properties/entityExpansionLimit' is not recognized.
Compiler warnings:
  WARNING:  'org.apache.xerces.jaxp.SAXParserImpl: Property 'http://javax.xml.XMLConstants/property/accessExternalDTD' is not recognized.'
Warning:  org.apache.xerces.parsers.SAXParser: Feature 'http://javax.xml.XMLConstants/feature/secure-processing' is not recognized.
Warning:  org.apache.xerces.parsers.SAXParser: Property 'http://javax.xml.XMLConstants/property/accessExternalDTD' is not recognized.
Warning:  org.apache.xerces.parsers.SAXParser: Property 'http://www.oracle.com/xml/jaxp/properties/entityExpansionLimit' is not recognized.
[INFO] Rat check: Summary of files. Unapproved: 0 unknown: 0 generated: 0 approved: 65 licence.
[INFO]                                                                         
[INFO] ------------------------------------------------------------------------
[INFO] Building storm-kafka-client 1.1.0-SNAPSHOT
[INFO] ------------------------------------------------------------------------
[INFO] 
[INFO] --- maven-remote-resources-plugin:1.2.1:process (default) @ storm-kafka-client ---
[INFO] 
[INFO] --- maven-resources-plugin:2.5:resources (default-resources) @ storm-kafka-client ---
[debug] execute contextualize
[INFO] Using 'UTF-8' encoding to copy filtered resources.
[INFO] skip non existing resourceDirectory /home/travis/build/apache/storm/external/storm-kafka-client/src/main/resources
[INFO] Copying 3 resources
[INFO] 
[INFO] --- maven-compiler-plugin:3.1:compile (default-compile) @ storm-kafka-client ---
[INFO] Nothing to compile - all classes are up to date
[INFO] 
[INFO] --- maven-resources-plugin:2.5:testResources (default-testResources) @ storm-kafka-client ---
[debug] execute contextualize
[INFO] Using 'UTF-8' encoding to copy filtered resources.
[INFO] skip non existing resourceDirectory /home/travis/build/apache/storm/external/storm-kafka-client/src/test/resources
[INFO] Copying 3 resources
[INFO] 
[INFO] --- maven-compiler-plugin:3.1:testCompile (default-testCompile) @ storm-kafka-client ---
[INFO] Nothing to compile - all classes are up to date
[INFO] 
[INFO] --- maven-surefire-plugin:2.18.1:test (default-test) @ storm-kafka-client ---
[INFO] 
[INFO] --- apache-rat-plugin:0.11:check (default) @ storm-kafka-client ---
[INFO] 51 implicit excludes (use -debug for more details).
[INFO] Exclude: **/target/**
[INFO] Exclude: **/*.iml
[INFO] Exclude: **/.idea/**
[INFO] Exclude: **/metastore_db/**
[INFO] Exclude: **/build/**
[INFO] Exclude: **/CHANGELOG.md
[INFO] Exclude: **/README.md
[INFO] Exclude: **/README.markdown
[INFO] Exclude: **/DEVELOPER.md
[INFO] Exclude: **/BYLAWS.md
[INFO] Exclude: **/STORM-UI-REST-API.md
[INFO] Exclude: SECURITY.md
[INFO] Exclude: VERSION
[INFO] Exclude: TODO
[INFO] Exclude: **/src/py/**
[INFO] Exclude: **/src/ui/public/js/jquery.dataTables.1.10.4.min.js
[INFO] Exclude: **/src/ui/public/css/jquery.dataTables.1.10.4.min.css
[INFO] Exclude: **/src/ui/public/images/*
[INFO] Exclude: **/src/ui/public/js/bootstrap-3.3.1.min.js
[INFO] Exclude: **/src/ui/public/css/bootstrap-3.3.1.min.css
[INFO] Exclude: **/src/ui/public/js/dataTables.bootstrap.min.js
[INFO] Exclude: **/src/ui/public/css/dataTables.bootstrap.css
[INFO] Exclude: **/src/ui/public/js/jsonFormatter.min.js
[INFO] Exclude: **/src/ui/public/css/jsonFormatter.min.css
[INFO] Exclude: **/src/ui/public/js/jquery-1.11.1.min.js
[INFO] Exclude: **/src/ui/public/js/jquery.cookies.2.2.0.min.js
[INFO] Exclude: **/src/ui/public/js/moment.min.js
[INFO] Exclude: **/src/ui/public/js/jquery.blockUI.min.js
[INFO] Exclude: **/src/ui/public/js/url.min.js
[INFO] Exclude: **/src/ui/public/js/arbor.js
[INFO] Exclude: **/src/ui/public/js/arbor-graphics.js
[INFO] Exclude: **/src/ui/public/js/arbor-tween.js
[INFO] Exclude: **/src/ui/public/js/jquery.mustache.js
[INFO] Exclude: **/src/ui/public/js/typeahead.jquery.min.js
[INFO] Exclude: **/dependency-reduced-pom.xml
[INFO] Exclude: **/docs/**
[INFO] Exclude: **/.git/**
[INFO] Exclude: **/derby.log
[INFO] Exclude: **/src/dev/**
[INFO] Exclude: **/src/codegen/config.fmpp
[INFO] Exclude: **/src/codegen/data/Parser.tdd
[INFO] Exclude: **/src/test/resources/FixedAvroSerializer.config
[INFO] 14 resources included (use -debug for more details)
Warning:  org.apache.xerces.jaxp.SAXParserImpl$JAXPSAXParser: Property 'http://www.oracle.com/xml/jaxp/properties/entityExpansionLimit' is not recognized.
Compiler warnings:
  WARNING:  'org.apache.xerces.jaxp.SAXParserImpl: Property 'http://javax.xml.XMLConstants/property/accessExternalDTD' is not recognized.'
Warning:  org.apache.xerces.parsers.SAXParser: Feature 'http://javax.xml.XMLConstants/feature/secure-processing' is not recognized.
Warning:  org.apache.xerces.parsers.SAXParser: Property 'http://javax.xml.XMLConstants/property/accessExternalDTD' is not recognized.
Warning:  org.apache.xerces.parsers.SAXParser: Property 'http://www.oracle.com/xml/jaxp/properties/entityExpansionLimit' is not recognized.
[INFO] Rat check: Summary of files. Unapproved: 0 unknown: 0 generated: 0 approved: 14 licence.
[INFO] ------------------------------------------------------------------------
[INFO] Reactor Summary:
[INFO] 
[INFO] Storm .............................................. SUCCESS [  5.541 s]
[INFO] multilang-javascript ............................... SUCCESS [  1.011 s]
[INFO] multilang-python ................................... SUCCESS [  0.201 s]
[INFO] multilang-ruby ..................................... SUCCESS [  0.209 s]
[INFO] maven-shade-clojure-transformer .................... SUCCESS [  1.666 s]
[INFO] storm-maven-plugins ................................ SUCCESS [  2.953 s]
[INFO] storm-rename-hack .................................. SUCCESS [  2.209 s]
[INFO] storm-kafka ........................................ SUCCESS [01:04 min]
[INFO] storm-hdfs ......................................... SUCCESS [01:36 min]
[INFO] storm-hbase ........................................ SUCCESS [  4.247 s]
[INFO] storm-hive ......................................... SUCCESS [ 42.094 s]
[INFO] storm-jdbc ......................................... SUCCESS [  2.169 s]
[INFO] storm-redis ........................................ SUCCESS [  2.296 s]
[INFO] storm-eventhubs .................................... SUCCESS [  3.331 s]
[INFO] flux ............................................... SUCCESS [  0.311 s]
[INFO] flux-wrappers ...................................... SUCCESS [  0.272 s]
[INFO] flux-core .......................................... FAILURE [  7.126 s]
[INFO] flux-examples ...................................... SKIPPED
[INFO] storm-sql-runtime .................................. SUCCESS [  0.683 s]
[INFO] storm-sql-core ..................................... SUCCESS [ 49.865 s]
[INFO] storm-sql-kafka .................................... SUCCESS [  2.907 s]
[INFO] sql ................................................ SUCCESS [  0.104 s]
[INFO] storm-elasticsearch ................................ SUCCESS [  4.954 s]
[INFO] storm-solr ......................................... SUCCESS [  2.896 s]
[INFO] storm-metrics ...................................... SUCCESS [  0.675 s]
[INFO] storm-cassandra .................................... SUCCESS [  0.472 s]
[INFO] storm-mqtt-parent .................................. SUCCESS [  0.074 s]
[INFO] storm-mqtt ......................................... SUCCESS [  1.518 s]
[INFO] storm-mqtt-examples ................................ SKIPPED
[INFO] storm-mongodb ...................................... SUCCESS [  0.122 s]
[INFO] storm-starter ...................................... SUCCESS [  9.575 s]
[INFO] storm-kafka-client ................................. SUCCESS [  0.092 s]
[INFO] ------------------------------------------------------------------------
[INFO] BUILD FAILURE
[INFO] ------------------------------------------------------------------------
[INFO] Total time: 05:14 min
[INFO] Finished at: 2016-06-08T03:16:04+00:00
[INFO] Final Memory: 86M/436M
[INFO] ------------------------------------------------------------------------
[WARNING] The requested profile "native" could not be activated because it does not exist.
[ERROR] Failed to execute goal org.apache.maven.plugins:maven-surefire-plugin:2.18.1:test (default-test) on project flux-core: There are test failures.
[ERROR] 
[ERROR] Please refer to /home/travis/build/apache/storm/external/flux/flux-core/target/surefire-reports for the individual test results.
[ERROR] -> [Help 1]
[ERROR] 
[ERROR] To see the full stack trace of the errors, re-run Maven with the -e switch.
[ERROR] Re-run Maven using the -X switch to enable full debug logging.
[ERROR] 
[ERROR] For more information about the errors and possible solutions, please read the following articles:
[ERROR] [Help 1] http://cwiki.apache.org/confluence/display/MAVEN/MojoFailureException
[ERROR] 
[ERROR] After correcting the problems, you can resume the build with the command
[ERROR]   mvn <goals> -rf :flux-core
Looking for errors in ./examples/storm-starter/target/surefire-reports
Checking ./examples/storm-starter/target/surefire-reports/testng-results.xml
Checking ./examples/storm-starter/target/surefire-reports/TEST-TestSuite.xml
Looking for errors in ./external/flux/flux-core/target/surefire-reports
Checking ./external/flux/flux-core/target/surefire-reports/TEST-org.apache.storm.flux.multilang.MultilangEnvirontmentTest.xml
--------------------------------------------------
classname: org.apache.storm.flux.multilang.MultilangEnvirontmentTest / testname: testInvokeNode
java.lang.AssertionError: Exit value for node is 0. expected:<0> but was:<139>
	at org.junit.Assert.fail(Assert.java:88)
	at org.junit.Assert.failNotEquals(Assert.java:743)
	at org.junit.Assert.assertEquals(Assert.java:118)
	at org.junit.Assert.assertEquals(Assert.java:555)
	at org.apache.storm.flux.multilang.MultilangEnvirontmentTest.testInvokeNode(MultilangEnvirontmentTest.java:48)

-------------------- system-out --------------------
1255 [main] DEBUG MultilangEnvirontmentTest - Invoking command: [node, --version]
1256 [main] DEBUG MultilangEnvirontmentTest - Command result: 

--------------------------------------------------
Checking ./external/flux/flux-core/target/surefire-reports/TEST-org.apache.storm.flux.IntegrationTest.xml
Checking ./external/flux/flux-core/target/surefire-reports/TEST-org.apache.storm.flux.FluxBuilderTest.xml
Checking ./external/flux/flux-core/target/surefire-reports/TEST-org.apache.storm.flux.TCKTest.xml
Looking for errors in ./external/sql/storm-sql-core/target/surefire-reports
Checking ./external/sql/storm-sql-core/target/surefire-reports/TEST-org.apache.storm.sql.parser.TestSqlParser.xml
Checking ./external/sql/storm-sql-core/target/surefire-reports/TEST-org.apache.storm.sql.compiler.backends.trident.TestPlanCompiler.xml
Checking ./external/sql/storm-sql-core/target/surefire-reports/TEST-org.apache.storm.sql.compiler.backends.standalone.TestPlanCompiler.xml
Checking ./external/sql/storm-sql-core/target/surefire-reports/TEST-org.apache.storm.sql.compiler.backends.standalone.TestRelNodeCompiler.xml
Checking ./external/sql/storm-sql-core/target/surefire-reports/TEST-org.apache.storm.sql.compiler.TestExprCompiler.xml
Checking ./external/sql/storm-sql-core/target/surefire-reports/TEST-org.apache.storm.sql.compiler.TestExprSemantic.xml
Checking ./external/sql/storm-sql-core/target/surefire-reports/TEST-org.apache.storm.sql.TestStormSql.xml
Looking for errors in ./external/sql/storm-sql-kafka/target/surefire-reports
Checking ./external/sql/storm-sql-kafka/target/surefire-reports/TEST-org.apache.storm.sql.kafka.TestKafkaDataSourcesProvider.xml
Checking ./external/sql/storm-sql-kafka/target/surefire-reports/TEST-org.apache.storm.sql.kafka.TestJsonRepresentation.xml
Looking for errors in ./external/storm-elasticsearch/target/surefire-reports
Checking ./external/storm-elasticsearch/target/surefire-reports/TEST-org.apache.storm.elasticsearch.common.TransportAddressesTest.xml
Checking ./external/storm-elasticsearch/target/surefire-reports/TEST-org.apache.storm.elasticsearch.common.EsConfigTest.xml
Checking ./external/storm-elasticsearch/target/surefire-reports/TEST-org.apache.storm.elasticsearch.bolt.EsLookupBoltTest.xml
Checking ./external/storm-elasticsearch/target/surefire-reports/TEST-org.apache.storm.elasticsearch.trident.EsStateFactoryTest.xml
Looking for errors in ./external/storm-eventhubs/target/surefire-reports
Checking ./external/storm-eventhubs/target/surefire-reports/TEST-org.apache.storm.eventhubs.trident.TestTransactionalTridentEmitter.xml
Checking ./external/storm-eventhubs/target/surefire-reports/TEST-org.apache.storm.eventhubs.spout.TestPartitionManager.xml
Checking ./external/storm-eventhubs/target/surefire-reports/TEST-org.apache.storm.eventhubs.spout.TestEventData.xml
Checking ./external/storm-eventhubs/target/surefire-reports/TEST-org.apache.storm.eventhubs.spout.TestEventHubSpout.xml
Looking for errors in ./external/storm-hdfs/target/surefire-reports
Checking ./external/storm-hdfs/target/surefire-reports/TEST-org.apache.storm.hdfs.bolt.TestHdfsBolt.xml
Checking ./external/storm-hdfs/target/surefire-reports/TEST-org.apache.storm.hdfs.bolt.TestSequenceFileBolt.xml
Checking ./external/storm-hdfs/target/surefire-reports/TEST-org.apache.storm.hdfs.bolt.AvroGenericRecordBoltTest.xml
Checking ./external/storm-hdfs/target/surefire-reports/TEST-org.apache.storm.hdfs.spout.TestDirLock.xml
Checking ./external/storm-hdfs/target/surefire-reports/TEST-org.apache.storm.hdfs.spout.TestHdfsSemantics.xml
Checking ./external/storm-hdfs/target/surefire-reports/TEST-org.apache.storm.hdfs.spout.TestHdfsSpout.xml
Checking ./external/storm-hdfs/target/surefire-reports/TEST-org.apache.storm.hdfs.spout.TestProgressTracker.xml
Checking ./external/storm-hdfs/target/surefire-reports/TEST-org.apache.storm.hdfs.spout.TestFileLock.xml
Checking ./external/storm-hdfs/target/surefire-reports/TEST-org.apache.storm.hdfs.trident.HdfsStateTest.xml
Checking ./external/storm-hdfs/target/surefire-reports/TEST-org.apache.storm.hdfs.blobstore.BlobStoreTest.xml
Checking ./external/storm-hdfs/target/surefire-reports/TEST-org.apache.storm.hdfs.blobstore.HdfsBlobStoreImplTest.xml
Checking ./external/storm-hdfs/target/surefire-reports/TEST-org.apache.storm.hdfs.avro.TestFixedAvroSerializer.xml
Checking ./external/storm-hdfs/target/surefire-reports/TEST-org.apache.storm.hdfs.avro.TestGenericAvroSerializer.xml
Looking for errors in ./external/storm-hive/target/surefire-reports
Checking ./external/storm-hive/target/surefire-reports/TEST-org.apache.storm.hive.bolt.TestHiveBolt.xml
Checking ./external/storm-hive/target/surefire-reports/TEST-org.apache.storm.hive.common.TestHiveWriter.xml
Looking for errors in ./external/storm-jdbc/target/surefire-reports
Checking ./external/storm-jdbc/target/surefire-reports/TEST-org.apache.storm.jdbc.bolt.JdbcInsertBoltTest.xml
Checking ./external/storm-jdbc/target/surefire-reports/TEST-org.apache.storm.jdbc.bolt.JdbcLookupBoltTest.xml
Checking ./external/storm-jdbc/target/surefire-reports/TEST-org.apache.storm.jdbc.common.UtilTest.xml
Checking ./external/storm-jdbc/target/surefire-reports/TEST-org.apache.storm.jdbc.common.JdbcClientTest.xml
Looking for errors in ./external/storm-kafka/target/surefire-reports
Checking ./external/storm-kafka/target/surefire-reports/TEST-org.apache.storm.kafka.KafkaErrorTest.xml
Checking ./external/storm-kafka/target/surefire-reports/TEST-org.apache.storm.kafka.KafkaUtilsTest.xml
Checking ./external/storm-kafka/target/surefire-reports/TEST-org.apache.storm.kafka.StringKeyValueSchemeTest.xml
Checking ./external/storm-kafka/target/surefire-reports/TEST-org.apache.storm.kafka.ZkCoordinatorTest.xml
Checking ./external/storm-kafka/target/surefire-reports/TEST-org.apache.storm.kafka.TridentKafkaTest.xml
Checking ./external/storm-kafka/target/surefire-reports/TEST-org.apache.storm.kafka.ExponentialBackoffMsgRetryManagerTest.xml
Checking ./external/storm-kafka/target/surefire-reports/TEST-org.apache.storm.kafka.TestStringScheme.xml
Checking ./external/storm-kafka/target/surefire-reports/TEST-org.apache.storm.kafka.DynamicBrokersReaderTest.xml
Checking ./external/storm-kafka/target/surefire-reports/TEST-org.apache.storm.kafka.bolt.KafkaBoltTest.xml
Looking for errors in ./external/storm-redis/target/surefire-reports
Checking ./external/storm-redis/target/surefire-reports/TEST-org.apache.storm.redis.state.RedisKeyValueStateProviderTest.xml
Checking ./external/storm-redis/target/surefire-reports/TEST-org.apache.storm.redis.state.DefaultStateSerializerTest.xml
Checking ./external/storm-redis/target/surefire-reports/TEST-org.apache.storm.redis.state.RedisKeyValueStateTest.xml

travis_time:end:087db607:start=1465355448181020460,finish=1465355766431175319,duration=318250154859[0K
[31;1mThe command "/bin/bash ./dev-tools/travis/travis-script.sh `pwd` $MODULES" exited with 1.[0m
travis_fold:start:cache.2[0Kstore build cache
travis_time:start:15bd56b5[0K
travis_time:end:15bd56b5:start=1465355766436631512,finish=1465355766440954129,duration=4322617[0Ktravis_time:start:2d667ea2[0K[32;1mchange detected (content changed, file is created, or file is deleted):
/home/travis/.m2/repository/eigenbase/eigenbase-properties/1.1.4/eigenbase-properties-1.1.4.pom.lastUpdated
/home/travis/.m2/repository/io/confluent/kafka-avro-serializer/1.0/kafka-avro-serializer-1.0.pom.lastUpdated
/home/travis/.m2/repository/io/confluent/kafka-schema-registry-client/1.0/kafka-schema-registry-client-1.0.pom.lastUpdated
/home/travis/.m2/repository/net/hydromatic/linq4j/0.4/linq4j-0.4.pom.lastUpdated
/home/travis/.m2/repository/net/hydromatic/quidem/0.1.1/quidem-0.1.1.pom.lastUpdated
/home/travis/.m2/repository/org/apache/storm/flux/1.1.0-SNAPSHOT/maven-metadata-local.xml
/home/travis/.m2/repository/org/apache/storm/flux/1.1.0-SNAPSHOT/_remote.repositories
/home/travis/.m2/repository/org/apache/storm/flux-core/1.1.0-SNAPSHOT/flux-core-1.1.0-SNAPSHOT.jar
/home/travis/.m2/repository/org/apache/storm/flux-core/1.1.0-SNAPSHOT/maven-metadata-local.xml
/home/travis/.m2/repository/org/apache/storm/flux-core/1.1.0-SNAPSHOT/_remote.repositories
/home/travis/.m2/repository/org/ap
[0m
[32;1m...
[0m
[32;1mchanges detected, packing new archive[0m
.
.
.
.
.
.
.
.
.
.
.
.
.
.
.
[32;1muploading archive[0m

travis_time:end:2d667ea2:start=1465355766445933761,finish=1465355879898207260,duration=113452273499[0Ktravis_fold:end:cache.2[0K
Done. Your build exited with 1.
