Using worker: worker-linux-docker-20c969a6.prod.travis-ci.org:travis-linux-3

travis_fold:start:system_info[0K[33;1mBuild system information[0m
Build language: java
Build group: stable
Build dist: precise
[34m[1mBuild image provisioning date and time[0m
Thu Feb  5 15:09:33 UTC 2015
[34m[1mOperating System Details[0m
Distributor ID:	Ubuntu
Description:	Ubuntu 12.04.5 LTS
Release:	12.04
Codename:	precise
[34m[1mLinux Version[0m
3.13.0-29-generic
[34m[1mCookbooks Version[0m
a68419e https://github.com/travis-ci/travis-cookbooks/tree/a68419e
[34m[1mGCC version[0m
gcc (Ubuntu/Linaro 4.6.3-1ubuntu5) 4.6.3
Copyright (C) 2011 Free Software Foundation, Inc.
This is free software; see the source for copying conditions.  There is NO
warranty; not even for MERCHANTABILITY or FITNESS FOR A PARTICULAR PURPOSE.

[34m[1mLLVM version[0m
clang version 3.4 (tags/RELEASE_34/final)
Target: x86_64-unknown-linux-gnu
Thread model: posix
[34m[1mPre-installed Ruby versions[0m
ruby-1.9.3-p551
[34m[1mPre-installed Node.js versions[0m
v0.10.36
[34m[1mPre-installed Go versions[0m
1.4.1
[34m[1mRedis version[0m
redis-server 2.8.19
[34m[1mriak version[0m
2.0.2
[34m[1mMongoDB version[0m
MongoDB 2.4.12
[34m[1mCouchDB version[0m
couchdb 1.6.1
[34m[1mNeo4j version[0m
1.9.4
[34m[1mRabbitMQ Version[0m
3.4.3
[34m[1mElasticSearch version[0m
1.4.0
[34m[1mInstalled Sphinx versions[0m
2.0.10
2.1.9
2.2.6
[34m[1mDefault Sphinx version[0m
2.2.6
[34m[1mInstalled Firefox version[0m
firefox 31.0esr
[34m[1mPhantomJS version[0m
1.9.8
[34m[1mant -version[0m
Apache Ant(TM) version 1.8.2 compiled on December 3 2011
[34m[1mmvn -version[0m
Apache Maven 3.2.5 (12a6b3acb947671f09b81f49094c53f426d8cea1; 2014-12-14T17:29:23+00:00)
Maven home: /usr/local/maven
Java version: 1.7.0_76, vendor: Oracle Corporation
Java home: /usr/lib/jvm/java-7-oracle/jre
Default locale: en_US, platform encoding: ANSI_X3.4-1968
OS name: "linux", version: "3.13.0-29-generic", arch: "amd64", family: "unix"
travis_fold:end:system_info[0K
travis_fold:start:fix.CVE-2015-7547[0K$ export DEBIAN_FRONTEND=noninteractive
W: Size of file /var/lib/apt/lists/us.archive.ubuntu.com_ubuntu_dists_precise-backports_multiverse_source_Sources.gz is not what the server reported 5886 5888
W: Size of file /var/lib/apt/lists/ppa.launchpad.net_ubuntugis_ppa_ubuntu_dists_precise_main_binary-amd64_Packages.gz is not what the server reported 36669 36677
W: Size of file /var/lib/apt/lists/ppa.launchpad.net_ubuntugis_ppa_ubuntu_dists_precise_main_binary-i386_Packages.gz is not what the server reported 36729 36733
Reading package lists...
Building dependency tree...
Reading state information...
The following extra packages will be installed:
  libc-bin libc-dev-bin libc6-dev
Suggested packages:
  glibc-doc
The following packages will be upgraded:
  libc-bin libc-dev-bin libc6 libc6-dev
4 upgraded, 0 newly installed, 0 to remove and 246 not upgraded.
Need to get 8,840 kB of archives.
After this operation, 14.3 kB disk space will be freed.
Get:1 http://us.archive.ubuntu.com/ubuntu/ precise-updates/main libc6-dev amd64 2.15-0ubuntu10.15 [2,943 kB]
Get:2 http://us.archive.ubuntu.com/ubuntu/ precise-updates/main libc-dev-bin amd64 2.15-0ubuntu10.15 [84.7 kB]
Get:3 http://us.archive.ubuntu.com/ubuntu/ precise-updates/main libc-bin amd64 2.15-0ubuntu10.15 [1,177 kB]
Get:4 http://us.archive.ubuntu.com/ubuntu/ precise-updates/main libc6 amd64 2.15-0ubuntu10.15 [4,636 kB]
Fetched 8,840 kB in 0s (25.8 MB/s)
Preconfiguring packages ...
(Reading database ... (Reading database ... 5%(Reading database ... 10%(Reading database ... 15%(Reading database ... 20%(Reading database ... 25%(Reading database ... 30%(Reading database ... 35%(Reading database ... 40%(Reading database ... 45%(Reading database ... 50%(Reading database ... 55%(Reading database ... 60%(Reading database ... 65%(Reading database ... 70%(Reading database ... 75%(Reading database ... 80%(Reading database ... 85%(Reading database ... 90%(Reading database ... 95%(Reading database ... 100%(Reading database ... 72019 files and directories currently installed.)
Preparing to replace libc6-dev 2.15-0ubuntu10.10 (using .../libc6-dev_2.15-0ubuntu10.15_amd64.deb) ...
Unpacking replacement libc6-dev ...
Preparing to replace libc-dev-bin 2.15-0ubuntu10.10 (using .../libc-dev-bin_2.15-0ubuntu10.15_amd64.deb) ...
Unpacking replacement libc-dev-bin ...
Preparing to replace libc-bin 2.15-0ubuntu10.10 (using .../libc-bin_2.15-0ubuntu10.15_amd64.deb) ...
Unpacking replacement libc-bin ...
Processing triggers for man-db ...
Setting up libc-bin (2.15-0ubuntu10.15) ...
(Reading database ... (Reading database ... 5%(Reading database ... 10%(Reading database ... 15%(Reading database ... 20%(Reading database ... 25%(Reading database ... 30%(Reading database ... 35%(Reading database ... 40%(Reading database ... 45%(Reading database ... 50%(Reading database ... 55%(Reading database ... 60%(Reading database ... 65%(Reading database ... 70%(Reading database ... 75%(Reading database ... 80%(Reading database ... 85%(Reading database ... 90%(Reading database ... 95%(Reading database ... 100%(Reading database ... 72018 files and directories currently installed.)
Preparing to replace libc6 2.15-0ubuntu10.10 (using .../libc6_2.15-0ubuntu10.15_amd64.deb) ...
Unpacking replacement libc6 ...
Setting up libc6 (2.15-0ubuntu10.15) ...
Setting up libc-dev-bin (2.15-0ubuntu10.15) ...
Setting up libc6-dev (2.15-0ubuntu10.15) ...
Processing triggers for libc-bin ...
ldconfig deferred processing now taking place
travis_fold:end:fix.CVE-2015-7547[0Ktravis_fold:start:git.checkout[0Ktravis_time:start:1ff9037a[0K$ git clone --depth=50 --branch=master https://github.com/apache/storm.git apache/storm
Cloning into 'apache/storm'...
remote: Counting objects: 18610, done.[K
remote: Compressing objects:   0% (1/7593)   [Kremote: Compressing objects:   1% (76/7593)   [Kremote: Compressing objects:   2% (152/7593)   [Kremote: Compressing objects:   3% (228/7593)   [Kremote: Compressing objects:   4% (304/7593)   [Kremote: Compressing objects:   5% (380/7593)   [Kremote: Compressing objects:   6% (456/7593)   [Kremote: Compressing objects:   7% (532/7593)   [Kremote: Compressing objects:   8% (608/7593)   [Kremote: Compressing objects:   9% (684/7593)   [Kremote: Compressing objects:  10% (760/7593)   [Kremote: Compressing objects:  11% (836/7593)   [Kremote: Compressing objects:  12% (912/7593)   [Kremote: Compressing objects:  13% (988/7593)   [Kremote: Compressing objects:  14% (1064/7593)   [Kremote: Compressing objects:  15% (1139/7593)   [Kremote: Compressing objects:  16% (1215/7593)   [Kremote: Compressing objects:  17% (1291/7593)   [Kremote: Compressing objects:  18% (1367/7593)   [Kremote: Compressing objects:  19% (1443/7593)   [Kremote: Compressing objects:  20% (1519/7593)   [Kremote: Compressing objects:  21% (1595/7593)   [Kremote: Compressing objects:  22% (1671/7593)   [Kremote: Compressing objects:  23% (1747/7593)   [Kremote: Compressing objects:  24% (1823/7593)   [Kremote: Compressing objects:  25% (1899/7593)   [Kremote: Compressing objects:  26% (1975/7593)   [Kremote: Compressing objects:  27% (2051/7593)   [Kremote: Compressing objects:  28% (2127/7593)   [Kremote: Compressing objects:  29% (2202/7593)   [Kremote: Compressing objects:  30% (2278/7593)   [Kremote: Compressing objects:  31% (2354/7593)   [Kremote: Compressing objects:  32% (2430/7593)   [Kremote: Compressing objects:  33% (2506/7593)   [Kremote: Compressing objects:  34% (2582/7593)   [Kremote: Compressing objects:  35% (2658/7593)   [Kremote: Compressing objects:  36% (2734/7593)   [Kremote: Compressing objects:  37% (2810/7593)   [Kremote: Compressing objects:  38% (2886/7593)   [Kremote: Compressing objects:  39% (2962/7593)   [Kremote: Compressing objects:  40% (3038/7593)   [Kremote: Compressing objects:  41% (3114/7593)   [Kremote: Compressing objects:  42% (3190/7593)   [Kremote: Compressing objects:  43% (3265/7593)   [Kremote: Compressing objects:  44% (3341/7593)   [Kremote: Compressing objects:  45% (3417/7593)   [Kremote: Compressing objects:  46% (3493/7593)   [Kremote: Compressing objects:  47% (3569/7593)   [Kremote: Compressing objects:  48% (3645/7593)   [Kremote: Compressing objects:  49% (3721/7593)   [Kremote: Compressing objects:  50% (3797/7593)   [Kremote: Compressing objects:  51% (3873/7593)   [Kremote: Compressing objects:  52% (3949/7593)   [Kremote: Compressing objects:  53% (4025/7593)   [Kremote: Compressing objects:  54% (4101/7593)   [Kremote: Compressing objects:  55% (4177/7593)   [Kremote: Compressing objects:  56% (4253/7593)   [Kremote: Compressing objects:  57% (4329/7593)   [Kremote: Compressing objects:  58% (4404/7593)   [Kremote: Compressing objects:  59% (4480/7593)   [Kremote: Compressing objects:  60% (4556/7593)   [Kremote: Compressing objects:  61% (4632/7593)   [Kremote: Compressing objects:  62% (4708/7593)   [Kremote: Compressing objects:  63% (4784/7593)   [Kremote: Compressing objects:  64% (4860/7593)   [Kremote: Compressing objects:  65% (4936/7593)   [Kremote: Compressing objects:  66% (5012/7593)   [Kremote: Compressing objects:  67% (5088/7593)   [Kremote: Compressing objects:  68% (5164/7593)   [Kremote: Compressing objects:  69% (5240/7593)   [Kremote: Compressing objects:  70% (5316/7593)   [Kremote: Compressing objects:  71% (5392/7593)   [Kremote: Compressing objects:  72% (5467/7593)   [Kremote: Compressing objects:  73% (5543/7593)   [Kremote: Compressing objects:  74% (5619/7593)   [Kremote: Compressing objects:  75% (5695/7593)   [Kremote: Compressing objects:  76% (5771/7593)   [Kremote: Compressing objects:  77% (5847/7593)   [Kremote: Compressing objects:  78% (5923/7593)   [Kremote: Compressing objects:  79% (5999/7593)   [Kremote: Compressing objects:  80% (6075/7593)   [Kremote: Compressing objects:  81% (6151/7593)   [Kremote: Compressing objects:  82% (6227/7593)   [Kremote: Compressing objects:  83% (6303/7593)   [Kremote: Compressing objects:  84% (6379/7593)   [Kremote: Compressing objects:  85% (6455/7593)   [Kremote: Compressing objects:  86% (6530/7593)   [Kremote: Compressing objects:  87% (6606/7593)   [Kremote: Compressing objects:  88% (6682/7593)   [Kremote: Compressing objects:  89% (6758/7593)   [Kremote: Compressing objects:  90% (6834/7593)   [Kremote: Compressing objects:  91% (6910/7593)   [Kremote: Compressing objects:  92% (6986/7593)   [Kremote: Compressing objects:  93% (7062/7593)   [Kremote: Compressing objects:  94% (7138/7593)   [Kremote: Compressing objects:  95% (7214/7593)   [Kremote: Compressing objects:  96% (7290/7593)   [Kremote: Compressing objects:  97% (7366/7593)   [Kremote: Compressing objects:  98% (7442/7593)   [Kremote: Compressing objects:  99% (7518/7593)   [Kremote: Compressing objects: 100% (7593/7593)   [Kremote: Compressing objects: 100% (7593/7593), done.[K
Receiving objects:   0% (1/18610)   Receiving objects:   1% (187/18610)   Receiving objects:   2% (373/18610)   Receiving objects:   3% (559/18610)   Receiving objects:   4% (745/18610)   Receiving objects:   5% (931/18610)   Receiving objects:   6% (1117/18610)   Receiving objects:   7% (1303/18610)   Receiving objects:   8% (1489/18610)   Receiving objects:   9% (1675/18610)   Receiving objects:  10% (1861/18610)   Receiving objects:  11% (2048/18610)   Receiving objects:  12% (2234/18610)   Receiving objects:  13% (2420/18610)   Receiving objects:  14% (2606/18610)   Receiving objects:  15% (2792/18610)   Receiving objects:  16% (2978/18610)   Receiving objects:  17% (3164/18610)   Receiving objects:  18% (3350/18610)   Receiving objects:  19% (3536/18610)   Receiving objects:  20% (3722/18610)   Receiving objects:  21% (3909/18610)   Receiving objects:  22% (4095/18610)   Receiving objects:  23% (4281/18610)   Receiving objects:  24% (4467/18610)   Receiving objects:  25% (4653/18610)   Receiving objects:  26% (4839/18610)   Receiving objects:  27% (5025/18610)   Receiving objects:  28% (5211/18610)   Receiving objects:  29% (5397/18610)   Receiving objects:  30% (5583/18610), 9.38 MiB | 18.72 MiB/s   Receiving objects:  31% (5770/18610), 9.38 MiB | 18.72 MiB/s   Receiving objects:  32% (5956/18610), 9.38 MiB | 18.72 MiB/s   Receiving objects:  33% (6142/18610), 9.38 MiB | 18.72 MiB/s   Receiving objects:  34% (6328/18610), 9.38 MiB | 18.72 MiB/s   Receiving objects:  35% (6514/18610), 9.38 MiB | 18.72 MiB/s   Receiving objects:  36% (6700/18610), 9.38 MiB | 18.72 MiB/s   Receiving objects:  37% (6886/18610), 9.38 MiB | 18.72 MiB/s   Receiving objects:  38% (7072/18610), 9.38 MiB | 18.72 MiB/s   Receiving objects:  39% (7258/18610), 9.38 MiB | 18.72 MiB/s   Receiving objects:  40% (7444/18610), 9.38 MiB | 18.72 MiB/s   Receiving objects:  41% (7631/18610), 9.38 MiB | 18.72 MiB/s   Receiving objects:  42% (7817/18610), 9.38 MiB | 18.72 MiB/s   Receiving objects:  43% (8003/18610), 9.38 MiB | 18.72 MiB/s   Receiving objects:  44% (8189/18610), 9.38 MiB | 18.72 MiB/s   Receiving objects:  45% (8375/18610), 9.38 MiB | 18.72 MiB/s   Receiving objects:  46% (8561/18610), 9.38 MiB | 18.72 MiB/s   Receiving objects:  47% (8747/18610), 9.38 MiB | 18.72 MiB/s   Receiving objects:  48% (8933/18610), 9.38 MiB | 18.72 MiB/s   Receiving objects:  49% (9119/18610), 9.38 MiB | 18.72 MiB/s   Receiving objects:  50% (9305/18610), 9.38 MiB | 18.72 MiB/s   Receiving objects:  51% (9492/18610), 9.38 MiB | 18.72 MiB/s   Receiving objects:  52% (9678/18610), 9.38 MiB | 18.72 MiB/s   Receiving objects:  53% (9864/18610), 9.38 MiB | 18.72 MiB/s   Receiving objects:  54% (10050/18610), 9.38 MiB | 18.72 MiB/s   Receiving objects:  55% (10236/18610), 9.38 MiB | 18.72 MiB/s   Receiving objects:  56% (10422/18610), 9.38 MiB | 18.72 MiB/s   Receiving objects:  57% (10608/18610), 9.38 MiB | 18.72 MiB/s   Receiving objects:  58% (10794/18610), 9.38 MiB | 18.72 MiB/s   Receiving objects:  59% (10980/18610), 9.38 MiB | 18.72 MiB/s   Receiving objects:  60% (11166/18610), 9.38 MiB | 18.72 MiB/s   Receiving objects:  61% (11353/18610), 9.38 MiB | 18.72 MiB/s   Receiving objects:  62% (11539/18610), 9.38 MiB | 18.72 MiB/s   Receiving objects:  63% (11725/18610), 9.38 MiB | 18.72 MiB/s   Receiving objects:  64% (11911/18610), 9.38 MiB | 18.72 MiB/s   Receiving objects:  65% (12097/18610), 9.38 MiB | 18.72 MiB/s   Receiving objects:  66% (12283/18610), 9.38 MiB | 18.72 MiB/s   Receiving objects:  67% (12469/18610), 9.38 MiB | 18.72 MiB/s   Receiving objects:  68% (12655/18610), 9.38 MiB | 18.72 MiB/s   Receiving objects:  69% (12841/18610), 9.38 MiB | 18.72 MiB/s   Receiving objects:  70% (13027/18610), 9.38 MiB | 18.72 MiB/s   Receiving objects:  71% (13214/18610), 9.38 MiB | 18.72 MiB/s   Receiving objects:  72% (13400/18610), 9.38 MiB | 18.72 MiB/s   Receiving objects:  73% (13586/18610), 9.38 MiB | 18.72 MiB/s   Receiving objects:  74% (13772/18610), 9.38 MiB | 18.72 MiB/s   Receiving objects:  75% (13958/18610), 9.38 MiB | 18.72 MiB/s   Receiving objects:  76% (14144/18610), 9.38 MiB | 18.72 MiB/s   Receiving objects:  77% (14330/18610), 9.38 MiB | 18.72 MiB/s   Receiving objects:  78% (14516/18610), 9.38 MiB | 18.72 MiB/s   Receiving objects:  79% (14702/18610), 9.38 MiB | 18.72 MiB/s   Receiving objects:  80% (14888/18610), 9.38 MiB | 18.72 MiB/s   Receiving objects:  81% (15075/18610), 9.38 MiB | 18.72 MiB/s   Receiving objects:  82% (15261/18610), 9.38 MiB | 18.72 MiB/s   Receiving objects:  83% (15447/18610), 9.38 MiB | 18.72 MiB/s   Receiving objects:  84% (15633/18610), 9.38 MiB | 18.72 MiB/s   Receiving objects:  85% (15819/18610), 9.38 MiB | 18.72 MiB/s   Receiving objects:  86% (16005/18610), 9.38 MiB | 18.72 MiB/s   Receiving objects:  87% (16191/18610), 9.38 MiB | 18.72 MiB/s   Receiving objects:  88% (16377/18610), 9.38 MiB | 18.72 MiB/s   Receiving objects:  89% (16563/18610), 9.38 MiB | 18.72 MiB/s   Receiving objects:  90% (16749/18610), 9.38 MiB | 18.72 MiB/s   Receiving objects:  91% (16936/18610), 9.38 MiB | 18.72 MiB/s   Receiving objects:  92% (17122/18610), 9.38 MiB | 18.72 MiB/s   Receiving objects:  93% (17308/18610), 9.38 MiB | 18.72 MiB/s   Receiving objects:  94% (17494/18610), 9.38 MiB | 18.72 MiB/s   Receiving objects:  95% (17680/18610), 9.38 MiB | 18.72 MiB/s   Receiving objects:  96% (17866/18610), 9.38 MiB | 18.72 MiB/s   Receiving objects:  97% (18052/18610), 9.38 MiB | 18.72 MiB/s   Receiving objects:  98% (18238/18610), 9.38 MiB | 18.72 MiB/s   remote: Total 18610 (delta 8945), reused 15907 (delta 6869), pack-reused 0[K
Receiving objects:  99% (18424/18610), 9.38 MiB | 18.72 MiB/s   Receiving objects: 100% (18610/18610), 9.38 MiB | 18.72 MiB/s   Receiving objects: 100% (18610/18610), 14.62 MiB | 18.72 MiB/s, done.
Resolving deltas:   0% (0/8945)   Resolving deltas:   2% (181/8945)   Resolving deltas:   3% (276/8945)   Resolving deltas:   4% (358/8945)   Resolving deltas:   5% (449/8945)   Resolving deltas:   6% (537/8945)   Resolving deltas:   7% (629/8945)   Resolving deltas:   8% (776/8945)   Resolving deltas:   9% (806/8945)   Resolving deltas:  10% (895/8945)   Resolving deltas:  11% (1015/8945)   Resolving deltas:  12% (1075/8945)   Resolving deltas:  13% (1165/8945)   Resolving deltas:  14% (1253/8945)   Resolving deltas:  15% (1342/8945)   Resolving deltas:  16% (1433/8945)   Resolving deltas:  17% (1536/8945)   Resolving deltas:  18% (1611/8945)   Resolving deltas:  19% (1727/8945)   Resolving deltas:  20% (1789/8945)   Resolving deltas:  21% (1883/8945)   Resolving deltas:  22% (1971/8945)   Resolving deltas:  23% (2062/8945)   Resolving deltas:  24% (2151/8945)   Resolving deltas:  25% (2237/8945)   Resolving deltas:  26% (2336/8945)   Resolving deltas:  27% (2452/8945)   Resolving deltas:  28% (2509/8945)   Resolving deltas:  31% (2849/8945)   Resolving deltas:  32% (2865/8945)   Resolving deltas:  33% (2961/8945)   Resolving deltas:  34% (3052/8945)   Resolving deltas:  35% (3132/8945)   Resolving deltas:  36% (3223/8945)   Resolving deltas:  37% (3318/8945)   Resolving deltas:  39% (3492/8945)   Resolving deltas:  40% (3580/8945)   Resolving deltas:  41% (3670/8945)   Resolving deltas:  42% (3759/8945)   Resolving deltas:  43% (3856/8945)   Resolving deltas:  44% (3936/8945)   Resolving deltas:  45% (4031/8945)   Resolving deltas:  46% (4116/8945)   Resolving deltas:  47% (4209/8945)   Resolving deltas:  48% (4294/8945)   Resolving deltas:  49% (4391/8945)   Resolving deltas:  50% (4473/8945)   Resolving deltas:  51% (4563/8945)   Resolving deltas:  52% (4653/8945)   Resolving deltas:  53% (4744/8945)   Resolving deltas:  54% (4832/8945)   Resolving deltas:  55% (4942/8945)   Resolving deltas:  56% (5010/8945)   Resolving deltas:  57% (5178/8945)   Resolving deltas:  58% (5202/8945)   Resolving deltas:  59% (5282/8945)   Resolving deltas:  60% (5377/8945)   Resolving deltas:  61% (5467/8945)   Resolving deltas:  62% (5548/8945)   Resolving deltas:  63% (5642/8945)   Resolving deltas:  64% (5725/8945)   Resolving deltas:  65% (5877/8945)   Resolving deltas:  66% (5904/8945)   Resolving deltas:  70% (6326/8945)   Resolving deltas:  71% (6367/8945)   Resolving deltas:  72% (6494/8945)   Resolving deltas:  74% (6663/8945)   Resolving deltas:  75% (6754/8945)   Resolving deltas:  76% (6800/8945)   Resolving deltas:  77% (6947/8945)   Resolving deltas:  78% (6978/8945)   Resolving deltas:  79% (7072/8945)   Resolving deltas:  80% (7173/8945)   Resolving deltas:  81% (7247/8945)   Resolving deltas:  82% (7338/8945)   Resolving deltas:  83% (7429/8945)   Resolving deltas:  84% (7549/8945)   Resolving deltas:  85% (7604/8945)   Resolving deltas:  86% (7696/8945)   Resolving deltas:  87% (7798/8945)   Resolving deltas:  88% (7909/8945)   Resolving deltas:  89% (8006/8945)   Resolving deltas:  90% (8071/8945)   Resolving deltas:  91% (8141/8945)   Resolving deltas:  92% (8253/8945)   Resolving deltas:  93% (8327/8945)   Resolving deltas:  94% (8411/8945)   Resolving deltas:  95% (8498/8945)   Resolving deltas:  96% (8588/8945)   Resolving deltas:  97% (8701/8945)   Resolving deltas:  99% (8875/8945)   Resolving deltas: 100% (8945/8945)   Resolving deltas: 100% (8945/8945), done.
Checking connectivity... done.

travis_time:end:1ff9037a:start=1465451248916767998,finish=1465451251838074235,duration=2921306237[0K$ cd apache/storm
$ git checkout -qf 04e4fdea01bf0f9981d2cf86ecaa75940760d2f8
travis_fold:end:git.checkout[0K
[33;1mThis job is running on container-based infrastructure, which does not allow use of 'sudo', setuid and setguid executables.[0m
[33;1mIf you require sudo, add 'sudo: required' to your .travis.yml[0m
[33;1mSee https://docs.travis-ci.com/user/workers/container-based-infrastructure/ for details.[0m

[33;1mSetting environment variables from .travis.yml[0m
$ export MODULES='!storm-core'

$ jdk_switcher use oraclejdk7
Switching to Oracle JDK7 (java-7-oracle), JAVA_HOME will be set to /usr/lib/jvm/java-7-oracle
travis_fold:start:cache.1[0KSetting up build cache
$ export CASHER_DIR=$HOME/.casher
travis_time:start:0d747dbe[0K$ Installing caching utilities

travis_time:end:0d747dbe:start=1465451254295883454,finish=1465451254346275433,duration=50391979[0Ktravis_time:start:01fbd1e7[0K
travis_time:end:01fbd1e7:start=1465451254351016767,finish=1465451254354234519,duration=3217752[0Ktravis_time:start:042cfc66[0K[32;1mattempting to download cache archive[0m
[32;1mfetching master/cache-linux-precise-0b3559b5dae2b3e32156c6d840f23972d650aa066922e3318f7e5db8246681fa--jdk-oraclejdk7.tgz[0m
[32;1mfound cache[0m

travis_time:end:042cfc66:start=1465451254357991372,finish=1465451261493931341,duration=7135939969[0Ktravis_time:start:011d0612[0K
travis_time:end:011d0612:start=1465451261497962107,finish=1465451261501445735,duration=3483628[0Ktravis_time:start:05c51976[0K[32;1madding /home/travis/.m2/repository to cache[0m
[32;1madding /home/travis/.rvm to cache[0m
[32;1madding /home/travis/.nvm to cache[0m

travis_time:end:05c51976:start=1465451261505601730,finish=1465451278136936527,duration=16631334797[0Ktravis_fold:end:cache.1[0K$ java -Xmx32m -version
java version "1.7.0_76"
Java(TM) SE Runtime Environment (build 1.7.0_76-b13)
Java HotSpot(TM) 64-Bit Server VM (build 24.76-b04, mixed mode)
$ javac -J-Xmx32m -version
javac 1.7.0_76
travis_fold:start:before_install.1[0Ktravis_time:start:04a73328[0K$ rvm use 2.1.5 --install
[32mUsing /home/travis/.rvm/gems/ruby-2.1.5[0m

travis_time:end:04a73328:start=1465451278612331723,finish=1465451278907634547,duration=295302824[0Ktravis_fold:end:before_install.1[0Ktravis_fold:start:before_install.2[0Ktravis_time:start:02edd1a8[0K$ nvm install 0.12.2
v0.12.2 is already installed.
Now using node v0.12.2

travis_time:end:02edd1a8:start=1465451278911755330,finish=1465451279183904493,duration=272149163[0Ktravis_fold:end:before_install.2[0Ktravis_fold:start:before_install.3[0Ktravis_time:start:0747b8f8[0K$ nvm use 0.12.2
Now using node v0.12.2

travis_time:end:0747b8f8:start=1465451279188012523,finish=1465451279242763019,duration=54750496[0Ktravis_fold:end:before_install.3[0Ktravis_fold:start:install[0Ktravis_time:start:24de61b0[0K$ /bin/bash ./dev-tools/travis/travis-install.sh `pwd`
Python version :   Python 2.7.3
Maven version  :   Apache Maven 3.2.5 (12a6b3acb947671f09b81f49094c53f426d8cea1; 2014-12-14T17:29:23+00:00) Maven home: /usr/local/maven Java version: 1.7.0_76, vendor: Oracle Corporation Java home: /usr/lib/jvm/java-7-oracle/jre Default locale: en_US, platform encoding: UTF-8 OS name: "linux", version: "3.13.0-40-generic", arch: "amd64", family: "unix"
['mvn', 'clean', 'install', '-DskipTests', '-Pnative', '--batch-mode'] writing to install.txt
1 seconds 1 log lines11 seconds 280 log lines38 seconds 321 log lines51 seconds 328 log lines64 seconds 383 log lines75 seconds 421 log lines93 seconds 631 log lines107 seconds 844 log lines118 seconds 893 log lines128 seconds 941 log lines139 seconds 1117 log lines156 seconds 1452 log lines168 seconds 1658 log lines179 seconds 2150 log lines196 seconds 2356 log lines199 seconds 2543 log lines
['mvn', 'clean', 'install', '-DskipTests', '-Pnative', '--batch-mode'] done 0

travis_time:end:24de61b0:start=1465451279246942663,finish=1465451479415251623,duration=200168308960[0Ktravis_fold:end:install[0Ktravis_time:start:089ec62e[0K$ /bin/bash ./dev-tools/travis/travis-script.sh `pwd` $MODULES
Python version :   Python 2.7.3
Ruby version   :   ruby 2.1.5p273 (2014-11-13 revision 48405) [x86_64-linux]
NodeJs version :   v0.12.2
Maven version  :   Apache Maven 3.2.5 (12a6b3acb947671f09b81f49094c53f426d8cea1; 2014-12-14T17:29:23+00:00) Maven home: /usr/local/maven Java version: 1.7.0_76, vendor: Oracle Corporation Java home: /usr/lib/jvm/java-7-oracle/jre Default locale: en_US, platform encoding: UTF-8 OS name: "linux", version: "3.13.0-40-generic", arch: "amd64", family: "unix"
[INFO] Scanning for projects...
[INFO] ------------------------------------------------------------------------
[INFO] Reactor Build Order:
[INFO] 
[INFO] Storm
[INFO] multilang-javascript
[INFO] multilang-python
[INFO] multilang-ruby
[INFO] maven-shade-clojure-transformer
[INFO] storm-maven-plugins
[INFO] storm-rename-hack
[INFO] storm-kafka
[INFO] storm-hdfs
[INFO] storm-hbase
[INFO] storm-hive
[INFO] storm-jdbc
[INFO] storm-redis
[INFO] storm-eventhubs
[INFO] flux
[INFO] flux-wrappers
[INFO] flux-core
[INFO] flux-examples
[INFO] storm-sql-runtime
[INFO] storm-sql-core
[INFO] storm-sql-kafka
[INFO] sql
[INFO] storm-elasticsearch
[INFO] storm-solr
[INFO] storm-metrics
[INFO] storm-cassandra
[INFO] storm-mqtt-parent
[INFO] storm-mqtt
[INFO] storm-mqtt-examples
[INFO] storm-mongodb
[INFO] storm-clojure
[INFO] storm-starter
[INFO] storm-kafka-client
[INFO]                                                                         
[INFO] ------------------------------------------------------------------------
[INFO] Building Storm 2.0.0-SNAPSHOT
[INFO] ------------------------------------------------------------------------
[INFO] 
[INFO] --- maven-remote-resources-plugin:1.2.1:process (default) @ storm ---
[INFO] 
[INFO] --- apache-rat-plugin:0.11:check (default) @ storm ---
[INFO] 51 implicit excludes (use -debug for more details).
[INFO] Exclude: **/target/**
[INFO] Exclude: **/*.iml
[INFO] Exclude: **/.idea/**
[INFO] Exclude: **/metastore_db/**
[INFO] Exclude: **/build/**
[INFO] Exclude: **/logs/**
[INFO] Exclude: **/CHANGELOG.md
[INFO] Exclude: **/README.md
[INFO] Exclude: **/README.markdown
[INFO] Exclude: **/DEVELOPER.md
[INFO] Exclude: **/BYLAWS.md
[INFO] Exclude: **/STORM-UI-REST-API.md
[INFO] Exclude: SECURITY.md
[INFO] Exclude: VERSION
[INFO] Exclude: TODO
[INFO] Exclude: **/src/py/**
[INFO] Exclude: **/src/ui/public/js/jquery.dataTables.1.10.4.min.js
[INFO] Exclude: **/src/ui/public/css/jquery.dataTables.1.10.4.min.css
[INFO] Exclude: **/src/ui/public/images/*
[INFO] Exclude: **/src/ui/public/js/bootstrap-3.3.1.min.js
[INFO] Exclude: **/src/ui/public/css/bootstrap-3.3.1.min.css
[INFO] Exclude: **/src/ui/public/js/dataTables.bootstrap.min.js
[INFO] Exclude: **/src/ui/public/css/dataTables.bootstrap.css
[INFO] Exclude: **/src/ui/public/js/jsonFormatter.min.js
[INFO] Exclude: **/src/ui/public/css/jsonFormatter.min.css
[INFO] Exclude: **/src/ui/public/js/jquery-1.11.1.min.js
[INFO] Exclude: **/src/ui/public/js/jquery.cookies.2.2.0.min.js
[INFO] Exclude: **/src/ui/public/js/moment.min.js
[INFO] Exclude: **/src/ui/public/js/jquery.blockUI.min.js
[INFO] Exclude: **/src/ui/public/js/url.min.js
[INFO] Exclude: **/src/ui/public/js/arbor.js
[INFO] Exclude: **/src/ui/public/js/arbor-graphics.js
[INFO] Exclude: **/src/ui/public/js/arbor-tween.js
[INFO] Exclude: **/src/ui/public/js/jquery.mustache.js
[INFO] Exclude: **/src/ui/public/js/typeahead.jquery.min.js
[INFO] Exclude: **/dependency-reduced-pom.xml
[INFO] Exclude: **/docs/**
[INFO] Exclude: **/.git/**
[INFO] Exclude: **/derby.log
[INFO] Exclude: **/src/dev/**
[INFO] Exclude: **/src/codegen/config.fmpp
[INFO] Exclude: **/src/codegen/data/Parser.tdd
[INFO] Exclude: **/src/test/resources/FixedAvroSerializer.config
[INFO] 1822 resources included (use -debug for more details)
Warning:  org.apache.xerces.jaxp.SAXParserImpl$JAXPSAXParser: Property 'http://www.oracle.com/xml/jaxp/properties/entityExpansionLimit' is not recognized.
Compiler warnings:
  WARNING:  'org.apache.xerces.jaxp.SAXParserImpl: Property 'http://javax.xml.XMLConstants/property/accessExternalDTD' is not recognized.'
Warning:  org.apache.xerces.parsers.SAXParser: Feature 'http://javax.xml.XMLConstants/feature/secure-processing' is not recognized.
Warning:  org.apache.xerces.parsers.SAXParser: Property 'http://javax.xml.XMLConstants/property/accessExternalDTD' is not recognized.
Warning:  org.apache.xerces.parsers.SAXParser: Property 'http://www.oracle.com/xml/jaxp/properties/entityExpansionLimit' is not recognized.
[INFO] Rat check: Summary of files. Unapproved: 0 unknown: 0 generated: 0 approved: 1809 licence.
[INFO]                                                                         
[INFO] ------------------------------------------------------------------------
[INFO] Building multilang-javascript 2.0.0-SNAPSHOT
[INFO] ------------------------------------------------------------------------
[INFO] 
[INFO] --- maven-remote-resources-plugin:1.2.1:process (default) @ multilang-javascript ---
[INFO] 
[INFO] --- maven-resources-plugin:2.5:resources (default-resources) @ multilang-javascript ---
[debug] execute contextualize
[INFO] Using 'UTF-8' encoding to copy filtered resources.
[INFO] Copying 1 resource
[INFO] Copying 3 resources
[INFO] 
[INFO] --- maven-compiler-plugin:3.1:compile (default-compile) @ multilang-javascript ---
[INFO] No sources to compile
[INFO] 
[INFO] --- maven-resources-plugin:2.5:testResources (default-testResources) @ multilang-javascript ---
[debug] execute contextualize
[INFO] Using 'UTF-8' encoding to copy filtered resources.
[INFO] skip non existing resourceDirectory /home/travis/build/apache/storm/storm-multilang/javascript/src/test/resources
[INFO] Copying 3 resources
[INFO] 
[INFO] --- maven-compiler-plugin:3.1:testCompile (default-testCompile) @ multilang-javascript ---
[INFO] No sources to compile
[INFO] 
[INFO] --- maven-surefire-plugin:2.18.1:test (default-test) @ multilang-javascript ---
[INFO] 
[INFO] --- apache-rat-plugin:0.11:check (default) @ multilang-javascript ---
[INFO] 51 implicit excludes (use -debug for more details).
[INFO] Exclude: **/target/**
[INFO] Exclude: **/*.iml
[INFO] Exclude: **/.idea/**
[INFO] Exclude: **/metastore_db/**
[INFO] Exclude: **/build/**
[INFO] Exclude: **/logs/**
[INFO] Exclude: **/CHANGELOG.md
[INFO] Exclude: **/README.md
[INFO] Exclude: **/README.markdown
[INFO] Exclude: **/DEVELOPER.md
[INFO] Exclude: **/BYLAWS.md
[INFO] Exclude: **/STORM-UI-REST-API.md
[INFO] Exclude: SECURITY.md
[INFO] Exclude: VERSION
[INFO] Exclude: TODO
[INFO] Exclude: **/src/py/**
[INFO] Exclude: **/src/ui/public/js/jquery.dataTables.1.10.4.min.js
[INFO] Exclude: **/src/ui/public/css/jquery.dataTables.1.10.4.min.css
[INFO] Exclude: **/src/ui/public/images/*
[INFO] Exclude: **/src/ui/public/js/bootstrap-3.3.1.min.js
[INFO] Exclude: **/src/ui/public/css/bootstrap-3.3.1.min.css
[INFO] Exclude: **/src/ui/public/js/dataTables.bootstrap.min.js
[INFO] Exclude: **/src/ui/public/css/dataTables.bootstrap.css
[INFO] Exclude: **/src/ui/public/js/jsonFormatter.min.js
[INFO] Exclude: **/src/ui/public/css/jsonFormatter.min.css
[INFO] Exclude: **/src/ui/public/js/jquery-1.11.1.min.js
[INFO] Exclude: **/src/ui/public/js/jquery.cookies.2.2.0.min.js
[INFO] Exclude: **/src/ui/public/js/moment.min.js
[INFO] Exclude: **/src/ui/public/js/jquery.blockUI.min.js
[INFO] Exclude: **/src/ui/public/js/url.min.js
[INFO] Exclude: **/src/ui/public/js/arbor.js
[INFO] Exclude: **/src/ui/public/js/arbor-graphics.js
[INFO] Exclude: **/src/ui/public/js/arbor-tween.js
[INFO] Exclude: **/src/ui/public/js/jquery.mustache.js
[INFO] Exclude: **/src/ui/public/js/typeahead.jquery.min.js
[INFO] Exclude: **/dependency-reduced-pom.xml
[INFO] Exclude: **/docs/**
[INFO] Exclude: **/.git/**
[INFO] Exclude: **/derby.log
[INFO] Exclude: **/src/dev/**
[INFO] Exclude: **/src/codegen/config.fmpp
[INFO] Exclude: **/src/codegen/data/Parser.tdd
[INFO] Exclude: **/src/test/resources/FixedAvroSerializer.config
[INFO] 2 resources included (use -debug for more details)
Warning:  org.apache.xerces.jaxp.SAXParserImpl$JAXPSAXParser: Property 'http://www.oracle.com/xml/jaxp/properties/entityExpansionLimit' is not recognized.
Compiler warnings:
  WARNING:  'org.apache.xerces.jaxp.SAXParserImpl: Property 'http://javax.xml.XMLConstants/property/accessExternalDTD' is not recognized.'
Warning:  org.apache.xerces.parsers.SAXParser: Feature 'http://javax.xml.XMLConstants/feature/secure-processing' is not recognized.
Warning:  org.apache.xerces.parsers.SAXParser: Property 'http://javax.xml.XMLConstants/property/accessExternalDTD' is not recognized.
Warning:  org.apache.xerces.parsers.SAXParser: Property 'http://www.oracle.com/xml/jaxp/properties/entityExpansionLimit' is not recognized.
[INFO] Rat check: Summary of files. Unapproved: 0 unknown: 0 generated: 0 approved: 2 licence.
[INFO]                                                                         
[INFO] ------------------------------------------------------------------------
[INFO] Building multilang-python 2.0.0-SNAPSHOT
[INFO] ------------------------------------------------------------------------
[INFO] 
[INFO] --- maven-remote-resources-plugin:1.2.1:process (default) @ multilang-python ---
[INFO] 
[INFO] --- maven-resources-plugin:2.5:resources (default-resources) @ multilang-python ---
[debug] execute contextualize
[INFO] Using 'UTF-8' encoding to copy filtered resources.
[INFO] Copying 1 resource
[INFO] Copying 3 resources
[INFO] 
[INFO] --- maven-compiler-plugin:3.1:compile (default-compile) @ multilang-python ---
[INFO] No sources to compile
[INFO] 
[INFO] --- maven-resources-plugin:2.5:testResources (default-testResources) @ multilang-python ---
[debug] execute contextualize
[INFO] Using 'UTF-8' encoding to copy filtered resources.
[INFO] skip non existing resourceDirectory /home/travis/build/apache/storm/storm-multilang/python/src/test/resources
[INFO] Copying 3 resources
[INFO] 
[INFO] --- maven-compiler-plugin:3.1:testCompile (default-testCompile) @ multilang-python ---
[INFO] No sources to compile
[INFO] 
[INFO] --- maven-surefire-plugin:2.18.1:test (default-test) @ multilang-python ---
[INFO] 
[INFO] --- apache-rat-plugin:0.11:check (default) @ multilang-python ---
[INFO] 51 implicit excludes (use -debug for more details).
[INFO] Exclude: **/target/**
[INFO] Exclude: **/*.iml
[INFO] Exclude: **/.idea/**
[INFO] Exclude: **/metastore_db/**
[INFO] Exclude: **/build/**
[INFO] Exclude: **/logs/**
[INFO] Exclude: **/CHANGELOG.md
[INFO] Exclude: **/README.md
[INFO] Exclude: **/README.markdown
[INFO] Exclude: **/DEVELOPER.md
[INFO] Exclude: **/BYLAWS.md
[INFO] Exclude: **/STORM-UI-REST-API.md
[INFO] Exclude: SECURITY.md
[INFO] Exclude: VERSION
[INFO] Exclude: TODO
[INFO] Exclude: **/src/py/**
[INFO] Exclude: **/src/ui/public/js/jquery.dataTables.1.10.4.min.js
[INFO] Exclude: **/src/ui/public/css/jquery.dataTables.1.10.4.min.css
[INFO] Exclude: **/src/ui/public/images/*
[INFO] Exclude: **/src/ui/public/js/bootstrap-3.3.1.min.js
[INFO] Exclude: **/src/ui/public/css/bootstrap-3.3.1.min.css
[INFO] Exclude: **/src/ui/public/js/dataTables.bootstrap.min.js
[INFO] Exclude: **/src/ui/public/css/dataTables.bootstrap.css
[INFO] Exclude: **/src/ui/public/js/jsonFormatter.min.js
[INFO] Exclude: **/src/ui/public/css/jsonFormatter.min.css
[INFO] Exclude: **/src/ui/public/js/jquery-1.11.1.min.js
[INFO] Exclude: **/src/ui/public/js/jquery.cookies.2.2.0.min.js
[INFO] Exclude: **/src/ui/public/js/moment.min.js
[INFO] Exclude: **/src/ui/public/js/jquery.blockUI.min.js
[INFO] Exclude: **/src/ui/public/js/url.min.js
[INFO] Exclude: **/src/ui/public/js/arbor.js
[INFO] Exclude: **/src/ui/public/js/arbor-graphics.js
[INFO] Exclude: **/src/ui/public/js/arbor-tween.js
[INFO] Exclude: **/src/ui/public/js/jquery.mustache.js
[INFO] Exclude: **/src/ui/public/js/typeahead.jquery.min.js
[INFO] Exclude: **/dependency-reduced-pom.xml
[INFO] Exclude: **/docs/**
[INFO] Exclude: **/.git/**
[INFO] Exclude: **/derby.log
[INFO] Exclude: **/src/dev/**
[INFO] Exclude: **/src/codegen/config.fmpp
[INFO] Exclude: **/src/codegen/data/Parser.tdd
[INFO] Exclude: **/src/test/resources/FixedAvroSerializer.config
[INFO] 2 resources included (use -debug for more details)
Warning:  org.apache.xerces.jaxp.SAXParserImpl$JAXPSAXParser: Property 'http://www.oracle.com/xml/jaxp/properties/entityExpansionLimit' is not recognized.
Compiler warnings:
  WARNING:  'org.apache.xerces.jaxp.SAXParserImpl: Property 'http://javax.xml.XMLConstants/property/accessExternalDTD' is not recognized.'
Warning:  org.apache.xerces.parsers.SAXParser: Feature 'http://javax.xml.XMLConstants/feature/secure-processing' is not recognized.
Warning:  org.apache.xerces.parsers.SAXParser: Property 'http://javax.xml.XMLConstants/property/accessExternalDTD' is not recognized.
Warning:  org.apache.xerces.parsers.SAXParser: Property 'http://www.oracle.com/xml/jaxp/properties/entityExpansionLimit' is not recognized.
[INFO] Rat check: Summary of files. Unapproved: 0 unknown: 0 generated: 0 approved: 2 licence.
[INFO]                                                                         
[INFO] ------------------------------------------------------------------------
[INFO] Building multilang-ruby 2.0.0-SNAPSHOT
[INFO] ------------------------------------------------------------------------
[INFO] 
[INFO] --- maven-remote-resources-plugin:1.2.1:process (default) @ multilang-ruby ---
[INFO] 
[INFO] --- maven-resources-plugin:2.5:resources (default-resources) @ multilang-ruby ---
[debug] execute contextualize
[INFO] Using 'UTF-8' encoding to copy filtered resources.
[INFO] Copying 1 resource
[INFO] Copying 3 resources
[INFO] 
[INFO] --- maven-compiler-plugin:3.1:compile (default-compile) @ multilang-ruby ---
[INFO] No sources to compile
[INFO] 
[INFO] --- maven-resources-plugin:2.5:testResources (default-testResources) @ multilang-ruby ---
[debug] execute contextualize
[INFO] Using 'UTF-8' encoding to copy filtered resources.
[INFO] skip non existing resourceDirectory /home/travis/build/apache/storm/storm-multilang/ruby/src/test/resources
[INFO] Copying 3 resources
[INFO] 
[INFO] --- maven-compiler-plugin:3.1:testCompile (default-testCompile) @ multilang-ruby ---
[INFO] No sources to compile
[INFO] 
[INFO] --- maven-surefire-plugin:2.18.1:test (default-test) @ multilang-ruby ---
[INFO] 
[INFO] --- apache-rat-plugin:0.11:check (default) @ multilang-ruby ---
[INFO] 51 implicit excludes (use -debug for more details).
[INFO] Exclude: **/target/**
[INFO] Exclude: **/*.iml
[INFO] Exclude: **/.idea/**
[INFO] Exclude: **/metastore_db/**
[INFO] Exclude: **/build/**
[INFO] Exclude: **/logs/**
[INFO] Exclude: **/CHANGELOG.md
[INFO] Exclude: **/README.md
[INFO] Exclude: **/README.markdown
[INFO] Exclude: **/DEVELOPER.md
[INFO] Exclude: **/BYLAWS.md
[INFO] Exclude: **/STORM-UI-REST-API.md
[INFO] Exclude: SECURITY.md
[INFO] Exclude: VERSION
[INFO] Exclude: TODO
[INFO] Exclude: **/src/py/**
[INFO] Exclude: **/src/ui/public/js/jquery.dataTables.1.10.4.min.js
[INFO] Exclude: **/src/ui/public/css/jquery.dataTables.1.10.4.min.css
[INFO] Exclude: **/src/ui/public/images/*
[INFO] Exclude: **/src/ui/public/js/bootstrap-3.3.1.min.js
[INFO] Exclude: **/src/ui/public/css/bootstrap-3.3.1.min.css
[INFO] Exclude: **/src/ui/public/js/dataTables.bootstrap.min.js
[INFO] Exclude: **/src/ui/public/css/dataTables.bootstrap.css
[INFO] Exclude: **/src/ui/public/js/jsonFormatter.min.js
[INFO] Exclude: **/src/ui/public/css/jsonFormatter.min.css
[INFO] Exclude: **/src/ui/public/js/jquery-1.11.1.min.js
[INFO] Exclude: **/src/ui/public/js/jquery.cookies.2.2.0.min.js
[INFO] Exclude: **/src/ui/public/js/moment.min.js
[INFO] Exclude: **/src/ui/public/js/jquery.blockUI.min.js
[INFO] Exclude: **/src/ui/public/js/url.min.js
[INFO] Exclude: **/src/ui/public/js/arbor.js
[INFO] Exclude: **/src/ui/public/js/arbor-graphics.js
[INFO] Exclude: **/src/ui/public/js/arbor-tween.js
[INFO] Exclude: **/src/ui/public/js/jquery.mustache.js
[INFO] Exclude: **/src/ui/public/js/typeahead.jquery.min.js
[INFO] Exclude: **/dependency-reduced-pom.xml
[INFO] Exclude: **/docs/**
[INFO] Exclude: **/.git/**
[INFO] Exclude: **/derby.log
[INFO] Exclude: **/src/dev/**
[INFO] Exclude: **/src/codegen/config.fmpp
[INFO] Exclude: **/src/codegen/data/Parser.tdd
[INFO] Exclude: **/src/test/resources/FixedAvroSerializer.config
[INFO] 2 resources included (use -debug for more details)
Warning:  org.apache.xerces.jaxp.SAXParserImpl$JAXPSAXParser: Property 'http://www.oracle.com/xml/jaxp/properties/entityExpansionLimit' is not recognized.
Compiler warnings:
  WARNING:  'org.apache.xerces.jaxp.SAXParserImpl: Property 'http://javax.xml.XMLConstants/property/accessExternalDTD' is not recognized.'
Warning:  org.apache.xerces.parsers.SAXParser: Feature 'http://javax.xml.XMLConstants/feature/secure-processing' is not recognized.
Warning:  org.apache.xerces.parsers.SAXParser: Property 'http://javax.xml.XMLConstants/property/accessExternalDTD' is not recognized.
Warning:  org.apache.xerces.parsers.SAXParser: Property 'http://www.oracle.com/xml/jaxp/properties/entityExpansionLimit' is not recognized.
[INFO] Rat check: Summary of files. Unapproved: 0 unknown: 0 generated: 0 approved: 2 licence.
[INFO]                                                                         
[INFO] ------------------------------------------------------------------------
[INFO] Building maven-shade-clojure-transformer 2.0.0-SNAPSHOT
[INFO] ------------------------------------------------------------------------
[INFO] 
[INFO] --- maven-remote-resources-plugin:1.2.1:process (default) @ maven-shade-clojure-transformer ---
[INFO] 
[INFO] --- maven-resources-plugin:2.5:resources (default-resources) @ maven-shade-clojure-transformer ---
[debug] execute contextualize
[INFO] Using 'UTF-8' encoding to copy filtered resources.
[INFO] skip non existing resourceDirectory /home/travis/build/apache/storm/storm-buildtools/maven-shade-clojure-transformer/src/main/resources
[INFO] Copying 3 resources
[INFO] 
[INFO] --- maven-compiler-plugin:3.1:compile (default-compile) @ maven-shade-clojure-transformer ---
[INFO] Nothing to compile - all classes are up to date
[INFO] 
[INFO] --- maven-resources-plugin:2.5:testResources (default-testResources) @ maven-shade-clojure-transformer ---
[debug] execute contextualize
[INFO] Using 'UTF-8' encoding to copy filtered resources.
[INFO] skip non existing resourceDirectory /home/travis/build/apache/storm/storm-buildtools/maven-shade-clojure-transformer/src/test/resources
[INFO] Copying 3 resources
[INFO] 
[INFO] --- maven-compiler-plugin:3.1:testCompile (default-testCompile) @ maven-shade-clojure-transformer ---
[INFO] No sources to compile
[INFO] 
[INFO] --- maven-surefire-plugin:2.18.1:test (default-test) @ maven-shade-clojure-transformer ---
[INFO] 
[INFO] --- apache-rat-plugin:0.11:check (default) @ maven-shade-clojure-transformer ---
[INFO] 51 implicit excludes (use -debug for more details).
[INFO] Exclude: **/target/**
[INFO] Exclude: **/*.iml
[INFO] Exclude: **/.idea/**
[INFO] Exclude: **/metastore_db/**
[INFO] Exclude: **/build/**
[INFO] Exclude: **/logs/**
[INFO] Exclude: **/CHANGELOG.md
[INFO] Exclude: **/README.md
[INFO] Exclude: **/README.markdown
[INFO] Exclude: **/DEVELOPER.md
[INFO] Exclude: **/BYLAWS.md
[INFO] Exclude: **/STORM-UI-REST-API.md
[INFO] Exclude: SECURITY.md
[INFO] Exclude: VERSION
[INFO] Exclude: TODO
[INFO] Exclude: **/src/py/**
[INFO] Exclude: **/src/ui/public/js/jquery.dataTables.1.10.4.min.js
[INFO] Exclude: **/src/ui/public/css/jquery.dataTables.1.10.4.min.css
[INFO] Exclude: **/src/ui/public/images/*
[INFO] Exclude: **/src/ui/public/js/bootstrap-3.3.1.min.js
[INFO] Exclude: **/src/ui/public/css/bootstrap-3.3.1.min.css
[INFO] Exclude: **/src/ui/public/js/dataTables.bootstrap.min.js
[INFO] Exclude: **/src/ui/public/css/dataTables.bootstrap.css
[INFO] Exclude: **/src/ui/public/js/jsonFormatter.min.js
[INFO] Exclude: **/src/ui/public/css/jsonFormatter.min.css
[INFO] Exclude: **/src/ui/public/js/jquery-1.11.1.min.js
[INFO] Exclude: **/src/ui/public/js/jquery.cookies.2.2.0.min.js
[INFO] Exclude: **/src/ui/public/js/moment.min.js
[INFO] Exclude: **/src/ui/public/js/jquery.blockUI.min.js
[INFO] Exclude: **/src/ui/public/js/url.min.js
[INFO] Exclude: **/src/ui/public/js/arbor.js
[INFO] Exclude: **/src/ui/public/js/arbor-graphics.js
[INFO] Exclude: **/src/ui/public/js/arbor-tween.js
[INFO] Exclude: **/src/ui/public/js/jquery.mustache.js
[INFO] Exclude: **/src/ui/public/js/typeahead.jquery.min.js
[INFO] Exclude: **/dependency-reduced-pom.xml
[INFO] Exclude: **/docs/**
[INFO] Exclude: **/.git/**
[INFO] Exclude: **/derby.log
[INFO] Exclude: **/src/dev/**
[INFO] Exclude: **/src/codegen/config.fmpp
[INFO] Exclude: **/src/codegen/data/Parser.tdd
[INFO] Exclude: **/src/test/resources/FixedAvroSerializer.config
[INFO] 2 resources included (use -debug for more details)
Warning:  org.apache.xerces.jaxp.SAXParserImpl$JAXPSAXParser: Property 'http://www.oracle.com/xml/jaxp/properties/entityExpansionLimit' is not recognized.
Compiler warnings:
  WARNING:  'org.apache.xerces.jaxp.SAXParserImpl: Property 'http://javax.xml.XMLConstants/property/accessExternalDTD' is not recognized.'
Warning:  org.apache.xerces.parsers.SAXParser: Feature 'http://javax.xml.XMLConstants/feature/secure-processing' is not recognized.
Warning:  org.apache.xerces.parsers.SAXParser: Property 'http://javax.xml.XMLConstants/property/accessExternalDTD' is not recognized.
Warning:  org.apache.xerces.parsers.SAXParser: Property 'http://www.oracle.com/xml/jaxp/properties/entityExpansionLimit' is not recognized.
[INFO] Rat check: Summary of files. Unapproved: 0 unknown: 0 generated: 0 approved: 2 licence.
[INFO]                                                                         
[INFO] ------------------------------------------------------------------------
[INFO] Building storm-maven-plugins 2.0.0-SNAPSHOT
[INFO] ------------------------------------------------------------------------
[INFO] 
[INFO] --- maven-remote-resources-plugin:1.2.1:process (default) @ storm-maven-plugins ---
[INFO] 
[INFO] --- maven-resources-plugin:2.5:resources (default-resources) @ storm-maven-plugins ---
[debug] execute contextualize
[INFO] Using 'UTF-8' encoding to copy filtered resources.
[INFO] skip non existing resourceDirectory /home/travis/build/apache/storm/storm-buildtools/storm-maven-plugins/src/main/resources
[INFO] Copying 3 resources
[INFO] 
[INFO] --- maven-compiler-plugin:3.1:compile (default-compile) @ storm-maven-plugins ---
[INFO] Nothing to compile - all classes are up to date
[INFO] 
[INFO] --- maven-plugin-plugin:3.0:descriptor (default-descriptor) @ storm-maven-plugins ---
[INFO] Using 'UTF-8' encoding to read mojo metadata.
[INFO] Applying mojo extractor for language: java-annotations
[INFO] Mojo extractor for language: java-annotations found 1 mojo descriptors.
[INFO] Applying mojo extractor for language: java
[INFO] Mojo extractor for language: java found 0 mojo descriptors.
[INFO] Applying mojo extractor for language: bsh
[INFO] Mojo extractor for language: bsh found 0 mojo descriptors.
[INFO] 
[INFO] --- maven-plugin-plugin:3.0:descriptor (mojo-descriptor) @ storm-maven-plugins ---
[INFO] Using 'UTF-8' encoding to read mojo metadata.
[INFO] Applying mojo extractor for language: java-annotations
[INFO] Mojo extractor for language: java-annotations found 1 mojo descriptors.
[INFO] Applying mojo extractor for language: java
[INFO] Mojo extractor for language: java found 0 mojo descriptors.
[INFO] Applying mojo extractor for language: bsh
[INFO] Mojo extractor for language: bsh found 0 mojo descriptors.
[INFO] 
[INFO] --- maven-resources-plugin:2.5:testResources (default-testResources) @ storm-maven-plugins ---
[debug] execute contextualize
[INFO] Using 'UTF-8' encoding to copy filtered resources.
[INFO] skip non existing resourceDirectory /home/travis/build/apache/storm/storm-buildtools/storm-maven-plugins/src/test/resources
[INFO] Copying 3 resources
[INFO] 
[INFO] --- maven-compiler-plugin:3.1:testCompile (default-testCompile) @ storm-maven-plugins ---
[INFO] No sources to compile
[INFO] 
[INFO] --- maven-surefire-plugin:2.18.1:test (default-test) @ storm-maven-plugins ---
[INFO] 
[INFO] --- apache-rat-plugin:0.11:check (default) @ storm-maven-plugins ---
[INFO] 51 implicit excludes (use -debug for more details).
[INFO] Exclude: **/target/**
[INFO] Exclude: **/*.iml
[INFO] Exclude: **/.idea/**
[INFO] Exclude: **/metastore_db/**
[INFO] Exclude: **/build/**
[INFO] Exclude: **/logs/**
[INFO] Exclude: **/CHANGELOG.md
[INFO] Exclude: **/README.md
[INFO] Exclude: **/README.markdown
[INFO] Exclude: **/DEVELOPER.md
[INFO] Exclude: **/BYLAWS.md
[INFO] Exclude: **/STORM-UI-REST-API.md
[INFO] Exclude: SECURITY.md
[INFO] Exclude: VERSION
[INFO] Exclude: TODO
[INFO] Exclude: **/src/py/**
[INFO] Exclude: **/src/ui/public/js/jquery.dataTables.1.10.4.min.js
[INFO] Exclude: **/src/ui/public/css/jquery.dataTables.1.10.4.min.css
[INFO] Exclude: **/src/ui/public/images/*
[INFO] Exclude: **/src/ui/public/js/bootstrap-3.3.1.min.js
[INFO] Exclude: **/src/ui/public/css/bootstrap-3.3.1.min.css
[INFO] Exclude: **/src/ui/public/js/dataTables.bootstrap.min.js
[INFO] Exclude: **/src/ui/public/css/dataTables.bootstrap.css
[INFO] Exclude: **/src/ui/public/js/jsonFormatter.min.js
[INFO] Exclude: **/src/ui/public/css/jsonFormatter.min.css
[INFO] Exclude: **/src/ui/public/js/jquery-1.11.1.min.js
[INFO] Exclude: **/src/ui/public/js/jquery.cookies.2.2.0.min.js
[INFO] Exclude: **/src/ui/public/js/moment.min.js
[INFO] Exclude: **/src/ui/public/js/jquery.blockUI.min.js
[INFO] Exclude: **/src/ui/public/js/url.min.js
[INFO] Exclude: **/src/ui/public/js/arbor.js
[INFO] Exclude: **/src/ui/public/js/arbor-graphics.js
[INFO] Exclude: **/src/ui/public/js/arbor-tween.js
[INFO] Exclude: **/src/ui/public/js/jquery.mustache.js
[INFO] Exclude: **/src/ui/public/js/typeahead.jquery.min.js
[INFO] Exclude: **/dependency-reduced-pom.xml
[INFO] Exclude: **/docs/**
[INFO] Exclude: **/.git/**
[INFO] Exclude: **/derby.log
[INFO] Exclude: **/src/dev/**
[INFO] Exclude: **/src/codegen/config.fmpp
[INFO] Exclude: **/src/codegen/data/Parser.tdd
[INFO] Exclude: **/src/test/resources/FixedAvroSerializer.config
[INFO] 3 resources included (use -debug for more details)
Warning:  org.apache.xerces.jaxp.SAXParserImpl$JAXPSAXParser: Property 'http://www.oracle.com/xml/jaxp/properties/entityExpansionLimit' is not recognized.
Compiler warnings:
  WARNING:  'org.apache.xerces.jaxp.SAXParserImpl: Property 'http://javax.xml.XMLConstants/property/accessExternalDTD' is not recognized.'
Warning:  org.apache.xerces.parsers.SAXParser: Feature 'http://javax.xml.XMLConstants/feature/secure-processing' is not recognized.
Warning:  org.apache.xerces.parsers.SAXParser: Property 'http://javax.xml.XMLConstants/property/accessExternalDTD' is not recognized.
Warning:  org.apache.xerces.parsers.SAXParser: Property 'http://www.oracle.com/xml/jaxp/properties/entityExpansionLimit' is not recognized.
[INFO] Rat check: Summary of files. Unapproved: 0 unknown: 0 generated: 0 approved: 3 licence.
[INFO]                                                                         
[INFO] ------------------------------------------------------------------------
[INFO] Building storm-rename-hack 2.0.0-SNAPSHOT
[INFO] ------------------------------------------------------------------------
[INFO] Downloading: https://repository.apache.org/snapshots/org/apache/storm/storm-core/2.0.0-SNAPSHOT/maven-metadata.xml
[INFO] 
[INFO] --- maven-remote-resources-plugin:1.2.1:process (default) @ storm-rename-hack ---
[INFO] 
[INFO] --- maven-resources-plugin:2.5:resources (default-resources) @ storm-rename-hack ---
[debug] execute contextualize
[INFO] Using 'UTF-8' encoding to copy filtered resources.
[INFO] skip non existing resourceDirectory /home/travis/build/apache/storm/storm-rename-hack/src/main/resources
[INFO] Copying 3 resources
[INFO] 
[INFO] --- maven-compiler-plugin:3.1:compile (default-compile) @ storm-rename-hack ---
[INFO] Nothing to compile - all classes are up to date
[INFO] 
[INFO] --- maven-resources-plugin:2.5:testResources (default-testResources) @ storm-rename-hack ---
[debug] execute contextualize
[INFO] Using 'UTF-8' encoding to copy filtered resources.
[INFO] skip non existing resourceDirectory /home/travis/build/apache/storm/storm-rename-hack/src/test/resources
[INFO] Copying 3 resources
[INFO] 
[INFO] --- maven-compiler-plugin:3.1:testCompile (default-testCompile) @ storm-rename-hack ---
[INFO] No sources to compile
[INFO] 
[INFO] --- maven-surefire-plugin:2.18.1:test (default-test) @ storm-rename-hack ---
[INFO] 
[INFO] --- apache-rat-plugin:0.11:check (default) @ storm-rename-hack ---
[INFO] 51 implicit excludes (use -debug for more details).
[INFO] Exclude: **/target/**
[INFO] Exclude: **/*.iml
[INFO] Exclude: **/.idea/**
[INFO] Exclude: **/metastore_db/**
[INFO] Exclude: **/build/**
[INFO] Exclude: **/logs/**
[INFO] Exclude: **/CHANGELOG.md
[INFO] Exclude: **/README.md
[INFO] Exclude: **/README.markdown
[INFO] Exclude: **/DEVELOPER.md
[INFO] Exclude: **/BYLAWS.md
[INFO] Exclude: **/STORM-UI-REST-API.md
[INFO] Exclude: SECURITY.md
[INFO] Exclude: VERSION
[INFO] Exclude: TODO
[INFO] Exclude: **/src/py/**
[INFO] Exclude: **/src/ui/public/js/jquery.dataTables.1.10.4.min.js
[INFO] Exclude: **/src/ui/public/css/jquery.dataTables.1.10.4.min.css
[INFO] Exclude: **/src/ui/public/images/*
[INFO] Exclude: **/src/ui/public/js/bootstrap-3.3.1.min.js
[INFO] Exclude: **/src/ui/public/css/bootstrap-3.3.1.min.css
[INFO] Exclude: **/src/ui/public/js/dataTables.bootstrap.min.js
[INFO] Exclude: **/src/ui/public/css/dataTables.bootstrap.css
[INFO] Exclude: **/src/ui/public/js/jsonFormatter.min.js
[INFO] Exclude: **/src/ui/public/css/jsonFormatter.min.css
[INFO] Exclude: **/src/ui/public/js/jquery-1.11.1.min.js
[INFO] Exclude: **/src/ui/public/js/jquery.cookies.2.2.0.min.js
[INFO] Exclude: **/src/ui/public/js/moment.min.js
[INFO] Exclude: **/src/ui/public/js/jquery.blockUI.min.js
[INFO] Exclude: **/src/ui/public/js/url.min.js
[INFO] Exclude: **/src/ui/public/js/arbor.js
[INFO] Exclude: **/src/ui/public/js/arbor-graphics.js
[INFO] Exclude: **/src/ui/public/js/arbor-tween.js
[INFO] Exclude: **/src/ui/public/js/jquery.mustache.js
[INFO] Exclude: **/src/ui/public/js/typeahead.jquery.min.js
[INFO] Exclude: **/dependency-reduced-pom.xml
[INFO] Exclude: **/docs/**
[INFO] Exclude: **/.git/**
[INFO] Exclude: **/derby.log
[INFO] Exclude: **/src/dev/**
[INFO] Exclude: **/src/codegen/config.fmpp
[INFO] Exclude: **/src/codegen/data/Parser.tdd
[INFO] Exclude: **/src/test/resources/FixedAvroSerializer.config
[INFO] 10 resources included (use -debug for more details)
Warning:  org.apache.xerces.jaxp.SAXParserImpl$JAXPSAXParser: Property 'http://www.oracle.com/xml/jaxp/properties/entityExpansionLimit' is not recognized.
Compiler warnings:
  WARNING:  'org.apache.xerces.jaxp.SAXParserImpl: Property 'http://javax.xml.XMLConstants/property/accessExternalDTD' is not recognized.'
Warning:  org.apache.xerces.parsers.SAXParser: Feature 'http://javax.xml.XMLConstants/feature/secure-processing' is not recognized.
Warning:  org.apache.xerces.parsers.SAXParser: Property 'http://javax.xml.XMLConstants/property/accessExternalDTD' is not recognized.
Warning:  org.apache.xerces.parsers.SAXParser: Property 'http://www.oracle.com/xml/jaxp/properties/entityExpansionLimit' is not recognized.
[INFO] Rat check: Summary of files. Unapproved: 0 unknown: 0 generated: 0 approved: 10 licence.
[INFO]                                                                         
[INFO] ------------------------------------------------------------------------
[INFO] Building storm-kafka 2.0.0-SNAPSHOT
[INFO] ------------------------------------------------------------------------
[INFO] 
[INFO] --- jacoco-maven-plugin:0.7.2.201409121644:prepare-agent (jacoco-initialize) @ storm-kafka ---
[INFO] argLine set to -javaagent:/home/travis/.m2/repository/org/jacoco/org.jacoco.agent/0.7.2.201409121644/org.jacoco.agent-0.7.2.201409121644-runtime.jar=destfile=/home/travis/build/apache/storm/external/storm-kafka/target/jacoco.exec
[INFO] 
[INFO] --- maven-remote-resources-plugin:1.2.1:process (default) @ storm-kafka ---
[INFO] 
[INFO] --- maven-resources-plugin:2.5:resources (default-resources) @ storm-kafka ---
[debug] execute contextualize
[INFO] Using 'UTF-8' encoding to copy filtered resources.
[INFO] skip non existing resourceDirectory /home/travis/build/apache/storm/external/storm-kafka/src/main/resources
[INFO] Copying 3 resources
[INFO] 
[INFO] --- maven-compiler-plugin:3.1:compile (default-compile) @ storm-kafka ---
[INFO] Nothing to compile - all classes are up to date
[INFO] 
[INFO] --- maven-resources-plugin:2.5:testResources (default-testResources) @ storm-kafka ---
[debug] execute contextualize
[INFO] Using 'UTF-8' encoding to copy filtered resources.
[INFO] skip non existing resourceDirectory /home/travis/build/apache/storm/external/storm-kafka/src/test/resources
[INFO] Copying 3 resources
[INFO] 
[INFO] --- maven-compiler-plugin:3.1:testCompile (default-testCompile) @ storm-kafka ---
[INFO] Nothing to compile - all classes are up to date
[INFO] 
[INFO] --- maven-surefire-plugin:2.18.1:test (default-test) @ storm-kafka ---
[INFO] Surefire report directory: /home/travis/build/apache/storm/external/storm-kafka/target/surefire-reports
[INFO] parallel='none', perCoreThreadCount=true, threadCount=0, useUnlimitedThreads=false, threadCountSuites=0, threadCountClasses=0, threadCountMethods=0, parallelOptimized=true

-------------------------------------------------------
 T E S T S
-------------------------------------------------------
Running org.apache.storm.kafka.KafkaErrorTest
Tests run: 5, Failures: 0, Errors: 0, Skipped: 0, Time elapsed: 0.392 sec - in org.apache.storm.kafka.KafkaErrorTest
Running org.apache.storm.kafka.KafkaUtilsTest
Tests run: 18, Failures: 0, Errors: 1, Skipped: 0, Time elapsed: 34.423 sec <<< FAILURE! - in org.apache.storm.kafka.KafkaUtilsTest
fetchMessagesWithInvalidOffsetAndDefaultHandlingEnabled(org.apache.storm.kafka.KafkaUtilsTest)  Time elapsed: 3.669 sec  <<< ERROR!
java.lang.Exception: Unexpected exception, expected<org.apache.storm.kafka.TopicOffsetOutOfRangeException> but was<java.lang.AssertionError>
	at org.junit.Assert.fail(Assert.java:88)
	at org.apache.storm.kafka.KafkaUtilsTest.createTopicAndSendMessage(KafkaUtilsTest.java:246)
	at org.apache.storm.kafka.KafkaUtilsTest.createTopicAndSendMessage(KafkaUtilsTest.java:232)
	at org.apache.storm.kafka.KafkaUtilsTest.fetchMessagesWithInvalidOffsetAndDefaultHandlingEnabled(KafkaUtilsTest.java:113)

Running org.apache.storm.kafka.StringKeyValueSchemeTest
Tests run: 4, Failures: 0, Errors: 0, Skipped: 0, Time elapsed: 1.098 sec - in org.apache.storm.kafka.StringKeyValueSchemeTest
Running org.apache.storm.kafka.ZkCoordinatorTest
Tests run: 2, Failures: 0, Errors: 0, Skipped: 0, Time elapsed: 6.224 sec - in org.apache.storm.kafka.ZkCoordinatorTest
Running org.apache.storm.kafka.TridentKafkaTest
Tests run: 1, Failures: 0, Errors: 0, Skipped: 0, Time elapsed: 3.291 sec - in org.apache.storm.kafka.TridentKafkaTest
Running org.apache.storm.kafka.ExponentialBackoffMsgRetryManagerTest
Tests run: 11, Failures: 0, Errors: 0, Skipped: 0, Time elapsed: 1.719 sec - in org.apache.storm.kafka.ExponentialBackoffMsgRetryManagerTest
Running org.apache.storm.kafka.TestStringScheme
Tests run: 1, Failures: 0, Errors: 0, Skipped: 0, Time elapsed: 0.001 sec - in org.apache.storm.kafka.TestStringScheme
Running org.apache.storm.kafka.DynamicBrokersReaderTest
Tests run: 6, Failures: 0, Errors: 0, Skipped: 0, Time elapsed: 6.397 sec - in org.apache.storm.kafka.DynamicBrokersReaderTest
Running org.apache.storm.kafka.bolt.KafkaBoltTest
Tests run: 8, Failures: 0, Errors: 0, Skipped: 0, Time elapsed: 16.774 sec - in org.apache.storm.kafka.bolt.KafkaBoltTest

Results :

Tests in error: 
  KafkaUtilsTest.fetchMessagesWithInvalidOffsetAndDefaultHandlingEnabled »  Unex...

Tests run: 56, Failures: 0, Errors: 1, Skipped: 0

[INFO]                                                                         
[INFO] ------------------------------------------------------------------------
[INFO] Building storm-hdfs 2.0.0-SNAPSHOT
[INFO] ------------------------------------------------------------------------
[INFO] 
[INFO] --- maven-remote-resources-plugin:1.2.1:process (default) @ storm-hdfs ---
[INFO] 
[INFO] --- maven-resources-plugin:2.5:resources (default-resources) @ storm-hdfs ---
[debug] execute contextualize
[INFO] Using 'UTF-8' encoding to copy filtered resources.
[INFO] skip non existing resourceDirectory /home/travis/build/apache/storm/external/storm-hdfs/src/main/resources
[INFO] Copying 3 resources
[INFO] 
[INFO] --- maven-compiler-plugin:2.5.1:compile (default-compile) @ storm-hdfs ---
[INFO] Nothing to compile - all classes are up to date
[INFO] 
[INFO] --- maven-resources-plugin:2.5:testResources (default-testResources) @ storm-hdfs ---
[debug] execute contextualize
[INFO] Using 'UTF-8' encoding to copy filtered resources.
[INFO] Copying 2 resources
[INFO] Copying 3 resources
[INFO] 
[INFO] --- maven-compiler-plugin:2.5.1:testCompile (default-testCompile) @ storm-hdfs ---
[INFO] Nothing to compile - all classes are up to date
[INFO] 
[INFO] --- maven-surefire-plugin:2.18.1:test (default-test) @ storm-hdfs ---
[INFO] Surefire report directory: /home/travis/build/apache/storm/external/storm-hdfs/target/surefire-reports
[INFO] parallel='none', perCoreThreadCount=true, threadCount=0, useUnlimitedThreads=false, threadCountSuites=0, threadCountClasses=0, threadCountMethods=0, parallelOptimized=true

-------------------------------------------------------
 T E S T S
-------------------------------------------------------
Running org.apache.storm.hdfs.bolt.TestHdfsBolt
Tests run: 6, Failures: 0, Errors: 0, Skipped: 0, Time elapsed: 14.036 sec - in org.apache.storm.hdfs.bolt.TestHdfsBolt
Running org.apache.storm.hdfs.bolt.TestSequenceFileBolt
Tests run: 3, Failures: 0, Errors: 0, Skipped: 0, Time elapsed: 3.435 sec - in org.apache.storm.hdfs.bolt.TestSequenceFileBolt
Running org.apache.storm.hdfs.bolt.AvroGenericRecordBoltTest
Tests run: 5, Failures: 0, Errors: 0, Skipped: 0, Time elapsed: 5.621 sec - in org.apache.storm.hdfs.bolt.AvroGenericRecordBoltTest
Running org.apache.storm.hdfs.bolt.TestWritersMap
Tests run: 1, Failures: 0, Errors: 0, Skipped: 0, Time elapsed: 1.14 sec - in org.apache.storm.hdfs.bolt.TestWritersMap
Running org.apache.storm.hdfs.spout.TestDirLock
Tests run: 3, Failures: 0, Errors: 0, Skipped: 0, Time elapsed: 17.576 sec - in org.apache.storm.hdfs.spout.TestDirLock
Running org.apache.storm.hdfs.spout.TestHdfsSemantics
Tests run: 4, Failures: 0, Errors: 0, Skipped: 0, Time elapsed: 1.107 sec - in org.apache.storm.hdfs.spout.TestHdfsSemantics
Running org.apache.storm.hdfs.spout.TestHdfsSpout
Tests run: 10, Failures: 0, Errors: 0, Skipped: 0, Time elapsed: 8.456 sec - in org.apache.storm.hdfs.spout.TestHdfsSpout
Running org.apache.storm.hdfs.spout.TestProgressTracker
Tests run: 1, Failures: 0, Errors: 0, Skipped: 0, Time elapsed: 0.521 sec - in org.apache.storm.hdfs.spout.TestProgressTracker
Running org.apache.storm.hdfs.spout.TestFileLock
Tests run: 6, Failures: 0, Errors: 0, Skipped: 0, Time elapsed: 31.439 sec - in org.apache.storm.hdfs.spout.TestFileLock
Running org.apache.storm.hdfs.trident.HdfsStateTest
Tests run: 5, Failures: 0, Errors: 0, Skipped: 0, Time elapsed: 0.133 sec - in org.apache.storm.hdfs.trident.HdfsStateTest
Running org.apache.storm.hdfs.blobstore.BlobStoreTest
Tests run: 4, Failures: 0, Errors: 0, Skipped: 0, Time elapsed: 9.236 sec - in org.apache.storm.hdfs.blobstore.BlobStoreTest
Running org.apache.storm.hdfs.blobstore.HdfsBlobStoreImplTest
Tests run: 2, Failures: 0, Errors: 0, Skipped: 0, Time elapsed: 0.631 sec - in org.apache.storm.hdfs.blobstore.HdfsBlobStoreImplTest
Running org.apache.storm.hdfs.avro.TestFixedAvroSerializer
Tests run: 2, Failures: 0, Errors: 0, Skipped: 0, Time elapsed: 0.001 sec - in org.apache.storm.hdfs.avro.TestFixedAvroSerializer
Running org.apache.storm.hdfs.avro.TestGenericAvroSerializer
Tests run: 2, Failures: 0, Errors: 0, Skipped: 0, Time elapsed: 0 sec - in org.apache.storm.hdfs.avro.TestGenericAvroSerializer

Results :

Tests run: 54, Failures: 0, Errors: 0, Skipped: 0

[INFO] 
[INFO] --- apache-rat-plugin:0.11:check (default) @ storm-hdfs ---
[INFO] 51 implicit excludes (use -debug for more details).
[INFO] Exclude: **/target/**
[INFO] Exclude: **/*.iml
[INFO] Exclude: **/.idea/**
[INFO] Exclude: **/metastore_db/**
[INFO] Exclude: **/build/**
[INFO] Exclude: **/logs/**
[INFO] Exclude: **/CHANGELOG.md
[INFO] Exclude: **/README.md
[INFO] Exclude: **/README.markdown
[INFO] Exclude: **/DEVELOPER.md
[INFO] Exclude: **/BYLAWS.md
[INFO] Exclude: **/STORM-UI-REST-API.md
[INFO] Exclude: SECURITY.md
[INFO] Exclude: VERSION
[INFO] Exclude: TODO
[INFO] Exclude: **/src/py/**
[INFO] Exclude: **/src/ui/public/js/jquery.dataTables.1.10.4.min.js
[INFO] Exclude: **/src/ui/public/css/jquery.dataTables.1.10.4.min.css
[INFO] Exclude: **/src/ui/public/images/*
[INFO] Exclude: **/src/ui/public/js/bootstrap-3.3.1.min.js
[INFO] Exclude: **/src/ui/public/css/bootstrap-3.3.1.min.css
[INFO] Exclude: **/src/ui/public/js/dataTables.bootstrap.min.js
[INFO] Exclude: **/src/ui/public/css/dataTables.bootstrap.css
[INFO] Exclude: **/src/ui/public/js/jsonFormatter.min.js
[INFO] Exclude: **/src/ui/public/css/jsonFormatter.min.css
[INFO] Exclude: **/src/ui/public/js/jquery-1.11.1.min.js
[INFO] Exclude: **/src/ui/public/js/jquery.cookies.2.2.0.min.js
[INFO] Exclude: **/src/ui/public/js/moment.min.js
[INFO] Exclude: **/src/ui/public/js/jquery.blockUI.min.js
[INFO] Exclude: **/src/ui/public/js/url.min.js
[INFO] Exclude: **/src/ui/public/js/arbor.js
[INFO] Exclude: **/src/ui/public/js/arbor-graphics.js
[INFO] Exclude: **/src/ui/public/js/arbor-tween.js
[INFO] Exclude: **/src/ui/public/js/jquery.mustache.js
[INFO] Exclude: **/src/ui/public/js/typeahead.jquery.min.js
[INFO] Exclude: **/dependency-reduced-pom.xml
[INFO] Exclude: **/docs/**
[INFO] Exclude: **/.git/**
[INFO] Exclude: **/derby.log
[INFO] Exclude: **/src/dev/**
[INFO] Exclude: **/src/codegen/config.fmpp
[INFO] Exclude: **/src/codegen/data/Parser.tdd
[INFO] Exclude: **/src/test/resources/FixedAvroSerializer.config
[INFO] 85 resources included (use -debug for more details)
Warning:  org.apache.xerces.jaxp.SAXParserImpl$JAXPSAXParser: Property 'http://www.oracle.com/xml/jaxp/properties/entityExpansionLimit' is not recognized.
Compiler warnings:
  WARNING:  'org.apache.xerces.jaxp.SAXParserImpl: Property 'http://javax.xml.XMLConstants/property/accessExternalDTD' is not recognized.'
Warning:  org.apache.xerces.parsers.SAXParser: Feature 'http://javax.xml.XMLConstants/feature/secure-processing' is not recognized.
Warning:  org.apache.xerces.parsers.SAXParser: Property 'http://javax.xml.XMLConstants/property/accessExternalDTD' is not recognized.
Warning:  org.apache.xerces.parsers.SAXParser: Property 'http://www.oracle.com/xml/jaxp/properties/entityExpansionLimit' is not recognized.
[INFO] Rat check: Summary of files. Unapproved: 0 unknown: 0 generated: 0 approved: 85 licence.
[INFO]                                                                         
[INFO] ------------------------------------------------------------------------
[INFO] Building storm-hbase 2.0.0-SNAPSHOT
[INFO] ------------------------------------------------------------------------
[INFO] 
[INFO] --- maven-remote-resources-plugin:1.2.1:process (default) @ storm-hbase ---
[INFO] 
[INFO] --- maven-resources-plugin:2.5:resources (default-resources) @ storm-hbase ---
[debug] execute contextualize
[INFO] Using 'UTF-8' encoding to copy filtered resources.
[INFO] skip non existing resourceDirectory /home/travis/build/apache/storm/external/storm-hbase/src/main/resources
[INFO] Copying 3 resources
[INFO] 
[INFO] --- maven-compiler-plugin:3.1:compile (default-compile) @ storm-hbase ---
[INFO] Nothing to compile - all classes are up to date
[INFO] 
[INFO] --- maven-resources-plugin:2.5:testResources (default-testResources) @ storm-hbase ---
[debug] execute contextualize
[INFO] Using 'UTF-8' encoding to copy filtered resources.
[INFO] skip non existing resourceDirectory /home/travis/build/apache/storm/external/storm-hbase/src/test/resources
[INFO] Copying 3 resources
[INFO] 
[INFO] --- maven-compiler-plugin:3.1:testCompile (default-testCompile) @ storm-hbase ---
[INFO] Nothing to compile - all classes are up to date
[INFO] 
[INFO] --- maven-surefire-plugin:2.18.1:test (default-test) @ storm-hbase ---
[INFO] 
[INFO] --- apache-rat-plugin:0.11:check (default) @ storm-hbase ---
[INFO] 51 implicit excludes (use -debug for more details).
[INFO] Exclude: **/target/**
[INFO] Exclude: **/*.iml
[INFO] Exclude: **/.idea/**
[INFO] Exclude: **/metastore_db/**
[INFO] Exclude: **/build/**
[INFO] Exclude: **/logs/**
[INFO] Exclude: **/CHANGELOG.md
[INFO] Exclude: **/README.md
[INFO] Exclude: **/README.markdown
[INFO] Exclude: **/DEVELOPER.md
[INFO] Exclude: **/BYLAWS.md
[INFO] Exclude: **/STORM-UI-REST-API.md
[INFO] Exclude: SECURITY.md
[INFO] Exclude: VERSION
[INFO] Exclude: TODO
[INFO] Exclude: **/src/py/**
[INFO] Exclude: **/src/ui/public/js/jquery.dataTables.1.10.4.min.js
[INFO] Exclude: **/src/ui/public/css/jquery.dataTables.1.10.4.min.css
[INFO] Exclude: **/src/ui/public/images/*
[INFO] Exclude: **/src/ui/public/js/bootstrap-3.3.1.min.js
[INFO] Exclude: **/src/ui/public/css/bootstrap-3.3.1.min.css
[INFO] Exclude: **/src/ui/public/js/dataTables.bootstrap.min.js
[INFO] Exclude: **/src/ui/public/css/dataTables.bootstrap.css
[INFO] Exclude: **/src/ui/public/js/jsonFormatter.min.js
[INFO] Exclude: **/src/ui/public/css/jsonFormatter.min.css
[INFO] Exclude: **/src/ui/public/js/jquery-1.11.1.min.js
[INFO] Exclude: **/src/ui/public/js/jquery.cookies.2.2.0.min.js
[INFO] Exclude: **/src/ui/public/js/moment.min.js
[INFO] Exclude: **/src/ui/public/js/jquery.blockUI.min.js
[INFO] Exclude: **/src/ui/public/js/url.min.js
[INFO] Exclude: **/src/ui/public/js/arbor.js
[INFO] Exclude: **/src/ui/public/js/arbor-graphics.js
[INFO] Exclude: **/src/ui/public/js/arbor-tween.js
[INFO] Exclude: **/src/ui/public/js/jquery.mustache.js
[INFO] Exclude: **/src/ui/public/js/typeahead.jquery.min.js
[INFO] Exclude: **/dependency-reduced-pom.xml
[INFO] Exclude: **/docs/**
[INFO] Exclude: **/.git/**
[INFO] Exclude: **/derby.log
[INFO] Exclude: **/src/dev/**
[INFO] Exclude: **/src/codegen/config.fmpp
[INFO] Exclude: **/src/codegen/data/Parser.tdd
[INFO] Exclude: **/src/test/resources/FixedAvroSerializer.config
[INFO] 35 resources included (use -debug for more details)
Warning:  org.apache.xerces.jaxp.SAXParserImpl$JAXPSAXParser: Property 'http://www.oracle.com/xml/jaxp/properties/entityExpansionLimit' is not recognized.
Compiler warnings:
  WARNING:  'org.apache.xerces.jaxp.SAXParserImpl: Property 'http://javax.xml.XMLConstants/property/accessExternalDTD' is not recognized.'
Warning:  org.apache.xerces.parsers.SAXParser: Feature 'http://javax.xml.XMLConstants/feature/secure-processing' is not recognized.
Warning:  org.apache.xerces.parsers.SAXParser: Property 'http://javax.xml.XMLConstants/property/accessExternalDTD' is not recognized.
Warning:  org.apache.xerces.parsers.SAXParser: Property 'http://www.oracle.com/xml/jaxp/properties/entityExpansionLimit' is not recognized.
[INFO] Rat check: Summary of files. Unapproved: 0 unknown: 0 generated: 0 approved: 35 licence.
[INFO]                                                                         
[INFO] ------------------------------------------------------------------------
[INFO] Building storm-hive 2.0.0-SNAPSHOT
[INFO] ------------------------------------------------------------------------
[INFO] 
[INFO] --- maven-remote-resources-plugin:1.2.1:process (default) @ storm-hive ---
[INFO] Downloading: https://oss.sonatype.org/content/repositories/releases/net/hydromatic/linq4j/0.4/linq4j-0.4.pom
[INFO] Downloading: https://repository.apache.org/releases/net/hydromatic/linq4j/0.4/linq4j-0.4.pom
[INFO] Downloading: https://oss.sonatype.org/content/repositories/releases/net/hydromatic/quidem/0.1.1/quidem-0.1.1.pom
[INFO] Downloading: https://repository.apache.org/releases/net/hydromatic/quidem/0.1.1/quidem-0.1.1.pom
[INFO] Downloading: https://oss.sonatype.org/content/repositories/releases/org/pentaho/pentaho-aggdesigner-algorithm/5.1.3-jhyde/pentaho-aggdesigner-algorithm-5.1.3-jhyde.pom
[INFO] Downloading: https://repository.apache.org/releases/org/pentaho/pentaho-aggdesigner-algorithm/5.1.3-jhyde/pentaho-aggdesigner-algorithm-5.1.3-jhyde.pom
[INFO] Downloading: https://oss.sonatype.org/content/repositories/releases/eigenbase/eigenbase-properties/1.1.4/eigenbase-properties-1.1.4.pom
[INFO] Downloading: https://repository.apache.org/releases/eigenbase/eigenbase-properties/1.1.4/eigenbase-properties-1.1.4.pom
[INFO] 
[INFO] --- maven-resources-plugin:2.5:resources (default-resources) @ storm-hive ---
[debug] execute contextualize
[INFO] Using 'UTF-8' encoding to copy filtered resources.
[INFO] skip non existing resourceDirectory /home/travis/build/apache/storm/external/storm-hive/src/main/resources
[INFO] Copying 3 resources
[INFO] 
[INFO] --- maven-compiler-plugin:3.1:compile (default-compile) @ storm-hive ---
[INFO] Nothing to compile - all classes are up to date
[INFO] 
[INFO] --- maven-resources-plugin:2.5:testResources (default-testResources) @ storm-hive ---
[debug] execute contextualize
[INFO] Using 'UTF-8' encoding to copy filtered resources.
[INFO] skip non existing resourceDirectory /home/travis/build/apache/storm/external/storm-hive/src/test/resources
[INFO] Copying 3 resources
[INFO] 
[INFO] --- maven-compiler-plugin:3.1:testCompile (default-testCompile) @ storm-hive ---
[INFO] Nothing to compile - all classes are up to date
[INFO] 
[INFO] --- maven-clean-plugin:2.5:clean (cleanup) @ storm-hive ---
[INFO] 
[INFO] --- maven-surefire-plugin:2.18.1:test (default-test) @ storm-hive ---
[INFO] Surefire report directory: /home/travis/build/apache/storm/external/storm-hive/target/surefire-reports
[INFO] parallel='none', perCoreThreadCount=true, threadCount=0, useUnlimitedThreads=false, threadCountSuites=0, threadCountClasses=0, threadCountMethods=0, parallelOptimized=true

-------------------------------------------------------
 T E S T S
-------------------------------------------------------
Running org.apache.storm.hive.bolt.TestHiveBolt
Tests run: 11, Failures: 0, Errors: 0, Skipped: 0, Time elapsed: 20.175 sec - in org.apache.storm.hive.bolt.TestHiveBolt
Running org.apache.storm.hive.common.TestHiveWriter
Tests run: 3, Failures: 0, Errors: 0, Skipped: 0, Time elapsed: 4.445 sec - in org.apache.storm.hive.common.TestHiveWriter

Results :

Tests run: 14, Failures: 0, Errors: 0, Skipped: 0

[INFO] 
[INFO] --- apache-rat-plugin:0.11:check (default) @ storm-hive ---
[INFO] 51 implicit excludes (use -debug for more details).
[INFO] Exclude: **/target/**
[INFO] Exclude: **/*.iml
[INFO] Exclude: **/.idea/**
[INFO] Exclude: **/metastore_db/**
[INFO] Exclude: **/build/**
[INFO] Exclude: **/logs/**
[INFO] Exclude: **/CHANGELOG.md
[INFO] Exclude: **/README.md
[INFO] Exclude: **/README.markdown
[INFO] Exclude: **/DEVELOPER.md
[INFO] Exclude: **/BYLAWS.md
[INFO] Exclude: **/STORM-UI-REST-API.md
[INFO] Exclude: SECURITY.md
[INFO] Exclude: VERSION
[INFO] Exclude: TODO
[INFO] Exclude: **/src/py/**
[INFO] Exclude: **/src/ui/public/js/jquery.dataTables.1.10.4.min.js
[INFO] Exclude: **/src/ui/public/css/jquery.dataTables.1.10.4.min.css
[INFO] Exclude: **/src/ui/public/images/*
[INFO] Exclude: **/src/ui/public/js/bootstrap-3.3.1.min.js
[INFO] Exclude: **/src/ui/public/css/bootstrap-3.3.1.min.css
[INFO] Exclude: **/src/ui/public/js/dataTables.bootstrap.min.js
[INFO] Exclude: **/src/ui/public/css/dataTables.bootstrap.css
[INFO] Exclude: **/src/ui/public/js/jsonFormatter.min.js
[INFO] Exclude: **/src/ui/public/css/jsonFormatter.min.css
[INFO] Exclude: **/src/ui/public/js/jquery-1.11.1.min.js
[INFO] Exclude: **/src/ui/public/js/jquery.cookies.2.2.0.min.js
[INFO] Exclude: **/src/ui/public/js/moment.min.js
[INFO] Exclude: **/src/ui/public/js/jquery.blockUI.min.js
[INFO] Exclude: **/src/ui/public/js/url.min.js
[INFO] Exclude: **/src/ui/public/js/arbor.js
[INFO] Exclude: **/src/ui/public/js/arbor-graphics.js
[INFO] Exclude: **/src/ui/public/js/arbor-tween.js
[INFO] Exclude: **/src/ui/public/js/jquery.mustache.js
[INFO] Exclude: **/src/ui/public/js/typeahead.jquery.min.js
[INFO] Exclude: **/dependency-reduced-pom.xml
[INFO] Exclude: **/docs/**
[INFO] Exclude: **/.git/**
[INFO] Exclude: **/derby.log
[INFO] Exclude: **/src/dev/**
[INFO] Exclude: **/src/codegen/config.fmpp
[INFO] Exclude: **/src/codegen/data/Parser.tdd
[INFO] Exclude: **/src/test/resources/FixedAvroSerializer.config
[INFO] 18 resources included (use -debug for more details)
Warning:  org.apache.xerces.jaxp.SAXParserImpl$JAXPSAXParser: Property 'http://www.oracle.com/xml/jaxp/properties/entityExpansionLimit' is not recognized.
Compiler warnings:
  WARNING:  'org.apache.xerces.jaxp.SAXParserImpl: Property 'http://javax.xml.XMLConstants/property/accessExternalDTD' is not recognized.'
Warning:  org.apache.xerces.parsers.SAXParser: Feature 'http://javax.xml.XMLConstants/feature/secure-processing' is not recognized.
Warning:  org.apache.xerces.parsers.SAXParser: Property 'http://javax.xml.XMLConstants/property/accessExternalDTD' is not recognized.
Warning:  org.apache.xerces.parsers.SAXParser: Property 'http://www.oracle.com/xml/jaxp/properties/entityExpansionLimit' is not recognized.
[INFO] Rat check: Summary of files. Unapproved: 0 unknown: 0 generated: 0 approved: 18 licence.
[INFO]                                                                         
[INFO] ------------------------------------------------------------------------
[INFO] Building storm-jdbc 2.0.0-SNAPSHOT
[INFO] ------------------------------------------------------------------------
[INFO] 
[INFO] --- maven-remote-resources-plugin:1.2.1:process (default) @ storm-jdbc ---
[INFO] 
[INFO] --- maven-resources-plugin:2.5:resources (default-resources) @ storm-jdbc ---
[debug] execute contextualize
[INFO] Using 'UTF-8' encoding to copy filtered resources.
[INFO] skip non existing resourceDirectory /home/travis/build/apache/storm/external/storm-jdbc/src/main/resources
[INFO] Copying 3 resources
[INFO] 
[INFO] --- maven-compiler-plugin:3.1:compile (default-compile) @ storm-jdbc ---
[INFO] Nothing to compile - all classes are up to date
[INFO] 
[INFO] --- maven-resources-plugin:2.5:testResources (default-testResources) @ storm-jdbc ---
[debug] execute contextualize
[INFO] Using 'UTF-8' encoding to copy filtered resources.
[INFO] skip non existing resourceDirectory /home/travis/build/apache/storm/external/storm-jdbc/src/test/resources
[INFO] Copying 3 resources
[INFO] 
[INFO] --- sql-maven-plugin:1.5:execute (create-db) @ storm-jdbc ---
[INFO] Executing file: /tmp/test.2117166472sql
[INFO] 1 of 1 SQL statements executed successfully
[INFO] 
[INFO] --- maven-compiler-plugin:3.1:testCompile (default-testCompile) @ storm-jdbc ---
[INFO] Nothing to compile - all classes are up to date
[INFO] 
[INFO] --- maven-surefire-plugin:2.18.1:test (default-test) @ storm-jdbc ---
[INFO] Surefire report directory: /home/travis/build/apache/storm/external/storm-jdbc/target/surefire-reports
[INFO] parallel='none', perCoreThreadCount=true, threadCount=0, useUnlimitedThreads=false, threadCountSuites=0, threadCountClasses=0, threadCountMethods=0, parallelOptimized=true

-------------------------------------------------------
 T E S T S
-------------------------------------------------------
Running org.apache.storm.jdbc.bolt.JdbcInsertBoltTest
Tests run: 1, Failures: 0, Errors: 0, Skipped: 0, Time elapsed: 0.465 sec - in org.apache.storm.jdbc.bolt.JdbcInsertBoltTest
Running org.apache.storm.jdbc.bolt.JdbcLookupBoltTest
Tests run: 1, Failures: 0, Errors: 0, Skipped: 0, Time elapsed: 0.002 sec - in org.apache.storm.jdbc.bolt.JdbcLookupBoltTest
Running org.apache.storm.jdbc.common.UtilTest
Tests run: 2, Failures: 0, Errors: 0, Skipped: 0, Time elapsed: 0.002 sec - in org.apache.storm.jdbc.common.UtilTest
Running org.apache.storm.jdbc.common.JdbcClientTest
Tests run: 1, Failures: 0, Errors: 0, Skipped: 0, Time elapsed: 0.404 sec - in org.apache.storm.jdbc.common.JdbcClientTest

Results :

Tests run: 5, Failures: 0, Errors: 0, Skipped: 0

[INFO] 
[INFO] --- apache-rat-plugin:0.11:check (default) @ storm-jdbc ---
[INFO] 51 implicit excludes (use -debug for more details).
[INFO] Exclude: **/target/**
[INFO] Exclude: **/*.iml
[INFO] Exclude: **/.idea/**
[INFO] Exclude: **/metastore_db/**
[INFO] Exclude: **/build/**
[INFO] Exclude: **/logs/**
[INFO] Exclude: **/CHANGELOG.md
[INFO] Exclude: **/README.md
[INFO] Exclude: **/README.markdown
[INFO] Exclude: **/DEVELOPER.md
[INFO] Exclude: **/BYLAWS.md
[INFO] Exclude: **/STORM-UI-REST-API.md
[INFO] Exclude: SECURITY.md
[INFO] Exclude: VERSION
[INFO] Exclude: TODO
[INFO] Exclude: **/src/py/**
[INFO] Exclude: **/src/ui/public/js/jquery.dataTables.1.10.4.min.js
[INFO] Exclude: **/src/ui/public/css/jquery.dataTables.1.10.4.min.css
[INFO] Exclude: **/src/ui/public/images/*
[INFO] Exclude: **/src/ui/public/js/bootstrap-3.3.1.min.js
[INFO] Exclude: **/src/ui/public/css/bootstrap-3.3.1.min.css
[INFO] Exclude: **/src/ui/public/js/dataTables.bootstrap.min.js
[INFO] Exclude: **/src/ui/public/css/dataTables.bootstrap.css
[INFO] Exclude: **/src/ui/public/js/jsonFormatter.min.js
[INFO] Exclude: **/src/ui/public/css/jsonFormatter.min.css
[INFO] Exclude: **/src/ui/public/js/jquery-1.11.1.min.js
[INFO] Exclude: **/src/ui/public/js/jquery.cookies.2.2.0.min.js
[INFO] Exclude: **/src/ui/public/js/moment.min.js
[INFO] Exclude: **/src/ui/public/js/jquery.blockUI.min.js
[INFO] Exclude: **/src/ui/public/js/url.min.js
[INFO] Exclude: **/src/ui/public/js/arbor.js
[INFO] Exclude: **/src/ui/public/js/arbor-graphics.js
[INFO] Exclude: **/src/ui/public/js/arbor-tween.js
[INFO] Exclude: **/src/ui/public/js/jquery.mustache.js
[INFO] Exclude: **/src/ui/public/js/typeahead.jquery.min.js
[INFO] Exclude: **/dependency-reduced-pom.xml
[INFO] Exclude: **/docs/**
[INFO] Exclude: **/.git/**
[INFO] Exclude: **/derby.log
[INFO] Exclude: **/src/dev/**
[INFO] Exclude: **/src/codegen/config.fmpp
[INFO] Exclude: **/src/codegen/data/Parser.tdd
[INFO] Exclude: **/src/test/resources/FixedAvroSerializer.config
[INFO] 26 resources included (use -debug for more details)
Warning:  org.apache.xerces.jaxp.SAXParserImpl$JAXPSAXParser: Property 'http://www.oracle.com/xml/jaxp/properties/entityExpansionLimit' is not recognized.
Compiler warnings:
  WARNING:  'org.apache.xerces.jaxp.SAXParserImpl: Property 'http://javax.xml.XMLConstants/property/accessExternalDTD' is not recognized.'
Warning:  org.apache.xerces.parsers.SAXParser: Feature 'http://javax.xml.XMLConstants/feature/secure-processing' is not recognized.
Warning:  org.apache.xerces.parsers.SAXParser: Property 'http://javax.xml.XMLConstants/property/accessExternalDTD' is not recognized.
Warning:  org.apache.xerces.parsers.SAXParser: Property 'http://www.oracle.com/xml/jaxp/properties/entityExpansionLimit' is not recognized.
[INFO] Rat check: Summary of files. Unapproved: 0 unknown: 0 generated: 0 approved: 26 licence.
[INFO]                                                                         
[INFO] ------------------------------------------------------------------------
[INFO] Building storm-redis 2.0.0-SNAPSHOT
[INFO] ------------------------------------------------------------------------
[INFO] 
[INFO] --- maven-remote-resources-plugin:1.2.1:process (default) @ storm-redis ---
[INFO] 
[INFO] --- maven-resources-plugin:2.5:resources (default-resources) @ storm-redis ---
[debug] execute contextualize
[INFO] Using 'UTF-8' encoding to copy filtered resources.
[INFO] skip non existing resourceDirectory /home/travis/build/apache/storm/external/storm-redis/src/main/resources
[INFO] Copying 3 resources
[INFO] 
[INFO] --- maven-compiler-plugin:3.1:compile (default-compile) @ storm-redis ---
[INFO] Nothing to compile - all classes are up to date
[INFO] 
[INFO] --- maven-resources-plugin:2.5:testResources (default-testResources) @ storm-redis ---
[debug] execute contextualize
[INFO] Using 'UTF-8' encoding to copy filtered resources.
[INFO] skip non existing resourceDirectory /home/travis/build/apache/storm/external/storm-redis/src/test/resources
[INFO] Copying 3 resources
[INFO] 
[INFO] --- maven-compiler-plugin:3.1:testCompile (default-testCompile) @ storm-redis ---
[INFO] Nothing to compile - all classes are up to date
[INFO] 
[INFO] --- maven-surefire-plugin:2.18.1:test (default-test) @ storm-redis ---
[INFO] Surefire report directory: /home/travis/build/apache/storm/external/storm-redis/target/surefire-reports
[INFO] parallel='none', perCoreThreadCount=true, threadCount=0, useUnlimitedThreads=false, threadCountSuites=0, threadCountClasses=0, threadCountMethods=0, parallelOptimized=true

-------------------------------------------------------
 T E S T S
-------------------------------------------------------
Running org.apache.storm.redis.state.RedisKeyValueStateProviderTest
Tests run: 2, Failures: 0, Errors: 0, Skipped: 0, Time elapsed: 0.772 sec - in org.apache.storm.redis.state.RedisKeyValueStateProviderTest
Running org.apache.storm.redis.state.DefaultStateSerializerTest
Tests run: 1, Failures: 0, Errors: 0, Skipped: 0, Time elapsed: 0.055 sec - in org.apache.storm.redis.state.DefaultStateSerializerTest
Running org.apache.storm.redis.state.RedisKeyValueStateTest
Tests run: 2, Failures: 0, Errors: 0, Skipped: 0, Time elapsed: 0.195 sec - in org.apache.storm.redis.state.RedisKeyValueStateTest

Results :

Tests run: 5, Failures: 0, Errors: 0, Skipped: 0

[INFO] 
[INFO] --- apache-rat-plugin:0.11:check (default) @ storm-redis ---
[INFO] 51 implicit excludes (use -debug for more details).
[INFO] Exclude: **/target/**
[INFO] Exclude: **/*.iml
[INFO] Exclude: **/.idea/**
[INFO] Exclude: **/metastore_db/**
[INFO] Exclude: **/build/**
[INFO] Exclude: **/logs/**
[INFO] Exclude: **/CHANGELOG.md
[INFO] Exclude: **/README.md
[INFO] Exclude: **/README.markdown
[INFO] Exclude: **/DEVELOPER.md
[INFO] Exclude: **/BYLAWS.md
[INFO] Exclude: **/STORM-UI-REST-API.md
[INFO] Exclude: SECURITY.md
[INFO] Exclude: VERSION
[INFO] Exclude: TODO
[INFO] Exclude: **/src/py/**
[INFO] Exclude: **/src/ui/public/js/jquery.dataTables.1.10.4.min.js
[INFO] Exclude: **/src/ui/public/css/jquery.dataTables.1.10.4.min.css
[INFO] Exclude: **/src/ui/public/images/*
[INFO] Exclude: **/src/ui/public/js/bootstrap-3.3.1.min.js
[INFO] Exclude: **/src/ui/public/css/bootstrap-3.3.1.min.css
[INFO] Exclude: **/src/ui/public/js/dataTables.bootstrap.min.js
[INFO] Exclude: **/src/ui/public/css/dataTables.bootstrap.css
[INFO] Exclude: **/src/ui/public/js/jsonFormatter.min.js
[INFO] Exclude: **/src/ui/public/css/jsonFormatter.min.css
[INFO] Exclude: **/src/ui/public/js/jquery-1.11.1.min.js
[INFO] Exclude: **/src/ui/public/js/jquery.cookies.2.2.0.min.js
[INFO] Exclude: **/src/ui/public/js/moment.min.js
[INFO] Exclude: **/src/ui/public/js/jquery.blockUI.min.js
[INFO] Exclude: **/src/ui/public/js/url.min.js
[INFO] Exclude: **/src/ui/public/js/arbor.js
[INFO] Exclude: **/src/ui/public/js/arbor-graphics.js
[INFO] Exclude: **/src/ui/public/js/arbor-tween.js
[INFO] Exclude: **/src/ui/public/js/jquery.mustache.js
[INFO] Exclude: **/src/ui/public/js/typeahead.jquery.min.js
[INFO] Exclude: **/dependency-reduced-pom.xml
[INFO] Exclude: **/docs/**
[INFO] Exclude: **/.git/**
[INFO] Exclude: **/derby.log
[INFO] Exclude: **/src/dev/**
[INFO] Exclude: **/src/codegen/config.fmpp
[INFO] Exclude: **/src/codegen/data/Parser.tdd
[INFO] Exclude: **/src/test/resources/FixedAvroSerializer.config
[INFO] 44 resources included (use -debug for more details)
Warning:  org.apache.xerces.jaxp.SAXParserImpl$JAXPSAXParser: Property 'http://www.oracle.com/xml/jaxp/properties/entityExpansionLimit' is not recognized.
Compiler warnings:
  WARNING:  'org.apache.xerces.jaxp.SAXParserImpl: Property 'http://javax.xml.XMLConstants/property/accessExternalDTD' is not recognized.'
Warning:  org.apache.xerces.parsers.SAXParser: Feature 'http://javax.xml.XMLConstants/feature/secure-processing' is not recognized.
Warning:  org.apache.xerces.parsers.SAXParser: Property 'http://javax.xml.XMLConstants/property/accessExternalDTD' is not recognized.
Warning:  org.apache.xerces.parsers.SAXParser: Property 'http://www.oracle.com/xml/jaxp/properties/entityExpansionLimit' is not recognized.
[INFO] Rat check: Summary of files. Unapproved: 0 unknown: 0 generated: 0 approved: 44 licence.
[INFO]                                                                         
[INFO] ------------------------------------------------------------------------
[INFO] Building storm-eventhubs 2.0.0-SNAPSHOT
[INFO] ------------------------------------------------------------------------
[INFO] 
[INFO] --- maven-remote-resources-plugin:1.2.1:process (default) @ storm-eventhubs ---
[INFO] 
[INFO] --- maven-resources-plugin:2.5:resources (default-resources) @ storm-eventhubs ---
[debug] execute contextualize
[INFO] Using 'UTF-8' encoding to copy filtered resources.
[INFO] Copying 1 resource
[INFO] Copying 3 resources
[INFO] 
[INFO] --- maven-compiler-plugin:3.1:compile (default-compile) @ storm-eventhubs ---
[INFO] Nothing to compile - all classes are up to date
[INFO] 
[INFO] --- maven-resources-plugin:2.5:testResources (default-testResources) @ storm-eventhubs ---
[debug] execute contextualize
[INFO] Using 'UTF-8' encoding to copy filtered resources.
[INFO] skip non existing resourceDirectory /home/travis/build/apache/storm/external/storm-eventhubs/src/test/resources
[INFO] Copying 3 resources
[INFO] 
[INFO] --- maven-compiler-plugin:3.1:testCompile (default-testCompile) @ storm-eventhubs ---
[INFO] Nothing to compile - all classes are up to date
[INFO] 
[INFO] --- maven-surefire-plugin:2.18.1:test (default-test) @ storm-eventhubs ---
[INFO] Surefire report directory: /home/travis/build/apache/storm/external/storm-eventhubs/target/surefire-reports
[INFO] parallel='none', perCoreThreadCount=true, threadCount=0, useUnlimitedThreads=false, threadCountSuites=0, threadCountClasses=0, threadCountMethods=0, parallelOptimized=true

-------------------------------------------------------
 T E S T S
-------------------------------------------------------
Running org.apache.storm.eventhubs.trident.TestTransactionalTridentEmitter
Tests run: 2, Failures: 0, Errors: 0, Skipped: 0, Time elapsed: 0.422 sec - in org.apache.storm.eventhubs.trident.TestTransactionalTridentEmitter
Running org.apache.storm.eventhubs.spout.TestPartitionManager
Tests run: 8, Failures: 0, Errors: 0, Skipped: 0, Time elapsed: 0.037 sec - in org.apache.storm.eventhubs.spout.TestPartitionManager
Running org.apache.storm.eventhubs.spout.TestEventData
Tests run: 1, Failures: 0, Errors: 0, Skipped: 0, Time elapsed: 0 sec - in org.apache.storm.eventhubs.spout.TestEventData
Running org.apache.storm.eventhubs.spout.TestEventHubSpout
Tests run: 3, Failures: 0, Errors: 0, Skipped: 0, Time elapsed: 2.014 sec - in org.apache.storm.eventhubs.spout.TestEventHubSpout

Results :

Tests run: 14, Failures: 0, Errors: 0, Skipped: 0

[INFO] 
[INFO] --- apache-rat-plugin:0.11:check (default) @ storm-eventhubs ---
[INFO] 51 implicit excludes (use -debug for more details).
[INFO] Exclude: **/target/**
[INFO] Exclude: **/*.iml
[INFO] Exclude: **/.idea/**
[INFO] Exclude: **/metastore_db/**
[INFO] Exclude: **/build/**
[INFO] Exclude: **/logs/**
[INFO] Exclude: **/CHANGELOG.md
[INFO] Exclude: **/README.md
[INFO] Exclude: **/README.markdown
[INFO] Exclude: **/DEVELOPER.md
[INFO] Exclude: **/BYLAWS.md
[INFO] Exclude: **/STORM-UI-REST-API.md
[INFO] Exclude: SECURITY.md
[INFO] Exclude: VERSION
[INFO] Exclude: TODO
[INFO] Exclude: **/src/py/**
[INFO] Exclude: **/src/ui/public/js/jquery.dataTables.1.10.4.min.js
[INFO] Exclude: **/src/ui/public/css/jquery.dataTables.1.10.4.min.css
[INFO] Exclude: **/src/ui/public/images/*
[INFO] Exclude: **/src/ui/public/js/bootstrap-3.3.1.min.js
[INFO] Exclude: **/src/ui/public/css/bootstrap-3.3.1.min.css
[INFO] Exclude: **/src/ui/public/js/dataTables.bootstrap.min.js
[INFO] Exclude: **/src/ui/public/css/dataTables.bootstrap.css
[INFO] Exclude: **/src/ui/public/js/jsonFormatter.min.js
[INFO] Exclude: **/src/ui/public/css/jsonFormatter.min.css
[INFO] Exclude: **/src/ui/public/js/jquery-1.11.1.min.js
[INFO] Exclude: **/src/ui/public/js/jquery.cookies.2.2.0.min.js
[INFO] Exclude: **/src/ui/public/js/moment.min.js
[INFO] Exclude: **/src/ui/public/js/jquery.blockUI.min.js
[INFO] Exclude: **/src/ui/public/js/url.min.js
[INFO] Exclude: **/src/ui/public/js/arbor.js
[INFO] Exclude: **/src/ui/public/js/arbor-graphics.js
[INFO] Exclude: **/src/ui/public/js/arbor-tween.js
[INFO] Exclude: **/src/ui/public/js/jquery.mustache.js
[INFO] Exclude: **/src/ui/public/js/typeahead.jquery.min.js
[INFO] Exclude: **/dependency-reduced-pom.xml
[INFO] Exclude: **/docs/**
[INFO] Exclude: **/.git/**
[INFO] Exclude: **/derby.log
[INFO] Exclude: **/src/dev/**
[INFO] Exclude: **/src/codegen/config.fmpp
[INFO] Exclude: **/src/codegen/data/Parser.tdd
[INFO] Exclude: **/src/test/resources/FixedAvroSerializer.config
[INFO] 52 resources included (use -debug for more details)
Warning:  org.apache.xerces.jaxp.SAXParserImpl$JAXPSAXParser: Property 'http://www.oracle.com/xml/jaxp/properties/entityExpansionLimit' is not recognized.
Compiler warnings:
  WARNING:  'org.apache.xerces.jaxp.SAXParserImpl: Property 'http://javax.xml.XMLConstants/property/accessExternalDTD' is not recognized.'
Warning:  org.apache.xerces.parsers.SAXParser: Feature 'http://javax.xml.XMLConstants/feature/secure-processing' is not recognized.
Warning:  org.apache.xerces.parsers.SAXParser: Property 'http://javax.xml.XMLConstants/property/accessExternalDTD' is not recognized.
Warning:  org.apache.xerces.parsers.SAXParser: Property 'http://www.oracle.com/xml/jaxp/properties/entityExpansionLimit' is not recognized.
[INFO] Rat check: Summary of files. Unapproved: 0 unknown: 0 generated: 0 approved: 52 licence.
[INFO]                                                                         
[INFO] ------------------------------------------------------------------------
[INFO] Building flux 2.0.0-SNAPSHOT
[INFO] ------------------------------------------------------------------------
[INFO] 
[INFO] --- maven-remote-resources-plugin:1.2.1:process (default) @ flux ---
[INFO] 
[INFO] --- apache-rat-plugin:0.11:check (default) @ flux ---
[INFO] 51 implicit excludes (use -debug for more details).
[INFO] Exclude: **/target/**
[INFO] Exclude: **/*.iml
[INFO] Exclude: **/.idea/**
[INFO] Exclude: **/metastore_db/**
[INFO] Exclude: **/build/**
[INFO] Exclude: **/logs/**
[INFO] Exclude: **/CHANGELOG.md
[INFO] Exclude: **/README.md
[INFO] Exclude: **/README.markdown
[INFO] Exclude: **/DEVELOPER.md
[INFO] Exclude: **/BYLAWS.md
[INFO] Exclude: **/STORM-UI-REST-API.md
[INFO] Exclude: SECURITY.md
[INFO] Exclude: VERSION
[INFO] Exclude: TODO
[INFO] Exclude: **/src/py/**
[INFO] Exclude: **/src/ui/public/js/jquery.dataTables.1.10.4.min.js
[INFO] Exclude: **/src/ui/public/css/jquery.dataTables.1.10.4.min.css
[INFO] Exclude: **/src/ui/public/images/*
[INFO] Exclude: **/src/ui/public/js/bootstrap-3.3.1.min.js
[INFO] Exclude: **/src/ui/public/css/bootstrap-3.3.1.min.css
[INFO] Exclude: **/src/ui/public/js/dataTables.bootstrap.min.js
[INFO] Exclude: **/src/ui/public/css/dataTables.bootstrap.css
[INFO] Exclude: **/src/ui/public/js/jsonFormatter.min.js
[INFO] Exclude: **/src/ui/public/css/jsonFormatter.min.css
[INFO] Exclude: **/src/ui/public/js/jquery-1.11.1.min.js
[INFO] Exclude: **/src/ui/public/js/jquery.cookies.2.2.0.min.js
[INFO] Exclude: **/src/ui/public/js/moment.min.js
[INFO] Exclude: **/src/ui/public/js/jquery.blockUI.min.js
[INFO] Exclude: **/src/ui/public/js/url.min.js
[INFO] Exclude: **/src/ui/public/js/arbor.js
[INFO] Exclude: **/src/ui/public/js/arbor-graphics.js
[INFO] Exclude: **/src/ui/public/js/arbor-tween.js
[INFO] Exclude: **/src/ui/public/js/jquery.mustache.js
[INFO] Exclude: **/src/ui/public/js/typeahead.jquery.min.js
[INFO] Exclude: **/dependency-reduced-pom.xml
[INFO] Exclude: **/docs/**
[INFO] Exclude: **/.git/**
[INFO] Exclude: **/derby.log
[INFO] Exclude: **/src/dev/**
[INFO] Exclude: **/src/codegen/config.fmpp
[INFO] Exclude: **/src/codegen/data/Parser.tdd
[INFO] Exclude: **/src/test/resources/FixedAvroSerializer.config
[INFO] 69 resources included (use -debug for more details)
Warning:  org.apache.xerces.jaxp.SAXParserImpl$JAXPSAXParser: Property 'http://www.oracle.com/xml/jaxp/properties/entityExpansionLimit' is not recognized.
Compiler warnings:
  WARNING:  'org.apache.xerces.jaxp.SAXParserImpl: Property 'http://javax.xml.XMLConstants/property/accessExternalDTD' is not recognized.'
Warning:  org.apache.xerces.parsers.SAXParser: Feature 'http://javax.xml.XMLConstants/feature/secure-processing' is not recognized.
Warning:  org.apache.xerces.parsers.SAXParser: Property 'http://javax.xml.XMLConstants/property/accessExternalDTD' is not recognized.
Warning:  org.apache.xerces.parsers.SAXParser: Property 'http://www.oracle.com/xml/jaxp/properties/entityExpansionLimit' is not recognized.
[INFO] Rat check: Summary of files. Unapproved: 0 unknown: 0 generated: 0 approved: 68 licence.
[INFO]                                                                         
[INFO] ------------------------------------------------------------------------
[INFO] Building flux-wrappers 2.0.0-SNAPSHOT
[INFO] ------------------------------------------------------------------------
[INFO] 
[INFO] --- maven-remote-resources-plugin:1.2.1:process (default) @ flux-wrappers ---
[INFO] 
[INFO] --- maven-resources-plugin:2.5:resources (default-resources) @ flux-wrappers ---
[debug] execute contextualize
[INFO] Using 'UTF-8' encoding to copy filtered resources.
[INFO] Copying 2 resources
[INFO] Copying 3 resources
[INFO] 
[INFO] --- maven-compiler-plugin:3.3:compile (default-compile) @ flux-wrappers ---
[INFO] Nothing to compile - all classes are up to date
[INFO] 
[INFO] --- maven-resources-plugin:2.5:testResources (default-testResources) @ flux-wrappers ---
[debug] execute contextualize
[INFO] Using 'UTF-8' encoding to copy filtered resources.
[INFO] skip non existing resourceDirectory /home/travis/build/apache/storm/external/flux/flux-wrappers/src/test/resources
[INFO] Copying 3 resources
[INFO] 
[INFO] --- maven-compiler-plugin:3.3:testCompile (default-testCompile) @ flux-wrappers ---
[INFO] No sources to compile
[INFO] 
[INFO] --- maven-surefire-plugin:2.18.1:test (default-test) @ flux-wrappers ---
[INFO] 
[INFO] --- apache-rat-plugin:0.11:check (default) @ flux-wrappers ---
[INFO] 51 implicit excludes (use -debug for more details).
[INFO] Exclude: **/target/**
[INFO] Exclude: **/*.iml
[INFO] Exclude: **/.idea/**
[INFO] Exclude: **/metastore_db/**
[INFO] Exclude: **/build/**
[INFO] Exclude: **/logs/**
[INFO] Exclude: **/CHANGELOG.md
[INFO] Exclude: **/README.md
[INFO] Exclude: **/README.markdown
[INFO] Exclude: **/DEVELOPER.md
[INFO] Exclude: **/BYLAWS.md
[INFO] Exclude: **/STORM-UI-REST-API.md
[INFO] Exclude: SECURITY.md
[INFO] Exclude: VERSION
[INFO] Exclude: TODO
[INFO] Exclude: **/src/py/**
[INFO] Exclude: **/src/ui/public/js/jquery.dataTables.1.10.4.min.js
[INFO] Exclude: **/src/ui/public/css/jquery.dataTables.1.10.4.min.css
[INFO] Exclude: **/src/ui/public/images/*
[INFO] Exclude: **/src/ui/public/js/bootstrap-3.3.1.min.js
[INFO] Exclude: **/src/ui/public/css/bootstrap-3.3.1.min.css
[INFO] Exclude: **/src/ui/public/js/dataTables.bootstrap.min.js
[INFO] Exclude: **/src/ui/public/css/dataTables.bootstrap.css
[INFO] Exclude: **/src/ui/public/js/jsonFormatter.min.js
[INFO] Exclude: **/src/ui/public/css/jsonFormatter.min.css
[INFO] Exclude: **/src/ui/public/js/jquery-1.11.1.min.js
[INFO] Exclude: **/src/ui/public/js/jquery.cookies.2.2.0.min.js
[INFO] Exclude: **/src/ui/public/js/moment.min.js
[INFO] Exclude: **/src/ui/public/js/jquery.blockUI.min.js
[INFO] Exclude: **/src/ui/public/js/url.min.js
[INFO] Exclude: **/src/ui/public/js/arbor.js
[INFO] Exclude: **/src/ui/public/js/arbor-graphics.js
[INFO] Exclude: **/src/ui/public/js/arbor-tween.js
[INFO] Exclude: **/src/ui/public/js/jquery.mustache.js
[INFO] Exclude: **/src/ui/public/js/typeahead.jquery.min.js
[INFO] Exclude: **/dependency-reduced-pom.xml
[INFO] Exclude: **/docs/**
[INFO] Exclude: **/.git/**
[INFO] Exclude: **/derby.log
[INFO] Exclude: **/src/dev/**
[INFO] Exclude: **/src/codegen/config.fmpp
[INFO] Exclude: **/src/codegen/data/Parser.tdd
[INFO] Exclude: **/src/test/resources/FixedAvroSerializer.config
[INFO] 6 resources included (use -debug for more details)
Warning:  org.apache.xerces.jaxp.SAXParserImpl$JAXPSAXParser: Property 'http://www.oracle.com/xml/jaxp/properties/entityExpansionLimit' is not recognized.
Compiler warnings:
  WARNING:  'org.apache.xerces.jaxp.SAXParserImpl: Property 'http://javax.xml.XMLConstants/property/accessExternalDTD' is not recognized.'
Warning:  org.apache.xerces.parsers.SAXParser: Feature 'http://javax.xml.XMLConstants/feature/secure-processing' is not recognized.
Warning:  org.apache.xerces.parsers.SAXParser: Property 'http://javax.xml.XMLConstants/property/accessExternalDTD' is not recognized.
Warning:  org.apache.xerces.parsers.SAXParser: Property 'http://www.oracle.com/xml/jaxp/properties/entityExpansionLimit' is not recognized.
[INFO] Rat check: Summary of files. Unapproved: 0 unknown: 0 generated: 0 approved: 6 licence.
[INFO]                                                                         
[INFO] ------------------------------------------------------------------------
[INFO] Skipping flux-core
[INFO] This project has been banned from the build due to previous failures.
[INFO] ------------------------------------------------------------------------
[INFO]                                                                         
[INFO] ------------------------------------------------------------------------
[INFO] Skipping flux-examples
[INFO] This project has been banned from the build due to previous failures.
[INFO] ------------------------------------------------------------------------
[INFO]                                                                         
[INFO] ------------------------------------------------------------------------
[INFO] Building storm-sql-runtime 2.0.0-SNAPSHOT
[INFO] ------------------------------------------------------------------------
[INFO] 
[INFO] --- maven-remote-resources-plugin:1.2.1:process (default) @ storm-sql-runtime ---
[INFO] 
[INFO] --- maven-resources-plugin:2.5:resources (default-resources) @ storm-sql-runtime ---
[debug] execute contextualize
[INFO] Using 'UTF-8' encoding to copy filtered resources.
[INFO] skip non existing resourceDirectory /home/travis/build/apache/storm/external/sql/storm-sql-runtime/src/main/resources
[INFO] Copying 3 resources
[INFO] 
[INFO] --- maven-compiler-plugin:3.1:compile (default-compile) @ storm-sql-runtime ---
[INFO] Nothing to compile - all classes are up to date
[INFO] 
[INFO] --- maven-resources-plugin:2.5:testResources (default-testResources) @ storm-sql-runtime ---
[debug] execute contextualize
[INFO] Using 'UTF-8' encoding to copy filtered resources.
[INFO] skip non existing resourceDirectory /home/travis/build/apache/storm/external/sql/storm-sql-runtime/src/test/resources
[INFO] Copying 3 resources
[INFO] 
[INFO] --- maven-compiler-plugin:3.1:testCompile (default-testCompile) @ storm-sql-runtime ---
[INFO] Nothing to compile - all classes are up to date
[INFO] 
[INFO] --- maven-surefire-plugin:2.18.1:test (default-test) @ storm-sql-runtime ---
[INFO] Surefire report directory: /home/travis/build/apache/storm/external/sql/storm-sql-runtime/target/surefire-reports
[INFO] parallel='none', perCoreThreadCount=true, threadCount=0, useUnlimitedThreads=false, threadCountSuites=0, threadCountClasses=0, threadCountMethods=0, parallelOptimized=true

-------------------------------------------------------
 T E S T S
-------------------------------------------------------

Results :

Tests run: 0, Failures: 0, Errors: 0, Skipped: 0

[INFO] 
[INFO] --- apache-rat-plugin:0.11:check (default) @ storm-sql-runtime ---
[INFO] 51 implicit excludes (use -debug for more details).
[INFO] Exclude: **/target/**
[INFO] Exclude: **/*.iml
[INFO] Exclude: **/.idea/**
[INFO] Exclude: **/metastore_db/**
[INFO] Exclude: **/build/**
[INFO] Exclude: **/logs/**
[INFO] Exclude: **/CHANGELOG.md
[INFO] Exclude: **/README.md
[INFO] Exclude: **/README.markdown
[INFO] Exclude: **/DEVELOPER.md
[INFO] Exclude: **/BYLAWS.md
[INFO] Exclude: **/STORM-UI-REST-API.md
[INFO] Exclude: SECURITY.md
[INFO] Exclude: VERSION
[INFO] Exclude: TODO
[INFO] Exclude: **/src/py/**
[INFO] Exclude: **/src/ui/public/js/jquery.dataTables.1.10.4.min.js
[INFO] Exclude: **/src/ui/public/css/jquery.dataTables.1.10.4.min.css
[INFO] Exclude: **/src/ui/public/images/*
[INFO] Exclude: **/src/ui/public/js/bootstrap-3.3.1.min.js
[INFO] Exclude: **/src/ui/public/css/bootstrap-3.3.1.min.css
[INFO] Exclude: **/src/ui/public/js/dataTables.bootstrap.min.js
[INFO] Exclude: **/src/ui/public/css/dataTables.bootstrap.css
[INFO] Exclude: **/src/ui/public/js/jsonFormatter.min.js
[INFO] Exclude: **/src/ui/public/css/jsonFormatter.min.css
[INFO] Exclude: **/src/ui/public/js/jquery-1.11.1.min.js
[INFO] Exclude: **/src/ui/public/js/jquery.cookies.2.2.0.min.js
[INFO] Exclude: **/src/ui/public/js/moment.min.js
[INFO] Exclude: **/src/ui/public/js/jquery.blockUI.min.js
[INFO] Exclude: **/src/ui/public/js/url.min.js
[INFO] Exclude: **/src/ui/public/js/arbor.js
[INFO] Exclude: **/src/ui/public/js/arbor-graphics.js
[INFO] Exclude: **/src/ui/public/js/arbor-tween.js
[INFO] Exclude: **/src/ui/public/js/jquery.mustache.js
[INFO] Exclude: **/src/ui/public/js/typeahead.jquery.min.js
[INFO] Exclude: **/dependency-reduced-pom.xml
[INFO] Exclude: **/docs/**
[INFO] Exclude: **/.git/**
[INFO] Exclude: **/derby.log
[INFO] Exclude: **/src/dev/**
[INFO] Exclude: **/src/codegen/config.fmpp
[INFO] Exclude: **/src/codegen/data/Parser.tdd
[INFO] Exclude: **/src/test/resources/FixedAvroSerializer.config
[INFO] 15 resources included (use -debug for more details)
Warning:  org.apache.xerces.jaxp.SAXParserImpl$JAXPSAXParser: Property 'http://www.oracle.com/xml/jaxp/properties/entityExpansionLimit' is not recognized.
Compiler warnings:
  WARNING:  'org.apache.xerces.jaxp.SAXParserImpl: Property 'http://javax.xml.XMLConstants/property/accessExternalDTD' is not recognized.'
Warning:  org.apache.xerces.parsers.SAXParser: Feature 'http://javax.xml.XMLConstants/feature/secure-processing' is not recognized.
Warning:  org.apache.xerces.parsers.SAXParser: Property 'http://javax.xml.XMLConstants/property/accessExternalDTD' is not recognized.
Warning:  org.apache.xerces.parsers.SAXParser: Property 'http://www.oracle.com/xml/jaxp/properties/entityExpansionLimit' is not recognized.
[INFO] Rat check: Summary of files. Unapproved: 0 unknown: 0 generated: 0 approved: 15 licence.
[INFO]                                                                         
[INFO] ------------------------------------------------------------------------
[INFO] Building storm-sql-core 2.0.0-SNAPSHOT
[INFO] ------------------------------------------------------------------------
[INFO] 
[INFO] --- maven-resources-plugin:2.5:copy-resources (copy-fmpp-resources) @ storm-sql-core ---
[debug] execute contextualize
[INFO] Using 'UTF-8' encoding to copy filtered resources.
[INFO] Copying 4 resources
[INFO] 
[INFO] --- maven-dependency-plugin:2.8:unpack (unpack-parser-template) @ storm-sql-core ---
[INFO] Configured Artifact: org.apache.calcite:calcite-core:?:jar
[INFO] Unpacking /home/travis/.m2/repository/org/apache/calcite/calcite-core/1.4.0-incubating/calcite-core-1.4.0-incubating.jar to /home/travis/build/apache/storm/external/sql/storm-sql-core/target with includes "**/Parser.jj" and excludes ""
[INFO] 
[INFO] --- fmpp-maven-plugin:1.0:generate (generate-fmpp-sources) @ storm-sql-core ---
- Executing: Parser.jj
log4j:WARN No appenders could be found for logger (freemarker.cache).
log4j:WARN Please initialize the log4j system properly.
[INFO] Done
[INFO] 
[INFO] --- javacc-maven-plugin:2.4:javacc (javacc) @ storm-sql-core ---
Java Compiler Compiler Version 4.0 (Parser Generator)
(type "javacc" with no arguments for help)
Reading from file /home/travis/build/apache/storm/external/sql/storm-sql-core/target/generated-sources/javacc/Parser.jj . . .
Note: UNICODE_INPUT option is specified. Please make sure you create the parser/lexer using a Reader with the correct character encoding.
Warning: Lookahead adequacy checking not being performed since option LOOKAHEAD is more than 1.  Set option FORCE_LA_CHECK to true to force checking.
Parser generated with 0 errors and 1 warnings.
[INFO] Processed 1 grammar
[INFO] 
[INFO] --- maven-resources-plugin:2.5:copy-resources (copy-java-sources) @ storm-sql-core ---
[debug] execute contextualize
[INFO] Using 'UTF-8' encoding to copy filtered resources.
[INFO] Copying 19 resources
[INFO] Copying 8 resources
[INFO] Copying 8 resources
[INFO] 
[INFO] --- build-helper-maven-plugin:1.5:add-source (add-generated-sources) @ storm-sql-core ---
[INFO] Source directory: /home/travis/build/apache/storm/external/sql/storm-sql-core/target/generated-sources added.
[INFO] 
[INFO] --- maven-remote-resources-plugin:1.2.1:process (default) @ storm-sql-core ---
[INFO] 
[INFO] --- maven-resources-plugin:2.5:resources (default-resources) @ storm-sql-core ---
[debug] execute contextualize
[INFO] Using 'UTF-8' encoding to copy filtered resources.
[INFO] skip non existing resourceDirectory /home/travis/build/apache/storm/external/sql/storm-sql-core/src/main/resources
[INFO] Copying 3 resources
[INFO] 
[INFO] --- maven-compiler-plugin:3.1:compile (default-compile) @ storm-sql-core ---
[INFO] Changes detected - recompiling the module!
[INFO] Compiling 26 source files to /home/travis/build/apache/storm/external/sql/storm-sql-core/target/classes
[WARNING] /home/travis/build/apache/storm/external/sql/storm-sql-core/target/generated-sources/org/apache/storm/sql/parser/impl/StormParserImpl.java: Some input files use or override a deprecated API.
[WARNING] /home/travis/build/apache/storm/external/sql/storm-sql-core/target/generated-sources/org/apache/storm/sql/parser/impl/StormParserImpl.java: Recompile with -Xlint:deprecation for details.
[WARNING] /home/travis/build/apache/storm/external/sql/storm-sql-core/target/generated-sources/org/apache/storm/sql/parser/impl/StormParserImpl.java: /home/travis/build/apache/storm/external/sql/storm-sql-core/target/generated-sources/org/apache/storm/sql/parser/impl/StormParserImpl.java uses unchecked or unsafe operations.
[WARNING] /home/travis/build/apache/storm/external/sql/storm-sql-core/target/generated-sources/org/apache/storm/sql/parser/impl/StormParserImpl.java: Recompile with -Xlint:unchecked for details.
[INFO] 
[INFO] --- maven-resources-plugin:2.5:testResources (default-testResources) @ storm-sql-core ---
[debug] execute contextualize
[INFO] Using 'UTF-8' encoding to copy filtered resources.
[INFO] skip non existing resourceDirectory /home/travis/build/apache/storm/external/sql/storm-sql-core/src/test/resources
[INFO] Copying 3 resources
[INFO] 
[INFO] --- maven-compiler-plugin:3.1:testCompile (default-testCompile) @ storm-sql-core ---
[INFO] Changes detected - recompiling the module!
[INFO] Compiling 15 source files to /home/travis/build/apache/storm/external/sql/storm-sql-core/target/test-classes
[WARNING] /home/travis/build/apache/storm/external/sql/storm-sql-core/target/generated-sources/org/apache/storm/sql/parser/impl/StormParserImpl.java: /home/travis/build/apache/storm/external/sql/storm-sql-core/target/generated-sources/org/apache/storm/sql/parser/impl/StormParserImpl.java uses or overrides a deprecated API.
[WARNING] /home/travis/build/apache/storm/external/sql/storm-sql-core/target/generated-sources/org/apache/storm/sql/parser/impl/StormParserImpl.java: Recompile with -Xlint:deprecation for details.
[WARNING] /home/travis/build/apache/storm/external/sql/storm-sql-core/target/generated-sources/org/apache/storm/sql/parser/impl/StormParserImpl.java: /home/travis/build/apache/storm/external/sql/storm-sql-core/target/generated-sources/org/apache/storm/sql/parser/impl/StormParserImpl.java uses unchecked or unsafe operations.
[WARNING] /home/travis/build/apache/storm/external/sql/storm-sql-core/target/generated-sources/org/apache/storm/sql/parser/impl/StormParserImpl.java: Recompile with -Xlint:unchecked for details.
[INFO] 
[INFO] --- maven-surefire-plugin:2.18.1:test (default-test) @ storm-sql-core ---
[INFO] Surefire report directory: /home/travis/build/apache/storm/external/sql/storm-sql-core/target/surefire-reports
[INFO] parallel='none', perCoreThreadCount=true, threadCount=0, useUnlimitedThreads=false, threadCountSuites=0, threadCountClasses=0, threadCountMethods=0, parallelOptimized=true

-------------------------------------------------------
 T E S T S
-------------------------------------------------------
Running org.apache.storm.sql.parser.TestSqlParser
Tests run: 4, Failures: 0, Errors: 0, Skipped: 0, Time elapsed: 0.493 sec - in org.apache.storm.sql.parser.TestSqlParser
Running org.apache.storm.sql.compiler.backends.trident.TestPlanCompiler
Tests run: 2, Failures: 0, Errors: 0, Skipped: 0, Time elapsed: 21.985 sec - in org.apache.storm.sql.compiler.backends.trident.TestPlanCompiler
Running org.apache.storm.sql.compiler.backends.standalone.TestPlanCompiler
Tests run: 4, Failures: 0, Errors: 0, Skipped: 0, Time elapsed: 0.802 sec - in org.apache.storm.sql.compiler.backends.standalone.TestPlanCompiler
Running org.apache.storm.sql.compiler.backends.standalone.TestRelNodeCompiler
Tests run: 1, Failures: 0, Errors: 0, Skipped: 0, Time elapsed: 0.029 sec - in org.apache.storm.sql.compiler.backends.standalone.TestRelNodeCompiler
Running org.apache.storm.sql.compiler.TestExprCompiler
Tests run: 3, Failures: 0, Errors: 0, Skipped: 0, Time elapsed: 0.026 sec - in org.apache.storm.sql.compiler.TestExprCompiler
Running org.apache.storm.sql.compiler.TestExprSemantic
Tests run: 10, Failures: 0, Errors: 0, Skipped: 0, Time elapsed: 0.853 sec - in org.apache.storm.sql.compiler.TestExprSemantic
Running org.apache.storm.sql.TestStormSql
Tests run: 15, Failures: 0, Errors: 0, Skipped: 0, Time elapsed: 1.629 sec - in org.apache.storm.sql.TestStormSql

Results :

Tests run: 39, Failures: 0, Errors: 0, Skipped: 0

[INFO] 
[INFO] --- apache-rat-plugin:0.11:check (default) @ storm-sql-core ---
[INFO] 51 implicit excludes (use -debug for more details).
[INFO] Exclude: **/target/**
[INFO] Exclude: **/*.iml
[INFO] Exclude: **/.idea/**
[INFO] Exclude: **/metastore_db/**
[INFO] Exclude: **/build/**
[INFO] Exclude: **/logs/**
[INFO] Exclude: **/CHANGELOG.md
[INFO] Exclude: **/README.md
[INFO] Exclude: **/README.markdown
[INFO] Exclude: **/DEVELOPER.md
[INFO] Exclude: **/BYLAWS.md
[INFO] Exclude: **/STORM-UI-REST-API.md
[INFO] Exclude: SECURITY.md
[INFO] Exclude: VERSION
[INFO] Exclude: TODO
[INFO] Exclude: **/src/py/**
[INFO] Exclude: **/src/ui/public/js/jquery.dataTables.1.10.4.min.js
[INFO] Exclude: **/src/ui/public/css/jquery.dataTables.1.10.4.min.css
[INFO] Exclude: **/src/ui/public/images/*
[INFO] Exclude: **/src/ui/public/js/bootstrap-3.3.1.min.js
[INFO] Exclude: **/src/ui/public/css/bootstrap-3.3.1.min.css
[INFO] Exclude: **/src/ui/public/js/dataTables.bootstrap.min.js
[INFO] Exclude: **/src/ui/public/css/dataTables.bootstrap.css
[INFO] Exclude: **/src/ui/public/js/jsonFormatter.min.js
[INFO] Exclude: **/src/ui/public/css/jsonFormatter.min.css
[INFO] Exclude: **/src/ui/public/js/jquery-1.11.1.min.js
[INFO] Exclude: **/src/ui/public/js/jquery.cookies.2.2.0.min.js
[INFO] Exclude: **/src/ui/public/js/moment.min.js
[INFO] Exclude: **/src/ui/public/js/jquery.blockUI.min.js
[INFO] Exclude: **/src/ui/public/js/url.min.js
[INFO] Exclude: **/src/ui/public/js/arbor.js
[INFO] Exclude: **/src/ui/public/js/arbor-graphics.js
[INFO] Exclude: **/src/ui/public/js/arbor-tween.js
[INFO] Exclude: **/src/ui/public/js/jquery.mustache.js
[INFO] Exclude: **/src/ui/public/js/typeahead.jquery.min.js
[INFO] Exclude: **/dependency-reduced-pom.xml
[INFO] Exclude: **/docs/**
[INFO] Exclude: **/.git/**
[INFO] Exclude: **/derby.log
[INFO] Exclude: **/src/dev/**
[INFO] Exclude: **/src/codegen/config.fmpp
[INFO] Exclude: **/src/codegen/data/Parser.tdd
[INFO] Exclude: **/src/test/resources/FixedAvroSerializer.config
[INFO] 30 resources included (use -debug for more details)
Warning:  org.apache.xerces.jaxp.SAXParserImpl$JAXPSAXParser: Property 'http://www.oracle.com/xml/jaxp/properties/entityExpansionLimit' is not recognized.
Compiler warnings:
  WARNING:  'org.apache.xerces.jaxp.SAXParserImpl: Property 'http://javax.xml.XMLConstants/property/accessExternalDTD' is not recognized.'
Warning:  org.apache.xerces.parsers.SAXParser: Feature 'http://javax.xml.XMLConstants/feature/secure-processing' is not recognized.
Warning:  org.apache.xerces.parsers.SAXParser: Property 'http://javax.xml.XMLConstants/property/accessExternalDTD' is not recognized.
Warning:  org.apache.xerces.parsers.SAXParser: Property 'http://www.oracle.com/xml/jaxp/properties/entityExpansionLimit' is not recognized.
[INFO] Rat check: Summary of files. Unapproved: 0 unknown: 0 generated: 0 approved: 30 licence.
[INFO]                                                                         
[INFO] ------------------------------------------------------------------------
[INFO] Skipping storm-sql-kafka
[INFO] This project has been banned from the build due to previous failures.
[INFO] ------------------------------------------------------------------------
[INFO]                                                                         
[INFO] ------------------------------------------------------------------------
[INFO] Building sql 2.0.0-SNAPSHOT
[INFO] ------------------------------------------------------------------------
[INFO] 
[INFO] --- maven-remote-resources-plugin:1.2.1:process (default) @ sql ---
[INFO] 
[INFO] --- apache-rat-plugin:0.11:check (default) @ sql ---
[INFO] 51 implicit excludes (use -debug for more details).
[INFO] Exclude: **/target/**
[INFO] Exclude: **/*.iml
[INFO] Exclude: **/.idea/**
[INFO] Exclude: **/metastore_db/**
[INFO] Exclude: **/build/**
[INFO] Exclude: **/logs/**
[INFO] Exclude: **/CHANGELOG.md
[INFO] Exclude: **/README.md
[INFO] Exclude: **/README.markdown
[INFO] Exclude: **/DEVELOPER.md
[INFO] Exclude: **/BYLAWS.md
[INFO] Exclude: **/STORM-UI-REST-API.md
[INFO] Exclude: SECURITY.md
[INFO] Exclude: VERSION
[INFO] Exclude: TODO
[INFO] Exclude: **/src/py/**
[INFO] Exclude: **/src/ui/public/js/jquery.dataTables.1.10.4.min.js
[INFO] Exclude: **/src/ui/public/css/jquery.dataTables.1.10.4.min.css
[INFO] Exclude: **/src/ui/public/images/*
[INFO] Exclude: **/src/ui/public/js/bootstrap-3.3.1.min.js
[INFO] Exclude: **/src/ui/public/css/bootstrap-3.3.1.min.css
[INFO] Exclude: **/src/ui/public/js/dataTables.bootstrap.min.js
[INFO] Exclude: **/src/ui/public/css/dataTables.bootstrap.css
[INFO] Exclude: **/src/ui/public/js/jsonFormatter.min.js
[INFO] Exclude: **/src/ui/public/css/jsonFormatter.min.css
[INFO] Exclude: **/src/ui/public/js/jquery-1.11.1.min.js
[INFO] Exclude: **/src/ui/public/js/jquery.cookies.2.2.0.min.js
[INFO] Exclude: **/src/ui/public/js/moment.min.js
[INFO] Exclude: **/src/ui/public/js/jquery.blockUI.min.js
[INFO] Exclude: **/src/ui/public/js/url.min.js
[INFO] Exclude: **/src/ui/public/js/arbor.js
[INFO] Exclude: **/src/ui/public/js/arbor-graphics.js
[INFO] Exclude: **/src/ui/public/js/arbor-tween.js
[INFO] Exclude: **/src/ui/public/js/jquery.mustache.js
[INFO] Exclude: **/src/ui/public/js/typeahead.jquery.min.js
[INFO] Exclude: **/dependency-reduced-pom.xml
[INFO] Exclude: **/docs/**
[INFO] Exclude: **/.git/**
[INFO] Exclude: **/derby.log
[INFO] Exclude: **/src/dev/**
[INFO] Exclude: **/src/codegen/config.fmpp
[INFO] Exclude: **/src/codegen/data/Parser.tdd
[INFO] Exclude: **/src/test/resources/FixedAvroSerializer.config
[INFO] 53 resources included (use -debug for more details)
Warning:  org.apache.xerces.jaxp.SAXParserImpl$JAXPSAXParser: Property 'http://www.oracle.com/xml/jaxp/properties/entityExpansionLimit' is not recognized.
Compiler warnings:
  WARNING:  'org.apache.xerces.jaxp.SAXParserImpl: Property 'http://javax.xml.XMLConstants/property/accessExternalDTD' is not recognized.'
Warning:  org.apache.xerces.parsers.SAXParser: Feature 'http://javax.xml.XMLConstants/feature/secure-processing' is not recognized.
Warning:  org.apache.xerces.parsers.SAXParser: Property 'http://javax.xml.XMLConstants/property/accessExternalDTD' is not recognized.
Warning:  org.apache.xerces.parsers.SAXParser: Property 'http://www.oracle.com/xml/jaxp/properties/entityExpansionLimit' is not recognized.
[INFO] Rat check: Summary of files. Unapproved: 0 unknown: 0 generated: 0 approved: 53 licence.
[INFO]                                                                         
[INFO] ------------------------------------------------------------------------
[INFO] Building storm-elasticsearch 2.0.0-SNAPSHOT
[INFO] ------------------------------------------------------------------------
[INFO] 
[INFO] --- maven-remote-resources-plugin:1.2.1:process (default) @ storm-elasticsearch ---
[INFO] 
[INFO] --- maven-resources-plugin:2.5:resources (default-resources) @ storm-elasticsearch ---
[debug] execute contextualize
[INFO] Using 'UTF-8' encoding to copy filtered resources.
[INFO] skip non existing resourceDirectory /home/travis/build/apache/storm/external/storm-elasticsearch/src/main/resources
[INFO] Copying 3 resources
[INFO] 
[INFO] --- maven-compiler-plugin:3.1:compile (default-compile) @ storm-elasticsearch ---
[INFO] Nothing to compile - all classes are up to date
[INFO] 
[INFO] --- maven-resources-plugin:2.5:testResources (default-testResources) @ storm-elasticsearch ---
[debug] execute contextualize
[INFO] Using 'UTF-8' encoding to copy filtered resources.
[INFO] skip non existing resourceDirectory /home/travis/build/apache/storm/external/storm-elasticsearch/src/test/resources
[INFO] Copying 3 resources
[INFO] 
[INFO] --- maven-compiler-plugin:3.1:testCompile (default-testCompile) @ storm-elasticsearch ---
[INFO] Nothing to compile - all classes are up to date
[INFO] 
[INFO] --- maven-clean-plugin:2.5:clean (cleanup) @ storm-elasticsearch ---
[INFO] 
[INFO] --- maven-surefire-plugin:2.18.1:test (default-test) @ storm-elasticsearch ---
[INFO] Surefire report directory: /home/travis/build/apache/storm/external/storm-elasticsearch/target/surefire-reports
[INFO] parallel='none', perCoreThreadCount=true, threadCount=0, useUnlimitedThreads=false, threadCountSuites=0, threadCountClasses=0, threadCountMethods=0, parallelOptimized=true

-------------------------------------------------------
 T E S T S
-------------------------------------------------------
Running org.apache.storm.elasticsearch.common.TransportAddressesTest
Tests run: 9, Failures: 0, Errors: 0, Skipped: 0, Time elapsed: 0.066 sec - in org.apache.storm.elasticsearch.common.TransportAddressesTest
Running org.apache.storm.elasticsearch.common.EsConfigTest
Tests run: 4, Failures: 0, Errors: 0, Skipped: 0, Time elapsed: 0.867 sec - in org.apache.storm.elasticsearch.common.EsConfigTest
Running org.apache.storm.elasticsearch.bolt.EsLookupBoltTest
Tests run: 4, Failures: 0, Errors: 0, Skipped: 0, Time elapsed: 0.095 sec - in org.apache.storm.elasticsearch.bolt.EsLookupBoltTest
Running org.apache.storm.elasticsearch.trident.EsStateFactoryTest
Tests run: 1, Failures: 0, Errors: 0, Skipped: 0, Time elapsed: 0.006 sec - in org.apache.storm.elasticsearch.trident.EsStateFactoryTest

Results :

Tests run: 18, Failures: 0, Errors: 0, Skipped: 0

[INFO] 
[INFO] --- apache-rat-plugin:0.11:check (default) @ storm-elasticsearch ---
[INFO] 51 implicit excludes (use -debug for more details).
[INFO] Exclude: **/target/**
[INFO] Exclude: **/*.iml
[INFO] Exclude: **/.idea/**
[INFO] Exclude: **/metastore_db/**
[INFO] Exclude: **/build/**
[INFO] Exclude: **/logs/**
[INFO] Exclude: **/CHANGELOG.md
[INFO] Exclude: **/README.md
[INFO] Exclude: **/README.markdown
[INFO] Exclude: **/DEVELOPER.md
[INFO] Exclude: **/BYLAWS.md
[INFO] Exclude: **/STORM-UI-REST-API.md
[INFO] Exclude: SECURITY.md
[INFO] Exclude: VERSION
[INFO] Exclude: TODO
[INFO] Exclude: **/src/py/**
[INFO] Exclude: **/src/ui/public/js/jquery.dataTables.1.10.4.min.js
[INFO] Exclude: **/src/ui/public/css/jquery.dataTables.1.10.4.min.css
[INFO] Exclude: **/src/ui/public/images/*
[INFO] Exclude: **/src/ui/public/js/bootstrap-3.3.1.min.js
[INFO] Exclude: **/src/ui/public/css/bootstrap-3.3.1.min.css
[INFO] Exclude: **/src/ui/public/js/dataTables.bootstrap.min.js
[INFO] Exclude: **/src/ui/public/css/dataTables.bootstrap.css
[INFO] Exclude: **/src/ui/public/js/jsonFormatter.min.js
[INFO] Exclude: **/src/ui/public/css/jsonFormatter.min.css
[INFO] Exclude: **/src/ui/public/js/jquery-1.11.1.min.js
[INFO] Exclude: **/src/ui/public/js/jquery.cookies.2.2.0.min.js
[INFO] Exclude: **/src/ui/public/js/moment.min.js
[INFO] Exclude: **/src/ui/public/js/jquery.blockUI.min.js
[INFO] Exclude: **/src/ui/public/js/url.min.js
[INFO] Exclude: **/src/ui/public/js/arbor.js
[INFO] Exclude: **/src/ui/public/js/arbor-graphics.js
[INFO] Exclude: **/src/ui/public/js/arbor-tween.js
[INFO] Exclude: **/src/ui/public/js/jquery.mustache.js
[INFO] Exclude: **/src/ui/public/js/typeahead.jquery.min.js
[INFO] Exclude: **/dependency-reduced-pom.xml
[INFO] Exclude: **/docs/**
[INFO] Exclude: **/.git/**
[INFO] Exclude: **/derby.log
[INFO] Exclude: **/src/dev/**
[INFO] Exclude: **/src/codegen/config.fmpp
[INFO] Exclude: **/src/codegen/data/Parser.tdd
[INFO] Exclude: **/src/test/resources/FixedAvroSerializer.config
[INFO] 28 resources included (use -debug for more details)
Warning:  org.apache.xerces.jaxp.SAXParserImpl$JAXPSAXParser: Property 'http://www.oracle.com/xml/jaxp/properties/entityExpansionLimit' is not recognized.
Compiler warnings:
  WARNING:  'org.apache.xerces.jaxp.SAXParserImpl: Property 'http://javax.xml.XMLConstants/property/accessExternalDTD' is not recognized.'
Warning:  org.apache.xerces.parsers.SAXParser: Feature 'http://javax.xml.XMLConstants/feature/secure-processing' is not recognized.
Warning:  org.apache.xerces.parsers.SAXParser: Property 'http://javax.xml.XMLConstants/property/accessExternalDTD' is not recognized.
Warning:  org.apache.xerces.parsers.SAXParser: Property 'http://www.oracle.com/xml/jaxp/properties/entityExpansionLimit' is not recognized.
[INFO] Rat check: Summary of files. Unapproved: 0 unknown: 0 generated: 0 approved: 28 licence.
[INFO]                                                                         
[INFO] ------------------------------------------------------------------------
[INFO] Building storm-solr 2.0.0-SNAPSHOT
[INFO] ------------------------------------------------------------------------
[INFO] 
[INFO] --- maven-remote-resources-plugin:1.2.1:process (default) @ storm-solr ---
[INFO] 
[INFO] --- maven-resources-plugin:2.5:resources (default-resources) @ storm-solr ---
[debug] execute contextualize
[INFO] Using 'UTF-8' encoding to copy filtered resources.
[INFO] skip non existing resourceDirectory /home/travis/build/apache/storm/external/storm-solr/src/main/resources
[INFO] Copying 3 resources
[INFO] 
[INFO] --- maven-compiler-plugin:3.1:compile (default-compile) @ storm-solr ---
[INFO] Nothing to compile - all classes are up to date
[INFO] 
[INFO] --- maven-resources-plugin:2.5:testResources (default-testResources) @ storm-solr ---
[debug] execute contextualize
[INFO] Using 'UTF-8' encoding to copy filtered resources.
[INFO] skip non existing resourceDirectory /home/travis/build/apache/storm/external/storm-solr/src/test/resources
[INFO] Copying 3 resources
[INFO] 
[INFO] --- maven-compiler-plugin:3.1:testCompile (default-testCompile) @ storm-solr ---
[INFO] Nothing to compile - all classes are up to date
[INFO] 
[INFO] --- maven-surefire-plugin:2.18.1:test (default-test) @ storm-solr ---
[INFO] Surefire report directory: /home/travis/build/apache/storm/external/storm-solr/target/surefire-reports
[INFO] parallel='none', perCoreThreadCount=true, threadCount=0, useUnlimitedThreads=false, threadCountSuites=0, threadCountClasses=0, threadCountMethods=0, parallelOptimized=true

-------------------------------------------------------
 T E S T S
-------------------------------------------------------

Results :

Tests run: 0, Failures: 0, Errors: 0, Skipped: 0

[INFO] 
[INFO] --- apache-rat-plugin:0.11:check (default) @ storm-solr ---
[INFO] 51 implicit excludes (use -debug for more details).
[INFO] Exclude: **/target/**
[INFO] Exclude: **/*.iml
[INFO] Exclude: **/.idea/**
[INFO] Exclude: **/metastore_db/**
[INFO] Exclude: **/build/**
[INFO] Exclude: **/logs/**
[INFO] Exclude: **/CHANGELOG.md
[INFO] Exclude: **/README.md
[INFO] Exclude: **/README.markdown
[INFO] Exclude: **/DEVELOPER.md
[INFO] Exclude: **/BYLAWS.md
[INFO] Exclude: **/STORM-UI-REST-API.md
[INFO] Exclude: SECURITY.md
[INFO] Exclude: VERSION
[INFO] Exclude: TODO
[INFO] Exclude: **/src/py/**
[INFO] Exclude: **/src/ui/public/js/jquery.dataTables.1.10.4.min.js
[INFO] Exclude: **/src/ui/public/css/jquery.dataTables.1.10.4.min.css
[INFO] Exclude: **/src/ui/public/images/*
[INFO] Exclude: **/src/ui/public/js/bootstrap-3.3.1.min.js
[INFO] Exclude: **/src/ui/public/css/bootstrap-3.3.1.min.css
[INFO] Exclude: **/src/ui/public/js/dataTables.bootstrap.min.js
[INFO] Exclude: **/src/ui/public/css/dataTables.bootstrap.css
[INFO] Exclude: **/src/ui/public/js/jsonFormatter.min.js
[INFO] Exclude: **/src/ui/public/css/jsonFormatter.min.css
[INFO] Exclude: **/src/ui/public/js/jquery-1.11.1.min.js
[INFO] Exclude: **/src/ui/public/js/jquery.cookies.2.2.0.min.js
[INFO] Exclude: **/src/ui/public/js/moment.min.js
[INFO] Exclude: **/src/ui/public/js/jquery.blockUI.min.js
[INFO] Exclude: **/src/ui/public/js/url.min.js
[INFO] Exclude: **/src/ui/public/js/arbor.js
[INFO] Exclude: **/src/ui/public/js/arbor-graphics.js
[INFO] Exclude: **/src/ui/public/js/arbor-tween.js
[INFO] Exclude: **/src/ui/public/js/jquery.mustache.js
[INFO] Exclude: **/src/ui/public/js/typeahead.jquery.min.js
[INFO] Exclude: **/dependency-reduced-pom.xml
[INFO] Exclude: **/docs/**
[INFO] Exclude: **/.git/**
[INFO] Exclude: **/derby.log
[INFO] Exclude: **/src/dev/**
[INFO] Exclude: **/src/codegen/config.fmpp
[INFO] Exclude: **/src/codegen/data/Parser.tdd
[INFO] Exclude: **/src/test/resources/FixedAvroSerializer.config
[INFO] 27 resources included (use -debug for more details)
Warning:  org.apache.xerces.jaxp.SAXParserImpl$JAXPSAXParser: Property 'http://www.oracle.com/xml/jaxp/properties/entityExpansionLimit' is not recognized.
Compiler warnings:
  WARNING:  'org.apache.xerces.jaxp.SAXParserImpl: Property 'http://javax.xml.XMLConstants/property/accessExternalDTD' is not recognized.'
Warning:  org.apache.xerces.parsers.SAXParser: Feature 'http://javax.xml.XMLConstants/feature/secure-processing' is not recognized.
Warning:  org.apache.xerces.parsers.SAXParser: Property 'http://javax.xml.XMLConstants/property/accessExternalDTD' is not recognized.
Warning:  org.apache.xerces.parsers.SAXParser: Property 'http://www.oracle.com/xml/jaxp/properties/entityExpansionLimit' is not recognized.
[INFO] Rat check: Summary of files. Unapproved: 0 unknown: 0 generated: 0 approved: 27 licence.
[INFO]                                                                         
[INFO] ------------------------------------------------------------------------
[INFO] Building storm-metrics 2.0.0-SNAPSHOT
[INFO] ------------------------------------------------------------------------
[INFO] 
[INFO] --- maven-antrun-plugin:1.6:run (prepare) @ storm-metrics ---
[WARNING] Parameter tasks is deprecated, use target instead
[INFO] Executing tasks

main:
     [echo] Downloading sigar native binaries...
      [get] Destination already exists (skipping): /home/travis/.m2/repository/org/fusesource/sigar/1.6.4/hyperic-sigar-1.6.4.zip
    [unzip] Expanding: /home/travis/.m2/repository/org/fusesource/sigar/1.6.4/hyperic-sigar-1.6.4.zip into /home/travis/build/apache/storm/external/storm-metrics/target/classes/resources
[INFO] Executed tasks
[INFO] 
[INFO] --- maven-remote-resources-plugin:1.2.1:process (default) @ storm-metrics ---
[INFO] 
[INFO] --- maven-resources-plugin:2.5:resources (default-resources) @ storm-metrics ---
[debug] execute contextualize
[INFO] Using 'UTF-8' encoding to copy filtered resources.
[INFO] skip non existing resourceDirectory /home/travis/build/apache/storm/external/storm-metrics/src/main/resources
[INFO] Copying 3 resources
[INFO] 
[INFO] --- maven-compiler-plugin:3.1:compile (default-compile) @ storm-metrics ---
[INFO] Nothing to compile - all classes are up to date
[INFO] 
[INFO] --- maven-resources-plugin:2.5:testResources (default-testResources) @ storm-metrics ---
[debug] execute contextualize
[INFO] Using 'UTF-8' encoding to copy filtered resources.
[INFO] skip non existing resourceDirectory /home/travis/build/apache/storm/external/storm-metrics/src/test/resources
[INFO] Copying 3 resources
[INFO] 
[INFO] --- maven-compiler-plugin:3.1:testCompile (default-testCompile) @ storm-metrics ---
[INFO] No sources to compile
[INFO] 
[INFO] --- maven-surefire-plugin:2.18.1:test (default-test) @ storm-metrics ---
[INFO] 
[INFO] --- apache-rat-plugin:0.11:check (default) @ storm-metrics ---
[INFO] 51 implicit excludes (use -debug for more details).
[INFO] Exclude: **/target/**
[INFO] Exclude: **/*.iml
[INFO] Exclude: **/.idea/**
[INFO] Exclude: **/metastore_db/**
[INFO] Exclude: **/build/**
[INFO] Exclude: **/logs/**
[INFO] Exclude: **/CHANGELOG.md
[INFO] Exclude: **/README.md
[INFO] Exclude: **/README.markdown
[INFO] Exclude: **/DEVELOPER.md
[INFO] Exclude: **/BYLAWS.md
[INFO] Exclude: **/STORM-UI-REST-API.md
[INFO] Exclude: SECURITY.md
[INFO] Exclude: VERSION
[INFO] Exclude: TODO
[INFO] Exclude: **/src/py/**
[INFO] Exclude: **/src/ui/public/js/jquery.dataTables.1.10.4.min.js
[INFO] Exclude: **/src/ui/public/css/jquery.dataTables.1.10.4.min.css
[INFO] Exclude: **/src/ui/public/images/*
[INFO] Exclude: **/src/ui/public/js/bootstrap-3.3.1.min.js
[INFO] Exclude: **/src/ui/public/css/bootstrap-3.3.1.min.css
[INFO] Exclude: **/src/ui/public/js/dataTables.bootstrap.min.js
[INFO] Exclude: **/src/ui/public/css/dataTables.bootstrap.css
[INFO] Exclude: **/src/ui/public/js/jsonFormatter.min.js
[INFO] Exclude: **/src/ui/public/css/jsonFormatter.min.css
[INFO] Exclude: **/src/ui/public/js/jquery-1.11.1.min.js
[INFO] Exclude: **/src/ui/public/js/jquery.cookies.2.2.0.min.js
[INFO] Exclude: **/src/ui/public/js/moment.min.js
[INFO] Exclude: **/src/ui/public/js/jquery.blockUI.min.js
[INFO] Exclude: **/src/ui/public/js/url.min.js
[INFO] Exclude: **/src/ui/public/js/arbor.js
[INFO] Exclude: **/src/ui/public/js/arbor-graphics.js
[INFO] Exclude: **/src/ui/public/js/arbor-tween.js
[INFO] Exclude: **/src/ui/public/js/jquery.mustache.js
[INFO] Exclude: **/src/ui/public/js/typeahead.jquery.min.js
[INFO] Exclude: **/dependency-reduced-pom.xml
[INFO] Exclude: **/docs/**
[INFO] Exclude: **/.git/**
[INFO] Exclude: **/derby.log
[INFO] Exclude: **/src/dev/**
[INFO] Exclude: **/src/codegen/config.fmpp
[INFO] Exclude: **/src/codegen/data/Parser.tdd
[INFO] Exclude: **/src/test/resources/FixedAvroSerializer.config
[INFO] 3 resources included (use -debug for more details)
Warning:  org.apache.xerces.jaxp.SAXParserImpl$JAXPSAXParser: Property 'http://www.oracle.com/xml/jaxp/properties/entityExpansionLimit' is not recognized.
Compiler warnings:
  WARNING:  'org.apache.xerces.jaxp.SAXParserImpl: Property 'http://javax.xml.XMLConstants/property/accessExternalDTD' is not recognized.'
Warning:  org.apache.xerces.parsers.SAXParser: Feature 'http://javax.xml.XMLConstants/feature/secure-processing' is not recognized.
Warning:  org.apache.xerces.parsers.SAXParser: Property 'http://javax.xml.XMLConstants/property/accessExternalDTD' is not recognized.
Warning:  org.apache.xerces.parsers.SAXParser: Property 'http://www.oracle.com/xml/jaxp/properties/entityExpansionLimit' is not recognized.
[INFO] Rat check: Summary of files. Unapproved: 0 unknown: 0 generated: 0 approved: 3 licence.
[INFO]                                                                         
[INFO] ------------------------------------------------------------------------
[INFO] Building storm-cassandra 2.0.0-SNAPSHOT
[INFO] ------------------------------------------------------------------------
[INFO] 
[INFO] --- maven-remote-resources-plugin:1.2.1:process (default) @ storm-cassandra ---
[INFO] 
[INFO] --- maven-resources-plugin:2.5:resources (default-resources) @ storm-cassandra ---
[debug] execute contextualize
[INFO] Using 'UTF-8' encoding to copy filtered resources.
[INFO] skip non existing resourceDirectory /home/travis/build/apache/storm/external/storm-cassandra/src/main/resources
[INFO] Copying 3 resources
[INFO] 
[INFO] --- maven-compiler-plugin:3.1:compile (default-compile) @ storm-cassandra ---
[INFO] Nothing to compile - all classes are up to date
[INFO] 
[INFO] --- maven-resources-plugin:2.5:testResources (default-testResources) @ storm-cassandra ---
[debug] execute contextualize
[INFO] Using 'UTF-8' encoding to copy filtered resources.
[INFO] Copying 1 resource
[INFO] Copying 3 resources
[INFO] 
[INFO] --- maven-compiler-plugin:3.1:testCompile (default-testCompile) @ storm-cassandra ---
[INFO] Nothing to compile - all classes are up to date
[INFO] 
[INFO] --- maven-surefire-plugin:2.18.1:test (default-test) @ storm-cassandra ---
[INFO] 
[INFO] --- apache-rat-plugin:0.11:check (default) @ storm-cassandra ---
[INFO] 51 implicit excludes (use -debug for more details).
[INFO] Exclude: **/target/**
[INFO] Exclude: **/*.iml
[INFO] Exclude: **/.idea/**
[INFO] Exclude: **/metastore_db/**
[INFO] Exclude: **/build/**
[INFO] Exclude: **/logs/**
[INFO] Exclude: **/CHANGELOG.md
[INFO] Exclude: **/README.md
[INFO] Exclude: **/README.markdown
[INFO] Exclude: **/DEVELOPER.md
[INFO] Exclude: **/BYLAWS.md
[INFO] Exclude: **/STORM-UI-REST-API.md
[INFO] Exclude: SECURITY.md
[INFO] Exclude: VERSION
[INFO] Exclude: TODO
[INFO] Exclude: **/src/py/**
[INFO] Exclude: **/src/ui/public/js/jquery.dataTables.1.10.4.min.js
[INFO] Exclude: **/src/ui/public/css/jquery.dataTables.1.10.4.min.css
[INFO] Exclude: **/src/ui/public/images/*
[INFO] Exclude: **/src/ui/public/js/bootstrap-3.3.1.min.js
[INFO] Exclude: **/src/ui/public/css/bootstrap-3.3.1.min.css
[INFO] Exclude: **/src/ui/public/js/dataTables.bootstrap.min.js
[INFO] Exclude: **/src/ui/public/css/dataTables.bootstrap.css
[INFO] Exclude: **/src/ui/public/js/jsonFormatter.min.js
[INFO] Exclude: **/src/ui/public/css/jsonFormatter.min.css
[INFO] Exclude: **/src/ui/public/js/jquery-1.11.1.min.js
[INFO] Exclude: **/src/ui/public/js/jquery.cookies.2.2.0.min.js
[INFO] Exclude: **/src/ui/public/js/moment.min.js
[INFO] Exclude: **/src/ui/public/js/jquery.blockUI.min.js
[INFO] Exclude: **/src/ui/public/js/url.min.js
[INFO] Exclude: **/src/ui/public/js/arbor.js
[INFO] Exclude: **/src/ui/public/js/arbor-graphics.js
[INFO] Exclude: **/src/ui/public/js/arbor-tween.js
[INFO] Exclude: **/src/ui/public/js/jquery.mustache.js
[INFO] Exclude: **/src/ui/public/js/typeahead.jquery.min.js
[INFO] Exclude: **/dependency-reduced-pom.xml
[INFO] Exclude: **/docs/**
[INFO] Exclude: **/.git/**
[INFO] Exclude: **/derby.log
[INFO] Exclude: **/src/dev/**
[INFO] Exclude: **/src/codegen/config.fmpp
[INFO] Exclude: **/src/codegen/data/Parser.tdd
[INFO] Exclude: **/src/test/resources/FixedAvroSerializer.config
[INFO] 50 resources included (use -debug for more details)
Warning:  org.apache.xerces.jaxp.SAXParserImpl$JAXPSAXParser: Property 'http://www.oracle.com/xml/jaxp/properties/entityExpansionLimit' is not recognized.
Compiler warnings:
  WARNING:  'org.apache.xerces.jaxp.SAXParserImpl: Property 'http://javax.xml.XMLConstants/property/accessExternalDTD' is not recognized.'
Warning:  org.apache.xerces.parsers.SAXParser: Feature 'http://javax.xml.XMLConstants/feature/secure-processing' is not recognized.
Warning:  org.apache.xerces.parsers.SAXParser: Property 'http://javax.xml.XMLConstants/property/accessExternalDTD' is not recognized.
Warning:  org.apache.xerces.parsers.SAXParser: Property 'http://www.oracle.com/xml/jaxp/properties/entityExpansionLimit' is not recognized.
[INFO] Rat check: Summary of files. Unapproved: 0 unknown: 0 generated: 0 approved: 50 licence.
[INFO]                                                                         
[INFO] ------------------------------------------------------------------------
[INFO] Building storm-mqtt-parent 2.0.0-SNAPSHOT
[INFO] ------------------------------------------------------------------------
[INFO] 
[INFO] --- maven-remote-resources-plugin:1.2.1:process (default) @ storm-mqtt-parent ---
[INFO] 
[INFO] --- apache-rat-plugin:0.11:check (default) @ storm-mqtt-parent ---
[INFO] 51 implicit excludes (use -debug for more details).
[INFO] Exclude: **/target/**
[INFO] Exclude: **/*.iml
[INFO] Exclude: **/.idea/**
[INFO] Exclude: **/metastore_db/**
[INFO] Exclude: **/build/**
[INFO] Exclude: **/logs/**
[INFO] Exclude: **/CHANGELOG.md
[INFO] Exclude: **/README.md
[INFO] Exclude: **/README.markdown
[INFO] Exclude: **/DEVELOPER.md
[INFO] Exclude: **/BYLAWS.md
[INFO] Exclude: **/STORM-UI-REST-API.md
[INFO] Exclude: SECURITY.md
[INFO] Exclude: VERSION
[INFO] Exclude: TODO
[INFO] Exclude: **/src/py/**
[INFO] Exclude: **/src/ui/public/js/jquery.dataTables.1.10.4.min.js
[INFO] Exclude: **/src/ui/public/css/jquery.dataTables.1.10.4.min.css
[INFO] Exclude: **/src/ui/public/images/*
[INFO] Exclude: **/src/ui/public/js/bootstrap-3.3.1.min.js
[INFO] Exclude: **/src/ui/public/css/bootstrap-3.3.1.min.css
[INFO] Exclude: **/src/ui/public/js/dataTables.bootstrap.min.js
[INFO] Exclude: **/src/ui/public/css/dataTables.bootstrap.css
[INFO] Exclude: **/src/ui/public/js/jsonFormatter.min.js
[INFO] Exclude: **/src/ui/public/css/jsonFormatter.min.css
[INFO] Exclude: **/src/ui/public/js/jquery-1.11.1.min.js
[INFO] Exclude: **/src/ui/public/js/jquery.cookies.2.2.0.min.js
[INFO] Exclude: **/src/ui/public/js/moment.min.js
[INFO] Exclude: **/src/ui/public/js/jquery.blockUI.min.js
[INFO] Exclude: **/src/ui/public/js/url.min.js
[INFO] Exclude: **/src/ui/public/js/arbor.js
[INFO] Exclude: **/src/ui/public/js/arbor-graphics.js
[INFO] Exclude: **/src/ui/public/js/arbor-tween.js
[INFO] Exclude: **/src/ui/public/js/jquery.mustache.js
[INFO] Exclude: **/src/ui/public/js/typeahead.jquery.min.js
[INFO] Exclude: **/dependency-reduced-pom.xml
[INFO] Exclude: **/docs/**
[INFO] Exclude: **/.git/**
[INFO] Exclude: **/derby.log
[INFO] Exclude: **/src/dev/**
[INFO] Exclude: **/src/codegen/config.fmpp
[INFO] Exclude: **/src/codegen/data/Parser.tdd
[INFO] Exclude: **/src/test/resources/FixedAvroSerializer.config
[INFO] 25 resources included (use -debug for more details)
Warning:  org.apache.xerces.jaxp.SAXParserImpl$JAXPSAXParser: Property 'http://www.oracle.com/xml/jaxp/properties/entityExpansionLimit' is not recognized.
Compiler warnings:
  WARNING:  'org.apache.xerces.jaxp.SAXParserImpl: Property 'http://javax.xml.XMLConstants/property/accessExternalDTD' is not recognized.'
Warning:  org.apache.xerces.parsers.SAXParser: Feature 'http://javax.xml.XMLConstants/feature/secure-processing' is not recognized.
Warning:  org.apache.xerces.parsers.SAXParser: Property 'http://javax.xml.XMLConstants/property/accessExternalDTD' is not recognized.
Warning:  org.apache.xerces.parsers.SAXParser: Property 'http://www.oracle.com/xml/jaxp/properties/entityExpansionLimit' is not recognized.
[INFO] Rat check: Summary of files. Unapproved: 0 unknown: 0 generated: 0 approved: 25 licence.
[INFO]                                                                         
[INFO] ------------------------------------------------------------------------
[INFO] Building storm-mqtt 2.0.0-SNAPSHOT
[INFO] ------------------------------------------------------------------------
[INFO] 
[INFO] --- maven-remote-resources-plugin:1.2.1:process (default) @ storm-mqtt ---
[INFO] 
[INFO] --- maven-resources-plugin:2.5:resources (default-resources) @ storm-mqtt ---
[debug] execute contextualize
[INFO] Using 'UTF-8' encoding to copy filtered resources.
[INFO] skip non existing resourceDirectory /home/travis/build/apache/storm/external/storm-mqtt/core/src/main/resources
[INFO] Copying 3 resources
[INFO] 
[INFO] --- maven-compiler-plugin:3.1:compile (default-compile) @ storm-mqtt ---
[INFO] Nothing to compile - all classes are up to date
[INFO] 
[INFO] --- maven-resources-plugin:2.5:testResources (default-testResources) @ storm-mqtt ---
[debug] execute contextualize
[INFO] Using 'UTF-8' encoding to copy filtered resources.
[INFO] skip non existing resourceDirectory /home/travis/build/apache/storm/external/storm-mqtt/core/src/test/resources
[INFO] Copying 3 resources
[INFO] 
[INFO] --- maven-compiler-plugin:3.1:testCompile (default-testCompile) @ storm-mqtt ---
[INFO] Nothing to compile - all classes are up to date
[INFO] 
[INFO] --- maven-surefire-plugin:2.18.1:test (default-test) @ storm-mqtt ---
[WARNING] The parameter forkMode is deprecated since version 2.14. Use forkCount and reuseForks instead.
[INFO] Surefire report directory: /home/travis/build/apache/storm/external/storm-mqtt/core/target/surefire-reports
[INFO] parallel='none', perCoreThreadCount=true, threadCount=0, useUnlimitedThreads=false, threadCountSuites=0, threadCountClasses=0, threadCountMethods=0, parallelOptimized=true

-------------------------------------------------------
 T E S T S
-------------------------------------------------------

Results :

Tests run: 0, Failures: 0, Errors: 0, Skipped: 0

[INFO] 
[INFO] --- apache-rat-plugin:0.11:check (default) @ storm-mqtt ---
[INFO] 51 implicit excludes (use -debug for more details).
[INFO] Exclude: **/target/**
[INFO] Exclude: **/*.iml
[INFO] Exclude: **/.idea/**
[INFO] Exclude: **/metastore_db/**
[INFO] Exclude: **/build/**
[INFO] Exclude: **/logs/**
[INFO] Exclude: **/CHANGELOG.md
[INFO] Exclude: **/README.md
[INFO] Exclude: **/README.markdown
[INFO] Exclude: **/DEVELOPER.md
[INFO] Exclude: **/BYLAWS.md
[INFO] Exclude: **/STORM-UI-REST-API.md
[INFO] Exclude: SECURITY.md
[INFO] Exclude: VERSION
[INFO] Exclude: TODO
[INFO] Exclude: **/src/py/**
[INFO] Exclude: **/src/ui/public/js/jquery.dataTables.1.10.4.min.js
[INFO] Exclude: **/src/ui/public/css/jquery.dataTables.1.10.4.min.css
[INFO] Exclude: **/src/ui/public/images/*
[INFO] Exclude: **/src/ui/public/js/bootstrap-3.3.1.min.js
[INFO] Exclude: **/src/ui/public/css/bootstrap-3.3.1.min.css
[INFO] Exclude: **/src/ui/public/js/dataTables.bootstrap.min.js
[INFO] Exclude: **/src/ui/public/css/dataTables.bootstrap.css
[INFO] Exclude: **/src/ui/public/js/jsonFormatter.min.js
[INFO] Exclude: **/src/ui/public/css/jsonFormatter.min.css
[INFO] Exclude: **/src/ui/public/js/jquery-1.11.1.min.js
[INFO] Exclude: **/src/ui/public/js/jquery.cookies.2.2.0.min.js
[INFO] Exclude: **/src/ui/public/js/moment.min.js
[INFO] Exclude: **/src/ui/public/js/jquery.blockUI.min.js
[INFO] Exclude: **/src/ui/public/js/url.min.js
[INFO] Exclude: **/src/ui/public/js/arbor.js
[INFO] Exclude: **/src/ui/public/js/arbor-graphics.js
[INFO] Exclude: **/src/ui/public/js/arbor-tween.js
[INFO] Exclude: **/src/ui/public/js/jquery.mustache.js
[INFO] Exclude: **/src/ui/public/js/typeahead.jquery.min.js
[INFO] Exclude: **/dependency-reduced-pom.xml
[INFO] Exclude: **/docs/**
[INFO] Exclude: **/.git/**
[INFO] Exclude: **/derby.log
[INFO] Exclude: **/src/dev/**
[INFO] Exclude: **/src/codegen/config.fmpp
[INFO] Exclude: **/src/codegen/data/Parser.tdd
[INFO] Exclude: **/src/test/resources/FixedAvroSerializer.config
[INFO] 18 resources included (use -debug for more details)
Warning:  org.apache.xerces.jaxp.SAXParserImpl$JAXPSAXParser: Property 'http://www.oracle.com/xml/jaxp/properties/entityExpansionLimit' is not recognized.
Compiler warnings:
  WARNING:  'org.apache.xerces.jaxp.SAXParserImpl: Property 'http://javax.xml.XMLConstants/property/accessExternalDTD' is not recognized.'
Warning:  org.apache.xerces.parsers.SAXParser: Feature 'http://javax.xml.XMLConstants/feature/secure-processing' is not recognized.
Warning:  org.apache.xerces.parsers.SAXParser: Property 'http://javax.xml.XMLConstants/property/accessExternalDTD' is not recognized.
Warning:  org.apache.xerces.parsers.SAXParser: Property 'http://www.oracle.com/xml/jaxp/properties/entityExpansionLimit' is not recognized.
[INFO] Rat check: Summary of files. Unapproved: 0 unknown: 0 generated: 0 approved: 18 licence.
[INFO]                                                                         
[INFO] ------------------------------------------------------------------------
[INFO] Skipping storm-mqtt-examples
[INFO] This project has been banned from the build due to previous failures.
[INFO] ------------------------------------------------------------------------
[INFO]                                                                         
[INFO] ------------------------------------------------------------------------
[INFO] Building storm-mongodb 2.0.0-SNAPSHOT
[INFO] ------------------------------------------------------------------------
[INFO] 
[INFO] --- maven-remote-resources-plugin:1.2.1:process (default) @ storm-mongodb ---
[INFO] 
[INFO] --- maven-resources-plugin:2.5:resources (default-resources) @ storm-mongodb ---
[debug] execute contextualize
[INFO] Using 'UTF-8' encoding to copy filtered resources.
[INFO] skip non existing resourceDirectory /home/travis/build/apache/storm/external/storm-mongodb/src/main/resources
[INFO] Copying 3 resources
[INFO] 
[INFO] --- maven-compiler-plugin:3.1:compile (default-compile) @ storm-mongodb ---
[INFO] Nothing to compile - all classes are up to date
[INFO] 
[INFO] --- maven-resources-plugin:2.5:testResources (default-testResources) @ storm-mongodb ---
[debug] execute contextualize
[INFO] Using 'UTF-8' encoding to copy filtered resources.
[INFO] skip non existing resourceDirectory /home/travis/build/apache/storm/external/storm-mongodb/src/test/resources
[INFO] Copying 3 resources
[INFO] 
[INFO] --- maven-compiler-plugin:3.1:testCompile (default-testCompile) @ storm-mongodb ---
[INFO] Nothing to compile - all classes are up to date
[INFO] 
[INFO] --- maven-surefire-plugin:2.18.1:test (default-test) @ storm-mongodb ---
[INFO] 
[INFO] --- apache-rat-plugin:0.11:check (default) @ storm-mongodb ---
[INFO] 51 implicit excludes (use -debug for more details).
[INFO] Exclude: **/target/**
[INFO] Exclude: **/*.iml
[INFO] Exclude: **/.idea/**
[INFO] Exclude: **/metastore_db/**
[INFO] Exclude: **/build/**
[INFO] Exclude: **/logs/**
[INFO] Exclude: **/CHANGELOG.md
[INFO] Exclude: **/README.md
[INFO] Exclude: **/README.markdown
[INFO] Exclude: **/DEVELOPER.md
[INFO] Exclude: **/BYLAWS.md
[INFO] Exclude: **/STORM-UI-REST-API.md
[INFO] Exclude: SECURITY.md
[INFO] Exclude: VERSION
[INFO] Exclude: TODO
[INFO] Exclude: **/src/py/**
[INFO] Exclude: **/src/ui/public/js/jquery.dataTables.1.10.4.min.js
[INFO] Exclude: **/src/ui/public/css/jquery.dataTables.1.10.4.min.css
[INFO] Exclude: **/src/ui/public/images/*
[INFO] Exclude: **/src/ui/public/js/bootstrap-3.3.1.min.js
[INFO] Exclude: **/src/ui/public/css/bootstrap-3.3.1.min.css
[INFO] Exclude: **/src/ui/public/js/dataTables.bootstrap.min.js
[INFO] Exclude: **/src/ui/public/css/dataTables.bootstrap.css
[INFO] Exclude: **/src/ui/public/js/jsonFormatter.min.js
[INFO] Exclude: **/src/ui/public/css/jsonFormatter.min.css
[INFO] Exclude: **/src/ui/public/js/jquery-1.11.1.min.js
[INFO] Exclude: **/src/ui/public/js/jquery.cookies.2.2.0.min.js
[INFO] Exclude: **/src/ui/public/js/moment.min.js
[INFO] Exclude: **/src/ui/public/js/jquery.blockUI.min.js
[INFO] Exclude: **/src/ui/public/js/url.min.js
[INFO] Exclude: **/src/ui/public/js/arbor.js
[INFO] Exclude: **/src/ui/public/js/arbor-graphics.js
[INFO] Exclude: **/src/ui/public/js/arbor-tween.js
[INFO] Exclude: **/src/ui/public/js/jquery.mustache.js
[INFO] Exclude: **/src/ui/public/js/typeahead.jquery.min.js
[INFO] Exclude: **/dependency-reduced-pom.xml
[INFO] Exclude: **/docs/**
[INFO] Exclude: **/.git/**
[INFO] Exclude: **/derby.log
[INFO] Exclude: **/src/dev/**
[INFO] Exclude: **/src/codegen/config.fmpp
[INFO] Exclude: **/src/codegen/data/Parser.tdd
[INFO] Exclude: **/src/test/resources/FixedAvroSerializer.config
[INFO] 18 resources included (use -debug for more details)
Warning:  org.apache.xerces.jaxp.SAXParserImpl$JAXPSAXParser: Property 'http://www.oracle.com/xml/jaxp/properties/entityExpansionLimit' is not recognized.
Compiler warnings:
  WARNING:  'org.apache.xerces.jaxp.SAXParserImpl: Property 'http://javax.xml.XMLConstants/property/accessExternalDTD' is not recognized.'
Warning:  org.apache.xerces.parsers.SAXParser: Feature 'http://javax.xml.XMLConstants/feature/secure-processing' is not recognized.
Warning:  org.apache.xerces.parsers.SAXParser: Property 'http://javax.xml.XMLConstants/property/accessExternalDTD' is not recognized.
Warning:  org.apache.xerces.parsers.SAXParser: Property 'http://www.oracle.com/xml/jaxp/properties/entityExpansionLimit' is not recognized.
[INFO] Rat check: Summary of files. Unapproved: 0 unknown: 0 generated: 0 approved: 18 licence.
[INFO]                                                                         
[INFO] ------------------------------------------------------------------------
[INFO] Building storm-clojure 2.0.0-SNAPSHOT
[INFO] ------------------------------------------------------------------------
[INFO] 
[INFO] --- maven-remote-resources-plugin:1.2.1:process (default) @ storm-clojure ---
[INFO] 
[INFO] --- maven-resources-plugin:2.5:resources (default-resources) @ storm-clojure ---
[debug] execute contextualize
[INFO] Using 'UTF-8' encoding to copy filtered resources.
[INFO] skip non existing resourceDirectory /home/travis/build/apache/storm/storm-clojure/src/main/resources
[INFO] Copying 3 resources
[INFO] 
[INFO] --- maven-compiler-plugin:3.1:compile (default-compile) @ storm-clojure ---
[INFO] No sources to compile
[INFO] 
[INFO] --- clojure-maven-plugin:1.7.1:compile (compile) @ storm-clojure ---
[INFO] 
[INFO] --- maven-resources-plugin:2.5:testResources (default-testResources) @ storm-clojure ---
[debug] execute contextualize
[INFO] Using 'UTF-8' encoding to copy filtered resources.
[INFO] skip non existing resourceDirectory /home/travis/build/apache/storm/storm-clojure/src/test/resources
[INFO] Copying 3 resources
[INFO] 
[INFO] --- maven-compiler-plugin:3.1:testCompile (default-testCompile) @ storm-clojure ---
[INFO] No sources to compile
[INFO] 
[INFO] --- maven-surefire-plugin:2.18.1:test (default-test) @ storm-clojure ---
[INFO] 
[INFO] --- apache-rat-plugin:0.11:check (default) @ storm-clojure ---
[INFO] 51 implicit excludes (use -debug for more details).
[INFO] Exclude: **/target/**
[INFO] Exclude: **/*.iml
[INFO] Exclude: **/.idea/**
[INFO] Exclude: **/metastore_db/**
[INFO] Exclude: **/build/**
[INFO] Exclude: **/logs/**
[INFO] Exclude: **/CHANGELOG.md
[INFO] Exclude: **/README.md
[INFO] Exclude: **/README.markdown
[INFO] Exclude: **/DEVELOPER.md
[INFO] Exclude: **/BYLAWS.md
[INFO] Exclude: **/STORM-UI-REST-API.md
[INFO] Exclude: SECURITY.md
[INFO] Exclude: VERSION
[INFO] Exclude: TODO
[INFO] Exclude: **/src/py/**
[INFO] Exclude: **/src/ui/public/js/jquery.dataTables.1.10.4.min.js
[INFO] Exclude: **/src/ui/public/css/jquery.dataTables.1.10.4.min.css
[INFO] Exclude: **/src/ui/public/images/*
[INFO] Exclude: **/src/ui/public/js/bootstrap-3.3.1.min.js
[INFO] Exclude: **/src/ui/public/css/bootstrap-3.3.1.min.css
[INFO] Exclude: **/src/ui/public/js/dataTables.bootstrap.min.js
[INFO] Exclude: **/src/ui/public/css/dataTables.bootstrap.css
[INFO] Exclude: **/src/ui/public/js/jsonFormatter.min.js
[INFO] Exclude: **/src/ui/public/css/jsonFormatter.min.css
[INFO] Exclude: **/src/ui/public/js/jquery-1.11.1.min.js
[INFO] Exclude: **/src/ui/public/js/jquery.cookies.2.2.0.min.js
[INFO] Exclude: **/src/ui/public/js/moment.min.js
[INFO] Exclude: **/src/ui/public/js/jquery.blockUI.min.js
[INFO] Exclude: **/src/ui/public/js/url.min.js
[INFO] Exclude: **/src/ui/public/js/arbor.js
[INFO] Exclude: **/src/ui/public/js/arbor-graphics.js
[INFO] Exclude: **/src/ui/public/js/arbor-tween.js
[INFO] Exclude: **/src/ui/public/js/jquery.mustache.js
[INFO] Exclude: **/src/ui/public/js/typeahead.jquery.min.js
[INFO] Exclude: **/dependency-reduced-pom.xml
[INFO] Exclude: **/docs/**
[INFO] Exclude: **/.git/**
[INFO] Exclude: **/derby.log
[INFO] Exclude: **/src/dev/**
[INFO] Exclude: **/src/codegen/config.fmpp
[INFO] Exclude: **/src/codegen/data/Parser.tdd
[INFO] Exclude: **/src/test/resources/FixedAvroSerializer.config
[INFO] 4 resources included (use -debug for more details)
Warning:  org.apache.xerces.jaxp.SAXParserImpl$JAXPSAXParser: Property 'http://www.oracle.com/xml/jaxp/properties/entityExpansionLimit' is not recognized.
Compiler warnings:
  WARNING:  'org.apache.xerces.jaxp.SAXParserImpl: Property 'http://javax.xml.XMLConstants/property/accessExternalDTD' is not recognized.'
Warning:  org.apache.xerces.parsers.SAXParser: Feature 'http://javax.xml.XMLConstants/feature/secure-processing' is not recognized.
Warning:  org.apache.xerces.parsers.SAXParser: Property 'http://javax.xml.XMLConstants/property/accessExternalDTD' is not recognized.
Warning:  org.apache.xerces.parsers.SAXParser: Property 'http://www.oracle.com/xml/jaxp/properties/entityExpansionLimit' is not recognized.
[INFO] Rat check: Summary of files. Unapproved: 0 unknown: 0 generated: 0 approved: 4 licence.
[INFO]                                                                         
[INFO] ------------------------------------------------------------------------
[INFO] Skipping storm-starter
[INFO] This project has been banned from the build due to previous failures.
[INFO] ------------------------------------------------------------------------
[INFO]                                                                         
[INFO] ------------------------------------------------------------------------
[INFO] Building storm-kafka-client 2.0.0-SNAPSHOT
[INFO] ------------------------------------------------------------------------
[INFO] 
[INFO] --- maven-remote-resources-plugin:1.2.1:process (default) @ storm-kafka-client ---
[INFO] 
[INFO] --- maven-resources-plugin:2.5:resources (default-resources) @ storm-kafka-client ---
[debug] execute contextualize
[INFO] Using 'UTF-8' encoding to copy filtered resources.
[INFO] skip non existing resourceDirectory /home/travis/build/apache/storm/external/storm-kafka-client/src/main/resources
[INFO] Copying 3 resources
[INFO] 
[INFO] --- maven-compiler-plugin:3.1:compile (default-compile) @ storm-kafka-client ---
[INFO] Nothing to compile - all classes are up to date
[INFO] 
[INFO] --- maven-resources-plugin:2.5:testResources (default-testResources) @ storm-kafka-client ---
[debug] execute contextualize
[INFO] Using 'UTF-8' encoding to copy filtered resources.
[INFO] skip non existing resourceDirectory /home/travis/build/apache/storm/external/storm-kafka-client/src/test/resources
[INFO] Copying 3 resources
[INFO] 
[INFO] --- maven-compiler-plugin:3.1:testCompile (default-testCompile) @ storm-kafka-client ---
[INFO] Nothing to compile - all classes are up to date
[INFO] 
[INFO] --- maven-surefire-plugin:2.18.1:test (default-test) @ storm-kafka-client ---
[INFO] 
[INFO] --- apache-rat-plugin:0.11:check (default) @ storm-kafka-client ---
[INFO] 51 implicit excludes (use -debug for more details).
[INFO] Exclude: **/target/**
[INFO] Exclude: **/*.iml
[INFO] Exclude: **/.idea/**
[INFO] Exclude: **/metastore_db/**
[INFO] Exclude: **/build/**
[INFO] Exclude: **/logs/**
[INFO] Exclude: **/CHANGELOG.md
[INFO] Exclude: **/README.md
[INFO] Exclude: **/README.markdown
[INFO] Exclude: **/DEVELOPER.md
[INFO] Exclude: **/BYLAWS.md
[INFO] Exclude: **/STORM-UI-REST-API.md
[INFO] Exclude: SECURITY.md
[INFO] Exclude: VERSION
[INFO] Exclude: TODO
[INFO] Exclude: **/src/py/**
[INFO] Exclude: **/src/ui/public/js/jquery.dataTables.1.10.4.min.js
[INFO] Exclude: **/src/ui/public/css/jquery.dataTables.1.10.4.min.css
[INFO] Exclude: **/src/ui/public/images/*
[INFO] Exclude: **/src/ui/public/js/bootstrap-3.3.1.min.js
[INFO] Exclude: **/src/ui/public/css/bootstrap-3.3.1.min.css
[INFO] Exclude: **/src/ui/public/js/dataTables.bootstrap.min.js
[INFO] Exclude: **/src/ui/public/css/dataTables.bootstrap.css
[INFO] Exclude: **/src/ui/public/js/jsonFormatter.min.js
[INFO] Exclude: **/src/ui/public/css/jsonFormatter.min.css
[INFO] Exclude: **/src/ui/public/js/jquery-1.11.1.min.js
[INFO] Exclude: **/src/ui/public/js/jquery.cookies.2.2.0.min.js
[INFO] Exclude: **/src/ui/public/js/moment.min.js
[INFO] Exclude: **/src/ui/public/js/jquery.blockUI.min.js
[INFO] Exclude: **/src/ui/public/js/url.min.js
[INFO] Exclude: **/src/ui/public/js/arbor.js
[INFO] Exclude: **/src/ui/public/js/arbor-graphics.js
[INFO] Exclude: **/src/ui/public/js/arbor-tween.js
[INFO] Exclude: **/src/ui/public/js/jquery.mustache.js
[INFO] Exclude: **/src/ui/public/js/typeahead.jquery.min.js
[INFO] Exclude: **/dependency-reduced-pom.xml
[INFO] Exclude: **/docs/**
[INFO] Exclude: **/.git/**
[INFO] Exclude: **/derby.log
[INFO] Exclude: **/src/dev/**
[INFO] Exclude: **/src/codegen/config.fmpp
[INFO] Exclude: **/src/codegen/data/Parser.tdd
[INFO] Exclude: **/src/test/resources/FixedAvroSerializer.config
[INFO] 14 resources included (use -debug for more details)
Warning:  org.apache.xerces.jaxp.SAXParserImpl$JAXPSAXParser: Property 'http://www.oracle.com/xml/jaxp/properties/entityExpansionLimit' is not recognized.
Compiler warnings:
  WARNING:  'org.apache.xerces.jaxp.SAXParserImpl: Property 'http://javax.xml.XMLConstants/property/accessExternalDTD' is not recognized.'
Warning:  org.apache.xerces.parsers.SAXParser: Feature 'http://javax.xml.XMLConstants/feature/secure-processing' is not recognized.
Warning:  org.apache.xerces.parsers.SAXParser: Property 'http://javax.xml.XMLConstants/property/accessExternalDTD' is not recognized.
Warning:  org.apache.xerces.parsers.SAXParser: Property 'http://www.oracle.com/xml/jaxp/properties/entityExpansionLimit' is not recognized.
[INFO] Rat check: Summary of files. Unapproved: 0 unknown: 0 generated: 0 approved: 14 licence.
[INFO] ------------------------------------------------------------------------
[INFO] Reactor Summary:
[INFO] 
[INFO] Storm .............................................. SUCCESS [  3.217 s]
[INFO] multilang-javascript ............................... SUCCESS [  0.622 s]
[INFO] multilang-python ................................... SUCCESS [  0.070 s]
[INFO] multilang-ruby ..................................... SUCCESS [  0.071 s]
[INFO] maven-shade-clojure-transformer .................... SUCCESS [  1.009 s]
[INFO] storm-maven-plugins ................................ SUCCESS [  2.458 s]
[INFO] storm-rename-hack .................................. SUCCESS [  1.206 s]
[INFO] storm-kafka ........................................ FAILURE [01:12 min]
[INFO] storm-hdfs ......................................... SUCCESS [01:41 min]
[INFO] storm-hbase ........................................ SUCCESS [  3.169 s]
[INFO] storm-hive ......................................... SUCCESS [ 40.532 s]
[INFO] storm-jdbc ......................................... SUCCESS [  2.204 s]
[INFO] storm-redis ........................................ SUCCESS [  1.759 s]
[INFO] storm-eventhubs .................................... SUCCESS [  2.912 s]
[INFO] flux ............................................... SUCCESS [  0.090 s]
[INFO] flux-wrappers ...................................... SUCCESS [  0.228 s]
[INFO] flux-core .......................................... SKIPPED
[INFO] flux-examples ...................................... SKIPPED
[INFO] storm-sql-runtime .................................. SUCCESS [  0.281 s]
[INFO] storm-sql-core ..................................... SUCCESS [ 41.503 s]
[INFO] storm-sql-kafka .................................... SKIPPED
[INFO] sql ................................................ SUCCESS [  0.064 s]
[INFO] storm-elasticsearch ................................ SUCCESS [  4.798 s]
[INFO] storm-solr ......................................... SUCCESS [  3.024 s]
[INFO] storm-metrics ...................................... SUCCESS [  0.827 s]
[INFO] storm-cassandra .................................... SUCCESS [  0.395 s]
[INFO] storm-mqtt-parent .................................. SUCCESS [  0.104 s]
[INFO] storm-mqtt ......................................... SUCCESS [  1.103 s]
[INFO] storm-mqtt-examples ................................ SKIPPED
[INFO] storm-mongodb ...................................... SUCCESS [  0.082 s]
[INFO] storm-clojure ...................................... SUCCESS [  1.578 s]
[INFO] storm-starter ...................................... SKIPPED
[INFO] storm-kafka-client ................................. SUCCESS [  0.092 s]
[INFO] ------------------------------------------------------------------------
[INFO] BUILD FAILURE
[INFO] ------------------------------------------------------------------------
[INFO] Total time: 04:49 min
[INFO] Finished at: 2016-06-09T05:56:09+00:00
[INFO] Final Memory: 81M/445M
[INFO] ------------------------------------------------------------------------
[WARNING] The requested profile "native" could not be activated because it does not exist.
[ERROR] Failed to execute goal org.apache.maven.plugins:maven-surefire-plugin:2.18.1:test (default-test) on project storm-kafka: There are test failures.
[ERROR] 
[ERROR] Please refer to /home/travis/build/apache/storm/external/storm-kafka/target/surefire-reports for the individual test results.
[ERROR] -> [Help 1]
[ERROR] 
[ERROR] To see the full stack trace of the errors, re-run Maven with the -e switch.
[ERROR] Re-run Maven using the -X switch to enable full debug logging.
[ERROR] 
[ERROR] For more information about the errors and possible solutions, please read the following articles:
[ERROR] [Help 1] http://cwiki.apache.org/confluence/display/MAVEN/MojoFailureException
[ERROR] 
[ERROR] After correcting the problems, you can resume the build with the command
[ERROR]   mvn <goals> -rf :storm-kafka
Looking for errors in ./external/sql/storm-sql-core/target/surefire-reports
Checking ./external/sql/storm-sql-core/target/surefire-reports/TEST-org.apache.storm.sql.parser.TestSqlParser.xml
Checking ./external/sql/storm-sql-core/target/surefire-reports/TEST-org.apache.storm.sql.compiler.backends.trident.TestPlanCompiler.xml
Checking ./external/sql/storm-sql-core/target/surefire-reports/TEST-org.apache.storm.sql.compiler.backends.standalone.TestPlanCompiler.xml
Checking ./external/sql/storm-sql-core/target/surefire-reports/TEST-org.apache.storm.sql.compiler.backends.standalone.TestRelNodeCompiler.xml
Checking ./external/sql/storm-sql-core/target/surefire-reports/TEST-org.apache.storm.sql.compiler.TestExprCompiler.xml
Checking ./external/sql/storm-sql-core/target/surefire-reports/TEST-org.apache.storm.sql.compiler.TestExprSemantic.xml
Checking ./external/sql/storm-sql-core/target/surefire-reports/TEST-org.apache.storm.sql.TestStormSql.xml
Looking for errors in ./external/storm-elasticsearch/target/surefire-reports
Checking ./external/storm-elasticsearch/target/surefire-reports/TEST-org.apache.storm.elasticsearch.common.TransportAddressesTest.xml
Checking ./external/storm-elasticsearch/target/surefire-reports/TEST-org.apache.storm.elasticsearch.common.EsConfigTest.xml
Checking ./external/storm-elasticsearch/target/surefire-reports/TEST-org.apache.storm.elasticsearch.bolt.EsLookupBoltTest.xml
Checking ./external/storm-elasticsearch/target/surefire-reports/TEST-org.apache.storm.elasticsearch.trident.EsStateFactoryTest.xml
Looking for errors in ./external/storm-eventhubs/target/surefire-reports
Checking ./external/storm-eventhubs/target/surefire-reports/TEST-org.apache.storm.eventhubs.trident.TestTransactionalTridentEmitter.xml
Checking ./external/storm-eventhubs/target/surefire-reports/TEST-org.apache.storm.eventhubs.spout.TestPartitionManager.xml
Checking ./external/storm-eventhubs/target/surefire-reports/TEST-org.apache.storm.eventhubs.spout.TestEventData.xml
Checking ./external/storm-eventhubs/target/surefire-reports/TEST-org.apache.storm.eventhubs.spout.TestEventHubSpout.xml
Looking for errors in ./external/storm-hdfs/target/surefire-reports
Checking ./external/storm-hdfs/target/surefire-reports/TEST-org.apache.storm.hdfs.bolt.TestHdfsBolt.xml
Checking ./external/storm-hdfs/target/surefire-reports/TEST-org.apache.storm.hdfs.bolt.TestSequenceFileBolt.xml
Checking ./external/storm-hdfs/target/surefire-reports/TEST-org.apache.storm.hdfs.bolt.AvroGenericRecordBoltTest.xml
Checking ./external/storm-hdfs/target/surefire-reports/TEST-org.apache.storm.hdfs.bolt.TestWritersMap.xml
Checking ./external/storm-hdfs/target/surefire-reports/TEST-org.apache.storm.hdfs.spout.TestDirLock.xml
Checking ./external/storm-hdfs/target/surefire-reports/TEST-org.apache.storm.hdfs.spout.TestHdfsSemantics.xml
Checking ./external/storm-hdfs/target/surefire-reports/TEST-org.apache.storm.hdfs.spout.TestHdfsSpout.xml
Checking ./external/storm-hdfs/target/surefire-reports/TEST-org.apache.storm.hdfs.spout.TestProgressTracker.xml
Checking ./external/storm-hdfs/target/surefire-reports/TEST-org.apache.storm.hdfs.spout.TestFileLock.xml
Checking ./external/storm-hdfs/target/surefire-reports/TEST-org.apache.storm.hdfs.trident.HdfsStateTest.xml
Checking ./external/storm-hdfs/target/surefire-reports/TEST-org.apache.storm.hdfs.blobstore.BlobStoreTest.xml
Checking ./external/storm-hdfs/target/surefire-reports/TEST-org.apache.storm.hdfs.blobstore.HdfsBlobStoreImplTest.xml
Checking ./external/storm-hdfs/target/surefire-reports/TEST-org.apache.storm.hdfs.avro.TestFixedAvroSerializer.xml
Checking ./external/storm-hdfs/target/surefire-reports/TEST-org.apache.storm.hdfs.avro.TestGenericAvroSerializer.xml
Looking for errors in ./external/storm-hive/target/surefire-reports
Checking ./external/storm-hive/target/surefire-reports/TEST-org.apache.storm.hive.bolt.TestHiveBolt.xml
Checking ./external/storm-hive/target/surefire-reports/TEST-org.apache.storm.hive.common.TestHiveWriter.xml
Looking for errors in ./external/storm-jdbc/target/surefire-reports
Checking ./external/storm-jdbc/target/surefire-reports/TEST-org.apache.storm.jdbc.bolt.JdbcInsertBoltTest.xml
Checking ./external/storm-jdbc/target/surefire-reports/TEST-org.apache.storm.jdbc.bolt.JdbcLookupBoltTest.xml
Checking ./external/storm-jdbc/target/surefire-reports/TEST-org.apache.storm.jdbc.common.UtilTest.xml
Checking ./external/storm-jdbc/target/surefire-reports/TEST-org.apache.storm.jdbc.common.JdbcClientTest.xml
Looking for errors in ./external/storm-kafka/target/surefire-reports
Checking ./external/storm-kafka/target/surefire-reports/TEST-org.apache.storm.kafka.KafkaErrorTest.xml
Checking ./external/storm-kafka/target/surefire-reports/TEST-org.apache.storm.kafka.KafkaUtilsTest.xml
--------------------------------------------------
classname: org.apache.storm.kafka.KafkaUtilsTest / testname: fetchMessagesWithInvalidOffsetAndDefaultHandlingEnabled
java.lang.Exception: Unexpected exception, expected<org.apache.storm.kafka.TopicOffsetOutOfRangeException> but was<java.lang.AssertionError>
	at org.junit.Assert.fail(Assert.java:88)
	at org.apache.storm.kafka.KafkaUtilsTest.createTopicAndSendMessage(KafkaUtilsTest.java:246)
	at org.apache.storm.kafka.KafkaUtilsTest.createTopicAndSendMessage(KafkaUtilsTest.java:232)
	at org.apache.storm.kafka.KafkaUtilsTest.fetchMessagesWithInvalidOffsetAndDefaultHandlingEnabled(KafkaUtilsTest.java:113)

-------------------- system-out --------------------
05:51:46.020 [main] INFO  o.a.c.f.i.CuratorFrameworkImpl - Starting
05:51:46.023 [main] INFO  k.u.VerifiableProperties - Verifying properties
05:51:46.023 [main] INFO  k.u.VerifiableProperties - Property broker.id is overridden to 0
05:51:46.024 [main] INFO  k.u.VerifiableProperties - Property log.dirs is overridden to /tmp/kafka/logs/kafka-test-40318
05:51:46.024 [main-EventThread] INFO  o.a.c.f.s.ConnectionStateManager - State change: CONNECTED
05:51:46.024 [main] INFO  k.u.VerifiableProperties - Property port is overridden to 40318
05:51:46.024 [main] INFO  k.u.VerifiableProperties - Property zookeeper.connect is overridden to 127.0.0.1:42385
05:51:46.024 [main] INFO  k.s.KafkaServer - [Kafka Server 0], starting
05:51:46.025 [main] INFO  k.s.KafkaServer - [Kafka Server 0], Connecting to zookeeper on 127.0.0.1:42385
05:51:46.025 [ZkClient-EventThread-248-127.0.0.1:42385] INFO  o.I.z.ZkEventThread - Starting ZkClient event thread.
05:51:46.027 [main-EventThread] INFO  o.I.z.ZkClient - zookeeper state changed (SyncConnected)
05:51:46.041 [main] INFO  k.l.LogManager - Log directory '/tmp/kafka/logs/kafka-test-40318' not found, creating it.
05:51:46.041 [main] INFO  k.l.LogManager - Loading logs.
05:51:46.042 [main] INFO  k.l.LogManager - Logs loading complete.
05:51:46.042 [main] INFO  k.l.LogManager - Starting log cleanup with a period of 300000 ms.
05:51:46.042 [main] INFO  k.l.LogManager - Starting log flusher with a default period of 9223372036854775807 ms.
05:51:46.045 [main] INFO  k.n.Acceptor - Awaiting socket connections on 0.0.0.0:40318.
05:51:46.046 [main] INFO  k.n.SocketServer - [Socket Server on Broker 0], Started
05:51:46.050 [main] INFO  k.u.Mx4jLoader$ - Will not load MX4J, mx4j-tools.jar is not in the classpath
05:51:46.050 [main] INFO  k.c.KafkaController - [Controller 0]: Controller starting up
05:51:46.052 [main] INFO  k.s.ZookeeperLeaderElector - 0 successfully elected as leader
05:51:46.053 [main] INFO  k.c.KafkaController - [Controller 0]: Broker 0 starting become controller state transition
05:51:46.056 [main] INFO  k.c.KafkaController - [Controller 0]: Controller 0 incremented epoch to 1
05:51:46.060 [main] INFO  k.c.KafkaController - [Controller 0]: Partitions undergoing preferred replica election: 
05:51:46.060 [main] INFO  k.c.KafkaController - [Controller 0]: Partitions that completed preferred replica election: 
05:51:46.060 [main] INFO  k.c.KafkaController - [Controller 0]: Resuming preferred replica election for partitions: 
05:51:46.061 [main] INFO  k.c.KafkaController - [Controller 0]: Partitions being reassigned: Map()
05:51:46.061 [main] INFO  k.c.KafkaController - [Controller 0]: Partitions already reassigned: List()
05:51:46.061 [main] INFO  k.c.KafkaController - [Controller 0]: Resuming reassignment of partitions: Map()
05:51:46.062 [main] INFO  k.c.KafkaController - [Controller 0]: List of topics to be deleted: 
05:51:46.062 [main] INFO  k.c.KafkaController - [Controller 0]: List of topics ineligible for deletion: 
05:51:46.062 [main] INFO  k.c.KafkaController - [Controller 0]: Currently active brokers in the cluster: Set()
05:51:46.063 [main] INFO  k.c.KafkaController - [Controller 0]: Currently shutting brokers in the cluster: Set()
05:51:46.063 [main] INFO  k.c.KafkaController - [Controller 0]: Current list of topics in the cluster: Set()
05:51:46.063 [main] INFO  k.c.ReplicaStateMachine - [Replica state machine on controller 0]: Started replica state machine with initial state -> Map()
05:51:46.063 [main] INFO  k.c.PartitionStateMachine - [Partition state machine on Controller 0]: Started partition state machine with initial state -> Map()
05:51:46.063 [main] INFO  k.c.KafkaController - [Controller 0]: Broker 0 is ready to serve as the new controller with epoch 1
05:51:46.064 [main] INFO  k.c.KafkaController - [Controller 0]: Starting preferred replica leader election for partitions 
05:51:46.064 [main] INFO  k.c.PartitionStateMachine - [Partition state machine on Controller 0]: Invoking state change to OnlinePartition for partitions 
05:51:46.065 [main] INFO  k.c.KafkaController - [Controller 0]: starting the partition rebalance scheduler
05:51:46.065 [main] INFO  k.c.KafkaController - [Controller 0]: Controller startup complete
05:51:46.068 [ZkClient-EventThread-248-127.0.0.1:42385] INFO  k.s.ZookeeperLeaderElector$LeaderChangeListener - New leader is 0
05:51:46.073 [ZkClient-EventThread-248-127.0.0.1:42385] INFO  k.c.ReplicaStateMachine$BrokerChangeListener - [BrokerChangeListener on Controller 0]: Broker change listener fired for path /brokers/ids with children 0
05:51:46.074 [main] INFO  k.u.ZkUtils$ - Registered broker 0 at path /brokers/ids/0 with address testing-worker-linux-docker-20c969a6-3413-linux-3.prod.travis-ci.org:40318.
05:51:46.074 [main] INFO  k.s.KafkaServer - [Kafka Server 0], started
05:51:46.074 [main] INFO  o.a.k.c.p.ProducerConfig - ProducerConfig values: 
	value.serializer = class org.apache.kafka.common.serialization.StringSerializer
	key.serializer = class org.apache.kafka.common.serialization.StringSerializer
	block.on.buffer.full = true
	retry.backoff.ms = 100
	buffer.memory = 33554432
	batch.size = 16384
	metrics.sample.window.ms = 30000
	metadata.max.age.ms = 300000
	receive.buffer.bytes = 32768
	timeout.ms = 30000
	max.in.flight.requests.per.connection = 5
	bootstrap.servers = [localhost:40318]
	metric.reporters = []
	client.id = 
	compression.type = none
	retries = 0
	max.request.size = 1048576
	send.buffer.bytes = 131072
	acks = 1
	reconnect.backoff.ms = 10
	linger.ms = 0
	metrics.num.samples = 2
	metadata.fetch.timeout.ms = 1000

05:51:46.083 [ZkClient-EventThread-248-127.0.0.1:42385] INFO  k.c.ReplicaStateMachine$BrokerChangeListener - [BrokerChangeListener on Controller 0]: Newly added brokers: 0, deleted brokers: , all live brokers: 0
05:51:46.084 [ZkClient-EventThread-248-127.0.0.1:42385] INFO  k.c.RequestSendThread - [Controller-0-to-broker-0-send-thread], Controller 0 connected to id:0,host:testing-worker-linux-docker-20c969a6-3413-linux-3.prod.travis-ci.org,port:40318 for sending state change requests
05:51:46.084 [Controller-0-to-broker-0-send-thread] INFO  k.c.RequestSendThread - [Controller-0-to-broker-0-send-thread], Starting 
05:51:46.084 [ZkClient-EventThread-248-127.0.0.1:42385] INFO  k.c.KafkaController - [Controller 0]: New broker startup callback for 0
05:51:47.626 [SyncThread:0] WARN  o.a.z.s.p.FileTxnLog - fsync-ing the write ahead log in SyncThread:0 took 1212ms which will adversely effect operation latency. See the ZooKeeper troubleshooting guide
05:51:48.032 [kafka-request-handler-0] INFO  k.a.AdminUtils$ - Topic creation {"version":1,"partitions":{"0":[0]}}
05:51:48.047 [kafka-request-handler-0] INFO  k.s.KafkaApis - [KafkaApi-0] Auto creation of topic newTopic with 1 partitions and replication factor 1 is successful!
05:51:48.048 [kafka-network-thread-40318-1] INFO  k.n.Processor - Closing socket connection to /127.0.0.1.
05:51:48.048 [main] INFO  k.s.KafkaServer - [Kafka Server 0], shutting down
05:51:48.048 [main] INFO  k.s.KafkaServer - [Kafka Server 0], Starting controlled shutdown
05:51:48.064 [ZkClient-EventThread-248-127.0.0.1:42385] INFO  k.c.PartitionStateMachine$TopicChangeListener - [TopicChangeListener on Controller 0]: New topics: [Set(newTopic)], deleted topics: [Set()], new partition replica assignment [Map([newTopic,0] -> List(0))]
05:51:48.064 [ZkClient-EventThread-248-127.0.0.1:42385] INFO  k.c.KafkaController - [Controller 0]: New topic creation callback for [newTopic,0]
05:51:48.065 [ZkClient-EventThread-248-127.0.0.1:42385] INFO  k.c.KafkaController - [Controller 0]: New partition creation callback for [newTopic,0]
05:51:48.065 [ZkClient-EventThread-248-127.0.0.1:42385] INFO  k.c.PartitionStateMachine - [Partition state machine on Controller 0]: Invoking state change to NewPartition for partitions [newTopic,0]
05:51:48.068 [ZkClient-EventThread-248-127.0.0.1:42385] INFO  k.c.ReplicaStateMachine - [Replica state machine on controller 0]: Invoking state change to NewReplica for replicas [Topic=newTopic,Partition=0,Replica=0]
05:51:48.069 [ZkClient-EventThread-248-127.0.0.1:42385] INFO  k.c.PartitionStateMachine - [Partition state machine on Controller 0]: Invoking state change to OnlinePartition for partitions [newTopic,0]
05:51:48.256 [ZkClient-EventThread-248-127.0.0.1:42385] INFO  k.c.ReplicaStateMachine - [Replica state machine on controller 0]: Invoking state change to OnlineReplica for replicas [Topic=newTopic,Partition=0,Replica=0]
05:51:48.256 [kafka-request-handler-1] INFO  k.c.KafkaController - [Controller 0]: Shutting down broker 0
05:51:48.258 [main] INFO  k.s.KafkaServer - [Kafka Server 0], Controlled shutdown succeeded
05:51:48.258 [kafka-network-thread-40318-2] INFO  k.n.Processor - Closing socket connection to /172.17.9.60.
05:51:48.258 [main] INFO  k.n.SocketServer - [Socket Server on Broker 0], Shutting down
05:51:48.258 [kafka-request-handler-0] INFO  k.s.ReplicaFetcherManager - [ReplicaFetcherManager on broker 0] Removed fetcher for partitions [newTopic,0]
05:51:48.260 [main] INFO  k.n.SocketServer - [Socket Server on Broker 0], Shutdown completed
05:51:48.260 [main] INFO  k.s.KafkaRequestHandlerPool - [Kafka Request Handler on Broker 0], shutting down
05:51:48.261 [kafka-request-handler-0] INFO  k.l.Log - Completed load of log newTopic-0 with log end offset 0
05:51:48.263 [kafka-request-handler-0] INFO  k.l.LogManager - Created log for partition [newTopic,0] in /tmp/kafka/logs/kafka-test-40318 with properties {segment.index.bytes -> 10485760, file.delete.delay.ms -> 60000, segment.bytes -> 1073741824, flush.ms -> 9223372036854775807, delete.retention.ms -> 86400000, index.interval.bytes -> 4096, retention.bytes -> -1, min.insync.replicas -> 1, cleanup.policy -> delete, unclean.leader.election.enable -> true, segment.ms -> 604800000, max.message.bytes -> 1000012, flush.messages -> 9223372036854775807, min.cleanable.dirty.ratio -> 0.5, retention.ms -> 604800000, segment.jitter.ms -> 0}.
05:51:48.263 [kafka-request-handler-0] WARN  k.c.Partition - Partition [newTopic,0] on broker 0: No checkpointed highwatermark is found for partition [newTopic,0]
05:51:48.265 [main] INFO  k.s.KafkaRequestHandlerPool - [Kafka Request Handler on Broker 0], shut down completely
05:51:48.262 [Controller-0-to-broker-0-send-thread] WARN  k.c.RequestSendThread - [Controller-0-to-broker-0-send-thread], Controller 0 epoch 1 fails to send request Name:LeaderAndIsrRequest;Version:0;Controller:0;ControllerEpoch:1;CorrelationId:7;ClientId:id_0-host_null-port_40318;Leaders:id:0,host:testing-worker-linux-docker-20c969a6-3413-linux-3.prod.travis-ci.org,port:40318;PartitionState:(newTopic,0) -> (LeaderAndIsrInfo:(Leader:0,ISR:0,LeaderEpoch:0,ControllerEpoch:1),ReplicationFactor:1),AllReplicas:0) to broker id:0,host:testing-worker-linux-docker-20c969a6-3413-linux-3.prod.travis-ci.org,port:40318. Reconnecting to broker.
java.io.EOFException: Received -1 when reading from channel, socket has likely been closed.
	at kafka.utils.Utils$.read(Utils.scala:381) ~[kafka_2.10-0.8.2.1.jar:?]
	at kafka.network.BoundedByteBufferReceive.readFrom(BoundedByteBufferReceive.scala:54) ~[kafka_2.10-0.8.2.1.jar:?]
	at kafka.network.Receive$class.readCompletely(Transmission.scala:56) ~[kafka_2.10-0.8.2.1.jar:?]
	at kafka.network.BoundedByteBufferReceive.readCompletely(BoundedByteBufferReceive.scala:29) ~[kafka_2.10-0.8.2.1.jar:?]
	at kafka.network.BlockingChannel.receive(BlockingChannel.scala:111) ~[kafka_2.10-0.8.2.1.jar:?]
	at kafka.controller.RequestSendThread.liftedTree1$1(ControllerChannelManager.scala:133) [kafka_2.10-0.8.2.1.jar:?]
	at kafka.controller.RequestSendThread.doWork(ControllerChannelManager.scala:131) [kafka_2.10-0.8.2.1.jar:?]
	at kafka.utils.ShutdownableThread.run(ShutdownableThread.scala:60) [kafka_2.10-0.8.2.1.jar:?]
05:51:48.268 [Controller-0-to-broker-0-send-thread] INFO  k.c.RequestSendThread - [Controller-0-to-broker-0-send-thread], Controller 0 connected to id:0,host:testing-worker-linux-docker-20c969a6-3413-linux-3.prod.travis-ci.org,port:40318 for sending state change requests
05:51:48.569 [Controller-0-to-broker-0-send-thread] WARN  k.c.RequestSendThread - [Controller-0-to-broker-0-send-thread], Controller 0 epoch 1 fails to send request Name:LeaderAndIsrRequest;Version:0;Controller:0;ControllerEpoch:1;CorrelationId:7;ClientId:id_0-host_null-port_40318;Leaders:id:0,host:testing-worker-linux-docker-20c969a6-3413-linux-3.prod.travis-ci.org,port:40318;PartitionState:(newTopic,0) -> (LeaderAndIsrInfo:(Leader:0,ISR:0,LeaderEpoch:0,ControllerEpoch:1),ReplicationFactor:1),AllReplicas:0) to broker id:0,host:testing-worker-linux-docker-20c969a6-3413-linux-3.prod.travis-ci.org,port:40318. Reconnecting to broker.
java.nio.channels.ClosedChannelException
	at kafka.network.BlockingChannel.send(BlockingChannel.scala:100) ~[kafka_2.10-0.8.2.1.jar:?]
	at kafka.controller.RequestSendThread.liftedTree1$1(ControllerChannelManager.scala:132) [kafka_2.10-0.8.2.1.jar:?]
	at kafka.controller.RequestSendThread.doWork(ControllerChannelManager.scala:131) [kafka_2.10-0.8.2.1.jar:?]
	at kafka.utils.ShutdownableThread.run(ShutdownableThread.scala:60) [kafka_2.10-0.8.2.1.jar:?]
05:51:48.570 [Controller-0-to-broker-0-send-thread] INFO  k.c.RequestSendThread - [Controller-0-to-broker-0-send-thread], Controller 0 connected to id:0,host:testing-worker-linux-docker-20c969a6-3413-linux-3.prod.travis-ci.org,port:40318 for sending state change requests
05:51:48.658 [main] INFO  k.s.ReplicaManager - [Replica Manager on Broker 0]: Shut down
05:51:48.658 [main] INFO  k.s.ReplicaFetcherManager - [ReplicaFetcherManager on broker 0] shutting down
05:51:48.658 [main] INFO  k.s.ReplicaFetcherManager - [ReplicaFetcherManager on broker 0] shutdown completed
05:51:48.660 [main] INFO  k.s.ReplicaManager - [Replica Manager on Broker 0]: Shut down completely
05:51:48.660 [main] INFO  k.l.LogManager - Shutting down.
05:51:48.663 [main] INFO  k.l.LogManager - Shutdown complete.
05:51:48.663 [main] INFO  k.c.PartitionStateMachine - [Partition state machine on Controller 0]: Stopped partition state machine
05:51:48.663 [main] INFO  k.c.ReplicaStateMachine - [Replica state machine on controller 0]: Stopped replica state machine
05:51:48.663 [main] INFO  k.c.RequestSendThread - [Controller-0-to-broker-0-send-thread], Shutting down
05:51:48.664 [Controller-0-to-broker-0-send-thread] WARN  k.u.Utils$ - sleep interrupted
java.lang.InterruptedException: sleep interrupted
	at java.lang.Thread.sleep(Native Method) ~[?:1.7.0_76]
	at kafka.controller.RequestSendThread$$anonfun$liftedTree1$1$1.apply$mcV$sp(ControllerChannelManager.scala:144) ~[kafka_2.10-0.8.2.1.jar:?]
	at kafka.utils.Utils$.swallow(Utils.scala:172) [kafka_2.10-0.8.2.1.jar:?]
	at kafka.utils.Logging$class.swallowWarn(Logging.scala:92) [kafka_2.10-0.8.2.1.jar:?]
	at kafka.utils.Utils$.swallowWarn(Utils.scala:45) [kafka_2.10-0.8.2.1.jar:?]
	at kafka.utils.Logging$class.swallow(Logging.scala:94) [kafka_2.10-0.8.2.1.jar:?]
	at kafka.utils.Utils$.swallow(Utils.scala:45) [kafka_2.10-0.8.2.1.jar:?]
	at kafka.controller.RequestSendThread.liftedTree1$1(ControllerChannelManager.scala:144) [kafka_2.10-0.8.2.1.jar:?]
	at kafka.controller.RequestSendThread.doWork(ControllerChannelManager.scala:131) [kafka_2.10-0.8.2.1.jar:?]
	at kafka.utils.ShutdownableThread.run(ShutdownableThread.scala:60) [kafka_2.10-0.8.2.1.jar:?]
05:51:48.672 [Controller-0-to-broker-0-send-thread] ERROR k.c.RequestSendThread - [Controller-0-to-broker-0-send-thread], Controller 0 fails to send a request to broker id:0,host:testing-worker-linux-docker-20c969a6-3413-linux-3.prod.travis-ci.org,port:40318
java.lang.NullPointerException
	at kafka.controller.RequestSendThread.doWork(ControllerChannelManager.scala:150) [kafka_2.10-0.8.2.1.jar:?]
	at kafka.utils.ShutdownableThread.run(ShutdownableThread.scala:60) [kafka_2.10-0.8.2.1.jar:?]
05:51:48.672 [Controller-0-to-broker-0-send-thread] INFO  k.c.RequestSendThread - [Controller-0-to-broker-0-send-thread], Stopped 
05:51:48.673 [main] INFO  k.c.RequestSendThread - [Controller-0-to-broker-0-send-thread], Shutdown completed
05:51:48.674 [ZkClient-EventThread-248-127.0.0.1:42385] INFO  o.I.z.ZkEventThread - Terminate ZkClient event thread.
05:51:48.676 [main] INFO  k.s.KafkaServer - [Kafka Server 0], shut down completed
05:51:48.677 [Curator-Framework-0] INFO  o.a.c.f.i.CuratorFrameworkImpl - backgroundOperationsLoop exiting

--------------------------------------------------
Checking ./external/storm-kafka/target/surefire-reports/TEST-org.apache.storm.kafka.StringKeyValueSchemeTest.xml
Checking ./external/storm-kafka/target/surefire-reports/TEST-org.apache.storm.kafka.ZkCoordinatorTest.xml
Checking ./external/storm-kafka/target/surefire-reports/TEST-org.apache.storm.kafka.TridentKafkaTest.xml
Checking ./external/storm-kafka/target/surefire-reports/TEST-org.apache.storm.kafka.ExponentialBackoffMsgRetryManagerTest.xml
Checking ./external/storm-kafka/target/surefire-reports/TEST-org.apache.storm.kafka.TestStringScheme.xml
Checking ./external/storm-kafka/target/surefire-reports/TEST-org.apache.storm.kafka.DynamicBrokersReaderTest.xml
Checking ./external/storm-kafka/target/surefire-reports/TEST-org.apache.storm.kafka.bolt.KafkaBoltTest.xml
Looking for errors in ./external/storm-redis/target/surefire-reports
Checking ./external/storm-redis/target/surefire-reports/TEST-org.apache.storm.redis.state.RedisKeyValueStateProviderTest.xml
Checking ./external/storm-redis/target/surefire-reports/TEST-org.apache.storm.redis.state.DefaultStateSerializerTest.xml
Checking ./external/storm-redis/target/surefire-reports/TEST-org.apache.storm.redis.state.RedisKeyValueStateTest.xml

travis_time:end:089ec62e:start=1465451479419603077,finish=1465451771100306366,duration=291680703289[0K
[31;1mThe command "/bin/bash ./dev-tools/travis/travis-script.sh `pwd` $MODULES" exited with 1.[0m
travis_fold:start:cache.2[0Kstore build cache
travis_time:start:00f0be6b[0K
travis_time:end:00f0be6b:start=1465451771105440823,finish=1465451771109528963,duration=4088140[0Ktravis_time:start:0624af08[0K[32;1mchange detected (content changed, file is created, or file is deleted):
/home/travis/.m2/repository/eigenbase/eigenbase-properties/1.1.4/eigenbase-properties-1.1.4.pom.lastUpdated
/home/travis/.m2/repository/io/confluent/kafka-avro-serializer/1.0/kafka-avro-serializer-1.0.pom.lastUpdated
/home/travis/.m2/repository/io/confluent/kafka-schema-registry-client/1.0/kafka-schema-registry-client-1.0.pom.lastUpdated
/home/travis/.m2/repository/net/hydromatic/linq4j/0.4/linq4j-0.4.pom.lastUpdated
/home/travis/.m2/repository/net/hydromatic/quidem/0.1.1/quidem-0.1.1.pom.lastUpdated
/home/travis/.m2/repository/org/apache/storm/flux/2.0.0-SNAPSHOT/maven-metadata-local.xml
/home/travis/.m2/repository/org/apache/storm/flux/2.0.0-SNAPSHOT/_remote.repositories
/home/travis/.m2/repository/org/apache/storm/flux-core/2.0.0-SNAPSHOT/flux-core-2.0.0-SNAPSHOT.jar
/home/travis/.m2/repository/org/apache/storm/flux-core/2.0.0-SNAPSHOT/maven-metadata-local.xml
/home/travis/.m2/repository/org/apache/storm/flux-core/2.0.0-SNAPSHOT/_remote.repositories
/home/travis/.m2/repository/org/ap
[0m
[32;1m...
[0m
[32;1mchanges detected, packing new archive[0m
.
.
.
.
.
.
[32;1muploading archive[0m

travis_time:end:0624af08:start=1465451771114275805,finish=1465451822033537555,duration=50919261750[0Ktravis_fold:end:cache.2[0K
Done. Your build exited with 1.
