Using worker: worker-linux-docker-7c984584.prod.travis-ci.org:travis-linux-16

travis_fold:start:system_info[0K[33;1mBuild system information[0m
Build language: java
Build group: stable
Build dist: precise
[34m[1mBuild image provisioning date and time[0m
Thu Feb  5 15:09:33 UTC 2015
[34m[1mOperating System Details[0m
Distributor ID:	Ubuntu
Description:	Ubuntu 12.04.5 LTS
Release:	12.04
Codename:	precise
[34m[1mLinux Version[0m
3.13.0-29-generic
[34m[1mCookbooks Version[0m
a68419e https://github.com/travis-ci/travis-cookbooks/tree/a68419e
[34m[1mGCC version[0m
gcc (Ubuntu/Linaro 4.6.3-1ubuntu5) 4.6.3
Copyright (C) 2011 Free Software Foundation, Inc.
This is free software; see the source for copying conditions.  There is NO
warranty; not even for MERCHANTABILITY or FITNESS FOR A PARTICULAR PURPOSE.

[34m[1mLLVM version[0m
clang version 3.4 (tags/RELEASE_34/final)
Target: x86_64-unknown-linux-gnu
Thread model: posix
[34m[1mPre-installed Ruby versions[0m
ruby-1.9.3-p551
[34m[1mPre-installed Node.js versions[0m
v0.10.36
[34m[1mPre-installed Go versions[0m
1.4.1
[34m[1mRedis version[0m
redis-server 2.8.19
[34m[1mriak version[0m
2.0.2
[34m[1mMongoDB version[0m
MongoDB 2.4.12
[34m[1mCouchDB version[0m
couchdb 1.6.1
[34m[1mNeo4j version[0m
1.9.4
[34m[1mRabbitMQ Version[0m
3.4.3
[34m[1mElasticSearch version[0m
1.4.0
[34m[1mInstalled Sphinx versions[0m
2.0.10
2.1.9
2.2.6
[34m[1mDefault Sphinx version[0m
2.2.6
[34m[1mInstalled Firefox version[0m
firefox 31.0esr
[34m[1mPhantomJS version[0m
1.9.8
[34m[1mant -version[0m
Apache Ant(TM) version 1.8.2 compiled on December 3 2011
[34m[1mmvn -version[0m
Apache Maven 3.2.5 (12a6b3acb947671f09b81f49094c53f426d8cea1; 2014-12-14T17:29:23+00:00)
Maven home: /usr/local/maven
Java version: 1.7.0_76, vendor: Oracle Corporation
Java home: /usr/lib/jvm/java-7-oracle/jre
Default locale: en_US, platform encoding: ANSI_X3.4-1968
OS name: "linux", version: "3.13.0-29-generic", arch: "amd64", family: "unix"
travis_fold:end:system_info[0K
travis_fold:start:fix.CVE-2015-7547[0K$ export DEBIAN_FRONTEND=noninteractive
W: Size of file /var/lib/apt/lists/us.archive.ubuntu.com_ubuntu_dists_precise-backports_multiverse_source_Sources.gz is not what the server reported 5886 5888
W: Size of file /var/lib/apt/lists/ppa.launchpad.net_ubuntugis_ppa_ubuntu_dists_precise_main_binary-amd64_Packages.gz is not what the server reported 36669 36677
W: Size of file /var/lib/apt/lists/ppa.launchpad.net_ubuntugis_ppa_ubuntu_dists_precise_main_binary-i386_Packages.gz is not what the server reported 36729 36733
Reading package lists...
Building dependency tree...
Reading state information...
The following extra packages will be installed:
  libc-bin libc-dev-bin libc6-dev
Suggested packages:
  glibc-doc
The following packages will be upgraded:
  libc-bin libc-dev-bin libc6 libc6-dev
4 upgraded, 0 newly installed, 0 to remove and 246 not upgraded.
Need to get 8,840 kB of archives.
After this operation, 14.3 kB disk space will be freed.
Get:1 http://us.archive.ubuntu.com/ubuntu/ precise-updates/main libc6-dev amd64 2.15-0ubuntu10.15 [2,943 kB]
Get:2 http://us.archive.ubuntu.com/ubuntu/ precise-updates/main libc-dev-bin amd64 2.15-0ubuntu10.15 [84.7 kB]
Get:3 http://us.archive.ubuntu.com/ubuntu/ precise-updates/main libc-bin amd64 2.15-0ubuntu10.15 [1,177 kB]
Get:4 http://us.archive.ubuntu.com/ubuntu/ precise-updates/main libc6 amd64 2.15-0ubuntu10.15 [4,636 kB]
Fetched 8,840 kB in 0s (35.9 MB/s)
Preconfiguring packages ...
(Reading database ... (Reading database ... 5%(Reading database ... 10%(Reading database ... 15%(Reading database ... 20%(Reading database ... 25%(Reading database ... 30%(Reading database ... 35%(Reading database ... 40%(Reading database ... 45%(Reading database ... 50%(Reading database ... 55%(Reading database ... 60%(Reading database ... 65%(Reading database ... 70%(Reading database ... 75%(Reading database ... 80%(Reading database ... 85%(Reading database ... 90%(Reading database ... 95%(Reading database ... 100%(Reading database ... 72019 files and directories currently installed.)
Preparing to replace libc6-dev 2.15-0ubuntu10.10 (using .../libc6-dev_2.15-0ubuntu10.15_amd64.deb) ...
Unpacking replacement libc6-dev ...
Preparing to replace libc-dev-bin 2.15-0ubuntu10.10 (using .../libc-dev-bin_2.15-0ubuntu10.15_amd64.deb) ...
Unpacking replacement libc-dev-bin ...
Preparing to replace libc-bin 2.15-0ubuntu10.10 (using .../libc-bin_2.15-0ubuntu10.15_amd64.deb) ...
Unpacking replacement libc-bin ...
Processing triggers for man-db ...
Setting up libc-bin (2.15-0ubuntu10.15) ...
(Reading database ... (Reading database ... 5%(Reading database ... 10%(Reading database ... 15%(Reading database ... 20%(Reading database ... 25%(Reading database ... 30%(Reading database ... 35%(Reading database ... 40%(Reading database ... 45%(Reading database ... 50%(Reading database ... 55%(Reading database ... 60%(Reading database ... 65%(Reading database ... 70%(Reading database ... 75%(Reading database ... 80%(Reading database ... 85%(Reading database ... 90%(Reading database ... 95%(Reading database ... 100%(Reading database ... 72018 files and directories currently installed.)
Preparing to replace libc6 2.15-0ubuntu10.10 (using .../libc6_2.15-0ubuntu10.15_amd64.deb) ...
Unpacking replacement libc6 ...
Setting up libc6 (2.15-0ubuntu10.15) ...
Setting up libc-dev-bin (2.15-0ubuntu10.15) ...
Setting up libc6-dev (2.15-0ubuntu10.15) ...
Processing triggers for libc-bin ...
ldconfig deferred processing now taking place
travis_fold:end:fix.CVE-2015-7547[0Ktravis_fold:start:git.checkout[0Ktravis_time:start:2f861a59[0K$ git clone --depth=50 https://github.com/apache/storm.git apache/storm
Cloning into 'apache/storm'...
remote: Counting objects: 23654, done.[K
remote: Compressing objects:   0% (1/9234)   [Kremote: Compressing objects:   1% (93/9234)   [Kremote: Compressing objects:   2% (185/9234)   [Kremote: Compressing objects:   3% (278/9234)   [Kremote: Compressing objects:   4% (370/9234)   [Kremote: Compressing objects:   5% (462/9234)   [Kremote: Compressing objects:   6% (555/9234)   [Kremote: Compressing objects:   7% (647/9234)   [Kremote: Compressing objects:   8% (739/9234)   [Kremote: Compressing objects:   9% (832/9234)   [Kremote: Compressing objects:  10% (924/9234)   [Kremote: Compressing objects:  11% (1016/9234)   [Kremote: Compressing objects:  12% (1109/9234)   [Kremote: Compressing objects:  13% (1201/9234)   [Kremote: Compressing objects:  14% (1293/9234)   [Kremote: Compressing objects:  15% (1386/9234)   [Kremote: Compressing objects:  16% (1478/9234)   [Kremote: Compressing objects:  17% (1570/9234)   [Kremote: Compressing objects:  18% (1663/9234)   [Kremote: Compressing objects:  19% (1755/9234)   [Kremote: Compressing objects:  20% (1847/9234)   [Kremote: Compressing objects:  21% (1940/9234)   [Kremote: Compressing objects:  22% (2032/9234)   [Kremote: Compressing objects:  23% (2124/9234)   [Kremote: Compressing objects:  24% (2217/9234)   [Kremote: Compressing objects:  25% (2309/9234)   [Kremote: Compressing objects:  26% (2401/9234)   [Kremote: Compressing objects:  27% (2494/9234)   [Kremote: Compressing objects:  28% (2586/9234)   [Kremote: Compressing objects:  29% (2678/9234)   [Kremote: Compressing objects:  30% (2771/9234)   [Kremote: Compressing objects:  31% (2863/9234)   [Kremote: Compressing objects:  32% (2955/9234)   [Kremote: Compressing objects:  33% (3048/9234)   [Kremote: Compressing objects:  34% (3140/9234)   [Kremote: Compressing objects:  35% (3232/9234)   [Kremote: Compressing objects:  36% (3325/9234)   [Kremote: Compressing objects:  37% (3417/9234)   [Kremote: Compressing objects:  38% (3509/9234)   [Kremote: Compressing objects:  39% (3602/9234)   [Kremote: Compressing objects:  40% (3694/9234)   [Kremote: Compressing objects:  41% (3786/9234)   [Kremote: Compressing objects:  42% (3879/9234)   [Kremote: Compressing objects:  43% (3971/9234)   [Kremote: Compressing objects:  44% (4063/9234)   [Kremote: Compressing objects:  45% (4156/9234)   [Kremote: Compressing objects:  46% (4248/9234)   [Kremote: Compressing objects:  47% (4340/9234)   [Kremote: Compressing objects:  48% (4433/9234)   [Kremote: Compressing objects:  49% (4525/9234)   [Kremote: Compressing objects:  50% (4617/9234)   [Kremote: Compressing objects:  51% (4710/9234)   [Kremote: Compressing objects:  52% (4802/9234)   [Kremote: Compressing objects:  53% (4895/9234)   [Kremote: Compressing objects:  54% (4987/9234)   [Kremote: Compressing objects:  55% (5079/9234)   [Kremote: Compressing objects:  56% (5172/9234)   [Kremote: Compressing objects:  57% (5264/9234)   [Kremote: Compressing objects:  58% (5356/9234)   [Kremote: Compressing objects:  59% (5449/9234)   [Kremote: Compressing objects:  60% (5541/9234)   [Kremote: Compressing objects:  61% (5633/9234)   [Kremote: Compressing objects:  62% (5726/9234)   [Kremote: Compressing objects:  63% (5818/9234)   [Kremote: Compressing objects:  64% (5910/9234)   [Kremote: Compressing objects:  65% (6003/9234)   [Kremote: Compressing objects:  66% (6095/9234)   [Kremote: Compressing objects:  67% (6187/9234)   [Kremote: Compressing objects:  68% (6280/9234)   [Kremote: Compressing objects:  69% (6372/9234)   [Kremote: Compressing objects:  70% (6464/9234)   [Kremote: Compressing objects:  71% (6557/9234)   [Kremote: Compressing objects:  72% (6649/9234)   [Kremote: Compressing objects:  73% (6741/9234)   [Kremote: Compressing objects:  74% (6834/9234)   [Kremote: Compressing objects:  75% (6926/9234)   [Kremote: Compressing objects:  76% (7018/9234)   [Kremote: Compressing objects:  77% (7111/9234)   [Kremote: Compressing objects:  78% (7203/9234)   [Kremote: Compressing objects:  79% (7295/9234)   [Kremote: Compressing objects:  80% (7388/9234)   [Kremote: Compressing objects:  81% (7480/9234)   [Kremote: Compressing objects:  82% (7572/9234)   [Kremote: Compressing objects:  83% (7665/9234)   [Kremote: Compressing objects:  84% (7757/9234)   [Kremote: Compressing objects:  85% (7849/9234)   [Kremote: Compressing objects:  86% (7942/9234)   [Kremote: Compressing objects:  87% (8034/9234)   [Kremote: Compressing objects:  88% (8126/9234)   [Kremote: Compressing objects:  89% (8219/9234)   [Kremote: Compressing objects:  90% (8311/9234)   [Kremote: Compressing objects:  91% (8403/9234)   [Kremote: Compressing objects:  92% (8496/9234)   [Kremote: Compressing objects:  93% (8588/9234)   [Kremote: Compressing objects:  94% (8680/9234)   [Kremote: Compressing objects:  95% (8773/9234)   [Kremote: Compressing objects:  96% (8865/9234)   [Kremote: Compressing objects:  97% (8957/9234)   [Kremote: Compressing objects:  98% (9050/9234)   [Kremote: Compressing objects:  99% (9142/9234)   [Kremote: Compressing objects: 100% (9234/9234)   [Kremote: Compressing objects: 100% (9234/9234), done.[K
Receiving objects:   0% (1/23654)   Receiving objects:   1% (237/23654)   Receiving objects:   2% (474/23654)   Receiving objects:   3% (710/23654)   Receiving objects:   4% (947/23654)   Receiving objects:   5% (1183/23654)   Receiving objects:   6% (1420/23654)   Receiving objects:   7% (1656/23654)   Receiving objects:   8% (1893/23654)   Receiving objects:   9% (2129/23654)   Receiving objects:  10% (2366/23654)   Receiving objects:  11% (2602/23654)   Receiving objects:  12% (2839/23654)   Receiving objects:  13% (3076/23654)   Receiving objects:  14% (3312/23654)   Receiving objects:  15% (3549/23654)   Receiving objects:  16% (3785/23654)   Receiving objects:  17% (4022/23654)   Receiving objects:  18% (4258/23654)   Receiving objects:  19% (4495/23654)   Receiving objects:  20% (4731/23654)   Receiving objects:  21% (4968/23654)   Receiving objects:  22% (5204/23654)   Receiving objects:  23% (5441/23654)   Receiving objects:  24% (5677/23654)   Receiving objects:  25% (5914/23654)   Receiving objects:  26% (6151/23654)   Receiving objects:  27% (6387/23654)   Receiving objects:  28% (6624/23654)   Receiving objects:  29% (6860/23654)   Receiving objects:  30% (7097/23654)   Receiving objects:  31% (7333/23654)   Receiving objects:  32% (7570/23654)   Receiving objects:  33% (7806/23654)   Receiving objects:  34% (8043/23654)   Receiving objects:  35% (8279/23654)   Receiving objects:  36% (8516/23654)   Receiving objects:  37% (8752/23654)   Receiving objects:  38% (8989/23654)   Receiving objects:  39% (9226/23654)   Receiving objects:  40% (9462/23654)   Receiving objects:  41% (9699/23654)   Receiving objects:  42% (9935/23654)   Receiving objects:  43% (10172/23654)   Receiving objects:  44% (10408/23654)   Receiving objects:  45% (10645/23654)   Receiving objects:  46% (10881/23654)   Receiving objects:  47% (11118/23654)   Receiving objects:  48% (11354/23654)   Receiving objects:  49% (11591/23654)   Receiving objects:  50% (11827/23654)   Receiving objects:  51% (12064/23654)   Receiving objects:  52% (12301/23654)   Receiving objects:  53% (12537/23654)   Receiving objects:  54% (12774/23654)   Receiving objects:  55% (13010/23654)   Receiving objects:  56% (13247/23654)   Receiving objects:  57% (13483/23654)   Receiving objects:  58% (13720/23654)   Receiving objects:  59% (13956/23654)   Receiving objects:  60% (14193/23654)   Receiving objects:  61% (14429/23654)   Receiving objects:  62% (14666/23654)   Receiving objects:  63% (14903/23654)   Receiving objects:  64% (15139/23654)   Receiving objects:  65% (15376/23654), 13.88 MiB | 27.70 MiB/s   Receiving objects:  66% (15612/23654), 13.88 MiB | 27.70 MiB/s   Receiving objects:  67% (15849/23654), 13.88 MiB | 27.70 MiB/s   Receiving objects:  68% (16085/23654), 13.88 MiB | 27.70 MiB/s   Receiving objects:  69% (16322/23654), 13.88 MiB | 27.70 MiB/s   Receiving objects:  70% (16558/23654), 13.88 MiB | 27.70 MiB/s   Receiving objects:  71% (16795/23654), 13.88 MiB | 27.70 MiB/s   Receiving objects:  72% (17031/23654), 13.88 MiB | 27.70 MiB/s   Receiving objects:  73% (17268/23654), 13.88 MiB | 27.70 MiB/s   Receiving objects:  74% (17504/23654), 13.88 MiB | 27.70 MiB/s   Receiving objects:  75% (17741/23654), 13.88 MiB | 27.70 MiB/s   Receiving objects:  76% (17978/23654), 13.88 MiB | 27.70 MiB/s   Receiving objects:  77% (18214/23654), 13.88 MiB | 27.70 MiB/s   Receiving objects:  78% (18451/23654), 13.88 MiB | 27.70 MiB/s   Receiving objects:  79% (18687/23654), 13.88 MiB | 27.70 MiB/s   Receiving objects:  80% (18924/23654), 13.88 MiB | 27.70 MiB/s   Receiving objects:  81% (19160/23654), 13.88 MiB | 27.70 MiB/s   Receiving objects:  82% (19397/23654), 13.88 MiB | 27.70 MiB/s   Receiving objects:  83% (19633/23654), 13.88 MiB | 27.70 MiB/s   Receiving objects:  84% (19870/23654), 13.88 MiB | 27.70 MiB/s   Receiving objects:  85% (20106/23654), 13.88 MiB | 27.70 MiB/s   Receiving objects:  86% (20343/23654), 13.88 MiB | 27.70 MiB/s   Receiving objects:  87% (20579/23654), 13.88 MiB | 27.70 MiB/s   Receiving objects:  88% (20816/23654), 13.88 MiB | 27.70 MiB/s   Receiving objects:  89% (21053/23654), 13.88 MiB | 27.70 MiB/s   Receiving objects:  90% (21289/23654), 13.88 MiB | 27.70 MiB/s   Receiving objects:  91% (21526/23654), 13.88 MiB | 27.70 MiB/s   Receiving objects:  92% (21762/23654), 13.88 MiB | 27.70 MiB/s   Receiving objects:  93% (21999/23654), 13.88 MiB | 27.70 MiB/s   Receiving objects:  94% (22235/23654), 13.88 MiB | 27.70 MiB/s   Receiving objects:  95% (22472/23654), 13.88 MiB | 27.70 MiB/s   Receiving objects:  96% (22708/23654), 13.88 MiB | 27.70 MiB/s   Receiving objects:  97% (22945/23654), 13.88 MiB | 27.70 MiB/s   Receiving objects:  98% (23181/23654), 13.88 MiB | 27.70 MiB/s   remote: Total 23654 (delta 11775), reused 20779 (delta 9405), pack-reused 0[K
Receiving objects:  99% (23418/23654), 13.88 MiB | 27.70 MiB/s   Receiving objects: 100% (23654/23654), 13.88 MiB | 27.70 MiB/s   Receiving objects: 100% (23654/23654), 17.89 MiB | 27.70 MiB/s, done.
Resolving deltas:   0% (0/11775)   Resolving deltas:   1% (175/11775)   Resolving deltas:   3% (356/11775)   Resolving deltas:   4% (512/11775)   Resolving deltas:   5% (592/11775)   Resolving deltas:   6% (735/11775)   Resolving deltas:   7% (827/11775)   Resolving deltas:   8% (944/11775)   Resolving deltas:   9% (1061/11775)   Resolving deltas:  10% (1179/11775)   Resolving deltas:  11% (1298/11775)   Resolving deltas:  12% (1422/11775)   Resolving deltas:  13% (1544/11775)   Resolving deltas:  14% (1667/11775)   Resolving deltas:  15% (1775/11775)   Resolving deltas:  16% (1889/11775)   Resolving deltas:  17% (2003/11775)   Resolving deltas:  18% (2125/11775)   Resolving deltas:  19% (2239/11775)   Resolving deltas:  20% (2360/11775)   Resolving deltas:  21% (2480/11775)   Resolving deltas:  22% (2605/11775)   Resolving deltas:  23% (2714/11775)   Resolving deltas:  24% (2828/11775)   Resolving deltas:  25% (2954/11775)   Resolving deltas:  26% (3170/11775)   Resolving deltas:  27% (3182/11775)   Resolving deltas:  28% (3297/11775)   Resolving deltas:  29% (3441/11775)   Resolving deltas:  30% (3630/11775)   Resolving deltas:  31% (3659/11775)   Resolving deltas:  32% (3771/11775)   Resolving deltas:  33% (3900/11775)   Resolving deltas:  34% (4032/11775)   Resolving deltas:  35% (4123/11775)   Resolving deltas:  36% (4247/11775)   Resolving deltas:  37% (4365/11775)   Resolving deltas:  38% (4476/11775)   Resolving deltas:  39% (4596/11775)   Resolving deltas:  40% (4710/11775)   Resolving deltas:  41% (4830/11775)   Resolving deltas:  42% (4950/11775)   Resolving deltas:  43% (5065/11775)   Resolving deltas:  44% (5187/11775)   Resolving deltas:  45% (5300/11775)   Resolving deltas:  46% (5422/11775)   Resolving deltas:  47% (5549/11775)   Resolving deltas:  48% (5652/11775)   Resolving deltas:  49% (5770/11775)   Resolving deltas:  50% (5908/11775)   Resolving deltas:  51% (6030/11775)   Resolving deltas:  52% (6158/11775)   Resolving deltas:  53% (6242/11775)   Resolving deltas:  54% (6404/11775)   Resolving deltas:  55% (6478/11775)   Resolving deltas:  56% (6599/11775)   Resolving deltas:  57% (6712/11775)   Resolving deltas:  58% (6835/11775)   Resolving deltas:  62% (7351/11775)   Resolving deltas:  64% (7578/11775)   Resolving deltas:  67% (7912/11775)   Resolving deltas:  68% (8013/11775)   Resolving deltas:  69% (8141/11775)   Resolving deltas:  70% (8248/11775)   Resolving deltas:  71% (8441/11775)   Resolving deltas:  72% (8487/11775)   Resolving deltas:  73% (8599/11775)   Resolving deltas:  74% (8716/11775)   Resolving deltas:  75% (8858/11775)   Resolving deltas:  76% (8949/11775)   Resolving deltas:  77% (9103/11775)   Resolving deltas:  78% (9190/11775)   Resolving deltas:  79% (9303/11775)   Resolving deltas:  80% (9422/11775)   Resolving deltas:  81% (9595/11775)   Resolving deltas:  83% (9851/11775)   Resolving deltas:  84% (9891/11775)   Resolving deltas:  85% (10011/11775)   Resolving deltas:  86% (10140/11775)   Resolving deltas:  87% (10268/11775)   Resolving deltas:  88% (10374/11775)   Resolving deltas:  89% (10514/11775)   Resolving deltas:  90% (10607/11775)   Resolving deltas:  91% (10718/11775)   Resolving deltas:  92% (10852/11775)   Resolving deltas:  94% (11130/11775)   Resolving deltas:  95% (11187/11775)   Resolving deltas:  96% (11306/11775)   Resolving deltas:  97% (11423/11775)   Resolving deltas:  98% (11540/11775)   Resolving deltas:  99% (11660/11775)   Resolving deltas: 100% (11775/11775)   Resolving deltas: 100% (11775/11775), done.
Checking connectivity... done.

travis_time:end:2f861a59:start=1465484613838842574,finish=1465484616819091018,duration=2980248444[0K$ cd apache/storm
travis_time:start:2122bb58[0K$ git fetch origin +refs/pull/1478/merge:
remote: Counting objects: 15, done.[K
remote: Compressing objects:  25% (1/4)   [Kremote: Compressing objects:  50% (2/4)   [Kremote: Compressing objects:  75% (3/4)   [Kremote: Compressing objects: 100% (4/4)   [Kremote: Compressing objects: 100% (4/4), done.[K
remote: Total 15 (delta 7), reused 13 (delta 6), pack-reused 0[K
Unpacking objects:   6% (1/15)   Unpacking objects:  13% (2/15)   Unpacking objects:  20% (3/15)   Unpacking objects:  26% (4/15)   Unpacking objects:  33% (5/15)   Unpacking objects:  40% (6/15)   Unpacking objects:  46% (7/15)   Unpacking objects:  53% (8/15)   Unpacking objects:  60% (9/15)   Unpacking objects:  66% (10/15)   Unpacking objects:  73% (11/15)   Unpacking objects:  80% (12/15)   Unpacking objects:  86% (13/15)   Unpacking objects:  93% (14/15)   Unpacking objects: 100% (15/15)   Unpacking objects: 100% (15/15), done.
From https://github.com/apache/storm
 * branch            refs/pull/1478/merge -> FETCH_HEAD

travis_time:end:2122bb58:start=1465484616823721928,finish=1465484617147802566,duration=324080638[0K$ git checkout -qf FETCH_HEAD
travis_fold:end:git.checkout[0K
[33;1mThis job is running on container-based infrastructure, which does not allow use of 'sudo', setuid and setguid executables.[0m
[33;1mIf you require sudo, add 'sudo: required' to your .travis.yml[0m
[33;1mSee https://docs.travis-ci.com/user/workers/container-based-infrastructure/ for details.[0m

[33;1mSetting environment variables from .travis.yml[0m
$ export MODULES=storm-core

$ jdk_switcher use oraclejdk7
Switching to Oracle JDK7 (java-7-oracle), JAVA_HOME will be set to /usr/lib/jvm/java-7-oracle
travis_fold:start:cache.1[0KSetting up build cache
$ export CASHER_DIR=$HOME/.casher
travis_time:start:04899627[0K$ Installing caching utilities

travis_time:end:04899627:start=1465484619751670697,finish=1465484619812572065,duration=60901368[0Ktravis_time:start:0e495868[0K
travis_time:end:0e495868:start=1465484619818092828,finish=1465484619822126208,duration=4033380[0Ktravis_time:start:0fd13b7a[0K[32;1mattempting to download cache archive[0m
[32;1mfetching PR.1478/cache-linux-precise-4722ea394922d42b2b7eb84cff6efc764d76759821ac6f6efc13232aa923f595--jdk-oraclejdk7.tgz[0m
[32;1mfetching PR.1478/cache--jdk-oraclejdk7.tgz[0m
[32;1mfetching master/cache-linux-precise-4722ea394922d42b2b7eb84cff6efc764d76759821ac6f6efc13232aa923f595--jdk-oraclejdk7.tgz[0m
[32;1mfound cache[0m

travis_time:end:0fd13b7a:start=1465484619826491681,finish=1465484628490376500,duration=8663884819[0Ktravis_time:start:0a60cdcf[0K
travis_time:end:0a60cdcf:start=1465484628494332349,finish=1465484628498002915,duration=3670566[0Ktravis_time:start:151afb2a[0K[32;1madding /home/travis/.m2/repository to cache[0m
[32;1madding /home/travis/.rvm to cache[0m
[32;1madding /home/travis/.nvm to cache[0m

travis_time:end:151afb2a:start=1465484628502650953,finish=1465484638303670099,duration=9801019146[0Ktravis_fold:end:cache.1[0K$ java -Xmx32m -version
java version "1.7.0_76"
Java(TM) SE Runtime Environment (build 1.7.0_76-b13)
Java HotSpot(TM) 64-Bit Server VM (build 24.76-b04, mixed mode)
$ javac -J-Xmx32m -version
javac 1.7.0_76
travis_fold:start:before_install.1[0Ktravis_time:start:147fce16[0K$ rvm use 2.1.5 --install
[32mUsing /home/travis/.rvm/gems/ruby-2.1.5[0m

travis_time:end:147fce16:start=1465484641839302160,finish=1465484642145044130,duration=305741970[0Ktravis_fold:end:before_install.1[0Ktravis_fold:start:before_install.2[0Ktravis_time:start:0c5baaa4[0K$ nvm install 0.12.2
v0.12.2 is already installed.
Now using node v0.12.2

travis_time:end:0c5baaa4:start=1465484642149122085,finish=1465484642431799786,duration=282677701[0Ktravis_fold:end:before_install.2[0Ktravis_fold:start:before_install.3[0Ktravis_time:start:10ad95d0[0K$ nvm use 0.12.2
Now using node v0.12.2

travis_time:end:10ad95d0:start=1465484642436252713,finish=1465484642501227396,duration=64974683[0Ktravis_fold:end:before_install.3[0Ktravis_fold:start:install[0Ktravis_time:start:2a05fb14[0K$ /bin/bash ./dev-tools/travis/travis-install.sh `pwd`
Python version :   Python 2.7.3
Maven version  :   Apache Maven 3.2.5 (12a6b3acb947671f09b81f49094c53f426d8cea1; 2014-12-14T17:29:23+00:00) Maven home: /usr/local/maven Java version: 1.7.0_76, vendor: Oracle Corporation Java home: /usr/lib/jvm/java-7-oracle/jre Default locale: en_US, platform encoding: UTF-8 OS name: "linux", version: "3.13.0-40-generic", arch: "amd64", family: "unix"
['mvn', 'clean', 'install', '-DskipTests', '-Pnative', '--batch-mode'] writing to install.txt
4 seconds 1 log lines14 seconds 194 log lines46 seconds 321 log lines56 seconds 331 log lines66 seconds 411 log lines92 seconds 631 log lines108 seconds 844 log lines120 seconds 893 log lines130 seconds 959 log lines140 seconds 1283 log lines166 seconds 1440 log lines176 seconds 1642 log lines187 seconds 2074 log lines199 seconds 2195 log lines211 seconds 2340 log lines218 seconds 2527 log lines
['mvn', 'clean', 'install', '-DskipTests', '-Pnative', '--batch-mode'] done 0

travis_time:end:2a05fb14:start=1465484642505681665,finish=1465484862321445408,duration=219815763743[0Ktravis_fold:end:install[0Ktravis_time:start:3a6a506f[0K$ /bin/bash ./dev-tools/travis/travis-script.sh `pwd` $MODULES
Python version :   Python 2.7.3
Ruby version   :   ruby 2.1.5p273 (2014-11-13 revision 48405) [x86_64-linux]
NodeJs version :   v0.12.2
Maven version  :   Apache Maven 3.2.5 (12a6b3acb947671f09b81f49094c53f426d8cea1; 2014-12-14T17:29:23+00:00) Maven home: /usr/local/maven Java version: 1.7.0_76, vendor: Oracle Corporation Java home: /usr/lib/jvm/java-7-oracle/jre Default locale: en_US, platform encoding: UTF-8 OS name: "linux", version: "3.13.0-40-generic", arch: "amd64", family: "unix"
[INFO] Scanning for projects...
[INFO]                                                                         
[INFO] ------------------------------------------------------------------------
[INFO] Building Storm Core 2.0.0-SNAPSHOT
[INFO] ------------------------------------------------------------------------
[INFO] 
[INFO] --- exec-maven-plugin:1.2.1:exec (default) @ storm-core ---
[INFO] 
[INFO] --- maven-remote-resources-plugin:1.2.1:process (default) @ storm-core ---
[INFO] 
[INFO] --- storm-maven-plugins:2.0.0-SNAPSHOT:version-info (version-info) @ storm-core ---
[WARNING] [svn, info] failed with error code 1
[INFO] SCM: GIT
[INFO] Computed MD5: c610b84d2fb6da924415115842b9f0c9
[INFO] 
[INFO] --- maven-resources-plugin:2.5:resources (default-resources) @ storm-core ---
[debug] execute contextualize
[INFO] Using 'UTF-8' encoding to copy filtered resources.
[INFO] Copying 9 resources
[INFO] Copying 1 resource to META-INF
[INFO] Copying 0 resource
[INFO] Copying 1 resource
[INFO] Copying 3 resources
[INFO] 
[INFO] --- maven-compiler-plugin:3.1:compile (default-compile) @ storm-core ---
[INFO] Nothing to compile - all classes are up to date
[INFO] 
[INFO] --- clojure-maven-plugin:1.7.1:compile (compile-clojure) @ storm-core ---
Compiling org.apache.storm.daemon.worker to /home/travis/build/apache/storm/storm-core/target/classes
Compiling org.apache.storm.metric.testing to /home/travis/build/apache/storm/storm-core/target/classes
Compiling org.apache.storm.testing to /home/travis/build/apache/storm/storm-core/target/classes
Compiling org.apache.storm.converter to /home/travis/build/apache/storm/storm-core/target/classes
Compiling org.apache.storm.util to /home/travis/build/apache/storm/storm-core/target/classes
Compiling org.apache.storm.command.heartbeats to /home/travis/build/apache/storm/storm-core/target/classes
Compiling org.apache.storm.blobstore to /home/travis/build/apache/storm/storm-core/target/classes
Compiling org.apache.storm.daemon.common to /home/travis/build/apache/storm/storm-core/target/classes
Compiling org.apache.storm.daemon.local-supervisor to /home/travis/build/apache/storm/storm-core/target/classes
Compiling org.apache.storm.command.get-errors to /home/travis/build/apache/storm/storm-core/target/classes
Compiling org.apache.storm.command.blobstore to /home/travis/build/apache/storm/storm-core/target/classes
Compiling org.apache.storm.trident.testing to /home/travis/build/apache/storm/storm-core/target/classes
Compiling org.apache.storm.daemon.drpc to /home/travis/build/apache/storm/storm-core/target/classes
Compiling org.apache.storm.config to /home/travis/build/apache/storm/storm-core/target/classes
Compiling org.apache.storm.testing4j to /home/travis/build/apache/storm/storm-core/target/classes
Compiling org.apache.storm.scheduler.IsolationScheduler to /home/travis/build/apache/storm/storm-core/target/classes
Compiling org.apache.storm.ui.helpers to /home/travis/build/apache/storm/storm-core/target/classes
Compiling org.apache.storm.log to /home/travis/build/apache/storm/storm-core/target/classes
Compiling org.apache.storm.daemon.executor to /home/travis/build/apache/storm/storm-core/target/classes
Compiling org.apache.storm.command.shell-submission to /home/travis/build/apache/storm/storm-core/target/classes
Compiling org.apache.storm.internal.clojure to /home/travis/build/apache/storm/storm-core/target/classes
Compiling org.apache.storm.internal.thrift to /home/travis/build/apache/storm/storm-core/target/classes
Compiling org.apache.storm.daemon.logviewer to /home/travis/build/apache/storm/storm-core/target/classes
Compiling org.apache.storm.daemon.nimbus to /home/travis/build/apache/storm/storm-core/target/classes
Compiling org.apache.storm.LocalCluster to /home/travis/build/apache/storm/storm-core/target/classes
Compiling org.apache.storm.local-state-converter to /home/travis/build/apache/storm/storm-core/target/classes
Compiling org.apache.storm.ui.core to /home/travis/build/apache/storm/storm-core/target/classes
15:08:00.604 [main] WARN  o.a.s.m.StormMetricsRegistry - Metric ui:num-topology-op-response-http-requests has already been registered
15:08:00.606 [main] WARN  o.a.s.m.StormMetricsRegistry - Metric ui:num-topology-op-response-http-requests has already been registered
[INFO] 
[INFO] --- make-maven-plugin:1.0-beta-1:autoreconf (compile) @ storm-core ---
[INFO] 
[INFO] --- make-maven-plugin:1.0-beta-1:configure (compile) @ storm-core ---
[INFO] /bin/sh: 14: /home/travis/.jdk_switcher_rc: [[: not found
[INFO] /bin/sh: 22: /home/travis/.jdk_switcher_rc: [[: not found
[INFO] /bin/sh: 32: /home/travis/.jdk_switcher_rc: [[: not found
[INFO] /bin/sh: 42: /home/travis/.jdk_switcher_rc: [[: not found
[INFO] /bin/sh: 3: /etc/profile.d/rvm.sh: [[: not found
[INFO] checking for gcc... gcc
[INFO] checking whether the C compiler works... yes
[INFO] checking for C compiler default output file name... a.out
[INFO] checking for suffix of executables... 
[INFO] checking whether we are cross compiling... no
[INFO] checking for suffix of object files... o
[INFO] checking whether we are using the GNU C compiler... yes
[INFO] checking whether gcc accepts -g... yes
[INFO] checking for gcc option to accept ISO C89... none needed
[INFO] checking how to run the C preprocessor... gcc -E
[INFO] checking for grep that handles long lines and -e... /bin/grep
[INFO] checking for egrep... /bin/grep -E
[INFO] checking for ANSI C header files... yes
[INFO] checking for sys/types.h... yes
[INFO] checking for sys/stat.h... yes
[INFO] checking for stdlib.h... yes
[INFO] checking for string.h... yes
[INFO] checking for memory.h... yes
[INFO] checking for strings.h... yes
[INFO] checking for inttypes.h... yes
[INFO] checking for stdint.h... yes
[INFO] checking for unistd.h... yes
[INFO] checking minix/config.h usability... no
[INFO] checking minix/config.h presence... no
[INFO] checking for minix/config.h... no
[INFO] checking whether it is safe to define __EXTENSIONS__... yes
[INFO] checking for a BSD-compatible install... /usr/bin/install -c
[INFO] checking whether build environment is sane... yes
[INFO] checking for a thread-safe mkdir -p... /bin/mkdir -p
[INFO] checking for gawk... gawk
[INFO] checking whether make sets $(MAKE)... yes
[INFO] checking for style of include used by make... GNU
[INFO] checking dependency style of gcc... gcc3
[INFO] checking for gcc... (cached) gcc
[INFO] checking whether we are using the GNU C compiler... (cached) yes
[INFO] checking whether gcc accepts -g... (cached) yes
[INFO] checking for gcc option to accept ISO C89... (cached) none needed
[INFO] checking whether gcc and cc understand -c and -o together... yes
[INFO] checking for unistd.h... (cached) yes
[INFO] checking for stdbool.h that conforms to C99... yes
[INFO] checking for _Bool... yes
[INFO] checking for an ANSI C-conforming const... yes
[INFO] checking for off_t... yes
[INFO] checking for size_t... yes
[INFO] checking whether strerror_r is declared... yes
[INFO] checking for strerror_r... yes
[INFO] checking whether strerror_r returns char *... yes
[INFO] checking for mkdir... yes
[INFO] checking for uname... yes
[INFO] configure: creating ./config.status
[INFO] config.status: creating Makefile
[INFO] config.status: executing depfiles commands
[INFO] 
[INFO] --- make-maven-plugin:1.0-beta-1:make-install (compile) @ storm-core ---
[INFO] /bin/sh: 14: /home/travis/.jdk_switcher_rc: [[: not found
[INFO] /bin/sh: 22: /home/travis/.jdk_switcher_rc: [[: not found
[INFO] /bin/sh: 32: /home/travis/.jdk_switcher_rc: [[: not found
[INFO] /bin/sh: 42: /home/travis/.jdk_switcher_rc: [[: not found
[INFO] /bin/sh: 3: /etc/profile.d/rvm.sh: [[: not found
[INFO] make[1]: Entering directory `/home/travis/build/apache/storm/storm-core/target/native/worker-launcher'
[INFO] test -z "/usr/local/bin" || /bin/mkdir -p "/home/travis/build/apache/storm/storm-core/target/native/target/usr/local/bin"
[INFO]   /usr/bin/install -c worker-launcher '/home/travis/build/apache/storm/storm-core/target/native/target/usr/local/bin'
[INFO] make[1]: Nothing to be done for `install-data-am'.
[INFO] make[1]: Leaving directory `/home/travis/build/apache/storm/storm-core/target/native/worker-launcher'
[INFO] 
[INFO] --- maven-resources-plugin:2.5:testResources (default-testResources) @ storm-core ---
[debug] execute contextualize
[INFO] Using 'UTF-8' encoding to copy filtered resources.
[INFO] Copying 14 resources
[INFO] Copying 2 resources
[INFO] Copying 3 resources
[INFO] 
[INFO] --- maven-dependency-plugin:2.8:unpack (unpack) @ storm-core ---
[INFO] Configured Artifact: org.apache.storm:multilang-ruby:2.0.0-SNAPSHOT:jar
[INFO] Downloading: https://repository.apache.org/snapshots/org/apache/storm/multilang-ruby/2.0.0-SNAPSHOT/maven-metadata.xml
[INFO] Configured Artifact: org.apache.storm:multilang-python:2.0.0-SNAPSHOT:jar
[INFO] Downloading: https://repository.apache.org/snapshots/org/apache/storm/multilang-python/2.0.0-SNAPSHOT/maven-metadata.xml
[INFO] Configured Artifact: org.apache.storm:multilang-javascript:2.0.0-SNAPSHOT:jar
[INFO] Downloading: https://repository.apache.org/snapshots/org/apache/storm/multilang-javascript/2.0.0-SNAPSHOT/maven-metadata.xml
[INFO] multilang-ruby-2.0.0-SNAPSHOT.jar already unpacked.
[INFO] multilang-python-2.0.0-SNAPSHOT.jar already unpacked.
[INFO] multilang-javascript-2.0.0-SNAPSHOT.jar already unpacked.
[INFO] 
[INFO] --- maven-compiler-plugin:3.1:testCompile (default-testCompile) @ storm-core ---
[INFO] Changes detected - recompiling the module!
[INFO] Compiling 51 source files to /home/travis/build/apache/storm/storm-core/target/test-classes
[WARNING] /home/travis/build/apache/storm/storm-core/test/jvm/org/apache/storm/localizer/LocalizerTest.java: Some input files use or override a deprecated API.
[WARNING] /home/travis/build/apache/storm/storm-core/test/jvm/org/apache/storm/localizer/LocalizerTest.java: Recompile with -Xlint:deprecation for details.
[WARNING] /home/travis/build/apache/storm/storm-core/test/jvm/org/apache/storm/command/TestCLI.java: Some input files use unchecked or unsafe operations.
[WARNING] /home/travis/build/apache/storm/storm-core/test/jvm/org/apache/storm/command/TestCLI.java: Recompile with -Xlint:unchecked for details.
[INFO] 
[INFO] --- maven-surefire-plugin:2.18.1:test (default-test) @ storm-core ---
[INFO] Surefire report directory: /home/travis/build/apache/storm/storm-core/target/surefire-reports
[INFO] parallel='none', perCoreThreadCount=true, threadCount=0, useUnlimitedThreads=false, threadCountSuites=0, threadCountClasses=0, threadCountMethods=0, parallelOptimized=true

-------------------------------------------------------
 T E S T S
-------------------------------------------------------
Running org.apache.storm.cluster.StormClusterStateImplTest
Tests run: 5, Failures: 0, Errors: 0, Skipped: 0, Time elapsed: 0.361 sec - in org.apache.storm.cluster.StormClusterStateImplTest
Running org.apache.storm.serialization.GzipBridgeThriftSerializationDelegateTest
Tests run: 3, Failures: 0, Errors: 0, Skipped: 0, Time elapsed: 0.019 sec - in org.apache.storm.serialization.GzipBridgeThriftSerializationDelegateTest
Running org.apache.storm.serialization.GzipBridgeSerializationDelegateTest
Tests run: 3, Failures: 0, Errors: 0, Skipped: 0, Time elapsed: 1.403 sec - in org.apache.storm.serialization.GzipBridgeSerializationDelegateTest
Running org.apache.storm.serialization.SerializationTest
Tests run: 3, Failures: 0, Errors: 0, Skipped: 0, Time elapsed: 2.052 sec - in org.apache.storm.serialization.SerializationTest
Running org.apache.storm.serialization.ThriftBridgeSerializationDelegateTest
Tests run: 1, Failures: 0, Errors: 0, Skipped: 0, Time elapsed: 0.006 sec - in org.apache.storm.serialization.ThriftBridgeSerializationDelegateTest
Running org.apache.storm.grouping.PartialKeyGroupingTest
Tests run: 2, Failures: 0, Errors: 0, Skipped: 0, Time elapsed: 0.029 sec - in org.apache.storm.grouping.PartialKeyGroupingTest
Running org.apache.storm.command.TestCLI
Tests run: 1, Failures: 0, Errors: 0, Skipped: 0, Time elapsed: 0.015 sec - in org.apache.storm.command.TestCLI
Running org.apache.storm.command.RebalanceTest
Tests run: 2, Failures: 0, Errors: 0, Skipped: 0, Time elapsed: 0.002 sec - in org.apache.storm.command.RebalanceTest
Running org.apache.storm.command.SetLogLevelTest
Tests run: 3, Failures: 0, Errors: 0, Skipped: 0, Time elapsed: 0.006 sec - in org.apache.storm.command.SetLogLevelTest
Running org.apache.storm.utils.UtilsTest
Tests run: 8, Failures: 0, Errors: 0, Skipped: 0, Time elapsed: 0.228 sec - in org.apache.storm.utils.UtilsTest
Running org.apache.storm.utils.DisruptorQueueTest
Tests run: 3, Failures: 0, Errors: 0, Skipped: 0, Time elapsed: 5.377 sec - in org.apache.storm.utils.DisruptorQueueTest
Running org.apache.storm.utils.DisruptorQueueBackpressureTest
Tests run: 1, Failures: 0, Errors: 0, Skipped: 0, Time elapsed: 0.001 sec - in org.apache.storm.utils.DisruptorQueueBackpressureTest
Running org.apache.storm.utils.StormBoundedExponentialBackoffRetryTest
Tests run: 5, Failures: 0, Errors: 0, Skipped: 0, Time elapsed: 0.183 sec - in org.apache.storm.utils.StormBoundedExponentialBackoffRetryTest
Running org.apache.storm.utils.TimeTest
Tests run: 8, Failures: 0, Errors: 0, Skipped: 0, Time elapsed: 0.005 sec - in org.apache.storm.utils.TimeTest
Running org.apache.storm.utils.ThriftTopologyUtilsTest
Tests run: 5, Failures: 0, Errors: 0, Skipped: 0, Time elapsed: 0.035 sec - in org.apache.storm.utils.ThriftTopologyUtilsTest
Running org.apache.storm.utils.WorkerBackpressureThreadTest
Tests run: 1, Failures: 0, Errors: 0, Skipped: 0, Time elapsed: 0.204 sec - in org.apache.storm.utils.WorkerBackpressureThreadTest
Running org.apache.storm.utils.ShellBoltMessageQueueTest
Tests run: 3, Failures: 0, Errors: 0, Skipped: 0, Time elapsed: 2.378 sec - in org.apache.storm.utils.ShellBoltMessageQueueTest
Running org.apache.storm.metric.internal.CountStatAndMetricTest
Tests run: 1, Failures: 0, Errors: 0, Skipped: 0, Time elapsed: 0.004 sec - in org.apache.storm.metric.internal.CountStatAndMetricTest
Running org.apache.storm.metric.internal.RateTrackerTest
Tests run: 4, Failures: 0, Errors: 0, Skipped: 0, Time elapsed: 0.002 sec - in org.apache.storm.metric.internal.RateTrackerTest
Running org.apache.storm.metric.internal.LatencyStatAndMetricTest
Tests run: 1, Failures: 0, Errors: 0, Skipped: 0, Time elapsed: 0.511 sec - in org.apache.storm.metric.internal.LatencyStatAndMetricTest
Running org.apache.storm.scheduler.resource.strategies.scheduling.TestDefaultResourceAwareStrategy
Tests run: 2, Failures: 0, Errors: 0, Skipped: 0, Time elapsed: 14.673 sec - in org.apache.storm.scheduler.resource.strategies.scheduling.TestDefaultResourceAwareStrategy
Running org.apache.storm.scheduler.resource.TestResourceAwareScheduler
Tests run: 14, Failures: 0, Errors: 0, Skipped: 0, Time elapsed: 30.749 sec - in org.apache.storm.scheduler.resource.TestResourceAwareScheduler
Running org.apache.storm.scheduler.resource.TestUser
Tests run: 3, Failures: 0, Errors: 0, Skipped: 0, Time elapsed: 27.46 sec - in org.apache.storm.scheduler.resource.TestUser
Running org.apache.storm.localizer.LocalizerTest
Tests run: 13, Failures: 0, Errors: 0, Skipped: 0, Time elapsed: 17.306 sec - in org.apache.storm.localizer.LocalizerTest
Running org.apache.storm.localizer.LocalizedResourceRetentionSetTest
Tests run: 2, Failures: 0, Errors: 0, Skipped: 0, Time elapsed: 1.241 sec - in org.apache.storm.localizer.LocalizedResourceRetentionSetTest
Running org.apache.storm.localizer.LocalizedResourceSetTest
Tests run: 4, Failures: 0, Errors: 0, Skipped: 0, Time elapsed: 0.071 sec - in org.apache.storm.localizer.LocalizedResourceSetTest
Running org.apache.storm.spout.CheckpointSpoutTest
Tests run: 7, Failures: 0, Errors: 0, Skipped: 0, Time elapsed: 3.351 sec - in org.apache.storm.spout.CheckpointSpoutTest
Running org.apache.storm.blobstore.ClientBlobStoreTest
Tests run: 4, Failures: 0, Errors: 0, Skipped: 0, Time elapsed: 0.009 sec - in org.apache.storm.blobstore.ClientBlobStoreTest
Running org.apache.storm.blobstore.BlobStoreTest
Tests run: 4, Failures: 0, Errors: 0, Skipped: 0, Time elapsed: 15.299 sec - in org.apache.storm.blobstore.BlobStoreTest
Running org.apache.storm.blobstore.BlobSynchronizerTest
Tests run: 4, Failures: 0, Errors: 0, Skipped: 0, Time elapsed: 14.376 sec - in org.apache.storm.blobstore.BlobSynchronizerTest
Running org.apache.storm.topology.StatefulWindowedBoltExecutorTest
Tests run: 4, Failures: 0, Errors: 0, Skipped: 0, Time elapsed: 3.64 sec - in org.apache.storm.topology.StatefulWindowedBoltExecutorTest
Running org.apache.storm.topology.TopologyBuilderTest
Tests run: 5, Failures: 0, Errors: 0, Skipped: 0, Time elapsed: 4.093 sec - in org.apache.storm.topology.TopologyBuilderTest
Running org.apache.storm.topology.StatefulBoltExecutorTest
Tests run: 7, Failures: 0, Errors: 0, Skipped: 0, Time elapsed: 3.45 sec - in org.apache.storm.topology.StatefulBoltExecutorTest
Running org.apache.storm.topology.WindowedBoltExecutorTest
Tests run: 5, Failures: 1, Errors: 0, Skipped: 0, Time elapsed: 1.939 sec <<< FAILURE! - in org.apache.storm.topology.WindowedBoltExecutorTest
testExecuteWithLateTupleStream(org.apache.storm.topology.WindowedBoltExecutorTest)  Time elapsed: 0.857 sec  <<< FAILURE!
org.mockito.exceptions.verification.WantedButNotInvoked: 
Wanted but not invoked:
outputCollector.emit(
    "$late",
    [source: null:1, stream: s1, id: {}, [600]],
    [source: null:1, stream: s1, id: {}, [600]]
);
-> at org.apache.storm.topology.WindowedBoltExecutorTest.testExecuteWithLateTupleStream(WindowedBoltExecutorTest.java:225)

However, there were other interactions with this mock:
-> at org.apache.storm.task.OutputCollector.ack(OutputCollector.java:213)
-> at org.apache.storm.task.OutputCollector.ack(OutputCollector.java:213)
-> at org.apache.storm.task.OutputCollector.ack(OutputCollector.java:213)

	at org.apache.storm.topology.WindowedBoltExecutorTest.testExecuteWithLateTupleStream(WindowedBoltExecutorTest.java:225)

Running org.apache.storm.state.InMemoryKeyValueStateTest
Tests run: 2, Failures: 0, Errors: 0, Skipped: 0, Time elapsed: 0.001 sec - in org.apache.storm.state.InMemoryKeyValueStateTest
Running org.apache.storm.windowing.WaterMarkEventGeneratorTest
Tests run: 5, Failures: 0, Errors: 0, Skipped: 0, Time elapsed: 0 sec - in org.apache.storm.windowing.WaterMarkEventGeneratorTest
Running org.apache.storm.windowing.WindowManagerTest
Tests run: 10, Failures: 0, Errors: 0, Skipped: 0, Time elapsed: 0.856 sec - in org.apache.storm.windowing.WindowManagerTest
Running org.apache.storm.trident.TestTridentTopology
Tests run: 1, Failures: 0, Errors: 0, Skipped: 0, Time elapsed: 367.182 sec - in org.apache.storm.trident.TestTridentTopology
Running org.apache.storm.trident.TridentWindowingTest
Tests run: 3, Failures: 0, Errors: 0, Skipped: 0, Time elapsed: 0.455 sec - in org.apache.storm.trident.TridentWindowingTest
Running org.apache.storm.nimbus.LocalNimbusTest
Tests run: 1, Failures: 0, Errors: 0, Skipped: 0, Time elapsed: 67.954 sec - in org.apache.storm.nimbus.LocalNimbusTest
Running org.apache.storm.TestConfigValidate
Tests run: 25, Failures: 0, Errors: 0, Skipped: 0, Time elapsed: 2.74 sec - in org.apache.storm.TestConfigValidate
Running org.apache.storm.PacemakerTest
Tests run: 9, Failures: 0, Errors: 0, Skipped: 0, Time elapsed: 2.257 sec - in org.apache.storm.PacemakerTest
Running org.apache.storm.TestCgroups
Tests run: 1, Failures: 0, Errors: 0, Skipped: 1, Time elapsed: 0.578 sec - in org.apache.storm.TestCgroups
Running org.apache.storm.PaceMakerStateStorageFactoryTest
Tests run: 10, Failures: 0, Errors: 0, Skipped: 0, Time elapsed: 0.672 sec - in org.apache.storm.PaceMakerStateStorageFactoryTest

Results :

Failed tests: 
  WindowedBoltExecutorTest.testExecuteWithLateTupleStream:225 
Wanted but not invoked:
outputCollector.emit(
    "$late",
    [source: null:1, stream: s1, id: {}, [600]],
    [source: null:1, stream: s1, id: {}, [600]]
);
-> at org.apache.storm.topology.WindowedBoltExecutorTest.testExecuteWithLateTupleStream(WindowedBoltExecutorTest.java:225)

However, there were other interactions with this mock:
-> at org.apache.storm.task.OutputCollector.ack(OutputCollector.java:213)
-> at org.apache.storm.task.OutputCollector.ack(OutputCollector.java:213)
-> at org.apache.storm.task.OutputCollector.ack(OutputCollector.java:213)


Tests run: 208, Failures: 1, Errors: 0, Skipped: 1

[INFO] ------------------------------------------------------------------------
[INFO] BUILD FAILURE
[INFO] ------------------------------------------------------------------------
[INFO] Total time: 10:31 min
[INFO] Finished at: 2016-06-09T15:18:15+00:00
[INFO] Final Memory: 41M/430M
[INFO] ------------------------------------------------------------------------
[ERROR] Failed to execute goal org.apache.maven.plugins:maven-surefire-plugin:2.18.1:test (default-test) on project storm-core: There are test failures.
[ERROR] 
[ERROR] Please refer to /home/travis/build/apache/storm/storm-core/target/surefire-reports for the individual test results.
[ERROR] -> [Help 1]
[ERROR] 
[ERROR] To see the full stack trace of the errors, re-run Maven with the -e switch.
[ERROR] Re-run Maven using the -X switch to enable full debug logging.
[ERROR] 
[ERROR] For more information about the errors and possible solutions, please read the following articles:
[ERROR] [Help 1] http://cwiki.apache.org/confluence/display/MAVEN/MojoFailureException
Looking for errors in ./storm-core/target/surefire-reports
Checking ./storm-core/target/surefire-reports/TEST-org.apache.storm.cluster.StormClusterStateImplTest.xml
Checking ./storm-core/target/surefire-reports/TEST-org.apache.storm.serialization.GzipBridgeThriftSerializationDelegateTest.xml
Checking ./storm-core/target/surefire-reports/TEST-org.apache.storm.serialization.GzipBridgeSerializationDelegateTest.xml
Checking ./storm-core/target/surefire-reports/TEST-org.apache.storm.serialization.SerializationTest.xml
Checking ./storm-core/target/surefire-reports/TEST-org.apache.storm.serialization.ThriftBridgeSerializationDelegateTest.xml
Checking ./storm-core/target/surefire-reports/TEST-org.apache.storm.grouping.PartialKeyGroupingTest.xml
Checking ./storm-core/target/surefire-reports/TEST-org.apache.storm.command.TestCLI.xml
Checking ./storm-core/target/surefire-reports/TEST-org.apache.storm.command.RebalanceTest.xml
Checking ./storm-core/target/surefire-reports/TEST-org.apache.storm.command.SetLogLevelTest.xml
Checking ./storm-core/target/surefire-reports/TEST-org.apache.storm.utils.UtilsTest.xml
Checking ./storm-core/target/surefire-reports/TEST-org.apache.storm.utils.DisruptorQueueTest.xml
Checking ./storm-core/target/surefire-reports/TEST-org.apache.storm.utils.DisruptorQueueBackpressureTest.xml
Checking ./storm-core/target/surefire-reports/TEST-org.apache.storm.utils.StormBoundedExponentialBackoffRetryTest.xml
Checking ./storm-core/target/surefire-reports/TEST-org.apache.storm.utils.TimeTest.xml
Checking ./storm-core/target/surefire-reports/TEST-org.apache.storm.utils.ThriftTopologyUtilsTest.xml
Checking ./storm-core/target/surefire-reports/TEST-org.apache.storm.utils.WorkerBackpressureThreadTest.xml
Checking ./storm-core/target/surefire-reports/TEST-org.apache.storm.utils.ShellBoltMessageQueueTest.xml
Checking ./storm-core/target/surefire-reports/TEST-org.apache.storm.metric.internal.CountStatAndMetricTest.xml
Checking ./storm-core/target/surefire-reports/TEST-org.apache.storm.metric.internal.RateTrackerTest.xml
Checking ./storm-core/target/surefire-reports/TEST-org.apache.storm.metric.internal.LatencyStatAndMetricTest.xml
Checking ./storm-core/target/surefire-reports/TEST-org.apache.storm.scheduler.resource.strategies.scheduling.TestDefaultResourceAwareStrategy.xml
Checking ./storm-core/target/surefire-reports/TEST-org.apache.storm.scheduler.resource.TestResourceAwareScheduler.xml
Checking ./storm-core/target/surefire-reports/TEST-org.apache.storm.scheduler.resource.TestUser.xml
Checking ./storm-core/target/surefire-reports/TEST-org.apache.storm.localizer.LocalizerTest.xml
Checking ./storm-core/target/surefire-reports/TEST-org.apache.storm.localizer.LocalizedResourceRetentionSetTest.xml
Checking ./storm-core/target/surefire-reports/TEST-org.apache.storm.localizer.LocalizedResourceSetTest.xml
Checking ./storm-core/target/surefire-reports/TEST-org.apache.storm.spout.CheckpointSpoutTest.xml
Checking ./storm-core/target/surefire-reports/TEST-org.apache.storm.blobstore.ClientBlobStoreTest.xml
Checking ./storm-core/target/surefire-reports/TEST-org.apache.storm.blobstore.BlobStoreTest.xml
Checking ./storm-core/target/surefire-reports/TEST-org.apache.storm.blobstore.BlobSynchronizerTest.xml
Checking ./storm-core/target/surefire-reports/TEST-org.apache.storm.topology.StatefulWindowedBoltExecutorTest.xml
Checking ./storm-core/target/surefire-reports/TEST-org.apache.storm.topology.TopologyBuilderTest.xml
Checking ./storm-core/target/surefire-reports/TEST-org.apache.storm.topology.StatefulBoltExecutorTest.xml
Checking ./storm-core/target/surefire-reports/TEST-org.apache.storm.topology.WindowedBoltExecutorTest.xml
--------------------------------------------------
classname: org.apache.storm.topology.WindowedBoltExecutorTest / testname: testExecuteWithLateTupleStream
org.mockito.exceptions.verification.WantedButNotInvoked: 
Wanted but not invoked:
outputCollector.emit(
    "$late",
    [source: null:1, stream: s1, id: {}, [600]],
    [source: null:1, stream: s1, id: {}, [600]]
);
-> at org.apache.storm.topology.WindowedBoltExecutorTest.testExecuteWithLateTupleStream(WindowedBoltExecutorTest.java:225)

However, there were other interactions with this mock:
-> at org.apache.storm.task.OutputCollector.ack(OutputCollector.java:213)
-> at org.apache.storm.task.OutputCollector.ack(OutputCollector.java:213)
-> at org.apache.storm.task.OutputCollector.ack(OutputCollector.java:213)

	at org.apache.storm.topology.WindowedBoltExecutorTest.testExecuteWithLateTupleStream(WindowedBoltExecutorTest.java:225)

-------------------- system-out --------------------
149831 [main-SendThread(localhost:2181)] WARN  o.a.z.ClientCnxn - Session 0x0 for server null, unexpected error, closing socket connection and attempting reconnect
java.net.ConnectException: Connection refused
	at sun.nio.ch.SocketChannelImpl.checkConnect(Native Method) ~[?:1.7.0_76]
	at sun.nio.ch.SocketChannelImpl.finishConnect(SocketChannelImpl.java:739) ~[?:1.7.0_76]
	at org.apache.zookeeper.ClientCnxnSocketNIO.doTransport(ClientCnxnSocketNIO.java:361) ~[zookeeper-3.4.6.jar:3.4.6-1569965]
	at org.apache.zookeeper.ClientCnxn$SendThread.run(ClientCnxn.java:1081) [zookeeper-3.4.6.jar:3.4.6-1569965]
149925 [main-SendThread(localhost:2181)] WARN  o.a.z.ClientCnxn - Session 0x0 for server null, unexpected error, closing socket connection and attempting reconnect
java.net.ConnectException: Connection refused
	at sun.nio.ch.SocketChannelImpl.checkConnect(Native Method) ~[?:1.7.0_76]
	at sun.nio.ch.SocketChannelImpl.finishConnect(SocketChannelImpl.java:739) ~[?:1.7.0_76]
	at org.apache.zookeeper.ClientCnxnSocketNIO.doTransport(ClientCnxnSocketNIO.java:361) ~[zookeeper-3.4.6.jar:3.4.6-1569965]
	at org.apache.zookeeper.ClientCnxn$SendThread.run(ClientCnxn.java:1081) [zookeeper-3.4.6.jar:3.4.6-1569965]
150177 [main-SendThread(localhost:2181)] WARN  o.a.z.ClientCnxn - Session 0x0 for server null, unexpected error, closing socket connection and attempting reconnect
java.net.ConnectException: Connection refused
	at sun.nio.ch.SocketChannelImpl.checkConnect(Native Method) ~[?:1.7.0_76]
	at sun.nio.ch.SocketChannelImpl.finishConnect(SocketChannelImpl.java:739) ~[?:1.7.0_76]
	at org.apache.zookeeper.ClientCnxnSocketNIO.doTransport(ClientCnxnSocketNIO.java:361) ~[zookeeper-3.4.6.jar:3.4.6-1569965]
	at org.apache.zookeeper.ClientCnxn$SendThread.run(ClientCnxn.java:1081) [zookeeper-3.4.6.jar:3.4.6-1569965]
150278 [main-SendThread(localhost:2181)] WARN  o.a.z.ClientCnxn - Session 0x0 for server null, unexpected error, closing socket connection and attempting reconnect
java.net.ConnectException: Connection refused
	at sun.nio.ch.SocketChannelImpl.checkConnect(Native Method) ~[?:1.7.0_76]
	at sun.nio.ch.SocketChannelImpl.finishConnect(SocketChannelImpl.java:739) ~[?:1.7.0_76]
	at org.apache.zookeeper.ClientCnxnSocketNIO.doTransport(ClientCnxnSocketNIO.java:361) ~[zookeeper-3.4.6.jar:3.4.6-1569965]
	at org.apache.zookeeper.ClientCnxn$SendThread.run(ClientCnxn.java:1081) [zookeeper-3.4.6.jar:3.4.6-1569965]
150454 [main-SendThread(localhost:2181)] WARN  o.a.z.ClientCnxn - Session 0x0 for server null, unexpected error, closing socket connection and attempting reconnect
java.net.ConnectException: Connection refused
	at sun.nio.ch.SocketChannelImpl.checkConnect(Native Method) ~[?:1.7.0_76]
	at sun.nio.ch.SocketChannelImpl.finishConnect(SocketChannelImpl.java:739) ~[?:1.7.0_76]
	at org.apache.zookeeper.ClientCnxnSocketNIO.doTransport(ClientCnxnSocketNIO.java:361) ~[zookeeper-3.4.6.jar:3.4.6-1569965]
	at org.apache.zookeeper.ClientCnxn$SendThread.run(ClientCnxn.java:1081) [zookeeper-3.4.6.jar:3.4.6-1569965]
150499 [main-SendThread(localhost:2181)] WARN  o.a.z.ClientCnxn - Session 0x0 for server null, unexpected error, closing socket connection and attempting reconnect
java.net.ConnectException: Connection refused
	at sun.nio.ch.SocketChannelImpl.checkConnect(Native Method) ~[?:1.7.0_76]
	at sun.nio.ch.SocketChannelImpl.finishConnect(SocketChannelImpl.java:739) ~[?:1.7.0_76]
	at org.apache.zookeeper.ClientCnxnSocketNIO.doTransport(ClientCnxnSocketNIO.java:361) ~[zookeeper-3.4.6.jar:3.4.6-1569965]
	at org.apache.zookeeper.ClientCnxn$SendThread.run(ClientCnxn.java:1081) [zookeeper-3.4.6.jar:3.4.6-1569965]
150500 [main-SendThread(localhost:2181)] WARN  o.a.z.ClientCnxn - Session 0x0 for server null, unexpected error, closing socket connection and attempting reconnect
java.net.ConnectException: Connection refused
	at sun.nio.ch.SocketChannelImpl.checkConnect(Native Method) ~[?:1.7.0_76]
	at sun.nio.ch.SocketChannelImpl.finishConnect(SocketChannelImpl.java:739) ~[?:1.7.0_76]
	at org.apache.zookeeper.ClientCnxnSocketNIO.doTransport(ClientCnxnSocketNIO.java:361) ~[zookeeper-3.4.6.jar:3.4.6-1569965]
	at org.apache.zookeeper.ClientCnxn$SendThread.run(ClientCnxn.java:1081) [zookeeper-3.4.6.jar:3.4.6-1569965]
150555 [main-SendThread(localhost:2181)] WARN  o.a.z.ClientCnxn - Session 0x0 for server null, unexpected error, closing socket connection and attempting reconnect
java.net.ConnectException: Connection refused
	at sun.nio.ch.SocketChannelImpl.checkConnect(Native Method) ~[?:1.7.0_76]
	at sun.nio.ch.SocketChannelImpl.finishConnect(SocketChannelImpl.java:739) ~[?:1.7.0_76]
	at org.apache.zookeeper.ClientCnxnSocketNIO.doTransport(ClientCnxnSocketNIO.java:361) ~[zookeeper-3.4.6.jar:3.4.6-1569965]
	at org.apache.zookeeper.ClientCnxn$SendThread.run(ClientCnxn.java:1081) [zookeeper-3.4.6.jar:3.4.6-1569965]
150600 [main-SendThread(localhost:2181)] WARN  o.a.z.ClientCnxn - Session 0x0 for server null, unexpected error, closing socket connection and attempting reconnect
java.net.ConnectException: Connection refused
	at sun.nio.ch.SocketChannelImpl.checkConnect(Native Method) ~[?:1.7.0_76]
	at sun.nio.ch.SocketChannelImpl.finishConnect(SocketChannelImpl.java:739) ~[?:1.7.0_76]
	at org.apache.zookeeper.ClientCnxnSocketNIO.doTransport(ClientCnxnSocketNIO.java:361) ~[zookeeper-3.4.6.jar:3.4.6-1569965]
	at org.apache.zookeeper.ClientCnxn$SendThread.run(ClientCnxn.java:1081) [zookeeper-3.4.6.jar:3.4.6-1569965]
150601 [main-SendThread(localhost:2181)] WARN  o.a.z.ClientCnxn - Session 0x0 for server null, unexpected error, closing socket connection and attempting reconnect
java.net.ConnectException: Connection refused
	at sun.nio.ch.SocketChannelImpl.checkConnect(Native Method) ~[?:1.7.0_76]
	at sun.nio.ch.SocketChannelImpl.finishConnect(SocketChannelImpl.java:739) ~[?:1.7.0_76]
	at org.apache.zookeeper.ClientCnxnSocketNIO.doTransport(ClientCnxnSocketNIO.java:361) ~[zookeeper-3.4.6.jar:3.4.6-1569965]
	at org.apache.zookeeper.ClientCnxn$SendThread.run(ClientCnxn.java:1081) [zookeeper-3.4.6.jar:3.4.6-1569965]
[TupleWindowImpl{tuples=[source: null:1, stream: s1, id: {}, [603], source: null:1, stream: s1, id: {}, [605], source: null:1, stream: s1, id: {}, [607]], newTuples=[source: null:1, stream: s1, id: {}, [603], source: null:1, stream: s1, id: {}, [605], source: null:1, stream: s1, id: {}, [607]], expiredTuples=[]}, TupleWindowImpl{tuples=[source: null:1, stream: s1, id: {}, [603], source: null:1, stream: s1, id: {}, [605], source: null:1, stream: s1, id: {}, [607], source: null:1, stream: s1, id: {}, [618]], newTuples=[source: null:1, stream: s1, id: {}, [618]], expiredTuples=[]}, TupleWindowImpl{tuples=[source: null:1, stream: s1, id: {}, [618], source: null:1, stream: s1, id: {}, [626]], newTuples=[source: null:1, stream: s1, id: {}, [626]], expiredTuples=[source: null:1, stream: s1, id: {}, [603], source: null:1, stream: s1, id: {}, [605], source: null:1, stream: s1, id: {}, [607]]}]

--------------------------------------------------
Checking ./storm-core/target/surefire-reports/TEST-org.apache.storm.state.InMemoryKeyValueStateTest.xml
Checking ./storm-core/target/surefire-reports/TEST-org.apache.storm.windowing.WaterMarkEventGeneratorTest.xml
Checking ./storm-core/target/surefire-reports/TEST-org.apache.storm.windowing.WindowManagerTest.xml
Checking ./storm-core/target/surefire-reports/TEST-org.apache.storm.trident.TestTridentTopology.xml
Checking ./storm-core/target/surefire-reports/TEST-org.apache.storm.trident.TridentWindowingTest.xml
Checking ./storm-core/target/surefire-reports/TEST-org.apache.storm.nimbus.LocalNimbusTest.xml
Checking ./storm-core/target/surefire-reports/TEST-org.apache.storm.TestConfigValidate.xml
Checking ./storm-core/target/surefire-reports/TEST-org.apache.storm.PacemakerTest.xml
Checking ./storm-core/target/surefire-reports/TEST-org.apache.storm.TestCgroups.xml
Checking ./storm-core/target/surefire-reports/TEST-org.apache.storm.PaceMakerStateStorageFactoryTest.xml

travis_time:end:3a6a506f:start=1465484862325608314,finish=1465485496199840000,duration=633874231686[0K
[31;1mThe command "/bin/bash ./dev-tools/travis/travis-script.sh `pwd` $MODULES" exited with 1.[0m
travis_fold:start:cache.2[0Kstore build cache
travis_time:start:051f72f6[0K
travis_time:end:051f72f6:start=1465485496204295400,finish=1465485496207789185,duration=3493785[0Ktravis_time:start:09f81ead[0K[32;1mchange detected (content changed, file is created, or file is deleted):
/home/travis/.m2/repository/eigenbase/eigenbase-properties/1.1.4/eigenbase-properties-1.1.4.pom.lastUpdated
/home/travis/.m2/repository/io/confluent/kafka-avro-serializer/1.0/kafka-avro-serializer-1.0.pom.lastUpdated
/home/travis/.m2/repository/io/confluent/kafka-schema-registry-client/1.0/kafka-schema-registry-client-1.0.pom.lastUpdated
/home/travis/.m2/repository/net/hydromatic/linq4j/0.4/linq4j-0.4.pom.lastUpdated
/home/travis/.m2/repository/net/hydromatic/quidem/0.1.1/quidem-0.1.1.pom.lastUpdated
/home/travis/.m2/repository/org/apache/storm/flux/2.0.0-SNAPSHOT/maven-metadata-local.xml
/home/travis/.m2/repository/org/apache/storm/flux/2.0.0-SNAPSHOT/_remote.repositories
/home/travis/.m2/repository/org/apache/storm/flux-core/2.0.0-SNAPSHOT/flux-core-2.0.0-SNAPSHOT.jar
/home/travis/.m2/repository/org/apache/storm/flux-core/2.0.0-SNAPSHOT/maven-metadata-local.xml
/home/travis/.m2/repository/org/apache/storm/flux-core/2.0.0-SNAPSHOT/_remote.repositories
/home/travis/.m2/repository/org/ap
[0m
[32;1m...
[0m
[32;1mchanges detected, packing new archive[0m
.
.
.
.
.
[32;1muploading archive[0m

travis_time:end:09f81ead:start=1465485496211818022,finish=1465485547854571742,duration=51642753720[0Ktravis_fold:end:cache.2[0K
Done. Your build exited with 1.
