Using worker: worker-linux-docker-0ee11a4b.prod.travis-ci.org:travis-linux-5

travis_fold:start:system_info[0K[33;1mBuild system information[0m
Build language: java
Build group: stable
Build dist: precise
[34m[1mBuild image provisioning date and time[0m
Thu Feb  5 15:09:33 UTC 2015
[34m[1mOperating System Details[0m
Distributor ID:	Ubuntu
Description:	Ubuntu 12.04.5 LTS
Release:	12.04
Codename:	precise
[34m[1mLinux Version[0m
3.13.0-29-generic
[34m[1mCookbooks Version[0m
a68419e https://github.com/travis-ci/travis-cookbooks/tree/a68419e
[34m[1mGCC version[0m
gcc (Ubuntu/Linaro 4.6.3-1ubuntu5) 4.6.3
Copyright (C) 2011 Free Software Foundation, Inc.
This is free software; see the source for copying conditions.  There is NO
warranty; not even for MERCHANTABILITY or FITNESS FOR A PARTICULAR PURPOSE.

[34m[1mLLVM version[0m
clang version 3.4 (tags/RELEASE_34/final)
Target: x86_64-unknown-linux-gnu
Thread model: posix
[34m[1mPre-installed Ruby versions[0m
ruby-1.9.3-p551
[34m[1mPre-installed Node.js versions[0m
v0.10.36
[34m[1mPre-installed Go versions[0m
1.4.1
[34m[1mRedis version[0m
redis-server 2.8.19
[34m[1mriak version[0m
2.0.2
[34m[1mMongoDB version[0m
MongoDB 2.4.12
[34m[1mCouchDB version[0m
couchdb 1.6.1
[34m[1mNeo4j version[0m
1.9.4
[34m[1mRabbitMQ Version[0m
3.4.3
[34m[1mElasticSearch version[0m
1.4.0
[34m[1mInstalled Sphinx versions[0m
2.0.10
2.1.9
2.2.6
[34m[1mDefault Sphinx version[0m
2.2.6
[34m[1mInstalled Firefox version[0m
firefox 31.0esr
[34m[1mPhantomJS version[0m
1.9.8
[34m[1mant -version[0m
Apache Ant(TM) version 1.8.2 compiled on December 3 2011
[34m[1mmvn -version[0m
Apache Maven 3.2.5 (12a6b3acb947671f09b81f49094c53f426d8cea1; 2014-12-14T17:29:23+00:00)
Maven home: /usr/local/maven
Java version: 1.7.0_76, vendor: Oracle Corporation
Java home: /usr/lib/jvm/java-7-oracle/jre
Default locale: en_US, platform encoding: ANSI_X3.4-1968
OS name: "linux", version: "3.13.0-29-generic", arch: "amd64", family: "unix"
travis_fold:end:system_info[0K
travis_fold:start:fix.CVE-2015-7547[0K$ export DEBIAN_FRONTEND=noninteractive
W: Size of file /var/lib/apt/lists/us.archive.ubuntu.com_ubuntu_dists_precise-backports_multiverse_source_Sources.gz is not what the server reported 5886 5888
W: Size of file /var/lib/apt/lists/ppa.launchpad.net_ubuntugis_ppa_ubuntu_dists_precise_main_binary-amd64_Packages.gz is not what the server reported 36669 36677
W: Size of file /var/lib/apt/lists/ppa.launchpad.net_ubuntugis_ppa_ubuntu_dists_precise_main_binary-i386_Packages.gz is not what the server reported 36729 36733
Reading package lists...
Building dependency tree...
Reading state information...
The following extra packages will be installed:
  libc-bin libc-dev-bin libc6-dev
Suggested packages:
  glibc-doc
The following packages will be upgraded:
  libc-bin libc-dev-bin libc6 libc6-dev
4 upgraded, 0 newly installed, 0 to remove and 246 not upgraded.
Need to get 8,840 kB of archives.
After this operation, 14.3 kB disk space will be freed.
Get:1 http://us.archive.ubuntu.com/ubuntu/ precise-updates/main libc6-dev amd64 2.15-0ubuntu10.15 [2,943 kB]
Get:2 http://us.archive.ubuntu.com/ubuntu/ precise-updates/main libc-dev-bin amd64 2.15-0ubuntu10.15 [84.7 kB]
Get:3 http://us.archive.ubuntu.com/ubuntu/ precise-updates/main libc-bin amd64 2.15-0ubuntu10.15 [1,177 kB]
Get:4 http://us.archive.ubuntu.com/ubuntu/ precise-updates/main libc6 amd64 2.15-0ubuntu10.15 [4,636 kB]
Fetched 8,840 kB in 0s (28.4 MB/s)
Preconfiguring packages ...
(Reading database ... (Reading database ... 5%(Reading database ... 10%(Reading database ... 15%(Reading database ... 20%(Reading database ... 25%(Reading database ... 30%(Reading database ... 35%(Reading database ... 40%(Reading database ... 45%(Reading database ... 50%(Reading database ... 55%(Reading database ... 60%(Reading database ... 65%(Reading database ... 70%(Reading database ... 75%(Reading database ... 80%(Reading database ... 85%(Reading database ... 90%(Reading database ... 95%(Reading database ... 100%(Reading database ... 72019 files and directories currently installed.)
Preparing to replace libc6-dev 2.15-0ubuntu10.10 (using .../libc6-dev_2.15-0ubuntu10.15_amd64.deb) ...
Unpacking replacement libc6-dev ...
Preparing to replace libc-dev-bin 2.15-0ubuntu10.10 (using .../libc-dev-bin_2.15-0ubuntu10.15_amd64.deb) ...
Unpacking replacement libc-dev-bin ...
Preparing to replace libc-bin 2.15-0ubuntu10.10 (using .../libc-bin_2.15-0ubuntu10.15_amd64.deb) ...
Unpacking replacement libc-bin ...
Processing triggers for man-db ...
Setting up libc-bin (2.15-0ubuntu10.15) ...
(Reading database ... (Reading database ... 5%(Reading database ... 10%(Reading database ... 15%(Reading database ... 20%(Reading database ... 25%(Reading database ... 30%(Reading database ... 35%(Reading database ... 40%(Reading database ... 45%(Reading database ... 50%(Reading database ... 55%(Reading database ... 60%(Reading database ... 65%(Reading database ... 70%(Reading database ... 75%(Reading database ... 80%(Reading database ... 85%(Reading database ... 90%(Reading database ... 95%(Reading database ... 100%(Reading database ... 72018 files and directories currently installed.)
Preparing to replace libc6 2.15-0ubuntu10.10 (using .../libc6_2.15-0ubuntu10.15_amd64.deb) ...
Unpacking replacement libc6 ...
Setting up libc6 (2.15-0ubuntu10.15) ...
Setting up libc-dev-bin (2.15-0ubuntu10.15) ...
Setting up libc6-dev (2.15-0ubuntu10.15) ...
Processing triggers for libc-bin ...
ldconfig deferred processing now taking place
travis_fold:end:fix.CVE-2015-7547[0Ktravis_fold:start:git.checkout[0Ktravis_time:start:0b297ee0[0K$ git clone --depth=50 --branch=1.x-branch https://github.com/apache/storm.git apache/storm
Cloning into 'apache/storm'...
remote: Counting objects: 6326, done.[K
remote: Compressing objects:   0% (1/3605)   [Kremote: Compressing objects:   1% (37/3605)   [Kremote: Compressing objects:   2% (73/3605)   [Kremote: Compressing objects:   3% (109/3605)   [Kremote: Compressing objects:   4% (145/3605)   [Kremote: Compressing objects:   5% (181/3605)   [Kremote: Compressing objects:   6% (217/3605)   [Kremote: Compressing objects:   7% (253/3605)   [Kremote: Compressing objects:   8% (289/3605)   [Kremote: Compressing objects:   9% (325/3605)   [Kremote: Compressing objects:  10% (361/3605)   [Kremote: Compressing objects:  11% (397/3605)   [Kremote: Compressing objects:  12% (433/3605)   [Kremote: Compressing objects:  13% (469/3605)   [Kremote: Compressing objects:  14% (505/3605)   [Kremote: Compressing objects:  15% (541/3605)   [Kremote: Compressing objects:  16% (577/3605)   [Kremote: Compressing objects:  17% (613/3605)   [Kremote: Compressing objects:  18% (649/3605)   [Kremote: Compressing objects:  19% (685/3605)   [Kremote: Compressing objects:  20% (721/3605)   [Kremote: Compressing objects:  21% (758/3605)   [Kremote: Compressing objects:  22% (794/3605)   [Kremote: Compressing objects:  23% (830/3605)   [Kremote: Compressing objects:  24% (866/3605)   [Kremote: Compressing objects:  25% (902/3605)   [Kremote: Compressing objects:  26% (938/3605)   [Kremote: Compressing objects:  27% (974/3605)   [Kremote: Compressing objects:  28% (1010/3605)   [Kremote: Compressing objects:  29% (1046/3605)   [Kremote: Compressing objects:  30% (1082/3605)   [Kremote: Compressing objects:  31% (1118/3605)   [Kremote: Compressing objects:  32% (1154/3605)   [Kremote: Compressing objects:  33% (1190/3605)   [Kremote: Compressing objects:  34% (1226/3605)   [Kremote: Compressing objects:  35% (1262/3605)   [Kremote: Compressing objects:  36% (1298/3605)   [Kremote: Compressing objects:  37% (1334/3605)   [Kremote: Compressing objects:  38% (1370/3605)   [Kremote: Compressing objects:  39% (1406/3605)   [Kremote: Compressing objects:  40% (1442/3605)   [Kremote: Compressing objects:  41% (1479/3605)   [Kremote: Compressing objects:  42% (1515/3605)   [Kremote: Compressing objects:  43% (1551/3605)   [Kremote: Compressing objects:  44% (1587/3605)   [Kremote: Compressing objects:  45% (1623/3605)   [Kremote: Compressing objects:  46% (1659/3605)   [Kremote: Compressing objects:  47% (1695/3605)   [Kremote: Compressing objects:  48% (1731/3605)   [Kremote: Compressing objects:  49% (1767/3605)   [Kremote: Compressing objects:  50% (1803/3605)   [Kremote: Compressing objects:  51% (1839/3605)   [Kremote: Compressing objects:  52% (1875/3605)   [Kremote: Compressing objects:  53% (1911/3605)   [Kremote: Compressing objects:  54% (1947/3605)   [Kremote: Compressing objects:  55% (1983/3605)   [Kremote: Compressing objects:  56% (2019/3605)   [Kremote: Compressing objects:  57% (2055/3605)   [Kremote: Compressing objects:  58% (2091/3605)   [Kremote: Compressing objects:  59% (2127/3605)   [Kremote: Compressing objects:  60% (2163/3605)   [Kremote: Compressing objects:  61% (2200/3605)   [Kremote: Compressing objects:  62% (2236/3605)   [Kremote: Compressing objects:  63% (2272/3605)   [Kremote: Compressing objects:  64% (2308/3605)   [Kremote: Compressing objects:  65% (2344/3605)   [Kremote: Compressing objects:  66% (2380/3605)   [Kremote: Compressing objects:  67% (2416/3605)   [Kremote: Compressing objects:  68% (2452/3605)   [Kremote: Compressing objects:  69% (2488/3605)   [Kremote: Compressing objects:  70% (2524/3605)   [Kremote: Compressing objects:  71% (2560/3605)   [Kremote: Compressing objects:  72% (2596/3605)   [Kremote: Compressing objects:  73% (2632/3605)   [Kremote: Compressing objects:  74% (2668/3605)   [Kremote: Compressing objects:  75% (2704/3605)   [Kremote: Compressing objects:  76% (2740/3605)   [Kremote: Compressing objects:  77% (2776/3605)   [Kremote: Compressing objects:  78% (2812/3605)   [Kremote: Compressing objects:  79% (2848/3605)   [Kremote: Compressing objects:  80% (2884/3605)   [Kremote: Compressing objects:  81% (2921/3605)   [Kremote: Compressing objects:  82% (2957/3605)   [Kremote: Compressing objects:  83% (2993/3605)   [Kremote: Compressing objects:  84% (3029/3605)   [Kremote: Compressing objects:  85% (3065/3605)   [Kremote: Compressing objects:  86% (3101/3605)   [Kremote: Compressing objects:  87% (3137/3605)   [Kremote: Compressing objects:  88% (3173/3605)   [Kremote: Compressing objects:  89% (3209/3605)   [Kremote: Compressing objects:  90% (3245/3605)   [Kremote: Compressing objects:  91% (3281/3605)   [Kremote: Compressing objects:  92% (3317/3605)   [Kremote: Compressing objects:  93% (3353/3605)   [Kremote: Compressing objects:  94% (3389/3605)   [Kremote: Compressing objects:  95% (3425/3605)   [Kremote: Compressing objects:  96% (3461/3605)   [Kremote: Compressing objects:  97% (3497/3605)   [Kremote: Compressing objects:  98% (3533/3605)   [Kremote: Compressing objects:  99% (3569/3605)   [Kremote: Compressing objects: 100% (3605/3605)   [Kremote: Compressing objects: 100% (3605/3605), done.[K
Receiving objects:   0% (1/6326)   Receiving objects:   1% (64/6326)   Receiving objects:   2% (127/6326)   Receiving objects:   3% (190/6326)   Receiving objects:   4% (254/6326)   Receiving objects:   5% (317/6326)   Receiving objects:   6% (380/6326)   Receiving objects:   7% (443/6326)   Receiving objects:   8% (507/6326)   Receiving objects:   9% (570/6326)   Receiving objects:   9% (615/6326), 1.52 MiB | 1.44 MiB/s   Receiving objects:  10% (633/6326), 3.08 MiB | 1.98 MiB/s   Receiving objects:  10% (682/6326), 3.08 MiB | 1.98 MiB/s   Receiving objects:  11% (696/6326), 5.84 MiB | 2.83 MiB/s   Receiving objects:  12% (760/6326), 5.84 MiB | 2.83 MiB/s   Receiving objects:  13% (823/6326), 5.84 MiB | 2.83 MiB/s   Receiving objects:  14% (886/6326), 5.84 MiB | 2.83 MiB/s   Receiving objects:  15% (949/6326), 5.84 MiB | 2.83 MiB/s   Receiving objects:  16% (1013/6326), 5.84 MiB | 2.83 MiB/s   Receiving objects:  17% (1076/6326), 5.84 MiB | 2.83 MiB/s   Receiving objects:  18% (1139/6326), 5.84 MiB | 2.83 MiB/s   Receiving objects:  19% (1202/6326), 5.84 MiB | 2.83 MiB/s   Receiving objects:  20% (1266/6326), 5.84 MiB | 2.83 MiB/s   Receiving objects:  21% (1329/6326), 5.84 MiB | 2.83 MiB/s   Receiving objects:  22% (1392/6326), 5.84 MiB | 2.83 MiB/s   Receiving objects:  23% (1455/6326), 5.84 MiB | 2.83 MiB/s   Receiving objects:  24% (1519/6326), 5.84 MiB | 2.83 MiB/s   Receiving objects:  25% (1582/6326), 5.84 MiB | 2.83 MiB/s   Receiving objects:  26% (1645/6326), 5.84 MiB | 2.83 MiB/s   Receiving objects:  27% (1709/6326), 5.84 MiB | 2.83 MiB/s   Receiving objects:  28% (1772/6326), 5.84 MiB | 2.83 MiB/s   Receiving objects:  29% (1835/6326), 5.84 MiB | 2.83 MiB/s   Receiving objects:  30% (1898/6326), 5.84 MiB | 2.83 MiB/s   Receiving objects:  31% (1962/6326), 5.84 MiB | 2.83 MiB/s   Receiving objects:  32% (2025/6326), 5.84 MiB | 2.83 MiB/s   Receiving objects:  33% (2088/6326), 5.84 MiB | 2.83 MiB/s   Receiving objects:  34% (2151/6326), 5.84 MiB | 2.83 MiB/s   Receiving objects:  35% (2215/6326), 5.84 MiB | 2.83 MiB/s   Receiving objects:  36% (2278/6326), 5.84 MiB | 2.83 MiB/s   Receiving objects:  37% (2341/6326), 5.84 MiB | 2.83 MiB/s   Receiving objects:  38% (2404/6326), 5.84 MiB | 2.83 MiB/s   Receiving objects:  39% (2468/6326), 5.84 MiB | 2.83 MiB/s   Receiving objects:  40% (2531/6326), 5.84 MiB | 2.83 MiB/s   Receiving objects:  41% (2594/6326), 5.84 MiB | 2.83 MiB/s   Receiving objects:  42% (2657/6326), 5.84 MiB | 2.83 MiB/s   Receiving objects:  43% (2721/6326), 5.84 MiB | 2.83 MiB/s   Receiving objects:  44% (2784/6326), 5.84 MiB | 2.83 MiB/s   Receiving objects:  45% (2847/6326), 5.84 MiB | 2.83 MiB/s   Receiving objects:  46% (2910/6326), 5.84 MiB | 2.83 MiB/s   Receiving objects:  47% (2974/6326), 5.84 MiB | 2.83 MiB/s   Receiving objects:  48% (3037/6326), 5.84 MiB | 2.83 MiB/s   Receiving objects:  49% (3100/6326), 5.84 MiB | 2.83 MiB/s   Receiving objects:  50% (3163/6326), 5.84 MiB | 2.83 MiB/s   Receiving objects:  51% (3227/6326), 5.84 MiB | 2.83 MiB/s   Receiving objects:  52% (3290/6326), 5.84 MiB | 2.83 MiB/s   Receiving objects:  53% (3353/6326), 5.84 MiB | 2.83 MiB/s   Receiving objects:  54% (3417/6326), 5.84 MiB | 2.83 MiB/s   Receiving objects:  55% (3480/6326), 5.84 MiB | 2.83 MiB/s   Receiving objects:  56% (3543/6326), 5.84 MiB | 2.83 MiB/s   Receiving objects:  57% (3606/6326), 5.84 MiB | 2.83 MiB/s   Receiving objects:  58% (3670/6326), 5.84 MiB | 2.83 MiB/s   Receiving objects:  59% (3733/6326), 5.84 MiB | 2.83 MiB/s   Receiving objects:  60% (3796/6326), 5.84 MiB | 2.83 MiB/s   Receiving objects:  61% (3859/6326), 5.84 MiB | 2.83 MiB/s   Receiving objects:  62% (3923/6326), 5.84 MiB | 2.83 MiB/s   Receiving objects:  63% (3986/6326), 5.84 MiB | 2.83 MiB/s   Receiving objects:  64% (4049/6326), 5.84 MiB | 2.83 MiB/s   Receiving objects:  65% (4112/6326), 5.84 MiB | 2.83 MiB/s   Receiving objects:  66% (4176/6326), 5.84 MiB | 2.83 MiB/s   Receiving objects:  67% (4239/6326), 5.84 MiB | 2.83 MiB/s   Receiving objects:  68% (4302/6326), 5.84 MiB | 2.83 MiB/s   Receiving objects:  69% (4365/6326), 5.84 MiB | 2.83 MiB/s   Receiving objects:  70% (4429/6326), 5.84 MiB | 2.83 MiB/s   Receiving objects:  71% (4492/6326), 5.84 MiB | 2.83 MiB/s   Receiving objects:  72% (4555/6326), 5.84 MiB | 2.83 MiB/s   Receiving objects:  73% (4618/6326), 5.84 MiB | 2.83 MiB/s   Receiving objects:  74% (4682/6326), 5.84 MiB | 2.83 MiB/s   Receiving objects:  75% (4745/6326), 5.84 MiB | 2.83 MiB/s   Receiving objects:  76% (4808/6326), 5.84 MiB | 2.83 MiB/s   Receiving objects:  77% (4872/6326), 5.84 MiB | 2.83 MiB/s   Receiving objects:  78% (4935/6326), 5.84 MiB | 2.83 MiB/s   Receiving objects:  79% (4998/6326), 5.84 MiB | 2.83 MiB/s   Receiving objects:  80% (5061/6326), 5.84 MiB | 2.83 MiB/s   Receiving objects:  81% (5125/6326), 5.84 MiB | 2.83 MiB/s   Receiving objects:  82% (5188/6326), 5.84 MiB | 2.83 MiB/s   Receiving objects:  83% (5251/6326), 5.84 MiB | 2.83 MiB/s   Receiving objects:  84% (5314/6326), 5.84 MiB | 2.83 MiB/s   Receiving objects:  85% (5378/6326), 5.84 MiB | 2.83 MiB/s   Receiving objects:  86% (5441/6326), 5.84 MiB | 2.83 MiB/s   Receiving objects:  87% (5504/6326), 5.84 MiB | 2.83 MiB/s   Receiving objects:  88% (5567/6326), 5.84 MiB | 2.83 MiB/s   Receiving objects:  89% (5631/6326), 5.84 MiB | 2.83 MiB/s   remote: Total 6326 (delta 2652), reused 4574 (delta 1631), pack-reused 0[K
Receiving objects:  90% (5694/6326), 5.84 MiB | 2.83 MiB/s   Receiving objects:  91% (5757/6326), 5.84 MiB | 2.83 MiB/s   Receiving objects:  92% (5820/6326), 5.84 MiB | 2.83 MiB/s   Receiving objects:  93% (5884/6326), 5.84 MiB | 2.83 MiB/s   Receiving objects:  94% (5947/6326), 5.84 MiB | 2.83 MiB/s   Receiving objects:  95% (6010/6326), 5.84 MiB | 2.83 MiB/s   Receiving objects:  96% (6073/6326), 5.84 MiB | 2.83 MiB/s   Receiving objects:  97% (6137/6326), 5.84 MiB | 2.83 MiB/s   Receiving objects:  98% (6200/6326), 5.84 MiB | 2.83 MiB/s   Receiving objects:  99% (6263/6326), 5.84 MiB | 2.83 MiB/s   Receiving objects: 100% (6326/6326), 5.84 MiB | 2.83 MiB/s   Receiving objects: 100% (6326/6326), 9.13 MiB | 2.83 MiB/s, done.
Resolving deltas:   0% (0/2652)   Resolving deltas:   1% (28/2652)   Resolving deltas:   2% (63/2652)   Resolving deltas:   3% (106/2652)   Resolving deltas:   7% (212/2652)   Resolving deltas:   8% (214/2652)   Resolving deltas:   9% (240/2652)   Resolving deltas:  10% (266/2652)   Resolving deltas:  11% (293/2652)   Resolving deltas:  12% (319/2652)   Resolving deltas:  13% (348/2652)   Resolving deltas:  14% (374/2652)   Resolving deltas:  15% (413/2652)   Resolving deltas:  16% (432/2652)   Resolving deltas:  17% (451/2652)   Resolving deltas:  18% (484/2652)   Resolving deltas:  19% (511/2652)   Resolving deltas:  20% (533/2652)   Resolving deltas:  21% (559/2652)   Resolving deltas:  22% (584/2652)   Resolving deltas:  24% (648/2652)   Resolving deltas:  25% (668/2652)   Resolving deltas:  26% (692/2652)   Resolving deltas:  27% (725/2652)   Resolving deltas:  28% (747/2652)   Resolving deltas:  29% (771/2652)   Resolving deltas:  33% (901/2652)   Resolving deltas:  34% (913/2652)   Resolving deltas:  35% (929/2652)   Resolving deltas:  36% (957/2652)   Resolving deltas:  37% (982/2652)   Resolving deltas:  38% (1013/2652)   Resolving deltas:  39% (1040/2652)   Resolving deltas:  40% (1064/2652)   Resolving deltas:  41% (1088/2652)   Resolving deltas:  42% (1116/2652)   Resolving deltas:  43% (1141/2652)   Resolving deltas:  44% (1169/2652)   Resolving deltas:  45% (1194/2652)   Resolving deltas:  46% (1227/2652)   Resolving deltas:  47% (1254/2652)   Resolving deltas:  48% (1274/2652)   Resolving deltas:  49% (1306/2652)   Resolving deltas:  50% (1328/2652)   Resolving deltas:  51% (1354/2652)   Resolving deltas:  52% (1384/2652)   Resolving deltas:  56% (1506/2652)   Resolving deltas:  57% (1512/2652)   Resolving deltas:  58% (1543/2652)   Resolving deltas:  59% (1570/2652)   Resolving deltas:  60% (1597/2652)   Resolving deltas:  61% (1619/2652)   Resolving deltas:  62% (1650/2652)   Resolving deltas:  63% (1677/2652)   Resolving deltas:  64% (1698/2652)   Resolving deltas:  65% (1725/2652)   Resolving deltas:  66% (1754/2652)   Resolving deltas:  67% (1778/2652)   Resolving deltas:  68% (1805/2652)   Resolving deltas:  69% (1834/2652)   Resolving deltas:  70% (1857/2652)   Resolving deltas:  71% (1883/2652)   Resolving deltas:  72% (1913/2652)   Resolving deltas:  73% (1938/2652)   Resolving deltas:  74% (1963/2652)   Resolving deltas:  75% (1989/2652)   Resolving deltas:  76% (2017/2652)   Resolving deltas:  77% (2047/2652)   Resolving deltas:  78% (2069/2652)   Resolving deltas:  79% (2097/2652)   Resolving deltas:  80% (2122/2652)   Resolving deltas:  81% (2151/2652)   Resolving deltas:  82% (2175/2652)   Resolving deltas:  83% (2203/2652)   Resolving deltas:  84% (2234/2652)   Resolving deltas:  85% (2266/2652)   Resolving deltas:  86% (2285/2652)   Resolving deltas:  87% (2310/2652)   Resolving deltas:  90% (2394/2652)   Resolving deltas:  91% (2415/2652)   Resolving deltas:  92% (2458/2652)   Resolving deltas:  93% (2470/2652)   Resolving deltas:  94% (2495/2652)   Resolving deltas:  95% (2522/2652)   Resolving deltas:  97% (2591/2652)   Resolving deltas:  98% (2600/2652)   Resolving deltas:  99% (2626/2652)   Resolving deltas: 100% (2652/2652)   Resolving deltas: 100% (2652/2652), done.
Checking connectivity... done.

travis_time:end:0b297ee0:start=1465571121489911865,finish=1465571125754944364,duration=4265032499[0K$ cd apache/storm
$ git checkout -qf 478babe4540c00fc68275faad8c2806851a2ccdd
travis_fold:end:git.checkout[0K
[33;1mThis job is running on container-based infrastructure, which does not allow use of 'sudo', setuid and setguid executables.[0m
[33;1mIf you require sudo, add 'sudo: required' to your .travis.yml[0m
[33;1mSee https://docs.travis-ci.com/user/workers/container-based-infrastructure/ for details.[0m

[33;1mSetting environment variables from .travis.yml[0m
$ export MODULES='!storm-core'

$ jdk_switcher use oraclejdk7
Switching to Oracle JDK7 (java-7-oracle), JAVA_HOME will be set to /usr/lib/jvm/java-7-oracle
travis_fold:start:cache.1[0KSetting up build cache
$ export CASHER_DIR=$HOME/.casher
travis_time:start:09765bc4[0K$ Installing caching utilities

travis_time:end:09765bc4:start=1465571127704823797,finish=1465571127757676772,duration=52852975[0Ktravis_time:start:326157a5[0K
travis_time:end:326157a5:start=1465571127763223343,finish=1465571127766777540,duration=3554197[0Ktravis_time:start:10d1b0c7[0K[32;1mattempting to download cache archive[0m
[32;1mfetching 1.x-branch/cache-linux-precise-0b3559b5dae2b3e32156c6d840f23972d650aa066922e3318f7e5db8246681fa--jdk-oraclejdk7.tgz[0m
[32;1mfound cache[0m

travis_time:end:10d1b0c7:start=1465571127771136718,finish=1465571143261813673,duration=15490676955[0Ktravis_time:start:00a13ce0[0K
travis_time:end:00a13ce0:start=1465571143265730458,finish=1465571143269181959,duration=3451501[0Ktravis_time:start:1f157808[0K[32;1madding /home/travis/.m2/repository to cache[0m
[32;1madding /home/travis/.rvm to cache[0m
[32;1madding /home/travis/.nvm to cache[0m

travis_time:end:1f157808:start=1465571143273043886,finish=1465571161144946822,duration=17871902936[0Ktravis_fold:end:cache.1[0K$ java -Xmx32m -version
java version "1.7.0_76"
Java(TM) SE Runtime Environment (build 1.7.0_76-b13)
Java HotSpot(TM) 64-Bit Server VM (build 24.76-b04, mixed mode)
$ javac -J-Xmx32m -version
javac 1.7.0_76
travis_fold:start:before_install.1[0Ktravis_time:start:18b8a296[0K$ rvm use 2.1.5 --install
[32mUsing /home/travis/.rvm/gems/ruby-2.1.5[0m

travis_time:end:18b8a296:start=1465571161663277561,finish=1465571161914832489,duration=251554928[0Ktravis_fold:end:before_install.1[0Ktravis_fold:start:before_install.2[0Ktravis_time:start:30a092c2[0K$ nvm install 0.12.2
v0.12.2 is already installed.
Now using node v0.12.2

travis_time:end:30a092c2:start=1465571161918744879,finish=1465571162198593750,duration=279848871[0Ktravis_fold:end:before_install.2[0Ktravis_fold:start:before_install.3[0Ktravis_time:start:05c7f2cc[0K$ nvm use 0.12.2
Now using node v0.12.2

travis_time:end:05c7f2cc:start=1465571162202696715,finish=1465571162262085572,duration=59388857[0Ktravis_fold:end:before_install.3[0Ktravis_fold:start:install[0Ktravis_time:start:10da47ee[0K$ /bin/bash ./dev-tools/travis/travis-install.sh `pwd`
Python version :   Python 2.7.3
Maven version  :   Apache Maven 3.2.5 (12a6b3acb947671f09b81f49094c53f426d8cea1; 2014-12-14T17:29:23+00:00) Maven home: /usr/local/maven Java version: 1.7.0_76, vendor: Oracle Corporation Java home: /usr/lib/jvm/java-7-oracle/jre Default locale: en_US, platform encoding: UTF-8 OS name: "linux", version: "3.13.0-40-generic", arch: "amd64", family: "unix"
['mvn', 'clean', 'install', '-DskipTests', '-Pnative', '--batch-mode'] writing to install.txt
1 seconds 1 log lines11 seconds 222 log lines36 seconds 306 log lines48 seconds 314 log lines58 seconds 372 log lines69 seconds 540 log lines86 seconds 619 log lines100 seconds 826 log lines111 seconds 883 log lines121 seconds 1001 log lines131 seconds 1257 log lines142 seconds 1406 log lines155 seconds 1604 log lines165 seconds 1972 log lines178 seconds 2095 log lines188 seconds 2234 log lines194 seconds 2418 log lines
['mvn', 'clean', 'install', '-DskipTests', '-Pnative', '--batch-mode'] done 0

travis_time:end:10da47ee:start=1465571162266216425,finish=1465571361905589547,duration=199639373122[0Ktravis_fold:end:install[0Ktravis_time:start:0a10176a[0K$ /bin/bash ./dev-tools/travis/travis-script.sh `pwd` $MODULES
Python version :   Python 2.7.3
Ruby version   :   ruby 2.1.5p273 (2014-11-13 revision 48405) [x86_64-linux]
NodeJs version :  
Maven version  :   Apache Maven 3.2.5 (12a6b3acb947671f09b81f49094c53f426d8cea1; 2014-12-14T17:29:23+00:00) Maven home: /usr/local/maven Java version: 1.7.0_76, vendor: Oracle Corporation Java home: /usr/lib/jvm/java-7-oracle/jre Default locale: en_US, platform encoding: UTF-8 OS name: "linux", version: "3.13.0-40-generic", arch: "amd64", family: "unix"
[INFO] Scanning for projects...
[INFO] ------------------------------------------------------------------------
[INFO] Reactor Build Order:
[INFO] 
[INFO] Storm
[INFO] multilang-javascript
[INFO] multilang-python
[INFO] multilang-ruby
[INFO] maven-shade-clojure-transformer
[INFO] storm-maven-plugins
[INFO] storm-rename-hack
[INFO] storm-kafka
[INFO] storm-hdfs
[INFO] storm-hbase
[INFO] storm-hive
[INFO] storm-jdbc
[INFO] storm-redis
[INFO] storm-eventhubs
[INFO] flux
[INFO] flux-wrappers
[INFO] flux-core
[INFO] flux-examples
[INFO] storm-sql-runtime
[INFO] storm-sql-core
[INFO] storm-sql-kafka
[INFO] sql
[INFO] storm-elasticsearch
[INFO] storm-solr
[INFO] storm-metrics
[INFO] storm-cassandra
[INFO] storm-mqtt-parent
[INFO] storm-mqtt
[INFO] storm-mqtt-examples
[INFO] storm-mongodb
[INFO] storm-starter
[INFO] storm-kafka-client
[INFO]                                                                         
[INFO] ------------------------------------------------------------------------
[INFO] Building Storm 1.1.0-SNAPSHOT
[INFO] ------------------------------------------------------------------------
[INFO] 
[INFO] --- maven-remote-resources-plugin:1.2.1:process (default) @ storm ---
[INFO] 
[INFO] --- apache-rat-plugin:0.11:check (default) @ storm ---
[INFO] 51 implicit excludes (use -debug for more details).
[INFO] Exclude: **/target/**
[INFO] Exclude: **/*.iml
[INFO] Exclude: **/.idea/**
[INFO] Exclude: **/metastore_db/**
[INFO] Exclude: **/build/**
[INFO] Exclude: **/CHANGELOG.md
[INFO] Exclude: **/README.md
[INFO] Exclude: **/README.markdown
[INFO] Exclude: **/DEVELOPER.md
[INFO] Exclude: **/BYLAWS.md
[INFO] Exclude: **/STORM-UI-REST-API.md
[INFO] Exclude: SECURITY.md
[INFO] Exclude: VERSION
[INFO] Exclude: TODO
[INFO] Exclude: **/src/py/**
[INFO] Exclude: **/src/ui/public/js/jquery.dataTables.1.10.4.min.js
[INFO] Exclude: **/src/ui/public/css/jquery.dataTables.1.10.4.min.css
[INFO] Exclude: **/src/ui/public/images/*
[INFO] Exclude: **/src/ui/public/js/bootstrap-3.3.1.min.js
[INFO] Exclude: **/src/ui/public/css/bootstrap-3.3.1.min.css
[INFO] Exclude: **/src/ui/public/js/dataTables.bootstrap.min.js
[INFO] Exclude: **/src/ui/public/css/dataTables.bootstrap.css
[INFO] Exclude: **/src/ui/public/js/jsonFormatter.min.js
[INFO] Exclude: **/src/ui/public/css/jsonFormatter.min.css
[INFO] Exclude: **/src/ui/public/js/jquery-1.11.1.min.js
[INFO] Exclude: **/src/ui/public/js/jquery.cookies.2.2.0.min.js
[INFO] Exclude: **/src/ui/public/js/moment.min.js
[INFO] Exclude: **/src/ui/public/js/jquery.blockUI.min.js
[INFO] Exclude: **/src/ui/public/js/url.min.js
[INFO] Exclude: **/src/ui/public/js/arbor.js
[INFO] Exclude: **/src/ui/public/js/arbor-graphics.js
[INFO] Exclude: **/src/ui/public/js/arbor-tween.js
[INFO] Exclude: **/src/ui/public/js/jquery.mustache.js
[INFO] Exclude: **/src/ui/public/js/typeahead.jquery.min.js
[INFO] Exclude: **/dependency-reduced-pom.xml
[INFO] Exclude: **/docs/**
[INFO] Exclude: **/.git/**
[INFO] Exclude: **/derby.log
[INFO] Exclude: **/src/dev/**
[INFO] Exclude: **/src/codegen/config.fmpp
[INFO] Exclude: **/src/codegen/data/Parser.tdd
[INFO] Exclude: **/src/test/resources/FixedAvroSerializer.config
[INFO] 1722 resources included (use -debug for more details)
Warning:  org.apache.xerces.jaxp.SAXParserImpl$JAXPSAXParser: Property 'http://www.oracle.com/xml/jaxp/properties/entityExpansionLimit' is not recognized.
Compiler warnings:
  WARNING:  'org.apache.xerces.jaxp.SAXParserImpl: Property 'http://javax.xml.XMLConstants/property/accessExternalDTD' is not recognized.'
Warning:  org.apache.xerces.parsers.SAXParser: Feature 'http://javax.xml.XMLConstants/feature/secure-processing' is not recognized.
Warning:  org.apache.xerces.parsers.SAXParser: Property 'http://javax.xml.XMLConstants/property/accessExternalDTD' is not recognized.
Warning:  org.apache.xerces.parsers.SAXParser: Property 'http://www.oracle.com/xml/jaxp/properties/entityExpansionLimit' is not recognized.
[INFO] Rat check: Summary of files. Unapproved: 0 unknown: 0 generated: 0 approved: 1709 licence.
[INFO]                                                                         
[INFO] ------------------------------------------------------------------------
[INFO] Building multilang-javascript 1.1.0-SNAPSHOT
[INFO] ------------------------------------------------------------------------
[INFO] 
[INFO] --- maven-remote-resources-plugin:1.2.1:process (default) @ multilang-javascript ---
[INFO] 
[INFO] --- maven-resources-plugin:2.5:resources (default-resources) @ multilang-javascript ---
[debug] execute contextualize
[INFO] Using 'UTF-8' encoding to copy filtered resources.
[INFO] Copying 1 resource
[INFO] Copying 3 resources
[INFO] 
[INFO] --- maven-compiler-plugin:3.1:compile (default-compile) @ multilang-javascript ---
[INFO] No sources to compile
[INFO] 
[INFO] --- maven-resources-plugin:2.5:testResources (default-testResources) @ multilang-javascript ---
[debug] execute contextualize
[INFO] Using 'UTF-8' encoding to copy filtered resources.
[INFO] skip non existing resourceDirectory /home/travis/build/apache/storm/storm-multilang/javascript/src/test/resources
[INFO] Copying 3 resources
[INFO] 
[INFO] --- maven-compiler-plugin:3.1:testCompile (default-testCompile) @ multilang-javascript ---
[INFO] No sources to compile
[INFO] 
[INFO] --- maven-surefire-plugin:2.18.1:test (default-test) @ multilang-javascript ---
[INFO] 
[INFO] --- apache-rat-plugin:0.11:check (default) @ multilang-javascript ---
[INFO] 51 implicit excludes (use -debug for more details).
[INFO] Exclude: **/target/**
[INFO] Exclude: **/*.iml
[INFO] Exclude: **/.idea/**
[INFO] Exclude: **/metastore_db/**
[INFO] Exclude: **/build/**
[INFO] Exclude: **/CHANGELOG.md
[INFO] Exclude: **/README.md
[INFO] Exclude: **/README.markdown
[INFO] Exclude: **/DEVELOPER.md
[INFO] Exclude: **/BYLAWS.md
[INFO] Exclude: **/STORM-UI-REST-API.md
[INFO] Exclude: SECURITY.md
[INFO] Exclude: VERSION
[INFO] Exclude: TODO
[INFO] Exclude: **/src/py/**
[INFO] Exclude: **/src/ui/public/js/jquery.dataTables.1.10.4.min.js
[INFO] Exclude: **/src/ui/public/css/jquery.dataTables.1.10.4.min.css
[INFO] Exclude: **/src/ui/public/images/*
[INFO] Exclude: **/src/ui/public/js/bootstrap-3.3.1.min.js
[INFO] Exclude: **/src/ui/public/css/bootstrap-3.3.1.min.css
[INFO] Exclude: **/src/ui/public/js/dataTables.bootstrap.min.js
[INFO] Exclude: **/src/ui/public/css/dataTables.bootstrap.css
[INFO] Exclude: **/src/ui/public/js/jsonFormatter.min.js
[INFO] Exclude: **/src/ui/public/css/jsonFormatter.min.css
[INFO] Exclude: **/src/ui/public/js/jquery-1.11.1.min.js
[INFO] Exclude: **/src/ui/public/js/jquery.cookies.2.2.0.min.js
[INFO] Exclude: **/src/ui/public/js/moment.min.js
[INFO] Exclude: **/src/ui/public/js/jquery.blockUI.min.js
[INFO] Exclude: **/src/ui/public/js/url.min.js
[INFO] Exclude: **/src/ui/public/js/arbor.js
[INFO] Exclude: **/src/ui/public/js/arbor-graphics.js
[INFO] Exclude: **/src/ui/public/js/arbor-tween.js
[INFO] Exclude: **/src/ui/public/js/jquery.mustache.js
[INFO] Exclude: **/src/ui/public/js/typeahead.jquery.min.js
[INFO] Exclude: **/dependency-reduced-pom.xml
[INFO] Exclude: **/docs/**
[INFO] Exclude: **/.git/**
[INFO] Exclude: **/derby.log
[INFO] Exclude: **/src/dev/**
[INFO] Exclude: **/src/codegen/config.fmpp
[INFO] Exclude: **/src/codegen/data/Parser.tdd
[INFO] Exclude: **/src/test/resources/FixedAvroSerializer.config
[INFO] 2 resources included (use -debug for more details)
Warning:  org.apache.xerces.jaxp.SAXParserImpl$JAXPSAXParser: Property 'http://www.oracle.com/xml/jaxp/properties/entityExpansionLimit' is not recognized.
Compiler warnings:
  WARNING:  'org.apache.xerces.jaxp.SAXParserImpl: Property 'http://javax.xml.XMLConstants/property/accessExternalDTD' is not recognized.'
Warning:  org.apache.xerces.parsers.SAXParser: Feature 'http://javax.xml.XMLConstants/feature/secure-processing' is not recognized.
Warning:  org.apache.xerces.parsers.SAXParser: Property 'http://javax.xml.XMLConstants/property/accessExternalDTD' is not recognized.
Warning:  org.apache.xerces.parsers.SAXParser: Property 'http://www.oracle.com/xml/jaxp/properties/entityExpansionLimit' is not recognized.
[INFO] Rat check: Summary of files. Unapproved: 0 unknown: 0 generated: 0 approved: 2 licence.
[INFO]                                                                         
[INFO] ------------------------------------------------------------------------
[INFO] Building multilang-python 1.1.0-SNAPSHOT
[INFO] ------------------------------------------------------------------------
[INFO] 
[INFO] --- maven-remote-resources-plugin:1.2.1:process (default) @ multilang-python ---
[INFO] 
[INFO] --- maven-resources-plugin:2.5:resources (default-resources) @ multilang-python ---
[debug] execute contextualize
[INFO] Using 'UTF-8' encoding to copy filtered resources.
[INFO] Copying 1 resource
[INFO] Copying 3 resources
[INFO] 
[INFO] --- maven-compiler-plugin:3.1:compile (default-compile) @ multilang-python ---
[INFO] No sources to compile
[INFO] 
[INFO] --- maven-resources-plugin:2.5:testResources (default-testResources) @ multilang-python ---
[debug] execute contextualize
[INFO] Using 'UTF-8' encoding to copy filtered resources.
[INFO] skip non existing resourceDirectory /home/travis/build/apache/storm/storm-multilang/python/src/test/resources
[INFO] Copying 3 resources
[INFO] 
[INFO] --- maven-compiler-plugin:3.1:testCompile (default-testCompile) @ multilang-python ---
[INFO] No sources to compile
[INFO] 
[INFO] --- maven-surefire-plugin:2.18.1:test (default-test) @ multilang-python ---
[INFO] 
[INFO] --- apache-rat-plugin:0.11:check (default) @ multilang-python ---
[INFO] 51 implicit excludes (use -debug for more details).
[INFO] Exclude: **/target/**
[INFO] Exclude: **/*.iml
[INFO] Exclude: **/.idea/**
[INFO] Exclude: **/metastore_db/**
[INFO] Exclude: **/build/**
[INFO] Exclude: **/CHANGELOG.md
[INFO] Exclude: **/README.md
[INFO] Exclude: **/README.markdown
[INFO] Exclude: **/DEVELOPER.md
[INFO] Exclude: **/BYLAWS.md
[INFO] Exclude: **/STORM-UI-REST-API.md
[INFO] Exclude: SECURITY.md
[INFO] Exclude: VERSION
[INFO] Exclude: TODO
[INFO] Exclude: **/src/py/**
[INFO] Exclude: **/src/ui/public/js/jquery.dataTables.1.10.4.min.js
[INFO] Exclude: **/src/ui/public/css/jquery.dataTables.1.10.4.min.css
[INFO] Exclude: **/src/ui/public/images/*
[INFO] Exclude: **/src/ui/public/js/bootstrap-3.3.1.min.js
[INFO] Exclude: **/src/ui/public/css/bootstrap-3.3.1.min.css
[INFO] Exclude: **/src/ui/public/js/dataTables.bootstrap.min.js
[INFO] Exclude: **/src/ui/public/css/dataTables.bootstrap.css
[INFO] Exclude: **/src/ui/public/js/jsonFormatter.min.js
[INFO] Exclude: **/src/ui/public/css/jsonFormatter.min.css
[INFO] Exclude: **/src/ui/public/js/jquery-1.11.1.min.js
[INFO] Exclude: **/src/ui/public/js/jquery.cookies.2.2.0.min.js
[INFO] Exclude: **/src/ui/public/js/moment.min.js
[INFO] Exclude: **/src/ui/public/js/jquery.blockUI.min.js
[INFO] Exclude: **/src/ui/public/js/url.min.js
[INFO] Exclude: **/src/ui/public/js/arbor.js
[INFO] Exclude: **/src/ui/public/js/arbor-graphics.js
[INFO] Exclude: **/src/ui/public/js/arbor-tween.js
[INFO] Exclude: **/src/ui/public/js/jquery.mustache.js
[INFO] Exclude: **/src/ui/public/js/typeahead.jquery.min.js
[INFO] Exclude: **/dependency-reduced-pom.xml
[INFO] Exclude: **/docs/**
[INFO] Exclude: **/.git/**
[INFO] Exclude: **/derby.log
[INFO] Exclude: **/src/dev/**
[INFO] Exclude: **/src/codegen/config.fmpp
[INFO] Exclude: **/src/codegen/data/Parser.tdd
[INFO] Exclude: **/src/test/resources/FixedAvroSerializer.config
[INFO] 2 resources included (use -debug for more details)
Warning:  org.apache.xerces.jaxp.SAXParserImpl$JAXPSAXParser: Property 'http://www.oracle.com/xml/jaxp/properties/entityExpansionLimit' is not recognized.
Compiler warnings:
  WARNING:  'org.apache.xerces.jaxp.SAXParserImpl: Property 'http://javax.xml.XMLConstants/property/accessExternalDTD' is not recognized.'
Warning:  org.apache.xerces.parsers.SAXParser: Feature 'http://javax.xml.XMLConstants/feature/secure-processing' is not recognized.
Warning:  org.apache.xerces.parsers.SAXParser: Property 'http://javax.xml.XMLConstants/property/accessExternalDTD' is not recognized.
Warning:  org.apache.xerces.parsers.SAXParser: Property 'http://www.oracle.com/xml/jaxp/properties/entityExpansionLimit' is not recognized.
[INFO] Rat check: Summary of files. Unapproved: 0 unknown: 0 generated: 0 approved: 2 licence.
[INFO]                                                                         
[INFO] ------------------------------------------------------------------------
[INFO] Building multilang-ruby 1.1.0-SNAPSHOT
[INFO] ------------------------------------------------------------------------
[INFO] 
[INFO] --- maven-remote-resources-plugin:1.2.1:process (default) @ multilang-ruby ---
[INFO] 
[INFO] --- maven-resources-plugin:2.5:resources (default-resources) @ multilang-ruby ---
[debug] execute contextualize
[INFO] Using 'UTF-8' encoding to copy filtered resources.
[INFO] Copying 1 resource
[INFO] Copying 3 resources
[INFO] 
[INFO] --- maven-compiler-plugin:3.1:compile (default-compile) @ multilang-ruby ---
[INFO] No sources to compile
[INFO] 
[INFO] --- maven-resources-plugin:2.5:testResources (default-testResources) @ multilang-ruby ---
[debug] execute contextualize
[INFO] Using 'UTF-8' encoding to copy filtered resources.
[INFO] skip non existing resourceDirectory /home/travis/build/apache/storm/storm-multilang/ruby/src/test/resources
[INFO] Copying 3 resources
[INFO] 
[INFO] --- maven-compiler-plugin:3.1:testCompile (default-testCompile) @ multilang-ruby ---
[INFO] No sources to compile
[INFO] 
[INFO] --- maven-surefire-plugin:2.18.1:test (default-test) @ multilang-ruby ---
[INFO] 
[INFO] --- apache-rat-plugin:0.11:check (default) @ multilang-ruby ---
[INFO] 51 implicit excludes (use -debug for more details).
[INFO] Exclude: **/target/**
[INFO] Exclude: **/*.iml
[INFO] Exclude: **/.idea/**
[INFO] Exclude: **/metastore_db/**
[INFO] Exclude: **/build/**
[INFO] Exclude: **/CHANGELOG.md
[INFO] Exclude: **/README.md
[INFO] Exclude: **/README.markdown
[INFO] Exclude: **/DEVELOPER.md
[INFO] Exclude: **/BYLAWS.md
[INFO] Exclude: **/STORM-UI-REST-API.md
[INFO] Exclude: SECURITY.md
[INFO] Exclude: VERSION
[INFO] Exclude: TODO
[INFO] Exclude: **/src/py/**
[INFO] Exclude: **/src/ui/public/js/jquery.dataTables.1.10.4.min.js
[INFO] Exclude: **/src/ui/public/css/jquery.dataTables.1.10.4.min.css
[INFO] Exclude: **/src/ui/public/images/*
[INFO] Exclude: **/src/ui/public/js/bootstrap-3.3.1.min.js
[INFO] Exclude: **/src/ui/public/css/bootstrap-3.3.1.min.css
[INFO] Exclude: **/src/ui/public/js/dataTables.bootstrap.min.js
[INFO] Exclude: **/src/ui/public/css/dataTables.bootstrap.css
[INFO] Exclude: **/src/ui/public/js/jsonFormatter.min.js
[INFO] Exclude: **/src/ui/public/css/jsonFormatter.min.css
[INFO] Exclude: **/src/ui/public/js/jquery-1.11.1.min.js
[INFO] Exclude: **/src/ui/public/js/jquery.cookies.2.2.0.min.js
[INFO] Exclude: **/src/ui/public/js/moment.min.js
[INFO] Exclude: **/src/ui/public/js/jquery.blockUI.min.js
[INFO] Exclude: **/src/ui/public/js/url.min.js
[INFO] Exclude: **/src/ui/public/js/arbor.js
[INFO] Exclude: **/src/ui/public/js/arbor-graphics.js
[INFO] Exclude: **/src/ui/public/js/arbor-tween.js
[INFO] Exclude: **/src/ui/public/js/jquery.mustache.js
[INFO] Exclude: **/src/ui/public/js/typeahead.jquery.min.js
[INFO] Exclude: **/dependency-reduced-pom.xml
[INFO] Exclude: **/docs/**
[INFO] Exclude: **/.git/**
[INFO] Exclude: **/derby.log
[INFO] Exclude: **/src/dev/**
[INFO] Exclude: **/src/codegen/config.fmpp
[INFO] Exclude: **/src/codegen/data/Parser.tdd
[INFO] Exclude: **/src/test/resources/FixedAvroSerializer.config
[INFO] 2 resources included (use -debug for more details)
Warning:  org.apache.xerces.jaxp.SAXParserImpl$JAXPSAXParser: Property 'http://www.oracle.com/xml/jaxp/properties/entityExpansionLimit' is not recognized.
Compiler warnings:
  WARNING:  'org.apache.xerces.jaxp.SAXParserImpl: Property 'http://javax.xml.XMLConstants/property/accessExternalDTD' is not recognized.'
Warning:  org.apache.xerces.parsers.SAXParser: Feature 'http://javax.xml.XMLConstants/feature/secure-processing' is not recognized.
Warning:  org.apache.xerces.parsers.SAXParser: Property 'http://javax.xml.XMLConstants/property/accessExternalDTD' is not recognized.
Warning:  org.apache.xerces.parsers.SAXParser: Property 'http://www.oracle.com/xml/jaxp/properties/entityExpansionLimit' is not recognized.
[INFO] Rat check: Summary of files. Unapproved: 0 unknown: 0 generated: 0 approved: 2 licence.
[INFO]                                                                         
[INFO] ------------------------------------------------------------------------
[INFO] Building maven-shade-clojure-transformer 1.1.0-SNAPSHOT
[INFO] ------------------------------------------------------------------------
[INFO] 
[INFO] --- maven-remote-resources-plugin:1.2.1:process (default) @ maven-shade-clojure-transformer ---
[INFO] 
[INFO] --- maven-resources-plugin:2.5:resources (default-resources) @ maven-shade-clojure-transformer ---
[debug] execute contextualize
[INFO] Using 'UTF-8' encoding to copy filtered resources.
[INFO] skip non existing resourceDirectory /home/travis/build/apache/storm/storm-buildtools/maven-shade-clojure-transformer/src/main/resources
[INFO] Copying 3 resources
[INFO] 
[INFO] --- maven-compiler-plugin:3.1:compile (default-compile) @ maven-shade-clojure-transformer ---
[INFO] Nothing to compile - all classes are up to date
[INFO] 
[INFO] --- maven-resources-plugin:2.5:testResources (default-testResources) @ maven-shade-clojure-transformer ---
[debug] execute contextualize
[INFO] Using 'UTF-8' encoding to copy filtered resources.
[INFO] skip non existing resourceDirectory /home/travis/build/apache/storm/storm-buildtools/maven-shade-clojure-transformer/src/test/resources
[INFO] Copying 3 resources
[INFO] 
[INFO] --- maven-compiler-plugin:3.1:testCompile (default-testCompile) @ maven-shade-clojure-transformer ---
[INFO] No sources to compile
[INFO] 
[INFO] --- maven-surefire-plugin:2.18.1:test (default-test) @ maven-shade-clojure-transformer ---
[INFO] 
[INFO] --- apache-rat-plugin:0.11:check (default) @ maven-shade-clojure-transformer ---
[INFO] 51 implicit excludes (use -debug for more details).
[INFO] Exclude: **/target/**
[INFO] Exclude: **/*.iml
[INFO] Exclude: **/.idea/**
[INFO] Exclude: **/metastore_db/**
[INFO] Exclude: **/build/**
[INFO] Exclude: **/CHANGELOG.md
[INFO] Exclude: **/README.md
[INFO] Exclude: **/README.markdown
[INFO] Exclude: **/DEVELOPER.md
[INFO] Exclude: **/BYLAWS.md
[INFO] Exclude: **/STORM-UI-REST-API.md
[INFO] Exclude: SECURITY.md
[INFO] Exclude: VERSION
[INFO] Exclude: TODO
[INFO] Exclude: **/src/py/**
[INFO] Exclude: **/src/ui/public/js/jquery.dataTables.1.10.4.min.js
[INFO] Exclude: **/src/ui/public/css/jquery.dataTables.1.10.4.min.css
[INFO] Exclude: **/src/ui/public/images/*
[INFO] Exclude: **/src/ui/public/js/bootstrap-3.3.1.min.js
[INFO] Exclude: **/src/ui/public/css/bootstrap-3.3.1.min.css
[INFO] Exclude: **/src/ui/public/js/dataTables.bootstrap.min.js
[INFO] Exclude: **/src/ui/public/css/dataTables.bootstrap.css
[INFO] Exclude: **/src/ui/public/js/jsonFormatter.min.js
[INFO] Exclude: **/src/ui/public/css/jsonFormatter.min.css
[INFO] Exclude: **/src/ui/public/js/jquery-1.11.1.min.js
[INFO] Exclude: **/src/ui/public/js/jquery.cookies.2.2.0.min.js
[INFO] Exclude: **/src/ui/public/js/moment.min.js
[INFO] Exclude: **/src/ui/public/js/jquery.blockUI.min.js
[INFO] Exclude: **/src/ui/public/js/url.min.js
[INFO] Exclude: **/src/ui/public/js/arbor.js
[INFO] Exclude: **/src/ui/public/js/arbor-graphics.js
[INFO] Exclude: **/src/ui/public/js/arbor-tween.js
[INFO] Exclude: **/src/ui/public/js/jquery.mustache.js
[INFO] Exclude: **/src/ui/public/js/typeahead.jquery.min.js
[INFO] Exclude: **/dependency-reduced-pom.xml
[INFO] Exclude: **/docs/**
[INFO] Exclude: **/.git/**
[INFO] Exclude: **/derby.log
[INFO] Exclude: **/src/dev/**
[INFO] Exclude: **/src/codegen/config.fmpp
[INFO] Exclude: **/src/codegen/data/Parser.tdd
[INFO] Exclude: **/src/test/resources/FixedAvroSerializer.config
[INFO] 2 resources included (use -debug for more details)
Warning:  org.apache.xerces.jaxp.SAXParserImpl$JAXPSAXParser: Property 'http://www.oracle.com/xml/jaxp/properties/entityExpansionLimit' is not recognized.
Compiler warnings:
  WARNING:  'org.apache.xerces.jaxp.SAXParserImpl: Property 'http://javax.xml.XMLConstants/property/accessExternalDTD' is not recognized.'
Warning:  org.apache.xerces.parsers.SAXParser: Feature 'http://javax.xml.XMLConstants/feature/secure-processing' is not recognized.
Warning:  org.apache.xerces.parsers.SAXParser: Property 'http://javax.xml.XMLConstants/property/accessExternalDTD' is not recognized.
Warning:  org.apache.xerces.parsers.SAXParser: Property 'http://www.oracle.com/xml/jaxp/properties/entityExpansionLimit' is not recognized.
[INFO] Rat check: Summary of files. Unapproved: 0 unknown: 0 generated: 0 approved: 2 licence.
[INFO]                                                                         
[INFO] ------------------------------------------------------------------------
[INFO] Building storm-maven-plugins 1.1.0-SNAPSHOT
[INFO] ------------------------------------------------------------------------
[INFO] 
[INFO] --- maven-remote-resources-plugin:1.2.1:process (default) @ storm-maven-plugins ---
[INFO] 
[INFO] --- maven-resources-plugin:2.5:resources (default-resources) @ storm-maven-plugins ---
[debug] execute contextualize
[INFO] Using 'UTF-8' encoding to copy filtered resources.
[INFO] skip non existing resourceDirectory /home/travis/build/apache/storm/storm-buildtools/storm-maven-plugins/src/main/resources
[INFO] Copying 3 resources
[INFO] 
[INFO] --- maven-compiler-plugin:3.1:compile (default-compile) @ storm-maven-plugins ---
[INFO] Nothing to compile - all classes are up to date
[INFO] 
[INFO] --- maven-plugin-plugin:3.0:descriptor (default-descriptor) @ storm-maven-plugins ---
[INFO] Using 'UTF-8' encoding to read mojo metadata.
[INFO] Applying mojo extractor for language: java-annotations
[INFO] Mojo extractor for language: java-annotations found 1 mojo descriptors.
[INFO] Applying mojo extractor for language: java
[INFO] Mojo extractor for language: java found 0 mojo descriptors.
[INFO] Applying mojo extractor for language: bsh
[INFO] Mojo extractor for language: bsh found 0 mojo descriptors.
[INFO] 
[INFO] --- maven-plugin-plugin:3.0:descriptor (mojo-descriptor) @ storm-maven-plugins ---
[INFO] Using 'UTF-8' encoding to read mojo metadata.
[INFO] Applying mojo extractor for language: java-annotations
[INFO] Mojo extractor for language: java-annotations found 1 mojo descriptors.
[INFO] Applying mojo extractor for language: java
[INFO] Mojo extractor for language: java found 0 mojo descriptors.
[INFO] Applying mojo extractor for language: bsh
[INFO] Mojo extractor for language: bsh found 0 mojo descriptors.
[INFO] 
[INFO] --- maven-resources-plugin:2.5:testResources (default-testResources) @ storm-maven-plugins ---
[debug] execute contextualize
[INFO] Using 'UTF-8' encoding to copy filtered resources.
[INFO] skip non existing resourceDirectory /home/travis/build/apache/storm/storm-buildtools/storm-maven-plugins/src/test/resources
[INFO] Copying 3 resources
[INFO] 
[INFO] --- maven-compiler-plugin:3.1:testCompile (default-testCompile) @ storm-maven-plugins ---
[INFO] No sources to compile
[INFO] 
[INFO] --- maven-surefire-plugin:2.18.1:test (default-test) @ storm-maven-plugins ---
[INFO] 
[INFO] --- apache-rat-plugin:0.11:check (default) @ storm-maven-plugins ---
[INFO] 51 implicit excludes (use -debug for more details).
[INFO] Exclude: **/target/**
[INFO] Exclude: **/*.iml
[INFO] Exclude: **/.idea/**
[INFO] Exclude: **/metastore_db/**
[INFO] Exclude: **/build/**
[INFO] Exclude: **/CHANGELOG.md
[INFO] Exclude: **/README.md
[INFO] Exclude: **/README.markdown
[INFO] Exclude: **/DEVELOPER.md
[INFO] Exclude: **/BYLAWS.md
[INFO] Exclude: **/STORM-UI-REST-API.md
[INFO] Exclude: SECURITY.md
[INFO] Exclude: VERSION
[INFO] Exclude: TODO
[INFO] Exclude: **/src/py/**
[INFO] Exclude: **/src/ui/public/js/jquery.dataTables.1.10.4.min.js
[INFO] Exclude: **/src/ui/public/css/jquery.dataTables.1.10.4.min.css
[INFO] Exclude: **/src/ui/public/images/*
[INFO] Exclude: **/src/ui/public/js/bootstrap-3.3.1.min.js
[INFO] Exclude: **/src/ui/public/css/bootstrap-3.3.1.min.css
[INFO] Exclude: **/src/ui/public/js/dataTables.bootstrap.min.js
[INFO] Exclude: **/src/ui/public/css/dataTables.bootstrap.css
[INFO] Exclude: **/src/ui/public/js/jsonFormatter.min.js
[INFO] Exclude: **/src/ui/public/css/jsonFormatter.min.css
[INFO] Exclude: **/src/ui/public/js/jquery-1.11.1.min.js
[INFO] Exclude: **/src/ui/public/js/jquery.cookies.2.2.0.min.js
[INFO] Exclude: **/src/ui/public/js/moment.min.js
[INFO] Exclude: **/src/ui/public/js/jquery.blockUI.min.js
[INFO] Exclude: **/src/ui/public/js/url.min.js
[INFO] Exclude: **/src/ui/public/js/arbor.js
[INFO] Exclude: **/src/ui/public/js/arbor-graphics.js
[INFO] Exclude: **/src/ui/public/js/arbor-tween.js
[INFO] Exclude: **/src/ui/public/js/jquery.mustache.js
[INFO] Exclude: **/src/ui/public/js/typeahead.jquery.min.js
[INFO] Exclude: **/dependency-reduced-pom.xml
[INFO] Exclude: **/docs/**
[INFO] Exclude: **/.git/**
[INFO] Exclude: **/derby.log
[INFO] Exclude: **/src/dev/**
[INFO] Exclude: **/src/codegen/config.fmpp
[INFO] Exclude: **/src/codegen/data/Parser.tdd
[INFO] Exclude: **/src/test/resources/FixedAvroSerializer.config
[INFO] 3 resources included (use -debug for more details)
Warning:  org.apache.xerces.jaxp.SAXParserImpl$JAXPSAXParser: Property 'http://www.oracle.com/xml/jaxp/properties/entityExpansionLimit' is not recognized.
Compiler warnings:
  WARNING:  'org.apache.xerces.jaxp.SAXParserImpl: Property 'http://javax.xml.XMLConstants/property/accessExternalDTD' is not recognized.'
Warning:  org.apache.xerces.parsers.SAXParser: Feature 'http://javax.xml.XMLConstants/feature/secure-processing' is not recognized.
Warning:  org.apache.xerces.parsers.SAXParser: Property 'http://javax.xml.XMLConstants/property/accessExternalDTD' is not recognized.
Warning:  org.apache.xerces.parsers.SAXParser: Property 'http://www.oracle.com/xml/jaxp/properties/entityExpansionLimit' is not recognized.
[INFO] Rat check: Summary of files. Unapproved: 0 unknown: 0 generated: 0 approved: 3 licence.
[INFO]                                                                         
[INFO] ------------------------------------------------------------------------
[INFO] Building storm-rename-hack 1.1.0-SNAPSHOT
[INFO] ------------------------------------------------------------------------
[INFO] Downloading: https://repository.apache.org/snapshots/org/apache/storm/storm-core/1.1.0-SNAPSHOT/maven-metadata.xml
[INFO] Downloaded: https://repository.apache.org/snapshots/org/apache/storm/storm-core/1.1.0-SNAPSHOT/maven-metadata.xml (2 KB at 1.3 KB/sec)
[INFO] 
[INFO] --- maven-remote-resources-plugin:1.2.1:process (default) @ storm-rename-hack ---
[INFO] 
[INFO] --- maven-resources-plugin:2.5:resources (default-resources) @ storm-rename-hack ---
[debug] execute contextualize
[INFO] Using 'UTF-8' encoding to copy filtered resources.
[INFO] skip non existing resourceDirectory /home/travis/build/apache/storm/storm-rename-hack/src/main/resources
[INFO] Copying 3 resources
[INFO] 
[INFO] --- maven-compiler-plugin:3.1:compile (default-compile) @ storm-rename-hack ---
[INFO] Nothing to compile - all classes are up to date
[INFO] 
[INFO] --- maven-resources-plugin:2.5:testResources (default-testResources) @ storm-rename-hack ---
[debug] execute contextualize
[INFO] Using 'UTF-8' encoding to copy filtered resources.
[INFO] skip non existing resourceDirectory /home/travis/build/apache/storm/storm-rename-hack/src/test/resources
[INFO] Copying 3 resources
[INFO] 
[INFO] --- maven-compiler-plugin:3.1:testCompile (default-testCompile) @ storm-rename-hack ---
[INFO] No sources to compile
[INFO] 
[INFO] --- maven-surefire-plugin:2.18.1:test (default-test) @ storm-rename-hack ---
[INFO] 
[INFO] --- apache-rat-plugin:0.11:check (default) @ storm-rename-hack ---
[INFO] 51 implicit excludes (use -debug for more details).
[INFO] Exclude: **/target/**
[INFO] Exclude: **/*.iml
[INFO] Exclude: **/.idea/**
[INFO] Exclude: **/metastore_db/**
[INFO] Exclude: **/build/**
[INFO] Exclude: **/CHANGELOG.md
[INFO] Exclude: **/README.md
[INFO] Exclude: **/README.markdown
[INFO] Exclude: **/DEVELOPER.md
[INFO] Exclude: **/BYLAWS.md
[INFO] Exclude: **/STORM-UI-REST-API.md
[INFO] Exclude: SECURITY.md
[INFO] Exclude: VERSION
[INFO] Exclude: TODO
[INFO] Exclude: **/src/py/**
[INFO] Exclude: **/src/ui/public/js/jquery.dataTables.1.10.4.min.js
[INFO] Exclude: **/src/ui/public/css/jquery.dataTables.1.10.4.min.css
[INFO] Exclude: **/src/ui/public/images/*
[INFO] Exclude: **/src/ui/public/js/bootstrap-3.3.1.min.js
[INFO] Exclude: **/src/ui/public/css/bootstrap-3.3.1.min.css
[INFO] Exclude: **/src/ui/public/js/dataTables.bootstrap.min.js
[INFO] Exclude: **/src/ui/public/css/dataTables.bootstrap.css
[INFO] Exclude: **/src/ui/public/js/jsonFormatter.min.js
[INFO] Exclude: **/src/ui/public/css/jsonFormatter.min.css
[INFO] Exclude: **/src/ui/public/js/jquery-1.11.1.min.js
[INFO] Exclude: **/src/ui/public/js/jquery.cookies.2.2.0.min.js
[INFO] Exclude: **/src/ui/public/js/moment.min.js
[INFO] Exclude: **/src/ui/public/js/jquery.blockUI.min.js
[INFO] Exclude: **/src/ui/public/js/url.min.js
[INFO] Exclude: **/src/ui/public/js/arbor.js
[INFO] Exclude: **/src/ui/public/js/arbor-graphics.js
[INFO] Exclude: **/src/ui/public/js/arbor-tween.js
[INFO] Exclude: **/src/ui/public/js/jquery.mustache.js
[INFO] Exclude: **/src/ui/public/js/typeahead.jquery.min.js
[INFO] Exclude: **/dependency-reduced-pom.xml
[INFO] Exclude: **/docs/**
[INFO] Exclude: **/.git/**
[INFO] Exclude: **/derby.log
[INFO] Exclude: **/src/dev/**
[INFO] Exclude: **/src/codegen/config.fmpp
[INFO] Exclude: **/src/codegen/data/Parser.tdd
[INFO] Exclude: **/src/test/resources/FixedAvroSerializer.config
[INFO] 10 resources included (use -debug for more details)
Warning:  org.apache.xerces.jaxp.SAXParserImpl$JAXPSAXParser: Property 'http://www.oracle.com/xml/jaxp/properties/entityExpansionLimit' is not recognized.
Compiler warnings:
  WARNING:  'org.apache.xerces.jaxp.SAXParserImpl: Property 'http://javax.xml.XMLConstants/property/accessExternalDTD' is not recognized.'
Warning:  org.apache.xerces.parsers.SAXParser: Feature 'http://javax.xml.XMLConstants/feature/secure-processing' is not recognized.
Warning:  org.apache.xerces.parsers.SAXParser: Property 'http://javax.xml.XMLConstants/property/accessExternalDTD' is not recognized.
Warning:  org.apache.xerces.parsers.SAXParser: Property 'http://www.oracle.com/xml/jaxp/properties/entityExpansionLimit' is not recognized.
[INFO] Rat check: Summary of files. Unapproved: 0 unknown: 0 generated: 0 approved: 10 licence.
[INFO]                                                                         
[INFO] ------------------------------------------------------------------------
[INFO] Building storm-kafka 1.1.0-SNAPSHOT
[INFO] ------------------------------------------------------------------------
[INFO] 
[INFO] --- jacoco-maven-plugin:0.7.2.201409121644:prepare-agent (jacoco-initialize) @ storm-kafka ---
[INFO] argLine set to -javaagent:/home/travis/.m2/repository/org/jacoco/org.jacoco.agent/0.7.2.201409121644/org.jacoco.agent-0.7.2.201409121644-runtime.jar=destfile=/home/travis/build/apache/storm/external/storm-kafka/target/jacoco.exec
[INFO] 
[INFO] --- maven-remote-resources-plugin:1.2.1:process (default) @ storm-kafka ---
[INFO] 
[INFO] --- maven-resources-plugin:2.5:resources (default-resources) @ storm-kafka ---
[debug] execute contextualize
[INFO] Using 'UTF-8' encoding to copy filtered resources.
[INFO] skip non existing resourceDirectory /home/travis/build/apache/storm/external/storm-kafka/src/main/resources
[INFO] Copying 3 resources
[INFO] 
[INFO] --- maven-compiler-plugin:3.1:compile (default-compile) @ storm-kafka ---
[INFO] Nothing to compile - all classes are up to date
[INFO] 
[INFO] --- maven-resources-plugin:2.5:testResources (default-testResources) @ storm-kafka ---
[debug] execute contextualize
[INFO] Using 'UTF-8' encoding to copy filtered resources.
[INFO] skip non existing resourceDirectory /home/travis/build/apache/storm/external/storm-kafka/src/test/resources
[INFO] Copying 3 resources
[INFO] 
[INFO] --- maven-compiler-plugin:3.1:testCompile (default-testCompile) @ storm-kafka ---
[INFO] Nothing to compile - all classes are up to date
[INFO] 
[INFO] --- maven-surefire-plugin:2.18.1:test (default-test) @ storm-kafka ---
[INFO] Surefire report directory: /home/travis/build/apache/storm/external/storm-kafka/target/surefire-reports
[INFO] parallel='none', perCoreThreadCount=true, threadCount=0, useUnlimitedThreads=false, threadCountSuites=0, threadCountClasses=0, threadCountMethods=0, parallelOptimized=true

-------------------------------------------------------
 T E S T S
-------------------------------------------------------
Running org.apache.storm.kafka.KafkaErrorTest
Tests run: 5, Failures: 0, Errors: 0, Skipped: 0, Time elapsed: 0.595 sec - in org.apache.storm.kafka.KafkaErrorTest
Running org.apache.storm.kafka.KafkaUtilsTest
Tests run: 18, Failures: 0, Errors: 0, Skipped: 0, Time elapsed: 30.696 sec - in org.apache.storm.kafka.KafkaUtilsTest
Running org.apache.storm.kafka.StringKeyValueSchemeTest
Tests run: 4, Failures: 0, Errors: 0, Skipped: 0, Time elapsed: 1.057 sec - in org.apache.storm.kafka.StringKeyValueSchemeTest
Running org.apache.storm.kafka.ZkCoordinatorTest
Tests run: 2, Failures: 0, Errors: 0, Skipped: 0, Time elapsed: 5.428 sec - in org.apache.storm.kafka.ZkCoordinatorTest
Running org.apache.storm.kafka.TridentKafkaTest
Tests run: 1, Failures: 0, Errors: 0, Skipped: 0, Time elapsed: 1.667 sec - in org.apache.storm.kafka.TridentKafkaTest
Running org.apache.storm.kafka.ExponentialBackoffMsgRetryManagerTest
Tests run: 12, Failures: 0, Errors: 0, Skipped: 0, Time elapsed: 1.721 sec - in org.apache.storm.kafka.ExponentialBackoffMsgRetryManagerTest
Running org.apache.storm.kafka.TestStringScheme
Tests run: 1, Failures: 0, Errors: 0, Skipped: 0, Time elapsed: 0 sec - in org.apache.storm.kafka.TestStringScheme
Running org.apache.storm.kafka.DynamicBrokersReaderTest
Tests run: 6, Failures: 0, Errors: 0, Skipped: 0, Time elapsed: 6.923 sec - in org.apache.storm.kafka.DynamicBrokersReaderTest
Running org.apache.storm.kafka.bolt.KafkaBoltTest
Tests run: 8, Failures: 0, Errors: 0, Skipped: 0, Time elapsed: 14.803 sec - in org.apache.storm.kafka.bolt.KafkaBoltTest

Results :

Tests run: 57, Failures: 0, Errors: 0, Skipped: 0

[INFO] 
[INFO] --- apache-rat-plugin:0.11:check (default) @ storm-kafka ---
[INFO] 51 implicit excludes (use -debug for more details).
[INFO] Exclude: **/target/**
[INFO] Exclude: **/*.iml
[INFO] Exclude: **/.idea/**
[INFO] Exclude: **/metastore_db/**
[INFO] Exclude: **/build/**
[INFO] Exclude: **/CHANGELOG.md
[INFO] Exclude: **/README.md
[INFO] Exclude: **/README.markdown
[INFO] Exclude: **/DEVELOPER.md
[INFO] Exclude: **/BYLAWS.md
[INFO] Exclude: **/STORM-UI-REST-API.md
[INFO] Exclude: SECURITY.md
[INFO] Exclude: VERSION
[INFO] Exclude: TODO
[INFO] Exclude: **/src/py/**
[INFO] Exclude: **/src/ui/public/js/jquery.dataTables.1.10.4.min.js
[INFO] Exclude: **/src/ui/public/css/jquery.dataTables.1.10.4.min.css
[INFO] Exclude: **/src/ui/public/images/*
[INFO] Exclude: **/src/ui/public/js/bootstrap-3.3.1.min.js
[INFO] Exclude: **/src/ui/public/css/bootstrap-3.3.1.min.css
[INFO] Exclude: **/src/ui/public/js/dataTables.bootstrap.min.js
[INFO] Exclude: **/src/ui/public/css/dataTables.bootstrap.css
[INFO] Exclude: **/src/ui/public/js/jsonFormatter.min.js
[INFO] Exclude: **/src/ui/public/css/jsonFormatter.min.css
[INFO] Exclude: **/src/ui/public/js/jquery-1.11.1.min.js
[INFO] Exclude: **/src/ui/public/js/jquery.cookies.2.2.0.min.js
[INFO] Exclude: **/src/ui/public/js/moment.min.js
[INFO] Exclude: **/src/ui/public/js/jquery.blockUI.min.js
[INFO] Exclude: **/src/ui/public/js/url.min.js
[INFO] Exclude: **/src/ui/public/js/arbor.js
[INFO] Exclude: **/src/ui/public/js/arbor-graphics.js
[INFO] Exclude: **/src/ui/public/js/arbor-tween.js
[INFO] Exclude: **/src/ui/public/js/jquery.mustache.js
[INFO] Exclude: **/src/ui/public/js/typeahead.jquery.min.js
[INFO] Exclude: **/dependency-reduced-pom.xml
[INFO] Exclude: **/docs/**
[INFO] Exclude: **/.git/**
[INFO] Exclude: **/derby.log
[INFO] Exclude: **/src/dev/**
[INFO] Exclude: **/src/codegen/config.fmpp
[INFO] Exclude: **/src/codegen/data/Parser.tdd
[INFO] Exclude: **/src/test/resources/FixedAvroSerializer.config
[INFO] 69 resources included (use -debug for more details)
Warning:  org.apache.xerces.jaxp.SAXParserImpl$JAXPSAXParser: Property 'http://www.oracle.com/xml/jaxp/properties/entityExpansionLimit' is not recognized.
Compiler warnings:
  WARNING:  'org.apache.xerces.jaxp.SAXParserImpl: Property 'http://javax.xml.XMLConstants/property/accessExternalDTD' is not recognized.'
Warning:  org.apache.xerces.parsers.SAXParser: Feature 'http://javax.xml.XMLConstants/feature/secure-processing' is not recognized.
Warning:  org.apache.xerces.parsers.SAXParser: Property 'http://javax.xml.XMLConstants/property/accessExternalDTD' is not recognized.
Warning:  org.apache.xerces.parsers.SAXParser: Property 'http://www.oracle.com/xml/jaxp/properties/entityExpansionLimit' is not recognized.
[INFO] Rat check: Summary of files. Unapproved: 0 unknown: 0 generated: 0 approved: 69 licence.
[INFO] 
[INFO] --- jacoco-maven-plugin:0.7.2.201409121644:report (jacoco-report) @ storm-kafka ---
[INFO] Skipping JaCoCo execution due to missing execution data file:/home/travis/build/apache/storm/external/storm-kafka/target/jacoco.exec
[INFO]                                                                         
[INFO] ------------------------------------------------------------------------
[INFO] Building storm-hdfs 1.1.0-SNAPSHOT
[INFO] ------------------------------------------------------------------------
[INFO] 
[INFO] --- maven-remote-resources-plugin:1.2.1:process (default) @ storm-hdfs ---
[INFO] 
[INFO] --- maven-resources-plugin:2.5:resources (default-resources) @ storm-hdfs ---
[debug] execute contextualize
[INFO] Using 'UTF-8' encoding to copy filtered resources.
[INFO] skip non existing resourceDirectory /home/travis/build/apache/storm/external/storm-hdfs/src/main/resources
[INFO] Copying 3 resources
[INFO] 
[INFO] --- maven-compiler-plugin:2.5.1:compile (default-compile) @ storm-hdfs ---
[INFO] Nothing to compile - all classes are up to date
[INFO] 
[INFO] --- maven-resources-plugin:2.5:testResources (default-testResources) @ storm-hdfs ---
[debug] execute contextualize
[INFO] Using 'UTF-8' encoding to copy filtered resources.
[INFO] Copying 2 resources
[INFO] Copying 3 resources
[INFO] 
[INFO] --- maven-compiler-plugin:2.5.1:testCompile (default-testCompile) @ storm-hdfs ---
[INFO] Nothing to compile - all classes are up to date
[INFO] 
[INFO] --- maven-surefire-plugin:2.18.1:test (default-test) @ storm-hdfs ---
[INFO] Surefire report directory: /home/travis/build/apache/storm/external/storm-hdfs/target/surefire-reports
[INFO] parallel='none', perCoreThreadCount=true, threadCount=0, useUnlimitedThreads=false, threadCountSuites=0, threadCountClasses=0, threadCountMethods=0, parallelOptimized=true

-------------------------------------------------------
 T E S T S
-------------------------------------------------------
Running org.apache.storm.hdfs.bolt.TestHdfsBolt
Tests run: 5, Failures: 0, Errors: 0, Skipped: 0, Time elapsed: 9.878 sec - in org.apache.storm.hdfs.bolt.TestHdfsBolt
Running org.apache.storm.hdfs.bolt.TestSequenceFileBolt
Tests run: 3, Failures: 0, Errors: 0, Skipped: 0, Time elapsed: 2.747 sec - in org.apache.storm.hdfs.bolt.TestSequenceFileBolt
Running org.apache.storm.hdfs.bolt.AvroGenericRecordBoltTest
Tests run: 2, Failures: 0, Errors: 0, Skipped: 0, Time elapsed: 2.316 sec - in org.apache.storm.hdfs.bolt.AvroGenericRecordBoltTest
Running org.apache.storm.hdfs.spout.TestDirLock
Tests run: 3, Failures: 0, Errors: 0, Skipped: 0, Time elapsed: 13.516 sec - in org.apache.storm.hdfs.spout.TestDirLock
Running org.apache.storm.hdfs.spout.TestHdfsSemantics
Tests run: 4, Failures: 0, Errors: 0, Skipped: 0, Time elapsed: 0.777 sec - in org.apache.storm.hdfs.spout.TestHdfsSemantics
Running org.apache.storm.hdfs.spout.TestHdfsSpout
Tests run: 10, Failures: 0, Errors: 0, Skipped: 0, Time elapsed: 8.112 sec - in org.apache.storm.hdfs.spout.TestHdfsSpout
Running org.apache.storm.hdfs.spout.TestProgressTracker
Tests run: 1, Failures: 0, Errors: 0, Skipped: 0, Time elapsed: 0.787 sec - in org.apache.storm.hdfs.spout.TestProgressTracker
Running org.apache.storm.hdfs.spout.TestFileLock
Tests run: 6, Failures: 0, Errors: 0, Skipped: 0, Time elapsed: 24.953 sec - in org.apache.storm.hdfs.spout.TestFileLock
Running org.apache.storm.hdfs.trident.HdfsStateTest
Tests run: 5, Failures: 0, Errors: 0, Skipped: 0, Time elapsed: 0.121 sec - in org.apache.storm.hdfs.trident.HdfsStateTest
Running org.apache.storm.hdfs.blobstore.BlobStoreTest
Tests run: 4, Failures: 0, Errors: 0, Skipped: 0, Time elapsed: 9.829 sec - in org.apache.storm.hdfs.blobstore.BlobStoreTest
Running org.apache.storm.hdfs.blobstore.HdfsBlobStoreImplTest
Tests run: 2, Failures: 0, Errors: 0, Skipped: 0, Time elapsed: 0.706 sec - in org.apache.storm.hdfs.blobstore.HdfsBlobStoreImplTest
Running org.apache.storm.hdfs.avro.TestFixedAvroSerializer
Tests run: 2, Failures: 0, Errors: 0, Skipped: 0, Time elapsed: 0.003 sec - in org.apache.storm.hdfs.avro.TestFixedAvroSerializer
Running org.apache.storm.hdfs.avro.TestGenericAvroSerializer
Tests run: 2, Failures: 0, Errors: 0, Skipped: 0, Time elapsed: 0.002 sec - in org.apache.storm.hdfs.avro.TestGenericAvroSerializer

Results :

Tests run: 49, Failures: 0, Errors: 0, Skipped: 0

[INFO] 
[INFO] --- apache-rat-plugin:0.11:check (default) @ storm-hdfs ---
[INFO] 51 implicit excludes (use -debug for more details).
[INFO] Exclude: **/target/**
[INFO] Exclude: **/*.iml
[INFO] Exclude: **/.idea/**
[INFO] Exclude: **/metastore_db/**
[INFO] Exclude: **/build/**
[INFO] Exclude: **/CHANGELOG.md
[INFO] Exclude: **/README.md
[INFO] Exclude: **/README.markdown
[INFO] Exclude: **/DEVELOPER.md
[INFO] Exclude: **/BYLAWS.md
[INFO] Exclude: **/STORM-UI-REST-API.md
[INFO] Exclude: SECURITY.md
[INFO] Exclude: VERSION
[INFO] Exclude: TODO
[INFO] Exclude: **/src/py/**
[INFO] Exclude: **/src/ui/public/js/jquery.dataTables.1.10.4.min.js
[INFO] Exclude: **/src/ui/public/css/jquery.dataTables.1.10.4.min.css
[INFO] Exclude: **/src/ui/public/images/*
[INFO] Exclude: **/src/ui/public/js/bootstrap-3.3.1.min.js
[INFO] Exclude: **/src/ui/public/css/bootstrap-3.3.1.min.css
[INFO] Exclude: **/src/ui/public/js/dataTables.bootstrap.min.js
[INFO] Exclude: **/src/ui/public/css/dataTables.bootstrap.css
[INFO] Exclude: **/src/ui/public/js/jsonFormatter.min.js
[INFO] Exclude: **/src/ui/public/css/jsonFormatter.min.css
[INFO] Exclude: **/src/ui/public/js/jquery-1.11.1.min.js
[INFO] Exclude: **/src/ui/public/js/jquery.cookies.2.2.0.min.js
[INFO] Exclude: **/src/ui/public/js/moment.min.js
[INFO] Exclude: **/src/ui/public/js/jquery.blockUI.min.js
[INFO] Exclude: **/src/ui/public/js/url.min.js
[INFO] Exclude: **/src/ui/public/js/arbor.js
[INFO] Exclude: **/src/ui/public/js/arbor-graphics.js
[INFO] Exclude: **/src/ui/public/js/arbor-tween.js
[INFO] Exclude: **/src/ui/public/js/jquery.mustache.js
[INFO] Exclude: **/src/ui/public/js/typeahead.jquery.min.js
[INFO] Exclude: **/dependency-reduced-pom.xml
[INFO] Exclude: **/docs/**
[INFO] Exclude: **/.git/**
[INFO] Exclude: **/derby.log
[INFO] Exclude: **/src/dev/**
[INFO] Exclude: **/src/codegen/config.fmpp
[INFO] Exclude: **/src/codegen/data/Parser.tdd
[INFO] Exclude: **/src/test/resources/FixedAvroSerializer.config
[INFO] 78 resources included (use -debug for more details)
Warning:  org.apache.xerces.jaxp.SAXParserImpl$JAXPSAXParser: Property 'http://www.oracle.com/xml/jaxp/properties/entityExpansionLimit' is not recognized.
Compiler warnings:
  WARNING:  'org.apache.xerces.jaxp.SAXParserImpl: Property 'http://javax.xml.XMLConstants/property/accessExternalDTD' is not recognized.'
Warning:  org.apache.xerces.parsers.SAXParser: Feature 'http://javax.xml.XMLConstants/feature/secure-processing' is not recognized.
Warning:  org.apache.xerces.parsers.SAXParser: Property 'http://javax.xml.XMLConstants/property/accessExternalDTD' is not recognized.
Warning:  org.apache.xerces.parsers.SAXParser: Property 'http://www.oracle.com/xml/jaxp/properties/entityExpansionLimit' is not recognized.
[INFO] Rat check: Summary of files. Unapproved: 0 unknown: 0 generated: 0 approved: 78 licence.
[INFO]                                                                         
[INFO] ------------------------------------------------------------------------
[INFO] Building storm-hbase 1.1.0-SNAPSHOT
[INFO] ------------------------------------------------------------------------
[INFO] 
[INFO] --- maven-remote-resources-plugin:1.2.1:process (default) @ storm-hbase ---
[INFO] 
[INFO] --- maven-resources-plugin:2.5:resources (default-resources) @ storm-hbase ---
[debug] execute contextualize
[INFO] Using 'UTF-8' encoding to copy filtered resources.
[INFO] skip non existing resourceDirectory /home/travis/build/apache/storm/external/storm-hbase/src/main/resources
[INFO] Copying 3 resources
[INFO] 
[INFO] --- maven-compiler-plugin:3.1:compile (default-compile) @ storm-hbase ---
[INFO] Nothing to compile - all classes are up to date
[INFO] 
[INFO] --- maven-resources-plugin:2.5:testResources (default-testResources) @ storm-hbase ---
[debug] execute contextualize
[INFO] Using 'UTF-8' encoding to copy filtered resources.
[INFO] skip non existing resourceDirectory /home/travis/build/apache/storm/external/storm-hbase/src/test/resources
[INFO] Copying 3 resources
[INFO] 
[INFO] --- maven-compiler-plugin:3.1:testCompile (default-testCompile) @ storm-hbase ---
[INFO] Nothing to compile - all classes are up to date
[INFO] 
[INFO] --- maven-surefire-plugin:2.18.1:test (default-test) @ storm-hbase ---
[INFO] 
[INFO] --- apache-rat-plugin:0.11:check (default) @ storm-hbase ---
[INFO] 51 implicit excludes (use -debug for more details).
[INFO] Exclude: **/target/**
[INFO] Exclude: **/*.iml
[INFO] Exclude: **/.idea/**
[INFO] Exclude: **/metastore_db/**
[INFO] Exclude: **/build/**
[INFO] Exclude: **/CHANGELOG.md
[INFO] Exclude: **/README.md
[INFO] Exclude: **/README.markdown
[INFO] Exclude: **/DEVELOPER.md
[INFO] Exclude: **/BYLAWS.md
[INFO] Exclude: **/STORM-UI-REST-API.md
[INFO] Exclude: SECURITY.md
[INFO] Exclude: VERSION
[INFO] Exclude: TODO
[INFO] Exclude: **/src/py/**
[INFO] Exclude: **/src/ui/public/js/jquery.dataTables.1.10.4.min.js
[INFO] Exclude: **/src/ui/public/css/jquery.dataTables.1.10.4.min.css
[INFO] Exclude: **/src/ui/public/images/*
[INFO] Exclude: **/src/ui/public/js/bootstrap-3.3.1.min.js
[INFO] Exclude: **/src/ui/public/css/bootstrap-3.3.1.min.css
[INFO] Exclude: **/src/ui/public/js/dataTables.bootstrap.min.js
[INFO] Exclude: **/src/ui/public/css/dataTables.bootstrap.css
[INFO] Exclude: **/src/ui/public/js/jsonFormatter.min.js
[INFO] Exclude: **/src/ui/public/css/jsonFormatter.min.css
[INFO] Exclude: **/src/ui/public/js/jquery-1.11.1.min.js
[INFO] Exclude: **/src/ui/public/js/jquery.cookies.2.2.0.min.js
[INFO] Exclude: **/src/ui/public/js/moment.min.js
[INFO] Exclude: **/src/ui/public/js/jquery.blockUI.min.js
[INFO] Exclude: **/src/ui/public/js/url.min.js
[INFO] Exclude: **/src/ui/public/js/arbor.js
[INFO] Exclude: **/src/ui/public/js/arbor-graphics.js
[INFO] Exclude: **/src/ui/public/js/arbor-tween.js
[INFO] Exclude: **/src/ui/public/js/jquery.mustache.js
[INFO] Exclude: **/src/ui/public/js/typeahead.jquery.min.js
[INFO] Exclude: **/dependency-reduced-pom.xml
[INFO] Exclude: **/docs/**
[INFO] Exclude: **/.git/**
[INFO] Exclude: **/derby.log
[INFO] Exclude: **/src/dev/**
[INFO] Exclude: **/src/codegen/config.fmpp
[INFO] Exclude: **/src/codegen/data/Parser.tdd
[INFO] Exclude: **/src/test/resources/FixedAvroSerializer.config
[INFO] 35 resources included (use -debug for more details)
Warning:  org.apache.xerces.jaxp.SAXParserImpl$JAXPSAXParser: Property 'http://www.oracle.com/xml/jaxp/properties/entityExpansionLimit' is not recognized.
Compiler warnings:
  WARNING:  'org.apache.xerces.jaxp.SAXParserImpl: Property 'http://javax.xml.XMLConstants/property/accessExternalDTD' is not recognized.'
Warning:  org.apache.xerces.parsers.SAXParser: Feature 'http://javax.xml.XMLConstants/feature/secure-processing' is not recognized.
Warning:  org.apache.xerces.parsers.SAXParser: Property 'http://javax.xml.XMLConstants/property/accessExternalDTD' is not recognized.
Warning:  org.apache.xerces.parsers.SAXParser: Property 'http://www.oracle.com/xml/jaxp/properties/entityExpansionLimit' is not recognized.
[INFO] Rat check: Summary of files. Unapproved: 0 unknown: 0 generated: 0 approved: 35 licence.
[INFO]                                                                         
[INFO] ------------------------------------------------------------------------
[INFO] Building storm-hive 1.1.0-SNAPSHOT
[INFO] ------------------------------------------------------------------------
[INFO] 
[INFO] --- maven-remote-resources-plugin:1.2.1:process (default) @ storm-hive ---
[INFO] Downloading: https://oss.sonatype.org/content/repositories/releases/net/hydromatic/linq4j/0.4/linq4j-0.4.pom
[INFO] Downloading: https://repository.apache.org/releases/net/hydromatic/linq4j/0.4/linq4j-0.4.pom
[INFO] Downloading: https://oss.sonatype.org/content/repositories/releases/net/hydromatic/quidem/0.1.1/quidem-0.1.1.pom
[INFO] Downloading: https://repository.apache.org/releases/net/hydromatic/quidem/0.1.1/quidem-0.1.1.pom
[INFO] Downloading: https://oss.sonatype.org/content/repositories/releases/org/pentaho/pentaho-aggdesigner-algorithm/5.1.3-jhyde/pentaho-aggdesigner-algorithm-5.1.3-jhyde.pom
[INFO] Downloading: https://repository.apache.org/releases/org/pentaho/pentaho-aggdesigner-algorithm/5.1.3-jhyde/pentaho-aggdesigner-algorithm-5.1.3-jhyde.pom
[INFO] Downloading: https://oss.sonatype.org/content/repositories/releases/eigenbase/eigenbase-properties/1.1.4/eigenbase-properties-1.1.4.pom
[INFO] Downloading: https://repository.apache.org/releases/eigenbase/eigenbase-properties/1.1.4/eigenbase-properties-1.1.4.pom
[INFO] 
[INFO] --- maven-resources-plugin:2.5:resources (default-resources) @ storm-hive ---
[debug] execute contextualize
[INFO] Using 'UTF-8' encoding to copy filtered resources.
[INFO] skip non existing resourceDirectory /home/travis/build/apache/storm/external/storm-hive/src/main/resources
[INFO] Copying 3 resources
[INFO] 
[INFO] --- maven-compiler-plugin:3.1:compile (default-compile) @ storm-hive ---
[INFO] Nothing to compile - all classes are up to date
[INFO] 
[INFO] --- maven-resources-plugin:2.5:testResources (default-testResources) @ storm-hive ---
[debug] execute contextualize
[INFO] Using 'UTF-8' encoding to copy filtered resources.
[INFO] skip non existing resourceDirectory /home/travis/build/apache/storm/external/storm-hive/src/test/resources
[INFO] Copying 3 resources
[INFO] 
[INFO] --- maven-compiler-plugin:3.1:testCompile (default-testCompile) @ storm-hive ---
[INFO] Nothing to compile - all classes are up to date
[INFO] 
[INFO] --- maven-clean-plugin:2.5:clean (cleanup) @ storm-hive ---
[INFO] 
[INFO] --- maven-surefire-plugin:2.18.1:test (default-test) @ storm-hive ---
[INFO] Surefire report directory: /home/travis/build/apache/storm/external/storm-hive/target/surefire-reports
[INFO] parallel='none', perCoreThreadCount=true, threadCount=0, useUnlimitedThreads=false, threadCountSuites=0, threadCountClasses=0, threadCountMethods=0, parallelOptimized=true

-------------------------------------------------------
 T E S T S
-------------------------------------------------------
Running org.apache.storm.hive.bolt.TestHiveBolt
Tests run: 11, Failures: 0, Errors: 0, Skipped: 0, Time elapsed: 18.897 sec - in org.apache.storm.hive.bolt.TestHiveBolt
Running org.apache.storm.hive.common.TestHiveWriter
Tests run: 3, Failures: 0, Errors: 0, Skipped: 0, Time elapsed: 2.77 sec - in org.apache.storm.hive.common.TestHiveWriter

Results :

Tests run: 14, Failures: 0, Errors: 0, Skipped: 0

[INFO] 
[INFO] --- apache-rat-plugin:0.11:check (default) @ storm-hive ---
[INFO] 51 implicit excludes (use -debug for more details).
[INFO] Exclude: **/target/**
[INFO] Exclude: **/*.iml
[INFO] Exclude: **/.idea/**
[INFO] Exclude: **/metastore_db/**
[INFO] Exclude: **/build/**
[INFO] Exclude: **/CHANGELOG.md
[INFO] Exclude: **/README.md
[INFO] Exclude: **/README.markdown
[INFO] Exclude: **/DEVELOPER.md
[INFO] Exclude: **/BYLAWS.md
[INFO] Exclude: **/STORM-UI-REST-API.md
[INFO] Exclude: SECURITY.md
[INFO] Exclude: VERSION
[INFO] Exclude: TODO
[INFO] Exclude: **/src/py/**
[INFO] Exclude: **/src/ui/public/js/jquery.dataTables.1.10.4.min.js
[INFO] Exclude: **/src/ui/public/css/jquery.dataTables.1.10.4.min.css
[INFO] Exclude: **/src/ui/public/images/*
[INFO] Exclude: **/src/ui/public/js/bootstrap-3.3.1.min.js
[INFO] Exclude: **/src/ui/public/css/bootstrap-3.3.1.min.css
[INFO] Exclude: **/src/ui/public/js/dataTables.bootstrap.min.js
[INFO] Exclude: **/src/ui/public/css/dataTables.bootstrap.css
[INFO] Exclude: **/src/ui/public/js/jsonFormatter.min.js
[INFO] Exclude: **/src/ui/public/css/jsonFormatter.min.css
[INFO] Exclude: **/src/ui/public/js/jquery-1.11.1.min.js
[INFO] Exclude: **/src/ui/public/js/jquery.cookies.2.2.0.min.js
[INFO] Exclude: **/src/ui/public/js/moment.min.js
[INFO] Exclude: **/src/ui/public/js/jquery.blockUI.min.js
[INFO] Exclude: **/src/ui/public/js/url.min.js
[INFO] Exclude: **/src/ui/public/js/arbor.js
[INFO] Exclude: **/src/ui/public/js/arbor-graphics.js
[INFO] Exclude: **/src/ui/public/js/arbor-tween.js
[INFO] Exclude: **/src/ui/public/js/jquery.mustache.js
[INFO] Exclude: **/src/ui/public/js/typeahead.jquery.min.js
[INFO] Exclude: **/dependency-reduced-pom.xml
[INFO] Exclude: **/docs/**
[INFO] Exclude: **/.git/**
[INFO] Exclude: **/derby.log
[INFO] Exclude: **/src/dev/**
[INFO] Exclude: **/src/codegen/config.fmpp
[INFO] Exclude: **/src/codegen/data/Parser.tdd
[INFO] Exclude: **/src/test/resources/FixedAvroSerializer.config
[INFO] 18 resources included (use -debug for more details)
Warning:  org.apache.xerces.jaxp.SAXParserImpl$JAXPSAXParser: Property 'http://www.oracle.com/xml/jaxp/properties/entityExpansionLimit' is not recognized.
Compiler warnings:
  WARNING:  'org.apache.xerces.jaxp.SAXParserImpl: Property 'http://javax.xml.XMLConstants/property/accessExternalDTD' is not recognized.'
Warning:  org.apache.xerces.parsers.SAXParser: Feature 'http://javax.xml.XMLConstants/feature/secure-processing' is not recognized.
Warning:  org.apache.xerces.parsers.SAXParser: Property 'http://javax.xml.XMLConstants/property/accessExternalDTD' is not recognized.
Warning:  org.apache.xerces.parsers.SAXParser: Property 'http://www.oracle.com/xml/jaxp/properties/entityExpansionLimit' is not recognized.
[INFO] Rat check: Summary of files. Unapproved: 0 unknown: 0 generated: 0 approved: 18 licence.
[INFO]                                                                         
[INFO] ------------------------------------------------------------------------
[INFO] Building storm-jdbc 1.1.0-SNAPSHOT
[INFO] ------------------------------------------------------------------------
[INFO] 
[INFO] --- maven-remote-resources-plugin:1.2.1:process (default) @ storm-jdbc ---
[INFO] 
[INFO] --- maven-resources-plugin:2.5:resources (default-resources) @ storm-jdbc ---
[debug] execute contextualize
[INFO] Using 'UTF-8' encoding to copy filtered resources.
[INFO] skip non existing resourceDirectory /home/travis/build/apache/storm/external/storm-jdbc/src/main/resources
[INFO] Copying 3 resources
[INFO] 
[INFO] --- maven-compiler-plugin:3.1:compile (default-compile) @ storm-jdbc ---
[INFO] Nothing to compile - all classes are up to date
[INFO] 
[INFO] --- maven-resources-plugin:2.5:testResources (default-testResources) @ storm-jdbc ---
[debug] execute contextualize
[INFO] Using 'UTF-8' encoding to copy filtered resources.
[INFO] skip non existing resourceDirectory /home/travis/build/apache/storm/external/storm-jdbc/src/test/resources
[INFO] Copying 3 resources
[INFO] 
[INFO] --- sql-maven-plugin:1.5:execute (create-db) @ storm-jdbc ---
[INFO] Executing file: /tmp/test.1511364895sql
[INFO] 1 of 1 SQL statements executed successfully
[INFO] 
[INFO] --- maven-compiler-plugin:3.1:testCompile (default-testCompile) @ storm-jdbc ---
[INFO] Nothing to compile - all classes are up to date
[INFO] 
[INFO] --- maven-surefire-plugin:2.18.1:test (default-test) @ storm-jdbc ---
[INFO] Surefire report directory: /home/travis/build/apache/storm/external/storm-jdbc/target/surefire-reports
[INFO] parallel='none', perCoreThreadCount=true, threadCount=0, useUnlimitedThreads=false, threadCountSuites=0, threadCountClasses=0, threadCountMethods=0, parallelOptimized=true

-------------------------------------------------------
 T E S T S
-------------------------------------------------------
Running org.apache.storm.jdbc.bolt.JdbcInsertBoltTest
Tests run: 1, Failures: 0, Errors: 0, Skipped: 0, Time elapsed: 0.407 sec - in org.apache.storm.jdbc.bolt.JdbcInsertBoltTest
Running org.apache.storm.jdbc.bolt.JdbcLookupBoltTest
Tests run: 1, Failures: 0, Errors: 0, Skipped: 0, Time elapsed: 0.002 sec - in org.apache.storm.jdbc.bolt.JdbcLookupBoltTest
Running org.apache.storm.jdbc.common.UtilTest
Tests run: 2, Failures: 0, Errors: 0, Skipped: 0, Time elapsed: 0.001 sec - in org.apache.storm.jdbc.common.UtilTest
Running org.apache.storm.jdbc.common.JdbcClientTest
Tests run: 1, Failures: 0, Errors: 0, Skipped: 0, Time elapsed: 0.382 sec - in org.apache.storm.jdbc.common.JdbcClientTest

Results :

Tests run: 5, Failures: 0, Errors: 0, Skipped: 0

[INFO] 
[INFO] --- apache-rat-plugin:0.11:check (default) @ storm-jdbc ---
[INFO] 51 implicit excludes (use -debug for more details).
[INFO] Exclude: **/target/**
[INFO] Exclude: **/*.iml
[INFO] Exclude: **/.idea/**
[INFO] Exclude: **/metastore_db/**
[INFO] Exclude: **/build/**
[INFO] Exclude: **/CHANGELOG.md
[INFO] Exclude: **/README.md
[INFO] Exclude: **/README.markdown
[INFO] Exclude: **/DEVELOPER.md
[INFO] Exclude: **/BYLAWS.md
[INFO] Exclude: **/STORM-UI-REST-API.md
[INFO] Exclude: SECURITY.md
[INFO] Exclude: VERSION
[INFO] Exclude: TODO
[INFO] Exclude: **/src/py/**
[INFO] Exclude: **/src/ui/public/js/jquery.dataTables.1.10.4.min.js
[INFO] Exclude: **/src/ui/public/css/jquery.dataTables.1.10.4.min.css
[INFO] Exclude: **/src/ui/public/images/*
[INFO] Exclude: **/src/ui/public/js/bootstrap-3.3.1.min.js
[INFO] Exclude: **/src/ui/public/css/bootstrap-3.3.1.min.css
[INFO] Exclude: **/src/ui/public/js/dataTables.bootstrap.min.js
[INFO] Exclude: **/src/ui/public/css/dataTables.bootstrap.css
[INFO] Exclude: **/src/ui/public/js/jsonFormatter.min.js
[INFO] Exclude: **/src/ui/public/css/jsonFormatter.min.css
[INFO] Exclude: **/src/ui/public/js/jquery-1.11.1.min.js
[INFO] Exclude: **/src/ui/public/js/jquery.cookies.2.2.0.min.js
[INFO] Exclude: **/src/ui/public/js/moment.min.js
[INFO] Exclude: **/src/ui/public/js/jquery.blockUI.min.js
[INFO] Exclude: **/src/ui/public/js/url.min.js
[INFO] Exclude: **/src/ui/public/js/arbor.js
[INFO] Exclude: **/src/ui/public/js/arbor-graphics.js
[INFO] Exclude: **/src/ui/public/js/arbor-tween.js
[INFO] Exclude: **/src/ui/public/js/jquery.mustache.js
[INFO] Exclude: **/src/ui/public/js/typeahead.jquery.min.js
[INFO] Exclude: **/dependency-reduced-pom.xml
[INFO] Exclude: **/docs/**
[INFO] Exclude: **/.git/**
[INFO] Exclude: **/derby.log
[INFO] Exclude: **/src/dev/**
[INFO] Exclude: **/src/codegen/config.fmpp
[INFO] Exclude: **/src/codegen/data/Parser.tdd
[INFO] Exclude: **/src/test/resources/FixedAvroSerializer.config
[INFO] 26 resources included (use -debug for more details)
Warning:  org.apache.xerces.jaxp.SAXParserImpl$JAXPSAXParser: Property 'http://www.oracle.com/xml/jaxp/properties/entityExpansionLimit' is not recognized.
Compiler warnings:
  WARNING:  'org.apache.xerces.jaxp.SAXParserImpl: Property 'http://javax.xml.XMLConstants/property/accessExternalDTD' is not recognized.'
Warning:  org.apache.xerces.parsers.SAXParser: Feature 'http://javax.xml.XMLConstants/feature/secure-processing' is not recognized.
Warning:  org.apache.xerces.parsers.SAXParser: Property 'http://javax.xml.XMLConstants/property/accessExternalDTD' is not recognized.
Warning:  org.apache.xerces.parsers.SAXParser: Property 'http://www.oracle.com/xml/jaxp/properties/entityExpansionLimit' is not recognized.
[INFO] Rat check: Summary of files. Unapproved: 0 unknown: 0 generated: 0 approved: 26 licence.
[INFO]                                                                         
[INFO] ------------------------------------------------------------------------
[INFO] Building storm-redis 1.1.0-SNAPSHOT
[INFO] ------------------------------------------------------------------------
[INFO] 
[INFO] --- maven-remote-resources-plugin:1.2.1:process (default) @ storm-redis ---
[INFO] 
[INFO] --- maven-resources-plugin:2.5:resources (default-resources) @ storm-redis ---
[debug] execute contextualize
[INFO] Using 'UTF-8' encoding to copy filtered resources.
[INFO] skip non existing resourceDirectory /home/travis/build/apache/storm/external/storm-redis/src/main/resources
[INFO] Copying 3 resources
[INFO] 
[INFO] --- maven-compiler-plugin:3.1:compile (default-compile) @ storm-redis ---
[INFO] Nothing to compile - all classes are up to date
[INFO] 
[INFO] --- maven-resources-plugin:2.5:testResources (default-testResources) @ storm-redis ---
[debug] execute contextualize
[INFO] Using 'UTF-8' encoding to copy filtered resources.
[INFO] skip non existing resourceDirectory /home/travis/build/apache/storm/external/storm-redis/src/test/resources
[INFO] Copying 3 resources
[INFO] 
[INFO] --- maven-compiler-plugin:3.1:testCompile (default-testCompile) @ storm-redis ---
[INFO] Nothing to compile - all classes are up to date
[INFO] 
[INFO] --- maven-surefire-plugin:2.18.1:test (default-test) @ storm-redis ---
[INFO] Surefire report directory: /home/travis/build/apache/storm/external/storm-redis/target/surefire-reports
[INFO] parallel='none', perCoreThreadCount=true, threadCount=0, useUnlimitedThreads=false, threadCountSuites=0, threadCountClasses=0, threadCountMethods=0, parallelOptimized=true

-------------------------------------------------------
 T E S T S
-------------------------------------------------------
Running org.apache.storm.redis.state.RedisKeyValueStateProviderTest
Tests run: 2, Failures: 0, Errors: 0, Skipped: 0, Time elapsed: 0.603 sec - in org.apache.storm.redis.state.RedisKeyValueStateProviderTest
Running org.apache.storm.redis.state.DefaultStateSerializerTest
Tests run: 1, Failures: 0, Errors: 0, Skipped: 0, Time elapsed: 0.057 sec - in org.apache.storm.redis.state.DefaultStateSerializerTest
Running org.apache.storm.redis.state.RedisKeyValueStateTest
Tests run: 2, Failures: 0, Errors: 0, Skipped: 0, Time elapsed: 0.195 sec - in org.apache.storm.redis.state.RedisKeyValueStateTest

Results :

Tests run: 5, Failures: 0, Errors: 0, Skipped: 0

[INFO] 
[INFO] --- apache-rat-plugin:0.11:check (default) @ storm-redis ---
[INFO] 51 implicit excludes (use -debug for more details).
[INFO] Exclude: **/target/**
[INFO] Exclude: **/*.iml
[INFO] Exclude: **/.idea/**
[INFO] Exclude: **/metastore_db/**
[INFO] Exclude: **/build/**
[INFO] Exclude: **/CHANGELOG.md
[INFO] Exclude: **/README.md
[INFO] Exclude: **/README.markdown
[INFO] Exclude: **/DEVELOPER.md
[INFO] Exclude: **/BYLAWS.md
[INFO] Exclude: **/STORM-UI-REST-API.md
[INFO] Exclude: SECURITY.md
[INFO] Exclude: VERSION
[INFO] Exclude: TODO
[INFO] Exclude: **/src/py/**
[INFO] Exclude: **/src/ui/public/js/jquery.dataTables.1.10.4.min.js
[INFO] Exclude: **/src/ui/public/css/jquery.dataTables.1.10.4.min.css
[INFO] Exclude: **/src/ui/public/images/*
[INFO] Exclude: **/src/ui/public/js/bootstrap-3.3.1.min.js
[INFO] Exclude: **/src/ui/public/css/bootstrap-3.3.1.min.css
[INFO] Exclude: **/src/ui/public/js/dataTables.bootstrap.min.js
[INFO] Exclude: **/src/ui/public/css/dataTables.bootstrap.css
[INFO] Exclude: **/src/ui/public/js/jsonFormatter.min.js
[INFO] Exclude: **/src/ui/public/css/jsonFormatter.min.css
[INFO] Exclude: **/src/ui/public/js/jquery-1.11.1.min.js
[INFO] Exclude: **/src/ui/public/js/jquery.cookies.2.2.0.min.js
[INFO] Exclude: **/src/ui/public/js/moment.min.js
[INFO] Exclude: **/src/ui/public/js/jquery.blockUI.min.js
[INFO] Exclude: **/src/ui/public/js/url.min.js
[INFO] Exclude: **/src/ui/public/js/arbor.js
[INFO] Exclude: **/src/ui/public/js/arbor-graphics.js
[INFO] Exclude: **/src/ui/public/js/arbor-tween.js
[INFO] Exclude: **/src/ui/public/js/jquery.mustache.js
[INFO] Exclude: **/src/ui/public/js/typeahead.jquery.min.js
[INFO] Exclude: **/dependency-reduced-pom.xml
[INFO] Exclude: **/docs/**
[INFO] Exclude: **/.git/**
[INFO] Exclude: **/derby.log
[INFO] Exclude: **/src/dev/**
[INFO] Exclude: **/src/codegen/config.fmpp
[INFO] Exclude: **/src/codegen/data/Parser.tdd
[INFO] Exclude: **/src/test/resources/FixedAvroSerializer.config
[INFO] 44 resources included (use -debug for more details)
Warning:  org.apache.xerces.jaxp.SAXParserImpl$JAXPSAXParser: Property 'http://www.oracle.com/xml/jaxp/properties/entityExpansionLimit' is not recognized.
Compiler warnings:
  WARNING:  'org.apache.xerces.jaxp.SAXParserImpl: Property 'http://javax.xml.XMLConstants/property/accessExternalDTD' is not recognized.'
Warning:  org.apache.xerces.parsers.SAXParser: Feature 'http://javax.xml.XMLConstants/feature/secure-processing' is not recognized.
Warning:  org.apache.xerces.parsers.SAXParser: Property 'http://javax.xml.XMLConstants/property/accessExternalDTD' is not recognized.
Warning:  org.apache.xerces.parsers.SAXParser: Property 'http://www.oracle.com/xml/jaxp/properties/entityExpansionLimit' is not recognized.
[INFO] Rat check: Summary of files. Unapproved: 0 unknown: 0 generated: 0 approved: 44 licence.
[INFO]                                                                         
[INFO] ------------------------------------------------------------------------
[INFO] Building storm-eventhubs 1.1.0-SNAPSHOT
[INFO] ------------------------------------------------------------------------
[INFO] 
[INFO] --- maven-remote-resources-plugin:1.2.1:process (default) @ storm-eventhubs ---
[INFO] 
[INFO] --- maven-resources-plugin:2.5:resources (default-resources) @ storm-eventhubs ---
[debug] execute contextualize
[INFO] Using 'UTF-8' encoding to copy filtered resources.
[INFO] Copying 1 resource
[INFO] Copying 3 resources
[INFO] 
[INFO] --- maven-compiler-plugin:3.1:compile (default-compile) @ storm-eventhubs ---
[INFO] Nothing to compile - all classes are up to date
[INFO] 
[INFO] --- maven-resources-plugin:2.5:testResources (default-testResources) @ storm-eventhubs ---
[debug] execute contextualize
[INFO] Using 'UTF-8' encoding to copy filtered resources.
[INFO] skip non existing resourceDirectory /home/travis/build/apache/storm/external/storm-eventhubs/src/test/resources
[INFO] Copying 3 resources
[INFO] 
[INFO] --- maven-compiler-plugin:3.1:testCompile (default-testCompile) @ storm-eventhubs ---
[INFO] Nothing to compile - all classes are up to date
[INFO] 
[INFO] --- maven-surefire-plugin:2.18.1:test (default-test) @ storm-eventhubs ---
[INFO] Surefire report directory: /home/travis/build/apache/storm/external/storm-eventhubs/target/surefire-reports
[INFO] parallel='none', perCoreThreadCount=true, threadCount=0, useUnlimitedThreads=false, threadCountSuites=0, threadCountClasses=0, threadCountMethods=0, parallelOptimized=true

-------------------------------------------------------
 T E S T S
-------------------------------------------------------
Running org.apache.storm.eventhubs.trident.TestTransactionalTridentEmitter
Tests run: 2, Failures: 0, Errors: 0, Skipped: 0, Time elapsed: 0.427 sec - in org.apache.storm.eventhubs.trident.TestTransactionalTridentEmitter
Running org.apache.storm.eventhubs.spout.TestPartitionManager
Tests run: 8, Failures: 0, Errors: 0, Skipped: 0, Time elapsed: 0.034 sec - in org.apache.storm.eventhubs.spout.TestPartitionManager
Running org.apache.storm.eventhubs.spout.TestEventData
Tests run: 1, Failures: 0, Errors: 0, Skipped: 0, Time elapsed: 0.001 sec - in org.apache.storm.eventhubs.spout.TestEventData
Running org.apache.storm.eventhubs.spout.TestEventHubSpout
Tests run: 3, Failures: 0, Errors: 0, Skipped: 0, Time elapsed: 2.016 sec - in org.apache.storm.eventhubs.spout.TestEventHubSpout

Results :

Tests run: 14, Failures: 0, Errors: 0, Skipped: 0

[INFO] 
[INFO] --- apache-rat-plugin:0.11:check (default) @ storm-eventhubs ---
[INFO] 51 implicit excludes (use -debug for more details).
[INFO] Exclude: **/target/**
[INFO] Exclude: **/*.iml
[INFO] Exclude: **/.idea/**
[INFO] Exclude: **/metastore_db/**
[INFO] Exclude: **/build/**
[INFO] Exclude: **/CHANGELOG.md
[INFO] Exclude: **/README.md
[INFO] Exclude: **/README.markdown
[INFO] Exclude: **/DEVELOPER.md
[INFO] Exclude: **/BYLAWS.md
[INFO] Exclude: **/STORM-UI-REST-API.md
[INFO] Exclude: SECURITY.md
[INFO] Exclude: VERSION
[INFO] Exclude: TODO
[INFO] Exclude: **/src/py/**
[INFO] Exclude: **/src/ui/public/js/jquery.dataTables.1.10.4.min.js
[INFO] Exclude: **/src/ui/public/css/jquery.dataTables.1.10.4.min.css
[INFO] Exclude: **/src/ui/public/images/*
[INFO] Exclude: **/src/ui/public/js/bootstrap-3.3.1.min.js
[INFO] Exclude: **/src/ui/public/css/bootstrap-3.3.1.min.css
[INFO] Exclude: **/src/ui/public/js/dataTables.bootstrap.min.js
[INFO] Exclude: **/src/ui/public/css/dataTables.bootstrap.css
[INFO] Exclude: **/src/ui/public/js/jsonFormatter.min.js
[INFO] Exclude: **/src/ui/public/css/jsonFormatter.min.css
[INFO] Exclude: **/src/ui/public/js/jquery-1.11.1.min.js
[INFO] Exclude: **/src/ui/public/js/jquery.cookies.2.2.0.min.js
[INFO] Exclude: **/src/ui/public/js/moment.min.js
[INFO] Exclude: **/src/ui/public/js/jquery.blockUI.min.js
[INFO] Exclude: **/src/ui/public/js/url.min.js
[INFO] Exclude: **/src/ui/public/js/arbor.js
[INFO] Exclude: **/src/ui/public/js/arbor-graphics.js
[INFO] Exclude: **/src/ui/public/js/arbor-tween.js
[INFO] Exclude: **/src/ui/public/js/jquery.mustache.js
[INFO] Exclude: **/src/ui/public/js/typeahead.jquery.min.js
[INFO] Exclude: **/dependency-reduced-pom.xml
[INFO] Exclude: **/docs/**
[INFO] Exclude: **/.git/**
[INFO] Exclude: **/derby.log
[INFO] Exclude: **/src/dev/**
[INFO] Exclude: **/src/codegen/config.fmpp
[INFO] Exclude: **/src/codegen/data/Parser.tdd
[INFO] Exclude: **/src/test/resources/FixedAvroSerializer.config
[INFO] 52 resources included (use -debug for more details)
Warning:  org.apache.xerces.jaxp.SAXParserImpl$JAXPSAXParser: Property 'http://www.oracle.com/xml/jaxp/properties/entityExpansionLimit' is not recognized.
Compiler warnings:
  WARNING:  'org.apache.xerces.jaxp.SAXParserImpl: Property 'http://javax.xml.XMLConstants/property/accessExternalDTD' is not recognized.'
Warning:  org.apache.xerces.parsers.SAXParser: Feature 'http://javax.xml.XMLConstants/feature/secure-processing' is not recognized.
Warning:  org.apache.xerces.parsers.SAXParser: Property 'http://javax.xml.XMLConstants/property/accessExternalDTD' is not recognized.
Warning:  org.apache.xerces.parsers.SAXParser: Property 'http://www.oracle.com/xml/jaxp/properties/entityExpansionLimit' is not recognized.
[INFO] Rat check: Summary of files. Unapproved: 0 unknown: 0 generated: 0 approved: 52 licence.
[INFO]                                                                         
[INFO] ------------------------------------------------------------------------
[INFO] Building flux 1.1.0-SNAPSHOT
[INFO] ------------------------------------------------------------------------
[INFO] 
[INFO] --- maven-remote-resources-plugin:1.2.1:process (default) @ flux ---
[INFO] 
[INFO] --- apache-rat-plugin:0.11:check (default) @ flux ---
[INFO] 51 implicit excludes (use -debug for more details).
[INFO] Exclude: **/target/**
[INFO] Exclude: **/*.iml
[INFO] Exclude: **/.idea/**
[INFO] Exclude: **/metastore_db/**
[INFO] Exclude: **/build/**
[INFO] Exclude: **/CHANGELOG.md
[INFO] Exclude: **/README.md
[INFO] Exclude: **/README.markdown
[INFO] Exclude: **/DEVELOPER.md
[INFO] Exclude: **/BYLAWS.md
[INFO] Exclude: **/STORM-UI-REST-API.md
[INFO] Exclude: SECURITY.md
[INFO] Exclude: VERSION
[INFO] Exclude: TODO
[INFO] Exclude: **/src/py/**
[INFO] Exclude: **/src/ui/public/js/jquery.dataTables.1.10.4.min.js
[INFO] Exclude: **/src/ui/public/css/jquery.dataTables.1.10.4.min.css
[INFO] Exclude: **/src/ui/public/images/*
[INFO] Exclude: **/src/ui/public/js/bootstrap-3.3.1.min.js
[INFO] Exclude: **/src/ui/public/css/bootstrap-3.3.1.min.css
[INFO] Exclude: **/src/ui/public/js/dataTables.bootstrap.min.js
[INFO] Exclude: **/src/ui/public/css/dataTables.bootstrap.css
[INFO] Exclude: **/src/ui/public/js/jsonFormatter.min.js
[INFO] Exclude: **/src/ui/public/css/jsonFormatter.min.css
[INFO] Exclude: **/src/ui/public/js/jquery-1.11.1.min.js
[INFO] Exclude: **/src/ui/public/js/jquery.cookies.2.2.0.min.js
[INFO] Exclude: **/src/ui/public/js/moment.min.js
[INFO] Exclude: **/src/ui/public/js/jquery.blockUI.min.js
[INFO] Exclude: **/src/ui/public/js/url.min.js
[INFO] Exclude: **/src/ui/public/js/arbor.js
[INFO] Exclude: **/src/ui/public/js/arbor-graphics.js
[INFO] Exclude: **/src/ui/public/js/arbor-tween.js
[INFO] Exclude: **/src/ui/public/js/jquery.mustache.js
[INFO] Exclude: **/src/ui/public/js/typeahead.jquery.min.js
[INFO] Exclude: **/dependency-reduced-pom.xml
[INFO] Exclude: **/docs/**
[INFO] Exclude: **/.git/**
[INFO] Exclude: **/derby.log
[INFO] Exclude: **/src/dev/**
[INFO] Exclude: **/src/codegen/config.fmpp
[INFO] Exclude: **/src/codegen/data/Parser.tdd
[INFO] Exclude: **/src/test/resources/FixedAvroSerializer.config
[INFO] 69 resources included (use -debug for more details)
Warning:  org.apache.xerces.jaxp.SAXParserImpl$JAXPSAXParser: Property 'http://www.oracle.com/xml/jaxp/properties/entityExpansionLimit' is not recognized.
Compiler warnings:
  WARNING:  'org.apache.xerces.jaxp.SAXParserImpl: Property 'http://javax.xml.XMLConstants/property/accessExternalDTD' is not recognized.'
Warning:  org.apache.xerces.parsers.SAXParser: Feature 'http://javax.xml.XMLConstants/feature/secure-processing' is not recognized.
Warning:  org.apache.xerces.parsers.SAXParser: Property 'http://javax.xml.XMLConstants/property/accessExternalDTD' is not recognized.
Warning:  org.apache.xerces.parsers.SAXParser: Property 'http://www.oracle.com/xml/jaxp/properties/entityExpansionLimit' is not recognized.
[INFO] Rat check: Summary of files. Unapproved: 0 unknown: 0 generated: 0 approved: 68 licence.
[INFO]                                                                         
[INFO] ------------------------------------------------------------------------
[INFO] Building flux-wrappers 1.1.0-SNAPSHOT
[INFO] ------------------------------------------------------------------------
[INFO] 
[INFO] --- maven-remote-resources-plugin:1.2.1:process (default) @ flux-wrappers ---
[INFO] 
[INFO] --- maven-resources-plugin:2.5:resources (default-resources) @ flux-wrappers ---
[debug] execute contextualize
[INFO] Using 'UTF-8' encoding to copy filtered resources.
[INFO] Copying 2 resources
[INFO] Copying 3 resources
[INFO] 
[INFO] --- maven-compiler-plugin:3.3:compile (default-compile) @ flux-wrappers ---
[INFO] Nothing to compile - all classes are up to date
[INFO] 
[INFO] --- maven-resources-plugin:2.5:testResources (default-testResources) @ flux-wrappers ---
[debug] execute contextualize
[INFO] Using 'UTF-8' encoding to copy filtered resources.
[INFO] skip non existing resourceDirectory /home/travis/build/apache/storm/external/flux/flux-wrappers/src/test/resources
[INFO] Copying 3 resources
[INFO] 
[INFO] --- maven-compiler-plugin:3.3:testCompile (default-testCompile) @ flux-wrappers ---
[INFO] No sources to compile
[INFO] 
[INFO] --- maven-surefire-plugin:2.18.1:test (default-test) @ flux-wrappers ---
[INFO] 
[INFO] --- apache-rat-plugin:0.11:check (default) @ flux-wrappers ---
[INFO] 51 implicit excludes (use -debug for more details).
[INFO] Exclude: **/target/**
[INFO] Exclude: **/*.iml
[INFO] Exclude: **/.idea/**
[INFO] Exclude: **/metastore_db/**
[INFO] Exclude: **/build/**
[INFO] Exclude: **/CHANGELOG.md
[INFO] Exclude: **/README.md
[INFO] Exclude: **/README.markdown
[INFO] Exclude: **/DEVELOPER.md
[INFO] Exclude: **/BYLAWS.md
[INFO] Exclude: **/STORM-UI-REST-API.md
[INFO] Exclude: SECURITY.md
[INFO] Exclude: VERSION
[INFO] Exclude: TODO
[INFO] Exclude: **/src/py/**
[INFO] Exclude: **/src/ui/public/js/jquery.dataTables.1.10.4.min.js
[INFO] Exclude: **/src/ui/public/css/jquery.dataTables.1.10.4.min.css
[INFO] Exclude: **/src/ui/public/images/*
[INFO] Exclude: **/src/ui/public/js/bootstrap-3.3.1.min.js
[INFO] Exclude: **/src/ui/public/css/bootstrap-3.3.1.min.css
[INFO] Exclude: **/src/ui/public/js/dataTables.bootstrap.min.js
[INFO] Exclude: **/src/ui/public/css/dataTables.bootstrap.css
[INFO] Exclude: **/src/ui/public/js/jsonFormatter.min.js
[INFO] Exclude: **/src/ui/public/css/jsonFormatter.min.css
[INFO] Exclude: **/src/ui/public/js/jquery-1.11.1.min.js
[INFO] Exclude: **/src/ui/public/js/jquery.cookies.2.2.0.min.js
[INFO] Exclude: **/src/ui/public/js/moment.min.js
[INFO] Exclude: **/src/ui/public/js/jquery.blockUI.min.js
[INFO] Exclude: **/src/ui/public/js/url.min.js
[INFO] Exclude: **/src/ui/public/js/arbor.js
[INFO] Exclude: **/src/ui/public/js/arbor-graphics.js
[INFO] Exclude: **/src/ui/public/js/arbor-tween.js
[INFO] Exclude: **/src/ui/public/js/jquery.mustache.js
[INFO] Exclude: **/src/ui/public/js/typeahead.jquery.min.js
[INFO] Exclude: **/dependency-reduced-pom.xml
[INFO] Exclude: **/docs/**
[INFO] Exclude: **/.git/**
[INFO] Exclude: **/derby.log
[INFO] Exclude: **/src/dev/**
[INFO] Exclude: **/src/codegen/config.fmpp
[INFO] Exclude: **/src/codegen/data/Parser.tdd
[INFO] Exclude: **/src/test/resources/FixedAvroSerializer.config
[INFO] 6 resources included (use -debug for more details)
Warning:  org.apache.xerces.jaxp.SAXParserImpl$JAXPSAXParser: Property 'http://www.oracle.com/xml/jaxp/properties/entityExpansionLimit' is not recognized.
Compiler warnings:
  WARNING:  'org.apache.xerces.jaxp.SAXParserImpl: Property 'http://javax.xml.XMLConstants/property/accessExternalDTD' is not recognized.'
Warning:  org.apache.xerces.parsers.SAXParser: Feature 'http://javax.xml.XMLConstants/feature/secure-processing' is not recognized.
Warning:  org.apache.xerces.parsers.SAXParser: Property 'http://javax.xml.XMLConstants/property/accessExternalDTD' is not recognized.
Warning:  org.apache.xerces.parsers.SAXParser: Property 'http://www.oracle.com/xml/jaxp/properties/entityExpansionLimit' is not recognized.
[INFO] Rat check: Summary of files. Unapproved: 0 unknown: 0 generated: 0 approved: 6 licence.
[INFO]                                                                         
[INFO] ------------------------------------------------------------------------
[INFO] Building flux-core 1.1.0-SNAPSHOT
[INFO] ------------------------------------------------------------------------
[INFO] 
[INFO] --- maven-remote-resources-plugin:1.2.1:process (default) @ flux-core ---
[INFO] 
[INFO] --- maven-resources-plugin:2.5:resources (default-resources) @ flux-core ---
[debug] execute contextualize
[INFO] Using 'UTF-8' encoding to copy filtered resources.
[INFO] Copying 1 resource
[INFO] Copying 3 resources
[INFO] 
[INFO] --- maven-compiler-plugin:3.3:compile (default-compile) @ flux-core ---
[INFO] Nothing to compile - all classes are up to date
[INFO] 
[INFO] --- maven-resources-plugin:2.5:testResources (default-testResources) @ flux-core ---
[debug] execute contextualize
[INFO] Using 'UTF-8' encoding to copy filtered resources.
[INFO] Copying 18 resources
[INFO] Copying 3 resources
[INFO] 
[INFO] --- maven-compiler-plugin:3.3:testCompile (default-testCompile) @ flux-core ---
[INFO] Nothing to compile - all classes are up to date
[INFO] 
[INFO] --- maven-surefire-plugin:2.18.1:test (default-test) @ flux-core ---
[INFO] Surefire report directory: /home/travis/build/apache/storm/external/flux/flux-core/target/surefire-reports
[INFO] parallel='none', perCoreThreadCount=true, threadCount=0, useUnlimitedThreads=false, threadCountSuites=0, threadCountClasses=0, threadCountMethods=0, parallelOptimized=true

-------------------------------------------------------
 T E S T S
-------------------------------------------------------
Running org.apache.storm.flux.multilang.MultilangEnvirontmentTest
Tests run: 2, Failures: 1, Errors: 0, Skipped: 0, Time elapsed: 0.022 sec <<< FAILURE! - in org.apache.storm.flux.multilang.MultilangEnvirontmentTest
testInvokeNode(org.apache.storm.flux.multilang.MultilangEnvirontmentTest)  Time elapsed: 0.005 sec  <<< FAILURE!
java.lang.AssertionError: Exit value for node is 0. expected:<0> but was:<139>
	at org.junit.Assert.fail(Assert.java:88)
	at org.junit.Assert.failNotEquals(Assert.java:743)
	at org.junit.Assert.assertEquals(Assert.java:118)
	at org.junit.Assert.assertEquals(Assert.java:555)
	at org.apache.storm.flux.multilang.MultilangEnvirontmentTest.testInvokeNode(MultilangEnvirontmentTest.java:48)

Running org.apache.storm.flux.IntegrationTest
Tests run: 1, Failures: 0, Errors: 0, Skipped: 0, Time elapsed: 0 sec - in org.apache.storm.flux.IntegrationTest
Running org.apache.storm.flux.FluxBuilderTest
Tests run: 1, Failures: 0, Errors: 0, Skipped: 0, Time elapsed: 0.003 sec - in org.apache.storm.flux.FluxBuilderTest
Running org.apache.storm.flux.TCKTest
Tests run: 18, Failures: 0, Errors: 0, Skipped: 0, Time elapsed: 1.625 sec - in org.apache.storm.flux.TCKTest

Results :

Failed tests: 
  MultilangEnvirontmentTest.testInvokeNode:48 Exit value for node is 0. expected:<0> but was:<139>

Tests run: 22, Failures: 1, Errors: 0, Skipped: 0

[INFO]                                                                         
[INFO] ------------------------------------------------------------------------
[INFO] Skipping flux-examples
[INFO] This project has been banned from the build due to previous failures.
[INFO] ------------------------------------------------------------------------
[INFO]                                                                         
[INFO] ------------------------------------------------------------------------
[INFO] Building storm-sql-runtime 1.1.0-SNAPSHOT
[INFO] ------------------------------------------------------------------------
[INFO] 
[INFO] --- maven-remote-resources-plugin:1.2.1:process (default) @ storm-sql-runtime ---
[INFO] 
[INFO] --- maven-resources-plugin:2.5:resources (default-resources) @ storm-sql-runtime ---
[debug] execute contextualize
[INFO] Using 'UTF-8' encoding to copy filtered resources.
[INFO] skip non existing resourceDirectory /home/travis/build/apache/storm/external/sql/storm-sql-runtime/src/main/resources
[INFO] Copying 3 resources
[INFO] 
[INFO] --- maven-compiler-plugin:3.1:compile (default-compile) @ storm-sql-runtime ---
[INFO] Nothing to compile - all classes are up to date
[INFO] 
[INFO] --- maven-resources-plugin:2.5:testResources (default-testResources) @ storm-sql-runtime ---
[debug] execute contextualize
[INFO] Using 'UTF-8' encoding to copy filtered resources.
[INFO] skip non existing resourceDirectory /home/travis/build/apache/storm/external/sql/storm-sql-runtime/src/test/resources
[INFO] Copying 3 resources
[INFO] 
[INFO] --- maven-compiler-plugin:3.1:testCompile (default-testCompile) @ storm-sql-runtime ---
[INFO] Nothing to compile - all classes are up to date
[INFO] 
[INFO] --- maven-surefire-plugin:2.18.1:test (default-test) @ storm-sql-runtime ---
[INFO] Surefire report directory: /home/travis/build/apache/storm/external/sql/storm-sql-runtime/target/surefire-reports
[INFO] parallel='none', perCoreThreadCount=true, threadCount=0, useUnlimitedThreads=false, threadCountSuites=0, threadCountClasses=0, threadCountMethods=0, parallelOptimized=true

-------------------------------------------------------
 T E S T S
-------------------------------------------------------

Results :

Tests run: 0, Failures: 0, Errors: 0, Skipped: 0

[INFO] 
[INFO] --- apache-rat-plugin:0.11:check (default) @ storm-sql-runtime ---
[INFO] 51 implicit excludes (use -debug for more details).
[INFO] Exclude: **/target/**
[INFO] Exclude: **/*.iml
[INFO] Exclude: **/.idea/**
[INFO] Exclude: **/metastore_db/**
[INFO] Exclude: **/build/**
[INFO] Exclude: **/CHANGELOG.md
[INFO] Exclude: **/README.md
[INFO] Exclude: **/README.markdown
[INFO] Exclude: **/DEVELOPER.md
[INFO] Exclude: **/BYLAWS.md
[INFO] Exclude: **/STORM-UI-REST-API.md
[INFO] Exclude: SECURITY.md
[INFO] Exclude: VERSION
[INFO] Exclude: TODO
[INFO] Exclude: **/src/py/**
[INFO] Exclude: **/src/ui/public/js/jquery.dataTables.1.10.4.min.js
[INFO] Exclude: **/src/ui/public/css/jquery.dataTables.1.10.4.min.css
[INFO] Exclude: **/src/ui/public/images/*
[INFO] Exclude: **/src/ui/public/js/bootstrap-3.3.1.min.js
[INFO] Exclude: **/src/ui/public/css/bootstrap-3.3.1.min.css
[INFO] Exclude: **/src/ui/public/js/dataTables.bootstrap.min.js
[INFO] Exclude: **/src/ui/public/css/dataTables.bootstrap.css
[INFO] Exclude: **/src/ui/public/js/jsonFormatter.min.js
[INFO] Exclude: **/src/ui/public/css/jsonFormatter.min.css
[INFO] Exclude: **/src/ui/public/js/jquery-1.11.1.min.js
[INFO] Exclude: **/src/ui/public/js/jquery.cookies.2.2.0.min.js
[INFO] Exclude: **/src/ui/public/js/moment.min.js
[INFO] Exclude: **/src/ui/public/js/jquery.blockUI.min.js
[INFO] Exclude: **/src/ui/public/js/url.min.js
[INFO] Exclude: **/src/ui/public/js/arbor.js
[INFO] Exclude: **/src/ui/public/js/arbor-graphics.js
[INFO] Exclude: **/src/ui/public/js/arbor-tween.js
[INFO] Exclude: **/src/ui/public/js/jquery.mustache.js
[INFO] Exclude: **/src/ui/public/js/typeahead.jquery.min.js
[INFO] Exclude: **/dependency-reduced-pom.xml
[INFO] Exclude: **/docs/**
[INFO] Exclude: **/.git/**
[INFO] Exclude: **/derby.log
[INFO] Exclude: **/src/dev/**
[INFO] Exclude: **/src/codegen/config.fmpp
[INFO] Exclude: **/src/codegen/data/Parser.tdd
[INFO] Exclude: **/src/test/resources/FixedAvroSerializer.config
[INFO] 15 resources included (use -debug for more details)
Warning:  org.apache.xerces.jaxp.SAXParserImpl$JAXPSAXParser: Property 'http://www.oracle.com/xml/jaxp/properties/entityExpansionLimit' is not recognized.
Compiler warnings:
  WARNING:  'org.apache.xerces.jaxp.SAXParserImpl: Property 'http://javax.xml.XMLConstants/property/accessExternalDTD' is not recognized.'
Warning:  org.apache.xerces.parsers.SAXParser: Feature 'http://javax.xml.XMLConstants/feature/secure-processing' is not recognized.
Warning:  org.apache.xerces.parsers.SAXParser: Property 'http://javax.xml.XMLConstants/property/accessExternalDTD' is not recognized.
Warning:  org.apache.xerces.parsers.SAXParser: Property 'http://www.oracle.com/xml/jaxp/properties/entityExpansionLimit' is not recognized.
[INFO] Rat check: Summary of files. Unapproved: 0 unknown: 0 generated: 0 approved: 15 licence.
[INFO]                                                                         
[INFO] ------------------------------------------------------------------------
[INFO] Building storm-sql-core 1.1.0-SNAPSHOT
[INFO] ------------------------------------------------------------------------
[INFO] 
[INFO] --- maven-resources-plugin:2.5:copy-resources (copy-fmpp-resources) @ storm-sql-core ---
[debug] execute contextualize
[INFO] Using 'UTF-8' encoding to copy filtered resources.
[INFO] Copying 4 resources
[INFO] 
[INFO] --- maven-dependency-plugin:2.8:unpack (unpack-parser-template) @ storm-sql-core ---
[INFO] Configured Artifact: org.apache.calcite:calcite-core:?:jar
[INFO] Unpacking /home/travis/.m2/repository/org/apache/calcite/calcite-core/1.4.0-incubating/calcite-core-1.4.0-incubating.jar to /home/travis/build/apache/storm/external/sql/storm-sql-core/target with includes "**/Parser.jj" and excludes ""
[INFO] 
[INFO] --- fmpp-maven-plugin:1.0:generate (generate-fmpp-sources) @ storm-sql-core ---
- Executing: Parser.jj
log4j:WARN No appenders could be found for logger (freemarker.cache).
log4j:WARN Please initialize the log4j system properly.
[INFO] Done
[INFO] 
[INFO] --- javacc-maven-plugin:2.4:javacc (javacc) @ storm-sql-core ---
Java Compiler Compiler Version 4.0 (Parser Generator)
(type "javacc" with no arguments for help)
Reading from file /home/travis/build/apache/storm/external/sql/storm-sql-core/target/generated-sources/javacc/Parser.jj . . .
Note: UNICODE_INPUT option is specified. Please make sure you create the parser/lexer using a Reader with the correct character encoding.
Warning: Lookahead adequacy checking not being performed since option LOOKAHEAD is more than 1.  Set option FORCE_LA_CHECK to true to force checking.
Parser generated with 0 errors and 1 warnings.
[INFO] Processed 1 grammar
[INFO] 
[INFO] --- maven-resources-plugin:2.5:copy-resources (copy-java-sources) @ storm-sql-core ---
[debug] execute contextualize
[INFO] Using 'UTF-8' encoding to copy filtered resources.
[INFO] Copying 19 resources
[INFO] Copying 8 resources
[INFO] Copying 8 resources
[INFO] 
[INFO] --- build-helper-maven-plugin:1.5:add-source (add-generated-sources) @ storm-sql-core ---
[INFO] Source directory: /home/travis/build/apache/storm/external/sql/storm-sql-core/target/generated-sources added.
[INFO] 
[INFO] --- maven-remote-resources-plugin:1.2.1:process (default) @ storm-sql-core ---
[INFO] 
[INFO] --- maven-resources-plugin:2.5:resources (default-resources) @ storm-sql-core ---
[debug] execute contextualize
[INFO] Using 'UTF-8' encoding to copy filtered resources.
[INFO] skip non existing resourceDirectory /home/travis/build/apache/storm/external/sql/storm-sql-core/src/main/resources
[INFO] Copying 3 resources
[INFO] 
[INFO] --- maven-compiler-plugin:3.1:compile (default-compile) @ storm-sql-core ---
[INFO] Changes detected - recompiling the module!
[INFO] Compiling 26 source files to /home/travis/build/apache/storm/external/sql/storm-sql-core/target/classes
[WARNING] /home/travis/build/apache/storm/external/sql/storm-sql-core/target/generated-sources/org/apache/storm/sql/parser/impl/StormParserImpl.java: Some input files use or override a deprecated API.
[WARNING] /home/travis/build/apache/storm/external/sql/storm-sql-core/target/generated-sources/org/apache/storm/sql/parser/impl/StormParserImpl.java: Recompile with -Xlint:deprecation for details.
[WARNING] /home/travis/build/apache/storm/external/sql/storm-sql-core/target/generated-sources/org/apache/storm/sql/parser/impl/StormParserImpl.java: /home/travis/build/apache/storm/external/sql/storm-sql-core/target/generated-sources/org/apache/storm/sql/parser/impl/StormParserImpl.java uses unchecked or unsafe operations.
[WARNING] /home/travis/build/apache/storm/external/sql/storm-sql-core/target/generated-sources/org/apache/storm/sql/parser/impl/StormParserImpl.java: Recompile with -Xlint:unchecked for details.
[INFO] 
[INFO] --- maven-resources-plugin:2.5:testResources (default-testResources) @ storm-sql-core ---
[debug] execute contextualize
[INFO] Using 'UTF-8' encoding to copy filtered resources.
[INFO] skip non existing resourceDirectory /home/travis/build/apache/storm/external/sql/storm-sql-core/src/test/resources
[INFO] Copying 3 resources
[INFO] 
[INFO] --- maven-compiler-plugin:3.1:testCompile (default-testCompile) @ storm-sql-core ---
[INFO] Changes detected - recompiling the module!
[INFO] Compiling 15 source files to /home/travis/build/apache/storm/external/sql/storm-sql-core/target/test-classes
[WARNING] /home/travis/build/apache/storm/external/sql/storm-sql-core/target/generated-sources/org/apache/storm/sql/parser/impl/StormParserImpl.java: /home/travis/build/apache/storm/external/sql/storm-sql-core/target/generated-sources/org/apache/storm/sql/parser/impl/StormParserImpl.java uses or overrides a deprecated API.
[WARNING] /home/travis/build/apache/storm/external/sql/storm-sql-core/target/generated-sources/org/apache/storm/sql/parser/impl/StormParserImpl.java: Recompile with -Xlint:deprecation for details.
[WARNING] /home/travis/build/apache/storm/external/sql/storm-sql-core/target/generated-sources/org/apache/storm/sql/parser/impl/StormParserImpl.java: /home/travis/build/apache/storm/external/sql/storm-sql-core/target/generated-sources/org/apache/storm/sql/parser/impl/StormParserImpl.java uses unchecked or unsafe operations.
[WARNING] /home/travis/build/apache/storm/external/sql/storm-sql-core/target/generated-sources/org/apache/storm/sql/parser/impl/StormParserImpl.java: Recompile with -Xlint:unchecked for details.
[INFO] 
[INFO] --- maven-surefire-plugin:2.18.1:test (default-test) @ storm-sql-core ---
[INFO] Surefire report directory: /home/travis/build/apache/storm/external/sql/storm-sql-core/target/surefire-reports
[INFO] parallel='none', perCoreThreadCount=true, threadCount=0, useUnlimitedThreads=false, threadCountSuites=0, threadCountClasses=0, threadCountMethods=0, parallelOptimized=true

-------------------------------------------------------
 T E S T S
-------------------------------------------------------
Running org.apache.storm.sql.parser.TestSqlParser
Tests run: 4, Failures: 0, Errors: 0, Skipped: 0, Time elapsed: 0.533 sec - in org.apache.storm.sql.parser.TestSqlParser
Running org.apache.storm.sql.compiler.backends.trident.TestPlanCompiler
Tests run: 2, Failures: 0, Errors: 0, Skipped: 0, Time elapsed: 23.55 sec - in org.apache.storm.sql.compiler.backends.trident.TestPlanCompiler
Running org.apache.storm.sql.compiler.backends.standalone.TestPlanCompiler
Tests run: 4, Failures: 0, Errors: 0, Skipped: 0, Time elapsed: 0.346 sec - in org.apache.storm.sql.compiler.backends.standalone.TestPlanCompiler
Running org.apache.storm.sql.compiler.backends.standalone.TestRelNodeCompiler
Tests run: 1, Failures: 0, Errors: 0, Skipped: 0, Time elapsed: 0.01 sec - in org.apache.storm.sql.compiler.backends.standalone.TestRelNodeCompiler
Running org.apache.storm.sql.compiler.TestExprCompiler
Tests run: 3, Failures: 0, Errors: 0, Skipped: 0, Time elapsed: 0.017 sec - in org.apache.storm.sql.compiler.TestExprCompiler
Running org.apache.storm.sql.compiler.TestExprSemantic
Tests run: 10, Failures: 0, Errors: 0, Skipped: 0, Time elapsed: 0.682 sec - in org.apache.storm.sql.compiler.TestExprSemantic
Running org.apache.storm.sql.TestStormSql
Tests run: 15, Failures: 0, Errors: 0, Skipped: 0, Time elapsed: 1.302 sec - in org.apache.storm.sql.TestStormSql

Results :

Tests run: 39, Failures: 0, Errors: 0, Skipped: 0

[INFO] 
[INFO] --- apache-rat-plugin:0.11:check (default) @ storm-sql-core ---
[INFO] 51 implicit excludes (use -debug for more details).
[INFO] Exclude: **/target/**
[INFO] Exclude: **/*.iml
[INFO] Exclude: **/.idea/**
[INFO] Exclude: **/metastore_db/**
[INFO] Exclude: **/build/**
[INFO] Exclude: **/CHANGELOG.md
[INFO] Exclude: **/README.md
[INFO] Exclude: **/README.markdown
[INFO] Exclude: **/DEVELOPER.md
[INFO] Exclude: **/BYLAWS.md
[INFO] Exclude: **/STORM-UI-REST-API.md
[INFO] Exclude: SECURITY.md
[INFO] Exclude: VERSION
[INFO] Exclude: TODO
[INFO] Exclude: **/src/py/**
[INFO] Exclude: **/src/ui/public/js/jquery.dataTables.1.10.4.min.js
[INFO] Exclude: **/src/ui/public/css/jquery.dataTables.1.10.4.min.css
[INFO] Exclude: **/src/ui/public/images/*
[INFO] Exclude: **/src/ui/public/js/bootstrap-3.3.1.min.js
[INFO] Exclude: **/src/ui/public/css/bootstrap-3.3.1.min.css
[INFO] Exclude: **/src/ui/public/js/dataTables.bootstrap.min.js
[INFO] Exclude: **/src/ui/public/css/dataTables.bootstrap.css
[INFO] Exclude: **/src/ui/public/js/jsonFormatter.min.js
[INFO] Exclude: **/src/ui/public/css/jsonFormatter.min.css
[INFO] Exclude: **/src/ui/public/js/jquery-1.11.1.min.js
[INFO] Exclude: **/src/ui/public/js/jquery.cookies.2.2.0.min.js
[INFO] Exclude: **/src/ui/public/js/moment.min.js
[INFO] Exclude: **/src/ui/public/js/jquery.blockUI.min.js
[INFO] Exclude: **/src/ui/public/js/url.min.js
[INFO] Exclude: **/src/ui/public/js/arbor.js
[INFO] Exclude: **/src/ui/public/js/arbor-graphics.js
[INFO] Exclude: **/src/ui/public/js/arbor-tween.js
[INFO] Exclude: **/src/ui/public/js/jquery.mustache.js
[INFO] Exclude: **/src/ui/public/js/typeahead.jquery.min.js
[INFO] Exclude: **/dependency-reduced-pom.xml
[INFO] Exclude: **/docs/**
[INFO] Exclude: **/.git/**
[INFO] Exclude: **/derby.log
[INFO] Exclude: **/src/dev/**
[INFO] Exclude: **/src/codegen/config.fmpp
[INFO] Exclude: **/src/codegen/data/Parser.tdd
[INFO] Exclude: **/src/test/resources/FixedAvroSerializer.config
[INFO] 30 resources included (use -debug for more details)
Warning:  org.apache.xerces.jaxp.SAXParserImpl$JAXPSAXParser: Property 'http://www.oracle.com/xml/jaxp/properties/entityExpansionLimit' is not recognized.
Compiler warnings:
  WARNING:  'org.apache.xerces.jaxp.SAXParserImpl: Property 'http://javax.xml.XMLConstants/property/accessExternalDTD' is not recognized.'
Warning:  org.apache.xerces.parsers.SAXParser: Feature 'http://javax.xml.XMLConstants/feature/secure-processing' is not recognized.
Warning:  org.apache.xerces.parsers.SAXParser: Property 'http://javax.xml.XMLConstants/property/accessExternalDTD' is not recognized.
Warning:  org.apache.xerces.parsers.SAXParser: Property 'http://www.oracle.com/xml/jaxp/properties/entityExpansionLimit' is not recognized.
[INFO] Rat check: Summary of files. Unapproved: 0 unknown: 0 generated: 0 approved: 30 licence.
[INFO]                                                                         
[INFO] ------------------------------------------------------------------------
[INFO] Building storm-sql-kafka 1.1.0-SNAPSHOT
[INFO] ------------------------------------------------------------------------
[INFO] 
[INFO] --- maven-remote-resources-plugin:1.2.1:process (default) @ storm-sql-kafka ---
[INFO] 
[INFO] --- maven-resources-plugin:2.5:resources (default-resources) @ storm-sql-kafka ---
[debug] execute contextualize
[INFO] Using 'UTF-8' encoding to copy filtered resources.
[INFO] Copying 1 resource
[INFO] Copying 3 resources
[INFO] 
[INFO] --- maven-compiler-plugin:3.1:compile (default-compile) @ storm-sql-kafka ---
[INFO] Nothing to compile - all classes are up to date
[INFO] 
[INFO] --- maven-resources-plugin:2.5:testResources (default-testResources) @ storm-sql-kafka ---
[debug] execute contextualize
[INFO] Using 'UTF-8' encoding to copy filtered resources.
[INFO] skip non existing resourceDirectory /home/travis/build/apache/storm/external/sql/storm-sql-kafka/src/test/resources
[INFO] Copying 3 resources
[INFO] 
[INFO] --- maven-compiler-plugin:3.1:testCompile (default-testCompile) @ storm-sql-kafka ---
[INFO] Nothing to compile - all classes are up to date
[INFO] 
[INFO] --- maven-surefire-plugin:2.18.1:test (default-test) @ storm-sql-kafka ---
[INFO] Surefire report directory: /home/travis/build/apache/storm/external/sql/storm-sql-kafka/target/surefire-reports
[INFO] parallel='none', perCoreThreadCount=true, threadCount=0, useUnlimitedThreads=false, threadCountSuites=0, threadCountClasses=0, threadCountMethods=0, parallelOptimized=true

-------------------------------------------------------
 T E S T S
-------------------------------------------------------
Running org.apache.storm.sql.kafka.TestKafkaDataSourcesProvider
Tests run: 1, Failures: 0, Errors: 0, Skipped: 0, Time elapsed: 1.061 sec - in org.apache.storm.sql.kafka.TestKafkaDataSourcesProvider
Running org.apache.storm.sql.kafka.TestJsonRepresentation
Tests run: 2, Failures: 0, Errors: 0, Skipped: 0, Time elapsed: 0.096 sec - in org.apache.storm.sql.kafka.TestJsonRepresentation

Results :

Tests run: 3, Failures: 0, Errors: 0, Skipped: 0

[INFO] 
[INFO] --- apache-rat-plugin:0.11:check (default) @ storm-sql-kafka ---
[INFO] 51 implicit excludes (use -debug for more details).
[INFO] Exclude: **/target/**
[INFO] Exclude: **/*.iml
[INFO] Exclude: **/.idea/**
[INFO] Exclude: **/metastore_db/**
[INFO] Exclude: **/build/**
[INFO] Exclude: **/CHANGELOG.md
[INFO] Exclude: **/README.md
[INFO] Exclude: **/README.markdown
[INFO] Exclude: **/DEVELOPER.md
[INFO] Exclude: **/BYLAWS.md
[INFO] Exclude: **/STORM-UI-REST-API.md
[INFO] Exclude: SECURITY.md
[INFO] Exclude: VERSION
[INFO] Exclude: TODO
[INFO] Exclude: **/src/py/**
[INFO] Exclude: **/src/ui/public/js/jquery.dataTables.1.10.4.min.js
[INFO] Exclude: **/src/ui/public/css/jquery.dataTables.1.10.4.min.css
[INFO] Exclude: **/src/ui/public/images/*
[INFO] Exclude: **/src/ui/public/js/bootstrap-3.3.1.min.js
[INFO] Exclude: **/src/ui/public/css/bootstrap-3.3.1.min.css
[INFO] Exclude: **/src/ui/public/js/dataTables.bootstrap.min.js
[INFO] Exclude: **/src/ui/public/css/dataTables.bootstrap.css
[INFO] Exclude: **/src/ui/public/js/jsonFormatter.min.js
[INFO] Exclude: **/src/ui/public/css/jsonFormatter.min.css
[INFO] Exclude: **/src/ui/public/js/jquery-1.11.1.min.js
[INFO] Exclude: **/src/ui/public/js/jquery.cookies.2.2.0.min.js
[INFO] Exclude: **/src/ui/public/js/moment.min.js
[INFO] Exclude: **/src/ui/public/js/jquery.blockUI.min.js
[INFO] Exclude: **/src/ui/public/js/url.min.js
[INFO] Exclude: **/src/ui/public/js/arbor.js
[INFO] Exclude: **/src/ui/public/js/arbor-graphics.js
[INFO] Exclude: **/src/ui/public/js/arbor-tween.js
[INFO] Exclude: **/src/ui/public/js/jquery.mustache.js
[INFO] Exclude: **/src/ui/public/js/typeahead.jquery.min.js
[INFO] Exclude: **/dependency-reduced-pom.xml
[INFO] Exclude: **/docs/**
[INFO] Exclude: **/.git/**
[INFO] Exclude: **/derby.log
[INFO] Exclude: **/src/dev/**
[INFO] Exclude: **/src/codegen/config.fmpp
[INFO] Exclude: **/src/codegen/data/Parser.tdd
[INFO] Exclude: **/src/test/resources/FixedAvroSerializer.config
[INFO] 7 resources included (use -debug for more details)
Warning:  org.apache.xerces.jaxp.SAXParserImpl$JAXPSAXParser: Property 'http://www.oracle.com/xml/jaxp/properties/entityExpansionLimit' is not recognized.
Compiler warnings:
  WARNING:  'org.apache.xerces.jaxp.SAXParserImpl: Property 'http://javax.xml.XMLConstants/property/accessExternalDTD' is not recognized.'
Warning:  org.apache.xerces.parsers.SAXParser: Feature 'http://javax.xml.XMLConstants/feature/secure-processing' is not recognized.
Warning:  org.apache.xerces.parsers.SAXParser: Property 'http://javax.xml.XMLConstants/property/accessExternalDTD' is not recognized.
Warning:  org.apache.xerces.parsers.SAXParser: Property 'http://www.oracle.com/xml/jaxp/properties/entityExpansionLimit' is not recognized.
[INFO] Rat check: Summary of files. Unapproved: 0 unknown: 0 generated: 0 approved: 7 licence.
[INFO]                                                                         
[INFO] ------------------------------------------------------------------------
[INFO] Building sql 1.1.0-SNAPSHOT
[INFO] ------------------------------------------------------------------------
[INFO] 
[INFO] --- maven-remote-resources-plugin:1.2.1:process (default) @ sql ---
[INFO] 
[INFO] --- apache-rat-plugin:0.11:check (default) @ sql ---
[INFO] 51 implicit excludes (use -debug for more details).
[INFO] Exclude: **/target/**
[INFO] Exclude: **/*.iml
[INFO] Exclude: **/.idea/**
[INFO] Exclude: **/metastore_db/**
[INFO] Exclude: **/build/**
[INFO] Exclude: **/CHANGELOG.md
[INFO] Exclude: **/README.md
[INFO] Exclude: **/README.markdown
[INFO] Exclude: **/DEVELOPER.md
[INFO] Exclude: **/BYLAWS.md
[INFO] Exclude: **/STORM-UI-REST-API.md
[INFO] Exclude: SECURITY.md
[INFO] Exclude: VERSION
[INFO] Exclude: TODO
[INFO] Exclude: **/src/py/**
[INFO] Exclude: **/src/ui/public/js/jquery.dataTables.1.10.4.min.js
[INFO] Exclude: **/src/ui/public/css/jquery.dataTables.1.10.4.min.css
[INFO] Exclude: **/src/ui/public/images/*
[INFO] Exclude: **/src/ui/public/js/bootstrap-3.3.1.min.js
[INFO] Exclude: **/src/ui/public/css/bootstrap-3.3.1.min.css
[INFO] Exclude: **/src/ui/public/js/dataTables.bootstrap.min.js
[INFO] Exclude: **/src/ui/public/css/dataTables.bootstrap.css
[INFO] Exclude: **/src/ui/public/js/jsonFormatter.min.js
[INFO] Exclude: **/src/ui/public/css/jsonFormatter.min.css
[INFO] Exclude: **/src/ui/public/js/jquery-1.11.1.min.js
[INFO] Exclude: **/src/ui/public/js/jquery.cookies.2.2.0.min.js
[INFO] Exclude: **/src/ui/public/js/moment.min.js
[INFO] Exclude: **/src/ui/public/js/jquery.blockUI.min.js
[INFO] Exclude: **/src/ui/public/js/url.min.js
[INFO] Exclude: **/src/ui/public/js/arbor.js
[INFO] Exclude: **/src/ui/public/js/arbor-graphics.js
[INFO] Exclude: **/src/ui/public/js/arbor-tween.js
[INFO] Exclude: **/src/ui/public/js/jquery.mustache.js
[INFO] Exclude: **/src/ui/public/js/typeahead.jquery.min.js
[INFO] Exclude: **/dependency-reduced-pom.xml
[INFO] Exclude: **/docs/**
[INFO] Exclude: **/.git/**
[INFO] Exclude: **/derby.log
[INFO] Exclude: **/src/dev/**
[INFO] Exclude: **/src/codegen/config.fmpp
[INFO] Exclude: **/src/codegen/data/Parser.tdd
[INFO] Exclude: **/src/test/resources/FixedAvroSerializer.config
[INFO] 53 resources included (use -debug for more details)
Warning:  org.apache.xerces.jaxp.SAXParserImpl$JAXPSAXParser: Property 'http://www.oracle.com/xml/jaxp/properties/entityExpansionLimit' is not recognized.
Compiler warnings:
  WARNING:  'org.apache.xerces.jaxp.SAXParserImpl: Property 'http://javax.xml.XMLConstants/property/accessExternalDTD' is not recognized.'
Warning:  org.apache.xerces.parsers.SAXParser: Feature 'http://javax.xml.XMLConstants/feature/secure-processing' is not recognized.
Warning:  org.apache.xerces.parsers.SAXParser: Property 'http://javax.xml.XMLConstants/property/accessExternalDTD' is not recognized.
Warning:  org.apache.xerces.parsers.SAXParser: Property 'http://www.oracle.com/xml/jaxp/properties/entityExpansionLimit' is not recognized.
[INFO] Rat check: Summary of files. Unapproved: 0 unknown: 0 generated: 0 approved: 53 licence.
[INFO]                                                                         
[INFO] ------------------------------------------------------------------------
[INFO] Building storm-elasticsearch 1.1.0-SNAPSHOT
[INFO] ------------------------------------------------------------------------
[INFO] 
[INFO] --- maven-remote-resources-plugin:1.2.1:process (default) @ storm-elasticsearch ---
[INFO] 
[INFO] --- maven-resources-plugin:2.5:resources (default-resources) @ storm-elasticsearch ---
[debug] execute contextualize
[INFO] Using 'UTF-8' encoding to copy filtered resources.
[INFO] skip non existing resourceDirectory /home/travis/build/apache/storm/external/storm-elasticsearch/src/main/resources
[INFO] Copying 3 resources
[INFO] 
[INFO] --- maven-compiler-plugin:3.1:compile (default-compile) @ storm-elasticsearch ---
[INFO] Nothing to compile - all classes are up to date
[INFO] 
[INFO] --- maven-resources-plugin:2.5:testResources (default-testResources) @ storm-elasticsearch ---
[debug] execute contextualize
[INFO] Using 'UTF-8' encoding to copy filtered resources.
[INFO] skip non existing resourceDirectory /home/travis/build/apache/storm/external/storm-elasticsearch/src/test/resources
[INFO] Copying 3 resources
[INFO] 
[INFO] --- maven-compiler-plugin:3.1:testCompile (default-testCompile) @ storm-elasticsearch ---
[INFO] Nothing to compile - all classes are up to date
[INFO] 
[INFO] --- maven-clean-plugin:2.5:clean (cleanup) @ storm-elasticsearch ---
[INFO] 
[INFO] --- maven-surefire-plugin:2.18.1:test (default-test) @ storm-elasticsearch ---
[INFO] Surefire report directory: /home/travis/build/apache/storm/external/storm-elasticsearch/target/surefire-reports
[INFO] parallel='none', perCoreThreadCount=true, threadCount=0, useUnlimitedThreads=false, threadCountSuites=0, threadCountClasses=0, threadCountMethods=0, parallelOptimized=true

-------------------------------------------------------
 T E S T S
-------------------------------------------------------
Running org.apache.storm.elasticsearch.common.TransportAddressesTest
Tests run: 9, Failures: 0, Errors: 0, Skipped: 0, Time elapsed: 0.044 sec - in org.apache.storm.elasticsearch.common.TransportAddressesTest
Running org.apache.storm.elasticsearch.common.EsConfigTest
Tests run: 4, Failures: 0, Errors: 0, Skipped: 0, Time elapsed: 1.008 sec - in org.apache.storm.elasticsearch.common.EsConfigTest
Running org.apache.storm.elasticsearch.bolt.EsLookupBoltTest
Tests run: 4, Failures: 0, Errors: 0, Skipped: 0, Time elapsed: 0.05 sec - in org.apache.storm.elasticsearch.bolt.EsLookupBoltTest
Running org.apache.storm.elasticsearch.trident.EsStateFactoryTest
Tests run: 1, Failures: 0, Errors: 0, Skipped: 0, Time elapsed: 0.004 sec - in org.apache.storm.elasticsearch.trident.EsStateFactoryTest

Results :

Tests run: 18, Failures: 0, Errors: 0, Skipped: 0

[INFO] 
[INFO] --- apache-rat-plugin:0.11:check (default) @ storm-elasticsearch ---
[INFO] 51 implicit excludes (use -debug for more details).
[INFO] Exclude: **/target/**
[INFO] Exclude: **/*.iml
[INFO] Exclude: **/.idea/**
[INFO] Exclude: **/metastore_db/**
[INFO] Exclude: **/build/**
[INFO] Exclude: **/CHANGELOG.md
[INFO] Exclude: **/README.md
[INFO] Exclude: **/README.markdown
[INFO] Exclude: **/DEVELOPER.md
[INFO] Exclude: **/BYLAWS.md
[INFO] Exclude: **/STORM-UI-REST-API.md
[INFO] Exclude: SECURITY.md
[INFO] Exclude: VERSION
[INFO] Exclude: TODO
[INFO] Exclude: **/src/py/**
[INFO] Exclude: **/src/ui/public/js/jquery.dataTables.1.10.4.min.js
[INFO] Exclude: **/src/ui/public/css/jquery.dataTables.1.10.4.min.css
[INFO] Exclude: **/src/ui/public/images/*
[INFO] Exclude: **/src/ui/public/js/bootstrap-3.3.1.min.js
[INFO] Exclude: **/src/ui/public/css/bootstrap-3.3.1.min.css
[INFO] Exclude: **/src/ui/public/js/dataTables.bootstrap.min.js
[INFO] Exclude: **/src/ui/public/css/dataTables.bootstrap.css
[INFO] Exclude: **/src/ui/public/js/jsonFormatter.min.js
[INFO] Exclude: **/src/ui/public/css/jsonFormatter.min.css
[INFO] Exclude: **/src/ui/public/js/jquery-1.11.1.min.js
[INFO] Exclude: **/src/ui/public/js/jquery.cookies.2.2.0.min.js
[INFO] Exclude: **/src/ui/public/js/moment.min.js
[INFO] Exclude: **/src/ui/public/js/jquery.blockUI.min.js
[INFO] Exclude: **/src/ui/public/js/url.min.js
[INFO] Exclude: **/src/ui/public/js/arbor.js
[INFO] Exclude: **/src/ui/public/js/arbor-graphics.js
[INFO] Exclude: **/src/ui/public/js/arbor-tween.js
[INFO] Exclude: **/src/ui/public/js/jquery.mustache.js
[INFO] Exclude: **/src/ui/public/js/typeahead.jquery.min.js
[INFO] Exclude: **/dependency-reduced-pom.xml
[INFO] Exclude: **/docs/**
[INFO] Exclude: **/.git/**
[INFO] Exclude: **/derby.log
[INFO] Exclude: **/src/dev/**
[INFO] Exclude: **/src/codegen/config.fmpp
[INFO] Exclude: **/src/codegen/data/Parser.tdd
[INFO] Exclude: **/src/test/resources/FixedAvroSerializer.config
[INFO] 28 resources included (use -debug for more details)
Warning:  org.apache.xerces.jaxp.SAXParserImpl$JAXPSAXParser: Property 'http://www.oracle.com/xml/jaxp/properties/entityExpansionLimit' is not recognized.
Compiler warnings:
  WARNING:  'org.apache.xerces.jaxp.SAXParserImpl: Property 'http://javax.xml.XMLConstants/property/accessExternalDTD' is not recognized.'
Warning:  org.apache.xerces.parsers.SAXParser: Feature 'http://javax.xml.XMLConstants/feature/secure-processing' is not recognized.
Warning:  org.apache.xerces.parsers.SAXParser: Property 'http://javax.xml.XMLConstants/property/accessExternalDTD' is not recognized.
Warning:  org.apache.xerces.parsers.SAXParser: Property 'http://www.oracle.com/xml/jaxp/properties/entityExpansionLimit' is not recognized.
[INFO] Rat check: Summary of files. Unapproved: 0 unknown: 0 generated: 0 approved: 28 licence.
[INFO]                                                                         
[INFO] ------------------------------------------------------------------------
[INFO] Building storm-solr 1.1.0-SNAPSHOT
[INFO] ------------------------------------------------------------------------
[INFO] 
[INFO] --- maven-remote-resources-plugin:1.2.1:process (default) @ storm-solr ---
[INFO] 
[INFO] --- maven-resources-plugin:2.5:resources (default-resources) @ storm-solr ---
[debug] execute contextualize
[INFO] Using 'UTF-8' encoding to copy filtered resources.
[INFO] skip non existing resourceDirectory /home/travis/build/apache/storm/external/storm-solr/src/main/resources
[INFO] Copying 3 resources
[INFO] 
[INFO] --- maven-compiler-plugin:3.1:compile (default-compile) @ storm-solr ---
[INFO] Nothing to compile - all classes are up to date
[INFO] 
[INFO] --- maven-resources-plugin:2.5:testResources (default-testResources) @ storm-solr ---
[debug] execute contextualize
[INFO] Using 'UTF-8' encoding to copy filtered resources.
[INFO] skip non existing resourceDirectory /home/travis/build/apache/storm/external/storm-solr/src/test/resources
[INFO] Copying 3 resources
[INFO] 
[INFO] --- maven-compiler-plugin:3.1:testCompile (default-testCompile) @ storm-solr ---
[INFO] Nothing to compile - all classes are up to date
[INFO] 
[INFO] --- maven-surefire-plugin:2.18.1:test (default-test) @ storm-solr ---
[INFO] Surefire report directory: /home/travis/build/apache/storm/external/storm-solr/target/surefire-reports
[INFO] parallel='none', perCoreThreadCount=true, threadCount=0, useUnlimitedThreads=false, threadCountSuites=0, threadCountClasses=0, threadCountMethods=0, parallelOptimized=true

-------------------------------------------------------
 T E S T S
-------------------------------------------------------

Results :

Tests run: 0, Failures: 0, Errors: 0, Skipped: 0

[INFO] 
[INFO] --- apache-rat-plugin:0.11:check (default) @ storm-solr ---
[INFO] 51 implicit excludes (use -debug for more details).
[INFO] Exclude: **/target/**
[INFO] Exclude: **/*.iml
[INFO] Exclude: **/.idea/**
[INFO] Exclude: **/metastore_db/**
[INFO] Exclude: **/build/**
[INFO] Exclude: **/CHANGELOG.md
[INFO] Exclude: **/README.md
[INFO] Exclude: **/README.markdown
[INFO] Exclude: **/DEVELOPER.md
[INFO] Exclude: **/BYLAWS.md
[INFO] Exclude: **/STORM-UI-REST-API.md
[INFO] Exclude: SECURITY.md
[INFO] Exclude: VERSION
[INFO] Exclude: TODO
[INFO] Exclude: **/src/py/**
[INFO] Exclude: **/src/ui/public/js/jquery.dataTables.1.10.4.min.js
[INFO] Exclude: **/src/ui/public/css/jquery.dataTables.1.10.4.min.css
[INFO] Exclude: **/src/ui/public/images/*
[INFO] Exclude: **/src/ui/public/js/bootstrap-3.3.1.min.js
[INFO] Exclude: **/src/ui/public/css/bootstrap-3.3.1.min.css
[INFO] Exclude: **/src/ui/public/js/dataTables.bootstrap.min.js
[INFO] Exclude: **/src/ui/public/css/dataTables.bootstrap.css
[INFO] Exclude: **/src/ui/public/js/jsonFormatter.min.js
[INFO] Exclude: **/src/ui/public/css/jsonFormatter.min.css
[INFO] Exclude: **/src/ui/public/js/jquery-1.11.1.min.js
[INFO] Exclude: **/src/ui/public/js/jquery.cookies.2.2.0.min.js
[INFO] Exclude: **/src/ui/public/js/moment.min.js
[INFO] Exclude: **/src/ui/public/js/jquery.blockUI.min.js
[INFO] Exclude: **/src/ui/public/js/url.min.js
[INFO] Exclude: **/src/ui/public/js/arbor.js
[INFO] Exclude: **/src/ui/public/js/arbor-graphics.js
[INFO] Exclude: **/src/ui/public/js/arbor-tween.js
[INFO] Exclude: **/src/ui/public/js/jquery.mustache.js
[INFO] Exclude: **/src/ui/public/js/typeahead.jquery.min.js
[INFO] Exclude: **/dependency-reduced-pom.xml
[INFO] Exclude: **/docs/**
[INFO] Exclude: **/.git/**
[INFO] Exclude: **/derby.log
[INFO] Exclude: **/src/dev/**
[INFO] Exclude: **/src/codegen/config.fmpp
[INFO] Exclude: **/src/codegen/data/Parser.tdd
[INFO] Exclude: **/src/test/resources/FixedAvroSerializer.config
[INFO] 27 resources included (use -debug for more details)
Warning:  org.apache.xerces.jaxp.SAXParserImpl$JAXPSAXParser: Property 'http://www.oracle.com/xml/jaxp/properties/entityExpansionLimit' is not recognized.
Compiler warnings:
  WARNING:  'org.apache.xerces.jaxp.SAXParserImpl: Property 'http://javax.xml.XMLConstants/property/accessExternalDTD' is not recognized.'
Warning:  org.apache.xerces.parsers.SAXParser: Feature 'http://javax.xml.XMLConstants/feature/secure-processing' is not recognized.
Warning:  org.apache.xerces.parsers.SAXParser: Property 'http://javax.xml.XMLConstants/property/accessExternalDTD' is not recognized.
Warning:  org.apache.xerces.parsers.SAXParser: Property 'http://www.oracle.com/xml/jaxp/properties/entityExpansionLimit' is not recognized.
[INFO] Rat check: Summary of files. Unapproved: 0 unknown: 0 generated: 0 approved: 27 licence.
[INFO]                                                                         
[INFO] ------------------------------------------------------------------------
[INFO] Building storm-metrics 1.1.0-SNAPSHOT
[INFO] ------------------------------------------------------------------------
[INFO] 
[INFO] --- maven-antrun-plugin:1.6:run (prepare) @ storm-metrics ---
[WARNING] Parameter tasks is deprecated, use target instead
[INFO] Executing tasks

main:
     [echo] Downloading sigar native binaries...
      [get] Destination already exists (skipping): /home/travis/.m2/repository/org/fusesource/sigar/1.6.4/hyperic-sigar-1.6.4.zip
    [unzip] Expanding: /home/travis/.m2/repository/org/fusesource/sigar/1.6.4/hyperic-sigar-1.6.4.zip into /home/travis/build/apache/storm/external/storm-metrics/target/classes/resources
[INFO] Executed tasks
[INFO] 
[INFO] --- maven-remote-resources-plugin:1.2.1:process (default) @ storm-metrics ---
[INFO] 
[INFO] --- maven-resources-plugin:2.5:resources (default-resources) @ storm-metrics ---
[debug] execute contextualize
[INFO] Using 'UTF-8' encoding to copy filtered resources.
[INFO] skip non existing resourceDirectory /home/travis/build/apache/storm/external/storm-metrics/src/main/resources
[INFO] Copying 3 resources
[INFO] 
[INFO] --- maven-compiler-plugin:3.1:compile (default-compile) @ storm-metrics ---
[INFO] Nothing to compile - all classes are up to date
[INFO] 
[INFO] --- maven-resources-plugin:2.5:testResources (default-testResources) @ storm-metrics ---
[debug] execute contextualize
[INFO] Using 'UTF-8' encoding to copy filtered resources.
[INFO] skip non existing resourceDirectory /home/travis/build/apache/storm/external/storm-metrics/src/test/resources
[INFO] Copying 3 resources
[INFO] 
[INFO] --- maven-compiler-plugin:3.1:testCompile (default-testCompile) @ storm-metrics ---
[INFO] No sources to compile
[INFO] 
[INFO] --- maven-surefire-plugin:2.18.1:test (default-test) @ storm-metrics ---
[INFO] 
[INFO] --- apache-rat-plugin:0.11:check (default) @ storm-metrics ---
[INFO] 51 implicit excludes (use -debug for more details).
[INFO] Exclude: **/target/**
[INFO] Exclude: **/*.iml
[INFO] Exclude: **/.idea/**
[INFO] Exclude: **/metastore_db/**
[INFO] Exclude: **/build/**
[INFO] Exclude: **/CHANGELOG.md
[INFO] Exclude: **/README.md
[INFO] Exclude: **/README.markdown
[INFO] Exclude: **/DEVELOPER.md
[INFO] Exclude: **/BYLAWS.md
[INFO] Exclude: **/STORM-UI-REST-API.md
[INFO] Exclude: SECURITY.md
[INFO] Exclude: VERSION
[INFO] Exclude: TODO
[INFO] Exclude: **/src/py/**
[INFO] Exclude: **/src/ui/public/js/jquery.dataTables.1.10.4.min.js
[INFO] Exclude: **/src/ui/public/css/jquery.dataTables.1.10.4.min.css
[INFO] Exclude: **/src/ui/public/images/*
[INFO] Exclude: **/src/ui/public/js/bootstrap-3.3.1.min.js
[INFO] Exclude: **/src/ui/public/css/bootstrap-3.3.1.min.css
[INFO] Exclude: **/src/ui/public/js/dataTables.bootstrap.min.js
[INFO] Exclude: **/src/ui/public/css/dataTables.bootstrap.css
[INFO] Exclude: **/src/ui/public/js/jsonFormatter.min.js
[INFO] Exclude: **/src/ui/public/css/jsonFormatter.min.css
[INFO] Exclude: **/src/ui/public/js/jquery-1.11.1.min.js
[INFO] Exclude: **/src/ui/public/js/jquery.cookies.2.2.0.min.js
[INFO] Exclude: **/src/ui/public/js/moment.min.js
[INFO] Exclude: **/src/ui/public/js/jquery.blockUI.min.js
[INFO] Exclude: **/src/ui/public/js/url.min.js
[INFO] Exclude: **/src/ui/public/js/arbor.js
[INFO] Exclude: **/src/ui/public/js/arbor-graphics.js
[INFO] Exclude: **/src/ui/public/js/arbor-tween.js
[INFO] Exclude: **/src/ui/public/js/jquery.mustache.js
[INFO] Exclude: **/src/ui/public/js/typeahead.jquery.min.js
[INFO] Exclude: **/dependency-reduced-pom.xml
[INFO] Exclude: **/docs/**
[INFO] Exclude: **/.git/**
[INFO] Exclude: **/derby.log
[INFO] Exclude: **/src/dev/**
[INFO] Exclude: **/src/codegen/config.fmpp
[INFO] Exclude: **/src/codegen/data/Parser.tdd
[INFO] Exclude: **/src/test/resources/FixedAvroSerializer.config
[INFO] 3 resources included (use -debug for more details)
Warning:  org.apache.xerces.jaxp.SAXParserImpl$JAXPSAXParser: Property 'http://www.oracle.com/xml/jaxp/properties/entityExpansionLimit' is not recognized.
Compiler warnings:
  WARNING:  'org.apache.xerces.jaxp.SAXParserImpl: Property 'http://javax.xml.XMLConstants/property/accessExternalDTD' is not recognized.'
Warning:  org.apache.xerces.parsers.SAXParser: Feature 'http://javax.xml.XMLConstants/feature/secure-processing' is not recognized.
Warning:  org.apache.xerces.parsers.SAXParser: Property 'http://javax.xml.XMLConstants/property/accessExternalDTD' is not recognized.
Warning:  org.apache.xerces.parsers.SAXParser: Property 'http://www.oracle.com/xml/jaxp/properties/entityExpansionLimit' is not recognized.
[INFO] Rat check: Summary of files. Unapproved: 0 unknown: 0 generated: 0 approved: 3 licence.
[INFO]                                                                         
[INFO] ------------------------------------------------------------------------
[INFO] Building storm-cassandra 1.1.0-SNAPSHOT
[INFO] ------------------------------------------------------------------------
[INFO] 
[INFO] --- maven-remote-resources-plugin:1.2.1:process (default) @ storm-cassandra ---
[INFO] 
[INFO] --- maven-resources-plugin:2.5:resources (default-resources) @ storm-cassandra ---
[debug] execute contextualize
[INFO] Using 'UTF-8' encoding to copy filtered resources.
[INFO] skip non existing resourceDirectory /home/travis/build/apache/storm/external/storm-cassandra/src/main/resources
[INFO] Copying 3 resources
[INFO] 
[INFO] --- maven-compiler-plugin:3.1:compile (default-compile) @ storm-cassandra ---
[INFO] Nothing to compile - all classes are up to date
[INFO] 
[INFO] --- maven-resources-plugin:2.5:testResources (default-testResources) @ storm-cassandra ---
[debug] execute contextualize
[INFO] Using 'UTF-8' encoding to copy filtered resources.
[INFO] Copying 1 resource
[INFO] Copying 3 resources
[INFO] 
[INFO] --- maven-compiler-plugin:3.1:testCompile (default-testCompile) @ storm-cassandra ---
[INFO] Nothing to compile - all classes are up to date
[INFO] 
[INFO] --- maven-surefire-plugin:2.18.1:test (default-test) @ storm-cassandra ---
[INFO] 
[INFO] --- apache-rat-plugin:0.11:check (default) @ storm-cassandra ---
[INFO] 51 implicit excludes (use -debug for more details).
[INFO] Exclude: **/target/**
[INFO] Exclude: **/*.iml
[INFO] Exclude: **/.idea/**
[INFO] Exclude: **/metastore_db/**
[INFO] Exclude: **/build/**
[INFO] Exclude: **/CHANGELOG.md
[INFO] Exclude: **/README.md
[INFO] Exclude: **/README.markdown
[INFO] Exclude: **/DEVELOPER.md
[INFO] Exclude: **/BYLAWS.md
[INFO] Exclude: **/STORM-UI-REST-API.md
[INFO] Exclude: SECURITY.md
[INFO] Exclude: VERSION
[INFO] Exclude: TODO
[INFO] Exclude: **/src/py/**
[INFO] Exclude: **/src/ui/public/js/jquery.dataTables.1.10.4.min.js
[INFO] Exclude: **/src/ui/public/css/jquery.dataTables.1.10.4.min.css
[INFO] Exclude: **/src/ui/public/images/*
[INFO] Exclude: **/src/ui/public/js/bootstrap-3.3.1.min.js
[INFO] Exclude: **/src/ui/public/css/bootstrap-3.3.1.min.css
[INFO] Exclude: **/src/ui/public/js/dataTables.bootstrap.min.js
[INFO] Exclude: **/src/ui/public/css/dataTables.bootstrap.css
[INFO] Exclude: **/src/ui/public/js/jsonFormatter.min.js
[INFO] Exclude: **/src/ui/public/css/jsonFormatter.min.css
[INFO] Exclude: **/src/ui/public/js/jquery-1.11.1.min.js
[INFO] Exclude: **/src/ui/public/js/jquery.cookies.2.2.0.min.js
[INFO] Exclude: **/src/ui/public/js/moment.min.js
[INFO] Exclude: **/src/ui/public/js/jquery.blockUI.min.js
[INFO] Exclude: **/src/ui/public/js/url.min.js
[INFO] Exclude: **/src/ui/public/js/arbor.js
[INFO] Exclude: **/src/ui/public/js/arbor-graphics.js
[INFO] Exclude: **/src/ui/public/js/arbor-tween.js
[INFO] Exclude: **/src/ui/public/js/jquery.mustache.js
[INFO] Exclude: **/src/ui/public/js/typeahead.jquery.min.js
[INFO] Exclude: **/dependency-reduced-pom.xml
[INFO] Exclude: **/docs/**
[INFO] Exclude: **/.git/**
[INFO] Exclude: **/derby.log
[INFO] Exclude: **/src/dev/**
[INFO] Exclude: **/src/codegen/config.fmpp
[INFO] Exclude: **/src/codegen/data/Parser.tdd
[INFO] Exclude: **/src/test/resources/FixedAvroSerializer.config
[INFO] 50 resources included (use -debug for more details)
Warning:  org.apache.xerces.jaxp.SAXParserImpl$JAXPSAXParser: Property 'http://www.oracle.com/xml/jaxp/properties/entityExpansionLimit' is not recognized.
Compiler warnings:
  WARNING:  'org.apache.xerces.jaxp.SAXParserImpl: Property 'http://javax.xml.XMLConstants/property/accessExternalDTD' is not recognized.'
Warning:  org.apache.xerces.parsers.SAXParser: Feature 'http://javax.xml.XMLConstants/feature/secure-processing' is not recognized.
Warning:  org.apache.xerces.parsers.SAXParser: Property 'http://javax.xml.XMLConstants/property/accessExternalDTD' is not recognized.
Warning:  org.apache.xerces.parsers.SAXParser: Property 'http://www.oracle.com/xml/jaxp/properties/entityExpansionLimit' is not recognized.
[INFO] Rat check: Summary of files. Unapproved: 0 unknown: 0 generated: 0 approved: 50 licence.
[INFO]                                                                         
[INFO] ------------------------------------------------------------------------
[INFO] Building storm-mqtt-parent 1.1.0-SNAPSHOT
[INFO] ------------------------------------------------------------------------
[INFO] 
[INFO] --- maven-remote-resources-plugin:1.2.1:process (default) @ storm-mqtt-parent ---
[INFO] 
[INFO] --- apache-rat-plugin:0.11:check (default) @ storm-mqtt-parent ---
[INFO] 51 implicit excludes (use -debug for more details).
[INFO] Exclude: **/target/**
[INFO] Exclude: **/*.iml
[INFO] Exclude: **/.idea/**
[INFO] Exclude: **/metastore_db/**
[INFO] Exclude: **/build/**
[INFO] Exclude: **/CHANGELOG.md
[INFO] Exclude: **/README.md
[INFO] Exclude: **/README.markdown
[INFO] Exclude: **/DEVELOPER.md
[INFO] Exclude: **/BYLAWS.md
[INFO] Exclude: **/STORM-UI-REST-API.md
[INFO] Exclude: SECURITY.md
[INFO] Exclude: VERSION
[INFO] Exclude: TODO
[INFO] Exclude: **/src/py/**
[INFO] Exclude: **/src/ui/public/js/jquery.dataTables.1.10.4.min.js
[INFO] Exclude: **/src/ui/public/css/jquery.dataTables.1.10.4.min.css
[INFO] Exclude: **/src/ui/public/images/*
[INFO] Exclude: **/src/ui/public/js/bootstrap-3.3.1.min.js
[INFO] Exclude: **/src/ui/public/css/bootstrap-3.3.1.min.css
[INFO] Exclude: **/src/ui/public/js/dataTables.bootstrap.min.js
[INFO] Exclude: **/src/ui/public/css/dataTables.bootstrap.css
[INFO] Exclude: **/src/ui/public/js/jsonFormatter.min.js
[INFO] Exclude: **/src/ui/public/css/jsonFormatter.min.css
[INFO] Exclude: **/src/ui/public/js/jquery-1.11.1.min.js
[INFO] Exclude: **/src/ui/public/js/jquery.cookies.2.2.0.min.js
[INFO] Exclude: **/src/ui/public/js/moment.min.js
[INFO] Exclude: **/src/ui/public/js/jquery.blockUI.min.js
[INFO] Exclude: **/src/ui/public/js/url.min.js
[INFO] Exclude: **/src/ui/public/js/arbor.js
[INFO] Exclude: **/src/ui/public/js/arbor-graphics.js
[INFO] Exclude: **/src/ui/public/js/arbor-tween.js
[INFO] Exclude: **/src/ui/public/js/jquery.mustache.js
[INFO] Exclude: **/src/ui/public/js/typeahead.jquery.min.js
[INFO] Exclude: **/dependency-reduced-pom.xml
[INFO] Exclude: **/docs/**
[INFO] Exclude: **/.git/**
[INFO] Exclude: **/derby.log
[INFO] Exclude: **/src/dev/**
[INFO] Exclude: **/src/codegen/config.fmpp
[INFO] Exclude: **/src/codegen/data/Parser.tdd
[INFO] Exclude: **/src/test/resources/FixedAvroSerializer.config
[INFO] 25 resources included (use -debug for more details)
Warning:  org.apache.xerces.jaxp.SAXParserImpl$JAXPSAXParser: Property 'http://www.oracle.com/xml/jaxp/properties/entityExpansionLimit' is not recognized.
Compiler warnings:
  WARNING:  'org.apache.xerces.jaxp.SAXParserImpl: Property 'http://javax.xml.XMLConstants/property/accessExternalDTD' is not recognized.'
Warning:  org.apache.xerces.parsers.SAXParser: Feature 'http://javax.xml.XMLConstants/feature/secure-processing' is not recognized.
Warning:  org.apache.xerces.parsers.SAXParser: Property 'http://javax.xml.XMLConstants/property/accessExternalDTD' is not recognized.
Warning:  org.apache.xerces.parsers.SAXParser: Property 'http://www.oracle.com/xml/jaxp/properties/entityExpansionLimit' is not recognized.
[INFO] Rat check: Summary of files. Unapproved: 0 unknown: 0 generated: 0 approved: 25 licence.
[INFO]                                                                         
[INFO] ------------------------------------------------------------------------
[INFO] Building storm-mqtt 1.1.0-SNAPSHOT
[INFO] ------------------------------------------------------------------------
[INFO] 
[INFO] --- maven-remote-resources-plugin:1.2.1:process (default) @ storm-mqtt ---
[INFO] 
[INFO] --- maven-resources-plugin:2.5:resources (default-resources) @ storm-mqtt ---
[debug] execute contextualize
[INFO] Using 'UTF-8' encoding to copy filtered resources.
[INFO] skip non existing resourceDirectory /home/travis/build/apache/storm/external/storm-mqtt/core/src/main/resources
[INFO] Copying 3 resources
[INFO] 
[INFO] --- maven-compiler-plugin:3.1:compile (default-compile) @ storm-mqtt ---
[INFO] Nothing to compile - all classes are up to date
[INFO] 
[INFO] --- maven-resources-plugin:2.5:testResources (default-testResources) @ storm-mqtt ---
[debug] execute contextualize
[INFO] Using 'UTF-8' encoding to copy filtered resources.
[INFO] skip non existing resourceDirectory /home/travis/build/apache/storm/external/storm-mqtt/core/src/test/resources
[INFO] Copying 3 resources
[INFO] 
[INFO] --- maven-compiler-plugin:3.1:testCompile (default-testCompile) @ storm-mqtt ---
[INFO] Nothing to compile - all classes are up to date
[INFO] 
[INFO] --- maven-surefire-plugin:2.18.1:test (default-test) @ storm-mqtt ---
[WARNING] The parameter forkMode is deprecated since version 2.14. Use forkCount and reuseForks instead.
[INFO] Surefire report directory: /home/travis/build/apache/storm/external/storm-mqtt/core/target/surefire-reports
[INFO] parallel='none', perCoreThreadCount=true, threadCount=0, useUnlimitedThreads=false, threadCountSuites=0, threadCountClasses=0, threadCountMethods=0, parallelOptimized=true

-------------------------------------------------------
 T E S T S
-------------------------------------------------------

Results :

Tests run: 0, Failures: 0, Errors: 0, Skipped: 0

[INFO] 
[INFO] --- apache-rat-plugin:0.11:check (default) @ storm-mqtt ---
[INFO] 51 implicit excludes (use -debug for more details).
[INFO] Exclude: **/target/**
[INFO] Exclude: **/*.iml
[INFO] Exclude: **/.idea/**
[INFO] Exclude: **/metastore_db/**
[INFO] Exclude: **/build/**
[INFO] Exclude: **/CHANGELOG.md
[INFO] Exclude: **/README.md
[INFO] Exclude: **/README.markdown
[INFO] Exclude: **/DEVELOPER.md
[INFO] Exclude: **/BYLAWS.md
[INFO] Exclude: **/STORM-UI-REST-API.md
[INFO] Exclude: SECURITY.md
[INFO] Exclude: VERSION
[INFO] Exclude: TODO
[INFO] Exclude: **/src/py/**
[INFO] Exclude: **/src/ui/public/js/jquery.dataTables.1.10.4.min.js
[INFO] Exclude: **/src/ui/public/css/jquery.dataTables.1.10.4.min.css
[INFO] Exclude: **/src/ui/public/images/*
[INFO] Exclude: **/src/ui/public/js/bootstrap-3.3.1.min.js
[INFO] Exclude: **/src/ui/public/css/bootstrap-3.3.1.min.css
[INFO] Exclude: **/src/ui/public/js/dataTables.bootstrap.min.js
[INFO] Exclude: **/src/ui/public/css/dataTables.bootstrap.css
[INFO] Exclude: **/src/ui/public/js/jsonFormatter.min.js
[INFO] Exclude: **/src/ui/public/css/jsonFormatter.min.css
[INFO] Exclude: **/src/ui/public/js/jquery-1.11.1.min.js
[INFO] Exclude: **/src/ui/public/js/jquery.cookies.2.2.0.min.js
[INFO] Exclude: **/src/ui/public/js/moment.min.js
[INFO] Exclude: **/src/ui/public/js/jquery.blockUI.min.js
[INFO] Exclude: **/src/ui/public/js/url.min.js
[INFO] Exclude: **/src/ui/public/js/arbor.js
[INFO] Exclude: **/src/ui/public/js/arbor-graphics.js
[INFO] Exclude: **/src/ui/public/js/arbor-tween.js
[INFO] Exclude: **/src/ui/public/js/jquery.mustache.js
[INFO] Exclude: **/src/ui/public/js/typeahead.jquery.min.js
[INFO] Exclude: **/dependency-reduced-pom.xml
[INFO] Exclude: **/docs/**
[INFO] Exclude: **/.git/**
[INFO] Exclude: **/derby.log
[INFO] Exclude: **/src/dev/**
[INFO] Exclude: **/src/codegen/config.fmpp
[INFO] Exclude: **/src/codegen/data/Parser.tdd
[INFO] Exclude: **/src/test/resources/FixedAvroSerializer.config
[INFO] 18 resources included (use -debug for more details)
Warning:  org.apache.xerces.jaxp.SAXParserImpl$JAXPSAXParser: Property 'http://www.oracle.com/xml/jaxp/properties/entityExpansionLimit' is not recognized.
Compiler warnings:
  WARNING:  'org.apache.xerces.jaxp.SAXParserImpl: Property 'http://javax.xml.XMLConstants/property/accessExternalDTD' is not recognized.'
Warning:  org.apache.xerces.parsers.SAXParser: Feature 'http://javax.xml.XMLConstants/feature/secure-processing' is not recognized.
Warning:  org.apache.xerces.parsers.SAXParser: Property 'http://javax.xml.XMLConstants/property/accessExternalDTD' is not recognized.
Warning:  org.apache.xerces.parsers.SAXParser: Property 'http://www.oracle.com/xml/jaxp/properties/entityExpansionLimit' is not recognized.
[INFO] Rat check: Summary of files. Unapproved: 0 unknown: 0 generated: 0 approved: 18 licence.
[INFO]                                                                         
[INFO] ------------------------------------------------------------------------
[INFO] Skipping storm-mqtt-examples
[INFO] This project has been banned from the build due to previous failures.
[INFO] ------------------------------------------------------------------------
[INFO]                                                                         
[INFO] ------------------------------------------------------------------------
[INFO] Building storm-mongodb 1.1.0-SNAPSHOT
[INFO] ------------------------------------------------------------------------
[INFO] 
[INFO] --- maven-remote-resources-plugin:1.2.1:process (default) @ storm-mongodb ---
[INFO] 
[INFO] --- maven-resources-plugin:2.5:resources (default-resources) @ storm-mongodb ---
[debug] execute contextualize
[INFO] Using 'UTF-8' encoding to copy filtered resources.
[INFO] skip non existing resourceDirectory /home/travis/build/apache/storm/external/storm-mongodb/src/main/resources
[INFO] Copying 3 resources
[INFO] 
[INFO] --- maven-compiler-plugin:3.1:compile (default-compile) @ storm-mongodb ---
[INFO] Nothing to compile - all classes are up to date
[INFO] 
[INFO] --- maven-resources-plugin:2.5:testResources (default-testResources) @ storm-mongodb ---
[debug] execute contextualize
[INFO] Using 'UTF-8' encoding to copy filtered resources.
[INFO] skip non existing resourceDirectory /home/travis/build/apache/storm/external/storm-mongodb/src/test/resources
[INFO] Copying 3 resources
[INFO] 
[INFO] --- maven-compiler-plugin:3.1:testCompile (default-testCompile) @ storm-mongodb ---
[INFO] Nothing to compile - all classes are up to date
[INFO] 
[INFO] --- maven-surefire-plugin:2.18.1:test (default-test) @ storm-mongodb ---
[INFO] 
[INFO] --- apache-rat-plugin:0.11:check (default) @ storm-mongodb ---
[INFO] 51 implicit excludes (use -debug for more details).
[INFO] Exclude: **/target/**
[INFO] Exclude: **/*.iml
[INFO] Exclude: **/.idea/**
[INFO] Exclude: **/metastore_db/**
[INFO] Exclude: **/build/**
[INFO] Exclude: **/CHANGELOG.md
[INFO] Exclude: **/README.md
[INFO] Exclude: **/README.markdown
[INFO] Exclude: **/DEVELOPER.md
[INFO] Exclude: **/BYLAWS.md
[INFO] Exclude: **/STORM-UI-REST-API.md
[INFO] Exclude: SECURITY.md
[INFO] Exclude: VERSION
[INFO] Exclude: TODO
[INFO] Exclude: **/src/py/**
[INFO] Exclude: **/src/ui/public/js/jquery.dataTables.1.10.4.min.js
[INFO] Exclude: **/src/ui/public/css/jquery.dataTables.1.10.4.min.css
[INFO] Exclude: **/src/ui/public/images/*
[INFO] Exclude: **/src/ui/public/js/bootstrap-3.3.1.min.js
[INFO] Exclude: **/src/ui/public/css/bootstrap-3.3.1.min.css
[INFO] Exclude: **/src/ui/public/js/dataTables.bootstrap.min.js
[INFO] Exclude: **/src/ui/public/css/dataTables.bootstrap.css
[INFO] Exclude: **/src/ui/public/js/jsonFormatter.min.js
[INFO] Exclude: **/src/ui/public/css/jsonFormatter.min.css
[INFO] Exclude: **/src/ui/public/js/jquery-1.11.1.min.js
[INFO] Exclude: **/src/ui/public/js/jquery.cookies.2.2.0.min.js
[INFO] Exclude: **/src/ui/public/js/moment.min.js
[INFO] Exclude: **/src/ui/public/js/jquery.blockUI.min.js
[INFO] Exclude: **/src/ui/public/js/url.min.js
[INFO] Exclude: **/src/ui/public/js/arbor.js
[INFO] Exclude: **/src/ui/public/js/arbor-graphics.js
[INFO] Exclude: **/src/ui/public/js/arbor-tween.js
[INFO] Exclude: **/src/ui/public/js/jquery.mustache.js
[INFO] Exclude: **/src/ui/public/js/typeahead.jquery.min.js
[INFO] Exclude: **/dependency-reduced-pom.xml
[INFO] Exclude: **/docs/**
[INFO] Exclude: **/.git/**
[INFO] Exclude: **/derby.log
[INFO] Exclude: **/src/dev/**
[INFO] Exclude: **/src/codegen/config.fmpp
[INFO] Exclude: **/src/codegen/data/Parser.tdd
[INFO] Exclude: **/src/test/resources/FixedAvroSerializer.config
[INFO] 18 resources included (use -debug for more details)
Warning:  org.apache.xerces.jaxp.SAXParserImpl$JAXPSAXParser: Property 'http://www.oracle.com/xml/jaxp/properties/entityExpansionLimit' is not recognized.
Compiler warnings:
  WARNING:  'org.apache.xerces.jaxp.SAXParserImpl: Property 'http://javax.xml.XMLConstants/property/accessExternalDTD' is not recognized.'
Warning:  org.apache.xerces.parsers.SAXParser: Feature 'http://javax.xml.XMLConstants/feature/secure-processing' is not recognized.
Warning:  org.apache.xerces.parsers.SAXParser: Property 'http://javax.xml.XMLConstants/property/accessExternalDTD' is not recognized.
Warning:  org.apache.xerces.parsers.SAXParser: Property 'http://www.oracle.com/xml/jaxp/properties/entityExpansionLimit' is not recognized.
[INFO] Rat check: Summary of files. Unapproved: 0 unknown: 0 generated: 0 approved: 18 licence.
[INFO]                                                                         
[INFO] ------------------------------------------------------------------------
[INFO] Building storm-starter 1.1.0-SNAPSHOT
[INFO] ------------------------------------------------------------------------
[INFO] 
[INFO] --- maven-remote-resources-plugin:1.2.1:process (default) @ storm-starter ---
[INFO] Downloading: https://oss.sonatype.org/content/repositories/releases/io/confluent/kafka-schema-registry-client/1.0/kafka-schema-registry-client-1.0.pom
[INFO] Downloading: https://repository.apache.org/releases/io/confluent/kafka-schema-registry-client/1.0/kafka-schema-registry-client-1.0.pom
[INFO] Downloading: https://oss.sonatype.org/content/repositories/releases/io/confluent/kafka-avro-serializer/1.0/kafka-avro-serializer-1.0.pom
[INFO] Downloading: https://repository.apache.org/releases/io/confluent/kafka-avro-serializer/1.0/kafka-avro-serializer-1.0.pom
[INFO] 
[INFO] --- maven-resources-plugin:2.5:resources (default-resources) @ storm-starter ---
[debug] execute contextualize
[INFO] Using 'UTF-8' encoding to copy filtered resources.
[INFO] Copying 5 resources
[INFO] Copying 3 resources
[INFO] 
[INFO] --- maven-compiler-plugin:3.1:compile (default-compile) @ storm-starter ---
[INFO] Nothing to compile - all classes are up to date
[INFO] 
[INFO] --- clojure-maven-plugin:1.7.1:compile (compile) @ storm-starter ---
[INFO] 
[INFO] --- maven-resources-plugin:2.5:testResources (default-testResources) @ storm-starter ---
[debug] execute contextualize
[INFO] Using 'UTF-8' encoding to copy filtered resources.
[INFO] skip non existing resourceDirectory /home/travis/build/apache/storm/examples/storm-starter/src/test/resources
[INFO] Copying 3 resources
[INFO] 
[INFO] --- maven-compiler-plugin:3.1:testCompile (default-testCompile) @ storm-starter ---
[INFO] Nothing to compile - all classes are up to date
[INFO] 
[INFO] --- maven-surefire-plugin:2.18.1:test (default-test) @ storm-starter ---
[INFO] Surefire report directory: /home/travis/build/apache/storm/examples/storm-starter/target/surefire-reports

-------------------------------------------------------
 T E S T S
-------------------------------------------------------
Running TestSuite
Tests run: 226, Failures: 0, Errors: 0, Skipped: 0, Time elapsed: 2.145 sec - in TestSuite

Results :

Tests run: 226, Failures: 0, Errors: 0, Skipped: 0

[INFO] 
[INFO] --- apache-rat-plugin:0.11:check (default) @ storm-starter ---
[INFO] 51 implicit excludes (use -debug for more details).
[INFO] Exclude: **/target/**
[INFO] Exclude: **/*.iml
[INFO] Exclude: **/.idea/**
[INFO] Exclude: **/metastore_db/**
[INFO] Exclude: **/build/**
[INFO] Exclude: **/CHANGELOG.md
[INFO] Exclude: **/README.md
[INFO] Exclude: **/README.markdown
[INFO] Exclude: **/DEVELOPER.md
[INFO] Exclude: **/BYLAWS.md
[INFO] Exclude: **/STORM-UI-REST-API.md
[INFO] Exclude: SECURITY.md
[INFO] Exclude: VERSION
[INFO] Exclude: TODO
[INFO] Exclude: **/src/py/**
[INFO] Exclude: **/src/ui/public/js/jquery.dataTables.1.10.4.min.js
[INFO] Exclude: **/src/ui/public/css/jquery.dataTables.1.10.4.min.css
[INFO] Exclude: **/src/ui/public/images/*
[INFO] Exclude: **/src/ui/public/js/bootstrap-3.3.1.min.js
[INFO] Exclude: **/src/ui/public/css/bootstrap-3.3.1.min.css
[INFO] Exclude: **/src/ui/public/js/dataTables.bootstrap.min.js
[INFO] Exclude: **/src/ui/public/css/dataTables.bootstrap.css
[INFO] Exclude: **/src/ui/public/js/jsonFormatter.min.js
[INFO] Exclude: **/src/ui/public/css/jsonFormatter.min.css
[INFO] Exclude: **/src/ui/public/js/jquery-1.11.1.min.js
[INFO] Exclude: **/src/ui/public/js/jquery.cookies.2.2.0.min.js
[INFO] Exclude: **/src/ui/public/js/moment.min.js
[INFO] Exclude: **/src/ui/public/js/jquery.blockUI.min.js
[INFO] Exclude: **/src/ui/public/js/url.min.js
[INFO] Exclude: **/src/ui/public/js/arbor.js
[INFO] Exclude: **/src/ui/public/js/arbor-graphics.js
[INFO] Exclude: **/src/ui/public/js/arbor-tween.js
[INFO] Exclude: **/src/ui/public/js/jquery.mustache.js
[INFO] Exclude: **/src/ui/public/js/typeahead.jquery.min.js
[INFO] Exclude: **/dependency-reduced-pom.xml
[INFO] Exclude: **/docs/**
[INFO] Exclude: **/.git/**
[INFO] Exclude: **/derby.log
[INFO] Exclude: **/src/dev/**
[INFO] Exclude: **/src/codegen/config.fmpp
[INFO] Exclude: **/src/codegen/data/Parser.tdd
[INFO] Exclude: **/src/test/resources/FixedAvroSerializer.config
[INFO] 65 resources included (use -debug for more details)
Warning:  org.apache.xerces.jaxp.SAXParserImpl$JAXPSAXParser: Property 'http://www.oracle.com/xml/jaxp/properties/entityExpansionLimit' is not recognized.
Compiler warnings:
  WARNING:  'org.apache.xerces.jaxp.SAXParserImpl: Property 'http://javax.xml.XMLConstants/property/accessExternalDTD' is not recognized.'
Warning:  org.apache.xerces.parsers.SAXParser: Feature 'http://javax.xml.XMLConstants/feature/secure-processing' is not recognized.
Warning:  org.apache.xerces.parsers.SAXParser: Property 'http://javax.xml.XMLConstants/property/accessExternalDTD' is not recognized.
Warning:  org.apache.xerces.parsers.SAXParser: Property 'http://www.oracle.com/xml/jaxp/properties/entityExpansionLimit' is not recognized.
[INFO] Rat check: Summary of files. Unapproved: 0 unknown: 0 generated: 0 approved: 65 licence.
[INFO]                                                                         
[INFO] ------------------------------------------------------------------------
[INFO] Building storm-kafka-client 1.1.0-SNAPSHOT
[INFO] ------------------------------------------------------------------------
[INFO] 
[INFO] --- maven-remote-resources-plugin:1.2.1:process (default) @ storm-kafka-client ---
[INFO] 
[INFO] --- maven-resources-plugin:2.5:resources (default-resources) @ storm-kafka-client ---
[debug] execute contextualize
[INFO] Using 'UTF-8' encoding to copy filtered resources.
[INFO] skip non existing resourceDirectory /home/travis/build/apache/storm/external/storm-kafka-client/src/main/resources
[INFO] Copying 3 resources
[INFO] 
[INFO] --- maven-compiler-plugin:3.1:compile (default-compile) @ storm-kafka-client ---
[INFO] Nothing to compile - all classes are up to date
[INFO] 
[INFO] --- maven-resources-plugin:2.5:testResources (default-testResources) @ storm-kafka-client ---
[debug] execute contextualize
[INFO] Using 'UTF-8' encoding to copy filtered resources.
[INFO] skip non existing resourceDirectory /home/travis/build/apache/storm/external/storm-kafka-client/src/test/resources
[INFO] Copying 3 resources
[INFO] 
[INFO] --- maven-compiler-plugin:3.1:testCompile (default-testCompile) @ storm-kafka-client ---
[INFO] Nothing to compile - all classes are up to date
[INFO] 
[INFO] --- maven-surefire-plugin:2.18.1:test (default-test) @ storm-kafka-client ---
[INFO] 
[INFO] --- apache-rat-plugin:0.11:check (default) @ storm-kafka-client ---
[INFO] 51 implicit excludes (use -debug for more details).
[INFO] Exclude: **/target/**
[INFO] Exclude: **/*.iml
[INFO] Exclude: **/.idea/**
[INFO] Exclude: **/metastore_db/**
[INFO] Exclude: **/build/**
[INFO] Exclude: **/CHANGELOG.md
[INFO] Exclude: **/README.md
[INFO] Exclude: **/README.markdown
[INFO] Exclude: **/DEVELOPER.md
[INFO] Exclude: **/BYLAWS.md
[INFO] Exclude: **/STORM-UI-REST-API.md
[INFO] Exclude: SECURITY.md
[INFO] Exclude: VERSION
[INFO] Exclude: TODO
[INFO] Exclude: **/src/py/**
[INFO] Exclude: **/src/ui/public/js/jquery.dataTables.1.10.4.min.js
[INFO] Exclude: **/src/ui/public/css/jquery.dataTables.1.10.4.min.css
[INFO] Exclude: **/src/ui/public/images/*
[INFO] Exclude: **/src/ui/public/js/bootstrap-3.3.1.min.js
[INFO] Exclude: **/src/ui/public/css/bootstrap-3.3.1.min.css
[INFO] Exclude: **/src/ui/public/js/dataTables.bootstrap.min.js
[INFO] Exclude: **/src/ui/public/css/dataTables.bootstrap.css
[INFO] Exclude: **/src/ui/public/js/jsonFormatter.min.js
[INFO] Exclude: **/src/ui/public/css/jsonFormatter.min.css
[INFO] Exclude: **/src/ui/public/js/jquery-1.11.1.min.js
[INFO] Exclude: **/src/ui/public/js/jquery.cookies.2.2.0.min.js
[INFO] Exclude: **/src/ui/public/js/moment.min.js
[INFO] Exclude: **/src/ui/public/js/jquery.blockUI.min.js
[INFO] Exclude: **/src/ui/public/js/url.min.js
[INFO] Exclude: **/src/ui/public/js/arbor.js
[INFO] Exclude: **/src/ui/public/js/arbor-graphics.js
[INFO] Exclude: **/src/ui/public/js/arbor-tween.js
[INFO] Exclude: **/src/ui/public/js/jquery.mustache.js
[INFO] Exclude: **/src/ui/public/js/typeahead.jquery.min.js
[INFO] Exclude: **/dependency-reduced-pom.xml
[INFO] Exclude: **/docs/**
[INFO] Exclude: **/.git/**
[INFO] Exclude: **/derby.log
[INFO] Exclude: **/src/dev/**
[INFO] Exclude: **/src/codegen/config.fmpp
[INFO] Exclude: **/src/codegen/data/Parser.tdd
[INFO] Exclude: **/src/test/resources/FixedAvroSerializer.config
[INFO] 14 resources included (use -debug for more details)
Warning:  org.apache.xerces.jaxp.SAXParserImpl$JAXPSAXParser: Property 'http://www.oracle.com/xml/jaxp/properties/entityExpansionLimit' is not recognized.
Compiler warnings:
  WARNING:  'org.apache.xerces.jaxp.SAXParserImpl: Property 'http://javax.xml.XMLConstants/property/accessExternalDTD' is not recognized.'
Warning:  org.apache.xerces.parsers.SAXParser: Feature 'http://javax.xml.XMLConstants/feature/secure-processing' is not recognized.
Warning:  org.apache.xerces.parsers.SAXParser: Property 'http://javax.xml.XMLConstants/property/accessExternalDTD' is not recognized.
Warning:  org.apache.xerces.parsers.SAXParser: Property 'http://www.oracle.com/xml/jaxp/properties/entityExpansionLimit' is not recognized.
[INFO] Rat check: Summary of files. Unapproved: 0 unknown: 0 generated: 0 approved: 14 licence.
[INFO] ------------------------------------------------------------------------
[INFO] Reactor Summary:
[INFO] 
[INFO] Storm .............................................. SUCCESS [  4.864 s]
[INFO] multilang-javascript ............................... SUCCESS [  0.977 s]
[INFO] multilang-python ................................... SUCCESS [  0.246 s]
[INFO] multilang-ruby ..................................... SUCCESS [  0.249 s]
[INFO] maven-shade-clojure-transformer .................... SUCCESS [  2.075 s]
[INFO] storm-maven-plugins ................................ SUCCESS [  3.164 s]
[INFO] storm-rename-hack .................................. SUCCESS [  2.079 s]
[INFO] storm-kafka ........................................ SUCCESS [01:05 min]
[INFO] storm-hdfs ......................................... SUCCESS [01:18 min]
[INFO] storm-hbase ........................................ SUCCESS [  3.396 s]
[INFO] storm-hive ......................................... SUCCESS [ 34.877 s]
[INFO] storm-jdbc ......................................... SUCCESS [  1.783 s]
[INFO] storm-redis ........................................ SUCCESS [  1.640 s]
[INFO] storm-eventhubs .................................... SUCCESS [  2.905 s]
[INFO] flux ............................................... SUCCESS [  0.145 s]
[INFO] flux-wrappers ...................................... SUCCESS [  0.190 s]
[INFO] flux-core .......................................... FAILURE [  5.163 s]
[INFO] flux-examples ...................................... SKIPPED
[INFO] storm-sql-runtime .................................. SUCCESS [  0.444 s]
[INFO] storm-sql-core ..................................... SUCCESS [ 42.145 s]
[INFO] storm-sql-kafka .................................... SUCCESS [  2.126 s]
[INFO] sql ................................................ SUCCESS [  0.080 s]
[INFO] storm-elasticsearch ................................ SUCCESS [  3.185 s]
[INFO] storm-solr ......................................... SUCCESS [  3.382 s]
[INFO] storm-metrics ...................................... SUCCESS [  0.608 s]
[INFO] storm-cassandra .................................... SUCCESS [  0.428 s]
[INFO] storm-mqtt-parent .................................. SUCCESS [  0.125 s]
[INFO] storm-mqtt ......................................... SUCCESS [  1.101 s]
[INFO] storm-mqtt-examples ................................ SKIPPED
[INFO] storm-mongodb ...................................... SUCCESS [  0.124 s]
[INFO] storm-starter ...................................... SUCCESS [  7.528 s]
[INFO] storm-kafka-client ................................. SUCCESS [  0.068 s]
[INFO] ------------------------------------------------------------------------
[INFO] BUILD FAILURE
[INFO] ------------------------------------------------------------------------
[INFO] Total time: 04:32 min
[INFO] Finished at: 2016-06-10T15:13:57+00:00
[INFO] Final Memory: 86M/392M
[INFO] ------------------------------------------------------------------------
[WARNING] The requested profile "native" could not be activated because it does not exist.
[ERROR] Failed to execute goal org.apache.maven.plugins:maven-surefire-plugin:2.18.1:test (default-test) on project flux-core: There are test failures.
[ERROR] 
[ERROR] Please refer to /home/travis/build/apache/storm/external/flux/flux-core/target/surefire-reports for the individual test results.
[ERROR] -> [Help 1]
[ERROR] 
[ERROR] To see the full stack trace of the errors, re-run Maven with the -e switch.
[ERROR] Re-run Maven using the -X switch to enable full debug logging.
[ERROR] 
[ERROR] For more information about the errors and possible solutions, please read the following articles:
[ERROR] [Help 1] http://cwiki.apache.org/confluence/display/MAVEN/MojoFailureException
[ERROR] 
[ERROR] After correcting the problems, you can resume the build with the command
[ERROR]   mvn <goals> -rf :flux-core
Looking for errors in ./examples/storm-starter/target/surefire-reports
Checking ./examples/storm-starter/target/surefire-reports/testng-results.xml
Checking ./examples/storm-starter/target/surefire-reports/TEST-TestSuite.xml
Looking for errors in ./external/flux/flux-core/target/surefire-reports
Checking ./external/flux/flux-core/target/surefire-reports/TEST-org.apache.storm.flux.multilang.MultilangEnvirontmentTest.xml
--------------------------------------------------
classname: org.apache.storm.flux.multilang.MultilangEnvirontmentTest / testname: testInvokeNode
java.lang.AssertionError: Exit value for node is 0. expected:<0> but was:<139>
	at org.junit.Assert.fail(Assert.java:88)
	at org.junit.Assert.failNotEquals(Assert.java:743)
	at org.junit.Assert.assertEquals(Assert.java:118)
	at org.junit.Assert.assertEquals(Assert.java:555)
	at org.apache.storm.flux.multilang.MultilangEnvirontmentTest.testInvokeNode(MultilangEnvirontmentTest.java:48)

-------------------- system-out --------------------
937  [main] DEBUG MultilangEnvirontmentTest - Invoking command: [node, --version]
937  [main] DEBUG MultilangEnvirontmentTest - Command result: 

--------------------------------------------------
Checking ./external/flux/flux-core/target/surefire-reports/TEST-org.apache.storm.flux.IntegrationTest.xml
Checking ./external/flux/flux-core/target/surefire-reports/TEST-org.apache.storm.flux.FluxBuilderTest.xml
Checking ./external/flux/flux-core/target/surefire-reports/TEST-org.apache.storm.flux.TCKTest.xml
Looking for errors in ./external/sql/storm-sql-core/target/surefire-reports
Checking ./external/sql/storm-sql-core/target/surefire-reports/TEST-org.apache.storm.sql.parser.TestSqlParser.xml
Checking ./external/sql/storm-sql-core/target/surefire-reports/TEST-org.apache.storm.sql.compiler.backends.trident.TestPlanCompiler.xml
Checking ./external/sql/storm-sql-core/target/surefire-reports/TEST-org.apache.storm.sql.compiler.backends.standalone.TestPlanCompiler.xml
Checking ./external/sql/storm-sql-core/target/surefire-reports/TEST-org.apache.storm.sql.compiler.backends.standalone.TestRelNodeCompiler.xml
Checking ./external/sql/storm-sql-core/target/surefire-reports/TEST-org.apache.storm.sql.compiler.TestExprCompiler.xml
Checking ./external/sql/storm-sql-core/target/surefire-reports/TEST-org.apache.storm.sql.compiler.TestExprSemantic.xml
Checking ./external/sql/storm-sql-core/target/surefire-reports/TEST-org.apache.storm.sql.TestStormSql.xml
Looking for errors in ./external/sql/storm-sql-kafka/target/surefire-reports
Checking ./external/sql/storm-sql-kafka/target/surefire-reports/TEST-org.apache.storm.sql.kafka.TestKafkaDataSourcesProvider.xml
Checking ./external/sql/storm-sql-kafka/target/surefire-reports/TEST-org.apache.storm.sql.kafka.TestJsonRepresentation.xml
Looking for errors in ./external/storm-elasticsearch/target/surefire-reports
Checking ./external/storm-elasticsearch/target/surefire-reports/TEST-org.apache.storm.elasticsearch.common.TransportAddressesTest.xml
Checking ./external/storm-elasticsearch/target/surefire-reports/TEST-org.apache.storm.elasticsearch.common.EsConfigTest.xml
Checking ./external/storm-elasticsearch/target/surefire-reports/TEST-org.apache.storm.elasticsearch.bolt.EsLookupBoltTest.xml
Checking ./external/storm-elasticsearch/target/surefire-reports/TEST-org.apache.storm.elasticsearch.trident.EsStateFactoryTest.xml
Looking for errors in ./external/storm-eventhubs/target/surefire-reports
Checking ./external/storm-eventhubs/target/surefire-reports/TEST-org.apache.storm.eventhubs.trident.TestTransactionalTridentEmitter.xml
Checking ./external/storm-eventhubs/target/surefire-reports/TEST-org.apache.storm.eventhubs.spout.TestPartitionManager.xml
Checking ./external/storm-eventhubs/target/surefire-reports/TEST-org.apache.storm.eventhubs.spout.TestEventData.xml
Checking ./external/storm-eventhubs/target/surefire-reports/TEST-org.apache.storm.eventhubs.spout.TestEventHubSpout.xml
Looking for errors in ./external/storm-hdfs/target/surefire-reports
Checking ./external/storm-hdfs/target/surefire-reports/TEST-org.apache.storm.hdfs.bolt.TestHdfsBolt.xml
Checking ./external/storm-hdfs/target/surefire-reports/TEST-org.apache.storm.hdfs.bolt.TestSequenceFileBolt.xml
Checking ./external/storm-hdfs/target/surefire-reports/TEST-org.apache.storm.hdfs.bolt.AvroGenericRecordBoltTest.xml
Checking ./external/storm-hdfs/target/surefire-reports/TEST-org.apache.storm.hdfs.spout.TestDirLock.xml
Checking ./external/storm-hdfs/target/surefire-reports/TEST-org.apache.storm.hdfs.spout.TestHdfsSemantics.xml
Checking ./external/storm-hdfs/target/surefire-reports/TEST-org.apache.storm.hdfs.spout.TestHdfsSpout.xml
Checking ./external/storm-hdfs/target/surefire-reports/TEST-org.apache.storm.hdfs.spout.TestProgressTracker.xml
Checking ./external/storm-hdfs/target/surefire-reports/TEST-org.apache.storm.hdfs.spout.TestFileLock.xml
Checking ./external/storm-hdfs/target/surefire-reports/TEST-org.apache.storm.hdfs.trident.HdfsStateTest.xml
Checking ./external/storm-hdfs/target/surefire-reports/TEST-org.apache.storm.hdfs.blobstore.BlobStoreTest.xml
Checking ./external/storm-hdfs/target/surefire-reports/TEST-org.apache.storm.hdfs.blobstore.HdfsBlobStoreImplTest.xml
Checking ./external/storm-hdfs/target/surefire-reports/TEST-org.apache.storm.hdfs.avro.TestFixedAvroSerializer.xml
Checking ./external/storm-hdfs/target/surefire-reports/TEST-org.apache.storm.hdfs.avro.TestGenericAvroSerializer.xml
Looking for errors in ./external/storm-hive/target/surefire-reports
Checking ./external/storm-hive/target/surefire-reports/TEST-org.apache.storm.hive.bolt.TestHiveBolt.xml
Checking ./external/storm-hive/target/surefire-reports/TEST-org.apache.storm.hive.common.TestHiveWriter.xml
Looking for errors in ./external/storm-jdbc/target/surefire-reports
Checking ./external/storm-jdbc/target/surefire-reports/TEST-org.apache.storm.jdbc.bolt.JdbcInsertBoltTest.xml
Checking ./external/storm-jdbc/target/surefire-reports/TEST-org.apache.storm.jdbc.bolt.JdbcLookupBoltTest.xml
Checking ./external/storm-jdbc/target/surefire-reports/TEST-org.apache.storm.jdbc.common.UtilTest.xml
Checking ./external/storm-jdbc/target/surefire-reports/TEST-org.apache.storm.jdbc.common.JdbcClientTest.xml
Looking for errors in ./external/storm-kafka/target/surefire-reports
Checking ./external/storm-kafka/target/surefire-reports/TEST-org.apache.storm.kafka.KafkaErrorTest.xml
Checking ./external/storm-kafka/target/surefire-reports/TEST-org.apache.storm.kafka.KafkaUtilsTest.xml
Checking ./external/storm-kafka/target/surefire-reports/TEST-org.apache.storm.kafka.StringKeyValueSchemeTest.xml
Checking ./external/storm-kafka/target/surefire-reports/TEST-org.apache.storm.kafka.ZkCoordinatorTest.xml
Checking ./external/storm-kafka/target/surefire-reports/TEST-org.apache.storm.kafka.TridentKafkaTest.xml
Checking ./external/storm-kafka/target/surefire-reports/TEST-org.apache.storm.kafka.ExponentialBackoffMsgRetryManagerTest.xml
Checking ./external/storm-kafka/target/surefire-reports/TEST-org.apache.storm.kafka.TestStringScheme.xml
Checking ./external/storm-kafka/target/surefire-reports/TEST-org.apache.storm.kafka.DynamicBrokersReaderTest.xml
Checking ./external/storm-kafka/target/surefire-reports/TEST-org.apache.storm.kafka.bolt.KafkaBoltTest.xml
Looking for errors in ./external/storm-redis/target/surefire-reports
Checking ./external/storm-redis/target/surefire-reports/TEST-org.apache.storm.redis.state.RedisKeyValueStateProviderTest.xml
Checking ./external/storm-redis/target/surefire-reports/TEST-org.apache.storm.redis.state.DefaultStateSerializerTest.xml
Checking ./external/storm-redis/target/surefire-reports/TEST-org.apache.storm.redis.state.RedisKeyValueStateTest.xml

travis_time:end:0a10176a:start=1465571361912162750,finish=1465571639036163438,duration=277124000688[0K
[31;1mThe command "/bin/bash ./dev-tools/travis/travis-script.sh `pwd` $MODULES" exited with 1.[0m
travis_fold:start:cache.2[0Kstore build cache
travis_time:start:2fa450b8[0K
travis_time:end:2fa450b8:start=1465571639040882952,finish=1465571639044417333,duration=3534381[0Ktravis_time:start:03be70b8[0K[32;1mchange detected (content changed, file is created, or file is deleted):
/home/travis/.m2/repository/eigenbase/eigenbase-properties/1.1.4/eigenbase-properties-1.1.4.pom.lastUpdated
/home/travis/.m2/repository/io/confluent/kafka-avro-serializer/1.0/kafka-avro-serializer-1.0.pom.lastUpdated
/home/travis/.m2/repository/io/confluent/kafka-schema-registry-client/1.0/kafka-schema-registry-client-1.0.pom.lastUpdated
/home/travis/.m2/repository/net/hydromatic/linq4j/0.4/linq4j-0.4.pom.lastUpdated
/home/travis/.m2/repository/net/hydromatic/quidem/0.1.1/quidem-0.1.1.pom.lastUpdated
/home/travis/.m2/repository/org/apache/storm/flux/1.1.0-SNAPSHOT/maven-metadata-local.xml
/home/travis/.m2/repository/org/apache/storm/flux/1.1.0-SNAPSHOT/_remote.repositories
/home/travis/.m2/repository/org/apache/storm/flux-core/1.1.0-SNAPSHOT/flux-core-1.1.0-SNAPSHOT.jar
/home/travis/.m2/repository/org/apache/storm/flux-core/1.1.0-SNAPSHOT/maven-metadata-local.xml
/home/travis/.m2/repository/org/apache/storm/flux-core/1.1.0-SNAPSHOT/_remote.repositories
/home/travis/.m2/repository/org/ap
[0m
[32;1m...
[0m
[32;1mchanges detected, packing new archive[0m
.
.
.
.
.
.
.
.
.
.
.
[32;1muploading archive[0m

travis_time:end:03be70b8:start=1465571639048621261,finish=1465571726468232884,duration=87419611623[0Ktravis_fold:end:cache.2[0K
Done. Your build exited with 1.
