Using worker: worker-linux-docker-ca11978f.prod.travis-ci.org:travis-linux-5

travis_fold:start:system_info[0K[33;1mBuild system information[0m
Build language: java
Build group: stable
Build dist: precise
[34m[1mBuild image provisioning date and time[0m
Thu Feb  5 15:09:33 UTC 2015
[34m[1mOperating System Details[0m
Distributor ID:	Ubuntu
Description:	Ubuntu 12.04.5 LTS
Release:	12.04
Codename:	precise
[34m[1mLinux Version[0m
3.13.0-29-generic
[34m[1mCookbooks Version[0m
a68419e https://github.com/travis-ci/travis-cookbooks/tree/a68419e
[34m[1mGCC version[0m
gcc (Ubuntu/Linaro 4.6.3-1ubuntu5) 4.6.3
Copyright (C) 2011 Free Software Foundation, Inc.
This is free software; see the source for copying conditions.  There is NO
warranty; not even for MERCHANTABILITY or FITNESS FOR A PARTICULAR PURPOSE.

[34m[1mLLVM version[0m
clang version 3.4 (tags/RELEASE_34/final)
Target: x86_64-unknown-linux-gnu
Thread model: posix
[34m[1mPre-installed Ruby versions[0m
ruby-1.9.3-p551
[34m[1mPre-installed Node.js versions[0m
v0.10.36
[34m[1mPre-installed Go versions[0m
1.4.1
[34m[1mRedis version[0m
redis-server 2.8.19
[34m[1mriak version[0m
2.0.2
[34m[1mMongoDB version[0m
MongoDB 2.4.12
[34m[1mCouchDB version[0m
couchdb 1.6.1
[34m[1mNeo4j version[0m
1.9.4
[34m[1mRabbitMQ Version[0m
3.4.3
[34m[1mElasticSearch version[0m
1.4.0
[34m[1mInstalled Sphinx versions[0m
2.0.10
2.1.9
2.2.6
[34m[1mDefault Sphinx version[0m
2.2.6
[34m[1mInstalled Firefox version[0m
firefox 31.0esr
[34m[1mPhantomJS version[0m
1.9.8
[34m[1mant -version[0m
Apache Ant(TM) version 1.8.2 compiled on December 3 2011
[34m[1mmvn -version[0m
Apache Maven 3.2.5 (12a6b3acb947671f09b81f49094c53f426d8cea1; 2014-12-14T17:29:23+00:00)
Maven home: /usr/local/maven
Java version: 1.7.0_76, vendor: Oracle Corporation
Java home: /usr/lib/jvm/java-7-oracle/jre
Default locale: en_US, platform encoding: ANSI_X3.4-1968
OS name: "linux", version: "3.13.0-29-generic", arch: "amd64", family: "unix"
travis_fold:end:system_info[0K
travis_fold:start:fix.CVE-2015-7547[0K$ export DEBIAN_FRONTEND=noninteractive
W: Size of file /var/lib/apt/lists/us.archive.ubuntu.com_ubuntu_dists_precise-backports_multiverse_source_Sources.gz is not what the server reported 5886 5888
W: Size of file /var/lib/apt/lists/ppa.launchpad.net_ubuntugis_ppa_ubuntu_dists_precise_main_binary-amd64_Packages.gz is not what the server reported 36669 36677
W: Size of file /var/lib/apt/lists/ppa.launchpad.net_ubuntugis_ppa_ubuntu_dists_precise_main_binary-i386_Packages.gz is not what the server reported 36729 36733
Reading package lists...
Building dependency tree...
Reading state information...
The following extra packages will be installed:
  libc-bin libc-dev-bin libc6-dev
Suggested packages:
  glibc-doc
The following packages will be upgraded:
  libc-bin libc-dev-bin libc6 libc6-dev
4 upgraded, 0 newly installed, 0 to remove and 247 not upgraded.
Need to get 8,840 kB of archives.
After this operation, 14.3 kB disk space will be freed.
Get:1 http://us.archive.ubuntu.com/ubuntu/ precise-updates/main libc6-dev amd64 2.15-0ubuntu10.15 [2,943 kB]
Get:2 http://us.archive.ubuntu.com/ubuntu/ precise-updates/main libc-dev-bin amd64 2.15-0ubuntu10.15 [84.7 kB]
Get:3 http://us.archive.ubuntu.com/ubuntu/ precise-updates/main libc-bin amd64 2.15-0ubuntu10.15 [1,177 kB]
Get:4 http://us.archive.ubuntu.com/ubuntu/ precise-updates/main libc6 amd64 2.15-0ubuntu10.15 [4,636 kB]
Fetched 8,840 kB in 0s (37.2 MB/s)
Preconfiguring packages ...
(Reading database ... (Reading database ... 5%(Reading database ... 10%(Reading database ... 15%(Reading database ... 20%(Reading database ... 25%(Reading database ... 30%(Reading database ... 35%(Reading database ... 40%(Reading database ... 45%(Reading database ... 50%(Reading database ... 55%(Reading database ... 60%(Reading database ... 65%(Reading database ... 70%(Reading database ... 75%(Reading database ... 80%(Reading database ... 85%(Reading database ... 90%(Reading database ... 95%(Reading database ... 100%(Reading database ... 72019 files and directories currently installed.)
Preparing to replace libc6-dev 2.15-0ubuntu10.10 (using .../libc6-dev_2.15-0ubuntu10.15_amd64.deb) ...
Unpacking replacement libc6-dev ...
Preparing to replace libc-dev-bin 2.15-0ubuntu10.10 (using .../libc-dev-bin_2.15-0ubuntu10.15_amd64.deb) ...
Unpacking replacement libc-dev-bin ...
Preparing to replace libc-bin 2.15-0ubuntu10.10 (using .../libc-bin_2.15-0ubuntu10.15_amd64.deb) ...
Unpacking replacement libc-bin ...
Processing triggers for man-db ...
Setting up libc-bin (2.15-0ubuntu10.15) ...
(Reading database ... (Reading database ... 5%(Reading database ... 10%(Reading database ... 15%(Reading database ... 20%(Reading database ... 25%(Reading database ... 30%(Reading database ... 35%(Reading database ... 40%(Reading database ... 45%(Reading database ... 50%(Reading database ... 55%(Reading database ... 60%(Reading database ... 65%(Reading database ... 70%(Reading database ... 75%(Reading database ... 80%(Reading database ... 85%(Reading database ... 90%(Reading database ... 95%(Reading database ... 100%(Reading database ... 72018 files and directories currently installed.)
Preparing to replace libc6 2.15-0ubuntu10.10 (using .../libc6_2.15-0ubuntu10.15_amd64.deb) ...
Unpacking replacement libc6 ...
Setting up libc6 (2.15-0ubuntu10.15) ...
Setting up libc-dev-bin (2.15-0ubuntu10.15) ...
Setting up libc6-dev (2.15-0ubuntu10.15) ...
Processing triggers for libc-bin ...
ldconfig deferred processing now taking place
travis_fold:end:fix.CVE-2015-7547[0Ktravis_fold:start:git.checkout[0Ktravis_time:start:05dc43d8[0K$ git clone --depth=50 https://github.com/apache/storm.git apache/storm
Cloning into 'apache/storm'...
remote: Counting objects: 19310, done.[K
remote: Compressing objects:   0% (1/7819)   [Kremote: Compressing objects:   1% (79/7819)   [Kremote: Compressing objects:   2% (157/7819)   [Kremote: Compressing objects:   3% (235/7819)   [Kremote: Compressing objects:   4% (313/7819)   [Kremote: Compressing objects:   5% (391/7819)   [Kremote: Compressing objects:   6% (470/7819)   [Kremote: Compressing objects:   7% (548/7819)   [Kremote: Compressing objects:   8% (626/7819)   [Kremote: Compressing objects:   9% (704/7819)   [Kremote: Compressing objects:  10% (782/7819)   [Kremote: Compressing objects:  11% (861/7819)   [Kremote: Compressing objects:  12% (939/7819)   [Kremote: Compressing objects:  13% (1017/7819)   [Kremote: Compressing objects:  14% (1095/7819)   [Kremote: Compressing objects:  15% (1173/7819)   [Kremote: Compressing objects:  16% (1252/7819)   [Kremote: Compressing objects:  17% (1330/7819)   [Kremote: Compressing objects:  18% (1408/7819)   [Kremote: Compressing objects:  19% (1486/7819)   [Kremote: Compressing objects:  20% (1564/7819)   [Kremote: Compressing objects:  21% (1642/7819)   [Kremote: Compressing objects:  22% (1721/7819)   [Kremote: Compressing objects:  23% (1799/7819)   [Kremote: Compressing objects:  24% (1877/7819)   [Kremote: Compressing objects:  25% (1955/7819)   [Kremote: Compressing objects:  26% (2033/7819)   [Kremote: Compressing objects:  27% (2112/7819)   [Kremote: Compressing objects:  28% (2190/7819)   [Kremote: Compressing objects:  29% (2268/7819)   [Kremote: Compressing objects:  30% (2346/7819)   [Kremote: Compressing objects:  31% (2424/7819)   [Kremote: Compressing objects:  32% (2503/7819)   [Kremote: Compressing objects:  33% (2581/7819)   [Kremote: Compressing objects:  34% (2659/7819)   [Kremote: Compressing objects:  35% (2737/7819)   [Kremote: Compressing objects:  36% (2815/7819)   [Kremote: Compressing objects:  37% (2894/7819)   [Kremote: Compressing objects:  38% (2972/7819)   [Kremote: Compressing objects:  39% (3050/7819)   [Kremote: Compressing objects:  40% (3128/7819)   [Kremote: Compressing objects:  41% (3206/7819)   [Kremote: Compressing objects:  42% (3284/7819)   [Kremote: Compressing objects:  43% (3363/7819)   [Kremote: Compressing objects:  44% (3441/7819)   [Kremote: Compressing objects:  45% (3519/7819)   [Kremote: Compressing objects:  46% (3597/7819)   [Kremote: Compressing objects:  47% (3675/7819)   [Kremote: Compressing objects:  48% (3754/7819)   [Kremote: Compressing objects:  49% (3832/7819)   [Kremote: Compressing objects:  50% (3910/7819)   [Kremote: Compressing objects:  51% (3988/7819)   [Kremote: Compressing objects:  52% (4066/7819)   [Kremote: Compressing objects:  53% (4145/7819)   [Kremote: Compressing objects:  54% (4223/7819)   [Kremote: Compressing objects:  55% (4301/7819)   [Kremote: Compressing objects:  56% (4379/7819)   [Kremote: Compressing objects:  57% (4457/7819)   [Kremote: Compressing objects:  58% (4536/7819)   [Kremote: Compressing objects:  59% (4614/7819)   [Kremote: Compressing objects:  60% (4692/7819)   [Kremote: Compressing objects:  61% (4770/7819)   [Kremote: Compressing objects:  62% (4848/7819)   [Kremote: Compressing objects:  63% (4926/7819)   [Kremote: Compressing objects:  64% (5005/7819)   [Kremote: Compressing objects:  65% (5083/7819)   [Kremote: Compressing objects:  66% (5161/7819)   [Kremote: Compressing objects:  67% (5239/7819)   [Kremote: Compressing objects:  68% (5317/7819)   [Kremote: Compressing objects:  69% (5396/7819)   [Kremote: Compressing objects:  70% (5474/7819)   [Kremote: Compressing objects:  71% (5552/7819)   [Kremote: Compressing objects:  72% (5630/7819)   [Kremote: Compressing objects:  73% (5708/7819)   [Kremote: Compressing objects:  74% (5787/7819)   [Kremote: Compressing objects:  75% (5865/7819)   [Kremote: Compressing objects:  76% (5943/7819)   [Kremote: Compressing objects:  77% (6021/7819)   [Kremote: Compressing objects:  78% (6099/7819)   [Kremote: Compressing objects:  79% (6178/7819)   [Kremote: Compressing objects:  80% (6256/7819)   [Kremote: Compressing objects:  81% (6334/7819)   [Kremote: Compressing objects:  82% (6412/7819)   [Kremote: Compressing objects:  83% (6490/7819)   [Kremote: Compressing objects:  84% (6568/7819)   [Kremote: Compressing objects:  85% (6647/7819)   [Kremote: Compressing objects:  86% (6725/7819)   [Kremote: Compressing objects:  87% (6803/7819)   [Kremote: Compressing objects:  88% (6881/7819)   [Kremote: Compressing objects:  89% (6959/7819)   [Kremote: Compressing objects:  90% (7038/7819)   [Kremote: Compressing objects:  91% (7116/7819)   [Kremote: Compressing objects:  92% (7194/7819)   [Kremote: Compressing objects:  93% (7272/7819)   [Kremote: Compressing objects:  94% (7350/7819)   [Kremote: Compressing objects:  95% (7429/7819)   [Kremote: Compressing objects:  96% (7507/7819)   [Kremote: Compressing objects:  97% (7585/7819)   [Kremote: Compressing objects:  98% (7663/7819)   [Kremote: Compressing objects:  99% (7741/7819)   [Kremote: Compressing objects: 100% (7819/7819)   [Kremote: Compressing objects: 100% (7819/7819), done.[K
Receiving objects:   0% (1/19310)   Receiving objects:   1% (194/19310)   Receiving objects:   2% (387/19310)   Receiving objects:   3% (580/19310)   Receiving objects:   4% (773/19310)   Receiving objects:   5% (966/19310)   Receiving objects:   6% (1159/19310)   Receiving objects:   7% (1352/19310)   Receiving objects:   8% (1545/19310)   Receiving objects:   9% (1738/19310)   Receiving objects:  10% (1931/19310)   Receiving objects:  11% (2125/19310)   Receiving objects:  12% (2318/19310)   Receiving objects:  13% (2511/19310)   Receiving objects:  14% (2704/19310)   Receiving objects:  15% (2897/19310)   Receiving objects:  16% (3090/19310)   Receiving objects:  17% (3283/19310)   Receiving objects:  18% (3476/19310)   Receiving objects:  19% (3669/19310)   Receiving objects:  20% (3862/19310)   Receiving objects:  21% (4056/19310)   Receiving objects:  22% (4249/19310)   Receiving objects:  23% (4442/19310)   Receiving objects:  24% (4635/19310)   Receiving objects:  25% (4828/19310)   Receiving objects:  26% (5021/19310)   Receiving objects:  27% (5214/19310)   Receiving objects:  28% (5407/19310)   Receiving objects:  29% (5600/19310)   Receiving objects:  30% (5793/19310)   Receiving objects:  31% (5987/19310)   Receiving objects:  32% (6180/19310)   Receiving objects:  33% (6373/19310)   Receiving objects:  34% (6566/19310)   Receiving objects:  35% (6759/19310)   Receiving objects:  36% (6952/19310)   Receiving objects:  37% (7145/19310)   Receiving objects:  38% (7338/19310)   Receiving objects:  39% (7531/19310)   Receiving objects:  40% (7724/19310)   Receiving objects:  41% (7918/19310)   Receiving objects:  42% (8111/19310)   Receiving objects:  43% (8304/19310)   Receiving objects:  44% (8497/19310)   Receiving objects:  45% (8690/19310)   Receiving objects:  46% (8883/19310)   Receiving objects:  47% (9076/19310)   Receiving objects:  48% (9269/19310)   Receiving objects:  49% (9462/19310)   Receiving objects:  50% (9655/19310)   Receiving objects:  51% (9849/19310)   Receiving objects:  52% (10042/19310)   Receiving objects:  53% (10235/19310)   Receiving objects:  54% (10428/19310)   Receiving objects:  55% (10621/19310)   Receiving objects:  56% (10814/19310)   Receiving objects:  57% (11007/19310)   Receiving objects:  58% (11200/19310)   Receiving objects:  59% (11393/19310)   Receiving objects:  60% (11586/19310)   Receiving objects:  61% (11780/19310)   Receiving objects:  62% (11973/19310)   Receiving objects:  63% (12166/19310)   Receiving objects:  64% (12359/19310)   Receiving objects:  65% (12552/19310)   Receiving objects:  66% (12745/19310)   Receiving objects:  67% (12938/19310)   Receiving objects:  68% (13131/19310)   Receiving objects:  69% (13324/19310)   Receiving objects:  70% (13517/19310)   Receiving objects:  71% (13711/19310)   Receiving objects:  72% (13904/19310)   Receiving objects:  73% (14097/19310)   Receiving objects:  74% (14290/19310)   Receiving objects:  75% (14483/19310)   Receiving objects:  76% (14676/19310)   Receiving objects:  77% (14869/19310)   Receiving objects:  78% (15062/19310)   Receiving objects:  79% (15255/19310)   Receiving objects:  80% (15448/19310)   Receiving objects:  81% (15642/19310)   Receiving objects:  82% (15835/19310)   Receiving objects:  83% (16028/19310)   Receiving objects:  84% (16221/19310)   Receiving objects:  85% (16414/19310)   Receiving objects:  86% (16607/19310)   Receiving objects:  87% (16800/19310)   Receiving objects:  88% (16993/19310)   Receiving objects:  89% (17186/19310)   Receiving objects:  90% (17379/19310)   Receiving objects:  91% (17573/19310)   Receiving objects:  92% (17766/19310)   Receiving objects:  93% (17959/19310)   Receiving objects:  94% (18152/19310)   Receiving objects:  95% (18345/19310)   Receiving objects:  96% (18538/19310)   Receiving objects:  97% (18731/19310)   Receiving objects:  98% (18924/19310)   remote: Total 19310 (delta 9312), reused 16556 (delta 7166), pack-reused 0[K
Receiving objects:  99% (19117/19310)   Receiving objects: 100% (19310/19310)   Receiving objects: 100% (19310/19310), 14.72 MiB | 0 bytes/s, done.
Resolving deltas:   0% (0/9312)   Resolving deltas:   1% (97/9312)   Resolving deltas:   2% (235/9312)   Resolving deltas:   3% (303/9312)   Resolving deltas:   4% (378/9312)   Resolving deltas:   5% (493/9312)   Resolving deltas:   6% (562/9312)   Resolving deltas:   7% (652/9312)   Resolving deltas:   8% (747/9312)   Resolving deltas:   9% (841/9312)   Resolving deltas:  10% (943/9312)   Resolving deltas:  11% (1044/9312)   Resolving deltas:  12% (1119/9312)   Resolving deltas:  13% (1222/9312)   Resolving deltas:  14% (1322/9312)   Resolving deltas:  15% (1397/9312)   Resolving deltas:  16% (1492/9312)   Resolving deltas:  17% (1600/9312)   Resolving deltas:  18% (1679/9312)   Resolving deltas:  19% (1773/9312)   Resolving deltas:  20% (1871/9312)   Resolving deltas:  21% (1958/9312)   Resolving deltas:  22% (2049/9312)   Resolving deltas:  23% (2144/9312)   Resolving deltas:  24% (2270/9312)   Resolving deltas:  25% (2329/9312)   Resolving deltas:  26% (2422/9312)   Resolving deltas:  27% (2515/9312)   Resolving deltas:  31% (2979/9312)   Resolving deltas:  32% (2981/9312)   Resolving deltas:  33% (3077/9312)   Resolving deltas:  34% (3179/9312)   Resolving deltas:  35% (3283/9312)   Resolving deltas:  36% (3355/9312)   Resolving deltas:  39% (3655/9312)   Resolving deltas:  40% (3746/9312)   Resolving deltas:  41% (3820/9312)   Resolving deltas:  42% (3914/9312)   Resolving deltas:  43% (4011/9312)   Resolving deltas:  44% (4105/9312)   Resolving deltas:  45% (4192/9312)   Resolving deltas:  46% (4296/9312)   Resolving deltas:  47% (4382/9312)   Resolving deltas:  48% (4471/9312)   Resolving deltas:  49% (4565/9312)   Resolving deltas:  50% (4656/9312)   Resolving deltas:  51% (4755/9312)   Resolving deltas:  52% (4843/9312)   Resolving deltas:  53% (4936/9312)   Resolving deltas:  54% (5030/9312)   Resolving deltas:  55% (5123/9312)   Resolving deltas:  56% (5217/9312)   Resolving deltas:  57% (5310/9312)   Resolving deltas:  58% (5401/9312)   Resolving deltas:  59% (5495/9312)   Resolving deltas:  60% (5621/9312)   Resolving deltas:  61% (5681/9312)   Resolving deltas:  62% (5777/9312)   Resolving deltas:  63% (5881/9312)   Resolving deltas:  64% (5960/9312)   Resolving deltas:  65% (6054/9312)   Resolving deltas:  66% (6146/9312)   Resolving deltas:  67% (6244/9312)   Resolving deltas:  68% (6335/9312)   Resolving deltas:  71% (6701/9312)   Resolving deltas:  72% (6706/9312)   Resolving deltas:  73% (6841/9312)   Resolving deltas:  75% (7019/9312)   Resolving deltas:  77% (7210/9312)   Resolving deltas:  79% (7388/9312)   Resolving deltas:  80% (7452/9312)   Resolving deltas:  81% (7557/9312)   Resolving deltas:  82% (7637/9312)   Resolving deltas:  83% (7730/9312)   Resolving deltas:  84% (7829/9312)   Resolving deltas:  85% (7922/9312)   Resolving deltas:  86% (8009/9312)   Resolving deltas:  87% (8104/9312)   Resolving deltas:  88% (8204/9312)   Resolving deltas:  89% (8304/9312)   Resolving deltas:  91% (8558/9312)   Resolving deltas:  92% (8649/9312)   Resolving deltas:  93% (8679/9312)   Resolving deltas:  94% (8759/9312)   Resolving deltas:  95% (8849/9312)   Resolving deltas:  96% (8940/9312)   Resolving deltas:  97% (9054/9312)   Resolving deltas:  98% (9126/9312)   Resolving deltas:  99% (9226/9312)   Resolving deltas: 100% (9312/9312)   Resolving deltas: 100% (9312/9312), done.
Checking connectivity... done.

travis_time:end:05dc43d8:start=1466766052171830751,finish=1466766054474745823,duration=2302915072[0K$ cd apache/storm
travis_time:start:07332b41[0K$ git fetch origin +refs/pull/1445/merge:
remote: Counting objects: 221, done.[K
remote: Compressing objects:   1% (1/67)   [Kremote: Compressing objects:   2% (2/67)   [Kremote: Compressing objects:   4% (3/67)   [Kremote: Compressing objects:   5% (4/67)   [Kremote: Compressing objects:   7% (5/67)   [Kremote: Compressing objects:   8% (6/67)   [Kremote: Compressing objects:  10% (7/67)   [Kremote: Compressing objects:  11% (8/67)   [Kremote: Compressing objects:  13% (9/67)   [Kremote: Compressing objects:  14% (10/67)   [Kremote: Compressing objects:  16% (11/67)   [Kremote: Compressing objects:  17% (12/67)   [Kremote: Compressing objects:  19% (13/67)   [Kremote: Compressing objects:  20% (14/67)   [Kremote: Compressing objects:  22% (15/67)   [Kremote: Compressing objects:  23% (16/67)   [Kremote: Compressing objects:  25% (17/67)   [Kremote: Compressing objects:  26% (18/67)   [Kremote: Compressing objects:  28% (19/67)   [Kremote: Compressing objects:  29% (20/67)   [Kremote: Compressing objects:  31% (21/67)   [Kremote: Compressing objects:  32% (22/67)   [Kremote: Compressing objects:  34% (23/67)   [Kremote: Compressing objects:  35% (24/67)   [Kremote: Compressing objects:  37% (25/67)   [Kremote: Compressing objects:  38% (26/67)   [Kremote: Compressing objects:  40% (27/67)   [Kremote: Compressing objects:  41% (28/67)   [Kremote: Compressing objects:  43% (29/67)   [Kremote: Compressing objects:  44% (30/67)   [Kremote: Compressing objects:  46% (31/67)   [Kremote: Compressing objects:  47% (32/67)   [Kremote: Compressing objects:  49% (33/67)   [Kremote: Compressing objects:  50% (34/67)   [Kremote: Compressing objects:  52% (35/67)   [Kremote: Compressing objects:  53% (36/67)   [Kremote: Compressing objects:  55% (37/67)   [Kremote: Compressing objects:  56% (38/67)   [Kremote: Compressing objects:  58% (39/67)   [Kremote: Compressing objects:  59% (40/67)   [Kremote: Compressing objects:  61% (41/67)   [Kremote: Compressing objects:  62% (42/67)   [Kremote: Compressing objects:  64% (43/67)   [Kremote: Compressing objects:  65% (44/67)   [Kremote: Compressing objects:  67% (45/67)   [Kremote: Compressing objects:  68% (46/67)   [Kremote: Compressing objects:  70% (47/67)   [Kremote: Compressing objects:  71% (48/67)   [Kremote: Compressing objects:  73% (49/67)   [Kremote: Compressing objects:  74% (50/67)   [Kremote: Compressing objects:  76% (51/67)   [Kremote: Compressing objects:  77% (52/67)   [Kremote: Compressing objects:  79% (53/67)   [Kremote: Compressing objects:  80% (54/67)   [Kremote: Compressing objects:  82% (55/67)   [Kremote: Compressing objects:  83% (56/67)   [Kremote: Compressing objects:  85% (57/67)   [Kremote: Compressing objects:  86% (58/67)   [Kremote: Compressing objects:  88% (59/67)   [Kremote: Compressing objects:  89% (60/67)   [Kremote: Compressing objects:  91% (61/67)   [Kremote: Compressing objects:  92% (62/67)   [Kremote: Compressing objects:  94% (63/67)   [Kremote: Compressing objects:  95% (64/67)   [Kremote: Compressing objects:  97% (65/67)   [Kremote: Compressing objects:  98% (66/67)   [Kremote: Compressing objects: 100% (67/67)   [Kremote: Compressing objects: 100% (67/67), done.[K
Receiving objects:   0% (1/221)   Receiving objects:   1% (3/221)   Receiving objects:   2% (5/221)   Receiving objects:   3% (7/221)   Receiving objects:   4% (9/221)   Receiving objects:   5% (12/221)   Receiving objects:   6% (14/221)   Receiving objects:   7% (16/221)   Receiving objects:   8% (18/221)   Receiving objects:   9% (20/221)   Receiving objects:  10% (23/221)   Receiving objects:  11% (25/221)   Receiving objects:  12% (27/221)   Receiving objects:  13% (29/221)   Receiving objects:  14% (31/221)   Receiving objects:  15% (34/221)   Receiving objects:  16% (36/221)   Receiving objects:  17% (38/221)   Receiving objects:  18% (40/221)   Receiving objects:  19% (42/221)   Receiving objects:  20% (45/221)   Receiving objects:  21% (47/221)   Receiving objects:  22% (49/221)   Receiving objects:  23% (51/221)   Receiving objects:  24% (54/221)   Receiving objects:  25% (56/221)   Receiving objects:  26% (58/221)   Receiving objects:  27% (60/221)   Receiving objects:  28% (62/221)   Receiving objects:  29% (65/221)   Receiving objects:  30% (67/221)   Receiving objects:  31% (69/221)   Receiving objects:  32% (71/221)   Receiving objects:  33% (73/221)   Receiving objects:  34% (76/221)   Receiving objects:  35% (78/221)   Receiving objects:  36% (80/221)   Receiving objects:  37% (82/221)   Receiving objects:  38% (84/221)   Receiving objects:  39% (87/221)   Receiving objects:  40% (89/221)   Receiving objects:  41% (91/221)   Receiving objects:  42% (93/221)   Receiving objects:  43% (96/221)   Receiving objects:  44% (98/221)   Receiving objects:  45% (100/221)   Receiving objects:  46% (102/221)   Receiving objects:  47% (104/221)   Receiving objects:  48% (107/221)   Receiving objects:  49% (109/221)   Receiving objects:  50% (111/221)   Receiving objects:  51% (113/221)   Receiving objects:  52% (115/221)   remote: Total 221 (delta 111), reused 208 (delta 101), pack-reused 0[K
Receiving objects:  53% (118/221)   Receiving objects:  54% (120/221)   Receiving objects:  55% (122/221)   Receiving objects:  56% (124/221)   Receiving objects:  57% (126/221)   Receiving objects:  58% (129/221)   Receiving objects:  59% (131/221)   Receiving objects:  60% (133/221)   Receiving objects:  61% (135/221)   Receiving objects:  62% (138/221)   Receiving objects:  63% (140/221)   Receiving objects:  64% (142/221)   Receiving objects:  65% (144/221)   Receiving objects:  66% (146/221)   Receiving objects:  67% (149/221)   Receiving objects:  68% (151/221)   Receiving objects:  69% (153/221)   Receiving objects:  70% (155/221)   Receiving objects:  71% (157/221)   Receiving objects:  72% (160/221)   Receiving objects:  73% (162/221)   Receiving objects:  74% (164/221)   Receiving objects:  75% (166/221)   Receiving objects:  76% (168/221)   Receiving objects:  77% (171/221)   Receiving objects:  78% (173/221)   Receiving objects:  79% (175/221)   Receiving objects:  80% (177/221)   Receiving objects:  81% (180/221)   Receiving objects:  82% (182/221)   Receiving objects:  83% (184/221)   Receiving objects:  84% (186/221)   Receiving objects:  85% (188/221)   Receiving objects:  86% (191/221)   Receiving objects:  87% (193/221)   Receiving objects:  88% (195/221)   Receiving objects:  89% (197/221)   Receiving objects:  90% (199/221)   Receiving objects:  91% (202/221)   Receiving objects:  92% (204/221)   Receiving objects:  93% (206/221)   Receiving objects:  94% (208/221)   Receiving objects:  95% (210/221)   Receiving objects:  96% (213/221)   Receiving objects:  97% (215/221)   Receiving objects:  98% (217/221)   Receiving objects:  99% (219/221)   Receiving objects: 100% (221/221)   Receiving objects: 100% (221/221), 54.44 KiB | 0 bytes/s, done.
Resolving deltas:   0% (0/111)   Resolving deltas:   2% (3/111)   Resolving deltas:  10% (12/111)   Resolving deltas:  11% (13/111)   Resolving deltas:  13% (15/111)   Resolving deltas:  17% (19/111)   Resolving deltas:  20% (23/111)   Resolving deltas:  21% (24/111)   Resolving deltas:  22% (25/111)   Resolving deltas:  23% (26/111)   Resolving deltas:  26% (29/111)   Resolving deltas:  27% (30/111)   Resolving deltas:  36% (41/111)   Resolving deltas:  40% (45/111)   Resolving deltas:  42% (47/111)   Resolving deltas:  44% (49/111)   Resolving deltas:  49% (55/111)   Resolving deltas:  50% (56/111)   Resolving deltas:  51% (57/111)   Resolving deltas:  54% (60/111)   Resolving deltas:  55% (62/111)   Resolving deltas:  56% (63/111)   Resolving deltas:  57% (64/111)   Resolving deltas:  59% (66/111)   Resolving deltas:  62% (69/111)   Resolving deltas:  63% (70/111)   Resolving deltas:  64% (72/111)   Resolving deltas:  65% (73/111)   Resolving deltas:  66% (74/111)   Resolving deltas:  69% (77/111)   Resolving deltas:  70% (78/111)   Resolving deltas:  71% (79/111)   Resolving deltas:  72% (80/111)   Resolving deltas:  81% (90/111)   Resolving deltas:  90% (100/111)   Resolving deltas:  94% (105/111)   Resolving deltas:  95% (106/111)   Resolving deltas:  98% (109/111)   Resolving deltas:  99% (110/111)   Resolving deltas: 100% (111/111)   Resolving deltas: 100% (111/111), completed with 26 local objects.
From https://github.com/apache/storm
 * branch            refs/pull/1445/merge -> FETCH_HEAD

travis_time:end:07332b41:start=1466766054478456744,finish=1466766054851629489,duration=373172745[0K$ git checkout -qf FETCH_HEAD
travis_fold:end:git.checkout[0K
[33;1mThis job is running on container-based infrastructure, which does not allow use of 'sudo', setuid and setguid executables.[0m
[33;1mIf you require sudo, add 'sudo: required' to your .travis.yml[0m
[33;1mSee https://docs.travis-ci.com/user/workers/container-based-infrastructure/ for details.[0m

[33;1mSetting environment variables from .travis.yml[0m
$ export MODULES=storm-core

$ jdk_switcher use oraclejdk7
Switching to Oracle JDK7 (java-7-oracle), JAVA_HOME will be set to /usr/lib/jvm/java-7-oracle
travis_fold:start:cache.1[0KSetting up build cache
$ export CASHER_DIR=$HOME/.casher
travis_time:start:0a023a76[0K$ Installing caching utilities

travis_time:end:0a023a76:start=1466766056657563112,finish=1466766056709645092,duration=52081980[0Ktravis_time:start:0452b0a4[0K
travis_time:end:0452b0a4:start=1466766056714351194,finish=1466766056717549618,duration=3198424[0Ktravis_time:start:0735e9c0[0K[32;1mattempting to download cache archive[0m
[32;1mfetching PR.1445/cache-linux-precise-4722ea394922d42b2b7eb84cff6efc764d76759821ac6f6efc13232aa923f595--jdk-oraclejdk7.tgz[0m
[32;1mfound cache[0m

travis_time:end:0735e9c0:start=1466766056721335935,finish=1466766066232324077,duration=9510988142[0Ktravis_time:start:038d92de[0K
travis_time:end:038d92de:start=1466766066236117053,finish=1466766066239387603,duration=3270550[0Ktravis_time:start:26cf62ce[0K[32;1madding /home/travis/.m2/repository to cache[0m
[32;1madding /home/travis/.rvm to cache[0m
[32;1madding /home/travis/.nvm to cache[0m

travis_time:end:26cf62ce:start=1466766066243130044,finish=1466766075839746813,duration=9596616769[0Ktravis_fold:end:cache.1[0K$ java -Xmx32m -version
java version "1.7.0_76"
Java(TM) SE Runtime Environment (build 1.7.0_76-b13)
Java HotSpot(TM) 64-Bit Server VM (build 24.76-b04, mixed mode)
$ javac -J-Xmx32m -version
javac 1.7.0_76
travis_fold:start:before_install.1[0Ktravis_time:start:0cffc4a4[0K$ rvm use 2.1.5 --install
[32mUsing /home/travis/.rvm/gems/ruby-2.1.5[0m

travis_time:end:0cffc4a4:start=1466766076281189148,finish=1466766076518353438,duration=237164290[0Ktravis_fold:end:before_install.1[0Ktravis_fold:start:before_install.2[0Ktravis_time:start:155e64c4[0K$ nvm install 0.12.2
v0.12.2 is already installed.
Now using node v0.12.2

travis_time:end:155e64c4:start=1466766076522446425,finish=1466766076743758539,duration=221312114[0Ktravis_fold:end:before_install.2[0Ktravis_fold:start:before_install.3[0Ktravis_time:start:019eda54[0K$ nvm use 0.12.2
Now using node v0.12.2

travis_time:end:019eda54:start=1466766076747866313,finish=1466766076802916842,duration=55050529[0Ktravis_fold:end:before_install.3[0Ktravis_fold:start:install[0Ktravis_time:start:0903887b[0K$ /bin/bash ./dev-tools/travis/travis-install.sh `pwd`
Python version :   Python 2.7.3
Maven version  :   Apache Maven 3.2.5 (12a6b3acb947671f09b81f49094c53f426d8cea1; 2014-12-14T17:29:23+00:00) Maven home: /usr/local/maven Java version: 1.7.0_76, vendor: Oracle Corporation Java home: /usr/lib/jvm/java-7-oracle/jre Default locale: en_US, platform encoding: UTF-8 OS name: "linux", version: "3.13.0-40-generic", arch: "amd64", family: "unix"
['mvn', 'clean', 'install', '-DskipTests', '-Pnative', '--batch-mode'] writing to install.txt
1 seconds 1 log lines12 seconds 305 log lines29 seconds 323 log lines40 seconds 334 log lines50 seconds 524 log lines63 seconds 652 log lines74 seconds 865 log lines85 seconds 962 log lines97 seconds 1259 log lines110 seconds 1473 log lines125 seconds 1679 log lines136 seconds 2111 log lines147 seconds 2232 log lines158 seconds 2377 log lines168 seconds 2733 log lines174 seconds 2786 log lines
['mvn', 'clean', 'install', '-DskipTests', '-Pnative', '--batch-mode'] done 0

travis_time:end:0903887b:start=1466766076807045908,finish=1466766251944846206,duration=175137800298[0Ktravis_fold:end:install[0Ktravis_time:start:078e0800[0K$ /bin/bash ./dev-tools/travis/travis-script.sh `pwd` $MODULES
Python version :   Python 2.7.3
Ruby version   :   ruby 2.1.5p273 (2014-11-13 revision 48405) [x86_64-linux]
NodeJs version :   v0.12.2
Maven version  :   Apache Maven 3.2.5 (12a6b3acb947671f09b81f49094c53f426d8cea1; 2014-12-14T17:29:23+00:00) Maven home: /usr/local/maven Java version: 1.7.0_76, vendor: Oracle Corporation Java home: /usr/lib/jvm/java-7-oracle/jre Default locale: en_US, platform encoding: UTF-8 OS name: "linux", version: "3.13.0-40-generic", arch: "amd64", family: "unix"
[INFO] Scanning for projects...
[INFO]                                                                         
[INFO] ------------------------------------------------------------------------
[INFO] Building Storm Core 2.0.0-SNAPSHOT
[INFO] ------------------------------------------------------------------------
[INFO] 
[INFO] --- exec-maven-plugin:1.2.1:exec (default) @ storm-core ---
[INFO] 
[INFO] --- maven-remote-resources-plugin:1.2.1:process (default) @ storm-core ---
[INFO] 
[INFO] --- storm-maven-plugins:2.0.0-SNAPSHOT:version-info (version-info) @ storm-core ---
[WARNING] [svn, info] failed with error code 1
[INFO] SCM: GIT
[INFO] Computed MD5: ee4c50a23958d7b62d7b116826c38b23
[INFO] 
[INFO] --- maven-resources-plugin:2.5:resources (default-resources) @ storm-core ---
[debug] execute contextualize
[INFO] Using 'UTF-8' encoding to copy filtered resources.
[INFO] Copying 9 resources
[INFO] Copying 1 resource to META-INF
[INFO] Copying 0 resource
[INFO] Copying 1 resource
[INFO] Copying 3 resources
[INFO] 
[INFO] --- maven-compiler-plugin:3.1:compile (default-compile) @ storm-core ---
[INFO] Nothing to compile - all classes are up to date
[INFO] 
[INFO] --- clojure-maven-plugin:1.7.1:compile (compile-clojure) @ storm-core ---
Compiling org.apache.storm.daemon.worker to /home/travis/build/apache/storm/storm-core/target/classes
Compiling org.apache.storm.metric.testing to /home/travis/build/apache/storm/storm-core/target/classes
Compiling org.apache.storm.testing to /home/travis/build/apache/storm/storm-core/target/classes
11:04:27.380 [main] WARN  o.a.s.m.StormMetricsRegistry - Metric ui:num-topology-op-response-http-requests has already been registered
11:04:27.382 [main] WARN  o.a.s.m.StormMetricsRegistry - Metric ui:num-topology-op-response-http-requests has already been registered
Compiling org.apache.storm.converter to /home/travis/build/apache/storm/storm-core/target/classes
Compiling org.apache.storm.util to /home/travis/build/apache/storm/storm-core/target/classes
Compiling org.apache.storm.command.heartbeats to /home/travis/build/apache/storm/storm-core/target/classes
Compiling org.apache.storm.blobstore to /home/travis/build/apache/storm/storm-core/target/classes
Compiling org.apache.storm.daemon.common to /home/travis/build/apache/storm/storm-core/target/classes
Compiling org.apache.storm.daemon.local-supervisor to /home/travis/build/apache/storm/storm-core/target/classes
Compiling org.apache.storm.command.get-errors to /home/travis/build/apache/storm/storm-core/target/classes
Compiling org.apache.storm.command.blobstore to /home/travis/build/apache/storm/storm-core/target/classes
Compiling org.apache.storm.trident.testing to /home/travis/build/apache/storm/storm-core/target/classes
Compiling org.apache.storm.daemon.drpc to /home/travis/build/apache/storm/storm-core/target/classes
Compiling org.apache.storm.config to /home/travis/build/apache/storm/storm-core/target/classes
Compiling org.apache.storm.testing4j to /home/travis/build/apache/storm/storm-core/target/classes
Compiling org.apache.storm.scheduler.IsolationScheduler to /home/travis/build/apache/storm/storm-core/target/classes
Compiling org.apache.storm.ui.helpers to /home/travis/build/apache/storm/storm-core/target/classes
Compiling org.apache.storm.log to /home/travis/build/apache/storm/storm-core/target/classes
Compiling org.apache.storm.command.shell-submission to /home/travis/build/apache/storm/storm-core/target/classes
Compiling org.apache.storm.internal.clojure to /home/travis/build/apache/storm/storm-core/target/classes
Compiling org.apache.storm.internal.thrift to /home/travis/build/apache/storm/storm-core/target/classes
Compiling org.apache.storm.daemon.logviewer to /home/travis/build/apache/storm/storm-core/target/classes
Compiling org.apache.storm.daemon.nimbus to /home/travis/build/apache/storm/storm-core/target/classes
Compiling org.apache.storm.LocalCluster to /home/travis/build/apache/storm/storm-core/target/classes
Compiling org.apache.storm.daemon.local-executor to /home/travis/build/apache/storm/storm-core/target/classes
Compiling org.apache.storm.local-state-converter to /home/travis/build/apache/storm/storm-core/target/classes
Compiling org.apache.storm.ui.core to /home/travis/build/apache/storm/storm-core/target/classes
[INFO] 
[INFO] --- make-maven-plugin:1.0-beta-1:autoreconf (compile) @ storm-core ---
[INFO] 
[INFO] --- make-maven-plugin:1.0-beta-1:configure (compile) @ storm-core ---
[INFO] /bin/sh: 14: /home/travis/.jdk_switcher_rc: [[: not found
[INFO] /bin/sh: 22: /home/travis/.jdk_switcher_rc: [[: not found
[INFO] /bin/sh: 32: /home/travis/.jdk_switcher_rc: [[: not found
[INFO] /bin/sh: 42: /home/travis/.jdk_switcher_rc: [[: not found
[INFO] /bin/sh: 3: /etc/profile.d/rvm.sh: [[: not found
[INFO] checking for gcc... gcc
[INFO] checking whether the C compiler works... yes
[INFO] checking for C compiler default output file name... a.out
[INFO] checking for suffix of executables... 
[INFO] checking whether we are cross compiling... no
[INFO] checking for suffix of object files... o
[INFO] checking whether we are using the GNU C compiler... yes
[INFO] checking whether gcc accepts -g... yes
[INFO] checking for gcc option to accept ISO C89... none needed
[INFO] checking how to run the C preprocessor... gcc -E
[INFO] checking for grep that handles long lines and -e... /bin/grep
[INFO] checking for egrep... /bin/grep -E
[INFO] checking for ANSI C header files... yes
[INFO] checking for sys/types.h... yes
[INFO] checking for sys/stat.h... yes
[INFO] checking for stdlib.h... yes
[INFO] checking for string.h... yes
[INFO] checking for memory.h... yes
[INFO] checking for strings.h... yes
[INFO] checking for inttypes.h... yes
[INFO] checking for stdint.h... yes
[INFO] checking for unistd.h... yes
[INFO] checking minix/config.h usability... no
[INFO] checking minix/config.h presence... no
[INFO] checking for minix/config.h... no
[INFO] checking whether it is safe to define __EXTENSIONS__... yes
[INFO] checking for a BSD-compatible install... /usr/bin/install -c
[INFO] checking whether build environment is sane... yes
[INFO] checking for a thread-safe mkdir -p... /bin/mkdir -p
[INFO] checking for gawk... gawk
[INFO] checking whether make sets $(MAKE)... yes
[INFO] checking for style of include used by make... GNU
[INFO] checking dependency style of gcc... gcc3
[INFO] checking for gcc... (cached) gcc
[INFO] checking whether we are using the GNU C compiler... (cached) yes
[INFO] checking whether gcc accepts -g... (cached) yes
[INFO] checking for gcc option to accept ISO C89... (cached) none needed
[INFO] checking whether gcc and cc understand -c and -o together... yes
[INFO] checking for unistd.h... (cached) yes
[INFO] checking for stdbool.h that conforms to C99... yes
[INFO] checking for _Bool... yes
[INFO] checking for an ANSI C-conforming const... yes
[INFO] checking for off_t... yes
[INFO] checking for size_t... yes
[INFO] checking whether strerror_r is declared... yes
[INFO] checking for strerror_r... yes
[INFO] checking whether strerror_r returns char *... yes
[INFO] checking for mkdir... yes
[INFO] checking for uname... yes
[INFO] configure: creating ./config.status
[INFO] config.status: creating Makefile
[INFO] config.status: executing depfiles commands
[INFO] 
[INFO] --- make-maven-plugin:1.0-beta-1:make-install (compile) @ storm-core ---
[INFO] /bin/sh: 14: /home/travis/.jdk_switcher_rc: [[: not found
[INFO] /bin/sh: 22: /home/travis/.jdk_switcher_rc: [[: not found
[INFO] /bin/sh: 32: /home/travis/.jdk_switcher_rc: [[: not found
[INFO] /bin/sh: 42: /home/travis/.jdk_switcher_rc: [[: not found
[INFO] /bin/sh: 3: /etc/profile.d/rvm.sh: [[: not found
[INFO] make[1]: Entering directory `/home/travis/build/apache/storm/storm-core/target/native/worker-launcher'
[INFO] test -z "/usr/local/bin" || /bin/mkdir -p "/home/travis/build/apache/storm/storm-core/target/native/target/usr/local/bin"
[INFO]   /usr/bin/install -c worker-launcher '/home/travis/build/apache/storm/storm-core/target/native/target/usr/local/bin'
[INFO] make[1]: Nothing to be done for `install-data-am'.
[INFO] make[1]: Leaving directory `/home/travis/build/apache/storm/storm-core/target/native/worker-launcher'
[INFO] 
[INFO] --- maven-resources-plugin:2.5:testResources (default-testResources) @ storm-core ---
[debug] execute contextualize
[INFO] Using 'UTF-8' encoding to copy filtered resources.
[INFO] Copying 14 resources
[INFO] Copying 2 resources
[INFO] Copying 3 resources
[INFO] 
[INFO] --- maven-dependency-plugin:2.8:unpack (unpack) @ storm-core ---
[INFO] Configured Artifact: org.apache.storm:multilang-ruby:2.0.0-SNAPSHOT:jar
[INFO] Downloading: https://repository.apache.org/snapshots/org/apache/storm/multilang-ruby/2.0.0-SNAPSHOT/maven-metadata.xml
[INFO] Configured Artifact: org.apache.storm:multilang-python:2.0.0-SNAPSHOT:jar
[INFO] Downloading: https://repository.apache.org/snapshots/org/apache/storm/multilang-python/2.0.0-SNAPSHOT/maven-metadata.xml
[INFO] Configured Artifact: org.apache.storm:multilang-javascript:2.0.0-SNAPSHOT:jar
[INFO] Downloading: https://repository.apache.org/snapshots/org/apache/storm/multilang-javascript/2.0.0-SNAPSHOT/maven-metadata.xml
[INFO] multilang-ruby-2.0.0-SNAPSHOT.jar already unpacked.
[INFO] multilang-python-2.0.0-SNAPSHOT.jar already unpacked.
[INFO] multilang-javascript-2.0.0-SNAPSHOT.jar already unpacked.
[INFO] 
[INFO] --- maven-compiler-plugin:3.1:testCompile (default-testCompile) @ storm-core ---
[INFO] Changes detected - recompiling the module!
[INFO] Compiling 52 source files to /home/travis/build/apache/storm/storm-core/target/test-classes
[WARNING] /home/travis/build/apache/storm/storm-core/test/jvm/org/apache/storm/localizer/LocalizerTest.java: Some input files use or override a deprecated API.
[WARNING] /home/travis/build/apache/storm/storm-core/test/jvm/org/apache/storm/localizer/LocalizerTest.java: Recompile with -Xlint:deprecation for details.
[WARNING] /home/travis/build/apache/storm/storm-core/test/jvm/org/apache/storm/command/TestCLI.java: Some input files use unchecked or unsafe operations.
[WARNING] /home/travis/build/apache/storm/storm-core/test/jvm/org/apache/storm/command/TestCLI.java: Recompile with -Xlint:unchecked for details.
[INFO] 
[INFO] --- maven-surefire-plugin:2.18.1:test (default-test) @ storm-core ---
[INFO] Surefire report directory: /home/travis/build/apache/storm/storm-core/target/surefire-reports
[INFO] parallel='none', perCoreThreadCount=true, threadCount=0, useUnlimitedThreads=false, threadCountSuites=0, threadCountClasses=0, threadCountMethods=0, parallelOptimized=true

-------------------------------------------------------
 T E S T S
-------------------------------------------------------
Running org.apache.storm.cluster.StormClusterStateImplTest
Tests run: 5, Failures: 0, Errors: 0, Skipped: 0, Time elapsed: 0.369 sec - in org.apache.storm.cluster.StormClusterStateImplTest
Running org.apache.storm.serialization.GzipBridgeThriftSerializationDelegateTest
Tests run: 3, Failures: 0, Errors: 0, Skipped: 0, Time elapsed: 0 sec - in org.apache.storm.serialization.GzipBridgeThriftSerializationDelegateTest
Running org.apache.storm.serialization.GzipBridgeSerializationDelegateTest
Tests run: 3, Failures: 0, Errors: 0, Skipped: 0, Time elapsed: 0.008 sec - in org.apache.storm.serialization.GzipBridgeSerializationDelegateTest
Running org.apache.storm.serialization.SerializationTest
Tests run: 3, Failures: 0, Errors: 0, Skipped: 0, Time elapsed: 2.012 sec - in org.apache.storm.serialization.SerializationTest
Running org.apache.storm.serialization.ThriftBridgeSerializationDelegateTest
Tests run: 1, Failures: 0, Errors: 0, Skipped: 0, Time elapsed: 0.007 sec - in org.apache.storm.serialization.ThriftBridgeSerializationDelegateTest
Running org.apache.storm.grouping.PartialKeyGroupingTest
Tests run: 2, Failures: 0, Errors: 0, Skipped: 0, Time elapsed: 0.053 sec - in org.apache.storm.grouping.PartialKeyGroupingTest
Running org.apache.storm.command.TestCLI
Tests run: 1, Failures: 0, Errors: 0, Skipped: 0, Time elapsed: 0.017 sec - in org.apache.storm.command.TestCLI
Running org.apache.storm.command.RebalanceTest
Tests run: 2, Failures: 0, Errors: 0, Skipped: 0, Time elapsed: 0 sec - in org.apache.storm.command.RebalanceTest
Running org.apache.storm.command.SetLogLevelTest
Tests run: 3, Failures: 0, Errors: 0, Skipped: 0, Time elapsed: 0 sec - in org.apache.storm.command.SetLogLevelTest
Running org.apache.storm.utils.UtilsTest
Tests run: 8, Failures: 0, Errors: 0, Skipped: 0, Time elapsed: 0.106 sec - in org.apache.storm.utils.UtilsTest
Running org.apache.storm.utils.DisruptorQueueTest
Tests run: 3, Failures: 0, Errors: 0, Skipped: 0, Time elapsed: 3.432 sec - in org.apache.storm.utils.DisruptorQueueTest
Running org.apache.storm.utils.DisruptorQueueBackpressureTest
Tests run: 1, Failures: 0, Errors: 0, Skipped: 0, Time elapsed: 0.004 sec - in org.apache.storm.utils.DisruptorQueueBackpressureTest
Running org.apache.storm.utils.StormBoundedExponentialBackoffRetryTest
Tests run: 5, Failures: 0, Errors: 0, Skipped: 0, Time elapsed: 0.141 sec - in org.apache.storm.utils.StormBoundedExponentialBackoffRetryTest
Running org.apache.storm.utils.TimeTest
Tests run: 8, Failures: 0, Errors: 0, Skipped: 0, Time elapsed: 0.005 sec - in org.apache.storm.utils.TimeTest
Running org.apache.storm.utils.ThriftTopologyUtilsTest
Tests run: 5, Failures: 0, Errors: 0, Skipped: 0, Time elapsed: 0.024 sec - in org.apache.storm.utils.ThriftTopologyUtilsTest
Running org.apache.storm.utils.WorkerBackpressureThreadTest
Tests run: 1, Failures: 0, Errors: 0, Skipped: 0, Time elapsed: 0.203 sec - in org.apache.storm.utils.WorkerBackpressureThreadTest
Running org.apache.storm.utils.ShellBoltMessageQueueTest
Tests run: 3, Failures: 0, Errors: 0, Skipped: 0, Time elapsed: 3.014 sec - in org.apache.storm.utils.ShellBoltMessageQueueTest
Running org.apache.storm.metric.internal.CountStatAndMetricTest
Tests run: 1, Failures: 0, Errors: 0, Skipped: 0, Time elapsed: 0 sec - in org.apache.storm.metric.internal.CountStatAndMetricTest
Running org.apache.storm.metric.internal.RateTrackerTest
Tests run: 4, Failures: 0, Errors: 0, Skipped: 0, Time elapsed: 0.002 sec - in org.apache.storm.metric.internal.RateTrackerTest
Running org.apache.storm.metric.internal.LatencyStatAndMetricTest
Tests run: 1, Failures: 0, Errors: 0, Skipped: 0, Time elapsed: 0.02 sec - in org.apache.storm.metric.internal.LatencyStatAndMetricTest
Running org.apache.storm.metric.filter.FilterByMetricNameTest
Tests run: 4, Failures: 0, Errors: 0, Skipped: 0, Time elapsed: 0.535 sec - in org.apache.storm.metric.filter.FilterByMetricNameTest
Running org.apache.storm.scheduler.resource.strategies.scheduling.TestDefaultResourceAwareStrategy
Tests run: 2, Failures: 0, Errors: 0, Skipped: 0, Time elapsed: 10.525 sec - in org.apache.storm.scheduler.resource.strategies.scheduling.TestDefaultResourceAwareStrategy
Running org.apache.storm.scheduler.resource.TestResourceAwareScheduler
Tests run: 14, Failures: 0, Errors: 0, Skipped: 0, Time elapsed: 31.801 sec - in org.apache.storm.scheduler.resource.TestResourceAwareScheduler
Running org.apache.storm.scheduler.resource.TestUser
Tests run: 3, Failures: 0, Errors: 0, Skipped: 0, Time elapsed: 1.826 sec - in org.apache.storm.scheduler.resource.TestUser
Running org.apache.storm.localizer.LocalizerTest
Tests run: 13, Failures: 0, Errors: 0, Skipped: 0, Time elapsed: 0.727 sec - in org.apache.storm.localizer.LocalizerTest
Running org.apache.storm.localizer.LocalizedResourceRetentionSetTest
Tests run: 2, Failures: 0, Errors: 0, Skipped: 0, Time elapsed: 0.009 sec - in org.apache.storm.localizer.LocalizedResourceRetentionSetTest
Running org.apache.storm.localizer.LocalizedResourceSetTest
Tests run: 4, Failures: 0, Errors: 0, Skipped: 0, Time elapsed: 0.006 sec - in org.apache.storm.localizer.LocalizedResourceSetTest
Running org.apache.storm.spout.CheckpointSpoutTest
Tests run: 7, Failures: 0, Errors: 0, Skipped: 0, Time elapsed: 0.123 sec - in org.apache.storm.spout.CheckpointSpoutTest
Running org.apache.storm.blobstore.ClientBlobStoreTest
Tests run: 4, Failures: 0, Errors: 0, Skipped: 0, Time elapsed: 0.008 sec - in org.apache.storm.blobstore.ClientBlobStoreTest
Running org.apache.storm.blobstore.BlobStoreTest
Tests run: 4, Failures: 0, Errors: 0, Skipped: 0, Time elapsed: 0.788 sec - in org.apache.storm.blobstore.BlobStoreTest
Running org.apache.storm.blobstore.BlobSynchronizerTest
Tests run: 4, Failures: 0, Errors: 0, Skipped: 0, Time elapsed: 2.176 sec - in org.apache.storm.blobstore.BlobSynchronizerTest
Running org.apache.storm.topology.StatefulWindowedBoltExecutorTest
Tests run: 4, Failures: 0, Errors: 0, Skipped: 0, Time elapsed: 0.121 sec - in org.apache.storm.topology.StatefulWindowedBoltExecutorTest
Running org.apache.storm.topology.TopologyBuilderTest
Tests run: 5, Failures: 0, Errors: 0, Skipped: 0, Time elapsed: 0.123 sec - in org.apache.storm.topology.TopologyBuilderTest
Running org.apache.storm.topology.StatefulBoltExecutorTest
Tests run: 7, Failures: 0, Errors: 0, Skipped: 0, Time elapsed: 0.11 sec - in org.apache.storm.topology.StatefulBoltExecutorTest
Running org.apache.storm.topology.WindowedBoltExecutorTest
Tests run: 5, Failures: 0, Errors: 0, Skipped: 0, Time elapsed: 0.085 sec - in org.apache.storm.topology.WindowedBoltExecutorTest
Running org.apache.storm.state.InMemoryKeyValueStateTest
Tests run: 2, Failures: 0, Errors: 0, Skipped: 0, Time elapsed: 0.004 sec - in org.apache.storm.state.InMemoryKeyValueStateTest
Running org.apache.storm.windowing.WaterMarkEventGeneratorTest
Tests run: 5, Failures: 0, Errors: 0, Skipped: 0, Time elapsed: 0.013 sec - in org.apache.storm.windowing.WaterMarkEventGeneratorTest
Running org.apache.storm.windowing.WindowManagerTest
Tests run: 10, Failures: 0, Errors: 0, Skipped: 0, Time elapsed: 0.017 sec - in org.apache.storm.windowing.WindowManagerTest
Running org.apache.storm.trident.TestTridentTopology
Tests run: 1, Failures: 0, Errors: 0, Skipped: 0, Time elapsed: 14.572 sec - in org.apache.storm.trident.TestTridentTopology
Running org.apache.storm.trident.TridentWindowingTest
Tests run: 3, Failures: 0, Errors: 0, Skipped: 0, Time elapsed: 0.013 sec - in org.apache.storm.trident.TridentWindowingTest
Running org.apache.storm.nimbus.LocalNimbusTest
Tests run: 1, Failures: 0, Errors: 0, Skipped: 0, Time elapsed: 10.528 sec - in org.apache.storm.nimbus.LocalNimbusTest
Running org.apache.storm.TestConfigValidate
Tests run: 25, Failures: 0, Errors: 0, Skipped: 0, Time elapsed: 0.348 sec - in org.apache.storm.TestConfigValidate
Running org.apache.storm.PacemakerTest
Tests run: 9, Failures: 0, Errors: 0, Skipped: 0, Time elapsed: 0.553 sec - in org.apache.storm.PacemakerTest
Running org.apache.storm.TestCgroups
Tests run: 1, Failures: 0, Errors: 0, Skipped: 1, Time elapsed: 0.034 sec - in org.apache.storm.TestCgroups
Running org.apache.storm.PaceMakerStateStorageFactoryTest
Tests run: 10, Failures: 0, Errors: 0, Skipped: 0, Time elapsed: 0.227 sec - in org.apache.storm.PaceMakerStateStorageFactoryTest

Results :

Tests run: 212, Failures: 0, Errors: 0, Skipped: 1

[INFO] 
[INFO] --- clojure-maven-plugin:1.7.1:test (test-clojure) @ storm-core ---
3334 [main] WARN  o.a.s.m.StormMetricsRegistry - Metric ui:num-topology-op-response-http-requests has already been registered
3335 [main] WARN  o.a.s.m.StormMetricsRegistry - Metric ui:num-topology-op-response-http-requests has already been registered
4111 [main] WARN  o.a.s.m.StormMetricsRegistry - Metric drpc:num-execute-http-requests has already been registered
Running org.apache.storm.drpc-test
22077 [Thread-2] INFO  o.a.s.u.Utils - Async loop interrupted!
24923 [Thread-73] INFO  o.a.s.u.Utils - Async loop interrupted!
27321 [Thread-141] INFO  o.a.s.u.Utils - Async loop interrupted!
29679 [Thread-180] INFO  o.a.s.u.Utils - Async loop interrupted!
36984 [Thread-231] INFO  o.a.s.u.Utils - Async loop interrupted!
Tests run: 9, Passed: 17, Failures: 0, Errors: 0
Running org.apache.storm.security.auth.ThriftServer-test
Tests run: 2, Passed: 1, Failures: 0, Errors: 0
Running org.apache.storm.messaging.netty-unit-test
Tests run: 5, Passed: 16, Failures: 0, Errors: 1
Running org.apache.storm.logviewer-test
Tests run: 12, Passed: 118, Failures: 0, Errors: 0
Running org.apache.storm.clojure-test
Tests run: 3, Passed: 5, Failures: 0, Errors: 0
Running org.apache.storm.trident.state-test
Tests run: 5, Passed: 37, Failures: 0, Errors: 0
Running org.apache.storm.tuple-test
Tests run: 4, Passed: 13, Failures: 0, Errors: 0
Running integration.org.apache.storm.integration-test
58663 [Thread-281] INFO  o.a.s.u.Utils - Async loop interrupted!
Tests run: 18, Passed: 51, Failures: 0, Errors: 0
Running org.apache.storm.security.auth.AuthUtils-test
Tests run: 5, Passed: 6, Failures: 0, Errors: 0
Running org.apache.storm.security.auth.drpc-auth-test
Tests run: 4, Passed: 22, Failures: 0, Errors: 0
Running org.apache.storm.security.auth.ReqContext-test
Tests run: 3, Passed: 4, Failures: 0, Errors: 0
Running org.apache.storm.security.serialization.BlowfishTupleSerializer-test
Tests run: 3, Passed: 3, Failures: 0, Errors: 0
Running org.apache.storm.serialization.SerializationFactory-test
Tests run: 3, Passed: 3, Failures: 0, Errors: 0
Running org.apache.storm.metrics-test
98561 [Thread-1167] INFO  o.a.s.u.Utils - Async loop interrupted!
Tests run: 8, Passed: 66, Failures: 0, Errors: 0
Running org.apache.storm.security.auth.auth-test
Tests run: 13, Passed: 94, Failures: 0, Errors: 0
Running org.apache.storm.messaging.netty-integration-test
Tests run: 1, Passed: 1, Failures: 0, Errors: 0
Running org.apache.storm.transactional-test
Tests run: 7, Passed: 110, Failures: 0, Errors: 0
Running org.apache.storm.messaging-test
Tests run: 1, Passed: 2, Failures: 0, Errors: 0
Running org.apache.storm.supervisor-test
Tests run: 20, Passed: 52, Failures: 0, Errors: 0
Running org.apache.storm.subtopology-test
Tests run: 0, Passed: 0, Failures: 0, Errors: 0
Running integration.org.apache.storm.trident.integration-test
Tests run: 9, Passed: 141, Failures: 0, Errors: 0
Running org.apache.storm.versioned-store-test
Tests run: 2, Passed: 5, Failures: 0, Errors: 0
Running org.apache.storm.utils.ZookeeperServerCnxnFactory-test
Tests run: 2, Passed: 3, Failures: 0, Errors: 0
Running org.apache.storm.security.auth.DefaultHttpCredentialsPlugin-test
Tests run: 2, Passed: 8, Failures: 0, Errors: 0
Running org.apache.storm.fields-test
Tests run: 2, Passed: 22, Failures: 0, Errors: 0
Running org.apache.storm.submitter-test
Tests run: 1, Passed: 13, Failures: 0, Errors: 0
Running org.apache.storm.cluster-test
Tests run: 10, Passed: 92, Failures: 0, Errors: 0
Running org.apache.storm.security.auth.authorizer.DRPCSimpleACLAuthorizer-test
Tests run: 7, Passed: 37, Failures: 0, Errors: 0
Running org.apache.storm.nimbus-test
Tests run: 43, Passed: 789, Failures: 0, Errors: 0
Running org.apache.storm.security.auth.auto-login-module-test
Tests run: 6, Passed: 22, Failures: 0, Errors: 0
Running org.apache.storm.security.auth.SaslTransportPlugin-test
Tests run: 2, Passed: 8, Failures: 0, Errors: 0
Running org.apache.storm.grouping-test
Tests run: 5, Passed: 15, Failures: 0, Errors: 0
Running org.apache.storm.serialization-test
Tests run: 1, Passed: 0, Failures: 0, Errors: 0
Running org.apache.storm.worker-test
Tests run: 8, Passed: 35, Failures: 0, Errors: 0
Running org.apache.storm.security.auth.nimbus-auth-test
Tests run: 5, Passed: 39, Failures: 0, Errors: 0
Running org.apache.storm.local-state-test
Tests run: 2, Passed: 10, Failures: 0, Errors: 0
Running org.apache.storm.scheduler-test
Tests run: 4, Passed: 64, Failures: 0, Errors: 0
Running integration.org.apache.storm.testing4j-test
Tests run: 8, Passed: 36, Failures: 0, Errors: 0
Running org.apache.storm.security.auth.ThriftClient-test
Tests run: 2, Passed: 4, Failures: 0, Errors: 0
Running org.apache.storm.tick-tuple-test
Tests run: 1, Passed: 1, Failures: 0, Errors: 0
Running org.apache.storm.scheduler.multitenant-scheduler-test
Tests run: 17, Passed: 235, Failures: 0, Errors: 0
Running org.apache.storm.trident.tuple-test
Tests run: 6, Passed: 36, Failures: 0, Errors: 0
[INFO] ------------------------------------------------------------------------
[INFO] BUILD FAILURE
[INFO] ------------------------------------------------------------------------
[INFO] Total time: 05:10 min
[INFO] Finished at: 2016-06-24T11:09:24+00:00
[INFO] Final Memory: 45M/425M
[INFO] ------------------------------------------------------------------------
[ERROR] Failed to execute goal com.theoryinpractise:clojure-maven-plugin:1.7.1:test (test-clojure) on project storm-core: Clojure failed. -> [Help 1]
[ERROR] 
[ERROR] To see the full stack trace of the errors, re-run Maven with the -e switch.
[ERROR] Re-run Maven using the -X switch to enable full debug logging.
[ERROR] 
[ERROR] For more information about the errors and possible solutions, please read the following articles:
[ERROR] [Help 1] http://cwiki.apache.org/confluence/display/MAVEN/MojoExecutionException
Looking for errors in ./storm-core/target/surefire-reports
Checking ./storm-core/target/surefire-reports/TEST-org.apache.storm.cluster.StormClusterStateImplTest.xml
Checking ./storm-core/target/surefire-reports/TEST-org.apache.storm.serialization.GzipBridgeThriftSerializationDelegateTest.xml
Checking ./storm-core/target/surefire-reports/TEST-org.apache.storm.serialization.GzipBridgeSerializationDelegateTest.xml
Checking ./storm-core/target/surefire-reports/TEST-org.apache.storm.serialization.SerializationTest.xml
Checking ./storm-core/target/surefire-reports/TEST-org.apache.storm.serialization.ThriftBridgeSerializationDelegateTest.xml
Checking ./storm-core/target/surefire-reports/TEST-org.apache.storm.grouping.PartialKeyGroupingTest.xml
Checking ./storm-core/target/surefire-reports/TEST-org.apache.storm.command.TestCLI.xml
Checking ./storm-core/target/surefire-reports/TEST-org.apache.storm.command.RebalanceTest.xml
Checking ./storm-core/target/surefire-reports/TEST-org.apache.storm.command.SetLogLevelTest.xml
Checking ./storm-core/target/surefire-reports/TEST-org.apache.storm.utils.UtilsTest.xml
Checking ./storm-core/target/surefire-reports/TEST-org.apache.storm.utils.DisruptorQueueTest.xml
Checking ./storm-core/target/surefire-reports/TEST-org.apache.storm.utils.DisruptorQueueBackpressureTest.xml
Checking ./storm-core/target/surefire-reports/TEST-org.apache.storm.utils.StormBoundedExponentialBackoffRetryTest.xml
Checking ./storm-core/target/surefire-reports/TEST-org.apache.storm.utils.TimeTest.xml
Checking ./storm-core/target/surefire-reports/TEST-org.apache.storm.utils.ThriftTopologyUtilsTest.xml
Checking ./storm-core/target/surefire-reports/TEST-org.apache.storm.utils.WorkerBackpressureThreadTest.xml
Checking ./storm-core/target/surefire-reports/TEST-org.apache.storm.utils.ShellBoltMessageQueueTest.xml
Checking ./storm-core/target/surefire-reports/TEST-org.apache.storm.metric.internal.CountStatAndMetricTest.xml
Checking ./storm-core/target/surefire-reports/TEST-org.apache.storm.metric.internal.RateTrackerTest.xml
Checking ./storm-core/target/surefire-reports/TEST-org.apache.storm.metric.internal.LatencyStatAndMetricTest.xml
Checking ./storm-core/target/surefire-reports/TEST-org.apache.storm.metric.filter.FilterByMetricNameTest.xml
Checking ./storm-core/target/surefire-reports/TEST-org.apache.storm.scheduler.resource.strategies.scheduling.TestDefaultResourceAwareStrategy.xml
Checking ./storm-core/target/surefire-reports/TEST-org.apache.storm.scheduler.resource.TestResourceAwareScheduler.xml
Checking ./storm-core/target/surefire-reports/TEST-org.apache.storm.scheduler.resource.TestUser.xml
Checking ./storm-core/target/surefire-reports/TEST-org.apache.storm.localizer.LocalizerTest.xml
Checking ./storm-core/target/surefire-reports/TEST-org.apache.storm.localizer.LocalizedResourceRetentionSetTest.xml
Checking ./storm-core/target/surefire-reports/TEST-org.apache.storm.localizer.LocalizedResourceSetTest.xml
Checking ./storm-core/target/surefire-reports/TEST-org.apache.storm.spout.CheckpointSpoutTest.xml
Checking ./storm-core/target/surefire-reports/TEST-org.apache.storm.blobstore.ClientBlobStoreTest.xml
Checking ./storm-core/target/surefire-reports/TEST-org.apache.storm.blobstore.BlobStoreTest.xml
Checking ./storm-core/target/surefire-reports/TEST-org.apache.storm.blobstore.BlobSynchronizerTest.xml
Checking ./storm-core/target/surefire-reports/TEST-org.apache.storm.topology.StatefulWindowedBoltExecutorTest.xml
Checking ./storm-core/target/surefire-reports/TEST-org.apache.storm.topology.TopologyBuilderTest.xml
Checking ./storm-core/target/surefire-reports/TEST-org.apache.storm.topology.StatefulBoltExecutorTest.xml
Checking ./storm-core/target/surefire-reports/TEST-org.apache.storm.topology.WindowedBoltExecutorTest.xml
Checking ./storm-core/target/surefire-reports/TEST-org.apache.storm.state.InMemoryKeyValueStateTest.xml
Checking ./storm-core/target/surefire-reports/TEST-org.apache.storm.windowing.WaterMarkEventGeneratorTest.xml
Checking ./storm-core/target/surefire-reports/TEST-org.apache.storm.windowing.WindowManagerTest.xml
Checking ./storm-core/target/surefire-reports/TEST-org.apache.storm.trident.TestTridentTopology.xml
Checking ./storm-core/target/surefire-reports/TEST-org.apache.storm.trident.TridentWindowingTest.xml
Checking ./storm-core/target/surefire-reports/TEST-org.apache.storm.nimbus.LocalNimbusTest.xml
Checking ./storm-core/target/surefire-reports/TEST-org.apache.storm.TestConfigValidate.xml
Checking ./storm-core/target/surefire-reports/TEST-org.apache.storm.PacemakerTest.xml
Checking ./storm-core/target/surefire-reports/TEST-org.apache.storm.TestCgroups.xml
Checking ./storm-core/target/surefire-reports/TEST-org.apache.storm.PaceMakerStateStorageFactoryTest.xml
Looking for errors in ./storm-core/target/test-reports
Checking ./storm-core/target/test-reports/org.apache.storm.drpc-test.xml
Checking ./storm-core/target/test-reports/org.apache.storm.security.auth.ThriftServer-test.xml
Checking ./storm-core/target/test-reports/org.apache.storm.messaging.netty-unit-test.xml
--------------------------------------------------
classname: org.apache.storm.messaging.netty-unit-test / testname: test-load
Uncaught exception, not in assertion.
expected: nil
  actual: java.lang.AssertionError: Test timed out (5000ms) (empty? (.getLoad client [(int 1) (int 2)]))
 at org.apache.storm.messaging.netty_unit_test$test_load_fn.invoke (netty_unit_test.clj:115)
    org.apache.storm.messaging.netty_unit_test/fn (netty_unit_test.clj:143)
    clojure.test$test_var$fn__7670.invoke (test.clj:704)
    clojure.test$test_var.invoke (test.clj:704)
    clojure.test$test_vars$fn__7692$fn__7697.invoke (test.clj:722)
    clojure.test$default_fixture.invoke (test.clj:674)
    clojure.test$test_vars$fn__7692.invoke (test.clj:722)
    clojure.test$default_fixture.invoke (test.clj:674)
    clojure.test$test_vars.invoke (test.clj:718)
    clojure.test$test_all_vars.invoke (test.clj:728)
    clojure.test$test_ns.invoke (test.clj:747)
    clojure.core$map$fn__4553.invoke (core.clj:2624)
    clojure.lang.LazySeq.sval (LazySeq.java:40)
    clojure.lang.LazySeq.seq (LazySeq.java:49)
    clojure.lang.Cons.next (Cons.java:39)
    clojure.lang.RT.boundedLength (RT.java:1735)
    clojure.lang.RestFn.applyTo (RestFn.java:130)
    clojure.core$apply.invoke (core.clj:632)
    clojure.test$run_tests.doInvoke (test.clj:762)
    clojure.lang.RestFn.invoke (RestFn.java:408)
    org.apache.storm.testrunner$eval9818$iter__9819__9823$fn__9824$fn__9825$fn__9826.invoke (test_runner.clj:107)
    org.apache.storm.testrunner$eval9818$iter__9819__9823$fn__9824$fn__9825.invoke (test_runner.clj:53)
    org.apache.storm.testrunner$eval9818$iter__9819__9823$fn__9824.invoke (test_runner.clj:52)
    clojure.lang.LazySeq.sval (LazySeq.java:40)
    clojure.lang.LazySeq.seq (LazySeq.java:49)
    clojure.lang.RT.seq (RT.java:507)
    clojure.core/seq (core.clj:137)
    clojure.core$dorun.invoke (core.clj:3009)
    org.apache.storm.testrunner$eval9818.invoke (test_runner.clj:52)
    clojure.lang.Compiler.eval (Compiler.java:6782)
    clojure.lang.Compiler.load (Compiler.java:7227)
    clojure.lang.Compiler.loadFile (Compiler.java:7165)
    clojure.main$load_script.invoke (main.clj:275)
    clojure.main$script_opt.invoke (main.clj:337)
    clojure.main$main.doInvoke (main.clj:421)
    clojure.lang.RestFn.invoke (RestFn.java:421)
    clojure.lang.Var.invoke (Var.java:383)
    clojure.lang.AFn.applyToHelper (AFn.java:156)
    clojure.lang.Var.applyTo (Var.java:700)
    clojure.main.main (main.java:37)

      at: test_runner.clj:105
-------------------- system-out --------------------

42650 [main] INFO  o.a.s.m.netty-unit-test - 2 test load
42650 [main] INFO  o.a.s.m.TransportFactory - Storm peer transport plugin:org.apache.storm.messaging.netty.Context
42653 [main] INFO  o.a.s.m.n.Server - Create Netty Server Netty-server-localhost-6700, buffer_size: 1024, maxWorkers: 1
42653 [main] INFO  o.a.s.m.n.Client - creating Netty Client, connecting to localhost:6700, bufferSize: 1024
42653 [main] INFO  o.a.s.m.netty-unit-test - Waiting until all Netty connections are ready...
42755 [main] INFO  o.a.s.m.netty-unit-test - All Netty connections are ready
47761 [main] INFO  o.a.s.m.netty-unit-test - Condition (empty? (.getLoad client [(int 1) (int 2)])) not met in 5000ms
47761 [main] INFO  o.a.s.m.netty-unit-test - "pool-235-thread-1" 
   lock: null owner: null
   java.lang.Thread.State: TIMED_WAITING
        at java.lang.Thread.sleep(Native Method)
        at org.jboss.netty.util.HashedWheelTimer$Worker.waitForNextTick(HashedWheelTimer.java:483)
        at org.jboss.netty.util.HashedWheelTimer$Worker.run(HashedWheelTimer.java:392)
        at org.jboss.netty.util.ThreadRenamingRunnable.run(ThreadRenamingRunnable.java:108)
        at java.lang.Thread.run(Thread.java:745)

"client-schedule-service-1" 
   lock: null owner: null
   java.lang.Thread.State: TIMED_WAITING
        at java.lang.Thread.sleep(Native Method)
        at org.jboss.netty.util.HashedWheelTimer$Worker.waitForNextTick(HashedWheelTimer.java:483)
        at org.jboss.netty.util.HashedWheelTimer$Worker.run(HashedWheelTimer.java:392)
        at org.jboss.netty.util.ThreadRenamingRunnable.run(ThreadRenamingRunnable.java:108)
        at java.lang.Thread.run(Thread.java:745)

"Netty-server-localhost-6700-boss-1" 
   lock: null owner: null
   java.lang.Thread.State: RUNNABLE
        at sun.nio.ch.EPollArrayWrapper.epollWait(Native Method)
        at sun.nio.ch.EPollArrayWrapper.poll(EPollArrayWrapper.java:269)
        at sun.nio.ch.EPollSelectorImpl.doSelect(EPollSelectorImpl.java:79)
        at sun.nio.ch.SelectorImpl.lockAndDoSelect(SelectorImpl.java:87)
        at sun.nio.ch.SelectorImpl.select(SelectorImpl.java:98)
        at sun.nio.ch.SelectorImpl.select(SelectorImpl.java:102)
        at org.jboss.netty.channel.socket.nio.NioServerBoss.select(NioServerBoss.java:163)
        at org.jboss.netty.channel.socket.nio.AbstractNioSelector.run(AbstractNioSelector.java:212)
        at org.jboss.netty.channel.socket.nio.NioServerBoss.run(NioServerBoss.java:42)
        at org.jboss.netty.util.ThreadRenamingRunnable.run(ThreadRenamingRunnable.java:108)
        at org.jboss.netty.util.internal.DeadLockProofWorker$1.run(DeadLockProofWorker.java:42)
        at java.util.concurrent.ThreadPoolExecutor.runWorker(ThreadPoolExecutor.java:1145)
        at java.util.concurrent.ThreadPoolExecutor$Worker.run(ThreadPoolExecutor.java:615)
        at java.lang.Thread.run(Thread.java:745)

"Netty-server-localhost-6700-worker-1" 
   lock: null owner: null
   java.lang.Thread.State: RUNNABLE
        at sun.nio.ch.EPollArrayWrapper.epollWait(Native Method)
        at sun.nio.ch.EPollArrayWrapper.poll(EPollArrayWrapper.java:269)
        at sun.nio.ch.EPollSelectorImpl.doSelect(EPollSelectorImpl.java:79)
        at sun.nio.ch.SelectorImpl.lockAndDoSelect(SelectorImpl.java:87)
        at sun.nio.ch.SelectorImpl.select(SelectorImpl.java:98)
        at org.jboss.netty.channel.socket.nio.SelectorUtil.select(SelectorUtil.java:68)
        at org.jboss.netty.channel.socket.nio.AbstractNioSelector.select(AbstractNioSelector.java:415)
        at org.jboss.netty.channel.socket.nio.AbstractNioSelector.run(AbstractNioSelector.java:212)
        at org.jboss.netty.channel.socket.nio.AbstractNioWorker.run(AbstractNioWorker.java:89)
        at org.jboss.netty.channel.socket.nio.NioWorker.run(NioWorker.java:178)
        at org.jboss.netty.util.ThreadRenamingRunnable.run(ThreadRenamingRunnable.java:108)
        at org.jboss.netty.util.internal.DeadLockProofWorker$1.run(DeadLockProofWorker.java:42)
        at java.util.concurrent.ThreadPoolExecutor.runWorker(ThreadPoolExecutor.java:1145)
        at java.util.concurrent.ThreadPoolExecutor$Worker.run(ThreadPoolExecutor.java:615)
        at java.lang.Thread.run(Thread.java:745)

"client-boss-1" 
   lock: null owner: null
   java.lang.Thread.State: RUNNABLE
        at sun.nio.ch.EPollArrayWrapper.epollWait(Native Method)
        at sun.nio.ch.EPollArrayWrapper.poll(EPollArrayWrapper.java:269)
        at sun.nio.ch.EPollSelectorImpl.doSelect(EPollSelectorImpl.java:79)
        at sun.nio.ch.SelectorImpl.lockAndDoSelect(SelectorImpl.java:87)
        at sun.nio.ch.SelectorImpl.select(SelectorImpl.java:98)
        at org.jboss.netty.channel.socket.nio.SelectorUtil.select(SelectorUtil.java:68)
        at org.jboss.netty.channel.socket.nio.AbstractNioSelector.select(AbstractNioSelector.java:415)
        at org.jboss.netty.channel.socket.nio.AbstractNioSelector.run(AbstractNioSelector.java:212)
        at org.jboss.netty.channel.socket.nio.NioClientBoss.run(NioClientBoss.java:42)
        at org.jboss.netty.util.ThreadRenamingRunnable.run(ThreadRenamingRunnable.java:108)
        at org.jboss.netty.util.internal.DeadLockProofWorker$1.run(DeadLockProofWorker.java:42)
        at java.util.concurrent.ThreadPoolExecutor.runWorker(ThreadPoolExecutor.java:1145)
        at java.util.concurrent.ThreadPoolExecutor$Worker.run(ThreadPoolExecutor.java:615)
        at java.lang.Thread.run(Thread.java:745)

"client-worker-1" 
   lock: null owner: null
   java.lang.Thread.State: RUNNABLE
        at sun.nio.ch.EPollArrayWrapper.epollWait(Native Method)
        at sun.nio.ch.EPollArrayWrapper.poll(EPollArrayWrapper.java:269)
        at sun.nio.ch.EPollSelectorImpl.doSelect(EPollSelectorImpl.java:79)
        at sun.nio.ch.SelectorImpl.lockAndDoSelect(SelectorImpl.java:87)
        at sun.nio.ch.SelectorImpl.select(SelectorImpl.java:98)
        at org.jboss.netty.channel.socket.nio.SelectorUtil.select(SelectorUtil.java:68)
        at org.jboss.netty.channel.socket.nio.AbstractNioSelector.select(AbstractNioSelector.java:415)
        at org.jboss.netty.channel.socket.nio.AbstractNioSelector.run(AbstractNioSelector.java:212)
        at org.jboss.netty.channel.socket.nio.AbstractNioWorker.run(AbstractNioWorker.java:89)
        at org.jboss.netty.channel.socket.nio.NioWorker.run(NioWorker.java:178)
        at org.jboss.netty.util.ThreadRenamingRunnable.run(ThreadRenamingRunnable.java:108)
        at org.jboss.netty.util.internal.DeadLockProofWorker$1.run(DeadLockProofWorker.java:42)
        at java.util.concurrent.ThreadPoolExecutor.runWorker(ThreadPoolExecutor.java:1145)
        at java.util.concurrent.ThreadPoolExecutor$Worker.run(ThreadPoolExecutor.java:615)
        at java.lang.Thread.run(Thread.java:745)

"Netty-ChannelAlive-Timer" 
   lock: java.util.TaskQueue@7433866e owner: null
   java.lang.Thread.State: TIMED_WAITING
        at java.lang.Object.wait(Native Method)
        at java.util.TimerThread.mainLoop(Timer.java:552)
        at java.util.TimerThread.run(Timer.java:505)

"Thread-281" 
   lock: null owner: null
   java.lang.Thread.State: TIMED_WAITING
        at java.lang.Thread.sleep(Native Method)
        at org.apache.storm.utils.Time.sleepUntil(Time.java:86)
        at org.apache.storm.utils.Time.sleep(Time.java:91)
        at org.apache.storm.utils.Time.sleepSecs(Time.java:96)
        at org.apache.storm.utils.Utils$7.run(Utils.java:2211)
        at java.lang.Thread.run(Thread.java:745)

"pool-230-thread-1" 
   lock: java.util.concurrent.locks.AbstractQueuedSynchronizer$ConditionObject@62bedb5b owner: null
   java.lang.Thread.State: TIMED_WAITING
        at sun.misc.Unsafe.park(Native Method)
        at java.util.concurrent.locks.LockSupport.parkNanos(LockSupport.java:226)
        at java.util.concurrent.locks.AbstractQueuedSynchronizer$ConditionObject.awaitNanos(AbstractQueuedSynchronizer.java:2082)
        at java.util.concurrent.ScheduledThreadPoolExecutor$DelayedWorkQueue.take(ScheduledThreadPoolExecutor.java:1090)
        at java.util.concurrent.ScheduledThreadPoolExecutor$DelayedWorkQueue.take(ScheduledThreadPoolExecutor.java:807)
        at java.util.concurrent.ThreadPoolExecutor.getTask(ThreadPoolExecutor.java:1068)
        at java.util.concurrent.ThreadPoolExecutor.runWorker(ThreadPoolExecutor.java:1130)
        at java.util.concurrent.ThreadPoolExecutor$Worker.run(ThreadPoolExecutor.java:615)
        at java.lang.Thread.run(Thread.java:745)

"Localizer Cache Cleanup" 
   lock: java.util.concurrent.locks.AbstractQueuedSynchronizer$ConditionObject@60336602 owner: null
   java.lang.Thread.State: TIMED_WAITING
        at sun.misc.Unsafe.park(Native Method)
        at java.util.concurrent.locks.LockSupport.parkNanos(LockSupport.java:226)
        at java.util.concurrent.locks.AbstractQueuedSynchronizer$ConditionObject.awaitNanos(AbstractQueuedSynchronizer.java:2082)
        at java.util.concurrent.ScheduledThreadPoolExecutor$DelayedWorkQueue.take(ScheduledThreadPoolExecutor.java:1090)
        at java.util.concurrent.ScheduledThreadPoolExecutor$DelayedWorkQueue.take(ScheduledThreadPoolExecutor.java:807)
        at java.util.concurrent.ThreadPoolExecutor.getTask(ThreadPoolExecutor.java:1068)
        at java.util.concurrent.ThreadPoolExecutor.runWorker(ThreadPoolExecutor.java:1130)
        at java.util.concurrent.ThreadPoolExecutor$Worker.run(ThreadPoolExecutor.java:615)
        at java.lang.Thread.run(Thread.java:745)

"Localizer Cache Cleanup" 
   lock: java.util.concurrent.locks.AbstractQueuedSynchronizer$ConditionObject@4e6e3ea5 owner: null
   java.lang.Thread.State: TIMED_WAITING
        at sun.misc.Unsafe.park(Native Method)
        at java.util.concurrent.locks.LockSupport.parkNanos(LockSupport.java:226)
        at java.util.concurrent.locks.AbstractQueuedSynchronizer$ConditionObject.awaitNanos(AbstractQueuedSynchronizer.java:2082)
        at java.util.concurrent.ScheduledThreadPoolExecutor$DelayedWorkQueue.take(ScheduledThreadPoolExecutor.java:1090)
        at java.util.concurrent.ScheduledThreadPoolExecutor$DelayedWorkQueue.take(ScheduledThreadPoolExecutor.java:807)
        at java.util.concurrent.ThreadPoolExecutor.getTask(ThreadPoolExecutor.java:1068)
        at java.util.concurrent.ThreadPoolExecutor.runWorker(ThreadPoolExecutor.java:1130)
        at java.util.concurrent.ThreadPoolExecutor$Worker.run(ThreadPoolExecutor.java:615)
        at java.lang.Thread.run(Thread.java:745)

"Thread-237" 
   lock: null owner: null
   java.lang.Thread.State: TIMED_WAITING
        at java.lang.Thread.sleep(Native Method)
        at org.apache.storm.utils.Time.sleepUntil(Time.java:86)
        at org.apache.storm.utils.Time.sleep(Time.java:91)
        at org.apache.storm.utils.TimeCacheMap$1.run(TimeCacheMap.java:61)
        at java.lang.Thread.run(Thread.java:745)

"Thread-235" 
   lock: null owner: null
   java.lang.Thread.State: TIMED_WAITING
        at java.lang.Thread.sleep(Native Method)
        at org.apache.storm.utils.Time.sleepUntil(Time.java:86)
        at org.apache.storm.utils.Time.sleep(Time.java:91)
        at org.apache.storm.utils.TimeCacheMap$1.run(TimeCacheMap.java:61)
        at java.lang.Thread.run(Thread.java:745)

"Thread-232" 
   lock: null owner: null
   java.lang.Thread.State: TIMED_WAITING
        at java.lang.Thread.sleep(Native Method)
        at org.apache.storm.utils.Time.sleepUntil(Time.java:86)
        at org.apache.storm.utils.Time.sleep(Time.java:91)
        at org.apache.storm.utils.TimeCacheMap$1.run(TimeCacheMap.java:61)
        at java.lang.Thread.run(Thread.java:745)

"Thread-230" 
   lock: null owner: null
   java.lang.Thread.State: TIMED_WAITING
        at java.lang.Thread.sleep(Native Method)
        at org.apache.storm.utils.Time.sleepUntil(Time.java:86)
        at org.apache.storm.utils.Time.sleep(Time.java:91)
        at org.apache.storm.utils.Time.sleepSecs(Time.java:96)
        at org.apache.storm.utils.Utils$7.run(Utils.java:2211)
        at java.lang.Thread.run(Thread.java:745)

"pool-185-thread-1" 
   lock: java.util.concurrent.locks.AbstractQueuedSynchronizer$ConditionObject@27d2eadd owner: null
   java.lang.Thread.State: TIMED_WAITING
        at sun.misc.Unsafe.park(Native Method)
        at java.util.concurrent.locks.LockSupport.parkNanos(LockSupport.java:226)
        at java.util.concurrent.locks.AbstractQueuedSynchronizer$ConditionObject.awaitNanos(AbstractQueuedSynchronizer.java:2082)
        at java.util.concurrent.ScheduledThreadPoolExecutor$DelayedWorkQueue.take(ScheduledThreadPoolExecutor.java:1090)
        at java.util.concurrent.ScheduledThreadPoolExecutor$DelayedWorkQueue.take(ScheduledThreadPoolExecutor.java:807)
        at java.util.concurrent.ThreadPoolExecutor.getTask(ThreadPoolExecutor.java:1068)
        at java.util.concurrent.ThreadPoolExecutor.runWorker(ThreadPoolExecutor.java:1130)
        at java.util.concurrent.ThreadPoolExecutor$Worker.run(ThreadPoolExecutor.java:615)
        at java.lang.Thread.run(Thread.java:745)

"Localizer Cache Cleanup" 
   lock: java.util.concurrent.locks.AbstractQueuedSynchronizer$ConditionObject@8396798 owner: null
   java.lang.Thread.State: TIMED_WAITING
        at sun.misc.Unsafe.park(Native Method)
        at java.util.concurrent.locks.LockSupport.parkNanos(LockSupport.java:226)
        at java.util.concurrent.locks.AbstractQueuedSynchronizer$ConditionObject.awaitNanos(AbstractQueuedSynchronizer.java:2082)
        at java.util.concurrent.ScheduledThreadPoolExecutor$DelayedWorkQueue.take(ScheduledThreadPoolExecutor.java:1090)
        at java.util.concurrent.ScheduledThreadPoolExecutor$DelayedWorkQueue.take(ScheduledThreadPoolExecutor.java:807)
        at java.util.concurrent.ThreadPoolExecutor.getTask(ThreadPoolExecutor.java:1068)
        at java.util.concurrent.ThreadPoolExecutor.runWorker(ThreadPoolExecutor.java:1130)
        at java.util.concurrent.ThreadPoolExecutor$Worker.run(ThreadPoolExecutor.java:615)
        at java.lang.Thread.run(Thread.java:745)

"Localizer Cache Cleanup" 
   lock: java.util.concurrent.locks.AbstractQueuedSynchronizer$ConditionObject@70c0305f owner: null
   java.lang.Thread.State: TIMED_WAITING
        at sun.misc.Unsafe.park(Native Method)
        at java.util.concurrent.locks.LockSupport.parkNanos(LockSupport.java:226)
        at java.util.concurrent.locks.AbstractQueuedSynchronizer$ConditionObject.awaitNanos(AbstractQueuedSynchronizer.java:2082)
        at java.util.concurrent.ScheduledThreadPoolExecutor$DelayedWorkQueue.take(ScheduledThreadPoolExecutor.java:1090)
        at java.util.concurrent.ScheduledThreadPoolExecutor$DelayedWorkQueue.take(ScheduledThreadPoolExecutor.java:807)
        at java.util.concurrent.ThreadPoolExecutor.getTask(ThreadPoolExecutor.java:1068)
        at java.util.concurrent.ThreadPoolExecutor.runWorker(ThreadPoolExecutor.java:1130)
        at java.util.concurrent.ThreadPoolExecutor$Worker.run(ThreadPoolExecutor.java:615)
        at java.lang.Thread.run(Thread.java:745)

"Thread-186" 
   lock: null owner: null
   java.lang.Thread.State: TIMED_WAITING
        at java.lang.Thread.sleep(Native Method)
        at org.apache.storm.utils.Time.sleepUntil(Time.java:86)
        at org.apache.storm.utils.Time.sleep(Time.java:91)
        at org.apache.storm.utils.TimeCacheMap$1.run(TimeCacheMap.java:61)
        at java.lang.Thread.run(Thread.java:745)

"Thread-184" 
   lock: null owner: null
   java.lang.Thread.State: TIMED_WAITING
        at java.lang.Thread.sleep(Native Method)
        at org.apache.storm.utils.Time.sleepUntil(Time.java:86)
        at org.apache.storm.utils.Time.sleep(Time.java:91)
        at org.apache.storm.utils.TimeCacheMap$1.run(TimeCacheMap.java:61)
        at java.lang.Thread.run(Thread.java:745)

"Thread-181" 
   lock: null owner: null
   java.lang.Thread.State: TIMED_WAITING
        at java.lang.Thread.sleep(Native Method)
        at org.apache.storm.utils.Time.sleepUntil(Time.java:86)
        at org.apache.storm.utils.Time.sleep(Time.java:91)
        at org.apache.storm.utils.TimeCacheMap$1.run(TimeCacheMap.java:61)
        at java.lang.Thread.run(Thread.java:745)

"pool-140-thread-1" 
   lock: java.util.concurrent.locks.AbstractQueuedSynchronizer$ConditionObject@59a7e6cd owner: null
   java.lang.Thread.State: TIMED_WAITING
        at sun.misc.Unsafe.park(Native Method)
        at java.util.concurrent.locks.LockSupport.parkNanos(LockSupport.java:226)
        at java.util.concurrent.locks.AbstractQueuedSynchronizer$ConditionObject.awaitNanos(AbstractQueuedSynchronizer.java:2082)
        at java.util.concurrent.ScheduledThreadPoolExecutor$DelayedWorkQueue.take(ScheduledThreadPoolExecutor.java:1090)
        at java.util.concurrent.ScheduledThreadPoolExecutor$DelayedWorkQueue.take(ScheduledThreadPoolExecutor.java:807)
        at java.util.concurrent.ThreadPoolExecutor.getTask(ThreadPoolExecutor.java:1068)
        at java.util.concurrent.ThreadPoolExecutor.runWorker(ThreadPoolExecutor.java:1130)
        at java.util.concurrent.ThreadPoolExecutor$Worker.run(ThreadPoolExecutor.java:615)
        at java.lang.Thread.run(Thread.java:745)

"Localizer Cache Cleanup" 
   lock: java.util.concurrent.locks.AbstractQueuedSynchronizer$ConditionObject@1e21cab7 owner: null
   java.lang.Thread.State: TIMED_WAITING
        at sun.misc.Unsafe.park(Native Method)
        at java.util.concurrent.locks.LockSupport.parkNanos(LockSupport.java:226)
        at java.util.concurrent.locks.AbstractQueuedSynchronizer$ConditionObject.awaitNanos(AbstractQueuedSynchronizer.java:2082)
        at java.util.concurrent.ScheduledThreadPoolExecutor$DelayedWorkQueue.take(ScheduledThreadPoolExecutor.java:1090)
        at java.util.concurrent.ScheduledThreadPoolExecutor$DelayedWorkQueue.take(ScheduledThreadPoolExecutor.java:807)
        at java.util.concurrent.ThreadPoolExecutor.getTask(ThreadPoolExecutor.java:1068)
        at java.util.concurrent.ThreadPoolExecutor.runWorker(ThreadPoolExecutor.java:1130)
        at java.util.concurrent.ThreadPoolExecutor$Worker.run(ThreadPoolExecutor.java:615)
        at java.lang.Thread.run(Thread.java:745)

"Localizer Cache Cleanup" 
   lock: java.util.concurrent.locks.AbstractQueuedSynchronizer$ConditionObject@3c83c3d5 owner: null
   java.lang.Thread.State: TIMED_WAITING
        at sun.misc.Unsafe.park(Native Method)
        at java.util.concurrent.locks.LockSupport.parkNanos(LockSupport.java:226)
        at java.util.concurrent.locks.AbstractQueuedSynchronizer$ConditionObject.awaitNanos(AbstractQueuedSynchronizer.java:2082)
        at java.util.concurrent.ScheduledThreadPoolExecutor$DelayedWorkQueue.take(ScheduledThreadPoolExecutor.java:1090)
        at java.util.concurrent.ScheduledThreadPoolExecutor$DelayedWorkQueue.take(ScheduledThreadPoolExecutor.java:807)
        at java.util.concurrent.ThreadPoolExecutor.getTask(ThreadPoolExecutor.java:1068)
        at java.util.concurrent.ThreadPoolExecutor.runWorker(ThreadPoolExecutor.java:1130)
        at java.util.concurrent.ThreadPoolExecutor$Worker.run(ThreadPoolExecutor.java:615)
        at java.lang.Thread.run(Thread.java:745)

"Thread-147" 
   lock: null owner: null
   java.lang.Thread.State: TIMED_WAITING
        at java.lang.Thread.sleep(Native Method)
        at org.apache.storm.utils.Time.sleepUntil(Time.java:86)
        at org.apache.storm.utils.Time.sleep(Time.java:91)
        at org.apache.storm.utils.TimeCacheMap$1.run(TimeCacheMap.java:61)
        at java.lang.Thread.run(Thread.java:745)

"Thread-145" 
   lock: null owner: null
   java.lang.Thread.State: TIMED_WAITING
        at java.lang.Thread.sleep(Native Method)
        at org.apache.storm.utils.Time.sleepUntil(Time.java:86)
        at org.apache.storm.utils.Time.sleep(Time.java:91)
        at org.apache.storm.utils.TimeCacheMap$1.run(TimeCacheMap.java:61)
        at java.lang.Thread.run(Thread.java:745)

"Thread-142" 
   lock: null owner: null
   java.lang.Thread.State: TIMED_WAITING
        at java.lang.Thread.sleep(Native Method)
        at org.apache.storm.utils.Time.sleepUntil(Time.java:86)
        at org.apache.storm.utils.Time.sleep(Time.java:91)
        at org.apache.storm.utils.TimeCacheMap$1.run(TimeCacheMap.java:61)
        at java.lang.Thread.run(Thread.java:745)

"pool-95-thread-1" 
   lock: java.util.concurrent.locks.AbstractQueuedSynchronizer$ConditionObject@6eadf3fc owner: null
   java.lang.Thread.State: TIMED_WAITING
        at sun.misc.Unsafe.park(Native Method)
        at java.util.concurrent.locks.LockSupport.parkNanos(LockSupport.java:226)
        at java.util.concurrent.locks.AbstractQueuedSynchronizer$ConditionObject.awaitNanos(AbstractQueuedSynchronizer.java:2082)
        at java.util.concurrent.ScheduledThreadPoolExecutor$DelayedWorkQueue.take(ScheduledThreadPoolExecutor.java:1090)
        at java.util.concurrent.ScheduledThreadPoolExecutor$DelayedWorkQueue.take(ScheduledThreadPoolExecutor.java:807)
        at java.util.concurrent.ThreadPoolExecutor.getTask(ThreadPoolExecutor.java:1068)
        at java.util.concurrent.ThreadPoolExecutor.runWorker(ThreadPoolExecutor.java:1130)
        at java.util.concurrent.ThreadPoolExecutor$Worker.run(ThreadPoolExecutor.java:615)
        at java.lang.Thread.run(Thread.java:745)

"Localizer Cache Cleanup" 
   lock: java.util.concurrent.locks.AbstractQueuedSynchronizer$ConditionObject@5e6d5e28 owner: null
   java.lang.Thread.State: TIMED_WAITING
        at sun.misc.Unsafe.park(Native Method)
        at java.util.concurrent.locks.LockSupport.parkNanos(LockSupport.java:226)
        at java.util.concurrent.locks.AbstractQueuedSynchronizer$ConditionObject.awaitNanos(AbstractQueuedSynchronizer.java:2082)
        at java.util.concurrent.ScheduledThreadPoolExecutor$DelayedWorkQueue.take(ScheduledThreadPoolExecutor.java:1090)
        at java.util.concurrent.ScheduledThreadPoolExecutor$DelayedWorkQueue.take(ScheduledThreadPoolExecutor.java:807)
        at java.util.concurrent.ThreadPoolExecutor.getTask(ThreadPoolExecutor.java:1068)
        at java.util.concurrent.ThreadPoolExecutor.runWorker(ThreadPoolExecutor.java:1130)
        at java.util.concurrent.ThreadPoolExecutor$Worker.run(ThreadPoolExecutor.java:615)
        at java.lang.Thread.run(Thread.java:745)

"Localizer Cache Cleanup" 
   lock: java.util.concurrent.locks.AbstractQueuedSynchronizer$ConditionObject@5e40c486 owner: null
   java.lang.Thread.State: TIMED_WAITING
        at sun.misc.Unsafe.park(Native Method)
        at java.util.concurrent.locks.LockSupport.parkNanos(LockSupport.java:226)
        at java.util.concurrent.locks.AbstractQueuedSynchronizer$ConditionObject.awaitNanos(AbstractQueuedSynchronizer.java:2082)
        at java.util.concurrent.ScheduledThreadPoolExecutor$DelayedWorkQueue.take(ScheduledThreadPoolExecutor.java:1090)
        at java.util.concurrent.ScheduledThreadPoolExecutor$DelayedWorkQueue.take(ScheduledThreadPoolExecutor.java:807)
        at java.util.concurrent.ThreadPoolExecutor.getTask(ThreadPoolExecutor.java:1068)
        at java.util.concurrent.ThreadPoolExecutor.runWorker(ThreadPoolExecutor.java:1130)
        at java.util.concurrent.ThreadPoolExecutor$Worker.run(ThreadPoolExecutor.java:615)
        at java.lang.Thread.run(Thread.java:745)

"Thread-79" 
   lock: null owner: null
   java.lang.Thread.State: TIMED_WAITING
        at java.lang.Thread.sleep(Native Method)
        at org.apache.storm.utils.Time.sleepUntil(Time.java:86)
        at org.apache.storm.utils.Time.sleep(Time.java:91)
        at org.apache.storm.utils.TimeCacheMap$1.run(TimeCacheMap.java:61)
        at java.lang.Thread.run(Thread.java:745)

"Thread-77" 
   lock: null owner: null
   java.lang.Thread.State: TIMED_WAITING
        at java.lang.Thread.sleep(Native Method)
        at org.apache.storm.utils.Time.sleepUntil(Time.java:86)
        at org.apache.storm.utils.Time.sleep(Time.java:91)
        at org.apache.storm.utils.TimeCacheMap$1.run(TimeCacheMap.java:61)
        at java.lang.Thread.run(Thread.java:745)

"Thread-74" 
   lock: null owner: null
   java.lang.Thread.State: TIMED_WAITING
        at java.lang.Thread.sleep(Native Method)
        at org.apache.storm.utils.Time.sleepUntil(Time.java:86)
        at org.apache.storm.utils.Time.sleep(Time.java:91)
        at org.apache.storm.utils.TimeCacheMap$1.run(TimeCacheMap.java:61)
        at java.lang.Thread.run(Thread.java:745)

"pool-50-thread-1" 
   lock: java.util.concurrent.locks.AbstractQueuedSynchronizer$ConditionObject@6e2669c1 owner: null
   java.lang.Thread.State: TIMED_WAITING
        at sun.misc.Unsafe.park(Native Method)
        at java.util.concurrent.locks.LockSupport.parkNanos(LockSupport.java:226)
        at java.util.concurrent.locks.AbstractQueuedSynchronizer$ConditionObject.awaitNanos(AbstractQueuedSynchronizer.java:2082)
        at java.util.concurrent.ScheduledThreadPoolExecutor$DelayedWorkQueue.take(ScheduledThreadPoolExecutor.java:1090)
        at java.util.concurrent.ScheduledThreadPoolExecutor$DelayedWorkQueue.take(ScheduledThreadPoolExecutor.java:807)
        at java.util.concurrent.ThreadPoolExecutor.getTask(ThreadPoolExecutor.java:1068)
        at java.util.concurrent.ThreadPoolExecutor.runWorker(ThreadPoolExecutor.java:1130)
        at java.util.concurrent.ThreadPoolExecutor$Worker.run(ThreadPoolExecutor.java:615)
        at java.lang.Thread.run(Thread.java:745)

"disruptor-flush-task-pool" 
   lock: java.util.concurrent.locks.AbstractQueuedSynchronizer$ConditionObject@1be93666 owner: null
   java.lang.Thread.State: WAITING
        at sun.misc.Unsafe.park(Native Method)
        at java.util.concurrent.locks.LockSupport.park(LockSupport.java:186)
        at java.util.concurrent.locks.AbstractQueuedSynchronizer$ConditionObject.await(AbstractQueuedSynchronizer.java:2043)
        at java.util.concurrent.ArrayBlockingQueue.take(ArrayBlockingQueue.java:374)
        at java.util.concurrent.ThreadPoolExecutor.getTask(ThreadPoolExecutor.java:1068)
        at java.util.concurrent.ThreadPoolExecutor.runWorker(ThreadPoolExecutor.java:1130)
        at java.util.concurrent.ThreadPoolExecutor$Worker.run(ThreadPoolExecutor.java:615)
        at java.lang.Thread.run(Thread.java:745)

"metric/stat timer" 
   lock: java.util.TaskQueue@6bf270da owner: null
   java.lang.Thread.State: WAITING
        at java.lang.Object.wait(Native Method)
        at java.lang.Object.wait(Object.java:503)
        at java.util.TimerThread.mainLoop(Timer.java:526)
        at java.util.TimerThread.run(Timer.java:505)

"disruptor-flush-trigger" 
   lock: java.util.TaskQueue@79cf2f93 owner: null
   java.lang.Thread.State: WAITING
        at java.lang.Object.wait(Native Method)
        at java.lang.Object.wait(Object.java:503)
        at java.util.TimerThread.mainLoop(Timer.java:526)
        at java.util.TimerThread.run(Timer.java:505)

"Localizer Cache Cleanup" 
   lock: java.util.concurrent.locks.AbstractQueuedSynchronizer$ConditionObject@113c9a5f owner: null
   java.lang.Thread.State: TIMED_WAITING
        at sun.misc.Unsafe.park(Native Method)
        at java.util.concurrent.locks.LockSupport.parkNanos(LockSupport.java:226)
        at java.util.concurrent.locks.AbstractQueuedSynchronizer$ConditionObject.awaitNanos(AbstractQueuedSynchronizer.java:2082)
        at java.util.concurrent.ScheduledThreadPoolExecutor$DelayedWorkQueue.take(ScheduledThreadPoolExecutor.java:1090)
        at java.util.concurrent.ScheduledThreadPoolExecutor$DelayedWorkQueue.take(ScheduledThreadPoolExecutor.java:807)
        at java.util.concurrent.ThreadPoolExecutor.getTask(ThreadPoolExecutor.java:1068)
        at java.util.concurrent.ThreadPoolExecutor.runWorker(ThreadPoolExecutor.java:1130)
        at java.util.concurrent.ThreadPoolExecutor$Worker.run(ThreadPoolExecutor.java:615)
        at java.lang.Thread.run(Thread.java:745)

"Localizer Cache Cleanup" 
   lock: java.util.concurrent.locks.AbstractQueuedSynchronizer$ConditionObject@21badbd0 owner: null
   java.lang.Thread.State: TIMED_WAITING
        at sun.misc.Unsafe.park(Native Method)
        at java.util.concurrent.locks.LockSupport.parkNanos(LockSupport.java:226)
        at java.util.concurrent.locks.AbstractQueuedSynchronizer$ConditionObject.awaitNanos(AbstractQueuedSynchronizer.java:2082)
        at java.util.concurrent.ScheduledThreadPoolExecutor$DelayedWorkQueue.take(ScheduledThreadPoolExecutor.java:1090)
        at java.util.concurrent.ScheduledThreadPoolExecutor$DelayedWorkQueue.take(ScheduledThreadPoolExecutor.java:807)
        at java.util.concurrent.ThreadPoolExecutor.getTask(ThreadPoolExecutor.java:1068)
        at java.util.concurrent.ThreadPoolExecutor.runWorker(ThreadPoolExecutor.java:1130)
        at java.util.concurrent.ThreadPoolExecutor$Worker.run(ThreadPoolExecutor.java:615)
        at java.lang.Thread.run(Thread.java:745)

"Thread-9" 
   lock: null owner: null
   java.lang.Thread.State: TIMED_WAITING
        at java.lang.Thread.sleep(Native Method)
        at org.apache.storm.utils.Time.sleepUntil(Time.java:86)
        at org.apache.storm.utils.Time.sleep(Time.java:91)
        at org.apache.storm.utils.TimeCacheMap$1.run(TimeCacheMap.java:61)
        at java.lang.Thread.run(Thread.java:745)

"Thread-7" 
   lock: null owner: null
   java.lang.Thread.State: TIMED_WAITING
        at java.lang.Thread.sleep(Native Method)
        at org.apache.storm.utils.Time.sleepUntil(Time.java:86)
        at org.apache.storm.utils.Time.sleep(Time.java:91)
        at org.apache.storm.utils.TimeCacheMap$1.run(TimeCacheMap.java:61)
        at java.lang.Thread.run(Thread.java:745)

"FileBlobStore cleanup thread" 
   lock: java.util.TaskQueue@72b545fc owner: null
   java.lang.Thread.State: TIMED_WAITING
        at java.lang.Object.wait(Native Method)
        at java.util.TimerThread.mainLoop(Timer.java:552)
        at java.util.TimerThread.run(Timer.java:505)

"Thread-3" 
   lock: null owner: null
   java.lang.Thread.State: TIMED_WAITING
        at java.lang.Thread.sleep(Native Method)
        at org.apache.storm.utils.Time.sleepUntil(Time.java:86)
        at org.apache.storm.utils.Time.sleep(Time.java:91)
        at org.apache.storm.utils.TimeCacheMap$1.run(TimeCacheMap.java:61)
        at java.lang.Thread.run(Thread.java:745)

"Thread-1" 
   lock: null owner: null
   java.lang.Thread.State: TIMED_WAITING
        at java.lang.Thread.sleep(Native Method)
        at org.apache.storm.utils.Time.sleepUntil(Time.java:86)
        at org.apache.storm.utils.Time.sleep(Time.java:91)
        at org.apache.storm.utils.TimeCacheMap$1.run(TimeCacheMap.java:61)
        at java.lang.Thread.run(Thread.java:745)

"Signal Dispatcher" 
   lock: null owner: null
   java.lang.Thread.State: RUNNABLE

"Finalizer" 
   lock: java.lang.ref.ReferenceQueue$Lock@5b05de39 owner: null
   java.lang.Thread.State: WAITING
        at java.lang.Object.wait(Native Method)
        at java.lang.ref.ReferenceQueue.remove(ReferenceQueue.java:135)
        at java.lang.ref.ReferenceQueue.remove(ReferenceQueue.java:151)
        at java.lang.ref.Finalizer$FinalizerThread.run(Finalizer.java:209)

"Reference Handler" 
   lock: java.lang.ref.Reference$Lock@5e409ede owner: null
   java.lang.Thread.State: WAITING
        at java.lang.Object.wait(Native Method)
        at java.lang.Object.wait(Object.java:503)
        at java.lang.ref.Reference$ReferenceHandler.run(Reference.java:133)

"main" 
   lock: null owner: null
   java.lang.Thread.State: RUNNABLE
        at sun.management.ThreadImpl.getThreadInfo1(Native Method)
        at sun.management.ThreadImpl.getThreadInfo(ThreadImpl.java:174)
        at org.apache.storm.utils.Utils.threadDump(Utils.java:1288)
        at org.apache.storm.messaging.netty_unit_test$test_load_fn.invoke(netty_unit_test.clj:115)
        at org.apache.storm.messaging.netty_unit_test$fn__475.invoke(netty_unit_test.clj:143)
        at clojure.test$test_var$fn__7670.invoke(test.clj:704)
        at clojure.test$test_var.invoke(test.clj:704)
        at clojure.test$test_vars$fn__7692$fn__7697.invoke(test.clj:722)
        at clojure.test$default_fixture.invoke(test.clj:674)
        at clojure.test$test_vars$fn__7692.invoke(test.clj:722)
        at clojure.test$default_fixture.invoke(test.clj:674)
        at clojure.test$test_vars.invoke(test.clj:718)
        at clojure.test$test_all_vars.invoke(test.clj:728)
        at clojure.test$test_ns.invoke(test.clj:747)
        at clojure.core$map$fn__4553.invoke(core.clj:2624)
        at clojure.lang.LazySeq.sval(LazySeq.java:40)
        at clojure.lang.LazySeq.seq(LazySeq.java:49)
        at clojure.lang.Cons.next(Cons.java:39)
        at clojure.lang.RT.boundedLength(RT.java:1735)
        at clojure.lang.RestFn.applyTo(RestFn.java:130)
        at clojure.core$apply.invoke(core.clj:632)
        at clojure.test$run_tests.doInvoke(test.clj:762)
        at clojure.lang.RestFn.invoke(RestFn.java:408)
        at org.apache.storm.testrunner$eval9818$iter__9819__9823$fn__9824$fn__9825$fn__9826.invoke(test_runner.clj:107)
        at org.apache.storm.testrunner$eval9818$iter__9819__9823$fn__9824$fn__9825.invoke(test_runner.clj:53)
        at org.apache.storm.testrunner$eval9818$iter__9819__9823$fn__9824.invoke(test_runner.clj:52)
        at clojure.lang.LazySeq.sval(LazySeq.java:40)
        at clojure.lang.LazySeq.seq(LazySeq.java:49)
        at clojure.lang.RT.seq(RT.java:507)
        at clojure.core$seq__4128.invoke(core.clj:137)
        at clojure.core$dorun.invoke(core.clj:3009)
        at org.apache.storm.testrunner$eval9818.invoke(test_runner.clj:52)
        at clojure.lang.Compiler.eval(Compiler.java:6782)
        at clojure.lang.Compiler.load(Compiler.java:7227)
        at clojure.lang.Compiler.loadFile(Compiler.java:7165)
        at clojure.main$load_script.invoke(main.clj:275)
        at clojure.main$script_opt.invoke(main.clj:337)
        at clojure.main$main.doInvoke(main.clj:421)
        at clojure.lang.RestFn.invoke(RestFn.java:421)
        at clojure.lang.Var.invoke(Var.java:383)
        at clojure.lang.AFn.applyToHelper(AFn.java:156)
        at clojure.lang.Var.applyTo(Var.java:700)
        at clojure.main.main(main.java:37)


            
--------------------------------------------------
Checking ./storm-core/target/test-reports/org.apache.storm.logviewer-test.xml
Checking ./storm-core/target/test-reports/org.apache.storm.clojure-test.xml
Checking ./storm-core/target/test-reports/org.apache.storm.trident.state-test.xml
Checking ./storm-core/target/test-reports/org.apache.storm.tuple-test.xml
Checking ./storm-core/target/test-reports/integration.org.apache.storm.integration-test.xml
Checking ./storm-core/target/test-reports/org.apache.storm.security.auth.AuthUtils-test.xml
Checking ./storm-core/target/test-reports/org.apache.storm.security.auth.drpc-auth-test.xml
Checking ./storm-core/target/test-reports/org.apache.storm.security.auth.ReqContext-test.xml
Checking ./storm-core/target/test-reports/org.apache.storm.security.serialization.BlowfishTupleSerializer-test.xml
Checking ./storm-core/target/test-reports/org.apache.storm.serialization.SerializationFactory-test.xml
Checking ./storm-core/target/test-reports/org.apache.storm.metrics-test.xml
Checking ./storm-core/target/test-reports/org.apache.storm.security.auth.auth-test.xml
Checking ./storm-core/target/test-reports/org.apache.storm.messaging.netty-integration-test.xml
Checking ./storm-core/target/test-reports/org.apache.storm.transactional-test.xml
Checking ./storm-core/target/test-reports/org.apache.storm.messaging-test.xml
Checking ./storm-core/target/test-reports/org.apache.storm.supervisor-test.xml
Checking ./storm-core/target/test-reports/org.apache.storm.subtopology-test.xml
Checking ./storm-core/target/test-reports/integration.org.apache.storm.trident.integration-test.xml
Checking ./storm-core/target/test-reports/org.apache.storm.versioned-store-test.xml
Checking ./storm-core/target/test-reports/org.apache.storm.utils.ZookeeperServerCnxnFactory-test.xml
Checking ./storm-core/target/test-reports/org.apache.storm.security.auth.DefaultHttpCredentialsPlugin-test.xml
Checking ./storm-core/target/test-reports/org.apache.storm.fields-test.xml
Checking ./storm-core/target/test-reports/org.apache.storm.submitter-test.xml
Checking ./storm-core/target/test-reports/org.apache.storm.cluster-test.xml
Checking ./storm-core/target/test-reports/org.apache.storm.security.auth.authorizer.DRPCSimpleACLAuthorizer-test.xml
Checking ./storm-core/target/test-reports/org.apache.storm.nimbus-test.xml
Checking ./storm-core/target/test-reports/org.apache.storm.security.auth.auto-login-module-test.xml
Checking ./storm-core/target/test-reports/org.apache.storm.security.auth.SaslTransportPlugin-test.xml
Checking ./storm-core/target/test-reports/org.apache.storm.grouping-test.xml
Checking ./storm-core/target/test-reports/org.apache.storm.serialization-test.xml
Checking ./storm-core/target/test-reports/org.apache.storm.worker-test.xml
Checking ./storm-core/target/test-reports/org.apache.storm.security.auth.nimbus-auth-test.xml
Checking ./storm-core/target/test-reports/org.apache.storm.local-state-test.xml
Checking ./storm-core/target/test-reports/org.apache.storm.scheduler-test.xml
Checking ./storm-core/target/test-reports/integration.org.apache.storm.testing4j-test.xml
Checking ./storm-core/target/test-reports/org.apache.storm.security.auth.ThriftClient-test.xml
Checking ./storm-core/target/test-reports/org.apache.storm.tick-tuple-test.xml
Checking ./storm-core/target/test-reports/org.apache.storm.scheduler.multitenant-scheduler-test.xml
Checking ./storm-core/target/test-reports/org.apache.storm.trident.tuple-test.xml

travis_time:end:078e0800:start=1466766251948899123,finish=1466766565232321285,duration=313283422162[0K
[31;1mThe command "/bin/bash ./dev-tools/travis/travis-script.sh `pwd` $MODULES" exited with 1.[0m
travis_fold:start:cache.2[0Kstore build cache
travis_time:start:06b80194[0K
travis_time:end:06b80194:start=1466766565236704244,finish=1466766565240050835,duration=3346591[0Ktravis_time:start:10123c92[0K[32;1mchange detected (content changed, file is created, or file is deleted):
/home/travis/.m2/repository/com/fasterxml/jackson/core/jackson-annotations/2.5.4/jackson-annotations-2.5.4.pom
/home/travis/.m2/repository/com/fasterxml/jackson/core/jackson-annotations/2.5.4/jackson-annotations-2.5.4.pom.sha1
/home/travis/.m2/repository/com/fasterxml/jackson/core/jackson-annotations/2.5.4/_remote.repositories
/home/travis/.m2/repository/com/fasterxml/jackson/jackson-parent/2.5.1/jackson-parent-2.5.1.pom
/home/travis/.m2/repository/com/fasterxml/jackson/jackson-parent/2.5.1/jackson-parent-2.5.1.pom.sha1
/home/travis/.m2/repository/com/fasterxml/jackson/jackson-parent/2.5.1/_remote.repositories
/home/travis/.m2/repository/com/fasterxml/jackson/jaxrs/jackson-jaxrs-base/2.5.4/jackson-jaxrs-base-2.5.4.jar
/home/travis/.m2/repository/com/fasterxml/jackson/jaxrs/jackson-jaxrs-base/2.5.4/jackson-jaxrs-base-2.5.4.jar.sha1
/home/travis/.m2/repository/com/fasterxml/jackson/jaxrs/jackson-jaxrs-base/2.5.4/jackson-jaxrs-base-2.5.4.pom
/home/travis/.m2/repository/com/fasterxml/jackso
[0m
[32;1m...
[0m
[32;1mchanges detected, packing new archive[0m
.
.
.
.
.
.
[32;1muploading archive[0m

travis_time:end:10123c92:start=1466766565244190149,finish=1466766623281727295,duration=58037537146[0Ktravis_fold:end:cache.2[0K
Done. Your build exited with 1.
