Using worker: worker-linux-docker-ca11978f.prod.travis-ci.org:travis-linux-16

travis_fold:start:system_info[0K[33;1mBuild system information[0m
Build language: java
Build group: stable
Build dist: precise
[34m[1mBuild image provisioning date and time[0m
Thu Feb  5 15:09:33 UTC 2015
[34m[1mOperating System Details[0m
Distributor ID:	Ubuntu
Description:	Ubuntu 12.04.5 LTS
Release:	12.04
Codename:	precise
[34m[1mLinux Version[0m
3.13.0-29-generic
[34m[1mCookbooks Version[0m
a68419e https://github.com/travis-ci/travis-cookbooks/tree/a68419e
[34m[1mGCC version[0m
gcc (Ubuntu/Linaro 4.6.3-1ubuntu5) 4.6.3
Copyright (C) 2011 Free Software Foundation, Inc.
This is free software; see the source for copying conditions.  There is NO
warranty; not even for MERCHANTABILITY or FITNESS FOR A PARTICULAR PURPOSE.

[34m[1mLLVM version[0m
clang version 3.4 (tags/RELEASE_34/final)
Target: x86_64-unknown-linux-gnu
Thread model: posix
[34m[1mPre-installed Ruby versions[0m
ruby-1.9.3-p551
[34m[1mPre-installed Node.js versions[0m
v0.10.36
[34m[1mPre-installed Go versions[0m
1.4.1
[34m[1mRedis version[0m
redis-server 2.8.19
[34m[1mriak version[0m
2.0.2
[34m[1mMongoDB version[0m
MongoDB 2.4.12
[34m[1mCouchDB version[0m
couchdb 1.6.1
[34m[1mNeo4j version[0m
1.9.4
[34m[1mRabbitMQ Version[0m
3.4.3
[34m[1mElasticSearch version[0m
1.4.0
[34m[1mInstalled Sphinx versions[0m
2.0.10
2.1.9
2.2.6
[34m[1mDefault Sphinx version[0m
2.2.6
[34m[1mInstalled Firefox version[0m
firefox 31.0esr
[34m[1mPhantomJS version[0m
1.9.8
[34m[1mant -version[0m
Apache Ant(TM) version 1.8.2 compiled on December 3 2011
[34m[1mmvn -version[0m
Apache Maven 3.2.5 (12a6b3acb947671f09b81f49094c53f426d8cea1; 2014-12-14T17:29:23+00:00)
Maven home: /usr/local/maven
Java version: 1.7.0_76, vendor: Oracle Corporation
Java home: /usr/lib/jvm/java-7-oracle/jre
Default locale: en_US, platform encoding: ANSI_X3.4-1968
OS name: "linux", version: "3.13.0-29-generic", arch: "amd64", family: "unix"
travis_fold:end:system_info[0K
travis_fold:start:fix.CVE-2015-7547[0K$ export DEBIAN_FRONTEND=noninteractive
W: Size of file /var/lib/apt/lists/us.archive.ubuntu.com_ubuntu_dists_precise-backports_multiverse_source_Sources.gz is not what the server reported 5886 5888
W: Size of file /var/lib/apt/lists/ppa.launchpad.net_ubuntugis_ppa_ubuntu_dists_precise_main_binary-amd64_Packages.gz is not what the server reported 36669 36677
W: Size of file /var/lib/apt/lists/ppa.launchpad.net_ubuntugis_ppa_ubuntu_dists_precise_main_binary-i386_Packages.gz is not what the server reported 36729 36733
Reading package lists...
Building dependency tree...
Reading state information...
The following extra packages will be installed:
  libc-bin libc-dev-bin libc6-dev
Suggested packages:
  glibc-doc
The following packages will be upgraded:
  libc-bin libc-dev-bin libc6 libc6-dev
4 upgraded, 0 newly installed, 0 to remove and 247 not upgraded.
Need to get 8,840 kB of archives.
After this operation, 14.3 kB disk space will be freed.
Get:1 http://us.archive.ubuntu.com/ubuntu/ precise-updates/main libc6-dev amd64 2.15-0ubuntu10.15 [2,943 kB]
Get:2 http://us.archive.ubuntu.com/ubuntu/ precise-updates/main libc-dev-bin amd64 2.15-0ubuntu10.15 [84.7 kB]
Get:3 http://us.archive.ubuntu.com/ubuntu/ precise-updates/main libc-bin amd64 2.15-0ubuntu10.15 [1,177 kB]
Get:4 http://us.archive.ubuntu.com/ubuntu/ precise-updates/main libc6 amd64 2.15-0ubuntu10.15 [4,636 kB]
Fetched 8,840 kB in 1s (8,135 kB/s)
Preconfiguring packages ...
(Reading database ... (Reading database ... 5%(Reading database ... 10%(Reading database ... 15%(Reading database ... 20%(Reading database ... 25%(Reading database ... 30%(Reading database ... 35%(Reading database ... 40%(Reading database ... 45%(Reading database ... 50%(Reading database ... 55%(Reading database ... 60%(Reading database ... 65%(Reading database ... 70%(Reading database ... 75%(Reading database ... 80%(Reading database ... 85%(Reading database ... 90%(Reading database ... 95%(Reading database ... 100%(Reading database ... 72019 files and directories currently installed.)
Preparing to replace libc6-dev 2.15-0ubuntu10.10 (using .../libc6-dev_2.15-0ubuntu10.15_amd64.deb) ...
Unpacking replacement libc6-dev ...
Preparing to replace libc-dev-bin 2.15-0ubuntu10.10 (using .../libc-dev-bin_2.15-0ubuntu10.15_amd64.deb) ...
Unpacking replacement libc-dev-bin ...
Preparing to replace libc-bin 2.15-0ubuntu10.10 (using .../libc-bin_2.15-0ubuntu10.15_amd64.deb) ...
Unpacking replacement libc-bin ...
Processing triggers for man-db ...
Setting up libc-bin (2.15-0ubuntu10.15) ...
(Reading database ... (Reading database ... 5%(Reading database ... 10%(Reading database ... 15%(Reading database ... 20%(Reading database ... 25%(Reading database ... 30%(Reading database ... 35%(Reading database ... 40%(Reading database ... 45%(Reading database ... 50%(Reading database ... 55%(Reading database ... 60%(Reading database ... 65%(Reading database ... 70%(Reading database ... 75%(Reading database ... 80%(Reading database ... 85%(Reading database ... 90%(Reading database ... 95%(Reading database ... 100%(Reading database ... 72018 files and directories currently installed.)
Preparing to replace libc6 2.15-0ubuntu10.10 (using .../libc6_2.15-0ubuntu10.15_amd64.deb) ...
Unpacking replacement libc6 ...
Setting up libc6 (2.15-0ubuntu10.15) ...
Setting up libc-dev-bin (2.15-0ubuntu10.15) ...
Setting up libc6-dev (2.15-0ubuntu10.15) ...
Processing triggers for libc-bin ...
ldconfig deferred processing now taking place
travis_fold:end:fix.CVE-2015-7547[0Ktravis_fold:start:git.checkout[0Ktravis_time:start:2ce62310[0K$ git clone --depth=50 https://github.com/apache/storm.git apache/storm
Cloning into 'apache/storm'...
remote: Counting objects: 19310, done.[K
remote: Compressing objects:   0% (1/7822)   [Kremote: Compressing objects:   1% (79/7822)   [Kremote: Compressing objects:   2% (157/7822)   [Kremote: Compressing objects:   3% (235/7822)   [Kremote: Compressing objects:   4% (313/7822)   [Kremote: Compressing objects:   5% (392/7822)   [Kremote: Compressing objects:   6% (470/7822)   [Kremote: Compressing objects:   7% (548/7822)   [Kremote: Compressing objects:   8% (626/7822)   [Kremote: Compressing objects:   9% (704/7822)   [Kremote: Compressing objects:  10% (783/7822)   [Kremote: Compressing objects:  11% (861/7822)   [Kremote: Compressing objects:  12% (939/7822)   [Kremote: Compressing objects:  13% (1017/7822)   [Kremote: Compressing objects:  14% (1096/7822)   [Kremote: Compressing objects:  15% (1174/7822)   [Kremote: Compressing objects:  16% (1252/7822)   [Kremote: Compressing objects:  17% (1330/7822)   [Kremote: Compressing objects:  18% (1408/7822)   [Kremote: Compressing objects:  19% (1487/7822)   [Kremote: Compressing objects:  20% (1565/7822)   [Kremote: Compressing objects:  21% (1643/7822)   [Kremote: Compressing objects:  22% (1721/7822)   [Kremote: Compressing objects:  23% (1800/7822)   [Kremote: Compressing objects:  24% (1878/7822)   [Kremote: Compressing objects:  25% (1956/7822)   [Kremote: Compressing objects:  26% (2034/7822)   [Kremote: Compressing objects:  27% (2112/7822)   [Kremote: Compressing objects:  28% (2191/7822)   [Kremote: Compressing objects:  29% (2269/7822)   [Kremote: Compressing objects:  30% (2347/7822)   [Kremote: Compressing objects:  31% (2425/7822)   [Kremote: Compressing objects:  32% (2504/7822)   [Kremote: Compressing objects:  33% (2582/7822)   [Kremote: Compressing objects:  34% (2660/7822)   [Kremote: Compressing objects:  35% (2738/7822)   [Kremote: Compressing objects:  36% (2816/7822)   [Kremote: Compressing objects:  37% (2895/7822)   [Kremote: Compressing objects:  38% (2973/7822)   [Kremote: Compressing objects:  39% (3051/7822)   [Kremote: Compressing objects:  40% (3129/7822)   [Kremote: Compressing objects:  41% (3208/7822)   [Kremote: Compressing objects:  42% (3286/7822)   [Kremote: Compressing objects:  43% (3364/7822)   [Kremote: Compressing objects:  44% (3442/7822)   [Kremote: Compressing objects:  45% (3520/7822)   [Kremote: Compressing objects:  46% (3599/7822)   [Kremote: Compressing objects:  47% (3677/7822)   [Kremote: Compressing objects:  48% (3755/7822)   [Kremote: Compressing objects:  49% (3833/7822)   [Kremote: Compressing objects:  50% (3911/7822)   [Kremote: Compressing objects:  51% (3990/7822)   [Kremote: Compressing objects:  52% (4068/7822)   [Kremote: Compressing objects:  53% (4146/7822)   [Kremote: Compressing objects:  54% (4224/7822)   [Kremote: Compressing objects:  55% (4303/7822)   [Kremote: Compressing objects:  56% (4381/7822)   [Kremote: Compressing objects:  57% (4459/7822)   [Kremote: Compressing objects:  58% (4537/7822)   [Kremote: Compressing objects:  59% (4615/7822)   [Kremote: Compressing objects:  60% (4694/7822)   [Kremote: Compressing objects:  61% (4772/7822)   [Kremote: Compressing objects:  62% (4850/7822)   [Kremote: Compressing objects:  63% (4928/7822)   [Kremote: Compressing objects:  64% (5007/7822)   [Kremote: Compressing objects:  65% (5085/7822)   [Kremote: Compressing objects:  66% (5163/7822)   [Kremote: Compressing objects:  67% (5241/7822)   [Kremote: Compressing objects:  68% (5319/7822)   [Kremote: Compressing objects:  69% (5398/7822)   [Kremote: Compressing objects:  70% (5476/7822)   [Kremote: Compressing objects:  71% (5554/7822)   [Kremote: Compressing objects:  72% (5632/7822)   [Kremote: Compressing objects:  73% (5711/7822)   [Kremote: Compressing objects:  74% (5789/7822)   [Kremote: Compressing objects:  75% (5867/7822)   [Kremote: Compressing objects:  76% (5945/7822)   [Kremote: Compressing objects:  77% (6023/7822)   [Kremote: Compressing objects:  78% (6102/7822)   [Kremote: Compressing objects:  79% (6180/7822)   [Kremote: Compressing objects:  80% (6258/7822)   [Kremote: Compressing objects:  81% (6336/7822)   [Kremote: Compressing objects:  82% (6415/7822)   [Kremote: Compressing objects:  83% (6493/7822)   [Kremote: Compressing objects:  84% (6571/7822)   [Kremote: Compressing objects:  85% (6649/7822)   [Kremote: Compressing objects:  86% (6727/7822)   [Kremote: Compressing objects:  87% (6806/7822)   [Kremote: Compressing objects:  88% (6884/7822)   [Kremote: Compressing objects:  89% (6962/7822)   [Kremote: Compressing objects:  90% (7040/7822)   [Kremote: Compressing objects:  91% (7119/7822)   [Kremote: Compressing objects:  92% (7197/7822)   [Kremote: Compressing objects:  93% (7275/7822)   [Kremote: Compressing objects:  94% (7353/7822)   [Kremote: Compressing objects:  95% (7431/7822)   [Kremote: Compressing objects:  96% (7510/7822)   [Kremote: Compressing objects:  97% (7588/7822)   [Kremote: Compressing objects:  98% (7666/7822)   [Kremote: Compressing objects:  99% (7744/7822)   [Kremote: Compressing objects: 100% (7822/7822)   [Kremote: Compressing objects: 100% (7822/7822), done.[K
Receiving objects:   0% (1/19310)   Receiving objects:   1% (194/19310)   Receiving objects:   2% (387/19310)   Receiving objects:   3% (580/19310)   Receiving objects:   4% (773/19310)   Receiving objects:   5% (966/19310)   Receiving objects:   6% (1159/19310)   Receiving objects:   7% (1352/19310)   Receiving objects:   8% (1545/19310)   Receiving objects:   9% (1738/19310)   Receiving objects:  10% (1931/19310)   Receiving objects:  11% (2125/19310)   Receiving objects:  12% (2318/19310)   Receiving objects:  13% (2511/19310)   Receiving objects:  14% (2704/19310)   Receiving objects:  15% (2897/19310)   Receiving objects:  16% (3090/19310)   Receiving objects:  17% (3283/19310)   Receiving objects:  18% (3476/19310)   Receiving objects:  19% (3669/19310)   Receiving objects:  20% (3862/19310)   Receiving objects:  21% (4056/19310)   Receiving objects:  22% (4249/19310)   Receiving objects:  23% (4442/19310)   Receiving objects:  24% (4635/19310)   Receiving objects:  25% (4828/19310)   Receiving objects:  26% (5021/19310)   Receiving objects:  27% (5214/19310)   Receiving objects:  28% (5407/19310)   Receiving objects:  29% (5600/19310)   Receiving objects:  30% (5793/19310)   Receiving objects:  31% (5987/19310)   Receiving objects:  32% (6180/19310)   Receiving objects:  33% (6373/19310)   Receiving objects:  34% (6566/19310)   Receiving objects:  35% (6759/19310)   Receiving objects:  36% (6952/19310)   Receiving objects:  37% (7145/19310)   Receiving objects:  38% (7338/19310)   Receiving objects:  39% (7531/19310)   Receiving objects:  40% (7724/19310)   Receiving objects:  41% (7918/19310)   Receiving objects:  42% (8111/19310)   Receiving objects:  43% (8304/19310)   Receiving objects:  44% (8497/19310)   Receiving objects:  45% (8690/19310)   Receiving objects:  46% (8883/19310)   Receiving objects:  47% (9076/19310)   Receiving objects:  48% (9269/19310), 10.15 MiB | 20.25 MiB/s   Receiving objects:  49% (9462/19310), 10.15 MiB | 20.25 MiB/s   Receiving objects:  50% (9655/19310), 10.15 MiB | 20.25 MiB/s   Receiving objects:  51% (9849/19310), 10.15 MiB | 20.25 MiB/s   Receiving objects:  52% (10042/19310), 10.15 MiB | 20.25 MiB/s   Receiving objects:  53% (10235/19310), 10.15 MiB | 20.25 MiB/s   Receiving objects:  54% (10428/19310), 10.15 MiB | 20.25 MiB/s   Receiving objects:  55% (10621/19310), 10.15 MiB | 20.25 MiB/s   Receiving objects:  56% (10814/19310), 10.15 MiB | 20.25 MiB/s   Receiving objects:  57% (11007/19310), 10.15 MiB | 20.25 MiB/s   Receiving objects:  58% (11200/19310), 10.15 MiB | 20.25 MiB/s   Receiving objects:  59% (11393/19310), 10.15 MiB | 20.25 MiB/s   Receiving objects:  60% (11586/19310), 10.15 MiB | 20.25 MiB/s   Receiving objects:  61% (11780/19310), 10.15 MiB | 20.25 MiB/s   Receiving objects:  62% (11973/19310), 10.15 MiB | 20.25 MiB/s   Receiving objects:  63% (12166/19310), 10.15 MiB | 20.25 MiB/s   Receiving objects:  64% (12359/19310), 10.15 MiB | 20.25 MiB/s   Receiving objects:  65% (12552/19310), 10.15 MiB | 20.25 MiB/s   Receiving objects:  66% (12745/19310), 10.15 MiB | 20.25 MiB/s   Receiving objects:  67% (12938/19310), 10.15 MiB | 20.25 MiB/s   Receiving objects:  68% (13131/19310), 10.15 MiB | 20.25 MiB/s   Receiving objects:  69% (13324/19310), 10.15 MiB | 20.25 MiB/s   Receiving objects:  70% (13517/19310), 10.15 MiB | 20.25 MiB/s   Receiving objects:  71% (13711/19310), 10.15 MiB | 20.25 MiB/s   Receiving objects:  72% (13904/19310), 10.15 MiB | 20.25 MiB/s   Receiving objects:  73% (14097/19310), 10.15 MiB | 20.25 MiB/s   Receiving objects:  74% (14290/19310), 10.15 MiB | 20.25 MiB/s   Receiving objects:  75% (14483/19310), 10.15 MiB | 20.25 MiB/s   Receiving objects:  76% (14676/19310), 10.15 MiB | 20.25 MiB/s   Receiving objects:  77% (14869/19310), 10.15 MiB | 20.25 MiB/s   Receiving objects:  78% (15062/19310), 10.15 MiB | 20.25 MiB/s   Receiving objects:  79% (15255/19310), 10.15 MiB | 20.25 MiB/s   Receiving objects:  80% (15448/19310), 10.15 MiB | 20.25 MiB/s   Receiving objects:  81% (15642/19310), 10.15 MiB | 20.25 MiB/s   Receiving objects:  82% (15835/19310), 10.15 MiB | 20.25 MiB/s   Receiving objects:  83% (16028/19310), 10.15 MiB | 20.25 MiB/s   Receiving objects:  84% (16221/19310), 10.15 MiB | 20.25 MiB/s   Receiving objects:  85% (16414/19310), 10.15 MiB | 20.25 MiB/s   Receiving objects:  86% (16607/19310), 10.15 MiB | 20.25 MiB/s   Receiving objects:  87% (16800/19310), 10.15 MiB | 20.25 MiB/s   Receiving objects:  88% (16993/19310), 10.15 MiB | 20.25 MiB/s   Receiving objects:  89% (17186/19310), 10.15 MiB | 20.25 MiB/s   Receiving objects:  90% (17379/19310), 10.15 MiB | 20.25 MiB/s   Receiving objects:  91% (17573/19310), 10.15 MiB | 20.25 MiB/s   Receiving objects:  92% (17766/19310), 10.15 MiB | 20.25 MiB/s   Receiving objects:  93% (17959/19310), 10.15 MiB | 20.25 MiB/s   Receiving objects:  94% (18152/19310), 10.15 MiB | 20.25 MiB/s   Receiving objects:  95% (18345/19310), 10.15 MiB | 20.25 MiB/s   Receiving objects:  96% (18538/19310), 10.15 MiB | 20.25 MiB/s   Receiving objects:  97% (18731/19310), 10.15 MiB | 20.25 MiB/s   Receiving objects:  98% (18924/19310), 10.15 MiB | 20.25 MiB/s   remote: Total 19310 (delta 9318), reused 16549 (delta 7163), pack-reused 0[K
Receiving objects:  99% (19117/19310), 10.15 MiB | 20.25 MiB/s   Receiving objects: 100% (19310/19310), 10.15 MiB | 20.25 MiB/s   Receiving objects: 100% (19310/19310), 14.72 MiB | 20.25 MiB/s, done.
Resolving deltas:   0% (0/9318)   Resolving deltas:   1% (127/9318)   Resolving deltas:   2% (209/9318)   Resolving deltas:   3% (305/9318)   Resolving deltas:   4% (377/9318)   Resolving deltas:   5% (466/9318)   Resolving deltas:   6% (574/9318)   Resolving deltas:   7% (653/9318)   Resolving deltas:   8% (816/9318)   Resolving deltas:   9% (841/9318)   Resolving deltas:  10% (932/9318)   Resolving deltas:  11% (1052/9318)   Resolving deltas:  12% (1150/9318)   Resolving deltas:  13% (1212/9318)   Resolving deltas:  14% (1312/9318)   Resolving deltas:  15% (1399/9318)   Resolving deltas:  16% (1491/9318)   Resolving deltas:  17% (1589/9318)   Resolving deltas:  18% (1678/9318)   Resolving deltas:  19% (1773/9318)   Resolving deltas:  20% (1864/9318)   Resolving deltas:  21% (1958/9318)   Resolving deltas:  22% (2051/9318)   Resolving deltas:  23% (2153/9318)   Resolving deltas:  24% (2240/9318)   Resolving deltas:  25% (2330/9318)   Resolving deltas:  26% (2424/9318)   Resolving deltas:  27% (2525/9318)   Resolving deltas:  28% (2617/9318)   Resolving deltas:  29% (2713/9318)   Resolving deltas:  32% (3044/9318)   Resolving deltas:  33% (3132/9318)   Resolving deltas:  34% (3216/9318)   Resolving deltas:  35% (3280/9318)   Resolving deltas:  39% (3658/9318)   Resolving deltas:  40% (3732/9318)   Resolving deltas:  41% (3822/9318)   Resolving deltas:  42% (3920/9318)   Resolving deltas:  43% (4007/9318)   Resolving deltas:  44% (4119/9318)   Resolving deltas:  45% (4195/9318)   Resolving deltas:  46% (4302/9318)   Resolving deltas:  47% (4385/9318)   Resolving deltas:  48% (4474/9318)   Resolving deltas:  49% (4566/9318)   Resolving deltas:  50% (4660/9318)   Resolving deltas:  51% (4753/9318)   Resolving deltas:  52% (4847/9318)   Resolving deltas:  53% (4943/9318)   Resolving deltas:  54% (5036/9318)   Resolving deltas:  55% (5128/9318)   Resolving deltas:  56% (5219/9318)   Resolving deltas:  57% (5313/9318)   Resolving deltas:  58% (5411/9318)   Resolving deltas:  59% (5498/9318)   Resolving deltas:  60% (5602/9318)   Resolving deltas:  61% (5684/9318)   Resolving deltas:  62% (5781/9318)   Resolving deltas:  63% (5883/9318)   Resolving deltas:  64% (5964/9318)   Resolving deltas:  65% (6063/9318)   Resolving deltas:  66% (6150/9318)   Resolving deltas:  67% (6244/9318)   Resolving deltas:  68% (6343/9318)   Resolving deltas:  69% (6452/9318)   Resolving deltas:  72% (6789/9318)   Resolving deltas:  73% (6807/9318)   Resolving deltas:  74% (6898/9318)   Resolving deltas:  75% (6996/9318)   Resolving deltas:  77% (7234/9318)   Resolving deltas:  78% (7307/9318)   Resolving deltas:  79% (7442/9318)   Resolving deltas:  80% (7456/9318)   Resolving deltas:  81% (7577/9318)   Resolving deltas:  82% (7641/9318)   Resolving deltas:  83% (7753/9318)   Resolving deltas:  84% (7828/9318)   Resolving deltas:  85% (7926/9318)   Resolving deltas:  86% (8014/9318)   Resolving deltas:  87% (8115/9318)   Resolving deltas:  88% (8215/9318)   Resolving deltas:  91% (8508/9318)   Resolving deltas:  92% (8613/9318)   Resolving deltas:  93% (8682/9318)   Resolving deltas:  94% (8762/9318)   Resolving deltas:  95% (8856/9318)   Resolving deltas:  96% (8952/9318)   Resolving deltas:  97% (9050/9318)   Resolving deltas:  98% (9133/9318)   Resolving deltas:  99% (9226/9318)   Resolving deltas: 100% (9318/9318)   Resolving deltas: 100% (9318/9318), done.
Checking connectivity... done.

travis_time:end:2ce62310:start=1466784249715963340,finish=1466784254634177957,duration=4918214617[0K$ cd apache/storm
travis_time:start:16809f2d[0K$ git fetch origin +refs/pull/1470/merge:
remote: Counting objects: 82, done.[K
remote: Compressing objects:   2% (1/36)   [Kremote: Compressing objects:   5% (2/36)   [Kremote: Compressing objects:   8% (3/36)   [Kremote: Compressing objects:  11% (4/36)   [Kremote: Compressing objects:  13% (5/36)   [Kremote: Compressing objects:  16% (6/36)   [Kremote: Compressing objects:  19% (7/36)   [Kremote: Compressing objects:  22% (8/36)   [Kremote: Compressing objects:  25% (9/36)   [Kremote: Compressing objects:  27% (10/36)   [Kremote: Compressing objects:  30% (11/36)   [Kremote: Compressing objects:  33% (12/36)   [Kremote: Compressing objects:  36% (13/36)   [Kremote: Compressing objects:  38% (14/36)   [Kremote: Compressing objects:  41% (15/36)   [Kremote: Compressing objects:  44% (16/36)   [Kremote: Compressing objects:  47% (17/36)   [Kremote: Compressing objects:  50% (18/36)   [Kremote: Compressing objects:  52% (19/36)   [Kremote: Compressing objects:  55% (20/36)   [Kremote: Compressing objects:  58% (21/36)   [Kremote: Compressing objects:  61% (22/36)   [Kremote: Compressing objects:  63% (23/36)   [Kremote: Compressing objects:  66% (24/36)   [Kremote: Compressing objects:  69% (25/36)   [Kremote: Compressing objects:  72% (26/36)   [Kremote: Compressing objects:  75% (27/36)   [Kremote: Compressing objects:  77% (28/36)   [Kremote: Compressing objects:  80% (29/36)   [Kremote: Compressing objects:  83% (30/36)   [Kremote: Compressing objects:  86% (31/36)   [Kremote: Compressing objects:  88% (32/36)   [Kremote: Compressing objects:  91% (33/36)   [Kremote: Compressing objects:  94% (34/36)   [Kremote: Compressing objects:  97% (35/36)   [Kremote: Compressing objects: 100% (36/36)   [Kremote: Compressing objects: 100% (36/36), done.[K
remote: Total 82 (delta 28), reused 54 (delta 11), pack-reused 0[K
Unpacking objects:   1% (1/82)   Unpacking objects:   2% (2/82)   Unpacking objects:   3% (3/82)   Unpacking objects:   4% (4/82)   Unpacking objects:   6% (5/82)   Unpacking objects:   7% (6/82)   Unpacking objects:   8% (7/82)   Unpacking objects:   9% (8/82)   Unpacking objects:  10% (9/82)   Unpacking objects:  12% (10/82)   Unpacking objects:  13% (11/82)   Unpacking objects:  14% (12/82)   Unpacking objects:  15% (13/82)   Unpacking objects:  17% (14/82)   Unpacking objects:  18% (15/82)   Unpacking objects:  19% (16/82)   Unpacking objects:  20% (17/82)   Unpacking objects:  21% (18/82)   Unpacking objects:  23% (19/82)   Unpacking objects:  24% (20/82)   Unpacking objects:  25% (21/82)   Unpacking objects:  26% (22/82)   Unpacking objects:  28% (23/82)   Unpacking objects:  29% (24/82)   Unpacking objects:  30% (25/82)   Unpacking objects:  31% (26/82)   Unpacking objects:  32% (27/82)   Unpacking objects:  34% (28/82)   Unpacking objects:  35% (29/82)   Unpacking objects:  36% (30/82)   Unpacking objects:  37% (31/82)   Unpacking objects:  39% (32/82)   Unpacking objects:  40% (33/82)   Unpacking objects:  41% (34/82)   Unpacking objects:  42% (35/82)   Unpacking objects:  43% (36/82)   Unpacking objects:  45% (37/82)   Unpacking objects:  46% (38/82)   Unpacking objects:  47% (39/82)   Unpacking objects:  48% (40/82)   Unpacking objects:  50% (41/82)   Unpacking objects:  51% (42/82)   Unpacking objects:  52% (43/82)   Unpacking objects:  53% (44/82)   Unpacking objects:  54% (45/82)   Unpacking objects:  56% (46/82)   Unpacking objects:  57% (47/82)   Unpacking objects:  58% (48/82)   Unpacking objects:  59% (49/82)   Unpacking objects:  60% (50/82)   Unpacking objects:  62% (51/82)   Unpacking objects:  63% (52/82)   Unpacking objects:  64% (53/82)   Unpacking objects:  65% (54/82)   Unpacking objects:  67% (55/82)   Unpacking objects:  68% (56/82)   Unpacking objects:  69% (57/82)   Unpacking objects:  70% (58/82)   Unpacking objects:  71% (59/82)   Unpacking objects:  73% (60/82)   Unpacking objects:  74% (61/82)   Unpacking objects:  75% (62/82)   Unpacking objects:  76% (63/82)   Unpacking objects:  78% (64/82)   Unpacking objects:  79% (65/82)   Unpacking objects:  80% (66/82)   Unpacking objects:  81% (67/82)   Unpacking objects:  82% (68/82)   Unpacking objects:  84% (69/82)   Unpacking objects:  85% (70/82)   Unpacking objects:  86% (71/82)   Unpacking objects:  87% (72/82)   Unpacking objects:  89% (73/82)   Unpacking objects:  90% (74/82)   Unpacking objects:  91% (75/82)   Unpacking objects:  92% (76/82)   Unpacking objects:  93% (77/82)   Unpacking objects:  95% (78/82)   Unpacking objects:  96% (79/82)   Unpacking objects:  97% (80/82)   Unpacking objects:  98% (81/82)   Unpacking objects: 100% (82/82)   Unpacking objects: 100% (82/82), done.
From https://github.com/apache/storm
 * branch            refs/pull/1470/merge -> FETCH_HEAD

travis_time:end:16809f2d:start=1466784254637916240,finish=1466784255234876166,duration=596959926[0K$ git checkout -qf FETCH_HEAD
travis_fold:end:git.checkout[0K
[33;1mThis job is running on container-based infrastructure, which does not allow use of 'sudo', setuid and setguid executables.[0m
[33;1mIf you require sudo, add 'sudo: required' to your .travis.yml[0m
[33;1mSee https://docs.travis-ci.com/user/workers/container-based-infrastructure/ for details.[0m

[33;1mSetting environment variables from .travis.yml[0m
$ export MODULES=storm-core

$ jdk_switcher use oraclejdk8
Switching to Oracle JDK8 (java-8-oracle), JAVA_HOME will be set to /usr/lib/jvm/java-8-oracle
travis_fold:start:cache.1[0KSetting up build cache
$ export CASHER_DIR=$HOME/.casher
travis_time:start:049b9ec1[0K$ Installing caching utilities

travis_time:end:049b9ec1:start=1466784262610389172,finish=1466784262730214170,duration=119824998[0Ktravis_time:start:0848e074[0K
travis_time:end:0848e074:start=1466784262735464302,finish=1466784262738811876,duration=3347574[0Ktravis_time:start:0d452724[0K[32;1mattempting to download cache archive[0m
[32;1mfetching PR.1470/cache-linux-precise-4722ea394922d42b2b7eb84cff6efc764d76759821ac6f6efc13232aa923f595--jdk-oraclejdk8.tgz[0m
[32;1mfound cache[0m

travis_time:end:0d452724:start=1466784262742978262,finish=1466784274625336103,duration=11882357841[0Ktravis_time:start:0586dc01[0K
travis_time:end:0586dc01:start=1466784274630207505,finish=1466784274634545691,duration=4338186[0Ktravis_time:start:0bce92fc[0K[32;1madding /home/travis/.m2/repository to cache[0m
[32;1madding /home/travis/.rvm to cache[0m
[32;1madding /home/travis/.nvm to cache[0m

travis_time:end:0bce92fc:start=1466784274639226315,finish=1466784296234875879,duration=21595649564[0Ktravis_fold:end:cache.1[0K$ java -Xmx32m -version
java version "1.8.0_31"
Java(TM) SE Runtime Environment (build 1.8.0_31-b13)
Java HotSpot(TM) 64-Bit Server VM (build 25.31-b07, mixed mode)
$ javac -J-Xmx32m -version
javac 1.8.0_31
travis_fold:start:before_install.1[0Ktravis_time:start:00e77769[0K$ rvm use 2.1.5 --install
[32mUsing /home/travis/.rvm/gems/ruby-2.1.5[0m

travis_time:end:00e77769:start=1466784297083047441,finish=1466784297334321317,duration=251273876[0Ktravis_fold:end:before_install.1[0Ktravis_fold:start:before_install.2[0Ktravis_time:start:0a3ee06a[0K$ nvm install 0.12.2
v0.12.2 is already installed.
Now using node v0.12.2

travis_time:end:0a3ee06a:start=1466784297340568957,finish=1466784297617085348,duration=276516391[0Ktravis_fold:end:before_install.2[0Ktravis_fold:start:before_install.3[0Ktravis_time:start:0375e510[0K$ nvm use 0.12.2
Now using node v0.12.2

travis_time:end:0375e510:start=1466784297622473475,finish=1466784297691407866,duration=68934391[0Ktravis_fold:end:before_install.3[0Ktravis_fold:start:install[0Ktravis_time:start:0666f2dc[0K$ /bin/bash ./dev-tools/travis/travis-install.sh `pwd`
Python version :   Python 2.7.3
Java HotSpot(TM) 64-Bit Server VM warning: ignoring option MaxPermSize=192m; support was removed in 8.0
Maven version  :   Apache Maven 3.2.5 (12a6b3acb947671f09b81f49094c53f426d8cea1; 2014-12-14T17:29:23+00:00) Maven home: /usr/local/maven Java version: 1.8.0_31, vendor: Oracle Corporation Java home: /usr/lib/jvm/java-8-oracle/jre Default locale: en_US, platform encoding: UTF-8 OS name: "linux", version: "3.13.0-40-generic", arch: "amd64", family: "unix"
['mvn', 'clean', 'install', '-DskipTests', '-Pnative', '--batch-mode'] writing to install.txt
3 seconds 2 log lines13 seconds 54 log lines24 seconds 197 log lines35 seconds 306 log lines70 seconds 324 log lines85 seconds 331 log lines95 seconds 369 log lines107 seconds 509 log lines122 seconds 653 log lines134 seconds 796 log lines146 seconds 866 log lines157 seconds 884 log lines167 seconds 939 log lines178 seconds 1053 log lines191 seconds 1323 log lines204 seconds 1478 log lines215 seconds 1684 log lines226 seconds 1989 log lines237 seconds 2220 log lines254 seconds 2382 log lines268 seconds 2734 log lines275 seconds 2787 log lines
['mvn', 'clean', 'install', '-DskipTests', '-Pnative', '--batch-mode'] done 0

travis_time:end:0666f2dc:start=1466784297696820973,finish=1466784573523054131,duration=275826233158[0Ktravis_fold:end:install[0Ktravis_time:start:05ab30ba[0K$ /bin/bash ./dev-tools/travis/travis-script.sh `pwd` $MODULES
Python version :   Python 2.7.3
Ruby version   :   ruby 2.1.5p273 (2014-11-13 revision 48405) [x86_64-linux]
NodeJs version :   v0.12.2
Java HotSpot(TM) 64-Bit Server VM warning: ignoring option MaxPermSize=192m; support was removed in 8.0
Maven version  :   Apache Maven 3.2.5 (12a6b3acb947671f09b81f49094c53f426d8cea1; 2014-12-14T17:29:23+00:00) Maven home: /usr/local/maven Java version: 1.8.0_31, vendor: Oracle Corporation Java home: /usr/lib/jvm/java-8-oracle/jre Default locale: en_US, platform encoding: UTF-8 OS name: "linux", version: "3.13.0-40-generic", arch: "amd64", family: "unix"
Java HotSpot(TM) 64-Bit Server VM warning: ignoring option MaxPermSize=192m; support was removed in 8.0
[INFO] Scanning for projects...
[INFO]                                                                         
[INFO] ------------------------------------------------------------------------
[INFO] Building Storm Core 2.0.0-SNAPSHOT
[INFO] ------------------------------------------------------------------------
[INFO] 
[INFO] --- exec-maven-plugin:1.2.1:exec (default) @ storm-core ---
[INFO] 
[INFO] --- maven-remote-resources-plugin:1.2.1:process (default) @ storm-core ---
[INFO] 
[INFO] --- storm-maven-plugins:2.0.0-SNAPSHOT:version-info (version-info) @ storm-core ---
[WARNING] [svn, info] failed with error code 1
[INFO] SCM: GIT
[INFO] Computed MD5: 35df4d20960d76f7114caa1bd8ecfb
[INFO] 
[INFO] --- maven-resources-plugin:2.5:resources (default-resources) @ storm-core ---
[debug] execute contextualize
[INFO] Using 'UTF-8' encoding to copy filtered resources.
[INFO] Copying 9 resources
[INFO] Copying 1 resource to META-INF
[INFO] Copying 0 resource
[INFO] Copying 1 resource
[INFO] Copying 3 resources
[INFO] 
[INFO] --- maven-compiler-plugin:3.1:compile (default-compile) @ storm-core ---
[INFO] Nothing to compile - all classes are up to date
[INFO] 
[INFO] --- clojure-maven-plugin:1.7.1:compile (compile-clojure) @ storm-core ---
Compiling org.apache.storm.trident.testing to /home/travis/build/apache/storm/storm-core/target/classes
16:10:02.609 [main] WARN  o.a.s.m.StormMetricsRegistry - Metric ui:num-topology-op-response-http-requests has already been registered
16:10:02.613 [main] WARN  o.a.s.m.StormMetricsRegistry - Metric ui:num-topology-op-response-http-requests has already been registered
Compiling org.apache.storm.command.get-errors to /home/travis/build/apache/storm/storm-core/target/classes
Compiling org.apache.storm.command.blobstore to /home/travis/build/apache/storm/storm-core/target/classes
Compiling org.apache.storm.daemon.drpc to /home/travis/build/apache/storm/storm-core/target/classes
Compiling org.apache.storm.testing4j to /home/travis/build/apache/storm/storm-core/target/classes
Compiling org.apache.storm.metric.testing to /home/travis/build/apache/storm/storm-core/target/classes
Compiling org.apache.storm.ui.core to /home/travis/build/apache/storm/storm-core/target/classes
Compiling org.apache.storm.ui.helpers to /home/travis/build/apache/storm/storm-core/target/classes
Compiling org.apache.storm.testing to /home/travis/build/apache/storm/storm-core/target/classes
Compiling org.apache.storm.command.heartbeats to /home/travis/build/apache/storm/storm-core/target/classes
Compiling org.apache.storm.log to /home/travis/build/apache/storm/storm-core/target/classes
Compiling org.apache.storm.daemon.common to /home/travis/build/apache/storm/storm-core/target/classes
Compiling org.apache.storm.util to /home/travis/build/apache/storm/storm-core/target/classes
Compiling org.apache.storm.scheduler.IsolationScheduler to /home/travis/build/apache/storm/storm-core/target/classes
Compiling org.apache.storm.config to /home/travis/build/apache/storm/storm-core/target/classes
Compiling org.apache.storm.LocalCluster to /home/travis/build/apache/storm/storm-core/target/classes
Compiling org.apache.storm.internal.clojure to /home/travis/build/apache/storm/storm-core/target/classes
Compiling org.apache.storm.daemon.logviewer to /home/travis/build/apache/storm/storm-core/target/classes
Compiling org.apache.storm.blobstore to /home/travis/build/apache/storm/storm-core/target/classes
Compiling org.apache.storm.daemon.local-supervisor to /home/travis/build/apache/storm/storm-core/target/classes
Compiling org.apache.storm.daemon.executor to /home/travis/build/apache/storm/storm-core/target/classes
Compiling org.apache.storm.converter to /home/travis/build/apache/storm/storm-core/target/classes
Compiling org.apache.storm.daemon.nimbus to /home/travis/build/apache/storm/storm-core/target/classes
Compiling org.apache.storm.internal.thrift to /home/travis/build/apache/storm/storm-core/target/classes
Compiling org.apache.storm.local-state-converter to /home/travis/build/apache/storm/storm-core/target/classes
Compiling org.apache.storm.command.shell-submission to /home/travis/build/apache/storm/storm-core/target/classes
Compiling org.apache.storm.daemon.worker to /home/travis/build/apache/storm/storm-core/target/classes
[INFO] 
[INFO] --- make-maven-plugin:1.0-beta-1:autoreconf (compile) @ storm-core ---
[INFO] 
[INFO] --- make-maven-plugin:1.0-beta-1:configure (compile) @ storm-core ---
[INFO] /bin/sh: 14: /home/travis/.jdk_switcher_rc: [[: not found
[INFO] /bin/sh: 22: /home/travis/.jdk_switcher_rc: [[: not found
[INFO] /bin/sh: 32: /home/travis/.jdk_switcher_rc: [[: not found
[INFO] /bin/sh: 42: /home/travis/.jdk_switcher_rc: [[: not found
[INFO] /bin/sh: 3: /etc/profile.d/rvm.sh: [[: not found
[INFO] checking for gcc... gcc
[INFO] checking whether the C compiler works... yes
[INFO] checking for C compiler default output file name... a.out
[INFO] checking for suffix of executables... 
[INFO] checking whether we are cross compiling... no
[INFO] checking for suffix of object files... o
[INFO] checking whether we are using the GNU C compiler... yes
[INFO] checking whether gcc accepts -g... yes
[INFO] checking for gcc option to accept ISO C89... none needed
[INFO] checking how to run the C preprocessor... gcc -E
[INFO] checking for grep that handles long lines and -e... /bin/grep
[INFO] checking for egrep... /bin/grep -E
[INFO] checking for ANSI C header files... yes
[INFO] checking for sys/types.h... yes
[INFO] checking for sys/stat.h... yes
[INFO] checking for stdlib.h... yes
[INFO] checking for string.h... yes
[INFO] checking for memory.h... yes
[INFO] checking for strings.h... yes
[INFO] checking for inttypes.h... yes
[INFO] checking for stdint.h... yes
[INFO] checking for unistd.h... yes
[INFO] checking minix/config.h usability... no
[INFO] checking minix/config.h presence... no
[INFO] checking for minix/config.h... no
[INFO] checking whether it is safe to define __EXTENSIONS__... yes
[INFO] checking for a BSD-compatible install... /usr/bin/install -c
[INFO] checking whether build environment is sane... yes
[INFO] checking for a thread-safe mkdir -p... /bin/mkdir -p
[INFO] checking for gawk... gawk
[INFO] checking whether make sets $(MAKE)... yes
[INFO] checking for style of include used by make... GNU
[INFO] checking dependency style of gcc... gcc3
[INFO] checking for gcc... (cached) gcc
[INFO] checking whether we are using the GNU C compiler... (cached) yes
[INFO] checking whether gcc accepts -g... (cached) yes
[INFO] checking for gcc option to accept ISO C89... (cached) none needed
[INFO] checking whether gcc and cc understand -c and -o together... yes
[INFO] checking for unistd.h... (cached) yes
[INFO] checking for stdbool.h that conforms to C99... yes
[INFO] checking for _Bool... yes
[INFO] checking for an ANSI C-conforming const... yes
[INFO] checking for off_t... yes
[INFO] checking for size_t... yes
[INFO] checking whether strerror_r is declared... yes
[INFO] checking for strerror_r... yes
[INFO] checking whether strerror_r returns char *... yes
[INFO] checking for mkdir... yes
[INFO] checking for uname... yes
[INFO] configure: creating ./config.status
[INFO] config.status: creating Makefile
[INFO] config.status: executing depfiles commands
[INFO] 
[INFO] --- make-maven-plugin:1.0-beta-1:make-install (compile) @ storm-core ---
[INFO] /bin/sh: 14: /home/travis/.jdk_switcher_rc: [[: not found
[INFO] /bin/sh: 22: /home/travis/.jdk_switcher_rc: [[: not found
[INFO] /bin/sh: 32: /home/travis/.jdk_switcher_rc: [[: not found
[INFO] /bin/sh: 42: /home/travis/.jdk_switcher_rc: [[: not found
[INFO] /bin/sh: 3: /etc/profile.d/rvm.sh: [[: not found
[INFO] make[1]: Entering directory `/home/travis/build/apache/storm/storm-core/target/native/worker-launcher'
[INFO] test -z "/usr/local/bin" || /bin/mkdir -p "/home/travis/build/apache/storm/storm-core/target/native/target/usr/local/bin"
[INFO]   /usr/bin/install -c worker-launcher '/home/travis/build/apache/storm/storm-core/target/native/target/usr/local/bin'
[INFO] make[1]: Nothing to be done for `install-data-am'.
[INFO] make[1]: Leaving directory `/home/travis/build/apache/storm/storm-core/target/native/worker-launcher'
[INFO] 
[INFO] --- maven-resources-plugin:2.5:testResources (default-testResources) @ storm-core ---
[debug] execute contextualize
[INFO] Using 'UTF-8' encoding to copy filtered resources.
[INFO] Copying 14 resources
[INFO] Copying 2 resources
[INFO] Copying 3 resources
[INFO] 
[INFO] --- maven-dependency-plugin:2.8:unpack (unpack) @ storm-core ---
[INFO] Configured Artifact: org.apache.storm:multilang-ruby:2.0.0-SNAPSHOT:jar
[INFO] Downloading: https://repository.apache.org/snapshots/org/apache/storm/multilang-ruby/2.0.0-SNAPSHOT/maven-metadata.xml
[INFO] Configured Artifact: org.apache.storm:multilang-python:2.0.0-SNAPSHOT:jar
[INFO] Downloading: https://repository.apache.org/snapshots/org/apache/storm/multilang-python/2.0.0-SNAPSHOT/maven-metadata.xml
[INFO] Configured Artifact: org.apache.storm:multilang-javascript:2.0.0-SNAPSHOT:jar
[INFO] Downloading: https://repository.apache.org/snapshots/org/apache/storm/multilang-javascript/2.0.0-SNAPSHOT/maven-metadata.xml
[INFO] multilang-ruby-2.0.0-SNAPSHOT.jar already unpacked.
[INFO] multilang-python-2.0.0-SNAPSHOT.jar already unpacked.
[INFO] multilang-javascript-2.0.0-SNAPSHOT.jar already unpacked.
[INFO] 
[INFO] --- maven-compiler-plugin:3.1:testCompile (default-testCompile) @ storm-core ---
[INFO] Changes detected - recompiling the module!
[INFO] Compiling 52 source files to /home/travis/build/apache/storm/storm-core/target/test-classes
[WARNING] /home/travis/build/apache/storm/storm-core/test/jvm/org/apache/storm/localizer/LocalizerTest.java: Some input files use or override a deprecated API.
[WARNING] /home/travis/build/apache/storm/storm-core/test/jvm/org/apache/storm/localizer/LocalizerTest.java: Recompile with -Xlint:deprecation for details.
[WARNING] /home/travis/build/apache/storm/storm-core/test/jvm/org/apache/storm/spout/CheckpointSpoutTest.java: Some input files use unchecked or unsafe operations.
[WARNING] /home/travis/build/apache/storm/storm-core/test/jvm/org/apache/storm/spout/CheckpointSpoutTest.java: Recompile with -Xlint:unchecked for details.
[INFO] 
[INFO] --- maven-surefire-plugin:2.18.1:test (default-test) @ storm-core ---
[INFO] Surefire report directory: /home/travis/build/apache/storm/storm-core/target/surefire-reports
[INFO] parallel='none', perCoreThreadCount=true, threadCount=0, useUnlimitedThreads=false, threadCountSuites=0, threadCountClasses=0, threadCountMethods=0, parallelOptimized=true

-------------------------------------------------------
 T E S T S
-------------------------------------------------------
Running org.apache.storm.spout.CheckpointSpoutTest
Tests run: 7, Failures: 0, Errors: 0, Skipped: 0, Time elapsed: 0.619 sec - in org.apache.storm.spout.CheckpointSpoutTest
Running org.apache.storm.utils.TimeTest
Tests run: 8, Failures: 0, Errors: 0, Skipped: 0, Time elapsed: 0.035 sec - in org.apache.storm.utils.TimeTest
Running org.apache.storm.utils.WorkerBackpressureThreadTest
Tests run: 1, Failures: 0, Errors: 0, Skipped: 0, Time elapsed: 0.185 sec - in org.apache.storm.utils.WorkerBackpressureThreadTest
Running org.apache.storm.utils.DisruptorQueueTest
Tests run: 3, Failures: 0, Errors: 0, Skipped: 0, Time elapsed: 3.773 sec - in org.apache.storm.utils.DisruptorQueueTest
Running org.apache.storm.utils.UtilsTest
Tests run: 8, Failures: 0, Errors: 0, Skipped: 0, Time elapsed: 0.173 sec - in org.apache.storm.utils.UtilsTest
Running org.apache.storm.utils.DisruptorQueueBackpressureTest
Tests run: 1, Failures: 0, Errors: 0, Skipped: 0, Time elapsed: 0 sec - in org.apache.storm.utils.DisruptorQueueBackpressureTest
Running org.apache.storm.utils.ThriftTopologyUtilsTest
Tests run: 5, Failures: 0, Errors: 0, Skipped: 0, Time elapsed: 0.038 sec - in org.apache.storm.utils.ThriftTopologyUtilsTest
Running org.apache.storm.utils.ShellBoltMessageQueueTest
Tests run: 3, Failures: 0, Errors: 0, Skipped: 0, Time elapsed: 2.013 sec - in org.apache.storm.utils.ShellBoltMessageQueueTest
Running org.apache.storm.utils.StormBoundedExponentialBackoffRetryTest
Tests run: 5, Failures: 0, Errors: 0, Skipped: 0, Time elapsed: 0.868 sec - in org.apache.storm.utils.StormBoundedExponentialBackoffRetryTest
Running org.apache.storm.command.TestCLI
Tests run: 1, Failures: 0, Errors: 0, Skipped: 0, Time elapsed: 0.004 sec - in org.apache.storm.command.TestCLI
Running org.apache.storm.command.RebalanceTest
Tests run: 2, Failures: 0, Errors: 0, Skipped: 0, Time elapsed: 0.001 sec - in org.apache.storm.command.RebalanceTest
Running org.apache.storm.command.SetLogLevelTest
Tests run: 3, Failures: 0, Errors: 0, Skipped: 0, Time elapsed: 0.004 sec - in org.apache.storm.command.SetLogLevelTest
Running org.apache.storm.serialization.ThriftBridgeSerializationDelegateTest
Tests run: 1, Failures: 0, Errors: 0, Skipped: 0, Time elapsed: 0.006 sec - in org.apache.storm.serialization.ThriftBridgeSerializationDelegateTest
Running org.apache.storm.serialization.GzipBridgeSerializationDelegateTest
Tests run: 3, Failures: 0, Errors: 0, Skipped: 0, Time elapsed: 0.056 sec - in org.apache.storm.serialization.GzipBridgeSerializationDelegateTest
Running org.apache.storm.serialization.GzipBridgeThriftSerializationDelegateTest
Tests run: 3, Failures: 0, Errors: 0, Skipped: 0, Time elapsed: 0.031 sec - in org.apache.storm.serialization.GzipBridgeThriftSerializationDelegateTest
Running org.apache.storm.serialization.SerializationTest
Tests run: 3, Failures: 0, Errors: 0, Skipped: 0, Time elapsed: 23.635 sec - in org.apache.storm.serialization.SerializationTest
Running org.apache.storm.trident.TridentWindowingTest
Tests run: 3, Failures: 0, Errors: 0, Skipped: 0, Time elapsed: 0.026 sec - in org.apache.storm.trident.TridentWindowingTest
Running org.apache.storm.trident.TestTridentTopology
Tests run: 1, Failures: 0, Errors: 0, Skipped: 0, Time elapsed: 61.84 sec - in org.apache.storm.trident.TestTridentTopology
Running org.apache.storm.metric.internal.LatencyStatAndMetricTest
Tests run: 1, Failures: 0, Errors: 0, Skipped: 0, Time elapsed: 0.028 sec - in org.apache.storm.metric.internal.LatencyStatAndMetricTest
Running org.apache.storm.metric.internal.CountStatAndMetricTest
Tests run: 1, Failures: 0, Errors: 0, Skipped: 0, Time elapsed: 0.013 sec - in org.apache.storm.metric.internal.CountStatAndMetricTest
Running org.apache.storm.metric.internal.RateTrackerTest
Tests run: 4, Failures: 0, Errors: 0, Skipped: 0, Time elapsed: 0 sec - in org.apache.storm.metric.internal.RateTrackerTest
Running org.apache.storm.metric.filter.FilterByMetricNameTest
Tests run: 4, Failures: 0, Errors: 0, Skipped: 0, Time elapsed: 0 sec - in org.apache.storm.metric.filter.FilterByMetricNameTest
Running org.apache.storm.windowing.WaterMarkEventGeneratorTest
Tests run: 5, Failures: 0, Errors: 0, Skipped: 0, Time elapsed: 0.025 sec - in org.apache.storm.windowing.WaterMarkEventGeneratorTest
Running org.apache.storm.windowing.WindowManagerTest
Tests run: 10, Failures: 0, Errors: 0, Skipped: 0, Time elapsed: 1.256 sec - in org.apache.storm.windowing.WindowManagerTest
Running org.apache.storm.topology.StatefulBoltExecutorTest
Tests run: 7, Failures: 0, Errors: 0, Skipped: 0, Time elapsed: 2.72 sec - in org.apache.storm.topology.StatefulBoltExecutorTest
Running org.apache.storm.topology.StatefulWindowedBoltExecutorTest
Tests run: 4, Failures: 0, Errors: 0, Skipped: 0, Time elapsed: 0.481 sec - in org.apache.storm.topology.StatefulWindowedBoltExecutorTest
Running org.apache.storm.topology.TopologyBuilderTest
Tests run: 5, Failures: 0, Errors: 0, Skipped: 0, Time elapsed: 1.003 sec - in org.apache.storm.topology.TopologyBuilderTest
Running org.apache.storm.topology.WindowedBoltExecutorTest
Tests run: 5, Failures: 0, Errors: 0, Skipped: 0, Time elapsed: 1.106 sec - in org.apache.storm.topology.WindowedBoltExecutorTest
Running org.apache.storm.localizer.LocalizerTest
Tests run: 13, Failures: 0, Errors: 0, Skipped: 0, Time elapsed: 10.767 sec - in org.apache.storm.localizer.LocalizerTest
Running org.apache.storm.localizer.LocalizedResourceRetentionSetTest
Tests run: 2, Failures: 0, Errors: 0, Skipped: 0, Time elapsed: 0.015 sec - in org.apache.storm.localizer.LocalizedResourceRetentionSetTest
Running org.apache.storm.localizer.LocalizedResourceSetTest
Tests run: 4, Failures: 0, Errors: 0, Skipped: 0, Time elapsed: 0.015 sec - in org.apache.storm.localizer.LocalizedResourceSetTest
Running org.apache.storm.blobstore.BlobStoreTest
Tests run: 4, Failures: 0, Errors: 0, Skipped: 0, Time elapsed: 2.78 sec - in org.apache.storm.blobstore.BlobStoreTest
Running org.apache.storm.blobstore.BlobSynchronizerTest
Tests run: 4, Failures: 0, Errors: 0, Skipped: 0, Time elapsed: 3.2 sec - in org.apache.storm.blobstore.BlobSynchronizerTest
Running org.apache.storm.blobstore.ClientBlobStoreTest
Tests run: 4, Failures: 0, Errors: 0, Skipped: 0, Time elapsed: 0 sec - in org.apache.storm.blobstore.ClientBlobStoreTest
Running org.apache.storm.cluster.StormClusterStateImplTest
Tests run: 5, Failures: 0, Errors: 0, Skipped: 0, Time elapsed: 0.093 sec - in org.apache.storm.cluster.StormClusterStateImplTest
Running org.apache.storm.scheduler.resource.strategies.scheduling.TestDefaultResourceAwareStrategy
Tests run: 2, Failures: 0, Errors: 0, Skipped: 0, Time elapsed: 0.627 sec - in org.apache.storm.scheduler.resource.strategies.scheduling.TestDefaultResourceAwareStrategy
Running org.apache.storm.scheduler.resource.TestResourceAwareScheduler
Tests run: 14, Failures: 0, Errors: 0, Skipped: 0, Time elapsed: 18.654 sec - in org.apache.storm.scheduler.resource.TestResourceAwareScheduler
Running org.apache.storm.scheduler.resource.TestUser
Tests run: 3, Failures: 0, Errors: 0, Skipped: 0, Time elapsed: 2.497 sec - in org.apache.storm.scheduler.resource.TestUser
Running org.apache.storm.nimbus.LocalNimbusTest
Tests run: 1, Failures: 0, Errors: 0, Skipped: 0, Time elapsed: 54.242 sec - in org.apache.storm.nimbus.LocalNimbusTest
Running org.apache.storm.grouping.PartialKeyGroupingTest
Tests run: 2, Failures: 0, Errors: 0, Skipped: 0, Time elapsed: 0.796 sec - in org.apache.storm.grouping.PartialKeyGroupingTest
Running org.apache.storm.state.InMemoryKeyValueStateTest
Tests run: 3, Failures: 0, Errors: 0, Skipped: 0, Time elapsed: 0.011 sec - in org.apache.storm.state.InMemoryKeyValueStateTest
Running org.apache.storm.TestConfigValidate
Tests run: 25, Failures: 0, Errors: 0, Skipped: 0, Time elapsed: 4.364 sec - in org.apache.storm.TestConfigValidate
Running org.apache.storm.PacemakerTest
Tests run: 9, Failures: 0, Errors: 0, Skipped: 0, Time elapsed: 2.588 sec - in org.apache.storm.PacemakerTest
Running org.apache.storm.PaceMakerStateStorageFactoryTest
Tests run: 10, Failures: 0, Errors: 0, Skipped: 0, Time elapsed: 1.434 sec - in org.apache.storm.PaceMakerStateStorageFactoryTest
Running org.apache.storm.TestCgroups
Tests run: 1, Failures: 0, Errors: 0, Skipped: 1, Time elapsed: 0.695 sec - in org.apache.storm.TestCgroups

Results :

Tests run: 213, Failures: 0, Errors: 0, Skipped: 1

[INFO] 
[INFO] --- clojure-maven-plugin:1.7.1:test (test-clojure) @ storm-core ---
5464 [main] WARN  o.a.s.m.StormMetricsRegistry - Metric ui:num-topology-op-response-http-requests has already been registered
5465 [main] WARN  o.a.s.m.StormMetricsRegistry - Metric ui:num-topology-op-response-http-requests has already been registered
15772 [main] WARN  o.a.s.m.StormMetricsRegistry - Metric drpc:num-execute-http-requests has already been registered
Running org.apache.storm.trident.tuple-test
Tests run: 6, Passed: 36, Failures: 0, Errors: 0
Running org.apache.storm.security.auth.auto-login-module-test
Tests run: 6, Passed: 22, Failures: 0, Errors: 0
Running org.apache.storm.transactional-test
Tests run: 7, Passed: 110, Failures: 0, Errors: 0
Running org.apache.storm.serialization-test
Tests run: 1, Passed: 0, Failures: 0, Errors: 0
Running org.apache.storm.utils.ZookeeperServerCnxnFactory-test
Tests run: 2, Passed: 3, Failures: 0, Errors: 0
Running org.apache.storm.security.auth.DefaultHttpCredentialsPlugin-test
Tests run: 2, Passed: 8, Failures: 0, Errors: 0
Running org.apache.storm.security.auth.drpc-auth-test
Tests run: 4, Passed: 22, Failures: 0, Errors: 0
Running org.apache.storm.versioned-store-test
Tests run: 2, Passed: 5, Failures: 0, Errors: 0
Running org.apache.storm.scheduler.multitenant-scheduler-test
Tests run: 17, Passed: 235, Failures: 0, Errors: 0
Running org.apache.storm.supervisor-test
56228 [timer] INFO  o.a.s.d.nimbus - Cleaning up test-1-0
56234 [timer] INFO  o.a.s.d.nimbus - ExceptionKeyNotFoundException(msg:test-1-0-stormjar.jar)
57859 [main] INFO  o.a.s.d.nimbus - Shutting down master
57860 [Curator-Framework-0] INFO  o.a.c.f.i.CuratorFrameworkImpl - backgroundOperationsLoop exiting
57862 [Curator-Framework-0] INFO  o.a.c.f.i.CuratorFrameworkImpl - backgroundOperationsLoop exiting
57865 [Curator-Framework-0] INFO  o.a.c.f.i.CuratorFrameworkImpl - backgroundOperationsLoop exiting
57866 [main] INFO  o.a.s.z.LeaderElectorImp - closing zookeeper connection of leader elector.
57866 [Curator-Framework-0] INFO  o.a.c.f.i.CuratorFrameworkImpl - backgroundOperationsLoop exiting
57871 [main] INFO  o.a.s.d.nimbus - Shut down master
57871 [Curator-Framework-0] INFO  o.a.c.f.i.CuratorFrameworkImpl - backgroundOperationsLoop exiting
57873 [Curator-Framework-0] INFO  o.a.c.f.i.CuratorFrameworkImpl - backgroundOperationsLoop exiting
57875 [main] INFO  o.a.s.d.s.w.DefaultWorkerManager - Shutting down sup1:fadb0106-9040-4bc6-a1c0-93996420d6ba
57875 [main] INFO  o.a.s.u.ConfigUtils - GET worker-user for fadb0106-9040-4bc6-a1c0-93996420d6ba
57875 [main] INFO  o.a.s.d.s.w.DefaultWorkerManager - Shut down sup1:fadb0106-9040-4bc6-a1c0-93996420d6ba
57877 [main] INFO  o.a.s.u.ConfigUtils - REMOVE worker-user fadb0106-9040-4bc6-a1c0-93996420d6ba
57877 [main] INFO  o.a.s.d.s.SupervisorManager - Shutting down supervisor sup1
57878 [Thread-268] INFO  o.a.s.e.EventManagerImp - Event manager interrupted
57879 [Thread-269] INFO  o.a.s.e.EventManagerImp - Event manager interrupted
57879 [Curator-Framework-0] INFO  o.a.c.f.i.CuratorFrameworkImpl - backgroundOperationsLoop exiting
57881 [main] INFO  o.a.s.d.s.w.DefaultWorkerManager - Shutting down sup2:e3e498b6-50e9-46b9-9cc0-edff5dcc35b0
57881 [main] INFO  o.a.s.u.ConfigUtils - GET worker-user for e3e498b6-50e9-46b9-9cc0-edff5dcc35b0
57881 [main] INFO  o.a.s.d.s.w.DefaultWorkerManager - Shut down sup2:e3e498b6-50e9-46b9-9cc0-edff5dcc35b0
57883 [main] INFO  o.a.s.u.ConfigUtils - REMOVE worker-user e3e498b6-50e9-46b9-9cc0-edff5dcc35b0
57883 [main] INFO  o.a.s.d.s.SupervisorManager - Shutting down supervisor sup2
57885 [Thread-273] INFO  o.a.s.e.EventManagerImp - Event manager interrupted
57885 [Thread-274] INFO  o.a.s.e.EventManagerImp - Event manager interrupted
57885 [Curator-Framework-0] INFO  o.a.c.f.i.CuratorFrameworkImpl - backgroundOperationsLoop exiting
57887 [main] INFO  o.a.s.testing - Shutting down in process zookeeper
57889 [main] INFO  o.a.s.testing - Done shutting down in process zookeeper
57889 [main] INFO  o.a.s.testing - Deleting temporary path /tmp/da665537-7432-4c7b-87ab-9bca0d813a66
57892 [main] INFO  o.a.s.testing - Deleting temporary path /tmp/8cc4fb2b-f35c-44e1-9953-d3ffc0093b87
57893 [main] INFO  o.a.s.testing - Deleting temporary path /tmp/5c0d5de9-0530-41cd-aa12-d9b57920d560
57895 [main] INFO  o.a.s.testing - Deleting temporary path /tmp/6cfbee5d-756e-4d73-a555-82bea2e67a76
Tests run: 20, Passed: 51, Failures: 1, Errors: 0
Running org.apache.storm.security.auth.AuthUtils-test
Tests run: 5, Passed: 6, Failures: 0, Errors: 0
Running org.apache.storm.security.auth.nimbus-auth-test
Tests run: 5, Passed: 39, Failures: 0, Errors: 0
Running integration.org.apache.storm.testing4j-test
Tests run: 8, Passed: 36, Failures: 0, Errors: 0
Running org.apache.storm.logviewer-test
Tests run: 12, Passed: 118, Failures: 0, Errors: 0
Running org.apache.storm.serialization.SerializationFactory-test
Tests run: 3, Passed: 3, Failures: 0, Errors: 0
Running org.apache.storm.trident.state-test
Tests run: 5, Passed: 37, Failures: 0, Errors: 0
Running org.apache.storm.clojure-test
Tests run: 3, Passed: 5, Failures: 0, Errors: 0
Running org.apache.storm.security.auth.ThriftServer-test
Tests run: 2, Passed: 1, Failures: 0, Errors: 0
Running org.apache.storm.drpc-test
87384 [Thread-758] INFO  o.a.s.u.Utils - Async loop interrupted!
89712 [Thread-826] INFO  o.a.s.u.Utils - Async loop interrupted!
91953 [Thread-894] INFO  o.a.s.u.Utils - Async loop interrupted!
94191 [Thread-933] INFO  o.a.s.u.Utils - Async loop interrupted!
103818 [Thread-984] INFO  o.a.s.u.Utils - Async loop interrupted!
Tests run: 9, Passed: 17, Failures: 0, Errors: 0
Running org.apache.storm.worker-test
Tests run: 8, Passed: 35, Failures: 0, Errors: 0
Running org.apache.storm.security.auth.ReqContext-test
Tests run: 3, Passed: 4, Failures: 0, Errors: 0
Running org.apache.storm.fields-test
Tests run: 2, Passed: 22, Failures: 0, Errors: 0
Running org.apache.storm.security.auth.auth-test
Tests run: 13, Passed: 94, Failures: 0, Errors: 0
Running org.apache.storm.messaging-test
Tests run: 1, Passed: 2, Failures: 0, Errors: 0
Running org.apache.storm.submitter-test
Tests run: 1, Passed: 13, Failures: 0, Errors: 0
Running integration.org.apache.storm.integration-test
136702 [Thread-983] INFO  o.a.s.u.Utils - Async loop interrupted!
Tests run: 18, Passed: 51, Failures: 0, Errors: 0
Running org.apache.storm.security.auth.authorizer.DRPCSimpleACLAuthorizer-test
Tests run: 7, Passed: 37, Failures: 0, Errors: 0
Running org.apache.storm.metrics-test
Tests run: 8, Passed: 66, Failures: 0, Errors: 0
Running org.apache.storm.security.auth.ThriftClient-test
Tests run: 2, Passed: 4, Failures: 0, Errors: 0
Running org.apache.storm.scheduler-test
Tests run: 4, Passed: 64, Failures: 0, Errors: 0
Running org.apache.storm.security.auth.SaslTransportPlugin-test
Tests run: 2, Passed: 8, Failures: 0, Errors: 0
Running org.apache.storm.local-state-test
Tests run: 2, Passed: 10, Failures: 0, Errors: 0
Running org.apache.storm.messaging.netty-unit-test
Tests run: 5, Passed: 24, Failures: 0, Errors: 0
Running org.apache.storm.tuple-test
Tests run: 4, Passed: 13, Failures: 0, Errors: 0
Running org.apache.storm.messaging.netty-integration-test
Tests run: 1, Passed: 1, Failures: 0, Errors: 0
Running org.apache.storm.tick-tuple-test
Tests run: 1, Passed: 1, Failures: 0, Errors: 0
Running integration.org.apache.storm.trident.integration-test
Tests run: 9, Passed: 141, Failures: 0, Errors: 0
Running org.apache.storm.grouping-test
Tests run: 5, Passed: 15, Failures: 0, Errors: 0
Running org.apache.storm.security.serialization.BlowfishTupleSerializer-test
Tests run: 3, Passed: 3, Failures: 0, Errors: 0
Running org.apache.storm.nimbus-test
Tests run: 43, Passed: 789, Failures: 0, Errors: 0
Running org.apache.storm.subtopology-test
Tests run: 0, Passed: 0, Failures: 0, Errors: 0
Running org.apache.storm.cluster-test
Tests run: 10, Passed: 92, Failures: 0, Errors: 0
248463 [Curator-Framework-0-SendThread(localhost:2002)] WARN  o.a.z.ClientCnxn - Session 0x15583341c1f0000 for server null, unexpected error, closing socket connection and attempting reconnect
java.net.ConnectException: Connection refused
	at sun.nio.ch.SocketChannelImpl.checkConnect(Native Method) ~[?:1.8.0_31]
	at sun.nio.ch.SocketChannelImpl.finishConnect(SocketChannelImpl.java:716) ~[?:1.8.0_31]
	at org.apache.zookeeper.ClientCnxnSocketNIO.doTransport(ClientCnxnSocketNIO.java:361) ~[zookeeper-3.4.6.jar:3.4.6-1569965]
	at org.apache.zookeeper.ClientCnxn$SendThread.run(ClientCnxn.java:1081) [zookeeper-3.4.6.jar:3.4.6-1569965]
[INFO] ------------------------------------------------------------------------
[INFO] BUILD FAILURE
[INFO] ------------------------------------------------------------------------
[INFO] Total time: 08:27 min
[INFO] Finished at: 2016-06-24T16:18:02+00:00
[INFO] Final Memory: 43M/320M
[INFO] ------------------------------------------------------------------------
[ERROR] Failed to execute goal com.theoryinpractise:clojure-maven-plugin:1.7.1:test (test-clojure) on project storm-core: Clojure failed. -> [Help 1]
[ERROR] 
[ERROR] To see the full stack trace of the errors, re-run Maven with the -e switch.
[ERROR] Re-run Maven using the -X switch to enable full debug logging.
[ERROR] 
[ERROR] For more information about the errors and possible solutions, please read the following articles:
[ERROR] [Help 1] http://cwiki.apache.org/confluence/display/MAVEN/MojoExecutionException
Looking for errors in ./storm-core/target/surefire-reports
Checking ./storm-core/target/surefire-reports/TEST-org.apache.storm.spout.CheckpointSpoutTest.xml
Checking ./storm-core/target/surefire-reports/TEST-org.apache.storm.utils.TimeTest.xml
Checking ./storm-core/target/surefire-reports/TEST-org.apache.storm.utils.WorkerBackpressureThreadTest.xml
Checking ./storm-core/target/surefire-reports/TEST-org.apache.storm.utils.DisruptorQueueTest.xml
Checking ./storm-core/target/surefire-reports/TEST-org.apache.storm.utils.UtilsTest.xml
Checking ./storm-core/target/surefire-reports/TEST-org.apache.storm.utils.DisruptorQueueBackpressureTest.xml
Checking ./storm-core/target/surefire-reports/TEST-org.apache.storm.utils.ThriftTopologyUtilsTest.xml
Checking ./storm-core/target/surefire-reports/TEST-org.apache.storm.utils.ShellBoltMessageQueueTest.xml
Checking ./storm-core/target/surefire-reports/TEST-org.apache.storm.utils.StormBoundedExponentialBackoffRetryTest.xml
Checking ./storm-core/target/surefire-reports/TEST-org.apache.storm.command.TestCLI.xml
Checking ./storm-core/target/surefire-reports/TEST-org.apache.storm.command.RebalanceTest.xml
Checking ./storm-core/target/surefire-reports/TEST-org.apache.storm.command.SetLogLevelTest.xml
Checking ./storm-core/target/surefire-reports/TEST-org.apache.storm.serialization.ThriftBridgeSerializationDelegateTest.xml
Checking ./storm-core/target/surefire-reports/TEST-org.apache.storm.serialization.GzipBridgeSerializationDelegateTest.xml
Checking ./storm-core/target/surefire-reports/TEST-org.apache.storm.serialization.GzipBridgeThriftSerializationDelegateTest.xml
Checking ./storm-core/target/surefire-reports/TEST-org.apache.storm.serialization.SerializationTest.xml
Checking ./storm-core/target/surefire-reports/TEST-org.apache.storm.trident.TridentWindowingTest.xml
Checking ./storm-core/target/surefire-reports/TEST-org.apache.storm.trident.TestTridentTopology.xml
Checking ./storm-core/target/surefire-reports/TEST-org.apache.storm.metric.internal.LatencyStatAndMetricTest.xml
Checking ./storm-core/target/surefire-reports/TEST-org.apache.storm.metric.internal.CountStatAndMetricTest.xml
Checking ./storm-core/target/surefire-reports/TEST-org.apache.storm.metric.internal.RateTrackerTest.xml
Checking ./storm-core/target/surefire-reports/TEST-org.apache.storm.metric.filter.FilterByMetricNameTest.xml
Checking ./storm-core/target/surefire-reports/TEST-org.apache.storm.windowing.WaterMarkEventGeneratorTest.xml
Checking ./storm-core/target/surefire-reports/TEST-org.apache.storm.windowing.WindowManagerTest.xml
Checking ./storm-core/target/surefire-reports/TEST-org.apache.storm.topology.StatefulBoltExecutorTest.xml
Checking ./storm-core/target/surefire-reports/TEST-org.apache.storm.topology.StatefulWindowedBoltExecutorTest.xml
Checking ./storm-core/target/surefire-reports/TEST-org.apache.storm.topology.TopologyBuilderTest.xml
Checking ./storm-core/target/surefire-reports/TEST-org.apache.storm.topology.WindowedBoltExecutorTest.xml
Checking ./storm-core/target/surefire-reports/TEST-org.apache.storm.localizer.LocalizerTest.xml
Checking ./storm-core/target/surefire-reports/TEST-org.apache.storm.localizer.LocalizedResourceRetentionSetTest.xml
Checking ./storm-core/target/surefire-reports/TEST-org.apache.storm.localizer.LocalizedResourceSetTest.xml
Checking ./storm-core/target/surefire-reports/TEST-org.apache.storm.blobstore.BlobStoreTest.xml
Checking ./storm-core/target/surefire-reports/TEST-org.apache.storm.blobstore.BlobSynchronizerTest.xml
Checking ./storm-core/target/surefire-reports/TEST-org.apache.storm.blobstore.ClientBlobStoreTest.xml
Checking ./storm-core/target/surefire-reports/TEST-org.apache.storm.cluster.StormClusterStateImplTest.xml
Checking ./storm-core/target/surefire-reports/TEST-org.apache.storm.scheduler.resource.strategies.scheduling.TestDefaultResourceAwareStrategy.xml
Checking ./storm-core/target/surefire-reports/TEST-org.apache.storm.scheduler.resource.TestResourceAwareScheduler.xml
Checking ./storm-core/target/surefire-reports/TEST-org.apache.storm.scheduler.resource.TestUser.xml
Checking ./storm-core/target/surefire-reports/TEST-org.apache.storm.nimbus.LocalNimbusTest.xml
Checking ./storm-core/target/surefire-reports/TEST-org.apache.storm.grouping.PartialKeyGroupingTest.xml
Checking ./storm-core/target/surefire-reports/TEST-org.apache.storm.state.InMemoryKeyValueStateTest.xml
Checking ./storm-core/target/surefire-reports/TEST-org.apache.storm.TestConfigValidate.xml
Checking ./storm-core/target/surefire-reports/TEST-org.apache.storm.PacemakerTest.xml
Checking ./storm-core/target/surefire-reports/TEST-org.apache.storm.PaceMakerStateStorageFactoryTest.xml
Checking ./storm-core/target/surefire-reports/TEST-org.apache.storm.TestCgroups.xml
Looking for errors in ./storm-core/target/test-reports
Checking ./storm-core/target/test-reports/org.apache.storm.trident.tuple-test.xml
Checking ./storm-core/target/test-reports/org.apache.storm.security.auth.auto-login-module-test.xml
Checking ./storm-core/target/test-reports/org.apache.storm.transactional-test.xml
Checking ./storm-core/target/test-reports/org.apache.storm.serialization-test.xml
Checking ./storm-core/target/test-reports/org.apache.storm.utils.ZookeeperServerCnxnFactory-test.xml
Checking ./storm-core/target/test-reports/org.apache.storm.security.auth.DefaultHttpCredentialsPlugin-test.xml
Checking ./storm-core/target/test-reports/org.apache.storm.security.auth.drpc-auth-test.xml
Checking ./storm-core/target/test-reports/org.apache.storm.versioned-store-test.xml
Checking ./storm-core/target/test-reports/org.apache.storm.scheduler.multitenant-scheduler-test.xml
Checking ./storm-core/target/test-reports/org.apache.storm.supervisor-test.xml
--------------------------------------------------
classname: org.apache.storm.supervisor-test / testname: test-multiple-active-storms-multiple-supervisors
expected: (= {["sup1" 1] 1, ["sup1" 2] 1, ["sup2" 1] 1} (:shutdown changed))
  actual: (not (= {["sup1" 1] 1, ["sup1" 2] 1, ["sup2" 1] 1} {["sup1" 1] 1, ["sup2" 1] 1, ["sup1" 2] 1, ["sup1" nil] 1}))
      at: test_runner.clj:105
-------------------- system-out --------------------

54082 [main] INFO  o.a.s.z.Zookeeper - Starting inprocess zookeeper at port 2002 and dir /tmp/8cc4fb2b-f35c-44e1-9953-d3ffc0093b87
54103 [main] INFO  o.a.s.d.nimbus - Starting Nimbus with conf {"topology.builtin.metrics.bucket.size.secs" 60, "nimbus.childopts" "-Xmx1024m", "ui.filter.params" nil, "storm.cluster.mode" "local", "storm.messaging.netty.client_worker_threads" 1, "logviewer.max.per.worker.logs.size.mb" 2048, "supervisor.run.worker.as.user" false, "topology.max.task.parallelism" nil, "topology.priority" 29, "zmq.threads" 1, "storm.group.mapping.service" "org.apache.storm.security.auth.ShellBasedGroupsMapping", "transactional.zookeeper.root" "/transactional", "topology.sleep.spout.wait.strategy.time.ms" 1, "scheduler.display.resource" false, "topology.max.replication.wait.time.sec" 60, "drpc.invocations.port" 3773, "supervisor.localizer.cache.target.size.mb" 10240, "topology.multilang.serializer" "org.apache.storm.multilang.JsonSerializer", "storm.messaging.netty.server_worker_threads" 1, "nimbus.blobstore.class" "org.apache.storm.blobstore.LocalFsBlobStore", "resource.aware.scheduler.eviction.strategy" "org.apache.storm.scheduler.resource.strategies.eviction.DefaultEvictionStrategy", "topology.max.error.report.per.interval" 5, "storm.thrift.transport" "org.apache.storm.security.auth.SimpleTransportPlugin", "zmq.hwm" 0, "storm.cgroup.resources" ["cpu" "memory"], "storm.group.mapping.service.params" nil, "worker.profiler.enabled" false, "storm.principal.tolocal" "org.apache.storm.security.auth.DefaultPrincipalToLocal", "supervisor.worker.shutdown.sleep.secs" 1, "pacemaker.host" "localhost", "storm.zookeeper.retry.times" 5, "ui.actions.enabled" true, "zmq.linger.millis" 0, "supervisor.enable" true, "topology.stats.sample.rate" 0.05, "storm.messaging.netty.min_wait_ms" 100, "storm.resource.isolation.plugin" "org.apache.storm.container.cgroup.CgroupManager", "worker.log.level.reset.poll.secs" 30, "storm.zookeeper.port" 2002, "supervisor.heartbeat.frequency.secs" 5, "topology.enable.message.timeouts" false, "supervisor.cpu.capacity" 400.0, "drpc.worker.threads" 64, "supervisor.blobstore.download.thread.count" 5, "drpc.queue.size" 128, "topology.backpressure.enable" true, "supervisor.blobstore.class" "org.apache.storm.blobstore.NimbusBlobStore", "storm.blobstore.inputstream.buffer.size.bytes" 65536, "topology.shellbolt.max.pending" 100, "drpc.https.keystore.password" "", "nimbus.code.sync.freq.secs" 120, "logviewer.port" 8000, "topology.scheduler.strategy" "org.apache.storm.scheduler.resource.strategies.scheduling.DefaultResourceAwareStrategy", "topology.executor.send.buffer.size" 1024, "resource.aware.scheduler.priority.strategy" "org.apache.storm.scheduler.resource.strategies.priority.DefaultSchedulingPriorityStrategy", "pacemaker.auth.method" "NONE", "storm.daemon.metrics.reporter.plugins" ["org.apache.storm.daemon.metrics.reporters.JmxPreparableReporter"], "storm.cgroup.hierarchy.dir" "/cgroup/storm_resources", "topology.worker.logwriter.childopts" "-Xmx64m", "topology.spout.wait.strategy" "org.apache.storm.spout.SleepSpoutWaitStrategy", "ui.host" "0.0.0.0", "storm.nimbus.retry.interval.millis" 2000, "nimbus.inbox.jar.expiration.secs" 3600, "dev.zookeeper.path" "/tmp/dev-storm-zookeeper", "topology.acker.executors" nil, "topology.fall.back.on.java.serialization" true, "topology.eventlogger.executors" nil, "supervisor.localizer.cleanup.interval.ms" 600000, "storm.zookeeper.servers" ["localhost"], "nimbus.thrift.threads" 64, "logviewer.cleanup.age.mins" 10080, "topology.worker.childopts" nil, "topology.classpath" nil, "storm.cgroup.cgexec.cmd" "/bin/cgexec", "supervisor.monitor.frequency.secs" 3, "nimbus.credential.renewers.freq.secs" 600, "topology.skip.missing.kryo.registrations" true, "drpc.authorizer.acl.filename" "drpc-auth-acl.yaml", "pacemaker.kerberos.users" [], "storm.group.mapping.service.cache.duration.secs" 120, "NIMBUS-DO-NOT-REASSIGN" true, "topology.testing.always.try.serialize" false, "nimbus.monitor.freq.secs" 10, "storm.health.check.timeout.ms" 5000, "supervisor.supervisors" [], "topology.tasks" nil, "topology.bolts.outgoing.overflow.buffer.enable" false, "storm.messaging.netty.socket.backlog" 500, "topology.workers" 1, "pacemaker.base.threads" 10, "storm.local.dir" "/tmp/da665537-7432-4c7b-87ab-9bca0d813a66", "topology.disable.loadaware" false, "worker.childopts" "-Xmx%HEAP-MEM%m -XX:+PrintGCDetails -Xloggc:artifacts/gc.log -XX:+PrintGCDateStamps -XX:+PrintGCTimeStamps -XX:+UseGCLogFileRotation -XX:NumberOfGCLogFiles=10 -XX:GCLogFileSize=1M -XX:+HeapDumpOnOutOfMemoryError -XX:HeapDumpPath=artifacts/heapdump", "storm.auth.simple-white-list.users" [], "topology.disruptor.batch.timeout.millis" 1, "topology.message.timeout.secs" 30, "topology.state.synchronization.timeout.secs" 60, "topology.tuple.serializer" "org.apache.storm.serialization.types.ListDelegateSerializer", "supervisor.supervisors.commands" [], "nimbus.blobstore.expiration.secs" 600, "logviewer.childopts" "-Xmx128m", "topology.environment" nil, "topology.debug" false, "topology.disruptor.batch.size" 100, "storm.messaging.netty.max_retries" 300, "ui.childopts" "-Xmx768m", "storm.network.topography.plugin" "org.apache.storm.networktopography.DefaultRackDNSToSwitchMapping", "storm.zookeeper.session.timeout" 20000, "drpc.childopts" "-Xmx768m", "drpc.http.creds.plugin" "org.apache.storm.security.auth.DefaultHttpCredentialsPlugin", "storm.zookeeper.connection.timeout" 15000, "storm.zookeeper.auth.user" nil, "storm.meta.serialization.delegate" "org.apache.storm.serialization.GzipThriftSerializationDelegate", "topology.max.spout.pending" nil, "storm.codedistributor.class" "org.apache.storm.codedistributor.LocalFileSystemCodeDistributor", "nimbus.supervisor.timeout.secs" 60, "nimbus.task.timeout.secs" 30, "drpc.port" 3772, "pacemaker.max.threads" 50, "storm.zookeeper.retry.intervalceiling.millis" 30000, "nimbus.thrift.port" 6627, "storm.auth.simple-acl.admins" [], "topology.component.cpu.pcore.percent" 10.0, "supervisor.memory.capacity.mb" 4096.0, "storm.supervisor.cgroup.rootdir" "storm", "storm.nimbus.retry.times" 5, "supervisor.worker.start.timeout.secs" 5, "storm.zookeeper.retry.interval" 1000, "logs.users" nil, "storm.cluster.metrics.consumer.publish.interval.secs" 60, "worker.profiler.command" "flight.bash", "transactional.zookeeper.port" nil, "drpc.max_buffer_size" 1048576, "pacemaker.thread.timeout" 10, "storm.cgroup.hierarchy.name" "storm", "task.credentials.poll.secs" 30, "blobstore.superuser" "travis", "drpc.https.keystore.type" "JKS", "topology.worker.receiver.thread.count" 1, "topology.state.checkpoint.interval.ms" 1000, "supervisor.slots.ports" [6700 6701 6702 6703], "topology.transfer.buffer.size" 1024, "storm.health.check.dir" "healthchecks", "topology.worker.shared.thread.pool.size" 4, "drpc.authorizer.acl.strict" false, "nimbus.file.copy.expiration.secs" 600, "worker.profiler.childopts" "-XX:+UnlockCommercialFeatures -XX:+FlightRecorder", "topology.executor.receive.buffer.size" 1024, "backpressure.disruptor.low.watermark" 0.4, "nimbus.task.launch.secs" 120, "storm.local.mode.zmq" false, "storm.cgroup.memory.limit.tolerance.margin.mb" 128.0, "storm.messaging.netty.buffer_size" 5242880, "storm.cluster.state.store" "org.apache.storm.cluster.ZKStateStorageFactory", "worker.heartbeat.frequency.secs" 1, "storm.log4j2.conf.dir" "log4j2", "storm.resource.isolation.plugin.enable" false, "ui.http.creds.plugin" "org.apache.storm.security.auth.DefaultHttpCredentialsPlugin", "storm.zookeeper.root" "/storm", "topology.tick.tuple.freq.secs" nil, "drpc.https.port" -1, "storm.workers.artifacts.dir" "workers-artifacts", "supervisor.blobstore.download.max_retries" 3, "task.refresh.poll.secs" 10, "storm.exhibitor.port" 8080, "task.heartbeat.frequency.secs" 3, "pacemaker.port" 6699, "storm.messaging.netty.max_wait_ms" 1000, "topology.component.resources.offheap.memory.mb" 0.0, "drpc.http.port" 3774, "topology.error.throttle.interval.secs" 10, "storm.messaging.transport" "org.apache.storm.messaging.netty.Context", "storm.messaging.netty.authentication" false, "topology.component.resources.onheap.memory.mb" 128.0, "topology.kryo.factory" "org.apache.storm.serialization.DefaultKryoFactory", "worker.gc.childopts" "", "nimbus.topology.validator" "org.apache.storm.nimbus.DefaultTopologyValidator", "nimbus.seeds" ["localhost"], "nimbus.queue.size" 100000, "nimbus.cleanup.inbox.freq.secs" 600, "storm.blobstore.replication.factor" 3, "worker.heap.memory.mb" 768, "logviewer.max.sum.worker.logs.size.mb" 4096, "pacemaker.childopts" "-Xmx1024m", "ui.users" nil, "transactional.zookeeper.servers" nil, "supervisor.worker.timeout.secs" 15, "storm.zookeeper.auth.password" nil, "storm.blobstore.acl.validation.enabled" false, "client.blobstore.class" "org.apache.storm.blobstore.NimbusBlobStore", "supervisor.childopts" "-Xmx256m", "topology.worker.max.heap.size.mb" 768.0, "backpressure.disruptor.high.watermark" 0.9, "ui.filter" nil, "ui.header.buffer.bytes" 4096, "topology.min.replication.count" 1, "storm.supervisor.worker.manager.plugin" "org.apache.storm.daemon.supervisor.workermanager.DefaultWorkerManager", "topology.disruptor.wait.timeout.millis" 1000, "storm.nimbus.retry.intervalceiling.millis" 60000, "topology.trident.batch.emit.interval.millis" 50, "storm.auth.simple-acl.users" [], "drpc.invocations.threads" 64, "java.library.path" "/usr/local/lib:/opt/local/lib:/usr/lib", "ui.port" 8080, "storm.exhibitor.poll.uripath" "/exhibitor/v1/cluster/list", "storm.messaging.netty.transfer.batch.size" 262144, "logviewer.appender.name" "A1", "nimbus.thrift.max_buffer_size" 1048576, "storm.auth.simple-acl.users.commands" [], "drpc.request.timeout.secs" 600}
54103 [main] INFO  o.a.s.d.nimbus - Using default scheduler
54104 [main] INFO  o.a.c.f.i.CuratorFrameworkImpl - Starting
54105 [main] INFO  o.a.c.f.i.CuratorFrameworkImpl - Starting
54106 [main] INFO  o.a.s.b.FileBlobStoreImpl - Creating new blob store based in /tmp/da665537-7432-4c7b-87ab-9bca0d813a66/blobs
54113 [main] INFO  o.a.c.f.i.CuratorFrameworkImpl - Starting
54121 [main-EventThread] INFO  o.a.c.f.s.ConnectionStateManager - State change: CONNECTED
54121 [main-EventThread] INFO  o.a.c.f.s.ConnectionStateManager - State change: CONNECTED
54128 [main-EventThread] INFO  o.a.c.f.s.ConnectionStateManager - State change: CONNECTED
54128 [Curator-Framework-0] INFO  o.a.c.f.i.CuratorFrameworkImpl - backgroundOperationsLoop exiting
54135 [main] INFO  o.a.c.f.i.CuratorFrameworkImpl - Starting
54140 [main] INFO  o.a.c.f.i.CuratorFrameworkImpl - Starting
54142 [main-EventThread] INFO  o.a.c.f.s.ConnectionStateManager - State change: CONNECTED
54142 [main-EventThread] INFO  o.a.c.f.s.ConnectionStateManager - State change: CONNECTED
54160 [main] INFO  o.a.s.z.LeaderElectorImp - Queued up for leader lock.
54178 [main-EventThread] INFO  o.a.s.z.Zookeeper - testing-worker-linux-docker-ca11978f-3356-linux-16.prod.travis-ci.org gained leadership
54181 [main] WARN  o.a.s.m.StormMetricsRegistry - Metric nimbus:num-supervisors has already been registered
54181 [main] INFO  o.a.s.d.m.MetricsUtils - Using statistics reporter plugin:org.apache.storm.daemon.metrics.reporters.JmxPreparableReporter
54181 [main] INFO  o.a.s.d.m.r.JmxPreparableReporter - Preparing...
54210 [main] INFO  o.a.s.m.StormMetricsRegistry - Started statistics report plugin...
54210 [main] INFO  o.a.c.f.i.CuratorFrameworkImpl - Starting
54225 [main-EventThread] INFO  o.a.c.f.s.ConnectionStateManager - State change: CONNECTED
54225 [Curator-Framework-0] INFO  o.a.c.f.i.CuratorFrameworkImpl - backgroundOperationsLoop exiting
54227 [main] INFO  o.a.c.f.i.CuratorFrameworkImpl - Starting
54228 [main] INFO  o.a.c.f.i.CuratorFrameworkImpl - Starting
54232 [main-EventThread] INFO  o.a.c.f.s.ConnectionStateManager - State change: CONNECTED
54233 [Curator-Framework-0] INFO  o.a.c.f.i.CuratorFrameworkImpl - backgroundOperationsLoop exiting
54234 [main-EventThread] INFO  o.a.c.f.s.ConnectionStateManager - State change: CONNECTED
54235 [main] INFO  o.a.c.f.i.CuratorFrameworkImpl - Starting
54236 [main-EventThread] INFO  o.a.c.f.s.ConnectionStateManager - State change: CONNECTED
54247 [main] INFO  o.a.s.d.local-supervisor - Starting local Supervisor with conf {"topology.builtin.metrics.bucket.size.secs" 60, "nimbus.childopts" "-Xmx1024m", "ui.filter.params" nil, "storm.cluster.mode" "local", "storm.messaging.netty.client_worker_threads" 1, "logviewer.max.per.worker.logs.size.mb" 2048, "supervisor.run.worker.as.user" false, "topology.max.task.parallelism" nil, "topology.priority" 29, "zmq.threads" 1, "storm.group.mapping.service" "org.apache.storm.security.auth.ShellBasedGroupsMapping", "transactional.zookeeper.root" "/transactional", "topology.sleep.spout.wait.strategy.time.ms" 1, "scheduler.display.resource" false, "topology.max.replication.wait.time.sec" 60, "drpc.invocations.port" 3773, "supervisor.localizer.cache.target.size.mb" 10240, "topology.multilang.serializer" "org.apache.storm.multilang.JsonSerializer", "storm.messaging.netty.server_worker_threads" 1, "nimbus.blobstore.class" "org.apache.storm.blobstore.LocalFsBlobStore", "resource.aware.scheduler.eviction.strategy" "org.apache.storm.scheduler.resource.strategies.eviction.DefaultEvictionStrategy", "topology.max.error.report.per.interval" 5, "storm.thrift.transport" "org.apache.storm.security.auth.SimpleTransportPlugin", "zmq.hwm" 0, "storm.cgroup.resources" ["cpu" "memory"], "storm.group.mapping.service.params" nil, "worker.profiler.enabled" false, "storm.principal.tolocal" "org.apache.storm.security.auth.DefaultPrincipalToLocal", "supervisor.worker.shutdown.sleep.secs" 1, "pacemaker.host" "localhost", "storm.zookeeper.retry.times" 5, "ui.actions.enabled" true, "zmq.linger.millis" 0, "supervisor.enable" true, "topology.stats.sample.rate" 0.05, "storm.messaging.netty.min_wait_ms" 100, "storm.resource.isolation.plugin" "org.apache.storm.container.cgroup.CgroupManager", "worker.log.level.reset.poll.secs" 30, "storm.zookeeper.port" 2002, "supervisor.heartbeat.frequency.secs" 5, "topology.enable.message.timeouts" false, "supervisor.cpu.capacity" 400.0, "drpc.worker.threads" 64, "supervisor.blobstore.download.thread.count" 5, "drpc.queue.size" 128, "topology.backpressure.enable" true, "supervisor.blobstore.class" "org.apache.storm.blobstore.NimbusBlobStore", "storm.blobstore.inputstream.buffer.size.bytes" 65536, "topology.shellbolt.max.pending" 100, "drpc.https.keystore.password" "", "nimbus.code.sync.freq.secs" 120, "logviewer.port" 8000, "topology.scheduler.strategy" "org.apache.storm.scheduler.resource.strategies.scheduling.DefaultResourceAwareStrategy", "topology.executor.send.buffer.size" 1024, "resource.aware.scheduler.priority.strategy" "org.apache.storm.scheduler.resource.strategies.priority.DefaultSchedulingPriorityStrategy", "pacemaker.auth.method" "NONE", "storm.daemon.metrics.reporter.plugins" ["org.apache.storm.daemon.metrics.reporters.JmxPreparableReporter"], "storm.cgroup.hierarchy.dir" "/cgroup/storm_resources", "topology.worker.logwriter.childopts" "-Xmx64m", "topology.spout.wait.strategy" "org.apache.storm.spout.SleepSpoutWaitStrategy", "ui.host" "0.0.0.0", "storm.nimbus.retry.interval.millis" 2000, "nimbus.inbox.jar.expiration.secs" 3600, "dev.zookeeper.path" "/tmp/dev-storm-zookeeper", "topology.acker.executors" nil, "topology.fall.back.on.java.serialization" true, "topology.eventlogger.executors" nil, "supervisor.localizer.cleanup.interval.ms" 600000, "storm.zookeeper.servers" ["localhost"], "nimbus.thrift.threads" 64, "logviewer.cleanup.age.mins" 10080, "topology.worker.childopts" nil, "topology.classpath" nil, "storm.cgroup.cgexec.cmd" "/bin/cgexec", "supervisor.monitor.frequency.secs" 3, "nimbus.credential.renewers.freq.secs" 600, "topology.skip.missing.kryo.registrations" true, "drpc.authorizer.acl.filename" "drpc-auth-acl.yaml", "pacemaker.kerberos.users" [], "storm.group.mapping.service.cache.duration.secs" 120, "NIMBUS-DO-NOT-REASSIGN" true, "topology.testing.always.try.serialize" false, "nimbus.monitor.freq.secs" 10, "storm.health.check.timeout.ms" 5000, "supervisor.supervisors" [], "topology.tasks" nil, "topology.bolts.outgoing.overflow.buffer.enable" false, "storm.messaging.netty.socket.backlog" 500, "topology.workers" 1, "pacemaker.base.threads" 10, "storm.local.dir" "/tmp/5c0d5de9-0530-41cd-aa12-d9b57920d560", "topology.disable.loadaware" false, "worker.childopts" "-Xmx%HEAP-MEM%m -XX:+PrintGCDetails -Xloggc:artifacts/gc.log -XX:+PrintGCDateStamps -XX:+PrintGCTimeStamps -XX:+UseGCLogFileRotation -XX:NumberOfGCLogFiles=10 -XX:GCLogFileSize=1M -XX:+HeapDumpOnOutOfMemoryError -XX:HeapDumpPath=artifacts/heapdump", "storm.auth.simple-white-list.users" [], "topology.disruptor.batch.timeout.millis" 1, "topology.message.timeout.secs" 30, "topology.state.synchronization.timeout.secs" 60, "topology.tuple.serializer" "org.apache.storm.serialization.types.ListDelegateSerializer", "supervisor.supervisors.commands" [], "nimbus.blobstore.expiration.secs" 600, "logviewer.childopts" "-Xmx128m", "topology.environment" nil, "topology.debug" false, "topology.disruptor.batch.size" 100, "storm.messaging.netty.max_retries" 300, "ui.childopts" "-Xmx768m", "storm.network.topography.plugin" "org.apache.storm.networktopography.DefaultRackDNSToSwitchMapping", "storm.zookeeper.session.timeout" 20000, "drpc.childopts" "-Xmx768m", "drpc.http.creds.plugin" "org.apache.storm.security.auth.DefaultHttpCredentialsPlugin", "storm.zookeeper.connection.timeout" 15000, "storm.zookeeper.auth.user" nil, "storm.meta.serialization.delegate" "org.apache.storm.serialization.GzipThriftSerializationDelegate", "topology.max.spout.pending" nil, "storm.codedistributor.class" "org.apache.storm.codedistributor.LocalFileSystemCodeDistributor", "nimbus.supervisor.timeout.secs" 60, "nimbus.task.timeout.secs" 30, "drpc.port" 3772, "pacemaker.max.threads" 50, "storm.zookeeper.retry.intervalceiling.millis" 30000, "nimbus.thrift.port" 6627, "storm.auth.simple-acl.admins" [], "topology.component.cpu.pcore.percent" 10.0, "supervisor.memory.capacity.mb" 4096.0, "storm.supervisor.cgroup.rootdir" "storm", "storm.nimbus.retry.times" 5, "supervisor.worker.start.timeout.secs" 5, "storm.zookeeper.retry.interval" 1000, "logs.users" nil, "storm.cluster.metrics.consumer.publish.interval.secs" 60, "worker.profiler.command" "flight.bash", "transactional.zookeeper.port" nil, "drpc.max_buffer_size" 1048576, "pacemaker.thread.timeout" 10, "storm.cgroup.hierarchy.name" "storm", "task.credentials.poll.secs" 30, "blobstore.superuser" "travis", "drpc.https.keystore.type" "JKS", "topology.worker.receiver.thread.count" 1, "topology.state.checkpoint.interval.ms" 1000, "supervisor.slots.ports" [1 2 3 4], "topology.transfer.buffer.size" 1024, "storm.health.check.dir" "healthchecks", "topology.worker.shared.thread.pool.size" 4, "drpc.authorizer.acl.strict" false, "nimbus.file.copy.expiration.secs" 600, "worker.profiler.childopts" "-XX:+UnlockCommercialFeatures -XX:+FlightRecorder", "topology.executor.receive.buffer.size" 1024, "backpressure.disruptor.low.watermark" 0.4, "nimbus.task.launch.secs" 120, "storm.local.mode.zmq" false, "storm.cgroup.memory.limit.tolerance.margin.mb" 128.0, "storm.messaging.netty.buffer_size" 5242880, "storm.cluster.state.store" "org.apache.storm.cluster.ZKStateStorageFactory", "worker.heartbeat.frequency.secs" 1, "storm.log4j2.conf.dir" "log4j2", "storm.resource.isolation.plugin.enable" false, "ui.http.creds.plugin" "org.apache.storm.security.auth.DefaultHttpCredentialsPlugin", "storm.zookeeper.root" "/storm", "topology.tick.tuple.freq.secs" nil, "drpc.https.port" -1, "storm.workers.artifacts.dir" "workers-artifacts", "supervisor.blobstore.download.max_retries" 3, "task.refresh.poll.secs" 10, "storm.exhibitor.port" 8080, "task.heartbeat.frequency.secs" 3, "pacemaker.port" 6699, "storm.messaging.netty.max_wait_ms" 1000, "topology.component.resources.offheap.memory.mb" 0.0, "drpc.http.port" 3774, "topology.error.throttle.interval.secs" 10, "storm.messaging.transport" "org.apache.storm.messaging.netty.Context", "storm.messaging.netty.authentication" false, "topology.component.resources.onheap.memory.mb" 128.0, "topology.kryo.factory" "org.apache.storm.serialization.DefaultKryoFactory", "worker.gc.childopts" "", "nimbus.topology.validator" "org.apache.storm.nimbus.DefaultTopologyValidator", "nimbus.seeds" ["localhost"], "nimbus.queue.size" 100000, "nimbus.cleanup.inbox.freq.secs" 600, "storm.blobstore.replication.factor" 3, "worker.heap.memory.mb" 768, "logviewer.max.sum.worker.logs.size.mb" 4096, "pacemaker.childopts" "-Xmx1024m", "ui.users" nil, "transactional.zookeeper.servers" nil, "supervisor.worker.timeout.secs" 15, "storm.zookeeper.auth.password" nil, "storm.blobstore.acl.validation.enabled" false, "client.blobstore.class" "org.apache.storm.blobstore.NimbusBlobStore", "supervisor.childopts" "-Xmx256m", "topology.worker.max.heap.size.mb" 768.0, "backpressure.disruptor.high.watermark" 0.9, "ui.filter" nil, "ui.header.buffer.bytes" 4096, "topology.min.replication.count" 1, "storm.supervisor.worker.manager.plugin" "org.apache.storm.daemon.supervisor.workermanager.DefaultWorkerManager", "topology.disruptor.wait.timeout.millis" 1000, "storm.nimbus.retry.intervalceiling.millis" 60000, "topology.trident.batch.emit.interval.millis" 50, "storm.auth.simple-acl.users" [], "drpc.invocations.threads" 64, "java.library.path" "/usr/local/lib:/opt/local/lib:/usr/lib", "ui.port" 8080, "storm.exhibitor.poll.uripath" "/exhibitor/v1/cluster/list", "storm.messaging.netty.transfer.batch.size" 262144, "logviewer.appender.name" "A1", "nimbus.thrift.max_buffer_size" 1048576, "storm.auth.simple-acl.users.commands" [], "drpc.request.timeout.secs" 600}
54247 [main] INFO  o.a.s.d.s.Supervisor - Starting Supervisor with conf {topology.builtin.metrics.bucket.size.secs=60, nimbus.childopts=-Xmx1024m, ui.filter.params=null, storm.cluster.mode=local, storm.messaging.netty.client_worker_threads=1, logviewer.max.per.worker.logs.size.mb=2048, supervisor.run.worker.as.user=false, topology.max.task.parallelism=null, topology.priority=29, zmq.threads=1, storm.group.mapping.service=org.apache.storm.security.auth.ShellBasedGroupsMapping, transactional.zookeeper.root=/transactional, topology.sleep.spout.wait.strategy.time.ms=1, scheduler.display.resource=false, topology.max.replication.wait.time.sec=60, drpc.invocations.port=3773, supervisor.localizer.cache.target.size.mb=10240, topology.multilang.serializer=org.apache.storm.multilang.JsonSerializer, storm.messaging.netty.server_worker_threads=1, nimbus.blobstore.class=org.apache.storm.blobstore.LocalFsBlobStore, resource.aware.scheduler.eviction.strategy=org.apache.storm.scheduler.resource.strategies.eviction.DefaultEvictionStrategy, topology.max.error.report.per.interval=5, storm.thrift.transport=org.apache.storm.security.auth.SimpleTransportPlugin, zmq.hwm=0, storm.cgroup.resources=[cpu, memory], storm.group.mapping.service.params=null, worker.profiler.enabled=false, storm.principal.tolocal=org.apache.storm.security.auth.DefaultPrincipalToLocal, supervisor.worker.shutdown.sleep.secs=1, pacemaker.host=localhost, storm.zookeeper.retry.times=5, ui.actions.enabled=true, zmq.linger.millis=0, supervisor.enable=true, topology.stats.sample.rate=0.05, storm.messaging.netty.min_wait_ms=100, storm.resource.isolation.plugin=org.apache.storm.container.cgroup.CgroupManager, worker.log.level.reset.poll.secs=30, storm.zookeeper.port=2002, supervisor.heartbeat.frequency.secs=5, topology.enable.message.timeouts=false, supervisor.cpu.capacity=400.0, drpc.worker.threads=64, supervisor.blobstore.download.thread.count=5, drpc.queue.size=128, topology.backpressure.enable=true, supervisor.blobstore.class=org.apache.storm.blobstore.NimbusBlobStore, storm.blobstore.inputstream.buffer.size.bytes=65536, topology.shellbolt.max.pending=100, drpc.https.keystore.password=, nimbus.code.sync.freq.secs=120, logviewer.port=8000, topology.scheduler.strategy=org.apache.storm.scheduler.resource.strategies.scheduling.DefaultResourceAwareStrategy, topology.executor.send.buffer.size=1024, resource.aware.scheduler.priority.strategy=org.apache.storm.scheduler.resource.strategies.priority.DefaultSchedulingPriorityStrategy, pacemaker.auth.method=NONE, storm.daemon.metrics.reporter.plugins=[org.apache.storm.daemon.metrics.reporters.JmxPreparableReporter], storm.cgroup.hierarchy.dir=/cgroup/storm_resources, topology.worker.logwriter.childopts=-Xmx64m, topology.spout.wait.strategy=org.apache.storm.spout.SleepSpoutWaitStrategy, ui.host=0.0.0.0, storm.nimbus.retry.interval.millis=2000, nimbus.inbox.jar.expiration.secs=3600, dev.zookeeper.path=/tmp/dev-storm-zookeeper, topology.acker.executors=null, topology.fall.back.on.java.serialization=true, topology.eventlogger.executors=null, supervisor.localizer.cleanup.interval.ms=600000, storm.zookeeper.servers=[localhost], nimbus.thrift.threads=64, logviewer.cleanup.age.mins=10080, topology.worker.childopts=null, topology.classpath=null, storm.cgroup.cgexec.cmd=/bin/cgexec, supervisor.monitor.frequency.secs=3, nimbus.credential.renewers.freq.secs=600, topology.skip.missing.kryo.registrations=true, drpc.authorizer.acl.filename=drpc-auth-acl.yaml, pacemaker.kerberos.users=[], storm.group.mapping.service.cache.duration.secs=120, NIMBUS-DO-NOT-REASSIGN=true, topology.testing.always.try.serialize=false, nimbus.monitor.freq.secs=10, storm.health.check.timeout.ms=5000, supervisor.supervisors=[], topology.tasks=null, topology.bolts.outgoing.overflow.buffer.enable=false, storm.messaging.netty.socket.backlog=500, topology.workers=1, pacemaker.base.threads=10, storm.local.dir=/tmp/5c0d5de9-0530-41cd-aa12-d9b57920d560, topology.disable.loadaware=false, worker.childopts=-Xmx%HEAP-MEM%m -XX:+PrintGCDetails -Xloggc:artifacts/gc.log -XX:+PrintGCDateStamps -XX:+PrintGCTimeStamps -XX:+UseGCLogFileRotation -XX:NumberOfGCLogFiles=10 -XX:GCLogFileSize=1M -XX:+HeapDumpOnOutOfMemoryError -XX:HeapDumpPath=artifacts/heapdump, storm.auth.simple-white-list.users=[], topology.disruptor.batch.timeout.millis=1, topology.message.timeout.secs=30, topology.state.synchronization.timeout.secs=60, topology.tuple.serializer=org.apache.storm.serialization.types.ListDelegateSerializer, supervisor.supervisors.commands=[], nimbus.blobstore.expiration.secs=600, logviewer.childopts=-Xmx128m, topology.environment=null, topology.debug=false, topology.disruptor.batch.size=100, storm.messaging.netty.max_retries=300, ui.childopts=-Xmx768m, storm.network.topography.plugin=org.apache.storm.networktopography.DefaultRackDNSToSwitchMapping, storm.zookeeper.session.timeout=20000, drpc.childopts=-Xmx768m, drpc.http.creds.plugin=org.apache.storm.security.auth.DefaultHttpCredentialsPlugin, storm.zookeeper.connection.timeout=15000, storm.zookeeper.auth.user=null, storm.meta.serialization.delegate=org.apache.storm.serialization.GzipThriftSerializationDelegate, topology.max.spout.pending=null, storm.codedistributor.class=org.apache.storm.codedistributor.LocalFileSystemCodeDistributor, nimbus.supervisor.timeout.secs=60, nimbus.task.timeout.secs=30, drpc.port=3772, pacemaker.max.threads=50, storm.zookeeper.retry.intervalceiling.millis=30000, nimbus.thrift.port=6627, storm.auth.simple-acl.admins=[], topology.component.cpu.pcore.percent=10.0, supervisor.memory.capacity.mb=4096.0, storm.supervisor.cgroup.rootdir=storm, storm.nimbus.retry.times=5, supervisor.worker.start.timeout.secs=5, storm.zookeeper.retry.interval=1000, logs.users=null, storm.cluster.metrics.consumer.publish.interval.secs=60, worker.profiler.command=flight.bash, transactional.zookeeper.port=null, drpc.max_buffer_size=1048576, pacemaker.thread.timeout=10, storm.cgroup.hierarchy.name=storm, task.credentials.poll.secs=30, blobstore.superuser=travis, drpc.https.keystore.type=JKS, topology.worker.receiver.thread.count=1, topology.state.checkpoint.interval.ms=1000, supervisor.slots.ports=[1, 2, 3, 4], topology.transfer.buffer.size=1024, storm.health.check.dir=healthchecks, topology.worker.shared.thread.pool.size=4, drpc.authorizer.acl.strict=false, nimbus.file.copy.expiration.secs=600, worker.profiler.childopts=-XX:+UnlockCommercialFeatures -XX:+FlightRecorder, topology.executor.receive.buffer.size=1024, backpressure.disruptor.low.watermark=0.4, nimbus.task.launch.secs=120, storm.local.mode.zmq=false, storm.cgroup.memory.limit.tolerance.margin.mb=128.0, storm.messaging.netty.buffer_size=5242880, storm.cluster.state.store=org.apache.storm.cluster.ZKStateStorageFactory, worker.heartbeat.frequency.secs=1, storm.log4j2.conf.dir=log4j2, storm.resource.isolation.plugin.enable=false, ui.http.creds.plugin=org.apache.storm.security.auth.DefaultHttpCredentialsPlugin, storm.zookeeper.root=/storm, topology.tick.tuple.freq.secs=null, drpc.https.port=-1, storm.workers.artifacts.dir=workers-artifacts, supervisor.blobstore.download.max_retries=3, task.refresh.poll.secs=10, storm.exhibitor.port=8080, task.heartbeat.frequency.secs=3, pacemaker.port=6699, storm.messaging.netty.max_wait_ms=1000, topology.component.resources.offheap.memory.mb=0.0, drpc.http.port=3774, topology.error.throttle.interval.secs=10, storm.messaging.transport=org.apache.storm.messaging.netty.Context, storm.messaging.netty.authentication=false, topology.component.resources.onheap.memory.mb=128.0, topology.kryo.factory=org.apache.storm.serialization.DefaultKryoFactory, worker.gc.childopts=, nimbus.topology.validator=org.apache.storm.nimbus.DefaultTopologyValidator, nimbus.seeds=[localhost], nimbus.queue.size=100000, nimbus.cleanup.inbox.freq.secs=600, storm.blobstore.replication.factor=3, worker.heap.memory.mb=768, logviewer.max.sum.worker.logs.size.mb=4096, pacemaker.childopts=-Xmx1024m, ui.users=null, transactional.zookeeper.servers=null, supervisor.worker.timeout.secs=15, storm.zookeeper.auth.password=null, storm.blobstore.acl.validation.enabled=false, client.blobstore.class=org.apache.storm.blobstore.NimbusBlobStore, supervisor.childopts=-Xmx256m, topology.worker.max.heap.size.mb=768.0, backpressure.disruptor.high.watermark=0.9, ui.filter=null, ui.header.buffer.bytes=4096, topology.min.replication.count=1, storm.supervisor.worker.manager.plugin=org.apache.storm.daemon.supervisor.workermanager.DefaultWorkerManager, topology.disruptor.wait.timeout.millis=1000, storm.nimbus.retry.intervalceiling.millis=60000, topology.trident.batch.emit.interval.millis=50, storm.auth.simple-acl.users=[], drpc.invocations.threads=64, java.library.path=/usr/local/lib:/opt/local/lib:/usr/lib, ui.port=8080, storm.exhibitor.poll.uripath=/exhibitor/v1/cluster/list, storm.messaging.netty.transfer.batch.size=262144, logviewer.appender.name=A1, nimbus.thrift.max_buffer_size=1048576, storm.auth.simple-acl.users.commands=[], drpc.request.timeout.secs=600}
54248 [main] INFO  o.a.c.f.i.CuratorFrameworkImpl - Starting
54250 [main-EventThread] INFO  o.a.c.f.s.ConnectionStateManager - State change: CONNECTED
54251 [Curator-Framework-0] INFO  o.a.c.f.i.CuratorFrameworkImpl - backgroundOperationsLoop exiting
54252 [main] INFO  o.a.c.f.i.CuratorFrameworkImpl - Starting
54255 [main-EventThread] INFO  o.a.c.f.s.ConnectionStateManager - State change: CONNECTED
54258 [main] INFO  o.a.s.l.Localizer - Reconstruct localized resource: /tmp/5c0d5de9-0530-41cd-aa12-d9b57920d560/supervisor/usercache
54258 [main] WARN  o.a.s.l.Localizer - No left over resources found for any user during reconstructing of local resources at: /tmp/5c0d5de9-0530-41cd-aa12-d9b57920d560/supervisor/usercache
54263 [main] INFO  o.a.s.d.s.Supervisor - Starting supervisor with id sup1 at host testing-worker-linux-docker-ca11978f-3356-linux-16.prod.travis-ci.org.
54265 [main] INFO  o.a.s.d.local-supervisor - Starting local Supervisor with conf {"topology.builtin.metrics.bucket.size.secs" 60, "nimbus.childopts" "-Xmx1024m", "ui.filter.params" nil, "storm.cluster.mode" "local", "storm.messaging.netty.client_worker_threads" 1, "logviewer.max.per.worker.logs.size.mb" 2048, "supervisor.run.worker.as.user" false, "topology.max.task.parallelism" nil, "topology.priority" 29, "zmq.threads" 1, "storm.group.mapping.service" "org.apache.storm.security.auth.ShellBasedGroupsMapping", "transactional.zookeeper.root" "/transactional", "topology.sleep.spout.wait.strategy.time.ms" 1, "scheduler.display.resource" false, "topology.max.replication.wait.time.sec" 60, "drpc.invocations.port" 3773, "supervisor.localizer.cache.target.size.mb" 10240, "topology.multilang.serializer" "org.apache.storm.multilang.JsonSerializer", "storm.messaging.netty.server_worker_threads" 1, "nimbus.blobstore.class" "org.apache.storm.blobstore.LocalFsBlobStore", "resource.aware.scheduler.eviction.strategy" "org.apache.storm.scheduler.resource.strategies.eviction.DefaultEvictionStrategy", "topology.max.error.report.per.interval" 5, "storm.thrift.transport" "org.apache.storm.security.auth.SimpleTransportPlugin", "zmq.hwm" 0, "storm.cgroup.resources" ["cpu" "memory"], "storm.group.mapping.service.params" nil, "worker.profiler.enabled" false, "storm.principal.tolocal" "org.apache.storm.security.auth.DefaultPrincipalToLocal", "supervisor.worker.shutdown.sleep.secs" 1, "pacemaker.host" "localhost", "storm.zookeeper.retry.times" 5, "ui.actions.enabled" true, "zmq.linger.millis" 0, "supervisor.enable" true, "topology.stats.sample.rate" 0.05, "storm.messaging.netty.min_wait_ms" 100, "storm.resource.isolation.plugin" "org.apache.storm.container.cgroup.CgroupManager", "worker.log.level.reset.poll.secs" 30, "storm.zookeeper.port" 2002, "supervisor.heartbeat.frequency.secs" 5, "topology.enable.message.timeouts" false, "supervisor.cpu.capacity" 400.0, "drpc.worker.threads" 64, "supervisor.blobstore.download.thread.count" 5, "drpc.queue.size" 128, "topology.backpressure.enable" true, "supervisor.blobstore.class" "org.apache.storm.blobstore.NimbusBlobStore", "storm.blobstore.inputstream.buffer.size.bytes" 65536, "topology.shellbolt.max.pending" 100, "drpc.https.keystore.password" "", "nimbus.code.sync.freq.secs" 120, "logviewer.port" 8000, "topology.scheduler.strategy" "org.apache.storm.scheduler.resource.strategies.scheduling.DefaultResourceAwareStrategy", "topology.executor.send.buffer.size" 1024, "resource.aware.scheduler.priority.strategy" "org.apache.storm.scheduler.resource.strategies.priority.DefaultSchedulingPriorityStrategy", "pacemaker.auth.method" "NONE", "storm.daemon.metrics.reporter.plugins" ["org.apache.storm.daemon.metrics.reporters.JmxPreparableReporter"], "storm.cgroup.hierarchy.dir" "/cgroup/storm_resources", "topology.worker.logwriter.childopts" "-Xmx64m", "topology.spout.wait.strategy" "org.apache.storm.spout.SleepSpoutWaitStrategy", "ui.host" "0.0.0.0", "storm.nimbus.retry.interval.millis" 2000, "nimbus.inbox.jar.expiration.secs" 3600, "dev.zookeeper.path" "/tmp/dev-storm-zookeeper", "topology.acker.executors" nil, "topology.fall.back.on.java.serialization" true, "topology.eventlogger.executors" nil, "supervisor.localizer.cleanup.interval.ms" 600000, "storm.zookeeper.servers" ["localhost"], "nimbus.thrift.threads" 64, "logviewer.cleanup.age.mins" 10080, "topology.worker.childopts" nil, "topology.classpath" nil, "storm.cgroup.cgexec.cmd" "/bin/cgexec", "supervisor.monitor.frequency.secs" 3, "nimbus.credential.renewers.freq.secs" 600, "topology.skip.missing.kryo.registrations" true, "drpc.authorizer.acl.filename" "drpc-auth-acl.yaml", "pacemaker.kerberos.users" [], "storm.group.mapping.service.cache.duration.secs" 120, "NIMBUS-DO-NOT-REASSIGN" true, "topology.testing.always.try.serialize" false, "nimbus.monitor.freq.secs" 10, "storm.health.check.timeout.ms" 5000, "supervisor.supervisors" [], "topology.tasks" nil, "topology.bolts.outgoing.overflow.buffer.enable" false, "storm.messaging.netty.socket.backlog" 500, "topology.workers" 1, "pacemaker.base.threads" 10, "storm.local.dir" "/tmp/6cfbee5d-756e-4d73-a555-82bea2e67a76", "topology.disable.loadaware" false, "worker.childopts" "-Xmx%HEAP-MEM%m -XX:+PrintGCDetails -Xloggc:artifacts/gc.log -XX:+PrintGCDateStamps -XX:+PrintGCTimeStamps -XX:+UseGCLogFileRotation -XX:NumberOfGCLogFiles=10 -XX:GCLogFileSize=1M -XX:+HeapDumpOnOutOfMemoryError -XX:HeapDumpPath=artifacts/heapdump", "storm.auth.simple-white-list.users" [], "topology.disruptor.batch.timeout.millis" 1, "topology.message.timeout.secs" 30, "topology.state.synchronization.timeout.secs" 60, "topology.tuple.serializer" "org.apache.storm.serialization.types.ListDelegateSerializer", "supervisor.supervisors.commands" [], "nimbus.blobstore.expiration.secs" 600, "logviewer.childopts" "-Xmx128m", "topology.environment" nil, "topology.debug" false, "topology.disruptor.batch.size" 100, "storm.messaging.netty.max_retries" 300, "ui.childopts" "-Xmx768m", "storm.network.topography.plugin" "org.apache.storm.networktopography.DefaultRackDNSToSwitchMapping", "storm.zookeeper.session.timeout" 20000, "drpc.childopts" "-Xmx768m", "drpc.http.creds.plugin" "org.apache.storm.security.auth.DefaultHttpCredentialsPlugin", "storm.zookeeper.connection.timeout" 15000, "storm.zookeeper.auth.user" nil, "storm.meta.serialization.delegate" "org.apache.storm.serialization.GzipThriftSerializationDelegate", "topology.max.spout.pending" nil, "storm.codedistributor.class" "org.apache.storm.codedistributor.LocalFileSystemCodeDistributor", "nimbus.supervisor.timeout.secs" 60, "nimbus.task.timeout.secs" 30, "drpc.port" 3772, "pacemaker.max.threads" 50, "storm.zookeeper.retry.intervalceiling.millis" 30000, "nimbus.thrift.port" 6627, "storm.auth.simple-acl.admins" [], "topology.component.cpu.pcore.percent" 10.0, "supervisor.memory.capacity.mb" 4096.0, "storm.supervisor.cgroup.rootdir" "storm", "storm.nimbus.retry.times" 5, "supervisor.worker.start.timeout.secs" 5, "storm.zookeeper.retry.interval" 1000, "logs.users" nil, "storm.cluster.metrics.consumer.publish.interval.secs" 60, "worker.profiler.command" "flight.bash", "transactional.zookeeper.port" nil, "drpc.max_buffer_size" 1048576, "pacemaker.thread.timeout" 10, "storm.cgroup.hierarchy.name" "storm", "task.credentials.poll.secs" 30, "blobstore.superuser" "travis", "drpc.https.keystore.type" "JKS", "topology.worker.receiver.thread.count" 1, "topology.state.checkpoint.interval.ms" 1000, "supervisor.slots.ports" [1 2], "topology.transfer.buffer.size" 1024, "storm.health.check.dir" "healthchecks", "topology.worker.shared.thread.pool.size" 4, "drpc.authorizer.acl.strict" false, "nimbus.file.copy.expiration.secs" 600, "worker.profiler.childopts" "-XX:+UnlockCommercialFeatures -XX:+FlightRecorder", "topology.executor.receive.buffer.size" 1024, "backpressure.disruptor.low.watermark" 0.4, "nimbus.task.launch.secs" 120, "storm.local.mode.zmq" false, "storm.cgroup.memory.limit.tolerance.margin.mb" 128.0, "storm.messaging.netty.buffer_size" 5242880, "storm.cluster.state.store" "org.apache.storm.cluster.ZKStateStorageFactory", "worker.heartbeat.frequency.secs" 1, "storm.log4j2.conf.dir" "log4j2", "storm.resource.isolation.plugin.enable" false, "ui.http.creds.plugin" "org.apache.storm.security.auth.DefaultHttpCredentialsPlugin", "storm.zookeeper.root" "/storm", "topology.tick.tuple.freq.secs" nil, "drpc.https.port" -1, "storm.workers.artifacts.dir" "workers-artifacts", "supervisor.blobstore.download.max_retries" 3, "task.refresh.poll.secs" 10, "storm.exhibitor.port" 8080, "task.heartbeat.frequency.secs" 3, "pacemaker.port" 6699, "storm.messaging.netty.max_wait_ms" 1000, "topology.component.resources.offheap.memory.mb" 0.0, "drpc.http.port" 3774, "topology.error.throttle.interval.secs" 10, "storm.messaging.transport" "org.apache.storm.messaging.netty.Context", "storm.messaging.netty.authentication" false, "topology.component.resources.onheap.memory.mb" 128.0, "topology.kryo.factory" "org.apache.storm.serialization.DefaultKryoFactory", "worker.gc.childopts" "", "nimbus.topology.validator" "org.apache.storm.nimbus.DefaultTopologyValidator", "nimbus.seeds" ["localhost"], "nimbus.queue.size" 100000, "nimbus.cleanup.inbox.freq.secs" 600, "storm.blobstore.replication.factor" 3, "worker.heap.memory.mb" 768, "logviewer.max.sum.worker.logs.size.mb" 4096, "pacemaker.childopts" "-Xmx1024m", "ui.users" nil, "transactional.zookeeper.servers" nil, "supervisor.worker.timeout.secs" 15, "storm.zookeeper.auth.password" nil, "storm.blobstore.acl.validation.enabled" false, "client.blobstore.class" "org.apache.storm.blobstore.NimbusBlobStore", "supervisor.childopts" "-Xmx256m", "topology.worker.max.heap.size.mb" 768.0, "backpressure.disruptor.high.watermark" 0.9, "ui.filter" nil, "ui.header.buffer.bytes" 4096, "topology.min.replication.count" 1, "storm.supervisor.worker.manager.plugin" "org.apache.storm.daemon.supervisor.workermanager.DefaultWorkerManager", "topology.disruptor.wait.timeout.millis" 1000, "storm.nimbus.retry.intervalceiling.millis" 60000, "topology.trident.batch.emit.interval.millis" 50, "storm.auth.simple-acl.users" [], "drpc.invocations.threads" 64, "java.library.path" "/usr/local/lib:/opt/local/lib:/usr/lib", "ui.port" 8080, "storm.exhibitor.poll.uripath" "/exhibitor/v1/cluster/list", "storm.messaging.netty.transfer.batch.size" 262144, "logviewer.appender.name" "A1", "nimbus.thrift.max_buffer_size" 1048576, "storm.auth.simple-acl.users.commands" [], "drpc.request.timeout.secs" 600}
54265 [main] INFO  o.a.s.d.s.Supervisor - Starting Supervisor with conf {topology.builtin.metrics.bucket.size.secs=60, nimbus.childopts=-Xmx1024m, ui.filter.params=null, storm.cluster.mode=local, storm.messaging.netty.client_worker_threads=1, logviewer.max.per.worker.logs.size.mb=2048, supervisor.run.worker.as.user=false, topology.max.task.parallelism=null, topology.priority=29, zmq.threads=1, storm.group.mapping.service=org.apache.storm.security.auth.ShellBasedGroupsMapping, transactional.zookeeper.root=/transactional, topology.sleep.spout.wait.strategy.time.ms=1, scheduler.display.resource=false, topology.max.replication.wait.time.sec=60, drpc.invocations.port=3773, supervisor.localizer.cache.target.size.mb=10240, topology.multilang.serializer=org.apache.storm.multilang.JsonSerializer, storm.messaging.netty.server_worker_threads=1, nimbus.blobstore.class=org.apache.storm.blobstore.LocalFsBlobStore, resource.aware.scheduler.eviction.strategy=org.apache.storm.scheduler.resource.strategies.eviction.DefaultEvictionStrategy, topology.max.error.report.per.interval=5, storm.thrift.transport=org.apache.storm.security.auth.SimpleTransportPlugin, zmq.hwm=0, storm.cgroup.resources=[cpu, memory], storm.group.mapping.service.params=null, worker.profiler.enabled=false, storm.principal.tolocal=org.apache.storm.security.auth.DefaultPrincipalToLocal, supervisor.worker.shutdown.sleep.secs=1, pacemaker.host=localhost, storm.zookeeper.retry.times=5, ui.actions.enabled=true, zmq.linger.millis=0, supervisor.enable=true, topology.stats.sample.rate=0.05, storm.messaging.netty.min_wait_ms=100, storm.resource.isolation.plugin=org.apache.storm.container.cgroup.CgroupManager, worker.log.level.reset.poll.secs=30, storm.zookeeper.port=2002, supervisor.heartbeat.frequency.secs=5, topology.enable.message.timeouts=false, supervisor.cpu.capacity=400.0, drpc.worker.threads=64, supervisor.blobstore.download.thread.count=5, drpc.queue.size=128, topology.backpressure.enable=true, supervisor.blobstore.class=org.apache.storm.blobstore.NimbusBlobStore, storm.blobstore.inputstream.buffer.size.bytes=65536, topology.shellbolt.max.pending=100, drpc.https.keystore.password=, nimbus.code.sync.freq.secs=120, logviewer.port=8000, topology.scheduler.strategy=org.apache.storm.scheduler.resource.strategies.scheduling.DefaultResourceAwareStrategy, topology.executor.send.buffer.size=1024, resource.aware.scheduler.priority.strategy=org.apache.storm.scheduler.resource.strategies.priority.DefaultSchedulingPriorityStrategy, pacemaker.auth.method=NONE, storm.daemon.metrics.reporter.plugins=[org.apache.storm.daemon.metrics.reporters.JmxPreparableReporter], storm.cgroup.hierarchy.dir=/cgroup/storm_resources, topology.worker.logwriter.childopts=-Xmx64m, topology.spout.wait.strategy=org.apache.storm.spout.SleepSpoutWaitStrategy, ui.host=0.0.0.0, storm.nimbus.retry.interval.millis=2000, nimbus.inbox.jar.expiration.secs=3600, dev.zookeeper.path=/tmp/dev-storm-zookeeper, topology.acker.executors=null, topology.fall.back.on.java.serialization=true, topology.eventlogger.executors=null, supervisor.localizer.cleanup.interval.ms=600000, storm.zookeeper.servers=[localhost], nimbus.thrift.threads=64, logviewer.cleanup.age.mins=10080, topology.worker.childopts=null, topology.classpath=null, storm.cgroup.cgexec.cmd=/bin/cgexec, supervisor.monitor.frequency.secs=3, nimbus.credential.renewers.freq.secs=600, topology.skip.missing.kryo.registrations=true, drpc.authorizer.acl.filename=drpc-auth-acl.yaml, pacemaker.kerberos.users=[], storm.group.mapping.service.cache.duration.secs=120, NIMBUS-DO-NOT-REASSIGN=true, topology.testing.always.try.serialize=false, nimbus.monitor.freq.secs=10, storm.health.check.timeout.ms=5000, supervisor.supervisors=[], topology.tasks=null, topology.bolts.outgoing.overflow.buffer.enable=false, storm.messaging.netty.socket.backlog=500, topology.workers=1, pacemaker.base.threads=10, storm.local.dir=/tmp/6cfbee5d-756e-4d73-a555-82bea2e67a76, topology.disable.loadaware=false, worker.childopts=-Xmx%HEAP-MEM%m -XX:+PrintGCDetails -Xloggc:artifacts/gc.log -XX:+PrintGCDateStamps -XX:+PrintGCTimeStamps -XX:+UseGCLogFileRotation -XX:NumberOfGCLogFiles=10 -XX:GCLogFileSize=1M -XX:+HeapDumpOnOutOfMemoryError -XX:HeapDumpPath=artifacts/heapdump, storm.auth.simple-white-list.users=[], topology.disruptor.batch.timeout.millis=1, topology.message.timeout.secs=30, topology.state.synchronization.timeout.secs=60, topology.tuple.serializer=org.apache.storm.serialization.types.ListDelegateSerializer, supervisor.supervisors.commands=[], nimbus.blobstore.expiration.secs=600, logviewer.childopts=-Xmx128m, topology.environment=null, topology.debug=false, topology.disruptor.batch.size=100, storm.messaging.netty.max_retries=300, ui.childopts=-Xmx768m, storm.network.topography.plugin=org.apache.storm.networktopography.DefaultRackDNSToSwitchMapping, storm.zookeeper.session.timeout=20000, drpc.childopts=-Xmx768m, drpc.http.creds.plugin=org.apache.storm.security.auth.DefaultHttpCredentialsPlugin, storm.zookeeper.connection.timeout=15000, storm.zookeeper.auth.user=null, storm.meta.serialization.delegate=org.apache.storm.serialization.GzipThriftSerializationDelegate, topology.max.spout.pending=null, storm.codedistributor.class=org.apache.storm.codedistributor.LocalFileSystemCodeDistributor, nimbus.supervisor.timeout.secs=60, nimbus.task.timeout.secs=30, drpc.port=3772, pacemaker.max.threads=50, storm.zookeeper.retry.intervalceiling.millis=30000, nimbus.thrift.port=6627, storm.auth.simple-acl.admins=[], topology.component.cpu.pcore.percent=10.0, supervisor.memory.capacity.mb=4096.0, storm.supervisor.cgroup.rootdir=storm, storm.nimbus.retry.times=5, supervisor.worker.start.timeout.secs=5, storm.zookeeper.retry.interval=1000, logs.users=null, storm.cluster.metrics.consumer.publish.interval.secs=60, worker.profiler.command=flight.bash, transactional.zookeeper.port=null, drpc.max_buffer_size=1048576, pacemaker.thread.timeout=10, storm.cgroup.hierarchy.name=storm, task.credentials.poll.secs=30, blobstore.superuser=travis, drpc.https.keystore.type=JKS, topology.worker.receiver.thread.count=1, topology.state.checkpoint.interval.ms=1000, supervisor.slots.ports=[1, 2], topology.transfer.buffer.size=1024, storm.health.check.dir=healthchecks, topology.worker.shared.thread.pool.size=4, drpc.authorizer.acl.strict=false, nimbus.file.copy.expiration.secs=600, worker.profiler.childopts=-XX:+UnlockCommercialFeatures -XX:+FlightRecorder, topology.executor.receive.buffer.size=1024, backpressure.disruptor.low.watermark=0.4, nimbus.task.launch.secs=120, storm.local.mode.zmq=false, storm.cgroup.memory.limit.tolerance.margin.mb=128.0, storm.messaging.netty.buffer_size=5242880, storm.cluster.state.store=org.apache.storm.cluster.ZKStateStorageFactory, worker.heartbeat.frequency.secs=1, storm.log4j2.conf.dir=log4j2, storm.resource.isolation.plugin.enable=false, ui.http.creds.plugin=org.apache.storm.security.auth.DefaultHttpCredentialsPlugin, storm.zookeeper.root=/storm, topology.tick.tuple.freq.secs=null, drpc.https.port=-1, storm.workers.artifacts.dir=workers-artifacts, supervisor.blobstore.download.max_retries=3, task.refresh.poll.secs=10, storm.exhibitor.port=8080, task.heartbeat.frequency.secs=3, pacemaker.port=6699, storm.messaging.netty.max_wait_ms=1000, topology.component.resources.offheap.memory.mb=0.0, drpc.http.port=3774, topology.error.throttle.interval.secs=10, storm.messaging.transport=org.apache.storm.messaging.netty.Context, storm.messaging.netty.authentication=false, topology.component.resources.onheap.memory.mb=128.0, topology.kryo.factory=org.apache.storm.serialization.DefaultKryoFactory, worker.gc.childopts=, nimbus.topology.validator=org.apache.storm.nimbus.DefaultTopologyValidator, nimbus.seeds=[localhost], nimbus.queue.size=100000, nimbus.cleanup.inbox.freq.secs=600, storm.blobstore.replication.factor=3, worker.heap.memory.mb=768, logviewer.max.sum.worker.logs.size.mb=4096, pacemaker.childopts=-Xmx1024m, ui.users=null, transactional.zookeeper.servers=null, supervisor.worker.timeout.secs=15, storm.zookeeper.auth.password=null, storm.blobstore.acl.validation.enabled=false, client.blobstore.class=org.apache.storm.blobstore.NimbusBlobStore, supervisor.childopts=-Xmx256m, topology.worker.max.heap.size.mb=768.0, backpressure.disruptor.high.watermark=0.9, ui.filter=null, ui.header.buffer.bytes=4096, topology.min.replication.count=1, storm.supervisor.worker.manager.plugin=org.apache.storm.daemon.supervisor.workermanager.DefaultWorkerManager, topology.disruptor.wait.timeout.millis=1000, storm.nimbus.retry.intervalceiling.millis=60000, topology.trident.batch.emit.interval.millis=50, storm.auth.simple-acl.users=[], drpc.invocations.threads=64, java.library.path=/usr/local/lib:/opt/local/lib:/usr/lib, ui.port=8080, storm.exhibitor.poll.uripath=/exhibitor/v1/cluster/list, storm.messaging.netty.transfer.batch.size=262144, logviewer.appender.name=A1, nimbus.thrift.max_buffer_size=1048576, storm.auth.simple-acl.users.commands=[], drpc.request.timeout.secs=600}
54266 [main] INFO  o.a.c.f.i.CuratorFrameworkImpl - Starting
54288 [main-EventThread] INFO  o.a.c.f.s.ConnectionStateManager - State change: CONNECTED
54289 [Curator-Framework-0] INFO  o.a.c.f.i.CuratorFrameworkImpl - backgroundOperationsLoop exiting
54290 [main] INFO  o.a.c.f.i.CuratorFrameworkImpl - Starting
54306 [main-EventThread] INFO  o.a.c.f.s.ConnectionStateManager - State change: CONNECTED
54309 [main] INFO  o.a.s.l.Localizer - Reconstruct localized resource: /tmp/6cfbee5d-756e-4d73-a555-82bea2e67a76/supervisor/usercache
54309 [main] WARN  o.a.s.l.Localizer - No left over resources found for any user during reconstructing of local resources at: /tmp/6cfbee5d-756e-4d73-a555-82bea2e67a76/supervisor/usercache
54329 [main] INFO  o.a.s.d.s.Supervisor - Starting supervisor with id sup2 at host testing-worker-linux-docker-ca11978f-3356-linux-16.prod.travis-ci.org.
54330 [main] INFO  o.a.s.l.ThriftAccessLogger - Request ID: 17 access from: null principal: null operation: submitTopology
54332 [main] INFO  o.a.s.d.nimbus - Received topology submission for test with conf {"topology.max.task.parallelism" nil, "topology.submitter.principal" "", "topology.acker.executors" nil, "topology.eventlogger.executors" nil, "topology.workers" 3, "topology.message.timeout.secs" 40, "storm.zookeeper.superACL" nil, "topology.users" (), "topology.submitter.user" "travis", "topology.kryo.register" nil, "topology.kryo.decorators" (), "storm.id" "test-1-0", "topology.name" "test"}
54335 [main] INFO  o.a.s.d.nimbus - uploadedJar 
54337 [main] INFO  o.a.c.f.i.CuratorFrameworkImpl - Starting
54346 [main-EventThread] INFO  o.a.c.f.s.ConnectionStateManager - State change: CONNECTED
54355 [Curator-Framework-0] INFO  o.a.c.f.i.CuratorFrameworkImpl - backgroundOperationsLoop exiting
54358 [main] INFO  o.a.s.c.StormClusterStateImpl - set-path: /blobstore/test-1-0-stormconf.ser/testing-worker-linux-docker-ca11978f-3356-linux-16.prod.travis-ci.org:6627-1
54364 [main] INFO  o.a.c.f.i.CuratorFrameworkImpl - Starting
54371 [main-EventThread] INFO  o.a.c.f.s.ConnectionStateManager - State change: CONNECTED
54373 [Curator-Framework-0] INFO  o.a.c.f.i.CuratorFrameworkImpl - backgroundOperationsLoop exiting
54374 [main] INFO  o.a.s.c.StormClusterStateImpl - set-path: /blobstore/test-1-0-stormcode.ser/testing-worker-linux-docker-ca11978f-3356-linux-16.prod.travis-ci.org:6627-1
54378 [main] INFO  o.a.s.d.nimbus - desired replication count 1 achieved, current-replication-count for conf key = 1, current-replication-count for code key = 1, current-replication-count for jar key = 1
54393 [main] INFO  o.a.s.d.nimbus - Activating test: test-1-0
54403 [main] INFO  o.a.s.l.ThriftAccessLogger - Request ID: 17 access from: null principal: null operation: rebalance
54407 [main] INFO  o.a.s.d.nimbus - Delaying event :do-rebalance for 0 secs for test-1-0
54480 [timer] INFO  o.a.s.s.EvenScheduler - Available slots: [sup1:1, sup1:2, sup1:3, sup1:4, sup2:1, sup2:2]
54491 [timer] INFO  o.a.s.d.nimbus - Setting new assignment for topology id test-1-0: #org.apache.storm.daemon.common.Assignment{:master-code-dir "/tmp/da665537-7432-4c7b-87ab-9bca0d813a66", :node->host {"sup1" "testing-worker-linux-docker-ca11978f-3356-linux-16.prod.travis-ci.org", "sup2" "testing-worker-linux-docker-ca11978f-3356-linux-16.prod.travis-ci.org"}, :executor->node+port {[8 8] ["sup2" 1], [2 2] ["sup2" 1], [7 7] ["sup1" 1], [3 3] ["sup1" 2], [1 1] ["sup1" 1], [6 6] ["sup1" 2], [9 9] ["sup1" 2], [5 5] ["sup2" 1], [10 10] ["sup1" 1], [4 4] ["sup1" 1]}, :executor->start-time-secs {[8 8] 1, [2 2] 1, [7 7] 1, [3 3] 1, [1 1] 1, [6 6] 1, [9 9] 1, [5 5] 1, [10 10] 1, [4 4] 1}, :worker->resources {["sup2" 1] [0.0 0.0 0.0], ["sup1" 1] [0.0 0.0 0.0], ["sup1" 2] [0.0 0.0 0.0]}}
54498 [Thread-273] INFO  o.a.s.d.s.SyncSupervisorEvent - Downloading code for storm id test-1-0.
54498 [Thread-273] INFO  o.a.c.f.i.CuratorFrameworkImpl - Starting
54499 [Thread-268] INFO  o.a.s.d.s.SyncSupervisorEvent - Downloading code for storm id test-1-0.
54499 [Thread-268] INFO  o.a.c.f.i.CuratorFrameworkImpl - Starting
54504 [Thread-273] INFO  o.a.s.b.FileBlobStoreImpl - Creating new blob store based in /tmp/da665537-7432-4c7b-87ab-9bca0d813a66/blobs
54515 [Thread-268] INFO  o.a.s.b.FileBlobStoreImpl - Creating new blob store based in /tmp/da665537-7432-4c7b-87ab-9bca0d813a66/blobs
54517 [Thread-273-EventThread] INFO  o.a.c.f.s.ConnectionStateManager - State change: CONNECTED
54519 [Thread-268-EventThread] INFO  o.a.c.f.s.ConnectionStateManager - State change: CONNECTED
54533 [Thread-268] INFO  o.a.s.d.s.SyncSupervisorEvent - Copying resources at file:/home/travis/build/apache/storm/storm-core/target/test-classes/resources to /tmp/5c0d5de9-0530-41cd-aa12-d9b57920d560/supervisor/stormdist/test-1-0/resources 
54534 [Thread-273] INFO  o.a.s.d.s.SyncSupervisorEvent - Copying resources at file:/home/travis/build/apache/storm/storm-core/target/test-classes/resources to /tmp/6cfbee5d-756e-4d73-a555-82bea2e67a76/supervisor/stormdist/test-1-0/resources 
54536 [Thread-268] INFO  o.a.s.d.s.SyncSupervisorEvent - Finished downloading code for storm id test-1-0
54537 [Thread-269] INFO  o.a.s.d.s.SyncProcessEvent - Launching worker with assignment LocalAssignment(topology_id:test-1-0, executors:[ExecutorInfo(task_start:10, task_end:10), ExecutorInfo(task_start:4, task_end:4), ExecutorInfo(task_start:7, task_end:7), ExecutorInfo(task_start:1, task_end:1)], resources:WorkerResources(mem_on_heap:0.0, mem_off_heap:0.0, cpu:0.0)) for this supervisor sup1 on port 1 with id 129c351d-dd37-4617-a4df-a906c8388e78
54537 [Thread-269] INFO  o.a.s.testing - mk-capture-launch-fn
54537 [Thread-269] INFO  o.a.s.u.ConfigUtils - SET worker-user 129c351d-dd37-4617-a4df-a906c8388e78 
54538 [Thread-269] INFO  o.a.s.d.s.SyncProcessEvent - Launching worker with assignment LocalAssignment(topology_id:test-1-0, executors:[ExecutorInfo(task_start:6, task_end:6), ExecutorInfo(task_start:3, task_end:3), ExecutorInfo(task_start:9, task_end:9)], resources:WorkerResources(mem_on_heap:0.0, mem_off_heap:0.0, cpu:0.0)) for this supervisor sup1 on port 2 with id d1e2bf33-eb35-4076-ad6b-ecdd9634754c
54538 [Thread-269] INFO  o.a.s.testing - mk-capture-launch-fn
54538 [Thread-269] INFO  o.a.s.u.ConfigUtils - SET worker-user d1e2bf33-eb35-4076-ad6b-ecdd9634754c 
54539 [Thread-269] INFO  o.a.s.d.s.SyncProcessEvent - 129c351d-dd37-4617-a4df-a906c8388e78 still hasn't started
54540 [Thread-273] INFO  o.a.s.d.s.SyncSupervisorEvent - Finished downloading code for storm id test-1-0
54541 [Thread-274] INFO  o.a.s.d.s.SyncProcessEvent - Launching worker with assignment LocalAssignment(topology_id:test-1-0, executors:[ExecutorInfo(task_start:8, task_end:8), ExecutorInfo(task_start:2, task_end:2), ExecutorInfo(task_start:5, task_end:5)], resources:WorkerResources(mem_on_heap:0.0, mem_off_heap:0.0, cpu:0.0)) for this supervisor sup2 on port 1 with id b6db4aaa-84ba-4ba9-a665-971d78f785a2
54542 [Thread-274] INFO  o.a.s.testing - mk-capture-launch-fn
54542 [Thread-274] INFO  o.a.s.u.ConfigUtils - SET worker-user b6db4aaa-84ba-4ba9-a665-971d78f785a2 
54543 [Thread-274] INFO  o.a.s.d.s.SyncProcessEvent - b6db4aaa-84ba-4ba9-a665-971d78f785a2 still hasn't started
54550 [Thread-269] INFO  o.a.s.d.s.SyncProcessEvent - 129c351d-dd37-4617-a4df-a906c8388e78 still hasn't started
54553 [Thread-274] INFO  o.a.s.d.s.SyncProcessEvent - b6db4aaa-84ba-4ba9-a665-971d78f785a2 still hasn't started
54566 [main] INFO  o.a.s.l.ThriftAccessLogger - Request ID: 17 access from: null principal: null operation: submitTopology
54568 [main] INFO  o.a.s.d.nimbus - Received topology submission for test2 with conf {"topology.max.task.parallelism" nil, "topology.submitter.principal" "", "topology.acker.executors" nil, "topology.eventlogger.executors" nil, "topology.workers" 2, "storm.zookeeper.superACL" nil, "topology.users" (), "topology.submitter.user" "travis", "topology.kryo.register" nil, "topology.kryo.decorators" (), "storm.id" "test2-2-2", "topology.name" "test2"}
54573 [main] INFO  o.a.s.d.nimbus - uploadedJar 
54576 [main] INFO  o.a.c.f.i.CuratorFrameworkImpl - Starting
54579 [main-EventThread] INFO  o.a.c.f.s.ConnectionStateManager - State change: CONNECTED
54580 [Curator-Framework-0] INFO  o.a.c.f.i.CuratorFrameworkImpl - backgroundOperationsLoop exiting
54581 [main] INFO  o.a.s.c.StormClusterStateImpl - set-path: /blobstore/test2-2-2-stormconf.ser/testing-worker-linux-docker-ca11978f-3356-linux-16.prod.travis-ci.org:6627-1
54588 [main] INFO  o.a.c.f.i.CuratorFrameworkImpl - Starting
54595 [main-EventThread] INFO  o.a.c.f.s.ConnectionStateManager - State change: CONNECTED
54602 [Curator-Framework-0] INFO  o.a.c.f.i.CuratorFrameworkImpl - backgroundOperationsLoop exiting
54603 [main] INFO  o.a.s.c.StormClusterStateImpl - set-path: /blobstore/test2-2-2-stormcode.ser/testing-worker-linux-docker-ca11978f-3356-linux-16.prod.travis-ci.org:6627-1
54603 [NIOServerCxn.Factory:0.0.0.0/0.0.0.0:2002] WARN  o.a.z.s.NIOServerCnxn - caught end of stream exception
org.apache.zookeeper.server.ServerCnxn$EndOfStreamException: Unable to read additional data from client sessionid 0x155833133f30012, likely client has closed socket
	at org.apache.zookeeper.server.NIOServerCnxn.doIO(NIOServerCnxn.java:228) [zookeeper-3.4.6.jar:3.4.6-1569965]
	at org.apache.zookeeper.server.NIOServerCnxnFactory.run(NIOServerCnxnFactory.java:208) [zookeeper-3.4.6.jar:3.4.6-1569965]
	at java.lang.Thread.run(Thread.java:745) [?:1.8.0_31]
54608 [main] INFO  o.a.s.d.nimbus - desired replication count 1 achieved, current-replication-count for conf key = 1, current-replication-count for code key = 1, current-replication-count for jar key = 1
54622 [main] INFO  o.a.s.d.nimbus - Activating test2: test2-2-2
54634 [main] INFO  o.a.s.l.ThriftAccessLogger - Request ID: 17 access from: null principal: null operation: rebalance
54636 [main] INFO  o.a.s.d.nimbus - Delaying event :do-rebalance for 0 secs for test2-2-2
54753 [timer] INFO  o.a.s.s.EvenScheduler - Available slots: [sup1:3, sup1:4, sup2:2]
54757 [timer] INFO  o.a.s.d.nimbus - Setting new assignment for topology id test2-2-2: #org.apache.storm.daemon.common.Assignment{:master-code-dir "/tmp/da665537-7432-4c7b-87ab-9bca0d813a66", :node->host {"sup1" "testing-worker-linux-docker-ca11978f-3356-linux-16.prod.travis-ci.org", "sup2" "testing-worker-linux-docker-ca11978f-3356-linux-16.prod.travis-ci.org"}, :executor->node+port {[7 7] ["sup1" 3], [6 6] ["sup2" 2], [5 5] ["sup1" 3], [4 4] ["sup2" 2], [3 3] ["sup1" 3], [2 2] ["sup2" 2], [1 1] ["sup1" 3]}, :executor->start-time-secs {[2 2] 3, [4 4] 3, [6 6] 3, [1 1] 3, [3 3] 3, [5 5] 3, [7 7] 3}, :worker->resources {["sup1" 3] [0.0 0.0 0.0], ["sup2" 2] [0.0 0.0 0.0]}}
54843 [Thread-268] INFO  o.a.s.d.s.SyncSupervisorEvent - Downloading code for storm id test2-2-2.
54844 [Thread-268] INFO  o.a.c.f.i.CuratorFrameworkImpl - Starting
54845 [Thread-273] INFO  o.a.s.d.s.SyncSupervisorEvent - Downloading code for storm id test2-2-2.
54845 [Thread-273] INFO  o.a.c.f.i.CuratorFrameworkImpl - Starting
54851 [Thread-268] INFO  o.a.s.b.FileBlobStoreImpl - Creating new blob store based in /tmp/da665537-7432-4c7b-87ab-9bca0d813a66/blobs
54861 [Thread-273] INFO  o.a.s.b.FileBlobStoreImpl - Creating new blob store based in /tmp/da665537-7432-4c7b-87ab-9bca0d813a66/blobs
55074 [Thread-268] INFO  o.a.s.d.s.SyncSupervisorEvent - Copying resources at file:/home/travis/build/apache/storm/storm-core/target/test-classes/resources to /tmp/5c0d5de9-0530-41cd-aa12-d9b57920d560/supervisor/stormdist/test2-2-2/resources 
55077 [Thread-268] INFO  o.a.s.d.s.SyncSupervisorEvent - Finished downloading code for storm id test2-2-2
55079 [Thread-273] INFO  o.a.s.d.s.SyncSupervisorEvent - Copying resources at file:/home/travis/build/apache/storm/storm-core/target/test-classes/resources to /tmp/6cfbee5d-756e-4d73-a555-82bea2e67a76/supervisor/stormdist/test2-2-2/resources 
55079 [Thread-269] INFO  o.a.s.d.s.SyncProcessEvent - Launching worker with assignment LocalAssignment(topology_id:test2-2-2, executors:[ExecutorInfo(task_start:7, task_end:7), ExecutorInfo(task_start:5, task_end:5), ExecutorInfo(task_start:3, task_end:3), ExecutorInfo(task_start:1, task_end:1)], resources:WorkerResources(mem_on_heap:0.0, mem_off_heap:0.0, cpu:0.0)) for this supervisor sup1 on port 3 with id fadb0106-9040-4bc6-a1c0-93996420d6ba
55079 [Thread-269] INFO  o.a.s.testing - mk-capture-launch-fn
55079 [Thread-269] INFO  o.a.s.u.ConfigUtils - SET worker-user fadb0106-9040-4bc6-a1c0-93996420d6ba 
55080 [Thread-269] INFO  o.a.s.d.s.SyncProcessEvent - fadb0106-9040-4bc6-a1c0-93996420d6ba still hasn't started
55090 [Thread-273] INFO  o.a.s.d.s.SyncSupervisorEvent - Finished downloading code for storm id test2-2-2
55092 [Thread-274] INFO  o.a.s.d.s.SyncProcessEvent - Launching worker with assignment LocalAssignment(topology_id:test2-2-2, executors:[ExecutorInfo(task_start:6, task_end:6), ExecutorInfo(task_start:4, task_end:4), ExecutorInfo(task_start:2, task_end:2)], resources:WorkerResources(mem_on_heap:0.0, mem_off_heap:0.0, cpu:0.0)) for this supervisor sup2 on port 2 with id e3e498b6-50e9-46b9-9cc0-edff5dcc35b0
55092 [Thread-274] INFO  o.a.s.testing - mk-capture-launch-fn
55092 [Thread-274] INFO  o.a.s.u.ConfigUtils - SET worker-user e3e498b6-50e9-46b9-9cc0-edff5dcc35b0 
55093 [Thread-274] INFO  o.a.s.d.s.SyncProcessEvent - e3e498b6-50e9-46b9-9cc0-edff5dcc35b0 still hasn't started
55101 [Thread-269] INFO  o.a.s.d.s.SyncProcessEvent - fadb0106-9040-4bc6-a1c0-93996420d6ba still hasn't started
55103 [Thread-274] INFO  o.a.s.d.s.SyncProcessEvent - e3e498b6-50e9-46b9-9cc0-edff5dcc35b0 still hasn't started
55138 [main] INFO  o.a.s.l.ThriftAccessLogger - Request ID: 17 access from: null principal: null operation: killTopology
55147 [main] INFO  o.a.s.d.nimbus - Delaying event :remove for 40 secs for test-1-0
55152 [main] INFO  o.a.s.d.nimbus - Adding topo to history log: test-1-0
56070 [timer] INFO  o.a.s.d.nimbus - Killing topology: test-1-0
56076 [Thread-268] INFO  o.a.s.d.s.SyncSupervisorEvent - Removing code for storm id test-1-0.
56079 [Thread-273] INFO  o.a.s.d.s.SyncSupervisorEvent - Removing code for storm id test-1-0.
56082 [Thread-269] INFO  o.a.s.d.s.SyncProcessEvent - Shutting down and clearing state for id 129c351d-dd37-4617-a4df-a906c8388e78, Current supervisor time: 44, State: DISALLOWED, Heartbeat: LSWorkerHeartbeat(time_secs:36, topology_id:test-1-0, executors:[ExecutorInfo(task_start:7, task_end:7), ExecutorInfo(task_start:1, task_end:1), ExecutorInfo(task_start:10, task_end:10), ExecutorInfo(task_start:4, task_end:4)], port:1)
56082 [Thread-274] INFO  o.a.s.d.s.SyncProcessEvent - Shutting down and clearing state for id b6db4aaa-84ba-4ba9-a665-971d78f785a2, Current supervisor time: 44, State: DISALLOWED, Heartbeat: LSWorkerHeartbeat(time_secs:36, topology_id:test-1-0, executors:[ExecutorInfo(task_start:8, task_end:8), ExecutorInfo(task_start:2, task_end:2), ExecutorInfo(task_start:5, task_end:5)], port:1)
56082 [Thread-269] INFO  o.a.s.testing - mk-capture-shutdown-fn
56083 [Thread-269] INFO  o.a.s.d.s.w.DefaultWorkerManager - Shutting down sup1:129c351d-dd37-4617-a4df-a906c8388e78
56083 [Thread-269] INFO  o.a.s.u.ConfigUtils - GET worker-user for 129c351d-dd37-4617-a4df-a906c8388e78
56083 [Thread-269] INFO  o.a.s.d.s.w.DefaultWorkerManager - Shut down sup1:129c351d-dd37-4617-a4df-a906c8388e78
56083 [Thread-274] INFO  o.a.s.testing - mk-capture-shutdown-fn
56083 [Thread-274] INFO  o.a.s.d.s.w.DefaultWorkerManager - Shutting down sup2:b6db4aaa-84ba-4ba9-a665-971d78f785a2
56083 [Thread-274] INFO  o.a.s.u.ConfigUtils - GET worker-user for b6db4aaa-84ba-4ba9-a665-971d78f785a2
56083 [Thread-274] INFO  o.a.s.d.s.w.DefaultWorkerManager - Shut down sup2:b6db4aaa-84ba-4ba9-a665-971d78f785a2
56084 [Thread-269] INFO  o.a.s.u.ConfigUtils - REMOVE worker-user 129c351d-dd37-4617-a4df-a906c8388e78
56085 [Thread-269] INFO  o.a.s.d.s.SyncProcessEvent - Shutting down and clearing state for id d1e2bf33-eb35-4076-ad6b-ecdd9634754c, Current supervisor time: 44, State: DISALLOWED, Heartbeat: LSWorkerHeartbeat(time_secs:36, topology_id:test-1-0, executors:[ExecutorInfo(task_start:3, task_end:3), ExecutorInfo(task_start:6, task_end:6), ExecutorInfo(task_start:9, task_end:9)], port:2)
56085 [Thread-269] INFO  o.a.s.testing - mk-capture-shutdown-fn
56085 [Thread-269] INFO  o.a.s.d.s.w.DefaultWorkerManager - Shutting down sup1:d1e2bf33-eb35-4076-ad6b-ecdd9634754c
56085 [Thread-269] INFO  o.a.s.u.ConfigUtils - GET worker-user for d1e2bf33-eb35-4076-ad6b-ecdd9634754c
56085 [Thread-269] INFO  o.a.s.d.s.w.DefaultWorkerManager - Shut down sup1:d1e2bf33-eb35-4076-ad6b-ecdd9634754c
56086 [Thread-274] INFO  o.a.s.u.ConfigUtils - REMOVE worker-user b6db4aaa-84ba-4ba9-a665-971d78f785a2
56091 [Thread-269] WARN  o.a.s.d.s.w.DefaultWorkerManager - Failed to cleanup worker d1e2bf33-eb35-4076-ad6b-ecdd9634754c. Will retry later
java.io.IOException: Unable to delete directory /tmp/5c0d5de9-0530-41cd-aa12-d9b57920d560/workers/d1e2bf33-eb35-4076-ad6b-ecdd9634754c.
	at org.apache.commons.io.FileUtils.deleteDirectory(FileUtils.java:1581) ~[commons-io-2.5.jar:2.5]
	at org.apache.commons.io.FileUtils.forceDelete(FileUtils.java:2372) ~[commons-io-2.5.jar:2.5]
	at org.apache.storm.utils.Utils.forceDeleteImpl(Utils.java:1977) ~[classes/:?]
	at org.apache.storm.utils.Utils.forceDelete(Utils.java:1969) ~[classes/:?]
	at org.apache.storm.daemon.supervisor.workermanager.DefaultWorkerManager.cleanupWorker(DefaultWorkerManager.java:324) [classes/:?]
	at sun.reflect.NativeMethodAccessorImpl.invoke0(Native Method) ~[?:1.8.0_31]
	at sun.reflect.NativeMethodAccessorImpl.invoke(NativeMethodAccessorImpl.java:62) ~[?:1.8.0_31]
	at sun.reflect.DelegatingMethodAccessorImpl.invoke(DelegatingMethodAccessorImpl.java:43) ~[?:1.8.0_31]
	at java.lang.reflect.Method.invoke(Method.java:483) ~[?:1.8.0_31]
	at clojure.lang.Reflector.invokeMatchingMethod(Reflector.java:93) [clojure-1.7.0.jar:?]
	at clojure.lang.Reflector.invokeInstanceMethod(Reflector.java:28) [clojure-1.7.0.jar:?]
	at org.apache.storm.testing$mk_capture_shutdown_fn$fn__6277.invoke(testing.clj:429) [classes/:?]
	at org.apache.storm.daemon.local_supervisor$local_process$fn__6049.invoke(local_supervisor.clj:53) [classes/:?]
	at org.apache.storm.daemon.local_supervisor.proxy$org.apache.storm.daemon.supervisor.SyncProcessEvent$ff19274a.killWorker(Unknown Source) [classes/:?]
	at org.apache.storm.daemon.supervisor.SyncProcessEvent.run(SyncProcessEvent.java:127) [classes/:?]
	at org.apache.storm.daemon.local_supervisor.proxy$org.apache.storm.daemon.supervisor.SyncProcessEvent$ff19274a.run(Unknown Source) [classes/:?]
	at org.apache.storm.event.EventManagerImp$1.run(EventManagerImp.java:54) [classes/:?]
56094 [Thread-269] INFO  o.a.s.d.s.SyncProcessEvent - Shutting down and clearing state for id d1e2bf33-eb35-4076-ad6b-ecdd9634754c, Current supervisor time: 44, State: NOT_STARTED, Heartbeat: null
56094 [Thread-269] INFO  o.a.s.testing - mk-capture-shutdown-fn
56094 [Thread-269] INFO  o.a.s.d.s.w.DefaultWorkerManager - Shutting down sup1:d1e2bf33-eb35-4076-ad6b-ecdd9634754c
56094 [Thread-269] INFO  o.a.s.u.ConfigUtils - GET worker-user for d1e2bf33-eb35-4076-ad6b-ecdd9634754c
56094 [Thread-269] INFO  o.a.s.d.s.w.DefaultWorkerManager - Shut down sup1:d1e2bf33-eb35-4076-ad6b-ecdd9634754c
56095 [Thread-269] INFO  o.a.s.u.ConfigUtils - REMOVE worker-user d1e2bf33-eb35-4076-ad6b-ecdd9634754c
            
--------------------------------------------------
Checking ./storm-core/target/test-reports/org.apache.storm.security.auth.AuthUtils-test.xml
Checking ./storm-core/target/test-reports/org.apache.storm.security.auth.nimbus-auth-test.xml
Checking ./storm-core/target/test-reports/integration.org.apache.storm.testing4j-test.xml
Checking ./storm-core/target/test-reports/org.apache.storm.logviewer-test.xml
Checking ./storm-core/target/test-reports/org.apache.storm.serialization.SerializationFactory-test.xml
Checking ./storm-core/target/test-reports/org.apache.storm.trident.state-test.xml
Checking ./storm-core/target/test-reports/org.apache.storm.clojure-test.xml
Checking ./storm-core/target/test-reports/org.apache.storm.security.auth.ThriftServer-test.xml
Checking ./storm-core/target/test-reports/org.apache.storm.drpc-test.xml
Checking ./storm-core/target/test-reports/org.apache.storm.worker-test.xml
Checking ./storm-core/target/test-reports/org.apache.storm.security.auth.ReqContext-test.xml
Checking ./storm-core/target/test-reports/org.apache.storm.fields-test.xml
Checking ./storm-core/target/test-reports/org.apache.storm.security.auth.auth-test.xml
Checking ./storm-core/target/test-reports/org.apache.storm.messaging-test.xml
Checking ./storm-core/target/test-reports/org.apache.storm.submitter-test.xml
Checking ./storm-core/target/test-reports/integration.org.apache.storm.integration-test.xml
Checking ./storm-core/target/test-reports/org.apache.storm.security.auth.authorizer.DRPCSimpleACLAuthorizer-test.xml
Checking ./storm-core/target/test-reports/org.apache.storm.metrics-test.xml
Checking ./storm-core/target/test-reports/org.apache.storm.security.auth.ThriftClient-test.xml
Checking ./storm-core/target/test-reports/org.apache.storm.scheduler-test.xml
Checking ./storm-core/target/test-reports/org.apache.storm.security.auth.SaslTransportPlugin-test.xml
Checking ./storm-core/target/test-reports/org.apache.storm.local-state-test.xml
Checking ./storm-core/target/test-reports/org.apache.storm.messaging.netty-unit-test.xml
Checking ./storm-core/target/test-reports/org.apache.storm.tuple-test.xml
Checking ./storm-core/target/test-reports/org.apache.storm.messaging.netty-integration-test.xml
Checking ./storm-core/target/test-reports/org.apache.storm.tick-tuple-test.xml
Checking ./storm-core/target/test-reports/integration.org.apache.storm.trident.integration-test.xml
Checking ./storm-core/target/test-reports/org.apache.storm.grouping-test.xml
Checking ./storm-core/target/test-reports/org.apache.storm.security.serialization.BlowfishTupleSerializer-test.xml
Checking ./storm-core/target/test-reports/org.apache.storm.nimbus-test.xml
Checking ./storm-core/target/test-reports/org.apache.storm.subtopology-test.xml
Checking ./storm-core/target/test-reports/org.apache.storm.cluster-test.xml

travis_time:end:05ab30ba:start=1466784573527236246,finish=1466785084626558443,duration=511099322197[0K
[31;1mThe command "/bin/bash ./dev-tools/travis/travis-script.sh `pwd` $MODULES" exited with 1.[0m
travis_fold:start:cache.2[0Kstore build cache
travis_time:start:0b238830[0K
travis_time:end:0b238830:start=1466785084631034927,finish=1466785084634501695,duration=3466768[0Ktravis_time:start:284b6e69[0K[32;1mchange detected (content changed, file is created, or file is deleted):
/home/travis/.m2/repository/com/fasterxml/jackson/core/jackson-annotations/2.5.4/jackson-annotations-2.5.4.pom
/home/travis/.m2/repository/com/fasterxml/jackson/core/jackson-annotations/2.5.4/jackson-annotations-2.5.4.pom.sha1
/home/travis/.m2/repository/com/fasterxml/jackson/core/jackson-annotations/2.5.4/_remote.repositories
/home/travis/.m2/repository/com/fasterxml/jackson/jackson-parent/2.5.1/jackson-parent-2.5.1.pom
/home/travis/.m2/repository/com/fasterxml/jackson/jackson-parent/2.5.1/jackson-parent-2.5.1.pom.sha1
/home/travis/.m2/repository/com/fasterxml/jackson/jackson-parent/2.5.1/_remote.repositories
/home/travis/.m2/repository/com/fasterxml/jackson/jaxrs/jackson-jaxrs-base/2.5.4/jackson-jaxrs-base-2.5.4.jar
/home/travis/.m2/repository/com/fasterxml/jackson/jaxrs/jackson-jaxrs-base/2.5.4/jackson-jaxrs-base-2.5.4.jar.sha1
/home/travis/.m2/repository/com/fasterxml/jackson/jaxrs/jackson-jaxrs-base/2.5.4/jackson-jaxrs-base-2.5.4.pom
/home/travis/.m2/repository/com/fasterxml/jackso
[0m
[32;1m...
[0m
[32;1mchanges detected, packing new archive[0m
.
.
.
.
.
.
.
[32;1muploading archive[0m

travis_time:end:284b6e69:start=1466785084638495097,finish=1466785141145414801,duration=56506919704[0Ktravis_fold:end:cache.2[0K
Done. Your build exited with 1.
