Using worker: worker-linux-docker-e044e418.prod.travis-ci.org:travis-linux-6

travis_fold:start:system_info[0K[33;1mBuild system information[0m
Build language: java
Build group: stable
Build dist: precise
[34m[1mBuild image provisioning date and time[0m
Thu Feb  5 15:09:33 UTC 2015
[34m[1mOperating System Details[0m
Distributor ID:	Ubuntu
Description:	Ubuntu 12.04.5 LTS
Release:	12.04
Codename:	precise
[34m[1mLinux Version[0m
3.13.0-29-generic
[34m[1mCookbooks Version[0m
a68419e https://github.com/travis-ci/travis-cookbooks/tree/a68419e
[34m[1mGCC version[0m
gcc (Ubuntu/Linaro 4.6.3-1ubuntu5) 4.6.3
Copyright (C) 2011 Free Software Foundation, Inc.
This is free software; see the source for copying conditions.  There is NO
warranty; not even for MERCHANTABILITY or FITNESS FOR A PARTICULAR PURPOSE.

[34m[1mLLVM version[0m
clang version 3.4 (tags/RELEASE_34/final)
Target: x86_64-unknown-linux-gnu
Thread model: posix
[34m[1mPre-installed Ruby versions[0m
ruby-1.9.3-p551
[34m[1mPre-installed Node.js versions[0m
v0.10.36
[34m[1mPre-installed Go versions[0m
1.4.1
[34m[1mRedis version[0m
redis-server 2.8.19
[34m[1mriak version[0m
2.0.2
[34m[1mMongoDB version[0m
MongoDB 2.4.12
[34m[1mCouchDB version[0m
couchdb 1.6.1
[34m[1mNeo4j version[0m
1.9.4
[34m[1mRabbitMQ Version[0m
3.4.3
[34m[1mElasticSearch version[0m
1.4.0
[34m[1mInstalled Sphinx versions[0m
2.0.10
2.1.9
2.2.6
[34m[1mDefault Sphinx version[0m
2.2.6
[34m[1mInstalled Firefox version[0m
firefox 31.0esr
[34m[1mPhantomJS version[0m
1.9.8
[34m[1mant -version[0m
Apache Ant(TM) version 1.8.2 compiled on December 3 2011
[34m[1mmvn -version[0m
Apache Maven 3.2.5 (12a6b3acb947671f09b81f49094c53f426d8cea1; 2014-12-14T17:29:23+00:00)
Maven home: /usr/local/maven
Java version: 1.7.0_76, vendor: Oracle Corporation
Java home: /usr/lib/jvm/java-7-oracle/jre
Default locale: en_US, platform encoding: ANSI_X3.4-1968
OS name: "linux", version: "3.13.0-29-generic", arch: "amd64", family: "unix"
travis_fold:end:system_info[0K
travis_fold:start:fix.CVE-2015-7547[0K$ export DEBIAN_FRONTEND=noninteractive
W: Size of file /var/lib/apt/lists/us.archive.ubuntu.com_ubuntu_dists_precise-backports_multiverse_source_Sources.gz is not what the server reported 5886 5888
W: Size of file /var/lib/apt/lists/ppa.launchpad.net_ubuntugis_ppa_ubuntu_dists_precise_main_binary-amd64_Packages.gz is not what the server reported 36669 36677
W: Size of file /var/lib/apt/lists/ppa.launchpad.net_ubuntugis_ppa_ubuntu_dists_precise_main_binary-i386_Packages.gz is not what the server reported 36729 36733
Reading package lists...
Building dependency tree...
Reading state information...
The following extra packages will be installed:
  libc-bin libc-dev-bin libc6-dev
Suggested packages:
  glibc-doc
The following packages will be upgraded:
  libc-bin libc-dev-bin libc6 libc6-dev
4 upgraded, 0 newly installed, 0 to remove and 247 not upgraded.
Need to get 8,840 kB of archives.
After this operation, 14.3 kB disk space will be freed.
Get:1 http://us.archive.ubuntu.com/ubuntu/ precise-updates/main libc6-dev amd64 2.15-0ubuntu10.15 [2,943 kB]
Get:2 http://us.archive.ubuntu.com/ubuntu/ precise-updates/main libc-dev-bin amd64 2.15-0ubuntu10.15 [84.7 kB]
Get:3 http://us.archive.ubuntu.com/ubuntu/ precise-updates/main libc-bin amd64 2.15-0ubuntu10.15 [1,177 kB]
Get:4 http://us.archive.ubuntu.com/ubuntu/ precise-updates/main libc6 amd64 2.15-0ubuntu10.15 [4,636 kB]
Fetched 8,840 kB in 0s (26.7 MB/s)
Preconfiguring packages ...
(Reading database ... (Reading database ... 5%(Reading database ... 10%(Reading database ... 15%(Reading database ... 20%(Reading database ... 25%(Reading database ... 30%(Reading database ... 35%(Reading database ... 40%(Reading database ... 45%(Reading database ... 50%(Reading database ... 55%(Reading database ... 60%(Reading database ... 65%(Reading database ... 70%(Reading database ... 75%(Reading database ... 80%(Reading database ... 85%(Reading database ... 90%(Reading database ... 95%(Reading database ... 100%(Reading database ... 72019 files and directories currently installed.)
Preparing to replace libc6-dev 2.15-0ubuntu10.10 (using .../libc6-dev_2.15-0ubuntu10.15_amd64.deb) ...
Unpacking replacement libc6-dev ...
Preparing to replace libc-dev-bin 2.15-0ubuntu10.10 (using .../libc-dev-bin_2.15-0ubuntu10.15_amd64.deb) ...
Unpacking replacement libc-dev-bin ...
Preparing to replace libc-bin 2.15-0ubuntu10.10 (using .../libc-bin_2.15-0ubuntu10.15_amd64.deb) ...
Unpacking replacement libc-bin ...
Processing triggers for man-db ...
Setting up libc-bin (2.15-0ubuntu10.15) ...
(Reading database ... (Reading database ... 5%(Reading database ... 10%(Reading database ... 15%(Reading database ... 20%(Reading database ... 25%(Reading database ... 30%(Reading database ... 35%(Reading database ... 40%(Reading database ... 45%(Reading database ... 50%(Reading database ... 55%(Reading database ... 60%(Reading database ... 65%(Reading database ... 70%(Reading database ... 75%(Reading database ... 80%(Reading database ... 85%(Reading database ... 90%(Reading database ... 95%(Reading database ... 100%(Reading database ... 72018 files and directories currently installed.)
Preparing to replace libc6 2.15-0ubuntu10.10 (using .../libc6_2.15-0ubuntu10.15_amd64.deb) ...
Unpacking replacement libc6 ...
Setting up libc6 (2.15-0ubuntu10.15) ...
Setting up libc-dev-bin (2.15-0ubuntu10.15) ...
Setting up libc6-dev (2.15-0ubuntu10.15) ...
Processing triggers for libc-bin ...
ldconfig deferred processing now taking place
travis_fold:end:fix.CVE-2015-7547[0Ktravis_fold:start:git.checkout[0Ktravis_time:start:31a6283c[0K$ git clone --depth=50 https://github.com/apache/storm.git apache/storm
Cloning into 'apache/storm'...
remote: Counting objects: 19310, done.[K
remote: Compressing objects:   0% (1/7822)   [Kremote: Compressing objects:   1% (79/7822)   [Kremote: Compressing objects:   2% (157/7822)   [Kremote: Compressing objects:   3% (235/7822)   [Kremote: Compressing objects:   4% (313/7822)   [Kremote: Compressing objects:   5% (392/7822)   [Kremote: Compressing objects:   6% (470/7822)   [Kremote: Compressing objects:   7% (548/7822)   [Kremote: Compressing objects:   8% (626/7822)   [Kremote: Compressing objects:   9% (704/7822)   [Kremote: Compressing objects:  10% (783/7822)   [Kremote: Compressing objects:  11% (861/7822)   [Kremote: Compressing objects:  12% (939/7822)   [Kremote: Compressing objects:  13% (1017/7822)   [Kremote: Compressing objects:  14% (1096/7822)   [Kremote: Compressing objects:  15% (1174/7822)   [Kremote: Compressing objects:  16% (1252/7822)   [Kremote: Compressing objects:  17% (1330/7822)   [Kremote: Compressing objects:  18% (1408/7822)   [Kremote: Compressing objects:  19% (1487/7822)   [Kremote: Compressing objects:  20% (1565/7822)   [Kremote: Compressing objects:  21% (1643/7822)   [Kremote: Compressing objects:  22% (1721/7822)   [Kremote: Compressing objects:  23% (1800/7822)   [Kremote: Compressing objects:  24% (1878/7822)   [Kremote: Compressing objects:  25% (1956/7822)   [Kremote: Compressing objects:  26% (2034/7822)   [Kremote: Compressing objects:  27% (2112/7822)   [Kremote: Compressing objects:  28% (2191/7822)   [Kremote: Compressing objects:  29% (2269/7822)   [Kremote: Compressing objects:  30% (2347/7822)   [Kremote: Compressing objects:  31% (2425/7822)   [Kremote: Compressing objects:  32% (2504/7822)   [Kremote: Compressing objects:  33% (2582/7822)   [Kremote: Compressing objects:  34% (2660/7822)   [Kremote: Compressing objects:  35% (2738/7822)   [Kremote: Compressing objects:  36% (2816/7822)   [Kremote: Compressing objects:  37% (2895/7822)   [Kremote: Compressing objects:  38% (2973/7822)   [Kremote: Compressing objects:  39% (3051/7822)   [Kremote: Compressing objects:  40% (3129/7822)   [Kremote: Compressing objects:  41% (3208/7822)   [Kremote: Compressing objects:  42% (3286/7822)   [Kremote: Compressing objects:  43% (3364/7822)   [Kremote: Compressing objects:  44% (3442/7822)   [Kremote: Compressing objects:  45% (3520/7822)   [Kremote: Compressing objects:  46% (3599/7822)   [Kremote: Compressing objects:  47% (3677/7822)   [Kremote: Compressing objects:  48% (3755/7822)   [Kremote: Compressing objects:  49% (3833/7822)   [Kremote: Compressing objects:  50% (3911/7822)   [Kremote: Compressing objects:  51% (3990/7822)   [Kremote: Compressing objects:  52% (4068/7822)   [Kremote: Compressing objects:  53% (4146/7822)   [Kremote: Compressing objects:  54% (4224/7822)   [Kremote: Compressing objects:  55% (4303/7822)   [Kremote: Compressing objects:  56% (4381/7822)   [Kremote: Compressing objects:  57% (4459/7822)   [Kremote: Compressing objects:  58% (4537/7822)   [Kremote: Compressing objects:  59% (4615/7822)   [Kremote: Compressing objects:  60% (4694/7822)   [Kremote: Compressing objects:  61% (4772/7822)   [Kremote: Compressing objects:  62% (4850/7822)   [Kremote: Compressing objects:  63% (4928/7822)   [Kremote: Compressing objects:  64% (5007/7822)   [Kremote: Compressing objects:  65% (5085/7822)   [Kremote: Compressing objects:  66% (5163/7822)   [Kremote: Compressing objects:  67% (5241/7822)   [Kremote: Compressing objects:  68% (5319/7822)   [Kremote: Compressing objects:  69% (5398/7822)   [Kremote: Compressing objects:  70% (5476/7822)   [Kremote: Compressing objects:  71% (5554/7822)   [Kremote: Compressing objects:  72% (5632/7822)   [Kremote: Compressing objects:  73% (5711/7822)   [Kremote: Compressing objects:  74% (5789/7822)   [Kremote: Compressing objects:  75% (5867/7822)   [Kremote: Compressing objects:  76% (5945/7822)   [Kremote: Compressing objects:  77% (6023/7822)   [Kremote: Compressing objects:  78% (6102/7822)   [Kremote: Compressing objects:  79% (6180/7822)   [Kremote: Compressing objects:  80% (6258/7822)   [Kremote: Compressing objects:  81% (6336/7822)   [Kremote: Compressing objects:  82% (6415/7822)   [Kremote: Compressing objects:  83% (6493/7822)   [Kremote: Compressing objects:  84% (6571/7822)   [Kremote: Compressing objects:  85% (6649/7822)   [Kremote: Compressing objects:  86% (6727/7822)   [Kremote: Compressing objects:  87% (6806/7822)   [Kremote: Compressing objects:  88% (6884/7822)   [Kremote: Compressing objects:  89% (6962/7822)   [Kremote: Compressing objects:  90% (7040/7822)   [Kremote: Compressing objects:  91% (7119/7822)   [Kremote: Compressing objects:  92% (7197/7822)   [Kremote: Compressing objects:  93% (7275/7822)   [Kremote: Compressing objects:  94% (7353/7822)   [Kremote: Compressing objects:  95% (7431/7822)   [Kremote: Compressing objects:  96% (7510/7822)   [Kremote: Compressing objects:  97% (7588/7822)   [Kremote: Compressing objects:  98% (7666/7822)   [Kremote: Compressing objects:  99% (7744/7822)   [Kremote: Compressing objects: 100% (7822/7822)   [Kremote: Compressing objects: 100% (7822/7822), done.[K
Receiving objects:   0% (1/19310)   Receiving objects:   1% (194/19310)   Receiving objects:   2% (387/19310)   Receiving objects:   3% (580/19310)   Receiving objects:   4% (773/19310)   Receiving objects:   5% (966/19310)   Receiving objects:   6% (1159/19310)   Receiving objects:   7% (1352/19310)   Receiving objects:   8% (1545/19310)   Receiving objects:   9% (1738/19310)   Receiving objects:  10% (1931/19310)   Receiving objects:  11% (2125/19310)   Receiving objects:  12% (2318/19310)   Receiving objects:  13% (2511/19310)   Receiving objects:  14% (2704/19310)   Receiving objects:  15% (2897/19310)   Receiving objects:  16% (3090/19310)   Receiving objects:  17% (3283/19310)   Receiving objects:  18% (3476/19310)   Receiving objects:  19% (3669/19310)   Receiving objects:  20% (3862/19310)   Receiving objects:  21% (4056/19310)   Receiving objects:  22% (4249/19310)   Receiving objects:  23% (4442/19310)   Receiving objects:  24% (4635/19310)   Receiving objects:  25% (4828/19310)   Receiving objects:  26% (5021/19310)   Receiving objects:  27% (5214/19310)   Receiving objects:  28% (5407/19310)   Receiving objects:  29% (5600/19310)   Receiving objects:  30% (5793/19310)   Receiving objects:  31% (5987/19310)   Receiving objects:  32% (6180/19310)   Receiving objects:  33% (6373/19310)   Receiving objects:  34% (6566/19310)   Receiving objects:  35% (6759/19310)   Receiving objects:  36% (6952/19310)   Receiving objects:  37% (7145/19310)   Receiving objects:  38% (7338/19310)   Receiving objects:  39% (7531/19310)   Receiving objects:  40% (7724/19310)   Receiving objects:  41% (7918/19310), 9.93 MiB | 19.80 MiB/s   Receiving objects:  42% (8111/19310), 9.93 MiB | 19.80 MiB/s   Receiving objects:  43% (8304/19310), 9.93 MiB | 19.80 MiB/s   Receiving objects:  44% (8497/19310), 9.93 MiB | 19.80 MiB/s   Receiving objects:  45% (8690/19310), 9.93 MiB | 19.80 MiB/s   Receiving objects:  46% (8883/19310), 9.93 MiB | 19.80 MiB/s   Receiving objects:  47% (9076/19310), 9.93 MiB | 19.80 MiB/s   Receiving objects:  48% (9269/19310), 9.93 MiB | 19.80 MiB/s   Receiving objects:  49% (9462/19310), 9.93 MiB | 19.80 MiB/s   Receiving objects:  50% (9655/19310), 9.93 MiB | 19.80 MiB/s   Receiving objects:  51% (9849/19310), 9.93 MiB | 19.80 MiB/s   Receiving objects:  52% (10042/19310), 9.93 MiB | 19.80 MiB/s   Receiving objects:  53% (10235/19310), 9.93 MiB | 19.80 MiB/s   Receiving objects:  54% (10428/19310), 9.93 MiB | 19.80 MiB/s   Receiving objects:  55% (10621/19310), 9.93 MiB | 19.80 MiB/s   Receiving objects:  56% (10814/19310), 9.93 MiB | 19.80 MiB/s   Receiving objects:  57% (11007/19310), 9.93 MiB | 19.80 MiB/s   Receiving objects:  58% (11200/19310), 9.93 MiB | 19.80 MiB/s   Receiving objects:  59% (11393/19310), 9.93 MiB | 19.80 MiB/s   Receiving objects:  60% (11586/19310), 9.93 MiB | 19.80 MiB/s   Receiving objects:  61% (11780/19310), 9.93 MiB | 19.80 MiB/s   Receiving objects:  62% (11973/19310), 9.93 MiB | 19.80 MiB/s   Receiving objects:  63% (12166/19310), 9.93 MiB | 19.80 MiB/s   Receiving objects:  64% (12359/19310), 9.93 MiB | 19.80 MiB/s   Receiving objects:  65% (12552/19310), 9.93 MiB | 19.80 MiB/s   Receiving objects:  66% (12745/19310), 9.93 MiB | 19.80 MiB/s   Receiving objects:  67% (12938/19310), 9.93 MiB | 19.80 MiB/s   Receiving objects:  68% (13131/19310), 9.93 MiB | 19.80 MiB/s   Receiving objects:  69% (13324/19310), 9.93 MiB | 19.80 MiB/s   Receiving objects:  70% (13517/19310), 9.93 MiB | 19.80 MiB/s   Receiving objects:  71% (13711/19310), 9.93 MiB | 19.80 MiB/s   Receiving objects:  72% (13904/19310), 9.93 MiB | 19.80 MiB/s   Receiving objects:  73% (14097/19310), 9.93 MiB | 19.80 MiB/s   Receiving objects:  74% (14290/19310), 9.93 MiB | 19.80 MiB/s   Receiving objects:  75% (14483/19310), 9.93 MiB | 19.80 MiB/s   Receiving objects:  76% (14676/19310), 9.93 MiB | 19.80 MiB/s   Receiving objects:  77% (14869/19310), 9.93 MiB | 19.80 MiB/s   Receiving objects:  78% (15062/19310), 9.93 MiB | 19.80 MiB/s   Receiving objects:  79% (15255/19310), 9.93 MiB | 19.80 MiB/s   Receiving objects:  80% (15448/19310), 9.93 MiB | 19.80 MiB/s   Receiving objects:  81% (15642/19310), 9.93 MiB | 19.80 MiB/s   Receiving objects:  82% (15835/19310), 9.93 MiB | 19.80 MiB/s   Receiving objects:  83% (16028/19310), 9.93 MiB | 19.80 MiB/s   Receiving objects:  84% (16221/19310), 9.93 MiB | 19.80 MiB/s   Receiving objects:  85% (16414/19310), 9.93 MiB | 19.80 MiB/s   Receiving objects:  86% (16607/19310), 9.93 MiB | 19.80 MiB/s   Receiving objects:  87% (16800/19310), 9.93 MiB | 19.80 MiB/s   Receiving objects:  88% (16993/19310), 9.93 MiB | 19.80 MiB/s   Receiving objects:  89% (17186/19310), 9.93 MiB | 19.80 MiB/s   Receiving objects:  90% (17379/19310), 9.93 MiB | 19.80 MiB/s   Receiving objects:  91% (17573/19310), 9.93 MiB | 19.80 MiB/s   Receiving objects:  92% (17766/19310), 9.93 MiB | 19.80 MiB/s   Receiving objects:  93% (17959/19310), 9.93 MiB | 19.80 MiB/s   Receiving objects:  94% (18152/19310), 9.93 MiB | 19.80 MiB/s   Receiving objects:  95% (18345/19310), 9.93 MiB | 19.80 MiB/s   Receiving objects:  96% (18538/19310), 9.93 MiB | 19.80 MiB/s   Receiving objects:  97% (18731/19310), 9.93 MiB | 19.80 MiB/s   Receiving objects:  98% (18924/19310), 9.93 MiB | 19.80 MiB/s   remote: Total 19310 (delta 9318), reused 16549 (delta 7163), pack-reused 0[K
Receiving objects:  99% (19117/19310), 9.93 MiB | 19.80 MiB/s   Receiving objects: 100% (19310/19310), 9.93 MiB | 19.80 MiB/s   Receiving objects: 100% (19310/19310), 14.72 MiB | 19.80 MiB/s, done.
Resolving deltas:   0% (0/9318)   Resolving deltas:   1% (96/9318)   Resolving deltas:   2% (261/9318)   Resolving deltas:   3% (303/9318)   Resolving deltas:   4% (376/9318)   Resolving deltas:   5% (477/9318)   Resolving deltas:   6% (562/9318)   Resolving deltas:   7% (654/9318)   Resolving deltas:   8% (758/9318)   Resolving deltas:   9% (839/9318)   Resolving deltas:  10% (945/9318)   Resolving deltas:  11% (1048/9318)   Resolving deltas:  12% (1124/9318)   Resolving deltas:  13% (1215/9318)   Resolving deltas:  14% (1310/9318)   Resolving deltas:  15% (1406/9318)   Resolving deltas:  16% (1517/9318)   Resolving deltas:  17% (1594/9318)   Resolving deltas:  18% (1681/9318)   Resolving deltas:  19% (1776/9318)   Resolving deltas:  20% (1866/9318)   Resolving deltas:  21% (1957/9318)   Resolving deltas:  22% (2053/9318)   Resolving deltas:  23% (2147/9318)   Resolving deltas:  24% (2240/9318)   Resolving deltas:  25% (2330/9318)   Resolving deltas:  26% (2451/9318)   Resolving deltas:  27% (2527/9318)   Resolving deltas:  28% (2616/9318)   Resolving deltas:  30% (2862/9318)   Resolving deltas:  31% (2911/9318)   Resolving deltas:  34% (3253/9318)   Resolving deltas:  35% (3298/9318)   Resolving deltas:  36% (3357/9318)   Resolving deltas:  37% (3451/9318)   Resolving deltas:  38% (3565/9318)   Resolving deltas:  39% (3642/9318)   Resolving deltas:  40% (3732/9318)   Resolving deltas:  41% (3848/9318)   Resolving deltas:  42% (3918/9318)   Resolving deltas:  43% (4007/9318)   Resolving deltas:  44% (4110/9318)   Resolving deltas:  45% (4198/9318)   Resolving deltas:  46% (4303/9318)   Resolving deltas:  47% (4388/9318)   Resolving deltas:  48% (4474/9318)   Resolving deltas:  49% (4567/9318)   Resolving deltas:  50% (4659/9318)   Resolving deltas:  51% (4754/9318)   Resolving deltas:  52% (4846/9318)   Resolving deltas:  53% (4941/9318)   Resolving deltas:  54% (5037/9318)   Resolving deltas:  55% (5127/9318)   Resolving deltas:  56% (5220/9318)   Resolving deltas:  57% (5313/9318)   Resolving deltas:  58% (5405/9318)   Resolving deltas:  59% (5499/9318)   Resolving deltas:  60% (5591/9318)   Resolving deltas:  61% (5698/9318)   Resolving deltas:  62% (5778/9318)   Resolving deltas:  63% (5885/9318)   Resolving deltas:  64% (5965/9318)   Resolving deltas:  65% (6067/9318)   Resolving deltas:  66% (6153/9318)   Resolving deltas:  67% (6244/9318)   Resolving deltas:  68% (6343/9318)   Resolving deltas:  72% (6771/9318)   Resolving deltas:  73% (6817/9318)   Resolving deltas:  75% (7001/9318)   Resolving deltas:  77% (7214/9318)   Resolving deltas:  78% (7269/9318)   Resolving deltas:  79% (7386/9318)   Resolving deltas:  80% (7455/9318)   Resolving deltas:  81% (7550/9318)   Resolving deltas:  82% (7648/9318)   Resolving deltas:  83% (7735/9318)   Resolving deltas:  84% (7832/9318)   Resolving deltas:  85% (7964/9318)   Resolving deltas:  86% (8015/9318)   Resolving deltas:  87% (8107/9318)   Resolving deltas:  88% (8200/9318)   Resolving deltas:  91% (8509/9318)   Resolving deltas:  92% (8589/9318)   Resolving deltas:  93% (8675/9318)   Resolving deltas:  94% (8759/9318)   Resolving deltas:  95% (8859/9318)   Resolving deltas:  96% (8946/9318)   Resolving deltas:  97% (9053/9318)   Resolving deltas:  98% (9134/9318)   Resolving deltas:  99% (9237/9318)   Resolving deltas: 100% (9318/9318)   Resolving deltas: 100% (9318/9318), done.
Checking connectivity... done.

travis_time:end:31a6283c:start=1466792413123794424,finish=1466792416272535524,duration=3148741100[0K$ cd apache/storm
travis_time:start:057bb9b8[0K$ git fetch origin +refs/pull/1512/merge:
remote: Counting objects: 4430, done.[K
remote: Compressing objects:   0% (1/1941)   [Kremote: Compressing objects:   1% (20/1941)   [Kremote: Compressing objects:   2% (39/1941)   [Kremote: Compressing objects:   3% (59/1941)   [Kremote: Compressing objects:   4% (78/1941)   [Kremote: Compressing objects:   5% (98/1941)   [Kremote: Compressing objects:   6% (117/1941)   [Kremote: Compressing objects:   7% (136/1941)   [Kremote: Compressing objects:   8% (156/1941)   [Kremote: Compressing objects:   9% (175/1941)   [Kremote: Compressing objects:  10% (195/1941)   [Kremote: Compressing objects:  11% (214/1941)   [Kremote: Compressing objects:  12% (233/1941)   [Kremote: Compressing objects:  13% (253/1941)   [Kremote: Compressing objects:  14% (272/1941)   [Kremote: Compressing objects:  15% (292/1941)   [Kremote: Compressing objects:  16% (311/1941)   [Kremote: Compressing objects:  17% (330/1941)   [Kremote: Compressing objects:  18% (350/1941)   [Kremote: Compressing objects:  19% (369/1941)   [Kremote: Compressing objects:  20% (389/1941)   [Kremote: Compressing objects:  21% (408/1941)   [Kremote: Compressing objects:  22% (428/1941)   [Kremote: Compressing objects:  23% (447/1941)   [Kremote: Compressing objects:  24% (466/1941)   [Kremote: Compressing objects:  25% (486/1941)   [Kremote: Compressing objects:  26% (505/1941)   [Kremote: Compressing objects:  27% (525/1941)   [Kremote: Compressing objects:  28% (544/1941)   [Kremote: Compressing objects:  29% (563/1941)   [Kremote: Compressing objects:  30% (583/1941)   [Kremote: Compressing objects:  31% (602/1941)   [Kremote: Compressing objects:  32% (622/1941)   [Kremote: Compressing objects:  33% (641/1941)   [Kremote: Compressing objects:  34% (660/1941)   [Kremote: Compressing objects:  35% (680/1941)   [Kremote: Compressing objects:  36% (699/1941)   [Kremote: Compressing objects:  37% (719/1941)   [Kremote: Compressing objects:  38% (738/1941)   [Kremote: Compressing objects:  39% (757/1941)   [Kremote: Compressing objects:  40% (777/1941)   [Kremote: Compressing objects:  41% (796/1941)   [Kremote: Compressing objects:  42% (816/1941)   [Kremote: Compressing objects:  43% (835/1941)   [Kremote: Compressing objects:  44% (855/1941)   [Kremote: Compressing objects:  45% (874/1941)   [Kremote: Compressing objects:  46% (893/1941)   [Kremote: Compressing objects:  47% (913/1941)   [Kremote: Compressing objects:  48% (932/1941)   [Kremote: Compressing objects:  49% (952/1941)   [Kremote: Compressing objects:  50% (971/1941)   [Kremote: Compressing objects:  51% (990/1941)   [Kremote: Compressing objects:  52% (1010/1941)   [Kremote: Compressing objects:  53% (1029/1941)   [Kremote: Compressing objects:  54% (1049/1941)   [Kremote: Compressing objects:  55% (1068/1941)   [Kremote: Compressing objects:  56% (1087/1941)   [Kremote: Compressing objects:  57% (1107/1941)   [Kremote: Compressing objects:  58% (1126/1941)   [Kremote: Compressing objects:  59% (1146/1941)   [Kremote: Compressing objects:  60% (1165/1941)   [Kremote: Compressing objects:  61% (1185/1941)   [Kremote: Compressing objects:  62% (1204/1941)   [Kremote: Compressing objects:  63% (1223/1941)   [Kremote: Compressing objects:  64% (1243/1941)   [Kremote: Compressing objects:  65% (1262/1941)   [Kremote: Compressing objects:  66% (1282/1941)   [Kremote: Compressing objects:  67% (1301/1941)   [Kremote: Compressing objects:  68% (1320/1941)   [Kremote: Compressing objects:  69% (1340/1941)   [Kremote: Compressing objects:  70% (1359/1941)   [Kremote: Compressing objects:  71% (1379/1941)   [Kremote: Compressing objects:  72% (1398/1941)   [Kremote: Compressing objects:  73% (1417/1941)   [Kremote: Compressing objects:  74% (1437/1941)   [Kremote: Compressing objects:  75% (1456/1941)   [Kremote: Compressing objects:  76% (1476/1941)   [Kremote: Compressing objects:  77% (1495/1941)   [Kremote: Compressing objects:  78% (1514/1941)   [Kremote: Compressing objects:  79% (1534/1941)   [Kremote: Compressing objects:  80% (1553/1941)   [Kremote: Compressing objects:  81% (1573/1941)   [Kremote: Compressing objects:  82% (1592/1941)   [Kremote: Compressing objects:  83% (1612/1941)   [Kremote: Compressing objects:  84% (1631/1941)   [Kremote: Compressing objects:  85% (1650/1941)   [Kremote: Compressing objects:  86% (1670/1941)   [Kremote: Compressing objects:  87% (1689/1941)   [Kremote: Compressing objects:  88% (1709/1941)   [Kremote: Compressing objects:  89% (1728/1941)   [Kremote: Compressing objects:  90% (1747/1941)   [Kremote: Compressing objects:  91% (1767/1941)   [Kremote: Compressing objects:  92% (1786/1941)   [Kremote: Compressing objects:  93% (1806/1941)   [Kremote: Compressing objects:  94% (1825/1941)   [Kremote: Compressing objects:  95% (1844/1941)   [Kremote: Compressing objects:  96% (1864/1941)   [Kremote: Compressing objects:  97% (1883/1941)   [Kremote: Compressing objects:  98% (1903/1941)   [Kremote: Compressing objects:  99% (1922/1941)   [Kremote: Compressing objects: 100% (1941/1941)   [Kremote: Compressing objects: 100% (1941/1941), done.[K
Receiving objects:   0% (1/4430)   Receiving objects:   1% (45/4430)   Receiving objects:   2% (89/4430)   Receiving objects:   3% (133/4430)   Receiving objects:   4% (178/4430)   Receiving objects:   5% (222/4430)   Receiving objects:   6% (266/4430)   Receiving objects:   7% (311/4430)   Receiving objects:   8% (355/4430)   Receiving objects:   9% (399/4430)   Receiving objects:  10% (443/4430)   Receiving objects:  11% (488/4430)   Receiving objects:  12% (532/4430)   Receiving objects:  13% (576/4430)   Receiving objects:  14% (621/4430)   Receiving objects:  15% (665/4430)   Receiving objects:  16% (709/4430)   Receiving objects:  17% (754/4430)   Receiving objects:  18% (798/4430)   Receiving objects:  19% (842/4430)   Receiving objects:  20% (886/4430)   Receiving objects:  21% (931/4430)   Receiving objects:  22% (975/4430)   Receiving objects:  23% (1019/4430)   Receiving objects:  24% (1064/4430)   Receiving objects:  25% (1108/4430)   Receiving objects:  26% (1152/4430)   Receiving objects:  27% (1197/4430)   Receiving objects:  28% (1241/4430)   Receiving objects:  29% (1285/4430)   Receiving objects:  30% (1329/4430)   Receiving objects:  31% (1374/4430)   Receiving objects:  32% (1418/4430)   Receiving objects:  33% (1462/4430)   Receiving objects:  34% (1507/4430)   Receiving objects:  35% (1551/4430)   Receiving objects:  36% (1595/4430)   Receiving objects:  37% (1640/4430)   Receiving objects:  38% (1684/4430)   Receiving objects:  39% (1728/4430)   Receiving objects:  40% (1772/4430)   Receiving objects:  41% (1817/4430)   Receiving objects:  42% (1861/4430)   Receiving objects:  43% (1905/4430)   Receiving objects:  44% (1950/4430)   Receiving objects:  45% (1994/4430)   Receiving objects:  46% (2038/4430)   Receiving objects:  47% (2083/4430)   Receiving objects:  48% (2127/4430)   Receiving objects:  49% (2171/4430)   Receiving objects:  50% (2215/4430)   Receiving objects:  51% (2260/4430)   Receiving objects:  52% (2304/4430)   Receiving objects:  53% (2348/4430)   Receiving objects:  54% (2393/4430)   Receiving objects:  55% (2437/4430)   Receiving objects:  56% (2481/4430)   Receiving objects:  57% (2526/4430)   Receiving objects:  58% (2570/4430)   Receiving objects:  59% (2614/4430)   Receiving objects:  60% (2658/4430)   Receiving objects:  61% (2703/4430)   Receiving objects:  62% (2747/4430)   Receiving objects:  63% (2791/4430)   Receiving objects:  64% (2836/4430)   Receiving objects:  65% (2880/4430)   Receiving objects:  66% (2924/4430)   Receiving objects:  67% (2969/4430)   Receiving objects:  68% (3013/4430)   Receiving objects:  69% (3057/4430)   Receiving objects:  70% (3101/4430)   Receiving objects:  71% (3146/4430)   Receiving objects:  72% (3190/4430)   Receiving objects:  73% (3234/4430)   Receiving objects:  74% (3279/4430)   Receiving objects:  75% (3323/4430)   Receiving objects:  76% (3367/4430)   Receiving objects:  77% (3412/4430)   Receiving objects:  78% (3456/4430)   Receiving objects:  79% (3500/4430)   Receiving objects:  80% (3544/4430)   Receiving objects:  81% (3589/4430)   Receiving objects:  82% (3633/4430)   Receiving objects:  83% (3677/4430)   Receiving objects:  84% (3722/4430)   Receiving objects:  85% (3766/4430)   Receiving objects:  86% (3810/4430)   Receiving objects:  87% (3855/4430)   Receiving objects:  88% (3899/4430)   Receiving objects:  89% (3943/4430)   Receiving objects:  90% (3987/4430)   Receiving objects:  91% (4032/4430)   Receiving objects:  92% (4076/4430)   Receiving objects:  93% (4120/4430)   Receiving objects:  94% (4165/4430)   Receiving objects:  95% (4209/4430)   remote: Total 4430 (delta 2024), reused 3867 (delta 1531), pack-reused 0[K
Receiving objects:  96% (4253/4430)   Receiving objects:  97% (4298/4430)   Receiving objects:  98% (4342/4430)   Receiving objects:  99% (4386/4430)   Receiving objects: 100% (4430/4430)   Receiving objects: 100% (4430/4430), 885.53 KiB | 0 bytes/s, done.
Resolving deltas:   0% (0/2024)   Resolving deltas:   2% (57/2024)   Resolving deltas:   3% (66/2024)   Resolving deltas:   4% (90/2024)   Resolving deltas:   6% (131/2024)   Resolving deltas:   8% (163/2024)   Resolving deltas:   9% (192/2024)   Resolving deltas:  12% (246/2024)   Resolving deltas:  13% (267/2024)   Resolving deltas:  14% (284/2024)   Resolving deltas:  15% (304/2024)   Resolving deltas:  16% (327/2024)   Resolving deltas:  25% (511/2024)   Resolving deltas:  26% (527/2024)   Resolving deltas:  27% (551/2024)   Resolving deltas:  28% (576/2024)   Resolving deltas:  31% (630/2024)   Resolving deltas:  33% (677/2024)   Resolving deltas:  34% (690/2024)   Resolving deltas:  35% (711/2024)   Resolving deltas:  36% (738/2024)   Resolving deltas:  37% (752/2024)   Resolving deltas:  38% (770/2024)   Resolving deltas:  40% (814/2024)   Resolving deltas:  46% (938/2024)   Resolving deltas:  47% (961/2024)   Resolving deltas:  48% (972/2024)   Resolving deltas:  49% (996/2024)   Resolving deltas:  50% (1022/2024)   Resolving deltas:  51% (1035/2024)   Resolving deltas:  52% (1054/2024)   Resolving deltas:  53% (1085/2024)   Resolving deltas:  60% (1232/2024)   Resolving deltas:  61% (1241/2024)   Resolving deltas:  62% (1263/2024)   Resolving deltas:  63% (1285/2024)   Resolving deltas:  64% (1304/2024)   Resolving deltas:  65% (1326/2024)   Resolving deltas:  66% (1349/2024)   Resolving deltas:  67% (1360/2024)   Resolving deltas:  68% (1394/2024)   Resolving deltas:  69% (1398/2024)   Resolving deltas:  70% (1417/2024)   Resolving deltas:  71% (1440/2024)   Resolving deltas:  72% (1470/2024)   Resolving deltas:  73% (1480/2024)   Resolving deltas:  76% (1550/2024)   Resolving deltas:  77% (1559/2024)   Resolving deltas:  78% (1590/2024)   Resolving deltas:  79% (1600/2024)   Resolving deltas:  80% (1621/2024)   Resolving deltas:  81% (1640/2024)   Resolving deltas:  82% (1660/2024)   Resolving deltas:  83% (1681/2024)   Resolving deltas:  84% (1701/2024)   Resolving deltas:  85% (1724/2024)   Resolving deltas:  86% (1741/2024)   Resolving deltas:  88% (1798/2024)   Resolving deltas:  89% (1815/2024)   Resolving deltas:  90% (1831/2024)   Resolving deltas:  91% (1847/2024)   Resolving deltas:  92% (1863/2024)   Resolving deltas:  93% (1883/2024)   Resolving deltas:  94% (1903/2024)   Resolving deltas:  95% (1931/2024)   Resolving deltas:  96% (1945/2024)   Resolving deltas:  97% (1972/2024)   Resolving deltas:  98% (1990/2024)   Resolving deltas:  99% (2011/2024)   Resolving deltas: 100% (2024/2024)   Resolving deltas: 100% (2024/2024), completed with 191 local objects.
From https://github.com/apache/storm
 * branch            refs/pull/1512/merge -> FETCH_HEAD

travis_time:end:057bb9b8:start=1466792416276423867,finish=1466792417322132087,duration=1045708220[0K$ git checkout -qf FETCH_HEAD
travis_fold:end:git.checkout[0K
[33;1mThis job is running on container-based infrastructure, which does not allow use of 'sudo', setuid and setguid executables.[0m
[33;1mIf you require sudo, add 'sudo: required' to your .travis.yml[0m
[33;1mSee https://docs.travis-ci.com/user/workers/container-based-infrastructure/ for details.[0m

[33;1mSetting environment variables from .travis.yml[0m
$ export MODULES=storm-core

$ jdk_switcher use oraclejdk7
Switching to Oracle JDK7 (java-7-oracle), JAVA_HOME will be set to /usr/lib/jvm/java-7-oracle
travis_fold:start:cache.1[0KSetting up build cache
$ export CASHER_DIR=$HOME/.casher
travis_time:start:07a327ac[0K$ Installing caching utilities

travis_time:end:07a327ac:start=1466792420174143081,finish=1466792420223288296,duration=49145215[0Ktravis_time:start:0a21faaa[0K
travis_time:end:0a21faaa:start=1466792420229897365,finish=1466792420234266180,duration=4368815[0Ktravis_time:start:22998fb4[0K[32;1mattempting to download cache archive[0m
[32;1mfetching PR.1512/cache-linux-precise-4722ea394922d42b2b7eb84cff6efc764d76759821ac6f6efc13232aa923f595--jdk-oraclejdk7.tgz[0m
[32;1mfound cache[0m

travis_time:end:22998fb4:start=1466792420239588693,finish=1466792439521864327,duration=19282275634[0Ktravis_time:start:008b7d90[0K
travis_time:end:008b7d90:start=1466792439525655142,finish=1466792439528743334,duration=3088192[0Ktravis_time:start:036fe52a[0K[32;1madding /home/travis/.m2/repository to cache[0m
[32;1madding /home/travis/.rvm to cache[0m
[32;1madding /home/travis/.nvm to cache[0m

travis_time:end:036fe52a:start=1466792439533638405,finish=1466792464570602540,duration=25036964135[0Ktravis_fold:end:cache.1[0K$ java -Xmx32m -version
java version "1.7.0_76"
Java(TM) SE Runtime Environment (build 1.7.0_76-b13)
Java HotSpot(TM) 64-Bit Server VM (build 24.76-b04, mixed mode)
$ javac -J-Xmx32m -version
javac 1.7.0_76
travis_fold:start:before_install.1[0Ktravis_time:start:23e0ac59[0K$ rvm use 2.1.5 --install
[32mUsing /home/travis/.rvm/gems/ruby-2.1.5[0m

travis_time:end:23e0ac59:start=1466792465464940344,finish=1466792465745500706,duration=280560362[0Ktravis_fold:end:before_install.1[0Ktravis_fold:start:before_install.2[0Ktravis_time:start:132abc7e[0K$ nvm install 0.12.2
v0.12.2 is already installed.
Now using node v0.12.2

travis_time:end:132abc7e:start=1466792465751381370,finish=1466792466043004337,duration=291622967[0Ktravis_fold:end:before_install.2[0Ktravis_fold:start:before_install.3[0Ktravis_time:start:1edd3f53[0K$ nvm use 0.12.2
Now using node v0.12.2

travis_time:end:1edd3f53:start=1466792466047742021,finish=1466792466114492526,duration=66750505[0Ktravis_fold:end:before_install.3[0Ktravis_fold:start:install[0Ktravis_time:start:0b037cc0[0K$ /bin/bash ./dev-tools/travis/travis-install.sh `pwd`
Python version :   Python 2.7.3
Maven version  :   Apache Maven 3.2.5 (12a6b3acb947671f09b81f49094c53f426d8cea1; 2014-12-14T17:29:23+00:00) Maven home: /usr/local/maven Java version: 1.7.0_76, vendor: Oracle Corporation Java home: /usr/lib/jvm/java-7-oracle/jre Default locale: en_US, platform encoding: UTF-8 OS name: "linux", version: "3.13.0-40-generic", arch: "amd64", family: "unix"
['mvn', 'clean', 'install', '-DskipTests', '-Pnative', '--batch-mode'] writing to install.txt
1 seconds 1 log lines13 seconds 214 log lines39 seconds 308 log lines58 seconds 317 log lines68 seconds 411 log lines97 seconds 621 log lines115 seconds 828 log lines129 seconds 875 log lines139 seconds 934 log lines150 seconds 1208 log lines175 seconds 1420 log lines185 seconds 1622 log lines196 seconds 1915 log lines208 seconds 2113 log lines219 seconds 2252 log lines230 seconds 2496 log lines234 seconds 2548 log lines
['mvn', 'clean', 'install', '-DskipTests', '-Pnative', '--batch-mode'] done 0

travis_time:end:0b037cc0:start=1466792466120142219,finish=1466792701429294159,duration=235309151940[0Ktravis_fold:end:install[0Ktravis_time:start:01b50c90[0K$ /bin/bash ./dev-tools/travis/travis-script.sh `pwd` $MODULES
Python version :   Python 2.7.3
Ruby version   :   ruby 2.1.5p273 (2014-11-13 revision 48405) [x86_64-linux]
NodeJs version :  
Maven version  :   Apache Maven 3.2.5 (12a6b3acb947671f09b81f49094c53f426d8cea1; 2014-12-14T17:29:23+00:00) Maven home: /usr/local/maven Java version: 1.7.0_76, vendor: Oracle Corporation Java home: /usr/lib/jvm/java-7-oracle/jre Default locale: en_US, platform encoding: UTF-8 OS name: "linux", version: "3.13.0-40-generic", arch: "amd64", family: "unix"
[INFO] Scanning for projects...
[INFO]                                                                         
[INFO] ------------------------------------------------------------------------
[INFO] Building Storm Core 1.1.0-SNAPSHOT
[INFO] ------------------------------------------------------------------------
[INFO] 
[INFO] --- exec-maven-plugin:1.2.1:exec (default) @ storm-core ---
[INFO] 
[INFO] --- maven-remote-resources-plugin:1.2.1:process (default) @ storm-core ---
[INFO] 
[INFO] --- storm-maven-plugins:1.1.0-SNAPSHOT:version-info (version-info) @ storm-core ---
[WARNING] [svn, info] failed with error code 1
[INFO] SCM: GIT
[INFO] Computed MD5: 967796acc24a302736dd91d176a5dc62
[INFO] 
[INFO] --- maven-resources-plugin:2.5:resources (default-resources) @ storm-core ---
[debug] execute contextualize
[INFO] Using 'UTF-8' encoding to copy filtered resources.
[INFO] Copying 8 resources
[INFO] Copying 1 resource to META-INF
[INFO] Copying 0 resource
[INFO] Copying 1 resource
[INFO] Copying 3 resources
[INFO] 
[INFO] --- maven-compiler-plugin:3.1:compile (default-compile) @ storm-core ---
[INFO] Nothing to compile - all classes are up to date
[INFO] 
[INFO] --- clojure-maven-plugin:1.7.1:compile (compile-clojure) @ storm-core ---
Compiling org.apache.storm.stats to /home/travis/build/apache/storm/storm-core/target/classes
Compiling org.apache.storm.converter to /home/travis/build/apache/storm/storm-core/target/classes
Compiling org.apache.storm.testing to /home/travis/build/apache/storm/storm-core/target/classes
Compiling org.apache.storm.util to /home/travis/build/apache/storm/storm-core/target/classes
Compiling org.apache.storm.scheduler.DefaultScheduler to /home/travis/build/apache/storm/storm-core/target/classes
Compiling org.apache.storm.command.kill-workers to /home/travis/build/apache/storm/storm-core/target/classes
Compiling org.apache.storm.pacemaker.pacemaker-state-factory to /home/travis/build/apache/storm/storm-core/target/classes
Compiling org.apache.storm.daemon.task to /home/travis/build/apache/storm/storm-core/target/classes
Compiling org.apache.storm.process-simulator to /home/travis/build/apache/storm/storm-core/target/classes
Compiling org.apache.storm.daemon.common to /home/travis/build/apache/storm/storm-core/target/classes
Compiling org.apache.storm.command.list to /home/travis/build/apache/storm/storm-core/target/classes
Compiling org.apache.storm.command.dev-zookeeper to /home/travis/build/apache/storm/storm-core/target/classes
Compiling org.apache.storm.command.set-log-level to /home/travis/build/apache/storm/storm-core/target/classes
Compiling org.apache.storm.command.kill-topology to /home/travis/build/apache/storm/storm-core/target/classes
Compiling org.apache.storm.LocalDRPC to /home/travis/build/apache/storm/storm-core/target/classes
Compiling org.apache.storm.event to /home/travis/build/apache/storm/storm-core/target/classes
Compiling org.apache.storm.command.get-errors to /home/travis/build/apache/storm/storm-core/target/classes
Compiling org.apache.storm.trident.testing to /home/travis/build/apache/storm/storm-core/target/classes
Compiling org.apache.storm.daemon.drpc to /home/travis/build/apache/storm/storm-core/target/classes
Compiling org.apache.storm.config to /home/travis/build/apache/storm/storm-core/target/classes
Compiling org.apache.storm.log to /home/travis/build/apache/storm/storm-core/target/classes
Compiling org.apache.storm.daemon.executor to /home/travis/build/apache/storm/storm-core/target/classes
Compiling org.apache.storm.thrift to /home/travis/build/apache/storm/storm-core/target/classes
Compiling org.apache.storm.daemon.builtin-metrics to /home/travis/build/apache/storm/storm-core/target/classes
Compiling org.apache.storm.daemon.logviewer to /home/travis/build/apache/storm/storm-core/target/classes
Compiling org.apache.storm.command.monitor to /home/travis/build/apache/storm/storm-core/target/classes
Compiling org.apache.storm.disruptor to /home/travis/build/apache/storm/storm-core/target/classes
Compiling org.apache.storm.ui.core to /home/travis/build/apache/storm/storm-core/target/classes
Compiling org.apache.storm.cluster to /home/travis/build/apache/storm/storm-core/target/classes
Compiling org.apache.storm.pacemaker.pacemaker to /home/travis/build/apache/storm/storm-core/target/classes
Compiling org.apache.storm.command.rebalance to /home/travis/build/apache/storm/storm-core/target/classes
Compiling org.apache.storm.daemon.worker to /home/travis/build/apache/storm/storm-core/target/classes
Compiling org.apache.storm.metric.testing to /home/travis/build/apache/storm/storm-core/target/classes
Compiling org.apache.storm.daemon.acker to /home/travis/build/apache/storm/storm-core/target/classes
Compiling org.apache.storm.command.heartbeats to /home/travis/build/apache/storm/storm-core/target/classes
WARNING: reverse already refers to: #'clojure.core/reverse in namespace: org.apache.storm.command.heartbeats, being replaced by: #'clojure.string/reverse
WARNING: replace already refers to: #'clojure.core/replace in namespace: org.apache.storm.command.heartbeats, being replaced by: #'clojure.string/replace
Compiling org.apache.storm.command.activate to /home/travis/build/apache/storm/storm-core/target/classes
Compiling org.apache.storm.blobstore to /home/travis/build/apache/storm/storm-core/target/classes
Compiling org.apache.storm.daemon.supervisor to /home/travis/build/apache/storm/storm-core/target/classes
Compiling org.apache.storm.scheduler.EvenScheduler to /home/travis/build/apache/storm/storm-core/target/classes
Compiling org.apache.storm.messaging.local to /home/travis/build/apache/storm/storm-core/target/classes
Compiling org.apache.storm.command.upload-credentials to /home/travis/build/apache/storm/storm-core/target/classes
Compiling org.apache.storm.command.deactivate to /home/travis/build/apache/storm/storm-core/target/classes
Compiling org.apache.storm.command.blobstore to /home/travis/build/apache/storm/storm-core/target/classes
Compiling org.apache.storm.local-state to /home/travis/build/apache/storm/storm-core/target/classes
Compiling org.apache.storm.command.healthcheck to /home/travis/build/apache/storm/storm-core/target/classes
Compiling org.apache.storm.messaging.loader to /home/travis/build/apache/storm/storm-core/target/classes
Compiling org.apache.storm.testing4j to /home/travis/build/apache/storm/storm-core/target/classes
Compiling org.apache.storm.ui.helpers to /home/travis/build/apache/storm/storm-core/target/classes
Compiling org.apache.storm.scheduler.IsolationScheduler to /home/travis/build/apache/storm/storm-core/target/classes
Compiling org.apache.storm.clojure to /home/travis/build/apache/storm/storm-core/target/classes
Compiling org.apache.storm.command.shell-submission to /home/travis/build/apache/storm/storm-core/target/classes
Compiling org.apache.storm.timer to /home/travis/build/apache/storm/storm-core/target/classes
Compiling org.apache.storm.MockAutoCred to /home/travis/build/apache/storm/storm-core/target/classes
Compiling org.apache.storm.daemon.nimbus to /home/travis/build/apache/storm/storm-core/target/classes
Compiling org.apache.storm.command.config-value to /home/travis/build/apache/storm/storm-core/target/classes
Compiling org.apache.storm.LocalCluster to /home/travis/build/apache/storm/storm-core/target/classes
Compiling org.apache.storm.cluster-state.zookeeper-state-factory to /home/travis/build/apache/storm/storm-core/target/classes
Compiling org.apache.storm.zookeeper to /home/travis/build/apache/storm/storm-core/target/classes
[INFO] 
[INFO] --- make-maven-plugin:1.0-beta-1:autoreconf (compile) @ storm-core ---
[INFO] 
[INFO] --- make-maven-plugin:1.0-beta-1:configure (compile) @ storm-core ---
[INFO] /bin/sh: 14: /home/travis/.jdk_switcher_rc: [[: not found
[INFO] /bin/sh: 22: /home/travis/.jdk_switcher_rc: [[: not found
[INFO] /bin/sh: 32: /home/travis/.jdk_switcher_rc: [[: not found
[INFO] /bin/sh: 42: /home/travis/.jdk_switcher_rc: [[: not found
[INFO] Segmentation fault
[INFO] /bin/sh: 3: /etc/profile.d/rvm.sh: [[: not found
[INFO] checking for gcc... gcc
[INFO] checking whether the C compiler works... yes
[INFO] checking for C compiler default output file name... a.out
[INFO] checking for suffix of executables... 
[INFO] checking whether we are cross compiling... no
[INFO] checking for suffix of object files... o
[INFO] checking whether we are using the GNU C compiler... yes
[INFO] checking whether gcc accepts -g... yes
[INFO] checking for gcc option to accept ISO C89... none needed
[INFO] checking how to run the C preprocessor... gcc -E
[INFO] checking for grep that handles long lines and -e... /bin/grep
[INFO] checking for egrep... /bin/grep -E
[INFO] checking for ANSI C header files... yes
[INFO] checking for sys/types.h... yes
[INFO] checking for sys/stat.h... yes
[INFO] checking for stdlib.h... yes
[INFO] checking for string.h... yes
[INFO] checking for memory.h... yes
[INFO] checking for strings.h... yes
[INFO] checking for inttypes.h... yes
[INFO] checking for stdint.h... yes
[INFO] checking for unistd.h... yes
[INFO] checking minix/config.h usability... no
[INFO] checking minix/config.h presence... no
[INFO] checking for minix/config.h... no
[INFO] checking whether it is safe to define __EXTENSIONS__... yes
[INFO] checking for a BSD-compatible install... /usr/bin/install -c
[INFO] checking whether build environment is sane... yes
[INFO] checking for a thread-safe mkdir -p... /bin/mkdir -p
[INFO] checking for gawk... gawk
[INFO] checking whether make sets $(MAKE)... yes
[INFO] checking for style of include used by make... GNU
[INFO] checking dependency style of gcc... gcc3
[INFO] checking for gcc... (cached) gcc
[INFO] checking whether we are using the GNU C compiler... (cached) yes
[INFO] checking whether gcc accepts -g... (cached) yes
[INFO] checking for gcc option to accept ISO C89... (cached) none needed
[INFO] checking whether gcc and cc understand -c and -o together... yes
[INFO] checking for unistd.h... (cached) yes
[INFO] checking for stdbool.h that conforms to C99... yes
[INFO] checking for _Bool... yes
[INFO] checking for an ANSI C-conforming const... yes
[INFO] checking for off_t... yes
[INFO] checking for size_t... yes
[INFO] checking whether strerror_r is declared... yes
[INFO] checking for strerror_r... yes
[INFO] checking whether strerror_r returns char *... yes
[INFO] checking for mkdir... yes
[INFO] checking for uname... yes
[INFO] configure: creating ./config.status
[INFO] config.status: creating Makefile
[INFO] config.status: executing depfiles commands
[INFO] 
[INFO] --- make-maven-plugin:1.0-beta-1:make-install (compile) @ storm-core ---
[INFO] /bin/sh: 14: /home/travis/.jdk_switcher_rc: [[: not found
[INFO] /bin/sh: 22: /home/travis/.jdk_switcher_rc: [[: not found
[INFO] /bin/sh: 32: /home/travis/.jdk_switcher_rc: [[: not found
[INFO] /bin/sh: 42: /home/travis/.jdk_switcher_rc: [[: not found
[INFO] Segmentation fault
[INFO] /bin/sh: 3: /etc/profile.d/rvm.sh: [[: not found
[INFO] make[1]: Entering directory `/home/travis/build/apache/storm/storm-core/target/native/worker-launcher'
[INFO] test -z "/usr/local/bin" || /bin/mkdir -p "/home/travis/build/apache/storm/storm-core/target/native/target/usr/local/bin"
[INFO]   /usr/bin/install -c worker-launcher '/home/travis/build/apache/storm/storm-core/target/native/target/usr/local/bin'
[INFO] make[1]: Nothing to be done for `install-data-am'.
[INFO] make[1]: Leaving directory `/home/travis/build/apache/storm/storm-core/target/native/worker-launcher'
[INFO] 
[INFO] --- maven-resources-plugin:2.5:testResources (default-testResources) @ storm-core ---
[debug] execute contextualize
[INFO] Using 'UTF-8' encoding to copy filtered resources.
[INFO] Copying 14 resources
[INFO] Copying 2 resources
[INFO] Copying 3 resources
[INFO] 
[INFO] --- maven-dependency-plugin:2.8:unpack (unpack) @ storm-core ---
[INFO] Configured Artifact: org.apache.storm:multilang-ruby:1.1.0-SNAPSHOT:jar
[INFO] Downloading: https://repository.apache.org/snapshots/org/apache/storm/multilang-ruby/1.1.0-SNAPSHOT/maven-metadata.xml
[INFO] Downloaded: https://repository.apache.org/snapshots/org/apache/storm/multilang-ruby/1.1.0-SNAPSHOT/maven-metadata.xml (2 KB at 1.0 KB/sec)
[INFO] Configured Artifact: org.apache.storm:multilang-python:1.1.0-SNAPSHOT:jar
[INFO] Downloading: https://repository.apache.org/snapshots/org/apache/storm/multilang-python/1.1.0-SNAPSHOT/maven-metadata.xml
[INFO] Downloaded: https://repository.apache.org/snapshots/org/apache/storm/multilang-python/1.1.0-SNAPSHOT/maven-metadata.xml (2 KB at 1.9 KB/sec)
[INFO] Configured Artifact: org.apache.storm:multilang-javascript:1.1.0-SNAPSHOT:jar
[INFO] Downloading: https://repository.apache.org/snapshots/org/apache/storm/multilang-javascript/1.1.0-SNAPSHOT/maven-metadata.xml
[INFO] Downloaded: https://repository.apache.org/snapshots/org/apache/storm/multilang-javascript/1.1.0-SNAPSHOT/maven-metadata.xml (2 KB at 2.0 KB/sec)
[INFO] multilang-ruby-1.1.0-SNAPSHOT.jar already unpacked.
[INFO] multilang-python-1.1.0-SNAPSHOT.jar already unpacked.
[INFO] multilang-javascript-1.1.0-SNAPSHOT.jar already unpacked.
[INFO] 
[INFO] --- maven-compiler-plugin:3.1:testCompile (default-testCompile) @ storm-core ---
[INFO] Nothing to compile - all classes are up to date
[INFO] 
[INFO] --- maven-surefire-plugin:2.18.1:test (default-test) @ storm-core ---
[INFO] Surefire report directory: /home/travis/build/apache/storm/storm-core/target/surefire-reports
[INFO] parallel='none', perCoreThreadCount=true, threadCount=0, useUnlimitedThreads=false, threadCountSuites=0, threadCountClasses=0, threadCountMethods=0, parallelOptimized=true

-------------------------------------------------------
 T E S T S
-------------------------------------------------------
Running org.apache.storm.trident.TestTridentTopology
Tests run: 1, Failures: 0, Errors: 0, Skipped: 0, Time elapsed: 8.704 sec - in org.apache.storm.trident.TestTridentTopology
Running org.apache.storm.trident.TridentWindowingTest
Tests run: 3, Failures: 0, Errors: 0, Skipped: 0, Time elapsed: 0.001 sec - in org.apache.storm.trident.TridentWindowingTest
Running org.apache.storm.utils.DisruptorQueueTest
Tests run: 3, Failures: 0, Errors: 0, Skipped: 0, Time elapsed: 3.352 sec - in org.apache.storm.utils.DisruptorQueueTest
Running org.apache.storm.utils.ThriftTopologyUtilsTest
Tests run: 5, Failures: 0, Errors: 0, Skipped: 0, Time elapsed: 0.028 sec - in org.apache.storm.utils.ThriftTopologyUtilsTest
Running org.apache.storm.utils.DisruptorQueueBackpressureTest
Tests run: 1, Failures: 0, Errors: 0, Skipped: 0, Time elapsed: 0.003 sec - in org.apache.storm.utils.DisruptorQueueBackpressureTest
Running org.apache.storm.utils.WorkerBackpressureThreadTest
Tests run: 1, Failures: 0, Errors: 0, Skipped: 0, Time elapsed: 0.209 sec - in org.apache.storm.utils.WorkerBackpressureThreadTest
Running org.apache.storm.utils.StormBoundedExponentialBackoffRetryTest
Tests run: 5, Failures: 0, Errors: 0, Skipped: 0, Time elapsed: 0.248 sec - in org.apache.storm.utils.StormBoundedExponentialBackoffRetryTest
Running org.apache.storm.utils.ShellBoltMessageQueueTest
Tests run: 3, Failures: 0, Errors: 0, Skipped: 0, Time elapsed: 2.053 sec - in org.apache.storm.utils.ShellBoltMessageQueueTest
Running org.apache.storm.grouping.PartialKeyGroupingTest
Tests run: 2, Failures: 0, Errors: 0, Skipped: 0, Time elapsed: 7.327 sec - in org.apache.storm.grouping.PartialKeyGroupingTest
Running org.apache.storm.serialization.GzipBridgeThriftSerializationDelegateTest
Tests run: 3, Failures: 0, Errors: 0, Skipped: 0, Time elapsed: 0.529 sec - in org.apache.storm.serialization.GzipBridgeThriftSerializationDelegateTest
Running org.apache.storm.serialization.GzipBridgeSerializationDelegateTest
Tests run: 3, Failures: 0, Errors: 0, Skipped: 0, Time elapsed: 0.047 sec - in org.apache.storm.serialization.GzipBridgeSerializationDelegateTest
Running org.apache.storm.serialization.ThriftBridgeSerializationDelegateTest
Tests run: 1, Failures: 0, Errors: 0, Skipped: 0, Time elapsed: 0.038 sec - in org.apache.storm.serialization.ThriftBridgeSerializationDelegateTest
Running org.apache.storm.metric.internal.CountStatAndMetricTest
Tests run: 1, Failures: 0, Errors: 0, Skipped: 0, Time elapsed: 0.062 sec - in org.apache.storm.metric.internal.CountStatAndMetricTest
Running org.apache.storm.metric.internal.RateTrackerTest
Tests run: 4, Failures: 0, Errors: 0, Skipped: 0, Time elapsed: 0.006 sec - in org.apache.storm.metric.internal.RateTrackerTest
Running org.apache.storm.metric.internal.LatencyStatAndMetricTest
Tests run: 1, Failures: 0, Errors: 0, Skipped: 0, Time elapsed: 0.167 sec - in org.apache.storm.metric.internal.LatencyStatAndMetricTest
Running org.apache.storm.metric.filter.FilterByMetricNameTest
Tests run: 4, Failures: 0, Errors: 0, Skipped: 0, Time elapsed: 0.517 sec - in org.apache.storm.metric.filter.FilterByMetricNameTest
Running org.apache.storm.localizer.LocalizerTest
Tests run: 13, Failures: 0, Errors: 0, Skipped: 0, Time elapsed: 15.581 sec - in org.apache.storm.localizer.LocalizerTest
Running org.apache.storm.localizer.LocalizedResourceRetentionSetTest
Tests run: 2, Failures: 0, Errors: 0, Skipped: 0, Time elapsed: 1.756 sec - in org.apache.storm.localizer.LocalizedResourceRetentionSetTest
Running org.apache.storm.localizer.LocalizedResourceSetTest
Tests run: 4, Failures: 0, Errors: 0, Skipped: 0, Time elapsed: 1.266 sec - in org.apache.storm.localizer.LocalizedResourceSetTest
Running org.apache.storm.scheduler.resource.TestResourceAwareScheduler
Tests run: 15, Failures: 0, Errors: 0, Skipped: 0, Time elapsed: 104.202 sec - in org.apache.storm.scheduler.resource.TestResourceAwareScheduler
Running org.apache.storm.scheduler.resource.TestUser
Tests run: 3, Failures: 0, Errors: 0, Skipped: 0, Time elapsed: 10.148 sec - in org.apache.storm.scheduler.resource.TestUser
Running org.apache.storm.TestConfigValidate
Tests run: 24, Failures: 0, Errors: 0, Skipped: 0, Time elapsed: 0.646 sec - in org.apache.storm.TestConfigValidate
Running org.apache.storm.spout.CheckpointSpoutTest
Tests run: 7, Failures: 0, Errors: 0, Skipped: 0, Time elapsed: 1.002 sec - in org.apache.storm.spout.CheckpointSpoutTest
Running org.apache.storm.blobstore.ClientBlobStoreTest
Tests run: 4, Failures: 0, Errors: 0, Skipped: 0, Time elapsed: 0.048 sec - in org.apache.storm.blobstore.ClientBlobStoreTest
Running org.apache.storm.blobstore.BlobStoreTest
Tests run: 4, Failures: 0, Errors: 0, Skipped: 0, Time elapsed: 6.431 sec - in org.apache.storm.blobstore.BlobStoreTest
Running org.apache.storm.blobstore.BlobSynchronizerTest
Tests run: 4, Failures: 0, Errors: 0, Skipped: 0, Time elapsed: 2.122 sec - in org.apache.storm.blobstore.BlobSynchronizerTest
Running org.apache.storm.topology.TopologyBuilderTest
Tests run: 5, Failures: 0, Errors: 0, Skipped: 0, Time elapsed: 0.52 sec - in org.apache.storm.topology.TopologyBuilderTest
Running org.apache.storm.topology.StatefulBoltExecutorTest
Tests run: 7, Failures: 0, Errors: 0, Skipped: 0, Time elapsed: 0.248 sec - in org.apache.storm.topology.StatefulBoltExecutorTest
Running org.apache.storm.topology.StatefulWindowedBoltExecutorTest
Tests run: 4, Failures: 0, Errors: 0, Skipped: 0, Time elapsed: 0.126 sec - in org.apache.storm.topology.StatefulWindowedBoltExecutorTest
Running org.apache.storm.topology.WindowedBoltExecutorTest
Tests run: 5, Failures: 0, Errors: 0, Skipped: 0, Time elapsed: 0.152 sec - in org.apache.storm.topology.WindowedBoltExecutorTest
Running org.apache.storm.state.InMemoryKeyValueStateTest
Tests run: 2, Failures: 0, Errors: 0, Skipped: 0, Time elapsed: 0.001 sec - in org.apache.storm.state.InMemoryKeyValueStateTest
Running org.apache.storm.windowing.WaterMarkEventGeneratorTest
Tests run: 5, Failures: 0, Errors: 0, Skipped: 0, Time elapsed: 0.001 sec - in org.apache.storm.windowing.WaterMarkEventGeneratorTest
Running org.apache.storm.windowing.WindowManagerTest
Tests run: 10, Failures: 0, Errors: 0, Skipped: 0, Time elapsed: 0.013 sec - in org.apache.storm.windowing.WindowManagerTest

Results :

Tests run: 159, Failures: 0, Errors: 0, Skipped: 0

[INFO] 
[INFO] --- clojure-maven-plugin:1.7.1:test (test-clojure) @ storm-core ---
Warning: protocol #'org.apache.storm.pacemaker-state-factory-test/send-capture is overwriting function send
WARNING: send already refers to: #'clojure.core/send in namespace: org.apache.storm.pacemaker-state-factory-test, being replaced by: #'org.apache.storm.pacemaker-state-factory-test/send
Running org.apache.storm.clojure-test
Tests run: 3, Passed: 5, Failures: 0, Errors: 0
Running org.apache.storm.logviewer-test
Tests run: 12, Passed: 118, Failures: 0, Errors: 0
Running org.apache.storm.pacemaker-state-factory-test
Tests run: 4, Passed: 15, Failures: 0, Errors: 0
Running integration.org.apache.storm.integration-test
Tests run: 18, Passed: 51, Failures: 0, Errors: 0
Running org.apache.storm.scheduler.resource-aware-scheduler-test
Tests run: 8, Passed: 91, Failures: 0, Errors: 0
Running org.apache.storm.tuple-test
Tests run: 4, Passed: 13, Failures: 0, Errors: 0
Running org.apache.storm.security.auth.AuthUtils-test
Tests run: 5, Passed: 6, Failures: 0, Errors: 0
Running org.apache.storm.security.auth.drpc-auth-test
Tests run: 4, Passed: 22, Failures: 0, Errors: 0
Running org.apache.storm.security.auth.ReqContext-test
Tests run: 3, Passed: 4, Failures: 0, Errors: 0
Running org.apache.storm.security.serialization.BlowfishTupleSerializer-test
Tests run: 3, Passed: 3, Failures: 0, Errors: 0
Running org.apache.storm.messaging-test
Tests run: 1, Passed: 2, Failures: 0, Errors: 0
Running org.apache.storm.serialization.SerializationFactory-test
62509 [Thread-500] INFO  o.a.s.util - Async loop interrupted!
Tests run: 3, Passed: 3, Failures: 0, Errors: 0
Running org.apache.storm.metrics-test
Tests run: 8, Passed: 66, Failures: 0, Errors: 0
Running org.apache.storm.subtopology-test
87848 [Thread-515] INFO  o.a.s.util - Async loop interrupted!
87849 [Thread-511] INFO  o.a.s.util - Async loop interrupted!
87852 [Thread-505] INFO  o.a.s.util - Async loop interrupted!
Tests run: 0, Passed: 0, Failures: 0, Errors: 0
Running org.apache.storm.security.auth.auth-test
Tests run: 13, Passed: 94, Failures: 0, Errors: 0
Running org.apache.storm.messaging.netty-integration-test
Tests run: 1, Passed: 1, Failures: 0, Errors: 0
Running org.apache.storm.utils.ZookeeperServerCnxnFactory-test
Tests run: 2, Passed: 3, Failures: 0, Errors: 0
Running org.apache.storm.utils-test
Tests run: 5, Passed: 22, Failures: 0, Errors: 0
Running org.apache.storm.trident.state-test
Tests run: 5, Passed: 37, Failures: 0, Errors: 0
Running org.apache.storm.security.auth.DefaultHttpCredentialsPlugin-test
Tests run: 2, Passed: 8, Failures: 0, Errors: 0
Running org.apache.storm.transactional-test
Tests run: 7, Passed: 110, Failures: 0, Errors: 0
Running org.apache.storm.fields-test
Tests run: 2, Passed: 22, Failures: 0, Errors: 0
Running org.apache.storm.supervisor-test
106948 [timer] INFO  o.a.s.d.nimbus - Cleaning up test-1-0
106960 [timer] INFO  o.a.s.d.nimbus - ExceptionKeyNotFoundException(msg:test-1-0-stormjar.jar)
107605 [Thread-1097-EventThread] WARN  o.a.c.ConnectionState - Session expired event received
107606 [Thread-1097-EventThread] INFO  o.a.c.f.s.ConnectionStateManager - State change: LOST
107606 [Thread-1097-EventThread] WARN  o.a.s.c.zookeeper-state-factory - Received event :expired::none: with disconnected Writer Zookeeper.
107607 [Thread-1097-EventThread] INFO  o.a.c.f.s.ConnectionStateManager - State change: RECONNECTED
108493 [main] INFO  o.a.s.d.nimbus - Shutting down master
108493 [Curator-Framework-0] INFO  o.a.c.f.i.CuratorFrameworkImpl - backgroundOperationsLoop exiting
108496 [Curator-Framework-0] INFO  o.a.c.f.i.CuratorFrameworkImpl - backgroundOperationsLoop exiting
108497 [Curator-Framework-0] INFO  o.a.c.f.i.CuratorFrameworkImpl - backgroundOperationsLoop exiting
108498 [main] INFO  o.a.s.zookeeper - closing zookeeper connection of leader elector.
108498 [Curator-Framework-0] INFO  o.a.c.f.i.CuratorFrameworkImpl - backgroundOperationsLoop exiting
108499 [main] INFO  o.a.s.d.nimbus - Shut down master
108499 [Curator-Framework-0] INFO  o.a.c.f.i.CuratorFrameworkImpl - backgroundOperationsLoop exiting
108500 [Curator-Framework-0] INFO  o.a.c.f.i.CuratorFrameworkImpl - backgroundOperationsLoop exiting
108501 [main] INFO  o.a.s.d.supervisor - Shutting down sup1:48045e59-e180-46dd-9168-22499a7e74b0
108501 [main] INFO  o.a.s.config - GET worker-user 48045e59-e180-46dd-9168-22499a7e74b0
108503 [main] INFO  o.a.s.config - REMOVE worker-user 48045e59-e180-46dd-9168-22499a7e74b0
108503 [main] INFO  o.a.s.d.supervisor - Shut down sup1:48045e59-e180-46dd-9168-22499a7e74b0
108503 [main] INFO  o.a.s.d.supervisor - Shutting down supervisor sup1
108504 [Thread-1105] INFO  o.a.s.event - Event manager interrupted
108504 [Thread-1106] INFO  o.a.s.event - Event manager interrupted
108504 [Curator-Framework-0] INFO  o.a.c.f.i.CuratorFrameworkImpl - backgroundOperationsLoop exiting
108505 [main] INFO  o.a.s.d.supervisor - Shutting down sup2:7cf8fd0d-5b0e-4609-9190-c81d506078f5
108506 [main] INFO  o.a.s.config - GET worker-user 7cf8fd0d-5b0e-4609-9190-c81d506078f5
108507 [main] INFO  o.a.s.config - REMOVE worker-user 7cf8fd0d-5b0e-4609-9190-c81d506078f5
108507 [main] INFO  o.a.s.d.supervisor - Shut down sup2:7cf8fd0d-5b0e-4609-9190-c81d506078f5
108507 [main] INFO  o.a.s.d.supervisor - Shutting down supervisor sup2
108508 [Thread-1107] INFO  o.a.s.event - Event manager interrupted
108508 [Thread-1108] INFO  o.a.s.event - Event manager interrupted
108508 [Curator-Framework-0] INFO  o.a.c.f.i.CuratorFrameworkImpl - backgroundOperationsLoop exiting
108510 [main] INFO  o.a.s.testing - Shutting down in process zookeeper
108536 [main] INFO  o.a.s.testing - Done shutting down in process zookeeper
108536 [main] INFO  o.a.s.testing - Deleting temporary path /tmp/ac56e701-0a21-4c12-9150-77b11e7fb951
108538 [main] INFO  o.a.s.testing - Deleting temporary path /tmp/2685fa4b-d29c-4c32-8fe7-a4cca9273532
108539 [main] INFO  o.a.s.testing - Deleting temporary path /tmp/1c913975-94b5-4b39-9cc3-9bdffbb00347
108540 [main] INFO  o.a.s.testing - Deleting temporary path /tmp/5c1ac9ba-cd5c-48a3-9526-01ca342903bb
Tests run: 20, Passed: 69, Failures: 1, Errors: 0
Running org.apache.storm.submitter-test
Tests run: 1, Passed: 13, Failures: 0, Errors: 0
Running integration.org.apache.storm.trident.integration-test
Tests run: 9, Passed: 141, Failures: 0, Errors: 0
Running org.apache.storm.versioned-store-test
Tests run: 2, Passed: 5, Failures: 0, Errors: 0
Running org.apache.storm.cluster-test
Tests run: 10, Passed: 98, Failures: 0, Errors: 0
Running org.apache.storm.security.auth.authorizer.DRPCSimpleACLAuthorizer-test
Tests run: 7, Passed: 37, Failures: 0, Errors: 0
Running org.apache.storm.nimbus-test
Tests run: 43, Passed: 795, Failures: 0, Errors: 0
Running org.apache.storm.pacemaker-test
173175 [main-SendThread(localhost:2181)] WARN  o.a.z.ClientCnxn - Session 0x0 for server null, unexpected error, closing socket connection and attempting reconnect
java.net.ConnectException: Connection refused
	at sun.nio.ch.SocketChannelImpl.checkConnect(Native Method) ~[?:1.7.0_76]
	at sun.nio.ch.SocketChannelImpl.finishConnect(SocketChannelImpl.java:739) ~[?:1.7.0_76]
	at org.apache.zookeeper.ClientCnxnSocketNIO.doTransport(ClientCnxnSocketNIO.java:361) ~[zookeeper-3.4.6.jar:3.4.6-1569965]
	at org.apache.zookeeper.ClientCnxn$SendThread.run(ClientCnxn.java:1081) [zookeeper-3.4.6.jar:3.4.6-1569965]
Tests run: 8, Passed: 58, Failures: 0, Errors: 0
Running org.apache.storm.security.auth.auto-login-module-test
Tests run: 6, Passed: 22, Failures: 0, Errors: 0
Running org.apache.storm.grouping-test
Tests run: 5, Passed: 15, Failures: 0, Errors: 0
Running org.apache.storm.security.auth.SaslTransportPlugin-test
Tests run: 2, Passed: 8, Failures: 0, Errors: 0
Running org.apache.storm.serialization-test
Tests run: 6, Passed: 13, Failures: 0, Errors: 0
Running org.apache.storm.worker-test
Tests run: 8, Passed: 35, Failures: 0, Errors: 0
Running org.apache.storm.security.auth.nimbus-auth-test
Tests run: 5, Passed: 39, Failures: 0, Errors: 0
Running org.apache.storm.local-state-test
Tests run: 2, Passed: 10, Failures: 0, Errors: 0
Running org.apache.storm.scheduler-test
Tests run: 4, Passed: 64, Failures: 0, Errors: 0
Running integration.org.apache.storm.testing4j-test
Tests run: 8, Passed: 36, Failures: 0, Errors: 0
Running org.apache.storm.security.auth.ThriftClient-test
Tests run: 2, Passed: 4, Failures: 0, Errors: 0
Running org.apache.storm.tick-tuple-test
Tests run: 1, Passed: 1, Failures: 0, Errors: 0
Running org.apache.storm.scheduler.multitenant-scheduler-test
Tests run: 17, Passed: 235, Failures: 0, Errors: 0
Running org.apache.storm.trident.tuple-test
Tests run: 6, Passed: 36, Failures: 0, Errors: 0
Running org.apache.storm.drpc-test
189564 [Thread-2106] INFO  o.a.s.util - Async loop interrupted!
191810 [Thread-2157] INFO  o.a.s.util - Async loop interrupted!
193966 [Thread-2208] INFO  o.a.s.util - Async loop interrupted!
196248 [Thread-2230] INFO  o.a.s.util - Async loop interrupted!
203397 [Thread-2264] INFO  o.a.s.util - Async loop interrupted!
Tests run: 7, Passed: 17, Failures: 0, Errors: 0
Running org.apache.storm.security.auth.ThriftServer-test
Tests run: 2, Passed: 1, Failures: 0, Errors: 0
Running org.apache.storm.messaging.netty-unit-test
Tests run: 5, Passed: 24, Failures: 0, Errors: 0
[INFO] ------------------------------------------------------------------------
[INFO] BUILD FAILURE
[INFO] ------------------------------------------------------------------------
[INFO] Total time: 06:48 min
[INFO] Finished at: 2016-06-24T18:31:52+00:00
[INFO] Final Memory: 35M/451M
[INFO] ------------------------------------------------------------------------
[ERROR] Failed to execute goal com.theoryinpractise:clojure-maven-plugin:1.7.1:test (test-clojure) on project storm-core: Clojure failed. -> [Help 1]
[ERROR] 
[ERROR] To see the full stack trace of the errors, re-run Maven with the -e switch.
[ERROR] Re-run Maven using the -X switch to enable full debug logging.
[ERROR] 
[ERROR] For more information about the errors and possible solutions, please read the following articles:
[ERROR] [Help 1] http://cwiki.apache.org/confluence/display/MAVEN/MojoExecutionException
Looking for errors in ./storm-core/target/surefire-reports
Checking ./storm-core/target/surefire-reports/TEST-org.apache.storm.trident.TestTridentTopology.xml
Checking ./storm-core/target/surefire-reports/TEST-org.apache.storm.trident.TridentWindowingTest.xml
Checking ./storm-core/target/surefire-reports/TEST-org.apache.storm.utils.DisruptorQueueTest.xml
Checking ./storm-core/target/surefire-reports/TEST-org.apache.storm.utils.ThriftTopologyUtilsTest.xml
Checking ./storm-core/target/surefire-reports/TEST-org.apache.storm.utils.DisruptorQueueBackpressureTest.xml
Checking ./storm-core/target/surefire-reports/TEST-org.apache.storm.utils.WorkerBackpressureThreadTest.xml
Checking ./storm-core/target/surefire-reports/TEST-org.apache.storm.utils.StormBoundedExponentialBackoffRetryTest.xml
Checking ./storm-core/target/surefire-reports/TEST-org.apache.storm.utils.ShellBoltMessageQueueTest.xml
Checking ./storm-core/target/surefire-reports/TEST-org.apache.storm.grouping.PartialKeyGroupingTest.xml
Checking ./storm-core/target/surefire-reports/TEST-org.apache.storm.serialization.GzipBridgeThriftSerializationDelegateTest.xml
Checking ./storm-core/target/surefire-reports/TEST-org.apache.storm.serialization.GzipBridgeSerializationDelegateTest.xml
Checking ./storm-core/target/surefire-reports/TEST-org.apache.storm.serialization.ThriftBridgeSerializationDelegateTest.xml
Checking ./storm-core/target/surefire-reports/TEST-org.apache.storm.metric.internal.CountStatAndMetricTest.xml
Checking ./storm-core/target/surefire-reports/TEST-org.apache.storm.metric.internal.RateTrackerTest.xml
Checking ./storm-core/target/surefire-reports/TEST-org.apache.storm.metric.internal.LatencyStatAndMetricTest.xml
Checking ./storm-core/target/surefire-reports/TEST-org.apache.storm.metric.filter.FilterByMetricNameTest.xml
Checking ./storm-core/target/surefire-reports/TEST-org.apache.storm.localizer.LocalizerTest.xml
Checking ./storm-core/target/surefire-reports/TEST-org.apache.storm.localizer.LocalizedResourceRetentionSetTest.xml
Checking ./storm-core/target/surefire-reports/TEST-org.apache.storm.localizer.LocalizedResourceSetTest.xml
Checking ./storm-core/target/surefire-reports/TEST-org.apache.storm.scheduler.resource.TestResourceAwareScheduler.xml
Checking ./storm-core/target/surefire-reports/TEST-org.apache.storm.scheduler.resource.TestUser.xml
Checking ./storm-core/target/surefire-reports/TEST-org.apache.storm.TestConfigValidate.xml
Checking ./storm-core/target/surefire-reports/TEST-org.apache.storm.spout.CheckpointSpoutTest.xml
Checking ./storm-core/target/surefire-reports/TEST-org.apache.storm.blobstore.ClientBlobStoreTest.xml
Checking ./storm-core/target/surefire-reports/TEST-org.apache.storm.blobstore.BlobStoreTest.xml
Checking ./storm-core/target/surefire-reports/TEST-org.apache.storm.blobstore.BlobSynchronizerTest.xml
Checking ./storm-core/target/surefire-reports/TEST-org.apache.storm.topology.TopologyBuilderTest.xml
Checking ./storm-core/target/surefire-reports/TEST-org.apache.storm.topology.StatefulBoltExecutorTest.xml
Checking ./storm-core/target/surefire-reports/TEST-org.apache.storm.topology.StatefulWindowedBoltExecutorTest.xml
Checking ./storm-core/target/surefire-reports/TEST-org.apache.storm.topology.WindowedBoltExecutorTest.xml
Checking ./storm-core/target/surefire-reports/TEST-org.apache.storm.state.InMemoryKeyValueStateTest.xml
Checking ./storm-core/target/surefire-reports/TEST-org.apache.storm.windowing.WaterMarkEventGeneratorTest.xml
Checking ./storm-core/target/surefire-reports/TEST-org.apache.storm.windowing.WindowManagerTest.xml
Looking for errors in ./storm-core/target/test-reports
Checking ./storm-core/target/test-reports/org.apache.storm.clojure-test.xml
Checking ./storm-core/target/test-reports/org.apache.storm.logviewer-test.xml
Checking ./storm-core/target/test-reports/org.apache.storm.pacemaker-state-factory-test.xml
Checking ./storm-core/target/test-reports/integration.org.apache.storm.integration-test.xml
Checking ./storm-core/target/test-reports/org.apache.storm.scheduler.resource-aware-scheduler-test.xml
Checking ./storm-core/target/test-reports/org.apache.storm.tuple-test.xml
Checking ./storm-core/target/test-reports/org.apache.storm.security.auth.AuthUtils-test.xml
Checking ./storm-core/target/test-reports/org.apache.storm.security.auth.drpc-auth-test.xml
Checking ./storm-core/target/test-reports/org.apache.storm.security.auth.ReqContext-test.xml
Checking ./storm-core/target/test-reports/org.apache.storm.security.serialization.BlowfishTupleSerializer-test.xml
Checking ./storm-core/target/test-reports/org.apache.storm.messaging-test.xml
Checking ./storm-core/target/test-reports/org.apache.storm.serialization.SerializationFactory-test.xml
Checking ./storm-core/target/test-reports/org.apache.storm.metrics-test.xml
Checking ./storm-core/target/test-reports/org.apache.storm.subtopology-test.xml
Checking ./storm-core/target/test-reports/org.apache.storm.security.auth.auth-test.xml
Checking ./storm-core/target/test-reports/org.apache.storm.messaging.netty-integration-test.xml
Checking ./storm-core/target/test-reports/org.apache.storm.utils.ZookeeperServerCnxnFactory-test.xml
Checking ./storm-core/target/test-reports/org.apache.storm.utils-test.xml
Checking ./storm-core/target/test-reports/org.apache.storm.trident.state-test.xml
Checking ./storm-core/target/test-reports/org.apache.storm.security.auth.DefaultHttpCredentialsPlugin-test.xml
Checking ./storm-core/target/test-reports/org.apache.storm.transactional-test.xml
Checking ./storm-core/target/test-reports/org.apache.storm.fields-test.xml
Checking ./storm-core/target/test-reports/org.apache.storm.supervisor-test.xml
--------------------------------------------------
classname: org.apache.storm.supervisor-test / testname: test-multiple-active-storms-multiple-supervisors
expected: (= {["sup1" 1] 1, ["sup1" 2] 1, ["sup2" 1] 1} (:shutdown changed))
  actual: (not (= {["sup1" 1] 1, ["sup1" 2] 1, ["sup2" 1] 1} {["sup2" 1] 1, ["sup1" 1] 1, ["sup1" 2] 1, ["sup1" nil] 1}))
      at: test_runner.clj:105
-------------------- system-out --------------------

104717 [main] INFO  o.a.s.zookeeper - Starting inprocess zookeeper at port 2003 and dir /tmp/2685fa4b-d29c-4c32-8fe7-a4cca9273532
104728 [main] WARN  o.a.z.j.MBeanRegistry - Failed to register MBean StandaloneServer_port-1
104728 [main] WARN  o.a.z.s.ZooKeeperServer - Failed to register with JMX
javax.management.InstanceAlreadyExistsException: org.apache.ZooKeeperService:name0=StandaloneServer_port-1
	at com.sun.jmx.mbeanserver.Repository.addMBean(Repository.java:437) ~[?:1.7.0_76]
	at com.sun.jmx.interceptor.DefaultMBeanServerInterceptor.registerWithRepository(DefaultMBeanServerInterceptor.java:1898) ~[?:1.7.0_76]
	at com.sun.jmx.interceptor.DefaultMBeanServerInterceptor.registerDynamicMBean(DefaultMBeanServerInterceptor.java:966) ~[?:1.7.0_76]
	at com.sun.jmx.interceptor.DefaultMBeanServerInterceptor.registerObject(DefaultMBeanServerInterceptor.java:900) ~[?:1.7.0_76]
	at com.sun.jmx.interceptor.DefaultMBeanServerInterceptor.registerMBean(DefaultMBeanServerInterceptor.java:324) ~[?:1.7.0_76]
	at com.sun.jmx.mbeanserver.JmxMBeanServer.registerMBean(JmxMBeanServer.java:522) ~[?:1.7.0_76]
	at org.apache.zookeeper.jmx.MBeanRegistry.register(MBeanRegistry.java:96) ~[zookeeper-3.4.6.jar:3.4.6-1569965]
	at org.apache.zookeeper.server.ZooKeeperServer.registerJMX(ZooKeeperServer.java:377) [zookeeper-3.4.6.jar:3.4.6-1569965]
	at org.apache.zookeeper.server.ZooKeeperServer.startup(ZooKeeperServer.java:410) [zookeeper-3.4.6.jar:3.4.6-1569965]
	at org.apache.zookeeper.server.NIOServerCnxnFactory.startup(NIOServerCnxnFactory.java:123) [zookeeper-3.4.6.jar:3.4.6-1569965]
	at sun.reflect.GeneratedMethodAccessor239.invoke(Unknown Source) ~[?:?]
	at sun.reflect.DelegatingMethodAccessorImpl.invoke(DelegatingMethodAccessorImpl.java:43) ~[?:1.7.0_76]
	at java.lang.reflect.Method.invoke(Method.java:606) ~[?:1.7.0_76]
	at clojure.lang.Reflector.invokeMatchingMethod(Reflector.java:93) [clojure-1.7.0.jar:?]
	at clojure.lang.Reflector.invokeInstanceMethod(Reflector.java:28) [clojure-1.7.0.jar:?]
	at org.apache.storm.zookeeper$mk_inprocess_zookeeper.doInvoke(zookeeper.clj:229) [classes/:?]
	at clojure.lang.RestFn.invoke(RestFn.java:410) [clojure-1.7.0.jar:?]
	at org.apache.storm.testing$mk_local_storm_cluster.doInvoke(testing.clj:137) [classes/:?]
	at clojure.lang.RestFn.invoke(RestFn.java:457) [clojure-1.7.0.jar:?]
	at org.apache.storm.supervisor_test$fn__4693.invoke(supervisor_test.clj:133) [?:?]
	at clojure.test$test_var$fn__7670.invoke(test.clj:704) [clojure-1.7.0.jar:?]
	at clojure.test$test_var.invoke(test.clj:704) [clojure-1.7.0.jar:?]
	at clojure.test$test_vars$fn__7692$fn__7697.invoke(test.clj:722) [clojure-1.7.0.jar:?]
	at clojure.test$default_fixture.invoke(test.clj:674) [clojure-1.7.0.jar:?]
	at clojure.test$test_vars$fn__7692.invoke(test.clj:722) [clojure-1.7.0.jar:?]
	at clojure.test$default_fixture.invoke(test.clj:674) [clojure-1.7.0.jar:?]
	at clojure.test$test_vars.invoke(test.clj:718) [clojure-1.7.0.jar:?]
	at clojure.test$test_all_vars.invoke(test.clj:728) [clojure-1.7.0.jar:?]
	at clojure.test$test_ns.invoke(test.clj:747) [clojure-1.7.0.jar:?]
	at clojure.core$map$fn__4553.invoke(core.clj:2624) [clojure-1.7.0.jar:?]
	at clojure.lang.LazySeq.sval(LazySeq.java:40) [clojure-1.7.0.jar:?]
	at clojure.lang.LazySeq.seq(LazySeq.java:49) [clojure-1.7.0.jar:?]
	at clojure.lang.Cons.next(Cons.java:39) [clojure-1.7.0.jar:?]
	at clojure.lang.RT.boundedLength(RT.java:1735) [clojure-1.7.0.jar:?]
	at clojure.lang.RestFn.applyTo(RestFn.java:130) [clojure-1.7.0.jar:?]
	at clojure.core$apply.invoke(core.clj:632) [clojure-1.7.0.jar:?]
	at clojure.test$run_tests.doInvoke(test.clj:762) [clojure-1.7.0.jar:?]
	at clojure.lang.RestFn.invoke(RestFn.java:408) [clojure-1.7.0.jar:?]
	at org.apache.storm.testrunner$eval11081$iter__11082__11086$fn__11087$fn__11088$fn__11089.invoke(test_runner.clj:107) [?:?]
	at org.apache.storm.testrunner$eval11081$iter__11082__11086$fn__11087$fn__11088.invoke(test_runner.clj:53) [?:?]
	at org.apache.storm.testrunner$eval11081$iter__11082__11086$fn__11087.invoke(test_runner.clj:52) [?:?]
	at clojure.lang.LazySeq.sval(LazySeq.java:40) [clojure-1.7.0.jar:?]
	at clojure.lang.LazySeq.seq(LazySeq.java:49) [clojure-1.7.0.jar:?]
	at clojure.lang.RT.seq(RT.java:507) [clojure-1.7.0.jar:?]
	at clojure.core$seq__4128.invoke(core.clj:137) [clojure-1.7.0.jar:?]
	at clojure.core$dorun.invoke(core.clj:3009) [clojure-1.7.0.jar:?]
	at org.apache.storm.testrunner$eval11081.invoke(test_runner.clj:52) [?:?]
	at clojure.lang.Compiler.eval(Compiler.java:6782) [clojure-1.7.0.jar:?]
	at clojure.lang.Compiler.load(Compiler.java:7227) [clojure-1.7.0.jar:?]
	at clojure.lang.Compiler.loadFile(Compiler.java:7165) [clojure-1.7.0.jar:?]
	at clojure.main$load_script.invoke(main.clj:275) [clojure-1.7.0.jar:?]
	at clojure.main$script_opt.invoke(main.clj:337) [clojure-1.7.0.jar:?]
	at clojure.main$main.doInvoke(main.clj:421) [clojure-1.7.0.jar:?]
	at clojure.lang.RestFn.invoke(RestFn.java:421) [clojure-1.7.0.jar:?]
	at clojure.lang.Var.invoke(Var.java:383) [clojure-1.7.0.jar:?]
	at clojure.lang.AFn.applyToHelper(AFn.java:156) [clojure-1.7.0.jar:?]
	at clojure.lang.Var.applyTo(Var.java:700) [clojure-1.7.0.jar:?]
	at clojure.main.main(main.java:37) [clojure-1.7.0.jar:?]
104750 [main] INFO  o.a.s.d.nimbus - Starting Nimbus with conf {"topology.builtin.metrics.bucket.size.secs" 60, "nimbus.childopts" "-Xmx1024m", "ui.filter.params" nil, "storm.cluster.mode" "local", "storm.messaging.netty.client_worker_threads" 1, "logviewer.max.per.worker.logs.size.mb" 2048, "supervisor.run.worker.as.user" false, "topology.max.task.parallelism" nil, "topology.priority" 29, "zmq.threads" 1, "storm.group.mapping.service" "org.apache.storm.security.auth.ShellBasedGroupsMapping", "transactional.zookeeper.root" "/transactional", "topology.sleep.spout.wait.strategy.time.ms" 1, "scheduler.display.resource" false, "topology.max.replication.wait.time.sec" 60, "drpc.invocations.port" 3773, "supervisor.localizer.cache.target.size.mb" 10240, "topology.multilang.serializer" "org.apache.storm.multilang.JsonSerializer", "storm.messaging.netty.server_worker_threads" 1, "nimbus.blobstore.class" "org.apache.storm.blobstore.LocalFsBlobStore", "resource.aware.scheduler.eviction.strategy" "org.apache.storm.scheduler.resource.strategies.eviction.DefaultEvictionStrategy", "topology.max.error.report.per.interval" 5, "storm.thrift.transport" "org.apache.storm.security.auth.SimpleTransportPlugin", "zmq.hwm" 0, "storm.group.mapping.service.params" nil, "worker.profiler.enabled" false, "storm.principal.tolocal" "org.apache.storm.security.auth.DefaultPrincipalToLocal", "supervisor.worker.shutdown.sleep.secs" 1, "pacemaker.host" "localhost", "storm.zookeeper.retry.times" 5, "ui.actions.enabled" true, "zmq.linger.millis" 0, "supervisor.enable" true, "topology.stats.sample.rate" 0.05, "storm.messaging.netty.min_wait_ms" 100, "worker.log.level.reset.poll.secs" 30, "storm.zookeeper.port" 2003, "supervisor.heartbeat.frequency.secs" 5, "topology.enable.message.timeouts" false, "supervisor.cpu.capacity" 400.0, "drpc.worker.threads" 64, "supervisor.blobstore.download.thread.count" 5, "drpc.queue.size" 128, "topology.backpressure.enable" true, "supervisor.blobstore.class" "org.apache.storm.blobstore.NimbusBlobStore", "storm.blobstore.inputstream.buffer.size.bytes" 65536, "topology.shellbolt.max.pending" 100, "drpc.https.keystore.password" "", "nimbus.code.sync.freq.secs" 120, "logviewer.port" 8000, "topology.scheduler.strategy" "org.apache.storm.scheduler.resource.strategies.scheduling.DefaultResourceAwareStrategy", "topology.executor.send.buffer.size" 1024, "resource.aware.scheduler.priority.strategy" "org.apache.storm.scheduler.resource.strategies.priority.DefaultSchedulingPriorityStrategy", "pacemaker.auth.method" "NONE", "storm.daemon.metrics.reporter.plugins" ["org.apache.storm.daemon.metrics.reporters.JmxPreparableReporter"], "topology.worker.logwriter.childopts" "-Xmx64m", "topology.spout.wait.strategy" "org.apache.storm.spout.SleepSpoutWaitStrategy", "ui.host" "0.0.0.0", "storm.nimbus.retry.interval.millis" 2000, "nimbus.inbox.jar.expiration.secs" 3600, "dev.zookeeper.path" "/tmp/dev-storm-zookeeper", "topology.acker.executors" nil, "topology.fall.back.on.java.serialization" true, "topology.eventlogger.executors" 0, "supervisor.localizer.cleanup.interval.ms" 600000, "storm.zookeeper.servers" ["localhost"], "nimbus.thrift.threads" 64, "logviewer.cleanup.age.mins" 10080, "topology.worker.childopts" nil, "topology.classpath" nil, "supervisor.monitor.frequency.secs" 3, "nimbus.credential.renewers.freq.secs" 600, "topology.skip.missing.kryo.registrations" true, "drpc.authorizer.acl.filename" "drpc-auth-acl.yaml", "pacemaker.kerberos.users" [], "storm.group.mapping.service.cache.duration.secs" 120, "NIMBUS-DO-NOT-REASSIGN" true, "topology.testing.always.try.serialize" false, "nimbus.monitor.freq.secs" 10, "storm.health.check.timeout.ms" 5000, "supervisor.supervisors" [], "topology.tasks" nil, "topology.bolts.outgoing.overflow.buffer.enable" false, "storm.messaging.netty.socket.backlog" 500, "topology.workers" 1, "pacemaker.base.threads" 10, "storm.local.dir" "/tmp/ac56e701-0a21-4c12-9150-77b11e7fb951", "topology.disable.loadaware" false, "worker.childopts" "-Xmx%HEAP-MEM%m -XX:+PrintGCDetails -Xloggc:artifacts/gc.log -XX:+PrintGCDateStamps -XX:+PrintGCTimeStamps -XX:+UseGCLogFileRotation -XX:NumberOfGCLogFiles=10 -XX:GCLogFileSize=1M -XX:+HeapDumpOnOutOfMemoryError -XX:HeapDumpPath=artifacts/heapdump", "storm.auth.simple-white-list.users" [], "topology.disruptor.batch.timeout.millis" 1, "topology.message.timeout.secs" 30, "topology.state.synchronization.timeout.secs" 60, "topology.tuple.serializer" "org.apache.storm.serialization.types.ListDelegateSerializer", "supervisor.supervisors.commands" [], "nimbus.blobstore.expiration.secs" 600, "logviewer.childopts" "-Xmx128m", "topology.environment" nil, "topology.debug" false, "topology.disruptor.batch.size" 100, "storm.messaging.netty.max_retries" 300, "ui.childopts" "-Xmx768m", "storm.network.topography.plugin" "org.apache.storm.networktopography.DefaultRackDNSToSwitchMapping", "storm.zookeeper.session.timeout" 20000, "drpc.childopts" "-Xmx768m", "drpc.http.creds.plugin" "org.apache.storm.security.auth.DefaultHttpCredentialsPlugin", "storm.zookeeper.connection.timeout" 15000, "storm.zookeeper.auth.user" nil, "storm.meta.serialization.delegate" "org.apache.storm.serialization.GzipThriftSerializationDelegate", "topology.max.spout.pending" nil, "storm.codedistributor.class" "org.apache.storm.codedistributor.LocalFileSystemCodeDistributor", "nimbus.supervisor.timeout.secs" 60, "nimbus.task.timeout.secs" 30, "drpc.port" 3772, "pacemaker.max.threads" 50, "storm.zookeeper.retry.intervalceiling.millis" 30000, "nimbus.thrift.port" 6627, "storm.auth.simple-acl.admins" [], "topology.component.cpu.pcore.percent" 10.0, "supervisor.memory.capacity.mb" 3072.0, "storm.nimbus.retry.times" 5, "supervisor.worker.start.timeout.secs" 5, "storm.zookeeper.retry.interval" 1000, "logs.users" nil, "storm.cluster.metrics.consumer.publish.interval.secs" 60, "worker.profiler.command" "flight.bash", "transactional.zookeeper.port" nil, "drpc.max_buffer_size" 1048576, "pacemaker.thread.timeout" 10, "task.credentials.poll.secs" 30, "blobstore.superuser" "travis", "drpc.https.keystore.type" "JKS", "topology.worker.receiver.thread.count" 1, "topology.state.checkpoint.interval.ms" 1000, "supervisor.slots.ports" [6700 6701 6702 6703], "topology.transfer.buffer.size" 1024, "storm.health.check.dir" "healthchecks", "topology.worker.shared.thread.pool.size" 4, "drpc.authorizer.acl.strict" false, "nimbus.file.copy.expiration.secs" 600, "worker.profiler.childopts" "-XX:+UnlockCommercialFeatures -XX:+FlightRecorder", "topology.executor.receive.buffer.size" 1024, "backpressure.disruptor.low.watermark" 0.4, "nimbus.task.launch.secs" 120, "storm.local.mode.zmq" false, "storm.messaging.netty.buffer_size" 5242880, "storm.cluster.state.store" "org.apache.storm.cluster_state.zookeeper_state_factory", "worker.heartbeat.frequency.secs" 1, "storm.log4j2.conf.dir" "log4j2", "ui.http.creds.plugin" "org.apache.storm.security.auth.DefaultHttpCredentialsPlugin", "storm.zookeeper.root" "/storm", "topology.tick.tuple.freq.secs" nil, "drpc.https.port" -1, "storm.workers.artifacts.dir" "workers-artifacts", "supervisor.blobstore.download.max_retries" 3, "task.refresh.poll.secs" 10, "storm.exhibitor.port" 8080, "task.heartbeat.frequency.secs" 3, "pacemaker.port" 6699, "storm.messaging.netty.max_wait_ms" 1000, "topology.component.resources.offheap.memory.mb" 0.0, "drpc.http.port" 3774, "topology.error.throttle.interval.secs" 10, "storm.messaging.transport" "org.apache.storm.messaging.netty.Context", "storm.messaging.netty.authentication" false, "topology.component.resources.onheap.memory.mb" 128.0, "topology.kryo.factory" "org.apache.storm.serialization.DefaultKryoFactory", "worker.gc.childopts" "", "nimbus.topology.validator" "org.apache.storm.nimbus.DefaultTopologyValidator", "nimbus.seeds" ["localhost"], "nimbus.queue.size" 100000, "nimbus.cleanup.inbox.freq.secs" 600, "storm.blobstore.replication.factor" 3, "worker.heap.memory.mb" 768, "logviewer.max.sum.worker.logs.size.mb" 4096, "pacemaker.childopts" "-Xmx1024m", "ui.users" nil, "transactional.zookeeper.servers" nil, "supervisor.worker.timeout.secs" 15, "storm.zookeeper.auth.password" nil, "storm.blobstore.acl.validation.enabled" false, "client.blobstore.class" "org.apache.storm.blobstore.NimbusBlobStore", "supervisor.childopts" "-Xmx256m", "topology.worker.max.heap.size.mb" 768.0, "backpressure.disruptor.high.watermark" 0.9, "ui.filter" nil, "ui.header.buffer.bytes" 4096, "topology.min.replication.count" 1, "topology.disruptor.wait.timeout.millis" 1000, "storm.nimbus.retry.intervalceiling.millis" 60000, "topology.trident.batch.emit.interval.millis" 50, "storm.auth.simple-acl.users" [], "drpc.invocations.threads" 64, "java.library.path" "/usr/local/lib:/opt/local/lib:/usr/lib", "ui.port" 8080, "storm.exhibitor.poll.uripath" "/exhibitor/v1/cluster/list", "storm.messaging.netty.transfer.batch.size" 262144, "logviewer.appender.name" "A1", "nimbus.thrift.max_buffer_size" 1048576, "storm.auth.simple-acl.users.commands" [], "drpc.request.timeout.secs" 600}
104750 [main] INFO  o.a.s.d.nimbus - Using default scheduler
104750 [main] INFO  o.a.c.f.i.CuratorFrameworkImpl - Starting
104752 [main] INFO  o.a.c.f.i.CuratorFrameworkImpl - Starting
104753 [main] INFO  o.a.s.b.FileBlobStoreImpl - Creating new blob store based in /tmp/ac56e701-0a21-4c12-9150-77b11e7fb951/blobs
104754 [main] INFO  o.a.c.f.i.CuratorFrameworkImpl - Starting
104763 [main-EventThread] INFO  o.a.c.f.s.ConnectionStateManager - State change: CONNECTED
104763 [main-EventThread] INFO  o.a.s.zookeeper - Zookeeper state update: :connected:none
104764 [main-EventThread] INFO  o.a.c.f.s.ConnectionStateManager - State change: CONNECTED
104764 [main-EventThread] INFO  o.a.s.zookeeper - Zookeeper state update: :connected:none
104766 [main-EventThread] INFO  o.a.c.f.s.ConnectionStateManager - State change: CONNECTED
104766 [Curator-Framework-0] INFO  o.a.c.f.i.CuratorFrameworkImpl - backgroundOperationsLoop exiting
104768 [main] INFO  o.a.c.f.i.CuratorFrameworkImpl - Starting
104769 [main] INFO  o.a.c.f.i.CuratorFrameworkImpl - Starting
104772 [main-EventThread] INFO  o.a.c.f.s.ConnectionStateManager - State change: CONNECTED
104773 [main-EventThread] INFO  o.a.c.f.s.ConnectionStateManager - State change: CONNECTED
104785 [main] INFO  o.a.s.zookeeper - Queued up for leader lock.
104791 [main-EventThread] INFO  o.a.s.zookeeper - testing-worker-linux-docker-e044e418-3372-linux-6.prod.travis-ci.org gained leadership
104798 [Thread-1097-EventThread] INFO  o.a.c.f.s.ConnectionStateManager - State change: SUSPENDED
104798 [Thread-1097-EventThread] WARN  o.a.s.c.zookeeper-state-factory - Received event :disconnected::none: with disconnected Writer Zookeeper.
104801 [main] INFO  o.a.s.d.m.MetricsUtils - Using statistics reporter plugin:org.apache.storm.daemon.metrics.reporters.JmxPreparableReporter
104801 [main] INFO  o.a.s.d.m.r.JmxPreparableReporter - Preparing...
104806 [main] INFO  o.a.s.d.common - Started statistics report plugin...
104807 [main] INFO  o.a.c.f.i.CuratorFrameworkImpl - Starting
104810 [main-EventThread] INFO  o.a.c.f.s.ConnectionStateManager - State change: CONNECTED
104810 [main-EventThread] INFO  o.a.s.zookeeper - Zookeeper state update: :connected:none
104810 [Curator-Framework-0] INFO  o.a.c.f.i.CuratorFrameworkImpl - backgroundOperationsLoop exiting
104811 [main] INFO  o.a.c.f.i.CuratorFrameworkImpl - Starting
104812 [main] INFO  o.a.c.f.i.CuratorFrameworkImpl - Starting
104814 [main-EventThread] INFO  o.a.c.f.s.ConnectionStateManager - State change: CONNECTED
104814 [main-EventThread] INFO  o.a.c.f.s.ConnectionStateManager - State change: CONNECTED
104815 [main-EventThread] INFO  o.a.s.zookeeper - Zookeeper state update: :connected:none
104815 [Curator-Framework-0] INFO  o.a.c.f.i.CuratorFrameworkImpl - backgroundOperationsLoop exiting
104816 [main] INFO  o.a.c.f.i.CuratorFrameworkImpl - Starting
104819 [main-EventThread] INFO  o.a.c.f.s.ConnectionStateManager - State change: CONNECTED
104828 [main] INFO  o.a.s.d.supervisor - Starting Supervisor with conf {"topology.builtin.metrics.bucket.size.secs" 60, "nimbus.childopts" "-Xmx1024m", "ui.filter.params" nil, "storm.cluster.mode" "local", "storm.messaging.netty.client_worker_threads" 1, "logviewer.max.per.worker.logs.size.mb" 2048, "supervisor.run.worker.as.user" false, "topology.max.task.parallelism" nil, "topology.priority" 29, "zmq.threads" 1, "storm.group.mapping.service" "org.apache.storm.security.auth.ShellBasedGroupsMapping", "transactional.zookeeper.root" "/transactional", "topology.sleep.spout.wait.strategy.time.ms" 1, "scheduler.display.resource" false, "topology.max.replication.wait.time.sec" 60, "drpc.invocations.port" 3773, "supervisor.localizer.cache.target.size.mb" 10240, "topology.multilang.serializer" "org.apache.storm.multilang.JsonSerializer", "storm.messaging.netty.server_worker_threads" 1, "nimbus.blobstore.class" "org.apache.storm.blobstore.LocalFsBlobStore", "resource.aware.scheduler.eviction.strategy" "org.apache.storm.scheduler.resource.strategies.eviction.DefaultEvictionStrategy", "topology.max.error.report.per.interval" 5, "storm.thrift.transport" "org.apache.storm.security.auth.SimpleTransportPlugin", "zmq.hwm" 0, "storm.group.mapping.service.params" nil, "worker.profiler.enabled" false, "storm.principal.tolocal" "org.apache.storm.security.auth.DefaultPrincipalToLocal", "supervisor.worker.shutdown.sleep.secs" 1, "pacemaker.host" "localhost", "storm.zookeeper.retry.times" 5, "ui.actions.enabled" true, "zmq.linger.millis" 0, "supervisor.enable" true, "topology.stats.sample.rate" 0.05, "storm.messaging.netty.min_wait_ms" 100, "worker.log.level.reset.poll.secs" 30, "storm.zookeeper.port" 2003, "supervisor.heartbeat.frequency.secs" 5, "topology.enable.message.timeouts" false, "supervisor.cpu.capacity" 400.0, "drpc.worker.threads" 64, "supervisor.blobstore.download.thread.count" 5, "drpc.queue.size" 128, "topology.backpressure.enable" true, "supervisor.blobstore.class" "org.apache.storm.blobstore.NimbusBlobStore", "storm.blobstore.inputstream.buffer.size.bytes" 65536, "topology.shellbolt.max.pending" 100, "drpc.https.keystore.password" "", "nimbus.code.sync.freq.secs" 120, "logviewer.port" 8000, "topology.scheduler.strategy" "org.apache.storm.scheduler.resource.strategies.scheduling.DefaultResourceAwareStrategy", "topology.executor.send.buffer.size" 1024, "resource.aware.scheduler.priority.strategy" "org.apache.storm.scheduler.resource.strategies.priority.DefaultSchedulingPriorityStrategy", "pacemaker.auth.method" "NONE", "storm.daemon.metrics.reporter.plugins" ["org.apache.storm.daemon.metrics.reporters.JmxPreparableReporter"], "topology.worker.logwriter.childopts" "-Xmx64m", "topology.spout.wait.strategy" "org.apache.storm.spout.SleepSpoutWaitStrategy", "ui.host" "0.0.0.0", "storm.nimbus.retry.interval.millis" 2000, "nimbus.inbox.jar.expiration.secs" 3600, "dev.zookeeper.path" "/tmp/dev-storm-zookeeper", "topology.acker.executors" nil, "topology.fall.back.on.java.serialization" true, "topology.eventlogger.executors" 0, "supervisor.localizer.cleanup.interval.ms" 600000, "storm.zookeeper.servers" ["localhost"], "nimbus.thrift.threads" 64, "logviewer.cleanup.age.mins" 10080, "topology.worker.childopts" nil, "topology.classpath" nil, "supervisor.monitor.frequency.secs" 3, "nimbus.credential.renewers.freq.secs" 600, "topology.skip.missing.kryo.registrations" true, "drpc.authorizer.acl.filename" "drpc-auth-acl.yaml", "pacemaker.kerberos.users" [], "storm.group.mapping.service.cache.duration.secs" 120, "NIMBUS-DO-NOT-REASSIGN" true, "topology.testing.always.try.serialize" false, "nimbus.monitor.freq.secs" 10, "storm.health.check.timeout.ms" 5000, "supervisor.supervisors" [], "topology.tasks" nil, "topology.bolts.outgoing.overflow.buffer.enable" false, "storm.messaging.netty.socket.backlog" 500, "topology.workers" 1, "pacemaker.base.threads" 10, "storm.local.dir" "/tmp/1c913975-94b5-4b39-9cc3-9bdffbb00347", "topology.disable.loadaware" false, "worker.childopts" "-Xmx%HEAP-MEM%m -XX:+PrintGCDetails -Xloggc:artifacts/gc.log -XX:+PrintGCDateStamps -XX:+PrintGCTimeStamps -XX:+UseGCLogFileRotation -XX:NumberOfGCLogFiles=10 -XX:GCLogFileSize=1M -XX:+HeapDumpOnOutOfMemoryError -XX:HeapDumpPath=artifacts/heapdump", "storm.auth.simple-white-list.users" [], "topology.disruptor.batch.timeout.millis" 1, "topology.message.timeout.secs" 30, "topology.state.synchronization.timeout.secs" 60, "topology.tuple.serializer" "org.apache.storm.serialization.types.ListDelegateSerializer", "supervisor.supervisors.commands" [], "nimbus.blobstore.expiration.secs" 600, "logviewer.childopts" "-Xmx128m", "topology.environment" nil, "topology.debug" false, "topology.disruptor.batch.size" 100, "storm.messaging.netty.max_retries" 300, "ui.childopts" "-Xmx768m", "storm.network.topography.plugin" "org.apache.storm.networktopography.DefaultRackDNSToSwitchMapping", "storm.zookeeper.session.timeout" 20000, "drpc.childopts" "-Xmx768m", "drpc.http.creds.plugin" "org.apache.storm.security.auth.DefaultHttpCredentialsPlugin", "storm.zookeeper.connection.timeout" 15000, "storm.zookeeper.auth.user" nil, "storm.meta.serialization.delegate" "org.apache.storm.serialization.GzipThriftSerializationDelegate", "topology.max.spout.pending" nil, "storm.codedistributor.class" "org.apache.storm.codedistributor.LocalFileSystemCodeDistributor", "nimbus.supervisor.timeout.secs" 60, "nimbus.task.timeout.secs" 30, "drpc.port" 3772, "pacemaker.max.threads" 50, "storm.zookeeper.retry.intervalceiling.millis" 30000, "nimbus.thrift.port" 6627, "storm.auth.simple-acl.admins" [], "topology.component.cpu.pcore.percent" 10.0, "supervisor.memory.capacity.mb" 3072.0, "storm.nimbus.retry.times" 5, "supervisor.worker.start.timeout.secs" 5, "storm.zookeeper.retry.interval" 1000, "logs.users" nil, "storm.cluster.metrics.consumer.publish.interval.secs" 60, "worker.profiler.command" "flight.bash", "transactional.zookeeper.port" nil, "drpc.max_buffer_size" 1048576, "pacemaker.thread.timeout" 10, "task.credentials.poll.secs" 30, "blobstore.superuser" "travis", "drpc.https.keystore.type" "JKS", "topology.worker.receiver.thread.count" 1, "topology.state.checkpoint.interval.ms" 1000, "supervisor.slots.ports" [1 2 3 4], "topology.transfer.buffer.size" 1024, "storm.health.check.dir" "healthchecks", "topology.worker.shared.thread.pool.size" 4, "drpc.authorizer.acl.strict" false, "nimbus.file.copy.expiration.secs" 600, "worker.profiler.childopts" "-XX:+UnlockCommercialFeatures -XX:+FlightRecorder", "topology.executor.receive.buffer.size" 1024, "backpressure.disruptor.low.watermark" 0.4, "nimbus.task.launch.secs" 120, "storm.local.mode.zmq" false, "storm.messaging.netty.buffer_size" 5242880, "storm.cluster.state.store" "org.apache.storm.cluster_state.zookeeper_state_factory", "worker.heartbeat.frequency.secs" 1, "storm.log4j2.conf.dir" "log4j2", "ui.http.creds.plugin" "org.apache.storm.security.auth.DefaultHttpCredentialsPlugin", "storm.zookeeper.root" "/storm", "topology.tick.tuple.freq.secs" nil, "drpc.https.port" -1, "storm.workers.artifacts.dir" "workers-artifacts", "supervisor.blobstore.download.max_retries" 3, "task.refresh.poll.secs" 10, "storm.exhibitor.port" 8080, "task.heartbeat.frequency.secs" 3, "pacemaker.port" 6699, "storm.messaging.netty.max_wait_ms" 1000, "topology.component.resources.offheap.memory.mb" 0.0, "drpc.http.port" 3774, "topology.error.throttle.interval.secs" 10, "storm.messaging.transport" "org.apache.storm.messaging.netty.Context", "storm.messaging.netty.authentication" false, "topology.component.resources.onheap.memory.mb" 128.0, "topology.kryo.factory" "org.apache.storm.serialization.DefaultKryoFactory", "worker.gc.childopts" "", "nimbus.topology.validator" "org.apache.storm.nimbus.DefaultTopologyValidator", "nimbus.seeds" ["localhost"], "nimbus.queue.size" 100000, "nimbus.cleanup.inbox.freq.secs" 600, "storm.blobstore.replication.factor" 3, "worker.heap.memory.mb" 768, "logviewer.max.sum.worker.logs.size.mb" 4096, "pacemaker.childopts" "-Xmx1024m", "ui.users" nil, "transactional.zookeeper.servers" nil, "supervisor.worker.timeout.secs" 15, "storm.zookeeper.auth.password" nil, "storm.blobstore.acl.validation.enabled" false, "client.blobstore.class" "org.apache.storm.blobstore.NimbusBlobStore", "supervisor.childopts" "-Xmx256m", "topology.worker.max.heap.size.mb" 768.0, "backpressure.disruptor.high.watermark" 0.9, "ui.filter" nil, "ui.header.buffer.bytes" 4096, "topology.min.replication.count" 1, "topology.disruptor.wait.timeout.millis" 1000, "storm.nimbus.retry.intervalceiling.millis" 60000, "topology.trident.batch.emit.interval.millis" 50, "storm.auth.simple-acl.users" [], "drpc.invocations.threads" 64, "java.library.path" "/usr/local/lib:/opt/local/lib:/usr/lib", "ui.port" 8080, "storm.exhibitor.poll.uripath" "/exhibitor/v1/cluster/list", "storm.messaging.netty.transfer.batch.size" 262144, "logviewer.appender.name" "A1", "nimbus.thrift.max_buffer_size" 1048576, "storm.auth.simple-acl.users.commands" [], "drpc.request.timeout.secs" 600}
104829 [main] INFO  o.a.s.l.Localizer - Reconstruct localized resource: /tmp/1c913975-94b5-4b39-9cc3-9bdffbb00347/supervisor/usercache
104829 [main] WARN  o.a.s.l.Localizer - No left over resources found for any user during reconstructing of local resources at: /tmp/1c913975-94b5-4b39-9cc3-9bdffbb00347/supervisor/usercache
104830 [main] INFO  o.a.c.f.i.CuratorFrameworkImpl - Starting
104832 [main-EventThread] INFO  o.a.c.f.s.ConnectionStateManager - State change: CONNECTED
104832 [main-EventThread] INFO  o.a.s.zookeeper - Zookeeper state update: :connected:none
104833 [Curator-Framework-0] INFO  o.a.c.f.i.CuratorFrameworkImpl - backgroundOperationsLoop exiting
104834 [main] INFO  o.a.c.f.i.CuratorFrameworkImpl - Starting
104836 [main-EventThread] INFO  o.a.c.f.s.ConnectionStateManager - State change: CONNECTED
104840 [main] INFO  o.a.s.d.supervisor - Starting supervisor with id sup1 at host testing-worker-linux-docker-e044e418-3372-linux-6.prod.travis-ci.org
104843 [main] INFO  o.a.s.d.supervisor - Starting Supervisor with conf {"topology.builtin.metrics.bucket.size.secs" 60, "nimbus.childopts" "-Xmx1024m", "ui.filter.params" nil, "storm.cluster.mode" "local", "storm.messaging.netty.client_worker_threads" 1, "logviewer.max.per.worker.logs.size.mb" 2048, "supervisor.run.worker.as.user" false, "topology.max.task.parallelism" nil, "topology.priority" 29, "zmq.threads" 1, "storm.group.mapping.service" "org.apache.storm.security.auth.ShellBasedGroupsMapping", "transactional.zookeeper.root" "/transactional", "topology.sleep.spout.wait.strategy.time.ms" 1, "scheduler.display.resource" false, "topology.max.replication.wait.time.sec" 60, "drpc.invocations.port" 3773, "supervisor.localizer.cache.target.size.mb" 10240, "topology.multilang.serializer" "org.apache.storm.multilang.JsonSerializer", "storm.messaging.netty.server_worker_threads" 1, "nimbus.blobstore.class" "org.apache.storm.blobstore.LocalFsBlobStore", "resource.aware.scheduler.eviction.strategy" "org.apache.storm.scheduler.resource.strategies.eviction.DefaultEvictionStrategy", "topology.max.error.report.per.interval" 5, "storm.thrift.transport" "org.apache.storm.security.auth.SimpleTransportPlugin", "zmq.hwm" 0, "storm.group.mapping.service.params" nil, "worker.profiler.enabled" false, "storm.principal.tolocal" "org.apache.storm.security.auth.DefaultPrincipalToLocal", "supervisor.worker.shutdown.sleep.secs" 1, "pacemaker.host" "localhost", "storm.zookeeper.retry.times" 5, "ui.actions.enabled" true, "zmq.linger.millis" 0, "supervisor.enable" true, "topology.stats.sample.rate" 0.05, "storm.messaging.netty.min_wait_ms" 100, "worker.log.level.reset.poll.secs" 30, "storm.zookeeper.port" 2003, "supervisor.heartbeat.frequency.secs" 5, "topology.enable.message.timeouts" false, "supervisor.cpu.capacity" 400.0, "drpc.worker.threads" 64, "supervisor.blobstore.download.thread.count" 5, "drpc.queue.size" 128, "topology.backpressure.enable" true, "supervisor.blobstore.class" "org.apache.storm.blobstore.NimbusBlobStore", "storm.blobstore.inputstream.buffer.size.bytes" 65536, "topology.shellbolt.max.pending" 100, "drpc.https.keystore.password" "", "nimbus.code.sync.freq.secs" 120, "logviewer.port" 8000, "topology.scheduler.strategy" "org.apache.storm.scheduler.resource.strategies.scheduling.DefaultResourceAwareStrategy", "topology.executor.send.buffer.size" 1024, "resource.aware.scheduler.priority.strategy" "org.apache.storm.scheduler.resource.strategies.priority.DefaultSchedulingPriorityStrategy", "pacemaker.auth.method" "NONE", "storm.daemon.metrics.reporter.plugins" ["org.apache.storm.daemon.metrics.reporters.JmxPreparableReporter"], "topology.worker.logwriter.childopts" "-Xmx64m", "topology.spout.wait.strategy" "org.apache.storm.spout.SleepSpoutWaitStrategy", "ui.host" "0.0.0.0", "storm.nimbus.retry.interval.millis" 2000, "nimbus.inbox.jar.expiration.secs" 3600, "dev.zookeeper.path" "/tmp/dev-storm-zookeeper", "topology.acker.executors" nil, "topology.fall.back.on.java.serialization" true, "topology.eventlogger.executors" 0, "supervisor.localizer.cleanup.interval.ms" 600000, "storm.zookeeper.servers" ["localhost"], "nimbus.thrift.threads" 64, "logviewer.cleanup.age.mins" 10080, "topology.worker.childopts" nil, "topology.classpath" nil, "supervisor.monitor.frequency.secs" 3, "nimbus.credential.renewers.freq.secs" 600, "topology.skip.missing.kryo.registrations" true, "drpc.authorizer.acl.filename" "drpc-auth-acl.yaml", "pacemaker.kerberos.users" [], "storm.group.mapping.service.cache.duration.secs" 120, "NIMBUS-DO-NOT-REASSIGN" true, "topology.testing.always.try.serialize" false, "nimbus.monitor.freq.secs" 10, "storm.health.check.timeout.ms" 5000, "supervisor.supervisors" [], "topology.tasks" nil, "topology.bolts.outgoing.overflow.buffer.enable" false, "storm.messaging.netty.socket.backlog" 500, "topology.workers" 1, "pacemaker.base.threads" 10, "storm.local.dir" "/tmp/5c1ac9ba-cd5c-48a3-9526-01ca342903bb", "topology.disable.loadaware" false, "worker.childopts" "-Xmx%HEAP-MEM%m -XX:+PrintGCDetails -Xloggc:artifacts/gc.log -XX:+PrintGCDateStamps -XX:+PrintGCTimeStamps -XX:+UseGCLogFileRotation -XX:NumberOfGCLogFiles=10 -XX:GCLogFileSize=1M -XX:+HeapDumpOnOutOfMemoryError -XX:HeapDumpPath=artifacts/heapdump", "storm.auth.simple-white-list.users" [], "topology.disruptor.batch.timeout.millis" 1, "topology.message.timeout.secs" 30, "topology.state.synchronization.timeout.secs" 60, "topology.tuple.serializer" "org.apache.storm.serialization.types.ListDelegateSerializer", "supervisor.supervisors.commands" [], "nimbus.blobstore.expiration.secs" 600, "logviewer.childopts" "-Xmx128m", "topology.environment" nil, "topology.debug" false, "topology.disruptor.batch.size" 100, "storm.messaging.netty.max_retries" 300, "ui.childopts" "-Xmx768m", "storm.network.topography.plugin" "org.apache.storm.networktopography.DefaultRackDNSToSwitchMapping", "storm.zookeeper.session.timeout" 20000, "drpc.childopts" "-Xmx768m", "drpc.http.creds.plugin" "org.apache.storm.security.auth.DefaultHttpCredentialsPlugin", "storm.zookeeper.connection.timeout" 15000, "storm.zookeeper.auth.user" nil, "storm.meta.serialization.delegate" "org.apache.storm.serialization.GzipThriftSerializationDelegate", "topology.max.spout.pending" nil, "storm.codedistributor.class" "org.apache.storm.codedistributor.LocalFileSystemCodeDistributor", "nimbus.supervisor.timeout.secs" 60, "nimbus.task.timeout.secs" 30, "drpc.port" 3772, "pacemaker.max.threads" 50, "storm.zookeeper.retry.intervalceiling.millis" 30000, "nimbus.thrift.port" 6627, "storm.auth.simple-acl.admins" [], "topology.component.cpu.pcore.percent" 10.0, "supervisor.memory.capacity.mb" 3072.0, "storm.nimbus.retry.times" 5, "supervisor.worker.start.timeout.secs" 5, "storm.zookeeper.retry.interval" 1000, "logs.users" nil, "storm.cluster.metrics.consumer.publish.interval.secs" 60, "worker.profiler.command" "flight.bash", "transactional.zookeeper.port" nil, "drpc.max_buffer_size" 1048576, "pacemaker.thread.timeout" 10, "task.credentials.poll.secs" 30, "blobstore.superuser" "travis", "drpc.https.keystore.type" "JKS", "topology.worker.receiver.thread.count" 1, "topology.state.checkpoint.interval.ms" 1000, "supervisor.slots.ports" [1 2], "topology.transfer.buffer.size" 1024, "storm.health.check.dir" "healthchecks", "topology.worker.shared.thread.pool.size" 4, "drpc.authorizer.acl.strict" false, "nimbus.file.copy.expiration.secs" 600, "worker.profiler.childopts" "-XX:+UnlockCommercialFeatures -XX:+FlightRecorder", "topology.executor.receive.buffer.size" 1024, "backpressure.disruptor.low.watermark" 0.4, "nimbus.task.launch.secs" 120, "storm.local.mode.zmq" false, "storm.messaging.netty.buffer_size" 5242880, "storm.cluster.state.store" "org.apache.storm.cluster_state.zookeeper_state_factory", "worker.heartbeat.frequency.secs" 1, "storm.log4j2.conf.dir" "log4j2", "ui.http.creds.plugin" "org.apache.storm.security.auth.DefaultHttpCredentialsPlugin", "storm.zookeeper.root" "/storm", "topology.tick.tuple.freq.secs" nil, "drpc.https.port" -1, "storm.workers.artifacts.dir" "workers-artifacts", "supervisor.blobstore.download.max_retries" 3, "task.refresh.poll.secs" 10, "storm.exhibitor.port" 8080, "task.heartbeat.frequency.secs" 3, "pacemaker.port" 6699, "storm.messaging.netty.max_wait_ms" 1000, "topology.component.resources.offheap.memory.mb" 0.0, "drpc.http.port" 3774, "topology.error.throttle.interval.secs" 10, "storm.messaging.transport" "org.apache.storm.messaging.netty.Context", "storm.messaging.netty.authentication" false, "topology.component.resources.onheap.memory.mb" 128.0, "topology.kryo.factory" "org.apache.storm.serialization.DefaultKryoFactory", "worker.gc.childopts" "", "nimbus.topology.validator" "org.apache.storm.nimbus.DefaultTopologyValidator", "nimbus.seeds" ["localhost"], "nimbus.queue.size" 100000, "nimbus.cleanup.inbox.freq.secs" 600, "storm.blobstore.replication.factor" 3, "worker.heap.memory.mb" 768, "logviewer.max.sum.worker.logs.size.mb" 4096, "pacemaker.childopts" "-Xmx1024m", "ui.users" nil, "transactional.zookeeper.servers" nil, "supervisor.worker.timeout.secs" 15, "storm.zookeeper.auth.password" nil, "storm.blobstore.acl.validation.enabled" false, "client.blobstore.class" "org.apache.storm.blobstore.NimbusBlobStore", "supervisor.childopts" "-Xmx256m", "topology.worker.max.heap.size.mb" 768.0, "backpressure.disruptor.high.watermark" 0.9, "ui.filter" nil, "ui.header.buffer.bytes" 4096, "topology.min.replication.count" 1, "topology.disruptor.wait.timeout.millis" 1000, "storm.nimbus.retry.intervalceiling.millis" 60000, "topology.trident.batch.emit.interval.millis" 50, "storm.auth.simple-acl.users" [], "drpc.invocations.threads" 64, "java.library.path" "/usr/local/lib:/opt/local/lib:/usr/lib", "ui.port" 8080, "storm.exhibitor.poll.uripath" "/exhibitor/v1/cluster/list", "storm.messaging.netty.transfer.batch.size" 262144, "logviewer.appender.name" "A1", "nimbus.thrift.max_buffer_size" 1048576, "storm.auth.simple-acl.users.commands" [], "drpc.request.timeout.secs" 600}
104843 [main] INFO  o.a.s.l.Localizer - Reconstruct localized resource: /tmp/5c1ac9ba-cd5c-48a3-9526-01ca342903bb/supervisor/usercache
104843 [main] WARN  o.a.s.l.Localizer - No left over resources found for any user during reconstructing of local resources at: /tmp/5c1ac9ba-cd5c-48a3-9526-01ca342903bb/supervisor/usercache
104844 [main] INFO  o.a.c.f.i.CuratorFrameworkImpl - Starting
104847 [main-EventThread] INFO  o.a.c.f.s.ConnectionStateManager - State change: CONNECTED
104847 [main-EventThread] INFO  o.a.s.zookeeper - Zookeeper state update: :connected:none
104847 [Curator-Framework-0] INFO  o.a.c.f.i.CuratorFrameworkImpl - backgroundOperationsLoop exiting
104848 [main] INFO  o.a.c.f.i.CuratorFrameworkImpl - Starting
104851 [main-EventThread] INFO  o.a.c.f.s.ConnectionStateManager - State change: CONNECTED
104855 [main] INFO  o.a.s.d.supervisor - Starting supervisor with id sup2 at host testing-worker-linux-docker-e044e418-3372-linux-6.prod.travis-ci.org
104857 [main] INFO  o.a.s.l.ThriftAccessLogger - Request ID: 102 access from:  principal:  operation: submitTopology
104859 [main] INFO  o.a.s.d.nimbus - Received topology submission for test with conf {"topology.max.task.parallelism" nil, "topology.submitter.principal" "", "topology.acker.executors" nil, "topology.eventlogger.executors" 0, "topology.workers" 3, "topology.message.timeout.secs" 40, "storm.zookeeper.superACL" nil, "topology.users" (), "topology.submitter.user" "travis", "topology.kryo.register" nil, "topology.kryo.decorators" (), "storm.id" "test-1-0", "topology.name" "test"}
104863 [main] INFO  o.a.s.d.nimbus - uploadedJar 
104866 [main] INFO  o.a.c.f.i.CuratorFrameworkImpl - Starting
104868 [main-EventThread] INFO  o.a.c.f.s.ConnectionStateManager - State change: CONNECTED
104871 [Curator-Framework-0] INFO  o.a.c.f.i.CuratorFrameworkImpl - backgroundOperationsLoop exiting
104872 [main] INFO  o.a.s.cluster - setup-path/blobstore/test-1-0-stormconf.ser/testing-worker-linux-docker-e044e418-3372-linux-6.prod.travis-ci.org:6627-1
104877 [main] INFO  o.a.c.f.i.CuratorFrameworkImpl - Starting
104879 [main-EventThread] INFO  o.a.c.f.s.ConnectionStateManager - State change: CONNECTED
104881 [Curator-Framework-0] INFO  o.a.c.f.i.CuratorFrameworkImpl - backgroundOperationsLoop exiting
104882 [main] INFO  o.a.s.cluster - setup-path/blobstore/test-1-0-stormcode.ser/testing-worker-linux-docker-e044e418-3372-linux-6.prod.travis-ci.org:6627-1
104886 [main] INFO  o.a.s.d.nimbus - desired replication count 1 achieved, current-replication-count for conf key = 1, current-replication-count for code key = 1, current-replication-count for jar key = 1
104903 [main] INFO  o.a.s.d.nimbus - Activating test: test-1-0
105406 [main] INFO  o.a.s.l.ThriftAccessLogger - Request ID: 102 access from:  principal:  operation: rebalance
105407 [main] INFO  o.a.s.d.nimbus - Delaying event :do-rebalance for 0 secs for test-1-0
105509 [timer] INFO  o.a.s.s.EvenScheduler - Available slots: (["sup1" 1] ["sup1" 2] ["sup1" 3] ["sup1" 4] ["sup2" 1] ["sup2" 2])
105512 [timer] INFO  o.a.s.d.nimbus - Setting new assignment for topology id test-1-0: #org.apache.storm.daemon.common.Assignment{:master-code-dir "/tmp/ac56e701-0a21-4c12-9150-77b11e7fb951", :node->host {"sup1" "testing-worker-linux-docker-e044e418-3372-linux-6.prod.travis-ci.org", "sup2" "testing-worker-linux-docker-e044e418-3372-linux-6.prod.travis-ci.org"}, :executor->node+port {[3 3] ["sup1" 2], [6 6] ["sup1" 2], [5 5] ["sup2" 1], [4 4] ["sup1" 1], [7 7] ["sup1" 1], [2 2] ["sup2" 1], [1 1] ["sup1" 1]}, :executor->start-time-secs {[1 1] 1, [4 4] 1, [7 7] 1, [2 2] 1, [5 5] 1, [3 3] 1, [6 6] 1}, :worker->resources {["sup1" 2] [0.0 0.0 0.0], ["sup2" 1] [0.0 0.0 0.0], ["sup1" 1] [0.0 0.0 0.0]}}
105642 [Thread-1107] INFO  o.a.s.d.supervisor - Downloading code for storm id test-1-0
105643 [Thread-1107] INFO  o.a.c.f.i.CuratorFrameworkImpl - Starting
105644 [Thread-1105] INFO  o.a.s.d.supervisor - Downloading code for storm id test-1-0
105644 [Thread-1105] INFO  o.a.c.f.i.CuratorFrameworkImpl - Starting
105653 [Thread-1107] INFO  o.a.s.b.FileBlobStoreImpl - Creating new blob store based in /tmp/ac56e701-0a21-4c12-9150-77b11e7fb951/blobs
105655 [Thread-1107-EventThread] INFO  o.a.c.f.s.ConnectionStateManager - State change: CONNECTED
105668 [Thread-1105] INFO  o.a.s.b.FileBlobStoreImpl - Creating new blob store based in /tmp/ac56e701-0a21-4c12-9150-77b11e7fb951/blobs
105669 [Thread-1105-EventThread] INFO  o.a.c.f.s.ConnectionStateManager - State change: CONNECTED
105683 [Thread-1107] INFO  o.a.s.d.supervisor - Copying resources at file:/home/travis/build/apache/storm/storm-core/target/test-classes/resources to /tmp/5c1ac9ba-cd5c-48a3-9526-01ca342903bb/supervisor/stormdist/test-1-0/resources
105686 [Thread-1107] INFO  o.a.s.d.supervisor - Finished downloading code for storm id test-1-0
105687 [Thread-1108] INFO  o.a.s.d.supervisor - Launching worker with assignment {:storm-id "test-1-0", :executors [[2 2] [5 5]], :resources #object[org.apache.storm.generated.WorkerResources 0x2dc0c809 "WorkerResources(mem_on_heap:0.0, mem_off_heap:0.0, cpu:0.0)"]} for this supervisor sup2 on port 1 with id aa1df179-9987-42d9-b5b6-5af91019f101
105688 [Thread-1108] INFO  o.a.s.config - SET worker-user aa1df179-9987-42d9-b5b6-5af91019f101 
105689 [Thread-1105] INFO  o.a.s.d.supervisor - Copying resources at file:/home/travis/build/apache/storm/storm-core/target/test-classes/resources to /tmp/1c913975-94b5-4b39-9cc3-9bdffbb00347/supervisor/stormdist/test-1-0/resources
105689 [Thread-1108] INFO  o.a.s.d.supervisor - aa1df179-9987-42d9-b5b6-5af91019f101 still hasn't started
105694 [Thread-1105] INFO  o.a.s.d.supervisor - Finished downloading code for storm id test-1-0
105698 [Thread-1106] INFO  o.a.s.d.supervisor - Launching worker with assignment {:storm-id "test-1-0", :executors [[7 7] [1 1] [4 4]], :resources #object[org.apache.storm.generated.WorkerResources 0xd5906da "WorkerResources(mem_on_heap:0.0, mem_off_heap:0.0, cpu:0.0)"]} for this supervisor sup1 on port 1 with id 88e3dbea-0a71-4d2d-a47b-571704242ceb
105698 [Thread-1106] INFO  o.a.s.config - SET worker-user 88e3dbea-0a71-4d2d-a47b-571704242ceb 
105699 [Thread-1106] INFO  o.a.s.d.supervisor - Launching worker with assignment {:storm-id "test-1-0", :executors [[6 6] [3 3]], :resources #object[org.apache.storm.generated.WorkerResources 0x4fd0d90e "WorkerResources(mem_on_heap:0.0, mem_off_heap:0.0, cpu:0.0)"]} for this supervisor sup1 on port 2 with id 0c20c980-bb82-4c03-a19c-393d1c4d2370
105699 [Thread-1106] INFO  o.a.s.config - SET worker-user 0c20c980-bb82-4c03-a19c-393d1c4d2370 
105700 [Thread-1106] INFO  o.a.s.d.supervisor - 88e3dbea-0a71-4d2d-a47b-571704242ceb still hasn't started
105711 [Thread-1106] INFO  o.a.s.d.supervisor - 88e3dbea-0a71-4d2d-a47b-571704242ceb still hasn't started
105711 [Thread-1108] INFO  o.a.s.d.supervisor - aa1df179-9987-42d9-b5b6-5af91019f101 still hasn't started
105728 [main] INFO  o.a.s.l.ThriftAccessLogger - Request ID: 102 access from:  principal:  operation: submitTopology
105731 [main] INFO  o.a.s.d.nimbus - Received topology submission for test2 with conf {"topology.max.task.parallelism" nil, "topology.submitter.principal" "", "topology.acker.executors" nil, "topology.eventlogger.executors" 0, "topology.workers" 2, "storm.zookeeper.superACL" nil, "topology.users" (), "topology.submitter.user" "travis", "topology.kryo.register" nil, "topology.kryo.decorators" (), "storm.id" "test2-2-2", "topology.name" "test2"}
105734 [main] INFO  o.a.s.d.nimbus - uploadedJar 
105737 [main] INFO  o.a.c.f.i.CuratorFrameworkImpl - Starting
105739 [main-EventThread] INFO  o.a.c.f.s.ConnectionStateManager - State change: CONNECTED
105741 [Curator-Framework-0] INFO  o.a.c.f.i.CuratorFrameworkImpl - backgroundOperationsLoop exiting
105742 [main] INFO  o.a.s.cluster - setup-path/blobstore/test2-2-2-stormconf.ser/testing-worker-linux-docker-e044e418-3372-linux-6.prod.travis-ci.org:6627-1
105747 [main] INFO  o.a.c.f.i.CuratorFrameworkImpl - Starting
105748 [main-EventThread] INFO  o.a.c.f.s.ConnectionStateManager - State change: CONNECTED
105750 [Curator-Framework-0] INFO  o.a.c.f.i.CuratorFrameworkImpl - backgroundOperationsLoop exiting
105751 [main] INFO  o.a.s.cluster - setup-path/blobstore/test2-2-2-stormcode.ser/testing-worker-linux-docker-e044e418-3372-linux-6.prod.travis-ci.org:6627-1
105755 [main] INFO  o.a.s.d.nimbus - desired replication count 1 achieved, current-replication-count for conf key = 1, current-replication-count for code key = 1, current-replication-count for jar key = 1
105772 [main] INFO  o.a.s.d.nimbus - Activating test2: test2-2-2
105780 [main] INFO  o.a.s.l.ThriftAccessLogger - Request ID: 102 access from:  principal:  operation: rebalance
105782 [main] INFO  o.a.s.d.nimbus - Delaying event :do-rebalance for 0 secs for test2-2-2
105895 [timer] INFO  o.a.s.s.EvenScheduler - Available slots: (["sup1" 3] ["sup1" 4] ["sup2" 2])
105898 [timer] INFO  o.a.s.d.nimbus - Setting new assignment for topology id test2-2-2: #org.apache.storm.daemon.common.Assignment{:master-code-dir "/tmp/ac56e701-0a21-4c12-9150-77b11e7fb951", :node->host {"sup1" "testing-worker-linux-docker-e044e418-3372-linux-6.prod.travis-ci.org", "sup2" "testing-worker-linux-docker-e044e418-3372-linux-6.prod.travis-ci.org"}, :executor->node+port {[3 3] ["sup1" 3], [2 2] ["sup2" 2], [5 5] ["sup1" 3], [1 1] ["sup1" 3], [4 4] ["sup2" 2]}, :executor->start-time-secs {[1 1] 3, [3 3] 3, [5 5] 3, [2 2] 3, [4 4] 3}, :worker->resources {["sup1" 3] [0.0 0.0 0.0], ["sup2" 2] [0.0 0.0 0.0]}}
105906 [Thread-1107] INFO  o.a.s.d.supervisor - Downloading code for storm id test2-2-2
105907 [Thread-1107] INFO  o.a.c.f.i.CuratorFrameworkImpl - Starting
105909 [Thread-1105] INFO  o.a.s.d.supervisor - Downloading code for storm id test2-2-2
105909 [Thread-1105] INFO  o.a.c.f.i.CuratorFrameworkImpl - Starting
105911 [Thread-1107] INFO  o.a.s.b.FileBlobStoreImpl - Creating new blob store based in /tmp/ac56e701-0a21-4c12-9150-77b11e7fb951/blobs
105927 [Thread-1107-EventThread] INFO  o.a.c.f.s.ConnectionStateManager - State change: CONNECTED
105927 [Thread-1105-EventThread] INFO  o.a.c.f.s.ConnectionStateManager - State change: CONNECTED
105927 [Thread-1105] INFO  o.a.s.b.FileBlobStoreImpl - Creating new blob store based in /tmp/ac56e701-0a21-4c12-9150-77b11e7fb951/blobs
105936 [Curator-Framework-0] INFO  o.a.c.f.i.CuratorFrameworkImpl - backgroundOperationsLoop exiting
105940 [Thread-1107] INFO  o.a.s.d.supervisor - Copying resources at file:/home/travis/build/apache/storm/storm-core/target/test-classes/resources to /tmp/5c1ac9ba-cd5c-48a3-9526-01ca342903bb/supervisor/stormdist/test2-2-2/resources
105943 [Thread-1107] INFO  o.a.s.d.supervisor - Finished downloading code for storm id test2-2-2
105948 [Thread-1108] INFO  o.a.s.d.supervisor - Launching worker with assignment {:storm-id "test2-2-2", :executors [[2 2] [4 4]], :resources #object[org.apache.storm.generated.WorkerResources 0xf010303 "WorkerResources(mem_on_heap:0.0, mem_off_heap:0.0, cpu:0.0)"]} for this supervisor sup2 on port 2 with id 7cf8fd0d-5b0e-4609-9190-c81d506078f5
105949 [Thread-1108] INFO  o.a.s.config - SET worker-user 7cf8fd0d-5b0e-4609-9190-c81d506078f5 
105950 [Thread-1108] INFO  o.a.s.d.supervisor - 7cf8fd0d-5b0e-4609-9190-c81d506078f5 still hasn't started
105950 [Curator-Framework-0] INFO  o.a.c.f.i.CuratorFrameworkImpl - backgroundOperationsLoop exiting
105954 [Thread-1105] INFO  o.a.s.d.supervisor - Copying resources at file:/home/travis/build/apache/storm/storm-core/target/test-classes/resources to /tmp/1c913975-94b5-4b39-9cc3-9bdffbb00347/supervisor/stormdist/test2-2-2/resources
105957 [Thread-1105] INFO  o.a.s.d.supervisor - Finished downloading code for storm id test2-2-2
105961 [Thread-1106] INFO  o.a.s.d.supervisor - Launching worker with assignment {:storm-id "test2-2-2", :executors [[1 1] [3 3] [5 5]], :resources #object[org.apache.storm.generated.WorkerResources 0x584f50b6 "WorkerResources(mem_on_heap:0.0, mem_off_heap:0.0, cpu:0.0)"]} for this supervisor sup1 on port 3 with id 48045e59-e180-46dd-9168-22499a7e74b0
105961 [Thread-1106] INFO  o.a.s.config - SET worker-user 48045e59-e180-46dd-9168-22499a7e74b0 
105962 [Thread-1106] INFO  o.a.s.d.supervisor - 48045e59-e180-46dd-9168-22499a7e74b0 still hasn't started
105982 [Thread-1106] INFO  o.a.s.d.supervisor - 48045e59-e180-46dd-9168-22499a7e74b0 still hasn't started
105983 [Thread-1108] INFO  o.a.s.d.supervisor - 7cf8fd0d-5b0e-4609-9190-c81d506078f5 still hasn't started
106002 [main] INFO  o.a.s.l.ThriftAccessLogger - Request ID: 102 access from:  principal:  operation: killTopology
106010 [main] INFO  o.a.s.d.nimbus - Delaying event :remove for 40 secs for test-1-0
106014 [main] INFO  o.a.s.d.nimbus - Adding topo to history log: test-1-0
106136 [Thread-1072-spout-executor[7 7]-EventThread] WARN  o.a.c.ConnectionState - Session expired event received
106137 [Thread-1072-spout-executor[7 7]-EventThread] INFO  o.a.c.f.s.ConnectionStateManager - State change: LOST
106138 [Thread-1072-spout-executor[7 7]-EventThread] INFO  o.a.c.f.s.ConnectionStateManager - State change: RECONNECTED
106761 [timer] INFO  o.a.s.d.nimbus - Killing topology: test-1-0
106766 [Thread-1107] INFO  o.a.s.d.supervisor - Removing code for storm id test-1-0
106767 [Thread-1105] INFO  o.a.s.d.supervisor - Removing code for storm id test-1-0
106771 [Thread-1108] INFO  o.a.s.d.supervisor - Shutting down and clearing state for id aa1df179-9987-42d9-b5b6-5af91019f101. Current supervisor time: 44. State: :disallowed, Heartbeat: {:time-secs 36, :storm-id "test-1-0", :executors [[2 2] [5 5]], :port 1}
106771 [Thread-1108] INFO  o.a.s.d.supervisor - Shutting down sup2:aa1df179-9987-42d9-b5b6-5af91019f101
106772 [Thread-1106] INFO  o.a.s.d.supervisor - Shutting down and clearing state for id 88e3dbea-0a71-4d2d-a47b-571704242ceb. Current supervisor time: 44. State: :disallowed, Heartbeat: {:time-secs 36, :storm-id "test-1-0", :executors [[7 7] [1 1] [4 4]], :port 1}
106772 [Thread-1106] INFO  o.a.s.d.supervisor - Shutting down sup1:88e3dbea-0a71-4d2d-a47b-571704242ceb
106772 [Thread-1106] INFO  o.a.s.config - GET worker-user 88e3dbea-0a71-4d2d-a47b-571704242ceb
106774 [Thread-1106] INFO  o.a.s.config - REMOVE worker-user 88e3dbea-0a71-4d2d-a47b-571704242ceb
106774 [Thread-1106] INFO  o.a.s.d.supervisor - Shut down sup1:88e3dbea-0a71-4d2d-a47b-571704242ceb
106774 [Thread-1106] INFO  o.a.s.d.supervisor - Shutting down and clearing state for id 0c20c980-bb82-4c03-a19c-393d1c4d2370. Current supervisor time: 44. State: :disallowed, Heartbeat: {:time-secs 36, :storm-id "test-1-0", :executors [[6 6] [3 3]], :port 2}
106774 [Thread-1106] INFO  o.a.s.d.supervisor - Shutting down sup1:0c20c980-bb82-4c03-a19c-393d1c4d2370
106774 [Thread-1106] INFO  o.a.s.config - GET worker-user 0c20c980-bb82-4c03-a19c-393d1c4d2370
106777 [Thread-1106] WARN  o.a.s.d.supervisor - Failed to cleanup worker 0c20c980-bb82-4c03-a19c-393d1c4d2370. Will retry later #error {
 :cause Unable to delete directory /tmp/1c913975-94b5-4b39-9cc3-9bdffbb00347/workers/0c20c980-bb82-4c03-a19c-393d1c4d2370.
 :via
 [{:type java.io.IOException
   :message Unable to delete directory /tmp/1c913975-94b5-4b39-9cc3-9bdffbb00347/workers/0c20c980-bb82-4c03-a19c-393d1c4d2370.
   :at [org.apache.commons.io.FileUtils deleteDirectory FileUtils.java 1581]}]
 :trace
 [[org.apache.commons.io.FileUtils deleteDirectory FileUtils.java 1581]
  [org.apache.commons.io.FileUtils forceDelete FileUtils.java 2372]
  [org.apache.storm.util$rmr invoke util.clj 568]
  [org.apache.storm.daemon.supervisor$try_cleanup_worker invoke supervisor.clj 265]
  [org.apache.storm.daemon.supervisor$shutdown_worker invoke supervisor.clj 303]
  [org.apache.storm.testing$mk_capture_shutdown_fn$fn__10840 invoke testing.clj 372]
  [org.apache.storm.daemon.supervisor$sync_processes invoke supervisor.clj 427]
  [clojure.core$partial$fn__4527 invoke core.clj 2492]
  [org.apache.storm.event$event_manager$fn__9913 invoke event.clj 40]
  [clojure.lang.AFn run AFn.java 22]
  [java.lang.Thread run Thread.java 745]]}
106777 [Thread-1106] INFO  o.a.s.d.supervisor - Shut down sup1:0c20c980-bb82-4c03-a19c-393d1c4d2370
106779 [Thread-1108] INFO  o.a.s.config - GET worker-user aa1df179-9987-42d9-b5b6-5af91019f101
106780 [Thread-1108] INFO  o.a.s.config - REMOVE worker-user aa1df179-9987-42d9-b5b6-5af91019f101
106781 [Thread-1108] INFO  o.a.s.d.supervisor - Shut down sup2:aa1df179-9987-42d9-b5b6-5af91019f101
106804 [Thread-1106] INFO  o.a.s.d.supervisor - Shutting down and clearing state for id 0c20c980-bb82-4c03-a19c-393d1c4d2370. Current supervisor time: 44. State: :not-started, Heartbeat: nil
106804 [Thread-1106] INFO  o.a.s.d.supervisor - Shutting down sup1:0c20c980-bb82-4c03-a19c-393d1c4d2370
106804 [Thread-1106] INFO  o.a.s.config - GET worker-user 0c20c980-bb82-4c03-a19c-393d1c4d2370
106806 [Thread-1106] INFO  o.a.s.config - REMOVE worker-user 0c20c980-bb82-4c03-a19c-393d1c4d2370
106806 [Thread-1106] INFO  o.a.s.d.supervisor - Shut down sup1:0c20c980-bb82-4c03-a19c-393d1c4d2370
106834 [Thread-1078-spout-executor[6 6]-EventThread] WARN  o.a.c.ConnectionState - Session expired event received
106837 [Thread-1078-spout-executor[6 6]-EventThread] INFO  o.a.c.f.s.ConnectionStateManager - State change: LOST
106838 [Thread-1078-spout-executor[6 6]-EventThread] INFO  o.a.c.f.s.ConnectionStateManager - State change: RECONNECTED
            
--------------------------------------------------
Checking ./storm-core/target/test-reports/org.apache.storm.submitter-test.xml
Checking ./storm-core/target/test-reports/integration.org.apache.storm.trident.integration-test.xml
Checking ./storm-core/target/test-reports/org.apache.storm.versioned-store-test.xml
Checking ./storm-core/target/test-reports/org.apache.storm.cluster-test.xml
Checking ./storm-core/target/test-reports/org.apache.storm.security.auth.authorizer.DRPCSimpleACLAuthorizer-test.xml
Checking ./storm-core/target/test-reports/org.apache.storm.nimbus-test.xml
Checking ./storm-core/target/test-reports/org.apache.storm.pacemaker-test.xml
Checking ./storm-core/target/test-reports/org.apache.storm.security.auth.auto-login-module-test.xml
Checking ./storm-core/target/test-reports/org.apache.storm.grouping-test.xml
Checking ./storm-core/target/test-reports/org.apache.storm.security.auth.SaslTransportPlugin-test.xml
Checking ./storm-core/target/test-reports/org.apache.storm.serialization-test.xml
Checking ./storm-core/target/test-reports/org.apache.storm.worker-test.xml
Checking ./storm-core/target/test-reports/org.apache.storm.security.auth.nimbus-auth-test.xml
Checking ./storm-core/target/test-reports/org.apache.storm.local-state-test.xml
Checking ./storm-core/target/test-reports/org.apache.storm.scheduler-test.xml
Checking ./storm-core/target/test-reports/integration.org.apache.storm.testing4j-test.xml
Checking ./storm-core/target/test-reports/org.apache.storm.security.auth.ThriftClient-test.xml
Checking ./storm-core/target/test-reports/org.apache.storm.tick-tuple-test.xml
Checking ./storm-core/target/test-reports/org.apache.storm.scheduler.multitenant-scheduler-test.xml
Checking ./storm-core/target/test-reports/org.apache.storm.trident.tuple-test.xml
Checking ./storm-core/target/test-reports/org.apache.storm.drpc-test.xml
Checking ./storm-core/target/test-reports/org.apache.storm.security.auth.ThriftServer-test.xml
Checking ./storm-core/target/test-reports/org.apache.storm.messaging.netty-unit-test.xml

travis_time:end:01b50c90:start=1466792701434290962,finish=1466793113332201126,duration=411897910164[0K
[31;1mThe command "/bin/bash ./dev-tools/travis/travis-script.sh `pwd` $MODULES" exited with 1.[0m
travis_fold:start:cache.2[0Kstore build cache
travis_time:start:2249d3fd[0K
travis_time:end:2249d3fd:start=1466793113336468415,finish=1466793113339854691,duration=3386276[0Ktravis_time:start:0156c298[0K[32;1mchange detected (content changed, file is created, or file is deleted):
/home/travis/.m2/repository/eigenbase/eigenbase-properties/1.1.4/eigenbase-properties-1.1.4.pom.lastUpdated
/home/travis/.m2/repository/io/confluent/kafka-avro-serializer/1.0/kafka-avro-serializer-1.0.pom.lastUpdated
/home/travis/.m2/repository/io/confluent/kafka-schema-registry-client/1.0/kafka-schema-registry-client-1.0.pom.lastUpdated
/home/travis/.m2/repository/net/hydromatic/linq4j/0.4/linq4j-0.4.pom.lastUpdated
/home/travis/.m2/repository/net/hydromatic/quidem/0.1.1/quidem-0.1.1.pom.lastUpdated
/home/travis/.m2/repository/org/apache/storm/flux/1.1.0-SNAPSHOT/maven-metadata-local.xml
/home/travis/.m2/repository/org/apache/storm/flux/1.1.0-SNAPSHOT/_remote.repositories
/home/travis/.m2/repository/org/apache/storm/flux-core/1.1.0-SNAPSHOT/flux-core-1.1.0-SNAPSHOT.jar
/home/travis/.m2/repository/org/apache/storm/flux-core/1.1.0-SNAPSHOT/maven-metadata-local.xml
/home/travis/.m2/repository/org/apache/storm/flux-core/1.1.0-SNAPSHOT/_remote.repositories
/home/travis/.m2/repository/org/ap
[0m
[32;1m...
[0m
[32;1mchanges detected, packing new archive[0m
.
.
.
.
.
.
.
.
.
.
.
[32;1muploading archive[0m

travis_time:end:0156c298:start=1466793113343732522,finish=1466793210890677265,duration=97546944743[0Ktravis_fold:end:cache.2[0K
Done. Your build exited with 1.
