Using worker: worker-linux-docker-ca13a732.prod.travis-ci.org:travis-linux-6

travis_fold:start:system_info[0K[33;1mBuild system information[0m
Build language: java
Build group: stable
Build dist: precise
[34m[1mBuild image provisioning date and time[0m
Thu Feb  5 15:09:33 UTC 2015
[34m[1mOperating System Details[0m
Distributor ID:	Ubuntu
Description:	Ubuntu 12.04.5 LTS
Release:	12.04
Codename:	precise
[34m[1mLinux Version[0m
3.13.0-29-generic
[34m[1mCookbooks Version[0m
a68419e https://github.com/travis-ci/travis-cookbooks/tree/a68419e
[34m[1mGCC version[0m
gcc (Ubuntu/Linaro 4.6.3-1ubuntu5) 4.6.3
Copyright (C) 2011 Free Software Foundation, Inc.
This is free software; see the source for copying conditions.  There is NO
warranty; not even for MERCHANTABILITY or FITNESS FOR A PARTICULAR PURPOSE.

[34m[1mLLVM version[0m
clang version 3.4 (tags/RELEASE_34/final)
Target: x86_64-unknown-linux-gnu
Thread model: posix
[34m[1mPre-installed Ruby versions[0m
ruby-1.9.3-p551
[34m[1mPre-installed Node.js versions[0m
v0.10.36
[34m[1mPre-installed Go versions[0m
1.4.1
[34m[1mRedis version[0m
redis-server 2.8.19
[34m[1mriak version[0m
2.0.2
[34m[1mMongoDB version[0m
MongoDB 2.4.12
[34m[1mCouchDB version[0m
couchdb 1.6.1
[34m[1mNeo4j version[0m
1.9.4
[34m[1mRabbitMQ Version[0m
3.4.3
[34m[1mElasticSearch version[0m
1.4.0
[34m[1mInstalled Sphinx versions[0m
2.0.10
2.1.9
2.2.6
[34m[1mDefault Sphinx version[0m
2.2.6
[34m[1mInstalled Firefox version[0m
firefox 31.0esr
[34m[1mPhantomJS version[0m
1.9.8
[34m[1mant -version[0m
Apache Ant(TM) version 1.8.2 compiled on December 3 2011
[34m[1mmvn -version[0m
Apache Maven 3.2.5 (12a6b3acb947671f09b81f49094c53f426d8cea1; 2014-12-14T17:29:23+00:00)
Maven home: /usr/local/maven
Java version: 1.7.0_76, vendor: Oracle Corporation
Java home: /usr/lib/jvm/java-7-oracle/jre
Default locale: en_US, platform encoding: ANSI_X3.4-1968
OS name: "linux", version: "3.13.0-29-generic", arch: "amd64", family: "unix"
travis_fold:end:system_info[0K
travis_fold:start:fix.CVE-2015-7547[0K$ export DEBIAN_FRONTEND=noninteractive
W: Size of file /var/lib/apt/lists/us.archive.ubuntu.com_ubuntu_dists_precise-backports_multiverse_source_Sources.gz is not what the server reported 5886 5888
W: Size of file /var/lib/apt/lists/ppa.launchpad.net_ubuntugis_ppa_ubuntu_dists_precise_main_binary-amd64_Packages.gz is not what the server reported 36669 36677
W: Size of file /var/lib/apt/lists/ppa.launchpad.net_ubuntugis_ppa_ubuntu_dists_precise_main_binary-i386_Packages.gz is not what the server reported 36729 36733
Reading package lists...
Building dependency tree...
Reading state information...
The following extra packages will be installed:
  libc-bin libc-dev-bin libc6-dev
Suggested packages:
  glibc-doc
The following packages will be upgraded:
  libc-bin libc-dev-bin libc6 libc6-dev
4 upgraded, 0 newly installed, 0 to remove and 248 not upgraded.
Need to get 8,840 kB of archives.
After this operation, 14.3 kB disk space will be freed.
Get:1 http://us.archive.ubuntu.com/ubuntu/ precise-updates/main libc6-dev amd64 2.15-0ubuntu10.15 [2,943 kB]
Get:2 http://us.archive.ubuntu.com/ubuntu/ precise-updates/main libc-dev-bin amd64 2.15-0ubuntu10.15 [84.7 kB]
Get:3 http://us.archive.ubuntu.com/ubuntu/ precise-updates/main libc-bin amd64 2.15-0ubuntu10.15 [1,177 kB]
Get:4 http://us.archive.ubuntu.com/ubuntu/ precise-updates/main libc6 amd64 2.15-0ubuntu10.15 [4,636 kB]
Fetched 8,840 kB in 0s (36.8 MB/s)
Preconfiguring packages ...
(Reading database ... (Reading database ... 5%(Reading database ... 10%(Reading database ... 15%(Reading database ... 20%(Reading database ... 25%(Reading database ... 30%(Reading database ... 35%(Reading database ... 40%(Reading database ... 45%(Reading database ... 50%(Reading database ... 55%(Reading database ... 60%(Reading database ... 65%(Reading database ... 70%(Reading database ... 75%(Reading database ... 80%(Reading database ... 85%(Reading database ... 90%(Reading database ... 95%(Reading database ... 100%(Reading database ... 72019 files and directories currently installed.)
Preparing to replace libc6-dev 2.15-0ubuntu10.10 (using .../libc6-dev_2.15-0ubuntu10.15_amd64.deb) ...
Unpacking replacement libc6-dev ...
Preparing to replace libc-dev-bin 2.15-0ubuntu10.10 (using .../libc-dev-bin_2.15-0ubuntu10.15_amd64.deb) ...
Unpacking replacement libc-dev-bin ...
Preparing to replace libc-bin 2.15-0ubuntu10.10 (using .../libc-bin_2.15-0ubuntu10.15_amd64.deb) ...
Unpacking replacement libc-bin ...
Processing triggers for man-db ...
Setting up libc-bin (2.15-0ubuntu10.15) ...
(Reading database ... (Reading database ... 5%(Reading database ... 10%(Reading database ... 15%(Reading database ... 20%(Reading database ... 25%(Reading database ... 30%(Reading database ... 35%(Reading database ... 40%(Reading database ... 45%(Reading database ... 50%(Reading database ... 55%(Reading database ... 60%(Reading database ... 65%(Reading database ... 70%(Reading database ... 75%(Reading database ... 80%(Reading database ... 85%(Reading database ... 90%(Reading database ... 95%(Reading database ... 100%(Reading database ... 72018 files and directories currently installed.)
Preparing to replace libc6 2.15-0ubuntu10.10 (using .../libc6_2.15-0ubuntu10.15_amd64.deb) ...
Unpacking replacement libc6 ...
Setting up libc6 (2.15-0ubuntu10.15) ...
Setting up libc-dev-bin (2.15-0ubuntu10.15) ...
Setting up libc6-dev (2.15-0ubuntu10.15) ...
Processing triggers for libc-bin ...
ldconfig deferred processing now taking place
travis_fold:end:fix.CVE-2015-7547[0Ktravis_fold:start:git.checkout[0Ktravis_time:start:01515f65[0K$ git clone --depth=50 https://github.com/apache/storm.git apache/storm
Cloning into 'apache/storm'...
remote: Counting objects: 24238, done.[K
remote: Compressing objects:   0% (1/9542)   [Kremote: Compressing objects:   1% (96/9542)   [Kremote: Compressing objects:   2% (191/9542)   [Kremote: Compressing objects:   3% (287/9542)   [Kremote: Compressing objects:   4% (382/9542)   [Kremote: Compressing objects:   5% (478/9542)   [Kremote: Compressing objects:   6% (573/9542)   [Kremote: Compressing objects:   7% (668/9542)   [Kremote: Compressing objects:   8% (764/9542)   [Kremote: Compressing objects:   9% (859/9542)   [Kremote: Compressing objects:  10% (955/9542)   [Kremote: Compressing objects:  11% (1050/9542)   [Kremote: Compressing objects:  12% (1146/9542)   [Kremote: Compressing objects:  13% (1241/9542)   [Kremote: Compressing objects:  14% (1336/9542)   [Kremote: Compressing objects:  15% (1432/9542)   [Kremote: Compressing objects:  16% (1527/9542)   [Kremote: Compressing objects:  17% (1623/9542)   [Kremote: Compressing objects:  18% (1718/9542)   [Kremote: Compressing objects:  19% (1813/9542)   [Kremote: Compressing objects:  20% (1909/9542)   [Kremote: Compressing objects:  21% (2004/9542)   [Kremote: Compressing objects:  22% (2100/9542)   [Kremote: Compressing objects:  23% (2195/9542)   [Kremote: Compressing objects:  24% (2291/9542)   [Kremote: Compressing objects:  25% (2386/9542)   [Kremote: Compressing objects:  26% (2481/9542)   [Kremote: Compressing objects:  27% (2577/9542)   [Kremote: Compressing objects:  28% (2672/9542)   [Kremote: Compressing objects:  29% (2768/9542)   [Kremote: Compressing objects:  30% (2863/9542)   [Kremote: Compressing objects:  31% (2959/9542)   [Kremote: Compressing objects:  32% (3054/9542)   [Kremote: Compressing objects:  33% (3149/9542)   [Kremote: Compressing objects:  34% (3245/9542)   [Kremote: Compressing objects:  35% (3340/9542)   [Kremote: Compressing objects:  36% (3436/9542)   [Kremote: Compressing objects:  37% (3531/9542)   [Kremote: Compressing objects:  38% (3626/9542)   [Kremote: Compressing objects:  39% (3722/9542)   [Kremote: Compressing objects:  40% (3817/9542)   [Kremote: Compressing objects:  41% (3913/9542)   [Kremote: Compressing objects:  42% (4008/9542)   [Kremote: Compressing objects:  43% (4104/9542)   [Kremote: Compressing objects:  44% (4199/9542)   [Kremote: Compressing objects:  45% (4294/9542)   [Kremote: Compressing objects:  46% (4390/9542)   [Kremote: Compressing objects:  47% (4485/9542)   [Kremote: Compressing objects:  48% (4581/9542)   [Kremote: Compressing objects:  49% (4676/9542)   [Kremote: Compressing objects:  50% (4771/9542)   [Kremote: Compressing objects:  51% (4867/9542)   [Kremote: Compressing objects:  52% (4962/9542)   [Kremote: Compressing objects:  53% (5058/9542)   [Kremote: Compressing objects:  54% (5153/9542)   [Kremote: Compressing objects:  55% (5249/9542)   [Kremote: Compressing objects:  56% (5344/9542)   [Kremote: Compressing objects:  57% (5439/9542)   [Kremote: Compressing objects:  58% (5535/9542)   [Kremote: Compressing objects:  59% (5630/9542)   [Kremote: Compressing objects:  60% (5726/9542)   [Kremote: Compressing objects:  61% (5821/9542)   [Kremote: Compressing objects:  62% (5917/9542)   [Kremote: Compressing objects:  63% (6012/9542)   [Kremote: Compressing objects:  64% (6107/9542)   [Kremote: Compressing objects:  65% (6203/9542)   [Kremote: Compressing objects:  66% (6298/9542)   [Kremote: Compressing objects:  67% (6394/9542)   [Kremote: Compressing objects:  68% (6489/9542)   [Kremote: Compressing objects:  69% (6584/9542)   [Kremote: Compressing objects:  70% (6680/9542)   [Kremote: Compressing objects:  71% (6775/9542)   [Kremote: Compressing objects:  72% (6871/9542)   [Kremote: Compressing objects:  73% (6966/9542)   [Kremote: Compressing objects:  74% (7062/9542)   [Kremote: Compressing objects:  75% (7157/9542)   [Kremote: Compressing objects:  76% (7252/9542)   [Kremote: Compressing objects:  77% (7348/9542)   [Kremote: Compressing objects:  78% (7443/9542)   [Kremote: Compressing objects:  79% (7539/9542)   [Kremote: Compressing objects:  80% (7634/9542)   [Kremote: Compressing objects:  81% (7730/9542)   [Kremote: Compressing objects:  82% (7825/9542)   [Kremote: Compressing objects:  83% (7920/9542)   [Kremote: Compressing objects:  84% (8016/9542)   [Kremote: Compressing objects:  85% (8111/9542)   [Kremote: Compressing objects:  86% (8207/9542)   [Kremote: Compressing objects:  87% (8302/9542)   [Kremote: Compressing objects:  88% (8397/9542)   [Kremote: Compressing objects:  89% (8493/9542)   [Kremote: Compressing objects:  90% (8588/9542)   [Kremote: Compressing objects:  91% (8684/9542)   [Kremote: Compressing objects:  92% (8779/9542)   [Kremote: Compressing objects:  93% (8875/9542)   [Kremote: Compressing objects:  94% (8970/9542)   [Kremote: Compressing objects:  95% (9065/9542)   [Kremote: Compressing objects:  96% (9161/9542)   [Kremote: Compressing objects:  97% (9256/9542)   [Kremote: Compressing objects:  98% (9352/9542)   [Kremote: Compressing objects:  99% (9447/9542)   [Kremote: Compressing objects: 100% (9542/9542)   [Kremote: Compressing objects: 100% (9542/9542), done.[K
Receiving objects:   0% (1/24238)   Receiving objects:   1% (243/24238)   Receiving objects:   2% (485/24238)   Receiving objects:   3% (728/24238)   Receiving objects:   4% (970/24238)   Receiving objects:   5% (1212/24238)   Receiving objects:   6% (1455/24238)   Receiving objects:   7% (1697/24238)   Receiving objects:   8% (1940/24238)   Receiving objects:   9% (2182/24238)   Receiving objects:  10% (2424/24238)   Receiving objects:  11% (2667/24238)   Receiving objects:  12% (2909/24238)   Receiving objects:  13% (3151/24238)   Receiving objects:  14% (3394/24238)   Receiving objects:  15% (3636/24238)   Receiving objects:  16% (3879/24238)   Receiving objects:  17% (4121/24238)   Receiving objects:  18% (4363/24238)   Receiving objects:  19% (4606/24238)   Receiving objects:  20% (4848/24238)   Receiving objects:  21% (5090/24238)   Receiving objects:  22% (5333/24238)   Receiving objects:  23% (5575/24238)   Receiving objects:  24% (5818/24238)   Receiving objects:  25% (6060/24238)   Receiving objects:  26% (6302/24238)   Receiving objects:  27% (6545/24238)   Receiving objects:  28% (6787/24238)   Receiving objects:  29% (7030/24238)   Receiving objects:  30% (7272/24238)   Receiving objects:  31% (7514/24238)   Receiving objects:  32% (7757/24238)   Receiving objects:  33% (7999/24238)   Receiving objects:  34% (8241/24238)   Receiving objects:  35% (8484/24238)   Receiving objects:  36% (8726/24238)   Receiving objects:  37% (8969/24238)   Receiving objects:  38% (9211/24238)   Receiving objects:  39% (9453/24238)   Receiving objects:  40% (9696/24238)   Receiving objects:  41% (9938/24238)   Receiving objects:  42% (10180/24238)   Receiving objects:  43% (10423/24238)   Receiving objects:  44% (10665/24238)   Receiving objects:  45% (10908/24238)   Receiving objects:  46% (11150/24238)   Receiving objects:  47% (11392/24238)   Receiving objects:  48% (11635/24238)   Receiving objects:  49% (11877/24238)   Receiving objects:  50% (12119/24238)   Receiving objects:  51% (12362/24238)   Receiving objects:  52% (12604/24238)   Receiving objects:  53% (12847/24238)   Receiving objects:  54% (13089/24238)   Receiving objects:  55% (13331/24238)   Receiving objects:  56% (13574/24238)   Receiving objects:  57% (13816/24238)   Receiving objects:  58% (14059/24238)   Receiving objects:  59% (14301/24238)   Receiving objects:  60% (14543/24238)   Receiving objects:  61% (14786/24238)   Receiving objects:  62% (15028/24238)   Receiving objects:  63% (15270/24238)   Receiving objects:  64% (15513/24238)   Receiving objects:  65% (15755/24238), 13.18 MiB | 26.31 MiB/s   Receiving objects:  66% (15998/24238), 13.18 MiB | 26.31 MiB/s   Receiving objects:  67% (16240/24238), 13.18 MiB | 26.31 MiB/s   Receiving objects:  68% (16482/24238), 13.18 MiB | 26.31 MiB/s   Receiving objects:  69% (16725/24238), 13.18 MiB | 26.31 MiB/s   Receiving objects:  70% (16967/24238), 13.18 MiB | 26.31 MiB/s   Receiving objects:  71% (17209/24238), 13.18 MiB | 26.31 MiB/s   Receiving objects:  72% (17452/24238), 13.18 MiB | 26.31 MiB/s   Receiving objects:  73% (17694/24238), 13.18 MiB | 26.31 MiB/s   Receiving objects:  74% (17937/24238), 13.18 MiB | 26.31 MiB/s   Receiving objects:  75% (18179/24238), 13.18 MiB | 26.31 MiB/s   Receiving objects:  76% (18421/24238), 13.18 MiB | 26.31 MiB/s   Receiving objects:  77% (18664/24238), 13.18 MiB | 26.31 MiB/s   Receiving objects:  78% (18906/24238), 13.18 MiB | 26.31 MiB/s   Receiving objects:  79% (19149/24238), 13.18 MiB | 26.31 MiB/s   Receiving objects:  80% (19391/24238), 13.18 MiB | 26.31 MiB/s   Receiving objects:  81% (19633/24238), 13.18 MiB | 26.31 MiB/s   Receiving objects:  82% (19876/24238), 13.18 MiB | 26.31 MiB/s   Receiving objects:  83% (20118/24238), 13.18 MiB | 26.31 MiB/s   Receiving objects:  84% (20360/24238), 13.18 MiB | 26.31 MiB/s   Receiving objects:  85% (20603/24238), 13.18 MiB | 26.31 MiB/s   Receiving objects:  86% (20845/24238), 13.18 MiB | 26.31 MiB/s   Receiving objects:  87% (21088/24238), 13.18 MiB | 26.31 MiB/s   Receiving objects:  88% (21330/24238), 13.18 MiB | 26.31 MiB/s   Receiving objects:  89% (21572/24238), 13.18 MiB | 26.31 MiB/s   Receiving objects:  90% (21815/24238), 13.18 MiB | 26.31 MiB/s   Receiving objects:  91% (22057/24238), 13.18 MiB | 26.31 MiB/s   Receiving objects:  92% (22299/24238), 13.18 MiB | 26.31 MiB/s   Receiving objects:  93% (22542/24238), 13.18 MiB | 26.31 MiB/s   Receiving objects:  94% (22784/24238), 13.18 MiB | 26.31 MiB/s   Receiving objects:  95% (23027/24238), 13.18 MiB | 26.31 MiB/s   Receiving objects:  96% (23269/24238), 13.18 MiB | 26.31 MiB/s   Receiving objects:  97% (23511/24238), 13.18 MiB | 26.31 MiB/s   Receiving objects:  98% (23754/24238), 13.18 MiB | 26.31 MiB/s   remote: Total 24238 (delta 11996), reused 21252 (delta 9516), pack-reused 0[K
Receiving objects:  99% (23996/24238), 13.18 MiB | 26.31 MiB/s   Receiving objects: 100% (24238/24238), 13.18 MiB | 26.31 MiB/s   Receiving objects: 100% (24238/24238), 18.02 MiB | 26.31 MiB/s, done.
Resolving deltas:   0% (0/11996)   Resolving deltas:   1% (124/11996)   Resolving deltas:   2% (284/11996)   Resolving deltas:   3% (365/11996)   Resolving deltas:   4% (480/11996)   Resolving deltas:   5% (603/11996)   Resolving deltas:   6% (731/11996)   Resolving deltas:   7% (848/11996)   Resolving deltas:   8% (964/11996)   Resolving deltas:   9% (1090/11996)   Resolving deltas:  10% (1200/11996)   Resolving deltas:  11% (1321/11996)   Resolving deltas:  12% (1445/11996)   Resolving deltas:  13% (1562/11996)   Resolving deltas:  14% (1698/11996)   Resolving deltas:  15% (1800/11996)   Resolving deltas:  16% (1922/11996)   Resolving deltas:  17% (2040/11996)   Resolving deltas:  18% (2171/11996)   Resolving deltas:  19% (2285/11996)   Resolving deltas:  20% (2400/11996)   Resolving deltas:  21% (2521/11996)   Resolving deltas:  23% (2810/11996)   Resolving deltas:  24% (2892/11996)   Resolving deltas:  25% (3002/11996)   Resolving deltas:  26% (3188/11996)   Resolving deltas:  27% (3240/11996)   Resolving deltas:  28% (3411/11996)   Resolving deltas:  29% (3598/11996)   Resolving deltas:  30% (3609/11996)   Resolving deltas:  31% (3723/11996)   Resolving deltas:  32% (3840/11996)   Resolving deltas:  33% (3961/11996)   Resolving deltas:  34% (4079/11996)   Resolving deltas:  35% (4217/11996)   Resolving deltas:  36% (4329/11996)   Resolving deltas:  37% (4439/11996)   Resolving deltas:  38% (4560/11996)   Resolving deltas:  39% (4679/11996)   Resolving deltas:  40% (4801/11996)   Resolving deltas:  41% (4922/11996)   Resolving deltas:  42% (5043/11996)   Resolving deltas:  43% (5162/11996)   Resolving deltas:  44% (5283/11996)   Resolving deltas:  45% (5406/11996)   Resolving deltas:  46% (5520/11996)   Resolving deltas:  47% (5640/11996)   Resolving deltas:  48% (5770/11996)   Resolving deltas:  49% (5895/11996)   Resolving deltas:  50% (6004/11996)   Resolving deltas:  51% (6125/11996)   Resolving deltas:  52% (6247/11996)   Resolving deltas:  53% (6363/11996)   Resolving deltas:  54% (6495/11996)   Resolving deltas:  55% (6599/11996)   Resolving deltas:  56% (6718/11996)   Resolving deltas:  57% (6841/11996)   Resolving deltas:  58% (6971/11996)   Resolving deltas:  59% (7171/11996)   Resolving deltas:  60% (7200/11996)   Resolving deltas:  61% (7352/11996)   Resolving deltas:  62% (7442/11996)   Resolving deltas:  63% (7559/11996)   Resolving deltas:  64% (7717/11996)   Resolving deltas:  65% (7800/11996)   Resolving deltas:  66% (8010/11996)   Resolving deltas:  67% (8053/11996)   Resolving deltas:  69% (8308/11996)   Resolving deltas:  70% (8400/11996)   Resolving deltas:  71% (8611/11996)   Resolving deltas:  72% (8641/11996)   Resolving deltas:  73% (8766/11996)   Resolving deltas:  74% (8917/11996)   Resolving deltas:  75% (8997/11996)   Resolving deltas:  76% (9126/11996)   Resolving deltas:  77% (9237/11996)   Resolving deltas:  78% (9376/11996)   Resolving deltas:  79% (9514/11996)   Resolving deltas:  80% (9597/11996)   Resolving deltas:  82% (9867/11996)   Resolving deltas:  83% (9974/11996)   Resolving deltas:  84% (10077/11996)   Resolving deltas:  85% (10203/11996)   Resolving deltas:  86% (10336/11996)   Resolving deltas:  87% (10468/11996)   Resolving deltas:  88% (10573/11996)   Resolving deltas:  89% (10716/11996)   Resolving deltas:  90% (10807/11996)   Resolving deltas:  91% (10919/11996)   Resolving deltas:  92% (11041/11996)   Resolving deltas:  94% (11344/11996)   Resolving deltas:  95% (11398/11996)   Resolving deltas:  96% (11517/11996)   Resolving deltas:  97% (11655/11996)   Resolving deltas:  98% (11757/11996)   Resolving deltas:  99% (11880/11996)   Resolving deltas: 100% (11996/11996)   Resolving deltas: 100% (11996/11996), done.
Checking connectivity... done.

travis_time:end:01515f65:start=1467921871395107280,finish=1467921874315299838,duration=2920192558[0K$ cd apache/storm
travis_time:start:23a46e20[0K$ git fetch origin +refs/pull/1507/merge:
remote: Counting objects: 98, done.[K
remote: Compressing objects:   2% (1/49)   [Kremote: Compressing objects:   4% (2/49)   [Kremote: Compressing objects:   6% (3/49)   [Kremote: Compressing objects:   8% (4/49)   [Kremote: Compressing objects:  10% (5/49)   [Kremote: Compressing objects:  12% (6/49)   [Kremote: Compressing objects:  14% (7/49)   [Kremote: Compressing objects:  16% (8/49)   [Kremote: Compressing objects:  18% (9/49)   [Kremote: Compressing objects:  20% (10/49)   [Kremote: Compressing objects:  22% (11/49)   [Kremote: Compressing objects:  24% (12/49)   [Kremote: Compressing objects:  26% (13/49)   [Kremote: Compressing objects:  28% (14/49)   [Kremote: Compressing objects:  30% (15/49)   [Kremote: Compressing objects:  32% (16/49)   [Kremote: Compressing objects:  34% (17/49)   [Kremote: Compressing objects:  36% (18/49)   [Kremote: Compressing objects:  38% (19/49)   [Kremote: Compressing objects:  40% (20/49)   [Kremote: Compressing objects:  42% (21/49)   [Kremote: Compressing objects:  44% (22/49)   [Kremote: Compressing objects:  46% (23/49)   [Kremote: Compressing objects:  48% (24/49)   [Kremote: Compressing objects:  51% (25/49)   [Kremote: Compressing objects:  53% (26/49)   [Kremote: Compressing objects:  55% (27/49)   [Kremote: Compressing objects:  57% (28/49)   [Kremote: Compressing objects:  59% (29/49)   [Kremote: Compressing objects:  61% (30/49)   [Kremote: Compressing objects:  63% (31/49)   [Kremote: Compressing objects:  65% (32/49)   [Kremote: Compressing objects:  67% (33/49)   [Kremote: Compressing objects:  69% (34/49)   [Kremote: Compressing objects:  71% (35/49)   [Kremote: Compressing objects:  73% (36/49)   [Kremote: Compressing objects:  75% (37/49)   [Kremote: Compressing objects:  77% (38/49)   [Kremote: Compressing objects:  79% (39/49)   [Kremote: Compressing objects:  81% (40/49)   [Kremote: Compressing objects:  83% (41/49)   [Kremote: Compressing objects:  85% (42/49)   [Kremote: Compressing objects:  87% (43/49)   [Kremote: Compressing objects:  89% (44/49)   [Kremote: Compressing objects:  91% (45/49)   [Kremote: Compressing objects:  93% (46/49)   [Kremote: Compressing objects:  95% (47/49)   [Kremote: Compressing objects:  97% (48/49)   [Kremote: Compressing objects: 100% (49/49)   [Kremote: Compressing objects: 100% (49/49), done.[K
remote: Total 98 (delta 47), reused 61 (delta 21), pack-reused 0[K
Unpacking objects:   1% (1/98)   Unpacking objects:   2% (2/98)   Unpacking objects:   3% (3/98)   Unpacking objects:   4% (4/98)   Unpacking objects:   5% (5/98)   Unpacking objects:   6% (6/98)   Unpacking objects:   7% (7/98)   Unpacking objects:   8% (8/98)   Unpacking objects:   9% (9/98)   Unpacking objects:  10% (10/98)   Unpacking objects:  11% (11/98)   Unpacking objects:  12% (12/98)   Unpacking objects:  13% (13/98)   Unpacking objects:  14% (14/98)   Unpacking objects:  15% (15/98)   Unpacking objects:  16% (16/98)   Unpacking objects:  17% (17/98)   Unpacking objects:  18% (18/98)   Unpacking objects:  19% (19/98)   Unpacking objects:  20% (20/98)   Unpacking objects:  21% (21/98)   Unpacking objects:  22% (22/98)   Unpacking objects:  23% (23/98)   Unpacking objects:  24% (24/98)   Unpacking objects:  25% (25/98)   Unpacking objects:  26% (26/98)   Unpacking objects:  27% (27/98)   Unpacking objects:  28% (28/98)   Unpacking objects:  29% (29/98)   Unpacking objects:  30% (30/98)   Unpacking objects:  31% (31/98)   Unpacking objects:  32% (32/98)   Unpacking objects:  33% (33/98)   Unpacking objects:  34% (34/98)   Unpacking objects:  35% (35/98)   Unpacking objects:  36% (36/98)   Unpacking objects:  37% (37/98)   Unpacking objects:  38% (38/98)   Unpacking objects:  39% (39/98)   Unpacking objects:  40% (40/98)   Unpacking objects:  41% (41/98)   Unpacking objects:  42% (42/98)   Unpacking objects:  43% (43/98)   Unpacking objects:  44% (44/98)   Unpacking objects:  45% (45/98)   Unpacking objects:  46% (46/98)   Unpacking objects:  47% (47/98)   Unpacking objects:  48% (48/98)   Unpacking objects:  50% (49/98)   Unpacking objects:  51% (50/98)   Unpacking objects:  52% (51/98)   Unpacking objects:  53% (52/98)   Unpacking objects:  54% (53/98)   Unpacking objects:  55% (54/98)   Unpacking objects:  56% (55/98)   Unpacking objects:  57% (56/98)   Unpacking objects:  58% (57/98)   Unpacking objects:  59% (58/98)   Unpacking objects:  60% (59/98)   Unpacking objects:  61% (60/98)   Unpacking objects:  62% (61/98)   Unpacking objects:  63% (62/98)   Unpacking objects:  64% (63/98)   Unpacking objects:  65% (64/98)   Unpacking objects:  66% (65/98)   Unpacking objects:  67% (66/98)   Unpacking objects:  68% (67/98)   Unpacking objects:  69% (68/98)   Unpacking objects:  70% (69/98)   Unpacking objects:  71% (70/98)   Unpacking objects:  72% (71/98)   Unpacking objects:  73% (72/98)   Unpacking objects:  74% (73/98)   Unpacking objects:  75% (74/98)   Unpacking objects:  76% (75/98)   Unpacking objects:  77% (76/98)   Unpacking objects:  78% (77/98)   Unpacking objects:  79% (78/98)   Unpacking objects:  80% (79/98)   Unpacking objects:  81% (80/98)   Unpacking objects:  82% (81/98)   Unpacking objects:  83% (82/98)   Unpacking objects:  84% (83/98)   Unpacking objects:  85% (84/98)   Unpacking objects:  86% (85/98)   Unpacking objects:  87% (86/98)   Unpacking objects:  88% (87/98)   Unpacking objects:  89% (88/98)   Unpacking objects:  90% (89/98)   Unpacking objects:  91% (90/98)   Unpacking objects:  92% (91/98)   Unpacking objects:  93% (92/98)   Unpacking objects:  94% (93/98)   Unpacking objects:  95% (94/98)   Unpacking objects:  96% (95/98)   Unpacking objects:  97% (96/98)   Unpacking objects:  98% (97/98)   Unpacking objects: 100% (98/98)   Unpacking objects: 100% (98/98), done.
From https://github.com/apache/storm
 * branch            refs/pull/1507/merge -> FETCH_HEAD

travis_time:end:23a46e20:start=1467921874319184710,finish=1467921874739269322,duration=420084612[0K$ git checkout -qf FETCH_HEAD
travis_fold:end:git.checkout[0K
[33;1mThis job is running on container-based infrastructure, which does not allow use of 'sudo', setuid and setguid executables.[0m
[33;1mIf you require sudo, add 'sudo: required' to your .travis.yml[0m
[33;1mSee https://docs.travis-ci.com/user/workers/container-based-infrastructure/ for details.[0m

[33;1mSetting environment variables from .travis.yml[0m
$ export MODULES=storm-core

$ jdk_switcher use oraclejdk8
Switching to Oracle JDK8 (java-8-oracle), JAVA_HOME will be set to /usr/lib/jvm/java-8-oracle
travis_fold:start:cache.1[0KSetting up build cache
$ export CASHER_DIR=$HOME/.casher
travis_time:start:02c68692[0K$ Installing caching utilities

travis_time:end:02c68692:start=1467921877831620849,finish=1467921877950681141,duration=119060292[0Ktravis_time:start:0337f13e[0K
travis_time:end:0337f13e:start=1467921877956279298,finish=1467921877959660030,duration=3380732[0Ktravis_time:start:25ff60f8[0K[32;1mattempting to download cache archive[0m
[32;1mfetching PR.1507/cache-linux-precise-4722ea394922d42b2b7eb84cff6efc764d76759821ac6f6efc13232aa923f595--jdk-oraclejdk8.tgz[0m
[32;1mfound cache[0m

travis_time:end:25ff60f8:start=1467921877964060777,finish=1467921887054212618,duration=9090151841[0Ktravis_time:start:03d0d574[0K
travis_time:end:03d0d574:start=1467921887058137327,finish=1467921887061387588,duration=3250261[0Ktravis_time:start:04c9df80[0K[32;1madding /home/travis/.m2/repository to cache[0m
[32;1madding /home/travis/.rvm to cache[0m
[32;1madding /home/travis/.nvm to cache[0m

travis_time:end:04c9df80:start=1467921887065128887,finish=1467921899153857749,duration=12088728862[0Ktravis_fold:end:cache.1[0K$ java -Xmx32m -version
java version "1.8.0_31"
Java(TM) SE Runtime Environment (build 1.8.0_31-b13)
Java HotSpot(TM) 64-Bit Server VM (build 25.31-b07, mixed mode)
$ javac -J-Xmx32m -version
javac 1.8.0_31
travis_fold:start:before_install.1[0Ktravis_time:start:0bf9b036[0K$ rvm use 2.1.5 --install
[32mUsing /home/travis/.rvm/gems/ruby-2.1.5[0m

travis_time:end:0bf9b036:start=1467921899753213740,finish=1467921900011982198,duration=258768458[0Ktravis_fold:end:before_install.1[0Ktravis_fold:start:before_install.2[0Ktravis_time:start:35e8a9ce[0K$ nvm install 0.12.2
v0.12.2 is already installed.
Now using node v0.12.2

travis_time:end:35e8a9ce:start=1467921900016452439,finish=1467921900967853414,duration=951400975[0Ktravis_fold:end:before_install.2[0Ktravis_fold:start:before_install.3[0Ktravis_time:start:1462747e[0K$ nvm use 0.12.2
Now using node v0.12.2

travis_time:end:1462747e:start=1467921900972371397,finish=1467921901030317668,duration=57946271[0Ktravis_fold:end:before_install.3[0Ktravis_fold:start:install[0Ktravis_time:start:143de737[0K$ /bin/bash ./dev-tools/travis/travis-install.sh `pwd`
Python version :   Python 2.7.3
Java HotSpot(TM) 64-Bit Server VM warning: ignoring option MaxPermSize=192m; support was removed in 8.0
Maven version  :   Apache Maven 3.2.5 (12a6b3acb947671f09b81f49094c53f426d8cea1; 2014-12-14T17:29:23+00:00) Maven home: /usr/local/maven Java version: 1.8.0_31, vendor: Oracle Corporation Java home: /usr/lib/jvm/java-8-oracle/jre Default locale: en_US, platform encoding: UTF-8 OS name: "linux", version: "3.13.0-40-generic", arch: "amd64", family: "unix"
['mvn', 'clean', 'install', '-DskipTests', '-Pnative', '--batch-mode'] writing to install.txt
2 seconds 2 log lines12 seconds 69 log lines22 seconds 240 log lines62 seconds 324 log lines72 seconds 331 log lines85 seconds 409 log lines107 seconds 653 log lines118 seconds 796 log lines128 seconds 866 log lines138 seconds 909 log lines148 seconds 915 log lines158 seconds 1023 log lines170 seconds 1323 log lines188 seconds 1478 log lines199 seconds 1701 log lines209 seconds 2094 log lines220 seconds 2236 log lines234 seconds 2382 log lines248 seconds 2684 log lines248 seconds 2685 log lines
['mvn', 'clean', 'install', '-DskipTests', '-Pnative', '--batch-mode'] done 0

travis_time:end:143de737:start=1467921901034832807,finish=1467922149859952394,duration=248825119587[0Ktravis_fold:end:install[0Ktravis_time:start:048d9229[0K$ /bin/bash ./dev-tools/travis/travis-script.sh `pwd` $MODULES
Python version :   Python 2.7.3
Ruby version   :   ruby 2.1.5p273 (2014-11-13 revision 48405) [x86_64-linux]
NodeJs version :   v0.12.2
Java HotSpot(TM) 64-Bit Server VM warning: ignoring option MaxPermSize=192m; support was removed in 8.0
Maven version  :   Apache Maven 3.2.5 (12a6b3acb947671f09b81f49094c53f426d8cea1; 2014-12-14T17:29:23+00:00) Maven home: /usr/local/maven Java version: 1.8.0_31, vendor: Oracle Corporation Java home: /usr/lib/jvm/java-8-oracle/jre Default locale: en_US, platform encoding: UTF-8 OS name: "linux", version: "3.13.0-40-generic", arch: "amd64", family: "unix"
Java HotSpot(TM) 64-Bit Server VM warning: ignoring option MaxPermSize=192m; support was removed in 8.0
[INFO] Scanning for projects...
[INFO]                                                                         
[INFO] ------------------------------------------------------------------------
[INFO] Building Storm Core 2.0.0-SNAPSHOT
[INFO] ------------------------------------------------------------------------
[INFO] 
[INFO] --- exec-maven-plugin:1.2.1:exec (default) @ storm-core ---
[INFO] 
[INFO] --- maven-remote-resources-plugin:1.2.1:process (default) @ storm-core ---
[INFO] 
[INFO] --- storm-maven-plugins:2.0.0-SNAPSHOT:version-info (version-info) @ storm-core ---
[WARNING] [svn, info] failed with error code 1
[INFO] SCM: GIT
[INFO] Computed MD5: 6abe446787beb52a96c921c162475f32
[INFO] 
[INFO] --- maven-resources-plugin:2.5:resources (default-resources) @ storm-core ---
[debug] execute contextualize
[INFO] Using 'UTF-8' encoding to copy filtered resources.
[INFO] Copying 9 resources
[INFO] Copying 1 resource to META-INF
[INFO] Copying 0 resource
[INFO] Copying 1 resource
[INFO] Copying 3 resources
[INFO] 
[INFO] --- maven-compiler-plugin:3.1:compile (default-compile) @ storm-core ---
[INFO] Nothing to compile - all classes are up to date
[INFO] 
[INFO] --- clojure-maven-plugin:1.7.1:compile (compile-clojure) @ storm-core ---
Compiling org.apache.storm.trident.testing to /home/travis/build/apache/storm/storm-core/target/classes
20:09:37.814 [main] WARN  o.a.s.m.StormMetricsRegistry - Metric ui:num-topology-op-response-http-requests has already been registered
20:09:37.829 [main] WARN  o.a.s.m.StormMetricsRegistry - Metric ui:num-topology-op-response-http-requests has already been registered
Compiling org.apache.storm.command.get-errors to /home/travis/build/apache/storm/storm-core/target/classes
Compiling org.apache.storm.command.blobstore to /home/travis/build/apache/storm/storm-core/target/classes
Compiling org.apache.storm.daemon.drpc to /home/travis/build/apache/storm/storm-core/target/classes
Compiling org.apache.storm.testing4j to /home/travis/build/apache/storm/storm-core/target/classes
Compiling org.apache.storm.ui.core to /home/travis/build/apache/storm/storm-core/target/classes
Compiling org.apache.storm.ui.helpers to /home/travis/build/apache/storm/storm-core/target/classes
Compiling org.apache.storm.testing to /home/travis/build/apache/storm/storm-core/target/classes
Compiling org.apache.storm.command.heartbeats to /home/travis/build/apache/storm/storm-core/target/classes
Compiling org.apache.storm.log to /home/travis/build/apache/storm/storm-core/target/classes
Compiling org.apache.storm.daemon.common to /home/travis/build/apache/storm/storm-core/target/classes
Compiling org.apache.storm.util to /home/travis/build/apache/storm/storm-core/target/classes
Compiling org.apache.storm.scheduler.IsolationScheduler to /home/travis/build/apache/storm/storm-core/target/classes
Compiling org.apache.storm.config to /home/travis/build/apache/storm/storm-core/target/classes
Compiling org.apache.storm.LocalCluster to /home/travis/build/apache/storm/storm-core/target/classes
Compiling org.apache.storm.internal.clojure to /home/travis/build/apache/storm/storm-core/target/classes
Compiling org.apache.storm.daemon.logviewer to /home/travis/build/apache/storm/storm-core/target/classes
Compiling org.apache.storm.blobstore to /home/travis/build/apache/storm/storm-core/target/classes
Compiling org.apache.storm.daemon.local-supervisor to /home/travis/build/apache/storm/storm-core/target/classes
Compiling org.apache.storm.daemon.executor to /home/travis/build/apache/storm/storm-core/target/classes
Compiling org.apache.storm.converter to /home/travis/build/apache/storm/storm-core/target/classes
Compiling org.apache.storm.daemon.nimbus to /home/travis/build/apache/storm/storm-core/target/classes
Compiling org.apache.storm.internal.thrift to /home/travis/build/apache/storm/storm-core/target/classes
Compiling org.apache.storm.local-state-converter to /home/travis/build/apache/storm/storm-core/target/classes
Compiling org.apache.storm.command.shell-submission to /home/travis/build/apache/storm/storm-core/target/classes
Compiling org.apache.storm.daemon.worker to /home/travis/build/apache/storm/storm-core/target/classes
[INFO] 
[INFO] --- make-maven-plugin:1.0-beta-1:autoreconf (compile) @ storm-core ---
[INFO] 
[INFO] --- make-maven-plugin:1.0-beta-1:configure (compile) @ storm-core ---
[INFO] /bin/sh: 14: /home/travis/.jdk_switcher_rc: [[: not found
[INFO] /bin/sh: 22: /home/travis/.jdk_switcher_rc: [[: not found
[INFO] /bin/sh: 32: /home/travis/.jdk_switcher_rc: [[: not found
[INFO] /bin/sh: 42: /home/travis/.jdk_switcher_rc: [[: not found
[INFO] /bin/sh: 3: /etc/profile.d/rvm.sh: [[: not found
[INFO] checking for gcc... gcc
[INFO] checking whether the C compiler works... yes
[INFO] checking for C compiler default output file name... a.out
[INFO] checking for suffix of executables... 
[INFO] checking whether we are cross compiling... no
[INFO] checking for suffix of object files... o
[INFO] checking whether we are using the GNU C compiler... yes
[INFO] checking whether gcc accepts -g... yes
[INFO] checking for gcc option to accept ISO C89... none needed
[INFO] checking how to run the C preprocessor... gcc -E
[INFO] checking for grep that handles long lines and -e... /bin/grep
[INFO] checking for egrep... /bin/grep -E
[INFO] checking for ANSI C header files... yes
[INFO] checking for sys/types.h... yes
[INFO] checking for sys/stat.h... yes
[INFO] checking for stdlib.h... yes
[INFO] checking for string.h... yes
[INFO] checking for memory.h... yes
[INFO] checking for strings.h... yes
[INFO] checking for inttypes.h... yes
[INFO] checking for stdint.h... yes
[INFO] checking for unistd.h... yes
[INFO] checking minix/config.h usability... no
[INFO] checking minix/config.h presence... no
[INFO] checking for minix/config.h... no
[INFO] checking whether it is safe to define __EXTENSIONS__... yes
[INFO] checking for a BSD-compatible install... /usr/bin/install -c
[INFO] checking whether build environment is sane... yes
[INFO] checking for a thread-safe mkdir -p... /bin/mkdir -p
[INFO] checking for gawk... gawk
[INFO] checking whether make sets $(MAKE)... yes
[INFO] checking for style of include used by make... GNU
[INFO] checking dependency style of gcc... gcc3
[INFO] checking for gcc... (cached) gcc
[INFO] checking whether we are using the GNU C compiler... (cached) yes
[INFO] checking whether gcc accepts -g... (cached) yes
[INFO] checking for gcc option to accept ISO C89... (cached) none needed
[INFO] checking whether gcc and cc understand -c and -o together... yes
[INFO] checking for unistd.h... (cached) yes
[INFO] checking for stdbool.h that conforms to C99... yes
[INFO] checking for _Bool... yes
[INFO] checking for an ANSI C-conforming const... yes
[INFO] checking for off_t... yes
[INFO] checking for size_t... yes
[INFO] checking whether strerror_r is declared... yes
[INFO] checking for strerror_r... yes
[INFO] checking whether strerror_r returns char *... yes
[INFO] checking for mkdir... yes
[INFO] checking for uname... yes
[INFO] configure: creating ./config.status
[INFO] config.status: creating Makefile
[INFO] config.status: executing depfiles commands
[INFO] 
[INFO] --- make-maven-plugin:1.0-beta-1:make-install (compile) @ storm-core ---
[INFO] /bin/sh: 14: /home/travis/.jdk_switcher_rc: [[: not found
[INFO] /bin/sh: 22: /home/travis/.jdk_switcher_rc: [[: not found
[INFO] /bin/sh: 32: /home/travis/.jdk_switcher_rc: [[: not found
[INFO] /bin/sh: 42: /home/travis/.jdk_switcher_rc: [[: not found
[INFO] /bin/sh: 3: /etc/profile.d/rvm.sh: [[: not found
[INFO] make[1]: Entering directory `/home/travis/build/apache/storm/storm-core/target/native/worker-launcher'
[INFO] test -z "/usr/local/bin" || /bin/mkdir -p "/home/travis/build/apache/storm/storm-core/target/native/target/usr/local/bin"
[INFO]   /usr/bin/install -c worker-launcher '/home/travis/build/apache/storm/storm-core/target/native/target/usr/local/bin'
[INFO] make[1]: Nothing to be done for `install-data-am'.
[INFO] make[1]: Leaving directory `/home/travis/build/apache/storm/storm-core/target/native/worker-launcher'
[INFO] 
[INFO] --- maven-resources-plugin:2.5:testResources (default-testResources) @ storm-core ---
[debug] execute contextualize
[INFO] Using 'UTF-8' encoding to copy filtered resources.
[INFO] Copying 14 resources
[INFO] Copying 2 resources
[INFO] Copying 3 resources
[INFO] 
[INFO] --- maven-dependency-plugin:2.8:unpack (unpack) @ storm-core ---
[INFO] Configured Artifact: org.apache.storm:multilang-ruby:2.0.0-SNAPSHOT:jar
[INFO] Downloading: https://repository.apache.org/snapshots/org/apache/storm/multilang-ruby/2.0.0-SNAPSHOT/maven-metadata.xml
[INFO] Configured Artifact: org.apache.storm:multilang-python:2.0.0-SNAPSHOT:jar
[INFO] Downloading: https://repository.apache.org/snapshots/org/apache/storm/multilang-python/2.0.0-SNAPSHOT/maven-metadata.xml
[INFO] Configured Artifact: org.apache.storm:multilang-javascript:2.0.0-SNAPSHOT:jar
[INFO] Downloading: https://repository.apache.org/snapshots/org/apache/storm/multilang-javascript/2.0.0-SNAPSHOT/maven-metadata.xml
[INFO] multilang-ruby-2.0.0-SNAPSHOT.jar already unpacked.
[INFO] multilang-python-2.0.0-SNAPSHOT.jar already unpacked.
[INFO] multilang-javascript-2.0.0-SNAPSHOT.jar already unpacked.
[INFO] 
[INFO] --- maven-compiler-plugin:3.1:testCompile (default-testCompile) @ storm-core ---
[INFO] Changes detected - recompiling the module!
[INFO] Compiling 62 source files to /home/travis/build/apache/storm/storm-core/target/test-classes
[WARNING] /home/travis/build/apache/storm/storm-core/test/jvm/org/apache/storm/localizer/LocalizerTest.java: Some input files use or override a deprecated API.
[WARNING] /home/travis/build/apache/storm/storm-core/test/jvm/org/apache/storm/localizer/LocalizerTest.java: Recompile with -Xlint:deprecation for details.
[WARNING] /home/travis/build/apache/storm/storm-core/test/jvm/org/apache/storm/spout/CheckpointSpoutTest.java: Some input files use unchecked or unsafe operations.
[WARNING] /home/travis/build/apache/storm/storm-core/test/jvm/org/apache/storm/spout/CheckpointSpoutTest.java: Recompile with -Xlint:unchecked for details.
[INFO] 
[INFO] --- maven-surefire-plugin:2.18.1:test (default-test) @ storm-core ---
[INFO] Surefire report directory: /home/travis/build/apache/storm/storm-core/target/surefire-reports
[INFO] parallel='none', perCoreThreadCount=true, threadCount=0, useUnlimitedThreads=false, threadCountSuites=0, threadCountClasses=0, threadCountMethods=0, parallelOptimized=true

-------------------------------------------------------
 T E S T S
-------------------------------------------------------
Running org.apache.storm.spout.CheckpointSpoutTest
Tests run: 7, Failures: 0, Errors: 0, Skipped: 0, Time elapsed: 0.534 sec - in org.apache.storm.spout.CheckpointSpoutTest
Running org.apache.storm.utils.TimeTest
Tests run: 8, Failures: 0, Errors: 0, Skipped: 0, Time elapsed: 0 sec - in org.apache.storm.utils.TimeTest
Running org.apache.storm.utils.WorkerBackpressureThreadTest
Tests run: 1, Failures: 0, Errors: 0, Skipped: 0, Time elapsed: 0.234 sec - in org.apache.storm.utils.WorkerBackpressureThreadTest
Running org.apache.storm.utils.DisruptorQueueTest
Tests run: 3, Failures: 0, Errors: 0, Skipped: 0, Time elapsed: 3.265 sec - in org.apache.storm.utils.DisruptorQueueTest
Running org.apache.storm.utils.UtilsTest
Tests run: 8, Failures: 0, Errors: 0, Skipped: 0, Time elapsed: 0.16 sec - in org.apache.storm.utils.UtilsTest
Running org.apache.storm.utils.DisruptorQueueBackpressureTest
Tests run: 1, Failures: 0, Errors: 0, Skipped: 0, Time elapsed: 0.002 sec - in org.apache.storm.utils.DisruptorQueueBackpressureTest
Running org.apache.storm.utils.ThriftTopologyUtilsTest
Tests run: 5, Failures: 0, Errors: 0, Skipped: 0, Time elapsed: 0.075 sec - in org.apache.storm.utils.ThriftTopologyUtilsTest
Running org.apache.storm.utils.ShellBoltMessageQueueTest
Tests run: 3, Failures: 0, Errors: 0, Skipped: 0, Time elapsed: 2.021 sec - in org.apache.storm.utils.ShellBoltMessageQueueTest
Running org.apache.storm.utils.StormBoundedExponentialBackoffRetryTest
Tests run: 5, Failures: 0, Errors: 0, Skipped: 0, Time elapsed: 1.433 sec - in org.apache.storm.utils.StormBoundedExponentialBackoffRetryTest
Running org.apache.storm.command.TestCLI
Tests run: 1, Failures: 0, Errors: 0, Skipped: 0, Time elapsed: 0.208 sec - in org.apache.storm.command.TestCLI
Running org.apache.storm.command.RebalanceTest
Tests run: 2, Failures: 0, Errors: 0, Skipped: 0, Time elapsed: 0.002 sec - in org.apache.storm.command.RebalanceTest
Running org.apache.storm.command.SetLogLevelTest
Tests run: 3, Failures: 0, Errors: 0, Skipped: 0, Time elapsed: 0.007 sec - in org.apache.storm.command.SetLogLevelTest
Running org.apache.storm.serialization.ThriftBridgeSerializationDelegateTest
Tests run: 1, Failures: 0, Errors: 0, Skipped: 0, Time elapsed: 0.089 sec - in org.apache.storm.serialization.ThriftBridgeSerializationDelegateTest
Running org.apache.storm.serialization.GzipBridgeSerializationDelegateTest
Tests run: 3, Failures: 0, Errors: 0, Skipped: 0, Time elapsed: 0.306 sec - in org.apache.storm.serialization.GzipBridgeSerializationDelegateTest
Running org.apache.storm.serialization.GzipBridgeThriftSerializationDelegateTest
Tests run: 3, Failures: 0, Errors: 0, Skipped: 0, Time elapsed: 0.147 sec - in org.apache.storm.serialization.GzipBridgeThriftSerializationDelegateTest
Running org.apache.storm.serialization.SerializationTest
Tests run: 3, Failures: 0, Errors: 0, Skipped: 0, Time elapsed: 14.383 sec - in org.apache.storm.serialization.SerializationTest
Running org.apache.storm.trident.TridentWindowingTest
Tests run: 3, Failures: 0, Errors: 0, Skipped: 0, Time elapsed: 0.28 sec - in org.apache.storm.trident.TridentWindowingTest
Running org.apache.storm.trident.TestTridentTopology
Tests run: 1, Failures: 0, Errors: 0, Skipped: 0, Time elapsed: 57.628 sec - in org.apache.storm.trident.TestTridentTopology
Running org.apache.storm.metric.internal.LatencyStatAndMetricTest
Tests run: 1, Failures: 0, Errors: 0, Skipped: 0, Time elapsed: 0.03 sec - in org.apache.storm.metric.internal.LatencyStatAndMetricTest
Running org.apache.storm.metric.internal.CountStatAndMetricTest
Tests run: 1, Failures: 0, Errors: 0, Skipped: 0, Time elapsed: 0.025 sec - in org.apache.storm.metric.internal.CountStatAndMetricTest
Running org.apache.storm.metric.internal.RateTrackerTest
Tests run: 4, Failures: 0, Errors: 0, Skipped: 0, Time elapsed: 0.012 sec - in org.apache.storm.metric.internal.RateTrackerTest
Running org.apache.storm.metric.filter.FilterByMetricNameTest
Tests run: 4, Failures: 0, Errors: 0, Skipped: 0, Time elapsed: 0.045 sec - in org.apache.storm.metric.filter.FilterByMetricNameTest
Running org.apache.storm.windowing.WaterMarkEventGeneratorTest
Tests run: 5, Failures: 0, Errors: 0, Skipped: 0, Time elapsed: 0.268 sec - in org.apache.storm.windowing.WaterMarkEventGeneratorTest
Running org.apache.storm.windowing.WindowManagerTest
Tests run: 10, Failures: 0, Errors: 0, Skipped: 0, Time elapsed: 0.453 sec - in org.apache.storm.windowing.WindowManagerTest
Running org.apache.storm.topology.StatefulBoltExecutorTest
Tests run: 7, Failures: 0, Errors: 0, Skipped: 0, Time elapsed: 1.889 sec - in org.apache.storm.topology.StatefulBoltExecutorTest
Running org.apache.storm.topology.StatefulWindowedBoltExecutorTest
Tests run: 4, Failures: 0, Errors: 0, Skipped: 0, Time elapsed: 0.481 sec - in org.apache.storm.topology.StatefulWindowedBoltExecutorTest
Running org.apache.storm.topology.TopologyBuilderTest
Tests run: 5, Failures: 0, Errors: 0, Skipped: 0, Time elapsed: 0.123 sec - in org.apache.storm.topology.TopologyBuilderTest
Running org.apache.storm.topology.WindowedBoltExecutorTest
Tests run: 5, Failures: 1, Errors: 0, Skipped: 0, Time elapsed: 0.553 sec <<< FAILURE! - in org.apache.storm.topology.WindowedBoltExecutorTest
testExecuteWithLateTupleStream(org.apache.storm.topology.WindowedBoltExecutorTest)  Time elapsed: 0.136 sec  <<< FAILURE!
org.mockito.exceptions.verification.WantedButNotInvoked: 
Wanted but not invoked:
outputCollector.emit(
    "$late",
    [source: null:1, stream: s1, id: {}, [600]],
    [source: null:1, stream: s1, id: {}, [600]]
);
-> at org.apache.storm.topology.WindowedBoltExecutorTest.testExecuteWithLateTupleStream(WindowedBoltExecutorTest.java:225)
Actually, there were zero interactions with this mock.

	at org.apache.storm.topology.WindowedBoltExecutorTest.testExecuteWithLateTupleStream(WindowedBoltExecutorTest.java:225)

Running org.apache.storm.localizer.LocalizerTest
Tests run: 13, Failures: 0, Errors: 0, Skipped: 0, Time elapsed: 4.13 sec - in org.apache.storm.localizer.LocalizerTest
Running org.apache.storm.localizer.LocalizedResourceRetentionSetTest
Tests run: 2, Failures: 0, Errors: 0, Skipped: 0, Time elapsed: 2.638 sec - in org.apache.storm.localizer.LocalizedResourceRetentionSetTest
Running org.apache.storm.localizer.LocalizedResourceSetTest
Tests run: 4, Failures: 0, Errors: 0, Skipped: 0, Time elapsed: 0 sec - in org.apache.storm.localizer.LocalizedResourceSetTest
Running org.apache.storm.blobstore.BlobStoreTest
Tests run: 4, Failures: 0, Errors: 0, Skipped: 0, Time elapsed: 2.466 sec - in org.apache.storm.blobstore.BlobStoreTest
Running org.apache.storm.blobstore.BlobSynchronizerTest
Tests run: 4, Failures: 0, Errors: 0, Skipped: 0, Time elapsed: 3.248 sec - in org.apache.storm.blobstore.BlobSynchronizerTest
Running org.apache.storm.blobstore.ClientBlobStoreTest
Tests run: 4, Failures: 0, Errors: 0, Skipped: 0, Time elapsed: 0.015 sec - in org.apache.storm.blobstore.ClientBlobStoreTest
Running org.apache.storm.cluster.StormClusterStateImplTest
Tests run: 5, Failures: 0, Errors: 0, Skipped: 0, Time elapsed: 0.065 sec - in org.apache.storm.cluster.StormClusterStateImplTest
Running org.apache.storm.scheduler.resource.strategies.scheduling.TestDefaultResourceAwareStrategy
Tests run: 2, Failures: 0, Errors: 0, Skipped: 0, Time elapsed: 1.058 sec - in org.apache.storm.scheduler.resource.strategies.scheduling.TestDefaultResourceAwareStrategy
Running org.apache.storm.scheduler.resource.TestResourceAwareScheduler
Tests run: 14, Failures: 0, Errors: 0, Skipped: 0, Time elapsed: 6.259 sec - in org.apache.storm.scheduler.resource.TestResourceAwareScheduler
Running org.apache.storm.scheduler.resource.TestUser
Tests run: 3, Failures: 0, Errors: 0, Skipped: 0, Time elapsed: 2.959 sec - in org.apache.storm.scheduler.resource.TestUser
Running org.apache.storm.nimbus.LocalNimbusTest
Tests run: 1, Failures: 0, Errors: 0, Skipped: 0, Time elapsed: 20.293 sec - in org.apache.storm.nimbus.LocalNimbusTest
Running org.apache.storm.security.auth.AuthUtilsTest
Tests run: 15, Failures: 0, Errors: 0, Skipped: 0, Time elapsed: 0.141 sec - in org.apache.storm.security.auth.AuthUtilsTest
Running org.apache.storm.security.auth.ThriftServerTest
Tests run: 2, Failures: 0, Errors: 0, Skipped: 0, Time elapsed: 0.026 sec - in org.apache.storm.security.auth.ThriftServerTest
Running org.apache.storm.security.auth.SaslTransportPluginTest
Tests run: 2, Failures: 0, Errors: 0, Skipped: 0, Time elapsed: 0.028 sec - in org.apache.storm.security.auth.SaslTransportPluginTest
Running org.apache.storm.security.auth.ThriftClientTest
Tests run: 4, Failures: 0, Errors: 0, Skipped: 0, Time elapsed: 0.19 sec - in org.apache.storm.security.auth.ThriftClientTest
Running org.apache.storm.security.auth.ReqContextTest
Tests run: 4, Failures: 0, Errors: 0, Skipped: 0, Time elapsed: 0.016 sec - in org.apache.storm.security.auth.ReqContextTest
Running org.apache.storm.security.serialization.BlowfishTupleSerializerTest
Tests run: 3, Failures: 0, Errors: 0, Skipped: 0, Time elapsed: 2.562 sec - in org.apache.storm.security.serialization.BlowfishTupleSerializerTest
Running org.apache.storm.tuple.FieldsTest
Tests run: 12, Failures: 0, Errors: 0, Skipped: 0, Time elapsed: 0.032 sec - in org.apache.storm.tuple.FieldsTest
Running org.apache.storm.grouping.PartialKeyGroupingTest
Tests run: 2, Failures: 0, Errors: 0, Skipped: 0, Time elapsed: 0.62 sec - in org.apache.storm.grouping.PartialKeyGroupingTest
Running org.apache.storm.state.InMemoryKeyValueStateTest
Tests run: 2, Failures: 0, Errors: 0, Skipped: 0, Time elapsed: 0.013 sec - in org.apache.storm.state.InMemoryKeyValueStateTest
Running org.apache.storm.TestConfigValidate
Tests run: 25, Failures: 0, Errors: 0, Skipped: 0, Time elapsed: 1.291 sec - in org.apache.storm.TestConfigValidate
Running org.apache.storm.PacemakerTest
Tests run: 9, Failures: 0, Errors: 0, Skipped: 0, Time elapsed: 2.164 sec - in org.apache.storm.PacemakerTest
Running org.apache.storm.PaceMakerStateStorageFactoryTest
Tests run: 10, Failures: 0, Errors: 0, Skipped: 0, Time elapsed: 1.267 sec - in org.apache.storm.PaceMakerStateStorageFactoryTest
Running org.apache.storm.TestCgroups
Tests run: 1, Failures: 0, Errors: 0, Skipped: 1, Time elapsed: 0.021 sec - in org.apache.storm.TestCgroups

Results :

Failed tests: 
  WindowedBoltExecutorTest.testExecuteWithLateTupleStream:225 
Wanted but not invoked:
outputCollector.emit(
    "$late",
    [source: null:1, stream: s1, id: {}, [600]],
    [source: null:1, stream: s1, id: {}, [600]]
);
-> at org.apache.storm.topology.WindowedBoltExecutorTest.testExecuteWithLateTupleStream(WindowedBoltExecutorTest.java:225)
Actually, there were zero interactions with this mock.


Tests run: 254, Failures: 1, Errors: 0, Skipped: 1

[INFO] ------------------------------------------------------------------------
[INFO] BUILD FAILURE
[INFO] ------------------------------------------------------------------------
[INFO] Total time: 03:11 min
[INFO] Finished at: 2016-07-07T20:12:22+00:00
[INFO] Final Memory: 45M/413M
[INFO] ------------------------------------------------------------------------
[ERROR] Failed to execute goal org.apache.maven.plugins:maven-surefire-plugin:2.18.1:test (default-test) on project storm-core: There are test failures.
[ERROR] 
[ERROR] Please refer to /home/travis/build/apache/storm/storm-core/target/surefire-reports for the individual test results.
[ERROR] -> [Help 1]
[ERROR] 
[ERROR] To see the full stack trace of the errors, re-run Maven with the -e switch.
[ERROR] Re-run Maven using the -X switch to enable full debug logging.
[ERROR] 
[ERROR] For more information about the errors and possible solutions, please read the following articles:
[ERROR] [Help 1] http://cwiki.apache.org/confluence/display/MAVEN/MojoFailureException
Looking for errors in ./storm-core/target/surefire-reports
Checking ./storm-core/target/surefire-reports/TEST-org.apache.storm.spout.CheckpointSpoutTest.xml
Checking ./storm-core/target/surefire-reports/TEST-org.apache.storm.utils.TimeTest.xml
Checking ./storm-core/target/surefire-reports/TEST-org.apache.storm.utils.WorkerBackpressureThreadTest.xml
Checking ./storm-core/target/surefire-reports/TEST-org.apache.storm.utils.DisruptorQueueTest.xml
Checking ./storm-core/target/surefire-reports/TEST-org.apache.storm.utils.UtilsTest.xml
Checking ./storm-core/target/surefire-reports/TEST-org.apache.storm.utils.DisruptorQueueBackpressureTest.xml
Checking ./storm-core/target/surefire-reports/TEST-org.apache.storm.utils.ThriftTopologyUtilsTest.xml
Checking ./storm-core/target/surefire-reports/TEST-org.apache.storm.utils.ShellBoltMessageQueueTest.xml
Checking ./storm-core/target/surefire-reports/TEST-org.apache.storm.utils.StormBoundedExponentialBackoffRetryTest.xml
Checking ./storm-core/target/surefire-reports/TEST-org.apache.storm.command.TestCLI.xml
Checking ./storm-core/target/surefire-reports/TEST-org.apache.storm.command.RebalanceTest.xml
Checking ./storm-core/target/surefire-reports/TEST-org.apache.storm.command.SetLogLevelTest.xml
Checking ./storm-core/target/surefire-reports/TEST-org.apache.storm.serialization.ThriftBridgeSerializationDelegateTest.xml
Checking ./storm-core/target/surefire-reports/TEST-org.apache.storm.serialization.GzipBridgeSerializationDelegateTest.xml
Checking ./storm-core/target/surefire-reports/TEST-org.apache.storm.serialization.GzipBridgeThriftSerializationDelegateTest.xml
Checking ./storm-core/target/surefire-reports/TEST-org.apache.storm.serialization.SerializationTest.xml
Checking ./storm-core/target/surefire-reports/TEST-org.apache.storm.trident.TridentWindowingTest.xml
Checking ./storm-core/target/surefire-reports/TEST-org.apache.storm.trident.TestTridentTopology.xml
Checking ./storm-core/target/surefire-reports/TEST-org.apache.storm.metric.internal.LatencyStatAndMetricTest.xml
Checking ./storm-core/target/surefire-reports/TEST-org.apache.storm.metric.internal.CountStatAndMetricTest.xml
Checking ./storm-core/target/surefire-reports/TEST-org.apache.storm.metric.internal.RateTrackerTest.xml
Checking ./storm-core/target/surefire-reports/TEST-org.apache.storm.metric.filter.FilterByMetricNameTest.xml
Checking ./storm-core/target/surefire-reports/TEST-org.apache.storm.windowing.WaterMarkEventGeneratorTest.xml
Checking ./storm-core/target/surefire-reports/TEST-org.apache.storm.windowing.WindowManagerTest.xml
Checking ./storm-core/target/surefire-reports/TEST-org.apache.storm.topology.StatefulBoltExecutorTest.xml
Checking ./storm-core/target/surefire-reports/TEST-org.apache.storm.topology.StatefulWindowedBoltExecutorTest.xml
Checking ./storm-core/target/surefire-reports/TEST-org.apache.storm.topology.TopologyBuilderTest.xml
Checking ./storm-core/target/surefire-reports/TEST-org.apache.storm.topology.WindowedBoltExecutorTest.xml
--------------------------------------------------
classname: org.apache.storm.topology.WindowedBoltExecutorTest / testname: testExecuteWithLateTupleStream
org.mockito.exceptions.verification.WantedButNotInvoked: 
Wanted but not invoked:
outputCollector.emit(
    "$late",
    [source: null:1, stream: s1, id: {}, [600]],
    [source: null:1, stream: s1, id: {}, [600]]
);
-> at org.apache.storm.topology.WindowedBoltExecutorTest.testExecuteWithLateTupleStream(WindowedBoltExecutorTest.java:225)
Actually, there were zero interactions with this mock.

	at org.apache.storm.topology.WindowedBoltExecutorTest.testExecuteWithLateTupleStream(WindowedBoltExecutorTest.java:225)

-------------------- system-out --------------------
[]

--------------------------------------------------
Checking ./storm-core/target/surefire-reports/TEST-org.apache.storm.localizer.LocalizerTest.xml
Checking ./storm-core/target/surefire-reports/TEST-org.apache.storm.localizer.LocalizedResourceRetentionSetTest.xml
Checking ./storm-core/target/surefire-reports/TEST-org.apache.storm.localizer.LocalizedResourceSetTest.xml
Checking ./storm-core/target/surefire-reports/TEST-org.apache.storm.blobstore.BlobStoreTest.xml
Checking ./storm-core/target/surefire-reports/TEST-org.apache.storm.blobstore.BlobSynchronizerTest.xml
Checking ./storm-core/target/surefire-reports/TEST-org.apache.storm.blobstore.ClientBlobStoreTest.xml
Checking ./storm-core/target/surefire-reports/TEST-org.apache.storm.cluster.StormClusterStateImplTest.xml
Checking ./storm-core/target/surefire-reports/TEST-org.apache.storm.scheduler.resource.strategies.scheduling.TestDefaultResourceAwareStrategy.xml
Checking ./storm-core/target/surefire-reports/TEST-org.apache.storm.scheduler.resource.TestResourceAwareScheduler.xml
Checking ./storm-core/target/surefire-reports/TEST-org.apache.storm.scheduler.resource.TestUser.xml
Checking ./storm-core/target/surefire-reports/TEST-org.apache.storm.nimbus.LocalNimbusTest.xml
Checking ./storm-core/target/surefire-reports/TEST-org.apache.storm.security.auth.AuthUtilsTest.xml
Checking ./storm-core/target/surefire-reports/TEST-org.apache.storm.security.auth.ThriftServerTest.xml
Checking ./storm-core/target/surefire-reports/TEST-org.apache.storm.security.auth.SaslTransportPluginTest.xml
Checking ./storm-core/target/surefire-reports/TEST-org.apache.storm.security.auth.ThriftClientTest.xml
Checking ./storm-core/target/surefire-reports/TEST-org.apache.storm.security.auth.ReqContextTest.xml
Checking ./storm-core/target/surefire-reports/TEST-org.apache.storm.security.serialization.BlowfishTupleSerializerTest.xml
Checking ./storm-core/target/surefire-reports/TEST-org.apache.storm.tuple.FieldsTest.xml
Checking ./storm-core/target/surefire-reports/TEST-org.apache.storm.grouping.PartialKeyGroupingTest.xml
Checking ./storm-core/target/surefire-reports/TEST-org.apache.storm.state.InMemoryKeyValueStateTest.xml
Checking ./storm-core/target/surefire-reports/TEST-org.apache.storm.TestConfigValidate.xml
Checking ./storm-core/target/surefire-reports/TEST-org.apache.storm.PacemakerTest.xml
Checking ./storm-core/target/surefire-reports/TEST-org.apache.storm.PaceMakerStateStorageFactoryTest.xml
Checking ./storm-core/target/surefire-reports/TEST-org.apache.storm.TestCgroups.xml

travis_time:end:048d9229:start=1467922149863976053,finish=1467922345594603173,duration=195730627120[0K
[31;1mThe command "/bin/bash ./dev-tools/travis/travis-script.sh `pwd` $MODULES" exited with 1.[0m
travis_fold:start:cache.2[0Kstore build cache
travis_time:start:0024ea2d[0K
travis_time:end:0024ea2d:start=1467922345599764048,finish=1467922345603629420,duration=3865372[0Ktravis_time:start:0122f74e[0K[32;1mchange detected (content changed, file is created, or file is deleted):
/home/travis/.m2/repository/eigenbase/eigenbase-properties/1.1.4/eigenbase-properties-1.1.4.pom.lastUpdated
/home/travis/.m2/repository/io/confluent/kafka-avro-serializer/1.0/kafka-avro-serializer-1.0.pom.lastUpdated
/home/travis/.m2/repository/io/confluent/kafka-schema-registry-client/1.0/kafka-schema-registry-client-1.0.pom.lastUpdated
/home/travis/.m2/repository/net/hydromatic/linq4j/0.4/linq4j-0.4.pom.lastUpdated
/home/travis/.m2/repository/net/hydromatic/quidem/0.1.1/quidem-0.1.1.pom.lastUpdated
/home/travis/.m2/repository/org/apache/storm/flux/2.0.0-SNAPSHOT/maven-metadata-local.xml
/home/travis/.m2/repository/org/apache/storm/flux/2.0.0-SNAPSHOT/_remote.repositories
/home/travis/.m2/repository/org/apache/storm/flux-core/2.0.0-SNAPSHOT/flux-core-2.0.0-SNAPSHOT.jar
/home/travis/.m2/repository/org/apache/storm/flux-core/2.0.0-SNAPSHOT/maven-metadata-local.xml
/home/travis/.m2/repository/org/apache/storm/flux-core/2.0.0-SNAPSHOT/_remote.repositories
/home/travis/.m2/repository/org/ap
[0m
[32;1m...
[0m
[32;1mchanges detected, packing new archive[0m
.
.
.
.
.
.
.
.
[32;1muploading archive[0m

travis_time:end:0122f74e:start=1467922345608569834,finish=1467922408965051119,duration=63356481285[0Ktravis_fold:end:cache.2[0K
Done. Your build exited with 1.
