Using worker: worker-linux-docker-a19d2a59.prod.travis-ci.org:travis-linux-12

travis_fold:start:system_info[0K[33;1mBuild system information[0m
Build language: java
Build group: stable
Build dist: precise
[34m[1mBuild image provisioning date and time[0m
Thu Feb  5 15:09:33 UTC 2015
[34m[1mOperating System Details[0m
Distributor ID:	Ubuntu
Description:	Ubuntu 12.04.5 LTS
Release:	12.04
Codename:	precise
[34m[1mLinux Version[0m
3.13.0-29-generic
[34m[1mCookbooks Version[0m
a68419e https://github.com/travis-ci/travis-cookbooks/tree/a68419e
[34m[1mGCC version[0m
gcc (Ubuntu/Linaro 4.6.3-1ubuntu5) 4.6.3
Copyright (C) 2011 Free Software Foundation, Inc.
This is free software; see the source for copying conditions.  There is NO
warranty; not even for MERCHANTABILITY or FITNESS FOR A PARTICULAR PURPOSE.

[34m[1mLLVM version[0m
clang version 3.4 (tags/RELEASE_34/final)
Target: x86_64-unknown-linux-gnu
Thread model: posix
[34m[1mPre-installed Ruby versions[0m
ruby-1.9.3-p551
[34m[1mPre-installed Node.js versions[0m
v0.10.36
[34m[1mPre-installed Go versions[0m
1.4.1
[34m[1mRedis version[0m
redis-server 2.8.19
[34m[1mriak version[0m
2.0.2
[34m[1mMongoDB version[0m
MongoDB 2.4.12
[34m[1mCouchDB version[0m
couchdb 1.6.1
[34m[1mNeo4j version[0m
1.9.4
[34m[1mRabbitMQ Version[0m
3.4.3
[34m[1mElasticSearch version[0m
1.4.0
[34m[1mInstalled Sphinx versions[0m
2.0.10
2.1.9
2.2.6
[34m[1mDefault Sphinx version[0m
2.2.6
[34m[1mInstalled Firefox version[0m
firefox 31.0esr
[34m[1mPhantomJS version[0m
1.9.8
[34m[1mant -version[0m
Apache Ant(TM) version 1.8.2 compiled on December 3 2011
[34m[1mmvn -version[0m
Apache Maven 3.2.5 (12a6b3acb947671f09b81f49094c53f426d8cea1; 2014-12-14T17:29:23+00:00)
Maven home: /usr/local/maven
Java version: 1.7.0_76, vendor: Oracle Corporation
Java home: /usr/lib/jvm/java-7-oracle/jre
Default locale: en_US, platform encoding: ANSI_X3.4-1968
OS name: "linux", version: "3.13.0-29-generic", arch: "amd64", family: "unix"
travis_fold:end:system_info[0K
travis_fold:start:fix.CVE-2015-7547[0K$ export DEBIAN_FRONTEND=noninteractive
W: Size of file /var/lib/apt/lists/us.archive.ubuntu.com_ubuntu_dists_precise-backports_multiverse_source_Sources.gz is not what the server reported 5886 5888
W: Size of file /var/lib/apt/lists/ppa.launchpad.net_ubuntugis_ppa_ubuntu_dists_precise_main_binary-amd64_Packages.gz is not what the server reported 36669 36677
W: Size of file /var/lib/apt/lists/ppa.launchpad.net_ubuntugis_ppa_ubuntu_dists_precise_main_binary-i386_Packages.gz is not what the server reported 36729 36733
Reading package lists...
Building dependency tree...
Reading state information...
The following extra packages will be installed:
  libc-bin libc-dev-bin libc6-dev
Suggested packages:
  glibc-doc
The following packages will be upgraded:
  libc-bin libc-dev-bin libc6 libc6-dev
4 upgraded, 0 newly installed, 0 to remove and 248 not upgraded.
Need to get 8,840 kB of archives.
After this operation, 14.3 kB disk space will be freed.
Get:1 http://us.archive.ubuntu.com/ubuntu/ precise-updates/main libc6-dev amd64 2.15-0ubuntu10.15 [2,943 kB]
Get:2 http://us.archive.ubuntu.com/ubuntu/ precise-updates/main libc-dev-bin amd64 2.15-0ubuntu10.15 [84.7 kB]
Get:3 http://us.archive.ubuntu.com/ubuntu/ precise-updates/main libc-bin amd64 2.15-0ubuntu10.15 [1,177 kB]
Get:4 http://us.archive.ubuntu.com/ubuntu/ precise-updates/main libc6 amd64 2.15-0ubuntu10.15 [4,636 kB]
Fetched 8,840 kB in 0s (35.2 MB/s)
Preconfiguring packages ...
(Reading database ... (Reading database ... 5%(Reading database ... 10%(Reading database ... 15%(Reading database ... 20%(Reading database ... 25%(Reading database ... 30%(Reading database ... 35%(Reading database ... 40%(Reading database ... 45%(Reading database ... 50%(Reading database ... 55%(Reading database ... 60%(Reading database ... 65%(Reading database ... 70%(Reading database ... 75%(Reading database ... 80%(Reading database ... 85%(Reading database ... 90%(Reading database ... 95%(Reading database ... 100%(Reading database ... 72019 files and directories currently installed.)
Preparing to replace libc6-dev 2.15-0ubuntu10.10 (using .../libc6-dev_2.15-0ubuntu10.15_amd64.deb) ...
Unpacking replacement libc6-dev ...
Preparing to replace libc-dev-bin 2.15-0ubuntu10.10 (using .../libc-dev-bin_2.15-0ubuntu10.15_amd64.deb) ...
Unpacking replacement libc-dev-bin ...
Preparing to replace libc-bin 2.15-0ubuntu10.10 (using .../libc-bin_2.15-0ubuntu10.15_amd64.deb) ...
Unpacking replacement libc-bin ...
Processing triggers for man-db ...
Setting up libc-bin (2.15-0ubuntu10.15) ...
(Reading database ... (Reading database ... 5%(Reading database ... 10%(Reading database ... 15%(Reading database ... 20%(Reading database ... 25%(Reading database ... 30%(Reading database ... 35%(Reading database ... 40%(Reading database ... 45%(Reading database ... 50%(Reading database ... 55%(Reading database ... 60%(Reading database ... 65%(Reading database ... 70%(Reading database ... 75%(Reading database ... 80%(Reading database ... 85%(Reading database ... 90%(Reading database ... 95%(Reading database ... 100%(Reading database ... 72018 files and directories currently installed.)
Preparing to replace libc6 2.15-0ubuntu10.10 (using .../libc6_2.15-0ubuntu10.15_amd64.deb) ...
Unpacking replacement libc6 ...
Setting up libc6 (2.15-0ubuntu10.15) ...
Setting up libc-dev-bin (2.15-0ubuntu10.15) ...
Setting up libc6-dev (2.15-0ubuntu10.15) ...
Processing triggers for libc-bin ...
ldconfig deferred processing now taking place
travis_fold:end:fix.CVE-2015-7547[0Ktravis_fold:start:git.checkout[0Ktravis_time:start:10a5c93c[0K$ git clone --depth=50 --branch=1.x-branch https://github.com/apache/storm.git apache/storm
Cloning into 'apache/storm'...
remote: Counting objects: 5108, done.[K
remote: Compressing objects:   0% (1/3213)   [Kremote: Compressing objects:   1% (33/3213)   [Kremote: Compressing objects:   2% (65/3213)   [Kremote: Compressing objects:   3% (97/3213)   [Kremote: Compressing objects:   4% (129/3213)   [Kremote: Compressing objects:   5% (161/3213)   [Kremote: Compressing objects:   6% (193/3213)   [Kremote: Compressing objects:   7% (225/3213)   [Kremote: Compressing objects:   8% (258/3213)   [Kremote: Compressing objects:   9% (290/3213)   [Kremote: Compressing objects:  10% (322/3213)   [Kremote: Compressing objects:  11% (354/3213)   [Kremote: Compressing objects:  12% (386/3213)   [Kremote: Compressing objects:  13% (418/3213)   [Kremote: Compressing objects:  14% (450/3213)   [Kremote: Compressing objects:  15% (482/3213)   [Kremote: Compressing objects:  16% (515/3213)   [Kremote: Compressing objects:  17% (547/3213)   [Kremote: Compressing objects:  18% (579/3213)   [Kremote: Compressing objects:  19% (611/3213)   [Kremote: Compressing objects:  20% (643/3213)   [Kremote: Compressing objects:  21% (675/3213)   [Kremote: Compressing objects:  22% (707/3213)   [Kremote: Compressing objects:  23% (739/3213)   [Kremote: Compressing objects:  24% (772/3213)   [Kremote: Compressing objects:  25% (804/3213)   [Kremote: Compressing objects:  26% (836/3213)   [Kremote: Compressing objects:  27% (868/3213)   [Kremote: Compressing objects:  28% (900/3213)   [Kremote: Compressing objects:  29% (932/3213)   [Kremote: Compressing objects:  30% (964/3213)   [Kremote: Compressing objects:  31% (997/3213)   [Kremote: Compressing objects:  32% (1029/3213)   [Kremote: Compressing objects:  33% (1061/3213)   [Kremote: Compressing objects:  34% (1093/3213)   [Kremote: Compressing objects:  35% (1125/3213)   [Kremote: Compressing objects:  36% (1157/3213)   [Kremote: Compressing objects:  37% (1189/3213)   [Kremote: Compressing objects:  38% (1221/3213)   [Kremote: Compressing objects:  39% (1254/3213)   [Kremote: Compressing objects:  40% (1286/3213)   [Kremote: Compressing objects:  41% (1318/3213)   [Kremote: Compressing objects:  42% (1350/3213)   [Kremote: Compressing objects:  43% (1382/3213)   [Kremote: Compressing objects:  44% (1414/3213)   [Kremote: Compressing objects:  45% (1446/3213)   [Kremote: Compressing objects:  46% (1478/3213)   [Kremote: Compressing objects:  47% (1511/3213)   [Kremote: Compressing objects:  48% (1543/3213)   [Kremote: Compressing objects:  49% (1575/3213)   [Kremote: Compressing objects:  50% (1607/3213)   [Kremote: Compressing objects:  51% (1639/3213)   [Kremote: Compressing objects:  52% (1671/3213)   [Kremote: Compressing objects:  53% (1703/3213)   [Kremote: Compressing objects:  54% (1736/3213)   [Kremote: Compressing objects:  55% (1768/3213)   [Kremote: Compressing objects:  56% (1800/3213)   [Kremote: Compressing objects:  57% (1832/3213)   [Kremote: Compressing objects:  58% (1864/3213)   [Kremote: Compressing objects:  59% (1896/3213)   [Kremote: Compressing objects:  60% (1928/3213)   [Kremote: Compressing objects:  61% (1960/3213)   [Kremote: Compressing objects:  62% (1993/3213)   [Kremote: Compressing objects:  63% (2025/3213)   [Kremote: Compressing objects:  64% (2057/3213)   [Kremote: Compressing objects:  65% (2089/3213)   [Kremote: Compressing objects:  66% (2121/3213)   [Kremote: Compressing objects:  67% (2153/3213)   [Kremote: Compressing objects:  68% (2185/3213)   [Kremote: Compressing objects:  69% (2217/3213)   [Kremote: Compressing objects:  70% (2250/3213)   [Kremote: Compressing objects:  71% (2282/3213)   [Kremote: Compressing objects:  72% (2314/3213)   [Kremote: Compressing objects:  73% (2346/3213)   [Kremote: Compressing objects:  74% (2378/3213)   [Kremote: Compressing objects:  75% (2410/3213)   [Kremote: Compressing objects:  76% (2442/3213)   [Kremote: Compressing objects:  77% (2475/3213)   [Kremote: Compressing objects:  78% (2507/3213)   [Kremote: Compressing objects:  79% (2539/3213)   [Kremote: Compressing objects:  80% (2571/3213)   [Kremote: Compressing objects:  81% (2603/3213)   [Kremote: Compressing objects:  82% (2635/3213)   [Kremote: Compressing objects:  83% (2667/3213)   [Kremote: Compressing objects:  84% (2699/3213)   [Kremote: Compressing objects:  85% (2732/3213)   [Kremote: Compressing objects:  86% (2764/3213)   [Kremote: Compressing objects:  87% (2796/3213)   [Kremote: Compressing objects:  88% (2828/3213)   [Kremote: Compressing objects:  89% (2860/3213)   [Kremote: Compressing objects:  90% (2892/3213)   [Kremote: Compressing objects:  91% (2924/3213)   [Kremote: Compressing objects:  92% (2956/3213)   [Kremote: Compressing objects:  93% (2989/3213)   [Kremote: Compressing objects:  94% (3021/3213)   [Kremote: Compressing objects:  95% (3053/3213)   [Kremote: Compressing objects:  96% (3085/3213)   [Kremote: Compressing objects:  97% (3117/3213)   [Kremote: Compressing objects:  98% (3149/3213)   [Kremote: Compressing objects:  99% (3181/3213)   [Kremote: Compressing objects: 100% (3213/3213)   [Kremote: Compressing objects: 100% (3213/3213), done.[K
Receiving objects:   0% (1/5108)   Receiving objects:   1% (52/5108)   Receiving objects:   2% (103/5108)   Receiving objects:   3% (154/5108)   Receiving objects:   4% (205/5108)   Receiving objects:   5% (256/5108)   Receiving objects:   6% (307/5108)   Receiving objects:   7% (358/5108)   Receiving objects:   8% (409/5108)   Receiving objects:   9% (460/5108)   Receiving objects:  10% (511/5108)   Receiving objects:  11% (562/5108)   Receiving objects:  12% (613/5108)   Receiving objects:  13% (665/5108)   Receiving objects:  14% (716/5108)   Receiving objects:  15% (767/5108)   Receiving objects:  16% (818/5108)   Receiving objects:  17% (869/5108)   Receiving objects:  18% (920/5108)   Receiving objects:  19% (971/5108)   Receiving objects:  20% (1022/5108)   Receiving objects:  21% (1073/5108)   Receiving objects:  22% (1124/5108)   Receiving objects:  23% (1175/5108)   Receiving objects:  24% (1226/5108)   Receiving objects:  25% (1277/5108)   Receiving objects:  26% (1329/5108)   Receiving objects:  27% (1380/5108)   Receiving objects:  28% (1431/5108)   Receiving objects:  29% (1482/5108)   Receiving objects:  30% (1533/5108)   Receiving objects:  31% (1584/5108)   Receiving objects:  32% (1635/5108)   Receiving objects:  33% (1686/5108)   Receiving objects:  34% (1737/5108)   Receiving objects:  35% (1788/5108)   Receiving objects:  36% (1839/5108)   Receiving objects:  37% (1890/5108)   Receiving objects:  38% (1942/5108)   Receiving objects:  39% (1993/5108)   Receiving objects:  40% (2044/5108)   Receiving objects:  41% (2095/5108)   Receiving objects:  42% (2146/5108)   Receiving objects:  43% (2197/5108)   Receiving objects:  44% (2248/5108)   Receiving objects:  45% (2299/5108)   Receiving objects:  46% (2350/5108)   Receiving objects:  47% (2401/5108)   Receiving objects:  48% (2452/5108)   Receiving objects:  49% (2503/5108)   Receiving objects:  50% (2554/5108)   Receiving objects:  51% (2606/5108)   Receiving objects:  52% (2657/5108)   Receiving objects:  53% (2708/5108)   Receiving objects:  54% (2759/5108)   Receiving objects:  55% (2810/5108)   Receiving objects:  56% (2861/5108)   Receiving objects:  57% (2912/5108)   Receiving objects:  58% (2963/5108)   Receiving objects:  59% (3014/5108)   Receiving objects:  60% (3065/5108)   Receiving objects:  61% (3116/5108)   Receiving objects:  62% (3167/5108)   Receiving objects:  63% (3219/5108)   Receiving objects:  64% (3270/5108)   Receiving objects:  65% (3321/5108)   Receiving objects:  66% (3372/5108)   Receiving objects:  67% (3423/5108)   Receiving objects:  68% (3474/5108)   Receiving objects:  69% (3525/5108)   Receiving objects:  70% (3576/5108)   Receiving objects:  71% (3627/5108)   Receiving objects:  72% (3678/5108)   Receiving objects:  73% (3729/5108)   Receiving objects:  74% (3780/5108)   Receiving objects:  75% (3831/5108)   Receiving objects:  76% (3883/5108)   Receiving objects:  77% (3934/5108)   Receiving objects:  78% (3985/5108)   Receiving objects:  79% (4036/5108)   Receiving objects:  80% (4087/5108)   Receiving objects:  81% (4138/5108)   Receiving objects:  82% (4189/5108)   Receiving objects:  83% (4240/5108)   Receiving objects:  84% (4291/5108)   Receiving objects:  85% (4342/5108)   Receiving objects:  86% (4393/5108)   Receiving objects:  87% (4444/5108)   Receiving objects:  88% (4496/5108)   Receiving objects:  89% (4547/5108)   Receiving objects:  90% (4598/5108)   remote: Total 5108 (delta 2052), reused 3345 (delta 1024), pack-reused 0[K
Receiving objects:  91% (4649/5108)   Receiving objects:  92% (4700/5108)   Receiving objects:  93% (4751/5108)   Receiving objects:  94% (4802/5108)   Receiving objects:  95% (4853/5108)   Receiving objects:  96% (4904/5108)   Receiving objects:  97% (4955/5108)   Receiving objects:  98% (5006/5108)   Receiving objects:  99% (5057/5108)   Receiving objects: 100% (5108/5108)   Receiving objects: 100% (5108/5108), 8.96 MiB | 0 bytes/s, done.
Resolving deltas:   0% (0/2052)   Resolving deltas:   1% (37/2052)   Resolving deltas:   3% (81/2052)   Resolving deltas:   4% (83/2052)   Resolving deltas:   5% (107/2052)   Resolving deltas:   6% (124/2052)   Resolving deltas:   7% (146/2052)   Resolving deltas:   8% (165/2052)   Resolving deltas:   9% (185/2052)   Resolving deltas:  10% (206/2052)   Resolving deltas:  15% (310/2052)   Resolving deltas:  16% (329/2052)   Resolving deltas:  17% (349/2052)   Resolving deltas:  18% (385/2052)   Resolving deltas:  19% (390/2052)   Resolving deltas:  20% (412/2052)   Resolving deltas:  21% (436/2052)   Resolving deltas:  22% (455/2052)   Resolving deltas:  23% (476/2052)   Resolving deltas:  24% (509/2052)   Resolving deltas:  25% (517/2052)   Resolving deltas:  26% (538/2052)   Resolving deltas:  27% (556/2052)   Resolving deltas:  28% (590/2052)   Resolving deltas:  29% (597/2052)   Resolving deltas:  30% (617/2052)   Resolving deltas:  31% (637/2052)   Resolving deltas:  32% (658/2052)   Resolving deltas:  33% (686/2052)   Resolving deltas:  34% (698/2052)   Resolving deltas:  35% (723/2052)   Resolving deltas:  36% (740/2052)   Resolving deltas:  37% (762/2052)   Resolving deltas:  38% (781/2052)   Resolving deltas:  39% (804/2052)   Resolving deltas:  40% (821/2052)   Resolving deltas:  41% (843/2052)   Resolving deltas:  42% (864/2052)   Resolving deltas:  43% (883/2052)   Resolving deltas:  44% (903/2052)   Resolving deltas:  45% (934/2052)   Resolving deltas:  46% (946/2052)   Resolving deltas:  47% (966/2052)   Resolving deltas:  48% (986/2052)   Resolving deltas:  49% (1006/2052)   Resolving deltas:  50% (1026/2052)   Resolving deltas:  51% (1047/2052)   Resolving deltas:  52% (1074/2052)   Resolving deltas:  53% (1096/2052)   Resolving deltas:  56% (1155/2052)   Resolving deltas:  57% (1183/2052)   Resolving deltas:  58% (1192/2052)   Resolving deltas:  59% (1221/2052)   Resolving deltas:  60% (1237/2052)   Resolving deltas:  61% (1254/2052)   Resolving deltas:  62% (1287/2052)   Resolving deltas:  63% (1293/2052)   Resolving deltas:  64% (1316/2052)   Resolving deltas:  65% (1335/2052)   Resolving deltas:  66% (1355/2052)   Resolving deltas:  67% (1375/2052)   Resolving deltas:  68% (1396/2052)   Resolving deltas:  69% (1416/2052)   Resolving deltas:  70% (1440/2052)   Resolving deltas:  71% (1457/2052)   Resolving deltas:  72% (1478/2052)   Resolving deltas:  73% (1498/2052)   Resolving deltas:  74% (1519/2052)   Resolving deltas:  75% (1539/2052)   Resolving deltas:  76% (1560/2052)   Resolving deltas:  77% (1583/2052)   Resolving deltas:  78% (1611/2052)   Resolving deltas:  79% (1622/2052)   Resolving deltas:  80% (1642/2052)   Resolving deltas:  81% (1663/2052)   Resolving deltas:  82% (1684/2052)   Resolving deltas:  83% (1708/2052)   Resolving deltas:  84% (1725/2052)   Resolving deltas:  85% (1747/2052)   Resolving deltas:  86% (1767/2052)   Resolving deltas:  87% (1788/2052)   Resolving deltas:  88% (1806/2052)   Resolving deltas:  89% (1827/2052)   Resolving deltas:  91% (1881/2052)   Resolving deltas:  92% (1901/2052)   Resolving deltas:  93% (1909/2052)   Resolving deltas:  94% (1930/2052)   Resolving deltas:  97% (2001/2052)   Resolving deltas:  98% (2011/2052)   Resolving deltas:  99% (2032/2052)   Resolving deltas: 100% (2052/2052)   Resolving deltas: 100% (2052/2052), done.
Checking connectivity... done.

travis_time:end:10a5c93c:start=1467961102898826535,finish=1467961104547144491,duration=1648317956[0K$ cd apache/storm
$ git checkout -qf 0eef4d8c8db54cb755c86ffa9093bf6ec15c7031
travis_fold:end:git.checkout[0K
[33;1mThis job is running on container-based infrastructure, which does not allow use of 'sudo', setuid and setguid executables.[0m
[33;1mIf you require sudo, add 'sudo: required' to your .travis.yml[0m
[33;1mSee https://docs.travis-ci.com/user/workers/container-based-infrastructure/ for details.[0m

[33;1mSetting environment variables from .travis.yml[0m
$ export MODULES=storm-core

$ jdk_switcher use oraclejdk7
Switching to Oracle JDK7 (java-7-oracle), JAVA_HOME will be set to /usr/lib/jvm/java-7-oracle
travis_fold:start:cache.1[0KSetting up build cache
$ export CASHER_DIR=$HOME/.casher
travis_time:start:12e94909[0K$ Installing caching utilities

travis_time:end:12e94909:start=1467961106424871000,finish=1467961106487947408,duration=63076408[0Ktravis_time:start:29bc49e0[0K
travis_time:end:29bc49e0:start=1467961106492763093,finish=1467961106495920352,duration=3157259[0Ktravis_time:start:154478d8[0K[32;1mattempting to download cache archive[0m
[32;1mfetching 1.x-branch/cache-linux-precise-4722ea394922d42b2b7eb84cff6efc764d76759821ac6f6efc13232aa923f595--jdk-oraclejdk7.tgz[0m
[32;1mfound cache[0m

travis_time:end:154478d8:start=1467961106499612121,finish=1467961126134248107,duration=19634635986[0Ktravis_time:start:02a804f1[0K
travis_time:end:02a804f1:start=1467961126138069864,finish=1467961126141375621,duration=3305757[0Ktravis_time:start:22a7b24e[0K[32;1madding /home/travis/.m2/repository to cache[0m
[32;1madding /home/travis/.rvm to cache[0m
[32;1madding /home/travis/.nvm to cache[0m

travis_time:end:22a7b24e:start=1467961126145118191,finish=1467961154376950290,duration=28231832099[0Ktravis_fold:end:cache.1[0K$ java -Xmx32m -version
java version "1.7.0_76"
Java(TM) SE Runtime Environment (build 1.7.0_76-b13)
Java HotSpot(TM) 64-Bit Server VM (build 24.76-b04, mixed mode)
$ javac -J-Xmx32m -version
javac 1.7.0_76
travis_fold:start:before_install.1[0Ktravis_time:start:0e2567aa[0K$ rvm use 2.1.5 --install
[32mUsing /home/travis/.rvm/gems/ruby-2.1.5[0m

travis_time:end:0e2567aa:start=1467961154789897951,finish=1467961155115667290,duration=325769339[0Ktravis_fold:end:before_install.1[0Ktravis_fold:start:before_install.2[0Ktravis_time:start:0283df7c[0K$ nvm install 0.12.2
v0.12.2 is already installed.
Now using node v0.12.2

travis_time:end:0283df7c:start=1467961155120108363,finish=1467961155381617155,duration=261508792[0Ktravis_fold:end:before_install.2[0Ktravis_fold:start:before_install.3[0Ktravis_time:start:04c31a8b[0K$ nvm use 0.12.2
Now using node v0.12.2

travis_time:end:04c31a8b:start=1467961155386059120,finish=1467961155441707703,duration=55648583[0Ktravis_fold:end:before_install.3[0Ktravis_fold:start:install[0Ktravis_time:start:239daad4[0K$ /bin/bash ./dev-tools/travis/travis-install.sh `pwd`
Python version :   Python 2.7.3
Maven version  :   Apache Maven 3.2.5 (12a6b3acb947671f09b81f49094c53f426d8cea1; 2014-12-14T17:29:23+00:00) Maven home: /usr/local/maven Java version: 1.7.0_76, vendor: Oracle Corporation Java home: /usr/lib/jvm/java-7-oracle/jre Default locale: en_US, platform encoding: UTF-8 OS name: "linux", version: "3.13.0-40-generic", arch: "amd64", family: "unix"
['mvn', 'clean', 'install', '-DskipTests', '-Pnative', '--batch-mode'] writing to install.txt
1 seconds 1 log lines11 seconds 288 log lines21 seconds 306 log lines42 seconds 308 log lines54 seconds 316 log lines67 seconds 339 log lines77 seconds 495 log lines99 seconds 621 log lines110 seconds 828 log lines121 seconds 885 log lines131 seconds 1121 log lines145 seconds 1283 log lines155 seconds 1572 log lines166 seconds 1715 log lines177 seconds 2096 log lines190 seconds 2252 log lines203 seconds 2547 log lines203 seconds 2548 log lines
['mvn', 'clean', 'install', '-DskipTests', '-Pnative', '--batch-mode'] done 0

travis_time:end:239daad4:start=1467961155446077645,finish=1467961359639611722,duration=204193534077[0Ktravis_fold:end:install[0Ktravis_time:start:02ec61af[0K$ /bin/bash ./dev-tools/travis/travis-script.sh `pwd` $MODULES
Python version :   Python 2.7.3
Ruby version   :   ruby 2.1.5p273 (2014-11-13 revision 48405) [x86_64-linux]
NodeJs version :  
Maven version  :   Apache Maven 3.2.5 (12a6b3acb947671f09b81f49094c53f426d8cea1; 2014-12-14T17:29:23+00:00) Maven home: /usr/local/maven Java version: 1.7.0_76, vendor: Oracle Corporation Java home: /usr/lib/jvm/java-7-oracle/jre Default locale: en_US, platform encoding: UTF-8 OS name: "linux", version: "3.13.0-40-generic", arch: "amd64", family: "unix"
[INFO] Scanning for projects...
[INFO]                                                                         
[INFO] ------------------------------------------------------------------------
[INFO] Building Storm Core 1.1.0-SNAPSHOT
[INFO] ------------------------------------------------------------------------
[INFO] 
[INFO] --- exec-maven-plugin:1.2.1:exec (default) @ storm-core ---
[INFO] 
[INFO] --- maven-remote-resources-plugin:1.2.1:process (default) @ storm-core ---
[INFO] 
[INFO] --- storm-maven-plugins:1.1.0-SNAPSHOT:version-info (version-info) @ storm-core ---
[WARNING] [svn, info] failed with error code 1
[INFO] SCM: GIT
[INFO] Computed MD5: ca4e7df236e837f4b35319328292a7
[INFO] 
[INFO] --- maven-resources-plugin:2.5:resources (default-resources) @ storm-core ---
[debug] execute contextualize
[INFO] Using 'UTF-8' encoding to copy filtered resources.
[INFO] Copying 8 resources
[INFO] Copying 1 resource to META-INF
[INFO] Copying 0 resource
[INFO] Copying 1 resource
[INFO] Copying 3 resources
[INFO] 
[INFO] --- maven-compiler-plugin:3.1:compile (default-compile) @ storm-core ---
[INFO] Nothing to compile - all classes are up to date
[INFO] 
[INFO] --- clojure-maven-plugin:1.7.1:compile (compile-clojure) @ storm-core ---
Compiling org.apache.storm.stats to /home/travis/build/apache/storm/storm-core/target/classes
Compiling org.apache.storm.converter to /home/travis/build/apache/storm/storm-core/target/classes
Compiling org.apache.storm.testing to /home/travis/build/apache/storm/storm-core/target/classes
Compiling org.apache.storm.util to /home/travis/build/apache/storm/storm-core/target/classes
Compiling org.apache.storm.scheduler.DefaultScheduler to /home/travis/build/apache/storm/storm-core/target/classes
Compiling org.apache.storm.command.kill-workers to /home/travis/build/apache/storm/storm-core/target/classes
Compiling org.apache.storm.pacemaker.pacemaker-state-factory to /home/travis/build/apache/storm/storm-core/target/classes
Compiling org.apache.storm.daemon.task to /home/travis/build/apache/storm/storm-core/target/classes
Compiling org.apache.storm.process-simulator to /home/travis/build/apache/storm/storm-core/target/classes
Compiling org.apache.storm.daemon.common to /home/travis/build/apache/storm/storm-core/target/classes
Compiling org.apache.storm.command.list to /home/travis/build/apache/storm/storm-core/target/classes
Compiling org.apache.storm.command.dev-zookeeper to /home/travis/build/apache/storm/storm-core/target/classes
Compiling org.apache.storm.command.set-log-level to /home/travis/build/apache/storm/storm-core/target/classes
Compiling org.apache.storm.command.kill-topology to /home/travis/build/apache/storm/storm-core/target/classes
Compiling org.apache.storm.LocalDRPC to /home/travis/build/apache/storm/storm-core/target/classes
Compiling org.apache.storm.event to /home/travis/build/apache/storm/storm-core/target/classes
Compiling org.apache.storm.command.get-errors to /home/travis/build/apache/storm/storm-core/target/classes
Compiling org.apache.storm.trident.testing to /home/travis/build/apache/storm/storm-core/target/classes
Compiling org.apache.storm.daemon.drpc to /home/travis/build/apache/storm/storm-core/target/classes
Compiling org.apache.storm.config to /home/travis/build/apache/storm/storm-core/target/classes
Compiling org.apache.storm.log to /home/travis/build/apache/storm/storm-core/target/classes
Compiling org.apache.storm.daemon.executor to /home/travis/build/apache/storm/storm-core/target/classes
Compiling org.apache.storm.thrift to /home/travis/build/apache/storm/storm-core/target/classes
Compiling org.apache.storm.daemon.builtin-metrics to /home/travis/build/apache/storm/storm-core/target/classes
Compiling org.apache.storm.daemon.logviewer to /home/travis/build/apache/storm/storm-core/target/classes
Compiling org.apache.storm.command.monitor to /home/travis/build/apache/storm/storm-core/target/classes
Compiling org.apache.storm.disruptor to /home/travis/build/apache/storm/storm-core/target/classes
Compiling org.apache.storm.ui.core to /home/travis/build/apache/storm/storm-core/target/classes
Compiling org.apache.storm.cluster to /home/travis/build/apache/storm/storm-core/target/classes
Compiling org.apache.storm.pacemaker.pacemaker to /home/travis/build/apache/storm/storm-core/target/classes
Compiling org.apache.storm.command.rebalance to /home/travis/build/apache/storm/storm-core/target/classes
Compiling org.apache.storm.daemon.worker to /home/travis/build/apache/storm/storm-core/target/classes
Compiling org.apache.storm.metric.testing to /home/travis/build/apache/storm/storm-core/target/classes
Compiling org.apache.storm.daemon.acker to /home/travis/build/apache/storm/storm-core/target/classes
Compiling org.apache.storm.command.heartbeats to /home/travis/build/apache/storm/storm-core/target/classes
WARNING: reverse already refers to: #'clojure.core/reverse in namespace: org.apache.storm.command.heartbeats, being replaced by: #'clojure.string/reverse
WARNING: replace already refers to: #'clojure.core/replace in namespace: org.apache.storm.command.heartbeats, being replaced by: #'clojure.string/replace
Compiling org.apache.storm.command.activate to /home/travis/build/apache/storm/storm-core/target/classes
Compiling org.apache.storm.blobstore to /home/travis/build/apache/storm/storm-core/target/classes
Compiling org.apache.storm.daemon.supervisor to /home/travis/build/apache/storm/storm-core/target/classes
Compiling org.apache.storm.scheduler.EvenScheduler to /home/travis/build/apache/storm/storm-core/target/classes
Compiling org.apache.storm.messaging.local to /home/travis/build/apache/storm/storm-core/target/classes
Compiling org.apache.storm.command.upload-credentials to /home/travis/build/apache/storm/storm-core/target/classes
Compiling org.apache.storm.command.deactivate to /home/travis/build/apache/storm/storm-core/target/classes
Compiling org.apache.storm.command.blobstore to /home/travis/build/apache/storm/storm-core/target/classes
Compiling org.apache.storm.local-state to /home/travis/build/apache/storm/storm-core/target/classes
Compiling org.apache.storm.command.healthcheck to /home/travis/build/apache/storm/storm-core/target/classes
Compiling org.apache.storm.messaging.loader to /home/travis/build/apache/storm/storm-core/target/classes
Compiling org.apache.storm.testing4j to /home/travis/build/apache/storm/storm-core/target/classes
Compiling org.apache.storm.ui.helpers to /home/travis/build/apache/storm/storm-core/target/classes
Compiling org.apache.storm.scheduler.IsolationScheduler to /home/travis/build/apache/storm/storm-core/target/classes
Compiling org.apache.storm.clojure to /home/travis/build/apache/storm/storm-core/target/classes
Compiling org.apache.storm.command.shell-submission to /home/travis/build/apache/storm/storm-core/target/classes
Compiling org.apache.storm.timer to /home/travis/build/apache/storm/storm-core/target/classes
Compiling org.apache.storm.MockAutoCred to /home/travis/build/apache/storm/storm-core/target/classes
Compiling org.apache.storm.daemon.nimbus to /home/travis/build/apache/storm/storm-core/target/classes
Compiling org.apache.storm.command.config-value to /home/travis/build/apache/storm/storm-core/target/classes
Compiling org.apache.storm.LocalCluster to /home/travis/build/apache/storm/storm-core/target/classes
Compiling org.apache.storm.cluster-state.zookeeper-state-factory to /home/travis/build/apache/storm/storm-core/target/classes
Compiling org.apache.storm.zookeeper to /home/travis/build/apache/storm/storm-core/target/classes
[INFO] 
[INFO] --- make-maven-plugin:1.0-beta-1:autoreconf (compile) @ storm-core ---
[INFO] 
[INFO] --- make-maven-plugin:1.0-beta-1:configure (compile) @ storm-core ---
[INFO] /bin/sh: 14: /home/travis/.jdk_switcher_rc: [[: not found
[INFO] /bin/sh: 22: /home/travis/.jdk_switcher_rc: [[: not found
[INFO] /bin/sh: 32: /home/travis/.jdk_switcher_rc: [[: not found
[INFO] /bin/sh: 42: /home/travis/.jdk_switcher_rc: [[: not found
[INFO] Segmentation fault
[INFO] /bin/sh: 3: /etc/profile.d/rvm.sh: [[: not found
[INFO] checking for gcc... gcc
[INFO] checking whether the C compiler works... yes
[INFO] checking for C compiler default output file name... a.out
[INFO] checking for suffix of executables... 
[INFO] checking whether we are cross compiling... no
[INFO] checking for suffix of object files... o
[INFO] checking whether we are using the GNU C compiler... yes
[INFO] checking whether gcc accepts -g... yes
[INFO] checking for gcc option to accept ISO C89... none needed
[INFO] checking how to run the C preprocessor... gcc -E
[INFO] checking for grep that handles long lines and -e... /bin/grep
[INFO] checking for egrep... /bin/grep -E
[INFO] checking for ANSI C header files... yes
[INFO] checking for sys/types.h... yes
[INFO] checking for sys/stat.h... yes
[INFO] checking for stdlib.h... yes
[INFO] checking for string.h... yes
[INFO] checking for memory.h... yes
[INFO] checking for strings.h... yes
[INFO] checking for inttypes.h... yes
[INFO] checking for stdint.h... yes
[INFO] checking for unistd.h... yes
[INFO] checking minix/config.h usability... no
[INFO] checking minix/config.h presence... no
[INFO] checking for minix/config.h... no
[INFO] checking whether it is safe to define __EXTENSIONS__... yes
[INFO] checking for a BSD-compatible install... /usr/bin/install -c
[INFO] checking whether build environment is sane... yes
[INFO] checking for a thread-safe mkdir -p... /bin/mkdir -p
[INFO] checking for gawk... gawk
[INFO] checking whether make sets $(MAKE)... yes
[INFO] checking for style of include used by make... GNU
[INFO] checking dependency style of gcc... gcc3
[INFO] checking for gcc... (cached) gcc
[INFO] checking whether we are using the GNU C compiler... (cached) yes
[INFO] checking whether gcc accepts -g... (cached) yes
[INFO] checking for gcc option to accept ISO C89... (cached) none needed
[INFO] checking whether gcc and cc understand -c and -o together... yes
[INFO] checking for unistd.h... (cached) yes
[INFO] checking for stdbool.h that conforms to C99... yes
[INFO] checking for _Bool... yes
[INFO] checking for an ANSI C-conforming const... yes
[INFO] checking for off_t... yes
[INFO] checking for size_t... yes
[INFO] checking whether strerror_r is declared... yes
[INFO] checking for strerror_r... yes
[INFO] checking whether strerror_r returns char *... yes
[INFO] checking for mkdir... yes
[INFO] checking for uname... yes
[INFO] configure: creating ./config.status
[INFO] config.status: creating Makefile
[INFO] config.status: executing depfiles commands
[INFO] 
[INFO] --- make-maven-plugin:1.0-beta-1:make-install (compile) @ storm-core ---
[INFO] /bin/sh: 14: /home/travis/.jdk_switcher_rc: [[: not found
[INFO] /bin/sh: 22: /home/travis/.jdk_switcher_rc: [[: not found
[INFO] /bin/sh: 32: /home/travis/.jdk_switcher_rc: [[: not found
[INFO] /bin/sh: 42: /home/travis/.jdk_switcher_rc: [[: not found
[INFO] Segmentation fault
[INFO] /bin/sh: 3: /etc/profile.d/rvm.sh: [[: not found
[INFO] make[1]: Entering directory `/home/travis/build/apache/storm/storm-core/target/native/worker-launcher'
[INFO] test -z "/usr/local/bin" || /bin/mkdir -p "/home/travis/build/apache/storm/storm-core/target/native/target/usr/local/bin"
[INFO]   /usr/bin/install -c worker-launcher '/home/travis/build/apache/storm/storm-core/target/native/target/usr/local/bin'
[INFO] make[1]: Nothing to be done for `install-data-am'.
[INFO] make[1]: Leaving directory `/home/travis/build/apache/storm/storm-core/target/native/worker-launcher'
[INFO] 
[INFO] --- maven-resources-plugin:2.5:testResources (default-testResources) @ storm-core ---
[debug] execute contextualize
[INFO] Using 'UTF-8' encoding to copy filtered resources.
[INFO] Copying 14 resources
[INFO] Copying 2 resources
[INFO] Copying 3 resources
[INFO] 
[INFO] --- maven-dependency-plugin:2.8:unpack (unpack) @ storm-core ---
[INFO] Configured Artifact: org.apache.storm:multilang-ruby:1.1.0-SNAPSHOT:jar
[INFO] Downloading: https://repository.apache.org/snapshots/org/apache/storm/multilang-ruby/1.1.0-SNAPSHOT/maven-metadata.xml
[INFO] Downloaded: https://repository.apache.org/snapshots/org/apache/storm/multilang-ruby/1.1.0-SNAPSHOT/maven-metadata.xml (2 KB at 2.4 KB/sec)
[INFO] Configured Artifact: org.apache.storm:multilang-python:1.1.0-SNAPSHOT:jar
[INFO] Downloading: https://repository.apache.org/snapshots/org/apache/storm/multilang-python/1.1.0-SNAPSHOT/maven-metadata.xml
[INFO] Downloaded: https://repository.apache.org/snapshots/org/apache/storm/multilang-python/1.1.0-SNAPSHOT/maven-metadata.xml (2 KB at 13.6 KB/sec)
[INFO] Configured Artifact: org.apache.storm:multilang-javascript:1.1.0-SNAPSHOT:jar
[INFO] Downloading: https://repository.apache.org/snapshots/org/apache/storm/multilang-javascript/1.1.0-SNAPSHOT/maven-metadata.xml
[INFO] Downloaded: https://repository.apache.org/snapshots/org/apache/storm/multilang-javascript/1.1.0-SNAPSHOT/maven-metadata.xml (2 KB at 16.2 KB/sec)
[INFO] multilang-ruby-1.1.0-SNAPSHOT.jar already unpacked.
[INFO] multilang-python-1.1.0-SNAPSHOT.jar already unpacked.
[INFO] multilang-javascript-1.1.0-SNAPSHOT.jar already unpacked.
[INFO] 
[INFO] --- maven-compiler-plugin:3.1:testCompile (default-testCompile) @ storm-core ---
[INFO] Nothing to compile - all classes are up to date
[INFO] 
[INFO] --- maven-surefire-plugin:2.18.1:test (default-test) @ storm-core ---
[INFO] Surefire report directory: /home/travis/build/apache/storm/storm-core/target/surefire-reports
[INFO] parallel='none', perCoreThreadCount=true, threadCount=0, useUnlimitedThreads=false, threadCountSuites=0, threadCountClasses=0, threadCountMethods=0, parallelOptimized=true

-------------------------------------------------------
 T E S T S
-------------------------------------------------------
Running org.apache.storm.trident.TestTridentTopology
Tests run: 1, Failures: 0, Errors: 0, Skipped: 0, Time elapsed: 5.588 sec - in org.apache.storm.trident.TestTridentTopology
Running org.apache.storm.trident.TridentWindowingTest
Tests run: 3, Failures: 0, Errors: 0, Skipped: 0, Time elapsed: 0 sec - in org.apache.storm.trident.TridentWindowingTest
Running org.apache.storm.utils.DisruptorQueueTest
Tests run: 3, Failures: 0, Errors: 0, Skipped: 0, Time elapsed: 3.184 sec - in org.apache.storm.utils.DisruptorQueueTest
Running org.apache.storm.utils.ThriftTopologyUtilsTest
Tests run: 5, Failures: 0, Errors: 0, Skipped: 0, Time elapsed: 0.008 sec - in org.apache.storm.utils.ThriftTopologyUtilsTest
Running org.apache.storm.utils.DisruptorQueueBackpressureTest
Tests run: 1, Failures: 0, Errors: 0, Skipped: 0, Time elapsed: 0 sec - in org.apache.storm.utils.DisruptorQueueBackpressureTest
Running org.apache.storm.utils.WorkerBackpressureThreadTest
Tests run: 1, Failures: 0, Errors: 0, Skipped: 0, Time elapsed: 0.206 sec - in org.apache.storm.utils.WorkerBackpressureThreadTest
Running org.apache.storm.utils.StormBoundedExponentialBackoffRetryTest
Tests run: 5, Failures: 0, Errors: 0, Skipped: 0, Time elapsed: 0.105 sec - in org.apache.storm.utils.StormBoundedExponentialBackoffRetryTest
Running org.apache.storm.utils.ShellBoltMessageQueueTest
Tests run: 3, Failures: 0, Errors: 0, Skipped: 0, Time elapsed: 1.838 sec - in org.apache.storm.utils.ShellBoltMessageQueueTest
Running org.apache.storm.grouping.PartialKeyGroupingTest
Tests run: 2, Failures: 0, Errors: 0, Skipped: 0, Time elapsed: 0.526 sec - in org.apache.storm.grouping.PartialKeyGroupingTest
Running org.apache.storm.serialization.GzipBridgeThriftSerializationDelegateTest
Tests run: 3, Failures: 0, Errors: 0, Skipped: 0, Time elapsed: 0.021 sec - in org.apache.storm.serialization.GzipBridgeThriftSerializationDelegateTest
Running org.apache.storm.serialization.GzipBridgeSerializationDelegateTest
Tests run: 3, Failures: 0, Errors: 0, Skipped: 0, Time elapsed: 0.016 sec - in org.apache.storm.serialization.GzipBridgeSerializationDelegateTest
Running org.apache.storm.serialization.ThriftBridgeSerializationDelegateTest
Tests run: 1, Failures: 0, Errors: 0, Skipped: 0, Time elapsed: 0.012 sec - in org.apache.storm.serialization.ThriftBridgeSerializationDelegateTest
Running org.apache.storm.metric.internal.CountStatAndMetricTest
Tests run: 1, Failures: 0, Errors: 0, Skipped: 0, Time elapsed: 0.048 sec - in org.apache.storm.metric.internal.CountStatAndMetricTest
Running org.apache.storm.metric.internal.RateTrackerTest
Tests run: 4, Failures: 0, Errors: 0, Skipped: 0, Time elapsed: 0.005 sec - in org.apache.storm.metric.internal.RateTrackerTest
Running org.apache.storm.metric.internal.LatencyStatAndMetricTest
Tests run: 1, Failures: 0, Errors: 0, Skipped: 0, Time elapsed: 0.036 sec - in org.apache.storm.metric.internal.LatencyStatAndMetricTest
Running org.apache.storm.metric.filter.FilterByMetricNameTest
Tests run: 4, Failures: 0, Errors: 0, Skipped: 0, Time elapsed: 0.174 sec - in org.apache.storm.metric.filter.FilterByMetricNameTest
Running org.apache.storm.TestConfigValidate
Tests run: 24, Failures: 0, Errors: 0, Skipped: 0, Time elapsed: 0.573 sec - in org.apache.storm.TestConfigValidate
Running org.apache.storm.localizer.LocalizerTest
Tests run: 13, Failures: 0, Errors: 0, Skipped: 0, Time elapsed: 1.108 sec - in org.apache.storm.localizer.LocalizerTest
Running org.apache.storm.localizer.LocalizedResourceRetentionSetTest
Tests run: 2, Failures: 0, Errors: 0, Skipped: 0, Time elapsed: 0.01 sec - in org.apache.storm.localizer.LocalizedResourceRetentionSetTest
Running org.apache.storm.localizer.LocalizedResourceSetTest
Tests run: 4, Failures: 0, Errors: 0, Skipped: 0, Time elapsed: 0.011 sec - in org.apache.storm.localizer.LocalizedResourceSetTest
Running org.apache.storm.scheduler.resource.TestResourceAwareScheduler
Tests run: 15, Failures: 0, Errors: 0, Skipped: 0, Time elapsed: 5.029 sec - in org.apache.storm.scheduler.resource.TestResourceAwareScheduler
Running org.apache.storm.scheduler.resource.TestUser
Tests run: 3, Failures: 0, Errors: 0, Skipped: 0, Time elapsed: 2.567 sec - in org.apache.storm.scheduler.resource.TestUser
Running org.apache.storm.spout.CheckpointSpoutTest
Tests run: 7, Failures: 0, Errors: 0, Skipped: 0, Time elapsed: 0.236 sec - in org.apache.storm.spout.CheckpointSpoutTest
Running org.apache.storm.blobstore.ClientBlobStoreTest
Tests run: 4, Failures: 0, Errors: 0, Skipped: 0, Time elapsed: 0.006 sec - in org.apache.storm.blobstore.ClientBlobStoreTest
Running org.apache.storm.blobstore.BlobStoreTest
Tests run: 4, Failures: 0, Errors: 0, Skipped: 0, Time elapsed: 1.532 sec - in org.apache.storm.blobstore.BlobStoreTest
Running org.apache.storm.blobstore.BlobSynchronizerTest
Tests run: 4, Failures: 0, Errors: 0, Skipped: 0, Time elapsed: 2.223 sec - in org.apache.storm.blobstore.BlobSynchronizerTest
Running org.apache.storm.topology.TopologyBuilderTest
Tests run: 5, Failures: 0, Errors: 0, Skipped: 0, Time elapsed: 0.147 sec - in org.apache.storm.topology.TopologyBuilderTest
Running org.apache.storm.topology.StatefulBoltExecutorTest
Tests run: 7, Failures: 0, Errors: 0, Skipped: 0, Time elapsed: 0.224 sec - in org.apache.storm.topology.StatefulBoltExecutorTest
Running org.apache.storm.topology.StatefulWindowedBoltExecutorTest
Tests run: 4, Failures: 0, Errors: 0, Skipped: 0, Time elapsed: 0.129 sec - in org.apache.storm.topology.StatefulWindowedBoltExecutorTest
Running org.apache.storm.topology.WindowedBoltExecutorTest
Tests run: 5, Failures: 1, Errors: 0, Skipped: 0, Time elapsed: 0.122 sec <<< FAILURE! - in org.apache.storm.topology.WindowedBoltExecutorTest
testExecuteWithLateTupleStream(org.apache.storm.topology.WindowedBoltExecutorTest)  Time elapsed: 0.113 sec  <<< FAILURE!
org.mockito.exceptions.verification.WantedButNotInvoked: 
Wanted but not invoked:
outputCollector.emit(
    "$late",
    [source: null:1, stream: s1, id: {}, [600]],
    [source: null:1, stream: s1, id: {}, [600]]
);
-> at org.apache.storm.topology.WindowedBoltExecutorTest.testExecuteWithLateTupleStream(WindowedBoltExecutorTest.java:225)

However, there were other interactions with this mock:
-> at org.apache.storm.task.OutputCollector.ack(OutputCollector.java:213)
-> at org.apache.storm.task.OutputCollector.ack(OutputCollector.java:213)
-> at org.apache.storm.task.OutputCollector.ack(OutputCollector.java:213)

	at org.apache.storm.topology.WindowedBoltExecutorTest.testExecuteWithLateTupleStream(WindowedBoltExecutorTest.java:225)

Running org.apache.storm.state.InMemoryKeyValueStateTest
Tests run: 2, Failures: 0, Errors: 0, Skipped: 0, Time elapsed: 0.001 sec - in org.apache.storm.state.InMemoryKeyValueStateTest
Running org.apache.storm.windowing.WaterMarkEventGeneratorTest
Tests run: 5, Failures: 0, Errors: 0, Skipped: 0, Time elapsed: 0.006 sec - in org.apache.storm.windowing.WaterMarkEventGeneratorTest
Running org.apache.storm.windowing.WindowManagerTest
Tests run: 10, Failures: 0, Errors: 0, Skipped: 0, Time elapsed: 0.01 sec - in org.apache.storm.windowing.WindowManagerTest

Results :

Failed tests: 
  WindowedBoltExecutorTest.testExecuteWithLateTupleStream:225 
Wanted but not invoked:
outputCollector.emit(
    "$late",
    [source: null:1, stream: s1, id: {}, [600]],
    [source: null:1, stream: s1, id: {}, [600]]
);
-> at org.apache.storm.topology.WindowedBoltExecutorTest.testExecuteWithLateTupleStream(WindowedBoltExecutorTest.java:225)

However, there were other interactions with this mock:
-> at org.apache.storm.task.OutputCollector.ack(OutputCollector.java:213)
-> at org.apache.storm.task.OutputCollector.ack(OutputCollector.java:213)
-> at org.apache.storm.task.OutputCollector.ack(OutputCollector.java:213)


Tests run: 159, Failures: 1, Errors: 0, Skipped: 0

[INFO] ------------------------------------------------------------------------
[INFO] BUILD FAILURE
[INFO] ------------------------------------------------------------------------
[INFO] Total time: 47.490 s
[INFO] Finished at: 2016-07-08T07:03:28+00:00
[INFO] Final Memory: 35M/438M
[INFO] ------------------------------------------------------------------------
[ERROR] Failed to execute goal org.apache.maven.plugins:maven-surefire-plugin:2.18.1:test (default-test) on project storm-core: There are test failures.
[ERROR] 
[ERROR] Please refer to /home/travis/build/apache/storm/storm-core/target/surefire-reports for the individual test results.
[ERROR] -> [Help 1]
[ERROR] 
[ERROR] To see the full stack trace of the errors, re-run Maven with the -e switch.
[ERROR] Re-run Maven using the -X switch to enable full debug logging.
[ERROR] 
[ERROR] For more information about the errors and possible solutions, please read the following articles:
[ERROR] [Help 1] http://cwiki.apache.org/confluence/display/MAVEN/MojoFailureException
Looking for errors in ./storm-core/target/surefire-reports
Checking ./storm-core/target/surefire-reports/TEST-org.apache.storm.trident.TestTridentTopology.xml
Checking ./storm-core/target/surefire-reports/TEST-org.apache.storm.trident.TridentWindowingTest.xml
Checking ./storm-core/target/surefire-reports/TEST-org.apache.storm.utils.DisruptorQueueTest.xml
Checking ./storm-core/target/surefire-reports/TEST-org.apache.storm.utils.ThriftTopologyUtilsTest.xml
Checking ./storm-core/target/surefire-reports/TEST-org.apache.storm.utils.DisruptorQueueBackpressureTest.xml
Checking ./storm-core/target/surefire-reports/TEST-org.apache.storm.utils.WorkerBackpressureThreadTest.xml
Checking ./storm-core/target/surefire-reports/TEST-org.apache.storm.utils.StormBoundedExponentialBackoffRetryTest.xml
Checking ./storm-core/target/surefire-reports/TEST-org.apache.storm.utils.ShellBoltMessageQueueTest.xml
Checking ./storm-core/target/surefire-reports/TEST-org.apache.storm.grouping.PartialKeyGroupingTest.xml
Checking ./storm-core/target/surefire-reports/TEST-org.apache.storm.serialization.GzipBridgeThriftSerializationDelegateTest.xml
Checking ./storm-core/target/surefire-reports/TEST-org.apache.storm.serialization.GzipBridgeSerializationDelegateTest.xml
Checking ./storm-core/target/surefire-reports/TEST-org.apache.storm.serialization.ThriftBridgeSerializationDelegateTest.xml
Checking ./storm-core/target/surefire-reports/TEST-org.apache.storm.metric.internal.CountStatAndMetricTest.xml
Checking ./storm-core/target/surefire-reports/TEST-org.apache.storm.metric.internal.RateTrackerTest.xml
Checking ./storm-core/target/surefire-reports/TEST-org.apache.storm.metric.internal.LatencyStatAndMetricTest.xml
Checking ./storm-core/target/surefire-reports/TEST-org.apache.storm.metric.filter.FilterByMetricNameTest.xml
Checking ./storm-core/target/surefire-reports/TEST-org.apache.storm.TestConfigValidate.xml
Checking ./storm-core/target/surefire-reports/TEST-org.apache.storm.localizer.LocalizerTest.xml
Checking ./storm-core/target/surefire-reports/TEST-org.apache.storm.localizer.LocalizedResourceRetentionSetTest.xml
Checking ./storm-core/target/surefire-reports/TEST-org.apache.storm.localizer.LocalizedResourceSetTest.xml
Checking ./storm-core/target/surefire-reports/TEST-org.apache.storm.scheduler.resource.TestResourceAwareScheduler.xml
Checking ./storm-core/target/surefire-reports/TEST-org.apache.storm.scheduler.resource.TestUser.xml
Checking ./storm-core/target/surefire-reports/TEST-org.apache.storm.spout.CheckpointSpoutTest.xml
Checking ./storm-core/target/surefire-reports/TEST-org.apache.storm.blobstore.ClientBlobStoreTest.xml
Checking ./storm-core/target/surefire-reports/TEST-org.apache.storm.blobstore.BlobStoreTest.xml
Checking ./storm-core/target/surefire-reports/TEST-org.apache.storm.blobstore.BlobSynchronizerTest.xml
Checking ./storm-core/target/surefire-reports/TEST-org.apache.storm.topology.TopologyBuilderTest.xml
Checking ./storm-core/target/surefire-reports/TEST-org.apache.storm.topology.StatefulBoltExecutorTest.xml
Checking ./storm-core/target/surefire-reports/TEST-org.apache.storm.topology.StatefulWindowedBoltExecutorTest.xml
Checking ./storm-core/target/surefire-reports/TEST-org.apache.storm.topology.WindowedBoltExecutorTest.xml
--------------------------------------------------
classname: org.apache.storm.topology.WindowedBoltExecutorTest / testname: testExecuteWithLateTupleStream
org.mockito.exceptions.verification.WantedButNotInvoked: 
Wanted but not invoked:
outputCollector.emit(
    "$late",
    [source: null:1, stream: s1, id: {}, [600]],
    [source: null:1, stream: s1, id: {}, [600]]
);
-> at org.apache.storm.topology.WindowedBoltExecutorTest.testExecuteWithLateTupleStream(WindowedBoltExecutorTest.java:225)

However, there were other interactions with this mock:
-> at org.apache.storm.task.OutputCollector.ack(OutputCollector.java:213)
-> at org.apache.storm.task.OutputCollector.ack(OutputCollector.java:213)
-> at org.apache.storm.task.OutputCollector.ack(OutputCollector.java:213)

	at org.apache.storm.topology.WindowedBoltExecutorTest.testExecuteWithLateTupleStream(WindowedBoltExecutorTest.java:225)

-------------------- system-out --------------------
[TupleWindowImpl{tuples=[source: null:1, stream: s1, id: {}, [603], source: null:1, stream: s1, id: {}, [605], source: null:1, stream: s1, id: {}, [607]], newTuples=[source: null:1, stream: s1, id: {}, [603], source: null:1, stream: s1, id: {}, [605], source: null:1, stream: s1, id: {}, [607]], expiredTuples=[]}, TupleWindowImpl{tuples=[source: null:1, stream: s1, id: {}, [603], source: null:1, stream: s1, id: {}, [605], source: null:1, stream: s1, id: {}, [607], source: null:1, stream: s1, id: {}, [618]], newTuples=[source: null:1, stream: s1, id: {}, [618]], expiredTuples=[]}, TupleWindowImpl{tuples=[source: null:1, stream: s1, id: {}, [618], source: null:1, stream: s1, id: {}, [626]], newTuples=[source: null:1, stream: s1, id: {}, [626]], expiredTuples=[source: null:1, stream: s1, id: {}, [603], source: null:1, stream: s1, id: {}, [605], source: null:1, stream: s1, id: {}, [607]]}]

--------------------------------------------------
Checking ./storm-core/target/surefire-reports/TEST-org.apache.storm.state.InMemoryKeyValueStateTest.xml
Checking ./storm-core/target/surefire-reports/TEST-org.apache.storm.windowing.WaterMarkEventGeneratorTest.xml
Checking ./storm-core/target/surefire-reports/TEST-org.apache.storm.windowing.WindowManagerTest.xml

travis_time:end:02ec61af:start=1467961359644324103,finish=1467961409548713247,duration=49904389144[0K
[31;1mThe command "/bin/bash ./dev-tools/travis/travis-script.sh `pwd` $MODULES" exited with 1.[0m
travis_fold:start:cache.2[0Kstore build cache
travis_time:start:040cd894[0K
travis_time:end:040cd894:start=1467961409553082024,finish=1467961409556473099,duration=3391075[0Ktravis_time:start:02df4b4f[0K[32;1mchange detected (content changed, file is created, or file is deleted):
/home/travis/.m2/repository/eigenbase/eigenbase-properties/1.1.4/eigenbase-properties-1.1.4.pom.lastUpdated
/home/travis/.m2/repository/io/confluent/kafka-avro-serializer/1.0/kafka-avro-serializer-1.0.pom.lastUpdated
/home/travis/.m2/repository/io/confluent/kafka-schema-registry-client/1.0/kafka-schema-registry-client-1.0.pom.lastUpdated
/home/travis/.m2/repository/net/hydromatic/linq4j/0.4/linq4j-0.4.pom.lastUpdated
/home/travis/.m2/repository/net/hydromatic/quidem/0.1.1/quidem-0.1.1.pom.lastUpdated
/home/travis/.m2/repository/org/apache/storm/flux/1.1.0-SNAPSHOT/maven-metadata-local.xml
/home/travis/.m2/repository/org/apache/storm/flux/1.1.0-SNAPSHOT/_remote.repositories
/home/travis/.m2/repository/org/apache/storm/flux-core/1.1.0-SNAPSHOT/flux-core-1.1.0-SNAPSHOT.jar
/home/travis/.m2/repository/org/apache/storm/flux-core/1.1.0-SNAPSHOT/maven-metadata-local.xml
/home/travis/.m2/repository/org/apache/storm/flux-core/1.1.0-SNAPSHOT/_remote.repositories
/home/travis/.m2/repository/org/ap
[0m
[32;1m...
[0m
[32;1mchanges detected, packing new archive[0m
.
.
.
.
.
.
.
.
.
.
.
[32;1muploading archive[0m

travis_time:end:02df4b4f:start=1467961409560407818,finish=1467961520447415193,duration=110887007375[0Ktravis_fold:end:cache.2[0K
Done. Your build exited with 1.
