Using worker: worker-linux-docker-efc17717.prod.travis-ci.org:travis-linux-7

travis_fold:start:system_info[0K[33;1mBuild system information[0m
Build language: java
Build group: stable
Build dist: precise
[34m[1mBuild image provisioning date and time[0m
Thu Feb  5 15:09:33 UTC 2015
[34m[1mOperating System Details[0m
Distributor ID:	Ubuntu
Description:	Ubuntu 12.04.5 LTS
Release:	12.04
Codename:	precise
[34m[1mLinux Version[0m
3.13.0-29-generic
[34m[1mCookbooks Version[0m
a68419e https://github.com/travis-ci/travis-cookbooks/tree/a68419e
[34m[1mGCC version[0m
gcc (Ubuntu/Linaro 4.6.3-1ubuntu5) 4.6.3
Copyright (C) 2011 Free Software Foundation, Inc.
This is free software; see the source for copying conditions.  There is NO
warranty; not even for MERCHANTABILITY or FITNESS FOR A PARTICULAR PURPOSE.

[34m[1mLLVM version[0m
clang version 3.4 (tags/RELEASE_34/final)
Target: x86_64-unknown-linux-gnu
Thread model: posix
[34m[1mPre-installed Ruby versions[0m
ruby-1.9.3-p551
[34m[1mPre-installed Node.js versions[0m
v0.10.36
[34m[1mPre-installed Go versions[0m
1.4.1
[34m[1mRedis version[0m
redis-server 2.8.19
[34m[1mriak version[0m
2.0.2
[34m[1mMongoDB version[0m
MongoDB 2.4.12
[34m[1mCouchDB version[0m
couchdb 1.6.1
[34m[1mNeo4j version[0m
1.9.4
[34m[1mRabbitMQ Version[0m
3.4.3
[34m[1mElasticSearch version[0m
1.4.0
[34m[1mInstalled Sphinx versions[0m
2.0.10
2.1.9
2.2.6
[34m[1mDefault Sphinx version[0m
2.2.6
[34m[1mInstalled Firefox version[0m
firefox 31.0esr
[34m[1mPhantomJS version[0m
1.9.8
[34m[1mant -version[0m
Apache Ant(TM) version 1.8.2 compiled on December 3 2011
[34m[1mmvn -version[0m
Apache Maven 3.2.5 (12a6b3acb947671f09b81f49094c53f426d8cea1; 2014-12-14T17:29:23+00:00)
Maven home: /usr/local/maven
Java version: 1.7.0_76, vendor: Oracle Corporation
Java home: /usr/lib/jvm/java-7-oracle/jre
Default locale: en_US, platform encoding: ANSI_X3.4-1968
OS name: "linux", version: "3.13.0-29-generic", arch: "amd64", family: "unix"
travis_fold:end:system_info[0K
travis_fold:start:fix.CVE-2015-7547[0K$ export DEBIAN_FRONTEND=noninteractive
W: Size of file /var/lib/apt/lists/us.archive.ubuntu.com_ubuntu_dists_precise-backports_multiverse_source_Sources.gz is not what the server reported 5886 5888
W: Size of file /var/lib/apt/lists/ppa.launchpad.net_ubuntugis_ppa_ubuntu_dists_precise_main_binary-amd64_Packages.gz is not what the server reported 36669 36677
W: Size of file /var/lib/apt/lists/ppa.launchpad.net_ubuntugis_ppa_ubuntu_dists_precise_main_binary-i386_Packages.gz is not what the server reported 36729 36733
Reading package lists...
Building dependency tree...
Reading state information...
The following extra packages will be installed:
  libc-bin libc-dev-bin libc6-dev
Suggested packages:
  glibc-doc
The following packages will be upgraded:
  libc-bin libc-dev-bin libc6 libc6-dev
4 upgraded, 0 newly installed, 0 to remove and 248 not upgraded.
Need to get 8,840 kB of archives.
After this operation, 14.3 kB disk space will be freed.
Get:1 http://us.archive.ubuntu.com/ubuntu/ precise-updates/main libc6-dev amd64 2.15-0ubuntu10.15 [2,943 kB]
Get:2 http://us.archive.ubuntu.com/ubuntu/ precise-updates/main libc-dev-bin amd64 2.15-0ubuntu10.15 [84.7 kB]
Get:3 http://us.archive.ubuntu.com/ubuntu/ precise-updates/main libc-bin amd64 2.15-0ubuntu10.15 [1,177 kB]
Get:4 http://us.archive.ubuntu.com/ubuntu/ precise-updates/main libc6 amd64 2.15-0ubuntu10.15 [4,636 kB]
Fetched 8,840 kB in 0s (28.8 MB/s)
Preconfiguring packages ...
(Reading database ... (Reading database ... 5%(Reading database ... 10%(Reading database ... 15%(Reading database ... 20%(Reading database ... 25%(Reading database ... 30%(Reading database ... 35%(Reading database ... 40%(Reading database ... 45%(Reading database ... 50%(Reading database ... 55%(Reading database ... 60%(Reading database ... 65%(Reading database ... 70%(Reading database ... 75%(Reading database ... 80%(Reading database ... 85%(Reading database ... 90%(Reading database ... 95%(Reading database ... 100%(Reading database ... 72019 files and directories currently installed.)
Preparing to replace libc6-dev 2.15-0ubuntu10.10 (using .../libc6-dev_2.15-0ubuntu10.15_amd64.deb) ...
Unpacking replacement libc6-dev ...
Preparing to replace libc-dev-bin 2.15-0ubuntu10.10 (using .../libc-dev-bin_2.15-0ubuntu10.15_amd64.deb) ...
Unpacking replacement libc-dev-bin ...
Preparing to replace libc-bin 2.15-0ubuntu10.10 (using .../libc-bin_2.15-0ubuntu10.15_amd64.deb) ...
Unpacking replacement libc-bin ...
Processing triggers for man-db ...
Setting up libc-bin (2.15-0ubuntu10.15) ...
(Reading database ... (Reading database ... 5%(Reading database ... 10%(Reading database ... 15%(Reading database ... 20%(Reading database ... 25%(Reading database ... 30%(Reading database ... 35%(Reading database ... 40%(Reading database ... 45%(Reading database ... 50%(Reading database ... 55%(Reading database ... 60%(Reading database ... 65%(Reading database ... 70%(Reading database ... 75%(Reading database ... 80%(Reading database ... 85%(Reading database ... 90%(Reading database ... 95%(Reading database ... 100%(Reading database ... 72018 files and directories currently installed.)
Preparing to replace libc6 2.15-0ubuntu10.10 (using .../libc6_2.15-0ubuntu10.15_amd64.deb) ...
Unpacking replacement libc6 ...
Setting up libc6 (2.15-0ubuntu10.15) ...
Setting up libc-dev-bin (2.15-0ubuntu10.15) ...
Setting up libc6-dev (2.15-0ubuntu10.15) ...
Processing triggers for libc-bin ...
ldconfig deferred processing now taking place
travis_fold:end:fix.CVE-2015-7547[0Ktravis_fold:start:git.checkout[0Ktravis_time:start:2367d6ac[0K$ git clone --depth=50 --branch=master https://github.com/apache/storm.git apache/storm
Cloning into 'apache/storm'...
remote: Counting objects: 21075, done.[K
remote: Compressing objects:   0% (1/8381)   [Kremote: Compressing objects:   1% (84/8381)   [Kremote: Compressing objects:   2% (168/8381)   [Kremote: Compressing objects:   3% (252/8381)   [Kremote: Compressing objects:   4% (336/8381)   [Kremote: Compressing objects:   5% (420/8381)   [Kremote: Compressing objects:   6% (503/8381)   [Kremote: Compressing objects:   7% (587/8381)   [Kremote: Compressing objects:   8% (671/8381)   [Kremote: Compressing objects:   9% (755/8381)   [Kremote: Compressing objects:  10% (839/8381)   [Kremote: Compressing objects:  11% (922/8381)   [Kremote: Compressing objects:  12% (1006/8381)   [Kremote: Compressing objects:  13% (1090/8381)   [Kremote: Compressing objects:  14% (1174/8381)   [Kremote: Compressing objects:  15% (1258/8381)   [Kremote: Compressing objects:  16% (1341/8381)   [Kremote: Compressing objects:  17% (1425/8381)   [Kremote: Compressing objects:  18% (1509/8381)   [Kremote: Compressing objects:  19% (1593/8381)   [Kremote: Compressing objects:  20% (1677/8381)   [Kremote: Compressing objects:  21% (1761/8381)   [Kremote: Compressing objects:  22% (1844/8381)   [Kremote: Compressing objects:  23% (1928/8381)   [Kremote: Compressing objects:  24% (2012/8381)   [Kremote: Compressing objects:  25% (2096/8381)   [Kremote: Compressing objects:  26% (2180/8381)   [Kremote: Compressing objects:  27% (2263/8381)   [Kremote: Compressing objects:  28% (2347/8381)   [Kremote: Compressing objects:  29% (2431/8381)   [Kremote: Compressing objects:  30% (2515/8381)   [Kremote: Compressing objects:  31% (2599/8381)   [Kremote: Compressing objects:  32% (2682/8381)   [Kremote: Compressing objects:  33% (2766/8381)   [Kremote: Compressing objects:  34% (2850/8381)   [Kremote: Compressing objects:  35% (2934/8381)   [Kremote: Compressing objects:  36% (3018/8381)   [Kremote: Compressing objects:  37% (3101/8381)   [Kremote: Compressing objects:  38% (3185/8381)   [Kremote: Compressing objects:  39% (3269/8381)   [Kremote: Compressing objects:  40% (3353/8381)   [Kremote: Compressing objects:  41% (3437/8381)   [Kremote: Compressing objects:  42% (3521/8381)   [Kremote: Compressing objects:  43% (3604/8381)   [Kremote: Compressing objects:  44% (3688/8381)   [Kremote: Compressing objects:  45% (3772/8381)   [Kremote: Compressing objects:  46% (3856/8381)   [Kremote: Compressing objects:  47% (3940/8381)   [Kremote: Compressing objects:  48% (4023/8381)   [Kremote: Compressing objects:  49% (4107/8381)   [Kremote: Compressing objects:  50% (4191/8381)   [Kremote: Compressing objects:  51% (4275/8381)   [Kremote: Compressing objects:  52% (4359/8381)   [Kremote: Compressing objects:  53% (4442/8381)   [Kremote: Compressing objects:  54% (4526/8381)   [Kremote: Compressing objects:  55% (4610/8381)   [Kremote: Compressing objects:  56% (4694/8381)   [Kremote: Compressing objects:  57% (4778/8381)   [Kremote: Compressing objects:  58% (4861/8381)   [Kremote: Compressing objects:  59% (4945/8381)   [Kremote: Compressing objects:  60% (5029/8381)   [Kremote: Compressing objects:  61% (5113/8381)   [Kremote: Compressing objects:  62% (5197/8381)   [Kremote: Compressing objects:  63% (5281/8381)   [Kremote: Compressing objects:  64% (5364/8381)   [Kremote: Compressing objects:  65% (5448/8381)   [Kremote: Compressing objects:  66% (5532/8381)   [Kremote: Compressing objects:  67% (5616/8381)   [Kremote: Compressing objects:  68% (5700/8381)   [Kremote: Compressing objects:  69% (5783/8381)   [Kremote: Compressing objects:  70% (5867/8381)   [Kremote: Compressing objects:  71% (5951/8381)   [Kremote: Compressing objects:  72% (6035/8381)   [Kremote: Compressing objects:  73% (6119/8381)   [Kremote: Compressing objects:  74% (6202/8381)   [Kremote: Compressing objects:  75% (6286/8381)   [Kremote: Compressing objects:  76% (6370/8381)   [Kremote: Compressing objects:  77% (6454/8381)   [Kremote: Compressing objects:  78% (6538/8381)   [Kremote: Compressing objects:  79% (6621/8381)   [Kremote: Compressing objects:  80% (6705/8381)   [Kremote: Compressing objects:  81% (6789/8381)   [Kremote: Compressing objects:  82% (6873/8381)   [Kremote: Compressing objects:  83% (6957/8381)   [Kremote: Compressing objects:  84% (7041/8381)   [Kremote: Compressing objects:  85% (7124/8381)   [Kremote: Compressing objects:  86% (7208/8381)   [Kremote: Compressing objects:  87% (7292/8381)   [Kremote: Compressing objects:  88% (7376/8381)   [Kremote: Compressing objects:  89% (7460/8381)   [Kremote: Compressing objects:  90% (7543/8381)   [Kremote: Compressing objects:  91% (7627/8381)   [Kremote: Compressing objects:  92% (7711/8381)   [Kremote: Compressing objects:  93% (7795/8381)   [Kremote: Compressing objects:  94% (7879/8381)   [Kremote: Compressing objects:  95% (7962/8381)   [Kremote: Compressing objects:  96% (8046/8381)   [Kremote: Compressing objects:  97% (8130/8381)   [Kremote: Compressing objects:  98% (8214/8381)   [Kremote: Compressing objects:  99% (8298/8381)   [Kremote: Compressing objects: 100% (8381/8381)   [Kremote: Compressing objects: 100% (8381/8381), done.[K
Receiving objects:   0% (1/21075)   Receiving objects:   1% (211/21075)   Receiving objects:   2% (422/21075)   Receiving objects:   3% (633/21075)   Receiving objects:   4% (843/21075)   Receiving objects:   5% (1054/21075)   Receiving objects:   6% (1265/21075)   Receiving objects:   7% (1476/21075)   Receiving objects:   8% (1686/21075)   Receiving objects:   9% (1897/21075)   Receiving objects:  10% (2108/21075)   Receiving objects:  11% (2319/21075)   Receiving objects:  12% (2529/21075)   Receiving objects:  13% (2740/21075)   Receiving objects:  14% (2951/21075)   Receiving objects:  15% (3162/21075)   Receiving objects:  16% (3372/21075)   Receiving objects:  17% (3583/21075)   Receiving objects:  18% (3794/21075)   Receiving objects:  19% (4005/21075)   Receiving objects:  20% (4215/21075)   Receiving objects:  21% (4426/21075)   Receiving objects:  22% (4637/21075)   Receiving objects:  23% (4848/21075), 8.70 MiB | 17.35 MiB/s   Receiving objects:  24% (5058/21075), 8.70 MiB | 17.35 MiB/s   Receiving objects:  25% (5269/21075), 8.70 MiB | 17.35 MiB/s   Receiving objects:  26% (5480/21075), 8.70 MiB | 17.35 MiB/s   Receiving objects:  27% (5691/21075), 8.70 MiB | 17.35 MiB/s   Receiving objects:  28% (5901/21075), 8.70 MiB | 17.35 MiB/s   Receiving objects:  29% (6112/21075), 8.70 MiB | 17.35 MiB/s   Receiving objects:  30% (6323/21075), 8.70 MiB | 17.35 MiB/s   Receiving objects:  31% (6534/21075), 8.70 MiB | 17.35 MiB/s   Receiving objects:  32% (6744/21075), 8.70 MiB | 17.35 MiB/s   Receiving objects:  33% (6955/21075), 8.70 MiB | 17.35 MiB/s   Receiving objects:  34% (7166/21075), 8.70 MiB | 17.35 MiB/s   Receiving objects:  35% (7377/21075), 8.70 MiB | 17.35 MiB/s   Receiving objects:  36% (7587/21075), 8.70 MiB | 17.35 MiB/s   Receiving objects:  37% (7798/21075), 8.70 MiB | 17.35 MiB/s   Receiving objects:  38% (8009/21075), 8.70 MiB | 17.35 MiB/s   Receiving objects:  39% (8220/21075), 8.70 MiB | 17.35 MiB/s   Receiving objects:  40% (8430/21075), 8.70 MiB | 17.35 MiB/s   Receiving objects:  41% (8641/21075), 8.70 MiB | 17.35 MiB/s   Receiving objects:  42% (8852/21075), 8.70 MiB | 17.35 MiB/s   Receiving objects:  43% (9063/21075), 8.70 MiB | 17.35 MiB/s   Receiving objects:  44% (9273/21075), 8.70 MiB | 17.35 MiB/s   Receiving objects:  45% (9484/21075), 8.70 MiB | 17.35 MiB/s   Receiving objects:  46% (9695/21075), 8.70 MiB | 17.35 MiB/s   Receiving objects:  47% (9906/21075), 8.70 MiB | 17.35 MiB/s   Receiving objects:  48% (10116/21075), 8.70 MiB | 17.35 MiB/s   Receiving objects:  49% (10327/21075), 8.70 MiB | 17.35 MiB/s   Receiving objects:  50% (10538/21075), 8.70 MiB | 17.35 MiB/s   Receiving objects:  51% (10749/21075), 8.70 MiB | 17.35 MiB/s   Receiving objects:  52% (10959/21075), 8.70 MiB | 17.35 MiB/s   Receiving objects:  53% (11170/21075), 8.70 MiB | 17.35 MiB/s   Receiving objects:  54% (11381/21075), 8.70 MiB | 17.35 MiB/s   Receiving objects:  55% (11592/21075), 8.70 MiB | 17.35 MiB/s   Receiving objects:  56% (11802/21075), 8.70 MiB | 17.35 MiB/s   Receiving objects:  57% (12013/21075), 8.70 MiB | 17.35 MiB/s   Receiving objects:  58% (12224/21075), 8.70 MiB | 17.35 MiB/s   Receiving objects:  59% (12435/21075), 8.70 MiB | 17.35 MiB/s   Receiving objects:  60% (12645/21075), 8.70 MiB | 17.35 MiB/s   Receiving objects:  61% (12856/21075), 8.70 MiB | 17.35 MiB/s   Receiving objects:  62% (13067/21075), 8.70 MiB | 17.35 MiB/s   Receiving objects:  63% (13278/21075), 8.70 MiB | 17.35 MiB/s   Receiving objects:  64% (13488/21075), 8.70 MiB | 17.35 MiB/s   Receiving objects:  65% (13699/21075), 8.70 MiB | 17.35 MiB/s   Receiving objects:  66% (13910/21075), 8.70 MiB | 17.35 MiB/s   Receiving objects:  67% (14121/21075), 8.70 MiB | 17.35 MiB/s   Receiving objects:  68% (14331/21075), 8.70 MiB | 17.35 MiB/s   Receiving objects:  69% (14542/21075), 8.70 MiB | 17.35 MiB/s   Receiving objects:  70% (14753/21075), 8.70 MiB | 17.35 MiB/s   Receiving objects:  71% (14964/21075), 8.70 MiB | 17.35 MiB/s   Receiving objects:  72% (15174/21075), 8.70 MiB | 17.35 MiB/s   Receiving objects:  73% (15385/21075), 8.70 MiB | 17.35 MiB/s   Receiving objects:  74% (15596/21075), 8.70 MiB | 17.35 MiB/s   Receiving objects:  75% (15807/21075), 8.70 MiB | 17.35 MiB/s   Receiving objects:  76% (16017/21075), 8.70 MiB | 17.35 MiB/s   Receiving objects:  77% (16228/21075), 8.70 MiB | 17.35 MiB/s   Receiving objects:  78% (16439/21075), 8.70 MiB | 17.35 MiB/s   Receiving objects:  79% (16650/21075), 8.70 MiB | 17.35 MiB/s   Receiving objects:  80% (16860/21075), 8.70 MiB | 17.35 MiB/s   Receiving objects:  81% (17071/21075), 8.70 MiB | 17.35 MiB/s   Receiving objects:  82% (17282/21075), 8.70 MiB | 17.35 MiB/s   Receiving objects:  83% (17493/21075), 8.70 MiB | 17.35 MiB/s   Receiving objects:  84% (17703/21075), 8.70 MiB | 17.35 MiB/s   Receiving objects:  85% (17914/21075), 8.70 MiB | 17.35 MiB/s   Receiving objects:  86% (18125/21075), 8.70 MiB | 17.35 MiB/s   Receiving objects:  87% (18336/21075), 8.70 MiB | 17.35 MiB/s   Receiving objects:  88% (18546/21075), 8.70 MiB | 17.35 MiB/s   Receiving objects:  89% (18757/21075), 8.70 MiB | 17.35 MiB/s   Receiving objects:  90% (18968/21075), 8.70 MiB | 17.35 MiB/s   Receiving objects:  91% (19179/21075), 8.70 MiB | 17.35 MiB/s   Receiving objects:  92% (19389/21075), 8.70 MiB | 17.35 MiB/s   Receiving objects:  93% (19600/21075), 8.70 MiB | 17.35 MiB/s   Receiving objects:  94% (19811/21075), 8.70 MiB | 17.35 MiB/s   Receiving objects:  95% (20022/21075), 8.70 MiB | 17.35 MiB/s   Receiving objects:  96% (20232/21075), 8.70 MiB | 17.35 MiB/s   Receiving objects:  96% (20347/21075), 16.57 MiB | 16.53 MiB/s   Receiving objects:  97% (20443/21075), 16.57 MiB | 16.53 MiB/s   Receiving objects:  98% (20654/21075), 16.57 MiB | 16.53 MiB/s   Receiving objects:  99% (20865/21075), 16.57 MiB | 16.53 MiB/s   remote: Total 21075 (delta 10145), reused 18277 (delta 7937), pack-reused 0[K
Receiving objects: 100% (21075/21075), 16.57 MiB | 16.53 MiB/s   Receiving objects: 100% (21075/21075), 17.14 MiB | 16.53 MiB/s, done.
Resolving deltas:   0% (0/10145)   Resolving deltas:   1% (200/10145)   Resolving deltas:   2% (206/10145)   Resolving deltas:   3% (326/10145)   Resolving deltas:   4% (418/10145)   Resolving deltas:   5% (552/10145)   Resolving deltas:   6% (611/10145)   Resolving deltas:   7% (712/10145)   Resolving deltas:   8% (854/10145)   Resolving deltas:   9% (915/10145)   Resolving deltas:  10% (1017/10145)   Resolving deltas:  11% (1121/10145)   Resolving deltas:  12% (1218/10145)   Resolving deltas:  13% (1319/10145)   Resolving deltas:  14% (1423/10145)   Resolving deltas:  15% (1525/10145)   Resolving deltas:  16% (1624/10145)   Resolving deltas:  17% (1726/10145)   Resolving deltas:  18% (1832/10145)   Resolving deltas:  19% (1935/10145)   Resolving deltas:  20% (2029/10145)   Resolving deltas:  21% (2132/10145)   Resolving deltas:  22% (2235/10145)   Resolving deltas:  23% (2338/10145)   Resolving deltas:  24% (2438/10145)   Resolving deltas:  25% (2539/10145)   Resolving deltas:  26% (2647/10145)   Resolving deltas:  27% (2758/10145)   Resolving deltas:  29% (3010/10145)   Resolving deltas:  32% (3314/10145)   Resolving deltas:  33% (3371/10145)   Resolving deltas:  34% (3515/10145)   Resolving deltas:  36% (3653/10145)   Resolving deltas:  37% (3755/10145)   Resolving deltas:  38% (3867/10145)   Resolving deltas:  39% (3959/10145)   Resolving deltas:  40% (4058/10145)   Resolving deltas:  41% (4160/10145)   Resolving deltas:  42% (4295/10145)   Resolving deltas:  43% (4374/10145)   Resolving deltas:  44% (4471/10145)   Resolving deltas:  45% (4568/10145)   Resolving deltas:  46% (4669/10145)   Resolving deltas:  47% (4769/10145)   Resolving deltas:  48% (4875/10145)   Resolving deltas:  49% (4973/10145)   Resolving deltas:  50% (5080/10145)   Resolving deltas:  51% (5181/10145)   Resolving deltas:  52% (5279/10145)   Resolving deltas:  53% (5390/10145)   Resolving deltas:  54% (5481/10145)   Resolving deltas:  55% (5580/10145)   Resolving deltas:  56% (5703/10145)   Resolving deltas:  57% (5783/10145)   Resolving deltas:  58% (5885/10145)   Resolving deltas:  59% (5987/10145)   Resolving deltas:  60% (6091/10145)   Resolving deltas:  61% (6210/10145)   Resolving deltas:  62% (6291/10145)   Resolving deltas:  63% (6394/10145)   Resolving deltas:  64% (6507/10145)   Resolving deltas:  65% (6602/10145)   Resolving deltas:  66% (6720/10145)   Resolving deltas:  68% (6949/10145)   Resolving deltas:  71% (7206/10145)   Resolving deltas:  72% (7335/10145)   Resolving deltas:  73% (7406/10145)   Resolving deltas:  74% (7517/10145)   Resolving deltas:  76% (7722/10145)   Resolving deltas:  77% (7879/10145)   Resolving deltas:  78% (7922/10145)   Resolving deltas:  80% (8208/10145)   Resolving deltas:  81% (8237/10145)   Resolving deltas:  82% (8320/10145)   Resolving deltas:  83% (8422/10145)   Resolving deltas:  84% (8527/10145)   Resolving deltas:  85% (8624/10145)   Resolving deltas:  86% (8742/10145)   Resolving deltas:  87% (8885/10145)   Resolving deltas:  90% (9143/10145)   Resolving deltas:  91% (9292/10145)   Resolving deltas:  92% (9335/10145)   Resolving deltas:  93% (9435/10145)   Resolving deltas:  94% (9543/10145)   Resolving deltas:  95% (9638/10145)   Resolving deltas:  96% (9741/10145)   Resolving deltas:  97% (9843/10145)   Resolving deltas:  98% (9964/10145)   Resolving deltas:  99% (10044/10145)   Resolving deltas: 100% (10145/10145)   Resolving deltas: 100% (10145/10145), done.
Checking connectivity... done.

travis_time:end:2367d6ac:start=1467973205120154760,finish=1467973210713700970,duration=5593546210[0K$ cd apache/storm
$ git checkout -qf cf2c6bd5ce8c97b519c9ec822dfda4f8f400455a
travis_fold:end:git.checkout[0K
[33;1mThis job is running on container-based infrastructure, which does not allow use of 'sudo', setuid and setguid executables.[0m
[33;1mIf you require sudo, add 'sudo: required' to your .travis.yml[0m
[33;1mSee https://docs.travis-ci.com/user/workers/container-based-infrastructure/ for details.[0m

[33;1mSetting environment variables from .travis.yml[0m
$ export MODULES=storm-core

$ jdk_switcher use oraclejdk7
Switching to Oracle JDK7 (java-7-oracle), JAVA_HOME will be set to /usr/lib/jvm/java-7-oracle
travis_fold:start:cache.1[0KSetting up build cache
$ export CASHER_DIR=$HOME/.casher
travis_time:start:0c47def1[0K$ Installing caching utilities

travis_time:end:0c47def1:start=1467973212804479537,finish=1467973212853714345,duration=49234808[0Ktravis_time:start:0691c1c4[0K
travis_time:end:0691c1c4:start=1467973212859328959,finish=1467973212862809052,duration=3480093[0Ktravis_time:start:1c5b113b[0K[32;1mattempting to download cache archive[0m
[32;1mfetching master/cache-linux-precise-4722ea394922d42b2b7eb84cff6efc764d76759821ac6f6efc13232aa923f595--jdk-oraclejdk7.tgz[0m
[32;1mfound cache[0m

travis_time:end:1c5b113b:start=1467973212866920029,finish=1467973222373005406,duration=9506085377[0Ktravis_time:start:13be6ea9[0K
travis_time:end:13be6ea9:start=1467973222377927909,finish=1467973222382217986,duration=4290077[0Ktravis_time:start:26071360[0K[32;1madding /home/travis/.m2/repository to cache[0m
[32;1madding /home/travis/.rvm to cache[0m
[32;1madding /home/travis/.nvm to cache[0m

travis_time:end:26071360:start=1467973222387347214,finish=1467973233976719229,duration=11589372015[0Ktravis_fold:end:cache.1[0K$ java -Xmx32m -version
java version "1.7.0_76"
Java(TM) SE Runtime Environment (build 1.7.0_76-b13)
Java HotSpot(TM) 64-Bit Server VM (build 24.76-b04, mixed mode)
$ javac -J-Xmx32m -version
javac 1.7.0_76
travis_fold:start:before_install.1[0Ktravis_time:start:06d778f8[0K$ rvm use 2.1.5 --install
[32mUsing /home/travis/.rvm/gems/ruby-2.1.5[0m

travis_time:end:06d778f8:start=1467973234356257639,finish=1467973234631510604,duration=275252965[0Ktravis_fold:end:before_install.1[0Ktravis_fold:start:before_install.2[0Ktravis_time:start:22dbe69b[0K$ nvm install 0.12.2
v0.12.2 is already installed.
Now using node v0.12.2

travis_time:end:22dbe69b:start=1467973234636418606,finish=1467973234888571235,duration=252152629[0Ktravis_fold:end:before_install.2[0Ktravis_fold:start:before_install.3[0Ktravis_time:start:1d086edd[0K$ nvm use 0.12.2
Now using node v0.12.2

travis_time:end:1d086edd:start=1467973234893135608,finish=1467973234961721349,duration=68585741[0Ktravis_fold:end:before_install.3[0Ktravis_fold:start:install[0Ktravis_time:start:099593f4[0K$ /bin/bash ./dev-tools/travis/travis-install.sh `pwd`
Python version :   Python 2.7.3
Maven version  :   Apache Maven 3.2.5 (12a6b3acb947671f09b81f49094c53f426d8cea1; 2014-12-14T17:29:23+00:00) Maven home: /usr/local/maven Java version: 1.7.0_76, vendor: Oracle Corporation Java home: /usr/lib/jvm/java-7-oracle/jre Default locale: en_US, platform encoding: UTF-8 OS name: "linux", version: "3.13.0-40-generic", arch: "amd64", family: "unix"
['mvn', 'clean', 'install', '-DskipTests', '-Pnative', '--batch-mode'] writing to install.txt
1 seconds 1 log lines11 seconds 239 log lines37 seconds 323 log lines52 seconds 332 log lines63 seconds 508 log lines82 seconds 652 log lines96 seconds 865 log lines107 seconds 914 log lines117 seconds 964 log lines130 seconds 1310 log lines142 seconds 1461 log lines153 seconds 1760 log lines164 seconds 2097 log lines174 seconds 2216 log lines184 seconds 2361 log lines194 seconds 2663 log lines194 seconds 2664 log lines
['mvn', 'clean', 'install', '-DskipTests', '-Pnative', '--batch-mode'] done 0

travis_time:end:099593f4:start=1467973234967515268,finish=1467973430241627818,duration=195274112550[0Ktravis_fold:end:install[0Ktravis_time:start:19b19cb6[0K$ /bin/bash ./dev-tools/travis/travis-script.sh `pwd` $MODULES
Python version :   Python 2.7.3
Ruby version   :   ruby 2.1.5p273 (2014-11-13 revision 48405) [x86_64-linux]
NodeJs version :   v0.12.2
Maven version  :   Apache Maven 3.2.5 (12a6b3acb947671f09b81f49094c53f426d8cea1; 2014-12-14T17:29:23+00:00) Maven home: /usr/local/maven Java version: 1.7.0_76, vendor: Oracle Corporation Java home: /usr/lib/jvm/java-7-oracle/jre Default locale: en_US, platform encoding: UTF-8 OS name: "linux", version: "3.13.0-40-generic", arch: "amd64", family: "unix"
[INFO] Scanning for projects...
[INFO]                                                                         
[INFO] ------------------------------------------------------------------------
[INFO] Building Storm Core 2.0.0-SNAPSHOT
[INFO] ------------------------------------------------------------------------
[INFO] 
[INFO] --- exec-maven-plugin:1.2.1:exec (default) @ storm-core ---
[INFO] 
[INFO] --- maven-remote-resources-plugin:1.2.1:process (default) @ storm-core ---
[INFO] 
[INFO] --- storm-maven-plugins:2.0.0-SNAPSHOT:version-info (version-info) @ storm-core ---
[WARNING] [svn, info] failed with error code 1
[INFO] SCM: GIT
[INFO] Computed MD5: 2082e6a2702846c45bfa19437274cca8
[INFO] 
[INFO] --- maven-resources-plugin:2.5:resources (default-resources) @ storm-core ---
[debug] execute contextualize
[INFO] Using 'UTF-8' encoding to copy filtered resources.
[INFO] Copying 9 resources
[INFO] Copying 1 resource to META-INF
[INFO] Copying 0 resource
[INFO] Copying 1 resource
[INFO] Copying 3 resources
[INFO] 
[INFO] --- maven-compiler-plugin:3.1:compile (default-compile) @ storm-core ---
[INFO] Nothing to compile - all classes are up to date
[INFO] 
[INFO] --- clojure-maven-plugin:1.7.1:compile (compile-clojure) @ storm-core ---
Compiling org.apache.storm.testing4j to /home/travis/build/apache/storm/storm-core/target/classes
10:24:08.098 [main] WARN  o.a.s.m.StormMetricsRegistry - Metric ui:num-topology-op-response-http-requests has already been registered
10:24:08.099 [main] WARN  o.a.s.m.StormMetricsRegistry - Metric ui:num-topology-op-response-http-requests has already been registered
Compiling org.apache.storm.ui.helpers to /home/travis/build/apache/storm/storm-core/target/classes
Compiling org.apache.storm.scheduler.IsolationScheduler to /home/travis/build/apache/storm/storm-core/target/classes
Compiling org.apache.storm.log to /home/travis/build/apache/storm/storm-core/target/classes
Compiling org.apache.storm.daemon.worker to /home/travis/build/apache/storm/storm-core/target/classes
Compiling org.apache.storm.daemon.executor to /home/travis/build/apache/storm/storm-core/target/classes
Compiling org.apache.storm.converter to /home/travis/build/apache/storm/storm-core/target/classes
Compiling org.apache.storm.testing to /home/travis/build/apache/storm/storm-core/target/classes
Compiling org.apache.storm.util to /home/travis/build/apache/storm/storm-core/target/classes
Compiling org.apache.storm.command.heartbeats to /home/travis/build/apache/storm/storm-core/target/classes
Compiling org.apache.storm.command.shell-submission to /home/travis/build/apache/storm/storm-core/target/classes
Compiling org.apache.storm.blobstore to /home/travis/build/apache/storm/storm-core/target/classes
Compiling org.apache.storm.internal.clojure to /home/travis/build/apache/storm/storm-core/target/classes
Compiling org.apache.storm.daemon.common to /home/travis/build/apache/storm/storm-core/target/classes
Compiling org.apache.storm.daemon.local-supervisor to /home/travis/build/apache/storm/storm-core/target/classes
Compiling org.apache.storm.internal.thrift to /home/travis/build/apache/storm/storm-core/target/classes
Compiling org.apache.storm.daemon.logviewer to /home/travis/build/apache/storm/storm-core/target/classes
Compiling org.apache.storm.daemon.nimbus to /home/travis/build/apache/storm/storm-core/target/classes
Compiling org.apache.storm.LocalCluster to /home/travis/build/apache/storm/storm-core/target/classes
Compiling org.apache.storm.command.get-errors to /home/travis/build/apache/storm/storm-core/target/classes
Compiling org.apache.storm.trident.testing to /home/travis/build/apache/storm/storm-core/target/classes
Compiling org.apache.storm.ui.core to /home/travis/build/apache/storm/storm-core/target/classes
Compiling org.apache.storm.command.blobstore to /home/travis/build/apache/storm/storm-core/target/classes
Compiling org.apache.storm.local-state-converter to /home/travis/build/apache/storm/storm-core/target/classes
Compiling org.apache.storm.daemon.drpc to /home/travis/build/apache/storm/storm-core/target/classes
Compiling org.apache.storm.config to /home/travis/build/apache/storm/storm-core/target/classes
[INFO] 
[INFO] --- make-maven-plugin:1.0-beta-1:autoreconf (compile) @ storm-core ---
[INFO] 
[INFO] --- make-maven-plugin:1.0-beta-1:configure (compile) @ storm-core ---
[INFO] /bin/sh: 14: /home/travis/.jdk_switcher_rc: [[: not found
[INFO] /bin/sh: 22: /home/travis/.jdk_switcher_rc: [[: not found
[INFO] /bin/sh: 32: /home/travis/.jdk_switcher_rc: [[: not found
[INFO] /bin/sh: 42: /home/travis/.jdk_switcher_rc: [[: not found
[INFO] /bin/sh: 3: /etc/profile.d/rvm.sh: [[: not found
[INFO] checking for gcc... gcc
[INFO] checking whether the C compiler works... yes
[INFO] checking for C compiler default output file name... a.out
[INFO] checking for suffix of executables... 
[INFO] checking whether we are cross compiling... no
[INFO] checking for suffix of object files... o
[INFO] checking whether we are using the GNU C compiler... yes
[INFO] checking whether gcc accepts -g... yes
[INFO] checking for gcc option to accept ISO C89... none needed
[INFO] checking how to run the C preprocessor... gcc -E
[INFO] checking for grep that handles long lines and -e... /bin/grep
[INFO] checking for egrep... /bin/grep -E
[INFO] checking for ANSI C header files... yes
[INFO] checking for sys/types.h... yes
[INFO] checking for sys/stat.h... yes
[INFO] checking for stdlib.h... yes
[INFO] checking for string.h... yes
[INFO] checking for memory.h... yes
[INFO] checking for strings.h... yes
[INFO] checking for inttypes.h... yes
[INFO] checking for stdint.h... yes
[INFO] checking for unistd.h... yes
[INFO] checking minix/config.h usability... no
[INFO] checking minix/config.h presence... no
[INFO] checking for minix/config.h... no
[INFO] checking whether it is safe to define __EXTENSIONS__... yes
[INFO] checking for a BSD-compatible install... /usr/bin/install -c
[INFO] checking whether build environment is sane... yes
[INFO] checking for a thread-safe mkdir -p... /bin/mkdir -p
[INFO] checking for gawk... gawk
[INFO] checking whether make sets $(MAKE)... yes
[INFO] checking for style of include used by make... GNU
[INFO] checking dependency style of gcc... gcc3
[INFO] checking for gcc... (cached) gcc
[INFO] checking whether we are using the GNU C compiler... (cached) yes
[INFO] checking whether gcc accepts -g... (cached) yes
[INFO] checking for gcc option to accept ISO C89... (cached) none needed
[INFO] checking whether gcc and cc understand -c and -o together... yes
[INFO] checking for unistd.h... (cached) yes
[INFO] checking for stdbool.h that conforms to C99... yes
[INFO] checking for _Bool... yes
[INFO] checking for an ANSI C-conforming const... yes
[INFO] checking for off_t... yes
[INFO] checking for size_t... yes
[INFO] checking whether strerror_r is declared... yes
[INFO] checking for strerror_r... yes
[INFO] checking whether strerror_r returns char *... yes
[INFO] checking for mkdir... yes
[INFO] checking for uname... yes
[INFO] configure: creating ./config.status
[INFO] config.status: creating Makefile
[INFO] config.status: executing depfiles commands
[INFO] 
[INFO] --- make-maven-plugin:1.0-beta-1:make-install (compile) @ storm-core ---
[INFO] /bin/sh: 14: /home/travis/.jdk_switcher_rc: [[: not found
[INFO] /bin/sh: 22: /home/travis/.jdk_switcher_rc: [[: not found
[INFO] /bin/sh: 32: /home/travis/.jdk_switcher_rc: [[: not found
[INFO] /bin/sh: 42: /home/travis/.jdk_switcher_rc: [[: not found
[INFO] /bin/sh: 3: /etc/profile.d/rvm.sh: [[: not found
[INFO] make[1]: Entering directory `/home/travis/build/apache/storm/storm-core/target/native/worker-launcher'
[INFO] test -z "/usr/local/bin" || /bin/mkdir -p "/home/travis/build/apache/storm/storm-core/target/native/target/usr/local/bin"
[INFO]   /usr/bin/install -c worker-launcher '/home/travis/build/apache/storm/storm-core/target/native/target/usr/local/bin'
[INFO] make[1]: Nothing to be done for `install-data-am'.
[INFO] make[1]: Leaving directory `/home/travis/build/apache/storm/storm-core/target/native/worker-launcher'
[INFO] 
[INFO] --- maven-resources-plugin:2.5:testResources (default-testResources) @ storm-core ---
[debug] execute contextualize
[INFO] Using 'UTF-8' encoding to copy filtered resources.
[INFO] Copying 14 resources
[INFO] Copying 2 resources
[INFO] Copying 3 resources
[INFO] 
[INFO] --- maven-dependency-plugin:2.8:unpack (unpack) @ storm-core ---
[INFO] Configured Artifact: org.apache.storm:multilang-ruby:2.0.0-SNAPSHOT:jar
[INFO] Downloading: https://repository.apache.org/snapshots/org/apache/storm/multilang-ruby/2.0.0-SNAPSHOT/maven-metadata.xml
[INFO] Configured Artifact: org.apache.storm:multilang-python:2.0.0-SNAPSHOT:jar
[INFO] Downloading: https://repository.apache.org/snapshots/org/apache/storm/multilang-python/2.0.0-SNAPSHOT/maven-metadata.xml
[INFO] Configured Artifact: org.apache.storm:multilang-javascript:2.0.0-SNAPSHOT:jar
[INFO] Downloading: https://repository.apache.org/snapshots/org/apache/storm/multilang-javascript/2.0.0-SNAPSHOT/maven-metadata.xml
[INFO] multilang-ruby-2.0.0-SNAPSHOT.jar already unpacked.
[INFO] multilang-python-2.0.0-SNAPSHOT.jar already unpacked.
[INFO] multilang-javascript-2.0.0-SNAPSHOT.jar already unpacked.
[INFO] 
[INFO] --- maven-compiler-plugin:3.1:testCompile (default-testCompile) @ storm-core ---
[INFO] Changes detected - recompiling the module!
[INFO] Compiling 62 source files to /home/travis/build/apache/storm/storm-core/target/test-classes
[WARNING] /home/travis/build/apache/storm/storm-core/test/jvm/org/apache/storm/localizer/LocalizerTest.java: Some input files use or override a deprecated API.
[WARNING] /home/travis/build/apache/storm/storm-core/test/jvm/org/apache/storm/localizer/LocalizerTest.java: Recompile with -Xlint:deprecation for details.
[WARNING] /home/travis/build/apache/storm/storm-core/test/jvm/org/apache/storm/command/TestCLI.java: Some input files use unchecked or unsafe operations.
[WARNING] /home/travis/build/apache/storm/storm-core/test/jvm/org/apache/storm/command/TestCLI.java: Recompile with -Xlint:unchecked for details.
[INFO] 
[INFO] --- maven-surefire-plugin:2.18.1:test (default-test) @ storm-core ---
[INFO] Surefire report directory: /home/travis/build/apache/storm/storm-core/target/surefire-reports
[INFO] parallel='none', perCoreThreadCount=true, threadCount=0, useUnlimitedThreads=false, threadCountSuites=0, threadCountClasses=0, threadCountMethods=0, parallelOptimized=true

-------------------------------------------------------
 T E S T S
-------------------------------------------------------
Running org.apache.storm.security.serialization.BlowfishTupleSerializerTest
Tests run: 3, Failures: 0, Errors: 0, Skipped: 0, Time elapsed: 0.325 sec - in org.apache.storm.security.serialization.BlowfishTupleSerializerTest
Running org.apache.storm.security.auth.ReqContextTest
Tests run: 4, Failures: 0, Errors: 0, Skipped: 0, Time elapsed: 0.007 sec - in org.apache.storm.security.auth.ReqContextTest
Running org.apache.storm.security.auth.SaslTransportPluginTest
Tests run: 2, Failures: 0, Errors: 0, Skipped: 0, Time elapsed: 0.003 sec - in org.apache.storm.security.auth.SaslTransportPluginTest
Running org.apache.storm.security.auth.ThriftClientTest
Tests run: 4, Failures: 0, Errors: 0, Skipped: 0, Time elapsed: 0.295 sec - in org.apache.storm.security.auth.ThriftClientTest
Running org.apache.storm.security.auth.AuthUtilsTest
Tests run: 15, Failures: 0, Errors: 0, Skipped: 0, Time elapsed: 0.197 sec - in org.apache.storm.security.auth.AuthUtilsTest
Running org.apache.storm.security.auth.ThriftServerTest
Tests run: 2, Failures: 0, Errors: 0, Skipped: 0, Time elapsed: 0.06 sec - in org.apache.storm.security.auth.ThriftServerTest
Running org.apache.storm.cluster.StormClusterStateImplTest
Tests run: 5, Failures: 0, Errors: 0, Skipped: 0, Time elapsed: 0.033 sec - in org.apache.storm.cluster.StormClusterStateImplTest
Running org.apache.storm.serialization.GzipBridgeThriftSerializationDelegateTest
Tests run: 3, Failures: 0, Errors: 0, Skipped: 0, Time elapsed: 0.001 sec - in org.apache.storm.serialization.GzipBridgeThriftSerializationDelegateTest
Running org.apache.storm.serialization.GzipBridgeSerializationDelegateTest
Tests run: 3, Failures: 0, Errors: 0, Skipped: 0, Time elapsed: 0.018 sec - in org.apache.storm.serialization.GzipBridgeSerializationDelegateTest
Running org.apache.storm.serialization.SerializationTest
Tests run: 3, Failures: 0, Errors: 0, Skipped: 0, Time elapsed: 1.794 sec - in org.apache.storm.serialization.SerializationTest
Running org.apache.storm.serialization.ThriftBridgeSerializationDelegateTest
Tests run: 1, Failures: 0, Errors: 0, Skipped: 0, Time elapsed: 0.004 sec - in org.apache.storm.serialization.ThriftBridgeSerializationDelegateTest
Running org.apache.storm.grouping.PartialKeyGroupingTest
Tests run: 2, Failures: 0, Errors: 0, Skipped: 0, Time elapsed: 0.025 sec - in org.apache.storm.grouping.PartialKeyGroupingTest
Running org.apache.storm.command.TestCLI
Tests run: 1, Failures: 0, Errors: 0, Skipped: 0, Time elapsed: 0.014 sec - in org.apache.storm.command.TestCLI
Running org.apache.storm.command.RebalanceTest
Tests run: 2, Failures: 0, Errors: 0, Skipped: 0, Time elapsed: 0 sec - in org.apache.storm.command.RebalanceTest
Running org.apache.storm.command.SetLogLevelTest
Tests run: 3, Failures: 0, Errors: 0, Skipped: 0, Time elapsed: 0.004 sec - in org.apache.storm.command.SetLogLevelTest
Running org.apache.storm.utils.UtilsTest
Tests run: 8, Failures: 0, Errors: 0, Skipped: 0, Time elapsed: 0.302 sec - in org.apache.storm.utils.UtilsTest
Running org.apache.storm.utils.DisruptorQueueTest
Tests run: 3, Failures: 0, Errors: 0, Skipped: 0, Time elapsed: 3.596 sec - in org.apache.storm.utils.DisruptorQueueTest
Running org.apache.storm.utils.DisruptorQueueBackpressureTest
Tests run: 1, Failures: 0, Errors: 0, Skipped: 0, Time elapsed: 0 sec - in org.apache.storm.utils.DisruptorQueueBackpressureTest
Running org.apache.storm.utils.StormBoundedExponentialBackoffRetryTest
Tests run: 5, Failures: 0, Errors: 0, Skipped: 0, Time elapsed: 0.139 sec - in org.apache.storm.utils.StormBoundedExponentialBackoffRetryTest
Running org.apache.storm.utils.TimeTest
Tests run: 8, Failures: 0, Errors: 0, Skipped: 0, Time elapsed: 0.004 sec - in org.apache.storm.utils.TimeTest
Running org.apache.storm.utils.ThriftTopologyUtilsTest
Tests run: 5, Failures: 0, Errors: 0, Skipped: 0, Time elapsed: 0.021 sec - in org.apache.storm.utils.ThriftTopologyUtilsTest
Running org.apache.storm.utils.WorkerBackpressureThreadTest
Tests run: 1, Failures: 0, Errors: 0, Skipped: 0, Time elapsed: 0.202 sec - in org.apache.storm.utils.WorkerBackpressureThreadTest
Running org.apache.storm.utils.ShellBoltMessageQueueTest
Tests run: 3, Failures: 0, Errors: 0, Skipped: 0, Time elapsed: 2.499 sec - in org.apache.storm.utils.ShellBoltMessageQueueTest
Running org.apache.storm.metric.internal.CountStatAndMetricTest
Tests run: 1, Failures: 0, Errors: 0, Skipped: 0, Time elapsed: 0.007 sec - in org.apache.storm.metric.internal.CountStatAndMetricTest
Running org.apache.storm.metric.internal.RateTrackerTest
Tests run: 4, Failures: 0, Errors: 0, Skipped: 0, Time elapsed: 0.001 sec - in org.apache.storm.metric.internal.RateTrackerTest
Running org.apache.storm.metric.internal.LatencyStatAndMetricTest
Tests run: 1, Failures: 0, Errors: 0, Skipped: 0, Time elapsed: 0.008 sec - in org.apache.storm.metric.internal.LatencyStatAndMetricTest
Running org.apache.storm.metric.filter.FilterByMetricNameTest
Tests run: 4, Failures: 0, Errors: 0, Skipped: 0, Time elapsed: 0.062 sec - in org.apache.storm.metric.filter.FilterByMetricNameTest
Running org.apache.storm.scheduler.resource.strategies.scheduling.TestDefaultResourceAwareStrategy
Tests run: 2, Failures: 0, Errors: 0, Skipped: 0, Time elapsed: 4.277 sec - in org.apache.storm.scheduler.resource.strategies.scheduling.TestDefaultResourceAwareStrategy
Running org.apache.storm.scheduler.resource.TestResourceAwareScheduler
Tests run: 14, Failures: 0, Errors: 0, Skipped: 0, Time elapsed: 18.467 sec - in org.apache.storm.scheduler.resource.TestResourceAwareScheduler
Running org.apache.storm.scheduler.resource.TestUser
Tests run: 3, Failures: 0, Errors: 0, Skipped: 0, Time elapsed: 8.785 sec - in org.apache.storm.scheduler.resource.TestUser
Running org.apache.storm.localizer.LocalizerTest
Tests run: 13, Failures: 0, Errors: 0, Skipped: 0, Time elapsed: 2.529 sec - in org.apache.storm.localizer.LocalizerTest
Running org.apache.storm.localizer.LocalizedResourceRetentionSetTest
Tests run: 2, Failures: 0, Errors: 0, Skipped: 0, Time elapsed: 0.083 sec - in org.apache.storm.localizer.LocalizedResourceRetentionSetTest
Running org.apache.storm.localizer.LocalizedResourceSetTest
Tests run: 4, Failures: 0, Errors: 0, Skipped: 0, Time elapsed: 0.168 sec - in org.apache.storm.localizer.LocalizedResourceSetTest
Running org.apache.storm.spout.CheckpointSpoutTest
Tests run: 7, Failures: 0, Errors: 0, Skipped: 0, Time elapsed: 0.792 sec - in org.apache.storm.spout.CheckpointSpoutTest
Running org.apache.storm.blobstore.ClientBlobStoreTest
Tests run: 4, Failures: 0, Errors: 0, Skipped: 0, Time elapsed: 0.014 sec - in org.apache.storm.blobstore.ClientBlobStoreTest
Running org.apache.storm.blobstore.BlobStoreTest
Tests run: 4, Failures: 0, Errors: 0, Skipped: 0, Time elapsed: 2.69 sec - in org.apache.storm.blobstore.BlobStoreTest
Running org.apache.storm.blobstore.BlobSynchronizerTest
Tests run: 4, Failures: 0, Errors: 0, Skipped: 0, Time elapsed: 3.577 sec - in org.apache.storm.blobstore.BlobSynchronizerTest
Running org.apache.storm.topology.StatefulWindowedBoltExecutorTest
Tests run: 4, Failures: 0, Errors: 0, Skipped: 0, Time elapsed: 0.766 sec - in org.apache.storm.topology.StatefulWindowedBoltExecutorTest
Running org.apache.storm.topology.TopologyBuilderTest
Tests run: 5, Failures: 0, Errors: 0, Skipped: 0, Time elapsed: 0.215 sec - in org.apache.storm.topology.TopologyBuilderTest
Running org.apache.storm.topology.StatefulBoltExecutorTest
Tests run: 7, Failures: 0, Errors: 0, Skipped: 0, Time elapsed: 0.173 sec - in org.apache.storm.topology.StatefulBoltExecutorTest
Running org.apache.storm.topology.WindowedBoltExecutorTest
Tests run: 5, Failures: 1, Errors: 0, Skipped: 0, Time elapsed: 0.396 sec <<< FAILURE! - in org.apache.storm.topology.WindowedBoltExecutorTest
testExecuteWithLateTupleStream(org.apache.storm.topology.WindowedBoltExecutorTest)  Time elapsed: 0.388 sec  <<< FAILURE!
org.mockito.exceptions.verification.WantedButNotInvoked: 
Wanted but not invoked:
outputCollector.emit(
    "$late",
    [source: null:1, stream: s1, id: {}, [600]],
    [source: null:1, stream: s1, id: {}, [600]]
);
-> at org.apache.storm.topology.WindowedBoltExecutorTest.testExecuteWithLateTupleStream(WindowedBoltExecutorTest.java:225)
Actually, there were zero interactions with this mock.

	at org.apache.storm.topology.WindowedBoltExecutorTest.testExecuteWithLateTupleStream(WindowedBoltExecutorTest.java:225)

Running org.apache.storm.state.InMemoryKeyValueStateTest
Tests run: 2, Failures: 0, Errors: 0, Skipped: 0, Time elapsed: 0.001 sec - in org.apache.storm.state.InMemoryKeyValueStateTest
Running org.apache.storm.windowing.WaterMarkEventGeneratorTest
Tests run: 5, Failures: 0, Errors: 0, Skipped: 0, Time elapsed: 0.001 sec - in org.apache.storm.windowing.WaterMarkEventGeneratorTest
Running org.apache.storm.windowing.WindowManagerTest
Tests run: 10, Failures: 0, Errors: 0, Skipped: 0, Time elapsed: 0.654 sec - in org.apache.storm.windowing.WindowManagerTest
Running org.apache.storm.trident.TestTridentTopology
Tests run: 1, Failures: 0, Errors: 0, Skipped: 0, Time elapsed: 63.554 sec - in org.apache.storm.trident.TestTridentTopology
Running org.apache.storm.trident.TridentWindowingTest
Tests run: 3, Failures: 0, Errors: 0, Skipped: 0, Time elapsed: 0.045 sec - in org.apache.storm.trident.TridentWindowingTest
Running org.apache.storm.nimbus.LocalNimbusTest
Tests run: 1, Failures: 0, Errors: 0, Skipped: 0, Time elapsed: 76.479 sec - in org.apache.storm.nimbus.LocalNimbusTest
Running org.apache.storm.tuple.FieldsTest
Tests run: 12, Failures: 0, Errors: 0, Skipped: 0, Time elapsed: 0.251 sec - in org.apache.storm.tuple.FieldsTest
Running org.apache.storm.TestConfigValidate
Tests run: 25, Failures: 0, Errors: 0, Skipped: 0, Time elapsed: 0.728 sec - in org.apache.storm.TestConfigValidate
Running org.apache.storm.PacemakerTest
Tests run: 9, Failures: 0, Errors: 0, Skipped: 0, Time elapsed: 3.315 sec - in org.apache.storm.PacemakerTest
Running org.apache.storm.TestCgroups
Tests run: 1, Failures: 0, Errors: 0, Skipped: 1, Time elapsed: 0.1 sec - in org.apache.storm.TestCgroups
Running org.apache.storm.PaceMakerStateStorageFactoryTest
Tests run: 10, Failures: 0, Errors: 0, Skipped: 0, Time elapsed: 1.348 sec - in org.apache.storm.PaceMakerStateStorageFactoryTest

Results :

Failed tests: 
  WindowedBoltExecutorTest.testExecuteWithLateTupleStream:225 
Wanted but not invoked:
outputCollector.emit(
    "$late",
    [source: null:1, stream: s1, id: {}, [600]],
    [source: null:1, stream: s1, id: {}, [600]]
);
-> at org.apache.storm.topology.WindowedBoltExecutorTest.testExecuteWithLateTupleStream(WindowedBoltExecutorTest.java:225)
Actually, there were zero interactions with this mock.


Tests run: 254, Failures: 1, Errors: 0, Skipped: 1

[INFO] ------------------------------------------------------------------------
[INFO] BUILD FAILURE
[INFO] ------------------------------------------------------------------------
[INFO] Total time: 03:52 min
[INFO] Finished at: 2016-07-08T10:27:44+00:00
[INFO] Final Memory: 45M/423M
[INFO] ------------------------------------------------------------------------
[ERROR] Failed to execute goal org.apache.maven.plugins:maven-surefire-plugin:2.18.1:test (default-test) on project storm-core: There are test failures.
[ERROR] 
[ERROR] Please refer to /home/travis/build/apache/storm/storm-core/target/surefire-reports for the individual test results.
[ERROR] -> [Help 1]
[ERROR] 
[ERROR] To see the full stack trace of the errors, re-run Maven with the -e switch.
[ERROR] Re-run Maven using the -X switch to enable full debug logging.
[ERROR] 
[ERROR] For more information about the errors and possible solutions, please read the following articles:
[ERROR] [Help 1] http://cwiki.apache.org/confluence/display/MAVEN/MojoFailureException
Looking for errors in ./storm-core/target/surefire-reports
Checking ./storm-core/target/surefire-reports/TEST-org.apache.storm.security.serialization.BlowfishTupleSerializerTest.xml
Checking ./storm-core/target/surefire-reports/TEST-org.apache.storm.security.auth.ReqContextTest.xml
Checking ./storm-core/target/surefire-reports/TEST-org.apache.storm.security.auth.SaslTransportPluginTest.xml
Checking ./storm-core/target/surefire-reports/TEST-org.apache.storm.security.auth.ThriftClientTest.xml
Checking ./storm-core/target/surefire-reports/TEST-org.apache.storm.security.auth.AuthUtilsTest.xml
Checking ./storm-core/target/surefire-reports/TEST-org.apache.storm.security.auth.ThriftServerTest.xml
Checking ./storm-core/target/surefire-reports/TEST-org.apache.storm.cluster.StormClusterStateImplTest.xml
Checking ./storm-core/target/surefire-reports/TEST-org.apache.storm.serialization.GzipBridgeThriftSerializationDelegateTest.xml
Checking ./storm-core/target/surefire-reports/TEST-org.apache.storm.serialization.GzipBridgeSerializationDelegateTest.xml
Checking ./storm-core/target/surefire-reports/TEST-org.apache.storm.serialization.SerializationTest.xml
Checking ./storm-core/target/surefire-reports/TEST-org.apache.storm.serialization.ThriftBridgeSerializationDelegateTest.xml
Checking ./storm-core/target/surefire-reports/TEST-org.apache.storm.grouping.PartialKeyGroupingTest.xml
Checking ./storm-core/target/surefire-reports/TEST-org.apache.storm.command.TestCLI.xml
Checking ./storm-core/target/surefire-reports/TEST-org.apache.storm.command.RebalanceTest.xml
Checking ./storm-core/target/surefire-reports/TEST-org.apache.storm.command.SetLogLevelTest.xml
Checking ./storm-core/target/surefire-reports/TEST-org.apache.storm.utils.UtilsTest.xml
Checking ./storm-core/target/surefire-reports/TEST-org.apache.storm.utils.DisruptorQueueTest.xml
Checking ./storm-core/target/surefire-reports/TEST-org.apache.storm.utils.DisruptorQueueBackpressureTest.xml
Checking ./storm-core/target/surefire-reports/TEST-org.apache.storm.utils.StormBoundedExponentialBackoffRetryTest.xml
Checking ./storm-core/target/surefire-reports/TEST-org.apache.storm.utils.TimeTest.xml
Checking ./storm-core/target/surefire-reports/TEST-org.apache.storm.utils.ThriftTopologyUtilsTest.xml
Checking ./storm-core/target/surefire-reports/TEST-org.apache.storm.utils.WorkerBackpressureThreadTest.xml
Checking ./storm-core/target/surefire-reports/TEST-org.apache.storm.utils.ShellBoltMessageQueueTest.xml
Checking ./storm-core/target/surefire-reports/TEST-org.apache.storm.metric.internal.CountStatAndMetricTest.xml
Checking ./storm-core/target/surefire-reports/TEST-org.apache.storm.metric.internal.RateTrackerTest.xml
Checking ./storm-core/target/surefire-reports/TEST-org.apache.storm.metric.internal.LatencyStatAndMetricTest.xml
Checking ./storm-core/target/surefire-reports/TEST-org.apache.storm.metric.filter.FilterByMetricNameTest.xml
Checking ./storm-core/target/surefire-reports/TEST-org.apache.storm.scheduler.resource.strategies.scheduling.TestDefaultResourceAwareStrategy.xml
Checking ./storm-core/target/surefire-reports/TEST-org.apache.storm.scheduler.resource.TestResourceAwareScheduler.xml
Checking ./storm-core/target/surefire-reports/TEST-org.apache.storm.scheduler.resource.TestUser.xml
Checking ./storm-core/target/surefire-reports/TEST-org.apache.storm.localizer.LocalizerTest.xml
Checking ./storm-core/target/surefire-reports/TEST-org.apache.storm.localizer.LocalizedResourceRetentionSetTest.xml
Checking ./storm-core/target/surefire-reports/TEST-org.apache.storm.localizer.LocalizedResourceSetTest.xml
Checking ./storm-core/target/surefire-reports/TEST-org.apache.storm.spout.CheckpointSpoutTest.xml
Checking ./storm-core/target/surefire-reports/TEST-org.apache.storm.blobstore.ClientBlobStoreTest.xml
Checking ./storm-core/target/surefire-reports/TEST-org.apache.storm.blobstore.BlobStoreTest.xml
Checking ./storm-core/target/surefire-reports/TEST-org.apache.storm.blobstore.BlobSynchronizerTest.xml
Checking ./storm-core/target/surefire-reports/TEST-org.apache.storm.topology.StatefulWindowedBoltExecutorTest.xml
Checking ./storm-core/target/surefire-reports/TEST-org.apache.storm.topology.TopologyBuilderTest.xml
Checking ./storm-core/target/surefire-reports/TEST-org.apache.storm.topology.StatefulBoltExecutorTest.xml
Checking ./storm-core/target/surefire-reports/TEST-org.apache.storm.topology.WindowedBoltExecutorTest.xml
--------------------------------------------------
classname: org.apache.storm.topology.WindowedBoltExecutorTest / testname: testExecuteWithLateTupleStream
org.mockito.exceptions.verification.WantedButNotInvoked: 
Wanted but not invoked:
outputCollector.emit(
    "$late",
    [source: null:1, stream: s1, id: {}, [600]],
    [source: null:1, stream: s1, id: {}, [600]]
);
-> at org.apache.storm.topology.WindowedBoltExecutorTest.testExecuteWithLateTupleStream(WindowedBoltExecutorTest.java:225)
Actually, there were zero interactions with this mock.

	at org.apache.storm.topology.WindowedBoltExecutorTest.testExecuteWithLateTupleStream(WindowedBoltExecutorTest.java:225)

-------------------- system-out --------------------
53509 [main-SendThread(localhost:2181)] WARN  o.a.z.ClientCnxn - Session 0x0 for server null, unexpected error, closing socket connection and attempting reconnect
java.net.ConnectException: Connection refused
	at sun.nio.ch.SocketChannelImpl.checkConnect(Native Method) ~[?:1.7.0_76]
	at sun.nio.ch.SocketChannelImpl.finishConnect(SocketChannelImpl.java:739) ~[?:1.7.0_76]
	at org.apache.zookeeper.ClientCnxnSocketNIO.doTransport(ClientCnxnSocketNIO.java:361) ~[zookeeper-3.4.6.jar:3.4.6-1569965]
	at org.apache.zookeeper.ClientCnxn$SendThread.run(ClientCnxn.java:1081) [zookeeper-3.4.6.jar:3.4.6-1569965]
53542 [main-SendThread(localhost:2181)] WARN  o.a.z.ClientCnxn - Session 0x0 for server null, unexpected error, closing socket connection and attempting reconnect
java.net.ConnectException: Connection refused
	at sun.nio.ch.SocketChannelImpl.checkConnect(Native Method) ~[?:1.7.0_76]
	at sun.nio.ch.SocketChannelImpl.finishConnect(SocketChannelImpl.java:739) ~[?:1.7.0_76]
	at org.apache.zookeeper.ClientCnxnSocketNIO.doTransport(ClientCnxnSocketNIO.java:361) ~[zookeeper-3.4.6.jar:3.4.6-1569965]
	at org.apache.zookeeper.ClientCnxn$SendThread.run(ClientCnxn.java:1081) [zookeeper-3.4.6.jar:3.4.6-1569965]
53610 [main-SendThread(localhost:2181)] WARN  o.a.z.ClientCnxn - Session 0x0 for server null, unexpected error, closing socket connection and attempting reconnect
java.net.ConnectException: Connection refused
	at sun.nio.ch.SocketChannelImpl.checkConnect(Native Method) ~[?:1.7.0_76]
	at sun.nio.ch.SocketChannelImpl.finishConnect(SocketChannelImpl.java:739) ~[?:1.7.0_76]
	at org.apache.zookeeper.ClientCnxnSocketNIO.doTransport(ClientCnxnSocketNIO.java:361) ~[zookeeper-3.4.6.jar:3.4.6-1569965]
	at org.apache.zookeeper.ClientCnxn$SendThread.run(ClientCnxn.java:1081) [zookeeper-3.4.6.jar:3.4.6-1569965]
53643 [main-SendThread(localhost:2181)] WARN  o.a.z.ClientCnxn - Session 0x0 for server null, unexpected error, closing socket connection and attempting reconnect
java.net.ConnectException: Connection refused
	at sun.nio.ch.SocketChannelImpl.checkConnect(Native Method) ~[?:1.7.0_76]
	at sun.nio.ch.SocketChannelImpl.finishConnect(SocketChannelImpl.java:739) ~[?:1.7.0_76]
	at org.apache.zookeeper.ClientCnxnSocketNIO.doTransport(ClientCnxnSocketNIO.java:361) ~[zookeeper-3.4.6.jar:3.4.6-1569965]
	at org.apache.zookeeper.ClientCnxn$SendThread.run(ClientCnxn.java:1081) [zookeeper-3.4.6.jar:3.4.6-1569965]
[]

--------------------------------------------------
Checking ./storm-core/target/surefire-reports/TEST-org.apache.storm.state.InMemoryKeyValueStateTest.xml
Checking ./storm-core/target/surefire-reports/TEST-org.apache.storm.windowing.WaterMarkEventGeneratorTest.xml
Checking ./storm-core/target/surefire-reports/TEST-org.apache.storm.windowing.WindowManagerTest.xml
Checking ./storm-core/target/surefire-reports/TEST-org.apache.storm.trident.TestTridentTopology.xml
Checking ./storm-core/target/surefire-reports/TEST-org.apache.storm.trident.TridentWindowingTest.xml
Checking ./storm-core/target/surefire-reports/TEST-org.apache.storm.nimbus.LocalNimbusTest.xml
Checking ./storm-core/target/surefire-reports/TEST-org.apache.storm.tuple.FieldsTest.xml
Checking ./storm-core/target/surefire-reports/TEST-org.apache.storm.TestConfigValidate.xml
Checking ./storm-core/target/surefire-reports/TEST-org.apache.storm.PacemakerTest.xml
Checking ./storm-core/target/surefire-reports/TEST-org.apache.storm.TestCgroups.xml
Checking ./storm-core/target/surefire-reports/TEST-org.apache.storm.PaceMakerStateStorageFactoryTest.xml

travis_time:end:19b19cb6:start=1467973430246634115,finish=1467973665643595338,duration=235396961223[0K
[31;1mThe command "/bin/bash ./dev-tools/travis/travis-script.sh `pwd` $MODULES" exited with 1.[0m
travis_fold:start:cache.2[0Kstore build cache
travis_time:start:04c0e096[0K
travis_time:end:04c0e096:start=1467973665649556218,finish=1467973665654224853,duration=4668635[0Ktravis_time:start:31f06ae3[0K[32;1mchange detected (content changed, file is created, or file is deleted):
/home/travis/.m2/repository/eigenbase/eigenbase-properties/1.1.4/eigenbase-properties-1.1.4.pom.lastUpdated
/home/travis/.m2/repository/io/confluent/kafka-avro-serializer/1.0/kafka-avro-serializer-1.0.pom.lastUpdated
/home/travis/.m2/repository/io/confluent/kafka-schema-registry-client/1.0/kafka-schema-registry-client-1.0.pom.lastUpdated
/home/travis/.m2/repository/net/hydromatic/linq4j/0.4/linq4j-0.4.pom.lastUpdated
/home/travis/.m2/repository/net/hydromatic/quidem/0.1.1/quidem-0.1.1.pom.lastUpdated
/home/travis/.m2/repository/org/apache/storm/flux/2.0.0-SNAPSHOT/maven-metadata-local.xml
/home/travis/.m2/repository/org/apache/storm/flux/2.0.0-SNAPSHOT/_remote.repositories
/home/travis/.m2/repository/org/apache/storm/flux-core/2.0.0-SNAPSHOT/flux-core-2.0.0-SNAPSHOT.jar
/home/travis/.m2/repository/org/apache/storm/flux-core/2.0.0-SNAPSHOT/maven-metadata-local.xml
/home/travis/.m2/repository/org/apache/storm/flux-core/2.0.0-SNAPSHOT/_remote.repositories
/home/travis/.m2/repository/org/ap
[0m
[32;1m...
[0m
[32;1mchanges detected, packing new archive[0m
.
.
.
.
.
.
.
[32;1muploading archive[0m

travis_time:end:31f06ae3:start=1467973665659895903,finish=1467973718882721761,duration=53222825858[0Ktravis_fold:end:cache.2[0K
Done. Your build exited with 1.
