Using worker: worker-linux-docker-43bb0bbb.prod.travis-ci.org:travis-linux-3

travis_fold:start:system_info[0K[33;1mBuild system information[0m
Build language: java
Build group: stable
Build dist: precise
[34m[1mBuild image provisioning date and time[0m
Thu Feb  5 15:09:33 UTC 2015
[34m[1mOperating System Details[0m
Distributor ID:	Ubuntu
Description:	Ubuntu 12.04.5 LTS
Release:	12.04
Codename:	precise
[34m[1mLinux Version[0m
3.13.0-29-generic
[34m[1mCookbooks Version[0m
a68419e https://github.com/travis-ci/travis-cookbooks/tree/a68419e
[34m[1mGCC version[0m
gcc (Ubuntu/Linaro 4.6.3-1ubuntu5) 4.6.3
Copyright (C) 2011 Free Software Foundation, Inc.
This is free software; see the source for copying conditions.  There is NO
warranty; not even for MERCHANTABILITY or FITNESS FOR A PARTICULAR PURPOSE.

[34m[1mLLVM version[0m
clang version 3.4 (tags/RELEASE_34/final)
Target: x86_64-unknown-linux-gnu
Thread model: posix
[34m[1mPre-installed Ruby versions[0m
ruby-1.9.3-p551
[34m[1mPre-installed Node.js versions[0m
v0.10.36
[34m[1mPre-installed Go versions[0m
1.4.1
[34m[1mRedis version[0m
redis-server 2.8.19
[34m[1mriak version[0m
2.0.2
[34m[1mMongoDB version[0m
MongoDB 2.4.12
[34m[1mCouchDB version[0m
couchdb 1.6.1
[34m[1mNeo4j version[0m
1.9.4
[34m[1mRabbitMQ Version[0m
3.4.3
[34m[1mElasticSearch version[0m
1.4.0
[34m[1mInstalled Sphinx versions[0m
2.0.10
2.1.9
2.2.6
[34m[1mDefault Sphinx version[0m
2.2.6
[34m[1mInstalled Firefox version[0m
firefox 31.0esr
[34m[1mPhantomJS version[0m
1.9.8
[34m[1mant -version[0m
Apache Ant(TM) version 1.8.2 compiled on December 3 2011
[34m[1mmvn -version[0m
Apache Maven 3.2.5 (12a6b3acb947671f09b81f49094c53f426d8cea1; 2014-12-14T17:29:23+00:00)
Maven home: /usr/local/maven
Java version: 1.7.0_76, vendor: Oracle Corporation
Java home: /usr/lib/jvm/java-7-oracle/jre
Default locale: en_US, platform encoding: ANSI_X3.4-1968
OS name: "linux", version: "3.13.0-29-generic", arch: "amd64", family: "unix"
travis_fold:end:system_info[0K
travis_fold:start:fix.CVE-2015-7547[0K$ export DEBIAN_FRONTEND=noninteractive
W: Size of file /var/lib/apt/lists/us.archive.ubuntu.com_ubuntu_dists_precise-backports_multiverse_source_Sources.gz is not what the server reported 5886 5888
W: Size of file /var/lib/apt/lists/ppa.launchpad.net_ubuntugis_ppa_ubuntu_dists_precise_main_binary-amd64_Packages.gz is not what the server reported 36669 36677
W: Size of file /var/lib/apt/lists/ppa.launchpad.net_ubuntugis_ppa_ubuntu_dists_precise_main_binary-i386_Packages.gz is not what the server reported 36729 36733
Reading package lists...
Building dependency tree...
Reading state information...
The following extra packages will be installed:
  libc-bin libc-dev-bin libc6-dev
Suggested packages:
  glibc-doc
The following packages will be upgraded:
  libc-bin libc-dev-bin libc6 libc6-dev
4 upgraded, 0 newly installed, 0 to remove and 248 not upgraded.
Need to get 8,840 kB of archives.
After this operation, 14.3 kB disk space will be freed.
Get:1 http://us.archive.ubuntu.com/ubuntu/ precise-updates/main libc6-dev amd64 2.15-0ubuntu10.15 [2,943 kB]
Get:2 http://us.archive.ubuntu.com/ubuntu/ precise-updates/main libc-dev-bin amd64 2.15-0ubuntu10.15 [84.7 kB]
Get:3 http://us.archive.ubuntu.com/ubuntu/ precise-updates/main libc-bin amd64 2.15-0ubuntu10.15 [1,177 kB]
Get:4 http://us.archive.ubuntu.com/ubuntu/ precise-updates/main libc6 amd64 2.15-0ubuntu10.15 [4,636 kB]
Fetched 8,840 kB in 0s (34.4 MB/s)
Preconfiguring packages ...
(Reading database ... (Reading database ... 5%(Reading database ... 10%(Reading database ... 15%(Reading database ... 20%(Reading database ... 25%(Reading database ... 30%(Reading database ... 35%(Reading database ... 40%(Reading database ... 45%(Reading database ... 50%(Reading database ... 55%(Reading database ... 60%(Reading database ... 65%(Reading database ... 70%(Reading database ... 75%(Reading database ... 80%(Reading database ... 85%(Reading database ... 90%(Reading database ... 95%(Reading database ... 100%(Reading database ... 72019 files and directories currently installed.)
Preparing to replace libc6-dev 2.15-0ubuntu10.10 (using .../libc6-dev_2.15-0ubuntu10.15_amd64.deb) ...
Unpacking replacement libc6-dev ...
Preparing to replace libc-dev-bin 2.15-0ubuntu10.10 (using .../libc-dev-bin_2.15-0ubuntu10.15_amd64.deb) ...
Unpacking replacement libc-dev-bin ...
Preparing to replace libc-bin 2.15-0ubuntu10.10 (using .../libc-bin_2.15-0ubuntu10.15_amd64.deb) ...
Unpacking replacement libc-bin ...
Processing triggers for man-db ...
Setting up libc-bin (2.15-0ubuntu10.15) ...
(Reading database ... (Reading database ... 5%(Reading database ... 10%(Reading database ... 15%(Reading database ... 20%(Reading database ... 25%(Reading database ... 30%(Reading database ... 35%(Reading database ... 40%(Reading database ... 45%(Reading database ... 50%(Reading database ... 55%(Reading database ... 60%(Reading database ... 65%(Reading database ... 70%(Reading database ... 75%(Reading database ... 80%(Reading database ... 85%(Reading database ... 90%(Reading database ... 95%(Reading database ... 100%(Reading database ... 72018 files and directories currently installed.)
Preparing to replace libc6 2.15-0ubuntu10.10 (using .../libc6_2.15-0ubuntu10.15_amd64.deb) ...
Unpacking replacement libc6 ...
Setting up libc6 (2.15-0ubuntu10.15) ...
Setting up libc-dev-bin (2.15-0ubuntu10.15) ...
Setting up libc6-dev (2.15-0ubuntu10.15) ...
Processing triggers for libc-bin ...
ldconfig deferred processing now taking place
travis_fold:end:fix.CVE-2015-7547[0Ktravis_fold:start:git.checkout[0Ktravis_time:start:0b79e568[0K$ git clone --depth=50 --branch=1.x-branch https://github.com/apache/storm.git apache/storm
Cloning into 'apache/storm'...
remote: Counting objects: 5189, done.[K
remote: Compressing objects:   0% (1/3245)   [Kremote: Compressing objects:   1% (33/3245)   [Kremote: Compressing objects:   2% (65/3245)   [Kremote: Compressing objects:   3% (98/3245)   [Kremote: Compressing objects:   4% (130/3245)   [Kremote: Compressing objects:   5% (163/3245)   [Kremote: Compressing objects:   6% (195/3245)   [Kremote: Compressing objects:   7% (228/3245)   [Kremote: Compressing objects:   8% (260/3245)   [Kremote: Compressing objects:   9% (293/3245)   [Kremote: Compressing objects:  10% (325/3245)   [Kremote: Compressing objects:  11% (357/3245)   [Kremote: Compressing objects:  12% (390/3245)   [Kremote: Compressing objects:  13% (422/3245)   [Kremote: Compressing objects:  14% (455/3245)   [Kremote: Compressing objects:  15% (487/3245)   [Kremote: Compressing objects:  16% (520/3245)   [Kremote: Compressing objects:  17% (552/3245)   [Kremote: Compressing objects:  18% (585/3245)   [Kremote: Compressing objects:  19% (617/3245)   [Kremote: Compressing objects:  20% (649/3245)   [Kremote: Compressing objects:  21% (682/3245)   [Kremote: Compressing objects:  22% (714/3245)   [Kremote: Compressing objects:  23% (747/3245)   [Kremote: Compressing objects:  24% (779/3245)   [Kremote: Compressing objects:  25% (812/3245)   [Kremote: Compressing objects:  26% (844/3245)   [Kremote: Compressing objects:  27% (877/3245)   [Kremote: Compressing objects:  28% (909/3245)   [Kremote: Compressing objects:  29% (942/3245)   [Kremote: Compressing objects:  30% (974/3245)   [Kremote: Compressing objects:  31% (1006/3245)   [Kremote: Compressing objects:  32% (1039/3245)   [Kremote: Compressing objects:  33% (1071/3245)   [Kremote: Compressing objects:  34% (1104/3245)   [Kremote: Compressing objects:  35% (1136/3245)   [Kremote: Compressing objects:  36% (1169/3245)   [Kremote: Compressing objects:  37% (1201/3245)   [Kremote: Compressing objects:  38% (1234/3245)   [Kremote: Compressing objects:  39% (1266/3245)   [Kremote: Compressing objects:  40% (1298/3245)   [Kremote: Compressing objects:  41% (1331/3245)   [Kremote: Compressing objects:  42% (1363/3245)   [Kremote: Compressing objects:  43% (1396/3245)   [Kremote: Compressing objects:  44% (1428/3245)   [Kremote: Compressing objects:  45% (1461/3245)   [Kremote: Compressing objects:  46% (1493/3245)   [Kremote: Compressing objects:  47% (1526/3245)   [Kremote: Compressing objects:  48% (1558/3245)   [Kremote: Compressing objects:  49% (1591/3245)   [Kremote: Compressing objects:  50% (1623/3245)   [Kremote: Compressing objects:  51% (1655/3245)   [Kremote: Compressing objects:  52% (1688/3245)   [Kremote: Compressing objects:  53% (1720/3245)   [Kremote: Compressing objects:  54% (1753/3245)   [Kremote: Compressing objects:  55% (1785/3245)   [Kremote: Compressing objects:  56% (1818/3245)   [Kremote: Compressing objects:  57% (1850/3245)   [Kremote: Compressing objects:  58% (1883/3245)   [Kremote: Compressing objects:  59% (1915/3245)   [Kremote: Compressing objects:  60% (1947/3245)   [Kremote: Compressing objects:  61% (1980/3245)   [Kremote: Compressing objects:  62% (2012/3245)   [Kremote: Compressing objects:  63% (2045/3245)   [Kremote: Compressing objects:  64% (2077/3245)   [Kremote: Compressing objects:  65% (2110/3245)   [Kremote: Compressing objects:  66% (2142/3245)   [Kremote: Compressing objects:  67% (2175/3245)   [Kremote: Compressing objects:  68% (2207/3245)   [Kremote: Compressing objects:  69% (2240/3245)   [Kremote: Compressing objects:  70% (2272/3245)   [Kremote: Compressing objects:  71% (2304/3245)   [Kremote: Compressing objects:  72% (2337/3245)   [Kremote: Compressing objects:  73% (2369/3245)   [Kremote: Compressing objects:  74% (2402/3245)   [Kremote: Compressing objects:  75% (2434/3245)   [Kremote: Compressing objects:  76% (2467/3245)   [Kremote: Compressing objects:  77% (2499/3245)   [Kremote: Compressing objects:  78% (2532/3245)   [Kremote: Compressing objects:  79% (2564/3245)   [Kremote: Compressing objects:  80% (2596/3245)   [Kremote: Compressing objects:  81% (2629/3245)   [Kremote: Compressing objects:  82% (2661/3245)   [Kremote: Compressing objects:  83% (2694/3245)   [Kremote: Compressing objects:  84% (2726/3245)   [Kremote: Compressing objects:  85% (2759/3245)   [Kremote: Compressing objects:  86% (2791/3245)   [Kremote: Compressing objects:  87% (2824/3245)   [Kremote: Compressing objects:  88% (2856/3245)   [Kremote: Compressing objects:  89% (2889/3245)   [Kremote: Compressing objects:  90% (2921/3245)   [Kremote: Compressing objects:  91% (2953/3245)   [Kremote: Compressing objects:  92% (2986/3245)   [Kremote: Compressing objects:  93% (3018/3245)   [Kremote: Compressing objects:  94% (3051/3245)   [Kremote: Compressing objects:  95% (3083/3245)   [Kremote: Compressing objects:  96% (3116/3245)   [Kremote: Compressing objects:  97% (3148/3245)   [Kremote: Compressing objects:  98% (3181/3245)   [Kremote: Compressing objects:  99% (3213/3245)   [Kremote: Compressing objects: 100% (3245/3245)   [Kremote: Compressing objects: 100% (3245/3245), done.[K
Receiving objects:   0% (1/5189)   Receiving objects:   1% (52/5189)   Receiving objects:   2% (104/5189)   Receiving objects:   3% (156/5189)   Receiving objects:   4% (208/5189)   Receiving objects:   5% (260/5189)   Receiving objects:   6% (312/5189)   Receiving objects:   7% (364/5189)   Receiving objects:   8% (416/5189)   Receiving objects:   9% (468/5189)   Receiving objects:  10% (519/5189)   Receiving objects:  11% (571/5189)   Receiving objects:  12% (623/5189)   Receiving objects:  13% (675/5189)   Receiving objects:  14% (727/5189)   Receiving objects:  15% (779/5189)   Receiving objects:  16% (831/5189)   Receiving objects:  17% (883/5189)   Receiving objects:  18% (935/5189)   Receiving objects:  19% (986/5189)   Receiving objects:  20% (1038/5189)   Receiving objects:  21% (1090/5189)   Receiving objects:  22% (1142/5189)   Receiving objects:  23% (1194/5189)   Receiving objects:  24% (1246/5189)   Receiving objects:  25% (1298/5189)   Receiving objects:  26% (1350/5189)   Receiving objects:  27% (1402/5189)   Receiving objects:  28% (1453/5189)   Receiving objects:  29% (1505/5189)   Receiving objects:  30% (1557/5189)   Receiving objects:  31% (1609/5189)   Receiving objects:  32% (1661/5189)   Receiving objects:  33% (1713/5189)   Receiving objects:  34% (1765/5189)   Receiving objects:  35% (1817/5189)   Receiving objects:  36% (1869/5189)   Receiving objects:  37% (1920/5189)   Receiving objects:  38% (1972/5189)   Receiving objects:  39% (2024/5189)   Receiving objects:  40% (2076/5189)   Receiving objects:  41% (2128/5189)   Receiving objects:  42% (2180/5189)   Receiving objects:  43% (2232/5189)   Receiving objects:  44% (2284/5189)   Receiving objects:  45% (2336/5189)   Receiving objects:  46% (2387/5189)   Receiving objects:  47% (2439/5189)   Receiving objects:  48% (2491/5189)   Receiving objects:  49% (2543/5189)   Receiving objects:  50% (2595/5189)   Receiving objects:  51% (2647/5189)   Receiving objects:  52% (2699/5189)   Receiving objects:  53% (2751/5189)   Receiving objects:  54% (2803/5189)   Receiving objects:  55% (2854/5189), 8.20 MiB | 16.35 MiB/s   Receiving objects:  56% (2906/5189), 8.20 MiB | 16.35 MiB/s   Receiving objects:  57% (2958/5189), 8.20 MiB | 16.35 MiB/s   Receiving objects:  58% (3010/5189), 8.20 MiB | 16.35 MiB/s   Receiving objects:  59% (3062/5189), 8.20 MiB | 16.35 MiB/s   Receiving objects:  60% (3114/5189), 8.20 MiB | 16.35 MiB/s   Receiving objects:  61% (3166/5189), 8.20 MiB | 16.35 MiB/s   Receiving objects:  62% (3218/5189), 8.20 MiB | 16.35 MiB/s   Receiving objects:  63% (3270/5189), 8.20 MiB | 16.35 MiB/s   Receiving objects:  64% (3321/5189), 8.20 MiB | 16.35 MiB/s   Receiving objects:  65% (3373/5189), 8.20 MiB | 16.35 MiB/s   Receiving objects:  66% (3425/5189), 8.20 MiB | 16.35 MiB/s   Receiving objects:  67% (3477/5189), 8.20 MiB | 16.35 MiB/s   Receiving objects:  68% (3529/5189), 8.20 MiB | 16.35 MiB/s   Receiving objects:  69% (3581/5189), 8.20 MiB | 16.35 MiB/s   Receiving objects:  70% (3633/5189), 8.20 MiB | 16.35 MiB/s   Receiving objects:  71% (3685/5189), 8.20 MiB | 16.35 MiB/s   Receiving objects:  72% (3737/5189), 8.20 MiB | 16.35 MiB/s   Receiving objects:  73% (3788/5189), 8.20 MiB | 16.35 MiB/s   Receiving objects:  74% (3840/5189), 8.20 MiB | 16.35 MiB/s   Receiving objects:  75% (3892/5189), 8.20 MiB | 16.35 MiB/s   Receiving objects:  76% (3944/5189), 8.20 MiB | 16.35 MiB/s   Receiving objects:  77% (3996/5189), 8.20 MiB | 16.35 MiB/s   Receiving objects:  78% (4048/5189), 8.20 MiB | 16.35 MiB/s   Receiving objects:  79% (4100/5189), 8.20 MiB | 16.35 MiB/s   Receiving objects:  80% (4152/5189), 8.20 MiB | 16.35 MiB/s   Receiving objects:  81% (4204/5189), 8.20 MiB | 16.35 MiB/s   Receiving objects:  82% (4255/5189), 8.20 MiB | 16.35 MiB/s   Receiving objects:  83% (4307/5189), 8.20 MiB | 16.35 MiB/s   Receiving objects:  84% (4359/5189), 8.20 MiB | 16.35 MiB/s   Receiving objects:  85% (4411/5189), 8.20 MiB | 16.35 MiB/s   Receiving objects:  86% (4463/5189), 8.20 MiB | 16.35 MiB/s   Receiving objects:  87% (4515/5189), 8.20 MiB | 16.35 MiB/s   Receiving objects:  88% (4567/5189), 8.20 MiB | 16.35 MiB/s   Receiving objects:  89% (4619/5189), 8.20 MiB | 16.35 MiB/s   Receiving objects:  90% (4671/5189), 8.20 MiB | 16.35 MiB/s   Receiving objects:  91% (4722/5189), 8.20 MiB | 16.35 MiB/s   remote: Total 5189 (delta 2094), reused 3382 (delta 1046), pack-reused 0[K
Receiving objects:  92% (4774/5189), 8.20 MiB | 16.35 MiB/s   Receiving objects:  93% (4826/5189), 8.20 MiB | 16.35 MiB/s   Receiving objects:  94% (4878/5189), 8.20 MiB | 16.35 MiB/s   Receiving objects:  95% (4930/5189), 8.20 MiB | 16.35 MiB/s   Receiving objects:  96% (4982/5189), 8.20 MiB | 16.35 MiB/s   Receiving objects:  97% (5034/5189), 8.20 MiB | 16.35 MiB/s   Receiving objects:  98% (5086/5189), 8.20 MiB | 16.35 MiB/s   Receiving objects:  99% (5138/5189), 8.20 MiB | 16.35 MiB/s   Receiving objects: 100% (5189/5189), 8.20 MiB | 16.35 MiB/s   Receiving objects: 100% (5189/5189), 9.01 MiB | 16.35 MiB/s, done.
Resolving deltas:   0% (0/2094)   Resolving deltas:   2% (62/2094)   Resolving deltas:   3% (63/2094)   Resolving deltas:   4% (97/2094)   Resolving deltas:   5% (109/2094)   Resolving deltas:   6% (133/2094)   Resolving deltas:   7% (150/2094)   Resolving deltas:   8% (186/2094)   Resolving deltas:   9% (189/2094)   Resolving deltas:  11% (243/2094)   Resolving deltas:  12% (252/2094)   Resolving deltas:  18% (386/2094)   Resolving deltas:  19% (399/2094)   Resolving deltas:  20% (424/2094)   Resolving deltas:  21% (448/2094)   Resolving deltas:  22% (476/2094)   Resolving deltas:  23% (482/2094)   Resolving deltas:  24% (507/2094)   Resolving deltas:  25% (524/2094)   Resolving deltas:  26% (547/2094)   Resolving deltas:  27% (586/2094)   Resolving deltas:  28% (588/2094)   Resolving deltas:  29% (612/2094)   Resolving deltas:  30% (634/2094)   Resolving deltas:  31% (650/2094)   Resolving deltas:  32% (671/2094)   Resolving deltas:  33% (696/2094)   Resolving deltas:  34% (712/2094)   Resolving deltas:  35% (737/2094)   Resolving deltas:  36% (769/2094)   Resolving deltas:  37% (777/2094)   Resolving deltas:  38% (798/2094)   Resolving deltas:  39% (817/2094)   Resolving deltas:  40% (838/2094)   Resolving deltas:  41% (862/2094)   Resolving deltas:  42% (882/2094)   Resolving deltas:  43% (910/2094)   Resolving deltas:  44% (922/2094)   Resolving deltas:  45% (943/2094)   Resolving deltas:  46% (967/2094)   Resolving deltas:  47% (985/2094)   Resolving deltas:  48% (1008/2094)   Resolving deltas:  49% (1028/2094)   Resolving deltas:  50% (1048/2094)   Resolving deltas:  51% (1074/2094)   Resolving deltas:  52% (1089/2094)   Resolving deltas:  53% (1110/2094)   Resolving deltas:  54% (1131/2094)   Resolving deltas:  55% (1155/2094)   Resolving deltas:  56% (1173/2094)   Resolving deltas:  57% (1194/2094)   Resolving deltas:  58% (1221/2094)   Resolving deltas:  59% (1236/2094)   Resolving deltas:  60% (1263/2094)   Resolving deltas:  61% (1281/2094)   Resolving deltas:  62% (1314/2094)   Resolving deltas:  63% (1339/2094)   Resolving deltas:  64% (1342/2094)   Resolving deltas:  65% (1363/2094)   Resolving deltas:  66% (1387/2094)   Resolving deltas:  67% (1405/2094)   Resolving deltas:  68% (1424/2094)   Resolving deltas:  69% (1454/2094)   Resolving deltas:  70% (1469/2094)   Resolving deltas:  71% (1488/2094)   Resolving deltas:  72% (1508/2094)   Resolving deltas:  73% (1530/2094)   Resolving deltas:  74% (1551/2094)   Resolving deltas:  75% (1571/2094)   Resolving deltas:  76% (1593/2094)   Resolving deltas:  77% (1614/2094)   Resolving deltas:  78% (1637/2094)   Resolving deltas:  79% (1657/2094)   Resolving deltas:  80% (1677/2094)   Resolving deltas:  81% (1697/2094)   Resolving deltas:  82% (1718/2094)   Resolving deltas:  83% (1739/2094)   Resolving deltas:  84% (1760/2094)   Resolving deltas:  85% (1780/2094)   Resolving deltas:  86% (1806/2094)   Resolving deltas:  87% (1822/2094)   Resolving deltas:  88% (1844/2094)   Resolving deltas:  89% (1864/2094)   Resolving deltas:  92% (1947/2094)   Resolving deltas:  93% (1950/2094)   Resolving deltas:  94% (1969/2094)   Resolving deltas:  96% (2022/2094)   Resolving deltas:  97% (2033/2094)   Resolving deltas: 100% (2094/2094)   Resolving deltas: 100% (2094/2094), done.
Checking connectivity... done.

travis_time:end:0b79e568:start=1468183350847681098,finish=1468183352839932096,duration=1992250998[0K$ cd apache/storm
$ git checkout -qf cf10c73c262bdb40d1f98f0e84d8e1a89746304c
travis_fold:end:git.checkout[0K
[33;1mThis job is running on container-based infrastructure, which does not allow use of 'sudo', setuid and setguid executables.[0m
[33;1mIf you require sudo, add 'sudo: required' to your .travis.yml[0m
[33;1mSee https://docs.travis-ci.com/user/workers/container-based-infrastructure/ for details.[0m

[33;1mSetting environment variables from .travis.yml[0m
$ export MODULES='!storm-core'

$ jdk_switcher use oraclejdk7
Switching to Oracle JDK7 (java-7-oracle), JAVA_HOME will be set to /usr/lib/jvm/java-7-oracle
travis_fold:start:cache.1[0KSetting up build cache
$ export CASHER_DIR=$HOME/.casher
travis_time:start:23078d78[0K$ Installing caching utilities

travis_time:end:23078d78:start=1468183354618406194,finish=1468183354797120720,duration=178714526[0Ktravis_time:start:325f4cef[0K
travis_time:end:325f4cef:start=1468183354801888769,finish=1468183354805173004,duration=3284235[0Ktravis_time:start:0cbb8d2c[0K[32;1mattempting to download cache archive[0m
[32;1mfetching 1.x-branch/cache-linux-precise-0b3559b5dae2b3e32156c6d840f23972d650aa066922e3318f7e5db8246681fa--jdk-oraclejdk7.tgz[0m
[32;1mfound cache[0m

travis_time:end:0cbb8d2c:start=1468183354808998633,finish=1468183374990165406,duration=20181166773[0Ktravis_time:start:0be06ff2[0K
travis_time:end:0be06ff2:start=1468183374994237169,finish=1468183374997739552,duration=3502383[0Ktravis_time:start:0415cf26[0K[32;1madding /home/travis/.m2/repository to cache[0m
[32;1madding /home/travis/.rvm to cache[0m
[32;1madding /home/travis/.nvm to cache[0m

travis_time:end:0415cf26:start=1468183375002213987,finish=1468183397626470500,duration=22624256513[0Ktravis_fold:end:cache.1[0K$ java -Xmx32m -version
java version "1.7.0_76"
Java(TM) SE Runtime Environment (build 1.7.0_76-b13)
Java HotSpot(TM) 64-Bit Server VM (build 24.76-b04, mixed mode)
$ javac -J-Xmx32m -version
javac 1.7.0_76
travis_fold:start:before_install.1[0Ktravis_time:start:19a2d7d0[0K$ rvm use 2.1.5 --install
[32mUsing /home/travis/.rvm/gems/ruby-2.1.5[0m

travis_time:end:19a2d7d0:start=1468183397973680559,finish=1468183398737772373,duration=764091814[0Ktravis_fold:end:before_install.1[0Ktravis_fold:start:before_install.2[0Ktravis_time:start:018c06c6[0K$ nvm install 0.12.2
v0.12.2 is already installed.
Now using node v0.12.2

travis_time:end:018c06c6:start=1468183398742710556,finish=1468183399302202221,duration=559491665[0Ktravis_fold:end:before_install.2[0Ktravis_fold:start:before_install.3[0Ktravis_time:start:0273e068[0K$ nvm use 0.12.2
Now using node v0.12.2

travis_time:end:0273e068:start=1468183399306815161,finish=1468183399370827593,duration=64012432[0Ktravis_fold:end:before_install.3[0Ktravis_fold:start:install[0Ktravis_time:start:014afb2f[0K$ /bin/bash ./dev-tools/travis/travis-install.sh `pwd`
Python version :   Python 2.7.3
Maven version  :   Apache Maven 3.2.5 (12a6b3acb947671f09b81f49094c53f426d8cea1; 2014-12-14T17:29:23+00:00) Maven home: /usr/local/maven Java version: 1.7.0_76, vendor: Oracle Corporation Java home: /usr/lib/jvm/java-7-oracle/jre Default locale: en_US, platform encoding: UTF-8 OS name: "linux", version: "3.13.0-40-generic", arch: "amd64", family: "unix"
['mvn', 'clean', 'install', '-DskipTests', '-Pnative', '--batch-mode'] writing to install.txt
2 seconds 1 log lines12 seconds 175 log lines39 seconds 308 log lines58 seconds 317 log lines68 seconds 450 log lines89 seconds 621 log lines104 seconds 828 log lines115 seconds 875 log lines126 seconds 926 log lines136 seconds 1257 log lines148 seconds 1408 log lines158 seconds 1695 log lines169 seconds 2024 log lines184 seconds 2236 log lines201 seconds 2531 log lines201 seconds 2532 log lines
['mvn', 'clean', 'install', '-DskipTests', '-Pnative', '--batch-mode'] done 0

travis_time:end:014afb2f:start=1468183399376049316,finish=1468183602004629739,duration=202628580423[0Ktravis_fold:end:install[0Ktravis_time:start:15207168[0K$ /bin/bash ./dev-tools/travis/travis-script.sh `pwd` $MODULES
Python version :   Python 2.7.3
Ruby version   :   ruby 2.1.5p273 (2014-11-13 revision 48405) [x86_64-linux]
NodeJs version :  
Maven version  :   Apache Maven 3.2.5 (12a6b3acb947671f09b81f49094c53f426d8cea1; 2014-12-14T17:29:23+00:00) Maven home: /usr/local/maven Java version: 1.7.0_76, vendor: Oracle Corporation Java home: /usr/lib/jvm/java-7-oracle/jre Default locale: en_US, platform encoding: UTF-8 OS name: "linux", version: "3.13.0-40-generic", arch: "amd64", family: "unix"
[INFO] Scanning for projects...
[INFO] ------------------------------------------------------------------------
[INFO] Reactor Build Order:
[INFO] 
[INFO] Storm
[INFO] multilang-javascript
[INFO] multilang-python
[INFO] multilang-ruby
[INFO] maven-shade-clojure-transformer
[INFO] storm-maven-plugins
[INFO] storm-rename-hack
[INFO] storm-kafka
[INFO] storm-hdfs
[INFO] storm-hbase
[INFO] storm-hive
[INFO] storm-jdbc
[INFO] storm-redis
[INFO] storm-eventhubs
[INFO] flux
[INFO] flux-wrappers
[INFO] flux-core
[INFO] flux-examples
[INFO] storm-sql-runtime
[INFO] storm-sql-core
[INFO] storm-sql-kafka
[INFO] sql
[INFO] storm-elasticsearch
[INFO] storm-solr
[INFO] storm-metrics
[INFO] storm-cassandra
[INFO] storm-mqtt-parent
[INFO] storm-mqtt
[INFO] storm-mqtt-examples
[INFO] storm-mongodb
[INFO] storm-starter
[INFO] storm-kafka-client
[INFO] storm-opentsdb
[INFO] storm-kafka-monitor
[INFO]                                                                         
[INFO] ------------------------------------------------------------------------
[INFO] Building Storm 1.1.0-SNAPSHOT
[INFO] ------------------------------------------------------------------------
[INFO] 
[INFO] --- maven-remote-resources-plugin:1.2.1:process (default) @ storm ---
[INFO] 
[INFO] --- apache-rat-plugin:0.11:check (default) @ storm ---
[INFO] 51 implicit excludes (use -debug for more details).
[INFO] Exclude: **/target/**
[INFO] Exclude: **/*.iml
[INFO] Exclude: **/.idea/**
[INFO] Exclude: **/metastore_db/**
[INFO] Exclude: **/build/**
[INFO] Exclude: **/CHANGELOG.md
[INFO] Exclude: **/README.md
[INFO] Exclude: **/README.markdown
[INFO] Exclude: **/DEVELOPER.md
[INFO] Exclude: **/BYLAWS.md
[INFO] Exclude: **/STORM-UI-REST-API.md
[INFO] Exclude: SECURITY.md
[INFO] Exclude: VERSION
[INFO] Exclude: TODO
[INFO] Exclude: **/src/py/**
[INFO] Exclude: **/src/ui/public/js/jquery.dataTables.1.10.4.min.js
[INFO] Exclude: **/src/ui/public/css/jquery.dataTables.1.10.4.min.css
[INFO] Exclude: **/src/ui/public/images/*
[INFO] Exclude: **/src/ui/public/js/bootstrap-3.3.1.min.js
[INFO] Exclude: **/src/ui/public/css/bootstrap-3.3.1.min.css
[INFO] Exclude: **/src/ui/public/js/dataTables.bootstrap.min.js
[INFO] Exclude: **/src/ui/public/css/dataTables.bootstrap.css
[INFO] Exclude: **/src/ui/public/js/jsonFormatter.min.js
[INFO] Exclude: **/src/ui/public/css/jsonFormatter.min.css
[INFO] Exclude: **/src/ui/public/js/jquery-1.11.1.min.js
[INFO] Exclude: **/src/ui/public/js/jquery.cookies.2.2.0.min.js
[INFO] Exclude: **/src/ui/public/js/moment.min.js
[INFO] Exclude: **/src/ui/public/js/jquery.blockUI.min.js
[INFO] Exclude: **/src/ui/public/js/url.min.js
[INFO] Exclude: **/src/ui/public/js/arbor.js
[INFO] Exclude: **/src/ui/public/js/arbor-graphics.js
[INFO] Exclude: **/src/ui/public/js/arbor-tween.js
[INFO] Exclude: **/src/ui/public/js/jquery.mustache.js
[INFO] Exclude: **/src/ui/public/js/typeahead.jquery.min.js
[INFO] Exclude: **/dependency-reduced-pom.xml
[INFO] Exclude: **/docs/**
[INFO] Exclude: **/.git/**
[INFO] Exclude: **/derby.log
[INFO] Exclude: **/src/dev/**
[INFO] Exclude: **/src/codegen/config.fmpp
[INFO] Exclude: **/src/codegen/data/Parser.tdd
[INFO] Exclude: **/src/test/resources/FixedAvroSerializer.config
[INFO] 1764 resources included (use -debug for more details)
Warning:  org.apache.xerces.jaxp.SAXParserImpl$JAXPSAXParser: Property 'http://www.oracle.com/xml/jaxp/properties/entityExpansionLimit' is not recognized.
Compiler warnings:
  WARNING:  'org.apache.xerces.jaxp.SAXParserImpl: Property 'http://javax.xml.XMLConstants/property/accessExternalDTD' is not recognized.'
Warning:  org.apache.xerces.parsers.SAXParser: Feature 'http://javax.xml.XMLConstants/feature/secure-processing' is not recognized.
Warning:  org.apache.xerces.parsers.SAXParser: Property 'http://javax.xml.XMLConstants/property/accessExternalDTD' is not recognized.
Warning:  org.apache.xerces.parsers.SAXParser: Property 'http://www.oracle.com/xml/jaxp/properties/entityExpansionLimit' is not recognized.
[INFO] Rat check: Summary of files. Unapproved: 0 unknown: 0 generated: 0 approved: 1751 licence.
[INFO]                                                                         
[INFO] ------------------------------------------------------------------------
[INFO] Building multilang-javascript 1.1.0-SNAPSHOT
[INFO] ------------------------------------------------------------------------
[INFO] 
[INFO] --- maven-remote-resources-plugin:1.2.1:process (default) @ multilang-javascript ---
[INFO] 
[INFO] --- maven-resources-plugin:2.5:resources (default-resources) @ multilang-javascript ---
[debug] execute contextualize
[INFO] Using 'UTF-8' encoding to copy filtered resources.
[INFO] Copying 1 resource
[INFO] Copying 3 resources
[INFO] 
[INFO] --- maven-compiler-plugin:3.1:compile (default-compile) @ multilang-javascript ---
[INFO] No sources to compile
[INFO] 
[INFO] --- maven-resources-plugin:2.5:testResources (default-testResources) @ multilang-javascript ---
[debug] execute contextualize
[INFO] Using 'UTF-8' encoding to copy filtered resources.
[INFO] skip non existing resourceDirectory /home/travis/build/apache/storm/storm-multilang/javascript/src/test/resources
[INFO] Copying 3 resources
[INFO] 
[INFO] --- maven-compiler-plugin:3.1:testCompile (default-testCompile) @ multilang-javascript ---
[INFO] No sources to compile
[INFO] 
[INFO] --- maven-surefire-plugin:2.18.1:test (default-test) @ multilang-javascript ---
[INFO] 
[INFO] --- apache-rat-plugin:0.11:check (default) @ multilang-javascript ---
[INFO] 51 implicit excludes (use -debug for more details).
[INFO] Exclude: **/target/**
[INFO] Exclude: **/*.iml
[INFO] Exclude: **/.idea/**
[INFO] Exclude: **/metastore_db/**
[INFO] Exclude: **/build/**
[INFO] Exclude: **/CHANGELOG.md
[INFO] Exclude: **/README.md
[INFO] Exclude: **/README.markdown
[INFO] Exclude: **/DEVELOPER.md
[INFO] Exclude: **/BYLAWS.md
[INFO] Exclude: **/STORM-UI-REST-API.md
[INFO] Exclude: SECURITY.md
[INFO] Exclude: VERSION
[INFO] Exclude: TODO
[INFO] Exclude: **/src/py/**
[INFO] Exclude: **/src/ui/public/js/jquery.dataTables.1.10.4.min.js
[INFO] Exclude: **/src/ui/public/css/jquery.dataTables.1.10.4.min.css
[INFO] Exclude: **/src/ui/public/images/*
[INFO] Exclude: **/src/ui/public/js/bootstrap-3.3.1.min.js
[INFO] Exclude: **/src/ui/public/css/bootstrap-3.3.1.min.css
[INFO] Exclude: **/src/ui/public/js/dataTables.bootstrap.min.js
[INFO] Exclude: **/src/ui/public/css/dataTables.bootstrap.css
[INFO] Exclude: **/src/ui/public/js/jsonFormatter.min.js
[INFO] Exclude: **/src/ui/public/css/jsonFormatter.min.css
[INFO] Exclude: **/src/ui/public/js/jquery-1.11.1.min.js
[INFO] Exclude: **/src/ui/public/js/jquery.cookies.2.2.0.min.js
[INFO] Exclude: **/src/ui/public/js/moment.min.js
[INFO] Exclude: **/src/ui/public/js/jquery.blockUI.min.js
[INFO] Exclude: **/src/ui/public/js/url.min.js
[INFO] Exclude: **/src/ui/public/js/arbor.js
[INFO] Exclude: **/src/ui/public/js/arbor-graphics.js
[INFO] Exclude: **/src/ui/public/js/arbor-tween.js
[INFO] Exclude: **/src/ui/public/js/jquery.mustache.js
[INFO] Exclude: **/src/ui/public/js/typeahead.jquery.min.js
[INFO] Exclude: **/dependency-reduced-pom.xml
[INFO] Exclude: **/docs/**
[INFO] Exclude: **/.git/**
[INFO] Exclude: **/derby.log
[INFO] Exclude: **/src/dev/**
[INFO] Exclude: **/src/codegen/config.fmpp
[INFO] Exclude: **/src/codegen/data/Parser.tdd
[INFO] Exclude: **/src/test/resources/FixedAvroSerializer.config
[INFO] 2 resources included (use -debug for more details)
Warning:  org.apache.xerces.jaxp.SAXParserImpl$JAXPSAXParser: Property 'http://www.oracle.com/xml/jaxp/properties/entityExpansionLimit' is not recognized.
Compiler warnings:
  WARNING:  'org.apache.xerces.jaxp.SAXParserImpl: Property 'http://javax.xml.XMLConstants/property/accessExternalDTD' is not recognized.'
Warning:  org.apache.xerces.parsers.SAXParser: Feature 'http://javax.xml.XMLConstants/feature/secure-processing' is not recognized.
Warning:  org.apache.xerces.parsers.SAXParser: Property 'http://javax.xml.XMLConstants/property/accessExternalDTD' is not recognized.
Warning:  org.apache.xerces.parsers.SAXParser: Property 'http://www.oracle.com/xml/jaxp/properties/entityExpansionLimit' is not recognized.
[INFO] Rat check: Summary of files. Unapproved: 0 unknown: 0 generated: 0 approved: 2 licence.
[INFO]                                                                         
[INFO] ------------------------------------------------------------------------
[INFO] Building multilang-python 1.1.0-SNAPSHOT
[INFO] ------------------------------------------------------------------------
[INFO] 
[INFO] --- maven-remote-resources-plugin:1.2.1:process (default) @ multilang-python ---
[INFO] 
[INFO] --- maven-resources-plugin:2.5:resources (default-resources) @ multilang-python ---
[debug] execute contextualize
[INFO] Using 'UTF-8' encoding to copy filtered resources.
[INFO] Copying 1 resource
[INFO] Copying 3 resources
[INFO] 
[INFO] --- maven-compiler-plugin:3.1:compile (default-compile) @ multilang-python ---
[INFO] No sources to compile
[INFO] 
[INFO] --- maven-resources-plugin:2.5:testResources (default-testResources) @ multilang-python ---
[debug] execute contextualize
[INFO] Using 'UTF-8' encoding to copy filtered resources.
[INFO] skip non existing resourceDirectory /home/travis/build/apache/storm/storm-multilang/python/src/test/resources
[INFO] Copying 3 resources
[INFO] 
[INFO] --- maven-compiler-plugin:3.1:testCompile (default-testCompile) @ multilang-python ---
[INFO] No sources to compile
[INFO] 
[INFO] --- maven-surefire-plugin:2.18.1:test (default-test) @ multilang-python ---
[INFO] 
[INFO] --- apache-rat-plugin:0.11:check (default) @ multilang-python ---
[INFO] 51 implicit excludes (use -debug for more details).
[INFO] Exclude: **/target/**
[INFO] Exclude: **/*.iml
[INFO] Exclude: **/.idea/**
[INFO] Exclude: **/metastore_db/**
[INFO] Exclude: **/build/**
[INFO] Exclude: **/CHANGELOG.md
[INFO] Exclude: **/README.md
[INFO] Exclude: **/README.markdown
[INFO] Exclude: **/DEVELOPER.md
[INFO] Exclude: **/BYLAWS.md
[INFO] Exclude: **/STORM-UI-REST-API.md
[INFO] Exclude: SECURITY.md
[INFO] Exclude: VERSION
[INFO] Exclude: TODO
[INFO] Exclude: **/src/py/**
[INFO] Exclude: **/src/ui/public/js/jquery.dataTables.1.10.4.min.js
[INFO] Exclude: **/src/ui/public/css/jquery.dataTables.1.10.4.min.css
[INFO] Exclude: **/src/ui/public/images/*
[INFO] Exclude: **/src/ui/public/js/bootstrap-3.3.1.min.js
[INFO] Exclude: **/src/ui/public/css/bootstrap-3.3.1.min.css
[INFO] Exclude: **/src/ui/public/js/dataTables.bootstrap.min.js
[INFO] Exclude: **/src/ui/public/css/dataTables.bootstrap.css
[INFO] Exclude: **/src/ui/public/js/jsonFormatter.min.js
[INFO] Exclude: **/src/ui/public/css/jsonFormatter.min.css
[INFO] Exclude: **/src/ui/public/js/jquery-1.11.1.min.js
[INFO] Exclude: **/src/ui/public/js/jquery.cookies.2.2.0.min.js
[INFO] Exclude: **/src/ui/public/js/moment.min.js
[INFO] Exclude: **/src/ui/public/js/jquery.blockUI.min.js
[INFO] Exclude: **/src/ui/public/js/url.min.js
[INFO] Exclude: **/src/ui/public/js/arbor.js
[INFO] Exclude: **/src/ui/public/js/arbor-graphics.js
[INFO] Exclude: **/src/ui/public/js/arbor-tween.js
[INFO] Exclude: **/src/ui/public/js/jquery.mustache.js
[INFO] Exclude: **/src/ui/public/js/typeahead.jquery.min.js
[INFO] Exclude: **/dependency-reduced-pom.xml
[INFO] Exclude: **/docs/**
[INFO] Exclude: **/.git/**
[INFO] Exclude: **/derby.log
[INFO] Exclude: **/src/dev/**
[INFO] Exclude: **/src/codegen/config.fmpp
[INFO] Exclude: **/src/codegen/data/Parser.tdd
[INFO] Exclude: **/src/test/resources/FixedAvroSerializer.config
[INFO] 2 resources included (use -debug for more details)
Warning:  org.apache.xerces.jaxp.SAXParserImpl$JAXPSAXParser: Property 'http://www.oracle.com/xml/jaxp/properties/entityExpansionLimit' is not recognized.
Compiler warnings:
  WARNING:  'org.apache.xerces.jaxp.SAXParserImpl: Property 'http://javax.xml.XMLConstants/property/accessExternalDTD' is not recognized.'
Warning:  org.apache.xerces.parsers.SAXParser: Feature 'http://javax.xml.XMLConstants/feature/secure-processing' is not recognized.
Warning:  org.apache.xerces.parsers.SAXParser: Property 'http://javax.xml.XMLConstants/property/accessExternalDTD' is not recognized.
Warning:  org.apache.xerces.parsers.SAXParser: Property 'http://www.oracle.com/xml/jaxp/properties/entityExpansionLimit' is not recognized.
[INFO] Rat check: Summary of files. Unapproved: 0 unknown: 0 generated: 0 approved: 2 licence.
[INFO]                                                                         
[INFO] ------------------------------------------------------------------------
[INFO] Building multilang-ruby 1.1.0-SNAPSHOT
[INFO] ------------------------------------------------------------------------
[INFO] 
[INFO] --- maven-remote-resources-plugin:1.2.1:process (default) @ multilang-ruby ---
[INFO] 
[INFO] --- maven-resources-plugin:2.5:resources (default-resources) @ multilang-ruby ---
[debug] execute contextualize
[INFO] Using 'UTF-8' encoding to copy filtered resources.
[INFO] Copying 1 resource
[INFO] Copying 3 resources
[INFO] 
[INFO] --- maven-compiler-plugin:3.1:compile (default-compile) @ multilang-ruby ---
[INFO] No sources to compile
[INFO] 
[INFO] --- maven-resources-plugin:2.5:testResources (default-testResources) @ multilang-ruby ---
[debug] execute contextualize
[INFO] Using 'UTF-8' encoding to copy filtered resources.
[INFO] skip non existing resourceDirectory /home/travis/build/apache/storm/storm-multilang/ruby/src/test/resources
[INFO] Copying 3 resources
[INFO] 
[INFO] --- maven-compiler-plugin:3.1:testCompile (default-testCompile) @ multilang-ruby ---
[INFO] No sources to compile
[INFO] 
[INFO] --- maven-surefire-plugin:2.18.1:test (default-test) @ multilang-ruby ---
[INFO] 
[INFO] --- apache-rat-plugin:0.11:check (default) @ multilang-ruby ---
[INFO] 51 implicit excludes (use -debug for more details).
[INFO] Exclude: **/target/**
[INFO] Exclude: **/*.iml
[INFO] Exclude: **/.idea/**
[INFO] Exclude: **/metastore_db/**
[INFO] Exclude: **/build/**
[INFO] Exclude: **/CHANGELOG.md
[INFO] Exclude: **/README.md
[INFO] Exclude: **/README.markdown
[INFO] Exclude: **/DEVELOPER.md
[INFO] Exclude: **/BYLAWS.md
[INFO] Exclude: **/STORM-UI-REST-API.md
[INFO] Exclude: SECURITY.md
[INFO] Exclude: VERSION
[INFO] Exclude: TODO
[INFO] Exclude: **/src/py/**
[INFO] Exclude: **/src/ui/public/js/jquery.dataTables.1.10.4.min.js
[INFO] Exclude: **/src/ui/public/css/jquery.dataTables.1.10.4.min.css
[INFO] Exclude: **/src/ui/public/images/*
[INFO] Exclude: **/src/ui/public/js/bootstrap-3.3.1.min.js
[INFO] Exclude: **/src/ui/public/css/bootstrap-3.3.1.min.css
[INFO] Exclude: **/src/ui/public/js/dataTables.bootstrap.min.js
[INFO] Exclude: **/src/ui/public/css/dataTables.bootstrap.css
[INFO] Exclude: **/src/ui/public/js/jsonFormatter.min.js
[INFO] Exclude: **/src/ui/public/css/jsonFormatter.min.css
[INFO] Exclude: **/src/ui/public/js/jquery-1.11.1.min.js
[INFO] Exclude: **/src/ui/public/js/jquery.cookies.2.2.0.min.js
[INFO] Exclude: **/src/ui/public/js/moment.min.js
[INFO] Exclude: **/src/ui/public/js/jquery.blockUI.min.js
[INFO] Exclude: **/src/ui/public/js/url.min.js
[INFO] Exclude: **/src/ui/public/js/arbor.js
[INFO] Exclude: **/src/ui/public/js/arbor-graphics.js
[INFO] Exclude: **/src/ui/public/js/arbor-tween.js
[INFO] Exclude: **/src/ui/public/js/jquery.mustache.js
[INFO] Exclude: **/src/ui/public/js/typeahead.jquery.min.js
[INFO] Exclude: **/dependency-reduced-pom.xml
[INFO] Exclude: **/docs/**
[INFO] Exclude: **/.git/**
[INFO] Exclude: **/derby.log
[INFO] Exclude: **/src/dev/**
[INFO] Exclude: **/src/codegen/config.fmpp
[INFO] Exclude: **/src/codegen/data/Parser.tdd
[INFO] Exclude: **/src/test/resources/FixedAvroSerializer.config
[INFO] 2 resources included (use -debug for more details)
Warning:  org.apache.xerces.jaxp.SAXParserImpl$JAXPSAXParser: Property 'http://www.oracle.com/xml/jaxp/properties/entityExpansionLimit' is not recognized.
Compiler warnings:
  WARNING:  'org.apache.xerces.jaxp.SAXParserImpl: Property 'http://javax.xml.XMLConstants/property/accessExternalDTD' is not recognized.'
Warning:  org.apache.xerces.parsers.SAXParser: Feature 'http://javax.xml.XMLConstants/feature/secure-processing' is not recognized.
Warning:  org.apache.xerces.parsers.SAXParser: Property 'http://javax.xml.XMLConstants/property/accessExternalDTD' is not recognized.
Warning:  org.apache.xerces.parsers.SAXParser: Property 'http://www.oracle.com/xml/jaxp/properties/entityExpansionLimit' is not recognized.
[INFO] Rat check: Summary of files. Unapproved: 0 unknown: 0 generated: 0 approved: 2 licence.
[INFO]                                                                         
[INFO] ------------------------------------------------------------------------
[INFO] Building maven-shade-clojure-transformer 1.1.0-SNAPSHOT
[INFO] ------------------------------------------------------------------------
[INFO] 
[INFO] --- maven-remote-resources-plugin:1.2.1:process (default) @ maven-shade-clojure-transformer ---
[INFO] 
[INFO] --- maven-resources-plugin:2.5:resources (default-resources) @ maven-shade-clojure-transformer ---
[debug] execute contextualize
[INFO] Using 'UTF-8' encoding to copy filtered resources.
[INFO] skip non existing resourceDirectory /home/travis/build/apache/storm/storm-buildtools/maven-shade-clojure-transformer/src/main/resources
[INFO] Copying 3 resources
[INFO] 
[INFO] --- maven-compiler-plugin:3.1:compile (default-compile) @ maven-shade-clojure-transformer ---
[INFO] Nothing to compile - all classes are up to date
[INFO] 
[INFO] --- maven-resources-plugin:2.5:testResources (default-testResources) @ maven-shade-clojure-transformer ---
[debug] execute contextualize
[INFO] Using 'UTF-8' encoding to copy filtered resources.
[INFO] skip non existing resourceDirectory /home/travis/build/apache/storm/storm-buildtools/maven-shade-clojure-transformer/src/test/resources
[INFO] Copying 3 resources
[INFO] 
[INFO] --- maven-compiler-plugin:3.1:testCompile (default-testCompile) @ maven-shade-clojure-transformer ---
[INFO] No sources to compile
[INFO] 
[INFO] --- maven-surefire-plugin:2.18.1:test (default-test) @ maven-shade-clojure-transformer ---
[INFO] 
[INFO] --- apache-rat-plugin:0.11:check (default) @ maven-shade-clojure-transformer ---
[INFO] 51 implicit excludes (use -debug for more details).
[INFO] Exclude: **/target/**
[INFO] Exclude: **/*.iml
[INFO] Exclude: **/.idea/**
[INFO] Exclude: **/metastore_db/**
[INFO] Exclude: **/build/**
[INFO] Exclude: **/CHANGELOG.md
[INFO] Exclude: **/README.md
[INFO] Exclude: **/README.markdown
[INFO] Exclude: **/DEVELOPER.md
[INFO] Exclude: **/BYLAWS.md
[INFO] Exclude: **/STORM-UI-REST-API.md
[INFO] Exclude: SECURITY.md
[INFO] Exclude: VERSION
[INFO] Exclude: TODO
[INFO] Exclude: **/src/py/**
[INFO] Exclude: **/src/ui/public/js/jquery.dataTables.1.10.4.min.js
[INFO] Exclude: **/src/ui/public/css/jquery.dataTables.1.10.4.min.css
[INFO] Exclude: **/src/ui/public/images/*
[INFO] Exclude: **/src/ui/public/js/bootstrap-3.3.1.min.js
[INFO] Exclude: **/src/ui/public/css/bootstrap-3.3.1.min.css
[INFO] Exclude: **/src/ui/public/js/dataTables.bootstrap.min.js
[INFO] Exclude: **/src/ui/public/css/dataTables.bootstrap.css
[INFO] Exclude: **/src/ui/public/js/jsonFormatter.min.js
[INFO] Exclude: **/src/ui/public/css/jsonFormatter.min.css
[INFO] Exclude: **/src/ui/public/js/jquery-1.11.1.min.js
[INFO] Exclude: **/src/ui/public/js/jquery.cookies.2.2.0.min.js
[INFO] Exclude: **/src/ui/public/js/moment.min.js
[INFO] Exclude: **/src/ui/public/js/jquery.blockUI.min.js
[INFO] Exclude: **/src/ui/public/js/url.min.js
[INFO] Exclude: **/src/ui/public/js/arbor.js
[INFO] Exclude: **/src/ui/public/js/arbor-graphics.js
[INFO] Exclude: **/src/ui/public/js/arbor-tween.js
[INFO] Exclude: **/src/ui/public/js/jquery.mustache.js
[INFO] Exclude: **/src/ui/public/js/typeahead.jquery.min.js
[INFO] Exclude: **/dependency-reduced-pom.xml
[INFO] Exclude: **/docs/**
[INFO] Exclude: **/.git/**
[INFO] Exclude: **/derby.log
[INFO] Exclude: **/src/dev/**
[INFO] Exclude: **/src/codegen/config.fmpp
[INFO] Exclude: **/src/codegen/data/Parser.tdd
[INFO] Exclude: **/src/test/resources/FixedAvroSerializer.config
[INFO] 2 resources included (use -debug for more details)
Warning:  org.apache.xerces.jaxp.SAXParserImpl$JAXPSAXParser: Property 'http://www.oracle.com/xml/jaxp/properties/entityExpansionLimit' is not recognized.
Compiler warnings:
  WARNING:  'org.apache.xerces.jaxp.SAXParserImpl: Property 'http://javax.xml.XMLConstants/property/accessExternalDTD' is not recognized.'
Warning:  org.apache.xerces.parsers.SAXParser: Feature 'http://javax.xml.XMLConstants/feature/secure-processing' is not recognized.
Warning:  org.apache.xerces.parsers.SAXParser: Property 'http://javax.xml.XMLConstants/property/accessExternalDTD' is not recognized.
Warning:  org.apache.xerces.parsers.SAXParser: Property 'http://www.oracle.com/xml/jaxp/properties/entityExpansionLimit' is not recognized.
[INFO] Rat check: Summary of files. Unapproved: 0 unknown: 0 generated: 0 approved: 2 licence.
[INFO]                                                                         
[INFO] ------------------------------------------------------------------------
[INFO] Building storm-maven-plugins 1.1.0-SNAPSHOT
[INFO] ------------------------------------------------------------------------
[INFO] 
[INFO] --- maven-remote-resources-plugin:1.2.1:process (default) @ storm-maven-plugins ---
[INFO] 
[INFO] --- maven-resources-plugin:2.5:resources (default-resources) @ storm-maven-plugins ---
[debug] execute contextualize
[INFO] Using 'UTF-8' encoding to copy filtered resources.
[INFO] skip non existing resourceDirectory /home/travis/build/apache/storm/storm-buildtools/storm-maven-plugins/src/main/resources
[INFO] Copying 3 resources
[INFO] 
[INFO] --- maven-compiler-plugin:3.1:compile (default-compile) @ storm-maven-plugins ---
[INFO] Nothing to compile - all classes are up to date
[INFO] 
[INFO] --- maven-plugin-plugin:3.0:descriptor (default-descriptor) @ storm-maven-plugins ---
[INFO] Using 'UTF-8' encoding to read mojo metadata.
[INFO] Applying mojo extractor for language: java-annotations
[INFO] Mojo extractor for language: java-annotations found 1 mojo descriptors.
[INFO] Applying mojo extractor for language: java
[INFO] Mojo extractor for language: java found 0 mojo descriptors.
[INFO] Applying mojo extractor for language: bsh
[INFO] Mojo extractor for language: bsh found 0 mojo descriptors.
[INFO] 
[INFO] --- maven-plugin-plugin:3.0:descriptor (mojo-descriptor) @ storm-maven-plugins ---
[INFO] Using 'UTF-8' encoding to read mojo metadata.
[INFO] Applying mojo extractor for language: java-annotations
[INFO] Mojo extractor for language: java-annotations found 1 mojo descriptors.
[INFO] Applying mojo extractor for language: java
[INFO] Mojo extractor for language: java found 0 mojo descriptors.
[INFO] Applying mojo extractor for language: bsh
[INFO] Mojo extractor for language: bsh found 0 mojo descriptors.
[INFO] 
[INFO] --- maven-resources-plugin:2.5:testResources (default-testResources) @ storm-maven-plugins ---
[debug] execute contextualize
[INFO] Using 'UTF-8' encoding to copy filtered resources.
[INFO] skip non existing resourceDirectory /home/travis/build/apache/storm/storm-buildtools/storm-maven-plugins/src/test/resources
[INFO] Copying 3 resources
[INFO] 
[INFO] --- maven-compiler-plugin:3.1:testCompile (default-testCompile) @ storm-maven-plugins ---
[INFO] No sources to compile
[INFO] 
[INFO] --- maven-surefire-plugin:2.18.1:test (default-test) @ storm-maven-plugins ---
[INFO] 
[INFO] --- apache-rat-plugin:0.11:check (default) @ storm-maven-plugins ---
[INFO] 51 implicit excludes (use -debug for more details).
[INFO] Exclude: **/target/**
[INFO] Exclude: **/*.iml
[INFO] Exclude: **/.idea/**
[INFO] Exclude: **/metastore_db/**
[INFO] Exclude: **/build/**
[INFO] Exclude: **/CHANGELOG.md
[INFO] Exclude: **/README.md
[INFO] Exclude: **/README.markdown
[INFO] Exclude: **/DEVELOPER.md
[INFO] Exclude: **/BYLAWS.md
[INFO] Exclude: **/STORM-UI-REST-API.md
[INFO] Exclude: SECURITY.md
[INFO] Exclude: VERSION
[INFO] Exclude: TODO
[INFO] Exclude: **/src/py/**
[INFO] Exclude: **/src/ui/public/js/jquery.dataTables.1.10.4.min.js
[INFO] Exclude: **/src/ui/public/css/jquery.dataTables.1.10.4.min.css
[INFO] Exclude: **/src/ui/public/images/*
[INFO] Exclude: **/src/ui/public/js/bootstrap-3.3.1.min.js
[INFO] Exclude: **/src/ui/public/css/bootstrap-3.3.1.min.css
[INFO] Exclude: **/src/ui/public/js/dataTables.bootstrap.min.js
[INFO] Exclude: **/src/ui/public/css/dataTables.bootstrap.css
[INFO] Exclude: **/src/ui/public/js/jsonFormatter.min.js
[INFO] Exclude: **/src/ui/public/css/jsonFormatter.min.css
[INFO] Exclude: **/src/ui/public/js/jquery-1.11.1.min.js
[INFO] Exclude: **/src/ui/public/js/jquery.cookies.2.2.0.min.js
[INFO] Exclude: **/src/ui/public/js/moment.min.js
[INFO] Exclude: **/src/ui/public/js/jquery.blockUI.min.js
[INFO] Exclude: **/src/ui/public/js/url.min.js
[INFO] Exclude: **/src/ui/public/js/arbor.js
[INFO] Exclude: **/src/ui/public/js/arbor-graphics.js
[INFO] Exclude: **/src/ui/public/js/arbor-tween.js
[INFO] Exclude: **/src/ui/public/js/jquery.mustache.js
[INFO] Exclude: **/src/ui/public/js/typeahead.jquery.min.js
[INFO] Exclude: **/dependency-reduced-pom.xml
[INFO] Exclude: **/docs/**
[INFO] Exclude: **/.git/**
[INFO] Exclude: **/derby.log
[INFO] Exclude: **/src/dev/**
[INFO] Exclude: **/src/codegen/config.fmpp
[INFO] Exclude: **/src/codegen/data/Parser.tdd
[INFO] Exclude: **/src/test/resources/FixedAvroSerializer.config
[INFO] 3 resources included (use -debug for more details)
Warning:  org.apache.xerces.jaxp.SAXParserImpl$JAXPSAXParser: Property 'http://www.oracle.com/xml/jaxp/properties/entityExpansionLimit' is not recognized.
Compiler warnings:
  WARNING:  'org.apache.xerces.jaxp.SAXParserImpl: Property 'http://javax.xml.XMLConstants/property/accessExternalDTD' is not recognized.'
Warning:  org.apache.xerces.parsers.SAXParser: Feature 'http://javax.xml.XMLConstants/feature/secure-processing' is not recognized.
Warning:  org.apache.xerces.parsers.SAXParser: Property 'http://javax.xml.XMLConstants/property/accessExternalDTD' is not recognized.
Warning:  org.apache.xerces.parsers.SAXParser: Property 'http://www.oracle.com/xml/jaxp/properties/entityExpansionLimit' is not recognized.
[INFO] Rat check: Summary of files. Unapproved: 0 unknown: 0 generated: 0 approved: 3 licence.
[INFO]                                                                         
[INFO] ------------------------------------------------------------------------
[INFO] Building storm-rename-hack 1.1.0-SNAPSHOT
[INFO] ------------------------------------------------------------------------
[INFO] Downloading: https://repository.apache.org/snapshots/org/apache/storm/storm-core/1.1.0-SNAPSHOT/maven-metadata.xml
[INFO] Downloaded: https://repository.apache.org/snapshots/org/apache/storm/storm-core/1.1.0-SNAPSHOT/maven-metadata.xml (2 KB at 2.5 KB/sec)
[INFO] 
[INFO] --- maven-remote-resources-plugin:1.2.1:process (default) @ storm-rename-hack ---
[INFO] 
[INFO] --- maven-resources-plugin:2.5:resources (default-resources) @ storm-rename-hack ---
[debug] execute contextualize
[INFO] Using 'UTF-8' encoding to copy filtered resources.
[INFO] skip non existing resourceDirectory /home/travis/build/apache/storm/storm-rename-hack/src/main/resources
[INFO] Copying 3 resources
[INFO] 
[INFO] --- maven-compiler-plugin:3.1:compile (default-compile) @ storm-rename-hack ---
[INFO] Nothing to compile - all classes are up to date
[INFO] 
[INFO] --- maven-resources-plugin:2.5:testResources (default-testResources) @ storm-rename-hack ---
[debug] execute contextualize
[INFO] Using 'UTF-8' encoding to copy filtered resources.
[INFO] skip non existing resourceDirectory /home/travis/build/apache/storm/storm-rename-hack/src/test/resources
[INFO] Copying 3 resources
[INFO] 
[INFO] --- maven-compiler-plugin:3.1:testCompile (default-testCompile) @ storm-rename-hack ---
[INFO] No sources to compile
[INFO] 
[INFO] --- maven-surefire-plugin:2.18.1:test (default-test) @ storm-rename-hack ---
[INFO] 
[INFO] --- apache-rat-plugin:0.11:check (default) @ storm-rename-hack ---
[INFO] 51 implicit excludes (use -debug for more details).
[INFO] Exclude: **/target/**
[INFO] Exclude: **/*.iml
[INFO] Exclude: **/.idea/**
[INFO] Exclude: **/metastore_db/**
[INFO] Exclude: **/build/**
[INFO] Exclude: **/CHANGELOG.md
[INFO] Exclude: **/README.md
[INFO] Exclude: **/README.markdown
[INFO] Exclude: **/DEVELOPER.md
[INFO] Exclude: **/BYLAWS.md
[INFO] Exclude: **/STORM-UI-REST-API.md
[INFO] Exclude: SECURITY.md
[INFO] Exclude: VERSION
[INFO] Exclude: TODO
[INFO] Exclude: **/src/py/**
[INFO] Exclude: **/src/ui/public/js/jquery.dataTables.1.10.4.min.js
[INFO] Exclude: **/src/ui/public/css/jquery.dataTables.1.10.4.min.css
[INFO] Exclude: **/src/ui/public/images/*
[INFO] Exclude: **/src/ui/public/js/bootstrap-3.3.1.min.js
[INFO] Exclude: **/src/ui/public/css/bootstrap-3.3.1.min.css
[INFO] Exclude: **/src/ui/public/js/dataTables.bootstrap.min.js
[INFO] Exclude: **/src/ui/public/css/dataTables.bootstrap.css
[INFO] Exclude: **/src/ui/public/js/jsonFormatter.min.js
[INFO] Exclude: **/src/ui/public/css/jsonFormatter.min.css
[INFO] Exclude: **/src/ui/public/js/jquery-1.11.1.min.js
[INFO] Exclude: **/src/ui/public/js/jquery.cookies.2.2.0.min.js
[INFO] Exclude: **/src/ui/public/js/moment.min.js
[INFO] Exclude: **/src/ui/public/js/jquery.blockUI.min.js
[INFO] Exclude: **/src/ui/public/js/url.min.js
[INFO] Exclude: **/src/ui/public/js/arbor.js
[INFO] Exclude: **/src/ui/public/js/arbor-graphics.js
[INFO] Exclude: **/src/ui/public/js/arbor-tween.js
[INFO] Exclude: **/src/ui/public/js/jquery.mustache.js
[INFO] Exclude: **/src/ui/public/js/typeahead.jquery.min.js
[INFO] Exclude: **/dependency-reduced-pom.xml
[INFO] Exclude: **/docs/**
[INFO] Exclude: **/.git/**
[INFO] Exclude: **/derby.log
[INFO] Exclude: **/src/dev/**
[INFO] Exclude: **/src/codegen/config.fmpp
[INFO] Exclude: **/src/codegen/data/Parser.tdd
[INFO] Exclude: **/src/test/resources/FixedAvroSerializer.config
[INFO] 10 resources included (use -debug for more details)
Warning:  org.apache.xerces.jaxp.SAXParserImpl$JAXPSAXParser: Property 'http://www.oracle.com/xml/jaxp/properties/entityExpansionLimit' is not recognized.
Compiler warnings:
  WARNING:  'org.apache.xerces.jaxp.SAXParserImpl: Property 'http://javax.xml.XMLConstants/property/accessExternalDTD' is not recognized.'
Warning:  org.apache.xerces.parsers.SAXParser: Feature 'http://javax.xml.XMLConstants/feature/secure-processing' is not recognized.
Warning:  org.apache.xerces.parsers.SAXParser: Property 'http://javax.xml.XMLConstants/property/accessExternalDTD' is not recognized.
Warning:  org.apache.xerces.parsers.SAXParser: Property 'http://www.oracle.com/xml/jaxp/properties/entityExpansionLimit' is not recognized.
[INFO] Rat check: Summary of files. Unapproved: 0 unknown: 0 generated: 0 approved: 10 licence.
[INFO]                                                                         
[INFO] ------------------------------------------------------------------------
[INFO] Building storm-kafka 1.1.0-SNAPSHOT
[INFO] ------------------------------------------------------------------------
[INFO] 
[INFO] --- jacoco-maven-plugin:0.7.2.201409121644:prepare-agent (jacoco-initialize) @ storm-kafka ---
[INFO] argLine set to -javaagent:/home/travis/.m2/repository/org/jacoco/org.jacoco.agent/0.7.2.201409121644/org.jacoco.agent-0.7.2.201409121644-runtime.jar=destfile=/home/travis/build/apache/storm/external/storm-kafka/target/jacoco.exec
[INFO] 
[INFO] --- maven-remote-resources-plugin:1.2.1:process (default) @ storm-kafka ---
[INFO] 
[INFO] --- maven-resources-plugin:2.5:resources (default-resources) @ storm-kafka ---
[debug] execute contextualize
[INFO] Using 'UTF-8' encoding to copy filtered resources.
[INFO] skip non existing resourceDirectory /home/travis/build/apache/storm/external/storm-kafka/src/main/resources
[INFO] Copying 3 resources
[INFO] 
[INFO] --- maven-compiler-plugin:3.1:compile (default-compile) @ storm-kafka ---
[INFO] Nothing to compile - all classes are up to date
[INFO] 
[INFO] --- maven-resources-plugin:2.5:testResources (default-testResources) @ storm-kafka ---
[debug] execute contextualize
[INFO] Using 'UTF-8' encoding to copy filtered resources.
[INFO] skip non existing resourceDirectory /home/travis/build/apache/storm/external/storm-kafka/src/test/resources
[INFO] Copying 3 resources
[INFO] 
[INFO] --- maven-compiler-plugin:3.1:testCompile (default-testCompile) @ storm-kafka ---
[INFO] Nothing to compile - all classes are up to date
[INFO] 
[INFO] --- maven-surefire-plugin:2.18.1:test (default-test) @ storm-kafka ---
[INFO] Surefire report directory: /home/travis/build/apache/storm/external/storm-kafka/target/surefire-reports
[INFO] parallel='none', perCoreThreadCount=true, threadCount=0, useUnlimitedThreads=false, threadCountSuites=0, threadCountClasses=0, threadCountMethods=0, parallelOptimized=true

-------------------------------------------------------
 T E S T S
-------------------------------------------------------
Running org.apache.storm.kafka.KafkaErrorTest
Tests run: 5, Failures: 0, Errors: 0, Skipped: 0, Time elapsed: 0.583 sec - in org.apache.storm.kafka.KafkaErrorTest
Running org.apache.storm.kafka.KafkaUtilsTest
Tests run: 18, Failures: 1, Errors: 0, Skipped: 0, Time elapsed: 37.806 sec <<< FAILURE! - in org.apache.storm.kafka.KafkaUtilsTest
generateTuplesWithKeyAndKeyValueScheme(org.apache.storm.kafka.KafkaUtilsTest)  Time elapsed: 2.51 sec  <<< FAILURE!
java.lang.AssertionError: org.apache.kafka.common.errors.TimeoutException: Failed to update metadata after 1000 ms.
	at org.junit.Assert.fail(Assert.java:88)
	at org.apache.storm.kafka.KafkaUtilsTest.createTopicAndSendMessage(KafkaUtilsTest.java:246)
	at org.apache.storm.kafka.KafkaUtilsTest.generateTuplesWithKeyAndKeyValueScheme(KafkaUtilsTest.java:150)

Running org.apache.storm.kafka.StringKeyValueSchemeTest
Tests run: 4, Failures: 0, Errors: 0, Skipped: 0, Time elapsed: 1.075 sec - in org.apache.storm.kafka.StringKeyValueSchemeTest
Running org.apache.storm.kafka.ZkCoordinatorTest
Tests run: 2, Failures: 0, Errors: 0, Skipped: 0, Time elapsed: 5.448 sec - in org.apache.storm.kafka.ZkCoordinatorTest
Running org.apache.storm.kafka.TridentKafkaTest
Tests run: 1, Failures: 0, Errors: 0, Skipped: 0, Time elapsed: 1.8 sec - in org.apache.storm.kafka.TridentKafkaTest
Running org.apache.storm.kafka.ExponentialBackoffMsgRetryManagerTest
Tests run: 12, Failures: 0, Errors: 0, Skipped: 0, Time elapsed: 1.722 sec - in org.apache.storm.kafka.ExponentialBackoffMsgRetryManagerTest
Running org.apache.storm.kafka.TestStringScheme
Tests run: 1, Failures: 0, Errors: 0, Skipped: 0, Time elapsed: 0 sec - in org.apache.storm.kafka.TestStringScheme
Running org.apache.storm.kafka.DynamicBrokersReaderTest
Tests run: 6, Failures: 0, Errors: 0, Skipped: 0, Time elapsed: 7.631 sec - in org.apache.storm.kafka.DynamicBrokersReaderTest
Running org.apache.storm.kafka.bolt.KafkaBoltTest
Tests run: 8, Failures: 0, Errors: 0, Skipped: 0, Time elapsed: 15.227 sec - in org.apache.storm.kafka.bolt.KafkaBoltTest

Results :

Failed tests: 
  KafkaUtilsTest.generateTuplesWithKeyAndKeyValueScheme:150->createTopicAndSendMessage:246 org.apache.kafka.common.errors.TimeoutException: Failed to update metadata after 1000 ms.

Tests run: 57, Failures: 1, Errors: 0, Skipped: 0

[INFO]                                                                         
[INFO] ------------------------------------------------------------------------
[INFO] Building storm-hdfs 1.1.0-SNAPSHOT
[INFO] ------------------------------------------------------------------------
[INFO] 
[INFO] --- maven-remote-resources-plugin:1.2.1:process (default) @ storm-hdfs ---
[INFO] 
[INFO] --- maven-resources-plugin:2.5:resources (default-resources) @ storm-hdfs ---
[debug] execute contextualize
[INFO] Using 'UTF-8' encoding to copy filtered resources.
[INFO] skip non existing resourceDirectory /home/travis/build/apache/storm/external/storm-hdfs/src/main/resources
[INFO] Copying 3 resources
[INFO] 
[INFO] --- maven-compiler-plugin:2.5.1:compile (default-compile) @ storm-hdfs ---
[INFO] Nothing to compile - all classes are up to date
[INFO] 
[INFO] --- maven-resources-plugin:2.5:testResources (default-testResources) @ storm-hdfs ---
[debug] execute contextualize
[INFO] Using 'UTF-8' encoding to copy filtered resources.
[INFO] Copying 2 resources
[INFO] Copying 3 resources
[INFO] 
[INFO] --- maven-compiler-plugin:2.5.1:testCompile (default-testCompile) @ storm-hdfs ---
[INFO] Nothing to compile - all classes are up to date
[INFO] 
[INFO] --- maven-surefire-plugin:2.18.1:test (default-test) @ storm-hdfs ---
[INFO] Surefire report directory: /home/travis/build/apache/storm/external/storm-hdfs/target/surefire-reports
[INFO] parallel='none', perCoreThreadCount=true, threadCount=0, useUnlimitedThreads=false, threadCountSuites=0, threadCountClasses=0, threadCountMethods=0, parallelOptimized=true

-------------------------------------------------------
 T E S T S
-------------------------------------------------------
Running org.apache.storm.hdfs.bolt.TestHdfsBolt
Tests run: 5, Failures: 0, Errors: 0, Skipped: 0, Time elapsed: 14.468 sec - in org.apache.storm.hdfs.bolt.TestHdfsBolt
Running org.apache.storm.hdfs.bolt.TestSequenceFileBolt
Tests run: 3, Failures: 0, Errors: 0, Skipped: 0, Time elapsed: 3.86 sec - in org.apache.storm.hdfs.bolt.TestSequenceFileBolt
Running org.apache.storm.hdfs.bolt.AvroGenericRecordBoltTest
Tests run: 2, Failures: 0, Errors: 0, Skipped: 0, Time elapsed: 2.035 sec - in org.apache.storm.hdfs.bolt.AvroGenericRecordBoltTest
Running org.apache.storm.hdfs.bolt.format.TestSimpleFileNameFormat
Tests run: 3, Failures: 0, Errors: 0, Skipped: 0, Time elapsed: 0.665 sec - in org.apache.storm.hdfs.bolt.format.TestSimpleFileNameFormat
Running org.apache.storm.hdfs.spout.TestDirLock
Tests run: 3, Failures: 0, Errors: 0, Skipped: 0, Time elapsed: 19.469 sec - in org.apache.storm.hdfs.spout.TestDirLock
Running org.apache.storm.hdfs.spout.TestHdfsSemantics
Tests run: 4, Failures: 0, Errors: 0, Skipped: 0, Time elapsed: 1.409 sec - in org.apache.storm.hdfs.spout.TestHdfsSemantics
Running org.apache.storm.hdfs.spout.TestHdfsSpout
Tests run: 10, Failures: 0, Errors: 0, Skipped: 0, Time elapsed: 8.91 sec - in org.apache.storm.hdfs.spout.TestHdfsSpout
Running org.apache.storm.hdfs.spout.TestProgressTracker
Tests run: 1, Failures: 0, Errors: 0, Skipped: 0, Time elapsed: 0.562 sec - in org.apache.storm.hdfs.spout.TestProgressTracker
Running org.apache.storm.hdfs.spout.TestFileLock
Tests run: 6, Failures: 0, Errors: 0, Skipped: 0, Time elapsed: 29.543 sec - in org.apache.storm.hdfs.spout.TestFileLock
Running org.apache.storm.hdfs.trident.format.TestSimpleFileNameFormat
Tests run: 3, Failures: 0, Errors: 0, Skipped: 0, Time elapsed: 0.001 sec - in org.apache.storm.hdfs.trident.format.TestSimpleFileNameFormat
Running org.apache.storm.hdfs.trident.HdfsStateTest
Tests run: 5, Failures: 0, Errors: 0, Skipped: 0, Time elapsed: 0.195 sec - in org.apache.storm.hdfs.trident.HdfsStateTest
Running org.apache.storm.hdfs.blobstore.BlobStoreTest
Tests run: 4, Failures: 0, Errors: 0, Skipped: 0, Time elapsed: 13.562 sec - in org.apache.storm.hdfs.blobstore.BlobStoreTest
Running org.apache.storm.hdfs.blobstore.HdfsBlobStoreImplTest
Tests run: 2, Failures: 0, Errors: 0, Skipped: 0, Time elapsed: 1.023 sec - in org.apache.storm.hdfs.blobstore.HdfsBlobStoreImplTest
Running org.apache.storm.hdfs.avro.TestFixedAvroSerializer
Tests run: 2, Failures: 0, Errors: 0, Skipped: 0, Time elapsed: 0.001 sec - in org.apache.storm.hdfs.avro.TestFixedAvroSerializer
Running org.apache.storm.hdfs.avro.TestGenericAvroSerializer
Tests run: 2, Failures: 0, Errors: 0, Skipped: 0, Time elapsed: 0 sec - in org.apache.storm.hdfs.avro.TestGenericAvroSerializer

Results :

Tests run: 55, Failures: 0, Errors: 0, Skipped: 0

[INFO] 
[INFO] --- apache-rat-plugin:0.11:check (default) @ storm-hdfs ---
[INFO] 51 implicit excludes (use -debug for more details).
[INFO] Exclude: **/target/**
[INFO] Exclude: **/*.iml
[INFO] Exclude: **/.idea/**
[INFO] Exclude: **/metastore_db/**
[INFO] Exclude: **/build/**
[INFO] Exclude: **/CHANGELOG.md
[INFO] Exclude: **/README.md
[INFO] Exclude: **/README.markdown
[INFO] Exclude: **/DEVELOPER.md
[INFO] Exclude: **/BYLAWS.md
[INFO] Exclude: **/STORM-UI-REST-API.md
[INFO] Exclude: SECURITY.md
[INFO] Exclude: VERSION
[INFO] Exclude: TODO
[INFO] Exclude: **/src/py/**
[INFO] Exclude: **/src/ui/public/js/jquery.dataTables.1.10.4.min.js
[INFO] Exclude: **/src/ui/public/css/jquery.dataTables.1.10.4.min.css
[INFO] Exclude: **/src/ui/public/images/*
[INFO] Exclude: **/src/ui/public/js/bootstrap-3.3.1.min.js
[INFO] Exclude: **/src/ui/public/css/bootstrap-3.3.1.min.css
[INFO] Exclude: **/src/ui/public/js/dataTables.bootstrap.min.js
[INFO] Exclude: **/src/ui/public/css/dataTables.bootstrap.css
[INFO] Exclude: **/src/ui/public/js/jsonFormatter.min.js
[INFO] Exclude: **/src/ui/public/css/jsonFormatter.min.css
[INFO] Exclude: **/src/ui/public/js/jquery-1.11.1.min.js
[INFO] Exclude: **/src/ui/public/js/jquery.cookies.2.2.0.min.js
[INFO] Exclude: **/src/ui/public/js/moment.min.js
[INFO] Exclude: **/src/ui/public/js/jquery.blockUI.min.js
[INFO] Exclude: **/src/ui/public/js/url.min.js
[INFO] Exclude: **/src/ui/public/js/arbor.js
[INFO] Exclude: **/src/ui/public/js/arbor-graphics.js
[INFO] Exclude: **/src/ui/public/js/arbor-tween.js
[INFO] Exclude: **/src/ui/public/js/jquery.mustache.js
[INFO] Exclude: **/src/ui/public/js/typeahead.jquery.min.js
[INFO] Exclude: **/dependency-reduced-pom.xml
[INFO] Exclude: **/docs/**
[INFO] Exclude: **/.git/**
[INFO] Exclude: **/derby.log
[INFO] Exclude: **/src/dev/**
[INFO] Exclude: **/src/codegen/config.fmpp
[INFO] Exclude: **/src/codegen/data/Parser.tdd
[INFO] Exclude: **/src/test/resources/FixedAvroSerializer.config
[INFO] 82 resources included (use -debug for more details)
Warning:  org.apache.xerces.jaxp.SAXParserImpl$JAXPSAXParser: Property 'http://www.oracle.com/xml/jaxp/properties/entityExpansionLimit' is not recognized.
Compiler warnings:
  WARNING:  'org.apache.xerces.jaxp.SAXParserImpl: Property 'http://javax.xml.XMLConstants/property/accessExternalDTD' is not recognized.'
Warning:  org.apache.xerces.parsers.SAXParser: Feature 'http://javax.xml.XMLConstants/feature/secure-processing' is not recognized.
Warning:  org.apache.xerces.parsers.SAXParser: Property 'http://javax.xml.XMLConstants/property/accessExternalDTD' is not recognized.
Warning:  org.apache.xerces.parsers.SAXParser: Property 'http://www.oracle.com/xml/jaxp/properties/entityExpansionLimit' is not recognized.
[INFO] Rat check: Summary of files. Unapproved: 0 unknown: 0 generated: 0 approved: 82 licence.
[INFO]                                                                         
[INFO] ------------------------------------------------------------------------
[INFO] Building storm-hbase 1.1.0-SNAPSHOT
[INFO] ------------------------------------------------------------------------
[INFO] 
[INFO] --- maven-remote-resources-plugin:1.2.1:process (default) @ storm-hbase ---
[INFO] 
[INFO] --- maven-resources-plugin:2.5:resources (default-resources) @ storm-hbase ---
[debug] execute contextualize
[INFO] Using 'UTF-8' encoding to copy filtered resources.
[INFO] skip non existing resourceDirectory /home/travis/build/apache/storm/external/storm-hbase/src/main/resources
[INFO] Copying 3 resources
[INFO] 
[INFO] --- maven-compiler-plugin:3.1:compile (default-compile) @ storm-hbase ---
[INFO] Nothing to compile - all classes are up to date
[INFO] 
[INFO] --- maven-resources-plugin:2.5:testResources (default-testResources) @ storm-hbase ---
[debug] execute contextualize
[INFO] Using 'UTF-8' encoding to copy filtered resources.
[INFO] skip non existing resourceDirectory /home/travis/build/apache/storm/external/storm-hbase/src/test/resources
[INFO] Copying 3 resources
[INFO] 
[INFO] --- maven-compiler-plugin:3.1:testCompile (default-testCompile) @ storm-hbase ---
[INFO] Nothing to compile - all classes are up to date
[INFO] 
[INFO] --- maven-surefire-plugin:2.18.1:test (default-test) @ storm-hbase ---
[INFO] 
[INFO] --- apache-rat-plugin:0.11:check (default) @ storm-hbase ---
[INFO] 51 implicit excludes (use -debug for more details).
[INFO] Exclude: **/target/**
[INFO] Exclude: **/*.iml
[INFO] Exclude: **/.idea/**
[INFO] Exclude: **/metastore_db/**
[INFO] Exclude: **/build/**
[INFO] Exclude: **/CHANGELOG.md
[INFO] Exclude: **/README.md
[INFO] Exclude: **/README.markdown
[INFO] Exclude: **/DEVELOPER.md
[INFO] Exclude: **/BYLAWS.md
[INFO] Exclude: **/STORM-UI-REST-API.md
[INFO] Exclude: SECURITY.md
[INFO] Exclude: VERSION
[INFO] Exclude: TODO
[INFO] Exclude: **/src/py/**
[INFO] Exclude: **/src/ui/public/js/jquery.dataTables.1.10.4.min.js
[INFO] Exclude: **/src/ui/public/css/jquery.dataTables.1.10.4.min.css
[INFO] Exclude: **/src/ui/public/images/*
[INFO] Exclude: **/src/ui/public/js/bootstrap-3.3.1.min.js
[INFO] Exclude: **/src/ui/public/css/bootstrap-3.3.1.min.css
[INFO] Exclude: **/src/ui/public/js/dataTables.bootstrap.min.js
[INFO] Exclude: **/src/ui/public/css/dataTables.bootstrap.css
[INFO] Exclude: **/src/ui/public/js/jsonFormatter.min.js
[INFO] Exclude: **/src/ui/public/css/jsonFormatter.min.css
[INFO] Exclude: **/src/ui/public/js/jquery-1.11.1.min.js
[INFO] Exclude: **/src/ui/public/js/jquery.cookies.2.2.0.min.js
[INFO] Exclude: **/src/ui/public/js/moment.min.js
[INFO] Exclude: **/src/ui/public/js/jquery.blockUI.min.js
[INFO] Exclude: **/src/ui/public/js/url.min.js
[INFO] Exclude: **/src/ui/public/js/arbor.js
[INFO] Exclude: **/src/ui/public/js/arbor-graphics.js
[INFO] Exclude: **/src/ui/public/js/arbor-tween.js
[INFO] Exclude: **/src/ui/public/js/jquery.mustache.js
[INFO] Exclude: **/src/ui/public/js/typeahead.jquery.min.js
[INFO] Exclude: **/dependency-reduced-pom.xml
[INFO] Exclude: **/docs/**
[INFO] Exclude: **/.git/**
[INFO] Exclude: **/derby.log
[INFO] Exclude: **/src/dev/**
[INFO] Exclude: **/src/codegen/config.fmpp
[INFO] Exclude: **/src/codegen/data/Parser.tdd
[INFO] Exclude: **/src/test/resources/FixedAvroSerializer.config
[INFO] 35 resources included (use -debug for more details)
Warning:  org.apache.xerces.jaxp.SAXParserImpl$JAXPSAXParser: Property 'http://www.oracle.com/xml/jaxp/properties/entityExpansionLimit' is not recognized.
Compiler warnings:
  WARNING:  'org.apache.xerces.jaxp.SAXParserImpl: Property 'http://javax.xml.XMLConstants/property/accessExternalDTD' is not recognized.'
Warning:  org.apache.xerces.parsers.SAXParser: Feature 'http://javax.xml.XMLConstants/feature/secure-processing' is not recognized.
Warning:  org.apache.xerces.parsers.SAXParser: Property 'http://javax.xml.XMLConstants/property/accessExternalDTD' is not recognized.
Warning:  org.apache.xerces.parsers.SAXParser: Property 'http://www.oracle.com/xml/jaxp/properties/entityExpansionLimit' is not recognized.
[INFO] Rat check: Summary of files. Unapproved: 0 unknown: 0 generated: 0 approved: 35 licence.
[INFO]                                                                         
[INFO] ------------------------------------------------------------------------
[INFO] Building storm-hive 1.1.0-SNAPSHOT
[INFO] ------------------------------------------------------------------------
[INFO] 
[INFO] --- maven-remote-resources-plugin:1.2.1:process (default) @ storm-hive ---
[INFO] Downloading: https://oss.sonatype.org/content/repositories/releases/net/hydromatic/linq4j/0.4/linq4j-0.4.pom
[INFO] Downloading: https://repository.apache.org/releases/net/hydromatic/linq4j/0.4/linq4j-0.4.pom
[INFO] Downloading: https://oss.sonatype.org/content/repositories/releases/net/hydromatic/quidem/0.1.1/quidem-0.1.1.pom
[INFO] Downloading: https://repository.apache.org/releases/net/hydromatic/quidem/0.1.1/quidem-0.1.1.pom
[INFO] Downloading: https://oss.sonatype.org/content/repositories/releases/org/pentaho/pentaho-aggdesigner-algorithm/5.1.3-jhyde/pentaho-aggdesigner-algorithm-5.1.3-jhyde.pom
[INFO] Downloading: https://repository.apache.org/releases/org/pentaho/pentaho-aggdesigner-algorithm/5.1.3-jhyde/pentaho-aggdesigner-algorithm-5.1.3-jhyde.pom
[INFO] Downloading: https://oss.sonatype.org/content/repositories/releases/eigenbase/eigenbase-properties/1.1.4/eigenbase-properties-1.1.4.pom
[INFO] Downloading: https://repository.apache.org/releases/eigenbase/eigenbase-properties/1.1.4/eigenbase-properties-1.1.4.pom
[INFO] 
[INFO] --- maven-resources-plugin:2.5:resources (default-resources) @ storm-hive ---
[debug] execute contextualize
[INFO] Using 'UTF-8' encoding to copy filtered resources.
[INFO] skip non existing resourceDirectory /home/travis/build/apache/storm/external/storm-hive/src/main/resources
[INFO] Copying 3 resources
[INFO] 
[INFO] --- maven-compiler-plugin:3.1:compile (default-compile) @ storm-hive ---
[INFO] Nothing to compile - all classes are up to date
[INFO] 
[INFO] --- maven-resources-plugin:2.5:testResources (default-testResources) @ storm-hive ---
[debug] execute contextualize
[INFO] Using 'UTF-8' encoding to copy filtered resources.
[INFO] skip non existing resourceDirectory /home/travis/build/apache/storm/external/storm-hive/src/test/resources
[INFO] Copying 3 resources
[INFO] 
[INFO] --- maven-compiler-plugin:3.1:testCompile (default-testCompile) @ storm-hive ---
[INFO] Nothing to compile - all classes are up to date
[INFO] 
[INFO] --- maven-clean-plugin:2.5:clean (cleanup) @ storm-hive ---
[INFO] 
[INFO] --- maven-surefire-plugin:2.18.1:test (default-test) @ storm-hive ---
[INFO] Surefire report directory: /home/travis/build/apache/storm/external/storm-hive/target/surefire-reports
[INFO] parallel='none', perCoreThreadCount=true, threadCount=0, useUnlimitedThreads=false, threadCountSuites=0, threadCountClasses=0, threadCountMethods=0, parallelOptimized=true

-------------------------------------------------------
 T E S T S
-------------------------------------------------------
Running org.apache.storm.hive.bolt.TestHiveBolt
Tests run: 11, Failures: 0, Errors: 0, Skipped: 0, Time elapsed: 28.14 sec - in org.apache.storm.hive.bolt.TestHiveBolt
Running org.apache.storm.hive.common.TestHiveWriter
Tests run: 3, Failures: 0, Errors: 0, Skipped: 0, Time elapsed: 4.168 sec - in org.apache.storm.hive.common.TestHiveWriter

Results :

Tests run: 14, Failures: 0, Errors: 0, Skipped: 0

[INFO] 
[INFO] --- apache-rat-plugin:0.11:check (default) @ storm-hive ---
[INFO] 51 implicit excludes (use -debug for more details).
[INFO] Exclude: **/target/**
[INFO] Exclude: **/*.iml
[INFO] Exclude: **/.idea/**
[INFO] Exclude: **/metastore_db/**
[INFO] Exclude: **/build/**
[INFO] Exclude: **/CHANGELOG.md
[INFO] Exclude: **/README.md
[INFO] Exclude: **/README.markdown
[INFO] Exclude: **/DEVELOPER.md
[INFO] Exclude: **/BYLAWS.md
[INFO] Exclude: **/STORM-UI-REST-API.md
[INFO] Exclude: SECURITY.md
[INFO] Exclude: VERSION
[INFO] Exclude: TODO
[INFO] Exclude: **/src/py/**
[INFO] Exclude: **/src/ui/public/js/jquery.dataTables.1.10.4.min.js
[INFO] Exclude: **/src/ui/public/css/jquery.dataTables.1.10.4.min.css
[INFO] Exclude: **/src/ui/public/images/*
[INFO] Exclude: **/src/ui/public/js/bootstrap-3.3.1.min.js
[INFO] Exclude: **/src/ui/public/css/bootstrap-3.3.1.min.css
[INFO] Exclude: **/src/ui/public/js/dataTables.bootstrap.min.js
[INFO] Exclude: **/src/ui/public/css/dataTables.bootstrap.css
[INFO] Exclude: **/src/ui/public/js/jsonFormatter.min.js
[INFO] Exclude: **/src/ui/public/css/jsonFormatter.min.css
[INFO] Exclude: **/src/ui/public/js/jquery-1.11.1.min.js
[INFO] Exclude: **/src/ui/public/js/jquery.cookies.2.2.0.min.js
[INFO] Exclude: **/src/ui/public/js/moment.min.js
[INFO] Exclude: **/src/ui/public/js/jquery.blockUI.min.js
[INFO] Exclude: **/src/ui/public/js/url.min.js
[INFO] Exclude: **/src/ui/public/js/arbor.js
[INFO] Exclude: **/src/ui/public/js/arbor-graphics.js
[INFO] Exclude: **/src/ui/public/js/arbor-tween.js
[INFO] Exclude: **/src/ui/public/js/jquery.mustache.js
[INFO] Exclude: **/src/ui/public/js/typeahead.jquery.min.js
[INFO] Exclude: **/dependency-reduced-pom.xml
[INFO] Exclude: **/docs/**
[INFO] Exclude: **/.git/**
[INFO] Exclude: **/derby.log
[INFO] Exclude: **/src/dev/**
[INFO] Exclude: **/src/codegen/config.fmpp
[INFO] Exclude: **/src/codegen/data/Parser.tdd
[INFO] Exclude: **/src/test/resources/FixedAvroSerializer.config
[INFO] 18 resources included (use -debug for more details)
Warning:  org.apache.xerces.jaxp.SAXParserImpl$JAXPSAXParser: Property 'http://www.oracle.com/xml/jaxp/properties/entityExpansionLimit' is not recognized.
Compiler warnings:
  WARNING:  'org.apache.xerces.jaxp.SAXParserImpl: Property 'http://javax.xml.XMLConstants/property/accessExternalDTD' is not recognized.'
Warning:  org.apache.xerces.parsers.SAXParser: Feature 'http://javax.xml.XMLConstants/feature/secure-processing' is not recognized.
Warning:  org.apache.xerces.parsers.SAXParser: Property 'http://javax.xml.XMLConstants/property/accessExternalDTD' is not recognized.
Warning:  org.apache.xerces.parsers.SAXParser: Property 'http://www.oracle.com/xml/jaxp/properties/entityExpansionLimit' is not recognized.
[INFO] Rat check: Summary of files. Unapproved: 0 unknown: 0 generated: 0 approved: 18 licence.
[INFO]                                                                         
[INFO] ------------------------------------------------------------------------
[INFO] Building storm-jdbc 1.1.0-SNAPSHOT
[INFO] ------------------------------------------------------------------------
[INFO] 
[INFO] --- maven-remote-resources-plugin:1.2.1:process (default) @ storm-jdbc ---
[INFO] 
[INFO] --- maven-resources-plugin:2.5:resources (default-resources) @ storm-jdbc ---
[debug] execute contextualize
[INFO] Using 'UTF-8' encoding to copy filtered resources.
[INFO] skip non existing resourceDirectory /home/travis/build/apache/storm/external/storm-jdbc/src/main/resources
[INFO] Copying 3 resources
[INFO] 
[INFO] --- maven-compiler-plugin:3.1:compile (default-compile) @ storm-jdbc ---
[INFO] Nothing to compile - all classes are up to date
[INFO] 
[INFO] --- maven-resources-plugin:2.5:testResources (default-testResources) @ storm-jdbc ---
[debug] execute contextualize
[INFO] Using 'UTF-8' encoding to copy filtered resources.
[INFO] skip non existing resourceDirectory /home/travis/build/apache/storm/external/storm-jdbc/src/test/resources
[INFO] Copying 3 resources
[INFO] 
[INFO] --- sql-maven-plugin:1.5:execute (create-db) @ storm-jdbc ---
[INFO] Executing file: /tmp/test.1004133148sql
[INFO] 1 of 1 SQL statements executed successfully
[INFO] 
[INFO] --- maven-compiler-plugin:3.1:testCompile (default-testCompile) @ storm-jdbc ---
[INFO] Nothing to compile - all classes are up to date
[INFO] 
[INFO] --- maven-surefire-plugin:2.18.1:test (default-test) @ storm-jdbc ---
[INFO] Surefire report directory: /home/travis/build/apache/storm/external/storm-jdbc/target/surefire-reports
[INFO] parallel='none', perCoreThreadCount=true, threadCount=0, useUnlimitedThreads=false, threadCountSuites=0, threadCountClasses=0, threadCountMethods=0, parallelOptimized=true

-------------------------------------------------------
 T E S T S
-------------------------------------------------------
Running org.apache.storm.jdbc.bolt.JdbcInsertBoltTest
Tests run: 1, Failures: 0, Errors: 0, Skipped: 0, Time elapsed: 0.644 sec - in org.apache.storm.jdbc.bolt.JdbcInsertBoltTest
Running org.apache.storm.jdbc.bolt.JdbcLookupBoltTest
Tests run: 1, Failures: 0, Errors: 0, Skipped: 0, Time elapsed: 0.004 sec - in org.apache.storm.jdbc.bolt.JdbcLookupBoltTest
Running org.apache.storm.jdbc.common.UtilTest
Tests run: 2, Failures: 0, Errors: 0, Skipped: 0, Time elapsed: 0.003 sec - in org.apache.storm.jdbc.common.UtilTest
Running org.apache.storm.jdbc.common.JdbcClientTest
Tests run: 1, Failures: 0, Errors: 0, Skipped: 0, Time elapsed: 0.609 sec - in org.apache.storm.jdbc.common.JdbcClientTest

Results :

Tests run: 5, Failures: 0, Errors: 0, Skipped: 0

[INFO] 
[INFO] --- apache-rat-plugin:0.11:check (default) @ storm-jdbc ---
[INFO] 51 implicit excludes (use -debug for more details).
[INFO] Exclude: **/target/**
[INFO] Exclude: **/*.iml
[INFO] Exclude: **/.idea/**
[INFO] Exclude: **/metastore_db/**
[INFO] Exclude: **/build/**
[INFO] Exclude: **/CHANGELOG.md
[INFO] Exclude: **/README.md
[INFO] Exclude: **/README.markdown
[INFO] Exclude: **/DEVELOPER.md
[INFO] Exclude: **/BYLAWS.md
[INFO] Exclude: **/STORM-UI-REST-API.md
[INFO] Exclude: SECURITY.md
[INFO] Exclude: VERSION
[INFO] Exclude: TODO
[INFO] Exclude: **/src/py/**
[INFO] Exclude: **/src/ui/public/js/jquery.dataTables.1.10.4.min.js
[INFO] Exclude: **/src/ui/public/css/jquery.dataTables.1.10.4.min.css
[INFO] Exclude: **/src/ui/public/images/*
[INFO] Exclude: **/src/ui/public/js/bootstrap-3.3.1.min.js
[INFO] Exclude: **/src/ui/public/css/bootstrap-3.3.1.min.css
[INFO] Exclude: **/src/ui/public/js/dataTables.bootstrap.min.js
[INFO] Exclude: **/src/ui/public/css/dataTables.bootstrap.css
[INFO] Exclude: **/src/ui/public/js/jsonFormatter.min.js
[INFO] Exclude: **/src/ui/public/css/jsonFormatter.min.css
[INFO] Exclude: **/src/ui/public/js/jquery-1.11.1.min.js
[INFO] Exclude: **/src/ui/public/js/jquery.cookies.2.2.0.min.js
[INFO] Exclude: **/src/ui/public/js/moment.min.js
[INFO] Exclude: **/src/ui/public/js/jquery.blockUI.min.js
[INFO] Exclude: **/src/ui/public/js/url.min.js
[INFO] Exclude: **/src/ui/public/js/arbor.js
[INFO] Exclude: **/src/ui/public/js/arbor-graphics.js
[INFO] Exclude: **/src/ui/public/js/arbor-tween.js
[INFO] Exclude: **/src/ui/public/js/jquery.mustache.js
[INFO] Exclude: **/src/ui/public/js/typeahead.jquery.min.js
[INFO] Exclude: **/dependency-reduced-pom.xml
[INFO] Exclude: **/docs/**
[INFO] Exclude: **/.git/**
[INFO] Exclude: **/derby.log
[INFO] Exclude: **/src/dev/**
[INFO] Exclude: **/src/codegen/config.fmpp
[INFO] Exclude: **/src/codegen/data/Parser.tdd
[INFO] Exclude: **/src/test/resources/FixedAvroSerializer.config
[INFO] 26 resources included (use -debug for more details)
Warning:  org.apache.xerces.jaxp.SAXParserImpl$JAXPSAXParser: Property 'http://www.oracle.com/xml/jaxp/properties/entityExpansionLimit' is not recognized.
Compiler warnings:
  WARNING:  'org.apache.xerces.jaxp.SAXParserImpl: Property 'http://javax.xml.XMLConstants/property/accessExternalDTD' is not recognized.'
Warning:  org.apache.xerces.parsers.SAXParser: Feature 'http://javax.xml.XMLConstants/feature/secure-processing' is not recognized.
Warning:  org.apache.xerces.parsers.SAXParser: Property 'http://javax.xml.XMLConstants/property/accessExternalDTD' is not recognized.
Warning:  org.apache.xerces.parsers.SAXParser: Property 'http://www.oracle.com/xml/jaxp/properties/entityExpansionLimit' is not recognized.
[INFO] Rat check: Summary of files. Unapproved: 0 unknown: 0 generated: 0 approved: 26 licence.
[INFO]                                                                         
[INFO] ------------------------------------------------------------------------
[INFO] Building storm-redis 1.1.0-SNAPSHOT
[INFO] ------------------------------------------------------------------------
[INFO] 
[INFO] --- maven-remote-resources-plugin:1.2.1:process (default) @ storm-redis ---
[INFO] 
[INFO] --- maven-resources-plugin:2.5:resources (default-resources) @ storm-redis ---
[debug] execute contextualize
[INFO] Using 'UTF-8' encoding to copy filtered resources.
[INFO] skip non existing resourceDirectory /home/travis/build/apache/storm/external/storm-redis/src/main/resources
[INFO] Copying 3 resources
[INFO] 
[INFO] --- maven-compiler-plugin:3.1:compile (default-compile) @ storm-redis ---
[INFO] Nothing to compile - all classes are up to date
[INFO] 
[INFO] --- maven-resources-plugin:2.5:testResources (default-testResources) @ storm-redis ---
[debug] execute contextualize
[INFO] Using 'UTF-8' encoding to copy filtered resources.
[INFO] skip non existing resourceDirectory /home/travis/build/apache/storm/external/storm-redis/src/test/resources
[INFO] Copying 3 resources
[INFO] 
[INFO] --- maven-compiler-plugin:3.1:testCompile (default-testCompile) @ storm-redis ---
[INFO] Nothing to compile - all classes are up to date
[INFO] 
[INFO] --- maven-surefire-plugin:2.18.1:test (default-test) @ storm-redis ---
[INFO] Surefire report directory: /home/travis/build/apache/storm/external/storm-redis/target/surefire-reports
[INFO] parallel='none', perCoreThreadCount=true, threadCount=0, useUnlimitedThreads=false, threadCountSuites=0, threadCountClasses=0, threadCountMethods=0, parallelOptimized=true

-------------------------------------------------------
 T E S T S
-------------------------------------------------------
Running org.apache.storm.redis.state.RedisKeyValueStateProviderTest
Tests run: 2, Failures: 0, Errors: 0, Skipped: 0, Time elapsed: 0.999 sec - in org.apache.storm.redis.state.RedisKeyValueStateProviderTest
Running org.apache.storm.redis.state.DefaultStateSerializerTest
Tests run: 1, Failures: 0, Errors: 0, Skipped: 0, Time elapsed: 0.079 sec - in org.apache.storm.redis.state.DefaultStateSerializerTest
Running org.apache.storm.redis.state.RedisKeyValueStateTest
Tests run: 2, Failures: 0, Errors: 0, Skipped: 0, Time elapsed: 0.264 sec - in org.apache.storm.redis.state.RedisKeyValueStateTest

Results :

Tests run: 5, Failures: 0, Errors: 0, Skipped: 0

[INFO] 
[INFO] --- apache-rat-plugin:0.11:check (default) @ storm-redis ---
[INFO] 51 implicit excludes (use -debug for more details).
[INFO] Exclude: **/target/**
[INFO] Exclude: **/*.iml
[INFO] Exclude: **/.idea/**
[INFO] Exclude: **/metastore_db/**
[INFO] Exclude: **/build/**
[INFO] Exclude: **/CHANGELOG.md
[INFO] Exclude: **/README.md
[INFO] Exclude: **/README.markdown
[INFO] Exclude: **/DEVELOPER.md
[INFO] Exclude: **/BYLAWS.md
[INFO] Exclude: **/STORM-UI-REST-API.md
[INFO] Exclude: SECURITY.md
[INFO] Exclude: VERSION
[INFO] Exclude: TODO
[INFO] Exclude: **/src/py/**
[INFO] Exclude: **/src/ui/public/js/jquery.dataTables.1.10.4.min.js
[INFO] Exclude: **/src/ui/public/css/jquery.dataTables.1.10.4.min.css
[INFO] Exclude: **/src/ui/public/images/*
[INFO] Exclude: **/src/ui/public/js/bootstrap-3.3.1.min.js
[INFO] Exclude: **/src/ui/public/css/bootstrap-3.3.1.min.css
[INFO] Exclude: **/src/ui/public/js/dataTables.bootstrap.min.js
[INFO] Exclude: **/src/ui/public/css/dataTables.bootstrap.css
[INFO] Exclude: **/src/ui/public/js/jsonFormatter.min.js
[INFO] Exclude: **/src/ui/public/css/jsonFormatter.min.css
[INFO] Exclude: **/src/ui/public/js/jquery-1.11.1.min.js
[INFO] Exclude: **/src/ui/public/js/jquery.cookies.2.2.0.min.js
[INFO] Exclude: **/src/ui/public/js/moment.min.js
[INFO] Exclude: **/src/ui/public/js/jquery.blockUI.min.js
[INFO] Exclude: **/src/ui/public/js/url.min.js
[INFO] Exclude: **/src/ui/public/js/arbor.js
[INFO] Exclude: **/src/ui/public/js/arbor-graphics.js
[INFO] Exclude: **/src/ui/public/js/arbor-tween.js
[INFO] Exclude: **/src/ui/public/js/jquery.mustache.js
[INFO] Exclude: **/src/ui/public/js/typeahead.jquery.min.js
[INFO] Exclude: **/dependency-reduced-pom.xml
[INFO] Exclude: **/docs/**
[INFO] Exclude: **/.git/**
[INFO] Exclude: **/derby.log
[INFO] Exclude: **/src/dev/**
[INFO] Exclude: **/src/codegen/config.fmpp
[INFO] Exclude: **/src/codegen/data/Parser.tdd
[INFO] Exclude: **/src/test/resources/FixedAvroSerializer.config
[INFO] 47 resources included (use -debug for more details)
Warning:  org.apache.xerces.jaxp.SAXParserImpl$JAXPSAXParser: Property 'http://www.oracle.com/xml/jaxp/properties/entityExpansionLimit' is not recognized.
Compiler warnings:
  WARNING:  'org.apache.xerces.jaxp.SAXParserImpl: Property 'http://javax.xml.XMLConstants/property/accessExternalDTD' is not recognized.'
Warning:  org.apache.xerces.parsers.SAXParser: Feature 'http://javax.xml.XMLConstants/feature/secure-processing' is not recognized.
Warning:  org.apache.xerces.parsers.SAXParser: Property 'http://javax.xml.XMLConstants/property/accessExternalDTD' is not recognized.
Warning:  org.apache.xerces.parsers.SAXParser: Property 'http://www.oracle.com/xml/jaxp/properties/entityExpansionLimit' is not recognized.
[INFO] Rat check: Summary of files. Unapproved: 0 unknown: 0 generated: 0 approved: 47 licence.
[INFO]                                                                         
[INFO] ------------------------------------------------------------------------
[INFO] Building storm-eventhubs 1.1.0-SNAPSHOT
[INFO] ------------------------------------------------------------------------
[INFO] 
[INFO] --- maven-remote-resources-plugin:1.2.1:process (default) @ storm-eventhubs ---
[INFO] 
[INFO] --- maven-resources-plugin:2.5:resources (default-resources) @ storm-eventhubs ---
[debug] execute contextualize
[INFO] Using 'UTF-8' encoding to copy filtered resources.
[INFO] Copying 1 resource
[INFO] Copying 3 resources
[INFO] 
[INFO] --- maven-compiler-plugin:3.1:compile (default-compile) @ storm-eventhubs ---
[INFO] Nothing to compile - all classes are up to date
[INFO] 
[INFO] --- maven-resources-plugin:2.5:testResources (default-testResources) @ storm-eventhubs ---
[debug] execute contextualize
[INFO] Using 'UTF-8' encoding to copy filtered resources.
[INFO] skip non existing resourceDirectory /home/travis/build/apache/storm/external/storm-eventhubs/src/test/resources
[INFO] Copying 3 resources
[INFO] 
[INFO] --- maven-compiler-plugin:3.1:testCompile (default-testCompile) @ storm-eventhubs ---
[INFO] Nothing to compile - all classes are up to date
[INFO] 
[INFO] --- maven-surefire-plugin:2.18.1:test (default-test) @ storm-eventhubs ---
[INFO] Surefire report directory: /home/travis/build/apache/storm/external/storm-eventhubs/target/surefire-reports
[INFO] parallel='none', perCoreThreadCount=true, threadCount=0, useUnlimitedThreads=false, threadCountSuites=0, threadCountClasses=0, threadCountMethods=0, parallelOptimized=true

-------------------------------------------------------
 T E S T S
-------------------------------------------------------
Running org.apache.storm.eventhubs.trident.TestTransactionalTridentEmitter
Tests run: 2, Failures: 0, Errors: 0, Skipped: 0, Time elapsed: 0.611 sec - in org.apache.storm.eventhubs.trident.TestTransactionalTridentEmitter
Running org.apache.storm.eventhubs.spout.TestPartitionManager
Tests run: 8, Failures: 0, Errors: 0, Skipped: 0, Time elapsed: 0.054 sec - in org.apache.storm.eventhubs.spout.TestPartitionManager
Running org.apache.storm.eventhubs.spout.TestEventData
Tests run: 1, Failures: 0, Errors: 0, Skipped: 0, Time elapsed: 0.001 sec - in org.apache.storm.eventhubs.spout.TestEventData
Running org.apache.storm.eventhubs.spout.TestEventHubSpout
Tests run: 3, Failures: 0, Errors: 0, Skipped: 0, Time elapsed: 2.025 sec - in org.apache.storm.eventhubs.spout.TestEventHubSpout

Results :

Tests run: 14, Failures: 0, Errors: 0, Skipped: 0

[INFO] 
[INFO] --- apache-rat-plugin:0.11:check (default) @ storm-eventhubs ---
[INFO] 51 implicit excludes (use -debug for more details).
[INFO] Exclude: **/target/**
[INFO] Exclude: **/*.iml
[INFO] Exclude: **/.idea/**
[INFO] Exclude: **/metastore_db/**
[INFO] Exclude: **/build/**
[INFO] Exclude: **/CHANGELOG.md
[INFO] Exclude: **/README.md
[INFO] Exclude: **/README.markdown
[INFO] Exclude: **/DEVELOPER.md
[INFO] Exclude: **/BYLAWS.md
[INFO] Exclude: **/STORM-UI-REST-API.md
[INFO] Exclude: SECURITY.md
[INFO] Exclude: VERSION
[INFO] Exclude: TODO
[INFO] Exclude: **/src/py/**
[INFO] Exclude: **/src/ui/public/js/jquery.dataTables.1.10.4.min.js
[INFO] Exclude: **/src/ui/public/css/jquery.dataTables.1.10.4.min.css
[INFO] Exclude: **/src/ui/public/images/*
[INFO] Exclude: **/src/ui/public/js/bootstrap-3.3.1.min.js
[INFO] Exclude: **/src/ui/public/css/bootstrap-3.3.1.min.css
[INFO] Exclude: **/src/ui/public/js/dataTables.bootstrap.min.js
[INFO] Exclude: **/src/ui/public/css/dataTables.bootstrap.css
[INFO] Exclude: **/src/ui/public/js/jsonFormatter.min.js
[INFO] Exclude: **/src/ui/public/css/jsonFormatter.min.css
[INFO] Exclude: **/src/ui/public/js/jquery-1.11.1.min.js
[INFO] Exclude: **/src/ui/public/js/jquery.cookies.2.2.0.min.js
[INFO] Exclude: **/src/ui/public/js/moment.min.js
[INFO] Exclude: **/src/ui/public/js/jquery.blockUI.min.js
[INFO] Exclude: **/src/ui/public/js/url.min.js
[INFO] Exclude: **/src/ui/public/js/arbor.js
[INFO] Exclude: **/src/ui/public/js/arbor-graphics.js
[INFO] Exclude: **/src/ui/public/js/arbor-tween.js
[INFO] Exclude: **/src/ui/public/js/jquery.mustache.js
[INFO] Exclude: **/src/ui/public/js/typeahead.jquery.min.js
[INFO] Exclude: **/dependency-reduced-pom.xml
[INFO] Exclude: **/docs/**
[INFO] Exclude: **/.git/**
[INFO] Exclude: **/derby.log
[INFO] Exclude: **/src/dev/**
[INFO] Exclude: **/src/codegen/config.fmpp
[INFO] Exclude: **/src/codegen/data/Parser.tdd
[INFO] Exclude: **/src/test/resources/FixedAvroSerializer.config
[INFO] 52 resources included (use -debug for more details)
Warning:  org.apache.xerces.jaxp.SAXParserImpl$JAXPSAXParser: Property 'http://www.oracle.com/xml/jaxp/properties/entityExpansionLimit' is not recognized.
Compiler warnings:
  WARNING:  'org.apache.xerces.jaxp.SAXParserImpl: Property 'http://javax.xml.XMLConstants/property/accessExternalDTD' is not recognized.'
Warning:  org.apache.xerces.parsers.SAXParser: Feature 'http://javax.xml.XMLConstants/feature/secure-processing' is not recognized.
Warning:  org.apache.xerces.parsers.SAXParser: Property 'http://javax.xml.XMLConstants/property/accessExternalDTD' is not recognized.
Warning:  org.apache.xerces.parsers.SAXParser: Property 'http://www.oracle.com/xml/jaxp/properties/entityExpansionLimit' is not recognized.
[INFO] Rat check: Summary of files. Unapproved: 0 unknown: 0 generated: 0 approved: 52 licence.
[INFO]                                                                         
[INFO] ------------------------------------------------------------------------
[INFO] Building flux 1.1.0-SNAPSHOT
[INFO] ------------------------------------------------------------------------
[INFO] 
[INFO] --- maven-remote-resources-plugin:1.2.1:process (default) @ flux ---
[INFO] 
[INFO] --- apache-rat-plugin:0.11:check (default) @ flux ---
[INFO] 51 implicit excludes (use -debug for more details).
[INFO] Exclude: **/target/**
[INFO] Exclude: **/*.iml
[INFO] Exclude: **/.idea/**
[INFO] Exclude: **/metastore_db/**
[INFO] Exclude: **/build/**
[INFO] Exclude: **/CHANGELOG.md
[INFO] Exclude: **/README.md
[INFO] Exclude: **/README.markdown
[INFO] Exclude: **/DEVELOPER.md
[INFO] Exclude: **/BYLAWS.md
[INFO] Exclude: **/STORM-UI-REST-API.md
[INFO] Exclude: SECURITY.md
[INFO] Exclude: VERSION
[INFO] Exclude: TODO
[INFO] Exclude: **/src/py/**
[INFO] Exclude: **/src/ui/public/js/jquery.dataTables.1.10.4.min.js
[INFO] Exclude: **/src/ui/public/css/jquery.dataTables.1.10.4.min.css
[INFO] Exclude: **/src/ui/public/images/*
[INFO] Exclude: **/src/ui/public/js/bootstrap-3.3.1.min.js
[INFO] Exclude: **/src/ui/public/css/bootstrap-3.3.1.min.css
[INFO] Exclude: **/src/ui/public/js/dataTables.bootstrap.min.js
[INFO] Exclude: **/src/ui/public/css/dataTables.bootstrap.css
[INFO] Exclude: **/src/ui/public/js/jsonFormatter.min.js
[INFO] Exclude: **/src/ui/public/css/jsonFormatter.min.css
[INFO] Exclude: **/src/ui/public/js/jquery-1.11.1.min.js
[INFO] Exclude: **/src/ui/public/js/jquery.cookies.2.2.0.min.js
[INFO] Exclude: **/src/ui/public/js/moment.min.js
[INFO] Exclude: **/src/ui/public/js/jquery.blockUI.min.js
[INFO] Exclude: **/src/ui/public/js/url.min.js
[INFO] Exclude: **/src/ui/public/js/arbor.js
[INFO] Exclude: **/src/ui/public/js/arbor-graphics.js
[INFO] Exclude: **/src/ui/public/js/arbor-tween.js
[INFO] Exclude: **/src/ui/public/js/jquery.mustache.js
[INFO] Exclude: **/src/ui/public/js/typeahead.jquery.min.js
[INFO] Exclude: **/dependency-reduced-pom.xml
[INFO] Exclude: **/docs/**
[INFO] Exclude: **/.git/**
[INFO] Exclude: **/derby.log
[INFO] Exclude: **/src/dev/**
[INFO] Exclude: **/src/codegen/config.fmpp
[INFO] Exclude: **/src/codegen/data/Parser.tdd
[INFO] Exclude: **/src/test/resources/FixedAvroSerializer.config
[INFO] 69 resources included (use -debug for more details)
Warning:  org.apache.xerces.jaxp.SAXParserImpl$JAXPSAXParser: Property 'http://www.oracle.com/xml/jaxp/properties/entityExpansionLimit' is not recognized.
Compiler warnings:
  WARNING:  'org.apache.xerces.jaxp.SAXParserImpl: Property 'http://javax.xml.XMLConstants/property/accessExternalDTD' is not recognized.'
Warning:  org.apache.xerces.parsers.SAXParser: Feature 'http://javax.xml.XMLConstants/feature/secure-processing' is not recognized.
Warning:  org.apache.xerces.parsers.SAXParser: Property 'http://javax.xml.XMLConstants/property/accessExternalDTD' is not recognized.
Warning:  org.apache.xerces.parsers.SAXParser: Property 'http://www.oracle.com/xml/jaxp/properties/entityExpansionLimit' is not recognized.
[INFO] Rat check: Summary of files. Unapproved: 0 unknown: 0 generated: 0 approved: 68 licence.
[INFO]                                                                         
[INFO] ------------------------------------------------------------------------
[INFO] Building flux-wrappers 1.1.0-SNAPSHOT
[INFO] ------------------------------------------------------------------------
[INFO] 
[INFO] --- maven-remote-resources-plugin:1.2.1:process (default) @ flux-wrappers ---
[INFO] 
[INFO] --- maven-resources-plugin:2.5:resources (default-resources) @ flux-wrappers ---
[debug] execute contextualize
[INFO] Using 'UTF-8' encoding to copy filtered resources.
[INFO] Copying 2 resources
[INFO] Copying 3 resources
[INFO] 
[INFO] --- maven-compiler-plugin:3.3:compile (default-compile) @ flux-wrappers ---
[INFO] Nothing to compile - all classes are up to date
[INFO] 
[INFO] --- maven-resources-plugin:2.5:testResources (default-testResources) @ flux-wrappers ---
[debug] execute contextualize
[INFO] Using 'UTF-8' encoding to copy filtered resources.
[INFO] skip non existing resourceDirectory /home/travis/build/apache/storm/external/flux/flux-wrappers/src/test/resources
[INFO] Copying 3 resources
[INFO] 
[INFO] --- maven-compiler-plugin:3.3:testCompile (default-testCompile) @ flux-wrappers ---
[INFO] No sources to compile
[INFO] 
[INFO] --- maven-surefire-plugin:2.18.1:test (default-test) @ flux-wrappers ---
[INFO] 
[INFO] --- apache-rat-plugin:0.11:check (default) @ flux-wrappers ---
[INFO] 51 implicit excludes (use -debug for more details).
[INFO] Exclude: **/target/**
[INFO] Exclude: **/*.iml
[INFO] Exclude: **/.idea/**
[INFO] Exclude: **/metastore_db/**
[INFO] Exclude: **/build/**
[INFO] Exclude: **/CHANGELOG.md
[INFO] Exclude: **/README.md
[INFO] Exclude: **/README.markdown
[INFO] Exclude: **/DEVELOPER.md
[INFO] Exclude: **/BYLAWS.md
[INFO] Exclude: **/STORM-UI-REST-API.md
[INFO] Exclude: SECURITY.md
[INFO] Exclude: VERSION
[INFO] Exclude: TODO
[INFO] Exclude: **/src/py/**
[INFO] Exclude: **/src/ui/public/js/jquery.dataTables.1.10.4.min.js
[INFO] Exclude: **/src/ui/public/css/jquery.dataTables.1.10.4.min.css
[INFO] Exclude: **/src/ui/public/images/*
[INFO] Exclude: **/src/ui/public/js/bootstrap-3.3.1.min.js
[INFO] Exclude: **/src/ui/public/css/bootstrap-3.3.1.min.css
[INFO] Exclude: **/src/ui/public/js/dataTables.bootstrap.min.js
[INFO] Exclude: **/src/ui/public/css/dataTables.bootstrap.css
[INFO] Exclude: **/src/ui/public/js/jsonFormatter.min.js
[INFO] Exclude: **/src/ui/public/css/jsonFormatter.min.css
[INFO] Exclude: **/src/ui/public/js/jquery-1.11.1.min.js
[INFO] Exclude: **/src/ui/public/js/jquery.cookies.2.2.0.min.js
[INFO] Exclude: **/src/ui/public/js/moment.min.js
[INFO] Exclude: **/src/ui/public/js/jquery.blockUI.min.js
[INFO] Exclude: **/src/ui/public/js/url.min.js
[INFO] Exclude: **/src/ui/public/js/arbor.js
[INFO] Exclude: **/src/ui/public/js/arbor-graphics.js
[INFO] Exclude: **/src/ui/public/js/arbor-tween.js
[INFO] Exclude: **/src/ui/public/js/jquery.mustache.js
[INFO] Exclude: **/src/ui/public/js/typeahead.jquery.min.js
[INFO] Exclude: **/dependency-reduced-pom.xml
[INFO] Exclude: **/docs/**
[INFO] Exclude: **/.git/**
[INFO] Exclude: **/derby.log
[INFO] Exclude: **/src/dev/**
[INFO] Exclude: **/src/codegen/config.fmpp
[INFO] Exclude: **/src/codegen/data/Parser.tdd
[INFO] Exclude: **/src/test/resources/FixedAvroSerializer.config
[INFO] 6 resources included (use -debug for more details)
Warning:  org.apache.xerces.jaxp.SAXParserImpl$JAXPSAXParser: Property 'http://www.oracle.com/xml/jaxp/properties/entityExpansionLimit' is not recognized.
Compiler warnings:
  WARNING:  'org.apache.xerces.jaxp.SAXParserImpl: Property 'http://javax.xml.XMLConstants/property/accessExternalDTD' is not recognized.'
Warning:  org.apache.xerces.parsers.SAXParser: Feature 'http://javax.xml.XMLConstants/feature/secure-processing' is not recognized.
Warning:  org.apache.xerces.parsers.SAXParser: Property 'http://javax.xml.XMLConstants/property/accessExternalDTD' is not recognized.
Warning:  org.apache.xerces.parsers.SAXParser: Property 'http://www.oracle.com/xml/jaxp/properties/entityExpansionLimit' is not recognized.
[INFO] Rat check: Summary of files. Unapproved: 0 unknown: 0 generated: 0 approved: 6 licence.
[INFO]                                                                         
[INFO] ------------------------------------------------------------------------
[INFO] Skipping flux-core
[INFO] This project has been banned from the build due to previous failures.
[INFO] ------------------------------------------------------------------------
[INFO]                                                                         
[INFO] ------------------------------------------------------------------------
[INFO] Skipping flux-examples
[INFO] This project has been banned from the build due to previous failures.
[INFO] ------------------------------------------------------------------------
[INFO]                                                                         
[INFO] ------------------------------------------------------------------------
[INFO] Building storm-sql-runtime 1.1.0-SNAPSHOT
[INFO] ------------------------------------------------------------------------
[INFO] 
[INFO] --- maven-remote-resources-plugin:1.2.1:process (default) @ storm-sql-runtime ---
[INFO] 
[INFO] --- maven-resources-plugin:2.5:resources (default-resources) @ storm-sql-runtime ---
[debug] execute contextualize
[INFO] Using 'UTF-8' encoding to copy filtered resources.
[INFO] skip non existing resourceDirectory /home/travis/build/apache/storm/external/sql/storm-sql-runtime/src/main/resources
[INFO] Copying 3 resources
[INFO] 
[INFO] --- maven-compiler-plugin:3.1:compile (default-compile) @ storm-sql-runtime ---
[INFO] Nothing to compile - all classes are up to date
[INFO] 
[INFO] --- maven-resources-plugin:2.5:testResources (default-testResources) @ storm-sql-runtime ---
[debug] execute contextualize
[INFO] Using 'UTF-8' encoding to copy filtered resources.
[INFO] skip non existing resourceDirectory /home/travis/build/apache/storm/external/sql/storm-sql-runtime/src/test/resources
[INFO] Copying 3 resources
[INFO] 
[INFO] --- maven-compiler-plugin:3.1:testCompile (default-testCompile) @ storm-sql-runtime ---
[INFO] Nothing to compile - all classes are up to date
[INFO] 
[INFO] --- maven-surefire-plugin:2.18.1:test (default-test) @ storm-sql-runtime ---
[INFO] Surefire report directory: /home/travis/build/apache/storm/external/sql/storm-sql-runtime/target/surefire-reports
[INFO] parallel='none', perCoreThreadCount=true, threadCount=0, useUnlimitedThreads=false, threadCountSuites=0, threadCountClasses=0, threadCountMethods=0, parallelOptimized=true

-------------------------------------------------------
 T E S T S
-------------------------------------------------------

Results :

Tests run: 0, Failures: 0, Errors: 0, Skipped: 0

[INFO] 
[INFO] --- apache-rat-plugin:0.11:check (default) @ storm-sql-runtime ---
[INFO] 51 implicit excludes (use -debug for more details).
[INFO] Exclude: **/target/**
[INFO] Exclude: **/*.iml
[INFO] Exclude: **/.idea/**
[INFO] Exclude: **/metastore_db/**
[INFO] Exclude: **/build/**
[INFO] Exclude: **/CHANGELOG.md
[INFO] Exclude: **/README.md
[INFO] Exclude: **/README.markdown
[INFO] Exclude: **/DEVELOPER.md
[INFO] Exclude: **/BYLAWS.md
[INFO] Exclude: **/STORM-UI-REST-API.md
[INFO] Exclude: SECURITY.md
[INFO] Exclude: VERSION
[INFO] Exclude: TODO
[INFO] Exclude: **/src/py/**
[INFO] Exclude: **/src/ui/public/js/jquery.dataTables.1.10.4.min.js
[INFO] Exclude: **/src/ui/public/css/jquery.dataTables.1.10.4.min.css
[INFO] Exclude: **/src/ui/public/images/*
[INFO] Exclude: **/src/ui/public/js/bootstrap-3.3.1.min.js
[INFO] Exclude: **/src/ui/public/css/bootstrap-3.3.1.min.css
[INFO] Exclude: **/src/ui/public/js/dataTables.bootstrap.min.js
[INFO] Exclude: **/src/ui/public/css/dataTables.bootstrap.css
[INFO] Exclude: **/src/ui/public/js/jsonFormatter.min.js
[INFO] Exclude: **/src/ui/public/css/jsonFormatter.min.css
[INFO] Exclude: **/src/ui/public/js/jquery-1.11.1.min.js
[INFO] Exclude: **/src/ui/public/js/jquery.cookies.2.2.0.min.js
[INFO] Exclude: **/src/ui/public/js/moment.min.js
[INFO] Exclude: **/src/ui/public/js/jquery.blockUI.min.js
[INFO] Exclude: **/src/ui/public/js/url.min.js
[INFO] Exclude: **/src/ui/public/js/arbor.js
[INFO] Exclude: **/src/ui/public/js/arbor-graphics.js
[INFO] Exclude: **/src/ui/public/js/arbor-tween.js
[INFO] Exclude: **/src/ui/public/js/jquery.mustache.js
[INFO] Exclude: **/src/ui/public/js/typeahead.jquery.min.js
[INFO] Exclude: **/dependency-reduced-pom.xml
[INFO] Exclude: **/docs/**
[INFO] Exclude: **/.git/**
[INFO] Exclude: **/derby.log
[INFO] Exclude: **/src/dev/**
[INFO] Exclude: **/src/codegen/config.fmpp
[INFO] Exclude: **/src/codegen/data/Parser.tdd
[INFO] Exclude: **/src/test/resources/FixedAvroSerializer.config
[INFO] 15 resources included (use -debug for more details)
Warning:  org.apache.xerces.jaxp.SAXParserImpl$JAXPSAXParser: Property 'http://www.oracle.com/xml/jaxp/properties/entityExpansionLimit' is not recognized.
Compiler warnings:
  WARNING:  'org.apache.xerces.jaxp.SAXParserImpl: Property 'http://javax.xml.XMLConstants/property/accessExternalDTD' is not recognized.'
Warning:  org.apache.xerces.parsers.SAXParser: Feature 'http://javax.xml.XMLConstants/feature/secure-processing' is not recognized.
Warning:  org.apache.xerces.parsers.SAXParser: Property 'http://javax.xml.XMLConstants/property/accessExternalDTD' is not recognized.
Warning:  org.apache.xerces.parsers.SAXParser: Property 'http://www.oracle.com/xml/jaxp/properties/entityExpansionLimit' is not recognized.
[INFO] Rat check: Summary of files. Unapproved: 0 unknown: 0 generated: 0 approved: 15 licence.
[INFO]                                                                         
[INFO] ------------------------------------------------------------------------
[INFO] Building storm-sql-core 1.1.0-SNAPSHOT
[INFO] ------------------------------------------------------------------------
[INFO] 
[INFO] --- maven-resources-plugin:2.5:copy-resources (copy-fmpp-resources) @ storm-sql-core ---
[debug] execute contextualize
[INFO] Using 'UTF-8' encoding to copy filtered resources.
[INFO] Copying 4 resources
[INFO] 
[INFO] --- maven-dependency-plugin:2.8:unpack (unpack-parser-template) @ storm-sql-core ---
[INFO] Configured Artifact: org.apache.calcite:calcite-core:?:jar
[INFO] Unpacking /home/travis/.m2/repository/org/apache/calcite/calcite-core/1.4.0-incubating/calcite-core-1.4.0-incubating.jar to /home/travis/build/apache/storm/external/sql/storm-sql-core/target with includes "**/Parser.jj" and excludes ""
[INFO] 
[INFO] --- fmpp-maven-plugin:1.0:generate (generate-fmpp-sources) @ storm-sql-core ---
- Executing: Parser.jj
log4j:WARN No appenders could be found for logger (freemarker.cache).
log4j:WARN Please initialize the log4j system properly.
[INFO] Done
[INFO] 
[INFO] --- javacc-maven-plugin:2.4:javacc (javacc) @ storm-sql-core ---
Java Compiler Compiler Version 4.0 (Parser Generator)
(type "javacc" with no arguments for help)
Reading from file /home/travis/build/apache/storm/external/sql/storm-sql-core/target/generated-sources/javacc/Parser.jj . . .
Note: UNICODE_INPUT option is specified. Please make sure you create the parser/lexer using a Reader with the correct character encoding.
Warning: Lookahead adequacy checking not being performed since option LOOKAHEAD is more than 1.  Set option FORCE_LA_CHECK to true to force checking.
Parser generated with 0 errors and 1 warnings.
[INFO] Processed 1 grammar
[INFO] 
[INFO] --- maven-resources-plugin:2.5:copy-resources (copy-java-sources) @ storm-sql-core ---
[debug] execute contextualize
[INFO] Using 'UTF-8' encoding to copy filtered resources.
[INFO] Copying 19 resources
[INFO] Copying 8 resources
[INFO] Copying 8 resources
[INFO] 
[INFO] --- build-helper-maven-plugin:1.5:add-source (add-generated-sources) @ storm-sql-core ---
[INFO] Source directory: /home/travis/build/apache/storm/external/sql/storm-sql-core/target/generated-sources added.
[INFO] 
[INFO] --- maven-remote-resources-plugin:1.2.1:process (default) @ storm-sql-core ---
[INFO] 
[INFO] --- maven-resources-plugin:2.5:resources (default-resources) @ storm-sql-core ---
[debug] execute contextualize
[INFO] Using 'UTF-8' encoding to copy filtered resources.
[INFO] skip non existing resourceDirectory /home/travis/build/apache/storm/external/sql/storm-sql-core/src/main/resources
[INFO] Copying 3 resources
[INFO] 
[INFO] --- maven-compiler-plugin:3.1:compile (default-compile) @ storm-sql-core ---
[INFO] Changes detected - recompiling the module!
[INFO] Compiling 26 source files to /home/travis/build/apache/storm/external/sql/storm-sql-core/target/classes
[WARNING] /home/travis/build/apache/storm/external/sql/storm-sql-core/target/generated-sources/org/apache/storm/sql/parser/impl/StormParserImpl.java: Some input files use or override a deprecated API.
[WARNING] /home/travis/build/apache/storm/external/sql/storm-sql-core/target/generated-sources/org/apache/storm/sql/parser/impl/StormParserImpl.java: Recompile with -Xlint:deprecation for details.
[WARNING] /home/travis/build/apache/storm/external/sql/storm-sql-core/target/generated-sources/org/apache/storm/sql/parser/impl/StormParserImpl.java: /home/travis/build/apache/storm/external/sql/storm-sql-core/target/generated-sources/org/apache/storm/sql/parser/impl/StormParserImpl.java uses unchecked or unsafe operations.
[WARNING] /home/travis/build/apache/storm/external/sql/storm-sql-core/target/generated-sources/org/apache/storm/sql/parser/impl/StormParserImpl.java: Recompile with -Xlint:unchecked for details.
[INFO] 
[INFO] --- maven-resources-plugin:2.5:testResources (default-testResources) @ storm-sql-core ---
[debug] execute contextualize
[INFO] Using 'UTF-8' encoding to copy filtered resources.
[INFO] skip non existing resourceDirectory /home/travis/build/apache/storm/external/sql/storm-sql-core/src/test/resources
[INFO] Copying 3 resources
[INFO] 
[INFO] --- maven-compiler-plugin:3.1:testCompile (default-testCompile) @ storm-sql-core ---
[INFO] Changes detected - recompiling the module!
[INFO] Compiling 15 source files to /home/travis/build/apache/storm/external/sql/storm-sql-core/target/test-classes
[WARNING] /home/travis/build/apache/storm/external/sql/storm-sql-core/target/generated-sources/org/apache/storm/sql/parser/impl/StormParserImpl.java: /home/travis/build/apache/storm/external/sql/storm-sql-core/target/generated-sources/org/apache/storm/sql/parser/impl/StormParserImpl.java uses or overrides a deprecated API.
[WARNING] /home/travis/build/apache/storm/external/sql/storm-sql-core/target/generated-sources/org/apache/storm/sql/parser/impl/StormParserImpl.java: Recompile with -Xlint:deprecation for details.
[WARNING] /home/travis/build/apache/storm/external/sql/storm-sql-core/target/generated-sources/org/apache/storm/sql/parser/impl/StormParserImpl.java: /home/travis/build/apache/storm/external/sql/storm-sql-core/target/generated-sources/org/apache/storm/sql/parser/impl/StormParserImpl.java uses unchecked or unsafe operations.
[WARNING] /home/travis/build/apache/storm/external/sql/storm-sql-core/target/generated-sources/org/apache/storm/sql/parser/impl/StormParserImpl.java: Recompile with -Xlint:unchecked for details.
[INFO] 
[INFO] --- maven-surefire-plugin:2.18.1:test (default-test) @ storm-sql-core ---
[INFO] Surefire report directory: /home/travis/build/apache/storm/external/sql/storm-sql-core/target/surefire-reports
[INFO] parallel='none', perCoreThreadCount=true, threadCount=0, useUnlimitedThreads=false, threadCountSuites=0, threadCountClasses=0, threadCountMethods=0, parallelOptimized=true

-------------------------------------------------------
 T E S T S
-------------------------------------------------------
Running org.apache.storm.sql.parser.TestSqlParser
Tests run: 4, Failures: 0, Errors: 0, Skipped: 0, Time elapsed: 0.684 sec - in org.apache.storm.sql.parser.TestSqlParser
Running org.apache.storm.sql.compiler.backends.trident.TestPlanCompiler
Tests run: 2, Failures: 0, Errors: 0, Skipped: 0, Time elapsed: 26.777 sec - in org.apache.storm.sql.compiler.backends.trident.TestPlanCompiler
Running org.apache.storm.sql.compiler.backends.standalone.TestPlanCompiler
Tests run: 4, Failures: 0, Errors: 0, Skipped: 0, Time elapsed: 0.914 sec - in org.apache.storm.sql.compiler.backends.standalone.TestPlanCompiler
Running org.apache.storm.sql.compiler.backends.standalone.TestRelNodeCompiler
Tests run: 1, Failures: 0, Errors: 0, Skipped: 0, Time elapsed: 0.015 sec - in org.apache.storm.sql.compiler.backends.standalone.TestRelNodeCompiler
Running org.apache.storm.sql.compiler.TestExprCompiler
Tests run: 3, Failures: 0, Errors: 0, Skipped: 0, Time elapsed: 0.028 sec - in org.apache.storm.sql.compiler.TestExprCompiler
Running org.apache.storm.sql.compiler.TestExprSemantic
Tests run: 10, Failures: 0, Errors: 0, Skipped: 0, Time elapsed: 0.994 sec - in org.apache.storm.sql.compiler.TestExprSemantic
Running org.apache.storm.sql.TestStormSql
Tests run: 15, Failures: 0, Errors: 0, Skipped: 0, Time elapsed: 1.582 sec - in org.apache.storm.sql.TestStormSql

Results :

Tests run: 39, Failures: 0, Errors: 0, Skipped: 0

[INFO] 
[INFO] --- apache-rat-plugin:0.11:check (default) @ storm-sql-core ---
[INFO] 51 implicit excludes (use -debug for more details).
[INFO] Exclude: **/target/**
[INFO] Exclude: **/*.iml
[INFO] Exclude: **/.idea/**
[INFO] Exclude: **/metastore_db/**
[INFO] Exclude: **/build/**
[INFO] Exclude: **/CHANGELOG.md
[INFO] Exclude: **/README.md
[INFO] Exclude: **/README.markdown
[INFO] Exclude: **/DEVELOPER.md
[INFO] Exclude: **/BYLAWS.md
[INFO] Exclude: **/STORM-UI-REST-API.md
[INFO] Exclude: SECURITY.md
[INFO] Exclude: VERSION
[INFO] Exclude: TODO
[INFO] Exclude: **/src/py/**
[INFO] Exclude: **/src/ui/public/js/jquery.dataTables.1.10.4.min.js
[INFO] Exclude: **/src/ui/public/css/jquery.dataTables.1.10.4.min.css
[INFO] Exclude: **/src/ui/public/images/*
[INFO] Exclude: **/src/ui/public/js/bootstrap-3.3.1.min.js
[INFO] Exclude: **/src/ui/public/css/bootstrap-3.3.1.min.css
[INFO] Exclude: **/src/ui/public/js/dataTables.bootstrap.min.js
[INFO] Exclude: **/src/ui/public/css/dataTables.bootstrap.css
[INFO] Exclude: **/src/ui/public/js/jsonFormatter.min.js
[INFO] Exclude: **/src/ui/public/css/jsonFormatter.min.css
[INFO] Exclude: **/src/ui/public/js/jquery-1.11.1.min.js
[INFO] Exclude: **/src/ui/public/js/jquery.cookies.2.2.0.min.js
[INFO] Exclude: **/src/ui/public/js/moment.min.js
[INFO] Exclude: **/src/ui/public/js/jquery.blockUI.min.js
[INFO] Exclude: **/src/ui/public/js/url.min.js
[INFO] Exclude: **/src/ui/public/js/arbor.js
[INFO] Exclude: **/src/ui/public/js/arbor-graphics.js
[INFO] Exclude: **/src/ui/public/js/arbor-tween.js
[INFO] Exclude: **/src/ui/public/js/jquery.mustache.js
[INFO] Exclude: **/src/ui/public/js/typeahead.jquery.min.js
[INFO] Exclude: **/dependency-reduced-pom.xml
[INFO] Exclude: **/docs/**
[INFO] Exclude: **/.git/**
[INFO] Exclude: **/derby.log
[INFO] Exclude: **/src/dev/**
[INFO] Exclude: **/src/codegen/config.fmpp
[INFO] Exclude: **/src/codegen/data/Parser.tdd
[INFO] Exclude: **/src/test/resources/FixedAvroSerializer.config
[INFO] 30 resources included (use -debug for more details)
Warning:  org.apache.xerces.jaxp.SAXParserImpl$JAXPSAXParser: Property 'http://www.oracle.com/xml/jaxp/properties/entityExpansionLimit' is not recognized.
Compiler warnings:
  WARNING:  'org.apache.xerces.jaxp.SAXParserImpl: Property 'http://javax.xml.XMLConstants/property/accessExternalDTD' is not recognized.'
Warning:  org.apache.xerces.parsers.SAXParser: Feature 'http://javax.xml.XMLConstants/feature/secure-processing' is not recognized.
Warning:  org.apache.xerces.parsers.SAXParser: Property 'http://javax.xml.XMLConstants/property/accessExternalDTD' is not recognized.
Warning:  org.apache.xerces.parsers.SAXParser: Property 'http://www.oracle.com/xml/jaxp/properties/entityExpansionLimit' is not recognized.
[INFO] Rat check: Summary of files. Unapproved: 0 unknown: 0 generated: 0 approved: 30 licence.
[INFO]                                                                         
[INFO] ------------------------------------------------------------------------
[INFO] Skipping storm-sql-kafka
[INFO] This project has been banned from the build due to previous failures.
[INFO] ------------------------------------------------------------------------
[INFO]                                                                         
[INFO] ------------------------------------------------------------------------
[INFO] Building sql 1.1.0-SNAPSHOT
[INFO] ------------------------------------------------------------------------
[INFO] 
[INFO] --- maven-remote-resources-plugin:1.2.1:process (default) @ sql ---
[INFO] 
[INFO] --- apache-rat-plugin:0.11:check (default) @ sql ---
[INFO] 51 implicit excludes (use -debug for more details).
[INFO] Exclude: **/target/**
[INFO] Exclude: **/*.iml
[INFO] Exclude: **/.idea/**
[INFO] Exclude: **/metastore_db/**
[INFO] Exclude: **/build/**
[INFO] Exclude: **/CHANGELOG.md
[INFO] Exclude: **/README.md
[INFO] Exclude: **/README.markdown
[INFO] Exclude: **/DEVELOPER.md
[INFO] Exclude: **/BYLAWS.md
[INFO] Exclude: **/STORM-UI-REST-API.md
[INFO] Exclude: SECURITY.md
[INFO] Exclude: VERSION
[INFO] Exclude: TODO
[INFO] Exclude: **/src/py/**
[INFO] Exclude: **/src/ui/public/js/jquery.dataTables.1.10.4.min.js
[INFO] Exclude: **/src/ui/public/css/jquery.dataTables.1.10.4.min.css
[INFO] Exclude: **/src/ui/public/images/*
[INFO] Exclude: **/src/ui/public/js/bootstrap-3.3.1.min.js
[INFO] Exclude: **/src/ui/public/css/bootstrap-3.3.1.min.css
[INFO] Exclude: **/src/ui/public/js/dataTables.bootstrap.min.js
[INFO] Exclude: **/src/ui/public/css/dataTables.bootstrap.css
[INFO] Exclude: **/src/ui/public/js/jsonFormatter.min.js
[INFO] Exclude: **/src/ui/public/css/jsonFormatter.min.css
[INFO] Exclude: **/src/ui/public/js/jquery-1.11.1.min.js
[INFO] Exclude: **/src/ui/public/js/jquery.cookies.2.2.0.min.js
[INFO] Exclude: **/src/ui/public/js/moment.min.js
[INFO] Exclude: **/src/ui/public/js/jquery.blockUI.min.js
[INFO] Exclude: **/src/ui/public/js/url.min.js
[INFO] Exclude: **/src/ui/public/js/arbor.js
[INFO] Exclude: **/src/ui/public/js/arbor-graphics.js
[INFO] Exclude: **/src/ui/public/js/arbor-tween.js
[INFO] Exclude: **/src/ui/public/js/jquery.mustache.js
[INFO] Exclude: **/src/ui/public/js/typeahead.jquery.min.js
[INFO] Exclude: **/dependency-reduced-pom.xml
[INFO] Exclude: **/docs/**
[INFO] Exclude: **/.git/**
[INFO] Exclude: **/derby.log
[INFO] Exclude: **/src/dev/**
[INFO] Exclude: **/src/codegen/config.fmpp
[INFO] Exclude: **/src/codegen/data/Parser.tdd
[INFO] Exclude: **/src/test/resources/FixedAvroSerializer.config
[INFO] 53 resources included (use -debug for more details)
Warning:  org.apache.xerces.jaxp.SAXParserImpl$JAXPSAXParser: Property 'http://www.oracle.com/xml/jaxp/properties/entityExpansionLimit' is not recognized.
Compiler warnings:
  WARNING:  'org.apache.xerces.jaxp.SAXParserImpl: Property 'http://javax.xml.XMLConstants/property/accessExternalDTD' is not recognized.'
Warning:  org.apache.xerces.parsers.SAXParser: Feature 'http://javax.xml.XMLConstants/feature/secure-processing' is not recognized.
Warning:  org.apache.xerces.parsers.SAXParser: Property 'http://javax.xml.XMLConstants/property/accessExternalDTD' is not recognized.
Warning:  org.apache.xerces.parsers.SAXParser: Property 'http://www.oracle.com/xml/jaxp/properties/entityExpansionLimit' is not recognized.
[INFO] Rat check: Summary of files. Unapproved: 0 unknown: 0 generated: 0 approved: 53 licence.
[INFO]                                                                         
[INFO] ------------------------------------------------------------------------
[INFO] Building storm-elasticsearch 1.1.0-SNAPSHOT
[INFO] ------------------------------------------------------------------------
[INFO] 
[INFO] --- maven-remote-resources-plugin:1.2.1:process (default) @ storm-elasticsearch ---
[INFO] 
[INFO] --- maven-resources-plugin:2.5:resources (default-resources) @ storm-elasticsearch ---
[debug] execute contextualize
[INFO] Using 'UTF-8' encoding to copy filtered resources.
[INFO] skip non existing resourceDirectory /home/travis/build/apache/storm/external/storm-elasticsearch/src/main/resources
[INFO] Copying 3 resources
[INFO] 
[INFO] --- maven-compiler-plugin:3.1:compile (default-compile) @ storm-elasticsearch ---
[INFO] Nothing to compile - all classes are up to date
[INFO] 
[INFO] --- maven-resources-plugin:2.5:testResources (default-testResources) @ storm-elasticsearch ---
[debug] execute contextualize
[INFO] Using 'UTF-8' encoding to copy filtered resources.
[INFO] skip non existing resourceDirectory /home/travis/build/apache/storm/external/storm-elasticsearch/src/test/resources
[INFO] Copying 3 resources
[INFO] 
[INFO] --- maven-compiler-plugin:3.1:testCompile (default-testCompile) @ storm-elasticsearch ---
[INFO] Nothing to compile - all classes are up to date
[INFO] 
[INFO] --- maven-clean-plugin:2.5:clean (cleanup) @ storm-elasticsearch ---
[INFO] 
[INFO] --- maven-surefire-plugin:2.18.1:test (default-test) @ storm-elasticsearch ---
[INFO] Surefire report directory: /home/travis/build/apache/storm/external/storm-elasticsearch/target/surefire-reports
[INFO] parallel='none', perCoreThreadCount=true, threadCount=0, useUnlimitedThreads=false, threadCountSuites=0, threadCountClasses=0, threadCountMethods=0, parallelOptimized=true

-------------------------------------------------------
 T E S T S
-------------------------------------------------------
Running org.apache.storm.elasticsearch.common.TransportAddressesTest
Tests run: 9, Failures: 0, Errors: 0, Skipped: 0, Time elapsed: 0.066 sec - in org.apache.storm.elasticsearch.common.TransportAddressesTest
Running org.apache.storm.elasticsearch.common.EsConfigTest
Tests run: 4, Failures: 0, Errors: 0, Skipped: 0, Time elapsed: 1.17 sec - in org.apache.storm.elasticsearch.common.EsConfigTest
Running org.apache.storm.elasticsearch.bolt.EsLookupBoltTest
Tests run: 4, Failures: 0, Errors: 0, Skipped: 0, Time elapsed: 0.107 sec - in org.apache.storm.elasticsearch.bolt.EsLookupBoltTest
Running org.apache.storm.elasticsearch.trident.EsStateFactoryTest
Tests run: 1, Failures: 0, Errors: 0, Skipped: 0, Time elapsed: 0.005 sec - in org.apache.storm.elasticsearch.trident.EsStateFactoryTest

Results :

Tests run: 18, Failures: 0, Errors: 0, Skipped: 0

[INFO] 
[INFO] --- apache-rat-plugin:0.11:check (default) @ storm-elasticsearch ---
[INFO] 51 implicit excludes (use -debug for more details).
[INFO] Exclude: **/target/**
[INFO] Exclude: **/*.iml
[INFO] Exclude: **/.idea/**
[INFO] Exclude: **/metastore_db/**
[INFO] Exclude: **/build/**
[INFO] Exclude: **/CHANGELOG.md
[INFO] Exclude: **/README.md
[INFO] Exclude: **/README.markdown
[INFO] Exclude: **/DEVELOPER.md
[INFO] Exclude: **/BYLAWS.md
[INFO] Exclude: **/STORM-UI-REST-API.md
[INFO] Exclude: SECURITY.md
[INFO] Exclude: VERSION
[INFO] Exclude: TODO
[INFO] Exclude: **/src/py/**
[INFO] Exclude: **/src/ui/public/js/jquery.dataTables.1.10.4.min.js
[INFO] Exclude: **/src/ui/public/css/jquery.dataTables.1.10.4.min.css
[INFO] Exclude: **/src/ui/public/images/*
[INFO] Exclude: **/src/ui/public/js/bootstrap-3.3.1.min.js
[INFO] Exclude: **/src/ui/public/css/bootstrap-3.3.1.min.css
[INFO] Exclude: **/src/ui/public/js/dataTables.bootstrap.min.js
[INFO] Exclude: **/src/ui/public/css/dataTables.bootstrap.css
[INFO] Exclude: **/src/ui/public/js/jsonFormatter.min.js
[INFO] Exclude: **/src/ui/public/css/jsonFormatter.min.css
[INFO] Exclude: **/src/ui/public/js/jquery-1.11.1.min.js
[INFO] Exclude: **/src/ui/public/js/jquery.cookies.2.2.0.min.js
[INFO] Exclude: **/src/ui/public/js/moment.min.js
[INFO] Exclude: **/src/ui/public/js/jquery.blockUI.min.js
[INFO] Exclude: **/src/ui/public/js/url.min.js
[INFO] Exclude: **/src/ui/public/js/arbor.js
[INFO] Exclude: **/src/ui/public/js/arbor-graphics.js
[INFO] Exclude: **/src/ui/public/js/arbor-tween.js
[INFO] Exclude: **/src/ui/public/js/jquery.mustache.js
[INFO] Exclude: **/src/ui/public/js/typeahead.jquery.min.js
[INFO] Exclude: **/dependency-reduced-pom.xml
[INFO] Exclude: **/docs/**
[INFO] Exclude: **/.git/**
[INFO] Exclude: **/derby.log
[INFO] Exclude: **/src/dev/**
[INFO] Exclude: **/src/codegen/config.fmpp
[INFO] Exclude: **/src/codegen/data/Parser.tdd
[INFO] Exclude: **/src/test/resources/FixedAvroSerializer.config
[INFO] 28 resources included (use -debug for more details)
Warning:  org.apache.xerces.jaxp.SAXParserImpl$JAXPSAXParser: Property 'http://www.oracle.com/xml/jaxp/properties/entityExpansionLimit' is not recognized.
Compiler warnings:
  WARNING:  'org.apache.xerces.jaxp.SAXParserImpl: Property 'http://javax.xml.XMLConstants/property/accessExternalDTD' is not recognized.'
Warning:  org.apache.xerces.parsers.SAXParser: Feature 'http://javax.xml.XMLConstants/feature/secure-processing' is not recognized.
Warning:  org.apache.xerces.parsers.SAXParser: Property 'http://javax.xml.XMLConstants/property/accessExternalDTD' is not recognized.
Warning:  org.apache.xerces.parsers.SAXParser: Property 'http://www.oracle.com/xml/jaxp/properties/entityExpansionLimit' is not recognized.
[INFO] Rat check: Summary of files. Unapproved: 0 unknown: 0 generated: 0 approved: 28 licence.
[INFO]                                                                         
[INFO] ------------------------------------------------------------------------
[INFO] Building storm-solr 1.1.0-SNAPSHOT
[INFO] ------------------------------------------------------------------------
[INFO] 
[INFO] --- maven-remote-resources-plugin:1.2.1:process (default) @ storm-solr ---
[INFO] 
[INFO] --- maven-resources-plugin:2.5:resources (default-resources) @ storm-solr ---
[debug] execute contextualize
[INFO] Using 'UTF-8' encoding to copy filtered resources.
[INFO] skip non existing resourceDirectory /home/travis/build/apache/storm/external/storm-solr/src/main/resources
[INFO] Copying 3 resources
[INFO] 
[INFO] --- maven-compiler-plugin:3.1:compile (default-compile) @ storm-solr ---
[INFO] Nothing to compile - all classes are up to date
[INFO] 
[INFO] --- maven-resources-plugin:2.5:testResources (default-testResources) @ storm-solr ---
[debug] execute contextualize
[INFO] Using 'UTF-8' encoding to copy filtered resources.
[INFO] skip non existing resourceDirectory /home/travis/build/apache/storm/external/storm-solr/src/test/resources
[INFO] Copying 3 resources
[INFO] 
[INFO] --- maven-compiler-plugin:3.1:testCompile (default-testCompile) @ storm-solr ---
[INFO] Nothing to compile - all classes are up to date
[INFO] 
[INFO] --- maven-surefire-plugin:2.18.1:test (default-test) @ storm-solr ---
[INFO] Surefire report directory: /home/travis/build/apache/storm/external/storm-solr/target/surefire-reports
[INFO] parallel='none', perCoreThreadCount=true, threadCount=0, useUnlimitedThreads=false, threadCountSuites=0, threadCountClasses=0, threadCountMethods=0, parallelOptimized=true

-------------------------------------------------------
 T E S T S
-------------------------------------------------------

Results :

Tests run: 0, Failures: 0, Errors: 0, Skipped: 0

[INFO] 
[INFO] --- apache-rat-plugin:0.11:check (default) @ storm-solr ---
[INFO] 51 implicit excludes (use -debug for more details).
[INFO] Exclude: **/target/**
[INFO] Exclude: **/*.iml
[INFO] Exclude: **/.idea/**
[INFO] Exclude: **/metastore_db/**
[INFO] Exclude: **/build/**
[INFO] Exclude: **/CHANGELOG.md
[INFO] Exclude: **/README.md
[INFO] Exclude: **/README.markdown
[INFO] Exclude: **/DEVELOPER.md
[INFO] Exclude: **/BYLAWS.md
[INFO] Exclude: **/STORM-UI-REST-API.md
[INFO] Exclude: SECURITY.md
[INFO] Exclude: VERSION
[INFO] Exclude: TODO
[INFO] Exclude: **/src/py/**
[INFO] Exclude: **/src/ui/public/js/jquery.dataTables.1.10.4.min.js
[INFO] Exclude: **/src/ui/public/css/jquery.dataTables.1.10.4.min.css
[INFO] Exclude: **/src/ui/public/images/*
[INFO] Exclude: **/src/ui/public/js/bootstrap-3.3.1.min.js
[INFO] Exclude: **/src/ui/public/css/bootstrap-3.3.1.min.css
[INFO] Exclude: **/src/ui/public/js/dataTables.bootstrap.min.js
[INFO] Exclude: **/src/ui/public/css/dataTables.bootstrap.css
[INFO] Exclude: **/src/ui/public/js/jsonFormatter.min.js
[INFO] Exclude: **/src/ui/public/css/jsonFormatter.min.css
[INFO] Exclude: **/src/ui/public/js/jquery-1.11.1.min.js
[INFO] Exclude: **/src/ui/public/js/jquery.cookies.2.2.0.min.js
[INFO] Exclude: **/src/ui/public/js/moment.min.js
[INFO] Exclude: **/src/ui/public/js/jquery.blockUI.min.js
[INFO] Exclude: **/src/ui/public/js/url.min.js
[INFO] Exclude: **/src/ui/public/js/arbor.js
[INFO] Exclude: **/src/ui/public/js/arbor-graphics.js
[INFO] Exclude: **/src/ui/public/js/arbor-tween.js
[INFO] Exclude: **/src/ui/public/js/jquery.mustache.js
[INFO] Exclude: **/src/ui/public/js/typeahead.jquery.min.js
[INFO] Exclude: **/dependency-reduced-pom.xml
[INFO] Exclude: **/docs/**
[INFO] Exclude: **/.git/**
[INFO] Exclude: **/derby.log
[INFO] Exclude: **/src/dev/**
[INFO] Exclude: **/src/codegen/config.fmpp
[INFO] Exclude: **/src/codegen/data/Parser.tdd
[INFO] Exclude: **/src/test/resources/FixedAvroSerializer.config
[INFO] 27 resources included (use -debug for more details)
Warning:  org.apache.xerces.jaxp.SAXParserImpl$JAXPSAXParser: Property 'http://www.oracle.com/xml/jaxp/properties/entityExpansionLimit' is not recognized.
Compiler warnings:
  WARNING:  'org.apache.xerces.jaxp.SAXParserImpl: Property 'http://javax.xml.XMLConstants/property/accessExternalDTD' is not recognized.'
Warning:  org.apache.xerces.parsers.SAXParser: Feature 'http://javax.xml.XMLConstants/feature/secure-processing' is not recognized.
Warning:  org.apache.xerces.parsers.SAXParser: Property 'http://javax.xml.XMLConstants/property/accessExternalDTD' is not recognized.
Warning:  org.apache.xerces.parsers.SAXParser: Property 'http://www.oracle.com/xml/jaxp/properties/entityExpansionLimit' is not recognized.
[INFO] Rat check: Summary of files. Unapproved: 0 unknown: 0 generated: 0 approved: 27 licence.
[INFO]                                                                         
[INFO] ------------------------------------------------------------------------
[INFO] Building storm-metrics 1.1.0-SNAPSHOT
[INFO] ------------------------------------------------------------------------
[INFO] 
[INFO] --- maven-antrun-plugin:1.6:run (prepare) @ storm-metrics ---
[WARNING] Parameter tasks is deprecated, use target instead
[INFO] Executing tasks

main:
     [echo] Downloading sigar native binaries...
      [get] Destination already exists (skipping): /home/travis/.m2/repository/org/fusesource/sigar/1.6.4/hyperic-sigar-1.6.4.zip
    [unzip] Expanding: /home/travis/.m2/repository/org/fusesource/sigar/1.6.4/hyperic-sigar-1.6.4.zip into /home/travis/build/apache/storm/external/storm-metrics/target/classes/resources
[INFO] Executed tasks
[INFO] 
[INFO] --- maven-remote-resources-plugin:1.2.1:process (default) @ storm-metrics ---
[INFO] 
[INFO] --- maven-resources-plugin:2.5:resources (default-resources) @ storm-metrics ---
[debug] execute contextualize
[INFO] Using 'UTF-8' encoding to copy filtered resources.
[INFO] skip non existing resourceDirectory /home/travis/build/apache/storm/external/storm-metrics/src/main/resources
[INFO] Copying 3 resources
[INFO] 
[INFO] --- maven-compiler-plugin:3.1:compile (default-compile) @ storm-metrics ---
[INFO] Nothing to compile - all classes are up to date
[INFO] 
[INFO] --- maven-resources-plugin:2.5:testResources (default-testResources) @ storm-metrics ---
[debug] execute contextualize
[INFO] Using 'UTF-8' encoding to copy filtered resources.
[INFO] skip non existing resourceDirectory /home/travis/build/apache/storm/external/storm-metrics/src/test/resources
[INFO] Copying 3 resources
[INFO] 
[INFO] --- maven-compiler-plugin:3.1:testCompile (default-testCompile) @ storm-metrics ---
[INFO] No sources to compile
[INFO] 
[INFO] --- maven-surefire-plugin:2.18.1:test (default-test) @ storm-metrics ---
[INFO] 
[INFO] --- apache-rat-plugin:0.11:check (default) @ storm-metrics ---
[INFO] 51 implicit excludes (use -debug for more details).
[INFO] Exclude: **/target/**
[INFO] Exclude: **/*.iml
[INFO] Exclude: **/.idea/**
[INFO] Exclude: **/metastore_db/**
[INFO] Exclude: **/build/**
[INFO] Exclude: **/CHANGELOG.md
[INFO] Exclude: **/README.md
[INFO] Exclude: **/README.markdown
[INFO] Exclude: **/DEVELOPER.md
[INFO] Exclude: **/BYLAWS.md
[INFO] Exclude: **/STORM-UI-REST-API.md
[INFO] Exclude: SECURITY.md
[INFO] Exclude: VERSION
[INFO] Exclude: TODO
[INFO] Exclude: **/src/py/**
[INFO] Exclude: **/src/ui/public/js/jquery.dataTables.1.10.4.min.js
[INFO] Exclude: **/src/ui/public/css/jquery.dataTables.1.10.4.min.css
[INFO] Exclude: **/src/ui/public/images/*
[INFO] Exclude: **/src/ui/public/js/bootstrap-3.3.1.min.js
[INFO] Exclude: **/src/ui/public/css/bootstrap-3.3.1.min.css
[INFO] Exclude: **/src/ui/public/js/dataTables.bootstrap.min.js
[INFO] Exclude: **/src/ui/public/css/dataTables.bootstrap.css
[INFO] Exclude: **/src/ui/public/js/jsonFormatter.min.js
[INFO] Exclude: **/src/ui/public/css/jsonFormatter.min.css
[INFO] Exclude: **/src/ui/public/js/jquery-1.11.1.min.js
[INFO] Exclude: **/src/ui/public/js/jquery.cookies.2.2.0.min.js
[INFO] Exclude: **/src/ui/public/js/moment.min.js
[INFO] Exclude: **/src/ui/public/js/jquery.blockUI.min.js
[INFO] Exclude: **/src/ui/public/js/url.min.js
[INFO] Exclude: **/src/ui/public/js/arbor.js
[INFO] Exclude: **/src/ui/public/js/arbor-graphics.js
[INFO] Exclude: **/src/ui/public/js/arbor-tween.js
[INFO] Exclude: **/src/ui/public/js/jquery.mustache.js
[INFO] Exclude: **/src/ui/public/js/typeahead.jquery.min.js
[INFO] Exclude: **/dependency-reduced-pom.xml
[INFO] Exclude: **/docs/**
[INFO] Exclude: **/.git/**
[INFO] Exclude: **/derby.log
[INFO] Exclude: **/src/dev/**
[INFO] Exclude: **/src/codegen/config.fmpp
[INFO] Exclude: **/src/codegen/data/Parser.tdd
[INFO] Exclude: **/src/test/resources/FixedAvroSerializer.config
[INFO] 3 resources included (use -debug for more details)
Warning:  org.apache.xerces.jaxp.SAXParserImpl$JAXPSAXParser: Property 'http://www.oracle.com/xml/jaxp/properties/entityExpansionLimit' is not recognized.
Compiler warnings:
  WARNING:  'org.apache.xerces.jaxp.SAXParserImpl: Property 'http://javax.xml.XMLConstants/property/accessExternalDTD' is not recognized.'
Warning:  org.apache.xerces.parsers.SAXParser: Feature 'http://javax.xml.XMLConstants/feature/secure-processing' is not recognized.
Warning:  org.apache.xerces.parsers.SAXParser: Property 'http://javax.xml.XMLConstants/property/accessExternalDTD' is not recognized.
Warning:  org.apache.xerces.parsers.SAXParser: Property 'http://www.oracle.com/xml/jaxp/properties/entityExpansionLimit' is not recognized.
[INFO] Rat check: Summary of files. Unapproved: 0 unknown: 0 generated: 0 approved: 3 licence.
[INFO]                                                                         
[INFO] ------------------------------------------------------------------------
[INFO] Building storm-cassandra 1.1.0-SNAPSHOT
[INFO] ------------------------------------------------------------------------
[INFO] 
[INFO] --- maven-remote-resources-plugin:1.2.1:process (default) @ storm-cassandra ---
[INFO] 
[INFO] --- maven-resources-plugin:2.5:resources (default-resources) @ storm-cassandra ---
[debug] execute contextualize
[INFO] Using 'UTF-8' encoding to copy filtered resources.
[INFO] skip non existing resourceDirectory /home/travis/build/apache/storm/external/storm-cassandra/src/main/resources
[INFO] Copying 3 resources
[INFO] 
[INFO] --- maven-compiler-plugin:3.1:compile (default-compile) @ storm-cassandra ---
[INFO] Nothing to compile - all classes are up to date
[INFO] 
[INFO] --- maven-resources-plugin:2.5:testResources (default-testResources) @ storm-cassandra ---
[debug] execute contextualize
[INFO] Using 'UTF-8' encoding to copy filtered resources.
[INFO] Copying 1 resource
[INFO] Copying 3 resources
[INFO] 
[INFO] --- maven-compiler-plugin:3.1:testCompile (default-testCompile) @ storm-cassandra ---
[INFO] Nothing to compile - all classes are up to date
[INFO] 
[INFO] --- maven-surefire-plugin:2.18.1:test (default-test) @ storm-cassandra ---
[INFO] 
[INFO] --- apache-rat-plugin:0.11:check (default) @ storm-cassandra ---
[INFO] 51 implicit excludes (use -debug for more details).
[INFO] Exclude: **/target/**
[INFO] Exclude: **/*.iml
[INFO] Exclude: **/.idea/**
[INFO] Exclude: **/metastore_db/**
[INFO] Exclude: **/build/**
[INFO] Exclude: **/CHANGELOG.md
[INFO] Exclude: **/README.md
[INFO] Exclude: **/README.markdown
[INFO] Exclude: **/DEVELOPER.md
[INFO] Exclude: **/BYLAWS.md
[INFO] Exclude: **/STORM-UI-REST-API.md
[INFO] Exclude: SECURITY.md
[INFO] Exclude: VERSION
[INFO] Exclude: TODO
[INFO] Exclude: **/src/py/**
[INFO] Exclude: **/src/ui/public/js/jquery.dataTables.1.10.4.min.js
[INFO] Exclude: **/src/ui/public/css/jquery.dataTables.1.10.4.min.css
[INFO] Exclude: **/src/ui/public/images/*
[INFO] Exclude: **/src/ui/public/js/bootstrap-3.3.1.min.js
[INFO] Exclude: **/src/ui/public/css/bootstrap-3.3.1.min.css
[INFO] Exclude: **/src/ui/public/js/dataTables.bootstrap.min.js
[INFO] Exclude: **/src/ui/public/css/dataTables.bootstrap.css
[INFO] Exclude: **/src/ui/public/js/jsonFormatter.min.js
[INFO] Exclude: **/src/ui/public/css/jsonFormatter.min.css
[INFO] Exclude: **/src/ui/public/js/jquery-1.11.1.min.js
[INFO] Exclude: **/src/ui/public/js/jquery.cookies.2.2.0.min.js
[INFO] Exclude: **/src/ui/public/js/moment.min.js
[INFO] Exclude: **/src/ui/public/js/jquery.blockUI.min.js
[INFO] Exclude: **/src/ui/public/js/url.min.js
[INFO] Exclude: **/src/ui/public/js/arbor.js
[INFO] Exclude: **/src/ui/public/js/arbor-graphics.js
[INFO] Exclude: **/src/ui/public/js/arbor-tween.js
[INFO] Exclude: **/src/ui/public/js/jquery.mustache.js
[INFO] Exclude: **/src/ui/public/js/typeahead.jquery.min.js
[INFO] Exclude: **/dependency-reduced-pom.xml
[INFO] Exclude: **/docs/**
[INFO] Exclude: **/.git/**
[INFO] Exclude: **/derby.log
[INFO] Exclude: **/src/dev/**
[INFO] Exclude: **/src/codegen/config.fmpp
[INFO] Exclude: **/src/codegen/data/Parser.tdd
[INFO] Exclude: **/src/test/resources/FixedAvroSerializer.config
[INFO] 50 resources included (use -debug for more details)
Warning:  org.apache.xerces.jaxp.SAXParserImpl$JAXPSAXParser: Property 'http://www.oracle.com/xml/jaxp/properties/entityExpansionLimit' is not recognized.
Compiler warnings:
  WARNING:  'org.apache.xerces.jaxp.SAXParserImpl: Property 'http://javax.xml.XMLConstants/property/accessExternalDTD' is not recognized.'
Warning:  org.apache.xerces.parsers.SAXParser: Feature 'http://javax.xml.XMLConstants/feature/secure-processing' is not recognized.
Warning:  org.apache.xerces.parsers.SAXParser: Property 'http://javax.xml.XMLConstants/property/accessExternalDTD' is not recognized.
Warning:  org.apache.xerces.parsers.SAXParser: Property 'http://www.oracle.com/xml/jaxp/properties/entityExpansionLimit' is not recognized.
[INFO] Rat check: Summary of files. Unapproved: 0 unknown: 0 generated: 0 approved: 50 licence.
[INFO]                                                                         
[INFO] ------------------------------------------------------------------------
[INFO] Building storm-mqtt-parent 1.1.0-SNAPSHOT
[INFO] ------------------------------------------------------------------------
[INFO] 
[INFO] --- maven-remote-resources-plugin:1.2.1:process (default) @ storm-mqtt-parent ---
[INFO] 
[INFO] --- apache-rat-plugin:0.11:check (default) @ storm-mqtt-parent ---
[INFO] 51 implicit excludes (use -debug for more details).
[INFO] Exclude: **/target/**
[INFO] Exclude: **/*.iml
[INFO] Exclude: **/.idea/**
[INFO] Exclude: **/metastore_db/**
[INFO] Exclude: **/build/**
[INFO] Exclude: **/CHANGELOG.md
[INFO] Exclude: **/README.md
[INFO] Exclude: **/README.markdown
[INFO] Exclude: **/DEVELOPER.md
[INFO] Exclude: **/BYLAWS.md
[INFO] Exclude: **/STORM-UI-REST-API.md
[INFO] Exclude: SECURITY.md
[INFO] Exclude: VERSION
[INFO] Exclude: TODO
[INFO] Exclude: **/src/py/**
[INFO] Exclude: **/src/ui/public/js/jquery.dataTables.1.10.4.min.js
[INFO] Exclude: **/src/ui/public/css/jquery.dataTables.1.10.4.min.css
[INFO] Exclude: **/src/ui/public/images/*
[INFO] Exclude: **/src/ui/public/js/bootstrap-3.3.1.min.js
[INFO] Exclude: **/src/ui/public/css/bootstrap-3.3.1.min.css
[INFO] Exclude: **/src/ui/public/js/dataTables.bootstrap.min.js
[INFO] Exclude: **/src/ui/public/css/dataTables.bootstrap.css
[INFO] Exclude: **/src/ui/public/js/jsonFormatter.min.js
[INFO] Exclude: **/src/ui/public/css/jsonFormatter.min.css
[INFO] Exclude: **/src/ui/public/js/jquery-1.11.1.min.js
[INFO] Exclude: **/src/ui/public/js/jquery.cookies.2.2.0.min.js
[INFO] Exclude: **/src/ui/public/js/moment.min.js
[INFO] Exclude: **/src/ui/public/js/jquery.blockUI.min.js
[INFO] Exclude: **/src/ui/public/js/url.min.js
[INFO] Exclude: **/src/ui/public/js/arbor.js
[INFO] Exclude: **/src/ui/public/js/arbor-graphics.js
[INFO] Exclude: **/src/ui/public/js/arbor-tween.js
[INFO] Exclude: **/src/ui/public/js/jquery.mustache.js
[INFO] Exclude: **/src/ui/public/js/typeahead.jquery.min.js
[INFO] Exclude: **/dependency-reduced-pom.xml
[INFO] Exclude: **/docs/**
[INFO] Exclude: **/.git/**
[INFO] Exclude: **/derby.log
[INFO] Exclude: **/src/dev/**
[INFO] Exclude: **/src/codegen/config.fmpp
[INFO] Exclude: **/src/codegen/data/Parser.tdd
[INFO] Exclude: **/src/test/resources/FixedAvroSerializer.config
[INFO] 25 resources included (use -debug for more details)
Warning:  org.apache.xerces.jaxp.SAXParserImpl$JAXPSAXParser: Property 'http://www.oracle.com/xml/jaxp/properties/entityExpansionLimit' is not recognized.
Compiler warnings:
  WARNING:  'org.apache.xerces.jaxp.SAXParserImpl: Property 'http://javax.xml.XMLConstants/property/accessExternalDTD' is not recognized.'
Warning:  org.apache.xerces.parsers.SAXParser: Feature 'http://javax.xml.XMLConstants/feature/secure-processing' is not recognized.
Warning:  org.apache.xerces.parsers.SAXParser: Property 'http://javax.xml.XMLConstants/property/accessExternalDTD' is not recognized.
Warning:  org.apache.xerces.parsers.SAXParser: Property 'http://www.oracle.com/xml/jaxp/properties/entityExpansionLimit' is not recognized.
[INFO] Rat check: Summary of files. Unapproved: 0 unknown: 0 generated: 0 approved: 25 licence.
[INFO]                                                                         
[INFO] ------------------------------------------------------------------------
[INFO] Building storm-mqtt 1.1.0-SNAPSHOT
[INFO] ------------------------------------------------------------------------
[INFO] 
[INFO] --- maven-remote-resources-plugin:1.2.1:process (default) @ storm-mqtt ---
[INFO] 
[INFO] --- maven-resources-plugin:2.5:resources (default-resources) @ storm-mqtt ---
[debug] execute contextualize
[INFO] Using 'UTF-8' encoding to copy filtered resources.
[INFO] skip non existing resourceDirectory /home/travis/build/apache/storm/external/storm-mqtt/core/src/main/resources
[INFO] Copying 3 resources
[INFO] 
[INFO] --- maven-compiler-plugin:3.1:compile (default-compile) @ storm-mqtt ---
[INFO] Nothing to compile - all classes are up to date
[INFO] 
[INFO] --- maven-resources-plugin:2.5:testResources (default-testResources) @ storm-mqtt ---
[debug] execute contextualize
[INFO] Using 'UTF-8' encoding to copy filtered resources.
[INFO] skip non existing resourceDirectory /home/travis/build/apache/storm/external/storm-mqtt/core/src/test/resources
[INFO] Copying 3 resources
[INFO] 
[INFO] --- maven-compiler-plugin:3.1:testCompile (default-testCompile) @ storm-mqtt ---
[INFO] Nothing to compile - all classes are up to date
[INFO] 
[INFO] --- maven-surefire-plugin:2.18.1:test (default-test) @ storm-mqtt ---
[WARNING] The parameter forkMode is deprecated since version 2.14. Use forkCount and reuseForks instead.
[INFO] Surefire report directory: /home/travis/build/apache/storm/external/storm-mqtt/core/target/surefire-reports
[INFO] parallel='none', perCoreThreadCount=true, threadCount=0, useUnlimitedThreads=false, threadCountSuites=0, threadCountClasses=0, threadCountMethods=0, parallelOptimized=true

-------------------------------------------------------
 T E S T S
-------------------------------------------------------

Results :

Tests run: 0, Failures: 0, Errors: 0, Skipped: 0

[INFO] 
[INFO] --- apache-rat-plugin:0.11:check (default) @ storm-mqtt ---
[INFO] 51 implicit excludes (use -debug for more details).
[INFO] Exclude: **/target/**
[INFO] Exclude: **/*.iml
[INFO] Exclude: **/.idea/**
[INFO] Exclude: **/metastore_db/**
[INFO] Exclude: **/build/**
[INFO] Exclude: **/CHANGELOG.md
[INFO] Exclude: **/README.md
[INFO] Exclude: **/README.markdown
[INFO] Exclude: **/DEVELOPER.md
[INFO] Exclude: **/BYLAWS.md
[INFO] Exclude: **/STORM-UI-REST-API.md
[INFO] Exclude: SECURITY.md
[INFO] Exclude: VERSION
[INFO] Exclude: TODO
[INFO] Exclude: **/src/py/**
[INFO] Exclude: **/src/ui/public/js/jquery.dataTables.1.10.4.min.js
[INFO] Exclude: **/src/ui/public/css/jquery.dataTables.1.10.4.min.css
[INFO] Exclude: **/src/ui/public/images/*
[INFO] Exclude: **/src/ui/public/js/bootstrap-3.3.1.min.js
[INFO] Exclude: **/src/ui/public/css/bootstrap-3.3.1.min.css
[INFO] Exclude: **/src/ui/public/js/dataTables.bootstrap.min.js
[INFO] Exclude: **/src/ui/public/css/dataTables.bootstrap.css
[INFO] Exclude: **/src/ui/public/js/jsonFormatter.min.js
[INFO] Exclude: **/src/ui/public/css/jsonFormatter.min.css
[INFO] Exclude: **/src/ui/public/js/jquery-1.11.1.min.js
[INFO] Exclude: **/src/ui/public/js/jquery.cookies.2.2.0.min.js
[INFO] Exclude: **/src/ui/public/js/moment.min.js
[INFO] Exclude: **/src/ui/public/js/jquery.blockUI.min.js
[INFO] Exclude: **/src/ui/public/js/url.min.js
[INFO] Exclude: **/src/ui/public/js/arbor.js
[INFO] Exclude: **/src/ui/public/js/arbor-graphics.js
[INFO] Exclude: **/src/ui/public/js/arbor-tween.js
[INFO] Exclude: **/src/ui/public/js/jquery.mustache.js
[INFO] Exclude: **/src/ui/public/js/typeahead.jquery.min.js
[INFO] Exclude: **/dependency-reduced-pom.xml
[INFO] Exclude: **/docs/**
[INFO] Exclude: **/.git/**
[INFO] Exclude: **/derby.log
[INFO] Exclude: **/src/dev/**
[INFO] Exclude: **/src/codegen/config.fmpp
[INFO] Exclude: **/src/codegen/data/Parser.tdd
[INFO] Exclude: **/src/test/resources/FixedAvroSerializer.config
[INFO] 18 resources included (use -debug for more details)
Warning:  org.apache.xerces.jaxp.SAXParserImpl$JAXPSAXParser: Property 'http://www.oracle.com/xml/jaxp/properties/entityExpansionLimit' is not recognized.
Compiler warnings:
  WARNING:  'org.apache.xerces.jaxp.SAXParserImpl: Property 'http://javax.xml.XMLConstants/property/accessExternalDTD' is not recognized.'
Warning:  org.apache.xerces.parsers.SAXParser: Feature 'http://javax.xml.XMLConstants/feature/secure-processing' is not recognized.
Warning:  org.apache.xerces.parsers.SAXParser: Property 'http://javax.xml.XMLConstants/property/accessExternalDTD' is not recognized.
Warning:  org.apache.xerces.parsers.SAXParser: Property 'http://www.oracle.com/xml/jaxp/properties/entityExpansionLimit' is not recognized.
[INFO] Rat check: Summary of files. Unapproved: 0 unknown: 0 generated: 0 approved: 18 licence.
[INFO]                                                                         
[INFO] ------------------------------------------------------------------------
[INFO] Skipping storm-mqtt-examples
[INFO] This project has been banned from the build due to previous failures.
[INFO] ------------------------------------------------------------------------
[INFO]                                                                         
[INFO] ------------------------------------------------------------------------
[INFO] Building storm-mongodb 1.1.0-SNAPSHOT
[INFO] ------------------------------------------------------------------------
[INFO] 
[INFO] --- maven-remote-resources-plugin:1.2.1:process (default) @ storm-mongodb ---
[INFO] 
[INFO] --- maven-resources-plugin:2.5:resources (default-resources) @ storm-mongodb ---
[debug] execute contextualize
[INFO] Using 'UTF-8' encoding to copy filtered resources.
[INFO] skip non existing resourceDirectory /home/travis/build/apache/storm/external/storm-mongodb/src/main/resources
[INFO] Copying 3 resources
[INFO] 
[INFO] --- maven-compiler-plugin:3.1:compile (default-compile) @ storm-mongodb ---
[INFO] Nothing to compile - all classes are up to date
[INFO] 
[INFO] --- maven-resources-plugin:2.5:testResources (default-testResources) @ storm-mongodb ---
[debug] execute contextualize
[INFO] Using 'UTF-8' encoding to copy filtered resources.
[INFO] skip non existing resourceDirectory /home/travis/build/apache/storm/external/storm-mongodb/src/test/resources
[INFO] Copying 3 resources
[INFO] 
[INFO] --- maven-compiler-plugin:3.1:testCompile (default-testCompile) @ storm-mongodb ---
[INFO] Nothing to compile - all classes are up to date
[INFO] 
[INFO] --- maven-surefire-plugin:2.18.1:test (default-test) @ storm-mongodb ---
[INFO] 
[INFO] --- apache-rat-plugin:0.11:check (default) @ storm-mongodb ---
[INFO] 51 implicit excludes (use -debug for more details).
[INFO] Exclude: **/target/**
[INFO] Exclude: **/*.iml
[INFO] Exclude: **/.idea/**
[INFO] Exclude: **/metastore_db/**
[INFO] Exclude: **/build/**
[INFO] Exclude: **/CHANGELOG.md
[INFO] Exclude: **/README.md
[INFO] Exclude: **/README.markdown
[INFO] Exclude: **/DEVELOPER.md
[INFO] Exclude: **/BYLAWS.md
[INFO] Exclude: **/STORM-UI-REST-API.md
[INFO] Exclude: SECURITY.md
[INFO] Exclude: VERSION
[INFO] Exclude: TODO
[INFO] Exclude: **/src/py/**
[INFO] Exclude: **/src/ui/public/js/jquery.dataTables.1.10.4.min.js
[INFO] Exclude: **/src/ui/public/css/jquery.dataTables.1.10.4.min.css
[INFO] Exclude: **/src/ui/public/images/*
[INFO] Exclude: **/src/ui/public/js/bootstrap-3.3.1.min.js
[INFO] Exclude: **/src/ui/public/css/bootstrap-3.3.1.min.css
[INFO] Exclude: **/src/ui/public/js/dataTables.bootstrap.min.js
[INFO] Exclude: **/src/ui/public/css/dataTables.bootstrap.css
[INFO] Exclude: **/src/ui/public/js/jsonFormatter.min.js
[INFO] Exclude: **/src/ui/public/css/jsonFormatter.min.css
[INFO] Exclude: **/src/ui/public/js/jquery-1.11.1.min.js
[INFO] Exclude: **/src/ui/public/js/jquery.cookies.2.2.0.min.js
[INFO] Exclude: **/src/ui/public/js/moment.min.js
[INFO] Exclude: **/src/ui/public/js/jquery.blockUI.min.js
[INFO] Exclude: **/src/ui/public/js/url.min.js
[INFO] Exclude: **/src/ui/public/js/arbor.js
[INFO] Exclude: **/src/ui/public/js/arbor-graphics.js
[INFO] Exclude: **/src/ui/public/js/arbor-tween.js
[INFO] Exclude: **/src/ui/public/js/jquery.mustache.js
[INFO] Exclude: **/src/ui/public/js/typeahead.jquery.min.js
[INFO] Exclude: **/dependency-reduced-pom.xml
[INFO] Exclude: **/docs/**
[INFO] Exclude: **/.git/**
[INFO] Exclude: **/derby.log
[INFO] Exclude: **/src/dev/**
[INFO] Exclude: **/src/codegen/config.fmpp
[INFO] Exclude: **/src/codegen/data/Parser.tdd
[INFO] Exclude: **/src/test/resources/FixedAvroSerializer.config
[INFO] 18 resources included (use -debug for more details)
Warning:  org.apache.xerces.jaxp.SAXParserImpl$JAXPSAXParser: Property 'http://www.oracle.com/xml/jaxp/properties/entityExpansionLimit' is not recognized.
Compiler warnings:
  WARNING:  'org.apache.xerces.jaxp.SAXParserImpl: Property 'http://javax.xml.XMLConstants/property/accessExternalDTD' is not recognized.'
Warning:  org.apache.xerces.parsers.SAXParser: Feature 'http://javax.xml.XMLConstants/feature/secure-processing' is not recognized.
Warning:  org.apache.xerces.parsers.SAXParser: Property 'http://javax.xml.XMLConstants/property/accessExternalDTD' is not recognized.
Warning:  org.apache.xerces.parsers.SAXParser: Property 'http://www.oracle.com/xml/jaxp/properties/entityExpansionLimit' is not recognized.
[INFO] Rat check: Summary of files. Unapproved: 0 unknown: 0 generated: 0 approved: 18 licence.
[INFO]                                                                         
[INFO] ------------------------------------------------------------------------
[INFO] Skipping storm-starter
[INFO] This project has been banned from the build due to previous failures.
[INFO] ------------------------------------------------------------------------
[INFO]                                                                         
[INFO] ------------------------------------------------------------------------
[INFO] Building storm-kafka-client 1.1.0-SNAPSHOT
[INFO] ------------------------------------------------------------------------
[INFO] 
[INFO] --- maven-remote-resources-plugin:1.2.1:process (default) @ storm-kafka-client ---
[INFO] 
[INFO] --- maven-resources-plugin:2.5:resources (default-resources) @ storm-kafka-client ---
[debug] execute contextualize
[INFO] Using 'UTF-8' encoding to copy filtered resources.
[INFO] skip non existing resourceDirectory /home/travis/build/apache/storm/external/storm-kafka-client/src/main/resources
[INFO] Copying 3 resources
[INFO] 
[INFO] --- maven-compiler-plugin:3.1:compile (default-compile) @ storm-kafka-client ---
[INFO] Nothing to compile - all classes are up to date
[INFO] 
[INFO] --- maven-resources-plugin:2.5:testResources (default-testResources) @ storm-kafka-client ---
[debug] execute contextualize
[INFO] Using 'UTF-8' encoding to copy filtered resources.
[INFO] skip non existing resourceDirectory /home/travis/build/apache/storm/external/storm-kafka-client/src/test/resources
[INFO] Copying 3 resources
[INFO] 
[INFO] --- maven-compiler-plugin:3.1:testCompile (default-testCompile) @ storm-kafka-client ---
[INFO] Nothing to compile - all classes are up to date
[INFO] 
[INFO] --- maven-surefire-plugin:2.18.1:test (default-test) @ storm-kafka-client ---
[INFO] 
[INFO] --- apache-rat-plugin:0.11:check (default) @ storm-kafka-client ---
[INFO] 51 implicit excludes (use -debug for more details).
[INFO] Exclude: **/target/**
[INFO] Exclude: **/*.iml
[INFO] Exclude: **/.idea/**
[INFO] Exclude: **/metastore_db/**
[INFO] Exclude: **/build/**
[INFO] Exclude: **/CHANGELOG.md
[INFO] Exclude: **/README.md
[INFO] Exclude: **/README.markdown
[INFO] Exclude: **/DEVELOPER.md
[INFO] Exclude: **/BYLAWS.md
[INFO] Exclude: **/STORM-UI-REST-API.md
[INFO] Exclude: SECURITY.md
[INFO] Exclude: VERSION
[INFO] Exclude: TODO
[INFO] Exclude: **/src/py/**
[INFO] Exclude: **/src/ui/public/js/jquery.dataTables.1.10.4.min.js
[INFO] Exclude: **/src/ui/public/css/jquery.dataTables.1.10.4.min.css
[INFO] Exclude: **/src/ui/public/images/*
[INFO] Exclude: **/src/ui/public/js/bootstrap-3.3.1.min.js
[INFO] Exclude: **/src/ui/public/css/bootstrap-3.3.1.min.css
[INFO] Exclude: **/src/ui/public/js/dataTables.bootstrap.min.js
[INFO] Exclude: **/src/ui/public/css/dataTables.bootstrap.css
[INFO] Exclude: **/src/ui/public/js/jsonFormatter.min.js
[INFO] Exclude: **/src/ui/public/css/jsonFormatter.min.css
[INFO] Exclude: **/src/ui/public/js/jquery-1.11.1.min.js
[INFO] Exclude: **/src/ui/public/js/jquery.cookies.2.2.0.min.js
[INFO] Exclude: **/src/ui/public/js/moment.min.js
[INFO] Exclude: **/src/ui/public/js/jquery.blockUI.min.js
[INFO] Exclude: **/src/ui/public/js/url.min.js
[INFO] Exclude: **/src/ui/public/js/arbor.js
[INFO] Exclude: **/src/ui/public/js/arbor-graphics.js
[INFO] Exclude: **/src/ui/public/js/arbor-tween.js
[INFO] Exclude: **/src/ui/public/js/jquery.mustache.js
[INFO] Exclude: **/src/ui/public/js/typeahead.jquery.min.js
[INFO] Exclude: **/dependency-reduced-pom.xml
[INFO] Exclude: **/docs/**
[INFO] Exclude: **/.git/**
[INFO] Exclude: **/derby.log
[INFO] Exclude: **/src/dev/**
[INFO] Exclude: **/src/codegen/config.fmpp
[INFO] Exclude: **/src/codegen/data/Parser.tdd
[INFO] Exclude: **/src/test/resources/FixedAvroSerializer.config
[INFO] 19 resources included (use -debug for more details)
Warning:  org.apache.xerces.jaxp.SAXParserImpl$JAXPSAXParser: Property 'http://www.oracle.com/xml/jaxp/properties/entityExpansionLimit' is not recognized.
Compiler warnings:
  WARNING:  'org.apache.xerces.jaxp.SAXParserImpl: Property 'http://javax.xml.XMLConstants/property/accessExternalDTD' is not recognized.'
Warning:  org.apache.xerces.parsers.SAXParser: Feature 'http://javax.xml.XMLConstants/feature/secure-processing' is not recognized.
Warning:  org.apache.xerces.parsers.SAXParser: Property 'http://javax.xml.XMLConstants/property/accessExternalDTD' is not recognized.
Warning:  org.apache.xerces.parsers.SAXParser: Property 'http://www.oracle.com/xml/jaxp/properties/entityExpansionLimit' is not recognized.
[INFO] Rat check: Summary of files. Unapproved: 0 unknown: 0 generated: 0 approved: 19 licence.
[INFO]                                                                         
[INFO] ------------------------------------------------------------------------
[INFO] Building storm-opentsdb 1.1.0-SNAPSHOT
[INFO] ------------------------------------------------------------------------
[INFO] 
[INFO] --- maven-remote-resources-plugin:1.2.1:process (default) @ storm-opentsdb ---
[INFO] 
[INFO] --- maven-resources-plugin:2.5:resources (default-resources) @ storm-opentsdb ---
[debug] execute contextualize
[INFO] Using 'UTF-8' encoding to copy filtered resources.
[INFO] skip non existing resourceDirectory /home/travis/build/apache/storm/external/storm-opentsdb/src/main/resources
[INFO] Copying 3 resources
[INFO] 
[INFO] --- maven-compiler-plugin:3.1:compile (default-compile) @ storm-opentsdb ---
[INFO] Nothing to compile - all classes are up to date
[INFO] 
[INFO] --- maven-resources-plugin:2.5:testResources (default-testResources) @ storm-opentsdb ---
[debug] execute contextualize
[INFO] Using 'UTF-8' encoding to copy filtered resources.
[INFO] skip non existing resourceDirectory /home/travis/build/apache/storm/external/storm-opentsdb/src/test/resources
[INFO] Copying 3 resources
[INFO] 
[INFO] --- maven-compiler-plugin:3.1:testCompile (default-testCompile) @ storm-opentsdb ---
[INFO] Nothing to compile - all classes are up to date
[INFO] 
[INFO] --- maven-surefire-plugin:2.18.1:test (default-test) @ storm-opentsdb ---
[INFO] 
[INFO] --- apache-rat-plugin:0.11:check (default) @ storm-opentsdb ---
[INFO] 51 implicit excludes (use -debug for more details).
[INFO] Exclude: **/target/**
[INFO] Exclude: **/*.iml
[INFO] Exclude: **/.idea/**
[INFO] Exclude: **/metastore_db/**
[INFO] Exclude: **/build/**
[INFO] Exclude: **/CHANGELOG.md
[INFO] Exclude: **/README.md
[INFO] Exclude: **/README.markdown
[INFO] Exclude: **/DEVELOPER.md
[INFO] Exclude: **/BYLAWS.md
[INFO] Exclude: **/STORM-UI-REST-API.md
[INFO] Exclude: SECURITY.md
[INFO] Exclude: VERSION
[INFO] Exclude: TODO
[INFO] Exclude: **/src/py/**
[INFO] Exclude: **/src/ui/public/js/jquery.dataTables.1.10.4.min.js
[INFO] Exclude: **/src/ui/public/css/jquery.dataTables.1.10.4.min.css
[INFO] Exclude: **/src/ui/public/images/*
[INFO] Exclude: **/src/ui/public/js/bootstrap-3.3.1.min.js
[INFO] Exclude: **/src/ui/public/css/bootstrap-3.3.1.min.css
[INFO] Exclude: **/src/ui/public/js/dataTables.bootstrap.min.js
[INFO] Exclude: **/src/ui/public/css/dataTables.bootstrap.css
[INFO] Exclude: **/src/ui/public/js/jsonFormatter.min.js
[INFO] Exclude: **/src/ui/public/css/jsonFormatter.min.css
[INFO] Exclude: **/src/ui/public/js/jquery-1.11.1.min.js
[INFO] Exclude: **/src/ui/public/js/jquery.cookies.2.2.0.min.js
[INFO] Exclude: **/src/ui/public/js/moment.min.js
[INFO] Exclude: **/src/ui/public/js/jquery.blockUI.min.js
[INFO] Exclude: **/src/ui/public/js/url.min.js
[INFO] Exclude: **/src/ui/public/js/arbor.js
[INFO] Exclude: **/src/ui/public/js/arbor-graphics.js
[INFO] Exclude: **/src/ui/public/js/arbor-tween.js
[INFO] Exclude: **/src/ui/public/js/jquery.mustache.js
[INFO] Exclude: **/src/ui/public/js/typeahead.jquery.min.js
[INFO] Exclude: **/dependency-reduced-pom.xml
[INFO] Exclude: **/docs/**
[INFO] Exclude: **/.git/**
[INFO] Exclude: **/derby.log
[INFO] Exclude: **/src/dev/**
[INFO] Exclude: **/src/codegen/config.fmpp
[INFO] Exclude: **/src/codegen/data/Parser.tdd
[INFO] Exclude: **/src/test/resources/FixedAvroSerializer.config
[INFO] 14 resources included (use -debug for more details)
Warning:  org.apache.xerces.jaxp.SAXParserImpl$JAXPSAXParser: Property 'http://www.oracle.com/xml/jaxp/properties/entityExpansionLimit' is not recognized.
Compiler warnings:
  WARNING:  'org.apache.xerces.jaxp.SAXParserImpl: Property 'http://javax.xml.XMLConstants/property/accessExternalDTD' is not recognized.'
Warning:  org.apache.xerces.parsers.SAXParser: Feature 'http://javax.xml.XMLConstants/feature/secure-processing' is not recognized.
Warning:  org.apache.xerces.parsers.SAXParser: Property 'http://javax.xml.XMLConstants/property/accessExternalDTD' is not recognized.
Warning:  org.apache.xerces.parsers.SAXParser: Property 'http://www.oracle.com/xml/jaxp/properties/entityExpansionLimit' is not recognized.
[INFO] Rat check: Summary of files. Unapproved: 0 unknown: 0 generated: 0 approved: 14 licence.
[INFO]                                                                         
[INFO] ------------------------------------------------------------------------
[INFO] Building storm-kafka-monitor 1.1.0-SNAPSHOT
[INFO] ------------------------------------------------------------------------
[INFO] 
[INFO] --- maven-remote-resources-plugin:1.2.1:process (default) @ storm-kafka-monitor ---
[INFO] 
[INFO] --- maven-resources-plugin:2.5:resources (default-resources) @ storm-kafka-monitor ---
[debug] execute contextualize
[INFO] Using 'UTF-8' encoding to copy filtered resources.
[INFO] skip non existing resourceDirectory /home/travis/build/apache/storm/external/storm-kafka-monitor/src/main/resources
[INFO] Copying 3 resources
[INFO] 
[INFO] --- maven-compiler-plugin:3.1:compile (default-compile) @ storm-kafka-monitor ---
[INFO] Nothing to compile - all classes are up to date
[INFO] 
[INFO] --- maven-resources-plugin:2.5:testResources (default-testResources) @ storm-kafka-monitor ---
[debug] execute contextualize
[INFO] Using 'UTF-8' encoding to copy filtered resources.
[INFO] skip non existing resourceDirectory /home/travis/build/apache/storm/external/storm-kafka-monitor/src/test/resources
[INFO] Copying 3 resources
[INFO] 
[INFO] --- maven-compiler-plugin:3.1:testCompile (default-testCompile) @ storm-kafka-monitor ---
[INFO] No sources to compile
[INFO] 
[INFO] --- maven-surefire-plugin:2.18.1:test (default-test) @ storm-kafka-monitor ---
[INFO] 
[INFO] --- apache-rat-plugin:0.11:check (default) @ storm-kafka-monitor ---
[INFO] 51 implicit excludes (use -debug for more details).
[INFO] Exclude: **/target/**
[INFO] Exclude: **/*.iml
[INFO] Exclude: **/.idea/**
[INFO] Exclude: **/metastore_db/**
[INFO] Exclude: **/build/**
[INFO] Exclude: **/CHANGELOG.md
[INFO] Exclude: **/README.md
[INFO] Exclude: **/README.markdown
[INFO] Exclude: **/DEVELOPER.md
[INFO] Exclude: **/BYLAWS.md
[INFO] Exclude: **/STORM-UI-REST-API.md
[INFO] Exclude: SECURITY.md
[INFO] Exclude: VERSION
[INFO] Exclude: TODO
[INFO] Exclude: **/src/py/**
[INFO] Exclude: **/src/ui/public/js/jquery.dataTables.1.10.4.min.js
[INFO] Exclude: **/src/ui/public/css/jquery.dataTables.1.10.4.min.css
[INFO] Exclude: **/src/ui/public/images/*
[INFO] Exclude: **/src/ui/public/js/bootstrap-3.3.1.min.js
[INFO] Exclude: **/src/ui/public/css/bootstrap-3.3.1.min.css
[INFO] Exclude: **/src/ui/public/js/dataTables.bootstrap.min.js
[INFO] Exclude: **/src/ui/public/css/dataTables.bootstrap.css
[INFO] Exclude: **/src/ui/public/js/jsonFormatter.min.js
[INFO] Exclude: **/src/ui/public/css/jsonFormatter.min.css
[INFO] Exclude: **/src/ui/public/js/jquery-1.11.1.min.js
[INFO] Exclude: **/src/ui/public/js/jquery.cookies.2.2.0.min.js
[INFO] Exclude: **/src/ui/public/js/moment.min.js
[INFO] Exclude: **/src/ui/public/js/jquery.blockUI.min.js
[INFO] Exclude: **/src/ui/public/js/url.min.js
[INFO] Exclude: **/src/ui/public/js/arbor.js
[INFO] Exclude: **/src/ui/public/js/arbor-graphics.js
[INFO] Exclude: **/src/ui/public/js/arbor-tween.js
[INFO] Exclude: **/src/ui/public/js/jquery.mustache.js
[INFO] Exclude: **/src/ui/public/js/typeahead.jquery.min.js
[INFO] Exclude: **/dependency-reduced-pom.xml
[INFO] Exclude: **/docs/**
[INFO] Exclude: **/.git/**
[INFO] Exclude: **/derby.log
[INFO] Exclude: **/src/dev/**
[INFO] Exclude: **/src/codegen/config.fmpp
[INFO] Exclude: **/src/codegen/data/Parser.tdd
[INFO] Exclude: **/src/test/resources/FixedAvroSerializer.config
[INFO] 5 resources included (use -debug for more details)
Warning:  org.apache.xerces.jaxp.SAXParserImpl$JAXPSAXParser: Property 'http://www.oracle.com/xml/jaxp/properties/entityExpansionLimit' is not recognized.
Compiler warnings:
  WARNING:  'org.apache.xerces.jaxp.SAXParserImpl: Property 'http://javax.xml.XMLConstants/property/accessExternalDTD' is not recognized.'
Warning:  org.apache.xerces.parsers.SAXParser: Feature 'http://javax.xml.XMLConstants/feature/secure-processing' is not recognized.
Warning:  org.apache.xerces.parsers.SAXParser: Property 'http://javax.xml.XMLConstants/property/accessExternalDTD' is not recognized.
Warning:  org.apache.xerces.parsers.SAXParser: Property 'http://www.oracle.com/xml/jaxp/properties/entityExpansionLimit' is not recognized.
[INFO] Rat check: Summary of files. Unapproved: 0 unknown: 0 generated: 0 approved: 5 licence.
[INFO] ------------------------------------------------------------------------
[INFO] Reactor Summary:
[INFO] 
[INFO] Storm .............................................. SUCCESS [  5.987 s]
[INFO] multilang-javascript ............................... SUCCESS [  1.013 s]
[INFO] multilang-python ................................... SUCCESS [  0.087 s]
[INFO] multilang-ruby ..................................... SUCCESS [  0.581 s]
[INFO] maven-shade-clojure-transformer .................... SUCCESS [  1.559 s]
[INFO] storm-maven-plugins ................................ SUCCESS [  3.812 s]
[INFO] storm-rename-hack .................................. SUCCESS [  1.214 s]
[INFO] storm-kafka ........................................ FAILURE [01:13 min]
[INFO] storm-hdfs ......................................... SUCCESS [01:45 min]
[INFO] storm-hbase ........................................ SUCCESS [  5.216 s]
[INFO] storm-hive ......................................... SUCCESS [ 51.464 s]
[INFO] storm-jdbc ......................................... SUCCESS [  2.516 s]
[INFO] storm-redis ........................................ SUCCESS [  2.313 s]
[INFO] storm-eventhubs .................................... SUCCESS [  3.361 s]
[INFO] flux ............................................... SUCCESS [  0.176 s]
[INFO] flux-wrappers ...................................... SUCCESS [  0.295 s]
[INFO] flux-core .......................................... SKIPPED
[INFO] flux-examples ...................................... SKIPPED
[INFO] storm-sql-runtime .................................. SUCCESS [  0.694 s]
[INFO] storm-sql-core ..................................... SUCCESS [ 53.524 s]
[INFO] storm-sql-kafka .................................... SKIPPED
[INFO] sql ................................................ SUCCESS [  0.122 s]
[INFO] storm-elasticsearch ................................ SUCCESS [  5.551 s]
[INFO] storm-solr ......................................... SUCCESS [  3.741 s]
[INFO] storm-metrics ...................................... SUCCESS [  0.868 s]
[INFO] storm-cassandra .................................... SUCCESS [  0.628 s]
[INFO] storm-mqtt-parent .................................. SUCCESS [  0.109 s]
[INFO] storm-mqtt ......................................... SUCCESS [  1.031 s]
[INFO] storm-mqtt-examples ................................ SKIPPED
[INFO] storm-mongodb ...................................... SUCCESS [  0.123 s]
[INFO] storm-starter ...................................... SKIPPED
[INFO] storm-kafka-client ................................. SUCCESS [  0.117 s]
[INFO] storm-opentsdb ..................................... SUCCESS [  1.750 s]
[INFO] storm-kafka-monitor ................................ SUCCESS [  0.261 s]
[INFO] ------------------------------------------------------------------------
[INFO] BUILD FAILURE
[INFO] ------------------------------------------------------------------------
[INFO] Total time: 05:29 min
[INFO] Finished at: 2016-07-10T20:52:13+00:00
[INFO] Final Memory: 82M/438M
[INFO] ------------------------------------------------------------------------
[WARNING] The requested profile "native" could not be activated because it does not exist.
[ERROR] Failed to execute goal org.apache.maven.plugins:maven-surefire-plugin:2.18.1:test (default-test) on project storm-kafka: There are test failures.
[ERROR] 
[ERROR] Please refer to /home/travis/build/apache/storm/external/storm-kafka/target/surefire-reports for the individual test results.
[ERROR] -> [Help 1]
[ERROR] 
[ERROR] To see the full stack trace of the errors, re-run Maven with the -e switch.
[ERROR] Re-run Maven using the -X switch to enable full debug logging.
[ERROR] 
[ERROR] For more information about the errors and possible solutions, please read the following articles:
[ERROR] [Help 1] http://cwiki.apache.org/confluence/display/MAVEN/MojoFailureException
[ERROR] 
[ERROR] After correcting the problems, you can resume the build with the command
[ERROR]   mvn <goals> -rf :storm-kafka
Looking for errors in ./external/sql/storm-sql-core/target/surefire-reports
Checking ./external/sql/storm-sql-core/target/surefire-reports/TEST-org.apache.storm.sql.parser.TestSqlParser.xml
Checking ./external/sql/storm-sql-core/target/surefire-reports/TEST-org.apache.storm.sql.compiler.backends.trident.TestPlanCompiler.xml
Checking ./external/sql/storm-sql-core/target/surefire-reports/TEST-org.apache.storm.sql.compiler.backends.standalone.TestPlanCompiler.xml
Checking ./external/sql/storm-sql-core/target/surefire-reports/TEST-org.apache.storm.sql.compiler.backends.standalone.TestRelNodeCompiler.xml
Checking ./external/sql/storm-sql-core/target/surefire-reports/TEST-org.apache.storm.sql.compiler.TestExprCompiler.xml
Checking ./external/sql/storm-sql-core/target/surefire-reports/TEST-org.apache.storm.sql.compiler.TestExprSemantic.xml
Checking ./external/sql/storm-sql-core/target/surefire-reports/TEST-org.apache.storm.sql.TestStormSql.xml
Looking for errors in ./external/storm-elasticsearch/target/surefire-reports
Checking ./external/storm-elasticsearch/target/surefire-reports/TEST-org.apache.storm.elasticsearch.common.TransportAddressesTest.xml
Checking ./external/storm-elasticsearch/target/surefire-reports/TEST-org.apache.storm.elasticsearch.common.EsConfigTest.xml
Checking ./external/storm-elasticsearch/target/surefire-reports/TEST-org.apache.storm.elasticsearch.bolt.EsLookupBoltTest.xml
Checking ./external/storm-elasticsearch/target/surefire-reports/TEST-org.apache.storm.elasticsearch.trident.EsStateFactoryTest.xml
Looking for errors in ./external/storm-eventhubs/target/surefire-reports
Checking ./external/storm-eventhubs/target/surefire-reports/TEST-org.apache.storm.eventhubs.trident.TestTransactionalTridentEmitter.xml
Checking ./external/storm-eventhubs/target/surefire-reports/TEST-org.apache.storm.eventhubs.spout.TestPartitionManager.xml
Checking ./external/storm-eventhubs/target/surefire-reports/TEST-org.apache.storm.eventhubs.spout.TestEventData.xml
Checking ./external/storm-eventhubs/target/surefire-reports/TEST-org.apache.storm.eventhubs.spout.TestEventHubSpout.xml
Looking for errors in ./external/storm-hdfs/target/surefire-reports
Checking ./external/storm-hdfs/target/surefire-reports/TEST-org.apache.storm.hdfs.bolt.TestHdfsBolt.xml
Checking ./external/storm-hdfs/target/surefire-reports/TEST-org.apache.storm.hdfs.bolt.TestSequenceFileBolt.xml
Checking ./external/storm-hdfs/target/surefire-reports/TEST-org.apache.storm.hdfs.bolt.AvroGenericRecordBoltTest.xml
Checking ./external/storm-hdfs/target/surefire-reports/TEST-org.apache.storm.hdfs.bolt.format.TestSimpleFileNameFormat.xml
Checking ./external/storm-hdfs/target/surefire-reports/TEST-org.apache.storm.hdfs.spout.TestDirLock.xml
Checking ./external/storm-hdfs/target/surefire-reports/TEST-org.apache.storm.hdfs.spout.TestHdfsSemantics.xml
Checking ./external/storm-hdfs/target/surefire-reports/TEST-org.apache.storm.hdfs.spout.TestHdfsSpout.xml
Checking ./external/storm-hdfs/target/surefire-reports/TEST-org.apache.storm.hdfs.spout.TestProgressTracker.xml
Checking ./external/storm-hdfs/target/surefire-reports/TEST-org.apache.storm.hdfs.spout.TestFileLock.xml
Checking ./external/storm-hdfs/target/surefire-reports/TEST-org.apache.storm.hdfs.trident.format.TestSimpleFileNameFormat.xml
Checking ./external/storm-hdfs/target/surefire-reports/TEST-org.apache.storm.hdfs.trident.HdfsStateTest.xml
Checking ./external/storm-hdfs/target/surefire-reports/TEST-org.apache.storm.hdfs.blobstore.BlobStoreTest.xml
Checking ./external/storm-hdfs/target/surefire-reports/TEST-org.apache.storm.hdfs.blobstore.HdfsBlobStoreImplTest.xml
Checking ./external/storm-hdfs/target/surefire-reports/TEST-org.apache.storm.hdfs.avro.TestFixedAvroSerializer.xml
Checking ./external/storm-hdfs/target/surefire-reports/TEST-org.apache.storm.hdfs.avro.TestGenericAvroSerializer.xml
Looking for errors in ./external/storm-hive/target/surefire-reports
Checking ./external/storm-hive/target/surefire-reports/TEST-org.apache.storm.hive.bolt.TestHiveBolt.xml
Checking ./external/storm-hive/target/surefire-reports/TEST-org.apache.storm.hive.common.TestHiveWriter.xml
Looking for errors in ./external/storm-jdbc/target/surefire-reports
Checking ./external/storm-jdbc/target/surefire-reports/TEST-org.apache.storm.jdbc.bolt.JdbcInsertBoltTest.xml
Checking ./external/storm-jdbc/target/surefire-reports/TEST-org.apache.storm.jdbc.bolt.JdbcLookupBoltTest.xml
Checking ./external/storm-jdbc/target/surefire-reports/TEST-org.apache.storm.jdbc.common.UtilTest.xml
Checking ./external/storm-jdbc/target/surefire-reports/TEST-org.apache.storm.jdbc.common.JdbcClientTest.xml
Looking for errors in ./external/storm-kafka/target/surefire-reports
Checking ./external/storm-kafka/target/surefire-reports/TEST-org.apache.storm.kafka.KafkaErrorTest.xml
Checking ./external/storm-kafka/target/surefire-reports/TEST-org.apache.storm.kafka.KafkaUtilsTest.xml
--------------------------------------------------
classname: org.apache.storm.kafka.KafkaUtilsTest / testname: generateTuplesWithKeyAndKeyValueScheme
java.lang.AssertionError: org.apache.kafka.common.errors.TimeoutException: Failed to update metadata after 1000 ms.
	at org.junit.Assert.fail(Assert.java:88)
	at org.apache.storm.kafka.KafkaUtilsTest.createTopicAndSendMessage(KafkaUtilsTest.java:246)
	at org.apache.storm.kafka.KafkaUtilsTest.generateTuplesWithKeyAndKeyValueScheme(KafkaUtilsTest.java:150)

-------------------- system-out --------------------
6769 [main] INFO  o.a.c.f.i.CuratorFrameworkImpl - Starting
6771 [main] INFO  k.u.VerifiableProperties - Verifying properties
6772 [main] INFO  k.u.VerifiableProperties - Property broker.id is overridden to 0
6772 [main] INFO  k.u.VerifiableProperties - Property log.dirs is overridden to /tmp/kafka/logs/kafka-test-50710
6772 [main] INFO  k.u.VerifiableProperties - Property port is overridden to 50710
6772 [main] INFO  k.u.VerifiableProperties - Property zookeeper.connect is overridden to 127.0.0.1:53400
6773 [main] INFO  k.s.KafkaServer - [Kafka Server 0], starting
6773 [main] INFO  k.s.KafkaServer - [Kafka Server 0], Connecting to zookeeper on 127.0.0.1:53400
6773 [main-EventThread] INFO  o.a.c.f.s.ConnectionStateManager - State change: CONNECTED
6773 [ZkClient-EventThread-92-127.0.0.1:53400] INFO  o.I.z.ZkEventThread - Starting ZkClient event thread.
6776 [main-EventThread] INFO  o.I.z.ZkClient - zookeeper state changed (SyncConnected)
6808 [main] INFO  k.l.LogManager - Log directory '/tmp/kafka/logs/kafka-test-50710' not found, creating it.
6809 [main] INFO  k.l.LogManager - Loading logs.
6809 [main] INFO  k.l.LogManager - Logs loading complete.
6810 [main] INFO  k.l.LogManager - Starting log cleanup with a period of 300000 ms.
6810 [main] INFO  k.l.LogManager - Starting log flusher with a default period of 9223372036854775807 ms.
6814 [main] INFO  k.n.Acceptor - Awaiting socket connections on 0.0.0.0:50710.
6814 [main] INFO  k.n.SocketServer - [Socket Server on Broker 0], Started
6820 [main] INFO  k.u.Mx4jLoader$ - Will not load MX4J, mx4j-tools.jar is not in the classpath
6821 [main] INFO  k.c.KafkaController - [Controller 0]: Controller starting up
6856 [main] INFO  k.s.ZookeeperLeaderElector - 0 successfully elected as leader
6856 [main] INFO  k.c.KafkaController - [Controller 0]: Broker 0 starting become controller state transition
6860 [main] INFO  k.c.KafkaController - [Controller 0]: Controller 0 incremented epoch to 1
6865 [main] INFO  k.c.KafkaController - [Controller 0]: Partitions undergoing preferred replica election: 
6865 [main] INFO  k.c.KafkaController - [Controller 0]: Partitions that completed preferred replica election: 
6865 [main] INFO  k.c.KafkaController - [Controller 0]: Resuming preferred replica election for partitions: 
6866 [main] INFO  k.c.KafkaController - [Controller 0]: Partitions being reassigned: Map()
6866 [main] INFO  k.c.KafkaController - [Controller 0]: Partitions already reassigned: List()
6866 [main] INFO  k.c.KafkaController - [Controller 0]: Resuming reassignment of partitions: Map()
6867 [main] INFO  k.c.KafkaController - [Controller 0]: List of topics to be deleted: 
6867 [main] INFO  k.c.KafkaController - [Controller 0]: List of topics ineligible for deletion: 
6867 [main] INFO  k.c.KafkaController - [Controller 0]: Currently active brokers in the cluster: Set()
6868 [main] INFO  k.c.KafkaController - [Controller 0]: Currently shutting brokers in the cluster: Set()
6868 [main] INFO  k.c.KafkaController - [Controller 0]: Current list of topics in the cluster: Set()
6868 [main] INFO  k.c.ReplicaStateMachine - [Replica state machine on controller 0]: Started replica state machine with initial state -> Map()
6868 [main] INFO  k.c.PartitionStateMachine - [Partition state machine on Controller 0]: Started partition state machine with initial state -> Map()
6868 [main] INFO  k.c.KafkaController - [Controller 0]: Broker 0 is ready to serve as the new controller with epoch 1
6868 [main] INFO  k.c.KafkaController - [Controller 0]: Starting preferred replica leader election for partitions 
6868 [main] INFO  k.c.PartitionStateMachine - [Partition state machine on Controller 0]: Invoking state change to OnlinePartition for partitions 
6870 [main] INFO  k.c.KafkaController - [Controller 0]: starting the partition rebalance scheduler
6871 [main] INFO  k.c.KafkaController - [Controller 0]: Controller startup complete
6874 [ZkClient-EventThread-92-127.0.0.1:53400] INFO  k.s.ZookeeperLeaderElector$LeaderChangeListener - New leader is 0
6877 [main] INFO  k.u.ZkUtils$ - Registered broker 0 at path /brokers/ids/0 with address testing-worker-linux-docker-43bb0bbb-3382-linux-3.prod.travis-ci.org:50710.
6877 [main] INFO  k.s.KafkaServer - [Kafka Server 0], started
6878 [ZkClient-EventThread-92-127.0.0.1:53400] INFO  k.c.ReplicaStateMachine$BrokerChangeListener - [BrokerChangeListener on Controller 0]: Broker change listener fired for path /brokers/ids with children 0
6889 [main] INFO  o.a.k.c.p.ProducerConfig - ProducerConfig values: 
	value.serializer = class org.apache.kafka.common.serialization.StringSerializer
	key.serializer = class org.apache.kafka.common.serialization.StringSerializer
	block.on.buffer.full = true
	retry.backoff.ms = 100
	buffer.memory = 33554432
	batch.size = 16384
	metrics.sample.window.ms = 30000
	metadata.max.age.ms = 300000
	receive.buffer.bytes = 32768
	timeout.ms = 30000
	max.in.flight.requests.per.connection = 5
	bootstrap.servers = [localhost:50710]
	metric.reporters = []
	client.id = 
	compression.type = none
	retries = 0
	max.request.size = 1048576
	send.buffer.bytes = 131072
	acks = 1
	reconnect.backoff.ms = 10
	linger.ms = 0
	metrics.num.samples = 2
	metadata.fetch.timeout.ms = 1000

6895 [ZkClient-EventThread-92-127.0.0.1:53400] INFO  k.c.ReplicaStateMachine$BrokerChangeListener - [BrokerChangeListener on Controller 0]: Newly added brokers: 0, deleted brokers: , all live brokers: 0
6897 [ZkClient-EventThread-92-127.0.0.1:53400] INFO  k.c.RequestSendThread - [Controller-0-to-broker-0-send-thread], Controller 0 connected to id:0,host:testing-worker-linux-docker-43bb0bbb-3382-linux-3.prod.travis-ci.org,port:50710 for sending state change requests
6918 [ZkClient-EventThread-92-127.0.0.1:53400] INFO  k.c.KafkaController - [Controller 0]: New broker startup callback for 0
6918 [Controller-0-to-broker-0-send-thread] INFO  k.c.RequestSendThread - [Controller-0-to-broker-0-send-thread], Starting 
7831 [kafka-request-handler-0] INFO  k.a.AdminUtils$ - Topic creation {"version":1,"partitions":{"0":[0]}}
7835 [kafka-request-handler-0] INFO  k.s.KafkaApis - [KafkaApi-0] Auto creation of topic testTopic with 1 partitions and replication factor 1 is successful!
7877 [ZkClient-EventThread-92-127.0.0.1:53400] INFO  k.c.PartitionStateMachine$TopicChangeListener - [TopicChangeListener on Controller 0]: New topics: [Set(testTopic)], deleted topics: [Set()], new partition replica assignment [Map([testTopic,0] -> List(0))]
7878 [ZkClient-EventThread-92-127.0.0.1:53400] INFO  k.c.KafkaController - [Controller 0]: New topic creation callback for [testTopic,0]
7881 [ZkClient-EventThread-92-127.0.0.1:53400] INFO  k.c.KafkaController - [Controller 0]: New partition creation callback for [testTopic,0]
7882 [ZkClient-EventThread-92-127.0.0.1:53400] INFO  k.c.PartitionStateMachine - [Partition state machine on Controller 0]: Invoking state change to NewPartition for partitions [testTopic,0]
7891 [ZkClient-EventThread-92-127.0.0.1:53400] INFO  k.c.ReplicaStateMachine - [Replica state machine on controller 0]: Invoking state change to NewReplica for replicas [Topic=testTopic,Partition=0,Replica=0]
7896 [ZkClient-EventThread-92-127.0.0.1:53400] INFO  k.c.PartitionStateMachine - [Partition state machine on Controller 0]: Invoking state change to OnlinePartition for partitions [testTopic,0]
7921 [ZkClient-EventThread-92-127.0.0.1:53400] INFO  k.c.ReplicaStateMachine - [Replica state machine on controller 0]: Invoking state change to OnlineReplica for replicas [Topic=testTopic,Partition=0,Replica=0]
7922 [main] INFO  k.s.KafkaServer - [Kafka Server 0], shutting down
7926 [main] INFO  k.s.KafkaServer - [Kafka Server 0], Starting controlled shutdown
7922 [kafka-network-thread-50710-1] INFO  k.n.Processor - Closing socket connection to /127.0.0.1.
7931 [kafka-request-handler-2] INFO  k.s.ReplicaFetcherManager - [ReplicaFetcherManager on broker 0] Removed fetcher for partitions [testTopic,0]
7938 [kafka-request-handler-3] INFO  k.c.KafkaController - [Controller 0]: Shutting down broker 0
7940 [main] INFO  k.s.KafkaServer - [Kafka Server 0], Controlled shutdown succeeded
7941 [kafka-network-thread-50710-2] INFO  k.n.Processor - Closing socket connection to /172.17.2.67.
7941 [main] INFO  k.n.SocketServer - [Socket Server on Broker 0], Shutting down
7942 [main] INFO  k.n.SocketServer - [Socket Server on Broker 0], Shutdown completed
7943 [Controller-0-to-broker-0-send-thread] WARN  k.c.RequestSendThread - [Controller-0-to-broker-0-send-thread], Controller 0 epoch 1 fails to send request Name:LeaderAndIsrRequest;Version:0;Controller:0;ControllerEpoch:1;CorrelationId:7;ClientId:id_0-host_null-port_50710;Leaders:id:0,host:testing-worker-linux-docker-43bb0bbb-3382-linux-3.prod.travis-ci.org,port:50710;PartitionState:(testTopic,0) -> (LeaderAndIsrInfo:(Leader:0,ISR:0,LeaderEpoch:0,ControllerEpoch:1),ReplicationFactor:1),AllReplicas:0) to broker id:0,host:testing-worker-linux-docker-43bb0bbb-3382-linux-3.prod.travis-ci.org,port:50710. Reconnecting to broker.
java.io.EOFException: Received -1 when reading from channel, socket has likely been closed.
	at kafka.utils.Utils$.read(Utils.scala:381) ~[kafka_2.10-0.8.2.1.jar:?]
	at kafka.network.BoundedByteBufferReceive.readFrom(BoundedByteBufferReceive.scala:54) ~[kafka_2.10-0.8.2.1.jar:?]
	at kafka.network.Receive$class.readCompletely(Transmission.scala:56) ~[kafka_2.10-0.8.2.1.jar:?]
	at kafka.network.BoundedByteBufferReceive.readCompletely(BoundedByteBufferReceive.scala:29) ~[kafka_2.10-0.8.2.1.jar:?]
	at kafka.network.BlockingChannel.receive(BlockingChannel.scala:111) ~[kafka_2.10-0.8.2.1.jar:?]
	at kafka.controller.RequestSendThread.liftedTree1$1(ControllerChannelManager.scala:133) [kafka_2.10-0.8.2.1.jar:?]
	at kafka.controller.RequestSendThread.doWork(ControllerChannelManager.scala:131) [kafka_2.10-0.8.2.1.jar:?]
	at kafka.utils.ShutdownableThread.run(ShutdownableThread.scala:60) [kafka_2.10-0.8.2.1.jar:?]
7950 [Controller-0-to-broker-0-send-thread] INFO  k.c.RequestSendThread - [Controller-0-to-broker-0-send-thread], Controller 0 connected to id:0,host:testing-worker-linux-docker-43bb0bbb-3382-linux-3.prod.travis-ci.org,port:50710 for sending state change requests
7942 [main] INFO  k.s.KafkaRequestHandlerPool - [Kafka Request Handler on Broker 0], shutting down
7973 [kafka-request-handler-2] INFO  k.l.Log - Completed load of log testTopic-0 with log end offset 0
7976 [kafka-request-handler-2] INFO  k.l.LogManager - Created log for partition [testTopic,0] in /tmp/kafka/logs/kafka-test-50710 with properties {segment.index.bytes -> 10485760, file.delete.delay.ms -> 60000, segment.bytes -> 1073741824, flush.ms -> 9223372036854775807, delete.retention.ms -> 86400000, index.interval.bytes -> 4096, retention.bytes -> -1, min.insync.replicas -> 1, cleanup.policy -> delete, unclean.leader.election.enable -> true, segment.ms -> 604800000, max.message.bytes -> 1000012, flush.messages -> 9223372036854775807, min.cleanable.dirty.ratio -> 0.5, retention.ms -> 604800000, segment.jitter.ms -> 0}.
7977 [kafka-request-handler-2] WARN  k.c.Partition - Partition [testTopic,0] on broker 0: No checkpointed highwatermark is found for partition [testTopic,0]
7987 [main] INFO  k.s.KafkaRequestHandlerPool - [Kafka Request Handler on Broker 0], shut down completely
8221 [main] INFO  k.s.ReplicaManager - [Replica Manager on Broker 0]: Shut down
8221 [main] INFO  k.s.ReplicaFetcherManager - [ReplicaFetcherManager on broker 0] shutting down
8221 [main] INFO  k.s.ReplicaFetcherManager - [ReplicaFetcherManager on broker 0] shutdown completed
8223 [main] INFO  k.s.ReplicaManager - [Replica Manager on Broker 0]: Shut down completely
8223 [main] INFO  k.l.LogManager - Shutting down.
8228 [main] INFO  k.l.LogManager - Shutdown complete.
8229 [main] INFO  k.c.PartitionStateMachine - [Partition state machine on Controller 0]: Stopped partition state machine
8229 [main] INFO  k.c.ReplicaStateMachine - [Replica state machine on controller 0]: Stopped replica state machine
8229 [main] INFO  k.c.RequestSendThread - [Controller-0-to-broker-0-send-thread], Shutting down
8229 [Controller-0-to-broker-0-send-thread] WARN  k.u.Utils$ - sleep interrupted
java.lang.InterruptedException: sleep interrupted
	at java.lang.Thread.sleep(Native Method) ~[?:1.7.0_76]
	at kafka.controller.RequestSendThread$$anonfun$liftedTree1$1$1.apply$mcV$sp(ControllerChannelManager.scala:144) ~[kafka_2.10-0.8.2.1.jar:?]
	at kafka.utils.Utils$.swallow(Utils.scala:172) [kafka_2.10-0.8.2.1.jar:?]
	at kafka.utils.Logging$class.swallowWarn(Logging.scala:92) [kafka_2.10-0.8.2.1.jar:?]
	at kafka.utils.Utils$.swallowWarn(Utils.scala:45) [kafka_2.10-0.8.2.1.jar:?]
	at kafka.utils.Logging$class.swallow(Logging.scala:94) [kafka_2.10-0.8.2.1.jar:?]
	at kafka.utils.Utils$.swallow(Utils.scala:45) [kafka_2.10-0.8.2.1.jar:?]
	at kafka.controller.RequestSendThread.liftedTree1$1(ControllerChannelManager.scala:144) [kafka_2.10-0.8.2.1.jar:?]
	at kafka.controller.RequestSendThread.doWork(ControllerChannelManager.scala:131) [kafka_2.10-0.8.2.1.jar:?]
	at kafka.utils.ShutdownableThread.run(ShutdownableThread.scala:60) [kafka_2.10-0.8.2.1.jar:?]
8238 [Controller-0-to-broker-0-send-thread] ERROR k.c.RequestSendThread - [Controller-0-to-broker-0-send-thread], Controller 0 fails to send a request to broker id:0,host:testing-worker-linux-docker-43bb0bbb-3382-linux-3.prod.travis-ci.org,port:50710
java.lang.NullPointerException
	at kafka.controller.RequestSendThread.doWork(ControllerChannelManager.scala:150) [kafka_2.10-0.8.2.1.jar:?]
	at kafka.utils.ShutdownableThread.run(ShutdownableThread.scala:60) [kafka_2.10-0.8.2.1.jar:?]
8238 [main] INFO  k.c.RequestSendThread - [Controller-0-to-broker-0-send-thread], Shutdown completed
8238 [ZkClient-EventThread-92-127.0.0.1:53400] INFO  o.I.z.ZkEventThread - Terminate ZkClient event thread.
8239 [Controller-0-to-broker-0-send-thread] INFO  k.c.RequestSendThread - [Controller-0-to-broker-0-send-thread], Stopped 
8241 [main] INFO  k.s.KafkaServer - [Kafka Server 0], shut down completed
8241 [Curator-Framework-0] INFO  o.a.c.f.i.CuratorFrameworkImpl - backgroundOperationsLoop exiting

--------------------------------------------------
Checking ./external/storm-kafka/target/surefire-reports/TEST-org.apache.storm.kafka.StringKeyValueSchemeTest.xml
Checking ./external/storm-kafka/target/surefire-reports/TEST-org.apache.storm.kafka.ZkCoordinatorTest.xml
Checking ./external/storm-kafka/target/surefire-reports/TEST-org.apache.storm.kafka.TridentKafkaTest.xml
Checking ./external/storm-kafka/target/surefire-reports/TEST-org.apache.storm.kafka.ExponentialBackoffMsgRetryManagerTest.xml
Checking ./external/storm-kafka/target/surefire-reports/TEST-org.apache.storm.kafka.TestStringScheme.xml
Checking ./external/storm-kafka/target/surefire-reports/TEST-org.apache.storm.kafka.DynamicBrokersReaderTest.xml
Checking ./external/storm-kafka/target/surefire-reports/TEST-org.apache.storm.kafka.bolt.KafkaBoltTest.xml
Looking for errors in ./external/storm-redis/target/surefire-reports
Checking ./external/storm-redis/target/surefire-reports/TEST-org.apache.storm.redis.state.RedisKeyValueStateProviderTest.xml
Checking ./external/storm-redis/target/surefire-reports/TEST-org.apache.storm.redis.state.DefaultStateSerializerTest.xml
Checking ./external/storm-redis/target/surefire-reports/TEST-org.apache.storm.redis.state.RedisKeyValueStateTest.xml

travis_time:end:15207168:start=1468183602009991308,finish=1468183935765924691,duration=333755933383[0K
[31;1mThe command "/bin/bash ./dev-tools/travis/travis-script.sh `pwd` $MODULES" exited with 1.[0m
travis_fold:start:cache.2[0Kstore build cache
travis_time:start:191b37a6[0K
travis_time:end:191b37a6:start=1468183935770246051,finish=1468183935773680016,duration=3433965[0Ktravis_time:start:033442ac[0K[32;1mchange detected (content changed, file is created, or file is deleted):
/home/travis/.m2/repository/eigenbase/eigenbase-properties/1.1.4/eigenbase-properties-1.1.4.pom.lastUpdated
/home/travis/.m2/repository/io/confluent/kafka-avro-serializer/1.0/kafka-avro-serializer-1.0.pom.lastUpdated
/home/travis/.m2/repository/io/confluent/kafka-schema-registry-client/1.0/kafka-schema-registry-client-1.0.pom.lastUpdated
/home/travis/.m2/repository/net/hydromatic/linq4j/0.4/linq4j-0.4.pom.lastUpdated
/home/travis/.m2/repository/net/hydromatic/quidem/0.1.1/quidem-0.1.1.pom.lastUpdated
/home/travis/.m2/repository/org/apache/storm/flux/1.1.0-SNAPSHOT/maven-metadata-local.xml
/home/travis/.m2/repository/org/apache/storm/flux/1.1.0-SNAPSHOT/_remote.repositories
/home/travis/.m2/repository/org/apache/storm/flux-core/1.1.0-SNAPSHOT/flux-core-1.1.0-SNAPSHOT.jar
/home/travis/.m2/repository/org/apache/storm/flux-core/1.1.0-SNAPSHOT/maven-metadata-local.xml
/home/travis/.m2/repository/org/apache/storm/flux-core/1.1.0-SNAPSHOT/_remote.repositories
/home/travis/.m2/repository/org/ap
[0m
[32;1m...
[0m
[32;1mchanges detected, packing new archive[0m
.
.
.
.
.
.
.
.
.
.
.
.
.
.
.
[32;1muploading archive[0m

travis_time:end:033442ac:start=1468183935777543934,finish=1468184042685214848,duration=106907670914[0Ktravis_fold:end:cache.2[0K
Done. Your build exited with 1.
