Using worker: worker-linux-docker-de0f7058.prod.travis-ci.org:travis-linux-13

travis_fold:start:system_info[0K[33;1mBuild system information[0m
Build language: java
Build group: stable
Build dist: precise
[34m[1mBuild image provisioning date and time[0m
Thu Feb  5 15:09:33 UTC 2015
[34m[1mOperating System Details[0m
Distributor ID:	Ubuntu
Description:	Ubuntu 12.04.5 LTS
Release:	12.04
Codename:	precise
[34m[1mLinux Version[0m
3.13.0-29-generic
[34m[1mCookbooks Version[0m
a68419e https://github.com/travis-ci/travis-cookbooks/tree/a68419e
[34m[1mGCC version[0m
gcc (Ubuntu/Linaro 4.6.3-1ubuntu5) 4.6.3
Copyright (C) 2011 Free Software Foundation, Inc.
This is free software; see the source for copying conditions.  There is NO
warranty; not even for MERCHANTABILITY or FITNESS FOR A PARTICULAR PURPOSE.

[34m[1mLLVM version[0m
clang version 3.4 (tags/RELEASE_34/final)
Target: x86_64-unknown-linux-gnu
Thread model: posix
[34m[1mPre-installed Ruby versions[0m
ruby-1.9.3-p551
[34m[1mPre-installed Node.js versions[0m
v0.10.36
[34m[1mPre-installed Go versions[0m
1.4.1
[34m[1mRedis version[0m
redis-server 2.8.19
[34m[1mriak version[0m
2.0.2
[34m[1mMongoDB version[0m
MongoDB 2.4.12
[34m[1mCouchDB version[0m
couchdb 1.6.1
[34m[1mNeo4j version[0m
1.9.4
[34m[1mRabbitMQ Version[0m
3.4.3
[34m[1mElasticSearch version[0m
1.4.0
[34m[1mInstalled Sphinx versions[0m
2.0.10
2.1.9
2.2.6
[34m[1mDefault Sphinx version[0m
2.2.6
[34m[1mInstalled Firefox version[0m
firefox 31.0esr
[34m[1mPhantomJS version[0m
1.9.8
[34m[1mant -version[0m
Apache Ant(TM) version 1.8.2 compiled on December 3 2011
[34m[1mmvn -version[0m
Apache Maven 3.2.5 (12a6b3acb947671f09b81f49094c53f426d8cea1; 2014-12-14T17:29:23+00:00)
Maven home: /usr/local/maven
Java version: 1.7.0_76, vendor: Oracle Corporation
Java home: /usr/lib/jvm/java-7-oracle/jre
Default locale: en_US, platform encoding: ANSI_X3.4-1968
OS name: "linux", version: "3.13.0-29-generic", arch: "amd64", family: "unix"
travis_fold:end:system_info[0K
travis_fold:start:fix.CVE-2015-7547[0K$ export DEBIAN_FRONTEND=noninteractive
W: Size of file /var/lib/apt/lists/us.archive.ubuntu.com_ubuntu_dists_precise-backports_multiverse_source_Sources.gz is not what the server reported 5886 5888
W: Size of file /var/lib/apt/lists/ppa.launchpad.net_ubuntugis_ppa_ubuntu_dists_precise_main_binary-amd64_Packages.gz is not what the server reported 36669 36677
W: Size of file /var/lib/apt/lists/ppa.launchpad.net_ubuntugis_ppa_ubuntu_dists_precise_main_binary-i386_Packages.gz is not what the server reported 36729 36733
Reading package lists...
Building dependency tree...
Reading state information...
The following extra packages will be installed:
  libc-bin libc-dev-bin libc6-dev
Suggested packages:
  glibc-doc
The following packages will be upgraded:
  libc-bin libc-dev-bin libc6 libc6-dev
4 upgraded, 0 newly installed, 0 to remove and 248 not upgraded.
Need to get 8,840 kB of archives.
After this operation, 14.3 kB disk space will be freed.
Get:1 http://us.archive.ubuntu.com/ubuntu/ precise-updates/main libc6-dev amd64 2.15-0ubuntu10.15 [2,943 kB]
Get:2 http://us.archive.ubuntu.com/ubuntu/ precise-updates/main libc-dev-bin amd64 2.15-0ubuntu10.15 [84.7 kB]
Get:3 http://us.archive.ubuntu.com/ubuntu/ precise-updates/main libc-bin amd64 2.15-0ubuntu10.15 [1,177 kB]
Get:4 http://us.archive.ubuntu.com/ubuntu/ precise-updates/main libc6 amd64 2.15-0ubuntu10.15 [4,636 kB]
Fetched 8,840 kB in 1s (8,546 kB/s)
Preconfiguring packages ...
(Reading database ... (Reading database ... 5%(Reading database ... 10%(Reading database ... 15%(Reading database ... 20%(Reading database ... 25%(Reading database ... 30%(Reading database ... 35%(Reading database ... 40%(Reading database ... 45%(Reading database ... 50%(Reading database ... 55%(Reading database ... 60%(Reading database ... 65%(Reading database ... 70%(Reading database ... 75%(Reading database ... 80%(Reading database ... 85%(Reading database ... 90%(Reading database ... 95%(Reading database ... 100%(Reading database ... 72019 files and directories currently installed.)
Preparing to replace libc6-dev 2.15-0ubuntu10.10 (using .../libc6-dev_2.15-0ubuntu10.15_amd64.deb) ...
Unpacking replacement libc6-dev ...
Preparing to replace libc-dev-bin 2.15-0ubuntu10.10 (using .../libc-dev-bin_2.15-0ubuntu10.15_amd64.deb) ...
Unpacking replacement libc-dev-bin ...
Preparing to replace libc-bin 2.15-0ubuntu10.10 (using .../libc-bin_2.15-0ubuntu10.15_amd64.deb) ...
Unpacking replacement libc-bin ...
Processing triggers for man-db ...
Setting up libc-bin (2.15-0ubuntu10.15) ...
(Reading database ... (Reading database ... 5%(Reading database ... 10%(Reading database ... 15%(Reading database ... 20%(Reading database ... 25%(Reading database ... 30%(Reading database ... 35%(Reading database ... 40%(Reading database ... 45%(Reading database ... 50%(Reading database ... 55%(Reading database ... 60%(Reading database ... 65%(Reading database ... 70%(Reading database ... 75%(Reading database ... 80%(Reading database ... 85%(Reading database ... 90%(Reading database ... 95%(Reading database ... 100%(Reading database ... 72018 files and directories currently installed.)
Preparing to replace libc6 2.15-0ubuntu10.10 (using .../libc6_2.15-0ubuntu10.15_amd64.deb) ...
Unpacking replacement libc6 ...
Setting up libc6 (2.15-0ubuntu10.15) ...
Setting up libc-dev-bin (2.15-0ubuntu10.15) ...
Setting up libc6-dev (2.15-0ubuntu10.15) ...
Processing triggers for libc-bin ...
ldconfig deferred processing now taking place
travis_fold:end:fix.CVE-2015-7547[0Ktravis_fold:start:git.checkout[0Ktravis_time:start:04207499[0K$ git clone --depth=50 https://github.com/apache/storm.git apache/storm
Cloning into 'apache/storm'...
remote: Counting objects: 25083, done.[K
remote: Compressing objects:   0% (1/9732)   [Kremote: Compressing objects:   1% (98/9732)   [Kremote: Compressing objects:   2% (195/9732)   [Kremote: Compressing objects:   3% (292/9732)   [Kremote: Compressing objects:   4% (390/9732)   [Kremote: Compressing objects:   5% (487/9732)   [Kremote: Compressing objects:   6% (584/9732)   [Kremote: Compressing objects:   7% (682/9732)   [Kremote: Compressing objects:   8% (779/9732)   [Kremote: Compressing objects:   9% (876/9732)   [Kremote: Compressing objects:  10% (974/9732)   [Kremote: Compressing objects:  11% (1071/9732)   [Kremote: Compressing objects:  12% (1168/9732)   [Kremote: Compressing objects:  13% (1266/9732)   [Kremote: Compressing objects:  14% (1363/9732)   [Kremote: Compressing objects:  15% (1460/9732)   [Kremote: Compressing objects:  16% (1558/9732)   [Kremote: Compressing objects:  17% (1655/9732)   [Kremote: Compressing objects:  18% (1752/9732)   [Kremote: Compressing objects:  19% (1850/9732)   [Kremote: Compressing objects:  20% (1947/9732)   [Kremote: Compressing objects:  21% (2044/9732)   [Kremote: Compressing objects:  22% (2142/9732)   [Kremote: Compressing objects:  23% (2239/9732)   [Kremote: Compressing objects:  24% (2336/9732)   [Kremote: Compressing objects:  25% (2433/9732)   [Kremote: Compressing objects:  26% (2531/9732)   [Kremote: Compressing objects:  27% (2628/9732)   [Kremote: Compressing objects:  28% (2725/9732)   [Kremote: Compressing objects:  29% (2823/9732)   [Kremote: Compressing objects:  30% (2920/9732)   [Kremote: Compressing objects:  31% (3017/9732)   [Kremote: Compressing objects:  32% (3115/9732)   [Kremote: Compressing objects:  33% (3212/9732)   [Kremote: Compressing objects:  34% (3309/9732)   [Kremote: Compressing objects:  35% (3407/9732)   [Kremote: Compressing objects:  36% (3504/9732)   [Kremote: Compressing objects:  37% (3601/9732)   [Kremote: Compressing objects:  38% (3699/9732)   [Kremote: Compressing objects:  39% (3796/9732)   [Kremote: Compressing objects:  40% (3893/9732)   [Kremote: Compressing objects:  41% (3991/9732)   [Kremote: Compressing objects:  42% (4088/9732)   [Kremote: Compressing objects:  43% (4185/9732)   [Kremote: Compressing objects:  44% (4283/9732)   [Kremote: Compressing objects:  45% (4380/9732)   [Kremote: Compressing objects:  46% (4477/9732)   [Kremote: Compressing objects:  47% (4575/9732)   [Kremote: Compressing objects:  48% (4672/9732)   [Kremote: Compressing objects:  49% (4769/9732)   [Kremote: Compressing objects:  50% (4866/9732)   [Kremote: Compressing objects:  51% (4964/9732)   [Kremote: Compressing objects:  52% (5061/9732)   [Kremote: Compressing objects:  53% (5158/9732)   [Kremote: Compressing objects:  54% (5256/9732)   [Kremote: Compressing objects:  55% (5353/9732)   [Kremote: Compressing objects:  56% (5450/9732)   [Kremote: Compressing objects:  57% (5548/9732)   [Kremote: Compressing objects:  58% (5645/9732)   [Kremote: Compressing objects:  59% (5742/9732)   [Kremote: Compressing objects:  60% (5840/9732)   [Kremote: Compressing objects:  61% (5937/9732)   [Kremote: Compressing objects:  62% (6034/9732)   [Kremote: Compressing objects:  63% (6132/9732)   [Kremote: Compressing objects:  64% (6229/9732)   [Kremote: Compressing objects:  65% (6326/9732)   [Kremote: Compressing objects:  66% (6424/9732)   [Kremote: Compressing objects:  67% (6521/9732)   [Kremote: Compressing objects:  68% (6618/9732)   [Kremote: Compressing objects:  69% (6716/9732)   [Kremote: Compressing objects:  70% (6813/9732)   [Kremote: Compressing objects:  71% (6910/9732)   [Kremote: Compressing objects:  72% (7008/9732)   [Kremote: Compressing objects:  73% (7105/9732)   [Kremote: Compressing objects:  74% (7202/9732)   [Kremote: Compressing objects:  75% (7299/9732)   [Kremote: Compressing objects:  76% (7397/9732)   [Kremote: Compressing objects:  77% (7494/9732)   [Kremote: Compressing objects:  78% (7591/9732)   [Kremote: Compressing objects:  79% (7689/9732)   [Kremote: Compressing objects:  80% (7786/9732)   [Kremote: Compressing objects:  81% (7883/9732)   [Kremote: Compressing objects:  82% (7981/9732)   [Kremote: Compressing objects:  83% (8078/9732)   [Kremote: Compressing objects:  84% (8175/9732)   [Kremote: Compressing objects:  85% (8273/9732)   [Kremote: Compressing objects:  86% (8370/9732)   [Kremote: Compressing objects:  87% (8467/9732)   [Kremote: Compressing objects:  88% (8565/9732)   [Kremote: Compressing objects:  89% (8662/9732)   [Kremote: Compressing objects:  90% (8759/9732)   [Kremote: Compressing objects:  91% (8857/9732)   [Kremote: Compressing objects:  92% (8954/9732)   [Kremote: Compressing objects:  93% (9051/9732)   [Kremote: Compressing objects:  94% (9149/9732)   [Kremote: Compressing objects:  95% (9246/9732)   [Kremote: Compressing objects:  96% (9343/9732)   [Kremote: Compressing objects:  97% (9441/9732)   [Kremote: Compressing objects:  98% (9538/9732)   [Kremote: Compressing objects:  99% (9635/9732)   [Kremote: Compressing objects: 100% (9732/9732)   [Kremote: Compressing objects: 100% (9732/9732), done.[K
Receiving objects:   0% (1/25083)   Receiving objects:   1% (251/25083)   Receiving objects:   2% (502/25083)   Receiving objects:   3% (753/25083)   Receiving objects:   4% (1004/25083)   Receiving objects:   5% (1255/25083)   Receiving objects:   6% (1505/25083)   Receiving objects:   7% (1756/25083)   Receiving objects:   8% (2007/25083)   Receiving objects:   9% (2258/25083)   Receiving objects:  10% (2509/25083)   Receiving objects:  11% (2760/25083)   Receiving objects:  12% (3010/25083)   Receiving objects:  13% (3261/25083)   Receiving objects:  14% (3512/25083)   Receiving objects:  15% (3763/25083), 7.73 MiB | 15.42 MiB/s   Receiving objects:  16% (4014/25083), 7.73 MiB | 15.42 MiB/s   Receiving objects:  17% (4265/25083), 7.73 MiB | 15.42 MiB/s   Receiving objects:  18% (4515/25083), 7.73 MiB | 15.42 MiB/s   Receiving objects:  19% (4766/25083), 7.73 MiB | 15.42 MiB/s   Receiving objects:  20% (5017/25083), 7.73 MiB | 15.42 MiB/s   Receiving objects:  21% (5268/25083), 7.73 MiB | 15.42 MiB/s   Receiving objects:  22% (5519/25083), 7.73 MiB | 15.42 MiB/s   Receiving objects:  23% (5770/25083), 7.73 MiB | 15.42 MiB/s   Receiving objects:  24% (6020/25083), 7.73 MiB | 15.42 MiB/s   Receiving objects:  25% (6271/25083), 7.73 MiB | 15.42 MiB/s   Receiving objects:  26% (6522/25083), 7.73 MiB | 15.42 MiB/s   Receiving objects:  27% (6773/25083), 7.73 MiB | 15.42 MiB/s   Receiving objects:  28% (7024/25083), 7.73 MiB | 15.42 MiB/s   Receiving objects:  29% (7275/25083), 7.73 MiB | 15.42 MiB/s   Receiving objects:  30% (7525/25083), 7.73 MiB | 15.42 MiB/s   Receiving objects:  31% (7776/25083), 7.73 MiB | 15.42 MiB/s   Receiving objects:  32% (8027/25083), 7.73 MiB | 15.42 MiB/s   Receiving objects:  33% (8278/25083), 7.73 MiB | 15.42 MiB/s   Receiving objects:  34% (8529/25083), 7.73 MiB | 15.42 MiB/s   Receiving objects:  35% (8780/25083), 7.73 MiB | 15.42 MiB/s   Receiving objects:  36% (9030/25083), 7.73 MiB | 15.42 MiB/s   Receiving objects:  37% (9281/25083), 7.73 MiB | 15.42 MiB/s   Receiving objects:  38% (9532/25083), 7.73 MiB | 15.42 MiB/s   Receiving objects:  39% (9783/25083), 7.73 MiB | 15.42 MiB/s   Receiving objects:  40% (10034/25083), 7.73 MiB | 15.42 MiB/s   Receiving objects:  41% (10285/25083), 7.73 MiB | 15.42 MiB/s   Receiving objects:  42% (10535/25083), 7.73 MiB | 15.42 MiB/s   Receiving objects:  43% (10786/25083), 7.73 MiB | 15.42 MiB/s   Receiving objects:  44% (11037/25083), 7.73 MiB | 15.42 MiB/s   Receiving objects:  45% (11288/25083), 7.73 MiB | 15.42 MiB/s   Receiving objects:  46% (11539/25083), 7.73 MiB | 15.42 MiB/s   Receiving objects:  47% (11790/25083), 7.73 MiB | 15.42 MiB/s   Receiving objects:  48% (12040/25083), 7.73 MiB | 15.42 MiB/s   Receiving objects:  49% (12291/25083), 7.73 MiB | 15.42 MiB/s   Receiving objects:  50% (12542/25083), 7.73 MiB | 15.42 MiB/s   Receiving objects:  51% (12793/25083), 7.73 MiB | 15.42 MiB/s   Receiving objects:  52% (13044/25083), 7.73 MiB | 15.42 MiB/s   Receiving objects:  53% (13294/25083), 7.73 MiB | 15.42 MiB/s   Receiving objects:  54% (13545/25083), 7.73 MiB | 15.42 MiB/s   Receiving objects:  55% (13796/25083), 7.73 MiB | 15.42 MiB/s   Receiving objects:  56% (14047/25083), 7.73 MiB | 15.42 MiB/s   Receiving objects:  57% (14298/25083), 7.73 MiB | 15.42 MiB/s   Receiving objects:  58% (14549/25083), 7.73 MiB | 15.42 MiB/s   Receiving objects:  59% (14799/25083), 7.73 MiB | 15.42 MiB/s   Receiving objects:  60% (15050/25083), 7.73 MiB | 15.42 MiB/s   Receiving objects:  61% (15301/25083), 7.73 MiB | 15.42 MiB/s   Receiving objects:  62% (15552/25083), 7.73 MiB | 15.42 MiB/s   Receiving objects:  63% (15803/25083), 7.73 MiB | 15.42 MiB/s   Receiving objects:  64% (16054/25083), 7.73 MiB | 15.42 MiB/s   Receiving objects:  65% (16304/25083), 7.73 MiB | 15.42 MiB/s   Receiving objects:  66% (16555/25083), 7.73 MiB | 15.42 MiB/s   Receiving objects:  67% (16806/25083), 7.73 MiB | 15.42 MiB/s   Receiving objects:  68% (17057/25083), 7.73 MiB | 15.42 MiB/s   Receiving objects:  69% (17308/25083), 7.73 MiB | 15.42 MiB/s   Receiving objects:  70% (17559/25083), 7.73 MiB | 15.42 MiB/s   Receiving objects:  71% (17809/25083), 7.73 MiB | 15.42 MiB/s   Receiving objects:  72% (18060/25083), 7.73 MiB | 15.42 MiB/s   Receiving objects:  73% (18311/25083), 7.73 MiB | 15.42 MiB/s   Receiving objects:  73% (18410/25083), 7.73 MiB | 15.42 MiB/s   Receiving objects:  74% (18562/25083), 14.92 MiB | 14.88 MiB/s   Receiving objects:  75% (18813/25083), 14.92 MiB | 14.88 MiB/s   Receiving objects:  76% (19064/25083), 14.92 MiB | 14.88 MiB/s   Receiving objects:  77% (19314/25083), 14.92 MiB | 14.88 MiB/s   Receiving objects:  78% (19565/25083), 14.92 MiB | 14.88 MiB/s   Receiving objects:  79% (19816/25083), 14.92 MiB | 14.88 MiB/s   Receiving objects:  80% (20067/25083), 14.92 MiB | 14.88 MiB/s   Receiving objects:  81% (20318/25083), 14.92 MiB | 14.88 MiB/s   Receiving objects:  82% (20569/25083), 14.92 MiB | 14.88 MiB/s   Receiving objects:  83% (20819/25083), 14.92 MiB | 14.88 MiB/s   Receiving objects:  84% (21070/25083), 14.92 MiB | 14.88 MiB/s   Receiving objects:  85% (21321/25083), 14.92 MiB | 14.88 MiB/s   Receiving objects:  86% (21572/25083), 14.92 MiB | 14.88 MiB/s   Receiving objects:  87% (21823/25083), 14.92 MiB | 14.88 MiB/s   Receiving objects:  88% (22074/25083), 14.92 MiB | 14.88 MiB/s   Receiving objects:  89% (22324/25083), 14.92 MiB | 14.88 MiB/s   Receiving objects:  90% (22575/25083), 14.92 MiB | 14.88 MiB/s   Receiving objects:  91% (22826/25083), 14.92 MiB | 14.88 MiB/s   Receiving objects:  92% (23077/25083), 14.92 MiB | 14.88 MiB/s   Receiving objects:  93% (23328/25083), 14.92 MiB | 14.88 MiB/s   Receiving objects:  94% (23579/25083), 14.92 MiB | 14.88 MiB/s   Receiving objects:  95% (23829/25083), 14.92 MiB | 14.88 MiB/s   Receiving objects:  96% (24080/25083), 14.92 MiB | 14.88 MiB/s   Receiving objects:  97% (24331/25083), 14.92 MiB | 14.88 MiB/s   Receiving objects:  98% (24582/25083), 14.92 MiB | 14.88 MiB/s   Receiving objects:  99% (24833/25083), 14.92 MiB | 14.88 MiB/s   remote: Total 25083 (delta 12428), reused 22102 (delta 9949), pack-reused 0[K
Receiving objects: 100% (25083/25083), 14.92 MiB | 14.88 MiB/s   Receiving objects: 100% (25083/25083), 18.42 MiB | 14.88 MiB/s, done.
Resolving deltas:   0% (0/12428)   Resolving deltas:   1% (143/12428)   Resolving deltas:   2% (326/12428)   Resolving deltas:   3% (375/12428)   Resolving deltas:   4% (500/12428)   Resolving deltas:   5% (623/12428)   Resolving deltas:   6% (823/12428)   Resolving deltas:   7% (870/12428)   Resolving deltas:   8% (1001/12428)   Resolving deltas:   9% (1134/12428)   Resolving deltas:  10% (1287/12428)   Resolving deltas:  11% (1375/12428)   Resolving deltas:  12% (1499/12428)   Resolving deltas:  13% (1619/12428)   Resolving deltas:  14% (1741/12428)   Resolving deltas:  15% (1867/12428)   Resolving deltas:  16% (1997/12428)   Resolving deltas:  17% (2114/12428)   Resolving deltas:  18% (2249/12428)   Resolving deltas:  19% (2365/12428)   Resolving deltas:  20% (2488/12428)   Resolving deltas:  21% (2614/12428)   Resolving deltas:  22% (2735/12428)   Resolving deltas:  24% (3026/12428)   Resolving deltas:  25% (3107/12428)   Resolving deltas:  26% (3235/12428)   Resolving deltas:  27% (3372/12428)   Resolving deltas:  28% (3485/12428)   Resolving deltas:  29% (3643/12428)   Resolving deltas:  30% (3731/12428)   Resolving deltas:  31% (3868/12428)   Resolving deltas:  32% (3989/12428)   Resolving deltas:  33% (4110/12428)   Resolving deltas:  34% (4229/12428)   Resolving deltas:  35% (4356/12428)   Resolving deltas:  36% (4487/12428)   Resolving deltas:  37% (4599/12428)   Resolving deltas:  38% (4725/12428)   Resolving deltas:  39% (4847/12428)   Resolving deltas:  40% (4975/12428)   Resolving deltas:  41% (5097/12428)   Resolving deltas:  42% (5222/12428)   Resolving deltas:  43% (5345/12428)   Resolving deltas:  44% (5471/12428)   Resolving deltas:  45% (5600/12428)   Resolving deltas:  46% (5720/12428)   Resolving deltas:  47% (5923/12428)   Resolving deltas:  48% (5966/12428)   Resolving deltas:  49% (6100/12428)   Resolving deltas:  50% (6221/12428)   Resolving deltas:  51% (6371/12428)   Resolving deltas:  52% (6470/12428)   Resolving deltas:  53% (6597/12428)   Resolving deltas:  54% (6719/12428)   Resolving deltas:  55% (6836/12428)   Resolving deltas:  57% (7091/12428)   Resolving deltas:  58% (7227/12428)   Resolving deltas:  59% (7371/12428)   Resolving deltas:  60% (7569/12428)   Resolving deltas:  61% (7582/12428)   Resolving deltas:  63% (7884/12428)   Resolving deltas:  65% (8158/12428)   Resolving deltas:  71% (8868/12428)   Resolving deltas:  72% (8966/12428)   Resolving deltas:  73% (9075/12428)   Resolving deltas:  74% (9202/12428)   Resolving deltas:  75% (9325/12428)   Resolving deltas:  76% (9446/12428)   Resolving deltas:  77% (9586/12428)   Resolving deltas:  78% (9703/12428)   Resolving deltas:  79% (9831/12428)   Resolving deltas:  80% (9969/12428)   Resolving deltas:  82% (10248/12428)   Resolving deltas:  83% (10316/12428)   Resolving deltas:  84% (10440/12428)   Resolving deltas:  85% (10579/12428)   Resolving deltas:  86% (10706/12428)   Resolving deltas:  87% (10815/12428)   Resolving deltas:  88% (10945/12428)   Resolving deltas:  89% (11084/12428)   Resolving deltas:  90% (11205/12428)   Resolving deltas:  91% (11312/12428)   Resolving deltas:  92% (11434/12428)   Resolving deltas:  94% (11795/12428)   Resolving deltas:  95% (11807/12428)   Resolving deltas:  96% (11931/12428)   Resolving deltas:  97% (12067/12428)   Resolving deltas:  98% (12180/12428)   Resolving deltas:  99% (12308/12428)   Resolving deltas: 100% (12428/12428)   Resolving deltas: 100% (12428/12428), done.
Checking connectivity... done.

travis_time:end:04207499:start=1468246240803154156,finish=1468246244644366104,duration=3841211948[0K$ cd apache/storm
travis_time:start:01bcdef3[0K$ git fetch origin +refs/pull/1526/merge:
remote: Counting objects: 18, done.[K
remote: Compressing objects:   8% (1/12)   [Kremote: Compressing objects:  16% (2/12)   [Kremote: Compressing objects:  25% (3/12)   [Kremote: Compressing objects:  33% (4/12)   [Kremote: Compressing objects:  41% (5/12)   [Kremote: Compressing objects:  50% (6/12)   [Kremote: Compressing objects:  58% (7/12)   [Kremote: Compressing objects:  66% (8/12)   [Kremote: Compressing objects:  75% (9/12)   [Kremote: Compressing objects:  83% (10/12)   [Kremote: Compressing objects:  91% (11/12)   [Kremote: Compressing objects: 100% (12/12)   [Kremote: Compressing objects: 100% (12/12), done.[K
remote: Total 18 (delta 8), reused 5 (delta 0), pack-reused 0[K
Unpacking objects:   5% (1/18)   Unpacking objects:  11% (2/18)   Unpacking objects:  16% (3/18)   Unpacking objects:  22% (4/18)   Unpacking objects:  27% (5/18)   Unpacking objects:  33% (6/18)   Unpacking objects:  38% (7/18)   Unpacking objects:  44% (8/18)   Unpacking objects:  50% (9/18)   Unpacking objects:  55% (10/18)   Unpacking objects:  61% (11/18)   Unpacking objects:  66% (12/18)   Unpacking objects:  72% (13/18)   Unpacking objects:  77% (14/18)   Unpacking objects:  83% (15/18)   Unpacking objects:  88% (16/18)   Unpacking objects:  94% (17/18)   Unpacking objects: 100% (18/18)   Unpacking objects: 100% (18/18), done.
From https://github.com/apache/storm
 * branch            refs/pull/1526/merge -> FETCH_HEAD

travis_time:end:01bcdef3:start=1468246244649997122,finish=1468246245115143564,duration=465146442[0K$ git checkout -qf FETCH_HEAD
travis_fold:end:git.checkout[0K
[33;1mThis job is running on container-based infrastructure, which does not allow use of 'sudo', setuid and setguid executables.[0m
[33;1mIf you require sudo, add 'sudo: required' to your .travis.yml[0m
[33;1mSee https://docs.travis-ci.com/user/workers/container-based-infrastructure/ for details.[0m

[33;1mSetting environment variables from .travis.yml[0m
$ export MODULES=storm-core

$ jdk_switcher use oraclejdk7
Switching to Oracle JDK7 (java-7-oracle), JAVA_HOME will be set to /usr/lib/jvm/java-7-oracle
travis_fold:start:cache.1[0KSetting up build cache
$ export CASHER_DIR=$HOME/.casher
travis_time:start:016e722c[0K$ Installing caching utilities

travis_time:end:016e722c:start=1468246247799005832,finish=1468246247852132595,duration=53126763[0Ktravis_time:start:0051711f[0K
travis_time:end:0051711f:start=1468246247859336311,finish=1468246247864187558,duration=4851247[0Ktravis_time:start:0a51aff4[0K[32;1mattempting to download cache archive[0m
[32;1mfetching PR.1526/cache-linux-precise-4722ea394922d42b2b7eb84cff6efc764d76759821ac6f6efc13232aa923f595--jdk-oraclejdk7.tgz[0m
[32;1mfound cache[0m

travis_time:end:0a51aff4:start=1468246247869896984,finish=1468246261325165353,duration=13455268369[0Ktravis_time:start:049703eb[0K
travis_time:end:049703eb:start=1468246261332619410,finish=1468246261338979007,duration=6359597[0Ktravis_time:start:1fafeaed[0K[32;1madding /home/travis/.m2/repository to cache[0m
[32;1madding /home/travis/.rvm to cache[0m
[32;1madding /home/travis/.nvm to cache[0m

travis_time:end:1fafeaed:start=1468246261346264092,finish=1468246276123330808,duration=14777066716[0Ktravis_fold:end:cache.1[0K$ java -Xmx32m -version
java version "1.7.0_76"
Java(TM) SE Runtime Environment (build 1.7.0_76-b13)
Java HotSpot(TM) 64-Bit Server VM (build 24.76-b04, mixed mode)
$ javac -J-Xmx32m -version
javac 1.7.0_76
travis_fold:start:before_install.1[0Ktravis_time:start:227a1b66[0K$ rvm use 2.1.5 --install
[32mUsing /home/travis/.rvm/gems/ruby-2.1.5[0m

travis_time:end:227a1b66:start=1468246276564040921,finish=1468246277309859690,duration=745818769[0Ktravis_fold:end:before_install.1[0Ktravis_fold:start:before_install.2[0Ktravis_time:start:08101f38[0K$ nvm install 0.12.2
v0.12.2 is already installed.
Now using node v0.12.2

travis_time:end:08101f38:start=1468246277316252426,finish=1468246277614116870,duration=297864444[0Ktravis_fold:end:before_install.2[0Ktravis_fold:start:before_install.3[0Ktravis_time:start:06186996[0K$ nvm use 0.12.2
Now using node v0.12.2

travis_time:end:06186996:start=1468246277620452431,finish=1468246277698084029,duration=77631598[0Ktravis_fold:end:before_install.3[0Ktravis_fold:start:install[0Ktravis_time:start:01124cb4[0K$ /bin/bash ./dev-tools/travis/travis-install.sh `pwd`
Python version :   Python 2.7.3
Maven version  :   Apache Maven 3.2.5 (12a6b3acb947671f09b81f49094c53f426d8cea1; 2014-12-14T17:29:23+00:00) Maven home: /usr/local/maven Java version: 1.7.0_76, vendor: Oracle Corporation Java home: /usr/lib/jvm/java-7-oracle/jre Default locale: en_US, platform encoding: UTF-8 OS name: "linux", version: "3.13.0-40-generic", arch: "amd64", family: "unix"
['mvn', 'clean', 'install', '-DskipTests', '-Pnative', '--batch-mode'] writing to install.txt
2 seconds 1 log lines13 seconds 196 log lines43 seconds 323 log lines56 seconds 330 log lines69 seconds 408 log lines89 seconds 652 log lines103 seconds 865 log lines113 seconds 924 log lines123 seconds 1148 log lines133 seconds 1322 log lines144 seconds 1473 log lines154 seconds 1721 log lines164 seconds 1935 log lines175 seconds 2215 log lines189 seconds 2377 log lines205 seconds 2679 log lines206 seconds 2680 log lines
['mvn', 'clean', 'install', '-DskipTests', '-Pnative', '--batch-mode'] done 0

travis_time:end:01124cb4:start=1468246277704307031,finish=1468246485569211666,duration=207864904635[0Ktravis_fold:end:install[0Ktravis_time:start:30e15040[0K$ /bin/bash ./dev-tools/travis/travis-script.sh `pwd` $MODULES
Python version :   Python 2.7.3
Ruby version   :   ruby 2.1.5p273 (2014-11-13 revision 48405) [x86_64-linux]
NodeJs version :   v0.12.2
Maven version  :   Apache Maven 3.2.5 (12a6b3acb947671f09b81f49094c53f426d8cea1; 2014-12-14T17:29:23+00:00) Maven home: /usr/local/maven Java version: 1.7.0_76, vendor: Oracle Corporation Java home: /usr/lib/jvm/java-7-oracle/jre Default locale: en_US, platform encoding: UTF-8 OS name: "linux", version: "3.13.0-40-generic", arch: "amd64", family: "unix"
[INFO] Scanning for projects...
[INFO]                                                                         
[INFO] ------------------------------------------------------------------------
[INFO] Building Storm Core 2.0.0-SNAPSHOT
[INFO] ------------------------------------------------------------------------
[INFO] 
[INFO] --- exec-maven-plugin:1.2.1:exec (default) @ storm-core ---
[INFO] 
[INFO] --- maven-remote-resources-plugin:1.2.1:process (default) @ storm-core ---
[INFO] 
[INFO] --- storm-maven-plugins:2.0.0-SNAPSHOT:version-info (version-info) @ storm-core ---
[WARNING] [svn, info] failed with error code 1
[INFO] SCM: GIT
[INFO] Computed MD5: 3c3a8d982037c78a6d35daca2b07764
[INFO] 
[INFO] --- maven-resources-plugin:2.5:resources (default-resources) @ storm-core ---
[debug] execute contextualize
[INFO] Using 'UTF-8' encoding to copy filtered resources.
[INFO] Copying 9 resources
[INFO] Copying 1 resource to META-INF
[INFO] Copying 0 resource
[INFO] Copying 1 resource
[INFO] Copying 3 resources
[INFO] 
[INFO] --- maven-compiler-plugin:3.1:compile (default-compile) @ storm-core ---
[INFO] Nothing to compile - all classes are up to date
[INFO] 
[INFO] --- clojure-maven-plugin:1.7.1:compile (compile-clojure) @ storm-core ---
Compiling org.apache.storm.testing4j to /home/travis/build/apache/storm/storm-core/target/classes
14:15:00.520 [main] WARN  o.a.s.m.StormMetricsRegistry - Metric ui:num-topology-op-response-http-requests has already been registered
14:15:00.521 [main] WARN  o.a.s.m.StormMetricsRegistry - Metric ui:num-topology-op-response-http-requests has already been registered
Compiling org.apache.storm.ui.helpers to /home/travis/build/apache/storm/storm-core/target/classes
Compiling org.apache.storm.scheduler.IsolationScheduler to /home/travis/build/apache/storm/storm-core/target/classes
Compiling org.apache.storm.log to /home/travis/build/apache/storm/storm-core/target/classes
Compiling org.apache.storm.daemon.worker to /home/travis/build/apache/storm/storm-core/target/classes
Compiling org.apache.storm.daemon.executor to /home/travis/build/apache/storm/storm-core/target/classes
Compiling org.apache.storm.converter to /home/travis/build/apache/storm/storm-core/target/classes
Compiling org.apache.storm.testing to /home/travis/build/apache/storm/storm-core/target/classes
Compiling org.apache.storm.util to /home/travis/build/apache/storm/storm-core/target/classes
Compiling org.apache.storm.command.heartbeats to /home/travis/build/apache/storm/storm-core/target/classes
Compiling org.apache.storm.command.shell-submission to /home/travis/build/apache/storm/storm-core/target/classes
Compiling org.apache.storm.blobstore to /home/travis/build/apache/storm/storm-core/target/classes
Compiling org.apache.storm.internal.clojure to /home/travis/build/apache/storm/storm-core/target/classes
Compiling org.apache.storm.daemon.common to /home/travis/build/apache/storm/storm-core/target/classes
Compiling org.apache.storm.daemon.local-supervisor to /home/travis/build/apache/storm/storm-core/target/classes
Compiling org.apache.storm.internal.thrift to /home/travis/build/apache/storm/storm-core/target/classes
Compiling org.apache.storm.daemon.logviewer to /home/travis/build/apache/storm/storm-core/target/classes
Compiling org.apache.storm.daemon.nimbus to /home/travis/build/apache/storm/storm-core/target/classes
Compiling org.apache.storm.LocalCluster to /home/travis/build/apache/storm/storm-core/target/classes
Compiling org.apache.storm.command.get-errors to /home/travis/build/apache/storm/storm-core/target/classes
Compiling org.apache.storm.trident.testing to /home/travis/build/apache/storm/storm-core/target/classes
Compiling org.apache.storm.ui.core to /home/travis/build/apache/storm/storm-core/target/classes
Compiling org.apache.storm.command.blobstore to /home/travis/build/apache/storm/storm-core/target/classes
Compiling org.apache.storm.local-state-converter to /home/travis/build/apache/storm/storm-core/target/classes
Compiling org.apache.storm.daemon.drpc to /home/travis/build/apache/storm/storm-core/target/classes
Compiling org.apache.storm.config to /home/travis/build/apache/storm/storm-core/target/classes
[INFO] 
[INFO] --- make-maven-plugin:1.0-beta-1:autoreconf (compile) @ storm-core ---
[INFO] 
[INFO] --- make-maven-plugin:1.0-beta-1:configure (compile) @ storm-core ---
[INFO] /bin/sh: 14: /home/travis/.jdk_switcher_rc: [[: not found
[INFO] /bin/sh: 22: /home/travis/.jdk_switcher_rc: [[: not found
[INFO] /bin/sh: 32: /home/travis/.jdk_switcher_rc: [[: not found
[INFO] /bin/sh: 42: /home/travis/.jdk_switcher_rc: [[: not found
[INFO] /bin/sh: 3: /etc/profile.d/rvm.sh: [[: not found
[INFO] checking for gcc... gcc
[INFO] checking whether the C compiler works... yes
[INFO] checking for C compiler default output file name... a.out
[INFO] checking for suffix of executables... 
[INFO] checking whether we are cross compiling... no
[INFO] checking for suffix of object files... o
[INFO] checking whether we are using the GNU C compiler... yes
[INFO] checking whether gcc accepts -g... yes
[INFO] checking for gcc option to accept ISO C89... none needed
[INFO] checking how to run the C preprocessor... gcc -E
[INFO] checking for grep that handles long lines and -e... /bin/grep
[INFO] checking for egrep... /bin/grep -E
[INFO] checking for ANSI C header files... yes
[INFO] checking for sys/types.h... yes
[INFO] checking for sys/stat.h... yes
[INFO] checking for stdlib.h... yes
[INFO] checking for string.h... yes
[INFO] checking for memory.h... yes
[INFO] checking for strings.h... yes
[INFO] checking for inttypes.h... yes
[INFO] checking for stdint.h... yes
[INFO] checking for unistd.h... yes
[INFO] checking minix/config.h usability... no
[INFO] checking minix/config.h presence... no
[INFO] checking for minix/config.h... no
[INFO] checking whether it is safe to define __EXTENSIONS__... yes
[INFO] checking for a BSD-compatible install... /usr/bin/install -c
[INFO] checking whether build environment is sane... yes
[INFO] checking for a thread-safe mkdir -p... /bin/mkdir -p
[INFO] checking for gawk... gawk
[INFO] checking whether make sets $(MAKE)... yes
[INFO] checking for style of include used by make... GNU
[INFO] checking dependency style of gcc... gcc3
[INFO] checking for gcc... (cached) gcc
[INFO] checking whether we are using the GNU C compiler... (cached) yes
[INFO] checking whether gcc accepts -g... (cached) yes
[INFO] checking for gcc option to accept ISO C89... (cached) none needed
[INFO] checking whether gcc and cc understand -c and -o together... yes
[INFO] checking for unistd.h... (cached) yes
[INFO] checking for stdbool.h that conforms to C99... yes
[INFO] checking for _Bool... yes
[INFO] checking for an ANSI C-conforming const... yes
[INFO] checking for off_t... yes
[INFO] checking for size_t... yes
[INFO] checking whether strerror_r is declared... yes
[INFO] checking for strerror_r... yes
[INFO] checking whether strerror_r returns char *... yes
[INFO] checking for mkdir... yes
[INFO] checking for uname... yes
[INFO] configure: creating ./config.status
[INFO] config.status: creating Makefile
[INFO] config.status: executing depfiles commands
[INFO] 
[INFO] --- make-maven-plugin:1.0-beta-1:make-install (compile) @ storm-core ---
[INFO] /bin/sh: 14: /home/travis/.jdk_switcher_rc: [[: not found
[INFO] /bin/sh: 22: /home/travis/.jdk_switcher_rc: [[: not found
[INFO] /bin/sh: 32: /home/travis/.jdk_switcher_rc: [[: not found
[INFO] /bin/sh: 42: /home/travis/.jdk_switcher_rc: [[: not found
[INFO] /bin/sh: 3: /etc/profile.d/rvm.sh: [[: not found
[INFO] make[1]: Entering directory `/home/travis/build/apache/storm/storm-core/target/native/worker-launcher'
[INFO] test -z "/usr/local/bin" || /bin/mkdir -p "/home/travis/build/apache/storm/storm-core/target/native/target/usr/local/bin"
[INFO]   /usr/bin/install -c worker-launcher '/home/travis/build/apache/storm/storm-core/target/native/target/usr/local/bin'
[INFO] make[1]: Nothing to be done for `install-data-am'.
[INFO] make[1]: Leaving directory `/home/travis/build/apache/storm/storm-core/target/native/worker-launcher'
[INFO] 
[INFO] --- maven-resources-plugin:2.5:testResources (default-testResources) @ storm-core ---
[debug] execute contextualize
[INFO] Using 'UTF-8' encoding to copy filtered resources.
[INFO] Copying 14 resources
[INFO] Copying 2 resources
[INFO] Copying 3 resources
[INFO] 
[INFO] --- maven-dependency-plugin:2.8:unpack (unpack) @ storm-core ---
[INFO] Configured Artifact: org.apache.storm:multilang-ruby:2.0.0-SNAPSHOT:jar
[INFO] Downloading: https://repository.apache.org/snapshots/org/apache/storm/multilang-ruby/2.0.0-SNAPSHOT/maven-metadata.xml
[INFO] Configured Artifact: org.apache.storm:multilang-python:2.0.0-SNAPSHOT:jar
[INFO] Downloading: https://repository.apache.org/snapshots/org/apache/storm/multilang-python/2.0.0-SNAPSHOT/maven-metadata.xml
[INFO] Configured Artifact: org.apache.storm:multilang-javascript:2.0.0-SNAPSHOT:jar
[INFO] Downloading: https://repository.apache.org/snapshots/org/apache/storm/multilang-javascript/2.0.0-SNAPSHOT/maven-metadata.xml
[INFO] multilang-ruby-2.0.0-SNAPSHOT.jar already unpacked.
[INFO] multilang-python-2.0.0-SNAPSHOT.jar already unpacked.
[INFO] multilang-javascript-2.0.0-SNAPSHOT.jar already unpacked.
[INFO] 
[INFO] --- maven-compiler-plugin:3.1:testCompile (default-testCompile) @ storm-core ---
[INFO] Changes detected - recompiling the module!
[INFO] Compiling 62 source files to /home/travis/build/apache/storm/storm-core/target/test-classes
[WARNING] /home/travis/build/apache/storm/storm-core/test/jvm/org/apache/storm/localizer/LocalizerTest.java: Some input files use or override a deprecated API.
[WARNING] /home/travis/build/apache/storm/storm-core/test/jvm/org/apache/storm/localizer/LocalizerTest.java: Recompile with -Xlint:deprecation for details.
[WARNING] /home/travis/build/apache/storm/storm-core/test/jvm/org/apache/storm/command/TestCLI.java: Some input files use unchecked or unsafe operations.
[WARNING] /home/travis/build/apache/storm/storm-core/test/jvm/org/apache/storm/command/TestCLI.java: Recompile with -Xlint:unchecked for details.
[INFO] 
[INFO] --- maven-surefire-plugin:2.18.1:test (default-test) @ storm-core ---
[INFO] Surefire report directory: /home/travis/build/apache/storm/storm-core/target/surefire-reports
[INFO] parallel='none', perCoreThreadCount=true, threadCount=0, useUnlimitedThreads=false, threadCountSuites=0, threadCountClasses=0, threadCountMethods=0, parallelOptimized=true

-------------------------------------------------------
 T E S T S
-------------------------------------------------------
Running org.apache.storm.security.serialization.BlowfishTupleSerializerTest
Tests run: 3, Failures: 0, Errors: 0, Skipped: 0, Time elapsed: 0.24 sec - in org.apache.storm.security.serialization.BlowfishTupleSerializerTest
Running org.apache.storm.security.auth.ReqContextTest
Tests run: 4, Failures: 0, Errors: 0, Skipped: 0, Time elapsed: 0.009 sec - in org.apache.storm.security.auth.ReqContextTest
Running org.apache.storm.security.auth.SaslTransportPluginTest
Tests run: 2, Failures: 0, Errors: 0, Skipped: 0, Time elapsed: 0.003 sec - in org.apache.storm.security.auth.SaslTransportPluginTest
Running org.apache.storm.security.auth.ThriftClientTest
Tests run: 4, Failures: 0, Errors: 0, Skipped: 0, Time elapsed: 0.249 sec - in org.apache.storm.security.auth.ThriftClientTest
Running org.apache.storm.security.auth.AuthUtilsTest
Tests run: 15, Failures: 0, Errors: 0, Skipped: 0, Time elapsed: 0.212 sec - in org.apache.storm.security.auth.AuthUtilsTest
Running org.apache.storm.security.auth.ThriftServerTest
Tests run: 2, Failures: 0, Errors: 0, Skipped: 0, Time elapsed: 0.067 sec - in org.apache.storm.security.auth.ThriftServerTest
Running org.apache.storm.cluster.StormClusterStateImplTest
Tests run: 5, Failures: 0, Errors: 0, Skipped: 0, Time elapsed: 0.038 sec - in org.apache.storm.cluster.StormClusterStateImplTest
Running org.apache.storm.serialization.GzipBridgeThriftSerializationDelegateTest
Tests run: 3, Failures: 0, Errors: 0, Skipped: 0, Time elapsed: 0.006 sec - in org.apache.storm.serialization.GzipBridgeThriftSerializationDelegateTest
Running org.apache.storm.serialization.GzipBridgeSerializationDelegateTest
Tests run: 3, Failures: 0, Errors: 0, Skipped: 0, Time elapsed: 0.026 sec - in org.apache.storm.serialization.GzipBridgeSerializationDelegateTest
Running org.apache.storm.serialization.SerializationTest
Tests run: 3, Failures: 0, Errors: 0, Skipped: 0, Time elapsed: 1.587 sec - in org.apache.storm.serialization.SerializationTest
Running org.apache.storm.serialization.ThriftBridgeSerializationDelegateTest
Tests run: 1, Failures: 0, Errors: 0, Skipped: 0, Time elapsed: 0.001 sec - in org.apache.storm.serialization.ThriftBridgeSerializationDelegateTest
Running org.apache.storm.grouping.PartialKeyGroupingTest
Tests run: 2, Failures: 0, Errors: 0, Skipped: 0, Time elapsed: 0.034 sec - in org.apache.storm.grouping.PartialKeyGroupingTest
Running org.apache.storm.command.TestCLI
Tests run: 1, Failures: 0, Errors: 0, Skipped: 0, Time elapsed: 0.005 sec - in org.apache.storm.command.TestCLI
Running org.apache.storm.command.RebalanceTest
Tests run: 2, Failures: 0, Errors: 0, Skipped: 0, Time elapsed: 0.001 sec - in org.apache.storm.command.RebalanceTest
Running org.apache.storm.command.SetLogLevelTest
Tests run: 3, Failures: 0, Errors: 0, Skipped: 0, Time elapsed: 0.001 sec - in org.apache.storm.command.SetLogLevelTest
Running org.apache.storm.utils.UtilsTest
Tests run: 8, Failures: 0, Errors: 0, Skipped: 0, Time elapsed: 0.102 sec - in org.apache.storm.utils.UtilsTest
Running org.apache.storm.utils.DisruptorQueueTest
Tests run: 3, Failures: 0, Errors: 0, Skipped: 0, Time elapsed: 3.488 sec - in org.apache.storm.utils.DisruptorQueueTest
Running org.apache.storm.utils.DisruptorQueueBackpressureTest
Tests run: 1, Failures: 0, Errors: 0, Skipped: 0, Time elapsed: 0 sec - in org.apache.storm.utils.DisruptorQueueBackpressureTest
Running org.apache.storm.utils.StormBoundedExponentialBackoffRetryTest
Tests run: 5, Failures: 0, Errors: 0, Skipped: 0, Time elapsed: 0.173 sec - in org.apache.storm.utils.StormBoundedExponentialBackoffRetryTest
Running org.apache.storm.utils.TimeTest
Tests run: 8, Failures: 0, Errors: 0, Skipped: 0, Time elapsed: 0.002 sec - in org.apache.storm.utils.TimeTest
Running org.apache.storm.utils.ThriftTopologyUtilsTest
Tests run: 5, Failures: 0, Errors: 0, Skipped: 0, Time elapsed: 0.018 sec - in org.apache.storm.utils.ThriftTopologyUtilsTest
Running org.apache.storm.utils.WorkerBackpressureThreadTest
Tests run: 1, Failures: 0, Errors: 0, Skipped: 0, Time elapsed: 0.202 sec - in org.apache.storm.utils.WorkerBackpressureThreadTest
Running org.apache.storm.utils.ShellBoltMessageQueueTest
Tests run: 3, Failures: 0, Errors: 0, Skipped: 0, Time elapsed: 2.23 sec - in org.apache.storm.utils.ShellBoltMessageQueueTest
Running org.apache.storm.metric.internal.CountStatAndMetricTest
Tests run: 1, Failures: 0, Errors: 0, Skipped: 0, Time elapsed: 0.006 sec - in org.apache.storm.metric.internal.CountStatAndMetricTest
Running org.apache.storm.metric.internal.RateTrackerTest
Tests run: 4, Failures: 0, Errors: 0, Skipped: 0, Time elapsed: 0.001 sec - in org.apache.storm.metric.internal.RateTrackerTest
Running org.apache.storm.metric.internal.LatencyStatAndMetricTest
Tests run: 1, Failures: 0, Errors: 0, Skipped: 0, Time elapsed: 0.008 sec - in org.apache.storm.metric.internal.LatencyStatAndMetricTest
Running org.apache.storm.metric.filter.FilterByMetricNameTest
Tests run: 4, Failures: 0, Errors: 0, Skipped: 0, Time elapsed: 0.02 sec - in org.apache.storm.metric.filter.FilterByMetricNameTest
Running org.apache.storm.scheduler.resource.strategies.scheduling.TestDefaultResourceAwareStrategy
Tests run: 2, Failures: 0, Errors: 0, Skipped: 0, Time elapsed: 4.074 sec - in org.apache.storm.scheduler.resource.strategies.scheduling.TestDefaultResourceAwareStrategy
Running org.apache.storm.scheduler.resource.TestResourceAwareScheduler
Tests run: 14, Failures: 0, Errors: 0, Skipped: 0, Time elapsed: 28.508 sec - in org.apache.storm.scheduler.resource.TestResourceAwareScheduler
Running org.apache.storm.scheduler.resource.TestUser
Tests run: 3, Failures: 0, Errors: 0, Skipped: 0, Time elapsed: 10 sec - in org.apache.storm.scheduler.resource.TestUser
Running org.apache.storm.localizer.LocalizerTest
Tests run: 13, Failures: 0, Errors: 0, Skipped: 0, Time elapsed: 3.522 sec - in org.apache.storm.localizer.LocalizerTest
Running org.apache.storm.localizer.LocalizedResourceRetentionSetTest
Tests run: 2, Failures: 0, Errors: 0, Skipped: 0, Time elapsed: 0.503 sec - in org.apache.storm.localizer.LocalizedResourceRetentionSetTest
Running org.apache.storm.localizer.LocalizedResourceSetTest
Tests run: 4, Failures: 0, Errors: 0, Skipped: 0, Time elapsed: 0.186 sec - in org.apache.storm.localizer.LocalizedResourceSetTest
Running org.apache.storm.spout.CheckpointSpoutTest
Tests run: 7, Failures: 0, Errors: 0, Skipped: 0, Time elapsed: 1.355 sec - in org.apache.storm.spout.CheckpointSpoutTest
Running org.apache.storm.blobstore.ClientBlobStoreTest
Tests run: 4, Failures: 0, Errors: 0, Skipped: 0, Time elapsed: 0.187 sec - in org.apache.storm.blobstore.ClientBlobStoreTest
Running org.apache.storm.blobstore.BlobStoreTest
Tests run: 4, Failures: 0, Errors: 0, Skipped: 0, Time elapsed: 7.948 sec - in org.apache.storm.blobstore.BlobStoreTest
Running org.apache.storm.blobstore.BlobSynchronizerTest
Tests run: 4, Failures: 0, Errors: 0, Skipped: 0, Time elapsed: 11.045 sec - in org.apache.storm.blobstore.BlobSynchronizerTest
Running org.apache.storm.topology.StatefulWindowedBoltExecutorTest
Tests run: 4, Failures: 0, Errors: 0, Skipped: 0, Time elapsed: 0.757 sec - in org.apache.storm.topology.StatefulWindowedBoltExecutorTest
Running org.apache.storm.topology.TopologyBuilderTest
Tests run: 5, Failures: 0, Errors: 0, Skipped: 0, Time elapsed: 0.657 sec - in org.apache.storm.topology.TopologyBuilderTest
Running org.apache.storm.topology.StatefulBoltExecutorTest
Tests run: 7, Failures: 0, Errors: 0, Skipped: 0, Time elapsed: 0.741 sec - in org.apache.storm.topology.StatefulBoltExecutorTest
Running org.apache.storm.topology.WindowedBoltExecutorTest
Tests run: 5, Failures: 1, Errors: 0, Skipped: 0, Time elapsed: 1.415 sec <<< FAILURE! - in org.apache.storm.topology.WindowedBoltExecutorTest
testExecuteWithLateTupleStream(org.apache.storm.topology.WindowedBoltExecutorTest)  Time elapsed: 0.454 sec  <<< FAILURE!
org.mockito.exceptions.verification.WantedButNotInvoked: 
Wanted but not invoked:
outputCollector.emit(
    "$late",
    [source: null:1, stream: s1, id: {}, [600]],
    [source: null:1, stream: s1, id: {}, [600]]
);
-> at org.apache.storm.topology.WindowedBoltExecutorTest.testExecuteWithLateTupleStream(WindowedBoltExecutorTest.java:225)
Actually, there were zero interactions with this mock.

	at org.apache.storm.topology.WindowedBoltExecutorTest.testExecuteWithLateTupleStream(WindowedBoltExecutorTest.java:225)

Running org.apache.storm.state.InMemoryKeyValueStateTest
Tests run: 2, Failures: 0, Errors: 0, Skipped: 0, Time elapsed: 0.003 sec - in org.apache.storm.state.InMemoryKeyValueStateTest
Running org.apache.storm.windowing.WaterMarkEventGeneratorTest
Tests run: 5, Failures: 0, Errors: 0, Skipped: 0, Time elapsed: 0.405 sec - in org.apache.storm.windowing.WaterMarkEventGeneratorTest
Running org.apache.storm.windowing.WindowManagerTest
Tests run: 10, Failures: 0, Errors: 0, Skipped: 0, Time elapsed: 0.149 sec - in org.apache.storm.windowing.WindowManagerTest
Running org.apache.storm.trident.TestTridentTopology
Tests run: 1, Failures: 0, Errors: 0, Skipped: 0, Time elapsed: 82.448 sec - in org.apache.storm.trident.TestTridentTopology
Running org.apache.storm.trident.TridentWindowingTest
Tests run: 3, Failures: 0, Errors: 0, Skipped: 0, Time elapsed: 0.011 sec - in org.apache.storm.trident.TridentWindowingTest
Running org.apache.storm.nimbus.LocalNimbusTest
Tests run: 1, Failures: 0, Errors: 0, Skipped: 0, Time elapsed: 64.12 sec - in org.apache.storm.nimbus.LocalNimbusTest
Running org.apache.storm.tuple.FieldsTest
Tests run: 12, Failures: 0, Errors: 0, Skipped: 0, Time elapsed: 0.004 sec - in org.apache.storm.tuple.FieldsTest
Running org.apache.storm.TestConfigValidate
Tests run: 25, Failures: 0, Errors: 0, Skipped: 0, Time elapsed: 4.299 sec - in org.apache.storm.TestConfigValidate
Running org.apache.storm.PacemakerTest
Tests run: 9, Failures: 0, Errors: 0, Skipped: 0, Time elapsed: 3.448 sec - in org.apache.storm.PacemakerTest
Running org.apache.storm.TestCgroups
Tests run: 1, Failures: 0, Errors: 0, Skipped: 1, Time elapsed: 0.587 sec - in org.apache.storm.TestCgroups
Running org.apache.storm.PaceMakerStateStorageFactoryTest
Tests run: 10, Failures: 0, Errors: 0, Skipped: 0, Time elapsed: 0.912 sec - in org.apache.storm.PaceMakerStateStorageFactoryTest

Results :

Failed tests: 
  WindowedBoltExecutorTest.testExecuteWithLateTupleStream:225 
Wanted but not invoked:
outputCollector.emit(
    "$late",
    [source: null:1, stream: s1, id: {}, [600]],
    [source: null:1, stream: s1, id: {}, [600]]
);
-> at org.apache.storm.topology.WindowedBoltExecutorTest.testExecuteWithLateTupleStream(WindowedBoltExecutorTest.java:225)
Actually, there were zero interactions with this mock.


Tests run: 254, Failures: 1, Errors: 0, Skipped: 1

[INFO] ------------------------------------------------------------------------
[INFO] BUILD FAILURE
[INFO] ------------------------------------------------------------------------
[INFO] Total time: 04:28 min
[INFO] Finished at: 2016-07-11T14:19:15+00:00
[INFO] Final Memory: 44M/423M
[INFO] ------------------------------------------------------------------------
[ERROR] Failed to execute goal org.apache.maven.plugins:maven-surefire-plugin:2.18.1:test (default-test) on project storm-core: There are test failures.
[ERROR] 
[ERROR] Please refer to /home/travis/build/apache/storm/storm-core/target/surefire-reports for the individual test results.
[ERROR] -> [Help 1]
[ERROR] 
[ERROR] To see the full stack trace of the errors, re-run Maven with the -e switch.
[ERROR] Re-run Maven using the -X switch to enable full debug logging.
[ERROR] 
[ERROR] For more information about the errors and possible solutions, please read the following articles:
[ERROR] [Help 1] http://cwiki.apache.org/confluence/display/MAVEN/MojoFailureException
Looking for errors in ./storm-core/target/surefire-reports
Checking ./storm-core/target/surefire-reports/TEST-org.apache.storm.security.serialization.BlowfishTupleSerializerTest.xml
Checking ./storm-core/target/surefire-reports/TEST-org.apache.storm.security.auth.ReqContextTest.xml
Checking ./storm-core/target/surefire-reports/TEST-org.apache.storm.security.auth.SaslTransportPluginTest.xml
Checking ./storm-core/target/surefire-reports/TEST-org.apache.storm.security.auth.ThriftClientTest.xml
Checking ./storm-core/target/surefire-reports/TEST-org.apache.storm.security.auth.AuthUtilsTest.xml
Checking ./storm-core/target/surefire-reports/TEST-org.apache.storm.security.auth.ThriftServerTest.xml
Checking ./storm-core/target/surefire-reports/TEST-org.apache.storm.cluster.StormClusterStateImplTest.xml
Checking ./storm-core/target/surefire-reports/TEST-org.apache.storm.serialization.GzipBridgeThriftSerializationDelegateTest.xml
Checking ./storm-core/target/surefire-reports/TEST-org.apache.storm.serialization.GzipBridgeSerializationDelegateTest.xml
Checking ./storm-core/target/surefire-reports/TEST-org.apache.storm.serialization.SerializationTest.xml
Checking ./storm-core/target/surefire-reports/TEST-org.apache.storm.serialization.ThriftBridgeSerializationDelegateTest.xml
Checking ./storm-core/target/surefire-reports/TEST-org.apache.storm.grouping.PartialKeyGroupingTest.xml
Checking ./storm-core/target/surefire-reports/TEST-org.apache.storm.command.TestCLI.xml
Checking ./storm-core/target/surefire-reports/TEST-org.apache.storm.command.RebalanceTest.xml
Checking ./storm-core/target/surefire-reports/TEST-org.apache.storm.command.SetLogLevelTest.xml
Checking ./storm-core/target/surefire-reports/TEST-org.apache.storm.utils.UtilsTest.xml
Checking ./storm-core/target/surefire-reports/TEST-org.apache.storm.utils.DisruptorQueueTest.xml
Checking ./storm-core/target/surefire-reports/TEST-org.apache.storm.utils.DisruptorQueueBackpressureTest.xml
Checking ./storm-core/target/surefire-reports/TEST-org.apache.storm.utils.StormBoundedExponentialBackoffRetryTest.xml
Checking ./storm-core/target/surefire-reports/TEST-org.apache.storm.utils.TimeTest.xml
Checking ./storm-core/target/surefire-reports/TEST-org.apache.storm.utils.ThriftTopologyUtilsTest.xml
Checking ./storm-core/target/surefire-reports/TEST-org.apache.storm.utils.WorkerBackpressureThreadTest.xml
Checking ./storm-core/target/surefire-reports/TEST-org.apache.storm.utils.ShellBoltMessageQueueTest.xml
Checking ./storm-core/target/surefire-reports/TEST-org.apache.storm.metric.internal.CountStatAndMetricTest.xml
Checking ./storm-core/target/surefire-reports/TEST-org.apache.storm.metric.internal.RateTrackerTest.xml
Checking ./storm-core/target/surefire-reports/TEST-org.apache.storm.metric.internal.LatencyStatAndMetricTest.xml
Checking ./storm-core/target/surefire-reports/TEST-org.apache.storm.metric.filter.FilterByMetricNameTest.xml
Checking ./storm-core/target/surefire-reports/TEST-org.apache.storm.scheduler.resource.strategies.scheduling.TestDefaultResourceAwareStrategy.xml
Checking ./storm-core/target/surefire-reports/TEST-org.apache.storm.scheduler.resource.TestResourceAwareScheduler.xml
Checking ./storm-core/target/surefire-reports/TEST-org.apache.storm.scheduler.resource.TestUser.xml
Checking ./storm-core/target/surefire-reports/TEST-org.apache.storm.localizer.LocalizerTest.xml
Checking ./storm-core/target/surefire-reports/TEST-org.apache.storm.localizer.LocalizedResourceRetentionSetTest.xml
Checking ./storm-core/target/surefire-reports/TEST-org.apache.storm.localizer.LocalizedResourceSetTest.xml
Checking ./storm-core/target/surefire-reports/TEST-org.apache.storm.spout.CheckpointSpoutTest.xml
Checking ./storm-core/target/surefire-reports/TEST-org.apache.storm.blobstore.ClientBlobStoreTest.xml
Checking ./storm-core/target/surefire-reports/TEST-org.apache.storm.blobstore.BlobStoreTest.xml
Checking ./storm-core/target/surefire-reports/TEST-org.apache.storm.blobstore.BlobSynchronizerTest.xml
Checking ./storm-core/target/surefire-reports/TEST-org.apache.storm.topology.StatefulWindowedBoltExecutorTest.xml
Checking ./storm-core/target/surefire-reports/TEST-org.apache.storm.topology.TopologyBuilderTest.xml
Checking ./storm-core/target/surefire-reports/TEST-org.apache.storm.topology.StatefulBoltExecutorTest.xml
Checking ./storm-core/target/surefire-reports/TEST-org.apache.storm.topology.WindowedBoltExecutorTest.xml
--------------------------------------------------
classname: org.apache.storm.topology.WindowedBoltExecutorTest / testname: testExecuteWithLateTupleStream
org.mockito.exceptions.verification.WantedButNotInvoked: 
Wanted but not invoked:
outputCollector.emit(
    "$late",
    [source: null:1, stream: s1, id: {}, [600]],
    [source: null:1, stream: s1, id: {}, [600]]
);
-> at org.apache.storm.topology.WindowedBoltExecutorTest.testExecuteWithLateTupleStream(WindowedBoltExecutorTest.java:225)
Actually, there were zero interactions with this mock.

	at org.apache.storm.topology.WindowedBoltExecutorTest.testExecuteWithLateTupleStream(WindowedBoltExecutorTest.java:225)

-------------------- system-out --------------------
79605 [main-SendThread(localhost:2181)] WARN  o.a.z.ClientCnxn - Session 0x0 for server null, unexpected error, closing socket connection and attempting reconnect
java.net.ConnectException: Connection refused
	at sun.nio.ch.SocketChannelImpl.checkConnect(Native Method) ~[?:1.7.0_76]
	at sun.nio.ch.SocketChannelImpl.finishConnect(SocketChannelImpl.java:739) ~[?:1.7.0_76]
	at org.apache.zookeeper.ClientCnxnSocketNIO.doTransport(ClientCnxnSocketNIO.java:361) ~[zookeeper-3.4.6.jar:3.4.6-1569965]
	at org.apache.zookeeper.ClientCnxn$SendThread.run(ClientCnxn.java:1081) [zookeeper-3.4.6.jar:3.4.6-1569965]
79706 [main-SendThread(localhost:2181)] WARN  o.a.z.ClientCnxn - Session 0x0 for server null, unexpected error, closing socket connection and attempting reconnect
java.net.ConnectException: Connection refused
	at sun.nio.ch.SocketChannelImpl.checkConnect(Native Method) ~[?:1.7.0_76]
	at sun.nio.ch.SocketChannelImpl.finishConnect(SocketChannelImpl.java:739) ~[?:1.7.0_76]
	at org.apache.zookeeper.ClientCnxnSocketNIO.doTransport(ClientCnxnSocketNIO.java:361) ~[zookeeper-3.4.6.jar:3.4.6-1569965]
	at org.apache.zookeeper.ClientCnxn$SendThread.run(ClientCnxn.java:1081) [zookeeper-3.4.6.jar:3.4.6-1569965]
79743 [main-SendThread(localhost:2181)] WARN  o.a.z.ClientCnxn - Session 0x0 for server null, unexpected error, closing socket connection and attempting reconnect
java.net.ConnectException: Connection refused
	at sun.nio.ch.SocketChannelImpl.checkConnect(Native Method) ~[?:1.7.0_76]
	at sun.nio.ch.SocketChannelImpl.finishConnect(SocketChannelImpl.java:739) ~[?:1.7.0_76]
	at org.apache.zookeeper.ClientCnxnSocketNIO.doTransport(ClientCnxnSocketNIO.java:361) ~[zookeeper-3.4.6.jar:3.4.6-1569965]
	at org.apache.zookeeper.ClientCnxn$SendThread.run(ClientCnxn.java:1081) [zookeeper-3.4.6.jar:3.4.6-1569965]
79755 [main-SendThread(localhost:2181)] WARN  o.a.z.ClientCnxn - Session 0x0 for server null, unexpected error, closing socket connection and attempting reconnect
java.net.ConnectException: Connection refused
	at sun.nio.ch.SocketChannelImpl.checkConnect(Native Method) ~[?:1.7.0_76]
	at sun.nio.ch.SocketChannelImpl.finishConnect(SocketChannelImpl.java:739) ~[?:1.7.0_76]
	at org.apache.zookeeper.ClientCnxnSocketNIO.doTransport(ClientCnxnSocketNIO.java:361) ~[zookeeper-3.4.6.jar:3.4.6-1569965]
	at org.apache.zookeeper.ClientCnxn$SendThread.run(ClientCnxn.java:1081) [zookeeper-3.4.6.jar:3.4.6-1569965]
79770 [main-SendThread(localhost:2181)] WARN  o.a.z.ClientCnxn - Session 0x0 for server null, unexpected error, closing socket connection and attempting reconnect
java.net.ConnectException: Connection refused
	at sun.nio.ch.SocketChannelImpl.checkConnect(Native Method) ~[?:1.7.0_76]
	at sun.nio.ch.SocketChannelImpl.finishConnect(SocketChannelImpl.java:739) ~[?:1.7.0_76]
	at org.apache.zookeeper.ClientCnxnSocketNIO.doTransport(ClientCnxnSocketNIO.java:361) ~[zookeeper-3.4.6.jar:3.4.6-1569965]
	at org.apache.zookeeper.ClientCnxn$SendThread.run(ClientCnxn.java:1081) [zookeeper-3.4.6.jar:3.4.6-1569965]
[]

--------------------------------------------------
Checking ./storm-core/target/surefire-reports/TEST-org.apache.storm.state.InMemoryKeyValueStateTest.xml
Checking ./storm-core/target/surefire-reports/TEST-org.apache.storm.windowing.WaterMarkEventGeneratorTest.xml
Checking ./storm-core/target/surefire-reports/TEST-org.apache.storm.windowing.WindowManagerTest.xml
Checking ./storm-core/target/surefire-reports/TEST-org.apache.storm.trident.TestTridentTopology.xml
Checking ./storm-core/target/surefire-reports/TEST-org.apache.storm.trident.TridentWindowingTest.xml
Checking ./storm-core/target/surefire-reports/TEST-org.apache.storm.nimbus.LocalNimbusTest.xml
Checking ./storm-core/target/surefire-reports/TEST-org.apache.storm.tuple.FieldsTest.xml
Checking ./storm-core/target/surefire-reports/TEST-org.apache.storm.TestConfigValidate.xml
Checking ./storm-core/target/surefire-reports/TEST-org.apache.storm.PacemakerTest.xml
Checking ./storm-core/target/surefire-reports/TEST-org.apache.storm.TestCgroups.xml
Checking ./storm-core/target/surefire-reports/TEST-org.apache.storm.PaceMakerStateStorageFactoryTest.xml

travis_time:end:30e15040:start=1468246485573698270,finish=1468246756747613740,duration=271173915470[0K
[31;1mThe command "/bin/bash ./dev-tools/travis/travis-script.sh `pwd` $MODULES" exited with 1.[0m
travis_fold:start:cache.2[0Kstore build cache
travis_time:start:11a8df39[0K
travis_time:end:11a8df39:start=1468246756752745881,finish=1468246756756698279,duration=3952398[0Ktravis_time:start:1bbf7880[0K[32;1mchange detected (content changed, file is created, or file is deleted):
/home/travis/.m2/repository/eigenbase/eigenbase-properties/1.1.4/eigenbase-properties-1.1.4.pom.lastUpdated
/home/travis/.m2/repository/io/confluent/kafka-avro-serializer/1.0/kafka-avro-serializer-1.0.pom.lastUpdated
/home/travis/.m2/repository/io/confluent/kafka-schema-registry-client/1.0/kafka-schema-registry-client-1.0.pom.lastUpdated
/home/travis/.m2/repository/net/hydromatic/linq4j/0.4/linq4j-0.4.pom.lastUpdated
/home/travis/.m2/repository/net/hydromatic/quidem/0.1.1/quidem-0.1.1.pom.lastUpdated
/home/travis/.m2/repository/org/apache/storm/flux/2.0.0-SNAPSHOT/maven-metadata-local.xml
/home/travis/.m2/repository/org/apache/storm/flux/2.0.0-SNAPSHOT/_remote.repositories
/home/travis/.m2/repository/org/apache/storm/flux-core/2.0.0-SNAPSHOT/flux-core-2.0.0-SNAPSHOT.jar
/home/travis/.m2/repository/org/apache/storm/flux-core/2.0.0-SNAPSHOT/maven-metadata-local.xml
/home/travis/.m2/repository/org/apache/storm/flux-core/2.0.0-SNAPSHOT/_remote.repositories
/home/travis/.m2/repository/org/ap
[0m
[32;1m...
[0m
[32;1mchanges detected, packing new archive[0m
.
.
.
.
.
.
[32;1muploading archive[0m

travis_time:end:1bbf7880:start=1468246756761193446,finish=1468246816639505623,duration=59878312177[0Ktravis_fold:end:cache.2[0K
Done. Your build exited with 1.
