Using worker: worker-linux-docker-135f0095.prod.travis-ci.org:travis-linux-11

travis_fold:start:system_info[0K[33;1mBuild system information[0m
Build language: java
Build group: stable
Build dist: precise
[34m[1mBuild image provisioning date and time[0m
Thu Feb  5 15:09:33 UTC 2015
[34m[1mOperating System Details[0m
Distributor ID:	Ubuntu
Description:	Ubuntu 12.04.5 LTS
Release:	12.04
Codename:	precise
[34m[1mLinux Version[0m
3.13.0-29-generic
[34m[1mCookbooks Version[0m
a68419e https://github.com/travis-ci/travis-cookbooks/tree/a68419e
[34m[1mGCC version[0m
gcc (Ubuntu/Linaro 4.6.3-1ubuntu5) 4.6.3
Copyright (C) 2011 Free Software Foundation, Inc.
This is free software; see the source for copying conditions.  There is NO
warranty; not even for MERCHANTABILITY or FITNESS FOR A PARTICULAR PURPOSE.

[34m[1mLLVM version[0m
clang version 3.4 (tags/RELEASE_34/final)
Target: x86_64-unknown-linux-gnu
Thread model: posix
[34m[1mPre-installed Ruby versions[0m
ruby-1.9.3-p551
[34m[1mPre-installed Node.js versions[0m
v0.10.36
[34m[1mPre-installed Go versions[0m
1.4.1
[34m[1mRedis version[0m
redis-server 2.8.19
[34m[1mriak version[0m
2.0.2
[34m[1mMongoDB version[0m
MongoDB 2.4.12
[34m[1mCouchDB version[0m
couchdb 1.6.1
[34m[1mNeo4j version[0m
1.9.4
[34m[1mRabbitMQ Version[0m
3.4.3
[34m[1mElasticSearch version[0m
1.4.0
[34m[1mInstalled Sphinx versions[0m
2.0.10
2.1.9
2.2.6
[34m[1mDefault Sphinx version[0m
2.2.6
[34m[1mInstalled Firefox version[0m
firefox 31.0esr
[34m[1mPhantomJS version[0m
1.9.8
[34m[1mant -version[0m
Apache Ant(TM) version 1.8.2 compiled on December 3 2011
[34m[1mmvn -version[0m
Apache Maven 3.2.5 (12a6b3acb947671f09b81f49094c53f426d8cea1; 2014-12-14T17:29:23+00:00)
Maven home: /usr/local/maven
Java version: 1.7.0_76, vendor: Oracle Corporation
Java home: /usr/lib/jvm/java-7-oracle/jre
Default locale: en_US, platform encoding: ANSI_X3.4-1968
OS name: "linux", version: "3.13.0-29-generic", arch: "amd64", family: "unix"
travis_fold:end:system_info[0K
travis_fold:start:fix.CVE-2015-7547[0K$ export DEBIAN_FRONTEND=noninteractive
W: Size of file /var/lib/apt/lists/us.archive.ubuntu.com_ubuntu_dists_precise-backports_multiverse_source_Sources.gz is not what the server reported 5886 5888
W: Size of file /var/lib/apt/lists/ppa.launchpad.net_ubuntugis_ppa_ubuntu_dists_precise_main_binary-amd64_Packages.gz is not what the server reported 36669 36677
W: Size of file /var/lib/apt/lists/ppa.launchpad.net_ubuntugis_ppa_ubuntu_dists_precise_main_binary-i386_Packages.gz is not what the server reported 36729 36733
Reading package lists...
Building dependency tree...
Reading state information...
The following extra packages will be installed:
  libc-bin libc-dev-bin libc6-dev
Suggested packages:
  glibc-doc
The following packages will be upgraded:
  libc-bin libc-dev-bin libc6 libc6-dev
4 upgraded, 0 newly installed, 0 to remove and 252 not upgraded.
Need to get 8,840 kB of archives.
After this operation, 14.3 kB disk space will be freed.
Get:1 http://us.archive.ubuntu.com/ubuntu/ precise-updates/main libc6-dev amd64 2.15-0ubuntu10.15 [2,943 kB]
Get:2 http://us.archive.ubuntu.com/ubuntu/ precise-updates/main libc-dev-bin amd64 2.15-0ubuntu10.15 [84.7 kB]
Get:3 http://us.archive.ubuntu.com/ubuntu/ precise-updates/main libc-bin amd64 2.15-0ubuntu10.15 [1,177 kB]
Get:4 http://us.archive.ubuntu.com/ubuntu/ precise-updates/main libc6 amd64 2.15-0ubuntu10.15 [4,636 kB]
Fetched 8,840 kB in 0s (34.3 MB/s)
Preconfiguring packages ...
(Reading database ... (Reading database ... 5%(Reading database ... 10%(Reading database ... 15%(Reading database ... 20%(Reading database ... 25%(Reading database ... 30%(Reading database ... 35%(Reading database ... 40%(Reading database ... 45%(Reading database ... 50%(Reading database ... 55%(Reading database ... 60%(Reading database ... 65%(Reading database ... 70%(Reading database ... 75%(Reading database ... 80%(Reading database ... 85%(Reading database ... 90%(Reading database ... 95%(Reading database ... 100%(Reading database ... 72019 files and directories currently installed.)
Preparing to replace libc6-dev 2.15-0ubuntu10.10 (using .../libc6-dev_2.15-0ubuntu10.15_amd64.deb) ...
Unpacking replacement libc6-dev ...
Preparing to replace libc-dev-bin 2.15-0ubuntu10.10 (using .../libc-dev-bin_2.15-0ubuntu10.15_amd64.deb) ...
Unpacking replacement libc-dev-bin ...
Preparing to replace libc-bin 2.15-0ubuntu10.10 (using .../libc-bin_2.15-0ubuntu10.15_amd64.deb) ...
Unpacking replacement libc-bin ...
Processing triggers for man-db ...
Setting up libc-bin (2.15-0ubuntu10.15) ...
(Reading database ... (Reading database ... 5%(Reading database ... 10%(Reading database ... 15%(Reading database ... 20%(Reading database ... 25%(Reading database ... 30%(Reading database ... 35%(Reading database ... 40%(Reading database ... 45%(Reading database ... 50%(Reading database ... 55%(Reading database ... 60%(Reading database ... 65%(Reading database ... 70%(Reading database ... 75%(Reading database ... 80%(Reading database ... 85%(Reading database ... 90%(Reading database ... 95%(Reading database ... 100%(Reading database ... 72018 files and directories currently installed.)
Preparing to replace libc6 2.15-0ubuntu10.10 (using .../libc6_2.15-0ubuntu10.15_amd64.deb) ...
Unpacking replacement libc6 ...
Setting up libc6 (2.15-0ubuntu10.15) ...
Setting up libc-dev-bin (2.15-0ubuntu10.15) ...
Setting up libc6-dev (2.15-0ubuntu10.15) ...
Processing triggers for libc-bin ...
ldconfig deferred processing now taking place
travis_fold:end:fix.CVE-2015-7547[0Ktravis_fold:start:git.checkout[0Ktravis_time:start:2c3be8ae[0K$ git clone --depth=50 https://github.com/apache/storm.git apache/storm
Cloning into 'apache/storm'...
remote: Counting objects: 20012, done.[K
remote: Compressing objects:   0% (1/8211)   [Kremote: Compressing objects:   1% (83/8211)   [Kremote: Compressing objects:   2% (165/8211)   [Kremote: Compressing objects:   3% (247/8211)   [Kremote: Compressing objects:   4% (329/8211)   [Kremote: Compressing objects:   5% (411/8211)   [Kremote: Compressing objects:   6% (493/8211)   [Kremote: Compressing objects:   7% (575/8211)   [Kremote: Compressing objects:   8% (657/8211)   [Kremote: Compressing objects:   9% (739/8211)   [Kremote: Compressing objects:  10% (822/8211)   [Kremote: Compressing objects:  11% (904/8211)   [Kremote: Compressing objects:  12% (986/8211)   [Kremote: Compressing objects:  13% (1068/8211)   [Kremote: Compressing objects:  14% (1150/8211)   [Kremote: Compressing objects:  15% (1232/8211)   [Kremote: Compressing objects:  16% (1314/8211)   [Kremote: Compressing objects:  17% (1396/8211)   [Kremote: Compressing objects:  18% (1478/8211)   [Kremote: Compressing objects:  19% (1561/8211)   [Kremote: Compressing objects:  20% (1643/8211)   [Kremote: Compressing objects:  21% (1725/8211)   [Kremote: Compressing objects:  22% (1807/8211)   [Kremote: Compressing objects:  23% (1889/8211)   [Kremote: Compressing objects:  24% (1971/8211)   [Kremote: Compressing objects:  25% (2053/8211)   [Kremote: Compressing objects:  26% (2135/8211)   [Kremote: Compressing objects:  27% (2217/8211)   [Kremote: Compressing objects:  28% (2300/8211)   [Kremote: Compressing objects:  29% (2382/8211)   [Kremote: Compressing objects:  30% (2464/8211)   [Kremote: Compressing objects:  31% (2546/8211)   [Kremote: Compressing objects:  32% (2628/8211)   [Kremote: Compressing objects:  33% (2710/8211)   [Kremote: Compressing objects:  34% (2792/8211)   [Kremote: Compressing objects:  35% (2874/8211)   [Kremote: Compressing objects:  36% (2956/8211)   [Kremote: Compressing objects:  37% (3039/8211)   [Kremote: Compressing objects:  38% (3121/8211)   [Kremote: Compressing objects:  39% (3203/8211)   [Kremote: Compressing objects:  40% (3285/8211)   [Kremote: Compressing objects:  41% (3367/8211)   [Kremote: Compressing objects:  42% (3449/8211)   [Kremote: Compressing objects:  43% (3531/8211)   [Kremote: Compressing objects:  44% (3613/8211)   [Kremote: Compressing objects:  45% (3695/8211)   [Kremote: Compressing objects:  46% (3778/8211)   [Kremote: Compressing objects:  47% (3860/8211)   [Kremote: Compressing objects:  48% (3942/8211)   [Kremote: Compressing objects:  49% (4024/8211)   [Kremote: Compressing objects:  50% (4106/8211)   [Kremote: Compressing objects:  51% (4188/8211)   [Kremote: Compressing objects:  52% (4270/8211)   [Kremote: Compressing objects:  53% (4352/8211)   [Kremote: Compressing objects:  54% (4434/8211)   [Kremote: Compressing objects:  55% (4517/8211)   [Kremote: Compressing objects:  56% (4599/8211)   [Kremote: Compressing objects:  57% (4681/8211)   [Kremote: Compressing objects:  58% (4763/8211)   [Kremote: Compressing objects:  59% (4845/8211)   [Kremote: Compressing objects:  60% (4927/8211)   [Kremote: Compressing objects:  61% (5009/8211)   [Kremote: Compressing objects:  62% (5091/8211)   [Kremote: Compressing objects:  63% (5173/8211)   [Kremote: Compressing objects:  64% (5256/8211)   [Kremote: Compressing objects:  65% (5338/8211)   [Kremote: Compressing objects:  66% (5420/8211)   [Kremote: Compressing objects:  67% (5502/8211)   [Kremote: Compressing objects:  68% (5584/8211)   [Kremote: Compressing objects:  69% (5666/8211)   [Kremote: Compressing objects:  70% (5748/8211)   [Kremote: Compressing objects:  71% (5830/8211)   [Kremote: Compressing objects:  72% (5912/8211)   [Kremote: Compressing objects:  73% (5995/8211)   [Kremote: Compressing objects:  74% (6077/8211)   [Kremote: Compressing objects:  75% (6159/8211)   [Kremote: Compressing objects:  76% (6241/8211)   [Kremote: Compressing objects:  77% (6323/8211)   [Kremote: Compressing objects:  78% (6405/8211)   [Kremote: Compressing objects:  79% (6487/8211)   [Kremote: Compressing objects:  80% (6569/8211)   [Kremote: Compressing objects:  81% (6651/8211)   [Kremote: Compressing objects:  82% (6734/8211)   [Kremote: Compressing objects:  83% (6816/8211)   [Kremote: Compressing objects:  84% (6898/8211)   [Kremote: Compressing objects:  85% (6980/8211)   [Kremote: Compressing objects:  86% (7062/8211)   [Kremote: Compressing objects:  87% (7144/8211)   [Kremote: Compressing objects:  88% (7226/8211)   [Kremote: Compressing objects:  89% (7308/8211)   [Kremote: Compressing objects:  90% (7390/8211)   [Kremote: Compressing objects:  91% (7473/8211)   [Kremote: Compressing objects:  92% (7555/8211)   [Kremote: Compressing objects:  93% (7637/8211)   [Kremote: Compressing objects:  94% (7719/8211)   [Kremote: Compressing objects:  95% (7801/8211)   [Kremote: Compressing objects:  96% (7883/8211)   [Kremote: Compressing objects:  97% (7965/8211)   [Kremote: Compressing objects:  98% (8047/8211)   [Kremote: Compressing objects:  99% (8129/8211)   [Kremote: Compressing objects: 100% (8211/8211)   [Kremote: Compressing objects: 100% (8211/8211), done.[K
Receiving objects:   0% (1/20012)   Receiving objects:   1% (201/20012)   Receiving objects:   2% (401/20012)   Receiving objects:   3% (601/20012)   Receiving objects:   4% (801/20012)   Receiving objects:   5% (1001/20012)   Receiving objects:   6% (1201/20012)   Receiving objects:   7% (1401/20012)   Receiving objects:   8% (1601/20012)   Receiving objects:   9% (1802/20012)   Receiving objects:  10% (2002/20012)   Receiving objects:  11% (2202/20012)   Receiving objects:  12% (2402/20012)   Receiving objects:  13% (2602/20012)   Receiving objects:  14% (2802/20012)   Receiving objects:  15% (3002/20012)   Receiving objects:  16% (3202/20012)   Receiving objects:  17% (3403/20012)   Receiving objects:  18% (3603/20012)   Receiving objects:  19% (3803/20012)   Receiving objects:  20% (4003/20012), 8.47 MiB | 16.90 MiB/s   Receiving objects:  21% (4203/20012), 8.47 MiB | 16.90 MiB/s   Receiving objects:  22% (4403/20012), 8.47 MiB | 16.90 MiB/s   Receiving objects:  23% (4603/20012), 8.47 MiB | 16.90 MiB/s   Receiving objects:  24% (4803/20012), 8.47 MiB | 16.90 MiB/s   Receiving objects:  25% (5003/20012), 8.47 MiB | 16.90 MiB/s   Receiving objects:  26% (5204/20012), 8.47 MiB | 16.90 MiB/s   Receiving objects:  27% (5404/20012), 8.47 MiB | 16.90 MiB/s   Receiving objects:  28% (5604/20012), 8.47 MiB | 16.90 MiB/s   Receiving objects:  29% (5804/20012), 8.47 MiB | 16.90 MiB/s   Receiving objects:  30% (6004/20012), 8.47 MiB | 16.90 MiB/s   Receiving objects:  31% (6204/20012), 8.47 MiB | 16.90 MiB/s   Receiving objects:  32% (6404/20012), 8.47 MiB | 16.90 MiB/s   Receiving objects:  33% (6604/20012), 8.47 MiB | 16.90 MiB/s   Receiving objects:  34% (6805/20012), 8.47 MiB | 16.90 MiB/s   Receiving objects:  35% (7005/20012), 8.47 MiB | 16.90 MiB/s   Receiving objects:  36% (7205/20012), 8.47 MiB | 16.90 MiB/s   Receiving objects:  37% (7405/20012), 8.47 MiB | 16.90 MiB/s   Receiving objects:  38% (7605/20012), 8.47 MiB | 16.90 MiB/s   Receiving objects:  39% (7805/20012), 8.47 MiB | 16.90 MiB/s   Receiving objects:  40% (8005/20012), 8.47 MiB | 16.90 MiB/s   Receiving objects:  41% (8205/20012), 8.47 MiB | 16.90 MiB/s   Receiving objects:  42% (8406/20012), 8.47 MiB | 16.90 MiB/s   Receiving objects:  43% (8606/20012), 8.47 MiB | 16.90 MiB/s   Receiving objects:  44% (8806/20012), 8.47 MiB | 16.90 MiB/s   Receiving objects:  45% (9006/20012), 8.47 MiB | 16.90 MiB/s   Receiving objects:  46% (9206/20012), 8.47 MiB | 16.90 MiB/s   Receiving objects:  47% (9406/20012), 8.47 MiB | 16.90 MiB/s   Receiving objects:  48% (9606/20012), 8.47 MiB | 16.90 MiB/s   Receiving objects:  49% (9806/20012), 8.47 MiB | 16.90 MiB/s   Receiving objects:  50% (10006/20012), 8.47 MiB | 16.90 MiB/s   Receiving objects:  51% (10207/20012), 8.47 MiB | 16.90 MiB/s   Receiving objects:  52% (10407/20012), 8.47 MiB | 16.90 MiB/s   Receiving objects:  53% (10607/20012), 8.47 MiB | 16.90 MiB/s   Receiving objects:  54% (10807/20012), 8.47 MiB | 16.90 MiB/s   Receiving objects:  55% (11007/20012), 8.47 MiB | 16.90 MiB/s   Receiving objects:  56% (11207/20012), 8.47 MiB | 16.90 MiB/s   Receiving objects:  57% (11407/20012), 8.47 MiB | 16.90 MiB/s   Receiving objects:  58% (11607/20012), 8.47 MiB | 16.90 MiB/s   Receiving objects:  59% (11808/20012), 8.47 MiB | 16.90 MiB/s   Receiving objects:  60% (12008/20012), 8.47 MiB | 16.90 MiB/s   Receiving objects:  61% (12208/20012), 8.47 MiB | 16.90 MiB/s   Receiving objects:  62% (12408/20012), 8.47 MiB | 16.90 MiB/s   Receiving objects:  63% (12608/20012), 8.47 MiB | 16.90 MiB/s   Receiving objects:  64% (12808/20012), 8.47 MiB | 16.90 MiB/s   Receiving objects:  65% (13008/20012), 8.47 MiB | 16.90 MiB/s   Receiving objects:  66% (13208/20012), 8.47 MiB | 16.90 MiB/s   Receiving objects:  67% (13409/20012), 8.47 MiB | 16.90 MiB/s   Receiving objects:  68% (13609/20012), 8.47 MiB | 16.90 MiB/s   Receiving objects:  69% (13809/20012), 8.47 MiB | 16.90 MiB/s   Receiving objects:  70% (14009/20012), 8.47 MiB | 16.90 MiB/s   Receiving objects:  71% (14209/20012), 8.47 MiB | 16.90 MiB/s   Receiving objects:  72% (14409/20012), 8.47 MiB | 16.90 MiB/s   Receiving objects:  73% (14609/20012), 8.47 MiB | 16.90 MiB/s   Receiving objects:  74% (14809/20012), 8.47 MiB | 16.90 MiB/s   Receiving objects:  75% (15009/20012), 8.47 MiB | 16.90 MiB/s   Receiving objects:  76% (15210/20012), 8.47 MiB | 16.90 MiB/s   Receiving objects:  77% (15410/20012), 8.47 MiB | 16.90 MiB/s   Receiving objects:  78% (15610/20012), 8.47 MiB | 16.90 MiB/s   Receiving objects:  79% (15810/20012), 8.47 MiB | 16.90 MiB/s   Receiving objects:  80% (16010/20012), 8.47 MiB | 16.90 MiB/s   Receiving objects:  81% (16210/20012), 8.47 MiB | 16.90 MiB/s   Receiving objects:  82% (16410/20012), 8.47 MiB | 16.90 MiB/s   Receiving objects:  83% (16610/20012), 8.47 MiB | 16.90 MiB/s   Receiving objects:  84% (16811/20012), 8.47 MiB | 16.90 MiB/s   Receiving objects:  85% (17011/20012), 8.47 MiB | 16.90 MiB/s   Receiving objects:  86% (17211/20012), 8.47 MiB | 16.90 MiB/s   Receiving objects:  87% (17411/20012), 8.47 MiB | 16.90 MiB/s   Receiving objects:  88% (17611/20012), 8.47 MiB | 16.90 MiB/s   Receiving objects:  89% (17811/20012), 8.47 MiB | 16.90 MiB/s   Receiving objects:  90% (18011/20012), 8.47 MiB | 16.90 MiB/s   Receiving objects:  91% (18211/20012), 8.47 MiB | 16.90 MiB/s   Receiving objects:  92% (18412/20012), 8.47 MiB | 16.90 MiB/s   Receiving objects:  93% (18612/20012), 8.47 MiB | 16.90 MiB/s   Receiving objects:  94% (18812/20012), 8.47 MiB | 16.90 MiB/s   Receiving objects:  95% (19012/20012), 8.47 MiB | 16.90 MiB/s   Receiving objects:  96% (19212/20012), 8.47 MiB | 16.90 MiB/s   Receiving objects:  97% (19412/20012), 8.47 MiB | 16.90 MiB/s   Receiving objects:  98% (19612/20012), 8.47 MiB | 16.90 MiB/s   Receiving objects:  99% (19812/20012), 8.47 MiB | 16.90 MiB/s   remote: Total 20012 (delta 9606), reused 17082 (delta 7320), pack-reused 0[K
Receiving objects: 100% (20012/20012), 8.47 MiB | 16.90 MiB/s   Receiving objects: 100% (20012/20012), 15.25 MiB | 16.90 MiB/s, done.
Resolving deltas:   0% (0/9606)   Resolving deltas:   2% (231/9606)   Resolving deltas:   3% (290/9606)   Resolving deltas:   4% (386/9606)   Resolving deltas:   5% (481/9606)   Resolving deltas:   6% (579/9606)   Resolving deltas:   7% (757/9606)   Resolving deltas:   8% (772/9606)   Resolving deltas:   9% (870/9606)   Resolving deltas:  10% (962/9606)   Resolving deltas:  11% (1059/9606)   Resolving deltas:  12% (1167/9606)   Resolving deltas:  13% (1339/9606)   Resolving deltas:  14% (1345/9606)   Resolving deltas:  15% (1446/9606)   Resolving deltas:  16% (1540/9606)   Resolving deltas:  17% (1634/9606)   Resolving deltas:  18% (1731/9606)   Resolving deltas:  19% (1826/9606)   Resolving deltas:  20% (1923/9606)   Resolving deltas:  21% (2020/9606)   Resolving deltas:  22% (2114/9606)   Resolving deltas:  23% (2215/9606)   Resolving deltas:  24% (2306/9606)   Resolving deltas:  25% (2402/9606)   Resolving deltas:  26% (2498/9606)   Resolving deltas:  27% (2616/9606)   Resolving deltas:  28% (2698/9606)   Resolving deltas:  29% (2802/9606)   Resolving deltas:  30% (2882/9606)   Resolving deltas:  31% (2979/9606)   Resolving deltas:  32% (3135/9606)   Resolving deltas:  33% (3171/9606)   Resolving deltas:  34% (3268/9606)   Resolving deltas:  35% (3375/9606)   Resolving deltas:  36% (3461/9606)   Resolving deltas:  37% (3558/9606)   Resolving deltas:  38% (3663/9606)   Resolving deltas:  39% (3754/9606)   Resolving deltas:  40% (3849/9606)   Resolving deltas:  41% (3940/9606)   Resolving deltas:  42% (4038/9606)   Resolving deltas:  43% (4132/9606)   Resolving deltas:  44% (4242/9606)   Resolving deltas:  45% (4331/9606)   Resolving deltas:  46% (4424/9606)   Resolving deltas:  47% (4522/9606)   Resolving deltas:  48% (4611/9606)   Resolving deltas:  49% (4709/9606)   Resolving deltas:  50% (4805/9606)   Resolving deltas:  52% (5008/9606)   Resolving deltas:  53% (5093/9606)   Resolving deltas:  54% (5189/9606)   Resolving deltas:  55% (5292/9606)   Resolving deltas:  56% (5387/9606)   Resolving deltas:  57% (5482/9606)   Resolving deltas:  58% (5572/9606)   Resolving deltas:  59% (5679/9606)   Resolving deltas:  60% (5785/9606)   Resolving deltas:  61% (5877/9606)   Resolving deltas:  62% (6000/9606)   Resolving deltas:  63% (6057/9606)   Resolving deltas:  65% (6246/9606)   Resolving deltas:  66% (6416/9606)   Resolving deltas:  67% (6438/9606)   Resolving deltas:  68% (6558/9606)   Resolving deltas:  74% (7126/9606)   Resolving deltas:  75% (7205/9606)   Resolving deltas:  76% (7378/9606)   Resolving deltas:  79% (7601/9606)   Resolving deltas:  80% (7686/9606)   Resolving deltas:  81% (7822/9606)   Resolving deltas:  82% (7884/9606)   Resolving deltas:  83% (7976/9606)   Resolving deltas:  84% (8070/9606)   Resolving deltas:  85% (8166/9606)   Resolving deltas:  86% (8268/9606)   Resolving deltas:  87% (8360/9606)   Resolving deltas:  88% (8490/9606)   Resolving deltas:  89% (8581/9606)   Resolving deltas:  91% (8774/9606)   Resolving deltas:  92% (8872/9606)   Resolving deltas:  93% (8946/9606)   Resolving deltas:  94% (9031/9606)   Resolving deltas:  95% (9134/9606)   Resolving deltas:  96% (9222/9606)   Resolving deltas:  97% (9341/9606)   Resolving deltas:  98% (9424/9606)   Resolving deltas:  99% (9536/9606)   Resolving deltas: 100% (9606/9606)   Resolving deltas: 100% (9606/9606), done.
Checking connectivity... done.

travis_time:end:2c3be8ae:start=1468818282397411262,finish=1468818285219206020,duration=2821794758[0K$ cd apache/storm
travis_time:start:0d16f127[0K$ git fetch origin +refs/pull/1574/merge:
remote: Counting objects: 5220, done.[K
remote: Compressing objects:   0% (1/2255)   [Kremote: Compressing objects:   1% (23/2255)   [Kremote: Compressing objects:   2% (46/2255)   [Kremote: Compressing objects:   3% (68/2255)   [Kremote: Compressing objects:   4% (91/2255)   [Kremote: Compressing objects:   5% (113/2255)   [Kremote: Compressing objects:   6% (136/2255)   [Kremote: Compressing objects:   7% (158/2255)   [Kremote: Compressing objects:   8% (181/2255)   [Kremote: Compressing objects:   9% (203/2255)   [Kremote: Compressing objects:  10% (226/2255)   [Kremote: Compressing objects:  11% (249/2255)   [Kremote: Compressing objects:  12% (271/2255)   [Kremote: Compressing objects:  13% (294/2255)   [Kremote: Compressing objects:  14% (316/2255)   [Kremote: Compressing objects:  15% (339/2255)   [Kremote: Compressing objects:  16% (361/2255)   [Kremote: Compressing objects:  17% (384/2255)   [Kremote: Compressing objects:  18% (406/2255)   [Kremote: Compressing objects:  19% (429/2255)   [Kremote: Compressing objects:  20% (451/2255)   [Kremote: Compressing objects:  21% (474/2255)   [Kremote: Compressing objects:  22% (497/2255)   [Kremote: Compressing objects:  23% (519/2255)   [Kremote: Compressing objects:  24% (542/2255)   [Kremote: Compressing objects:  25% (564/2255)   [Kremote: Compressing objects:  26% (587/2255)   [Kremote: Compressing objects:  27% (609/2255)   [Kremote: Compressing objects:  28% (632/2255)   [Kremote: Compressing objects:  29% (654/2255)   [Kremote: Compressing objects:  30% (677/2255)   [Kremote: Compressing objects:  31% (700/2255)   [Kremote: Compressing objects:  32% (722/2255)   [Kremote: Compressing objects:  33% (745/2255)   [Kremote: Compressing objects:  34% (767/2255)   [Kremote: Compressing objects:  35% (790/2255)   [Kremote: Compressing objects:  36% (812/2255)   [Kremote: Compressing objects:  37% (835/2255)   [Kremote: Compressing objects:  38% (857/2255)   [Kremote: Compressing objects:  39% (880/2255)   [Kremote: Compressing objects:  40% (902/2255)   [Kremote: Compressing objects:  41% (925/2255)   [Kremote: Compressing objects:  42% (948/2255)   [Kremote: Compressing objects:  43% (970/2255)   [Kremote: Compressing objects:  44% (993/2255)   [Kremote: Compressing objects:  45% (1015/2255)   [Kremote: Compressing objects:  46% (1038/2255)   [Kremote: Compressing objects:  47% (1060/2255)   [Kremote: Compressing objects:  48% (1083/2255)   [Kremote: Compressing objects:  49% (1105/2255)   [Kremote: Compressing objects:  50% (1128/2255)   [Kremote: Compressing objects:  51% (1151/2255)   [Kremote: Compressing objects:  52% (1173/2255)   [Kremote: Compressing objects:  53% (1196/2255)   [Kremote: Compressing objects:  54% (1218/2255)   [Kremote: Compressing objects:  55% (1241/2255)   [Kremote: Compressing objects:  56% (1263/2255)   [Kremote: Compressing objects:  57% (1286/2255)   [Kremote: Compressing objects:  58% (1308/2255)   [Kremote: Compressing objects:  59% (1331/2255)   [Kremote: Compressing objects:  60% (1353/2255)   [Kremote: Compressing objects:  61% (1376/2255)   [Kremote: Compressing objects:  62% (1399/2255)   [Kremote: Compressing objects:  63% (1421/2255)   [Kremote: Compressing objects:  64% (1444/2255)   [Kremote: Compressing objects:  65% (1466/2255)   [Kremote: Compressing objects:  66% (1489/2255)   [Kremote: Compressing objects:  67% (1511/2255)   [Kremote: Compressing objects:  68% (1534/2255)   [Kremote: Compressing objects:  69% (1556/2255)   [Kremote: Compressing objects:  70% (1579/2255)   [Kremote: Compressing objects:  71% (1602/2255)   [Kremote: Compressing objects:  72% (1624/2255)   [Kremote: Compressing objects:  73% (1647/2255)   [Kremote: Compressing objects:  74% (1669/2255)   [Kremote: Compressing objects:  75% (1692/2255)   [Kremote: Compressing objects:  76% (1714/2255)   [Kremote: Compressing objects:  77% (1737/2255)   [Kremote: Compressing objects:  78% (1759/2255)   [Kremote: Compressing objects:  79% (1782/2255)   [Kremote: Compressing objects:  80% (1804/2255)   [Kremote: Compressing objects:  81% (1827/2255)   [Kremote: Compressing objects:  82% (1850/2255)   [Kremote: Compressing objects:  83% (1872/2255)   [Kremote: Compressing objects:  84% (1895/2255)   [Kremote: Compressing objects:  85% (1917/2255)   [Kremote: Compressing objects:  86% (1940/2255)   [Kremote: Compressing objects:  87% (1962/2255)   [Kremote: Compressing objects:  88% (1985/2255)   [Kremote: Compressing objects:  89% (2007/2255)   [Kremote: Compressing objects:  90% (2030/2255)   [Kremote: Compressing objects:  91% (2053/2255)   [Kremote: Compressing objects:  92% (2075/2255)   [Kremote: Compressing objects:  93% (2098/2255)   [Kremote: Compressing objects:  94% (2120/2255)   [Kremote: Compressing objects:  95% (2143/2255)   [Kremote: Compressing objects:  96% (2165/2255)   [Kremote: Compressing objects:  97% (2188/2255)   [Kremote: Compressing objects:  98% (2210/2255)   [Kremote: Compressing objects:  99% (2233/2255)   [Kremote: Compressing objects: 100% (2255/2255)   [Kremote: Compressing objects: 100% (2255/2255), done.[K
Receiving objects:   0% (1/5220)   Receiving objects:   1% (53/5220)   Receiving objects:   2% (105/5220)   Receiving objects:   3% (157/5220)   Receiving objects:   4% (209/5220)   Receiving objects:   5% (261/5220)   Receiving objects:   6% (314/5220)   Receiving objects:   7% (366/5220)   Receiving objects:   8% (418/5220)   Receiving objects:   9% (470/5220)   Receiving objects:  10% (522/5220)   Receiving objects:  11% (575/5220)   Receiving objects:  12% (627/5220)   Receiving objects:  13% (679/5220)   Receiving objects:  14% (731/5220)   Receiving objects:  15% (783/5220)   Receiving objects:  16% (836/5220)   Receiving objects:  17% (888/5220)   Receiving objects:  18% (940/5220)   Receiving objects:  19% (992/5220)   Receiving objects:  20% (1044/5220)   Receiving objects:  21% (1097/5220)   Receiving objects:  22% (1149/5220)   Receiving objects:  23% (1201/5220)   Receiving objects:  24% (1253/5220)   Receiving objects:  25% (1305/5220)   Receiving objects:  26% (1358/5220)   Receiving objects:  27% (1410/5220)   Receiving objects:  28% (1462/5220)   Receiving objects:  29% (1514/5220)   Receiving objects:  30% (1566/5220)   Receiving objects:  31% (1619/5220)   Receiving objects:  32% (1671/5220)   Receiving objects:  33% (1723/5220)   Receiving objects:  34% (1775/5220)   Receiving objects:  35% (1827/5220)   Receiving objects:  36% (1880/5220)   Receiving objects:  37% (1932/5220)   Receiving objects:  38% (1984/5220)   Receiving objects:  39% (2036/5220)   Receiving objects:  40% (2088/5220)   Receiving objects:  41% (2141/5220)   Receiving objects:  42% (2193/5220)   Receiving objects:  43% (2245/5220)   Receiving objects:  44% (2297/5220)   Receiving objects:  45% (2349/5220)   Receiving objects:  46% (2402/5220)   Receiving objects:  47% (2454/5220)   Receiving objects:  48% (2506/5220)   Receiving objects:  49% (2558/5220)   Receiving objects:  50% (2610/5220)   Receiving objects:  51% (2663/5220)   Receiving objects:  52% (2715/5220)   Receiving objects:  53% (2767/5220)   Receiving objects:  54% (2819/5220)   Receiving objects:  55% (2871/5220)   Receiving objects:  56% (2924/5220)   Receiving objects:  57% (2976/5220)   Receiving objects:  58% (3028/5220)   Receiving objects:  59% (3080/5220)   Receiving objects:  60% (3132/5220)   Receiving objects:  61% (3185/5220)   Receiving objects:  62% (3237/5220)   Receiving objects:  63% (3289/5220)   Receiving objects:  64% (3341/5220)   Receiving objects:  65% (3393/5220)   Receiving objects:  66% (3446/5220)   Receiving objects:  67% (3498/5220)   Receiving objects:  68% (3550/5220)   Receiving objects:  69% (3602/5220)   Receiving objects:  70% (3654/5220)   Receiving objects:  71% (3707/5220)   Receiving objects:  72% (3759/5220)   Receiving objects:  73% (3811/5220)   Receiving objects:  74% (3863/5220)   Receiving objects:  75% (3915/5220)   Receiving objects:  76% (3968/5220)   Receiving objects:  77% (4020/5220)   Receiving objects:  78% (4072/5220)   Receiving objects:  79% (4124/5220)   Receiving objects:  80% (4176/5220)   Receiving objects:  81% (4229/5220)   Receiving objects:  82% (4281/5220)   Receiving objects:  83% (4333/5220)   Receiving objects:  84% (4385/5220)   Receiving objects:  85% (4437/5220)   Receiving objects:  86% (4490/5220)   Receiving objects:  87% (4542/5220)   Receiving objects:  88% (4594/5220)   Receiving objects:  89% (4646/5220)   Receiving objects:  90% (4698/5220)   Receiving objects:  91% (4751/5220)   remote: Total 5220 (delta 2402), reused 4595 (delta 1841), pack-reused 0[K
Receiving objects:  92% (4803/5220)   Receiving objects:  93% (4855/5220)   Receiving objects:  94% (4907/5220)   Receiving objects:  95% (4959/5220)   Receiving objects:  96% (5012/5220)   Receiving objects:  97% (5064/5220)   Receiving objects:  98% (5116/5220)   Receiving objects:  99% (5168/5220)   Receiving objects: 100% (5220/5220)   Receiving objects: 100% (5220/5220), 1010.37 KiB | 0 bytes/s, done.
Resolving deltas:   0% (0/2402)   Resolving deltas:   1% (29/2402)   Resolving deltas:   2% (49/2402)   Resolving deltas:   3% (78/2402)   Resolving deltas:   6% (162/2402)   Resolving deltas:   7% (177/2402)   Resolving deltas:   9% (239/2402)   Resolving deltas:  10% (244/2402)   Resolving deltas:  11% (272/2402)   Resolving deltas:  12% (294/2402)   Resolving deltas:  13% (313/2402)   Resolving deltas:  14% (345/2402)   Resolving deltas:  26% (625/2402)   Resolving deltas:  27% (649/2402)   Resolving deltas:  28% (674/2402)   Resolving deltas:  29% (701/2402)   Resolving deltas:  30% (723/2402)   Resolving deltas:  31% (745/2402)   Resolving deltas:  32% (772/2402)   Resolving deltas:  35% (842/2402)   Resolving deltas:  37% (891/2402)   Resolving deltas:  38% (916/2402)   Resolving deltas:  39% (938/2402)   Resolving deltas:  40% (961/2402)   Resolving deltas:  41% (1007/2402)   Resolving deltas:  42% (1012/2402)   Resolving deltas:  47% (1131/2402)   Resolving deltas:  48% (1153/2402)   Resolving deltas:  49% (1180/2402)   Resolving deltas:  50% (1205/2402)   Resolving deltas:  51% (1226/2402)   Resolving deltas:  58% (1415/2402)   Resolving deltas:  59% (1427/2402)   Resolving deltas:  60% (1442/2402)   Resolving deltas:  61% (1470/2402)   Resolving deltas:  62% (1500/2402)   Resolving deltas:  63% (1519/2402)   Resolving deltas:  64% (1558/2402)   Resolving deltas:  65% (1563/2402)   Resolving deltas:  66% (1590/2402)   Resolving deltas:  67% (1615/2402)   Resolving deltas:  68% (1640/2402)   Resolving deltas:  69% (1660/2402)   Resolving deltas:  70% (1687/2402)   Resolving deltas:  71% (1708/2402)   Resolving deltas:  72% (1733/2402)   Resolving deltas:  73% (1774/2402)   Resolving deltas:  74% (1782/2402)   Resolving deltas:  78% (1884/2402)   Resolving deltas:  79% (1898/2402)   Resolving deltas:  80% (1933/2402)   Resolving deltas:  81% (1946/2402)   Resolving deltas:  82% (1972/2402)   Resolving deltas:  83% (1994/2402)   Resolving deltas:  84% (2018/2402)   Resolving deltas:  85% (2049/2402)   Resolving deltas:  86% (2067/2402)   Resolving deltas:  87% (2095/2402)   Resolving deltas:  88% (2115/2402)   Resolving deltas:  89% (2138/2402)   Resolving deltas:  90% (2163/2402)   Resolving deltas:  91% (2187/2402)   Resolving deltas:  93% (2241/2402)   Resolving deltas:  94% (2260/2402)   Resolving deltas:  95% (2283/2402)   Resolving deltas:  96% (2315/2402)   Resolving deltas:  97% (2352/2402)   Resolving deltas:  98% (2354/2402)   Resolving deltas:  99% (2389/2402)   Resolving deltas: 100% (2402/2402)   Resolving deltas: 100% (2402/2402), completed with 211 local objects.
From https://github.com/apache/storm
 * branch            refs/pull/1574/merge -> FETCH_HEAD

travis_time:end:0d16f127:start=1468818285222792369,finish=1468818286068838635,duration=846046266[0K$ git checkout -qf FETCH_HEAD
travis_fold:end:git.checkout[0K
[33;1mThis job is running on container-based infrastructure, which does not allow use of 'sudo', setuid and setguid executables.[0m
[33;1mIf you require sudo, add 'sudo: required' to your .travis.yml[0m
[33;1mSee https://docs.travis-ci.com/user/workers/container-based-infrastructure/ for details.[0m

[33;1mSetting environment variables from .travis.yml[0m
$ export MODULES=storm-core

$ jdk_switcher use oraclejdk8
Switching to Oracle JDK8 (java-8-oracle), JAVA_HOME will be set to /usr/lib/jvm/java-8-oracle
travis_fold:start:cache.1[0KSetting up build cache
$ export CASHER_DIR=$HOME/.casher
travis_time:start:1ed5e940[0K$ Installing caching utilities

travis_time:end:1ed5e940:start=1468818289004034285,finish=1468818289047314129,duration=43279844[0Ktravis_time:start:0031723e[0K
travis_time:end:0031723e:start=1468818289052762693,finish=1468818289056236367,duration=3473674[0Ktravis_time:start:0639e15a[0K[32;1mattempting to download cache archive[0m
[32;1mfetching PR.1574/cache-linux-precise-4722ea394922d42b2b7eb84cff6efc764d76759821ac6f6efc13232aa923f595--jdk-oraclejdk8.tgz[0m
[32;1mfetching PR.1574/cache--jdk-oraclejdk8.tgz[0m
[32;1mfetching 1.x-branch/cache-linux-precise-4722ea394922d42b2b7eb84cff6efc764d76759821ac6f6efc13232aa923f595--jdk-oraclejdk8.tgz[0m
[32;1mfound cache[0m

travis_time:end:0639e15a:start=1468818289060531778,finish=1468818307117889724,duration=18057357946[0Ktravis_time:start:0423d773[0K
travis_time:end:0423d773:start=1468818307121962493,finish=1468818307125352580,duration=3390087[0Ktravis_time:start:21858af5[0K[32;1madding /home/travis/.m2/repository to cache[0m
[32;1madding /home/travis/.rvm to cache[0m
[32;1madding /home/travis/.nvm to cache[0m

travis_time:end:21858af5:start=1468818307129545041,finish=1468818326714471650,duration=19584926609[0Ktravis_fold:end:cache.1[0K$ java -Xmx32m -version
java version "1.8.0_31"
Java(TM) SE Runtime Environment (build 1.8.0_31-b13)
Java HotSpot(TM) 64-Bit Server VM (build 25.31-b07, mixed mode)
$ javac -J-Xmx32m -version
javac 1.8.0_31
travis_fold:start:before_install.1[0Ktravis_time:start:0b2a2118[0K$ rvm use 2.1.5 --install
[32mUsing /home/travis/.rvm/gems/ruby-2.1.5[0m

travis_time:end:0b2a2118:start=1468818327519834209,finish=1468818327809864360,duration=290030151[0Ktravis_fold:end:before_install.1[0Ktravis_fold:start:before_install.2[0Ktravis_time:start:0412e68a[0K$ nvm install 0.12.2
v0.12.2 is already installed.
Now using node v0.12.2

travis_time:end:0412e68a:start=1468818327814235583,finish=1468818328045017290,duration=230781707[0Ktravis_fold:end:before_install.2[0Ktravis_fold:start:before_install.3[0Ktravis_time:start:09b4e555[0K$ nvm use 0.12.2
Now using node v0.12.2

travis_time:end:09b4e555:start=1468818328049444128,finish=1468818328112382996,duration=62938868[0Ktravis_fold:end:before_install.3[0Ktravis_fold:start:install[0Ktravis_time:start:01868dbd[0K$ /bin/bash ./dev-tools/travis/travis-install.sh `pwd`
Python version :   Python 2.7.3
Java HotSpot(TM) 64-Bit Server VM warning: ignoring option MaxPermSize=192m; support was removed in 8.0
Maven version  :   Apache Maven 3.2.5 (12a6b3acb947671f09b81f49094c53f426d8cea1; 2014-12-14T17:29:23+00:00) Maven home: /usr/local/maven Java version: 1.8.0_31, vendor: Oracle Corporation Java home: /usr/lib/jvm/java-8-oracle/jre Default locale: en_US, platform encoding: UTF-8 OS name: "linux", version: "3.13.0-40-generic", arch: "amd64", family: "unix"
['mvn', 'clean', 'install', '-DskipTests', '-Pnative', '--batch-mode'] writing to install.txt
2 seconds 2 log lines12 seconds 70 log lines23 seconds 215 log lines33 seconds 295 log lines69 seconds 309 log lines97 seconds 317 log lines108 seconds 411 log lines128 seconds 620 log lines138 seconds 779 log lines154 seconds 837 log lines166 seconds 885 log lines176 seconds 1024 log lines194 seconds 1423 log lines204 seconds 1665 log lines214 seconds 2041 log lines230 seconds 2253 log lines245 seconds 2547 log lines245 seconds 2548 log lines
['mvn', 'clean', 'install', '-DskipTests', '-Pnative', '--batch-mode'] done 0

travis_time:end:01868dbd:start=1468818328117194938,finish=1468818574171668933,duration=246054473995[0Ktravis_fold:end:install[0Ktravis_time:start:0613b436[0K$ /bin/bash ./dev-tools/travis/travis-script.sh `pwd` $MODULES
Python version :   Python 2.7.3
Ruby version   :   ruby 2.1.5p273 (2014-11-13 revision 48405) [x86_64-linux]
NodeJs version :   v0.12.2
Java HotSpot(TM) 64-Bit Server VM warning: ignoring option MaxPermSize=192m; support was removed in 8.0
Maven version  :   Apache Maven 3.2.5 (12a6b3acb947671f09b81f49094c53f426d8cea1; 2014-12-14T17:29:23+00:00) Maven home: /usr/local/maven Java version: 1.8.0_31, vendor: Oracle Corporation Java home: /usr/lib/jvm/java-8-oracle/jre Default locale: en_US, platform encoding: UTF-8 OS name: "linux", version: "3.13.0-40-generic", arch: "amd64", family: "unix"
Java HotSpot(TM) 64-Bit Server VM warning: ignoring option MaxPermSize=192m; support was removed in 8.0
[INFO] Scanning for projects...
[INFO]                                                                         
[INFO] ------------------------------------------------------------------------
[INFO] Building Storm Core 1.1.1-SNAPSHOT
[INFO] ------------------------------------------------------------------------
[INFO] 
[INFO] --- exec-maven-plugin:1.2.1:exec (default) @ storm-core ---
[INFO] 
[INFO] --- maven-remote-resources-plugin:1.2.1:process (default) @ storm-core ---
[INFO] 
[INFO] --- storm-maven-plugins:1.1.1-SNAPSHOT:version-info (version-info) @ storm-core ---
[WARNING] [svn, info] failed with error code 1
[INFO] SCM: GIT
[INFO] Computed MD5: 2abe5a7afe5f689e4e638913e2f61a6
[INFO] 
[INFO] --- maven-resources-plugin:2.5:resources (default-resources) @ storm-core ---
[debug] execute contextualize
[INFO] Using 'UTF-8' encoding to copy filtered resources.
[INFO] Copying 8 resources
[INFO] Copying 1 resource to META-INF
[INFO] Copying 0 resource
[INFO] Copying 1 resource
[INFO] Copying 3 resources
[INFO] 
[INFO] --- maven-compiler-plugin:3.1:compile (default-compile) @ storm-core ---
[INFO] Nothing to compile - all classes are up to date
[INFO] 
[INFO] --- clojure-maven-plugin:1.7.1:compile (compile-clojure) @ storm-core ---
Compiling org.apache.storm.command.deactivate to /home/travis/build/apache/storm/storm-core/target/classes
Compiling org.apache.storm.trident.testing to /home/travis/build/apache/storm/storm-core/target/classes
Compiling org.apache.storm.command.blobstore to /home/travis/build/apache/storm/storm-core/target/classes
Compiling org.apache.storm.stats to /home/travis/build/apache/storm/storm-core/target/classes
Compiling org.apache.storm.command.set-log-level to /home/travis/build/apache/storm/storm-core/target/classes
Compiling org.apache.storm.daemon.drpc to /home/travis/build/apache/storm/storm-core/target/classes
Compiling org.apache.storm.command.dev-zookeeper to /home/travis/build/apache/storm/storm-core/target/classes
Compiling org.apache.storm.local-state to /home/travis/build/apache/storm/storm-core/target/classes
Compiling org.apache.storm.cluster to /home/travis/build/apache/storm/storm-core/target/classes
Compiling org.apache.storm.testing to /home/travis/build/apache/storm/storm-core/target/classes
Compiling org.apache.storm.command.heartbeats to /home/travis/build/apache/storm/storm-core/target/classes
WARNING: reverse already refers to: #'clojure.core/reverse in namespace: org.apache.storm.command.heartbeats, being replaced by: #'clojure.string/reverse
WARNING: replace already refers to: #'clojure.core/replace in namespace: org.apache.storm.command.heartbeats, being replaced by: #'clojure.string/replace
Compiling org.apache.storm.daemon.builtin-metrics to /home/travis/build/apache/storm/storm-core/target/classes
Compiling org.apache.storm.process-simulator to /home/travis/build/apache/storm/storm-core/target/classes
Compiling org.apache.storm.daemon.acker to /home/travis/build/apache/storm/storm-core/target/classes
Compiling org.apache.storm.log to /home/travis/build/apache/storm/storm-core/target/classes
Compiling org.apache.storm.daemon.common to /home/travis/build/apache/storm/storm-core/target/classes
Compiling org.apache.storm.command.healthcheck to /home/travis/build/apache/storm/storm-core/target/classes
Compiling org.apache.storm.scheduler.EvenScheduler to /home/travis/build/apache/storm/storm-core/target/classes
Compiling org.apache.storm.command.kill-workers to /home/travis/build/apache/storm/storm-core/target/classes
Compiling org.apache.storm.scheduler.IsolationScheduler to /home/travis/build/apache/storm/storm-core/target/classes
Compiling org.apache.storm.command.monitor to /home/travis/build/apache/storm/storm-core/target/classes
Compiling org.apache.storm.timer to /home/travis/build/apache/storm/storm-core/target/classes
Compiling org.apache.storm.config to /home/travis/build/apache/storm/storm-core/target/classes
Compiling org.apache.storm.LocalCluster to /home/travis/build/apache/storm/storm-core/target/classes
Compiling org.apache.storm.thrift to /home/travis/build/apache/storm/storm-core/target/classes
Compiling org.apache.storm.daemon.logviewer to /home/travis/build/apache/storm/storm-core/target/classes
Compiling org.apache.storm.blobstore to /home/travis/build/apache/storm/storm-core/target/classes
Compiling org.apache.storm.zookeeper to /home/travis/build/apache/storm/storm-core/target/classes
Compiling org.apache.storm.clojure to /home/travis/build/apache/storm/storm-core/target/classes
Compiling org.apache.storm.command.rebalance to /home/travis/build/apache/storm/storm-core/target/classes
Compiling org.apache.storm.command.kill-topology to /home/travis/build/apache/storm/storm-core/target/classes
Compiling org.apache.storm.LocalDRPC to /home/travis/build/apache/storm/storm-core/target/classes
Compiling org.apache.storm.messaging.local to /home/travis/build/apache/storm/storm-core/target/classes
Compiling org.apache.storm.daemon.executor to /home/travis/build/apache/storm/storm-core/target/classes
Compiling org.apache.storm.event to /home/travis/build/apache/storm/storm-core/target/classes
Compiling org.apache.storm.daemon.supervisor to /home/travis/build/apache/storm/storm-core/target/classes
Compiling org.apache.storm.command.activate to /home/travis/build/apache/storm/storm-core/target/classes
Compiling org.apache.storm.command.shell-submission to /home/travis/build/apache/storm/storm-core/target/classes
Compiling org.apache.storm.MockAutoCred to /home/travis/build/apache/storm/storm-core/target/classes
Compiling org.apache.storm.command.get-errors to /home/travis/build/apache/storm/storm-core/target/classes
Compiling org.apache.storm.pacemaker.pacemaker to /home/travis/build/apache/storm/storm-core/target/classes
Compiling org.apache.storm.testing4j to /home/travis/build/apache/storm/storm-core/target/classes
Compiling org.apache.storm.metric.testing to /home/travis/build/apache/storm/storm-core/target/classes
Compiling org.apache.storm.ui.core to /home/travis/build/apache/storm/storm-core/target/classes
Compiling org.apache.storm.command.upload-credentials to /home/travis/build/apache/storm/storm-core/target/classes
Compiling org.apache.storm.ui.helpers to /home/travis/build/apache/storm/storm-core/target/classes
Compiling org.apache.storm.scheduler.DefaultScheduler to /home/travis/build/apache/storm/storm-core/target/classes
Compiling org.apache.storm.command.list to /home/travis/build/apache/storm/storm-core/target/classes
Compiling org.apache.storm.pacemaker.pacemaker-state-factory to /home/travis/build/apache/storm/storm-core/target/classes
Compiling org.apache.storm.disruptor to /home/travis/build/apache/storm/storm-core/target/classes
Compiling org.apache.storm.util to /home/travis/build/apache/storm/storm-core/target/classes
Compiling org.apache.storm.daemon.task to /home/travis/build/apache/storm/storm-core/target/classes
Compiling org.apache.storm.command.config-value to /home/travis/build/apache/storm/storm-core/target/classes
Compiling org.apache.storm.converter to /home/travis/build/apache/storm/storm-core/target/classes
Compiling org.apache.storm.daemon.nimbus to /home/travis/build/apache/storm/storm-core/target/classes
Compiling org.apache.storm.cluster-state.zookeeper-state-factory to /home/travis/build/apache/storm/storm-core/target/classes
Compiling org.apache.storm.messaging.loader to /home/travis/build/apache/storm/storm-core/target/classes
Compiling org.apache.storm.daemon.worker to /home/travis/build/apache/storm/storm-core/target/classes
[INFO] 
[INFO] --- make-maven-plugin:1.0-beta-1:autoreconf (compile) @ storm-core ---
[INFO] 
[INFO] --- make-maven-plugin:1.0-beta-1:configure (compile) @ storm-core ---
[INFO] /bin/sh: 14: /home/travis/.jdk_switcher_rc: [[: not found
[INFO] /bin/sh: 22: /home/travis/.jdk_switcher_rc: [[: not found
[INFO] /bin/sh: 32: /home/travis/.jdk_switcher_rc: [[: not found
[INFO] /bin/sh: 42: /home/travis/.jdk_switcher_rc: [[: not found
[INFO] /bin/sh: 3: /etc/profile.d/rvm.sh: [[: not found
[INFO] checking for gcc... gcc
[INFO] checking whether the C compiler works... yes
[INFO] checking for C compiler default output file name... a.out
[INFO] checking for suffix of executables... 
[INFO] checking whether we are cross compiling... no
[INFO] checking for suffix of object files... o
[INFO] checking whether we are using the GNU C compiler... yes
[INFO] checking whether gcc accepts -g... yes
[INFO] checking for gcc option to accept ISO C89... none needed
[INFO] checking how to run the C preprocessor... gcc -E
[INFO] checking for grep that handles long lines and -e... /bin/grep
[INFO] checking for egrep... /bin/grep -E
[INFO] checking for ANSI C header files... yes
[INFO] checking for sys/types.h... yes
[INFO] checking for sys/stat.h... yes
[INFO] checking for stdlib.h... yes
[INFO] checking for string.h... yes
[INFO] checking for memory.h... yes
[INFO] checking for strings.h... yes
[INFO] checking for inttypes.h... yes
[INFO] checking for stdint.h... yes
[INFO] checking for unistd.h... yes
[INFO] checking minix/config.h usability... no
[INFO] checking minix/config.h presence... no
[INFO] checking for minix/config.h... no
[INFO] checking whether it is safe to define __EXTENSIONS__... yes
[INFO] checking for a BSD-compatible install... /usr/bin/install -c
[INFO] checking whether build environment is sane... yes
[INFO] checking for a thread-safe mkdir -p... /bin/mkdir -p
[INFO] checking for gawk... gawk
[INFO] checking whether make sets $(MAKE)... yes
[INFO] checking for style of include used by make... GNU
[INFO] checking dependency style of gcc... gcc3
[INFO] checking for gcc... (cached) gcc
[INFO] checking whether we are using the GNU C compiler... (cached) yes
[INFO] checking whether gcc accepts -g... (cached) yes
[INFO] checking for gcc option to accept ISO C89... (cached) none needed
[INFO] checking whether gcc and cc understand -c and -o together... yes
[INFO] checking for unistd.h... (cached) yes
[INFO] checking for stdbool.h that conforms to C99... yes
[INFO] checking for _Bool... yes
[INFO] checking for an ANSI C-conforming const... yes
[INFO] checking for off_t... yes
[INFO] checking for size_t... yes
[INFO] checking whether strerror_r is declared... yes
[INFO] checking for strerror_r... yes
[INFO] checking whether strerror_r returns char *... yes
[INFO] checking for mkdir... yes
[INFO] checking for uname... yes
[INFO] configure: creating ./config.status
[INFO] config.status: creating Makefile
[INFO] config.status: executing depfiles commands
[INFO] 
[INFO] --- make-maven-plugin:1.0-beta-1:make-install (compile) @ storm-core ---
[INFO] /bin/sh: 14: /home/travis/.jdk_switcher_rc: [[: not found
[INFO] /bin/sh: 22: /home/travis/.jdk_switcher_rc: [[: not found
[INFO] /bin/sh: 32: /home/travis/.jdk_switcher_rc: [[: not found
[INFO] /bin/sh: 42: /home/travis/.jdk_switcher_rc: [[: not found
[INFO] /bin/sh: 3: /etc/profile.d/rvm.sh: [[: not found
[INFO] make[1]: Entering directory `/home/travis/build/apache/storm/storm-core/target/native/worker-launcher'
[INFO] test -z "/usr/local/bin" || /bin/mkdir -p "/home/travis/build/apache/storm/storm-core/target/native/target/usr/local/bin"
[INFO]   /usr/bin/install -c worker-launcher '/home/travis/build/apache/storm/storm-core/target/native/target/usr/local/bin'
[INFO] make[1]: Nothing to be done for `install-data-am'.
[INFO] make[1]: Leaving directory `/home/travis/build/apache/storm/storm-core/target/native/worker-launcher'
[INFO] 
[INFO] --- maven-resources-plugin:2.5:testResources (default-testResources) @ storm-core ---
[debug] execute contextualize
[INFO] Using 'UTF-8' encoding to copy filtered resources.
[INFO] Copying 14 resources
[INFO] Copying 2 resources
[INFO] Copying 3 resources
[INFO] 
[INFO] --- maven-dependency-plugin:2.8:unpack (unpack) @ storm-core ---
[INFO] Configured Artifact: org.apache.storm:multilang-ruby:1.1.1-SNAPSHOT:jar
[INFO] Downloading: https://repository.apache.org/snapshots/org/apache/storm/multilang-ruby/1.1.1-SNAPSHOT/maven-metadata.xml
[INFO] Configured Artifact: org.apache.storm:multilang-python:1.1.1-SNAPSHOT:jar
[INFO] Downloading: https://repository.apache.org/snapshots/org/apache/storm/multilang-python/1.1.1-SNAPSHOT/maven-metadata.xml
[INFO] Configured Artifact: org.apache.storm:multilang-javascript:1.1.1-SNAPSHOT:jar
[INFO] Downloading: https://repository.apache.org/snapshots/org/apache/storm/multilang-javascript/1.1.1-SNAPSHOT/maven-metadata.xml
[INFO] multilang-ruby-1.1.1-SNAPSHOT.jar already unpacked.
[INFO] multilang-python-1.1.1-SNAPSHOT.jar already unpacked.
[INFO] multilang-javascript-1.1.1-SNAPSHOT.jar already unpacked.
[INFO] 
[INFO] --- maven-compiler-plugin:3.1:testCompile (default-testCompile) @ storm-core ---
[INFO] Nothing to compile - all classes are up to date
[INFO] 
[INFO] --- maven-surefire-plugin:2.18.1:test (default-test) @ storm-core ---
[INFO] Surefire report directory: /home/travis/build/apache/storm/storm-core/target/surefire-reports
[INFO] parallel='none', perCoreThreadCount=true, threadCount=0, useUnlimitedThreads=false, threadCountSuites=0, threadCountClasses=0, threadCountMethods=0, parallelOptimized=true

-------------------------------------------------------
 T E S T S
-------------------------------------------------------
Running org.apache.storm.utils.ShellBoltMessageQueueTest
Tests run: 3, Failures: 0, Errors: 0, Skipped: 0, Time elapsed: 2.026 sec - in org.apache.storm.utils.ShellBoltMessageQueueTest
Running org.apache.storm.utils.WorkerBackpressureThreadTest
Tests run: 1, Failures: 0, Errors: 0, Skipped: 0, Time elapsed: 0.202 sec - in org.apache.storm.utils.WorkerBackpressureThreadTest
Running org.apache.storm.utils.DisruptorQueueTest
Tests run: 3, Failures: 0, Errors: 0, Skipped: 0, Time elapsed: 3.372 sec - in org.apache.storm.utils.DisruptorQueueTest
Running org.apache.storm.utils.StormBoundedExponentialBackoffRetryTest
Tests run: 5, Failures: 0, Errors: 0, Skipped: 0, Time elapsed: 0.161 sec - in org.apache.storm.utils.StormBoundedExponentialBackoffRetryTest
Running org.apache.storm.utils.DisruptorQueueBackpressureTest
Tests run: 1, Failures: 0, Errors: 0, Skipped: 0, Time elapsed: 0.002 sec - in org.apache.storm.utils.DisruptorQueueBackpressureTest
Running org.apache.storm.utils.ThriftTopologyUtilsTest
Tests run: 5, Failures: 0, Errors: 0, Skipped: 0, Time elapsed: 0.156 sec - in org.apache.storm.utils.ThriftTopologyUtilsTest
Running org.apache.storm.spout.CheckpointSpoutTest
Tests run: 7, Failures: 0, Errors: 0, Skipped: 0, Time elapsed: 0.3 sec - in org.apache.storm.spout.CheckpointSpoutTest
Running org.apache.storm.TestConfigValidate
Tests run: 24, Failures: 0, Errors: 0, Skipped: 0, Time elapsed: 0.458 sec - in org.apache.storm.TestConfigValidate
Running org.apache.storm.serialization.GzipBridgeThriftSerializationDelegateTest
Tests run: 3, Failures: 0, Errors: 0, Skipped: 0, Time elapsed: 0.023 sec - in org.apache.storm.serialization.GzipBridgeThriftSerializationDelegateTest
Running org.apache.storm.serialization.ThriftBridgeSerializationDelegateTest
Tests run: 1, Failures: 0, Errors: 0, Skipped: 0, Time elapsed: 0.007 sec - in org.apache.storm.serialization.ThriftBridgeSerializationDelegateTest
Running org.apache.storm.serialization.GzipBridgeSerializationDelegateTest
Tests run: 3, Failures: 0, Errors: 0, Skipped: 0, Time elapsed: 0.046 sec - in org.apache.storm.serialization.GzipBridgeSerializationDelegateTest
Running org.apache.storm.blobstore.ClientBlobStoreTest
Tests run: 4, Failures: 0, Errors: 0, Skipped: 0, Time elapsed: 0.028 sec - in org.apache.storm.blobstore.ClientBlobStoreTest
Running org.apache.storm.blobstore.BlobStoreTest
Tests run: 4, Failures: 0, Errors: 0, Skipped: 0, Time elapsed: 4.532 sec - in org.apache.storm.blobstore.BlobStoreTest
Running org.apache.storm.blobstore.BlobSynchronizerTest
Tests run: 4, Failures: 0, Errors: 0, Skipped: 0, Time elapsed: 2.838 sec - in org.apache.storm.blobstore.BlobSynchronizerTest
Running org.apache.storm.trident.TridentWindowingTest
Tests run: 3, Failures: 0, Errors: 0, Skipped: 0, Time elapsed: 0.011 sec - in org.apache.storm.trident.TridentWindowingTest
Running org.apache.storm.trident.TestTridentTopology
Tests run: 1, Failures: 0, Errors: 0, Skipped: 0, Time elapsed: 113.207 sec - in org.apache.storm.trident.TestTridentTopology
Running org.apache.storm.metric.internal.LatencyStatAndMetricTest
Tests run: 1, Failures: 0, Errors: 0, Skipped: 0, Time elapsed: 0.025 sec - in org.apache.storm.metric.internal.LatencyStatAndMetricTest
Running org.apache.storm.metric.internal.CountStatAndMetricTest
Tests run: 1, Failures: 0, Errors: 0, Skipped: 0, Time elapsed: 0.019 sec - in org.apache.storm.metric.internal.CountStatAndMetricTest
Running org.apache.storm.metric.internal.RateTrackerTest
Tests run: 4, Failures: 0, Errors: 0, Skipped: 0, Time elapsed: 0.02 sec - in org.apache.storm.metric.internal.RateTrackerTest
Running org.apache.storm.metric.util.DataPointExpanderTest
Tests run: 5, Failures: 0, Errors: 0, Skipped: 0, Time elapsed: 0.024 sec - in org.apache.storm.metric.util.DataPointExpanderTest
Running org.apache.storm.metric.filter.FilterByMetricNameTest
Tests run: 4, Failures: 0, Errors: 0, Skipped: 0, Time elapsed: 0.053 sec - in org.apache.storm.metric.filter.FilterByMetricNameTest
Running org.apache.storm.windowing.WaterMarkEventGeneratorTest
Tests run: 5, Failures: 0, Errors: 0, Skipped: 0, Time elapsed: 0.125 sec - in org.apache.storm.windowing.WaterMarkEventGeneratorTest
Running org.apache.storm.windowing.WindowManagerTest
Tests run: 10, Failures: 0, Errors: 0, Skipped: 0, Time elapsed: 1.701 sec - in org.apache.storm.windowing.WindowManagerTest
Running org.apache.storm.topology.StatefulBoltExecutorTest
Tests run: 7, Failures: 0, Errors: 0, Skipped: 0, Time elapsed: 2.638 sec - in org.apache.storm.topology.StatefulBoltExecutorTest
Running org.apache.storm.topology.WindowedBoltExecutorTest
Tests run: 5, Failures: 0, Errors: 0, Skipped: 0, Time elapsed: 2.86 sec - in org.apache.storm.topology.WindowedBoltExecutorTest
Running org.apache.storm.topology.StatefulWindowedBoltExecutorTest
Tests run: 4, Failures: 0, Errors: 0, Skipped: 0, Time elapsed: 0.236 sec - in org.apache.storm.topology.StatefulWindowedBoltExecutorTest
Running org.apache.storm.topology.TopologyBuilderTest
Tests run: 5, Failures: 0, Errors: 0, Skipped: 0, Time elapsed: 1.176 sec - in org.apache.storm.topology.TopologyBuilderTest
Running org.apache.storm.localizer.LocalizerTest
Tests run: 13, Failures: 0, Errors: 0, Skipped: 0, Time elapsed: 9.396 sec - in org.apache.storm.localizer.LocalizerTest
Running org.apache.storm.localizer.LocalizedResourceRetentionSetTest
Tests run: 2, Failures: 0, Errors: 0, Skipped: 0, Time elapsed: 0.136 sec - in org.apache.storm.localizer.LocalizedResourceRetentionSetTest
Running org.apache.storm.localizer.LocalizedResourceSetTest
Tests run: 4, Failures: 0, Errors: 0, Skipped: 0, Time elapsed: 0.009 sec - in org.apache.storm.localizer.LocalizedResourceSetTest
Running org.apache.storm.scheduler.resource.TestUser
Tests run: 3, Failures: 0, Errors: 0, Skipped: 0, Time elapsed: 15.155 sec - in org.apache.storm.scheduler.resource.TestUser
Running org.apache.storm.scheduler.resource.TestResourceAwareScheduler
Tests run: 15, Failures: 0, Errors: 0, Skipped: 0, Time elapsed: 13.444 sec - in org.apache.storm.scheduler.resource.TestResourceAwareScheduler
Running org.apache.storm.grouping.PartialKeyGroupingTest
Tests run: 2, Failures: 0, Errors: 0, Skipped: 0, Time elapsed: 0.53 sec - in org.apache.storm.grouping.PartialKeyGroupingTest
Running org.apache.storm.state.InMemoryKeyValueStateTest
Tests run: 2, Failures: 0, Errors: 0, Skipped: 0, Time elapsed: 0.232 sec - in org.apache.storm.state.InMemoryKeyValueStateTest

Results :

Tests run: 164, Failures: 0, Errors: 0, Skipped: 0

[INFO] 
[INFO] --- clojure-maven-plugin:1.7.1:test (test-clojure) @ storm-core ---
Warning: protocol #'org.apache.storm.pacemaker-state-factory-test/send-capture is overwriting function send
WARNING: send already refers to: #'clojure.core/send in namespace: org.apache.storm.pacemaker-state-factory-test, being replaced by: #'org.apache.storm.pacemaker-state-factory-test/send
Running org.apache.storm.security.auth.auto-login-module-test
Tests run: 6, Passed: 22, Failures: 0, Errors: 0
Running org.apache.storm.transactional-test
Tests run: 7, Passed: 110, Failures: 0, Errors: 0
Running org.apache.storm.serialization-test
Tests run: 6, Passed: 13, Failures: 0, Errors: 0
Running org.apache.storm.utils.ZookeeperServerCnxnFactory-test
Tests run: 2, Passed: 3, Failures: 0, Errors: 0
Running org.apache.storm.versioned-store-test
Tests run: 2, Passed: 5, Failures: 0, Errors: 0
Running org.apache.storm.security.auth.drpc-auth-test
Tests run: 4, Passed: 22, Failures: 0, Errors: 0
Running org.apache.storm.pacemaker-state-factory-test
Tests run: 4, Passed: 15, Failures: 0, Errors: 0
Running org.apache.storm.supervisor-test
Tests run: 20, Passed: 70, Failures: 0, Errors: 0
Running org.apache.storm.scheduler.multitenant-scheduler-test
Tests run: 17, Passed: 235, Failures: 0, Errors: 0
Running org.apache.storm.security.auth.nimbus-auth-test
Tests run: 5, Passed: 39, Failures: 0, Errors: 0
Running org.apache.storm.security.auth.ThriftServer-test
Tests run: 2, Passed: 1, Failures: 0, Errors: 0
Running org.apache.storm.security.auth.AuthUtils-test
Tests run: 5, Passed: 6, Failures: 0, Errors: 0
Running org.apache.storm.logviewer-test
Tests run: 12, Passed: 118, Failures: 0, Errors: 0
Running org.apache.storm.worker-test
Tests run: 8, Passed: 35, Failures: 0, Errors: 0
Running integration.org.apache.storm.testing4j-test
Tests run: 8, Passed: 36, Failures: 0, Errors: 0
Running org.apache.storm.trident.state-test
Tests run: 5, Passed: 37, Failures: 0, Errors: 0
Running org.apache.storm.utils-test
Tests run: 6, Passed: 24, Failures: 0, Errors: 0
Running org.apache.storm.serialization.SerializationFactory-test
Tests run: 3, Passed: 3, Failures: 0, Errors: 0
Running org.apache.storm.security.auth.DefaultHttpCredentialsPlugin-test
Tests run: 2, Passed: 8, Failures: 0, Errors: 0
Running org.apache.storm.security.auth.auth-test
Tests run: 13, Passed: 94, Failures: 0, Errors: 0
Running org.apache.storm.clojure-test
Tests run: 3, Passed: 5, Failures: 0, Errors: 0
Running org.apache.storm.messaging-test
Tests run: 1, Passed: 2, Failures: 0, Errors: 0
Running org.apache.storm.drpc-test
86616 [Thread-788] INFO  o.a.s.util - Async loop interrupted!
89471 [Thread-839] INFO  o.a.s.util - Async loop interrupted!
91684 [Thread-861] INFO  o.a.s.util - Async loop interrupted!
98969 [Thread-895] INFO  o.a.s.util - Async loop interrupted!
Tests run: 7, Passed: 17, Failures: 0, Errors: 0
Running org.apache.storm.submitter-test
Tests run: 1, Passed: 13, Failures: 0, Errors: 0
Running org.apache.storm.security.auth.ReqContext-test
Tests run: 3, Passed: 4, Failures: 0, Errors: 0
Running org.apache.storm.fields-test
Tests run: 2, Passed: 22, Failures: 0, Errors: 0
Running integration.org.apache.storm.integration-test
Tests run: 18, Passed: 51, Failures: 0, Errors: 0
Running org.apache.storm.security.auth.authorizer.DRPCSimpleACLAuthorizer-test
Tests run: 7, Passed: 37, Failures: 0, Errors: 0
Running org.apache.storm.pacemaker-test
Tests run: 8, Passed: 58, Failures: 0, Errors: 0
Running org.apache.storm.metrics-test
Tests run: 8, Passed: 66, Failures: 0, Errors: 0
Running org.apache.storm.security.auth.ThriftClient-test
Tests run: 2, Passed: 4, Failures: 0, Errors: 0
Running org.apache.storm.scheduler-test
Tests run: 4, Passed: 64, Failures: 0, Errors: 0
Running org.apache.storm.scheduler.resource-aware-scheduler-test
Tests run: 8, Passed: 91, Failures: 0, Errors: 0
Running org.apache.storm.security.auth.SaslTransportPlugin-test
Tests run: 2, Passed: 8, Failures: 0, Errors: 0
Running org.apache.storm.local-state-test
Tests run: 2, Passed: 10, Failures: 0, Errors: 0
Running org.apache.storm.messaging.netty-unit-test
Tests run: 5, Passed: 16, Failures: 0, Errors: 1
Running org.apache.storm.tuple-test
Tests run: 4, Passed: 13, Failures: 0, Errors: 0
Running org.apache.storm.messaging.netty-integration-test
Tests run: 1, Passed: 1, Failures: 0, Errors: 0
Running org.apache.storm.tick-tuple-test
Tests run: 1, Passed: 1, Failures: 0, Errors: 0
Running integration.org.apache.storm.trident.integration-test
Tests run: 9, Passed: 141, Failures: 0, Errors: 0
Running org.apache.storm.grouping-test
Tests run: 5, Passed: 15, Failures: 0, Errors: 0
Running org.apache.storm.security.serialization.BlowfishTupleSerializer-test
Tests run: 3, Passed: 3, Failures: 0, Errors: 0
Running org.apache.storm.nimbus-test
Tests run: 43, Passed: 795, Failures: 0, Errors: 0
Running org.apache.storm.subtopology-test
Tests run: 0, Passed: 0, Failures: 0, Errors: 0
Running org.apache.storm.cluster-test
Tests run: 10, Passed: 98, Failures: 0, Errors: 0
Running org.apache.storm.trident.tuple-test
Tests run: 6, Passed: 36, Failures: 0, Errors: 0
[INFO] ------------------------------------------------------------------------
[INFO] BUILD FAILURE
[INFO] ------------------------------------------------------------------------
[INFO] Total time: 09:41 min
[INFO] Finished at: 2016-07-18T05:19:17+00:00
[INFO] Final Memory: 33M/316M
[INFO] ------------------------------------------------------------------------
[ERROR] Failed to execute goal com.theoryinpractise:clojure-maven-plugin:1.7.1:test (test-clojure) on project storm-core: Clojure failed. -> [Help 1]
[ERROR] 
[ERROR] To see the full stack trace of the errors, re-run Maven with the -e switch.
[ERROR] Re-run Maven using the -X switch to enable full debug logging.
[ERROR] 
[ERROR] For more information about the errors and possible solutions, please read the following articles:
[ERROR] [Help 1] http://cwiki.apache.org/confluence/display/MAVEN/MojoExecutionException
Looking for errors in ./storm-core/target/surefire-reports
Checking ./storm-core/target/surefire-reports/TEST-org.apache.storm.utils.ShellBoltMessageQueueTest.xml
Checking ./storm-core/target/surefire-reports/TEST-org.apache.storm.utils.WorkerBackpressureThreadTest.xml
Checking ./storm-core/target/surefire-reports/TEST-org.apache.storm.utils.DisruptorQueueTest.xml
Checking ./storm-core/target/surefire-reports/TEST-org.apache.storm.utils.StormBoundedExponentialBackoffRetryTest.xml
Checking ./storm-core/target/surefire-reports/TEST-org.apache.storm.utils.DisruptorQueueBackpressureTest.xml
Checking ./storm-core/target/surefire-reports/TEST-org.apache.storm.utils.ThriftTopologyUtilsTest.xml
Checking ./storm-core/target/surefire-reports/TEST-org.apache.storm.spout.CheckpointSpoutTest.xml
Checking ./storm-core/target/surefire-reports/TEST-org.apache.storm.TestConfigValidate.xml
Checking ./storm-core/target/surefire-reports/TEST-org.apache.storm.serialization.GzipBridgeThriftSerializationDelegateTest.xml
Checking ./storm-core/target/surefire-reports/TEST-org.apache.storm.serialization.ThriftBridgeSerializationDelegateTest.xml
Checking ./storm-core/target/surefire-reports/TEST-org.apache.storm.serialization.GzipBridgeSerializationDelegateTest.xml
Checking ./storm-core/target/surefire-reports/TEST-org.apache.storm.blobstore.ClientBlobStoreTest.xml
Checking ./storm-core/target/surefire-reports/TEST-org.apache.storm.blobstore.BlobStoreTest.xml
Checking ./storm-core/target/surefire-reports/TEST-org.apache.storm.blobstore.BlobSynchronizerTest.xml
Checking ./storm-core/target/surefire-reports/TEST-org.apache.storm.trident.TridentWindowingTest.xml
Checking ./storm-core/target/surefire-reports/TEST-org.apache.storm.trident.TestTridentTopology.xml
Checking ./storm-core/target/surefire-reports/TEST-org.apache.storm.metric.internal.LatencyStatAndMetricTest.xml
Checking ./storm-core/target/surefire-reports/TEST-org.apache.storm.metric.internal.CountStatAndMetricTest.xml
Checking ./storm-core/target/surefire-reports/TEST-org.apache.storm.metric.internal.RateTrackerTest.xml
Checking ./storm-core/target/surefire-reports/TEST-org.apache.storm.metric.util.DataPointExpanderTest.xml
Checking ./storm-core/target/surefire-reports/TEST-org.apache.storm.metric.filter.FilterByMetricNameTest.xml
Checking ./storm-core/target/surefire-reports/TEST-org.apache.storm.windowing.WaterMarkEventGeneratorTest.xml
Checking ./storm-core/target/surefire-reports/TEST-org.apache.storm.windowing.WindowManagerTest.xml
Checking ./storm-core/target/surefire-reports/TEST-org.apache.storm.topology.StatefulBoltExecutorTest.xml
Checking ./storm-core/target/surefire-reports/TEST-org.apache.storm.topology.WindowedBoltExecutorTest.xml
Checking ./storm-core/target/surefire-reports/TEST-org.apache.storm.topology.StatefulWindowedBoltExecutorTest.xml
Checking ./storm-core/target/surefire-reports/TEST-org.apache.storm.topology.TopologyBuilderTest.xml
Checking ./storm-core/target/surefire-reports/TEST-org.apache.storm.localizer.LocalizerTest.xml
Checking ./storm-core/target/surefire-reports/TEST-org.apache.storm.localizer.LocalizedResourceRetentionSetTest.xml
Checking ./storm-core/target/surefire-reports/TEST-org.apache.storm.localizer.LocalizedResourceSetTest.xml
Checking ./storm-core/target/surefire-reports/TEST-org.apache.storm.scheduler.resource.TestUser.xml
Checking ./storm-core/target/surefire-reports/TEST-org.apache.storm.scheduler.resource.TestResourceAwareScheduler.xml
Checking ./storm-core/target/surefire-reports/TEST-org.apache.storm.grouping.PartialKeyGroupingTest.xml
Checking ./storm-core/target/surefire-reports/TEST-org.apache.storm.state.InMemoryKeyValueStateTest.xml
Looking for errors in ./storm-core/target/test-reports
Checking ./storm-core/target/test-reports/org.apache.storm.security.auth.auto-login-module-test.xml
Checking ./storm-core/target/test-reports/org.apache.storm.transactional-test.xml
Checking ./storm-core/target/test-reports/org.apache.storm.serialization-test.xml
Checking ./storm-core/target/test-reports/org.apache.storm.utils.ZookeeperServerCnxnFactory-test.xml
Checking ./storm-core/target/test-reports/org.apache.storm.versioned-store-test.xml
Checking ./storm-core/target/test-reports/org.apache.storm.security.auth.drpc-auth-test.xml
Checking ./storm-core/target/test-reports/org.apache.storm.pacemaker-state-factory-test.xml
Checking ./storm-core/target/test-reports/org.apache.storm.supervisor-test.xml
Checking ./storm-core/target/test-reports/org.apache.storm.scheduler.multitenant-scheduler-test.xml
Checking ./storm-core/target/test-reports/org.apache.storm.security.auth.nimbus-auth-test.xml
Checking ./storm-core/target/test-reports/org.apache.storm.security.auth.ThriftServer-test.xml
Checking ./storm-core/target/test-reports/org.apache.storm.security.auth.AuthUtils-test.xml
Checking ./storm-core/target/test-reports/org.apache.storm.logviewer-test.xml
Checking ./storm-core/target/test-reports/org.apache.storm.worker-test.xml
Checking ./storm-core/target/test-reports/integration.org.apache.storm.testing4j-test.xml
Checking ./storm-core/target/test-reports/org.apache.storm.trident.state-test.xml
Checking ./storm-core/target/test-reports/org.apache.storm.utils-test.xml
Checking ./storm-core/target/test-reports/org.apache.storm.serialization.SerializationFactory-test.xml
Checking ./storm-core/target/test-reports/org.apache.storm.security.auth.DefaultHttpCredentialsPlugin-test.xml
Checking ./storm-core/target/test-reports/org.apache.storm.security.auth.auth-test.xml
Checking ./storm-core/target/test-reports/org.apache.storm.clojure-test.xml
Checking ./storm-core/target/test-reports/org.apache.storm.messaging-test.xml
Checking ./storm-core/target/test-reports/org.apache.storm.drpc-test.xml
Checking ./storm-core/target/test-reports/org.apache.storm.submitter-test.xml
Checking ./storm-core/target/test-reports/org.apache.storm.security.auth.ReqContext-test.xml
Checking ./storm-core/target/test-reports/org.apache.storm.fields-test.xml
Checking ./storm-core/target/test-reports/integration.org.apache.storm.integration-test.xml
Checking ./storm-core/target/test-reports/org.apache.storm.security.auth.authorizer.DRPCSimpleACLAuthorizer-test.xml
Checking ./storm-core/target/test-reports/org.apache.storm.pacemaker-test.xml
Checking ./storm-core/target/test-reports/org.apache.storm.metrics-test.xml
Checking ./storm-core/target/test-reports/org.apache.storm.security.auth.ThriftClient-test.xml
Checking ./storm-core/target/test-reports/org.apache.storm.scheduler-test.xml
Checking ./storm-core/target/test-reports/org.apache.storm.scheduler.resource-aware-scheduler-test.xml
Checking ./storm-core/target/test-reports/org.apache.storm.security.auth.SaslTransportPlugin-test.xml
Checking ./storm-core/target/test-reports/org.apache.storm.local-state-test.xml
Checking ./storm-core/target/test-reports/org.apache.storm.messaging.netty-unit-test.xml
--------------------------------------------------
classname: org.apache.storm.messaging.netty-unit-test / testname: test-load
Uncaught exception, not in assertion.
expected: nil
  actual: java.lang.AssertionError: Test timed out (150000ms) (empty? (.getLoad client [(int 1) (int 2)]))
 at org.apache.storm.messaging.netty_unit_test$test_load_fn.invoke (netty_unit_test.clj:115)
    org.apache.storm.messaging.netty_unit_test/fn (netty_unit_test.clj:143)
    clojure.test$test_var$fn__7670.invoke (test.clj:704)
    clojure.test$test_var.invoke (test.clj:704)
    clojure.test$test_vars$fn__7692$fn__7697.invoke (test.clj:722)
    clojure.test$default_fixture.invoke (test.clj:674)
    clojure.test$test_vars$fn__7692.invoke (test.clj:722)
    clojure.test$default_fixture.invoke (test.clj:674)
    clojure.test$test_vars.invoke (test.clj:718)
    clojure.test$test_all_vars.invoke (test.clj:728)
    clojure.test$test_ns.invoke (test.clj:747)
    clojure.core$map$fn__4553.invoke (core.clj:2624)
    clojure.lang.LazySeq.sval (LazySeq.java:40)
    clojure.lang.LazySeq.seq (LazySeq.java:49)
    clojure.lang.Cons.next (Cons.java:39)
    clojure.lang.RT.boundedLength (RT.java:1735)
    clojure.lang.RestFn.applyTo (RestFn.java:130)
    clojure.core$apply.invoke (core.clj:632)
    clojure.test$run_tests.doInvoke (test.clj:762)
    clojure.lang.RestFn.invoke (RestFn.java:408)
    org.apache.storm.testrunner$eval11090$iter__11091__11095$fn__11096$fn__11097$fn__11098.invoke (test_runner.clj:107)
    org.apache.storm.testrunner$eval11090$iter__11091__11095$fn__11096$fn__11097.invoke (test_runner.clj:53)
    org.apache.storm.testrunner$eval11090$iter__11091__11095$fn__11096.invoke (test_runner.clj:52)
    clojure.lang.LazySeq.sval (LazySeq.java:40)
    clojure.lang.LazySeq.seq (LazySeq.java:49)
    clojure.lang.ChunkedCons.chunkedNext (ChunkedCons.java:59)
    clojure.lang.ChunkedCons.next (ChunkedCons.java:43)
    clojure.lang.RT.next (RT.java:674)
    clojure.core/next (core.clj:64)
    clojure.core$dorun.invoke (core.clj:3010)
    org.apache.storm.testrunner$eval11090.invoke (test_runner.clj:52)
    clojure.lang.Compiler.eval (Compiler.java:6782)
    clojure.lang.Compiler.load (Compiler.java:7227)
    clojure.lang.Compiler.loadFile (Compiler.java:7165)
    clojure.main$load_script.invoke (main.clj:275)
    clojure.main$script_opt.invoke (main.clj:337)
    clojure.main$main.doInvoke (main.clj:421)
    clojure.lang.RestFn.invoke (RestFn.java:421)
    clojure.lang.Var.invoke (Var.java:383)
    clojure.lang.AFn.applyToHelper (AFn.java:156)
    clojure.lang.Var.applyTo (Var.java:700)
    clojure.main.main (main.java:37)

      at: test_runner.clj:105
-------------------- system-out --------------------

140224 [main] INFO  o.a.s.m.netty-unit-test - 2 test load
140224 [main] INFO  o.a.s.m.TransportFactory - Storm peer transport plugin:org.apache.storm.messaging.netty.Context
140229 [main] INFO  o.a.s.m.n.Server - Create Netty Server Netty-server-localhost-6700, buffer_size: 1024, maxWorkers: 1
140230 [main] INFO  o.a.s.m.n.Client - creating Netty Client, connecting to localhost:6700, bufferSize: 1024
140231 [main] INFO  o.a.s.m.netty-unit-test - Waiting until all Netty connections are ready...
140332 [main] INFO  o.a.s.m.netty-unit-test - All Netty connections are ready
290348 [main] INFO  o.a.s.m.netty-unit-test - Condition (empty? (.getLoad client [(int 1) (int 2)])) not met in 150000ms
290348 [main] INFO  o.a.s.m.netty-unit-test - "pool-2615-thread-1" 
   lock: null owner: null
   java.lang.Thread.State: TIMED_WAITING
        at java.lang.Thread.sleep(Native Method)
        at org.jboss.netty.util.HashedWheelTimer$Worker.waitForNextTick(HashedWheelTimer.java:483)
        at org.jboss.netty.util.HashedWheelTimer$Worker.run(HashedWheelTimer.java:392)
        at org.jboss.netty.util.ThreadRenamingRunnable.run(ThreadRenamingRunnable.java:108)
        at java.lang.Thread.run(Thread.java:745)

"client-schedule-service-1" 
   lock: null owner: null
   java.lang.Thread.State: TIMED_WAITING
        at java.lang.Thread.sleep(Native Method)
        at org.jboss.netty.util.HashedWheelTimer$Worker.waitForNextTick(HashedWheelTimer.java:483)
        at org.jboss.netty.util.HashedWheelTimer$Worker.run(HashedWheelTimer.java:392)
        at org.jboss.netty.util.ThreadRenamingRunnable.run(ThreadRenamingRunnable.java:108)
        at java.lang.Thread.run(Thread.java:745)

"Netty-server-localhost-6700-boss-1" 
   lock: null owner: null
   java.lang.Thread.State: RUNNABLE
        at sun.nio.ch.EPollArrayWrapper.epollWait(Native Method)
        at sun.nio.ch.EPollArrayWrapper.poll(EPollArrayWrapper.java:269)
        at sun.nio.ch.EPollSelectorImpl.doSelect(EPollSelectorImpl.java:79)
        at sun.nio.ch.SelectorImpl.lockAndDoSelect(SelectorImpl.java:86)
        at sun.nio.ch.SelectorImpl.select(SelectorImpl.java:97)
        at sun.nio.ch.SelectorImpl.select(SelectorImpl.java:101)
        at org.jboss.netty.channel.socket.nio.NioServerBoss.select(NioServerBoss.java:163)
        at org.jboss.netty.channel.socket.nio.AbstractNioSelector.run(AbstractNioSelector.java:212)
        at org.jboss.netty.channel.socket.nio.NioServerBoss.run(NioServerBoss.java:42)
        at org.jboss.netty.util.ThreadRenamingRunnable.run(ThreadRenamingRunnable.java:108)
        at org.jboss.netty.util.internal.DeadLockProofWorker$1.run(DeadLockProofWorker.java:42)
        at java.util.concurrent.ThreadPoolExecutor.runWorker(ThreadPoolExecutor.java:1142)
        at java.util.concurrent.ThreadPoolExecutor$Worker.run(ThreadPoolExecutor.java:617)
        at java.lang.Thread.run(Thread.java:745)

"Netty-server-localhost-6700-worker-1" 
   lock: null owner: null
   java.lang.Thread.State: RUNNABLE
        at sun.nio.ch.EPollArrayWrapper.epollWait(Native Method)
        at sun.nio.ch.EPollArrayWrapper.poll(EPollArrayWrapper.java:269)
        at sun.nio.ch.EPollSelectorImpl.doSelect(EPollSelectorImpl.java:79)
        at sun.nio.ch.SelectorImpl.lockAndDoSelect(SelectorImpl.java:86)
        at sun.nio.ch.SelectorImpl.select(SelectorImpl.java:97)
        at org.jboss.netty.channel.socket.nio.SelectorUtil.select(SelectorUtil.java:68)
        at org.jboss.netty.channel.socket.nio.AbstractNioSelector.select(AbstractNioSelector.java:415)
        at org.jboss.netty.channel.socket.nio.AbstractNioSelector.run(AbstractNioSelector.java:212)
        at org.jboss.netty.channel.socket.nio.AbstractNioWorker.run(AbstractNioWorker.java:89)
        at org.jboss.netty.channel.socket.nio.NioWorker.run(NioWorker.java:178)
        at org.jboss.netty.util.ThreadRenamingRunnable.run(ThreadRenamingRunnable.java:108)
        at org.jboss.netty.util.internal.DeadLockProofWorker$1.run(DeadLockProofWorker.java:42)
        at java.util.concurrent.ThreadPoolExecutor.runWorker(ThreadPoolExecutor.java:1142)
        at java.util.concurrent.ThreadPoolExecutor$Worker.run(ThreadPoolExecutor.java:617)
        at java.lang.Thread.run(Thread.java:745)

"client-boss-1" 
   lock: null owner: null
   java.lang.Thread.State: RUNNABLE
        at sun.nio.ch.EPollArrayWrapper.epollWait(Native Method)
        at sun.nio.ch.EPollArrayWrapper.poll(EPollArrayWrapper.java:269)
        at sun.nio.ch.EPollSelectorImpl.doSelect(EPollSelectorImpl.java:79)
        at sun.nio.ch.SelectorImpl.lockAndDoSelect(SelectorImpl.java:86)
        at sun.nio.ch.SelectorImpl.select(SelectorImpl.java:97)
        at org.jboss.netty.channel.socket.nio.SelectorUtil.select(SelectorUtil.java:68)
        at org.jboss.netty.channel.socket.nio.AbstractNioSelector.select(AbstractNioSelector.java:415)
        at org.jboss.netty.channel.socket.nio.AbstractNioSelector.run(AbstractNioSelector.java:212)
        at org.jboss.netty.channel.socket.nio.NioClientBoss.run(NioClientBoss.java:42)
        at org.jboss.netty.util.ThreadRenamingRunnable.run(ThreadRenamingRunnable.java:108)
        at org.jboss.netty.util.internal.DeadLockProofWorker$1.run(DeadLockProofWorker.java:42)
        at java.util.concurrent.ThreadPoolExecutor.runWorker(ThreadPoolExecutor.java:1142)
        at java.util.concurrent.ThreadPoolExecutor$Worker.run(ThreadPoolExecutor.java:617)
        at java.lang.Thread.run(Thread.java:745)

"client-worker-1" 
   lock: null owner: null
   java.lang.Thread.State: RUNNABLE
        at sun.nio.ch.EPollArrayWrapper.epollWait(Native Method)
        at sun.nio.ch.EPollArrayWrapper.poll(EPollArrayWrapper.java:269)
        at sun.nio.ch.EPollSelectorImpl.doSelect(EPollSelectorImpl.java:79)
        at sun.nio.ch.SelectorImpl.lockAndDoSelect(SelectorImpl.java:86)
        at sun.nio.ch.SelectorImpl.select(SelectorImpl.java:97)
        at org.jboss.netty.channel.socket.nio.SelectorUtil.select(SelectorUtil.java:68)
        at org.jboss.netty.channel.socket.nio.AbstractNioSelector.select(AbstractNioSelector.java:415)
        at org.jboss.netty.channel.socket.nio.AbstractNioSelector.run(AbstractNioSelector.java:212)
        at org.jboss.netty.channel.socket.nio.AbstractNioWorker.run(AbstractNioWorker.java:89)
        at org.jboss.netty.channel.socket.nio.NioWorker.run(NioWorker.java:178)
        at org.jboss.netty.util.ThreadRenamingRunnable.run(ThreadRenamingRunnable.java:108)
        at org.jboss.netty.util.internal.DeadLockProofWorker$1.run(DeadLockProofWorker.java:42)
        at java.util.concurrent.ThreadPoolExecutor.runWorker(ThreadPoolExecutor.java:1142)
        at java.util.concurrent.ThreadPoolExecutor$Worker.run(ThreadPoolExecutor.java:617)
        at java.lang.Thread.run(Thread.java:745)

"Localizer Cache Cleanup" 
   lock: java.util.concurrent.locks.AbstractQueuedSynchronizer$ConditionObject@51d27046 owner: null
   java.lang.Thread.State: TIMED_WAITING
        at sun.misc.Unsafe.park(Native Method)
        at java.util.concurrent.locks.LockSupport.parkNanos(LockSupport.java:215)
        at java.util.concurrent.locks.AbstractQueuedSynchronizer$ConditionObject.awaitNanos(AbstractQueuedSynchronizer.java:2078)
        at java.util.concurrent.ScheduledThreadPoolExecutor$DelayedWorkQueue.take(ScheduledThreadPoolExecutor.java:1093)
        at java.util.concurrent.ScheduledThreadPoolExecutor$DelayedWorkQueue.take(ScheduledThreadPoolExecutor.java:809)
        at java.util.concurrent.ThreadPoolExecutor.getTask(ThreadPoolExecutor.java:1067)
        at java.util.concurrent.ThreadPoolExecutor.runWorker(ThreadPoolExecutor.java:1127)
        at java.util.concurrent.ThreadPoolExecutor$Worker.run(ThreadPoolExecutor.java:617)
        at java.lang.Thread.run(Thread.java:745)

"Thread-1538" 
   lock: java.util.concurrent.locks.AbstractQueuedSynchronizer$ConditionObject@7f2b6cef owner: null
   java.lang.Thread.State: WAITING
        at sun.misc.Unsafe.park(Native Method)
        at java.util.concurrent.locks.LockSupport.park(LockSupport.java:175)
        at java.util.concurrent.locks.AbstractQueuedSynchronizer$ConditionObject.await(AbstractQueuedSynchronizer.java:2039)
        at java.util.concurrent.LinkedBlockingQueue.take(LinkedBlockingQueue.java:442)
        at org.apache.storm.event$event_manager$fn__10060.invoke(event.clj:39)
        at clojure.lang.AFn.run(AFn.java:22)
        at java.lang.Thread.run(Thread.java:745)

"Thread-1537" 
   lock: java.util.concurrent.locks.AbstractQueuedSynchronizer$ConditionObject@6bcee956 owner: null
   java.lang.Thread.State: WAITING
        at sun.misc.Unsafe.park(Native Method)
        at java.util.concurrent.locks.LockSupport.park(LockSupport.java:175)
        at java.util.concurrent.locks.AbstractQueuedSynchronizer$ConditionObject.await(AbstractQueuedSynchronizer.java:2039)
        at java.util.concurrent.LinkedBlockingQueue.take(LinkedBlockingQueue.java:442)
        at org.apache.storm.event$event_manager$fn__10060.invoke(event.clj:39)
        at clojure.lang.AFn.run(AFn.java:22)
        at java.lang.Thread.run(Thread.java:745)

"timer" 
   lock: null owner: null
   java.lang.Thread.State: TIMED_WAITING
        at java.lang.Thread.sleep(Native Method)
        at org.apache.storm.utils.Time.sleepUntil(Time.java:86)
        at org.apache.storm.utils.Time.sleep(Time.java:91)
        at org.apache.storm.timer$mk_timer$fn__4108$fn__4109.invoke(timer.clj:60)
        at org.apache.storm.timer$mk_timer$fn__4108.invoke(timer.clj:42)
        at clojure.lang.AFn.run(AFn.java:22)
        at java.lang.Thread.run(Thread.java:745)

"Curator-Framework-0" 
   lock: java.util.concurrent.locks.AbstractQueuedSynchronizer$ConditionObject@7c153d owner: null
   java.lang.Thread.State: WAITING
        at sun.misc.Unsafe.park(Native Method)
        at java.util.concurrent.locks.LockSupport.park(LockSupport.java:175)
        at java.util.concurrent.locks.AbstractQueuedSynchronizer$ConditionObject.await(AbstractQueuedSynchronizer.java:2039)
        at java.util.concurrent.DelayQueue.take(DelayQueue.java:211)
        at java.util.concurrent.DelayQueue.take(DelayQueue.java:70)
        at org.apache.curator.framework.imps.CuratorFrameworkImpl.backgroundOperationsLoop(CuratorFrameworkImpl.java:804)
        at org.apache.curator.framework.imps.CuratorFrameworkImpl.access$300(CuratorFrameworkImpl.java:64)
        at org.apache.curator.framework.imps.CuratorFrameworkImpl$4.call(CuratorFrameworkImpl.java:267)
        at java.util.concurrent.FutureTask.run(FutureTask.java:266)
        at java.util.concurrent.ScheduledThreadPoolExecutor$ScheduledFutureTask.access$201(ScheduledThreadPoolExecutor.java:180)
        at java.util.concurrent.ScheduledThreadPoolExecutor$ScheduledFutureTask.run(ScheduledThreadPoolExecutor.java:293)
        at java.util.concurrent.ThreadPoolExecutor.runWorker(ThreadPoolExecutor.java:1142)
        at java.util.concurrent.ThreadPoolExecutor$Worker.run(ThreadPoolExecutor.java:617)
        at java.lang.Thread.run(Thread.java:745)

"main-EventThread" 
   lock: java.util.concurrent.locks.AbstractQueuedSynchronizer$ConditionObject@426e0534 owner: null
   java.lang.Thread.State: WAITING
        at sun.misc.Unsafe.park(Native Method)
        at java.util.concurrent.locks.LockSupport.park(LockSupport.java:175)
        at java.util.concurrent.locks.AbstractQueuedSynchronizer$ConditionObject.await(AbstractQueuedSynchronizer.java:2039)
        at java.util.concurrent.LinkedBlockingQueue.take(LinkedBlockingQueue.java:442)
        at org.apache.zookeeper.ClientCnxn$EventThread.run(ClientCnxn.java:494)

"main-SendThread(localhost:2002)" 
   lock: null owner: null
   java.lang.Thread.State: RUNNABLE
        at sun.nio.ch.EPollArrayWrapper.epollWait(Native Method)
        at sun.nio.ch.EPollArrayWrapper.poll(EPollArrayWrapper.java:269)
        at sun.nio.ch.EPollSelectorImpl.doSelect(EPollSelectorImpl.java:79)
        at sun.nio.ch.SelectorImpl.lockAndDoSelect(SelectorImpl.java:86)
        at sun.nio.ch.SelectorImpl.select(SelectorImpl.java:97)
        at org.apache.zookeeper.ClientCnxnSocketNIO.doTransport(ClientCnxnSocketNIO.java:349)
        at org.apache.zookeeper.ClientCnxn$SendThread.run(ClientCnxn.java:1081)

"Curator-ConnectionStateManager-0" 
   lock: java.util.concurrent.locks.AbstractQueuedSynchronizer$ConditionObject@66065582 owner: null
   java.lang.Thread.State: WAITING
        at sun.misc.Unsafe.park(Native Method)
        at java.util.concurrent.locks.LockSupport.park(LockSupport.java:175)
        at java.util.concurrent.locks.AbstractQueuedSynchronizer$ConditionObject.await(AbstractQueuedSynchronizer.java:2039)
        at java.util.concurrent.ArrayBlockingQueue.take(ArrayBlockingQueue.java:403)
        at org.apache.curator.framework.state.ConnectionStateManager.processEvents(ConnectionStateManager.java:245)
        at org.apache.curator.framework.state.ConnectionStateManager.access$000(ConnectionStateManager.java:43)
        at org.apache.curator.framework.state.ConnectionStateManager$1.call(ConnectionStateManager.java:111)
        at java.util.concurrent.FutureTask.run(FutureTask.java:266)
        at java.util.concurrent.ThreadPoolExecutor.runWorker(ThreadPoolExecutor.java:1142)
        at java.util.concurrent.ThreadPoolExecutor$Worker.run(ThreadPoolExecutor.java:617)
        at java.lang.Thread.run(Thread.java:745)

"blob-update-timer" 
   lock: null owner: null
   java.lang.Thread.State: TIMED_WAITING
        at java.lang.Thread.sleep(Native Method)
        at org.apache.storm.utils.Time.sleepUntil(Time.java:86)
        at org.apache.storm.utils.Time.sleep(Time.java:91)
        at org.apache.storm.timer$mk_timer$fn__4108$fn__4109.invoke(timer.clj:60)
        at org.apache.storm.timer$mk_timer$fn__4108.invoke(timer.clj:42)
        at clojure.lang.AFn.run(AFn.java:22)
        at java.lang.Thread.run(Thread.java:745)

"timer" 
   lock: null owner: null
   java.lang.Thread.State: TIMED_WAITING
        at java.lang.Thread.sleep(Native Method)
        at org.apache.storm.utils.Time.sleepUntil(Time.java:86)
        at org.apache.storm.utils.Time.sleep(Time.java:91)
        at org.apache.storm.timer$mk_timer$fn__4108$fn__4109.invoke(timer.clj:60)
        at org.apache.storm.timer$mk_timer$fn__4108.invoke(timer.clj:42)
        at clojure.lang.AFn.run(AFn.java:22)
        at java.lang.Thread.run(Thread.java:745)

"Localizer Cache Cleanup" 
   lock: java.util.concurrent.locks.AbstractQueuedSynchronizer$ConditionObject@7a9e844d owner: null
   java.lang.Thread.State: TIMED_WAITING
        at sun.misc.Unsafe.park(Native Method)
        at java.util.concurrent.locks.LockSupport.parkNanos(LockSupport.java:215)
        at java.util.concurrent.locks.AbstractQueuedSynchronizer$ConditionObject.awaitNanos(AbstractQueuedSynchronizer.java:2078)
        at java.util.concurrent.ScheduledThreadPoolExecutor$DelayedWorkQueue.take(ScheduledThreadPoolExecutor.java:1093)
        at java.util.concurrent.ScheduledThreadPoolExecutor$DelayedWorkQueue.take(ScheduledThreadPoolExecutor.java:809)
        at java.util.concurrent.ThreadPoolExecutor.getTask(ThreadPoolExecutor.java:1067)
        at java.util.concurrent.ThreadPoolExecutor.runWorker(ThreadPoolExecutor.java:1127)
        at java.util.concurrent.ThreadPoolExecutor$Worker.run(ThreadPoolExecutor.java:617)
        at java.lang.Thread.run(Thread.java:745)

"Thread-1536" 
   lock: java.util.concurrent.locks.AbstractQueuedSynchronizer$ConditionObject@1aaba3de owner: null
   java.lang.Thread.State: WAITING
        at sun.misc.Unsafe.park(Native Method)
        at java.util.concurrent.locks.LockSupport.park(LockSupport.java:175)
        at java.util.concurrent.locks.AbstractQueuedSynchronizer$ConditionObject.await(AbstractQueuedSynchronizer.java:2039)
        at java.util.concurrent.LinkedBlockingQueue.take(LinkedBlockingQueue.java:442)
        at org.apache.storm.event$event_manager$fn__10060.invoke(event.clj:39)
        at clojure.lang.AFn.run(AFn.java:22)
        at java.lang.Thread.run(Thread.java:745)

"Thread-1535" 
   lock: java.util.concurrent.locks.AbstractQueuedSynchronizer$ConditionObject@28de521a owner: null
   java.lang.Thread.State: WAITING
        at sun.misc.Unsafe.park(Native Method)
        at java.util.concurrent.locks.LockSupport.park(LockSupport.java:175)
        at java.util.concurrent.locks.AbstractQueuedSynchronizer$ConditionObject.await(AbstractQueuedSynchronizer.java:2039)
        at java.util.concurrent.LinkedBlockingQueue.take(LinkedBlockingQueue.java:442)
        at org.apache.storm.event$event_manager$fn__10060.invoke(event.clj:39)
        at clojure.lang.AFn.run(AFn.java:22)
        at java.lang.Thread.run(Thread.java:745)

"timer" 
   lock: null owner: null
   java.lang.Thread.State: TIMED_WAITING
        at java.lang.Thread.sleep(Native Method)
        at org.apache.storm.utils.Time.sleepUntil(Time.java:86)
        at org.apache.storm.utils.Time.sleep(Time.java:91)
        at org.apache.storm.timer$mk_timer$fn__4108$fn__4109.invoke(timer.clj:60)
        at org.apache.storm.timer$mk_timer$fn__4108.invoke(timer.clj:42)
        at clojure.lang.AFn.run(AFn.java:22)
        at java.lang.Thread.run(Thread.java:745)

"Curator-Framework-0" 
   lock: java.util.concurrent.locks.AbstractQueuedSynchronizer$ConditionObject@7c20a8c6 owner: null
   java.lang.Thread.State: WAITING
        at sun.misc.Unsafe.park(Native Method)
        at java.util.concurrent.locks.LockSupport.park(LockSupport.java:175)
        at java.util.concurrent.locks.AbstractQueuedSynchronizer$ConditionObject.await(AbstractQueuedSynchronizer.java:2039)
        at java.util.concurrent.DelayQueue.take(DelayQueue.java:211)
        at java.util.concurrent.DelayQueue.take(DelayQueue.java:70)
        at org.apache.curator.framework.imps.CuratorFrameworkImpl.backgroundOperationsLoop(CuratorFrameworkImpl.java:804)
        at org.apache.curator.framework.imps.CuratorFrameworkImpl.access$300(CuratorFrameworkImpl.java:64)
        at org.apache.curator.framework.imps.CuratorFrameworkImpl$4.call(CuratorFrameworkImpl.java:267)
        at java.util.concurrent.FutureTask.run(FutureTask.java:266)
        at java.util.concurrent.ScheduledThreadPoolExecutor$ScheduledFutureTask.access$201(ScheduledThreadPoolExecutor.java:180)
        at java.util.concurrent.ScheduledThreadPoolExecutor$ScheduledFutureTask.run(ScheduledThreadPoolExecutor.java:293)
        at java.util.concurrent.ThreadPoolExecutor.runWorker(ThreadPoolExecutor.java:1142)
        at java.util.concurrent.ThreadPoolExecutor$Worker.run(ThreadPoolExecutor.java:617)
        at java.lang.Thread.run(Thread.java:745)

"main-EventThread" 
   lock: java.util.concurrent.locks.AbstractQueuedSynchronizer$ConditionObject@7212e7e3 owner: null
   java.lang.Thread.State: WAITING
        at sun.misc.Unsafe.park(Native Method)
        at java.util.concurrent.locks.LockSupport.park(LockSupport.java:175)
        at java.util.concurrent.locks.AbstractQueuedSynchronizer$ConditionObject.await(AbstractQueuedSynchronizer.java:2039)
        at java.util.concurrent.LinkedBlockingQueue.take(LinkedBlockingQueue.java:442)
        at org.apache.zookeeper.ClientCnxn$EventThread.run(ClientCnxn.java:494)

"main-SendThread(localhost:2002)" 
   lock: null owner: null
   java.lang.Thread.State: RUNNABLE
        at sun.nio.ch.EPollArrayWrapper.epollWait(Native Method)
        at sun.nio.ch.EPollArrayWrapper.poll(EPollArrayWrapper.java:269)
        at sun.nio.ch.EPollSelectorImpl.doSelect(EPollSelectorImpl.java:79)
        at sun.nio.ch.SelectorImpl.lockAndDoSelect(SelectorImpl.java:86)
        at sun.nio.ch.SelectorImpl.select(SelectorImpl.java:97)
        at org.apache.zookeeper.ClientCnxnSocketNIO.doTransport(ClientCnxnSocketNIO.java:349)
        at org.apache.zookeeper.ClientCnxn$SendThread.run(ClientCnxn.java:1081)

"Curator-ConnectionStateManager-0" 
   lock: java.util.concurrent.locks.AbstractQueuedSynchronizer$ConditionObject@35600f2c owner: null
   java.lang.Thread.State: WAITING
        at sun.misc.Unsafe.park(Native Method)
        at java.util.concurrent.locks.LockSupport.park(LockSupport.java:175)
        at java.util.concurrent.locks.AbstractQueuedSynchronizer$ConditionObject.await(AbstractQueuedSynchronizer.java:2039)
        at java.util.concurrent.ArrayBlockingQueue.take(ArrayBlockingQueue.java:403)
        at org.apache.curator.framework.state.ConnectionStateManager.processEvents(ConnectionStateManager.java:245)
        at org.apache.curator.framework.state.ConnectionStateManager.access$000(ConnectionStateManager.java:43)
        at org.apache.curator.framework.state.ConnectionStateManager$1.call(ConnectionStateManager.java:111)
        at java.util.concurrent.FutureTask.run(FutureTask.java:266)
        at java.util.concurrent.ThreadPoolExecutor.runWorker(ThreadPoolExecutor.java:1142)
        at java.util.concurrent.ThreadPoolExecutor$Worker.run(ThreadPoolExecutor.java:617)
        at java.lang.Thread.run(Thread.java:745)

"blob-update-timer" 
   lock: null owner: null
   java.lang.Thread.State: TIMED_WAITING
        at java.lang.Thread.sleep(Native Method)
        at org.apache.storm.utils.Time.sleepUntil(Time.java:86)
        at org.apache.storm.utils.Time.sleep(Time.java:91)
        at org.apache.storm.timer$mk_timer$fn__4108$fn__4109.invoke(timer.clj:60)
        at org.apache.storm.timer$mk_timer$fn__4108.invoke(timer.clj:42)
        at clojure.lang.AFn.run(AFn.java:22)
        at java.lang.Thread.run(Thread.java:745)

"timer" 
   lock: null owner: null
   java.lang.Thread.State: TIMED_WAITING
        at java.lang.Thread.sleep(Native Method)
        at org.apache.storm.utils.Time.sleepUntil(Time.java:86)
        at org.apache.storm.utils.Time.sleep(Time.java:91)
        at org.apache.storm.timer$mk_timer$fn__4108$fn__4109.invoke(timer.clj:60)
        at org.apache.storm.timer$mk_timer$fn__4108.invoke(timer.clj:42)
        at clojure.lang.AFn.run(AFn.java:22)
        at java.lang.Thread.run(Thread.java:745)

"Curator-Framework-0" 
   lock: java.util.concurrent.locks.AbstractQueuedSynchronizer$ConditionObject@6f74d518 owner: null
   java.lang.Thread.State: WAITING
        at sun.misc.Unsafe.park(Native Method)
        at java.util.concurrent.locks.LockSupport.park(LockSupport.java:175)
        at java.util.concurrent.locks.AbstractQueuedSynchronizer$ConditionObject.await(AbstractQueuedSynchronizer.java:2039)
        at java.util.concurrent.DelayQueue.take(DelayQueue.java:211)
        at java.util.concurrent.DelayQueue.take(DelayQueue.java:70)
        at org.apache.curator.framework.imps.CuratorFrameworkImpl.backgroundOperationsLoop(CuratorFrameworkImpl.java:804)
        at org.apache.curator.framework.imps.CuratorFrameworkImpl.access$300(CuratorFrameworkImpl.java:64)
        at org.apache.curator.framework.imps.CuratorFrameworkImpl$4.call(CuratorFrameworkImpl.java:267)
        at java.util.concurrent.FutureTask.run(FutureTask.java:266)
        at java.util.concurrent.ScheduledThreadPoolExecutor$ScheduledFutureTask.access$201(ScheduledThreadPoolExecutor.java:180)
        at java.util.concurrent.ScheduledThreadPoolExecutor$ScheduledFutureTask.run(ScheduledThreadPoolExecutor.java:293)
        at java.util.concurrent.ThreadPoolExecutor.runWorker(ThreadPoolExecutor.java:1142)
        at java.util.concurrent.ThreadPoolExecutor$Worker.run(ThreadPoolExecutor.java:617)
        at java.lang.Thread.run(Thread.java:745)

"main-EventThread" 
   lock: java.util.concurrent.locks.AbstractQueuedSynchronizer$ConditionObject@16eb36a8 owner: null
   java.lang.Thread.State: WAITING
        at sun.misc.Unsafe.park(Native Method)
        at java.util.concurrent.locks.LockSupport.park(LockSupport.java:175)
        at java.util.concurrent.locks.AbstractQueuedSynchronizer$ConditionObject.await(AbstractQueuedSynchronizer.java:2039)
        at java.util.concurrent.LinkedBlockingQueue.take(LinkedBlockingQueue.java:442)
        at org.apache.zookeeper.ClientCnxn$EventThread.run(ClientCnxn.java:494)

"main-SendThread(localhost:2002)" 
   lock: null owner: null
   java.lang.Thread.State: RUNNABLE
        at sun.nio.ch.EPollArrayWrapper.epollWait(Native Method)
        at sun.nio.ch.EPollArrayWrapper.poll(EPollArrayWrapper.java:269)
        at sun.nio.ch.EPollSelectorImpl.doSelect(EPollSelectorImpl.java:79)
        at sun.nio.ch.SelectorImpl.lockAndDoSelect(SelectorImpl.java:86)
        at sun.nio.ch.SelectorImpl.select(SelectorImpl.java:97)
        at org.apache.zookeeper.ClientCnxnSocketNIO.doTransport(ClientCnxnSocketNIO.java:349)
        at org.apache.zookeeper.ClientCnxn$SendThread.run(ClientCnxn.java:1081)

"Curator-ConnectionStateManager-0" 
   lock: java.util.concurrent.locks.AbstractQueuedSynchronizer$ConditionObject@7323e669 owner: null
   java.lang.Thread.State: WAITING
        at sun.misc.Unsafe.park(Native Method)
        at java.util.concurrent.locks.LockSupport.park(LockSupport.java:175)
        at java.util.concurrent.locks.AbstractQueuedSynchronizer$ConditionObject.await(AbstractQueuedSynchronizer.java:2039)
        at java.util.concurrent.ArrayBlockingQueue.take(ArrayBlockingQueue.java:403)
        at org.apache.curator.framework.state.ConnectionStateManager.processEvents(ConnectionStateManager.java:245)
        at org.apache.curator.framework.state.ConnectionStateManager.access$000(ConnectionStateManager.java:43)
        at org.apache.curator.framework.state.ConnectionStateManager$1.call(ConnectionStateManager.java:111)
        at java.util.concurrent.FutureTask.run(FutureTask.java:266)
        at java.util.concurrent.ThreadPoolExecutor.runWorker(ThreadPoolExecutor.java:1142)
        at java.util.concurrent.ThreadPoolExecutor$Worker.run(ThreadPoolExecutor.java:617)
        at java.lang.Thread.run(Thread.java:745)

"Curator-Framework-0" 
   lock: java.util.concurrent.locks.AbstractQueuedSynchronizer$ConditionObject@468f8e4e owner: null
   java.lang.Thread.State: WAITING
        at sun.misc.Unsafe.park(Native Method)
        at java.util.concurrent.locks.LockSupport.park(LockSupport.java:175)
        at java.util.concurrent.locks.AbstractQueuedSynchronizer$ConditionObject.await(AbstractQueuedSynchronizer.java:2039)
        at java.util.concurrent.DelayQueue.take(DelayQueue.java:211)
        at java.util.concurrent.DelayQueue.take(DelayQueue.java:70)
        at org.apache.curator.framework.imps.CuratorFrameworkImpl.backgroundOperationsLoop(CuratorFrameworkImpl.java:804)
        at org.apache.curator.framework.imps.CuratorFrameworkImpl.access$300(CuratorFrameworkImpl.java:64)
        at org.apache.curator.framework.imps.CuratorFrameworkImpl$4.call(CuratorFrameworkImpl.java:267)
        at java.util.concurrent.FutureTask.run(FutureTask.java:266)
        at java.util.concurrent.ScheduledThreadPoolExecutor$ScheduledFutureTask.access$201(ScheduledThreadPoolExecutor.java:180)
        at java.util.concurrent.ScheduledThreadPoolExecutor$ScheduledFutureTask.run(ScheduledThreadPoolExecutor.java:293)
        at java.util.concurrent.ThreadPoolExecutor.runWorker(ThreadPoolExecutor.java:1142)
        at java.util.concurrent.ThreadPoolExecutor$Worker.run(ThreadPoolExecutor.java:617)
        at java.lang.Thread.run(Thread.java:745)

"main-EventThread" 
   lock: java.util.concurrent.locks.AbstractQueuedSynchronizer$ConditionObject@f1a4f92 owner: null
   java.lang.Thread.State: WAITING
        at sun.misc.Unsafe.park(Native Method)
        at java.util.concurrent.locks.LockSupport.park(LockSupport.java:175)
        at java.util.concurrent.locks.AbstractQueuedSynchronizer$ConditionObject.await(AbstractQueuedSynchronizer.java:2039)
        at java.util.concurrent.LinkedBlockingQueue.take(LinkedBlockingQueue.java:442)
        at org.apache.zookeeper.ClientCnxn$EventThread.run(ClientCnxn.java:494)

"main-SendThread(localhost:2002)" 
   lock: null owner: null
   java.lang.Thread.State: RUNNABLE
        at sun.nio.ch.EPollArrayWrapper.epollWait(Native Method)
        at sun.nio.ch.EPollArrayWrapper.poll(EPollArrayWrapper.java:269)
        at sun.nio.ch.EPollSelectorImpl.doSelect(EPollSelectorImpl.java:79)
        at sun.nio.ch.SelectorImpl.lockAndDoSelect(SelectorImpl.java:86)
        at sun.nio.ch.SelectorImpl.select(SelectorImpl.java:97)
        at org.apache.zookeeper.ClientCnxnSocketNIO.doTransport(ClientCnxnSocketNIO.java:349)
        at org.apache.zookeeper.ClientCnxn$SendThread.run(ClientCnxn.java:1081)

"Curator-ConnectionStateManager-0" 
   lock: java.util.concurrent.locks.AbstractQueuedSynchronizer$ConditionObject@400b66af owner: null
   java.lang.Thread.State: WAITING
        at sun.misc.Unsafe.park(Native Method)
        at java.util.concurrent.locks.LockSupport.park(LockSupport.java:175)
        at java.util.concurrent.locks.AbstractQueuedSynchronizer$ConditionObject.await(AbstractQueuedSynchronizer.java:2039)
        at java.util.concurrent.ArrayBlockingQueue.take(ArrayBlockingQueue.java:403)
        at org.apache.curator.framework.state.ConnectionStateManager.processEvents(ConnectionStateManager.java:245)
        at org.apache.curator.framework.state.ConnectionStateManager.access$000(ConnectionStateManager.java:43)
        at org.apache.curator.framework.state.ConnectionStateManager$1.call(ConnectionStateManager.java:111)
        at java.util.concurrent.FutureTask.run(FutureTask.java:266)
        at java.util.concurrent.ThreadPoolExecutor.runWorker(ThreadPoolExecutor.java:1142)
        at java.util.concurrent.ThreadPoolExecutor$Worker.run(ThreadPoolExecutor.java:617)
        at java.lang.Thread.run(Thread.java:745)

"Thread-1534" 
   lock: null owner: null
   java.lang.Thread.State: TIMED_WAITING
        at java.lang.Thread.sleep(Native Method)
        at org.apache.storm.utils.Time.sleepUntil(Time.java:86)
        at org.apache.storm.utils.Time.sleep(Time.java:91)
        at org.apache.storm.utils.TimeCacheMap$1.run(TimeCacheMap.java:61)
        at java.lang.Thread.run(Thread.java:745)

"Curator-Framework-0" 
   lock: java.util.concurrent.locks.AbstractQueuedSynchronizer$ConditionObject@2cf7d069 owner: null
   java.lang.Thread.State: WAITING
        at sun.misc.Unsafe.park(Native Method)
        at java.util.concurrent.locks.LockSupport.park(LockSupport.java:175)
        at java.util.concurrent.locks.AbstractQueuedSynchronizer$ConditionObject.await(AbstractQueuedSynchronizer.java:2039)
        at java.util.concurrent.DelayQueue.take(DelayQueue.java:211)
        at java.util.concurrent.DelayQueue.take(DelayQueue.java:70)
        at org.apache.curator.framework.imps.CuratorFrameworkImpl.backgroundOperationsLoop(CuratorFrameworkImpl.java:804)
        at org.apache.curator.framework.imps.CuratorFrameworkImpl.access$300(CuratorFrameworkImpl.java:64)
        at org.apache.curator.framework.imps.CuratorFrameworkImpl$4.call(CuratorFrameworkImpl.java:267)
        at java.util.concurrent.FutureTask.run(FutureTask.java:266)
        at java.util.concurrent.ScheduledThreadPoolExecutor$ScheduledFutureTask.access$201(ScheduledThreadPoolExecutor.java:180)
        at java.util.concurrent.ScheduledThreadPoolExecutor$ScheduledFutureTask.run(ScheduledThreadPoolExecutor.java:293)
        at java.util.concurrent.ThreadPoolExecutor.runWorker(ThreadPoolExecutor.java:1142)
        at java.util.concurrent.ThreadPoolExecutor$Worker.run(ThreadPoolExecutor.java:617)
        at java.lang.Thread.run(Thread.java:745)

"main-EventThread" 
   lock: java.util.concurrent.locks.AbstractQueuedSynchronizer$ConditionObject@1630c647 owner: null
   java.lang.Thread.State: WAITING
        at sun.misc.Unsafe.park(Native Method)
        at java.util.concurrent.locks.LockSupport.park(LockSupport.java:175)
        at java.util.concurrent.locks.AbstractQueuedSynchronizer$ConditionObject.await(AbstractQueuedSynchronizer.java:2039)
        at java.util.concurrent.LinkedBlockingQueue.take(LinkedBlockingQueue.java:442)
        at org.apache.zookeeper.ClientCnxn$EventThread.run(ClientCnxn.java:494)

"main-SendThread(localhost:2002)" 
   lock: null owner: null
   java.lang.Thread.State: RUNNABLE
        at sun.nio.ch.EPollArrayWrapper.epollWait(Native Method)
        at sun.nio.ch.EPollArrayWrapper.poll(EPollArrayWrapper.java:269)
        at sun.nio.ch.EPollSelectorImpl.doSelect(EPollSelectorImpl.java:79)
        at sun.nio.ch.SelectorImpl.lockAndDoSelect(SelectorImpl.java:86)
        at sun.nio.ch.SelectorImpl.select(SelectorImpl.java:97)
        at org.apache.zookeeper.ClientCnxnSocketNIO.doTransport(ClientCnxnSocketNIO.java:349)
        at org.apache.zookeeper.ClientCnxn$SendThread.run(ClientCnxn.java:1081)

"Curator-ConnectionStateManager-0" 
   lock: java.util.concurrent.locks.AbstractQueuedSynchronizer$ConditionObject@4b8b6dcc owner: null
   java.lang.Thread.State: WAITING
        at sun.misc.Unsafe.park(Native Method)
        at java.util.concurrent.locks.LockSupport.park(LockSupport.java:175)
        at java.util.concurrent.locks.AbstractQueuedSynchronizer$ConditionObject.await(AbstractQueuedSynchronizer.java:2039)
        at java.util.concurrent.ArrayBlockingQueue.take(ArrayBlockingQueue.java:403)
        at org.apache.curator.framework.state.ConnectionStateManager.processEvents(ConnectionStateManager.java:245)
        at org.apache.curator.framework.state.ConnectionStateManager.access$000(ConnectionStateManager.java:43)
        at org.apache.curator.framework.state.ConnectionStateManager$1.call(ConnectionStateManager.java:111)
        at java.util.concurrent.FutureTask.run(FutureTask.java:266)
        at java.util.concurrent.ThreadPoolExecutor.runWorker(ThreadPoolExecutor.java:1142)
        at java.util.concurrent.ThreadPoolExecutor$Worker.run(ThreadPoolExecutor.java:617)
        at java.lang.Thread.run(Thread.java:745)

"Curator-Framework-0" 
   lock: java.util.concurrent.locks.AbstractQueuedSynchronizer$ConditionObject@50ae440c owner: null
   java.lang.Thread.State: WAITING
        at sun.misc.Unsafe.park(Native Method)
        at java.util.concurrent.locks.LockSupport.park(LockSupport.java:175)
        at java.util.concurrent.locks.AbstractQueuedSynchronizer$ConditionObject.await(AbstractQueuedSynchronizer.java:2039)
        at java.util.concurrent.DelayQueue.take(DelayQueue.java:211)
        at java.util.concurrent.DelayQueue.take(DelayQueue.java:70)
        at org.apache.curator.framework.imps.CuratorFrameworkImpl.backgroundOperationsLoop(CuratorFrameworkImpl.java:804)
        at org.apache.curator.framework.imps.CuratorFrameworkImpl.access$300(CuratorFrameworkImpl.java:64)
        at org.apache.curator.framework.imps.CuratorFrameworkImpl$4.call(CuratorFrameworkImpl.java:267)
        at java.util.concurrent.FutureTask.run(FutureTask.java:266)
        at java.util.concurrent.ScheduledThreadPoolExecutor$ScheduledFutureTask.access$201(ScheduledThreadPoolExecutor.java:180)
        at java.util.concurrent.ScheduledThreadPoolExecutor$ScheduledFutureTask.run(ScheduledThreadPoolExecutor.java:293)
        at java.util.concurrent.ThreadPoolExecutor.runWorker(ThreadPoolExecutor.java:1142)
        at java.util.concurrent.ThreadPoolExecutor$Worker.run(ThreadPoolExecutor.java:617)
        at java.lang.Thread.run(Thread.java:745)

"main-EventThread" 
   lock: java.util.concurrent.locks.AbstractQueuedSynchronizer$ConditionObject@42c8a2e8 owner: null
   java.lang.Thread.State: WAITING
        at sun.misc.Unsafe.park(Native Method)
        at java.util.concurrent.locks.LockSupport.park(LockSupport.java:175)
        at java.util.concurrent.locks.AbstractQueuedSynchronizer$ConditionObject.await(AbstractQueuedSynchronizer.java:2039)
        at java.util.concurrent.LinkedBlockingQueue.take(LinkedBlockingQueue.java:442)
        at org.apache.zookeeper.ClientCnxn$EventThread.run(ClientCnxn.java:494)

"main-SendThread(localhost:2002)" 
   lock: null owner: null
   java.lang.Thread.State: RUNNABLE
        at sun.nio.ch.EPollArrayWrapper.epollWait(Native Method)
        at sun.nio.ch.EPollArrayWrapper.poll(EPollArrayWrapper.java:269)
        at sun.nio.ch.EPollSelectorImpl.doSelect(EPollSelectorImpl.java:79)
        at sun.nio.ch.SelectorImpl.lockAndDoSelect(SelectorImpl.java:86)
        at sun.nio.ch.SelectorImpl.select(SelectorImpl.java:97)
        at org.apache.zookeeper.ClientCnxnSocketNIO.doTransport(ClientCnxnSocketNIO.java:349)
        at org.apache.zookeeper.ClientCnxn$SendThread.run(ClientCnxn.java:1081)

"Curator-ConnectionStateManager-0" 
   lock: java.util.concurrent.locks.AbstractQueuedSynchronizer$ConditionObject@52da5608 owner: null
   java.lang.Thread.State: WAITING
        at sun.misc.Unsafe.park(Native Method)
        at java.util.concurrent.locks.LockSupport.park(LockSupport.java:175)
        at java.util.concurrent.locks.AbstractQueuedSynchronizer$ConditionObject.await(AbstractQueuedSynchronizer.java:2039)
        at java.util.concurrent.ArrayBlockingQueue.take(ArrayBlockingQueue.java:403)
        at org.apache.curator.framework.state.ConnectionStateManager.processEvents(ConnectionStateManager.java:245)
        at org.apache.curator.framework.state.ConnectionStateManager.access$000(ConnectionStateManager.java:43)
        at org.apache.curator.framework.state.ConnectionStateManager$1.call(ConnectionStateManager.java:111)
        at java.util.concurrent.FutureTask.run(FutureTask.java:266)
        at java.util.concurrent.ThreadPoolExecutor.runWorker(ThreadPoolExecutor.java:1142)
        at java.util.concurrent.ThreadPoolExecutor$Worker.run(ThreadPoolExecutor.java:617)
        at java.lang.Thread.run(Thread.java:745)

"Thread-1533" 
   lock: null owner: null
   java.lang.Thread.State: TIMED_WAITING
        at java.lang.Thread.sleep(Native Method)
        at org.apache.storm.utils.Time.sleepUntil(Time.java:86)
        at org.apache.storm.utils.Time.sleep(Time.java:91)
        at org.apache.storm.utils.TimeCacheMap$1.run(TimeCacheMap.java:61)
        at java.lang.Thread.run(Thread.java:745)

"Thread-1532" 
   lock: null owner: null
   java.lang.Thread.State: TIMED_WAITING
        at java.lang.Thread.sleep(Native Method)
        at org.apache.storm.utils.Time.sleepUntil(Time.java:86)
        at org.apache.storm.utils.Time.sleep(Time.java:91)
        at org.apache.storm.utils.TimeCacheMap$1.run(TimeCacheMap.java:61)
        at java.lang.Thread.run(Thread.java:745)

"Thread-1531" 
   lock: null owner: null
   java.lang.Thread.State: TIMED_WAITING
        at java.lang.Thread.sleep(Native Method)
        at org.apache.storm.utils.Time.sleepUntil(Time.java:86)
        at org.apache.storm.utils.Time.sleep(Time.java:91)
        at org.apache.storm.utils.TimeCacheMap$1.run(TimeCacheMap.java:61)
        at java.lang.Thread.run(Thread.java:745)

"timer" 
   lock: null owner: null
   java.lang.Thread.State: TIMED_WAITING
        at java.lang.Thread.sleep(Native Method)
        at org.apache.storm.utils.Time.sleepUntil(Time.java:86)
        at org.apache.storm.utils.Time.sleep(Time.java:91)
        at org.apache.storm.timer$mk_timer$fn__4108$fn__4109.invoke(timer.clj:60)
        at org.apache.storm.timer$mk_timer$fn__4108.invoke(timer.clj:42)
        at clojure.lang.AFn.run(AFn.java:22)
        at java.lang.Thread.run(Thread.java:745)

"Thread-1530" 
   lock: null owner: null
   java.lang.Thread.State: TIMED_WAITING
        at java.lang.Thread.sleep(Native Method)
        at org.apache.storm.utils.Time.sleepUntil(Time.java:86)
        at org.apache.storm.utils.Time.sleep(Time.java:91)
        at org.apache.storm.utils.TimeCacheMap$1.run(TimeCacheMap.java:61)
        at java.lang.Thread.run(Thread.java:745)

"Curator-Framework-0" 
   lock: java.util.concurrent.locks.AbstractQueuedSynchronizer$ConditionObject@422fb492 owner: null
   java.lang.Thread.State: WAITING
        at sun.misc.Unsafe.park(Native Method)
        at java.util.concurrent.locks.LockSupport.park(LockSupport.java:175)
        at java.util.concurrent.locks.AbstractQueuedSynchronizer$ConditionObject.await(AbstractQueuedSynchronizer.java:2039)
        at java.util.concurrent.DelayQueue.take(DelayQueue.java:211)
        at java.util.concurrent.DelayQueue.take(DelayQueue.java:70)
        at org.apache.curator.framework.imps.CuratorFrameworkImpl.backgroundOperationsLoop(CuratorFrameworkImpl.java:804)
        at org.apache.curator.framework.imps.CuratorFrameworkImpl.access$300(CuratorFrameworkImpl.java:64)
        at org.apache.curator.framework.imps.CuratorFrameworkImpl$4.call(CuratorFrameworkImpl.java:267)
        at java.util.concurrent.FutureTask.run(FutureTask.java:266)
        at java.util.concurrent.ScheduledThreadPoolExecutor$ScheduledFutureTask.access$201(ScheduledThreadPoolExecutor.java:180)
        at java.util.concurrent.ScheduledThreadPoolExecutor$ScheduledFutureTask.run(ScheduledThreadPoolExecutor.java:293)
        at java.util.concurrent.ThreadPoolExecutor.runWorker(ThreadPoolExecutor.java:1142)
        at java.util.concurrent.ThreadPoolExecutor$Worker.run(ThreadPoolExecutor.java:617)
        at java.lang.Thread.run(Thread.java:745)

"main-EventThread" 
   lock: java.util.concurrent.locks.AbstractQueuedSynchronizer$ConditionObject@608316ff owner: null
   java.lang.Thread.State: WAITING
        at sun.misc.Unsafe.park(Native Method)
        at java.util.concurrent.locks.LockSupport.park(LockSupport.java:175)
        at java.util.concurrent.locks.AbstractQueuedSynchronizer$ConditionObject.await(AbstractQueuedSynchronizer.java:2039)
        at java.util.concurrent.LinkedBlockingQueue.take(LinkedBlockingQueue.java:442)
        at org.apache.zookeeper.ClientCnxn$EventThread.run(ClientCnxn.java:494)

"main-SendThread(localhost:2002)" 
   lock: null owner: null
   java.lang.Thread.State: RUNNABLE
        at sun.nio.ch.EPollArrayWrapper.epollWait(Native Method)
        at sun.nio.ch.EPollArrayWrapper.poll(EPollArrayWrapper.java:269)
        at sun.nio.ch.EPollSelectorImpl.doSelect(EPollSelectorImpl.java:79)
        at sun.nio.ch.SelectorImpl.lockAndDoSelect(SelectorImpl.java:86)
        at sun.nio.ch.SelectorImpl.select(SelectorImpl.java:97)
        at org.apache.zookeeper.ClientCnxnSocketNIO.doTransport(ClientCnxnSocketNIO.java:349)
        at org.apache.zookeeper.ClientCnxn$SendThread.run(ClientCnxn.java:1081)

"Curator-ConnectionStateManager-0" 
   lock: java.util.concurrent.locks.AbstractQueuedSynchronizer$ConditionObject@675b27e5 owner: null
   java.lang.Thread.State: WAITING
        at sun.misc.Unsafe.park(Native Method)
        at java.util.concurrent.locks.LockSupport.park(LockSupport.java:175)
        at java.util.concurrent.locks.AbstractQueuedSynchronizer$ConditionObject.await(AbstractQueuedSynchronizer.java:2039)
        at java.util.concurrent.ArrayBlockingQueue.take(ArrayBlockingQueue.java:403)
        at org.apache.curator.framework.state.ConnectionStateManager.processEvents(ConnectionStateManager.java:245)
        at org.apache.curator.framework.state.ConnectionStateManager.access$000(ConnectionStateManager.java:43)
        at org.apache.curator.framework.state.ConnectionStateManager$1.call(ConnectionStateManager.java:111)
        at java.util.concurrent.FutureTask.run(FutureTask.java:266)
        at java.util.concurrent.ThreadPoolExecutor.runWorker(ThreadPoolExecutor.java:1142)
        at java.util.concurrent.ThreadPoolExecutor$Worker.run(ThreadPoolExecutor.java:617)
        at java.lang.Thread.run(Thread.java:745)

"Curator-Framework-0" 
   lock: java.util.concurrent.locks.AbstractQueuedSynchronizer$ConditionObject@67b15710 owner: null
   java.lang.Thread.State: WAITING
        at sun.misc.Unsafe.park(Native Method)
        at java.util.concurrent.locks.LockSupport.park(LockSupport.java:175)
        at java.util.concurrent.locks.AbstractQueuedSynchronizer$ConditionObject.await(AbstractQueuedSynchronizer.java:2039)
        at java.util.concurrent.DelayQueue.take(DelayQueue.java:211)
        at java.util.concurrent.DelayQueue.take(DelayQueue.java:70)
        at org.apache.curator.framework.imps.CuratorFrameworkImpl.backgroundOperationsLoop(CuratorFrameworkImpl.java:804)
        at org.apache.curator.framework.imps.CuratorFrameworkImpl.access$300(CuratorFrameworkImpl.java:64)
        at org.apache.curator.framework.imps.CuratorFrameworkImpl$4.call(CuratorFrameworkImpl.java:267)
        at java.util.concurrent.FutureTask.run(FutureTask.java:266)
        at java.util.concurrent.ScheduledThreadPoolExecutor$ScheduledFutureTask.access$201(ScheduledThreadPoolExecutor.java:180)
        at java.util.concurrent.ScheduledThreadPoolExecutor$ScheduledFutureTask.run(ScheduledThreadPoolExecutor.java:293)
        at java.util.concurrent.ThreadPoolExecutor.runWorker(ThreadPoolExecutor.java:1142)
        at java.util.concurrent.ThreadPoolExecutor$Worker.run(ThreadPoolExecutor.java:617)
        at java.lang.Thread.run(Thread.java:745)

"main-EventThread" 
   lock: java.util.concurrent.locks.AbstractQueuedSynchronizer$ConditionObject@5805e450 owner: null
   java.lang.Thread.State: WAITING
        at sun.misc.Unsafe.park(Native Method)
        at java.util.concurrent.locks.LockSupport.park(LockSupport.java:175)
        at java.util.concurrent.locks.AbstractQueuedSynchronizer$ConditionObject.await(AbstractQueuedSynchronizer.java:2039)
        at java.util.concurrent.LinkedBlockingQueue.take(LinkedBlockingQueue.java:442)
        at org.apache.zookeeper.ClientCnxn$EventThread.run(ClientCnxn.java:494)

"main-SendThread(localhost:2002)" 
   lock: null owner: null
   java.lang.Thread.State: RUNNABLE
        at sun.nio.ch.EPollArrayWrapper.epollWait(Native Method)
        at sun.nio.ch.EPollArrayWrapper.poll(EPollArrayWrapper.java:269)
        at sun.nio.ch.EPollSelectorImpl.doSelect(EPollSelectorImpl.java:79)
        at sun.nio.ch.SelectorImpl.lockAndDoSelect(SelectorImpl.java:86)
        at sun.nio.ch.SelectorImpl.select(SelectorImpl.java:97)
        at org.apache.zookeeper.ClientCnxnSocketNIO.doTransport(ClientCnxnSocketNIO.java:349)
        at org.apache.zookeeper.ClientCnxn$SendThread.run(ClientCnxn.java:1081)

"Curator-ConnectionStateManager-0" 
   lock: java.util.concurrent.locks.AbstractQueuedSynchronizer$ConditionObject@20492541 owner: null
   java.lang.Thread.State: WAITING
        at sun.misc.Unsafe.park(Native Method)
        at java.util.concurrent.locks.LockSupport.park(LockSupport.java:175)
        at java.util.concurrent.locks.AbstractQueuedSynchronizer$ConditionObject.await(AbstractQueuedSynchronizer.java:2039)
        at java.util.concurrent.ArrayBlockingQueue.take(ArrayBlockingQueue.java:403)
        at org.apache.curator.framework.state.ConnectionStateManager.processEvents(ConnectionStateManager.java:245)
        at org.apache.curator.framework.state.ConnectionStateManager.access$000(ConnectionStateManager.java:43)
        at org.apache.curator.framework.state.ConnectionStateManager$1.call(ConnectionStateManager.java:111)
        at java.util.concurrent.FutureTask.run(FutureTask.java:266)
        at java.util.concurrent.ThreadPoolExecutor.runWorker(ThreadPoolExecutor.java:1142)
        at java.util.concurrent.ThreadPoolExecutor$Worker.run(ThreadPoolExecutor.java:617)
        at java.lang.Thread.run(Thread.java:745)

"ProcessThread(sid:0 cport:-1):" 
   lock: java.util.concurrent.locks.AbstractQueuedSynchronizer$ConditionObject@1e935aa2 owner: null
   java.lang.Thread.State: WAITING
        at sun.misc.Unsafe.park(Native Method)
        at java.util.concurrent.locks.LockSupport.park(LockSupport.java:175)
        at java.util.concurrent.locks.AbstractQueuedSynchronizer$ConditionObject.await(AbstractQueuedSynchronizer.java:2039)
        at java.util.concurrent.LinkedBlockingQueue.take(LinkedBlockingQueue.java:442)
        at org.apache.zookeeper.server.PrepRequestProcessor.run(PrepRequestProcessor.java:120)

"SyncThread:0" 
   lock: java.util.concurrent.locks.AbstractQueuedSynchronizer$ConditionObject@73f787b7 owner: null
   java.lang.Thread.State: WAITING
        at sun.misc.Unsafe.park(Native Method)
        at java.util.concurrent.locks.LockSupport.park(LockSupport.java:175)
        at java.util.concurrent.locks.AbstractQueuedSynchronizer$ConditionObject.await(AbstractQueuedSynchronizer.java:2039)
        at java.util.concurrent.LinkedBlockingQueue.take(LinkedBlockingQueue.java:442)
        at org.apache.zookeeper.server.SyncRequestProcessor.run(SyncRequestProcessor.java:127)

"SessionTracker" 
   lock: org.apache.zookeeper.server.SessionTrackerImpl@427cafd owner: null
   java.lang.Thread.State: TIMED_WAITING
        at java.lang.Object.wait(Native Method)
        at org.apache.zookeeper.server.SessionTrackerImpl.run(SessionTrackerImpl.java:146)

"NIOServerCxn.Factory:0.0.0.0/0.0.0.0:2002" 
   lock: null owner: null
   java.lang.Thread.State: RUNNABLE
        at sun.nio.ch.EPollArrayWrapper.epollWait(Native Method)
        at sun.nio.ch.EPollArrayWrapper.poll(EPollArrayWrapper.java:269)
        at sun.nio.ch.EPollSelectorImpl.doSelect(EPollSelectorImpl.java:79)
        at sun.nio.ch.SelectorImpl.lockAndDoSelect(SelectorImpl.java:86)
        at sun.nio.ch.SelectorImpl.select(SelectorImpl.java:97)
        at org.apache.zookeeper.server.NIOServerCnxnFactory.run(NIOServerCnxnFactory.java:178)
        at java.lang.Thread.run(Thread.java:745)

"reset-log-levels-timer" 
   lock: null owner: null
   java.lang.Thread.State: TIMED_WAITING
        at java.lang.Thread.sleep(Native Method)
        at org.apache.storm.utils.Time.sleepUntil(Time.java:86)
        at org.apache.storm.utils.Time.sleep(Time.java:91)
        at org.apache.storm.timer$mk_timer$fn__4108$fn__4109.invoke(timer.clj:60)
        at org.apache.storm.timer$mk_timer$fn__4108.invoke(timer.clj:42)
        at clojure.lang.AFn.run(AFn.java:22)
        at java.lang.Thread.run(Thread.java:745)

"reset-log-levels-timer" 
   lock: null owner: null
   java.lang.Thread.State: TIMED_WAITING
        at java.lang.Thread.sleep(Native Method)
        at org.apache.storm.utils.Time.sleepUntil(Time.java:86)
        at org.apache.storm.utils.Time.sleep(Time.java:91)
        at org.apache.storm.timer$mk_timer$fn__4108$fn__4109.invoke(timer.clj:60)
        at org.apache.storm.timer$mk_timer$fn__4108.invoke(timer.clj:42)
        at clojure.lang.AFn.run(AFn.java:22)
        at java.lang.Thread.run(Thread.java:745)

"reset-log-levels-timer" 
   lock: null owner: null
   java.lang.Thread.State: TIMED_WAITING
        at java.lang.Thread.sleep(Native Method)
        at org.apache.storm.utils.Time.sleepUntil(Time.java:86)
        at org.apache.storm.utils.Time.sleep(Time.java:91)
        at org.apache.storm.timer$mk_timer$fn__4108$fn__4109.invoke(timer.clj:60)
        at org.apache.storm.timer$mk_timer$fn__4108.invoke(timer.clj:42)
        at clojure.lang.AFn.run(AFn.java:22)
        at java.lang.Thread.run(Thread.java:745)

"reset-log-levels-timer" 
   lock: null owner: null
   java.lang.Thread.State: TIMED_WAITING
        at java.lang.Thread.sleep(Native Method)
        at org.apache.storm.utils.Time.sleepUntil(Time.java:86)
        at org.apache.storm.utils.Time.sleep(Time.java:91)
        at org.apache.storm.timer$mk_timer$fn__4108$fn__4109.invoke(timer.clj:60)
        at org.apache.storm.timer$mk_timer$fn__4108.invoke(timer.clj:42)
        at clojure.lang.AFn.run(AFn.java:22)
        at java.lang.Thread.run(Thread.java:745)

"reset-log-levels-timer" 
   lock: null owner: null
   java.lang.Thread.State: TIMED_WAITING
        at java.lang.Thread.sleep(Native Method)
        at org.apache.storm.utils.Time.sleepUntil(Time.java:86)
        at org.apache.storm.utils.Time.sleep(Time.java:91)
        at org.apache.storm.timer$mk_timer$fn__4108$fn__4109.invoke(timer.clj:60)
        at org.apache.storm.timer$mk_timer$fn__4108.invoke(timer.clj:42)
        at clojure.lang.AFn.run(AFn.java:22)
        at java.lang.Thread.run(Thread.java:745)

"reset-log-levels-timer" 
   lock: null owner: null
   java.lang.Thread.State: TIMED_WAITING
        at java.lang.Thread.sleep(Native Method)
        at org.apache.storm.utils.Time.sleepUntil(Time.java:86)
        at org.apache.storm.utils.Time.sleep(Time.java:91)
        at org.apache.storm.timer$mk_timer$fn__4108$fn__4109.invoke(timer.clj:60)
        at org.apache.storm.timer$mk_timer$fn__4108.invoke(timer.clj:42)
        at clojure.lang.AFn.run(AFn.java:22)
        at java.lang.Thread.run(Thread.java:745)

"reset-log-levels-timer" 
   lock: null owner: null
   java.lang.Thread.State: TIMED_WAITING
        at java.lang.Thread.sleep(Native Method)
        at org.apache.storm.utils.Time.sleepUntil(Time.java:86)
        at org.apache.storm.utils.Time.sleep(Time.java:91)
        at org.apache.storm.timer$mk_timer$fn__4108$fn__4109.invoke(timer.clj:60)
        at org.apache.storm.timer$mk_timer$fn__4108.invoke(timer.clj:42)
        at clojure.lang.AFn.run(AFn.java:22)
        at java.lang.Thread.run(Thread.java:745)

"reset-log-levels-timer" 
   lock: null owner: null
   java.lang.Thread.State: TIMED_WAITING
        at java.lang.Thread.sleep(Native Method)
        at org.apache.storm.utils.Time.sleepUntil(Time.java:86)
        at org.apache.storm.utils.Time.sleep(Time.java:91)
        at org.apache.storm.timer$mk_timer$fn__4108$fn__4109.invoke(timer.clj:60)
        at org.apache.storm.timer$mk_timer$fn__4108.invoke(timer.clj:42)
        at clojure.lang.AFn.run(AFn.java:22)
        at java.lang.Thread.run(Thread.java:745)

"Thread-1345" 
   lock: null owner: null
   java.lang.Thread.State: TIMED_WAITING
        at java.lang.Thread.sleep(Native Method)
        at org.apache.storm.pacemaker.pacemaker$report_stats.invoke(pacemaker.clj:88)
        at org.apache.storm.pacemaker.pacemaker$mk_handler$fn__12702.invoke(pacemaker.clj:185)
        at clojure.lang.AFn.run(AFn.java:22)
        at java.lang.Thread.run(Thread.java:745)

"Thread-1344" 
   lock: null owner: null
   java.lang.Thread.State: TIMED_WAITING
        at java.lang.Thread.sleep(Native Method)
        at org.apache.storm.pacemaker.pacemaker$report_stats.invoke(pacemaker.clj:88)
        at org.apache.storm.pacemaker.pacemaker$mk_handler$fn__12702.invoke(pacemaker.clj:185)
        at clojure.lang.AFn.run(AFn.java:22)
        at java.lang.Thread.run(Thread.java:745)

"Thread-1343" 
   lock: null owner: null
   java.lang.Thread.State: TIMED_WAITING
        at java.lang.Thread.sleep(Native Method)
        at org.apache.storm.pacemaker.pacemaker$report_stats.invoke(pacemaker.clj:88)
        at org.apache.storm.pacemaker.pacemaker$mk_handler$fn__12702.invoke(pacemaker.clj:185)
        at clojure.lang.AFn.run(AFn.java:22)
        at java.lang.Thread.run(Thread.java:745)

"Thread-1342" 
   lock: null owner: null
   java.lang.Thread.State: TIMED_WAITING
        at java.lang.Thread.sleep(Native Method)
        at org.apache.storm.pacemaker.pacemaker$report_stats.invoke(pacemaker.clj:88)
        at org.apache.storm.pacemaker.pacemaker$mk_handler$fn__12702.invoke(pacemaker.clj:185)
        at clojure.lang.AFn.run(AFn.java:22)
        at java.lang.Thread.run(Thread.java:745)

"Thread-1341" 
   lock: null owner: null
   java.lang.Thread.State: TIMED_WAITING
        at java.lang.Thread.sleep(Native Method)
        at org.apache.storm.pacemaker.pacemaker$report_stats.invoke(pacemaker.clj:88)
        at org.apache.storm.pacemaker.pacemaker$mk_handler$fn__12702.invoke(pacemaker.clj:185)
        at clojure.lang.AFn.run(AFn.java:22)
        at java.lang.Thread.run(Thread.java:745)

"Thread-1340" 
   lock: null owner: null
   java.lang.Thread.State: TIMED_WAITING
        at java.lang.Thread.sleep(Native Method)
        at org.apache.storm.pacemaker.pacemaker$report_stats.invoke(pacemaker.clj:88)
        at org.apache.storm.pacemaker.pacemaker$mk_handler$fn__12702.invoke(pacemaker.clj:185)
        at clojure.lang.AFn.run(AFn.java:22)
        at java.lang.Thread.run(Thread.java:745)

"Thread-1339" 
   lock: null owner: null
   java.lang.Thread.State: TIMED_WAITING
        at java.lang.Thread.sleep(Native Method)
        at org.apache.storm.pacemaker.pacemaker$report_stats.invoke(pacemaker.clj:88)
        at org.apache.storm.pacemaker.pacemaker$mk_handler$fn__12702.invoke(pacemaker.clj:185)
        at clojure.lang.AFn.run(AFn.java:22)
        at java.lang.Thread.run(Thread.java:745)

"Thread-1338" 
   lock: null owner: null
   java.lang.Thread.State: TIMED_WAITING
        at java.lang.Thread.sleep(Native Method)
        at org.apache.storm.pacemaker.pacemaker$report_stats.invoke(pacemaker.clj:88)
        at org.apache.storm.pacemaker.pacemaker$mk_handler$fn__12702.invoke(pacemaker.clj:185)
        at clojure.lang.AFn.run(AFn.java:22)
        at java.lang.Thread.run(Thread.java:745)

"reset-log-levels-timer" 
   lock: null owner: null
   java.lang.Thread.State: TIMED_WAITING
        at java.lang.Thread.sleep(Native Method)
        at org.apache.storm.utils.Time.sleepUntil(Time.java:86)
        at org.apache.storm.utils.Time.sleep(Time.java:91)
        at org.apache.storm.timer$mk_timer$fn__4108$fn__4109.invoke(timer.clj:60)
        at org.apache.storm.timer$mk_timer$fn__4108.invoke(timer.clj:42)
        at clojure.lang.AFn.run(AFn.java:22)
        at java.lang.Thread.run(Thread.java:745)

"reset-log-levels-timer" 
   lock: null owner: null
   java.lang.Thread.State: TIMED_WAITING
        at java.lang.Thread.sleep(Native Method)
        at org.apache.storm.utils.Time.sleepUntil(Time.java:86)
        at org.apache.storm.utils.Time.sleep(Time.java:91)
        at org.apache.storm.timer$mk_timer$fn__4108$fn__4109.invoke(timer.clj:60)
        at org.apache.storm.timer$mk_timer$fn__4108.invoke(timer.clj:42)
        at clojure.lang.AFn.run(AFn.java:22)
        at java.lang.Thread.run(Thread.java:745)

"reset-log-levels-timer" 
   lock: null owner: null
   java.lang.Thread.State: TIMED_WAITING
        at java.lang.Thread.sleep(Native Method)
        at org.apache.storm.utils.Time.sleepUntil(Time.java:86)
        at org.apache.storm.utils.Time.sleep(Time.java:91)
        at org.apache.storm.timer$mk_timer$fn__4108$fn__4109.invoke(timer.clj:60)
        at org.apache.storm.timer$mk_timer$fn__4108.invoke(timer.clj:42)
        at clojure.lang.AFn.run(AFn.java:22)
        at java.lang.Thread.run(Thread.java:745)

"reset-log-levels-timer" 
   lock: null owner: null
   java.lang.Thread.State: TIMED_WAITING
        at java.lang.Thread.sleep(Native Method)
        at org.apache.storm.utils.Time.sleepUntil(Time.java:86)
        at org.apache.storm.utils.Time.sleep(Time.java:91)
        at org.apache.storm.timer$mk_timer$fn__4108$fn__4109.invoke(timer.clj:60)
        at org.apache.storm.timer$mk_timer$fn__4108.invoke(timer.clj:42)
        at clojure.lang.AFn.run(AFn.java:22)
        at java.lang.Thread.run(Thread.java:745)

"reset-log-levels-timer" 
   lock: null owner: null
   java.lang.Thread.State: TIMED_WAITING
        at java.lang.Thread.sleep(Native Method)
        at org.apache.storm.utils.Time.sleepUntil(Time.java:86)
        at org.apache.storm.utils.Time.sleep(Time.java:91)
        at org.apache.storm.timer$mk_timer$fn__4108$fn__4109.invoke(timer.clj:60)
        at org.apache.storm.timer$mk_timer$fn__4108.invoke(timer.clj:42)
        at clojure.lang.AFn.run(AFn.java:22)
        at java.lang.Thread.run(Thread.java:745)

"reset-log-levels-timer" 
   lock: null owner: null
   java.lang.Thread.State: TIMED_WAITING
        at java.lang.Thread.sleep(Native Method)
        at org.apache.storm.utils.Time.sleepUntil(Time.java:86)
        at org.apache.storm.utils.Time.sleep(Time.java:91)
        at org.apache.storm.timer$mk_timer$fn__4108$fn__4109.invoke(timer.clj:60)
        at org.apache.storm.timer$mk_timer$fn__4108.invoke(timer.clj:42)
        at clojure.lang.AFn.run(AFn.java:22)
        at java.lang.Thread.run(Thread.java:745)

"reset-log-levels-timer" 
   lock: null owner: null
   java.lang.Thread.State: TIMED_WAITING
        at java.lang.Thread.sleep(Native Method)
        at org.apache.storm.utils.Time.sleepUntil(Time.java:86)
        at org.apache.storm.utils.Time.sleep(Time.java:91)
        at org.apache.storm.timer$mk_timer$fn__4108$fn__4109.invoke(timer.clj:60)
        at org.apache.storm.timer$mk_timer$fn__4108.invoke(timer.clj:42)
        at clojure.lang.AFn.run(AFn.java:22)
        at java.lang.Thread.run(Thread.java:745)

"reset-log-levels-timer" 
   lock: null owner: null
   java.lang.Thread.State: TIMED_WAITING
        at java.lang.Thread.sleep(Native Method)
        at org.apache.storm.utils.Time.sleepUntil(Time.java:86)
        at org.apache.storm.utils.Time.sleep(Time.java:91)
        at org.apache.storm.timer$mk_timer$fn__4108$fn__4109.invoke(timer.clj:60)
        at org.apache.storm.timer$mk_timer$fn__4108.invoke(timer.clj:42)
        at clojure.lang.AFn.run(AFn.java:22)
        at java.lang.Thread.run(Thread.java:745)

"reset-log-levels-timer" 
   lock: null owner: null
   java.lang.Thread.State: TIMED_WAITING
        at java.lang.Thread.sleep(Native Method)
        at org.apache.storm.utils.Time.sleepUntil(Time.java:86)
        at org.apache.storm.utils.Time.sleep(Time.java:91)
        at org.apache.storm.timer$mk_timer$fn__4108$fn__4109.invoke(timer.clj:60)
        at org.apache.storm.timer$mk_timer$fn__4108.invoke(timer.clj:42)
        at clojure.lang.AFn.run(AFn.java:22)
        at java.lang.Thread.run(Thread.java:745)

"reset-log-levels-timer" 
   lock: null owner: null
   java.lang.Thread.State: TIMED_WAITING
        at java.lang.Thread.sleep(Native Method)
        at org.apache.storm.utils.Time.sleepUntil(Time.java:86)
        at org.apache.storm.utils.Time.sleep(Time.java:91)
        at org.apache.storm.timer$mk_timer$fn__4108$fn__4109.invoke(timer.clj:60)
        at org.apache.storm.timer$mk_timer$fn__4108.invoke(timer.clj:42)
        at clojure.lang.AFn.run(AFn.java:22)
        at java.lang.Thread.run(Thread.java:745)

"reset-log-levels-timer" 
   lock: null owner: null
   java.lang.Thread.State: TIMED_WAITING
        at java.lang.Thread.sleep(Native Method)
        at org.apache.storm.utils.Time.sleepUntil(Time.java:86)
        at org.apache.storm.utils.Time.sleep(Time.java:91)
        at org.apache.storm.timer$mk_timer$fn__4108$fn__4109.invoke(timer.clj:60)
        at org.apache.storm.timer$mk_timer$fn__4108.invoke(timer.clj:42)
        at clojure.lang.AFn.run(AFn.java:22)
        at java.lang.Thread.run(Thread.java:745)

"reset-log-levels-timer" 
   lock: null owner: null
   java.lang.Thread.State: TIMED_WAITING
        at java.lang.Thread.sleep(Native Method)
        at org.apache.storm.utils.Time.sleepUntil(Time.java:86)
        at org.apache.storm.utils.Time.sleep(Time.java:91)
        at org.apache.storm.timer$mk_timer$fn__4108$fn__4109.invoke(timer.clj:60)
        at org.apache.storm.timer$mk_timer$fn__4108.invoke(timer.clj:42)
        at clojure.lang.AFn.run(AFn.java:22)
        at java.lang.Thread.run(Thread.java:745)

"reset-log-levels-timer" 
   lock: null owner: null
   java.lang.Thread.State: TIMED_WAITING
        at java.lang.Thread.sleep(Native Method)
        at org.apache.storm.utils.Time.sleepUntil(Time.java:86)
        at org.apache.storm.utils.Time.sleep(Time.java:91)
        at org.apache.storm.timer$mk_timer$fn__4108$fn__4109.invoke(timer.clj:60)
        at org.apache.storm.timer$mk_timer$fn__4108.invoke(timer.clj:42)
        at clojure.lang.AFn.run(AFn.java:22)
        at java.lang.Thread.run(Thread.java:745)

"reset-log-levels-timer" 
   lock: null owner: null
   java.lang.Thread.State: TIMED_WAITING
        at java.lang.Thread.sleep(Native Method)
        at org.apache.storm.utils.Time.sleepUntil(Time.java:86)
        at org.apache.storm.utils.Time.sleep(Time.java:91)
        at org.apache.storm.timer$mk_timer$fn__4108$fn__4109.invoke(timer.clj:60)
        at org.apache.storm.timer$mk_timer$fn__4108.invoke(timer.clj:42)
        at clojure.lang.AFn.run(AFn.java:22)
        at java.lang.Thread.run(Thread.java:745)

"reset-log-levels-timer" 
   lock: null owner: null
   java.lang.Thread.State: TIMED_WAITING
        at java.lang.Thread.sleep(Native Method)
        at org.apache.storm.utils.Time.sleepUntil(Time.java:86)
        at org.apache.storm.utils.Time.sleep(Time.java:91)
        at org.apache.storm.timer$mk_timer$fn__4108$fn__4109.invoke(timer.clj:60)
        at org.apache.storm.timer$mk_timer$fn__4108.invoke(timer.clj:42)
        at clojure.lang.AFn.run(AFn.java:22)
        at java.lang.Thread.run(Thread.java:745)

"reset-log-levels-timer" 
   lock: null owner: null
   java.lang.Thread.State: TIMED_WAITING
        at java.lang.Thread.sleep(Native Method)
        at org.apache.storm.utils.Time.sleepUntil(Time.java:86)
        at org.apache.storm.utils.Time.sleep(Time.java:91)
        at org.apache.storm.timer$mk_timer$fn__4108$fn__4109.invoke(timer.clj:60)
        at org.apache.storm.timer$mk_timer$fn__4108.invoke(timer.clj:42)
        at clojure.lang.AFn.run(AFn.java:22)
        at java.lang.Thread.run(Thread.java:745)

"reset-log-levels-timer" 
   lock: null owner: null
   java.lang.Thread.State: TIMED_WAITING
        at java.lang.Thread.sleep(Native Method)
        at org.apache.storm.utils.Time.sleepUntil(Time.java:86)
        at org.apache.storm.utils.Time.sleep(Time.java:91)
        at org.apache.storm.timer$mk_timer$fn__4108$fn__4109.invoke(timer.clj:60)
        at org.apache.storm.timer$mk_timer$fn__4108.invoke(timer.clj:42)
        at clojure.lang.AFn.run(AFn.java:22)
        at java.lang.Thread.run(Thread.java:745)

"reset-log-levels-timer" 
   lock: null owner: null
   java.lang.Thread.State: TIMED_WAITING
        at java.lang.Thread.sleep(Native Method)
        at org.apache.storm.utils.Time.sleepUntil(Time.java:86)
        at org.apache.storm.utils.Time.sleep(Time.java:91)
        at org.apache.storm.timer$mk_timer$fn__4108$fn__4109.invoke(timer.clj:60)
        at org.apache.storm.timer$mk_timer$fn__4108.invoke(timer.clj:42)
        at clojure.lang.AFn.run(AFn.java:22)
        at java.lang.Thread.run(Thread.java:745)

"reset-log-levels-timer" 
   lock: null owner: null
   java.lang.Thread.State: TIMED_WAITING
        at java.lang.Thread.sleep(Native Method)
        at org.apache.storm.utils.Time.sleepUntil(Time.java:86)
        at org.apache.storm.utils.Time.sleep(Time.java:91)
        at org.apache.storm.timer$mk_timer$fn__4108$fn__4109.invoke(timer.clj:60)
        at org.apache.storm.timer$mk_timer$fn__4108.invoke(timer.clj:42)
        at clojure.lang.AFn.run(AFn.java:22)
        at java.lang.Thread.run(Thread.java:745)

"Thread-929" 
   lock: null owner: null
   java.lang.Thread.State: TIMED_WAITING
        at java.lang.Thread.sleep(Native Method)
        at org.apache.storm.utils.Time.sleepUntil(Time.java:86)
        at org.apache.storm.utils.Time.sleep(Time.java:91)
        at org.apache.storm.utils.TimeCacheMap$1.run(TimeCacheMap.java:61)
        at java.lang.Thread.run(Thread.java:745)

"reset-log-levels-timer" 
   lock: null owner: null
   java.lang.Thread.State: TIMED_WAITING
        at java.lang.Thread.sleep(Native Method)
        at org.apache.storm.utils.Time.sleepUntil(Time.java:86)
        at org.apache.storm.utils.Time.sleep(Time.java:91)
        at org.apache.storm.timer$mk_timer$fn__4108$fn__4109.invoke(timer.clj:60)
        at org.apache.storm.timer$mk_timer$fn__4108.invoke(timer.clj:42)
        at clojure.lang.AFn.run(AFn.java:22)
        at java.lang.Thread.run(Thread.java:745)

"Thread-900" 
   lock: null owner: null
   java.lang.Thread.State: TIMED_WAITING
        at java.lang.Thread.sleep(Native Method)
        at org.apache.storm.utils.Time.sleepUntil(Time.java:86)
        at org.apache.storm.utils.Time.sleep(Time.java:91)
        at org.apache.storm.utils.TimeCacheMap$1.run(TimeCacheMap.java:61)
        at java.lang.Thread.run(Thread.java:745)

"Thread-898" 
   lock: null owner: null
   java.lang.Thread.State: TIMED_WAITING
        at java.lang.Thread.sleep(Native Method)
        at org.apache.storm.utils.Time.sleepUntil(Time.java:86)
        at org.apache.storm.utils.Time.sleep(Time.java:91)
        at org.apache.storm.utils.TimeCacheMap$1.run(TimeCacheMap.java:61)
        at java.lang.Thread.run(Thread.java:745)

"Thread-896" 
   lock: null owner: null
   java.lang.Thread.State: TIMED_WAITING
        at java.lang.Thread.sleep(Native Method)
        at org.apache.storm.utils.Time.sleepUntil(Time.java:86)
        at org.apache.storm.utils.Time.sleep(Time.java:91)
        at org.apache.storm.utils.TimeCacheMap$1.run(TimeCacheMap.java:61)
        at java.lang.Thread.run(Thread.java:745)

"reset-log-levels-timer" 
   lock: null owner: null
   java.lang.Thread.State: TIMED_WAITING
        at java.lang.Thread.sleep(Native Method)
        at org.apache.storm.utils.Time.sleepUntil(Time.java:86)
        at org.apache.storm.utils.Time.sleep(Time.java:91)
        at org.apache.storm.timer$mk_timer$fn__4108$fn__4109.invoke(timer.clj:60)
        at org.apache.storm.timer$mk_timer$fn__4108.invoke(timer.clj:42)
        at clojure.lang.AFn.run(AFn.java:22)
        at java.lang.Thread.run(Thread.java:745)

"Thread-866" 
   lock: null owner: null
   java.lang.Thread.State: TIMED_WAITING
        at java.lang.Thread.sleep(Native Method)
        at org.apache.storm.utils.Time.sleepUntil(Time.java:86)
        at org.apache.storm.utils.Time.sleep(Time.java:91)
        at org.apache.storm.utils.TimeCacheMap$1.run(TimeCacheMap.java:61)
        at java.lang.Thread.run(Thread.java:745)

"Thread-864" 
   lock: null owner: null
   java.lang.Thread.State: TIMED_WAITING
        at java.lang.Thread.sleep(Native Method)
        at org.apache.storm.utils.Time.sleepUntil(Time.java:86)
        at org.apache.storm.utils.Time.sleep(Time.java:91)
        at org.apache.storm.utils.TimeCacheMap$1.run(TimeCacheMap.java:61)
        at java.lang.Thread.run(Thread.java:745)

"Thread-862" 
   lock: null owner: null
   java.lang.Thread.State: TIMED_WAITING
        at java.lang.Thread.sleep(Native Method)
        at org.apache.storm.utils.Time.sleepUntil(Time.java:86)
        at org.apache.storm.utils.Time.sleep(Time.java:91)
        at org.apache.storm.utils.TimeCacheMap$1.run(TimeCacheMap.java:61)
        at java.lang.Thread.run(Thread.java:745)

"reset-log-levels-timer" 
   lock: null owner: null
   java.lang.Thread.State: TIMED_WAITING
        at java.lang.Thread.sleep(Native Method)
        at org.apache.storm.utils.Time.sleepUntil(Time.java:86)
        at org.apache.storm.utils.Time.sleep(Time.java:91)
        at org.apache.storm.timer$mk_timer$fn__4108$fn__4109.invoke(timer.clj:60)
        at org.apache.storm.timer$mk_timer$fn__4108.invoke(timer.clj:42)
        at clojure.lang.AFn.run(AFn.java:22)
        at java.lang.Thread.run(Thread.java:745)

"Thread-844" 
   lock: null owner: null
   java.lang.Thread.State: TIMED_WAITING
        at java.lang.Thread.sleep(Native Method)
        at org.apache.storm.utils.Time.sleepUntil(Time.java:86)
        at org.apache.storm.utils.Time.sleep(Time.java:91)
        at org.apache.storm.utils.TimeCacheMap$1.run(TimeCacheMap.java:61)
        at java.lang.Thread.run(Thread.java:745)

"Thread-842" 
   lock: null owner: null
   java.lang.Thread.State: TIMED_WAITING
        at java.lang.Thread.sleep(Native Method)
        at org.apache.storm.utils.Time.sleepUntil(Time.java:86)
        at org.apache.storm.utils.Time.sleep(Time.java:91)
        at org.apache.storm.utils.TimeCacheMap$1.run(TimeCacheMap.java:61)
        at java.lang.Thread.run(Thread.java:745)

"Thread-840" 
   lock: null owner: null
   java.lang.Thread.State: TIMED_WAITING
        at java.lang.Thread.sleep(Native Method)
        at org.apache.storm.utils.Time.sleepUntil(Time.java:86)
        at org.apache.storm.utils.Time.sleep(Time.java:91)
        at org.apache.storm.utils.TimeCacheMap$1.run(TimeCacheMap.java:61)
        at java.lang.Thread.run(Thread.java:745)

"reset-log-levels-timer" 
   lock: null owner: null
   java.lang.Thread.State: TIMED_WAITING
        at java.lang.Thread.sleep(Native Method)
        at org.apache.storm.utils.Time.sleepUntil(Time.java:86)
        at org.apache.storm.utils.Time.sleep(Time.java:91)
        at org.apache.storm.timer$mk_timer$fn__4108$fn__4109.invoke(timer.clj:60)
        at org.apache.storm.timer$mk_timer$fn__4108.invoke(timer.clj:42)
        at clojure.lang.AFn.run(AFn.java:22)
        at java.lang.Thread.run(Thread.java:745)

"Curator-Framework-0-EventThread" 
   lock: java.util.concurrent.locks.AbstractQueuedSynchronizer$ConditionObject@6dad9415 owner: null
   java.lang.Thread.State: WAITING
        at sun.misc.Unsafe.park(Native Method)
        at java.util.concurrent.locks.LockSupport.park(LockSupport.java:175)
        at java.util.concurrent.locks.AbstractQueuedSynchronizer$ConditionObject.await(AbstractQueuedSynchronizer.java:2039)
        at java.util.concurrent.LinkedBlockingQueue.take(LinkedBlockingQueue.java:442)
        at org.apache.zookeeper.ClientCnxn$EventThread.run(ClientCnxn.java:494)

"Curator-Framework-0-SendThread(localhost:2000)" 
   lock: null owner: null
   java.lang.Thread.State: RUNNABLE
        at sun.nio.ch.EPollArrayWrapper.epollWait(Native Method)
        at sun.nio.ch.EPollArrayWrapper.poll(EPollArrayWrapper.java:269)
        at sun.nio.ch.EPollSelectorImpl.doSelect(EPollSelectorImpl.java:79)
        at sun.nio.ch.SelectorImpl.lockAndDoSelect(SelectorImpl.java:86)
        at sun.nio.ch.SelectorImpl.select(SelectorImpl.java:97)
        at org.apache.zookeeper.ClientCnxnSocketNIO.doTransport(ClientCnxnSocketNIO.java:349)
        at org.apache.zookeeper.ClientCnxn$SendThread.run(ClientCnxn.java:1081)

"Curator-Framework-0-EventThread" 
   lock: java.util.concurrent.locks.AbstractQueuedSynchronizer$ConditionObject@696f9548 owner: null
   java.lang.Thread.State: WAITING
        at sun.misc.Unsafe.park(Native Method)
        at java.util.concurrent.locks.LockSupport.park(LockSupport.java:175)
        at java.util.concurrent.locks.AbstractQueuedSynchronizer$ConditionObject.await(AbstractQueuedSynchronizer.java:2039)
        at java.util.concurrent.LinkedBlockingQueue.take(LinkedBlockingQueue.java:442)
        at org.apache.zookeeper.ClientCnxn$EventThread.run(ClientCnxn.java:494)

"Curator-Framework-0-SendThread(localhost:2000)" 
   lock: null owner: null
   java.lang.Thread.State: RUNNABLE
        at sun.nio.ch.EPollArrayWrapper.epollWait(Native Method)
        at sun.nio.ch.EPollArrayWrapper.poll(EPollArrayWrapper.java:269)
        at sun.nio.ch.EPollSelectorImpl.doSelect(EPollSelectorImpl.java:79)
        at sun.nio.ch.SelectorImpl.lockAndDoSelect(SelectorImpl.java:86)
        at sun.nio.ch.SelectorImpl.select(SelectorImpl.java:97)
        at org.apache.zookeeper.ClientCnxnSocketNIO.doTransport(ClientCnxnSocketNIO.java:349)
        at org.apache.zookeeper.ClientCnxn$SendThread.run(ClientCnxn.java:1081)

"Thread-793" 
   lock: null owner: null
   java.lang.Thread.State: TIMED_WAITING
        at java.lang.Thread.sleep(Native Method)
        at org.apache.storm.utils.Time.sleepUntil(Time.java:86)
        at org.apache.storm.utils.Time.sleep(Time.java:91)
        at org.apache.storm.utils.TimeCacheMap$1.run(TimeCacheMap.java:61)
        at java.lang.Thread.run(Thread.java:745)

"Thread-791" 
   lock: null owner: null
   java.lang.Thread.State: TIMED_WAITING
        at java.lang.Thread.sleep(Native Method)
        at org.apache.storm.utils.Time.sleepUntil(Time.java:86)
        at org.apache.storm.utils.Time.sleep(Time.java:91)
        at org.apache.storm.utils.TimeCacheMap$1.run(TimeCacheMap.java:61)
        at java.lang.Thread.run(Thread.java:745)

"Thread-789" 
   lock: null owner: null
   java.lang.Thread.State: TIMED_WAITING
        at java.lang.Thread.sleep(Native Method)
        at org.apache.storm.utils.Time.sleepUntil(Time.java:86)
        at org.apache.storm.utils.Time.sleep(Time.java:91)
        at org.apache.storm.utils.TimeCacheMap$1.run(TimeCacheMap.java:61)
        at java.lang.Thread.run(Thread.java:745)

"reset-log-levels-timer" 
   lock: null owner: null
   java.lang.Thread.State: TIMED_WAITING
        at java.lang.Thread.sleep(Native Method)
        at org.apache.storm.utils.Time.sleepUntil(Time.java:86)
        at org.apache.storm.utils.Time.sleep(Time.java:91)
        at org.apache.storm.timer$mk_timer$fn__4108$fn__4109.invoke(timer.clj:60)
        at org.apache.storm.timer$mk_timer$fn__4108.invoke(timer.clj:42)
        at clojure.lang.AFn.run(AFn.java:22)
        at java.lang.Thread.run(Thread.java:745)

"Thread-742" 
   lock: null owner: null
   java.lang.Thread.State: TIMED_WAITING
        at java.lang.Thread.sleep(Native Method)
        at org.apache.storm.utils.Time.sleepUntil(Time.java:86)
        at org.apache.storm.utils.Time.sleep(Time.java:91)
        at org.apache.storm.utils.TimeCacheMap$1.run(TimeCacheMap.java:61)
        at java.lang.Thread.run(Thread.java:745)

"Thread-740" 
   lock: null owner: null
   java.lang.Thread.State: TIMED_WAITING
        at java.lang.Thread.sleep(Native Method)
        at org.apache.storm.utils.Time.sleepUntil(Time.java:86)
        at org.apache.storm.utils.Time.sleep(Time.java:91)
        at org.apache.storm.utils.TimeCacheMap$1.run(TimeCacheMap.java:61)
        at java.lang.Thread.run(Thread.java:745)

"Thread-738" 
   lock: null owner: null
   java.lang.Thread.State: TIMED_WAITING
        at java.lang.Thread.sleep(Native Method)
        at org.apache.storm.utils.Time.sleepUntil(Time.java:86)
        at org.apache.storm.utils.Time.sleep(Time.java:91)
        at org.apache.storm.utils.TimeCacheMap$1.run(TimeCacheMap.java:61)
        at java.lang.Thread.run(Thread.java:745)

"reset-log-levels-timer" 
   lock: null owner: null
   java.lang.Thread.State: TIMED_WAITING
        at java.lang.Thread.sleep(Native Method)
        at org.apache.storm.utils.Time.sleepUntil(Time.java:86)
        at org.apache.storm.utils.Time.sleep(Time.java:91)
        at org.apache.storm.timer$mk_timer$fn__4108$fn__4109.invoke(timer.clj:60)
        at org.apache.storm.timer$mk_timer$fn__4108.invoke(timer.clj:42)
        at clojure.lang.AFn.run(AFn.java:22)
        at java.lang.Thread.run(Thread.java:745)

"Netty-ChannelAlive-Timer" 
   lock: java.util.TaskQueue@266a7ded owner: null
   java.lang.Thread.State: TIMED_WAITING
        at java.lang.Object.wait(Native Method)
        at java.util.TimerThread.mainLoop(Timer.java:552)
        at java.util.TimerThread.run(Timer.java:505)

"reset-log-levels-timer" 
   lock: null owner: null
   java.lang.Thread.State: TIMED_WAITING
        at java.lang.Thread.sleep(Native Method)
        at org.apache.storm.utils.Time.sleepUntil(Time.java:86)
        at org.apache.storm.utils.Time.sleep(Time.java:91)
        at org.apache.storm.timer$mk_timer$fn__4108$fn__4109.invoke(timer.clj:60)
        at org.apache.storm.timer$mk_timer$fn__4108.invoke(timer.clj:42)
        at clojure.lang.AFn.run(AFn.java:22)
        at java.lang.Thread.run(Thread.java:745)

"reset-log-levels-timer" 
   lock: null owner: null
   java.lang.Thread.State: TIMED_WAITING
        at java.lang.Thread.sleep(Native Method)
        at org.apache.storm.utils.Time.sleepUntil(Time.java:86)
        at org.apache.storm.utils.Time.sleep(Time.java:91)
        at org.apache.storm.timer$mk_timer$fn__4108$fn__4109.invoke(timer.clj:60)
        at org.apache.storm.timer$mk_timer$fn__4108.invoke(timer.clj:42)
        at clojure.lang.AFn.run(AFn.java:22)
        at java.lang.Thread.run(Thread.java:745)

"reset-log-levels-timer" 
   lock: null owner: null
   java.lang.Thread.State: TIMED_WAITING
        at java.lang.Thread.sleep(Native Method)
        at org.apache.storm.utils.Time.sleepUntil(Time.java:86)
        at org.apache.storm.utils.Time.sleep(Time.java:91)
        at org.apache.storm.timer$mk_timer$fn__4108$fn__4109.invoke(timer.clj:60)
        at org.apache.storm.timer$mk_timer$fn__4108.invoke(timer.clj:42)
        at clojure.lang.AFn.run(AFn.java:22)
        at java.lang.Thread.run(Thread.java:745)

"reset-log-levels-timer" 
   lock: null owner: null
   java.lang.Thread.State: TIMED_WAITING
        at java.lang.Thread.sleep(Native Method)
        at org.apache.storm.utils.Time.sleepUntil(Time.java:86)
        at org.apache.storm.utils.Time.sleep(Time.java:91)
        at org.apache.storm.timer$mk_timer$fn__4108$fn__4109.invoke(timer.clj:60)
        at org.apache.storm.timer$mk_timer$fn__4108.invoke(timer.clj:42)
        at clojure.lang.AFn.run(AFn.java:22)
        at java.lang.Thread.run(Thread.java:745)

"reset-log-levels-timer" 
   lock: null owner: null
   java.lang.Thread.State: TIMED_WAITING
        at java.lang.Thread.sleep(Native Method)
        at org.apache.storm.utils.Time.sleepUntil(Time.java:86)
        at org.apache.storm.utils.Time.sleep(Time.java:91)
        at org.apache.storm.timer$mk_timer$fn__4108$fn__4109.invoke(timer.clj:60)
        at org.apache.storm.timer$mk_timer$fn__4108.invoke(timer.clj:42)
        at clojure.lang.AFn.run(AFn.java:22)
        at java.lang.Thread.run(Thread.java:745)

"reset-log-levels-timer" 
   lock: null owner: null
   java.lang.Thread.State: TIMED_WAITING
        at java.lang.Thread.sleep(Native Method)
        at org.apache.storm.utils.Time.sleepUntil(Time.java:86)
        at org.apache.storm.utils.Time.sleep(Time.java:91)
        at org.apache.storm.timer$mk_timer$fn__4108$fn__4109.invoke(timer.clj:60)
        at org.apache.storm.timer$mk_timer$fn__4108.invoke(timer.clj:42)
        at clojure.lang.AFn.run(AFn.java:22)
        at java.lang.Thread.run(Thread.java:745)

"reset-log-levels-timer" 
   lock: null owner: null
   java.lang.Thread.State: TIMED_WAITING
        at java.lang.Thread.sleep(Native Method)
        at org.apache.storm.utils.Time.sleepUntil(Time.java:86)
        at org.apache.storm.utils.Time.sleep(Time.java:91)
        at org.apache.storm.timer$mk_timer$fn__4108$fn__4109.invoke(timer.clj:60)
        at org.apache.storm.timer$mk_timer$fn__4108.invoke(timer.clj:42)
        at clojure.lang.AFn.run(AFn.java:22)
        at java.lang.Thread.run(Thread.java:745)

"reset-log-levels-timer" 
   lock: null owner: null
   java.lang.Thread.State: TIMED_WAITING
        at java.lang.Thread.sleep(Native Method)
        at org.apache.storm.utils.Time.sleepUntil(Time.java:86)
        at org.apache.storm.utils.Time.sleep(Time.java:91)
        at org.apache.storm.timer$mk_timer$fn__4108$fn__4109.invoke(timer.clj:60)
        at org.apache.storm.timer$mk_timer$fn__4108.invoke(timer.clj:42)
        at clojure.lang.AFn.run(AFn.java:22)
        at java.lang.Thread.run(Thread.java:745)

"reset-log-levels-timer" 
   lock: null owner: null
   java.lang.Thread.State: TIMED_WAITING
        at java.lang.Thread.sleep(Native Method)
        at org.apache.storm.utils.Time.sleepUntil(Time.java:86)
        at org.apache.storm.utils.Time.sleep(Time.java:91)
        at org.apache.storm.timer$mk_timer$fn__4108$fn__4109.invoke(timer.clj:60)
        at org.apache.storm.timer$mk_timer$fn__4108.invoke(timer.clj:42)
        at clojure.lang.AFn.run(AFn.java:22)
        at java.lang.Thread.run(Thread.java:745)

"reset-log-levels-timer" 
   lock: null owner: null
   java.lang.Thread.State: TIMED_WAITING
        at java.lang.Thread.sleep(Native Method)
        at org.apache.storm.utils.Time.sleepUntil(Time.java:86)
        at org.apache.storm.utils.Time.sleep(Time.java:91)
        at org.apache.storm.timer$mk_timer$fn__4108$fn__4109.invoke(timer.clj:60)
        at org.apache.storm.timer$mk_timer$fn__4108.invoke(timer.clj:42)
        at clojure.lang.AFn.run(AFn.java:22)
        at java.lang.Thread.run(Thread.java:745)

"reset-log-levels-timer" 
   lock: null owner: null
   java.lang.Thread.State: TIMED_WAITING
        at java.lang.Thread.sleep(Native Method)
        at org.apache.storm.utils.Time.sleepUntil(Time.java:86)
        at org.apache.storm.utils.Time.sleep(Time.java:91)
        at org.apache.storm.timer$mk_timer$fn__4108$fn__4109.invoke(timer.clj:60)
        at org.apache.storm.timer$mk_timer$fn__4108.invoke(timer.clj:42)
        at clojure.lang.AFn.run(AFn.java:22)
        at java.lang.Thread.run(Thread.java:745)

"reset-log-levels-timer" 
   lock: null owner: null
   java.lang.Thread.State: TIMED_WAITING
        at java.lang.Thread.sleep(Native Method)
        at org.apache.storm.utils.Time.sleepUntil(Time.java:86)
        at org.apache.storm.utils.Time.sleep(Time.java:91)
        at org.apache.storm.timer$mk_timer$fn__4108$fn__4109.invoke(timer.clj:60)
        at org.apache.storm.timer$mk_timer$fn__4108.invoke(timer.clj:42)
        at clojure.lang.AFn.run(AFn.java:22)
        at java.lang.Thread.run(Thread.java:745)

"reset-log-levels-timer" 
   lock: null owner: null
   java.lang.Thread.State: TIMED_WAITING
        at java.lang.Thread.sleep(Native Method)
        at org.apache.storm.utils.Time.sleepUntil(Time.java:86)
        at org.apache.storm.utils.Time.sleep(Time.java:91)
        at org.apache.storm.timer$mk_timer$fn__4108$fn__4109.invoke(timer.clj:60)
        at org.apache.storm.timer$mk_timer$fn__4108.invoke(timer.clj:42)
        at clojure.lang.AFn.run(AFn.java:22)
        at java.lang.Thread.run(Thread.java:745)

"Thread-336" 
   lock: null owner: null
   java.lang.Thread.State: TIMED_WAITING
        at java.lang.Thread.sleep(Native Method)
        at org.apache.storm.utils.Time.sleepUntil(Time.java:86)
        at org.apache.storm.utils.Time.sleep(Time.java:91)
        at org.apache.storm.utils.TimeCacheMap$1.run(TimeCacheMap.java:61)
        at java.lang.Thread.run(Thread.java:745)

"Thread-334" 
   lock: null owner: null
   java.lang.Thread.State: TIMED_WAITING
        at java.lang.Thread.sleep(Native Method)
        at org.apache.storm.utils.Time.sleepUntil(Time.java:86)
        at org.apache.storm.utils.Time.sleep(Time.java:91)
        at org.apache.storm.utils.TimeCacheMap$1.run(TimeCacheMap.java:61)
        at java.lang.Thread.run(Thread.java:745)

"Thread-332" 
   lock: null owner: null
   java.lang.Thread.State: TIMED_WAITING
        at java.lang.Thread.sleep(Native Method)
        at org.apache.storm.utils.Time.sleepUntil(Time.java:86)
        at org.apache.storm.utils.Time.sleep(Time.java:91)
        at org.apache.storm.utils.TimeCacheMap$1.run(TimeCacheMap.java:61)
        at java.lang.Thread.run(Thread.java:745)

"Thread-318" 
   lock: null owner: null
   java.lang.Thread.State: TIMED_WAITING
        at java.lang.Thread.sleep(Native Method)
        at org.apache.storm.utils.Time.sleepUntil(Time.java:86)
        at org.apache.storm.utils.Time.sleep(Time.java:91)
        at org.apache.storm.utils.TimeCacheMap$1.run(TimeCacheMap.java:61)
        at java.lang.Thread.run(Thread.java:745)

"Thread-316" 
   lock: null owner: null
   java.lang.Thread.State: TIMED_WAITING
        at java.lang.Thread.sleep(Native Method)
        at org.apache.storm.utils.Time.sleepUntil(Time.java:86)
        at org.apache.storm.utils.Time.sleep(Time.java:91)
        at org.apache.storm.utils.TimeCacheMap$1.run(TimeCacheMap.java:61)
        at java.lang.Thread.run(Thread.java:745)

"Thread-314" 
   lock: null owner: null
   java.lang.Thread.State: TIMED_WAITING
        at java.lang.Thread.sleep(Native Method)
        at org.apache.storm.utils.Time.sleepUntil(Time.java:86)
        at org.apache.storm.utils.Time.sleep(Time.java:91)
        at org.apache.storm.utils.TimeCacheMap$1.run(TimeCacheMap.java:61)
        at java.lang.Thread.run(Thread.java:745)

"Thread-309" 
   lock: null owner: null
   java.lang.Thread.State: TIMED_WAITING
        at java.lang.Thread.sleep(Native Method)
        at org.apache.storm.utils.Time.sleepUntil(Time.java:86)
        at org.apache.storm.utils.Time.sleep(Time.java:91)
        at org.apache.storm.utils.TimeCacheMap$1.run(TimeCacheMap.java:61)
        at java.lang.Thread.run(Thread.java:745)

"Thread-307" 
   lock: null owner: null
   java.lang.Thread.State: TIMED_WAITING
        at java.lang.Thread.sleep(Native Method)
        at org.apache.storm.utils.Time.sleepUntil(Time.java:86)
        at org.apache.storm.utils.Time.sleep(Time.java:91)
        at org.apache.storm.utils.TimeCacheMap$1.run(TimeCacheMap.java:61)
        at java.lang.Thread.run(Thread.java:745)

"Thread-305" 
   lock: null owner: null
   java.lang.Thread.State: TIMED_WAITING
        at java.lang.Thread.sleep(Native Method)
        at org.apache.storm.utils.Time.sleepUntil(Time.java:86)
        at org.apache.storm.utils.Time.sleep(Time.java:91)
        at org.apache.storm.utils.TimeCacheMap$1.run(TimeCacheMap.java:61)
        at java.lang.Thread.run(Thread.java:745)

"Thread-300" 
   lock: null owner: null
   java.lang.Thread.State: TIMED_WAITING
        at java.lang.Thread.sleep(Native Method)
        at org.apache.storm.utils.Time.sleepUntil(Time.java:86)
        at org.apache.storm.utils.Time.sleep(Time.java:91)
        at org.apache.storm.utils.TimeCacheMap$1.run(TimeCacheMap.java:61)
        at java.lang.Thread.run(Thread.java:745)

"Thread-298" 
   lock: null owner: null
   java.lang.Thread.State: TIMED_WAITING
        at java.lang.Thread.sleep(Native Method)
        at org.apache.storm.utils.Time.sleepUntil(Time.java:86)
        at org.apache.storm.utils.Time.sleep(Time.java:91)
        at org.apache.storm.utils.TimeCacheMap$1.run(TimeCacheMap.java:61)
        at java.lang.Thread.run(Thread.java:745)

"Thread-296" 
   lock: null owner: null
   java.lang.Thread.State: TIMED_WAITING
        at java.lang.Thread.sleep(Native Method)
        at org.apache.storm.utils.Time.sleepUntil(Time.java:86)
        at org.apache.storm.utils.Time.sleep(Time.java:91)
        at org.apache.storm.utils.TimeCacheMap$1.run(TimeCacheMap.java:61)
        at java.lang.Thread.run(Thread.java:745)

"Thread-291" 
   lock: null owner: null
   java.lang.Thread.State: TIMED_WAITING
        at java.lang.Thread.sleep(Native Method)
        at org.apache.storm.utils.Time.sleepUntil(Time.java:86)
        at org.apache.storm.utils.Time.sleep(Time.java:91)
        at org.apache.storm.utils.TimeCacheMap$1.run(TimeCacheMap.java:61)
        at java.lang.Thread.run(Thread.java:745)

"Thread-289" 
   lock: null owner: null
   java.lang.Thread.State: TIMED_WAITING
        at java.lang.Thread.sleep(Native Method)
        at org.apache.storm.utils.Time.sleepUntil(Time.java:86)
        at org.apache.storm.utils.Time.sleep(Time.java:91)
        at org.apache.storm.utils.TimeCacheMap$1.run(TimeCacheMap.java:61)
        at java.lang.Thread.run(Thread.java:745)

"Thread-287" 
   lock: null owner: null
   java.lang.Thread.State: TIMED_WAITING
        at java.lang.Thread.sleep(Native Method)
        at org.apache.storm.utils.Time.sleepUntil(Time.java:86)
        at org.apache.storm.utils.Time.sleep(Time.java:91)
        at org.apache.storm.utils.TimeCacheMap$1.run(TimeCacheMap.java:61)
        at java.lang.Thread.run(Thread.java:745)

"Thread-282" 
   lock: null owner: null
   java.lang.Thread.State: TIMED_WAITING
        at java.lang.Thread.sleep(Native Method)
        at org.apache.storm.utils.Time.sleepUntil(Time.java:86)
        at org.apache.storm.utils.Time.sleep(Time.java:91)
        at org.apache.storm.utils.TimeCacheMap$1.run(TimeCacheMap.java:61)
        at java.lang.Thread.run(Thread.java:745)

"Thread-280" 
   lock: null owner: null
   java.lang.Thread.State: TIMED_WAITING
        at java.lang.Thread.sleep(Native Method)
        at org.apache.storm.utils.Time.sleepUntil(Time.java:86)
        at org.apache.storm.utils.Time.sleep(Time.java:91)
        at org.apache.storm.utils.TimeCacheMap$1.run(TimeCacheMap.java:61)
        at java.lang.Thread.run(Thread.java:745)

"Thread-278" 
   lock: null owner: null
   java.lang.Thread.State: TIMED_WAITING
        at java.lang.Thread.sleep(Native Method)
        at org.apache.storm.utils.Time.sleepUntil(Time.java:86)
        at org.apache.storm.utils.Time.sleep(Time.java:91)
        at org.apache.storm.utils.TimeCacheMap$1.run(TimeCacheMap.java:61)
        at java.lang.Thread.run(Thread.java:745)

"Thread-273" 
   lock: null owner: null
   java.lang.Thread.State: TIMED_WAITING
        at java.lang.Thread.sleep(Native Method)
        at org.apache.storm.utils.Time.sleepUntil(Time.java:86)
        at org.apache.storm.utils.Time.sleep(Time.java:91)
        at org.apache.storm.utils.TimeCacheMap$1.run(TimeCacheMap.java:61)
        at java.lang.Thread.run(Thread.java:745)

"Thread-271" 
   lock: null owner: null
   java.lang.Thread.State: TIMED_WAITING
        at java.lang.Thread.sleep(Native Method)
        at org.apache.storm.utils.Time.sleepUntil(Time.java:86)
        at org.apache.storm.utils.Time.sleep(Time.java:91)
        at org.apache.storm.utils.TimeCacheMap$1.run(TimeCacheMap.java:61)
        at java.lang.Thread.run(Thread.java:745)

"Thread-269" 
   lock: null owner: null
   java.lang.Thread.State: TIMED_WAITING
        at java.lang.Thread.sleep(Native Method)
        at org.apache.storm.utils.Time.sleepUntil(Time.java:86)
        at org.apache.storm.utils.Time.sleep(Time.java:91)
        at org.apache.storm.utils.TimeCacheMap$1.run(TimeCacheMap.java:61)
        at java.lang.Thread.run(Thread.java:745)

"Thread-264" 
   lock: null owner: null
   java.lang.Thread.State: TIMED_WAITING
        at java.lang.Thread.sleep(Native Method)
        at org.apache.storm.utils.Time.sleepUntil(Time.java:86)
        at org.apache.storm.utils.Time.sleep(Time.java:91)
        at org.apache.storm.utils.TimeCacheMap$1.run(TimeCacheMap.java:61)
        at java.lang.Thread.run(Thread.java:745)

"Thread-262" 
   lock: null owner: null
   java.lang.Thread.State: TIMED_WAITING
        at java.lang.Thread.sleep(Native Method)
        at org.apache.storm.utils.Time.sleepUntil(Time.java:86)
        at org.apache.storm.utils.Time.sleep(Time.java:91)
        at org.apache.storm.utils.TimeCacheMap$1.run(TimeCacheMap.java:61)
        at java.lang.Thread.run(Thread.java:745)

"Thread-260" 
   lock: null owner: null
   java.lang.Thread.State: TIMED_WAITING
        at java.lang.Thread.sleep(Native Method)
        at org.apache.storm.utils.Time.sleepUntil(Time.java:86)
        at org.apache.storm.utils.Time.sleep(Time.java:91)
        at org.apache.storm.utils.TimeCacheMap$1.run(TimeCacheMap.java:61)
        at java.lang.Thread.run(Thread.java:745)

"Thread-256" 
   lock: null owner: null
   java.lang.Thread.State: TIMED_WAITING
        at java.lang.Thread.sleep(Native Method)
        at org.apache.storm.utils.Time.sleepUntil(Time.java:86)
        at org.apache.storm.utils.Time.sleep(Time.java:91)
        at org.apache.storm.utils.TimeCacheMap$1.run(TimeCacheMap.java:61)
        at java.lang.Thread.run(Thread.java:745)

"Thread-254" 
   lock: null owner: null
   java.lang.Thread.State: TIMED_WAITING
        at java.lang.Thread.sleep(Native Method)
        at org.apache.storm.utils.Time.sleepUntil(Time.java:86)
        at org.apache.storm.utils.Time.sleep(Time.java:91)
        at org.apache.storm.utils.TimeCacheMap$1.run(TimeCacheMap.java:61)
        at java.lang.Thread.run(Thread.java:745)

"Thread-252" 
   lock: null owner: null
   java.lang.Thread.State: TIMED_WAITING
        at java.lang.Thread.sleep(Native Method)
        at org.apache.storm.utils.Time.sleepUntil(Time.java:86)
        at org.apache.storm.utils.Time.sleep(Time.java:91)
        at org.apache.storm.utils.TimeCacheMap$1.run(TimeCacheMap.java:61)
        at java.lang.Thread.run(Thread.java:745)

"Thread-249" 
   lock: null owner: null
   java.lang.Thread.State: TIMED_WAITING
        at java.lang.Thread.sleep(Native Method)
        at org.apache.storm.utils.Time.sleepUntil(Time.java:86)
        at org.apache.storm.utils.Time.sleep(Time.java:91)
        at org.apache.storm.utils.TimeCacheMap$1.run(TimeCacheMap.java:61)
        at java.lang.Thread.run(Thread.java:745)

"Thread-247" 
   lock: null owner: null
   java.lang.Thread.State: TIMED_WAITING
        at java.lang.Thread.sleep(Native Method)
        at org.apache.storm.utils.Time.sleepUntil(Time.java:86)
        at org.apache.storm.utils.Time.sleep(Time.java:91)
        at org.apache.storm.utils.TimeCacheMap$1.run(TimeCacheMap.java:61)
        at java.lang.Thread.run(Thread.java:745)

"Thread-245" 
   lock: null owner: null
   java.lang.Thread.State: TIMED_WAITING
        at java.lang.Thread.sleep(Native Method)
        at org.apache.storm.utils.Time.sleepUntil(Time.java:86)
        at org.apache.storm.utils.Time.sleep(Time.java:91)
        at org.apache.storm.utils.TimeCacheMap$1.run(TimeCacheMap.java:61)
        at java.lang.Thread.run(Thread.java:745)

"Thread-241" 
   lock: null owner: null
   java.lang.Thread.State: TIMED_WAITING
        at java.lang.Thread.sleep(Native Method)
        at org.apache.storm.utils.Time.sleepUntil(Time.java:86)
        at org.apache.storm.utils.Time.sleep(Time.java:91)
        at org.apache.storm.utils.TimeCacheMap$1.run(TimeCacheMap.java:61)
        at java.lang.Thread.run(Thread.java:745)

"Thread-239" 
   lock: null owner: null
   java.lang.Thread.State: TIMED_WAITING
        at java.lang.Thread.sleep(Native Method)
        at org.apache.storm.utils.Time.sleepUntil(Time.java:86)
        at org.apache.storm.utils.Time.sleep(Time.java:91)
        at org.apache.storm.utils.TimeCacheMap$1.run(TimeCacheMap.java:61)
        at java.lang.Thread.run(Thread.java:745)

"Thread-237" 
   lock: null owner: null
   java.lang.Thread.State: TIMED_WAITING
        at java.lang.Thread.sleep(Native Method)
        at org.apache.storm.utils.Time.sleepUntil(Time.java:86)
        at org.apache.storm.utils.Time.sleep(Time.java:91)
        at org.apache.storm.utils.TimeCacheMap$1.run(TimeCacheMap.java:61)
        at java.lang.Thread.run(Thread.java:745)

"Thread-233" 
   lock: null owner: null
   java.lang.Thread.State: TIMED_WAITING
        at java.lang.Thread.sleep(Native Method)
        at org.apache.storm.utils.Time.sleepUntil(Time.java:86)
        at org.apache.storm.utils.Time.sleep(Time.java:91)
        at org.apache.storm.utils.TimeCacheMap$1.run(TimeCacheMap.java:61)
        at java.lang.Thread.run(Thread.java:745)

"Thread-231" 
   lock: null owner: null
   java.lang.Thread.State: TIMED_WAITING
        at java.lang.Thread.sleep(Native Method)
        at org.apache.storm.utils.Time.sleepUntil(Time.java:86)
        at org.apache.storm.utils.Time.sleep(Time.java:91)
        at org.apache.storm.utils.TimeCacheMap$1.run(TimeCacheMap.java:61)
        at java.lang.Thread.run(Thread.java:745)

"Thread-229" 
   lock: null owner: null
   java.lang.Thread.State: TIMED_WAITING
        at java.lang.Thread.sleep(Native Method)
        at org.apache.storm.utils.Time.sleepUntil(Time.java:86)
        at org.apache.storm.utils.Time.sleep(Time.java:91)
        at org.apache.storm.utils.TimeCacheMap$1.run(TimeCacheMap.java:61)
        at java.lang.Thread.run(Thread.java:745)

"Thread-226" 
   lock: null owner: null
   java.lang.Thread.State: TIMED_WAITING
        at java.lang.Thread.sleep(Native Method)
        at org.apache.storm.utils.Time.sleepUntil(Time.java:86)
        at org.apache.storm.utils.Time.sleep(Time.java:91)
        at org.apache.storm.utils.TimeCacheMap$1.run(TimeCacheMap.java:61)
        at java.lang.Thread.run(Thread.java:745)

"Thread-224" 
   lock: null owner: null
   java.lang.Thread.State: TIMED_WAITING
        at java.lang.Thread.sleep(Native Method)
        at org.apache.storm.utils.Time.sleepUntil(Time.java:86)
        at org.apache.storm.utils.Time.sleep(Time.java:91)
        at org.apache.storm.utils.TimeCacheMap$1.run(TimeCacheMap.java:61)
        at java.lang.Thread.run(Thread.java:745)

"Thread-222" 
   lock: null owner: null
   java.lang.Thread.State: TIMED_WAITING
        at java.lang.Thread.sleep(Native Method)
        at org.apache.storm.utils.Time.sleepUntil(Time.java:86)
        at org.apache.storm.utils.Time.sleep(Time.java:91)
        at org.apache.storm.utils.TimeCacheMap$1.run(TimeCacheMap.java:61)
        at java.lang.Thread.run(Thread.java:745)

"reset-log-levels-timer" 
   lock: null owner: null
   java.lang.Thread.State: TIMED_WAITING
        at java.lang.Thread.sleep(Native Method)
        at org.apache.storm.utils.Time.sleepUntil(Time.java:86)
        at org.apache.storm.utils.Time.sleep(Time.java:91)
        at org.apache.storm.timer$mk_timer$fn__4108$fn__4109.invoke(timer.clj:60)
        at org.apache.storm.timer$mk_timer$fn__4108.invoke(timer.clj:42)
        at clojure.lang.AFn.run(AFn.java:22)
        at java.lang.Thread.run(Thread.java:745)

"Thread-188" 
   lock: null owner: null
   java.lang.Thread.State: TIMED_WAITING
        at java.lang.Thread.sleep(Native Method)
        at org.apache.storm.utils.Time.sleepUntil(Time.java:86)
        at org.apache.storm.utils.Time.sleep(Time.java:91)
        at org.apache.storm.utils.TimeCacheMap$1.run(TimeCacheMap.java:61)
        at java.lang.Thread.run(Thread.java:745)

"Thread-186" 
   lock: null owner: null
   java.lang.Thread.State: TIMED_WAITING
        at java.lang.Thread.sleep(Native Method)
        at org.apache.storm.utils.Time.sleepUntil(Time.java:86)
        at org.apache.storm.utils.Time.sleep(Time.java:91)
        at org.apache.storm.utils.TimeCacheMap$1.run(TimeCacheMap.java:61)
        at java.lang.Thread.run(Thread.java:745)

"Thread-184" 
   lock: null owner: null
   java.lang.Thread.State: TIMED_WAITING
        at java.lang.Thread.sleep(Native Method)
        at org.apache.storm.utils.Time.sleepUntil(Time.java:86)
        at org.apache.storm.utils.Time.sleep(Time.java:91)
        at org.apache.storm.utils.TimeCacheMap$1.run(TimeCacheMap.java:61)
        at java.lang.Thread.run(Thread.java:745)

"Curator-Framework-0" 
   lock: java.util.concurrent.locks.AbstractQueuedSynchronizer$ConditionObject@1ca02bff owner: null
   java.lang.Thread.State: WAITING
        at sun.misc.Unsafe.park(Native Method)
        at java.util.concurrent.locks.LockSupport.park(LockSupport.java:175)
        at java.util.concurrent.locks.AbstractQueuedSynchronizer$ConditionObject.await(AbstractQueuedSynchronizer.java:2039)
        at java.util.concurrent.DelayQueue.take(DelayQueue.java:211)
        at java.util.concurrent.DelayQueue.take(DelayQueue.java:70)
        at org.apache.curator.framework.imps.CuratorFrameworkImpl.backgroundOperationsLoop(CuratorFrameworkImpl.java:804)
        at org.apache.curator.framework.imps.CuratorFrameworkImpl.access$300(CuratorFrameworkImpl.java:64)
        at org.apache.curator.framework.imps.CuratorFrameworkImpl$4.call(CuratorFrameworkImpl.java:267)
        at java.util.concurrent.FutureTask.run(FutureTask.java:266)
        at java.util.concurrent.ScheduledThreadPoolExecutor$ScheduledFutureTask.access$201(ScheduledThreadPoolExecutor.java:180)
        at java.util.concurrent.ScheduledThreadPoolExecutor$ScheduledFutureTask.run(ScheduledThreadPoolExecutor.java:293)
        at java.util.concurrent.ThreadPoolExecutor.runWorker(ThreadPoolExecutor.java:1142)
        at java.util.concurrent.ThreadPoolExecutor$Worker.run(ThreadPoolExecutor.java:617)
        at java.lang.Thread.run(Thread.java:745)

"Curator-ConnectionStateManager-0" 
   lock: java.util.concurrent.locks.AbstractQueuedSynchronizer$ConditionObject@1dac0942 owner: null
   java.lang.Thread.State: WAITING
        at sun.misc.Unsafe.park(Native Method)
        at java.util.concurrent.locks.LockSupport.park(LockSupport.java:175)
        at java.util.concurrent.locks.AbstractQueuedSynchronizer$ConditionObject.await(AbstractQueuedSynchronizer.java:2039)
        at java.util.concurrent.ArrayBlockingQueue.take(ArrayBlockingQueue.java:403)
        at org.apache.curator.framework.state.ConnectionStateManager.processEvents(ConnectionStateManager.java:245)
        at org.apache.curator.framework.state.ConnectionStateManager.access$000(ConnectionStateManager.java:43)
        at org.apache.curator.framework.state.ConnectionStateManager$1.call(ConnectionStateManager.java:111)
        at java.util.concurrent.FutureTask.run(FutureTask.java:266)
        at java.util.concurrent.ThreadPoolExecutor.runWorker(ThreadPoolExecutor.java:1142)
        at java.util.concurrent.ThreadPoolExecutor$Worker.run(ThreadPoolExecutor.java:617)
        at java.lang.Thread.run(Thread.java:745)

"Curator-Framework-0" 
   lock: java.util.concurrent.locks.AbstractQueuedSynchronizer$ConditionObject@8fc0a6a owner: null
   java.lang.Thread.State: WAITING
        at sun.misc.Unsafe.park(Native Method)
        at java.util.concurrent.locks.LockSupport.park(LockSupport.java:175)
        at java.util.concurrent.locks.AbstractQueuedSynchronizer$ConditionObject.await(AbstractQueuedSynchronizer.java:2039)
        at java.util.concurrent.DelayQueue.take(DelayQueue.java:211)
        at java.util.concurrent.DelayQueue.take(DelayQueue.java:70)
        at org.apache.curator.framework.imps.CuratorFrameworkImpl.backgroundOperationsLoop(CuratorFrameworkImpl.java:804)
        at org.apache.curator.framework.imps.CuratorFrameworkImpl.access$300(CuratorFrameworkImpl.java:64)
        at org.apache.curator.framework.imps.CuratorFrameworkImpl$4.call(CuratorFrameworkImpl.java:267)
        at java.util.concurrent.FutureTask.run(FutureTask.java:266)
        at java.util.concurrent.ScheduledThreadPoolExecutor$ScheduledFutureTask.access$201(ScheduledThreadPoolExecutor.java:180)
        at java.util.concurrent.ScheduledThreadPoolExecutor$ScheduledFutureTask.run(ScheduledThreadPoolExecutor.java:293)
        at java.util.concurrent.ThreadPoolExecutor.runWorker(ThreadPoolExecutor.java:1142)
        at java.util.concurrent.ThreadPoolExecutor$Worker.run(ThreadPoolExecutor.java:617)
        at java.lang.Thread.run(Thread.java:745)

"Curator-ConnectionStateManager-0" 
   lock: java.util.concurrent.locks.AbstractQueuedSynchronizer$ConditionObject@7d0c9b8d owner: null
   java.lang.Thread.State: WAITING
        at sun.misc.Unsafe.park(Native Method)
        at java.util.concurrent.locks.LockSupport.park(LockSupport.java:175)
        at java.util.concurrent.locks.AbstractQueuedSynchronizer$ConditionObject.await(AbstractQueuedSynchronizer.java:2039)
        at java.util.concurrent.ArrayBlockingQueue.take(ArrayBlockingQueue.java:403)
        at org.apache.curator.framework.state.ConnectionStateManager.processEvents(ConnectionStateManager.java:245)
        at org.apache.curator.framework.state.ConnectionStateManager.access$000(ConnectionStateManager.java:43)
        at org.apache.curator.framework.state.ConnectionStateManager$1.call(ConnectionStateManager.java:111)
        at java.util.concurrent.FutureTask.run(FutureTask.java:266)
        at java.util.concurrent.ThreadPoolExecutor.runWorker(ThreadPoolExecutor.java:1142)
        at java.util.concurrent.ThreadPoolExecutor$Worker.run(ThreadPoolExecutor.java:617)
        at java.lang.Thread.run(Thread.java:745)

"reset-log-levels-timer" 
   lock: null owner: null
   java.lang.Thread.State: TIMED_WAITING
        at java.lang.Thread.sleep(Native Method)
        at org.apache.storm.utils.Time.sleepUntil(Time.java:86)
        at org.apache.storm.utils.Time.sleep(Time.java:91)
        at org.apache.storm.timer$mk_timer$fn__4108$fn__4109.invoke(timer.clj:60)
        at org.apache.storm.timer$mk_timer$fn__4108.invoke(timer.clj:42)
        at clojure.lang.AFn.run(AFn.java:22)
        at java.lang.Thread.run(Thread.java:745)

"reset-log-levels-timer" 
   lock: null owner: null
   java.lang.Thread.State: TIMED_WAITING
        at java.lang.Thread.sleep(Native Method)
        at org.apache.storm.utils.Time.sleepUntil(Time.java:86)
        at org.apache.storm.utils.Time.sleep(Time.java:91)
        at org.apache.storm.timer$mk_timer$fn__4108$fn__4109.invoke(timer.clj:60)
        at org.apache.storm.timer$mk_timer$fn__4108.invoke(timer.clj:42)
        at clojure.lang.AFn.run(AFn.java:22)
        at java.lang.Thread.run(Thread.java:745)

"reset-log-levels-timer" 
   lock: null owner: null
   java.lang.Thread.State: TIMED_WAITING
        at java.lang.Thread.sleep(Native Method)
        at org.apache.storm.utils.Time.sleepUntil(Time.java:86)
        at org.apache.storm.utils.Time.sleep(Time.java:91)
        at org.apache.storm.timer$mk_timer$fn__4108$fn__4109.invoke(timer.clj:60)
        at org.apache.storm.timer$mk_timer$fn__4108.invoke(timer.clj:42)
        at clojure.lang.AFn.run(AFn.java:22)
        at java.lang.Thread.run(Thread.java:745)

"Thread-82" 
   lock: null owner: null
   java.lang.Thread.State: TIMED_WAITING
        at java.lang.Thread.sleep(Native Method)
        at org.apache.storm.utils.Time.sleepUntil(Time.java:86)
        at org.apache.storm.utils.Time.sleep(Time.java:91)
        at org.apache.storm.utils.TimeCacheMap$1.run(TimeCacheMap.java:61)
        at java.lang.Thread.run(Thread.java:745)

"Thread-80" 
   lock: null owner: null
   java.lang.Thread.State: TIMED_WAITING
        at java.lang.Thread.sleep(Native Method)
        at org.apache.storm.utils.Time.sleepUntil(Time.java:86)
        at org.apache.storm.utils.Time.sleep(Time.java:91)
        at org.apache.storm.utils.TimeCacheMap$1.run(TimeCacheMap.java:61)
        at java.lang.Thread.run(Thread.java:745)

"Thread-78" 
   lock: null owner: null
   java.lang.Thread.State: TIMED_WAITING
        at java.lang.Thread.sleep(Native Method)
        at org.apache.storm.utils.Time.sleepUntil(Time.java:86)
        at org.apache.storm.utils.Time.sleep(Time.java:91)
        at org.apache.storm.utils.TimeCacheMap$1.run(TimeCacheMap.java:61)
        at java.lang.Thread.run(Thread.java:745)

"disruptor-flush-task-pool" 
   lock: java.util.concurrent.locks.AbstractQueuedSynchronizer$ConditionObject@606eb800 owner: null
   java.lang.Thread.State: WAITING
        at sun.misc.Unsafe.park(Native Method)
        at java.util.concurrent.locks.LockSupport.park(LockSupport.java:175)
        at java.util.concurrent.locks.AbstractQueuedSynchronizer$ConditionObject.await(AbstractQueuedSynchronizer.java:2039)
        at java.util.concurrent.ArrayBlockingQueue.take(ArrayBlockingQueue.java:403)
        at java.util.concurrent.ThreadPoolExecutor.getTask(ThreadPoolExecutor.java:1067)
        at java.util.concurrent.ThreadPoolExecutor.runWorker(ThreadPoolExecutor.java:1127)
        at java.util.concurrent.ThreadPoolExecutor$Worker.run(ThreadPoolExecutor.java:617)
        at java.lang.Thread.run(Thread.java:745)

"reset-log-levels-timer" 
   lock: null owner: null
   java.lang.Thread.State: TIMED_WAITING
        at java.lang.Thread.sleep(Native Method)
        at org.apache.storm.utils.Time.sleepUntil(Time.java:86)
        at org.apache.storm.utils.Time.sleep(Time.java:91)
        at org.apache.storm.timer$mk_timer$fn__4108$fn__4109.invoke(timer.clj:60)
        at org.apache.storm.timer$mk_timer$fn__4108.invoke(timer.clj:42)
        at clojure.lang.AFn.run(AFn.java:22)
        at java.lang.Thread.run(Thread.java:745)

"metric/stat timer" 
   lock: java.util.TaskQueue@1d755b56 owner: null
   java.lang.Thread.State: WAITING
        at java.lang.Object.wait(Native Method)
        at java.lang.Object.wait(Object.java:502)
        at java.util.TimerThread.mainLoop(Timer.java:526)
        at java.util.TimerThread.run(Timer.java:505)

"disruptor-flush-trigger" 
   lock: java.util.TaskQueue@7532adc8 owner: null
   java.lang.Thread.State: WAITING
        at java.lang.Object.wait(Native Method)
        at java.lang.Object.wait(Object.java:502)
        at java.util.TimerThread.mainLoop(Timer.java:526)
        at java.util.TimerThread.run(Timer.java:505)

"Thread-7" 
   lock: null owner: null
   java.lang.Thread.State: TIMED_WAITING
        at java.lang.Thread.sleep(Native Method)
        at org.apache.storm.utils.Time.sleepUntil(Time.java:86)
        at org.apache.storm.utils.Time.sleep(Time.java:91)
        at org.apache.storm.utils.TimeCacheMap$1.run(TimeCacheMap.java:61)
        at java.lang.Thread.run(Thread.java:745)

"Thread-5" 
   lock: null owner: null
   java.lang.Thread.State: TIMED_WAITING
        at java.lang.Thread.sleep(Native Method)
        at org.apache.storm.utils.Time.sleepUntil(Time.java:86)
        at org.apache.storm.utils.Time.sleep(Time.java:91)
        at org.apache.storm.utils.TimeCacheMap$1.run(TimeCacheMap.java:61)
        at java.lang.Thread.run(Thread.java:745)

"Thread-3" 
   lock: null owner: null
   java.lang.Thread.State: TIMED_WAITING
        at java.lang.Thread.sleep(Native Method)
        at org.apache.storm.utils.Time.sleepUntil(Time.java:86)
        at org.apache.storm.utils.Time.sleep(Time.java:91)
        at org.apache.storm.utils.TimeCacheMap$1.run(TimeCacheMap.java:61)
        at java.lang.Thread.run(Thread.java:745)

"FileBlobStore cleanup thread" 
   lock: java.util.TaskQueue@6cfb9010 owner: null
   java.lang.Thread.State: TIMED_WAITING
        at java.lang.Object.wait(Native Method)
        at java.util.TimerThread.mainLoop(Timer.java:552)
        at java.util.TimerThread.run(Timer.java:505)

"Signal Dispatcher" 
   lock: null owner: null
   java.lang.Thread.State: RUNNABLE

"Finalizer" 
   lock: java.lang.ref.ReferenceQueue$Lock@79c09b37 owner: null
   java.lang.Thread.State: WAITING
        at java.lang.Object.wait(Native Method)
        at java.lang.ref.ReferenceQueue.remove(ReferenceQueue.java:142)
        at java.lang.ref.ReferenceQueue.remove(ReferenceQueue.java:158)
        at java.lang.ref.Finalizer$FinalizerThread.run(Finalizer.java:209)

"Reference Handler" 
   lock: java.lang.ref.Reference$Lock@4ed8d0b2 owner: null
   java.lang.Thread.State: WAITING
        at java.lang.Object.wait(Native Method)
        at java.lang.Object.wait(Object.java:502)
        at java.lang.ref.Reference$ReferenceHandler.run(Reference.java:157)

"main" 
   lock: null owner: null
   java.lang.Thread.State: RUNNABLE
        at sun.management.ThreadImpl.getThreadInfo1(Native Method)
        at sun.management.ThreadImpl.getThreadInfo(ThreadImpl.java:174)
        at org.apache.storm.utils.Utils.threadDump(Utils.java:1217)
        at org.apache.storm.messaging.netty_unit_test$test_load_fn.invoke(netty_unit_test.clj:115)
        at org.apache.storm.messaging.netty_unit_test$fn__8325.invoke(netty_unit_test.clj:143)
        at clojure.test$test_var$fn__7670.invoke(test.clj:704)
        at clojure.test$test_var.invoke(test.clj:704)
        at clojure.test$test_vars$fn__7692$fn__7697.invoke(test.clj:722)
        at clojure.test$default_fixture.invoke(test.clj:674)
        at clojure.test$test_vars$fn__7692.invoke(test.clj:722)
        at clojure.test$default_fixture.invoke(test.clj:674)
        at clojure.test$test_vars.invoke(test.clj:718)
        at clojure.test$test_all_vars.invoke(test.clj:728)
        at clojure.test$test_ns.invoke(test.clj:747)
        at clojure.core$map$fn__4553.invoke(core.clj:2624)
        at clojure.lang.LazySeq.sval(LazySeq.java:40)
        at clojure.lang.LazySeq.seq(LazySeq.java:49)
        at clojure.lang.Cons.next(Cons.java:39)
        at clojure.lang.RT.boundedLength(RT.java:1735)
        at clojure.lang.RestFn.applyTo(RestFn.java:130)
        at clojure.core$apply.invoke(core.clj:632)
        at clojure.test$run_tests.doInvoke(test.clj:762)
        at clojure.lang.RestFn.invoke(RestFn.java:408)
        at org.apache.storm.testrunner$eval11090$iter__11091__11095$fn__11096$fn__11097$fn__11098.invoke(test_runner.clj:107)
        at org.apache.storm.testrunner$eval11090$iter__11091__11095$fn__11096$fn__11097.invoke(test_runner.clj:53)
        at org.apache.storm.testrunner$eval11090$iter__11091__11095$fn__11096.invoke(test_runner.clj:52)
        at clojure.lang.LazySeq.sval(LazySeq.java:40)
        at clojure.lang.LazySeq.seq(LazySeq.java:49)
        at clojure.lang.ChunkedCons.chunkedNext(ChunkedCons.java:59)
        at clojure.lang.ChunkedCons.next(ChunkedCons.java:43)
        at clojure.lang.RT.next(RT.java:674)
        at clojure.core$next__4112.invoke(core.clj:64)
        at clojure.core$dorun.invoke(core.clj:3010)
        at org.apache.storm.testrunner$eval11090.invoke(test_runner.clj:52)
        at clojure.lang.Compiler.eval(Compiler.java:6782)
        at clojure.lang.Compiler.load(Compiler.java:7227)
        at clojure.lang.Compiler.loadFile(Compiler.java:7165)
        at clojure.main$load_script.invoke(main.clj:275)
        at clojure.main$script_opt.invoke(main.clj:337)
        at clojure.main$main.doInvoke(main.clj:421)
        at clojure.lang.RestFn.invoke(RestFn.java:421)
        at clojure.lang.Var.invoke(Var.java:383)
        at clojure.lang.AFn.applyToHelper(AFn.java:156)
        at clojure.lang.Var.applyTo(Var.java:700)
        at clojure.main.main(main.java:37)


            
--------------------------------------------------
Checking ./storm-core/target/test-reports/org.apache.storm.tuple-test.xml
Checking ./storm-core/target/test-reports/org.apache.storm.messaging.netty-integration-test.xml
Checking ./storm-core/target/test-reports/org.apache.storm.tick-tuple-test.xml
Checking ./storm-core/target/test-reports/integration.org.apache.storm.trident.integration-test.xml
Checking ./storm-core/target/test-reports/org.apache.storm.grouping-test.xml
Checking ./storm-core/target/test-reports/org.apache.storm.security.serialization.BlowfishTupleSerializer-test.xml
Checking ./storm-core/target/test-reports/org.apache.storm.nimbus-test.xml
Checking ./storm-core/target/test-reports/org.apache.storm.subtopology-test.xml
Checking ./storm-core/target/test-reports/org.apache.storm.cluster-test.xml
Checking ./storm-core/target/test-reports/org.apache.storm.trident.tuple-test.xml

travis_time:end:0613b436:start=1468818574176569872,finish=1468819159065796256,duration=584889226384[0K
[31;1mThe command "/bin/bash ./dev-tools/travis/travis-script.sh `pwd` $MODULES" exited with 1.[0m
travis_fold:start:cache.2[0Kstore build cache
travis_time:start:0b5156c0[0K
travis_time:end:0b5156c0:start=1468819159070588729,finish=1468819159074233975,duration=3645246[0Ktravis_time:start:1ad40c73[0K[32;1mchange detected (content changed, file is created, or file is deleted):
/home/travis/.m2/repository/eigenbase/eigenbase-properties/1.1.4/eigenbase-properties-1.1.4.pom.lastUpdated
/home/travis/.m2/repository/io/confluent/kafka-avro-serializer/1.0/kafka-avro-serializer-1.0.pom.lastUpdated
/home/travis/.m2/repository/io/confluent/kafka-schema-registry-client/1.0/kafka-schema-registry-client-1.0.pom.lastUpdated
/home/travis/.m2/repository/net/hydromatic/linq4j/0.4/linq4j-0.4.pom.lastUpdated
/home/travis/.m2/repository/net/hydromatic/quidem/0.1.1/quidem-0.1.1.pom.lastUpdated
/home/travis/.m2/repository/org/apache/storm/flux/1.1.1-SNAPSHOT/maven-metadata-local.xml
/home/travis/.m2/repository/org/apache/storm/flux/1.1.1-SNAPSHOT/_remote.repositories
/home/travis/.m2/repository/org/apache/storm/flux-core/1.1.1-SNAPSHOT/flux-core-1.1.1-SNAPSHOT.jar
/home/travis/.m2/repository/org/apache/storm/flux-core/1.1.1-SNAPSHOT/maven-metadata-local.xml
/home/travis/.m2/repository/org/apache/storm/flux-core/1.1.1-SNAPSHOT/_remote.repositories
/home/travis/.m2/repository/org/ap
[0m
[32;1m...
[0m
[32;1mchanges detected, packing new archive[0m
.
.
.
.
.
.
.
.
.
.
.
[32;1muploading archive[0m

travis_time:end:1ad40c73:start=1468819159078487713,finish=1468819257979829119,duration=98901341406[0Ktravis_fold:end:cache.2[0K
Done. Your build exited with 1.
