Using worker: worker-linux-docker-8ad65f72.prod.travis-ci.org:travis-linux-1

travis_fold:start:system_info[0K[33;1mBuild system information[0m
Build language: java
Build group: stable
Build dist: precise
Build id: 148674940
Job id: 148674942
travis-build version: 2b5248985
[34m[1mBuild image provisioning date and time[0m
Thu Feb  5 15:09:33 UTC 2015
[34m[1mOperating System Details[0m
Distributor ID:	Ubuntu
Description:	Ubuntu 12.04.5 LTS
Release:	12.04
Codename:	precise
[34m[1mLinux Version[0m
3.13.0-29-generic
[34m[1mCookbooks Version[0m
a68419e https://github.com/travis-ci/travis-cookbooks/tree/a68419e
[34m[1mGCC version[0m
gcc (Ubuntu/Linaro 4.6.3-1ubuntu5) 4.6.3
Copyright (C) 2011 Free Software Foundation, Inc.
This is free software; see the source for copying conditions.  There is NO
warranty; not even for MERCHANTABILITY or FITNESS FOR A PARTICULAR PURPOSE.

[34m[1mLLVM version[0m
clang version 3.4 (tags/RELEASE_34/final)
Target: x86_64-unknown-linux-gnu
Thread model: posix
[34m[1mPre-installed Ruby versions[0m
ruby-1.9.3-p551
[34m[1mPre-installed Node.js versions[0m
v0.10.36
[34m[1mPre-installed Go versions[0m
1.4.1
[34m[1mRedis version[0m
redis-server 2.8.19
[34m[1mriak version[0m
2.0.2
[34m[1mMongoDB version[0m
MongoDB 2.4.12
[34m[1mCouchDB version[0m
couchdb 1.6.1
[34m[1mNeo4j version[0m
1.9.4
[34m[1mRabbitMQ Version[0m
3.4.3
[34m[1mElasticSearch version[0m
1.4.0
[34m[1mInstalled Sphinx versions[0m
2.0.10
2.1.9
2.2.6
[34m[1mDefault Sphinx version[0m
2.2.6
[34m[1mInstalled Firefox version[0m
firefox 31.0esr
[34m[1mPhantomJS version[0m
1.9.8
[34m[1mant -version[0m
Apache Ant(TM) version 1.8.2 compiled on December 3 2011
[34m[1mmvn -version[0m
Apache Maven 3.2.5 (12a6b3acb947671f09b81f49094c53f426d8cea1; 2014-12-14T17:29:23+00:00)
Maven home: /usr/local/maven
Java version: 1.7.0_76, vendor: Oracle Corporation
Java home: /usr/lib/jvm/java-7-oracle/jre
Default locale: en_US, platform encoding: ANSI_X3.4-1968
OS name: "linux", version: "3.13.0-29-generic", arch: "amd64", family: "unix"
travis_fold:end:system_info[0K
travis_fold:start:fix.CVE-2015-7547[0K$ export DEBIAN_FRONTEND=noninteractive
W: Size of file /var/lib/apt/lists/us.archive.ubuntu.com_ubuntu_dists_precise-backports_multiverse_source_Sources.gz is not what the server reported 5886 5888
W: Size of file /var/lib/apt/lists/ppa.launchpad.net_ubuntugis_ppa_ubuntu_dists_precise_main_binary-amd64_Packages.gz is not what the server reported 33653 36677
W: Size of file /var/lib/apt/lists/ppa.launchpad.net_ubuntugis_ppa_ubuntu_dists_precise_main_binary-i386_Packages.gz is not what the server reported 33699 36733
Reading package lists...
Building dependency tree...
Reading state information...
The following extra packages will be installed:
  libc-bin libc-dev-bin libc6-dev
Suggested packages:
  glibc-doc
The following packages will be upgraded:
  libc-bin libc-dev-bin libc6 libc6-dev
4 upgraded, 0 newly installed, 0 to remove and 252 not upgraded.
Need to get 8,840 kB of archives.
After this operation, 14.3 kB disk space will be freed.
Get:1 http://us.archive.ubuntu.com/ubuntu/ precise-updates/main libc6-dev amd64 2.15-0ubuntu10.15 [2,943 kB]
Get:2 http://us.archive.ubuntu.com/ubuntu/ precise-updates/main libc-dev-bin amd64 2.15-0ubuntu10.15 [84.7 kB]
Get:3 http://us.archive.ubuntu.com/ubuntu/ precise-updates/main libc-bin amd64 2.15-0ubuntu10.15 [1,177 kB]
Get:4 http://us.archive.ubuntu.com/ubuntu/ precise-updates/main libc6 amd64 2.15-0ubuntu10.15 [4,636 kB]
Fetched 8,840 kB in 1s (5,806 kB/s)
Preconfiguring packages ...
(Reading database ... (Reading database ... 5%(Reading database ... 10%(Reading database ... 15%(Reading database ... 20%(Reading database ... 25%(Reading database ... 30%(Reading database ... 35%(Reading database ... 40%(Reading database ... 45%(Reading database ... 50%(Reading database ... 55%(Reading database ... 60%(Reading database ... 65%(Reading database ... 70%(Reading database ... 75%(Reading database ... 80%(Reading database ... 85%(Reading database ... 90%(Reading database ... 95%(Reading database ... 100%(Reading database ... 72019 files and directories currently installed.)
Preparing to replace libc6-dev 2.15-0ubuntu10.10 (using .../libc6-dev_2.15-0ubuntu10.15_amd64.deb) ...
Unpacking replacement libc6-dev ...
Preparing to replace libc-dev-bin 2.15-0ubuntu10.10 (using .../libc-dev-bin_2.15-0ubuntu10.15_amd64.deb) ...
Unpacking replacement libc-dev-bin ...
Preparing to replace libc-bin 2.15-0ubuntu10.10 (using .../libc-bin_2.15-0ubuntu10.15_amd64.deb) ...
Unpacking replacement libc-bin ...
Processing triggers for man-db ...
Setting up libc-bin (2.15-0ubuntu10.15) ...
(Reading database ... (Reading database ... 5%(Reading database ... 10%(Reading database ... 15%(Reading database ... 20%(Reading database ... 25%(Reading database ... 30%(Reading database ... 35%(Reading database ... 40%(Reading database ... 45%(Reading database ... 50%(Reading database ... 55%(Reading database ... 60%(Reading database ... 65%(Reading database ... 70%(Reading database ... 75%(Reading database ... 80%(Reading database ... 85%(Reading database ... 90%(Reading database ... 95%(Reading database ... 100%(Reading database ... 72018 files and directories currently installed.)
Preparing to replace libc6 2.15-0ubuntu10.10 (using .../libc6_2.15-0ubuntu10.15_amd64.deb) ...
Unpacking replacement libc6 ...
Setting up libc6 (2.15-0ubuntu10.15) ...
Setting up libc-dev-bin (2.15-0ubuntu10.15) ...
Setting up libc6-dev (2.15-0ubuntu10.15) ...
Processing triggers for libc-bin ...
ldconfig deferred processing now taking place
travis_fold:end:fix.CVE-2015-7547[0Ktravis_fold:start:git.checkout[0Ktravis_time:start:033d85be[0K$ git clone --depth=50 --branch=1.0.x-branch https://github.com/apache/storm.git apache/storm
Cloning into 'apache/storm'...
remote: Counting objects: 3355, done.[K
remote: Compressing objects:   0% (1/2350)   [Kremote: Compressing objects:   1% (24/2350)   [Kremote: Compressing objects:   2% (47/2350)   [Kremote: Compressing objects:   3% (71/2350)   [Kremote: Compressing objects:   4% (94/2350)   [Kremote: Compressing objects:   5% (118/2350)   [Kremote: Compressing objects:   6% (141/2350)   [Kremote: Compressing objects:   7% (165/2350)   [Kremote: Compressing objects:   8% (188/2350)   [Kremote: Compressing objects:   9% (212/2350)   [Kremote: Compressing objects:  10% (235/2350)   [Kremote: Compressing objects:  11% (259/2350)   [Kremote: Compressing objects:  12% (282/2350)   [Kremote: Compressing objects:  13% (306/2350)   [Kremote: Compressing objects:  14% (329/2350)   [Kremote: Compressing objects:  15% (353/2350)   [Kremote: Compressing objects:  16% (376/2350)   [Kremote: Compressing objects:  17% (400/2350)   [Kremote: Compressing objects:  18% (423/2350)   [Kremote: Compressing objects:  19% (447/2350)   [Kremote: Compressing objects:  20% (470/2350)   [Kremote: Compressing objects:  21% (494/2350)   [Kremote: Compressing objects:  22% (517/2350)   [Kremote: Compressing objects:  23% (541/2350)   [Kremote: Compressing objects:  24% (564/2350)   [Kremote: Compressing objects:  25% (588/2350)   [Kremote: Compressing objects:  26% (611/2350)   [Kremote: Compressing objects:  27% (635/2350)   [Kremote: Compressing objects:  28% (658/2350)   [Kremote: Compressing objects:  29% (682/2350)   [Kremote: Compressing objects:  30% (705/2350)   [Kremote: Compressing objects:  31% (729/2350)   [Kremote: Compressing objects:  32% (752/2350)   [Kremote: Compressing objects:  33% (776/2350)   [Kremote: Compressing objects:  34% (799/2350)   [Kremote: Compressing objects:  35% (823/2350)   [Kremote: Compressing objects:  36% (846/2350)   [Kremote: Compressing objects:  37% (870/2350)   [Kremote: Compressing objects:  38% (893/2350)   [Kremote: Compressing objects:  39% (917/2350)   [Kremote: Compressing objects:  40% (940/2350)   [Kremote: Compressing objects:  41% (964/2350)   [Kremote: Compressing objects:  42% (987/2350)   [Kremote: Compressing objects:  43% (1011/2350)   [Kremote: Compressing objects:  44% (1034/2350)   [Kremote: Compressing objects:  45% (1058/2350)   [Kremote: Compressing objects:  46% (1081/2350)   [Kremote: Compressing objects:  47% (1105/2350)   [Kremote: Compressing objects:  48% (1128/2350)   [Kremote: Compressing objects:  49% (1152/2350)   [Kremote: Compressing objects:  50% (1175/2350)   [Kremote: Compressing objects:  51% (1199/2350)   [Kremote: Compressing objects:  52% (1222/2350)   [Kremote: Compressing objects:  53% (1246/2350)   [Kremote: Compressing objects:  54% (1269/2350)   [Kremote: Compressing objects:  55% (1293/2350)   [Kremote: Compressing objects:  56% (1316/2350)   [Kremote: Compressing objects:  57% (1340/2350)   [Kremote: Compressing objects:  58% (1363/2350)   [Kremote: Compressing objects:  59% (1387/2350)   [Kremote: Compressing objects:  60% (1410/2350)   [Kremote: Compressing objects:  61% (1434/2350)   [Kremote: Compressing objects:  62% (1457/2350)   [Kremote: Compressing objects:  63% (1481/2350)   [Kremote: Compressing objects:  64% (1504/2350)   [Kremote: Compressing objects:  65% (1528/2350)   [Kremote: Compressing objects:  66% (1551/2350)   [Kremote: Compressing objects:  67% (1575/2350)   [Kremote: Compressing objects:  68% (1598/2350)   [Kremote: Compressing objects:  69% (1622/2350)   [Kremote: Compressing objects:  70% (1645/2350)   [Kremote: Compressing objects:  71% (1669/2350)   [Kremote: Compressing objects:  72% (1692/2350)   [Kremote: Compressing objects:  73% (1716/2350)   [Kremote: Compressing objects:  74% (1739/2350)   [Kremote: Compressing objects:  75% (1763/2350)   [Kremote: Compressing objects:  76% (1786/2350)   [Kremote: Compressing objects:  77% (1810/2350)   [Kremote: Compressing objects:  78% (1833/2350)   [Kremote: Compressing objects:  79% (1857/2350)   [Kremote: Compressing objects:  80% (1880/2350)   [Kremote: Compressing objects:  81% (1904/2350)   [Kremote: Compressing objects:  82% (1927/2350)   [Kremote: Compressing objects:  83% (1951/2350)   [Kremote: Compressing objects:  84% (1974/2350)   [Kremote: Compressing objects:  85% (1998/2350)   [Kremote: Compressing objects:  86% (2021/2350)   [Kremote: Compressing objects:  87% (2045/2350)   [Kremote: Compressing objects:  88% (2068/2350)   [Kremote: Compressing objects:  89% (2092/2350)   [Kremote: Compressing objects:  90% (2115/2350)   [Kremote: Compressing objects:  91% (2139/2350)   [Kremote: Compressing objects:  92% (2162/2350)   [Kremote: Compressing objects:  93% (2186/2350)   [Kremote: Compressing objects:  94% (2209/2350)   [Kremote: Compressing objects:  95% (2233/2350)   [Kremote: Compressing objects:  96% (2256/2350)   [Kremote: Compressing objects:  97% (2280/2350)   [Kremote: Compressing objects:  98% (2303/2350)   [Kremote: Compressing objects:  99% (2327/2350)   [Kremote: Compressing objects: 100% (2350/2350)   [Kremote: Compressing objects: 100% (2350/2350), done.[K
Receiving objects:   0% (1/3355)   Receiving objects:   1% (34/3355)   Receiving objects:   2% (68/3355)   Receiving objects:   3% (101/3355)   Receiving objects:   4% (135/3355)   Receiving objects:   5% (168/3355)   Receiving objects:   6% (202/3355)   Receiving objects:   7% (235/3355)   Receiving objects:   8% (269/3355)   Receiving objects:   9% (302/3355)   Receiving objects:  10% (336/3355)   Receiving objects:  11% (370/3355)   Receiving objects:  12% (403/3355)   Receiving objects:  13% (437/3355)   Receiving objects:  14% (470/3355)   Receiving objects:  15% (504/3355)   Receiving objects:  16% (537/3355)   Receiving objects:  17% (571/3355)   Receiving objects:  18% (604/3355)   Receiving objects:  19% (638/3355)   Receiving objects:  20% (671/3355)   Receiving objects:  21% (705/3355)   Receiving objects:  22% (739/3355)   Receiving objects:  23% (772/3355)   Receiving objects:  24% (806/3355)   Receiving objects:  25% (839/3355)   Receiving objects:  26% (873/3355)   Receiving objects:  27% (906/3355)   Receiving objects:  28% (940/3355)   Receiving objects:  29% (973/3355)   Receiving objects:  30% (1007/3355)   Receiving objects:  31% (1041/3355)   Receiving objects:  32% (1074/3355)   Receiving objects:  33% (1108/3355)   Receiving objects:  34% (1141/3355)   Receiving objects:  35% (1175/3355)   Receiving objects:  36% (1208/3355)   Receiving objects:  37% (1242/3355)   Receiving objects:  38% (1275/3355)   Receiving objects:  39% (1309/3355)   Receiving objects:  40% (1342/3355)   Receiving objects:  41% (1376/3355)   Receiving objects:  42% (1410/3355)   Receiving objects:  43% (1443/3355)   Receiving objects:  44% (1477/3355)   Receiving objects:  45% (1510/3355)   Receiving objects:  46% (1544/3355)   Receiving objects:  47% (1577/3355)   Receiving objects:  48% (1611/3355)   Receiving objects:  49% (1644/3355)   Receiving objects:  50% (1678/3355)   Receiving objects:  51% (1712/3355)   Receiving objects:  52% (1745/3355)   Receiving objects:  53% (1779/3355)   Receiving objects:  54% (1812/3355)   Receiving objects:  55% (1846/3355)   Receiving objects:  56% (1879/3355)   Receiving objects:  57% (1913/3355)   Receiving objects:  58% (1946/3355)   Receiving objects:  59% (1980/3355)   Receiving objects:  60% (2013/3355)   Receiving objects:  61% (2047/3355)   Receiving objects:  62% (2081/3355)   Receiving objects:  63% (2114/3355)   Receiving objects:  64% (2148/3355)   Receiving objects:  65% (2181/3355)   Receiving objects:  66% (2215/3355)   Receiving objects:  67% (2248/3355)   Receiving objects:  68% (2282/3355)   Receiving objects:  69% (2315/3355)   Receiving objects:  70% (2349/3355)   Receiving objects:  71% (2383/3355)   Receiving objects:  72% (2416/3355)   Receiving objects:  73% (2450/3355)   Receiving objects:  74% (2483/3355)   Receiving objects:  75% (2517/3355)   Receiving objects:  76% (2550/3355)   Receiving objects:  77% (2584/3355)   Receiving objects:  78% (2617/3355)   Receiving objects:  79% (2651/3355)   Receiving objects:  80% (2684/3355)   Receiving objects:  81% (2718/3355)   Receiving objects:  82% (2752/3355)   Receiving objects:  83% (2785/3355)   Receiving objects:  84% (2819/3355)   Receiving objects:  85% (2852/3355)   Receiving objects:  86% (2886/3355)   Receiving objects:  87% (2919/3355)   Receiving objects:  88% (2953/3355)   Receiving objects:  89% (2986/3355)   Receiving objects:  90% (3020/3355)   Receiving objects:  91% (3054/3355)   Receiving objects:  92% (3087/3355)   Receiving objects:  93% (3121/3355)   Receiving objects:  94% (3154/3355)   Receiving objects:  95% (3188/3355)   remote: Total 3355 (delta 1244), reused 1929 (delta 598), pack-reused 0[K
Receiving objects:  96% (3221/3355)   Receiving objects:  97% (3255/3355)   Receiving objects:  98% (3288/3355)   Receiving objects:  99% (3322/3355)   Receiving objects: 100% (3355/3355)   Receiving objects: 100% (3355/3355), 8.75 MiB | 0 bytes/s, done.
Resolving deltas:   0% (0/1244)   Resolving deltas:   4% (58/1244)   Resolving deltas:   5% (64/1244)   Resolving deltas:   6% (75/1244)   Resolving deltas:   7% (90/1244)   Resolving deltas:   9% (117/1244)   Resolving deltas:  10% (132/1244)   Resolving deltas:  11% (137/1244)   Resolving deltas:  12% (151/1244)   Resolving deltas:  13% (162/1244)   Resolving deltas:  18% (235/1244)   Resolving deltas:  19% (237/1244)   Resolving deltas:  20% (249/1244)   Resolving deltas:  21% (270/1244)   Resolving deltas:  22% (277/1244)   Resolving deltas:  23% (289/1244)   Resolving deltas:  24% (308/1244)   Resolving deltas:  25% (311/1244)   Resolving deltas:  26% (324/1244)   Resolving deltas:  28% (351/1244)   Resolving deltas:  29% (361/1244)   Resolving deltas:  30% (375/1244)   Resolving deltas:  31% (396/1244)   Resolving deltas:  32% (407/1244)   Resolving deltas:  33% (411/1244)   Resolving deltas:  34% (431/1244)   Resolving deltas:  35% (440/1244)   Resolving deltas:  36% (449/1244)   Resolving deltas:  37% (462/1244)   Resolving deltas:  38% (473/1244)   Resolving deltas:  39% (495/1244)   Resolving deltas:  40% (499/1244)   Resolving deltas:  41% (514/1244)   Resolving deltas:  42% (527/1244)   Resolving deltas:  43% (538/1244)   Resolving deltas:  44% (548/1244)   Resolving deltas:  45% (562/1244)   Resolving deltas:  46% (573/1244)   Resolving deltas:  47% (585/1244)   Resolving deltas:  48% (599/1244)   Resolving deltas:  49% (613/1244)   Resolving deltas:  50% (626/1244)   Resolving deltas:  51% (644/1244)   Resolving deltas:  52% (647/1244)   Resolving deltas:  53% (660/1244)   Resolving deltas:  54% (680/1244)   Resolving deltas:  55% (687/1244)   Resolving deltas:  56% (697/1244)   Resolving deltas:  57% (714/1244)   Resolving deltas:  58% (725/1244)   Resolving deltas:  59% (735/1244)   Resolving deltas:  60% (748/1244)   Resolving deltas:  61% (759/1244)   Resolving deltas:  62% (775/1244)   Resolving deltas:  63% (785/1244)   Resolving deltas:  64% (798/1244)   Resolving deltas:  65% (811/1244)   Resolving deltas:  66% (822/1244)   Resolving deltas:  67% (839/1244)   Resolving deltas:  68% (846/1244)   Resolving deltas:  69% (864/1244)   Resolving deltas:  70% (873/1244)   Resolving deltas:  71% (888/1244)   Resolving deltas:  72% (896/1244)   Resolving deltas:  73% (910/1244)   Resolving deltas:  74% (926/1244)   Resolving deltas:  75% (938/1244)   Resolving deltas:  76% (949/1244)   Resolving deltas:  77% (959/1244)   Resolving deltas:  78% (971/1244)   Resolving deltas:  79% (987/1244)   Resolving deltas:  80% (1001/1244)   Resolving deltas:  81% (1008/1244)   Resolving deltas:  82% (1023/1244)   Resolving deltas:  83% (1034/1244)   Resolving deltas:  84% (1046/1244)   Resolving deltas:  85% (1061/1244)   Resolving deltas:  86% (1070/1244)   Resolving deltas:  87% (1084/1244)   Resolving deltas:  88% (1096/1244)   Resolving deltas:  89% (1111/1244)   Resolving deltas:  90% (1132/1244)   Resolving deltas:  91% (1133/1244)   Resolving deltas:  92% (1146/1244)   Resolving deltas:  93% (1157/1244)   Resolving deltas:  94% (1170/1244)   Resolving deltas:  95% (1189/1244)   Resolving deltas:  96% (1195/1244)   Resolving deltas:  97% (1208/1244)   Resolving deltas:  98% (1220/1244)   Resolving deltas:  99% (1232/1244)   Resolving deltas: 100% (1244/1244)   Resolving deltas: 100% (1244/1244), done.
Checking connectivity... done.

travis_time:end:033d85be:start=1469974605136497736,finish=1469974606805468001,duration=1668970265[0K$ cd apache/storm
$ git checkout -qf 426c790f334135f09739cf673d848784ac27f7b2
travis_fold:end:git.checkout[0K
[33;1mThis job is running on container-based infrastructure, which does not allow use of 'sudo', setuid and setguid executables.[0m
[33;1mIf you require sudo, add 'sudo: required' to your .travis.yml[0m
[33;1mSee https://docs.travis-ci.com/user/workers/container-based-infrastructure/ for details.[0m

[33;1mSetting environment variables from .travis.yml[0m
$ export MODULES=storm-core

$ jdk_switcher use oraclejdk8
Switching to Oracle JDK8 (java-8-oracle), JAVA_HOME will be set to /usr/lib/jvm/java-8-oracle
travis_fold:start:cache.1[0KSetting up build cache
$ export CASHER_DIR=$HOME/.casher
travis_time:start:20c996d4[0K$ Installing caching utilities

travis_time:end:20c996d4:start=1469974609433908394,finish=1469974609491996177,duration=58087783[0Ktravis_time:start:0986dd15[0K
travis_time:end:0986dd15:start=1469974609497196939,finish=1469974609501172119,duration=3975180[0Ktravis_time:start:0da017b3[0K[32;1mattempting to download cache archive[0m
[32;1mfetching 1.0.x-branch/cache-linux-precise-4722ea394922d42b2b7eb84cff6efc764d76759821ac6f6efc13232aa923f595--jdk-oraclejdk8.tgz[0m
[32;1mfound cache[0m

travis_time:end:0da017b3:start=1469974609505561560,finish=1469974622300347260,duration=12794785700[0Ktravis_time:start:19441e95[0K
travis_time:end:19441e95:start=1469974622307644699,finish=1469974622313743339,duration=6098640[0Ktravis_time:start:0aa9ed4c[0K[32;1madding /home/travis/.m2/repository to cache[0m
[32;1madding /home/travis/.rvm to cache[0m
[32;1madding /home/travis/.nvm to cache[0m

travis_time:end:0aa9ed4c:start=1469974622317769669,finish=1469974639559059543,duration=17241289874[0Ktravis_fold:end:cache.1[0K$ java -Xmx32m -version
java version "1.8.0_31"
Java(TM) SE Runtime Environment (build 1.8.0_31-b13)
Java HotSpot(TM) 64-Bit Server VM (build 25.31-b07, mixed mode)
$ javac -J-Xmx32m -version
javac 1.8.0_31
travis_fold:start:before_install.1[0Ktravis_time:start:078f7d0c[0K$ rvm use 2.1.5 --install
[32mUsing /home/travis/.rvm/gems/ruby-2.1.5[0m

travis_time:end:078f7d0c:start=1469974640087583961,finish=1469974640377063096,duration=289479135[0Ktravis_fold:end:before_install.1[0Ktravis_fold:start:before_install.2[0Ktravis_time:start:1741e6f0[0K$ nvm install 0.12.2
v0.12.2 is already installed.
Now using node v0.12.2

travis_time:end:1741e6f0:start=1469974640381751125,finish=1469974640656708988,duration=274957863[0Ktravis_fold:end:before_install.2[0Ktravis_fold:start:before_install.3[0Ktravis_time:start:060ea16c[0K$ nvm use 0.12.2
Now using node v0.12.2

travis_time:end:060ea16c:start=1469974640661824475,finish=1469974640735270953,duration=73446478[0Ktravis_fold:end:before_install.3[0Ktravis_fold:start:install[0Ktravis_time:start:11458f42[0K$ /bin/bash ./dev-tools/travis/travis-install.sh `pwd`
Python version :   Python 2.7.3
Java HotSpot(TM) 64-Bit Server VM warning: ignoring option MaxPermSize=192m; support was removed in 8.0
Maven version  :   Apache Maven 3.2.5 (12a6b3acb947671f09b81f49094c53f426d8cea1; 2014-12-14T17:29:23+00:00) Maven home: /usr/local/maven Java version: 1.8.0_31, vendor: Oracle Corporation Java home: /usr/lib/jvm/java-8-oracle/jre Default locale: en_US, platform encoding: UTF-8 OS name: "linux", version: "3.13.0-40-generic", arch: "amd64", family: "unix"
['mvn', 'clean', 'install', '-DskipTests', '-Pnative', '--batch-mode'] writing to install.txt
2 seconds 2 log lines13 seconds 83 log lines24 seconds 223 log lines35 seconds 289 log lines76 seconds 307 log lines100 seconds 315 log lines112 seconds 375 log lines123 seconds 539 log lines139 seconds 621 log lines151 seconds 763 log lines164 seconds 831 log lines176 seconds 849 log lines187 seconds 888 log lines197 seconds 952 log lines209 seconds 1215 log lines226 seconds 1425 log lines236 seconds 1613 log lines246 seconds 1885 log lines256 seconds 2115 log lines270 seconds 2259 log lines277 seconds 2443 log lines
['mvn', 'clean', 'install', '-DskipTests', '-Pnative', '--batch-mode'] done 0

travis_time:end:11458f42:start=1469974640741749217,finish=1469974922259226691,duration=281517477474[0Ktravis_fold:end:install[0Ktravis_time:start:09f0013c[0K$ /bin/bash ./dev-tools/travis/travis-script.sh `pwd` $MODULES
Python version :   Python 2.7.3
Ruby version   :   ruby 2.1.5p273 (2014-11-13 revision 48405) [x86_64-linux]
NodeJs version :   v0.12.2
Java HotSpot(TM) 64-Bit Server VM warning: ignoring option MaxPermSize=192m; support was removed in 8.0
Maven version  :   Apache Maven 3.2.5 (12a6b3acb947671f09b81f49094c53f426d8cea1; 2014-12-14T17:29:23+00:00) Maven home: /usr/local/maven Java version: 1.8.0_31, vendor: Oracle Corporation Java home: /usr/lib/jvm/java-8-oracle/jre Default locale: en_US, platform encoding: UTF-8 OS name: "linux", version: "3.13.0-40-generic", arch: "amd64", family: "unix"
Java HotSpot(TM) 64-Bit Server VM warning: ignoring option MaxPermSize=192m; support was removed in 8.0
[INFO] Scanning for projects...
[INFO]                                                                         
[INFO] ------------------------------------------------------------------------
[INFO] Building Storm Core 1.0.3-SNAPSHOT
[INFO] ------------------------------------------------------------------------
[INFO] 
[INFO] --- exec-maven-plugin:1.2.1:exec (default) @ storm-core ---
[INFO] 
[INFO] --- maven-remote-resources-plugin:1.2.1:process (default) @ storm-core ---
[INFO] 
[INFO] --- storm-maven-plugins:1.0.3-SNAPSHOT:version-info (version-info) @ storm-core ---
[WARNING] [svn, info] failed with error code 1
[INFO] SCM: GIT
[INFO] Computed MD5: 888a3d9eba4015ea7638d5dae542562
[INFO] 
[INFO] --- maven-resources-plugin:2.5:resources (default-resources) @ storm-core ---
[debug] execute contextualize
[INFO] Using 'UTF-8' encoding to copy filtered resources.
[INFO] Copying 8 resources
[INFO] Copying 1 resource to META-INF
[INFO] Copying 0 resource
[INFO] Copying 1 resource
[INFO] Copying 3 resources
[INFO] 
[INFO] --- maven-compiler-plugin:3.1:compile (default-compile) @ storm-core ---
[INFO] Nothing to compile - all classes are up to date
[INFO] 
[INFO] --- clojure-maven-plugin:1.7.1:compile (compile-clojure) @ storm-core ---
Compiling org.apache.storm.command.deactivate to /home/travis/build/apache/storm/storm-core/target/classes
Compiling org.apache.storm.trident.testing to /home/travis/build/apache/storm/storm-core/target/classes
Compiling org.apache.storm.command.blobstore to /home/travis/build/apache/storm/storm-core/target/classes
Compiling org.apache.storm.stats to /home/travis/build/apache/storm/storm-core/target/classes
Compiling org.apache.storm.command.set-log-level to /home/travis/build/apache/storm/storm-core/target/classes
Compiling org.apache.storm.daemon.drpc to /home/travis/build/apache/storm/storm-core/target/classes
Compiling org.apache.storm.command.dev-zookeeper to /home/travis/build/apache/storm/storm-core/target/classes
Compiling org.apache.storm.local-state to /home/travis/build/apache/storm/storm-core/target/classes
Compiling org.apache.storm.cluster to /home/travis/build/apache/storm/storm-core/target/classes
Compiling org.apache.storm.testing to /home/travis/build/apache/storm/storm-core/target/classes
Compiling org.apache.storm.command.heartbeats to /home/travis/build/apache/storm/storm-core/target/classes
WARNING: reverse already refers to: #'clojure.core/reverse in namespace: org.apache.storm.command.heartbeats, being replaced by: #'clojure.string/reverse
WARNING: replace already refers to: #'clojure.core/replace in namespace: org.apache.storm.command.heartbeats, being replaced by: #'clojure.string/replace
Compiling org.apache.storm.daemon.builtin-metrics to /home/travis/build/apache/storm/storm-core/target/classes
Compiling org.apache.storm.process-simulator to /home/travis/build/apache/storm/storm-core/target/classes
Compiling org.apache.storm.daemon.acker to /home/travis/build/apache/storm/storm-core/target/classes
Compiling org.apache.storm.log to /home/travis/build/apache/storm/storm-core/target/classes
Compiling org.apache.storm.daemon.common to /home/travis/build/apache/storm/storm-core/target/classes
Compiling org.apache.storm.command.healthcheck to /home/travis/build/apache/storm/storm-core/target/classes
Compiling org.apache.storm.scheduler.EvenScheduler to /home/travis/build/apache/storm/storm-core/target/classes
Compiling org.apache.storm.command.kill-workers to /home/travis/build/apache/storm/storm-core/target/classes
Compiling org.apache.storm.scheduler.IsolationScheduler to /home/travis/build/apache/storm/storm-core/target/classes
Compiling org.apache.storm.command.monitor to /home/travis/build/apache/storm/storm-core/target/classes
Compiling org.apache.storm.timer to /home/travis/build/apache/storm/storm-core/target/classes
Compiling org.apache.storm.config to /home/travis/build/apache/storm/storm-core/target/classes
Compiling org.apache.storm.LocalCluster to /home/travis/build/apache/storm/storm-core/target/classes
Compiling org.apache.storm.thrift to /home/travis/build/apache/storm/storm-core/target/classes
Compiling org.apache.storm.daemon.logviewer to /home/travis/build/apache/storm/storm-core/target/classes
Compiling org.apache.storm.blobstore to /home/travis/build/apache/storm/storm-core/target/classes
Compiling org.apache.storm.zookeeper to /home/travis/build/apache/storm/storm-core/target/classes
Compiling org.apache.storm.clojure to /home/travis/build/apache/storm/storm-core/target/classes
Compiling org.apache.storm.command.rebalance to /home/travis/build/apache/storm/storm-core/target/classes
Compiling org.apache.storm.command.kill-topology to /home/travis/build/apache/storm/storm-core/target/classes
Compiling org.apache.storm.LocalDRPC to /home/travis/build/apache/storm/storm-core/target/classes
Compiling org.apache.storm.messaging.local to /home/travis/build/apache/storm/storm-core/target/classes
Compiling org.apache.storm.daemon.executor to /home/travis/build/apache/storm/storm-core/target/classes
Compiling org.apache.storm.event to /home/travis/build/apache/storm/storm-core/target/classes
Compiling org.apache.storm.daemon.supervisor to /home/travis/build/apache/storm/storm-core/target/classes
Compiling org.apache.storm.command.activate to /home/travis/build/apache/storm/storm-core/target/classes
Compiling org.apache.storm.command.shell-submission to /home/travis/build/apache/storm/storm-core/target/classes
Compiling org.apache.storm.MockAutoCred to /home/travis/build/apache/storm/storm-core/target/classes
Compiling org.apache.storm.command.get-errors to /home/travis/build/apache/storm/storm-core/target/classes
Compiling org.apache.storm.pacemaker.pacemaker to /home/travis/build/apache/storm/storm-core/target/classes
Compiling org.apache.storm.testing4j to /home/travis/build/apache/storm/storm-core/target/classes
Compiling org.apache.storm.metric.testing to /home/travis/build/apache/storm/storm-core/target/classes
Compiling org.apache.storm.ui.core to /home/travis/build/apache/storm/storm-core/target/classes
Compiling org.apache.storm.command.upload-credentials to /home/travis/build/apache/storm/storm-core/target/classes
Compiling org.apache.storm.ui.helpers to /home/travis/build/apache/storm/storm-core/target/classes
Compiling org.apache.storm.scheduler.DefaultScheduler to /home/travis/build/apache/storm/storm-core/target/classes
Compiling org.apache.storm.command.list to /home/travis/build/apache/storm/storm-core/target/classes
Compiling org.apache.storm.pacemaker.pacemaker-state-factory to /home/travis/build/apache/storm/storm-core/target/classes
Compiling org.apache.storm.disruptor to /home/travis/build/apache/storm/storm-core/target/classes
Compiling org.apache.storm.util to /home/travis/build/apache/storm/storm-core/target/classes
Compiling org.apache.storm.daemon.task to /home/travis/build/apache/storm/storm-core/target/classes
Compiling org.apache.storm.command.config-value to /home/travis/build/apache/storm/storm-core/target/classes
Compiling org.apache.storm.converter to /home/travis/build/apache/storm/storm-core/target/classes
Compiling org.apache.storm.daemon.nimbus to /home/travis/build/apache/storm/storm-core/target/classes
Compiling org.apache.storm.cluster-state.zookeeper-state-factory to /home/travis/build/apache/storm/storm-core/target/classes
Compiling org.apache.storm.messaging.loader to /home/travis/build/apache/storm/storm-core/target/classes
Compiling org.apache.storm.daemon.worker to /home/travis/build/apache/storm/storm-core/target/classes
[INFO] 
[INFO] --- make-maven-plugin:1.0-beta-1:autoreconf (compile) @ storm-core ---
[INFO] 
[INFO] --- make-maven-plugin:1.0-beta-1:configure (compile) @ storm-core ---
[INFO] /bin/sh: 14: /home/travis/.jdk_switcher_rc: [[: not found
[INFO] /bin/sh: 22: /home/travis/.jdk_switcher_rc: [[: not found
[INFO] /bin/sh: 32: /home/travis/.jdk_switcher_rc: [[: not found
[INFO] /bin/sh: 42: /home/travis/.jdk_switcher_rc: [[: not found
[INFO] /bin/sh: 3: /etc/profile.d/rvm.sh: [[: not found
[INFO] checking for gcc... gcc
[INFO] checking whether the C compiler works... yes
[INFO] checking for C compiler default output file name... a.out
[INFO] checking for suffix of executables... 
[INFO] checking whether we are cross compiling... no
[INFO] checking for suffix of object files... o
[INFO] checking whether we are using the GNU C compiler... yes
[INFO] checking whether gcc accepts -g... yes
[INFO] checking for gcc option to accept ISO C89... none needed
[INFO] checking how to run the C preprocessor... gcc -E
[INFO] checking for grep that handles long lines and -e... /bin/grep
[INFO] checking for egrep... /bin/grep -E
[INFO] checking for ANSI C header files... yes
[INFO] checking for sys/types.h... yes
[INFO] checking for sys/stat.h... yes
[INFO] checking for stdlib.h... yes
[INFO] checking for string.h... yes
[INFO] checking for memory.h... yes
[INFO] checking for strings.h... yes
[INFO] checking for inttypes.h... yes
[INFO] checking for stdint.h... yes
[INFO] checking for unistd.h... yes
[INFO] checking minix/config.h usability... no
[INFO] checking minix/config.h presence... no
[INFO] checking for minix/config.h... no
[INFO] checking whether it is safe to define __EXTENSIONS__... yes
[INFO] checking for a BSD-compatible install... /usr/bin/install -c
[INFO] checking whether build environment is sane... yes
[INFO] checking for a thread-safe mkdir -p... /bin/mkdir -p
[INFO] checking for gawk... gawk
[INFO] checking whether make sets $(MAKE)... yes
[INFO] checking for style of include used by make... GNU
[INFO] checking dependency style of gcc... gcc3
[INFO] checking for gcc... (cached) gcc
[INFO] checking whether we are using the GNU C compiler... (cached) yes
[INFO] checking whether gcc accepts -g... (cached) yes
[INFO] checking for gcc option to accept ISO C89... (cached) none needed
[INFO] checking whether gcc and cc understand -c and -o together... yes
[INFO] checking for unistd.h... (cached) yes
[INFO] checking for stdbool.h that conforms to C99... yes
[INFO] checking for _Bool... yes
[INFO] checking for an ANSI C-conforming const... yes
[INFO] checking for off_t... yes
[INFO] checking for size_t... yes
[INFO] checking whether strerror_r is declared... yes
[INFO] checking for strerror_r... yes
[INFO] checking whether strerror_r returns char *... yes
[INFO] checking for mkdir... yes
[INFO] checking for uname... yes
[INFO] configure: creating ./config.status
[INFO] config.status: creating Makefile
[INFO] config.status: executing depfiles commands
[INFO] 
[INFO] --- make-maven-plugin:1.0-beta-1:make-install (compile) @ storm-core ---
[INFO] /bin/sh: 14: /home/travis/.jdk_switcher_rc: [[: not found
[INFO] /bin/sh: 22: /home/travis/.jdk_switcher_rc: [[: not found
[INFO] /bin/sh: 32: /home/travis/.jdk_switcher_rc: [[: not found
[INFO] /bin/sh: 42: /home/travis/.jdk_switcher_rc: [[: not found
[INFO] /bin/sh: 3: /etc/profile.d/rvm.sh: [[: not found
[INFO] make[1]: Entering directory `/home/travis/build/apache/storm/storm-core/target/native/worker-launcher'
[INFO] test -z "/usr/local/bin" || /bin/mkdir -p "/home/travis/build/apache/storm/storm-core/target/native/target/usr/local/bin"
[INFO]   /usr/bin/install -c worker-launcher '/home/travis/build/apache/storm/storm-core/target/native/target/usr/local/bin'
[INFO] make[1]: Nothing to be done for `install-data-am'.
[INFO] make[1]: Leaving directory `/home/travis/build/apache/storm/storm-core/target/native/worker-launcher'
[INFO] 
[INFO] --- maven-resources-plugin:2.5:testResources (default-testResources) @ storm-core ---
[debug] execute contextualize
[INFO] Using 'UTF-8' encoding to copy filtered resources.
[INFO] Copying 14 resources
[INFO] Copying 2 resources
[INFO] Copying 3 resources
[INFO] 
[INFO] --- maven-dependency-plugin:2.8:unpack (unpack) @ storm-core ---
[INFO] Configured Artifact: org.apache.storm:multilang-ruby:1.0.3-SNAPSHOT:jar
[INFO] Downloading: https://repository.apache.org/snapshots/org/apache/storm/multilang-ruby/1.0.3-SNAPSHOT/maven-metadata.xml
[INFO] Configured Artifact: org.apache.storm:multilang-python:1.0.3-SNAPSHOT:jar
[INFO] Downloading: https://repository.apache.org/snapshots/org/apache/storm/multilang-python/1.0.3-SNAPSHOT/maven-metadata.xml
[INFO] Configured Artifact: org.apache.storm:multilang-javascript:1.0.3-SNAPSHOT:jar
[INFO] Downloading: https://repository.apache.org/snapshots/org/apache/storm/multilang-javascript/1.0.3-SNAPSHOT/maven-metadata.xml
[INFO] multilang-ruby-1.0.3-SNAPSHOT.jar already unpacked.
[INFO] multilang-python-1.0.3-SNAPSHOT.jar already unpacked.
[INFO] multilang-javascript-1.0.3-SNAPSHOT.jar already unpacked.
[INFO] 
[INFO] --- maven-compiler-plugin:3.1:testCompile (default-testCompile) @ storm-core ---
[INFO] Nothing to compile - all classes are up to date
[INFO] 
[INFO] --- maven-surefire-plugin:2.18.1:test (default-test) @ storm-core ---
[INFO] Surefire report directory: /home/travis/build/apache/storm/storm-core/target/surefire-reports
[INFO] parallel='none', perCoreThreadCount=true, threadCount=0, useUnlimitedThreads=false, threadCountSuites=0, threadCountClasses=0, threadCountMethods=0, parallelOptimized=true

-------------------------------------------------------
 T E S T S
-------------------------------------------------------
Running org.apache.storm.utils.ShellBoltMessageQueueTest
Tests run: 3, Failures: 0, Errors: 0, Skipped: 0, Time elapsed: 2.026 sec - in org.apache.storm.utils.ShellBoltMessageQueueTest
Running org.apache.storm.utils.WorkerBackpressureThreadTest
Tests run: 1, Failures: 0, Errors: 0, Skipped: 0, Time elapsed: 0.197 sec - in org.apache.storm.utils.WorkerBackpressureThreadTest
Running org.apache.storm.utils.DisruptorQueueTest
Tests run: 3, Failures: 0, Errors: 0, Skipped: 0, Time elapsed: 3.196 sec - in org.apache.storm.utils.DisruptorQueueTest
Running org.apache.storm.utils.StormBoundedExponentialBackoffRetryTest
Tests run: 5, Failures: 0, Errors: 0, Skipped: 0, Time elapsed: 0.186 sec - in org.apache.storm.utils.StormBoundedExponentialBackoffRetryTest
Running org.apache.storm.utils.DisruptorQueueBackpressureTest
Tests run: 1, Failures: 0, Errors: 0, Skipped: 0, Time elapsed: 0.002 sec - in org.apache.storm.utils.DisruptorQueueBackpressureTest
Running org.apache.storm.utils.ThriftTopologyUtilsTest
Tests run: 5, Failures: 0, Errors: 0, Skipped: 0, Time elapsed: 0.233 sec - in org.apache.storm.utils.ThriftTopologyUtilsTest
Running org.apache.storm.spout.CheckpointSpoutTest
Tests run: 7, Failures: 0, Errors: 0, Skipped: 0, Time elapsed: 0.286 sec - in org.apache.storm.spout.CheckpointSpoutTest
Running org.apache.storm.TestConfigValidate
Tests run: 24, Failures: 0, Errors: 0, Skipped: 0, Time elapsed: 0.534 sec - in org.apache.storm.TestConfigValidate
Running org.apache.storm.serialization.GzipBridgeThriftSerializationDelegateTest
Tests run: 3, Failures: 0, Errors: 0, Skipped: 0, Time elapsed: 0.024 sec - in org.apache.storm.serialization.GzipBridgeThriftSerializationDelegateTest
Running org.apache.storm.serialization.ThriftBridgeSerializationDelegateTest
Tests run: 1, Failures: 0, Errors: 0, Skipped: 0, Time elapsed: 0.005 sec - in org.apache.storm.serialization.ThriftBridgeSerializationDelegateTest
Running org.apache.storm.serialization.GzipBridgeSerializationDelegateTest
Tests run: 3, Failures: 0, Errors: 0, Skipped: 0, Time elapsed: 0.024 sec - in org.apache.storm.serialization.GzipBridgeSerializationDelegateTest
Running org.apache.storm.blobstore.ClientBlobStoreTest
Tests run: 4, Failures: 0, Errors: 0, Skipped: 0, Time elapsed: 0.026 sec - in org.apache.storm.blobstore.ClientBlobStoreTest
Running org.apache.storm.blobstore.BlobStoreTest
Tests run: 4, Failures: 0, Errors: 0, Skipped: 0, Time elapsed: 13.272 sec - in org.apache.storm.blobstore.BlobStoreTest
Running org.apache.storm.blobstore.BlobSynchronizerTest
Tests run: 4, Failures: 0, Errors: 0, Skipped: 0, Time elapsed: 8.275 sec - in org.apache.storm.blobstore.BlobSynchronizerTest
Running org.apache.storm.trident.TridentWindowingTest
Tests run: 3, Failures: 0, Errors: 0, Skipped: 0, Time elapsed: 0.033 sec - in org.apache.storm.trident.TridentWindowingTest
Running org.apache.storm.trident.TestTridentTopology
Tests run: 1, Failures: 0, Errors: 0, Skipped: 0, Time elapsed: 109.482 sec - in org.apache.storm.trident.TestTridentTopology
Running org.apache.storm.metric.internal.LatencyStatAndMetricTest
Tests run: 1, Failures: 0, Errors: 0, Skipped: 0, Time elapsed: 0.039 sec - in org.apache.storm.metric.internal.LatencyStatAndMetricTest
Running org.apache.storm.metric.internal.CountStatAndMetricTest
Tests run: 1, Failures: 0, Errors: 0, Skipped: 0, Time elapsed: 0.029 sec - in org.apache.storm.metric.internal.CountStatAndMetricTest
Running org.apache.storm.metric.internal.RateTrackerTest
Tests run: 4, Failures: 0, Errors: 0, Skipped: 0, Time elapsed: 0.026 sec - in org.apache.storm.metric.internal.RateTrackerTest
Running org.apache.storm.windowing.WaterMarkEventGeneratorTest
Tests run: 5, Failures: 0, Errors: 0, Skipped: 0, Time elapsed: 0.364 sec - in org.apache.storm.windowing.WaterMarkEventGeneratorTest
Running org.apache.storm.windowing.WindowManagerTest
Tests run: 12, Failures: 0, Errors: 0, Skipped: 0, Time elapsed: 0.071 sec - in org.apache.storm.windowing.WindowManagerTest
Running org.apache.storm.topology.StatefulBoltExecutorTest
Tests run: 7, Failures: 0, Errors: 0, Skipped: 0, Time elapsed: 5.092 sec - in org.apache.storm.topology.StatefulBoltExecutorTest
Running org.apache.storm.topology.WindowedBoltExecutorTest
Tests run: 2, Failures: 0, Errors: 0, Skipped: 0, Time elapsed: 0.272 sec - in org.apache.storm.topology.WindowedBoltExecutorTest
Running org.apache.storm.topology.StatefulWindowedBoltExecutorTest
Tests run: 4, Failures: 0, Errors: 0, Skipped: 0, Time elapsed: 0.34 sec - in org.apache.storm.topology.StatefulWindowedBoltExecutorTest
Running org.apache.storm.topology.TopologyBuilderTest
Tests run: 5, Failures: 0, Errors: 0, Skipped: 0, Time elapsed: 1.333 sec - in org.apache.storm.topology.TopologyBuilderTest
Running org.apache.storm.localizer.LocalizerTest
Tests run: 13, Failures: 0, Errors: 0, Skipped: 0, Time elapsed: 5.704 sec - in org.apache.storm.localizer.LocalizerTest
Running org.apache.storm.localizer.LocalizedResourceRetentionSetTest
Tests run: 2, Failures: 0, Errors: 0, Skipped: 0, Time elapsed: 0.102 sec - in org.apache.storm.localizer.LocalizedResourceRetentionSetTest
Running org.apache.storm.localizer.LocalizedResourceSetTest
Tests run: 4, Failures: 0, Errors: 0, Skipped: 0, Time elapsed: 0.088 sec - in org.apache.storm.localizer.LocalizedResourceSetTest
Running org.apache.storm.scheduler.resource.TestResourceAwareScheduler
Tests run: 15, Failures: 0, Errors: 0, Skipped: 0, Time elapsed: 6.77 sec - in org.apache.storm.scheduler.resource.TestResourceAwareScheduler
Running org.apache.storm.scheduler.resource.TestUser
Tests run: 3, Failures: 0, Errors: 0, Skipped: 0, Time elapsed: 1.804 sec - in org.apache.storm.scheduler.resource.TestUser
Running org.apache.storm.grouping.PartialKeyGroupingTest
Tests run: 2, Failures: 0, Errors: 0, Skipped: 0, Time elapsed: 0.056 sec - in org.apache.storm.grouping.PartialKeyGroupingTest
Running org.apache.storm.state.InMemoryKeyValueStateTest
Tests run: 2, Failures: 0, Errors: 0, Skipped: 0, Time elapsed: 0.003 sec - in org.apache.storm.state.InMemoryKeyValueStateTest

Results :

Tests run: 154, Failures: 0, Errors: 0, Skipped: 0

[INFO] 
[INFO] --- clojure-maven-plugin:1.7.1:test (test-clojure) @ storm-core ---
Warning: protocol #'org.apache.storm.pacemaker-state-factory-test/send-capture is overwriting function send
WARNING: send already refers to: #'clojure.core/send in namespace: org.apache.storm.pacemaker-state-factory-test, being replaced by: #'org.apache.storm.pacemaker-state-factory-test/send
Running org.apache.storm.security.auth.auto-login-module-test
Tests run: 6, Passed: 22, Failures: 0, Errors: 0
Running org.apache.storm.transactional-test
Tests run: 7, Passed: 110, Failures: 0, Errors: 0
Running org.apache.storm.serialization-test
Tests run: 6, Passed: 13, Failures: 0, Errors: 0
Running org.apache.storm.utils.ZookeeperServerCnxnFactory-test
Tests run: 2, Passed: 3, Failures: 0, Errors: 0
Running org.apache.storm.versioned-store-test
Tests run: 2, Passed: 5, Failures: 0, Errors: 0
Running org.apache.storm.security.auth.drpc-auth-test
Tests run: 4, Passed: 22, Failures: 0, Errors: 0
Running org.apache.storm.pacemaker-state-factory-test
Tests run: 4, Passed: 15, Failures: 0, Errors: 0
Running org.apache.storm.supervisor-test
Tests run: 20, Passed: 70, Failures: 0, Errors: 0
Running org.apache.storm.scheduler.multitenant-scheduler-test
Tests run: 17, Passed: 235, Failures: 0, Errors: 0
Running org.apache.storm.security.auth.nimbus-auth-test
Tests run: 5, Passed: 39, Failures: 0, Errors: 0
Running org.apache.storm.security.auth.ThriftServer-test
Tests run: 2, Passed: 1, Failures: 0, Errors: 0
Running org.apache.storm.security.auth.AuthUtils-test
Tests run: 5, Passed: 6, Failures: 0, Errors: 0
Running org.apache.storm.logviewer-test
Tests run: 12, Passed: 118, Failures: 0, Errors: 0
Running org.apache.storm.worker-test
66110 [Curator-Framework-0] ERROR o.a.c.ConnectionState - Connection timed out for connection string (localhost:2000/transactional/id/user) and timeout (15000) / elapsed (18020)
org.apache.curator.CuratorConnectionLossException: KeeperErrorCode = ConnectionLoss
	at org.apache.curator.ConnectionState.checkTimeouts(ConnectionState.java:197) [curator-client-2.10.0.jar:?]
	at org.apache.curator.ConnectionState.getZooKeeper(ConnectionState.java:88) [curator-client-2.10.0.jar:?]
	at org.apache.curator.CuratorZookeeperClient.getZooKeeper(CuratorZookeeperClient.java:116) [curator-client-2.10.0.jar:?]
	at org.apache.curator.framework.imps.CuratorFrameworkImpl.performBackgroundOperation(CuratorFrameworkImpl.java:835) [curator-framework-2.10.0.jar:?]
	at org.apache.curator.framework.imps.CuratorFrameworkImpl.backgroundOperationsLoop(CuratorFrameworkImpl.java:809) [curator-framework-2.10.0.jar:?]
	at org.apache.curator.framework.imps.CuratorFrameworkImpl.access$300(CuratorFrameworkImpl.java:64) [curator-framework-2.10.0.jar:?]
	at org.apache.curator.framework.imps.CuratorFrameworkImpl$4.call(CuratorFrameworkImpl.java:267) [curator-framework-2.10.0.jar:?]
	at java.util.concurrent.FutureTask.run(FutureTask.java:266) [?:1.8.0_31]
	at java.util.concurrent.ScheduledThreadPoolExecutor$ScheduledFutureTask.access$201(ScheduledThreadPoolExecutor.java:180) [?:1.8.0_31]
	at java.util.concurrent.ScheduledThreadPoolExecutor$ScheduledFutureTask.run(ScheduledThreadPoolExecutor.java:293) [?:1.8.0_31]
	at java.util.concurrent.ThreadPoolExecutor.runWorker(ThreadPoolExecutor.java:1142) [?:1.8.0_31]
	at java.util.concurrent.ThreadPoolExecutor$Worker.run(ThreadPoolExecutor.java:617) [?:1.8.0_31]
	at java.lang.Thread.run(Thread.java:745) [?:1.8.0_31]
Tests run: 8, Passed: 35, Failures: 0, Errors: 0
Running integration.org.apache.storm.testing4j-test
70367 [Thread-180] INFO  o.a.s.util - Async loop interrupted!
Tests run: 8, Passed: 36, Failures: 0, Errors: 0
Running org.apache.storm.trident.state-test
Tests run: 5, Passed: 37, Failures: 0, Errors: 0
Running org.apache.storm.utils-test
Tests run: 6, Passed: 24, Failures: 0, Errors: 0
Running org.apache.storm.serialization.SerializationFactory-test
Tests run: 3, Passed: 3, Failures: 0, Errors: 0
Running org.apache.storm.security.auth.DefaultHttpCredentialsPlugin-test
Tests run: 2, Passed: 8, Failures: 0, Errors: 0
Running org.apache.storm.security.auth.auth-test
Tests run: 13, Passed: 94, Failures: 0, Errors: 0
Running org.apache.storm.clojure-test
Tests run: 3, Passed: 5, Failures: 0, Errors: 0
Running org.apache.storm.messaging-test
Tests run: 1, Passed: 2, Failures: 0, Errors: 0
Running org.apache.storm.drpc-test
87255 [Thread-737] INFO  o.a.s.util - Async loop interrupted!
89808 [Thread-788] INFO  o.a.s.util - Async loop interrupted!
92105 [Thread-839] INFO  o.a.s.util - Async loop interrupted!
101651 [Thread-895] INFO  o.a.s.util - Async loop interrupted!
Tests run: 7, Passed: 17, Failures: 0, Errors: 0
Running org.apache.storm.submitter-test
Tests run: 1, Passed: 13, Failures: 0, Errors: 0
Running org.apache.storm.security.auth.ReqContext-test
Tests run: 3, Passed: 4, Failures: 0, Errors: 0
Running org.apache.storm.fields-test
Tests run: 2, Passed: 22, Failures: 0, Errors: 0
Running integration.org.apache.storm.integration-test
109010 [main] INFO  o.a.s.d.nimbus - Shutting down master
109015 [Curator-Framework-0] INFO  o.a.c.f.i.CuratorFrameworkImpl - backgroundOperationsLoop exiting
109017 [Curator-Framework-0] INFO  o.a.c.f.i.CuratorFrameworkImpl - backgroundOperationsLoop exiting
109020 [Curator-Framework-0] INFO  o.a.c.f.i.CuratorFrameworkImpl - backgroundOperationsLoop exiting
109026 [main] INFO  o.a.s.zookeeper - closing zookeeper connection of leader elector.
109027 [Curator-Framework-0] INFO  o.a.c.f.i.CuratorFrameworkImpl - backgroundOperationsLoop exiting
109042 [main] INFO  o.a.s.d.nimbus - Shut down master
109042 [Curator-Framework-0] INFO  o.a.c.f.i.CuratorFrameworkImpl - backgroundOperationsLoop exiting
109064 [Curator-Framework-0] INFO  o.a.c.f.i.CuratorFrameworkImpl - backgroundOperationsLoop exiting
109081 [main] INFO  o.a.s.d.supervisor - Shutting down supervisor 66256744-10da-49e3-a476-ad92b2021461
109082 [Thread-985] INFO  o.a.s.event - Event manager interrupted
109082 [Thread-986] INFO  o.a.s.event - Event manager interrupted
109083 [Curator-Framework-0] INFO  o.a.c.f.i.CuratorFrameworkImpl - backgroundOperationsLoop exiting
109096 [main] INFO  o.a.s.d.supervisor - Shutting down supervisor ae31c640-bee4-4226-bcf9-d7a71826e3a7
109097 [Thread-987] INFO  o.a.s.event - Event manager interrupted
109097 [Thread-988] INFO  o.a.s.event - Event manager interrupted
109098 [Curator-Framework-0] INFO  o.a.c.f.i.CuratorFrameworkImpl - backgroundOperationsLoop exiting
109102 [main] INFO  o.a.s.testing - Shutting down in process zookeeper
109106 [main] INFO  o.a.s.testing - Done shutting down in process zookeeper
109106 [main] INFO  o.a.s.testing - Deleting temporary path /tmp/04414187-c56a-473b-b933-6cf4a5d32446
109107 [main] INFO  o.a.s.testing - Deleting temporary path /tmp/8126d3b1-c7df-45bd-a948-a10289d8d0ca
109108 [main] INFO  o.a.s.testing - Deleting temporary path /tmp/0ad8ecee-db22-4127-8a93-3d80e4d8285d
109109 [main] INFO  o.a.s.testing - Deleting temporary path /tmp/99392322-c8dc-45b0-8a13-485bed6119c3
Tests run: 18, Passed: 50, Failures: 1, Errors: 0
Running org.apache.storm.security.auth.authorizer.DRPCSimpleACLAuthorizer-test
Tests run: 7, Passed: 37, Failures: 0, Errors: 0
Running org.apache.storm.pacemaker-test
Tests run: 8, Passed: 58, Failures: 0, Errors: 0
Running org.apache.storm.metrics-test
Tests run: 8, Passed: 66, Failures: 0, Errors: 0
Running org.apache.storm.security.auth.ThriftClient-test
Tests run: 2, Passed: 4, Failures: 0, Errors: 0
Running org.apache.storm.scheduler-test
Tests run: 4, Passed: 64, Failures: 0, Errors: 0
Running org.apache.storm.scheduler.resource-aware-scheduler-test
Tests run: 8, Passed: 91, Failures: 0, Errors: 0
Running org.apache.storm.security.auth.SaslTransportPlugin-test
Tests run: 2, Passed: 8, Failures: 0, Errors: 0
Running org.apache.storm.local-state-test
Tests run: 2, Passed: 10, Failures: 0, Errors: 0
Running org.apache.storm.messaging.netty-unit-test
Tests run: 5, Passed: 24, Failures: 0, Errors: 0
Running org.apache.storm.tuple-test
Tests run: 4, Passed: 13, Failures: 0, Errors: 0
Running org.apache.storm.messaging.netty-integration-test
Tests run: 1, Passed: 1, Failures: 0, Errors: 0
Running org.apache.storm.tick-tuple-test
Tests run: 1, Passed: 1, Failures: 0, Errors: 0
Running integration.org.apache.storm.trident.integration-test
Tests run: 9, Passed: 141, Failures: 0, Errors: 0
Running org.apache.storm.grouping-test
Tests run: 5, Passed: 15, Failures: 0, Errors: 0
Running org.apache.storm.security.serialization.BlowfishTupleSerializer-test
Tests run: 3, Passed: 3, Failures: 0, Errors: 0
Running org.apache.storm.nimbus-test
Tests run: 42, Passed: 794, Failures: 0, Errors: 0
Running org.apache.storm.subtopology-test
Tests run: 0, Passed: 0, Failures: 0, Errors: 0
Running org.apache.storm.cluster-test
Tests run: 10, Passed: 98, Failures: 0, Errors: 0
Running org.apache.storm.trident.tuple-test
Tests run: 6, Passed: 36, Failures: 0, Errors: 0
[INFO] ------------------------------------------------------------------------
[INFO] BUILD FAILURE
[INFO] ------------------------------------------------------------------------
[INFO] Total time: 07:19 min
[INFO] Finished at: 2016-07-31T14:29:24+00:00
[INFO] Final Memory: 34M/330M
[INFO] ------------------------------------------------------------------------
[ERROR] Failed to execute goal com.theoryinpractise:clojure-maven-plugin:1.7.1:test (test-clojure) on project storm-core: Clojure failed. -> [Help 1]
[ERROR] 
[ERROR] To see the full stack trace of the errors, re-run Maven with the -e switch.
[ERROR] Re-run Maven using the -X switch to enable full debug logging.
[ERROR] 
[ERROR] For more information about the errors and possible solutions, please read the following articles:
[ERROR] [Help 1] http://cwiki.apache.org/confluence/display/MAVEN/MojoExecutionException
Looking for errors in ./storm-core/target/surefire-reports
Checking ./storm-core/target/surefire-reports/TEST-org.apache.storm.utils.ShellBoltMessageQueueTest.xml
Checking ./storm-core/target/surefire-reports/TEST-org.apache.storm.utils.WorkerBackpressureThreadTest.xml
Checking ./storm-core/target/surefire-reports/TEST-org.apache.storm.utils.DisruptorQueueTest.xml
Checking ./storm-core/target/surefire-reports/TEST-org.apache.storm.utils.StormBoundedExponentialBackoffRetryTest.xml
Checking ./storm-core/target/surefire-reports/TEST-org.apache.storm.utils.DisruptorQueueBackpressureTest.xml
Checking ./storm-core/target/surefire-reports/TEST-org.apache.storm.utils.ThriftTopologyUtilsTest.xml
Checking ./storm-core/target/surefire-reports/TEST-org.apache.storm.spout.CheckpointSpoutTest.xml
Checking ./storm-core/target/surefire-reports/TEST-org.apache.storm.TestConfigValidate.xml
Checking ./storm-core/target/surefire-reports/TEST-org.apache.storm.serialization.GzipBridgeThriftSerializationDelegateTest.xml
Checking ./storm-core/target/surefire-reports/TEST-org.apache.storm.serialization.ThriftBridgeSerializationDelegateTest.xml
Checking ./storm-core/target/surefire-reports/TEST-org.apache.storm.serialization.GzipBridgeSerializationDelegateTest.xml
Checking ./storm-core/target/surefire-reports/TEST-org.apache.storm.blobstore.ClientBlobStoreTest.xml
Checking ./storm-core/target/surefire-reports/TEST-org.apache.storm.blobstore.BlobStoreTest.xml
Checking ./storm-core/target/surefire-reports/TEST-org.apache.storm.blobstore.BlobSynchronizerTest.xml
Checking ./storm-core/target/surefire-reports/TEST-org.apache.storm.trident.TridentWindowingTest.xml
Checking ./storm-core/target/surefire-reports/TEST-org.apache.storm.trident.TestTridentTopology.xml
Checking ./storm-core/target/surefire-reports/TEST-org.apache.storm.metric.internal.LatencyStatAndMetricTest.xml
Checking ./storm-core/target/surefire-reports/TEST-org.apache.storm.metric.internal.CountStatAndMetricTest.xml
Checking ./storm-core/target/surefire-reports/TEST-org.apache.storm.metric.internal.RateTrackerTest.xml
Checking ./storm-core/target/surefire-reports/TEST-org.apache.storm.windowing.WaterMarkEventGeneratorTest.xml
Checking ./storm-core/target/surefire-reports/TEST-org.apache.storm.windowing.WindowManagerTest.xml
Checking ./storm-core/target/surefire-reports/TEST-org.apache.storm.topology.StatefulBoltExecutorTest.xml
Checking ./storm-core/target/surefire-reports/TEST-org.apache.storm.topology.WindowedBoltExecutorTest.xml
Checking ./storm-core/target/surefire-reports/TEST-org.apache.storm.topology.StatefulWindowedBoltExecutorTest.xml
Checking ./storm-core/target/surefire-reports/TEST-org.apache.storm.topology.TopologyBuilderTest.xml
Checking ./storm-core/target/surefire-reports/TEST-org.apache.storm.localizer.LocalizerTest.xml
Checking ./storm-core/target/surefire-reports/TEST-org.apache.storm.localizer.LocalizedResourceRetentionSetTest.xml
Checking ./storm-core/target/surefire-reports/TEST-org.apache.storm.localizer.LocalizedResourceSetTest.xml
Checking ./storm-core/target/surefire-reports/TEST-org.apache.storm.scheduler.resource.TestResourceAwareScheduler.xml
Checking ./storm-core/target/surefire-reports/TEST-org.apache.storm.scheduler.resource.TestUser.xml
Checking ./storm-core/target/surefire-reports/TEST-org.apache.storm.grouping.PartialKeyGroupingTest.xml
Checking ./storm-core/target/surefire-reports/TEST-org.apache.storm.state.InMemoryKeyValueStateTest.xml
Looking for errors in ./storm-core/target/test-reports
Checking ./storm-core/target/test-reports/org.apache.storm.security.auth.auto-login-module-test.xml
Checking ./storm-core/target/test-reports/org.apache.storm.transactional-test.xml
Checking ./storm-core/target/test-reports/org.apache.storm.serialization-test.xml
Checking ./storm-core/target/test-reports/org.apache.storm.utils.ZookeeperServerCnxnFactory-test.xml
Checking ./storm-core/target/test-reports/org.apache.storm.versioned-store-test.xml
Checking ./storm-core/target/test-reports/org.apache.storm.security.auth.drpc-auth-test.xml
Checking ./storm-core/target/test-reports/org.apache.storm.pacemaker-state-factory-test.xml
Checking ./storm-core/target/test-reports/org.apache.storm.supervisor-test.xml
Checking ./storm-core/target/test-reports/org.apache.storm.scheduler.multitenant-scheduler-test.xml
Checking ./storm-core/target/test-reports/org.apache.storm.security.auth.nimbus-auth-test.xml
Checking ./storm-core/target/test-reports/org.apache.storm.security.auth.ThriftServer-test.xml
Checking ./storm-core/target/test-reports/org.apache.storm.security.auth.AuthUtils-test.xml
Checking ./storm-core/target/test-reports/org.apache.storm.logviewer-test.xml
Checking ./storm-core/target/test-reports/org.apache.storm.worker-test.xml
Checking ./storm-core/target/test-reports/integration.org.apache.storm.testing4j-test.xml
Checking ./storm-core/target/test-reports/org.apache.storm.trident.state-test.xml
Checking ./storm-core/target/test-reports/org.apache.storm.utils-test.xml
Checking ./storm-core/target/test-reports/org.apache.storm.serialization.SerializationFactory-test.xml
Checking ./storm-core/target/test-reports/org.apache.storm.security.auth.DefaultHttpCredentialsPlugin-test.xml
Checking ./storm-core/target/test-reports/org.apache.storm.security.auth.auth-test.xml
Checking ./storm-core/target/test-reports/org.apache.storm.clojure-test.xml
Checking ./storm-core/target/test-reports/org.apache.storm.messaging-test.xml
Checking ./storm-core/target/test-reports/org.apache.storm.drpc-test.xml
Checking ./storm-core/target/test-reports/org.apache.storm.submitter-test.xml
Checking ./storm-core/target/test-reports/org.apache.storm.security.auth.ReqContext-test.xml
Checking ./storm-core/target/test-reports/org.apache.storm.fields-test.xml
Checking ./storm-core/target/test-reports/integration.org.apache.storm.integration-test.xml
--------------------------------------------------
classname: integration.org.apache.storm.integration-test / testname: test-system-stream
expected: (ms= [["a"] ["b"] ["c"] ["startup"] ["startup"] ["startup"]] (read-tuples results "2"))
  actual: (not (ms= [["a"] ["b"] ["c"] ["startup"] ["startup"] ["startup"]] (["startup"] ["c"] ["a"] ["b"])))
      at: test_runner.clj:105
-------------------- system-out --------------------

107766 [main] INFO  o.a.s.zookeeper - Starting inprocess zookeeper at port 2002 and dir /tmp/8126d3b1-c7df-45bd-a948-a10289d8d0ca
107784 [main] INFO  o.a.s.d.nimbus - Starting Nimbus with conf {"topology.builtin.metrics.bucket.size.secs" 60, "nimbus.childopts" "-Xmx1024m", "ui.filter.params" nil, "storm.cluster.mode" "local", "storm.messaging.netty.client_worker_threads" 1, "logviewer.max.per.worker.logs.size.mb" 2048, "supervisor.run.worker.as.user" false, "topology.max.task.parallelism" nil, "topology.priority" 29, "zmq.threads" 1, "storm.group.mapping.service" "org.apache.storm.security.auth.ShellBasedGroupsMapping", "transactional.zookeeper.root" "/transactional", "topology.sleep.spout.wait.strategy.time.ms" 1, "scheduler.display.resource" false, "topology.max.replication.wait.time.sec" 60, "drpc.invocations.port" 3773, "supervisor.localizer.cache.target.size.mb" 10240, "topology.multilang.serializer" "org.apache.storm.multilang.JsonSerializer", "storm.messaging.netty.server_worker_threads" 1, "nimbus.blobstore.class" "org.apache.storm.blobstore.LocalFsBlobStore", "resource.aware.scheduler.eviction.strategy" "org.apache.storm.scheduler.resource.strategies.eviction.DefaultEvictionStrategy", "topology.max.error.report.per.interval" 5, "storm.thrift.transport" "org.apache.storm.security.auth.SimpleTransportPlugin", "zmq.hwm" 0, "storm.group.mapping.service.params" nil, "worker.profiler.enabled" false, "storm.principal.tolocal" "org.apache.storm.security.auth.DefaultPrincipalToLocal", "supervisor.worker.shutdown.sleep.secs" 1, "pacemaker.host" "localhost", "storm.zookeeper.retry.times" 5, "ui.actions.enabled" true, "zmq.linger.millis" 0, "supervisor.enable" true, "topology.stats.sample.rate" 0.05, "storm.messaging.netty.min_wait_ms" 100, "worker.log.level.reset.poll.secs" 30, "storm.zookeeper.port" 2002, "supervisor.heartbeat.frequency.secs" 5, "topology.enable.message.timeouts" false, "supervisor.cpu.capacity" 400.0, "drpc.worker.threads" 64, "supervisor.blobstore.download.thread.count" 5, "drpc.queue.size" 128, "topology.backpressure.enable" false, "supervisor.blobstore.class" "org.apache.storm.blobstore.NimbusBlobStore", "storm.blobstore.inputstream.buffer.size.bytes" 65536, "topology.shellbolt.max.pending" 100, "drpc.https.keystore.password" "", "nimbus.code.sync.freq.secs" 120, "logviewer.port" 8000, "topology.scheduler.strategy" "org.apache.storm.scheduler.resource.strategies.scheduling.DefaultResourceAwareStrategy", "topology.executor.send.buffer.size" 1024, "resource.aware.scheduler.priority.strategy" "org.apache.storm.scheduler.resource.strategies.priority.DefaultSchedulingPriorityStrategy", "pacemaker.auth.method" "NONE", "storm.daemon.metrics.reporter.plugins" ["org.apache.storm.daemon.metrics.reporters.JmxPreparableReporter"], "topology.worker.logwriter.childopts" "-Xmx64m", "topology.spout.wait.strategy" "org.apache.storm.spout.SleepSpoutWaitStrategy", "ui.host" "0.0.0.0", "storm.nimbus.retry.interval.millis" 2000, "nimbus.inbox.jar.expiration.secs" 3600, "dev.zookeeper.path" "/tmp/dev-storm-zookeeper", "topology.acker.executors" nil, "topology.fall.back.on.java.serialization" true, "topology.eventlogger.executors" 0, "supervisor.localizer.cleanup.interval.ms" 600000, "storm.zookeeper.servers" ["localhost"], "nimbus.thrift.threads" 64, "logviewer.cleanup.age.mins" 10080, "topology.worker.childopts" nil, "topology.classpath" nil, "supervisor.monitor.frequency.secs" 3, "nimbus.credential.renewers.freq.secs" 600, "topology.skip.missing.kryo.registrations" true, "drpc.authorizer.acl.filename" "drpc-auth-acl.yaml", "pacemaker.kerberos.users" [], "storm.group.mapping.service.cache.duration.secs" 120, "topology.testing.always.try.serialize" false, "nimbus.monitor.freq.secs" 10, "storm.health.check.timeout.ms" 5000, "supervisor.supervisors" [], "topology.tasks" nil, "topology.bolts.outgoing.overflow.buffer.enable" false, "storm.messaging.netty.socket.backlog" 500, "topology.workers" 1, "pacemaker.base.threads" 10, "storm.local.dir" "/tmp/04414187-c56a-473b-b933-6cf4a5d32446", "topology.disable.loadaware" false, "worker.childopts" "-Xmx%HEAP-MEM%m -XX:+PrintGCDetails -Xloggc:artifacts/gc.log -XX:+PrintGCDateStamps -XX:+PrintGCTimeStamps -XX:+UseGCLogFileRotation -XX:NumberOfGCLogFiles=10 -XX:GCLogFileSize=1M -XX:+HeapDumpOnOutOfMemoryError -XX:HeapDumpPath=artifacts/heapdump", "storm.auth.simple-white-list.users" [], "topology.disruptor.batch.timeout.millis" 1, "topology.message.timeout.secs" 30, "topology.state.synchronization.timeout.secs" 60, "topology.tuple.serializer" "org.apache.storm.serialization.types.ListDelegateSerializer", "supervisor.supervisors.commands" [], "nimbus.blobstore.expiration.secs" 600, "logviewer.childopts" "-Xmx128m", "topology.environment" nil, "topology.debug" false, "topology.disruptor.batch.size" 100, "storm.messaging.netty.max_retries" 300, "ui.childopts" "-Xmx768m", "storm.network.topography.plugin" "org.apache.storm.networktopography.DefaultRackDNSToSwitchMapping", "storm.zookeeper.session.timeout" 20000, "drpc.childopts" "-Xmx768m", "drpc.http.creds.plugin" "org.apache.storm.security.auth.DefaultHttpCredentialsPlugin", "storm.zookeeper.connection.timeout" 15000, "storm.zookeeper.auth.user" nil, "storm.meta.serialization.delegate" "org.apache.storm.serialization.GzipThriftSerializationDelegate", "topology.max.spout.pending" nil, "storm.codedistributor.class" "org.apache.storm.codedistributor.LocalFileSystemCodeDistributor", "nimbus.supervisor.timeout.secs" 60, "nimbus.task.timeout.secs" 30, "drpc.port" 3772, "pacemaker.max.threads" 50, "storm.zookeeper.retry.intervalceiling.millis" 30000, "nimbus.thrift.port" 6627, "storm.auth.simple-acl.admins" [], "topology.component.cpu.pcore.percent" 10.0, "supervisor.memory.capacity.mb" 3072.0, "storm.nimbus.retry.times" 5, "supervisor.worker.start.timeout.secs" 120, "storm.zookeeper.retry.interval" 1000, "logs.users" nil, "worker.profiler.command" "flight.bash", "transactional.zookeeper.port" nil, "drpc.max_buffer_size" 1048576, "pacemaker.thread.timeout" 10, "task.credentials.poll.secs" 30, "blobstore.superuser" "travis", "drpc.https.keystore.type" "JKS", "topology.worker.receiver.thread.count" 1, "topology.state.checkpoint.interval.ms" 1000, "supervisor.slots.ports" [6700 6701 6702 6703], "topology.transfer.buffer.size" 1024, "storm.health.check.dir" "healthchecks", "topology.worker.shared.thread.pool.size" 4, "drpc.authorizer.acl.strict" false, "nimbus.file.copy.expiration.secs" 600, "worker.profiler.childopts" "-XX:+UnlockCommercialFeatures -XX:+FlightRecorder", "topology.executor.receive.buffer.size" 1024, "backpressure.disruptor.low.watermark" 0.4, "nimbus.task.launch.secs" 120, "storm.local.mode.zmq" false, "storm.messaging.netty.buffer_size" 5242880, "storm.cluster.state.store" "org.apache.storm.cluster_state.zookeeper_state_factory", "worker.heartbeat.frequency.secs" 1, "storm.log4j2.conf.dir" "log4j2", "ui.http.creds.plugin" "org.apache.storm.security.auth.DefaultHttpCredentialsPlugin", "storm.zookeeper.root" "/storm", "topology.tick.tuple.freq.secs" nil, "drpc.https.port" -1, "storm.workers.artifacts.dir" "workers-artifacts", "supervisor.blobstore.download.max_retries" 3, "task.refresh.poll.secs" 10, "storm.exhibitor.port" 8080, "task.heartbeat.frequency.secs" 3, "pacemaker.port" 6699, "storm.messaging.netty.max_wait_ms" 1000, "topology.component.resources.offheap.memory.mb" 0.0, "drpc.http.port" 3774, "topology.error.throttle.interval.secs" 10, "storm.messaging.transport" "org.apache.storm.messaging.netty.Context", "storm.messaging.netty.authentication" false, "topology.component.resources.onheap.memory.mb" 128.0, "topology.kryo.factory" "org.apache.storm.serialization.DefaultKryoFactory", "worker.gc.childopts" "", "nimbus.topology.validator" "org.apache.storm.nimbus.DefaultTopologyValidator", "nimbus.seeds" ["localhost"], "nimbus.queue.size" 100000, "nimbus.cleanup.inbox.freq.secs" 600, "storm.blobstore.replication.factor" 3, "worker.heap.memory.mb" 768, "logviewer.max.sum.worker.logs.size.mb" 4096, "pacemaker.childopts" "-Xmx1024m", "ui.users" nil, "transactional.zookeeper.servers" nil, "supervisor.worker.timeout.secs" 30, "storm.zookeeper.auth.password" nil, "storm.blobstore.acl.validation.enabled" false, "client.blobstore.class" "org.apache.storm.blobstore.NimbusBlobStore", "supervisor.childopts" "-Xmx256m", "topology.worker.max.heap.size.mb" 768.0, "ui.http.x-frame-options" "DENY", "backpressure.disruptor.high.watermark" 0.9, "ui.filter" nil, "ui.header.buffer.bytes" 4096, "topology.min.replication.count" 1, "topology.disruptor.wait.timeout.millis" 1000, "storm.nimbus.retry.intervalceiling.millis" 60000, "topology.trident.batch.emit.interval.millis" 50, "storm.auth.simple-acl.users" [], "drpc.invocations.threads" 64, "java.library.path" "/usr/local/lib:/opt/local/lib:/usr/lib", "ui.port" 8080, "storm.exhibitor.poll.uripath" "/exhibitor/v1/cluster/list", "storm.messaging.netty.transfer.batch.size" 262144, "logviewer.appender.name" "A1", "nimbus.thrift.max_buffer_size" 1048576, "storm.auth.simple-acl.users.commands" [], "drpc.request.timeout.secs" 600}
107785 [main] INFO  o.a.c.f.i.CuratorFrameworkImpl - Starting
107786 [main] INFO  o.a.s.b.FileBlobStoreImpl - Creating new blob store based in /tmp/04414187-c56a-473b-b933-6cf4a5d32446/blobs
107786 [main] INFO  o.a.s.d.nimbus - Using default scheduler
107786 [main] INFO  o.a.c.f.i.CuratorFrameworkImpl - Starting
107797 [main-EventThread] INFO  o.a.c.f.s.ConnectionStateManager - State change: CONNECTED
107797 [main] INFO  o.a.c.f.i.CuratorFrameworkImpl - Starting
107798 [main-EventThread] INFO  o.a.c.f.s.ConnectionStateManager - State change: CONNECTED
107798 [main-EventThread] INFO  o.a.s.zookeeper - Zookeeper state update: :connected:none
107800 [main-EventThread] INFO  o.a.c.f.s.ConnectionStateManager - State change: CONNECTED
107800 [main-EventThread] INFO  o.a.s.zookeeper - Zookeeper state update: :connected:none
107803 [Curator-Framework-0] INFO  o.a.c.f.i.CuratorFrameworkImpl - backgroundOperationsLoop exiting
107804 [main] INFO  o.a.c.f.i.CuratorFrameworkImpl - Starting
107805 [main] INFO  o.a.c.f.i.CuratorFrameworkImpl - Starting
107806 [main-EventThread] INFO  o.a.c.f.s.ConnectionStateManager - State change: CONNECTED
107811 [main-EventThread] INFO  o.a.c.f.s.ConnectionStateManager - State change: CONNECTED
107845 [main] INFO  o.a.s.zookeeper - Queued up for leader lock.
107855 [Curator-Framework-0-EventThread] INFO  o.a.c.f.s.ConnectionStateManager - State change: SUSPENDED
107855 [Curator-Framework-0-EventThread] INFO  o.a.s.zookeeper - Zookeeper state update: :disconnected:none
107858 [main] INFO  o.a.s.d.m.MetricsUtils - Using statistics reporter plugin:org.apache.storm.daemon.metrics.reporters.JmxPreparableReporter
107858 [main] INFO  o.a.s.d.m.r.JmxPreparableReporter - Preparing...
107868 [main-EventThread] INFO  o.a.s.zookeeper - testing-worker-linux-docker-8ad65f72-3431-linux-1.prod.travis-ci.org gained leadership, checking if it has all the topology code locally.
107872 [main-EventThread] INFO  o.a.s.zookeeper - active-topology-ids [] local-topology-ids [] diff-topology []
107872 [main-EventThread] INFO  o.a.s.zookeeper - Accepting leadership, all active topology found localy.
107873 [main] INFO  o.a.s.d.common - Started statistics report plugin...
107873 [main] INFO  o.a.c.f.i.CuratorFrameworkImpl - Starting
107884 [main-EventThread] INFO  o.a.c.f.s.ConnectionStateManager - State change: CONNECTED
107884 [main-EventThread] INFO  o.a.s.zookeeper - Zookeeper state update: :connected:none
107885 [Curator-Framework-0] INFO  o.a.c.f.i.CuratorFrameworkImpl - backgroundOperationsLoop exiting
107889 [main] INFO  o.a.c.f.i.CuratorFrameworkImpl - Starting
107890 [main] INFO  o.a.c.f.i.CuratorFrameworkImpl - Starting
107892 [main-EventThread] INFO  o.a.c.f.s.ConnectionStateManager - State change: CONNECTED
107893 [main-EventThread] INFO  o.a.c.f.s.ConnectionStateManager - State change: CONNECTED
107894 [main-EventThread] INFO  o.a.s.zookeeper - Zookeeper state update: :connected:none
107894 [Curator-Framework-0] INFO  o.a.c.f.i.CuratorFrameworkImpl - backgroundOperationsLoop exiting
107896 [main] INFO  o.a.c.f.i.CuratorFrameworkImpl - Starting
107903 [main-EventThread] INFO  o.a.c.f.s.ConnectionStateManager - State change: CONNECTED
107907 [main] INFO  o.a.s.d.supervisor - Starting Supervisor with conf {"topology.builtin.metrics.bucket.size.secs" 60, "nimbus.childopts" "-Xmx1024m", "ui.filter.params" nil, "storm.cluster.mode" "local", "storm.messaging.netty.client_worker_threads" 1, "logviewer.max.per.worker.logs.size.mb" 2048, "supervisor.run.worker.as.user" false, "topology.max.task.parallelism" nil, "topology.priority" 29, "zmq.threads" 1, "storm.group.mapping.service" "org.apache.storm.security.auth.ShellBasedGroupsMapping", "transactional.zookeeper.root" "/transactional", "topology.sleep.spout.wait.strategy.time.ms" 1, "scheduler.display.resource" false, "topology.max.replication.wait.time.sec" 60, "drpc.invocations.port" 3773, "supervisor.localizer.cache.target.size.mb" 10240, "topology.multilang.serializer" "org.apache.storm.multilang.JsonSerializer", "storm.messaging.netty.server_worker_threads" 1, "nimbus.blobstore.class" "org.apache.storm.blobstore.LocalFsBlobStore", "resource.aware.scheduler.eviction.strategy" "org.apache.storm.scheduler.resource.strategies.eviction.DefaultEvictionStrategy", "topology.max.error.report.per.interval" 5, "storm.thrift.transport" "org.apache.storm.security.auth.SimpleTransportPlugin", "zmq.hwm" 0, "storm.group.mapping.service.params" nil, "worker.profiler.enabled" false, "storm.principal.tolocal" "org.apache.storm.security.auth.DefaultPrincipalToLocal", "supervisor.worker.shutdown.sleep.secs" 1, "pacemaker.host" "localhost", "storm.zookeeper.retry.times" 5, "ui.actions.enabled" true, "zmq.linger.millis" 0, "supervisor.enable" true, "topology.stats.sample.rate" 0.05, "storm.messaging.netty.min_wait_ms" 100, "worker.log.level.reset.poll.secs" 30, "storm.zookeeper.port" 2002, "supervisor.heartbeat.frequency.secs" 5, "topology.enable.message.timeouts" false, "supervisor.cpu.capacity" 400.0, "drpc.worker.threads" 64, "supervisor.blobstore.download.thread.count" 5, "drpc.queue.size" 128, "topology.backpressure.enable" false, "supervisor.blobstore.class" "org.apache.storm.blobstore.NimbusBlobStore", "storm.blobstore.inputstream.buffer.size.bytes" 65536, "topology.shellbolt.max.pending" 100, "drpc.https.keystore.password" "", "nimbus.code.sync.freq.secs" 120, "logviewer.port" 8000, "topology.scheduler.strategy" "org.apache.storm.scheduler.resource.strategies.scheduling.DefaultResourceAwareStrategy", "topology.executor.send.buffer.size" 1024, "resource.aware.scheduler.priority.strategy" "org.apache.storm.scheduler.resource.strategies.priority.DefaultSchedulingPriorityStrategy", "pacemaker.auth.method" "NONE", "storm.daemon.metrics.reporter.plugins" ["org.apache.storm.daemon.metrics.reporters.JmxPreparableReporter"], "topology.worker.logwriter.childopts" "-Xmx64m", "topology.spout.wait.strategy" "org.apache.storm.spout.SleepSpoutWaitStrategy", "ui.host" "0.0.0.0", "storm.nimbus.retry.interval.millis" 2000, "nimbus.inbox.jar.expiration.secs" 3600, "dev.zookeeper.path" "/tmp/dev-storm-zookeeper", "topology.acker.executors" nil, "topology.fall.back.on.java.serialization" true, "topology.eventlogger.executors" 0, "supervisor.localizer.cleanup.interval.ms" 600000, "storm.zookeeper.servers" ["localhost"], "nimbus.thrift.threads" 64, "logviewer.cleanup.age.mins" 10080, "topology.worker.childopts" nil, "topology.classpath" nil, "supervisor.monitor.frequency.secs" 3, "nimbus.credential.renewers.freq.secs" 600, "topology.skip.missing.kryo.registrations" true, "drpc.authorizer.acl.filename" "drpc-auth-acl.yaml", "pacemaker.kerberos.users" [], "storm.group.mapping.service.cache.duration.secs" 120, "topology.testing.always.try.serialize" false, "nimbus.monitor.freq.secs" 10, "storm.health.check.timeout.ms" 5000, "supervisor.supervisors" [], "topology.tasks" nil, "topology.bolts.outgoing.overflow.buffer.enable" false, "storm.messaging.netty.socket.backlog" 500, "topology.workers" 1, "pacemaker.base.threads" 10, "storm.local.dir" "/tmp/0ad8ecee-db22-4127-8a93-3d80e4d8285d", "topology.disable.loadaware" false, "worker.childopts" "-Xmx%HEAP-MEM%m -XX:+PrintGCDetails -Xloggc:artifacts/gc.log -XX:+PrintGCDateStamps -XX:+PrintGCTimeStamps -XX:+UseGCLogFileRotation -XX:NumberOfGCLogFiles=10 -XX:GCLogFileSize=1M -XX:+HeapDumpOnOutOfMemoryError -XX:HeapDumpPath=artifacts/heapdump", "storm.auth.simple-white-list.users" [], "topology.disruptor.batch.timeout.millis" 1, "topology.message.timeout.secs" 30, "topology.state.synchronization.timeout.secs" 60, "topology.tuple.serializer" "org.apache.storm.serialization.types.ListDelegateSerializer", "supervisor.supervisors.commands" [], "nimbus.blobstore.expiration.secs" 600, "logviewer.childopts" "-Xmx128m", "topology.environment" nil, "topology.debug" false, "topology.disruptor.batch.size" 100, "storm.messaging.netty.max_retries" 300, "ui.childopts" "-Xmx768m", "storm.network.topography.plugin" "org.apache.storm.networktopography.DefaultRackDNSToSwitchMapping", "storm.zookeeper.session.timeout" 20000, "drpc.childopts" "-Xmx768m", "drpc.http.creds.plugin" "org.apache.storm.security.auth.DefaultHttpCredentialsPlugin", "storm.zookeeper.connection.timeout" 15000, "storm.zookeeper.auth.user" nil, "storm.meta.serialization.delegate" "org.apache.storm.serialization.GzipThriftSerializationDelegate", "topology.max.spout.pending" nil, "storm.codedistributor.class" "org.apache.storm.codedistributor.LocalFileSystemCodeDistributor", "nimbus.supervisor.timeout.secs" 60, "nimbus.task.timeout.secs" 30, "drpc.port" 3772, "pacemaker.max.threads" 50, "storm.zookeeper.retry.intervalceiling.millis" 30000, "nimbus.thrift.port" 6627, "storm.auth.simple-acl.admins" [], "topology.component.cpu.pcore.percent" 10.0, "supervisor.memory.capacity.mb" 3072.0, "storm.nimbus.retry.times" 5, "supervisor.worker.start.timeout.secs" 120, "storm.zookeeper.retry.interval" 1000, "logs.users" nil, "worker.profiler.command" "flight.bash", "transactional.zookeeper.port" nil, "drpc.max_buffer_size" 1048576, "pacemaker.thread.timeout" 10, "task.credentials.poll.secs" 30, "blobstore.superuser" "travis", "drpc.https.keystore.type" "JKS", "topology.worker.receiver.thread.count" 1, "topology.state.checkpoint.interval.ms" 1000, "supervisor.slots.ports" (1024 1025 1026), "topology.transfer.buffer.size" 1024, "storm.health.check.dir" "healthchecks", "topology.worker.shared.thread.pool.size" 4, "drpc.authorizer.acl.strict" false, "nimbus.file.copy.expiration.secs" 600, "worker.profiler.childopts" "-XX:+UnlockCommercialFeatures -XX:+FlightRecorder", "topology.executor.receive.buffer.size" 1024, "backpressure.disruptor.low.watermark" 0.4, "nimbus.task.launch.secs" 120, "storm.local.mode.zmq" false, "storm.messaging.netty.buffer_size" 5242880, "storm.cluster.state.store" "org.apache.storm.cluster_state.zookeeper_state_factory", "worker.heartbeat.frequency.secs" 1, "storm.log4j2.conf.dir" "log4j2", "ui.http.creds.plugin" "org.apache.storm.security.auth.DefaultHttpCredentialsPlugin", "storm.zookeeper.root" "/storm", "topology.tick.tuple.freq.secs" nil, "drpc.https.port" -1, "storm.workers.artifacts.dir" "workers-artifacts", "supervisor.blobstore.download.max_retries" 3, "task.refresh.poll.secs" 10, "storm.exhibitor.port" 8080, "task.heartbeat.frequency.secs" 3, "pacemaker.port" 6699, "storm.messaging.netty.max_wait_ms" 1000, "topology.component.resources.offheap.memory.mb" 0.0, "drpc.http.port" 3774, "topology.error.throttle.interval.secs" 10, "storm.messaging.transport" "org.apache.storm.messaging.netty.Context", "storm.messaging.netty.authentication" false, "topology.component.resources.onheap.memory.mb" 128.0, "topology.kryo.factory" "org.apache.storm.serialization.DefaultKryoFactory", "worker.gc.childopts" "", "nimbus.topology.validator" "org.apache.storm.nimbus.DefaultTopologyValidator", "nimbus.seeds" ["localhost"], "nimbus.queue.size" 100000, "nimbus.cleanup.inbox.freq.secs" 600, "storm.blobstore.replication.factor" 3, "worker.heap.memory.mb" 768, "logviewer.max.sum.worker.logs.size.mb" 4096, "pacemaker.childopts" "-Xmx1024m", "ui.users" nil, "transactional.zookeeper.servers" nil, "supervisor.worker.timeout.secs" 30, "storm.zookeeper.auth.password" nil, "storm.blobstore.acl.validation.enabled" false, "client.blobstore.class" "org.apache.storm.blobstore.NimbusBlobStore", "supervisor.childopts" "-Xmx256m", "topology.worker.max.heap.size.mb" 768.0, "ui.http.x-frame-options" "DENY", "backpressure.disruptor.high.watermark" 0.9, "ui.filter" nil, "ui.header.buffer.bytes" 4096, "topology.min.replication.count" 1, "topology.disruptor.wait.timeout.millis" 1000, "storm.nimbus.retry.intervalceiling.millis" 60000, "topology.trident.batch.emit.interval.millis" 50, "storm.auth.simple-acl.users" [], "drpc.invocations.threads" 64, "java.library.path" "/usr/local/lib:/opt/local/lib:/usr/lib", "ui.port" 8080, "storm.exhibitor.poll.uripath" "/exhibitor/v1/cluster/list", "storm.messaging.netty.transfer.batch.size" 262144, "logviewer.appender.name" "A1", "nimbus.thrift.max_buffer_size" 1048576, "storm.auth.simple-acl.users.commands" [], "drpc.request.timeout.secs" 600}
107908 [main] INFO  o.a.s.l.Localizer - Reconstruct localized resource: /tmp/0ad8ecee-db22-4127-8a93-3d80e4d8285d/supervisor/usercache
107908 [main] WARN  o.a.s.l.Localizer - No left over resources found for any user during reconstructing of local resources at: /tmp/0ad8ecee-db22-4127-8a93-3d80e4d8285d/supervisor/usercache
107908 [main] INFO  o.a.c.f.i.CuratorFrameworkImpl - Starting
107911 [main-EventThread] INFO  o.a.c.f.s.ConnectionStateManager - State change: CONNECTED
107911 [main-EventThread] INFO  o.a.s.zookeeper - Zookeeper state update: :connected:none
107911 [Curator-Framework-0] INFO  o.a.c.f.i.CuratorFrameworkImpl - backgroundOperationsLoop exiting
107912 [main] INFO  o.a.c.f.i.CuratorFrameworkImpl - Starting
107914 [main-EventThread] INFO  o.a.c.f.s.ConnectionStateManager - State change: CONNECTED
107920 [main] INFO  o.a.s.d.supervisor - Starting supervisor with id 66256744-10da-49e3-a476-ad92b2021461 at host testing-worker-linux-docker-8ad65f72-3431-linux-1.prod.travis-ci.org
107921 [main] INFO  o.a.s.d.supervisor - Starting Supervisor with conf {"topology.builtin.metrics.bucket.size.secs" 60, "nimbus.childopts" "-Xmx1024m", "ui.filter.params" nil, "storm.cluster.mode" "local", "storm.messaging.netty.client_worker_threads" 1, "logviewer.max.per.worker.logs.size.mb" 2048, "supervisor.run.worker.as.user" false, "topology.max.task.parallelism" nil, "topology.priority" 29, "zmq.threads" 1, "storm.group.mapping.service" "org.apache.storm.security.auth.ShellBasedGroupsMapping", "transactional.zookeeper.root" "/transactional", "topology.sleep.spout.wait.strategy.time.ms" 1, "scheduler.display.resource" false, "topology.max.replication.wait.time.sec" 60, "drpc.invocations.port" 3773, "supervisor.localizer.cache.target.size.mb" 10240, "topology.multilang.serializer" "org.apache.storm.multilang.JsonSerializer", "storm.messaging.netty.server_worker_threads" 1, "nimbus.blobstore.class" "org.apache.storm.blobstore.LocalFsBlobStore", "resource.aware.scheduler.eviction.strategy" "org.apache.storm.scheduler.resource.strategies.eviction.DefaultEvictionStrategy", "topology.max.error.report.per.interval" 5, "storm.thrift.transport" "org.apache.storm.security.auth.SimpleTransportPlugin", "zmq.hwm" 0, "storm.group.mapping.service.params" nil, "worker.profiler.enabled" false, "storm.principal.tolocal" "org.apache.storm.security.auth.DefaultPrincipalToLocal", "supervisor.worker.shutdown.sleep.secs" 1, "pacemaker.host" "localhost", "storm.zookeeper.retry.times" 5, "ui.actions.enabled" true, "zmq.linger.millis" 0, "supervisor.enable" true, "topology.stats.sample.rate" 0.05, "storm.messaging.netty.min_wait_ms" 100, "worker.log.level.reset.poll.secs" 30, "storm.zookeeper.port" 2002, "supervisor.heartbeat.frequency.secs" 5, "topology.enable.message.timeouts" false, "supervisor.cpu.capacity" 400.0, "drpc.worker.threads" 64, "supervisor.blobstore.download.thread.count" 5, "drpc.queue.size" 128, "topology.backpressure.enable" false, "supervisor.blobstore.class" "org.apache.storm.blobstore.NimbusBlobStore", "storm.blobstore.inputstream.buffer.size.bytes" 65536, "topology.shellbolt.max.pending" 100, "drpc.https.keystore.password" "", "nimbus.code.sync.freq.secs" 120, "logviewer.port" 8000, "topology.scheduler.strategy" "org.apache.storm.scheduler.resource.strategies.scheduling.DefaultResourceAwareStrategy", "topology.executor.send.buffer.size" 1024, "resource.aware.scheduler.priority.strategy" "org.apache.storm.scheduler.resource.strategies.priority.DefaultSchedulingPriorityStrategy", "pacemaker.auth.method" "NONE", "storm.daemon.metrics.reporter.plugins" ["org.apache.storm.daemon.metrics.reporters.JmxPreparableReporter"], "topology.worker.logwriter.childopts" "-Xmx64m", "topology.spout.wait.strategy" "org.apache.storm.spout.SleepSpoutWaitStrategy", "ui.host" "0.0.0.0", "storm.nimbus.retry.interval.millis" 2000, "nimbus.inbox.jar.expiration.secs" 3600, "dev.zookeeper.path" "/tmp/dev-storm-zookeeper", "topology.acker.executors" nil, "topology.fall.back.on.java.serialization" true, "topology.eventlogger.executors" 0, "supervisor.localizer.cleanup.interval.ms" 600000, "storm.zookeeper.servers" ["localhost"], "nimbus.thrift.threads" 64, "logviewer.cleanup.age.mins" 10080, "topology.worker.childopts" nil, "topology.classpath" nil, "supervisor.monitor.frequency.secs" 3, "nimbus.credential.renewers.freq.secs" 600, "topology.skip.missing.kryo.registrations" true, "drpc.authorizer.acl.filename" "drpc-auth-acl.yaml", "pacemaker.kerberos.users" [], "storm.group.mapping.service.cache.duration.secs" 120, "topology.testing.always.try.serialize" false, "nimbus.monitor.freq.secs" 10, "storm.health.check.timeout.ms" 5000, "supervisor.supervisors" [], "topology.tasks" nil, "topology.bolts.outgoing.overflow.buffer.enable" false, "storm.messaging.netty.socket.backlog" 500, "topology.workers" 1, "pacemaker.base.threads" 10, "storm.local.dir" "/tmp/99392322-c8dc-45b0-8a13-485bed6119c3", "topology.disable.loadaware" false, "worker.childopts" "-Xmx%HEAP-MEM%m -XX:+PrintGCDetails -Xloggc:artifacts/gc.log -XX:+PrintGCDateStamps -XX:+PrintGCTimeStamps -XX:+UseGCLogFileRotation -XX:NumberOfGCLogFiles=10 -XX:GCLogFileSize=1M -XX:+HeapDumpOnOutOfMemoryError -XX:HeapDumpPath=artifacts/heapdump", "storm.auth.simple-white-list.users" [], "topology.disruptor.batch.timeout.millis" 1, "topology.message.timeout.secs" 30, "topology.state.synchronization.timeout.secs" 60, "topology.tuple.serializer" "org.apache.storm.serialization.types.ListDelegateSerializer", "supervisor.supervisors.commands" [], "nimbus.blobstore.expiration.secs" 600, "logviewer.childopts" "-Xmx128m", "topology.environment" nil, "topology.debug" false, "topology.disruptor.batch.size" 100, "storm.messaging.netty.max_retries" 300, "ui.childopts" "-Xmx768m", "storm.network.topography.plugin" "org.apache.storm.networktopography.DefaultRackDNSToSwitchMapping", "storm.zookeeper.session.timeout" 20000, "drpc.childopts" "-Xmx768m", "drpc.http.creds.plugin" "org.apache.storm.security.auth.DefaultHttpCredentialsPlugin", "storm.zookeeper.connection.timeout" 15000, "storm.zookeeper.auth.user" nil, "storm.meta.serialization.delegate" "org.apache.storm.serialization.GzipThriftSerializationDelegate", "topology.max.spout.pending" nil, "storm.codedistributor.class" "org.apache.storm.codedistributor.LocalFileSystemCodeDistributor", "nimbus.supervisor.timeout.secs" 60, "nimbus.task.timeout.secs" 30, "drpc.port" 3772, "pacemaker.max.threads" 50, "storm.zookeeper.retry.intervalceiling.millis" 30000, "nimbus.thrift.port" 6627, "storm.auth.simple-acl.admins" [], "topology.component.cpu.pcore.percent" 10.0, "supervisor.memory.capacity.mb" 3072.0, "storm.nimbus.retry.times" 5, "supervisor.worker.start.timeout.secs" 120, "storm.zookeeper.retry.interval" 1000, "logs.users" nil, "worker.profiler.command" "flight.bash", "transactional.zookeeper.port" nil, "drpc.max_buffer_size" 1048576, "pacemaker.thread.timeout" 10, "task.credentials.poll.secs" 30, "blobstore.superuser" "travis", "drpc.https.keystore.type" "JKS", "topology.worker.receiver.thread.count" 1, "topology.state.checkpoint.interval.ms" 1000, "supervisor.slots.ports" (1027 1028 1029), "topology.transfer.buffer.size" 1024, "storm.health.check.dir" "healthchecks", "topology.worker.shared.thread.pool.size" 4, "drpc.authorizer.acl.strict" false, "nimbus.file.copy.expiration.secs" 600, "worker.profiler.childopts" "-XX:+UnlockCommercialFeatures -XX:+FlightRecorder", "topology.executor.receive.buffer.size" 1024, "backpressure.disruptor.low.watermark" 0.4, "nimbus.task.launch.secs" 120, "storm.local.mode.zmq" false, "storm.messaging.netty.buffer_size" 5242880, "storm.cluster.state.store" "org.apache.storm.cluster_state.zookeeper_state_factory", "worker.heartbeat.frequency.secs" 1, "storm.log4j2.conf.dir" "log4j2", "ui.http.creds.plugin" "org.apache.storm.security.auth.DefaultHttpCredentialsPlugin", "storm.zookeeper.root" "/storm", "topology.tick.tuple.freq.secs" nil, "drpc.https.port" -1, "storm.workers.artifacts.dir" "workers-artifacts", "supervisor.blobstore.download.max_retries" 3, "task.refresh.poll.secs" 10, "storm.exhibitor.port" 8080, "task.heartbeat.frequency.secs" 3, "pacemaker.port" 6699, "storm.messaging.netty.max_wait_ms" 1000, "topology.component.resources.offheap.memory.mb" 0.0, "drpc.http.port" 3774, "topology.error.throttle.interval.secs" 10, "storm.messaging.transport" "org.apache.storm.messaging.netty.Context", "storm.messaging.netty.authentication" false, "topology.component.resources.onheap.memory.mb" 128.0, "topology.kryo.factory" "org.apache.storm.serialization.DefaultKryoFactory", "worker.gc.childopts" "", "nimbus.topology.validator" "org.apache.storm.nimbus.DefaultTopologyValidator", "nimbus.seeds" ["localhost"], "nimbus.queue.size" 100000, "nimbus.cleanup.inbox.freq.secs" 600, "storm.blobstore.replication.factor" 3, "worker.heap.memory.mb" 768, "logviewer.max.sum.worker.logs.size.mb" 4096, "pacemaker.childopts" "-Xmx1024m", "ui.users" nil, "transactional.zookeeper.servers" nil, "supervisor.worker.timeout.secs" 30, "storm.zookeeper.auth.password" nil, "storm.blobstore.acl.validation.enabled" false, "client.blobstore.class" "org.apache.storm.blobstore.NimbusBlobStore", "supervisor.childopts" "-Xmx256m", "topology.worker.max.heap.size.mb" 768.0, "ui.http.x-frame-options" "DENY", "backpressure.disruptor.high.watermark" 0.9, "ui.filter" nil, "ui.header.buffer.bytes" 4096, "topology.min.replication.count" 1, "topology.disruptor.wait.timeout.millis" 1000, "storm.nimbus.retry.intervalceiling.millis" 60000, "topology.trident.batch.emit.interval.millis" 50, "storm.auth.simple-acl.users" [], "drpc.invocations.threads" 64, "java.library.path" "/usr/local/lib:/opt/local/lib:/usr/lib", "ui.port" 8080, "storm.exhibitor.poll.uripath" "/exhibitor/v1/cluster/list", "storm.messaging.netty.transfer.batch.size" 262144, "logviewer.appender.name" "A1", "nimbus.thrift.max_buffer_size" 1048576, "storm.auth.simple-acl.users.commands" [], "drpc.request.timeout.secs" 600}
107922 [main] INFO  o.a.s.l.Localizer - Reconstruct localized resource: /tmp/99392322-c8dc-45b0-8a13-485bed6119c3/supervisor/usercache
107922 [main] WARN  o.a.s.l.Localizer - No left over resources found for any user during reconstructing of local resources at: /tmp/99392322-c8dc-45b0-8a13-485bed6119c3/supervisor/usercache
107922 [main] INFO  o.a.c.f.i.CuratorFrameworkImpl - Starting
107926 [main-EventThread] INFO  o.a.c.f.s.ConnectionStateManager - State change: CONNECTED
107926 [main-EventThread] INFO  o.a.s.zookeeper - Zookeeper state update: :connected:none
107926 [Curator-Framework-0] INFO  o.a.c.f.i.CuratorFrameworkImpl - backgroundOperationsLoop exiting
107929 [main] INFO  o.a.c.f.i.CuratorFrameworkImpl - Starting
107932 [main-EventThread] INFO  o.a.c.f.s.ConnectionStateManager - State change: CONNECTED
107939 [main] INFO  o.a.s.d.supervisor - Starting supervisor with id ae31c640-bee4-4226-bcf9-d7a71826e3a7 at host testing-worker-linux-docker-8ad65f72-3431-linux-1.prod.travis-ci.org
107946 [main] INFO  o.a.s.l.ThriftAccessLogger - Request ID: 124 access from: /65.66.67.68 principal:  operation: submitTopology
107950 [main] INFO  o.a.s.d.nimbus - Received topology submission for topologytest-433f1ca8-a4ce-4f8d-b471-f25702d7ba98 with conf {"topology.max.task.parallelism" nil, "topology.submitter.principal" "", "topology.acker.executors" nil, "topology.eventlogger.executors" 0, "topology.workers" 2, "storm.zookeeper.superACL" nil, "topology.users" (), "topology.submitter.user" "travis", "topology.kryo.register" nil, "topology.kryo.decorators" (), "storm.id" "topologytest-433f1ca8-a4ce-4f8d-b471-f25702d7ba98-1-0", "topology.name" "topologytest-433f1ca8-a4ce-4f8d-b471-f25702d7ba98"}
107954 [main] INFO  o.a.s.d.nimbus - uploadedJar 
107956 [main] INFO  o.a.c.f.i.CuratorFrameworkImpl - Starting
107958 [main-EventThread] INFO  o.a.c.f.s.ConnectionStateManager - State change: CONNECTED
107968 [Curator-Framework-0] INFO  o.a.c.f.i.CuratorFrameworkImpl - backgroundOperationsLoop exiting
107969 [main] INFO  o.a.s.cluster - setup-path/blobstore/topologytest-433f1ca8-a4ce-4f8d-b471-f25702d7ba98-1-0-stormconf.ser/testing-worker-linux-docker-8ad65f72-3431-linux-1.prod.travis-ci.org:6627-1
107981 [main] INFO  o.a.c.f.i.CuratorFrameworkImpl - Starting
107988 [main-EventThread] INFO  o.a.c.f.s.ConnectionStateManager - State change: CONNECTED
107992 [Curator-Framework-0] INFO  o.a.c.f.i.CuratorFrameworkImpl - backgroundOperationsLoop exiting
107993 [main] INFO  o.a.s.cluster - setup-path/blobstore/topologytest-433f1ca8-a4ce-4f8d-b471-f25702d7ba98-1-0-stormcode.ser/testing-worker-linux-docker-8ad65f72-3431-linux-1.prod.travis-ci.org:6627-1
108000 [main] INFO  o.a.s.d.nimbus - desired replication count 1 achieved, current-replication-count for conf key = 1, current-replication-count for code key = 1, current-replication-count for jar key = 1
108014 [main] INFO  o.a.s.d.nimbus - Activating topologytest-433f1ca8-a4ce-4f8d-b471-f25702d7ba98: topologytest-433f1ca8-a4ce-4f8d-b471-f25702d7ba98-1-0
108056 [timer] INFO  o.a.s.s.EvenScheduler - Available slots: (["66256744-10da-49e3-a476-ad92b2021461" 1024] ["66256744-10da-49e3-a476-ad92b2021461" 1025] ["66256744-10da-49e3-a476-ad92b2021461" 1026] ["ae31c640-bee4-4226-bcf9-d7a71826e3a7" 1027] ["ae31c640-bee4-4226-bcf9-d7a71826e3a7" 1028] ["ae31c640-bee4-4226-bcf9-d7a71826e3a7" 1029])
108057 [timer] INFO  o.a.s.d.nimbus - Setting new assignment for topology id topologytest-433f1ca8-a4ce-4f8d-b471-f25702d7ba98-1-0: #org.apache.storm.daemon.common.Assignment{:master-code-dir "/tmp/04414187-c56a-473b-b933-6cf4a5d32446", :node->host {"ae31c640-bee4-4226-bcf9-d7a71826e3a7" "testing-worker-linux-docker-8ad65f72-3431-linux-1.prod.travis-ci.org", "66256744-10da-49e3-a476-ad92b2021461" "testing-worker-linux-docker-8ad65f72-3431-linux-1.prod.travis-ci.org"}, :executor->node+port {[7 7] ["66256744-10da-49e3-a476-ad92b2021461" 1024], [6 6] ["ae31c640-bee4-4226-bcf9-d7a71826e3a7" 1027], [5 5] ["66256744-10da-49e3-a476-ad92b2021461" 1024], [4 4] ["ae31c640-bee4-4226-bcf9-d7a71826e3a7" 1027], [3 3] ["66256744-10da-49e3-a476-ad92b2021461" 1024], [2 2] ["ae31c640-bee4-4226-bcf9-d7a71826e3a7" 1027], [1 1] ["66256744-10da-49e3-a476-ad92b2021461" 1024]}, :executor->start-time-secs {[1 1] 1, [3 3] 1, [5 5] 1, [7 7] 1, [2 2] 1, [4 4] 1, [6 6] 1}, :worker->resources {["66256744-10da-49e3-a476-ad92b2021461" 1024] [0.0 0.0 0.0], ["ae31c640-bee4-4226-bcf9-d7a71826e3a7" 1027] [0.0 0.0 0.0]}}
108065 [Thread-985] INFO  o.a.s.d.supervisor - Downloading code for storm id topologytest-433f1ca8-a4ce-4f8d-b471-f25702d7ba98-1-0
108065 [Thread-985] INFO  o.a.c.f.i.CuratorFrameworkImpl - Starting
108066 [Thread-987] INFO  o.a.s.d.supervisor - Downloading code for storm id topologytest-433f1ca8-a4ce-4f8d-b471-f25702d7ba98-1-0
108066 [Thread-987] INFO  o.a.c.f.i.CuratorFrameworkImpl - Starting
108070 [Thread-985] INFO  o.a.s.b.FileBlobStoreImpl - Creating new blob store based in /tmp/04414187-c56a-473b-b933-6cf4a5d32446/blobs
108078 [Thread-987] INFO  o.a.s.b.FileBlobStoreImpl - Creating new blob store based in /tmp/04414187-c56a-473b-b933-6cf4a5d32446/blobs
108082 [Curator-Framework-0] INFO  o.a.c.f.i.CuratorFrameworkImpl - backgroundOperationsLoop exiting
108085 [Thread-987-EventThread] INFO  o.a.c.f.s.ConnectionStateManager - State change: CONNECTED
108088 [Curator-Framework-0] INFO  o.a.c.f.i.CuratorFrameworkImpl - backgroundOperationsLoop exiting
108092 [Thread-985] INFO  o.a.s.d.supervisor - Copying resources at file:/home/travis/build/apache/storm/storm-core/target/test-classes/resources to /tmp/0ad8ecee-db22-4127-8a93-3d80e4d8285d/supervisor/stormdist/topologytest-433f1ca8-a4ce-4f8d-b471-f25702d7ba98-1-0/resources
108093 [Thread-987] INFO  o.a.s.d.supervisor - Copying resources at file:/home/travis/build/apache/storm/storm-core/target/test-classes/resources to /tmp/99392322-c8dc-45b0-8a13-485bed6119c3/supervisor/stormdist/topologytest-433f1ca8-a4ce-4f8d-b471-f25702d7ba98-1-0/resources
108094 [Thread-985] INFO  o.a.s.d.supervisor - Finished downloading code for storm id topologytest-433f1ca8-a4ce-4f8d-b471-f25702d7ba98-1-0
108095 [Thread-987] INFO  o.a.s.d.supervisor - Finished downloading code for storm id topologytest-433f1ca8-a4ce-4f8d-b471-f25702d7ba98-1-0
108095 [Thread-986] INFO  o.a.s.d.supervisor - Launching worker with assignment {:storm-id "topologytest-433f1ca8-a4ce-4f8d-b471-f25702d7ba98-1-0", :executors [[7 7] [5 5] [3 3] [1 1]], :resources #object[org.apache.storm.generated.WorkerResources 0x41339976 "WorkerResources(mem_on_heap:0.0, mem_off_heap:0.0, cpu:0.0)"]} for this supervisor 66256744-10da-49e3-a476-ad92b2021461 on port 1024 with id 7edca769-cdb1-475a-840c-a2fa09a6c5fd
108096 [Thread-988] INFO  o.a.s.d.supervisor - Launching worker with assignment {:storm-id "topologytest-433f1ca8-a4ce-4f8d-b471-f25702d7ba98-1-0", :executors [[6 6] [4 4] [2 2]], :resources #object[org.apache.storm.generated.WorkerResources 0x7d3c5b3f "WorkerResources(mem_on_heap:0.0, mem_off_heap:0.0, cpu:0.0)"]} for this supervisor ae31c640-bee4-4226-bcf9-d7a71826e3a7 on port 1027 with id 362582a0-53f5-4cd0-8652-3aca2bffb3ab
108097 [Thread-986] INFO  o.a.s.d.worker - Launching worker for topologytest-433f1ca8-a4ce-4f8d-b471-f25702d7ba98-1-0 on 66256744-10da-49e3-a476-ad92b2021461:1024 with id 7edca769-cdb1-475a-840c-a2fa09a6c5fd and conf {"topology.builtin.metrics.bucket.size.secs" 60, "nimbus.childopts" "-Xmx1024m", "ui.filter.params" nil, "storm.cluster.mode" "local", "storm.messaging.netty.client_worker_threads" 1, "logviewer.max.per.worker.logs.size.mb" 2048, "supervisor.run.worker.as.user" false, "topology.max.task.parallelism" nil, "topology.priority" 29, "zmq.threads" 1, "storm.group.mapping.service" "org.apache.storm.security.auth.ShellBasedGroupsMapping", "transactional.zookeeper.root" "/transactional", "topology.sleep.spout.wait.strategy.time.ms" 1, "scheduler.display.resource" false, "topology.max.replication.wait.time.sec" 60, "drpc.invocations.port" 3773, "supervisor.localizer.cache.target.size.mb" 10240, "topology.multilang.serializer" "org.apache.storm.multilang.JsonSerializer", "storm.messaging.netty.server_worker_threads" 1, "nimbus.blobstore.class" "org.apache.storm.blobstore.LocalFsBlobStore", "resource.aware.scheduler.eviction.strategy" "org.apache.storm.scheduler.resource.strategies.eviction.DefaultEvictionStrategy", "topology.max.error.report.per.interval" 5, "storm.thrift.transport" "org.apache.storm.security.auth.SimpleTransportPlugin", "zmq.hwm" 0, "storm.group.mapping.service.params" nil, "worker.profiler.enabled" false, "storm.principal.tolocal" "org.apache.storm.security.auth.DefaultPrincipalToLocal", "supervisor.worker.shutdown.sleep.secs" 1, "pacemaker.host" "localhost", "storm.zookeeper.retry.times" 5, "ui.actions.enabled" true, "zmq.linger.millis" 0, "supervisor.enable" true, "topology.stats.sample.rate" 0.05, "storm.messaging.netty.min_wait_ms" 100, "worker.log.level.reset.poll.secs" 30, "storm.zookeeper.port" 2002, "supervisor.heartbeat.frequency.secs" 5, "topology.enable.message.timeouts" false, "supervisor.cpu.capacity" 400.0, "drpc.worker.threads" 64, "supervisor.blobstore.download.thread.count" 5, "drpc.queue.size" 128, "topology.backpressure.enable" false, "supervisor.blobstore.class" "org.apache.storm.blobstore.NimbusBlobStore", "storm.blobstore.inputstream.buffer.size.bytes" 65536, "topology.shellbolt.max.pending" 100, "drpc.https.keystore.password" "", "nimbus.code.sync.freq.secs" 120, "logviewer.port" 8000, "topology.scheduler.strategy" "org.apache.storm.scheduler.resource.strategies.scheduling.DefaultResourceAwareStrategy", "topology.executor.send.buffer.size" 1024, "resource.aware.scheduler.priority.strategy" "org.apache.storm.scheduler.resource.strategies.priority.DefaultSchedulingPriorityStrategy", "pacemaker.auth.method" "NONE", "storm.daemon.metrics.reporter.plugins" ["org.apache.storm.daemon.metrics.reporters.JmxPreparableReporter"], "topology.worker.logwriter.childopts" "-Xmx64m", "topology.spout.wait.strategy" "org.apache.storm.spout.SleepSpoutWaitStrategy", "ui.host" "0.0.0.0", "storm.nimbus.retry.interval.millis" 2000, "nimbus.inbox.jar.expiration.secs" 3600, "dev.zookeeper.path" "/tmp/dev-storm-zookeeper", "topology.acker.executors" nil, "topology.fall.back.on.java.serialization" true, "topology.eventlogger.executors" 0, "supervisor.localizer.cleanup.interval.ms" 600000, "storm.zookeeper.servers" ["localhost"], "nimbus.thrift.threads" 64, "logviewer.cleanup.age.mins" 10080, "topology.worker.childopts" nil, "topology.classpath" nil, "supervisor.monitor.frequency.secs" 3, "nimbus.credential.renewers.freq.secs" 600, "topology.skip.missing.kryo.registrations" true, "drpc.authorizer.acl.filename" "drpc-auth-acl.yaml", "pacemaker.kerberos.users" [], "storm.group.mapping.service.cache.duration.secs" 120, "topology.testing.always.try.serialize" false, "nimbus.monitor.freq.secs" 10, "storm.health.check.timeout.ms" 5000, "supervisor.supervisors" [], "topology.tasks" nil, "topology.bolts.outgoing.overflow.buffer.enable" false, "storm.messaging.netty.socket.backlog" 500, "topology.workers" 1, "pacemaker.base.threads" 10, "storm.local.dir" "/tmp/0ad8ecee-db22-4127-8a93-3d80e4d8285d", "topology.disable.loadaware" false, "worker.childopts" "-Xmx%HEAP-MEM%m -XX:+PrintGCDetails -Xloggc:artifacts/gc.log -XX:+PrintGCDateStamps -XX:+PrintGCTimeStamps -XX:+UseGCLogFileRotation -XX:NumberOfGCLogFiles=10 -XX:GCLogFileSize=1M -XX:+HeapDumpOnOutOfMemoryError -XX:HeapDumpPath=artifacts/heapdump", "storm.auth.simple-white-list.users" [], "topology.disruptor.batch.timeout.millis" 1, "topology.message.timeout.secs" 30, "topology.state.synchronization.timeout.secs" 60, "topology.tuple.serializer" "org.apache.storm.serialization.types.ListDelegateSerializer", "supervisor.supervisors.commands" [], "nimbus.blobstore.expiration.secs" 600, "logviewer.childopts" "-Xmx128m", "topology.environment" nil, "topology.debug" false, "topology.disruptor.batch.size" 100, "storm.messaging.netty.max_retries" 300, "ui.childopts" "-Xmx768m", "storm.network.topography.plugin" "org.apache.storm.networktopography.DefaultRackDNSToSwitchMapping", "storm.zookeeper.session.timeout" 20000, "drpc.childopts" "-Xmx768m", "drpc.http.creds.plugin" "org.apache.storm.security.auth.DefaultHttpCredentialsPlugin", "storm.zookeeper.connection.timeout" 15000, "storm.zookeeper.auth.user" nil, "storm.meta.serialization.delegate" "org.apache.storm.serialization.GzipThriftSerializationDelegate", "topology.max.spout.pending" nil, "storm.codedistributor.class" "org.apache.storm.codedistributor.LocalFileSystemCodeDistributor", "nimbus.supervisor.timeout.secs" 60, "nimbus.task.timeout.secs" 30, "drpc.port" 3772, "pacemaker.max.threads" 50, "storm.zookeeper.retry.intervalceiling.millis" 30000, "nimbus.thrift.port" 6627, "storm.auth.simple-acl.admins" [], "topology.component.cpu.pcore.percent" 10.0, "supervisor.memory.capacity.mb" 3072.0, "storm.nimbus.retry.times" 5, "supervisor.worker.start.timeout.secs" 120, "storm.zookeeper.retry.interval" 1000, "logs.users" nil, "worker.profiler.command" "flight.bash", "transactional.zookeeper.port" nil, "drpc.max_buffer_size" 1048576, "pacemaker.thread.timeout" 10, "task.credentials.poll.secs" 30, "blobstore.superuser" "travis", "drpc.https.keystore.type" "JKS", "topology.worker.receiver.thread.count" 1, "topology.state.checkpoint.interval.ms" 1000, "supervisor.slots.ports" (1024 1025 1026), "topology.transfer.buffer.size" 1024, "storm.health.check.dir" "healthchecks", "topology.worker.shared.thread.pool.size" 4, "drpc.authorizer.acl.strict" false, "nimbus.file.copy.expiration.secs" 600, "worker.profiler.childopts" "-XX:+UnlockCommercialFeatures -XX:+FlightRecorder", "topology.executor.receive.buffer.size" 1024, "backpressure.disruptor.low.watermark" 0.4, "nimbus.task.launch.secs" 120, "storm.local.mode.zmq" false, "storm.messaging.netty.buffer_size" 5242880, "storm.cluster.state.store" "org.apache.storm.cluster_state.zookeeper_state_factory", "worker.heartbeat.frequency.secs" 1, "storm.log4j2.conf.dir" "log4j2", "ui.http.creds.plugin" "org.apache.storm.security.auth.DefaultHttpCredentialsPlugin", "storm.zookeeper.root" "/storm", "topology.tick.tuple.freq.secs" nil, "drpc.https.port" -1, "storm.workers.artifacts.dir" "workers-artifacts", "supervisor.blobstore.download.max_retries" 3, "task.refresh.poll.secs" 10, "storm.exhibitor.port" 8080, "task.heartbeat.frequency.secs" 3, "pacemaker.port" 6699, "storm.messaging.netty.max_wait_ms" 1000, "topology.component.resources.offheap.memory.mb" 0.0, "drpc.http.port" 3774, "topology.error.throttle.interval.secs" 10, "storm.messaging.transport" "org.apache.storm.messaging.netty.Context", "storm.messaging.netty.authentication" false, "topology.component.resources.onheap.memory.mb" 128.0, "topology.kryo.factory" "org.apache.storm.serialization.DefaultKryoFactory", "worker.gc.childopts" "", "nimbus.topology.validator" "org.apache.storm.nimbus.DefaultTopologyValidator", "nimbus.seeds" ["localhost"], "nimbus.queue.size" 100000, "nimbus.cleanup.inbox.freq.secs" 600, "storm.blobstore.replication.factor" 3, "worker.heap.memory.mb" 768, "logviewer.max.sum.worker.logs.size.mb" 4096, "pacemaker.childopts" "-Xmx1024m", "ui.users" nil, "transactional.zookeeper.servers" nil, "supervisor.worker.timeout.secs" 30, "storm.zookeeper.auth.password" nil, "storm.blobstore.acl.validation.enabled" false, "client.blobstore.class" "org.apache.storm.blobstore.NimbusBlobStore", "supervisor.childopts" "-Xmx256m", "topology.worker.max.heap.size.mb" 768.0, "ui.http.x-frame-options" "DENY", "backpressure.disruptor.high.watermark" 0.9, "ui.filter" nil, "ui.header.buffer.bytes" 4096, "topology.min.replication.count" 1, "topology.disruptor.wait.timeout.millis" 1000, "storm.nimbus.retry.intervalceiling.millis" 60000, "topology.trident.batch.emit.interval.millis" 50, "storm.auth.simple-acl.users" [], "drpc.invocations.threads" 64, "java.library.path" "/usr/local/lib:/opt/local/lib:/usr/lib", "ui.port" 8080, "storm.exhibitor.poll.uripath" "/exhibitor/v1/cluster/list", "storm.messaging.netty.transfer.batch.size" 262144, "logviewer.appender.name" "A1", "nimbus.thrift.max_buffer_size" 1048576, "storm.auth.simple-acl.users.commands" [], "drpc.request.timeout.secs" 600}
108098 [Thread-988] INFO  o.a.s.d.worker - Launching worker for topologytest-433f1ca8-a4ce-4f8d-b471-f25702d7ba98-1-0 on ae31c640-bee4-4226-bcf9-d7a71826e3a7:1027 with id 362582a0-53f5-4cd0-8652-3aca2bffb3ab and conf {"topology.builtin.metrics.bucket.size.secs" 60, "nimbus.childopts" "-Xmx1024m", "ui.filter.params" nil, "storm.cluster.mode" "local", "storm.messaging.netty.client_worker_threads" 1, "logviewer.max.per.worker.logs.size.mb" 2048, "supervisor.run.worker.as.user" false, "topology.max.task.parallelism" nil, "topology.priority" 29, "zmq.threads" 1, "storm.group.mapping.service" "org.apache.storm.security.auth.ShellBasedGroupsMapping", "transactional.zookeeper.root" "/transactional", "topology.sleep.spout.wait.strategy.time.ms" 1, "scheduler.display.resource" false, "topology.max.replication.wait.time.sec" 60, "drpc.invocations.port" 3773, "supervisor.localizer.cache.target.size.mb" 10240, "topology.multilang.serializer" "org.apache.storm.multilang.JsonSerializer", "storm.messaging.netty.server_worker_threads" 1, "nimbus.blobstore.class" "org.apache.storm.blobstore.LocalFsBlobStore", "resource.aware.scheduler.eviction.strategy" "org.apache.storm.scheduler.resource.strategies.eviction.DefaultEvictionStrategy", "topology.max.error.report.per.interval" 5, "storm.thrift.transport" "org.apache.storm.security.auth.SimpleTransportPlugin", "zmq.hwm" 0, "storm.group.mapping.service.params" nil, "worker.profiler.enabled" false, "storm.principal.tolocal" "org.apache.storm.security.auth.DefaultPrincipalToLocal", "supervisor.worker.shutdown.sleep.secs" 1, "pacemaker.host" "localhost", "storm.zookeeper.retry.times" 5, "ui.actions.enabled" true, "zmq.linger.millis" 0, "supervisor.enable" true, "topology.stats.sample.rate" 0.05, "storm.messaging.netty.min_wait_ms" 100, "worker.log.level.reset.poll.secs" 30, "storm.zookeeper.port" 2002, "supervisor.heartbeat.frequency.secs" 5, "topology.enable.message.timeouts" false, "supervisor.cpu.capacity" 400.0, "drpc.worker.threads" 64, "supervisor.blobstore.download.thread.count" 5, "drpc.queue.size" 128, "topology.backpressure.enable" false, "supervisor.blobstore.class" "org.apache.storm.blobstore.NimbusBlobStore", "storm.blobstore.inputstream.buffer.size.bytes" 65536, "topology.shellbolt.max.pending" 100, "drpc.https.keystore.password" "", "nimbus.code.sync.freq.secs" 120, "logviewer.port" 8000, "topology.scheduler.strategy" "org.apache.storm.scheduler.resource.strategies.scheduling.DefaultResourceAwareStrategy", "topology.executor.send.buffer.size" 1024, "resource.aware.scheduler.priority.strategy" "org.apache.storm.scheduler.resource.strategies.priority.DefaultSchedulingPriorityStrategy", "pacemaker.auth.method" "NONE", "storm.daemon.metrics.reporter.plugins" ["org.apache.storm.daemon.metrics.reporters.JmxPreparableReporter"], "topology.worker.logwriter.childopts" "-Xmx64m", "topology.spout.wait.strategy" "org.apache.storm.spout.SleepSpoutWaitStrategy", "ui.host" "0.0.0.0", "storm.nimbus.retry.interval.millis" 2000, "nimbus.inbox.jar.expiration.secs" 3600, "dev.zookeeper.path" "/tmp/dev-storm-zookeeper", "topology.acker.executors" nil, "topology.fall.back.on.java.serialization" true, "topology.eventlogger.executors" 0, "supervisor.localizer.cleanup.interval.ms" 600000, "storm.zookeeper.servers" ["localhost"], "nimbus.thrift.threads" 64, "logviewer.cleanup.age.mins" 10080, "topology.worker.childopts" nil, "topology.classpath" nil, "supervisor.monitor.frequency.secs" 3, "nimbus.credential.renewers.freq.secs" 600, "topology.skip.missing.kryo.registrations" true, "drpc.authorizer.acl.filename" "drpc-auth-acl.yaml", "pacemaker.kerberos.users" [], "storm.group.mapping.service.cache.duration.secs" 120, "topology.testing.always.try.serialize" false, "nimbus.monitor.freq.secs" 10, "storm.health.check.timeout.ms" 5000, "supervisor.supervisors" [], "topology.tasks" nil, "topology.bolts.outgoing.overflow.buffer.enable" false, "storm.messaging.netty.socket.backlog" 500, "topology.workers" 1, "pacemaker.base.threads" 10, "storm.local.dir" "/tmp/99392322-c8dc-45b0-8a13-485bed6119c3", "topology.disable.loadaware" false, "worker.childopts" "-Xmx%HEAP-MEM%m -XX:+PrintGCDetails -Xloggc:artifacts/gc.log -XX:+PrintGCDateStamps -XX:+PrintGCTimeStamps -XX:+UseGCLogFileRotation -XX:NumberOfGCLogFiles=10 -XX:GCLogFileSize=1M -XX:+HeapDumpOnOutOfMemoryError -XX:HeapDumpPath=artifacts/heapdump", "storm.auth.simple-white-list.users" [], "topology.disruptor.batch.timeout.millis" 1, "topology.message.timeout.secs" 30, "topology.state.synchronization.timeout.secs" 60, "topology.tuple.serializer" "org.apache.storm.serialization.types.ListDelegateSerializer", "supervisor.supervisors.commands" [], "nimbus.blobstore.expiration.secs" 600, "logviewer.childopts" "-Xmx128m", "topology.environment" nil, "topology.debug" false, "topology.disruptor.batch.size" 100, "storm.messaging.netty.max_retries" 300, "ui.childopts" "-Xmx768m", "storm.network.topography.plugin" "org.apache.storm.networktopography.DefaultRackDNSToSwitchMapping", "storm.zookeeper.session.timeout" 20000, "drpc.childopts" "-Xmx768m", "drpc.http.creds.plugin" "org.apache.storm.security.auth.DefaultHttpCredentialsPlugin", "storm.zookeeper.connection.timeout" 15000, "storm.zookeeper.auth.user" nil, "storm.meta.serialization.delegate" "org.apache.storm.serialization.GzipThriftSerializationDelegate", "topology.max.spout.pending" nil, "storm.codedistributor.class" "org.apache.storm.codedistributor.LocalFileSystemCodeDistributor", "nimbus.supervisor.timeout.secs" 60, "nimbus.task.timeout.secs" 30, "drpc.port" 3772, "pacemaker.max.threads" 50, "storm.zookeeper.retry.intervalceiling.millis" 30000, "nimbus.thrift.port" 6627, "storm.auth.simple-acl.admins" [], "topology.component.cpu.pcore.percent" 10.0, "supervisor.memory.capacity.mb" 3072.0, "storm.nimbus.retry.times" 5, "supervisor.worker.start.timeout.secs" 120, "storm.zookeeper.retry.interval" 1000, "logs.users" nil, "worker.profiler.command" "flight.bash", "transactional.zookeeper.port" nil, "drpc.max_buffer_size" 1048576, "pacemaker.thread.timeout" 10, "task.credentials.poll.secs" 30, "blobstore.superuser" "travis", "drpc.https.keystore.type" "JKS", "topology.worker.receiver.thread.count" 1, "topology.state.checkpoint.interval.ms" 1000, "supervisor.slots.ports" (1027 1028 1029), "topology.transfer.buffer.size" 1024, "storm.health.check.dir" "healthchecks", "topology.worker.shared.thread.pool.size" 4, "drpc.authorizer.acl.strict" false, "nimbus.file.copy.expiration.secs" 600, "worker.profiler.childopts" "-XX:+UnlockCommercialFeatures -XX:+FlightRecorder", "topology.executor.receive.buffer.size" 1024, "backpressure.disruptor.low.watermark" 0.4, "nimbus.task.launch.secs" 120, "storm.local.mode.zmq" false, "storm.messaging.netty.buffer_size" 5242880, "storm.cluster.state.store" "org.apache.storm.cluster_state.zookeeper_state_factory", "worker.heartbeat.frequency.secs" 1, "storm.log4j2.conf.dir" "log4j2", "ui.http.creds.plugin" "org.apache.storm.security.auth.DefaultHttpCredentialsPlugin", "storm.zookeeper.root" "/storm", "topology.tick.tuple.freq.secs" nil, "drpc.https.port" -1, "storm.workers.artifacts.dir" "workers-artifacts", "supervisor.blobstore.download.max_retries" 3, "task.refresh.poll.secs" 10, "storm.exhibitor.port" 8080, "task.heartbeat.frequency.secs" 3, "pacemaker.port" 6699, "storm.messaging.netty.max_wait_ms" 1000, "topology.component.resources.offheap.memory.mb" 0.0, "drpc.http.port" 3774, "topology.error.throttle.interval.secs" 10, "storm.messaging.transport" "org.apache.storm.messaging.netty.Context", "storm.messaging.netty.authentication" false, "topology.component.resources.onheap.memory.mb" 128.0, "topology.kryo.factory" "org.apache.storm.serialization.DefaultKryoFactory", "worker.gc.childopts" "", "nimbus.topology.validator" "org.apache.storm.nimbus.DefaultTopologyValidator", "nimbus.seeds" ["localhost"], "nimbus.queue.size" 100000, "nimbus.cleanup.inbox.freq.secs" 600, "storm.blobstore.replication.factor" 3, "worker.heap.memory.mb" 768, "logviewer.max.sum.worker.logs.size.mb" 4096, "pacemaker.childopts" "-Xmx1024m", "ui.users" nil, "transactional.zookeeper.servers" nil, "supervisor.worker.timeout.secs" 30, "storm.zookeeper.auth.password" nil, "storm.blobstore.acl.validation.enabled" false, "client.blobstore.class" "org.apache.storm.blobstore.NimbusBlobStore", "supervisor.childopts" "-Xmx256m", "topology.worker.max.heap.size.mb" 768.0, "ui.http.x-frame-options" "DENY", "backpressure.disruptor.high.watermark" 0.9, "ui.filter" nil, "ui.header.buffer.bytes" 4096, "topology.min.replication.count" 1, "topology.disruptor.wait.timeout.millis" 1000, "storm.nimbus.retry.intervalceiling.millis" 60000, "topology.trident.batch.emit.interval.millis" 50, "storm.auth.simple-acl.users" [], "drpc.invocations.threads" 64, "java.library.path" "/usr/local/lib:/opt/local/lib:/usr/lib", "ui.port" 8080, "storm.exhibitor.poll.uripath" "/exhibitor/v1/cluster/list", "storm.messaging.netty.transfer.batch.size" 262144, "logviewer.appender.name" "A1", "nimbus.thrift.max_buffer_size" 1048576, "storm.auth.simple-acl.users.commands" [], "drpc.request.timeout.secs" 600}
108098 [Thread-986] INFO  o.a.c.f.i.CuratorFrameworkImpl - Starting
108100 [Thread-988] INFO  o.a.c.f.i.CuratorFrameworkImpl - Starting
108102 [Thread-986-EventThread] INFO  o.a.c.f.s.ConnectionStateManager - State change: CONNECTED
108102 [Thread-986-EventThread] INFO  o.a.s.zookeeper - Zookeeper state update: :connected:none
108104 [Curator-Framework-0] INFO  o.a.c.f.i.CuratorFrameworkImpl - backgroundOperationsLoop exiting
108105 [Thread-986] INFO  o.a.c.f.i.CuratorFrameworkImpl - Starting
108106 [NIOServerCxn.Factory:0.0.0.0/0.0.0.0:2002] WARN  o.a.z.s.NIOServerCnxn - caught end of stream exception
org.apache.zookeeper.server.ServerCnxn$EndOfStreamException: Unable to read additional data from client sessionid 0x156415a32f80011, likely client has closed socket
	at org.apache.zookeeper.server.NIOServerCnxn.doIO(NIOServerCnxn.java:228) [zookeeper-3.4.6.jar:3.4.6-1569965]
	at org.apache.zookeeper.server.NIOServerCnxnFactory.run(NIOServerCnxnFactory.java:208) [zookeeper-3.4.6.jar:3.4.6-1569965]
	at java.lang.Thread.run(Thread.java:745) [?:1.8.0_31]
108112 [Thread-986-EventThread] INFO  o.a.c.f.s.ConnectionStateManager - State change: CONNECTED
108114 [Thread-986] INFO  o.a.s.s.a.AuthUtils - Got AutoCreds []
108114 [Thread-986] INFO  o.a.s.d.worker - Reading Assignments.
108121 [Thread-986] INFO  o.a.s.d.worker - Registering IConnectionCallbacks for 66256744-10da-49e3-a476-ad92b2021461:1024
108125 [Thread-986] INFO  o.a.s.d.executor - Loading executor __acker:[7 7]
108125 [Thread-986] INFO  o.a.s.d.executor - Loaded executor tasks __acker:[7 7]
108126 [Thread-986] INFO  o.a.s.d.executor - Timeouts disabled for executor __acker:[7 7]
108126 [Thread-986] INFO  o.a.s.d.executor - Finished loading executor __acker:[7 7]
108129 [Thread-986] INFO  o.a.s.d.executor - Loading executor 1:[3 3]
108129 [Thread-986] INFO  o.a.s.d.executor - Loaded executor tasks 1:[3 3]
108130 [Thread-986] INFO  o.a.s.d.executor - Timeouts disabled for executor 1:[3 3]
108130 [Thread-986] INFO  o.a.s.d.executor - Finished loading executor 1:[3 3]
108132 [Thread-986] INFO  o.a.s.d.executor - Loading executor 1:[1 1]
108132 [Thread-986] INFO  o.a.s.d.executor - Loaded executor tasks 1:[1 1]
108133 [Thread-986] INFO  o.a.s.d.executor - Timeouts disabled for executor 1:[1 1]
108133 [Thread-986] INFO  o.a.s.d.executor - Finished loading executor 1:[1 1]
108134 [Thread-988-EventThread] INFO  o.a.c.f.s.ConnectionStateManager - State change: CONNECTED
108134 [Thread-988-EventThread] INFO  o.a.s.zookeeper - Zookeeper state update: :connected:none
108134 [Curator-Framework-0] INFO  o.a.c.f.i.CuratorFrameworkImpl - backgroundOperationsLoop exiting
108136 [Thread-988] INFO  o.a.c.f.i.CuratorFrameworkImpl - Starting
108137 [Thread-986] INFO  o.a.s.d.executor - Loading executor __system:[-1 -1]
108137 [Thread-986] INFO  o.a.s.d.executor - Loaded executor tasks __system:[-1 -1]
108142 [Thread-986] INFO  o.a.s.d.executor - Finished loading executor __system:[-1 -1]
108144 [Thread-988-EventThread] INFO  o.a.c.f.s.ConnectionStateManager - State change: CONNECTED
108146 [Thread-986] INFO  o.a.s.d.executor - Loading executor 5c72efd9-8bc2-465a-8729-7f0f1555c8bd:[5 5]
108146 [Thread-986] INFO  o.a.s.d.executor - Loaded executor tasks 5c72efd9-8bc2-465a-8729-7f0f1555c8bd:[5 5]
108147 [Thread-986] INFO  o.a.s.d.executor - Finished loading executor 5c72efd9-8bc2-465a-8729-7f0f1555c8bd:[5 5]
108147 [Thread-986] INFO  o.a.s.d.worker - Started with log levels: {"" #object[org.apache.logging.log4j.Level 0x7e455e4e "INFO"], "foo" #object[org.apache.logging.log4j.Level 0x6a076482 "WARN"], "org.apache.zookeeper" #object[org.apache.logging.log4j.Level 0x6a076482 "WARN"]}
108149 [Thread-988] INFO  o.a.s.s.a.AuthUtils - Got AutoCreds []
108149 [Thread-988] INFO  o.a.s.d.worker - Reading Assignments.
108150 [Thread-986] INFO  o.a.s.d.worker - Worker has topology config {"topology.builtin.metrics.bucket.size.secs" 60, "nimbus.childopts" "-Xmx1024m", "ui.filter.params" nil, "storm.cluster.mode" "local", "storm.messaging.netty.client_worker_threads" 1, "logviewer.max.per.worker.logs.size.mb" 2048, "supervisor.run.worker.as.user" false, "topology.max.task.parallelism" nil, "topology.priority" 29, "zmq.threads" 1, "storm.group.mapping.service" "org.apache.storm.security.auth.ShellBasedGroupsMapping", "transactional.zookeeper.root" "/transactional", "topology.sleep.spout.wait.strategy.time.ms" 1, "scheduler.display.resource" false, "topology.max.replication.wait.time.sec" 60, "drpc.invocations.port" 3773, "supervisor.localizer.cache.target.size.mb" 10240, "topology.multilang.serializer" "org.apache.storm.multilang.JsonSerializer", "storm.messaging.netty.server_worker_threads" 1, "nimbus.blobstore.class" "org.apache.storm.blobstore.LocalFsBlobStore", "resource.aware.scheduler.eviction.strategy" "org.apache.storm.scheduler.resource.strategies.eviction.DefaultEvictionStrategy", "topology.max.error.report.per.interval" 5, "storm.thrift.transport" "org.apache.storm.security.auth.SimpleTransportPlugin", "zmq.hwm" 0, "storm.group.mapping.service.params" nil, "worker.profiler.enabled" false, "storm.principal.tolocal" "org.apache.storm.security.auth.DefaultPrincipalToLocal", "supervisor.worker.shutdown.sleep.secs" 1, "pacemaker.host" "localhost", "storm.zookeeper.retry.times" 5, "ui.actions.enabled" true, "zmq.linger.millis" 0, "supervisor.enable" true, "topology.stats.sample.rate" 0.05, "storm.messaging.netty.min_wait_ms" 100, "worker.log.level.reset.poll.secs" 30, "storm.zookeeper.port" 2002, "supervisor.heartbeat.frequency.secs" 5, "topology.enable.message.timeouts" false, "supervisor.cpu.capacity" 400.0, "drpc.worker.threads" 64, "supervisor.blobstore.download.thread.count" 5, "drpc.queue.size" 128, "topology.backpressure.enable" false, "supervisor.blobstore.class" "org.apache.storm.blobstore.NimbusBlobStore", "storm.blobstore.inputstream.buffer.size.bytes" 65536, "topology.shellbolt.max.pending" 100, "drpc.https.keystore.password" "", "nimbus.code.sync.freq.secs" 120, "logviewer.port" 8000, "topology.scheduler.strategy" "org.apache.storm.scheduler.resource.strategies.scheduling.DefaultResourceAwareStrategy", "topology.executor.send.buffer.size" 1024, "resource.aware.scheduler.priority.strategy" "org.apache.storm.scheduler.resource.strategies.priority.DefaultSchedulingPriorityStrategy", "pacemaker.auth.method" "NONE", "storm.daemon.metrics.reporter.plugins" ["org.apache.storm.daemon.metrics.reporters.JmxPreparableReporter"], "topology.worker.logwriter.childopts" "-Xmx64m", "topology.spout.wait.strategy" "org.apache.storm.spout.SleepSpoutWaitStrategy", "ui.host" "0.0.0.0", "topology.submitter.principal" "", "storm.nimbus.retry.interval.millis" 2000, "nimbus.inbox.jar.expiration.secs" 3600, "dev.zookeeper.path" "/tmp/dev-storm-zookeeper", "topology.acker.executors" nil, "topology.fall.back.on.java.serialization" true, "topology.eventlogger.executors" 0, "supervisor.localizer.cleanup.interval.ms" 600000, "storm.zookeeper.servers" ["localhost"], "nimbus.thrift.threads" 64, "logviewer.cleanup.age.mins" 10080, "topology.worker.childopts" nil, "topology.classpath" nil, "supervisor.monitor.frequency.secs" 3, "nimbus.credential.renewers.freq.secs" 600, "topology.skip.missing.kryo.registrations" true, "drpc.authorizer.acl.filename" "drpc-auth-acl.yaml", "pacemaker.kerberos.users" [], "storm.group.mapping.service.cache.duration.secs" 120, "topology.testing.always.try.serialize" false, "nimbus.monitor.freq.secs" 10, "storm.health.check.timeout.ms" 5000, "supervisor.supervisors" [], "topology.tasks" nil, "topology.bolts.outgoing.overflow.buffer.enable" false, "storm.messaging.netty.socket.backlog" 500, "topology.workers" 2, "pacemaker.base.threads" 10, "storm.local.dir" "/tmp/04414187-c56a-473b-b933-6cf4a5d32446", "topology.disable.loadaware" false, "worker.childopts" "-Xmx%HEAP-MEM%m -XX:+PrintGCDetails -Xloggc:artifacts/gc.log -XX:+PrintGCDateStamps -XX:+PrintGCTimeStamps -XX:+UseGCLogFileRotation -XX:NumberOfGCLogFiles=10 -XX:GCLogFileSize=1M -XX:+HeapDumpOnOutOfMemoryError -XX:HeapDumpPath=artifacts/heapdump", "storm.auth.simple-white-list.users" [], "topology.disruptor.batch.timeout.millis" 1, "topology.message.timeout.secs" 30, "topology.state.synchronization.timeout.secs" 60, "topology.tuple.serializer" "org.apache.storm.serialization.types.ListDelegateSerializer", "supervisor.supervisors.commands" [], "nimbus.blobstore.expiration.secs" 600, "logviewer.childopts" "-Xmx128m", "topology.environment" nil, "topology.debug" false, "topology.disruptor.batch.size" 100, "storm.messaging.netty.max_retries" 300, "ui.childopts" "-Xmx768m", "storm.network.topography.plugin" "org.apache.storm.networktopography.DefaultRackDNSToSwitchMapping", "storm.zookeeper.session.timeout" 20000, "drpc.childopts" "-Xmx768m", "drpc.http.creds.plugin" "org.apache.storm.security.auth.DefaultHttpCredentialsPlugin", "storm.zookeeper.connection.timeout" 15000, "storm.zookeeper.auth.user" nil, "storm.meta.serialization.delegate" "org.apache.storm.serialization.GzipThriftSerializationDelegate", "topology.max.spout.pending" nil, "storm.codedistributor.class" "org.apache.storm.codedistributor.LocalFileSystemCodeDistributor", "nimbus.supervisor.timeout.secs" 60, "nimbus.task.timeout.secs" 30, "storm.zookeeper.superACL" nil, "drpc.port" 3772, "pacemaker.max.threads" 50, "storm.zookeeper.retry.intervalceiling.millis" 30000, "nimbus.thrift.port" 6627, "storm.auth.simple-acl.admins" [], "topology.component.cpu.pcore.percent" 10.0, "supervisor.memory.capacity.mb" 3072.0, "storm.nimbus.retry.times" 5, "supervisor.worker.start.timeout.secs" 120, "storm.zookeeper.retry.interval" 1000, "logs.users" nil, "worker.profiler.command" "flight.bash", "transactional.zookeeper.port" nil, "drpc.max_buffer_size" 1048576, "pacemaker.thread.timeout" 10, "task.credentials.poll.secs" 30, "blobstore.superuser" "travis", "drpc.https.keystore.type" "JKS", "topology.worker.receiver.thread.count" 1, "topology.state.checkpoint.interval.ms" 1000, "supervisor.slots.ports" [6700 6701 6702 6703], "topology.transfer.buffer.size" 1024, "storm.health.check.dir" "healthchecks", "topology.worker.shared.thread.pool.size" 4, "drpc.authorizer.acl.strict" false, "nimbus.file.copy.expiration.secs" 600, "worker.profiler.childopts" "-XX:+UnlockCommercialFeatures -XX:+FlightRecorder", "topology.executor.receive.buffer.size" 1024, "backpressure.disruptor.low.watermark" 0.4, "topology.users" [], "nimbus.task.launch.secs" 120, "storm.local.mode.zmq" false, "storm.messaging.netty.buffer_size" 5242880, "storm.cluster.state.store" "org.apache.storm.cluster_state.zookeeper_state_factory", "worker.heartbeat.frequency.secs" 1, "storm.log4j2.conf.dir" "log4j2", "ui.http.creds.plugin" "org.apache.storm.security.auth.DefaultHttpCredentialsPlugin", "storm.zookeeper.root" "/storm", "topology.submitter.user" "travis", "topology.tick.tuple.freq.secs" nil, "drpc.https.port" -1, "storm.workers.artifacts.dir" "workers-artifacts", "supervisor.blobstore.download.max_retries" 3, "task.refresh.poll.secs" 10, "storm.exhibitor.port" 8080, "task.heartbeat.frequency.secs" 3, "pacemaker.port" 6699, "storm.messaging.netty.max_wait_ms" 1000, "topology.component.resources.offheap.memory.mb" 0.0, "drpc.http.port" 3774, "topology.error.throttle.interval.secs" 10, "storm.messaging.transport" "org.apache.storm.messaging.netty.Context", "storm.messaging.netty.authentication" false, "topology.component.resources.onheap.memory.mb" 128.0, "topology.kryo.factory" "org.apache.storm.serialization.DefaultKryoFactory", "topology.kryo.register" nil, "worker.gc.childopts" "", "nimbus.topology.validator" "org.apache.storm.nimbus.DefaultTopologyValidator", "nimbus.seeds" ["localhost"], "nimbus.queue.size" 100000, "nimbus.cleanup.inbox.freq.secs" 600, "storm.blobstore.replication.factor" 3, "worker.heap.memory.mb" 768, "logviewer.max.sum.worker.logs.size.mb" 4096, "pacemaker.childopts" "-Xmx1024m", "ui.users" nil, "transactional.zookeeper.servers" nil, "supervisor.worker.timeout.secs" 30, "storm.zookeeper.auth.password" nil, "storm.blobstore.acl.validation.enabled" false, "client.blobstore.class" "org.apache.storm.blobstore.NimbusBlobStore", "supervisor.childopts" "-Xmx256m", "topology.worker.max.heap.size.mb" 768.0, "ui.http.x-frame-options" "DENY", "backpressure.disruptor.high.watermark" 0.9, "ui.filter" nil, "ui.header.buffer.bytes" 4096, "topology.min.replication.count" 1, "topology.disruptor.wait.timeout.millis" 1000, "storm.nimbus.retry.intervalceiling.millis" 60000, "topology.trident.batch.emit.interval.millis" 50, "storm.auth.simple-acl.users" [], "drpc.invocations.threads" 64, "java.library.path" "/usr/local/lib:/opt/local/lib:/usr/lib", "ui.port" 8080, "topology.kryo.decorators" [], "storm.id" "topologytest-433f1ca8-a4ce-4f8d-b471-f25702d7ba98-1-0", "topology.name" "topologytest-433f1ca8-a4ce-4f8d-b471-f25702d7ba98", "storm.exhibitor.poll.uripath" "/exhibitor/v1/cluster/list", "storm.messaging.netty.transfer.batch.size" 262144, "logviewer.appender.name" "A1", "nimbus.thrift.max_buffer_size" 1048576, "storm.auth.simple-acl.users.commands" [], "drpc.request.timeout.secs" 600}
108150 [Thread-986] INFO  o.a.s.d.worker - Worker 7edca769-cdb1-475a-840c-a2fa09a6c5fd for storm topologytest-433f1ca8-a4ce-4f8d-b471-f25702d7ba98-1-0 on 66256744-10da-49e3-a476-ad92b2021461:1024 has finished loading
108150 [Thread-986] INFO  o.a.s.config - SET worker-user 7edca769-cdb1-475a-840c-a2fa09a6c5fd 
108156 [Thread-988] INFO  o.a.s.d.worker - Registering IConnectionCallbacks for ae31c640-bee4-4226-bcf9-d7a71826e3a7:1027
108163 [Thread-988] INFO  o.a.s.d.executor - Loading executor 1:[2 2]
108164 [Thread-988] INFO  o.a.s.d.executor - Loaded executor tasks 1:[2 2]
108166 [Thread-988] INFO  o.a.s.d.executor - Timeouts disabled for executor 1:[2 2]
108166 [Thread-988] INFO  o.a.s.d.executor - Finished loading executor 1:[2 2]
108168 [Thread-988] INFO  o.a.s.d.executor - Loading executor __acker:[6 6]
108169 [Thread-988] INFO  o.a.s.d.executor - Loaded executor tasks __acker:[6 6]
108169 [Thread-988] INFO  o.a.s.d.executor - Timeouts disabled for executor __acker:[6 6]
108169 [Thread-988] INFO  o.a.s.d.executor - Finished loading executor __acker:[6 6]
108172 [Thread-988] INFO  o.a.s.d.executor - Loading executor __system:[-1 -1]
108172 [Thread-988] INFO  o.a.s.d.executor - Loaded executor tasks __system:[-1 -1]
108173 [Thread-988] INFO  o.a.s.d.executor - Finished loading executor __system:[-1 -1]
108176 [Thread-988] INFO  o.a.s.d.executor - Loading executor 2:[4 4]
108176 [Thread-988] INFO  o.a.s.d.executor - Loaded executor tasks 2:[4 4]
108187 [Thread-988] INFO  o.a.s.d.executor - Finished loading executor 2:[4 4]
108187 [Thread-988] INFO  o.a.s.d.worker - Started with log levels: {"" #object[org.apache.logging.log4j.Level 0x7e455e4e "INFO"], "foo" #object[org.apache.logging.log4j.Level 0x6a076482 "WARN"], "org.apache.zookeeper" #object[org.apache.logging.log4j.Level 0x6a076482 "WARN"]}
108190 [Thread-988] INFO  o.a.s.d.worker - Worker has topology config {"topology.builtin.metrics.bucket.size.secs" 60, "nimbus.childopts" "-Xmx1024m", "ui.filter.params" nil, "storm.cluster.mode" "local", "storm.messaging.netty.client_worker_threads" 1, "logviewer.max.per.worker.logs.size.mb" 2048, "supervisor.run.worker.as.user" false, "topology.max.task.parallelism" nil, "topology.priority" 29, "zmq.threads" 1, "storm.group.mapping.service" "org.apache.storm.security.auth.ShellBasedGroupsMapping", "transactional.zookeeper.root" "/transactional", "topology.sleep.spout.wait.strategy.time.ms" 1, "scheduler.display.resource" false, "topology.max.replication.wait.time.sec" 60, "drpc.invocations.port" 3773, "supervisor.localizer.cache.target.size.mb" 10240, "topology.multilang.serializer" "org.apache.storm.multilang.JsonSerializer", "storm.messaging.netty.server_worker_threads" 1, "nimbus.blobstore.class" "org.apache.storm.blobstore.LocalFsBlobStore", "resource.aware.scheduler.eviction.strategy" "org.apache.storm.scheduler.resource.strategies.eviction.DefaultEvictionStrategy", "topology.max.error.report.per.interval" 5, "storm.thrift.transport" "org.apache.storm.security.auth.SimpleTransportPlugin", "zmq.hwm" 0, "storm.group.mapping.service.params" nil, "worker.profiler.enabled" false, "storm.principal.tolocal" "org.apache.storm.security.auth.DefaultPrincipalToLocal", "supervisor.worker.shutdown.sleep.secs" 1, "pacemaker.host" "localhost", "storm.zookeeper.retry.times" 5, "ui.actions.enabled" true, "zmq.linger.millis" 0, "supervisor.enable" true, "topology.stats.sample.rate" 0.05, "storm.messaging.netty.min_wait_ms" 100, "worker.log.level.reset.poll.secs" 30, "storm.zookeeper.port" 2002, "supervisor.heartbeat.frequency.secs" 5, "topology.enable.message.timeouts" false, "supervisor.cpu.capacity" 400.0, "drpc.worker.threads" 64, "supervisor.blobstore.download.thread.count" 5, "drpc.queue.size" 128, "topology.backpressure.enable" false, "supervisor.blobstore.class" "org.apache.storm.blobstore.NimbusBlobStore", "storm.blobstore.inputstream.buffer.size.bytes" 65536, "topology.shellbolt.max.pending" 100, "drpc.https.keystore.password" "", "nimbus.code.sync.freq.secs" 120, "logviewer.port" 8000, "topology.scheduler.strategy" "org.apache.storm.scheduler.resource.strategies.scheduling.DefaultResourceAwareStrategy", "topology.executor.send.buffer.size" 1024, "resource.aware.scheduler.priority.strategy" "org.apache.storm.scheduler.resource.strategies.priority.DefaultSchedulingPriorityStrategy", "pacemaker.auth.method" "NONE", "storm.daemon.metrics.reporter.plugins" ["org.apache.storm.daemon.metrics.reporters.JmxPreparableReporter"], "topology.worker.logwriter.childopts" "-Xmx64m", "topology.spout.wait.strategy" "org.apache.storm.spout.SleepSpoutWaitStrategy", "ui.host" "0.0.0.0", "topology.submitter.principal" "", "storm.nimbus.retry.interval.millis" 2000, "nimbus.inbox.jar.expiration.secs" 3600, "dev.zookeeper.path" "/tmp/dev-storm-zookeeper", "topology.acker.executors" nil, "topology.fall.back.on.java.serialization" true, "topology.eventlogger.executors" 0, "supervisor.localizer.cleanup.interval.ms" 600000, "storm.zookeeper.servers" ["localhost"], "nimbus.thrift.threads" 64, "logviewer.cleanup.age.mins" 10080, "topology.worker.childopts" nil, "topology.classpath" nil, "supervisor.monitor.frequency.secs" 3, "nimbus.credential.renewers.freq.secs" 600, "topology.skip.missing.kryo.registrations" true, "drpc.authorizer.acl.filename" "drpc-auth-acl.yaml", "pacemaker.kerberos.users" [], "storm.group.mapping.service.cache.duration.secs" 120, "topology.testing.always.try.serialize" false, "nimbus.monitor.freq.secs" 10, "storm.health.check.timeout.ms" 5000, "supervisor.supervisors" [], "topology.tasks" nil, "topology.bolts.outgoing.overflow.buffer.enable" false, "storm.messaging.netty.socket.backlog" 500, "topology.workers" 2, "pacemaker.base.threads" 10, "storm.local.dir" "/tmp/04414187-c56a-473b-b933-6cf4a5d32446", "topology.disable.loadaware" false, "worker.childopts" "-Xmx%HEAP-MEM%m -XX:+PrintGCDetails -Xloggc:artifacts/gc.log -XX:+PrintGCDateStamps -XX:+PrintGCTimeStamps -XX:+UseGCLogFileRotation -XX:NumberOfGCLogFiles=10 -XX:GCLogFileSize=1M -XX:+HeapDumpOnOutOfMemoryError -XX:HeapDumpPath=artifacts/heapdump", "storm.auth.simple-white-list.users" [], "topology.disruptor.batch.timeout.millis" 1, "topology.message.timeout.secs" 30, "topology.state.synchronization.timeout.secs" 60, "topology.tuple.serializer" "org.apache.storm.serialization.types.ListDelegateSerializer", "supervisor.supervisors.commands" [], "nimbus.blobstore.expiration.secs" 600, "logviewer.childopts" "-Xmx128m", "topology.environment" nil, "topology.debug" false, "topology.disruptor.batch.size" 100, "storm.messaging.netty.max_retries" 300, "ui.childopts" "-Xmx768m", "storm.network.topography.plugin" "org.apache.storm.networktopography.DefaultRackDNSToSwitchMapping", "storm.zookeeper.session.timeout" 20000, "drpc.childopts" "-Xmx768m", "drpc.http.creds.plugin" "org.apache.storm.security.auth.DefaultHttpCredentialsPlugin", "storm.zookeeper.connection.timeout" 15000, "storm.zookeeper.auth.user" nil, "storm.meta.serialization.delegate" "org.apache.storm.serialization.GzipThriftSerializationDelegate", "topology.max.spout.pending" nil, "storm.codedistributor.class" "org.apache.storm.codedistributor.LocalFileSystemCodeDistributor", "nimbus.supervisor.timeout.secs" 60, "nimbus.task.timeout.secs" 30, "storm.zookeeper.superACL" nil, "drpc.port" 3772, "pacemaker.max.threads" 50, "storm.zookeeper.retry.intervalceiling.millis" 30000, "nimbus.thrift.port" 6627, "storm.auth.simple-acl.admins" [], "topology.component.cpu.pcore.percent" 10.0, "supervisor.memory.capacity.mb" 3072.0, "storm.nimbus.retry.times" 5, "supervisor.worker.start.timeout.secs" 120, "storm.zookeeper.retry.interval" 1000, "logs.users" nil, "worker.profiler.command" "flight.bash", "transactional.zookeeper.port" nil, "drpc.max_buffer_size" 1048576, "pacemaker.thread.timeout" 10, "task.credentials.poll.secs" 30, "blobstore.superuser" "travis", "drpc.https.keystore.type" "JKS", "topology.worker.receiver.thread.count" 1, "topology.state.checkpoint.interval.ms" 1000, "supervisor.slots.ports" [6700 6701 6702 6703], "topology.transfer.buffer.size" 1024, "storm.health.check.dir" "healthchecks", "topology.worker.shared.thread.pool.size" 4, "drpc.authorizer.acl.strict" false, "nimbus.file.copy.expiration.secs" 600, "worker.profiler.childopts" "-XX:+UnlockCommercialFeatures -XX:+FlightRecorder", "topology.executor.receive.buffer.size" 1024, "backpressure.disruptor.low.watermark" 0.4, "topology.users" [], "nimbus.task.launch.secs" 120, "storm.local.mode.zmq" false, "storm.messaging.netty.buffer_size" 5242880, "storm.cluster.state.store" "org.apache.storm.cluster_state.zookeeper_state_factory", "worker.heartbeat.frequency.secs" 1, "storm.log4j2.conf.dir" "log4j2", "ui.http.creds.plugin" "org.apache.storm.security.auth.DefaultHttpCredentialsPlugin", "storm.zookeeper.root" "/storm", "topology.submitter.user" "travis", "topology.tick.tuple.freq.secs" nil, "drpc.https.port" -1, "storm.workers.artifacts.dir" "workers-artifacts", "supervisor.blobstore.download.max_retries" 3, "task.refresh.poll.secs" 10, "storm.exhibitor.port" 8080, "task.heartbeat.frequency.secs" 3, "pacemaker.port" 6699, "storm.messaging.netty.max_wait_ms" 1000, "topology.component.resources.offheap.memory.mb" 0.0, "drpc.http.port" 3774, "topology.error.throttle.interval.secs" 10, "storm.messaging.transport" "org.apache.storm.messaging.netty.Context", "storm.messaging.netty.authentication" false, "topology.component.resources.onheap.memory.mb" 128.0, "topology.kryo.factory" "org.apache.storm.serialization.DefaultKryoFactory", "topology.kryo.register" nil, "worker.gc.childopts" "", "nimbus.topology.validator" "org.apache.storm.nimbus.DefaultTopologyValidator", "nimbus.seeds" ["localhost"], "nimbus.queue.size" 100000, "nimbus.cleanup.inbox.freq.secs" 600, "storm.blobstore.replication.factor" 3, "worker.heap.memory.mb" 768, "logviewer.max.sum.worker.logs.size.mb" 4096, "pacemaker.childopts" "-Xmx1024m", "ui.users" nil, "transactional.zookeeper.servers" nil, "supervisor.worker.timeout.secs" 30, "storm.zookeeper.auth.password" nil, "storm.blobstore.acl.validation.enabled" false, "client.blobstore.class" "org.apache.storm.blobstore.NimbusBlobStore", "supervisor.childopts" "-Xmx256m", "topology.worker.max.heap.size.mb" 768.0, "ui.http.x-frame-options" "DENY", "backpressure.disruptor.high.watermark" 0.9, "ui.filter" nil, "ui.header.buffer.bytes" 4096, "topology.min.replication.count" 1, "topology.disruptor.wait.timeout.millis" 1000, "storm.nimbus.retry.intervalceiling.millis" 60000, "topology.trident.batch.emit.interval.millis" 50, "storm.auth.simple-acl.users" [], "drpc.invocations.threads" 64, "java.library.path" "/usr/local/lib:/opt/local/lib:/usr/lib", "ui.port" 8080, "topology.kryo.decorators" [], "storm.id" "topologytest-433f1ca8-a4ce-4f8d-b471-f25702d7ba98-1-0", "topology.name" "topologytest-433f1ca8-a4ce-4f8d-b471-f25702d7ba98", "storm.exhibitor.poll.uripath" "/exhibitor/v1/cluster/list", "storm.messaging.netty.transfer.batch.size" 262144, "logviewer.appender.name" "A1", "nimbus.thrift.max_buffer_size" 1048576, "storm.auth.simple-acl.users.commands" [], "drpc.request.timeout.secs" 600}
108190 [Thread-988] INFO  o.a.s.d.worker - Worker 362582a0-53f5-4cd0-8652-3aca2bffb3ab for storm topologytest-433f1ca8-a4ce-4f8d-b471-f25702d7ba98-1-0 on ae31c640-bee4-4226-bcf9-d7a71826e3a7:1027 has finished loading
108190 [Thread-988] INFO  o.a.s.config - SET worker-user 362582a0-53f5-4cd0-8652-3aca2bffb3ab 
108205 [refresh-active-timer] INFO  o.a.s.d.worker - All connections are ready for worker ae31c640-bee4-4226-bcf9-d7a71826e3a7:1027 with id 362582a0-53f5-4cd0-8652-3aca2bffb3ab
108211 [refresh-active-timer] INFO  o.a.s.d.worker - All connections are ready for worker 66256744-10da-49e3-a476-ad92b2021461:1024 with id 7edca769-cdb1-475a-840c-a2fa09a6c5fd
108230 [Thread-990-__acker-executor[7 7]] INFO  o.a.s.d.executor - Preparing bolt __acker:(7)
108230 [Thread-990-__acker-executor[7 7]] INFO  o.a.s.d.executor - Prepared bolt __acker:(7)
108233 [Thread-992-1-executor[3 3]] INFO  o.a.s.d.executor - Opening spout 1:(3)
108233 [Thread-992-1-executor[3 3]] INFO  o.a.s.d.executor - Opened spout 1:(3)
108233 [Thread-992-1-executor[3 3]] INFO  o.a.s.d.executor - Activating spout 1:(3)
108234 [Thread-994-1-executor[1 1]] INFO  o.a.s.d.executor - Opening spout 1:(1)
108234 [Thread-994-1-executor[1 1]] INFO  o.a.s.d.executor - Opened spout 1:(1)
108234 [Thread-994-1-executor[1 1]] INFO  o.a.s.d.executor - Activating spout 1:(1)
108242 [Thread-996-__system-executor[-1 -1]] INFO  o.a.s.d.executor - Preparing bolt __system:(-1)
108242 [Thread-996-__system-executor[-1 -1]] INFO  o.a.s.d.executor - Prepared bolt __system:(-1)
108253 [Thread-998-5c72efd9-8bc2-465a-8729-7f0f1555c8bd-executor[5 5]] INFO  o.a.s.d.executor - Preparing bolt 5c72efd9-8bc2-465a-8729-7f0f1555c8bd:(5)
108253 [Thread-998-5c72efd9-8bc2-465a-8729-7f0f1555c8bd-executor[5 5]] INFO  o.a.s.d.executor - Prepared bolt 5c72efd9-8bc2-465a-8729-7f0f1555c8bd:(5)
108266 [Thread-1002-1-executor[2 2]] INFO  o.a.s.d.executor - Opening spout 1:(2)
108267 [Thread-1002-1-executor[2 2]] INFO  o.a.s.d.executor - Opened spout 1:(2)
108267 [Thread-1002-1-executor[2 2]] INFO  o.a.s.d.executor - Activating spout 1:(2)
108273 [Thread-1004-__acker-executor[6 6]] INFO  o.a.s.d.executor - Preparing bolt __acker:(6)
108273 [Thread-1004-__acker-executor[6 6]] INFO  o.a.s.d.executor - Prepared bolt __acker:(6)
108278 [Thread-1006-__system-executor[-1 -1]] INFO  o.a.s.d.executor - Preparing bolt __system:(-1)
108279 [Thread-1006-__system-executor[-1 -1]] INFO  o.a.s.d.executor - Prepared bolt __system:(-1)
108287 [Thread-1008-2-executor[4 4]] INFO  o.a.s.d.executor - Preparing bolt 2:(4)
108289 [Thread-1008-2-executor[4 4]] INFO  o.a.s.d.executor - Prepared bolt 2:(4)
108740 [main] INFO  o.a.s.l.ThriftAccessLogger - Request ID: 124 access from: /65.66.67.68 principal:  operation: killTopology
108742 [main] INFO  o.a.s.d.nimbus - Delaying event :remove for 0 secs for topologytest-433f1ca8-a4ce-4f8d-b471-f25702d7ba98-1-0
108745 [main] INFO  o.a.s.d.nimbus - Adding topo to history log: topologytest-433f1ca8-a4ce-4f8d-b471-f25702d7ba98-1-0
108756 [timer] INFO  o.a.s.d.nimbus - Killing topology: topologytest-433f1ca8-a4ce-4f8d-b471-f25702d7ba98-1-0
108760 [Thread-988] INFO  o.a.s.d.supervisor - Shutting down and clearing state for id 362582a0-53f5-4cd0-8652-3aca2bffb3ab. Current supervisor time: 22. State: :disallowed, Heartbeat: {:time-secs 22, :storm-id "topologytest-433f1ca8-a4ce-4f8d-b471-f25702d7ba98-1-0", :executors [[2 2] [6 6] [-1 -1] [4 4]], :port 1027}
108760 [Thread-988] INFO  o.a.s.d.supervisor - Shutting down ae31c640-bee4-4226-bcf9-d7a71826e3a7:362582a0-53f5-4cd0-8652-3aca2bffb3ab
108760 [Thread-988] INFO  o.a.s.config - GET worker-user 362582a0-53f5-4cd0-8652-3aca2bffb3ab
108760 [Thread-988] INFO  o.a.s.process-simulator - Killing process 5aa6d04a-376c-4be9-85c1-174518a2ae35
108760 [Thread-988] INFO  o.a.s.d.worker - Shutting down worker topologytest-433f1ca8-a4ce-4f8d-b471-f25702d7ba98-1-0 ae31c640-bee4-4226-bcf9-d7a71826e3a7 1027
108760 [Thread-988] INFO  o.a.s.d.worker - Terminating messaging context
108760 [Thread-988] INFO  o.a.s.d.worker - Shutting down executors
108760 [Thread-988] INFO  o.a.s.d.executor - Shutting down executor 1:[2 2]
108761 [Thread-1001-disruptor-executor[2 2]-send-queue] INFO  o.a.s.util - Async loop interrupted!
108761 [Thread-1002-1-executor[2 2]] INFO  o.a.s.util - Async loop interrupted!
108761 [Thread-988] INFO  o.a.s.d.executor - Shut down executor 1:[2 2]
108761 [Thread-988] INFO  o.a.s.d.executor - Shutting down executor __acker:[6 6]
108761 [Thread-1004-__acker-executor[6 6]] INFO  o.a.s.util - Async loop interrupted!
108761 [Thread-1003-disruptor-executor[6 6]-send-queue] INFO  o.a.s.util - Async loop interrupted!
108761 [Thread-988] INFO  o.a.s.d.executor - Shut down executor __acker:[6 6]
108761 [Thread-988] INFO  o.a.s.d.executor - Shutting down executor __system:[-1 -1]
108761 [Thread-986] INFO  o.a.s.d.supervisor - Shutting down and clearing state for id 7edca769-cdb1-475a-840c-a2fa09a6c5fd. Current supervisor time: 22. State: :disallowed, Heartbeat: {:time-secs 22, :storm-id "topologytest-433f1ca8-a4ce-4f8d-b471-f25702d7ba98-1-0", :executors [[7 7] [3 3] [1 1] [-1 -1] [5 5]], :port 1024}
108762 [Thread-986] INFO  o.a.s.d.supervisor - Shutting down 66256744-10da-49e3-a476-ad92b2021461:7edca769-cdb1-475a-840c-a2fa09a6c5fd
108762 [Thread-1006-__system-executor[-1 -1]] INFO  o.a.s.util - Async loop interrupted!
108762 [Thread-986] INFO  o.a.s.config - GET worker-user 7edca769-cdb1-475a-840c-a2fa09a6c5fd
108762 [Thread-1005-disruptor-executor[-1 -1]-send-queue] INFO  o.a.s.util - Async loop interrupted!
108762 [Thread-988] INFO  o.a.s.d.executor - Shut down executor __system:[-1 -1]
108762 [Thread-988] INFO  o.a.s.d.executor - Shutting down executor 2:[4 4]
108762 [Thread-1008-2-executor[4 4]] INFO  o.a.s.util - Async loop interrupted!
108762 [Thread-1007-disruptor-executor[4 4]-send-queue] INFO  o.a.s.util - Async loop interrupted!
108763 [Thread-988] INFO  o.a.s.d.executor - Shut down executor 2:[4 4]
108763 [Thread-988] INFO  o.a.s.d.worker - Shut down executors
108763 [Thread-988] INFO  o.a.s.d.worker - Shutting down transfer thread
108764 [Thread-1009-disruptor-worker-transfer-queue] INFO  o.a.s.util - Async loop interrupted!
108764 [Thread-988] INFO  o.a.s.d.worker - Shut down transfer thread
108764 [Thread-988] INFO  o.a.s.d.worker - Shut down backpressure thread
108765 [Thread-988] INFO  o.a.s.d.worker - Shutting down default resources
108765 [Thread-988] INFO  o.a.s.d.worker - Shut down default resources
108765 [Thread-988] INFO  o.a.s.d.worker - Trigger any worker shutdown hooks
108770 [Thread-988] INFO  o.a.s.d.worker - Disconnecting from storm cluster state context
108770 [Curator-Framework-0] INFO  o.a.c.f.i.CuratorFrameworkImpl - backgroundOperationsLoop exiting
108771 [Thread-988] INFO  o.a.s.d.worker - Shut down worker topologytest-433f1ca8-a4ce-4f8d-b471-f25702d7ba98-1-0 ae31c640-bee4-4226-bcf9-d7a71826e3a7 1027
108772 [Thread-986] INFO  o.a.s.process-simulator - Killing process 41a9be3f-9fea-44a9-856d-954efcea62c6
108772 [Thread-986] INFO  o.a.s.d.worker - Shutting down worker topologytest-433f1ca8-a4ce-4f8d-b471-f25702d7ba98-1-0 66256744-10da-49e3-a476-ad92b2021461 1024
108772 [Thread-986] INFO  o.a.s.d.worker - Terminating messaging context
108772 [Thread-986] INFO  o.a.s.d.worker - Shutting down executors
108772 [Thread-986] INFO  o.a.s.d.executor - Shutting down executor __acker:[7 7]
108772 [Thread-989-disruptor-executor[7 7]-send-queue] INFO  o.a.s.util - Async loop interrupted!
108772 [Thread-990-__acker-executor[7 7]] INFO  o.a.s.util - Async loop interrupted!
108773 [Thread-986] INFO  o.a.s.d.executor - Shut down executor __acker:[7 7]
108773 [Thread-986] INFO  o.a.s.d.executor - Shutting down executor 1:[3 3]
108773 [Thread-991-disruptor-executor[3 3]-send-queue] INFO  o.a.s.util - Async loop interrupted!
108773 [Thread-992-1-executor[3 3]] INFO  o.a.s.util - Async loop interrupted!
108773 [Thread-986] INFO  o.a.s.d.executor - Shut down executor 1:[3 3]
108773 [Thread-986] INFO  o.a.s.d.executor - Shutting down executor 1:[1 1]
108773 [Thread-993-disruptor-executor[1 1]-send-queue] INFO  o.a.s.util - Async loop interrupted!
108773 [Thread-994-1-executor[1 1]] INFO  o.a.s.util - Async loop interrupted!
108774 [Thread-986] INFO  o.a.s.d.executor - Shut down executor 1:[1 1]
108774 [Thread-986] INFO  o.a.s.d.executor - Shutting down executor __system:[-1 -1]
108774 [Thread-995-disruptor-executor[-1 -1]-send-queue] INFO  o.a.s.util - Async loop interrupted!
108774 [Thread-996-__system-executor[-1 -1]] INFO  o.a.s.util - Async loop interrupted!
108774 [Thread-986] INFO  o.a.s.d.executor - Shut down executor __system:[-1 -1]
108774 [Thread-986] INFO  o.a.s.d.executor - Shutting down executor 5c72efd9-8bc2-465a-8729-7f0f1555c8bd:[5 5]
108774 [Thread-997-disruptor-executor[5 5]-send-queue] INFO  o.a.s.util - Async loop interrupted!
108775 [Thread-998-5c72efd9-8bc2-465a-8729-7f0f1555c8bd-executor[5 5]] INFO  o.a.s.util - Async loop interrupted!
108775 [Thread-986] INFO  o.a.s.d.executor - Shut down executor 5c72efd9-8bc2-465a-8729-7f0f1555c8bd:[5 5]
108775 [Thread-986] INFO  o.a.s.d.worker - Shut down executors
108775 [Thread-986] INFO  o.a.s.d.worker - Shutting down transfer thread
108775 [Thread-999-disruptor-worker-transfer-queue] INFO  o.a.s.util - Async loop interrupted!
108775 [Thread-986] INFO  o.a.s.d.worker - Shut down transfer thread
108775 [Thread-986] INFO  o.a.s.d.worker - Shut down backpressure thread
108776 [Thread-986] INFO  o.a.s.d.worker - Shutting down default resources
108776 [Thread-986] INFO  o.a.s.d.worker - Shut down default resources
108776 [Thread-986] INFO  o.a.s.d.worker - Trigger any worker shutdown hooks
108778 [Thread-988] INFO  o.a.s.config - REMOVE worker-user 362582a0-53f5-4cd0-8652-3aca2bffb3ab
108778 [Thread-988] INFO  o.a.s.d.supervisor - Shut down ae31c640-bee4-4226-bcf9-d7a71826e3a7:362582a0-53f5-4cd0-8652-3aca2bffb3ab
108778 [Thread-988] INFO  o.a.s.d.supervisor - Removing code for storm id topologytest-433f1ca8-a4ce-4f8d-b471-f25702d7ba98-1-0
108783 [Thread-986] INFO  o.a.s.d.worker - Disconnecting from storm cluster state context
108783 [Curator-Framework-0] INFO  o.a.c.f.i.CuratorFrameworkImpl - backgroundOperationsLoop exiting
108784 [Thread-986] INFO  o.a.s.d.worker - Shut down worker topologytest-433f1ca8-a4ce-4f8d-b471-f25702d7ba98-1-0 66256744-10da-49e3-a476-ad92b2021461 1024
108787 [Thread-986] INFO  o.a.s.config - REMOVE worker-user 7edca769-cdb1-475a-840c-a2fa09a6c5fd
108787 [Thread-986] INFO  o.a.s.d.supervisor - Shut down 66256744-10da-49e3-a476-ad92b2021461:7edca769-cdb1-475a-840c-a2fa09a6c5fd
108787 [Thread-986] INFO  o.a.s.d.supervisor - Removing code for storm id topologytest-433f1ca8-a4ce-4f8d-b471-f25702d7ba98-1-0
108947 [timer] INFO  o.a.s.d.nimbus - Cleaning up topologytest-433f1ca8-a4ce-4f8d-b471-f25702d7ba98-1-0
108957 [timer] INFO  o.a.s.d.nimbus - ExceptionKeyNotFoundException(msg:topologytest-433f1ca8-a4ce-4f8d-b471-f25702d7ba98-1-0-stormjar.jar)
            
--------------------------------------------------
Checking ./storm-core/target/test-reports/org.apache.storm.security.auth.authorizer.DRPCSimpleACLAuthorizer-test.xml
Checking ./storm-core/target/test-reports/org.apache.storm.pacemaker-test.xml
Checking ./storm-core/target/test-reports/org.apache.storm.metrics-test.xml
Checking ./storm-core/target/test-reports/org.apache.storm.security.auth.ThriftClient-test.xml
Checking ./storm-core/target/test-reports/org.apache.storm.scheduler-test.xml
Checking ./storm-core/target/test-reports/org.apache.storm.scheduler.resource-aware-scheduler-test.xml
Checking ./storm-core/target/test-reports/org.apache.storm.security.auth.SaslTransportPlugin-test.xml
Checking ./storm-core/target/test-reports/org.apache.storm.local-state-test.xml
Checking ./storm-core/target/test-reports/org.apache.storm.messaging.netty-unit-test.xml
Checking ./storm-core/target/test-reports/org.apache.storm.tuple-test.xml
Checking ./storm-core/target/test-reports/org.apache.storm.messaging.netty-integration-test.xml
Checking ./storm-core/target/test-reports/org.apache.storm.tick-tuple-test.xml
Checking ./storm-core/target/test-reports/integration.org.apache.storm.trident.integration-test.xml
Checking ./storm-core/target/test-reports/org.apache.storm.grouping-test.xml
Checking ./storm-core/target/test-reports/org.apache.storm.security.serialization.BlowfishTupleSerializer-test.xml
Checking ./storm-core/target/test-reports/org.apache.storm.nimbus-test.xml
Checking ./storm-core/target/test-reports/org.apache.storm.subtopology-test.xml
Checking ./storm-core/target/test-reports/org.apache.storm.cluster-test.xml
Checking ./storm-core/target/test-reports/org.apache.storm.trident.tuple-test.xml

travis_time:end:09f0013c:start=1469974922265057077,finish=1469975366030521955,duration=443765464878[0K
[31;1mThe command "/bin/bash ./dev-tools/travis/travis-script.sh `pwd` $MODULES" exited with 1.[0m
travis_fold:start:cache.2[0Kstore build cache
travis_time:start:1c4b1c11[0K
travis_time:end:1c4b1c11:start=1469975366035511650,finish=1469975366040851633,duration=5339983[0Ktravis_time:start:2e52aee2[0K[32;1mchange detected (content changed, file is created, or file is deleted):
/home/travis/.m2/repository/eigenbase/eigenbase-properties/1.1.4/eigenbase-properties-1.1.4.pom.lastUpdated
/home/travis/.m2/repository/io/confluent/kafka-avro-serializer/1.0/kafka-avro-serializer-1.0.pom.lastUpdated
/home/travis/.m2/repository/io/confluent/kafka-schema-registry-client/1.0/kafka-schema-registry-client-1.0.pom.lastUpdated
/home/travis/.m2/repository/net/hydromatic/linq4j/0.4/linq4j-0.4.pom.lastUpdated
/home/travis/.m2/repository/net/hydromatic/quidem/0.1.1/quidem-0.1.1.pom.lastUpdated
/home/travis/.m2/repository/org/apache/storm/flux/1.0.3-SNAPSHOT/flux-1.0.3-SNAPSHOT.pom
/home/travis/.m2/repository/org/apache/storm/flux/1.0.3-SNAPSHOT/maven-metadata-local.xml
/home/travis/.m2/repository/org/apache/storm/flux/1.0.3-SNAPSHOT/_remote.repositories
/home/travis/.m2/repository/org/apache/storm/flux-core/1.0.3-SNAPSHOT/flux-core-1.0.3-SNAPSHOT.jar
/home/travis/.m2/repository/org/apache/storm/flux-core/1.0.3-SNAPSHOT/flux-core-1.0.3-SNAPSHOT.pom
/home/travis/.m2/repository/org/
[0m
[32;1m...
[0m
[32;1mchanges detected, packing new archive[0m
.
.
.
.
.
.
.
.
.
.
.
.
[32;1muploading archive[0m

travis_time:end:2e52aee2:start=1469975366046643370,finish=1469975451689086784,duration=85642443414[0Ktravis_fold:end:cache.2[0K
Done. Your build exited with 1.
