Using worker: worker-linux-docker-e92add70.prod.travis-ci.org:travis-linux-5

travis_fold:start:system_info[0K[33;1mBuild system information[0m
Build language: java
Build group: stable
Build dist: precise
Build id: 149832938
Job id: 149832939
travis-build version: d377c8f80
[34m[1mBuild image provisioning date and time[0m
Thu Feb  5 15:09:33 UTC 2015
[34m[1mOperating System Details[0m
Distributor ID:	Ubuntu
Description:	Ubuntu 12.04.5 LTS
Release:	12.04
Codename:	precise
[34m[1mLinux Version[0m
3.13.0-29-generic
[34m[1mCookbooks Version[0m
a68419e https://github.com/travis-ci/travis-cookbooks/tree/a68419e
[34m[1mGCC version[0m
gcc (Ubuntu/Linaro 4.6.3-1ubuntu5) 4.6.3
Copyright (C) 2011 Free Software Foundation, Inc.
This is free software; see the source for copying conditions.  There is NO
warranty; not even for MERCHANTABILITY or FITNESS FOR A PARTICULAR PURPOSE.

[34m[1mLLVM version[0m
clang version 3.4 (tags/RELEASE_34/final)
Target: x86_64-unknown-linux-gnu
Thread model: posix
[34m[1mPre-installed Ruby versions[0m
ruby-1.9.3-p551
[34m[1mPre-installed Node.js versions[0m
v0.10.36
[34m[1mPre-installed Go versions[0m
1.4.1
[34m[1mRedis version[0m
redis-server 2.8.19
[34m[1mriak version[0m
2.0.2
[34m[1mMongoDB version[0m
MongoDB 2.4.12
[34m[1mCouchDB version[0m
couchdb 1.6.1
[34m[1mNeo4j version[0m
1.9.4
[34m[1mRabbitMQ Version[0m
3.4.3
[34m[1mElasticSearch version[0m
1.4.0
[34m[1mInstalled Sphinx versions[0m
2.0.10
2.1.9
2.2.6
[34m[1mDefault Sphinx version[0m
2.2.6
[34m[1mInstalled Firefox version[0m
firefox 31.0esr
[34m[1mPhantomJS version[0m
1.9.8
[34m[1mant -version[0m
Apache Ant(TM) version 1.8.2 compiled on December 3 2011
[34m[1mmvn -version[0m
Apache Maven 3.2.5 (12a6b3acb947671f09b81f49094c53f426d8cea1; 2014-12-14T17:29:23+00:00)
Maven home: /usr/local/maven
Java version: 1.7.0_76, vendor: Oracle Corporation
Java home: /usr/lib/jvm/java-7-oracle/jre
Default locale: en_US, platform encoding: ANSI_X3.4-1968
OS name: "linux", version: "3.13.0-29-generic", arch: "amd64", family: "unix"
travis_fold:end:system_info[0K
travis_fold:start:fix.CVE-2015-7547[0K$ export DEBIAN_FRONTEND=noninteractive
W: Size of file /var/lib/apt/lists/us.archive.ubuntu.com_ubuntu_dists_precise-backports_multiverse_source_Sources.gz is not what the server reported 5886 5888
W: Size of file /var/lib/apt/lists/ppa.launchpad.net_ubuntugis_ppa_ubuntu_dists_precise_main_binary-amd64_Packages.gz is not what the server reported 33653 36677
W: Size of file /var/lib/apt/lists/ppa.launchpad.net_ubuntugis_ppa_ubuntu_dists_precise_main_binary-i386_Packages.gz is not what the server reported 33699 36733
Reading package lists...
Building dependency tree...
Reading state information...
The following extra packages will be installed:
  libc-bin libc-dev-bin libc6-dev
Suggested packages:
  glibc-doc
The following packages will be upgraded:
  libc-bin libc-dev-bin libc6 libc6-dev
4 upgraded, 0 newly installed, 0 to remove and 252 not upgraded.
Need to get 8,840 kB of archives.
After this operation, 14.3 kB disk space will be freed.
Get:1 http://us.archive.ubuntu.com/ubuntu/ precise-updates/main libc6-dev amd64 2.15-0ubuntu10.15 [2,943 kB]
Get:2 http://us.archive.ubuntu.com/ubuntu/ precise-updates/main libc-dev-bin amd64 2.15-0ubuntu10.15 [84.7 kB]
Get:3 http://us.archive.ubuntu.com/ubuntu/ precise-updates/main libc-bin amd64 2.15-0ubuntu10.15 [1,177 kB]
Get:4 http://us.archive.ubuntu.com/ubuntu/ precise-updates/main libc6 amd64 2.15-0ubuntu10.15 [4,636 kB]
Fetched 8,840 kB in 0s (33.4 MB/s)
Preconfiguring packages ...
(Reading database ... (Reading database ... 5%(Reading database ... 10%(Reading database ... 15%(Reading database ... 20%(Reading database ... 25%(Reading database ... 30%(Reading database ... 35%(Reading database ... 40%(Reading database ... 45%(Reading database ... 50%(Reading database ... 55%(Reading database ... 60%(Reading database ... 65%(Reading database ... 70%(Reading database ... 75%(Reading database ... 80%(Reading database ... 85%(Reading database ... 90%(Reading database ... 95%(Reading database ... 100%(Reading database ... 72019 files and directories currently installed.)
Preparing to replace libc6-dev 2.15-0ubuntu10.10 (using .../libc6-dev_2.15-0ubuntu10.15_amd64.deb) ...
Unpacking replacement libc6-dev ...
Preparing to replace libc-dev-bin 2.15-0ubuntu10.10 (using .../libc-dev-bin_2.15-0ubuntu10.15_amd64.deb) ...
Unpacking replacement libc-dev-bin ...
Preparing to replace libc-bin 2.15-0ubuntu10.10 (using .../libc-bin_2.15-0ubuntu10.15_amd64.deb) ...
Unpacking replacement libc-bin ...
Processing triggers for man-db ...
Setting up libc-bin (2.15-0ubuntu10.15) ...
(Reading database ... (Reading database ... 5%(Reading database ... 10%(Reading database ... 15%(Reading database ... 20%(Reading database ... 25%(Reading database ... 30%(Reading database ... 35%(Reading database ... 40%(Reading database ... 45%(Reading database ... 50%(Reading database ... 55%(Reading database ... 60%(Reading database ... 65%(Reading database ... 70%(Reading database ... 75%(Reading database ... 80%(Reading database ... 85%(Reading database ... 90%(Reading database ... 95%(Reading database ... 100%(Reading database ... 72018 files and directories currently installed.)
Preparing to replace libc6 2.15-0ubuntu10.10 (using .../libc6_2.15-0ubuntu10.15_amd64.deb) ...
Unpacking replacement libc6 ...
Setting up libc6 (2.15-0ubuntu10.15) ...
Setting up libc-dev-bin (2.15-0ubuntu10.15) ...
Setting up libc6-dev (2.15-0ubuntu10.15) ...
Processing triggers for libc-bin ...
ldconfig deferred processing now taking place
travis_fold:end:fix.CVE-2015-7547[0Ktravis_fold:start:git.checkout[0Ktravis_time:start:291e4cd5[0K$ git clone --depth=50 https://github.com/apache/storm.git apache/storm
Cloning into 'apache/storm'...
remote: Counting objects: 20367, done.[K
remote: Compressing objects:   0% (1/8253)   [Kremote: Compressing objects:   1% (83/8253)   [Kremote: Compressing objects:   2% (166/8253)   [Kremote: Compressing objects:   3% (248/8253)   [Kremote: Compressing objects:   4% (331/8253)   [Kremote: Compressing objects:   5% (413/8253)   [Kremote: Compressing objects:   6% (496/8253)   [Kremote: Compressing objects:   7% (578/8253)   [Kremote: Compressing objects:   8% (661/8253)   [Kremote: Compressing objects:   9% (743/8253)   [Kremote: Compressing objects:  10% (826/8253)   [Kremote: Compressing objects:  11% (908/8253)   [Kremote: Compressing objects:  12% (991/8253)   [Kremote: Compressing objects:  13% (1073/8253)   [Kremote: Compressing objects:  14% (1156/8253)   [Kremote: Compressing objects:  15% (1238/8253)   [Kremote: Compressing objects:  16% (1321/8253)   [Kremote: Compressing objects:  17% (1404/8253)   [Kremote: Compressing objects:  18% (1486/8253)   [Kremote: Compressing objects:  19% (1569/8253)   [Kremote: Compressing objects:  20% (1651/8253)   [Kremote: Compressing objects:  21% (1734/8253)   [Kremote: Compressing objects:  22% (1816/8253)   [Kremote: Compressing objects:  23% (1899/8253)   [Kremote: Compressing objects:  24% (1981/8253)   [Kremote: Compressing objects:  25% (2064/8253)   [Kremote: Compressing objects:  26% (2146/8253)   [Kremote: Compressing objects:  27% (2229/8253)   [Kremote: Compressing objects:  28% (2311/8253)   [Kremote: Compressing objects:  29% (2394/8253)   [Kremote: Compressing objects:  30% (2476/8253)   [Kremote: Compressing objects:  31% (2559/8253)   [Kremote: Compressing objects:  32% (2641/8253)   [Kremote: Compressing objects:  33% (2724/8253)   [Kremote: Compressing objects:  34% (2807/8253)   [Kremote: Compressing objects:  35% (2889/8253)   [Kremote: Compressing objects:  36% (2972/8253)   [Kremote: Compressing objects:  37% (3054/8253)   [Kremote: Compressing objects:  38% (3137/8253)   [Kremote: Compressing objects:  39% (3219/8253)   [Kremote: Compressing objects:  40% (3302/8253)   [Kremote: Compressing objects:  41% (3384/8253)   [Kremote: Compressing objects:  42% (3467/8253)   [Kremote: Compressing objects:  43% (3549/8253)   [Kremote: Compressing objects:  44% (3632/8253)   [Kremote: Compressing objects:  45% (3714/8253)   [Kremote: Compressing objects:  46% (3797/8253)   [Kremote: Compressing objects:  47% (3879/8253)   [Kremote: Compressing objects:  48% (3962/8253)   [Kremote: Compressing objects:  49% (4044/8253)   [Kremote: Compressing objects:  50% (4127/8253)   [Kremote: Compressing objects:  51% (4210/8253)   [Kremote: Compressing objects:  52% (4292/8253)   [Kremote: Compressing objects:  53% (4375/8253)   [Kremote: Compressing objects:  54% (4457/8253)   [Kremote: Compressing objects:  55% (4540/8253)   [Kremote: Compressing objects:  56% (4622/8253)   [Kremote: Compressing objects:  57% (4705/8253)   [Kremote: Compressing objects:  58% (4787/8253)   [Kremote: Compressing objects:  59% (4870/8253)   [Kremote: Compressing objects:  60% (4952/8253)   [Kremote: Compressing objects:  61% (5035/8253)   [Kremote: Compressing objects:  62% (5117/8253)   [Kremote: Compressing objects:  63% (5200/8253)   [Kremote: Compressing objects:  64% (5282/8253)   [Kremote: Compressing objects:  65% (5365/8253)   [Kremote: Compressing objects:  66% (5447/8253)   [Kremote: Compressing objects:  67% (5530/8253)   [Kremote: Compressing objects:  68% (5613/8253)   [Kremote: Compressing objects:  69% (5695/8253)   [Kremote: Compressing objects:  70% (5778/8253)   [Kremote: Compressing objects:  71% (5860/8253)   [Kremote: Compressing objects:  72% (5943/8253)   [Kremote: Compressing objects:  73% (6025/8253)   [Kremote: Compressing objects:  74% (6108/8253)   [Kremote: Compressing objects:  75% (6190/8253)   [Kremote: Compressing objects:  76% (6273/8253)   [Kremote: Compressing objects:  77% (6355/8253)   [Kremote: Compressing objects:  78% (6438/8253)   [Kremote: Compressing objects:  79% (6520/8253)   [Kremote: Compressing objects:  80% (6603/8253)   [Kremote: Compressing objects:  81% (6685/8253)   [Kremote: Compressing objects:  82% (6768/8253)   [Kremote: Compressing objects:  83% (6850/8253)   [Kremote: Compressing objects:  84% (6933/8253)   [Kremote: Compressing objects:  85% (7016/8253)   [Kremote: Compressing objects:  86% (7098/8253)   [Kremote: Compressing objects:  87% (7181/8253)   [Kremote: Compressing objects:  88% (7263/8253)   [Kremote: Compressing objects:  89% (7346/8253)   [Kremote: Compressing objects:  90% (7428/8253)   [Kremote: Compressing objects:  91% (7511/8253)   [Kremote: Compressing objects:  92% (7593/8253)   [Kremote: Compressing objects:  93% (7676/8253)   [Kremote: Compressing objects:  94% (7758/8253)   [Kremote: Compressing objects:  95% (7841/8253)   [Kremote: Compressing objects:  96% (7923/8253)   [Kremote: Compressing objects:  97% (8006/8253)   [Kremote: Compressing objects:  98% (8088/8253)   [Kremote: Compressing objects:  99% (8171/8253)   [Kremote: Compressing objects: 100% (8253/8253)   [Kremote: Compressing objects: 100% (8253/8253), done.[K
Receiving objects:   0% (1/20367)   Receiving objects:   1% (204/20367)   Receiving objects:   2% (408/20367)   Receiving objects:   3% (612/20367)   Receiving objects:   4% (815/20367)   Receiving objects:   5% (1019/20367)   Receiving objects:   6% (1223/20367)   Receiving objects:   7% (1426/20367)   Receiving objects:   8% (1630/20367)   Receiving objects:   9% (1834/20367)   Receiving objects:  10% (2037/20367)   Receiving objects:  11% (2241/20367)   Receiving objects:  12% (2445/20367)   Receiving objects:  13% (2648/20367)   Receiving objects:  14% (2852/20367)   Receiving objects:  15% (3056/20367)   Receiving objects:  16% (3259/20367)   Receiving objects:  17% (3463/20367)   Receiving objects:  18% (3667/20367)   Receiving objects:  19% (3870/20367)   Receiving objects:  20% (4074/20367)   Receiving objects:  21% (4278/20367)   Receiving objects:  22% (4481/20367)   Receiving objects:  23% (4685/20367)   Receiving objects:  24% (4889/20367)   Receiving objects:  25% (5092/20367), 9.28 MiB | 18.52 MiB/s   Receiving objects:  26% (5296/20367), 9.28 MiB | 18.52 MiB/s   Receiving objects:  27% (5500/20367), 9.28 MiB | 18.52 MiB/s   Receiving objects:  28% (5703/20367), 9.28 MiB | 18.52 MiB/s   Receiving objects:  29% (5907/20367), 9.28 MiB | 18.52 MiB/s   Receiving objects:  30% (6111/20367), 9.28 MiB | 18.52 MiB/s   Receiving objects:  31% (6314/20367), 9.28 MiB | 18.52 MiB/s   Receiving objects:  32% (6518/20367), 9.28 MiB | 18.52 MiB/s   Receiving objects:  33% (6722/20367), 9.28 MiB | 18.52 MiB/s   Receiving objects:  34% (6925/20367), 9.28 MiB | 18.52 MiB/s   Receiving objects:  35% (7129/20367), 9.28 MiB | 18.52 MiB/s   Receiving objects:  36% (7333/20367), 9.28 MiB | 18.52 MiB/s   Receiving objects:  37% (7536/20367), 9.28 MiB | 18.52 MiB/s   Receiving objects:  38% (7740/20367), 9.28 MiB | 18.52 MiB/s   Receiving objects:  39% (7944/20367), 9.28 MiB | 18.52 MiB/s   Receiving objects:  40% (8147/20367), 9.28 MiB | 18.52 MiB/s   Receiving objects:  41% (8351/20367), 9.28 MiB | 18.52 MiB/s   Receiving objects:  42% (8555/20367), 9.28 MiB | 18.52 MiB/s   Receiving objects:  43% (8758/20367), 9.28 MiB | 18.52 MiB/s   Receiving objects:  44% (8962/20367), 9.28 MiB | 18.52 MiB/s   Receiving objects:  45% (9166/20367), 9.28 MiB | 18.52 MiB/s   Receiving objects:  46% (9369/20367), 9.28 MiB | 18.52 MiB/s   Receiving objects:  47% (9573/20367), 9.28 MiB | 18.52 MiB/s   Receiving objects:  48% (9777/20367), 9.28 MiB | 18.52 MiB/s   Receiving objects:  49% (9980/20367), 9.28 MiB | 18.52 MiB/s   Receiving objects:  50% (10184/20367), 9.28 MiB | 18.52 MiB/s   Receiving objects:  51% (10388/20367), 9.28 MiB | 18.52 MiB/s   Receiving objects:  52% (10591/20367), 9.28 MiB | 18.52 MiB/s   Receiving objects:  53% (10795/20367), 9.28 MiB | 18.52 MiB/s   Receiving objects:  54% (10999/20367), 9.28 MiB | 18.52 MiB/s   Receiving objects:  55% (11202/20367), 9.28 MiB | 18.52 MiB/s   Receiving objects:  56% (11406/20367), 9.28 MiB | 18.52 MiB/s   Receiving objects:  57% (11610/20367), 9.28 MiB | 18.52 MiB/s   Receiving objects:  58% (11813/20367), 9.28 MiB | 18.52 MiB/s   Receiving objects:  59% (12017/20367), 9.28 MiB | 18.52 MiB/s   Receiving objects:  60% (12221/20367), 9.28 MiB | 18.52 MiB/s   Receiving objects:  61% (12424/20367), 9.28 MiB | 18.52 MiB/s   Receiving objects:  62% (12628/20367), 9.28 MiB | 18.52 MiB/s   Receiving objects:  63% (12832/20367), 9.28 MiB | 18.52 MiB/s   Receiving objects:  64% (13035/20367), 9.28 MiB | 18.52 MiB/s   Receiving objects:  65% (13239/20367), 9.28 MiB | 18.52 MiB/s   Receiving objects:  66% (13443/20367), 9.28 MiB | 18.52 MiB/s   Receiving objects:  67% (13646/20367), 9.28 MiB | 18.52 MiB/s   Receiving objects:  68% (13850/20367), 9.28 MiB | 18.52 MiB/s   Receiving objects:  69% (14054/20367), 9.28 MiB | 18.52 MiB/s   Receiving objects:  70% (14257/20367), 9.28 MiB | 18.52 MiB/s   Receiving objects:  71% (14461/20367), 9.28 MiB | 18.52 MiB/s   Receiving objects:  72% (14665/20367), 9.28 MiB | 18.52 MiB/s   Receiving objects:  73% (14868/20367), 9.28 MiB | 18.52 MiB/s   Receiving objects:  74% (15072/20367), 9.28 MiB | 18.52 MiB/s   Receiving objects:  75% (15276/20367), 9.28 MiB | 18.52 MiB/s   Receiving objects:  76% (15479/20367), 9.28 MiB | 18.52 MiB/s   Receiving objects:  77% (15683/20367), 9.28 MiB | 18.52 MiB/s   Receiving objects:  78% (15887/20367), 9.28 MiB | 18.52 MiB/s   Receiving objects:  79% (16090/20367), 9.28 MiB | 18.52 MiB/s   Receiving objects:  80% (16294/20367), 9.28 MiB | 18.52 MiB/s   Receiving objects:  81% (16498/20367), 9.28 MiB | 18.52 MiB/s   Receiving objects:  82% (16701/20367), 9.28 MiB | 18.52 MiB/s   Receiving objects:  83% (16905/20367), 9.28 MiB | 18.52 MiB/s   Receiving objects:  84% (17109/20367), 9.28 MiB | 18.52 MiB/s   Receiving objects:  85% (17312/20367), 9.28 MiB | 18.52 MiB/s   Receiving objects:  86% (17516/20367), 9.28 MiB | 18.52 MiB/s   Receiving objects:  87% (17720/20367), 9.28 MiB | 18.52 MiB/s   Receiving objects:  88% (17923/20367), 9.28 MiB | 18.52 MiB/s   Receiving objects:  89% (18127/20367), 9.28 MiB | 18.52 MiB/s   Receiving objects:  90% (18331/20367), 9.28 MiB | 18.52 MiB/s   Receiving objects:  91% (18534/20367), 9.28 MiB | 18.52 MiB/s   Receiving objects:  92% (18738/20367), 9.28 MiB | 18.52 MiB/s   Receiving objects:  93% (18942/20367), 9.28 MiB | 18.52 MiB/s   Receiving objects:  94% (19145/20367), 9.28 MiB | 18.52 MiB/s   Receiving objects:  95% (19349/20367), 9.28 MiB | 18.52 MiB/s   Receiving objects:  96% (19553/20367), 9.28 MiB | 18.52 MiB/s   Receiving objects:  97% (19756/20367), 9.28 MiB | 18.52 MiB/s   Receiving objects:  98% (19960/20367), 9.28 MiB | 18.52 MiB/s   Receiving objects:  99% (20164/20367), 9.28 MiB | 18.52 MiB/s   remote: Total 20367 (delta 9738), reused 17506 (delta 7491), pack-reused 0[K
Receiving objects: 100% (20367/20367), 9.28 MiB | 18.52 MiB/s   Receiving objects: 100% (20367/20367), 15.36 MiB | 18.52 MiB/s, done.
Resolving deltas:   0% (0/9738)   Resolving deltas:   2% (291/9738)   Resolving deltas:   3% (304/9738)   Resolving deltas:   4% (397/9738)   Resolving deltas:   5% (491/9738)   Resolving deltas:   6% (585/9738)   Resolving deltas:   7% (684/9738)   Resolving deltas:   8% (781/9738)   Resolving deltas:   9% (886/9738)   Resolving deltas:  11% (1113/9738)   Resolving deltas:  12% (1181/9738)   Resolving deltas:  13% (1270/9738)   Resolving deltas:  14% (1367/9738)   Resolving deltas:  15% (1461/9738)   Resolving deltas:  16% (1565/9738)   Resolving deltas:  17% (1661/9738)   Resolving deltas:  18% (1753/9738)   Resolving deltas:  19% (1857/9738)   Resolving deltas:  20% (1949/9738)   Resolving deltas:  21% (2048/9738)   Resolving deltas:  22% (2147/9738)   Resolving deltas:  23% (2240/9738)   Resolving deltas:  24% (2343/9738)   Resolving deltas:  25% (2435/9738)   Resolving deltas:  26% (2549/9738)   Resolving deltas:  27% (2675/9738)   Resolving deltas:  33% (3305/9738)   Resolving deltas:  34% (3312/9738)   Resolving deltas:  35% (3427/9738)   Resolving deltas:  36% (3521/9738)   Resolving deltas:  37% (3604/9738)   Resolving deltas:  38% (3705/9738)   Resolving deltas:  39% (3798/9738)   Resolving deltas:  40% (3901/9738)   Resolving deltas:  41% (4008/9738)   Resolving deltas:  42% (4097/9738)   Resolving deltas:  43% (4195/9738)   Resolving deltas:  44% (4286/9738)   Resolving deltas:  45% (4383/9738)   Resolving deltas:  46% (4482/9738)   Resolving deltas:  47% (4577/9738)   Resolving deltas:  48% (4677/9738)   Resolving deltas:  49% (4773/9738)   Resolving deltas:  50% (4870/9738)   Resolving deltas:  51% (4968/9738)   Resolving deltas:  52% (5076/9738)   Resolving deltas:  53% (5185/9738)   Resolving deltas:  54% (5259/9738)   Resolving deltas:  55% (5426/9738)   Resolving deltas:  56% (5462/9738)   Resolving deltas:  57% (5553/9738)   Resolving deltas:  58% (5652/9738)   Resolving deltas:  59% (5747/9738)   Resolving deltas:  60% (5851/9738)   Resolving deltas:  61% (5946/9738)   Resolving deltas:  62% (6039/9738)   Resolving deltas:  63% (6137/9738)   Resolving deltas:  64% (6242/9738)   Resolving deltas:  65% (6336/9738)   Resolving deltas:  66% (6436/9738)   Resolving deltas:  67% (6535/9738)   Resolving deltas:  68% (6636/9738)   Resolving deltas:  71% (6940/9738)   Resolving deltas:  72% (7053/9738)   Resolving deltas:  77% (7560/9738)   Resolving deltas:  79% (7765/9738)   Resolving deltas:  80% (7791/9738)   Resolving deltas:  81% (7889/9738)   Resolving deltas:  82% (7986/9738)   Resolving deltas:  83% (8084/9738)   Resolving deltas:  84% (8208/9738)   Resolving deltas:  85% (8285/9738)   Resolving deltas:  86% (8383/9738)   Resolving deltas:  87% (8474/9738)   Resolving deltas:  88% (8572/9738)   Resolving deltas:  89% (8720/9738)   Resolving deltas:  90% (8798/9738)   Resolving deltas:  91% (8864/9738)   Resolving deltas:  92% (9033/9738)   Resolving deltas:  93% (9070/9738)   Resolving deltas:  94% (9195/9738)   Resolving deltas:  95% (9254/9738)   Resolving deltas:  96% (9359/9738)   Resolving deltas:  97% (9447/9738)   Resolving deltas:  98% (9544/9738)   Resolving deltas:  99% (9642/9738)   Resolving deltas: 100% (9738/9738)   Resolving deltas: 100% (9738/9738), done.
Checking connectivity... done.

travis_time:end:291e4cd5:start=1470336296768320537,finish=1470336299647433274,duration=2879112737[0K$ cd apache/storm
travis_time:start:1ed5a892[0K$ git fetch origin +refs/pull/1583/merge:
remote: Counting objects: 85, done.[K
remote: Compressing objects:   2% (1/37)   [Kremote: Compressing objects:   5% (2/37)   [Kremote: Compressing objects:   8% (3/37)   [Kremote: Compressing objects:  10% (4/37)   [Kremote: Compressing objects:  13% (5/37)   [Kremote: Compressing objects:  16% (6/37)   [Kremote: Compressing objects:  18% (7/37)   [Kremote: Compressing objects:  21% (8/37)   [Kremote: Compressing objects:  24% (9/37)   [Kremote: Compressing objects:  27% (10/37)   [Kremote: Compressing objects:  29% (11/37)   [Kremote: Compressing objects:  32% (12/37)   [Kremote: Compressing objects:  35% (13/37)   [Kremote: Compressing objects:  37% (14/37)   [Kremote: Compressing objects:  40% (15/37)   [Kremote: Compressing objects:  43% (16/37)   [Kremote: Compressing objects:  45% (17/37)   [Kremote: Compressing objects:  48% (18/37)   [Kremote: Compressing objects:  51% (19/37)   [Kremote: Compressing objects:  54% (20/37)   [Kremote: Compressing objects:  56% (21/37)   [Kremote: Compressing objects:  59% (22/37)   [Kremote: Compressing objects:  62% (23/37)   [Kremote: Compressing objects:  64% (24/37)   [Kremote: Compressing objects:  67% (25/37)   [Kremote: Compressing objects:  70% (26/37)   [Kremote: Compressing objects:  72% (27/37)   [Kremote: Compressing objects:  75% (28/37)   [Kremote: Compressing objects:  78% (29/37)   [Kremote: Compressing objects:  81% (30/37)   [Kremote: Compressing objects:  83% (31/37)   [Kremote: Compressing objects:  86% (32/37)   [Kremote: Compressing objects:  89% (33/37)   [Kremote: Compressing objects:  91% (34/37)   [Kremote: Compressing objects:  94% (35/37)   [Kremote: Compressing objects:  97% (36/37)   [Kremote: Compressing objects: 100% (37/37)   [Kremote: Compressing objects: 100% (37/37), done.[K
remote: Total 85 (delta 28), reused 74 (delta 20), pack-reused 0[K
Unpacking objects:   1% (1/85)   Unpacking objects:   2% (2/85)   Unpacking objects:   3% (3/85)   Unpacking objects:   4% (4/85)   Unpacking objects:   5% (5/85)   Unpacking objects:   7% (6/85)   Unpacking objects:   8% (7/85)   Unpacking objects:   9% (8/85)   Unpacking objects:  10% (9/85)   Unpacking objects:  11% (10/85)   Unpacking objects:  12% (11/85)   Unpacking objects:  14% (12/85)   Unpacking objects:  15% (13/85)   Unpacking objects:  16% (14/85)   Unpacking objects:  17% (15/85)   Unpacking objects:  18% (16/85)   Unpacking objects:  20% (17/85)   Unpacking objects:  21% (18/85)   Unpacking objects:  22% (19/85)   Unpacking objects:  23% (20/85)   Unpacking objects:  24% (21/85)   Unpacking objects:  25% (22/85)   Unpacking objects:  27% (23/85)   Unpacking objects:  28% (24/85)   Unpacking objects:  29% (25/85)   Unpacking objects:  30% (26/85)   Unpacking objects:  31% (27/85)   Unpacking objects:  32% (28/85)   Unpacking objects:  34% (29/85)   Unpacking objects:  35% (30/85)   Unpacking objects:  36% (31/85)   Unpacking objects:  37% (32/85)   Unpacking objects:  38% (33/85)   Unpacking objects:  40% (34/85)   Unpacking objects:  41% (35/85)   Unpacking objects:  42% (36/85)   Unpacking objects:  43% (37/85)   Unpacking objects:  44% (38/85)   Unpacking objects:  45% (39/85)   Unpacking objects:  47% (40/85)   Unpacking objects:  48% (41/85)   Unpacking objects:  49% (42/85)   Unpacking objects:  50% (43/85)   Unpacking objects:  51% (44/85)   Unpacking objects:  52% (45/85)   Unpacking objects:  54% (46/85)   Unpacking objects:  55% (47/85)   Unpacking objects:  56% (48/85)   Unpacking objects:  57% (49/85)   Unpacking objects:  58% (50/85)   Unpacking objects:  60% (51/85)   Unpacking objects:  61% (52/85)   Unpacking objects:  62% (53/85)   Unpacking objects:  63% (54/85)   Unpacking objects:  64% (55/85)   Unpacking objects:  65% (56/85)   Unpacking objects:  67% (57/85)   Unpacking objects:  68% (58/85)   Unpacking objects:  69% (59/85)   Unpacking objects:  70% (60/85)   Unpacking objects:  71% (61/85)   Unpacking objects:  72% (62/85)   Unpacking objects:  74% (63/85)   Unpacking objects:  75% (64/85)   Unpacking objects:  76% (65/85)   Unpacking objects:  77% (66/85)   Unpacking objects:  78% (67/85)   Unpacking objects:  80% (68/85)   Unpacking objects:  81% (69/85)   Unpacking objects:  82% (70/85)   Unpacking objects:  83% (71/85)   Unpacking objects:  84% (72/85)   Unpacking objects:  85% (73/85)   Unpacking objects:  87% (74/85)   Unpacking objects:  88% (75/85)   Unpacking objects:  89% (76/85)   Unpacking objects:  90% (77/85)   Unpacking objects:  91% (78/85)   Unpacking objects:  92% (79/85)   Unpacking objects:  94% (80/85)   Unpacking objects:  95% (81/85)   Unpacking objects:  96% (82/85)   Unpacking objects:  97% (83/85)   Unpacking objects:  98% (84/85)   Unpacking objects: 100% (85/85)   Unpacking objects: 100% (85/85), done.
From https://github.com/apache/storm
 * branch            refs/pull/1583/merge -> FETCH_HEAD

travis_time:end:1ed5a892:start=1470336299650993569,finish=1470336299985945652,duration=334952083[0K$ git checkout -qf FETCH_HEAD
travis_fold:end:git.checkout[0K
[33;1mThis job is running on container-based infrastructure, which does not allow use of 'sudo', setuid and setguid executables.[0m
[33;1mIf you require sudo, add 'sudo: required' to your .travis.yml[0m
[33;1mSee https://docs.travis-ci.com/user/workers/container-based-infrastructure/ for details.[0m

[33;1mSetting environment variables from .travis.yml[0m
$ export MODULES=storm-core

$ jdk_switcher use oraclejdk7
Switching to Oracle JDK7 (java-7-oracle), JAVA_HOME will be set to /usr/lib/jvm/java-7-oracle
travis_fold:start:cache.1[0KSetting up build cache
$ export CASHER_DIR=$HOME/.casher
travis_time:start:23f6dc7b[0K$ Installing caching utilities

travis_time:end:23f6dc7b:start=1470336302063049603,finish=1470336302111789339,duration=48739736[0Ktravis_time:start:0ac860f2[0K
travis_time:end:0ac860f2:start=1470336302116406126,finish=1470336302119492092,duration=3085966[0Ktravis_time:start:0bbb3ae0[0K[32;1mattempting to download cache archive[0m
[32;1mfetching PR.1583/cache-linux-precise-4722ea394922d42b2b7eb84cff6efc764d76759821ac6f6efc13232aa923f595--jdk-oraclejdk7.tgz[0m
[32;1mfound cache[0m

travis_time:end:0bbb3ae0:start=1470336302123164646,finish=1470336310844232991,duration=8721068345[0Ktravis_time:start:0d7661ab[0K
travis_time:end:0d7661ab:start=1470336310848252029,finish=1470336310851992666,duration=3740637[0Ktravis_time:start:00fde7b0[0K[32;1madding /home/travis/.m2/repository to cache[0m
[32;1madding /home/travis/.rvm to cache[0m
[32;1madding /home/travis/.nvm to cache[0m

travis_time:end:00fde7b0:start=1470336310856076530,finish=1470336325125008736,duration=14268932206[0Ktravis_fold:end:cache.1[0K$ java -Xmx32m -version
java version "1.7.0_76"
Java(TM) SE Runtime Environment (build 1.7.0_76-b13)
Java HotSpot(TM) 64-Bit Server VM (build 24.76-b04, mixed mode)
$ javac -J-Xmx32m -version
javac 1.7.0_76
travis_fold:start:before_install.1[0Ktravis_time:start:37f63d9a[0K$ rvm use 2.1.5 --install
[32mUsing /home/travis/.rvm/gems/ruby-2.1.5[0m

travis_time:end:37f63d9a:start=1470336325462419336,finish=1470336325744421885,duration=282002549[0Ktravis_fold:end:before_install.1[0Ktravis_fold:start:before_install.2[0Ktravis_time:start:02bb8aee[0K$ nvm install 0.12.2
v0.12.2 is already installed.
Now using node v0.12.2

travis_time:end:02bb8aee:start=1470336325748680061,finish=1470336326134160116,duration=385480055[0Ktravis_fold:end:before_install.2[0Ktravis_fold:start:before_install.3[0Ktravis_time:start:13b773c9[0K$ nvm use 0.12.2
Now using node v0.12.2

travis_time:end:13b773c9:start=1470336326138819126,finish=1470336326202853268,duration=64034142[0Ktravis_fold:end:before_install.3[0Ktravis_fold:start:install[0Ktravis_time:start:012c7b06[0K$ /bin/bash ./dev-tools/travis/travis-install.sh `pwd`
Python version :   Python 2.7.3
Maven version  :   Apache Maven 3.2.5 (12a6b3acb947671f09b81f49094c53f426d8cea1; 2014-12-14T17:29:23+00:00) Maven home: /usr/local/maven Java version: 1.7.0_76, vendor: Oracle Corporation Java home: /usr/lib/jvm/java-7-oracle/jre Default locale: en_US, platform encoding: UTF-8 OS name: "linux", version: "3.13.0-40-generic", arch: "amd64", family: "unix"
['mvn', 'clean', 'install', '-DskipTests', '-Pnative', '--batch-mode'] writing to install.txt
1 seconds 1 log lines12 seconds 198 log lines38 seconds 325 log lines51 seconds 334 log lines62 seconds 506 log lines78 seconds 654 log lines92 seconds 870 log lines103 seconds 919 log lines113 seconds 972 log lines125 seconds 1315 log lines141 seconds 1458 log lines152 seconds 1660 log lines162 seconds 2070 log lines175 seconds 2213 log lines186 seconds 2510 log lines196 seconds 2680 log lines204 seconds 2741 log lines
['mvn', 'clean', 'install', '-DskipTests', '-Pnative', '--batch-mode'] done 0

travis_time:end:012c7b06:start=1470336326207712815,finish=1470336530659560075,duration=204451847260[0Ktravis_fold:end:install[0Ktravis_time:start:3c6473af[0K$ /bin/bash ./dev-tools/travis/travis-script.sh `pwd` $MODULES
Python version :   Python 2.7.3
Ruby version   :   ruby 2.1.5p273 (2014-11-13 revision 48405) [x86_64-linux]
NodeJs version :   v0.12.2
Maven version  :   Apache Maven 3.2.5 (12a6b3acb947671f09b81f49094c53f426d8cea1; 2014-12-14T17:29:23+00:00) Maven home: /usr/local/maven Java version: 1.7.0_76, vendor: Oracle Corporation Java home: /usr/lib/jvm/java-7-oracle/jre Default locale: en_US, platform encoding: UTF-8 OS name: "linux", version: "3.13.0-40-generic", arch: "amd64", family: "unix"
[INFO] Scanning for projects...
[INFO]                                                                         
[INFO] ------------------------------------------------------------------------
[INFO] Building Storm Core 2.0.0-SNAPSHOT
[INFO] ------------------------------------------------------------------------
[INFO] 
[INFO] --- exec-maven-plugin:1.2.1:exec (default) @ storm-core ---
[INFO] 
[INFO] --- maven-remote-resources-plugin:1.2.1:process (default) @ storm-core ---
[INFO] 
[INFO] --- storm-maven-plugins:2.0.0-SNAPSHOT:version-info (version-info) @ storm-core ---
[WARNING] [svn, info] failed with error code 1
[INFO] SCM: GIT
[INFO] Computed MD5: 6d7c18b084247edeedf71d59e3778bdf
[INFO] 
[INFO] --- maven-resources-plugin:2.5:resources (default-resources) @ storm-core ---
[debug] execute contextualize
[INFO] Using 'UTF-8' encoding to copy filtered resources.
[INFO] Copying 9 resources
[INFO] Copying 1 resource to META-INF
[INFO] Copying 0 resource
[INFO] Copying 1 resource
[INFO] Copying 3 resources
[INFO] 
[INFO] --- maven-compiler-plugin:3.1:compile (default-compile) @ storm-core ---
[INFO] Nothing to compile - all classes are up to date
[INFO] 
[INFO] --- clojure-maven-plugin:1.7.1:compile (compile-clojure) @ storm-core ---
Compiling org.apache.storm.testing4j to /home/travis/build/apache/storm/storm-core/target/classes
18:49:13.463 [main] WARN  o.a.s.m.StormMetricsRegistry - Metric ui:num-topology-op-response-http-requests has already been registered
18:49:13.464 [main] WARN  o.a.s.m.StormMetricsRegistry - Metric ui:num-topology-op-response-http-requests has already been registered
Compiling org.apache.storm.ui.helpers to /home/travis/build/apache/storm/storm-core/target/classes
Compiling org.apache.storm.scheduler.IsolationScheduler to /home/travis/build/apache/storm/storm-core/target/classes
Compiling org.apache.storm.log to /home/travis/build/apache/storm/storm-core/target/classes
Compiling org.apache.storm.daemon.worker to /home/travis/build/apache/storm/storm-core/target/classes
Compiling org.apache.storm.testing to /home/travis/build/apache/storm/storm-core/target/classes
Compiling org.apache.storm.converter to /home/travis/build/apache/storm/storm-core/target/classes
Compiling org.apache.storm.daemon.executor to /home/travis/build/apache/storm/storm-core/target/classes
Compiling org.apache.storm.util to /home/travis/build/apache/storm/storm-core/target/classes
Compiling org.apache.storm.command.shell-submission to /home/travis/build/apache/storm/storm-core/target/classes
Compiling org.apache.storm.daemon.common to /home/travis/build/apache/storm/storm-core/target/classes
Compiling org.apache.storm.internal.clojure to /home/travis/build/apache/storm/storm-core/target/classes
Compiling org.apache.storm.daemon.local-supervisor to /home/travis/build/apache/storm/storm-core/target/classes
Compiling org.apache.storm.internal.thrift to /home/travis/build/apache/storm/storm-core/target/classes
Compiling org.apache.storm.daemon.logviewer to /home/travis/build/apache/storm/storm-core/target/classes
Compiling org.apache.storm.daemon.nimbus to /home/travis/build/apache/storm/storm-core/target/classes
Compiling org.apache.storm.LocalCluster to /home/travis/build/apache/storm/storm-core/target/classes
Compiling org.apache.storm.local-state-converter to /home/travis/build/apache/storm/storm-core/target/classes
Compiling org.apache.storm.trident.testing to /home/travis/build/apache/storm/storm-core/target/classes
Compiling org.apache.storm.ui.core to /home/travis/build/apache/storm/storm-core/target/classes
Compiling org.apache.storm.daemon.drpc to /home/travis/build/apache/storm/storm-core/target/classes
Compiling org.apache.storm.config to /home/travis/build/apache/storm/storm-core/target/classes
[INFO] 
[INFO] --- make-maven-plugin:1.0-beta-1:autoreconf (compile) @ storm-core ---
[INFO] 
[INFO] --- make-maven-plugin:1.0-beta-1:configure (compile) @ storm-core ---
[INFO] /bin/sh: 14: /home/travis/.jdk_switcher_rc: [[: not found
[INFO] /bin/sh: 22: /home/travis/.jdk_switcher_rc: [[: not found
[INFO] /bin/sh: 32: /home/travis/.jdk_switcher_rc: [[: not found
[INFO] /bin/sh: 42: /home/travis/.jdk_switcher_rc: [[: not found
[INFO] /bin/sh: 3: /etc/profile.d/rvm.sh: [[: not found
[INFO] checking for gcc... gcc
[INFO] checking whether the C compiler works... yes
[INFO] checking for C compiler default output file name... a.out
[INFO] checking for suffix of executables... 
[INFO] checking whether we are cross compiling... no
[INFO] checking for suffix of object files... o
[INFO] checking whether we are using the GNU C compiler... yes
[INFO] checking whether gcc accepts -g... yes
[INFO] checking for gcc option to accept ISO C89... none needed
[INFO] checking how to run the C preprocessor... gcc -E
[INFO] checking for grep that handles long lines and -e... /bin/grep
[INFO] checking for egrep... /bin/grep -E
[INFO] checking for ANSI C header files... yes
[INFO] checking for sys/types.h... yes
[INFO] checking for sys/stat.h... yes
[INFO] checking for stdlib.h... yes
[INFO] checking for string.h... yes
[INFO] checking for memory.h... yes
[INFO] checking for strings.h... yes
[INFO] checking for inttypes.h... yes
[INFO] checking for stdint.h... yes
[INFO] checking for unistd.h... yes
[INFO] checking minix/config.h usability... no
[INFO] checking minix/config.h presence... no
[INFO] checking for minix/config.h... no
[INFO] checking whether it is safe to define __EXTENSIONS__... yes
[INFO] checking for a BSD-compatible install... /usr/bin/install -c
[INFO] checking whether build environment is sane... yes
[INFO] checking for a thread-safe mkdir -p... /bin/mkdir -p
[INFO] checking for gawk... gawk
[INFO] checking whether make sets $(MAKE)... yes
[INFO] checking for style of include used by make... GNU
[INFO] checking dependency style of gcc... gcc3
[INFO] checking for gcc... (cached) gcc
[INFO] checking whether we are using the GNU C compiler... (cached) yes
[INFO] checking whether gcc accepts -g... (cached) yes
[INFO] checking for gcc option to accept ISO C89... (cached) none needed
[INFO] checking whether gcc and cc understand -c and -o together... yes
[INFO] checking for unistd.h... (cached) yes
[INFO] checking for stdbool.h that conforms to C99... yes
[INFO] checking for _Bool... yes
[INFO] checking for an ANSI C-conforming const... yes
[INFO] checking for off_t... yes
[INFO] checking for size_t... yes
[INFO] checking whether strerror_r is declared... yes
[INFO] checking for strerror_r... yes
[INFO] checking whether strerror_r returns char *... yes
[INFO] checking for mkdir... yes
[INFO] checking for uname... yes
[INFO] configure: creating ./config.status
[INFO] config.status: creating Makefile
[INFO] config.status: executing depfiles commands
[INFO] 
[INFO] --- make-maven-plugin:1.0-beta-1:make-install (compile) @ storm-core ---
[INFO] /bin/sh: 14: /home/travis/.jdk_switcher_rc: [[: not found
[INFO] /bin/sh: 22: /home/travis/.jdk_switcher_rc: [[: not found
[INFO] /bin/sh: 32: /home/travis/.jdk_switcher_rc: [[: not found
[INFO] /bin/sh: 42: /home/travis/.jdk_switcher_rc: [[: not found
[INFO] /bin/sh: 3: /etc/profile.d/rvm.sh: [[: not found
[INFO] make[1]: Entering directory `/home/travis/build/apache/storm/storm-core/target/native/worker-launcher'
[INFO] test -z "/usr/local/bin" || /bin/mkdir -p "/home/travis/build/apache/storm/storm-core/target/native/target/usr/local/bin"
[INFO]   /usr/bin/install -c worker-launcher '/home/travis/build/apache/storm/storm-core/target/native/target/usr/local/bin'
[INFO] make[1]: Nothing to be done for `install-data-am'.
[INFO] make[1]: Leaving directory `/home/travis/build/apache/storm/storm-core/target/native/worker-launcher'
[INFO] 
[INFO] --- maven-resources-plugin:2.5:testResources (default-testResources) @ storm-core ---
[debug] execute contextualize
[INFO] Using 'UTF-8' encoding to copy filtered resources.
[INFO] Copying 14 resources
[INFO] Copying 2 resources
[INFO] Copying 3 resources
[INFO] 
[INFO] --- maven-dependency-plugin:2.8:unpack (unpack) @ storm-core ---
[INFO] Configured Artifact: org.apache.storm:multilang-ruby:2.0.0-SNAPSHOT:jar
[INFO] Downloading: https://repository.apache.org/snapshots/org/apache/storm/multilang-ruby/2.0.0-SNAPSHOT/maven-metadata.xml
[WARNING] Could not transfer metadata org.apache.storm:multilang-ruby:2.0.0-SNAPSHOT/maven-metadata.xml from/to apache-snapshots (https://repository.apache.org/snapshots/): Connect to repository.apache.org:443 [repository.apache.org/207.244.88.143] failed: Connection timed out
[INFO] Configured Artifact: org.apache.storm:multilang-python:2.0.0-SNAPSHOT:jar
[INFO] Downloading: https://repository.apache.org/snapshots/org/apache/storm/multilang-python/2.0.0-SNAPSHOT/maven-metadata.xml
[WARNING] Could not transfer metadata org.apache.storm:multilang-python:2.0.0-SNAPSHOT/maven-metadata.xml from/to apache-snapshots (https://repository.apache.org/snapshots/): Connect to repository.apache.org:443 [repository.apache.org/207.244.88.143] failed: Connection timed out
[INFO] Configured Artifact: org.apache.storm:multilang-javascript:2.0.0-SNAPSHOT:jar
[INFO] Downloading: https://repository.apache.org/snapshots/org/apache/storm/multilang-javascript/2.0.0-SNAPSHOT/maven-metadata.xml
[INFO] multilang-ruby-2.0.0-SNAPSHOT.jar already unpacked.
[INFO] multilang-python-2.0.0-SNAPSHOT.jar already unpacked.
[INFO] multilang-javascript-2.0.0-SNAPSHOT.jar already unpacked.
[INFO] 
[INFO] --- maven-compiler-plugin:3.1:testCompile (default-testCompile) @ storm-core ---
[INFO] Changes detected - recompiling the module!
[INFO] Compiling 63 source files to /home/travis/build/apache/storm/storm-core/target/test-classes
[WARNING] /home/travis/build/apache/storm/storm-core/test/jvm/org/apache/storm/localizer/LocalizerTest.java: Some input files use or override a deprecated API.
[WARNING] /home/travis/build/apache/storm/storm-core/test/jvm/org/apache/storm/localizer/LocalizerTest.java: Recompile with -Xlint:deprecation for details.
[WARNING] /home/travis/build/apache/storm/storm-core/test/jvm/org/apache/storm/command/TestCLI.java: Some input files use unchecked or unsafe operations.
[WARNING] /home/travis/build/apache/storm/storm-core/test/jvm/org/apache/storm/command/TestCLI.java: Recompile with -Xlint:unchecked for details.
[INFO] 
[INFO] --- maven-surefire-plugin:2.18.1:test (default-test) @ storm-core ---
[INFO] Surefire report directory: /home/travis/build/apache/storm/storm-core/target/surefire-reports
[INFO] parallel='none', perCoreThreadCount=true, threadCount=0, useUnlimitedThreads=false, threadCountSuites=0, threadCountClasses=0, threadCountMethods=0, parallelOptimized=true

-------------------------------------------------------
 T E S T S
-------------------------------------------------------
Running org.apache.storm.security.serialization.BlowfishTupleSerializerTest
Tests run: 3, Failures: 0, Errors: 0, Skipped: 0, Time elapsed: 0.192 sec - in org.apache.storm.security.serialization.BlowfishTupleSerializerTest
Running org.apache.storm.security.auth.ReqContextTest
Tests run: 4, Failures: 0, Errors: 0, Skipped: 0, Time elapsed: 0.006 sec - in org.apache.storm.security.auth.ReqContextTest
Running org.apache.storm.security.auth.SaslTransportPluginTest
Tests run: 2, Failures: 0, Errors: 0, Skipped: 0, Time elapsed: 0.003 sec - in org.apache.storm.security.auth.SaslTransportPluginTest
Running org.apache.storm.security.auth.ThriftClientTest
Tests run: 4, Failures: 0, Errors: 0, Skipped: 0, Time elapsed: 0.252 sec - in org.apache.storm.security.auth.ThriftClientTest
Running org.apache.storm.security.auth.AuthUtilsTest
Tests run: 15, Failures: 0, Errors: 0, Skipped: 0, Time elapsed: 0.172 sec - in org.apache.storm.security.auth.AuthUtilsTest
Running org.apache.storm.security.auth.ThriftServerTest
Tests run: 2, Failures: 0, Errors: 0, Skipped: 0, Time elapsed: 0.037 sec - in org.apache.storm.security.auth.ThriftServerTest
Running org.apache.storm.cluster.StormClusterStateImplTest
Tests run: 5, Failures: 0, Errors: 0, Skipped: 0, Time elapsed: 0.047 sec - in org.apache.storm.cluster.StormClusterStateImplTest
Running org.apache.storm.serialization.GzipBridgeThriftSerializationDelegateTest
Tests run: 3, Failures: 0, Errors: 0, Skipped: 0, Time elapsed: 0.007 sec - in org.apache.storm.serialization.GzipBridgeThriftSerializationDelegateTest
Running org.apache.storm.serialization.GzipBridgeSerializationDelegateTest
Tests run: 3, Failures: 0, Errors: 0, Skipped: 0, Time elapsed: 0.008 sec - in org.apache.storm.serialization.GzipBridgeSerializationDelegateTest
Running org.apache.storm.serialization.SerializationTest
Tests run: 3, Failures: 0, Errors: 0, Skipped: 0, Time elapsed: 1.391 sec - in org.apache.storm.serialization.SerializationTest
Running org.apache.storm.serialization.ThriftBridgeSerializationDelegateTest
Tests run: 1, Failures: 0, Errors: 0, Skipped: 0, Time elapsed: 0.004 sec - in org.apache.storm.serialization.ThriftBridgeSerializationDelegateTest
Running org.apache.storm.grouping.PartialKeyGroupingTest
Tests run: 2, Failures: 0, Errors: 0, Skipped: 0, Time elapsed: 0.022 sec - in org.apache.storm.grouping.PartialKeyGroupingTest
Running org.apache.storm.command.TestCLI
Tests run: 1, Failures: 0, Errors: 0, Skipped: 0, Time elapsed: 0.011 sec - in org.apache.storm.command.TestCLI
Running org.apache.storm.command.RebalanceTest
Tests run: 2, Failures: 0, Errors: 0, Skipped: 0, Time elapsed: 0.001 sec - in org.apache.storm.command.RebalanceTest
Running org.apache.storm.command.SetLogLevelTest
Tests run: 3, Failures: 0, Errors: 0, Skipped: 0, Time elapsed: 0.004 sec - in org.apache.storm.command.SetLogLevelTest
Running org.apache.storm.utils.UtilsTest
Tests run: 8, Failures: 0, Errors: 0, Skipped: 0, Time elapsed: 0.098 sec - in org.apache.storm.utils.UtilsTest
Running org.apache.storm.utils.DisruptorQueueTest
Tests run: 3, Failures: 0, Errors: 0, Skipped: 0, Time elapsed: 3.686 sec - in org.apache.storm.utils.DisruptorQueueTest
Running org.apache.storm.utils.DisruptorQueueBackpressureTest
Tests run: 1, Failures: 0, Errors: 0, Skipped: 0, Time elapsed: 0 sec - in org.apache.storm.utils.DisruptorQueueBackpressureTest
Running org.apache.storm.utils.StormBoundedExponentialBackoffRetryTest
Tests run: 5, Failures: 0, Errors: 0, Skipped: 0, Time elapsed: 0.091 sec - in org.apache.storm.utils.StormBoundedExponentialBackoffRetryTest
Running org.apache.storm.utils.TimeTest
Tests run: 8, Failures: 0, Errors: 0, Skipped: 0, Time elapsed: 0 sec - in org.apache.storm.utils.TimeTest
Running org.apache.storm.utils.ThriftTopologyUtilsTest
Tests run: 5, Failures: 0, Errors: 0, Skipped: 0, Time elapsed: 0.011 sec - in org.apache.storm.utils.ThriftTopologyUtilsTest
Running org.apache.storm.utils.WorkerBackpressureThreadTest
Tests run: 1, Failures: 0, Errors: 0, Skipped: 0, Time elapsed: 0.203 sec - in org.apache.storm.utils.WorkerBackpressureThreadTest
Running org.apache.storm.utils.ShellBoltMessageQueueTest
Tests run: 3, Failures: 0, Errors: 0, Skipped: 0, Time elapsed: 2.014 sec - in org.apache.storm.utils.ShellBoltMessageQueueTest
Running org.apache.storm.metric.internal.CountStatAndMetricTest
Tests run: 1, Failures: 0, Errors: 0, Skipped: 0, Time elapsed: 0.004 sec - in org.apache.storm.metric.internal.CountStatAndMetricTest
Running org.apache.storm.metric.internal.RateTrackerTest
Tests run: 4, Failures: 0, Errors: 0, Skipped: 0, Time elapsed: 0.001 sec - in org.apache.storm.metric.internal.RateTrackerTest
Running org.apache.storm.metric.internal.LatencyStatAndMetricTest
Tests run: 1, Failures: 0, Errors: 0, Skipped: 0, Time elapsed: 0.048 sec - in org.apache.storm.metric.internal.LatencyStatAndMetricTest
Running org.apache.storm.metric.util.DataPointExpanderTest
Tests run: 5, Failures: 0, Errors: 0, Skipped: 0, Time elapsed: 0.012 sec - in org.apache.storm.metric.util.DataPointExpanderTest
Running org.apache.storm.metric.filter.FilterByMetricNameTest
Tests run: 4, Failures: 0, Errors: 0, Skipped: 0, Time elapsed: 0.03 sec - in org.apache.storm.metric.filter.FilterByMetricNameTest
Running org.apache.storm.scheduler.resource.strategies.scheduling.TestDefaultResourceAwareStrategy
Tests run: 2, Failures: 0, Errors: 0, Skipped: 0, Time elapsed: 2.895 sec - in org.apache.storm.scheduler.resource.strategies.scheduling.TestDefaultResourceAwareStrategy
Running org.apache.storm.scheduler.resource.TestResourceAwareScheduler
Tests run: 14, Failures: 0, Errors: 0, Skipped: 0, Time elapsed: 5.385 sec - in org.apache.storm.scheduler.resource.TestResourceAwareScheduler
Running org.apache.storm.scheduler.resource.TestUser
Tests run: 3, Failures: 0, Errors: 0, Skipped: 0, Time elapsed: 5.243 sec - in org.apache.storm.scheduler.resource.TestUser
Running org.apache.storm.localizer.LocalizerTest
Tests run: 13, Failures: 0, Errors: 0, Skipped: 0, Time elapsed: 1.221 sec - in org.apache.storm.localizer.LocalizerTest
Running org.apache.storm.localizer.LocalizedResourceRetentionSetTest
Tests run: 2, Failures: 0, Errors: 0, Skipped: 0, Time elapsed: 0.042 sec - in org.apache.storm.localizer.LocalizedResourceRetentionSetTest
Running org.apache.storm.localizer.LocalizedResourceSetTest
Tests run: 4, Failures: 0, Errors: 0, Skipped: 0, Time elapsed: 0.007 sec - in org.apache.storm.localizer.LocalizedResourceSetTest
Running org.apache.storm.spout.CheckpointSpoutTest
Tests run: 7, Failures: 0, Errors: 0, Skipped: 0, Time elapsed: 0.28 sec - in org.apache.storm.spout.CheckpointSpoutTest
Running org.apache.storm.blobstore.ClientBlobStoreTest
Tests run: 4, Failures: 0, Errors: 0, Skipped: 0, Time elapsed: 0.01 sec - in org.apache.storm.blobstore.ClientBlobStoreTest
Running org.apache.storm.blobstore.BlobStoreTest
Tests run: 4, Failures: 0, Errors: 0, Skipped: 0, Time elapsed: 0.932 sec - in org.apache.storm.blobstore.BlobStoreTest
Running org.apache.storm.blobstore.BlobSynchronizerTest
Tests run: 4, Failures: 0, Errors: 0, Skipped: 0, Time elapsed: 2.095 sec - in org.apache.storm.blobstore.BlobSynchronizerTest
Running org.apache.storm.topology.StatefulWindowedBoltExecutorTest
Tests run: 4, Failures: 0, Errors: 0, Skipped: 0, Time elapsed: 0.152 sec - in org.apache.storm.topology.StatefulWindowedBoltExecutorTest
Running org.apache.storm.topology.TopologyBuilderTest
Tests run: 5, Failures: 0, Errors: 0, Skipped: 0, Time elapsed: 0.094 sec - in org.apache.storm.topology.TopologyBuilderTest
Running org.apache.storm.topology.StatefulBoltExecutorTest
Tests run: 7, Failures: 0, Errors: 0, Skipped: 0, Time elapsed: 0.12 sec - in org.apache.storm.topology.StatefulBoltExecutorTest
Running org.apache.storm.topology.WindowedBoltExecutorTest
Tests run: 5, Failures: 1, Errors: 0, Skipped: 0, Time elapsed: 0.301 sec <<< FAILURE! - in org.apache.storm.topology.WindowedBoltExecutorTest
testExecuteWithLateTupleStream(org.apache.storm.topology.WindowedBoltExecutorTest)  Time elapsed: 0.099 sec  <<< FAILURE!
org.mockito.exceptions.verification.WantedButNotInvoked: 
Wanted but not invoked:
outputCollector.emit(
    "$late",
    [source: null:1, stream: s1, id: {}, [600]],
    [source: null:1, stream: s1, id: {}, [600]]
);
-> at org.apache.storm.topology.WindowedBoltExecutorTest.testExecuteWithLateTupleStream(WindowedBoltExecutorTest.java:225)
Actually, there were zero interactions with this mock.

	at org.apache.storm.topology.WindowedBoltExecutorTest.testExecuteWithLateTupleStream(WindowedBoltExecutorTest.java:225)

Running org.apache.storm.state.InMemoryKeyValueStateTest
Tests run: 2, Failures: 0, Errors: 0, Skipped: 0, Time elapsed: 0 sec - in org.apache.storm.state.InMemoryKeyValueStateTest
Running org.apache.storm.windowing.WaterMarkEventGeneratorTest
Tests run: 5, Failures: 0, Errors: 0, Skipped: 0, Time elapsed: 0.073 sec - in org.apache.storm.windowing.WaterMarkEventGeneratorTest
Running org.apache.storm.windowing.WindowManagerTest
Tests run: 12, Failures: 0, Errors: 0, Skipped: 0, Time elapsed: 0.059 sec - in org.apache.storm.windowing.WindowManagerTest
Running org.apache.storm.trident.TestTridentTopology
Tests run: 1, Failures: 0, Errors: 0, Skipped: 0, Time elapsed: 9.775 sec - in org.apache.storm.trident.TestTridentTopology
Running org.apache.storm.trident.TridentWindowingTest
Tests run: 3, Failures: 0, Errors: 0, Skipped: 0, Time elapsed: 0.014 sec - in org.apache.storm.trident.TridentWindowingTest
Running org.apache.storm.nimbus.LocalNimbusTest
Tests run: 1, Failures: 0, Errors: 0, Skipped: 0, Time elapsed: 28.018 sec - in org.apache.storm.nimbus.LocalNimbusTest
Running org.apache.storm.tuple.FieldsTest
Tests run: 12, Failures: 0, Errors: 1, Skipped: 0, Time elapsed: 0.062 sec <<< FAILURE! - in org.apache.storm.tuple.FieldsTest
selectingUnknownFieldThrowsTest(org.apache.storm.tuple.FieldsTest)  Time elapsed: 0.018 sec  <<< ERROR!
java.lang.Exception: Unexpected exception, expected<java.lang.NullPointerException> but was<java.lang.IllegalArgumentException>
	at org.apache.storm.tuple.Fields.fieldIndex(Fields.java:104)
	at org.apache.storm.tuple.Fields.select(Fields.java:63)
	at org.apache.storm.tuple.FieldsTest.selectingUnknownFieldThrowsTest(FieldsTest.java:124)

Running org.apache.storm.TestConfigValidate
Tests run: 25, Failures: 0, Errors: 0, Skipped: 0, Time elapsed: 0.884 sec - in org.apache.storm.TestConfigValidate
Running org.apache.storm.PacemakerTest
Tests run: 9, Failures: 0, Errors: 0, Skipped: 0, Time elapsed: 1.104 sec - in org.apache.storm.PacemakerTest
Running org.apache.storm.TestCgroups
Tests run: 1, Failures: 0, Errors: 0, Skipped: 1, Time elapsed: 0.048 sec - in org.apache.storm.TestCgroups
Running org.apache.storm.PaceMakerStateStorageFactoryTest
Tests run: 10, Failures: 0, Errors: 0, Skipped: 0, Time elapsed: 0.82 sec - in org.apache.storm.PaceMakerStateStorageFactoryTest

Results :

Failed tests: 
  WindowedBoltExecutorTest.testExecuteWithLateTupleStream:225 
Wanted but not invoked:
outputCollector.emit(
    "$late",
    [source: null:1, stream: s1, id: {}, [600]],
    [source: null:1, stream: s1, id: {}, [600]]
);
-> at org.apache.storm.topology.WindowedBoltExecutorTest.testExecuteWithLateTupleStream(WindowedBoltExecutorTest.java:225)
Actually, there were zero interactions with this mock.

Tests in error: 
  FieldsTest.selectingUnknownFieldThrowsTest »  Unexpected exception, expected<j...

Tests run: 261, Failures: 1, Errors: 1, Skipped: 1

[INFO] ------------------------------------------------------------------------
[INFO] BUILD FAILURE
[INFO] ------------------------------------------------------------------------
[INFO] Total time: 07:02 min
[INFO] Finished at: 2016-08-04T18:55:54+00:00
[INFO] Final Memory: 46M/435M
[INFO] ------------------------------------------------------------------------
[ERROR] Failed to execute goal org.apache.maven.plugins:maven-surefire-plugin:2.18.1:test (default-test) on project storm-core: There are test failures.
[ERROR] 
[ERROR] Please refer to /home/travis/build/apache/storm/storm-core/target/surefire-reports for the individual test results.
[ERROR] -> [Help 1]
[ERROR] 
[ERROR] To see the full stack trace of the errors, re-run Maven with the -e switch.
[ERROR] Re-run Maven using the -X switch to enable full debug logging.
[ERROR] 
[ERROR] For more information about the errors and possible solutions, please read the following articles:
[ERROR] [Help 1] http://cwiki.apache.org/confluence/display/MAVEN/MojoFailureException
Looking for errors in ./storm-core/target/surefire-reports
Checking ./storm-core/target/surefire-reports/TEST-org.apache.storm.security.serialization.BlowfishTupleSerializerTest.xml
Checking ./storm-core/target/surefire-reports/TEST-org.apache.storm.security.auth.ReqContextTest.xml
Checking ./storm-core/target/surefire-reports/TEST-org.apache.storm.security.auth.SaslTransportPluginTest.xml
Checking ./storm-core/target/surefire-reports/TEST-org.apache.storm.security.auth.ThriftClientTest.xml
Checking ./storm-core/target/surefire-reports/TEST-org.apache.storm.security.auth.AuthUtilsTest.xml
Checking ./storm-core/target/surefire-reports/TEST-org.apache.storm.security.auth.ThriftServerTest.xml
Checking ./storm-core/target/surefire-reports/TEST-org.apache.storm.cluster.StormClusterStateImplTest.xml
Checking ./storm-core/target/surefire-reports/TEST-org.apache.storm.serialization.GzipBridgeThriftSerializationDelegateTest.xml
Checking ./storm-core/target/surefire-reports/TEST-org.apache.storm.serialization.GzipBridgeSerializationDelegateTest.xml
Checking ./storm-core/target/surefire-reports/TEST-org.apache.storm.serialization.SerializationTest.xml
Checking ./storm-core/target/surefire-reports/TEST-org.apache.storm.serialization.ThriftBridgeSerializationDelegateTest.xml
Checking ./storm-core/target/surefire-reports/TEST-org.apache.storm.grouping.PartialKeyGroupingTest.xml
Checking ./storm-core/target/surefire-reports/TEST-org.apache.storm.command.TestCLI.xml
Checking ./storm-core/target/surefire-reports/TEST-org.apache.storm.command.RebalanceTest.xml
Checking ./storm-core/target/surefire-reports/TEST-org.apache.storm.command.SetLogLevelTest.xml
Checking ./storm-core/target/surefire-reports/TEST-org.apache.storm.utils.UtilsTest.xml
Checking ./storm-core/target/surefire-reports/TEST-org.apache.storm.utils.DisruptorQueueTest.xml
Checking ./storm-core/target/surefire-reports/TEST-org.apache.storm.utils.DisruptorQueueBackpressureTest.xml
Checking ./storm-core/target/surefire-reports/TEST-org.apache.storm.utils.StormBoundedExponentialBackoffRetryTest.xml
Checking ./storm-core/target/surefire-reports/TEST-org.apache.storm.utils.TimeTest.xml
Checking ./storm-core/target/surefire-reports/TEST-org.apache.storm.utils.ThriftTopologyUtilsTest.xml
Checking ./storm-core/target/surefire-reports/TEST-org.apache.storm.utils.WorkerBackpressureThreadTest.xml
Checking ./storm-core/target/surefire-reports/TEST-org.apache.storm.utils.ShellBoltMessageQueueTest.xml
Checking ./storm-core/target/surefire-reports/TEST-org.apache.storm.metric.internal.CountStatAndMetricTest.xml
Checking ./storm-core/target/surefire-reports/TEST-org.apache.storm.metric.internal.RateTrackerTest.xml
Checking ./storm-core/target/surefire-reports/TEST-org.apache.storm.metric.internal.LatencyStatAndMetricTest.xml
Checking ./storm-core/target/surefire-reports/TEST-org.apache.storm.metric.util.DataPointExpanderTest.xml
Checking ./storm-core/target/surefire-reports/TEST-org.apache.storm.metric.filter.FilterByMetricNameTest.xml
Checking ./storm-core/target/surefire-reports/TEST-org.apache.storm.scheduler.resource.strategies.scheduling.TestDefaultResourceAwareStrategy.xml
Checking ./storm-core/target/surefire-reports/TEST-org.apache.storm.scheduler.resource.TestResourceAwareScheduler.xml
Checking ./storm-core/target/surefire-reports/TEST-org.apache.storm.scheduler.resource.TestUser.xml
Checking ./storm-core/target/surefire-reports/TEST-org.apache.storm.localizer.LocalizerTest.xml
Checking ./storm-core/target/surefire-reports/TEST-org.apache.storm.localizer.LocalizedResourceRetentionSetTest.xml
Checking ./storm-core/target/surefire-reports/TEST-org.apache.storm.localizer.LocalizedResourceSetTest.xml
Checking ./storm-core/target/surefire-reports/TEST-org.apache.storm.spout.CheckpointSpoutTest.xml
Checking ./storm-core/target/surefire-reports/TEST-org.apache.storm.blobstore.ClientBlobStoreTest.xml
Checking ./storm-core/target/surefire-reports/TEST-org.apache.storm.blobstore.BlobStoreTest.xml
Checking ./storm-core/target/surefire-reports/TEST-org.apache.storm.blobstore.BlobSynchronizerTest.xml
Checking ./storm-core/target/surefire-reports/TEST-org.apache.storm.topology.StatefulWindowedBoltExecutorTest.xml
Checking ./storm-core/target/surefire-reports/TEST-org.apache.storm.topology.TopologyBuilderTest.xml
Checking ./storm-core/target/surefire-reports/TEST-org.apache.storm.topology.StatefulBoltExecutorTest.xml
Checking ./storm-core/target/surefire-reports/TEST-org.apache.storm.topology.WindowedBoltExecutorTest.xml
--------------------------------------------------
classname: org.apache.storm.topology.WindowedBoltExecutorTest / testname: testExecuteWithLateTupleStream
org.mockito.exceptions.verification.WantedButNotInvoked: 
Wanted but not invoked:
outputCollector.emit(
    "$late",
    [source: null:1, stream: s1, id: {}, [600]],
    [source: null:1, stream: s1, id: {}, [600]]
);
-> at org.apache.storm.topology.WindowedBoltExecutorTest.testExecuteWithLateTupleStream(WindowedBoltExecutorTest.java:225)
Actually, there were zero interactions with this mock.

	at org.apache.storm.topology.WindowedBoltExecutorTest.testExecuteWithLateTupleStream(WindowedBoltExecutorTest.java:225)

-------------------- system-out --------------------
[]

--------------------------------------------------
Checking ./storm-core/target/surefire-reports/TEST-org.apache.storm.state.InMemoryKeyValueStateTest.xml
Checking ./storm-core/target/surefire-reports/TEST-org.apache.storm.windowing.WaterMarkEventGeneratorTest.xml
Checking ./storm-core/target/surefire-reports/TEST-org.apache.storm.windowing.WindowManagerTest.xml
Checking ./storm-core/target/surefire-reports/TEST-org.apache.storm.trident.TestTridentTopology.xml
Checking ./storm-core/target/surefire-reports/TEST-org.apache.storm.trident.TridentWindowingTest.xml
Checking ./storm-core/target/surefire-reports/TEST-org.apache.storm.nimbus.LocalNimbusTest.xml
Checking ./storm-core/target/surefire-reports/TEST-org.apache.storm.tuple.FieldsTest.xml
--------------------------------------------------
classname: org.apache.storm.tuple.FieldsTest / testname: selectingUnknownFieldThrowsTest
java.lang.Exception: Unexpected exception, expected<java.lang.NullPointerException> but was<java.lang.IllegalArgumentException>
	at org.apache.storm.tuple.Fields.fieldIndex(Fields.java:104)
	at org.apache.storm.tuple.Fields.select(Fields.java:63)
	at org.apache.storm.tuple.FieldsTest.selectingUnknownFieldThrowsTest(FieldsTest.java:124)

--------------------------------------------------
Checking ./storm-core/target/surefire-reports/TEST-org.apache.storm.TestConfigValidate.xml
Checking ./storm-core/target/surefire-reports/TEST-org.apache.storm.PacemakerTest.xml
Checking ./storm-core/target/surefire-reports/TEST-org.apache.storm.TestCgroups.xml
Checking ./storm-core/target/surefire-reports/TEST-org.apache.storm.PaceMakerStateStorageFactoryTest.xml

travis_time:end:3c6473af:start=1470336530663950103,finish=1470336955984618673,duration=425320668570[0K
[31;1mThe command "/bin/bash ./dev-tools/travis/travis-script.sh `pwd` $MODULES" exited with 1.[0m
travis_fold:start:cache.2[0Kstore build cache
travis_time:start:00a715c0[0K
travis_time:end:00a715c0:start=1470336955989291860,finish=1470336955993294824,duration=4002964[0Ktravis_time:start:12f15984[0K[32;1mchange detected (content changed, file is created, or file is deleted):
/home/travis/.m2/repository/eigenbase/eigenbase-properties/1.1.4/eigenbase-properties-1.1.4.pom.lastUpdated
/home/travis/.m2/repository/io/confluent/kafka-avro-serializer/1.0/kafka-avro-serializer-1.0.pom.lastUpdated
/home/travis/.m2/repository/io/confluent/kafka-schema-registry-client/1.0/kafka-schema-registry-client-1.0.pom.lastUpdated
/home/travis/.m2/repository/net/hydromatic/linq4j/0.4/linq4j-0.4.pom.lastUpdated
/home/travis/.m2/repository/net/hydromatic/quidem/0.1.1/quidem-0.1.1.pom.lastUpdated
/home/travis/.m2/repository/org/apache/storm/flux/2.0.0-SNAPSHOT/maven-metadata-local.xml
/home/travis/.m2/repository/org/apache/storm/flux/2.0.0-SNAPSHOT/_remote.repositories
/home/travis/.m2/repository/org/apache/storm/flux-core/2.0.0-SNAPSHOT/flux-core-2.0.0-SNAPSHOT.jar
/home/travis/.m2/repository/org/apache/storm/flux-core/2.0.0-SNAPSHOT/maven-metadata-local.xml
/home/travis/.m2/repository/org/apache/storm/flux-core/2.0.0-SNAPSHOT/_remote.repositories
/home/travis/.m2/repository/org/ap
[0m
[32;1m...
[0m
[32;1mchanges detected, packing new archive[0m
.
.
.
.
.
.
.
[32;1muploading archive[0m

travis_time:end:12f15984:start=1470336955997515199,finish=1470337010039242483,duration=54041727284[0Ktravis_fold:end:cache.2[0K
Done. Your build exited with 1.
