Using worker: worker-linux-docker-a735a95f.prod.travis-ci.org:travis-linux-11

travis_fold:start:system_info[0K[33;1mBuild system information[0m
Build language: java
Build group: stable
Build dist: precise
Build id: 151672200
Job id: 151672202
travis-build version: 17f5a31fb
[34m[1mBuild image provisioning date and time[0m
Thu Feb  5 15:09:33 UTC 2015
[34m[1mOperating System Details[0m
Distributor ID:	Ubuntu
Description:	Ubuntu 12.04.5 LTS
Release:	12.04
Codename:	precise
[34m[1mLinux Version[0m
3.13.0-29-generic
[34m[1mCookbooks Version[0m
a68419e https://github.com/travis-ci/travis-cookbooks/tree/a68419e
[34m[1mGCC version[0m
gcc (Ubuntu/Linaro 4.6.3-1ubuntu5) 4.6.3
Copyright (C) 2011 Free Software Foundation, Inc.
This is free software; see the source for copying conditions.  There is NO
warranty; not even for MERCHANTABILITY or FITNESS FOR A PARTICULAR PURPOSE.

[34m[1mLLVM version[0m
clang version 3.4 (tags/RELEASE_34/final)
Target: x86_64-unknown-linux-gnu
Thread model: posix
[34m[1mPre-installed Ruby versions[0m
ruby-1.9.3-p551
[34m[1mPre-installed Node.js versions[0m
v0.10.36
[34m[1mPre-installed Go versions[0m
1.4.1
[34m[1mRedis version[0m
redis-server 2.8.19
[34m[1mriak version[0m
2.0.2
[34m[1mMongoDB version[0m
MongoDB 2.4.12
[34m[1mCouchDB version[0m
couchdb 1.6.1
[34m[1mNeo4j version[0m
1.9.4
[34m[1mRabbitMQ Version[0m
3.4.3
[34m[1mElasticSearch version[0m
1.4.0
[34m[1mInstalled Sphinx versions[0m
2.0.10
2.1.9
2.2.6
[34m[1mDefault Sphinx version[0m
2.2.6
[34m[1mInstalled Firefox version[0m
firefox 31.0esr
[34m[1mPhantomJS version[0m
1.9.8
[34m[1mant -version[0m
Apache Ant(TM) version 1.8.2 compiled on December 3 2011
[34m[1mmvn -version[0m
Apache Maven 3.2.5 (12a6b3acb947671f09b81f49094c53f426d8cea1; 2014-12-14T17:29:23+00:00)
Maven home: /usr/local/maven
Java version: 1.7.0_76, vendor: Oracle Corporation
Java home: /usr/lib/jvm/java-7-oracle/jre
Default locale: en_US, platform encoding: ANSI_X3.4-1968
OS name: "linux", version: "3.13.0-29-generic", arch: "amd64", family: "unix"
travis_fold:end:system_info[0K
travis_fold:start:fix.CVE-2015-7547[0K$ export DEBIAN_FRONTEND=noninteractive
W: Size of file /var/lib/apt/lists/us.archive.ubuntu.com_ubuntu_dists_precise-backports_multiverse_source_Sources.gz is not what the server reported 5886 5888
W: Size of file /var/lib/apt/lists/ppa.launchpad.net_ubuntugis_ppa_ubuntu_dists_precise_main_binary-i386_Packages.gz is not what the server reported 33699 36733
Reading package lists...
Building dependency tree...
Reading state information...
The following extra packages will be installed:
  libc-bin libc-dev-bin libc6-dev
Suggested packages:
  glibc-doc
The following packages will be upgraded:
  libc-bin libc-dev-bin libc6 libc6-dev
4 upgraded, 0 newly installed, 0 to remove and 252 not upgraded.
Need to get 8,840 kB of archives.
After this operation, 14.3 kB disk space will be freed.
Get:1 http://us.archive.ubuntu.com/ubuntu/ precise-updates/main libc6-dev amd64 2.15-0ubuntu10.15 [2,943 kB]
Get:2 http://us.archive.ubuntu.com/ubuntu/ precise-updates/main libc-dev-bin amd64 2.15-0ubuntu10.15 [84.7 kB]
Get:3 http://us.archive.ubuntu.com/ubuntu/ precise-updates/main libc-bin amd64 2.15-0ubuntu10.15 [1,177 kB]
Get:4 http://us.archive.ubuntu.com/ubuntu/ precise-updates/main libc6 amd64 2.15-0ubuntu10.15 [4,636 kB]
Fetched 8,840 kB in 0s (32.5 MB/s)
Preconfiguring packages ...
(Reading database ... (Reading database ... 5%(Reading database ... 10%(Reading database ... 15%(Reading database ... 20%(Reading database ... 25%(Reading database ... 30%(Reading database ... 35%(Reading database ... 40%(Reading database ... 45%(Reading database ... 50%(Reading database ... 55%(Reading database ... 60%(Reading database ... 65%(Reading database ... 70%(Reading database ... 75%(Reading database ... 80%(Reading database ... 85%(Reading database ... 90%(Reading database ... 95%(Reading database ... 100%(Reading database ... 72019 files and directories currently installed.)
Preparing to replace libc6-dev 2.15-0ubuntu10.10 (using .../libc6-dev_2.15-0ubuntu10.15_amd64.deb) ...
Unpacking replacement libc6-dev ...
Preparing to replace libc-dev-bin 2.15-0ubuntu10.10 (using .../libc-dev-bin_2.15-0ubuntu10.15_amd64.deb) ...
Unpacking replacement libc-dev-bin ...
Preparing to replace libc-bin 2.15-0ubuntu10.10 (using .../libc-bin_2.15-0ubuntu10.15_amd64.deb) ...
Unpacking replacement libc-bin ...
Processing triggers for man-db ...
Setting up libc-bin (2.15-0ubuntu10.15) ...
(Reading database ... (Reading database ... 5%(Reading database ... 10%(Reading database ... 15%(Reading database ... 20%(Reading database ... 25%(Reading database ... 30%(Reading database ... 35%(Reading database ... 40%(Reading database ... 45%(Reading database ... 50%(Reading database ... 55%(Reading database ... 60%(Reading database ... 65%(Reading database ... 70%(Reading database ... 75%(Reading database ... 80%(Reading database ... 85%(Reading database ... 90%(Reading database ... 95%(Reading database ... 100%(Reading database ... 72018 files and directories currently installed.)
Preparing to replace libc6 2.15-0ubuntu10.10 (using .../libc6_2.15-0ubuntu10.15_amd64.deb) ...
Unpacking replacement libc6 ...
Setting up libc6 (2.15-0ubuntu10.15) ...
Setting up libc-dev-bin (2.15-0ubuntu10.15) ...
Setting up libc6-dev (2.15-0ubuntu10.15) ...
Processing triggers for libc-bin ...
ldconfig deferred processing now taking place
travis_fold:end:fix.CVE-2015-7547[0Ktravis_fold:start:git.checkout[0Ktravis_time:start:096e2b5a[0K$ git clone --depth=50 https://github.com/apache/storm.git apache/storm
Cloning into 'apache/storm'...
remote: Counting objects: 29203, done.[K
remote: Compressing objects:   0% (1/11513)   [Kremote: Compressing objects:   1% (116/11513)   [Kremote: Compressing objects:   2% (231/11513)   [Kremote: Compressing objects:   3% (346/11513)   [Kremote: Compressing objects:   4% (461/11513)   [Kremote: Compressing objects:   5% (576/11513)   [Kremote: Compressing objects:   6% (691/11513)   [Kremote: Compressing objects:   7% (806/11513)   [Kremote: Compressing objects:   8% (922/11513)   [Kremote: Compressing objects:   9% (1037/11513)   [Kremote: Compressing objects:  10% (1152/11513)   [Kremote: Compressing objects:  11% (1267/11513)   [Kremote: Compressing objects:  12% (1382/11513)   [Kremote: Compressing objects:  13% (1497/11513)   [Kremote: Compressing objects:  14% (1612/11513)   [Kremote: Compressing objects:  15% (1727/11513)   [Kremote: Compressing objects:  16% (1843/11513)   [Kremote: Compressing objects:  17% (1958/11513)   [Kremote: Compressing objects:  18% (2073/11513)   [Kremote: Compressing objects:  19% (2188/11513)   [Kremote: Compressing objects:  20% (2303/11513)   [Kremote: Compressing objects:  21% (2418/11513)   [Kremote: Compressing objects:  22% (2533/11513)   [Kremote: Compressing objects:  23% (2648/11513)   [Kremote: Compressing objects:  24% (2764/11513)   [Kremote: Compressing objects:  25% (2879/11513)   [Kremote: Compressing objects:  26% (2994/11513)   [Kremote: Compressing objects:  27% (3109/11513)   [Kremote: Compressing objects:  28% (3224/11513)   [Kremote: Compressing objects:  29% (3339/11513)   [Kremote: Compressing objects:  30% (3454/11513)   [Kremote: Compressing objects:  31% (3570/11513)   [Kremote: Compressing objects:  32% (3685/11513)   [Kremote: Compressing objects:  33% (3800/11513)   [Kremote: Compressing objects:  34% (3915/11513)   [Kremote: Compressing objects:  35% (4030/11513)   [Kremote: Compressing objects:  36% (4145/11513)   [Kremote: Compressing objects:  37% (4260/11513)   [Kremote: Compressing objects:  38% (4375/11513)   [Kremote: Compressing objects:  39% (4491/11513)   [Kremote: Compressing objects:  40% (4606/11513)   [Kremote: Compressing objects:  41% (4721/11513)   [Kremote: Compressing objects:  42% (4836/11513)   [Kremote: Compressing objects:  43% (4951/11513)   [Kremote: Compressing objects:  44% (5066/11513)   [Kremote: Compressing objects:  45% (5181/11513)   [Kremote: Compressing objects:  46% (5296/11513)   [Kremote: Compressing objects:  47% (5412/11513)   [Kremote: Compressing objects:  48% (5527/11513)   [Kremote: Compressing objects:  49% (5642/11513)   [Kremote: Compressing objects:  50% (5757/11513)   [Kremote: Compressing objects:  51% (5872/11513)   [Kremote: Compressing objects:  52% (5987/11513)   [Kremote: Compressing objects:  53% (6102/11513)   [Kremote: Compressing objects:  54% (6218/11513)   [Kremote: Compressing objects:  55% (6333/11513)   [Kremote: Compressing objects:  56% (6448/11513)   [Kremote: Compressing objects:  57% (6563/11513)   [Kremote: Compressing objects:  58% (6678/11513)   [Kremote: Compressing objects:  59% (6793/11513)   [Kremote: Compressing objects:  60% (6908/11513)   [Kremote: Compressing objects:  61% (7023/11513)   [Kremote: Compressing objects:  62% (7139/11513)   [Kremote: Compressing objects:  63% (7254/11513)   [Kremote: Compressing objects:  64% (7369/11513)   [Kremote: Compressing objects:  65% (7484/11513)   [Kremote: Compressing objects:  66% (7599/11513)   [Kremote: Compressing objects:  67% (7714/11513)   [Kremote: Compressing objects:  68% (7829/11513)   [Kremote: Compressing objects:  69% (7944/11513)   [Kremote: Compressing objects:  70% (8060/11513)   [Kremote: Compressing objects:  71% (8175/11513)   [Kremote: Compressing objects:  72% (8290/11513)   [Kremote: Compressing objects:  73% (8405/11513)   [Kremote: Compressing objects:  74% (8520/11513)   [Kremote: Compressing objects:  75% (8635/11513)   [Kremote: Compressing objects:  76% (8750/11513)   [Kremote: Compressing objects:  77% (8866/11513)   [Kremote: Compressing objects:  78% (8981/11513)   [Kremote: Compressing objects:  79% (9096/11513)   [Kremote: Compressing objects:  80% (9211/11513)   [Kremote: Compressing objects:  81% (9326/11513)   [Kremote: Compressing objects:  82% (9441/11513)   [Kremote: Compressing objects:  83% (9556/11513)   [Kremote: Compressing objects:  84% (9671/11513)   [Kremote: Compressing objects:  85% (9787/11513)   [Kremote: Compressing objects:  86% (9902/11513)   [Kremote: Compressing objects:  87% (10017/11513)   [Kremote: Compressing objects:  88% (10132/11513)   [Kremote: Compressing objects:  89% (10247/11513)   [Kremote: Compressing objects:  90% (10362/11513)   [Kremote: Compressing objects:  91% (10477/11513)   [Kremote: Compressing objects:  92% (10592/11513)   [Kremote: Compressing objects:  93% (10708/11513)   [Kremote: Compressing objects:  94% (10823/11513)   [Kremote: Compressing objects:  95% (10938/11513)   [Kremote: Compressing objects:  96% (11053/11513)   [Kremote: Compressing objects:  97% (11168/11513)   [Kremote: Compressing objects:  98% (11283/11513)   [Kremote: Compressing objects:  99% (11398/11513)   [Kremote: Compressing objects: 100% (11513/11513)   [Kremote: Compressing objects: 100% (11513/11513), done.[K
Receiving objects:   0% (1/29203)   Receiving objects:   1% (293/29203)   Receiving objects:   2% (585/29203)   Receiving objects:   3% (877/29203)   Receiving objects:   4% (1169/29203)   Receiving objects:   5% (1461/29203)   Receiving objects:   6% (1753/29203)   Receiving objects:   7% (2045/29203)   Receiving objects:   8% (2337/29203)   Receiving objects:   9% (2629/29203)   Receiving objects:  10% (2921/29203)   Receiving objects:  11% (3213/29203)   Receiving objects:  12% (3505/29203)   Receiving objects:  13% (3797/29203)   Receiving objects:  14% (4089/29203)   Receiving objects:  15% (4381/29203)   Receiving objects:  16% (4673/29203)   Receiving objects:  17% (4965/29203)   Receiving objects:  18% (5257/29203)   Receiving objects:  19% (5549/29203)   Receiving objects:  20% (5841/29203)   Receiving objects:  21% (6133/29203)   Receiving objects:  22% (6425/29203)   Receiving objects:  23% (6717/29203)   Receiving objects:  24% (7009/29203)   Receiving objects:  25% (7301/29203)   Receiving objects:  26% (7593/29203)   Receiving objects:  27% (7885/29203)   Receiving objects:  28% (8177/29203)   Receiving objects:  29% (8469/29203)   Receiving objects:  30% (8761/29203)   Receiving objects:  31% (9053/29203)   Receiving objects:  32% (9345/29203)   Receiving objects:  33% (9637/29203)   Receiving objects:  34% (9930/29203)   Receiving objects:  35% (10222/29203)   Receiving objects:  36% (10514/29203)   Receiving objects:  37% (10806/29203)   Receiving objects:  38% (11098/29203)   Receiving objects:  39% (11390/29203)   Receiving objects:  40% (11682/29203)   Receiving objects:  41% (11974/29203)   Receiving objects:  42% (12266/29203)   Receiving objects:  43% (12558/29203)   Receiving objects:  44% (12850/29203)   Receiving objects:  45% (13142/29203)   Receiving objects:  46% (13434/29203)   Receiving objects:  47% (13726/29203)   Receiving objects:  48% (14018/29203)   Receiving objects:  49% (14310/29203)   Receiving objects:  50% (14602/29203)   Receiving objects:  51% (14894/29203)   Receiving objects:  52% (15186/29203)   Receiving objects:  53% (15478/29203)   Receiving objects:  54% (15770/29203)   Receiving objects:  55% (16062/29203)   Receiving objects:  56% (16354/29203)   Receiving objects:  57% (16646/29203), 8.97 MiB | 17.89 MiB/s   Receiving objects:  58% (16938/29203), 8.97 MiB | 17.89 MiB/s   Receiving objects:  59% (17230/29203), 8.97 MiB | 17.89 MiB/s   Receiving objects:  60% (17522/29203), 8.97 MiB | 17.89 MiB/s   Receiving objects:  61% (17814/29203), 8.97 MiB | 17.89 MiB/s   Receiving objects:  62% (18106/29203), 8.97 MiB | 17.89 MiB/s   Receiving objects:  63% (18398/29203), 8.97 MiB | 17.89 MiB/s   Receiving objects:  64% (18690/29203), 8.97 MiB | 17.89 MiB/s   Receiving objects:  65% (18982/29203), 8.97 MiB | 17.89 MiB/s   Receiving objects:  66% (19274/29203), 8.97 MiB | 17.89 MiB/s   Receiving objects:  67% (19567/29203), 8.97 MiB | 17.89 MiB/s   Receiving objects:  68% (19859/29203), 8.97 MiB | 17.89 MiB/s   Receiving objects:  69% (20151/29203), 8.97 MiB | 17.89 MiB/s   Receiving objects:  70% (20443/29203), 8.97 MiB | 17.89 MiB/s   Receiving objects:  71% (20735/29203), 8.97 MiB | 17.89 MiB/s   Receiving objects:  72% (21027/29203), 8.97 MiB | 17.89 MiB/s   Receiving objects:  73% (21319/29203), 8.97 MiB | 17.89 MiB/s   Receiving objects:  74% (21611/29203), 8.97 MiB | 17.89 MiB/s   Receiving objects:  75% (21903/29203), 8.97 MiB | 17.89 MiB/s   Receiving objects:  76% (22195/29203), 8.97 MiB | 17.89 MiB/s   Receiving objects:  77% (22487/29203), 8.97 MiB | 17.89 MiB/s   Receiving objects:  78% (22779/29203), 8.97 MiB | 17.89 MiB/s   Receiving objects:  79% (23071/29203), 8.97 MiB | 17.89 MiB/s   Receiving objects:  80% (23363/29203), 8.97 MiB | 17.89 MiB/s   Receiving objects:  81% (23655/29203), 8.97 MiB | 17.89 MiB/s   Receiving objects:  82% (23947/29203), 8.97 MiB | 17.89 MiB/s   Receiving objects:  83% (24239/29203), 8.97 MiB | 17.89 MiB/s   Receiving objects:  84% (24531/29203), 8.97 MiB | 17.89 MiB/s   Receiving objects:  85% (24823/29203), 8.97 MiB | 17.89 MiB/s   Receiving objects:  86% (25115/29203), 8.97 MiB | 17.89 MiB/s   Receiving objects:  87% (25407/29203), 8.97 MiB | 17.89 MiB/s   Receiving objects:  88% (25699/29203), 8.97 MiB | 17.89 MiB/s   Receiving objects:  89% (25991/29203), 8.97 MiB | 17.89 MiB/s   Receiving objects:  90% (26283/29203), 8.97 MiB | 17.89 MiB/s   Receiving objects:  91% (26575/29203), 8.97 MiB | 17.89 MiB/s   Receiving objects:  92% (26867/29203), 8.97 MiB | 17.89 MiB/s   Receiving objects:  93% (27159/29203), 8.97 MiB | 17.89 MiB/s   Receiving objects:  94% (27451/29203), 8.97 MiB | 17.89 MiB/s   Receiving objects:  95% (27743/29203), 8.97 MiB | 17.89 MiB/s   Receiving objects:  95% (28022/29203), 19.35 MiB | 19.31 MiB/s   Receiving objects:  96% (28035/29203), 19.35 MiB | 19.31 MiB/s   Receiving objects:  97% (28327/29203), 19.35 MiB | 19.31 MiB/s   Receiving objects:  98% (28619/29203), 19.35 MiB | 19.31 MiB/s   Receiving objects:  99% (28911/29203), 19.35 MiB | 19.31 MiB/s   remote: Total 29203 (delta 14503), reused 25954 (delta 11724), pack-reused 0[K
Receiving objects: 100% (29203/29203), 19.35 MiB | 19.31 MiB/s   Receiving objects: 100% (29203/29203), 19.96 MiB | 19.31 MiB/s, done.
Resolving deltas:   0% (0/14503)   Resolving deltas:   1% (146/14503)   Resolving deltas:   2% (318/14503)   Resolving deltas:   3% (437/14503)   Resolving deltas:   4% (633/14503)   Resolving deltas:   5% (829/14503)   Resolving deltas:   6% (895/14503)   Resolving deltas:   7% (1016/14503)   Resolving deltas:   8% (1161/14503)   Resolving deltas:   9% (1329/14503)   Resolving deltas:  11% (1664/14503)   Resolving deltas:  12% (1741/14503)   Resolving deltas:  13% (1887/14503)   Resolving deltas:  15% (2305/14503)   Resolving deltas:  16% (2436/14503)   Resolving deltas:  17% (2493/14503)   Resolving deltas:  18% (2622/14503)   Resolving deltas:  19% (2764/14503)   Resolving deltas:  20% (2902/14503)   Resolving deltas:  21% (3051/14503)   Resolving deltas:  22% (3207/14503)   Resolving deltas:  23% (3436/14503)   Resolving deltas:  24% (3481/14503)   Resolving deltas:  25% (3628/14503)   Resolving deltas:  26% (3815/14503)   Resolving deltas:  27% (3927/14503)   Resolving deltas:  28% (4092/14503)   Resolving deltas:  30% (4489/14503)   Resolving deltas:  31% (4496/14503)   Resolving deltas:  32% (4759/14503)   Resolving deltas:  33% (4818/14503)   Resolving deltas:  34% (4949/14503)   Resolving deltas:  35% (5078/14503)   Resolving deltas:  36% (5226/14503)   Resolving deltas:  37% (5447/14503)   Resolving deltas:  38% (5518/14503)   Resolving deltas:  39% (5657/14503)   Resolving deltas:  40% (5825/14503)   Resolving deltas:  41% (5951/14503)   Resolving deltas:  42% (6102/14503)   Resolving deltas:  43% (6246/14503)   Resolving deltas:  44% (6404/14503)   Resolving deltas:  45% (6537/14503)   Resolving deltas:  46% (6688/14503)   Resolving deltas:  47% (6827/14503)   Resolving deltas:  48% (6972/14503)   Resolving deltas:  49% (7111/14503)   Resolving deltas:  50% (7255/14503)   Resolving deltas:  51% (7444/14503)   Resolving deltas:  52% (7548/14503)   Resolving deltas:  53% (7729/14503)   Resolving deltas:  54% (7839/14503)   Resolving deltas:  55% (8085/14503)   Resolving deltas:  56% (8129/14503)   Resolving deltas:  57% (8278/14503)   Resolving deltas:  58% (8426/14503)   Resolving deltas:  59% (8562/14503)   Resolving deltas:  60% (8704/14503)   Resolving deltas:  61% (8851/14503)   Resolving deltas:  62% (8993/14503)   Resolving deltas:  63% (9138/14503)   Resolving deltas:  64% (9283/14503)   Resolving deltas:  65% (9429/14503)   Resolving deltas:  66% (9583/14503)   Resolving deltas:  67% (9728/14503)   Resolving deltas:  68% (9885/14503)   Resolving deltas:  69% (10010/14503)   Resolving deltas:  70% (10195/14503)   Resolving deltas:  71% (10308/14503)   Resolving deltas:  72% (10466/14503)   Resolving deltas:  73% (10591/14503)   Resolving deltas:  74% (10801/14503)   Resolving deltas:  75% (10888/14503)   Resolving deltas:  76% (11034/14503)   Resolving deltas:  77% (11170/14503)   Resolving deltas:  78% (11314/14503)   Resolving deltas:  79% (11465/14503)   Resolving deltas:  80% (11605/14503)   Resolving deltas:  81% (11748/14503)   Resolving deltas:  82% (11909/14503)   Resolving deltas:  83% (12040/14503)   Resolving deltas:  84% (12183/14503)   Resolving deltas:  85% (12329/14503)   Resolving deltas:  86% (12476/14503)   Resolving deltas:  87% (12620/14503)   Resolving deltas:  88% (12775/14503)   Resolving deltas:  89% (12908/14503)   Resolving deltas:  90% (13056/14503)   Resolving deltas:  91% (13250/14503)   Resolving deltas:  92% (13359/14503)   Resolving deltas:  93% (13490/14503)   Resolving deltas:  94% (13657/14503)   Resolving deltas:  95% (13787/14503)   Resolving deltas:  96% (13931/14503)   Resolving deltas:  97% (14077/14503)   Resolving deltas:  98% (14213/14503)   Resolving deltas:  99% (14359/14503)   Resolving deltas: 100% (14503/14503)   Resolving deltas: 100% (14503/14503), done.
Checking connectivity... done.

travis_time:end:096e2b5a:start=1470958342460958554,finish=1470958345847166619,duration=3386208065[0K$ cd apache/storm
travis_time:start:18622560[0K$ git fetch origin +refs/pull/1622/merge:
remote: Counting objects: 6, done.[K
remote: Compressing objects:  33% (1/3)   [Kremote: Compressing objects:  66% (2/3)   [Kremote: Compressing objects: 100% (3/3)   [Kremote: Compressing objects: 100% (3/3), done.[K
remote: Total 6 (delta 4), reused 4 (delta 3), pack-reused 0[K
Unpacking objects:  16% (1/6)   Unpacking objects:  33% (2/6)   Unpacking objects:  50% (3/6)   Unpacking objects:  66% (4/6)   Unpacking objects:  83% (5/6)   Unpacking objects: 100% (6/6)   Unpacking objects: 100% (6/6), done.
From https://github.com/apache/storm
 * branch            refs/pull/1622/merge -> FETCH_HEAD

travis_time:end:18622560:start=1470958345850965127,finish=1470958346181977907,duration=331012780[0K$ git checkout -qf FETCH_HEAD
travis_fold:end:git.checkout[0K
[33;1mThis job is running on container-based infrastructure, which does not allow use of 'sudo', setuid and setguid executables.[0m
[33;1mIf you require sudo, add 'sudo: required' to your .travis.yml[0m
[33;1mSee https://docs.travis-ci.com/user/workers/container-based-infrastructure/ for details.[0m

[33;1mSetting environment variables from .travis.yml[0m
$ export MODULES=storm-core

$ jdk_switcher use oraclejdk8
Switching to Oracle JDK8 (java-8-oracle), JAVA_HOME will be set to /usr/lib/jvm/java-8-oracle
travis_fold:start:cache.1[0KSetting up build cache
$ export CASHER_DIR=$HOME/.casher
travis_time:start:0cb0fca5[0K$ Installing caching utilities

travis_time:end:0cb0fca5:start=1470958348192616260,finish=1470958348239322816,duration=46706556[0Ktravis_time:start:097bd943[0K
travis_time:end:097bd943:start=1470958348245871298,finish=1470958348250277755,duration=4406457[0Ktravis_time:start:0bf3368b[0K[32;1mattempting to download cache archive[0m
[32;1mfetching PR.1622/cache-linux-precise-4722ea394922d42b2b7eb84cff6efc764d76759821ac6f6efc13232aa923f595--jdk-oraclejdk8.tgz[0m
[32;1mfetching PR.1622/cache--jdk-oraclejdk8.tgz[0m
[32;1mfetching master/cache-linux-precise-4722ea394922d42b2b7eb84cff6efc764d76759821ac6f6efc13232aa923f595--jdk-oraclejdk8.tgz[0m
[32;1mfound cache[0m

travis_time:end:0bf3368b:start=1470958348255502781,finish=1470958364757955222,duration=16502452441[0Ktravis_time:start:26603cb0[0K
travis_time:end:26603cb0:start=1470958364761775891,finish=1470958364765004263,duration=3228372[0Ktravis_time:start:0112a8dc[0K[32;1madding /home/travis/.m2/repository to cache[0m
[32;1madding /home/travis/.rvm to cache[0m
[32;1madding /home/travis/.nvm to cache[0m

travis_time:end:0112a8dc:start=1470958364768857709,finish=1470958378085666866,duration=13316809157[0Ktravis_fold:end:cache.1[0K$ java -Xmx32m -version
java version "1.8.0_31"
Java(TM) SE Runtime Environment (build 1.8.0_31-b13)
Java HotSpot(TM) 64-Bit Server VM (build 25.31-b07, mixed mode)
$ javac -J-Xmx32m -version
javac 1.8.0_31
travis_fold:start:before_install.1[0Ktravis_time:start:009c1160[0K$ rvm use 2.1.5 --install
[32mUsing /home/travis/.rvm/gems/ruby-2.1.5[0m

travis_time:end:009c1160:start=1470958378616514795,finish=1470958378877153183,duration=260638388[0Ktravis_fold:end:before_install.1[0Ktravis_fold:start:before_install.2[0Ktravis_time:start:070a239c[0K$ nvm install 0.12.2
v0.12.2 is already installed.
Now using node v0.12.2

travis_time:end:070a239c:start=1470958378881677917,finish=1470958379165217556,duration=283539639[0Ktravis_fold:end:before_install.2[0Ktravis_fold:start:before_install.3[0Ktravis_time:start:04aa9326[0K$ nvm use 0.12.2
Now using node v0.12.2

travis_time:end:04aa9326:start=1470958379169861661,finish=1470958379231959171,duration=62097510[0Ktravis_fold:end:before_install.3[0Ktravis_fold:start:install[0Ktravis_time:start:0fcf011c[0K$ /bin/bash ./dev-tools/travis/travis-install.sh `pwd`
Python version :   Python 2.7.3
Java HotSpot(TM) 64-Bit Server VM warning: ignoring option MaxPermSize=192m; support was removed in 8.0
Maven version  :   Apache Maven 3.2.5 (12a6b3acb947671f09b81f49094c53f426d8cea1; 2014-12-14T17:29:23+00:00) Maven home: /usr/local/maven Java version: 1.8.0_31, vendor: Oracle Corporation Java home: /usr/lib/jvm/java-8-oracle/jre Default locale: en_US, platform encoding: UTF-8 OS name: "linux", version: "3.13.0-40-generic", arch: "amd64", family: "unix"
['mvn', 'clean', 'install', '-DskipTests', '-Pnative', '--batch-mode'] writing to install.txt
2 seconds 2 log lines16 seconds 92 log lines26 seconds 243 log lines71 seconds 326 log lines83 seconds 333 log lines94 seconds 407 log lines104 seconds 575 log lines118 seconds 655 log lines129 seconds 801 log lines141 seconds 871 log lines152 seconds 889 log lines166 seconds 963 log lines176 seconds 1089 log lines186 seconds 1307 log lines196 seconds 1606 log lines209 seconds 1747 log lines220 seconds 2153 log lines232 seconds 2203 log lines243 seconds 2346 log lines258 seconds 2730 log lines258 seconds 2731 log lines
['mvn', 'clean', 'install', '-DskipTests', '-Pnative', '--batch-mode'] done 0

travis_time:end:0fcf011c:start=1470958379236521869,finish=1470958638303733635,duration=259067211766[0Ktravis_fold:end:install[0Ktravis_time:start:0110fd64[0K$ /bin/bash ./dev-tools/travis/travis-script.sh `pwd` $MODULES
Python version :   Python 2.7.3
Ruby version   :   ruby 2.1.5p273 (2014-11-13 revision 48405) [x86_64-linux]
NodeJs version :   v0.12.2
Java HotSpot(TM) 64-Bit Server VM warning: ignoring option MaxPermSize=192m; support was removed in 8.0
Maven version  :   Apache Maven 3.2.5 (12a6b3acb947671f09b81f49094c53f426d8cea1; 2014-12-14T17:29:23+00:00) Maven home: /usr/local/maven Java version: 1.8.0_31, vendor: Oracle Corporation Java home: /usr/lib/jvm/java-8-oracle/jre Default locale: en_US, platform encoding: UTF-8 OS name: "linux", version: "3.13.0-40-generic", arch: "amd64", family: "unix"
Java HotSpot(TM) 64-Bit Server VM warning: ignoring option MaxPermSize=192m; support was removed in 8.0
[INFO] Scanning for projects...
[INFO]                                                                         
[INFO] ------------------------------------------------------------------------
[INFO] Building Storm Core 2.0.0-SNAPSHOT
[INFO] ------------------------------------------------------------------------
[INFO] 
[INFO] --- exec-maven-plugin:1.2.1:exec (default) @ storm-core ---
[INFO] 
[INFO] --- maven-remote-resources-plugin:1.2.1:process (default) @ storm-core ---
[INFO] 
[INFO] --- storm-maven-plugins:2.0.0-SNAPSHOT:version-info (version-info) @ storm-core ---
[WARNING] [svn, info] failed with error code 1
[INFO] SCM: GIT
[INFO] Computed MD5: 6fc37b93385ef5d182b361e9a9276b
[INFO] 
[INFO] --- maven-resources-plugin:2.5:resources (default-resources) @ storm-core ---
[debug] execute contextualize
[INFO] Using 'UTF-8' encoding to copy filtered resources.
[INFO] Copying 9 resources
[INFO] Copying 1 resource to META-INF
[INFO] Copying 0 resource
[INFO] Copying 1 resource
[INFO] Copying 3 resources
[INFO] 
[INFO] --- maven-compiler-plugin:3.1:compile (default-compile) @ storm-core ---
[INFO] Nothing to compile - all classes are up to date
[INFO] 
[INFO] --- clojure-maven-plugin:1.7.1:compile (compile-clojure) @ storm-core ---
Compiling org.apache.storm.trident.testing to /home/travis/build/apache/storm/storm-core/target/classes
23:37:50.073 [main] WARN  o.a.s.m.StormMetricsRegistry - Metric ui:num-topology-op-response-http-requests has already been registered
23:37:50.075 [main] WARN  o.a.s.m.StormMetricsRegistry - Metric ui:num-topology-op-response-http-requests has already been registered
Compiling org.apache.storm.config to /home/travis/build/apache/storm/storm-core/target/classes
Compiling org.apache.storm.LocalCluster to /home/travis/build/apache/storm/storm-core/target/classes
Compiling org.apache.storm.internal.clojure to /home/travis/build/apache/storm/storm-core/target/classes
Compiling org.apache.storm.daemon.logviewer to /home/travis/build/apache/storm/storm-core/target/classes
Compiling org.apache.storm.daemon.drpc to /home/travis/build/apache/storm/storm-core/target/classes
Compiling org.apache.storm.daemon.local-supervisor to /home/travis/build/apache/storm/storm-core/target/classes
Compiling org.apache.storm.testing4j to /home/travis/build/apache/storm/storm-core/target/classes
Compiling org.apache.storm.ui.core to /home/travis/build/apache/storm/storm-core/target/classes
Compiling org.apache.storm.ui.helpers to /home/travis/build/apache/storm/storm-core/target/classes
Compiling org.apache.storm.converter to /home/travis/build/apache/storm/storm-core/target/classes
Compiling org.apache.storm.daemon.nimbus to /home/travis/build/apache/storm/storm-core/target/classes
Compiling org.apache.storm.testing to /home/travis/build/apache/storm/storm-core/target/classes
Compiling org.apache.storm.daemon.local-executor to /home/travis/build/apache/storm/storm-core/target/classes
Compiling org.apache.storm.internal.thrift to /home/travis/build/apache/storm/storm-core/target/classes
Compiling org.apache.storm.local-state-converter to /home/travis/build/apache/storm/storm-core/target/classes
Compiling org.apache.storm.log to /home/travis/build/apache/storm/storm-core/target/classes
Compiling org.apache.storm.daemon.common to /home/travis/build/apache/storm/storm-core/target/classes
Compiling org.apache.storm.command.shell-submission to /home/travis/build/apache/storm/storm-core/target/classes
Compiling org.apache.storm.util to /home/travis/build/apache/storm/storm-core/target/classes
Compiling org.apache.storm.daemon.worker to /home/travis/build/apache/storm/storm-core/target/classes
Compiling org.apache.storm.scheduler.IsolationScheduler to /home/travis/build/apache/storm/storm-core/target/classes
[INFO] 
[INFO] --- make-maven-plugin:1.0-beta-1:autoreconf (compile) @ storm-core ---
[INFO] 
[INFO] --- make-maven-plugin:1.0-beta-1:configure (compile) @ storm-core ---
[INFO] /bin/sh: 14: /home/travis/.jdk_switcher_rc: [[: not found
[INFO] /bin/sh: 22: /home/travis/.jdk_switcher_rc: [[: not found
[INFO] /bin/sh: 32: /home/travis/.jdk_switcher_rc: [[: not found
[INFO] /bin/sh: 42: /home/travis/.jdk_switcher_rc: [[: not found
[INFO] /bin/sh: 3: /etc/profile.d/rvm.sh: [[: not found
[INFO] checking for gcc... gcc
[INFO] checking whether the C compiler works... yes
[INFO] checking for C compiler default output file name... a.out
[INFO] checking for suffix of executables... 
[INFO] checking whether we are cross compiling... no
[INFO] checking for suffix of object files... o
[INFO] checking whether we are using the GNU C compiler... yes
[INFO] checking whether gcc accepts -g... yes
[INFO] checking for gcc option to accept ISO C89... none needed
[INFO] checking how to run the C preprocessor... gcc -E
[INFO] checking for grep that handles long lines and -e... /bin/grep
[INFO] checking for egrep... /bin/grep -E
[INFO] checking for ANSI C header files... yes
[INFO] checking for sys/types.h... yes
[INFO] checking for sys/stat.h... yes
[INFO] checking for stdlib.h... yes
[INFO] checking for string.h... yes
[INFO] checking for memory.h... yes
[INFO] checking for strings.h... yes
[INFO] checking for inttypes.h... yes
[INFO] checking for stdint.h... yes
[INFO] checking for unistd.h... yes
[INFO] checking minix/config.h usability... no
[INFO] checking minix/config.h presence... no
[INFO] checking for minix/config.h... no
[INFO] checking whether it is safe to define __EXTENSIONS__... yes
[INFO] checking for a BSD-compatible install... /usr/bin/install -c
[INFO] checking whether build environment is sane... yes
[INFO] checking for a thread-safe mkdir -p... /bin/mkdir -p
[INFO] checking for gawk... gawk
[INFO] checking whether make sets $(MAKE)... yes
[INFO] checking for style of include used by make... GNU
[INFO] checking dependency style of gcc... gcc3
[INFO] checking for gcc... (cached) gcc
[INFO] checking whether we are using the GNU C compiler... (cached) yes
[INFO] checking whether gcc accepts -g... (cached) yes
[INFO] checking for gcc option to accept ISO C89... (cached) none needed
[INFO] checking whether gcc and cc understand -c and -o together... yes
[INFO] checking for unistd.h... (cached) yes
[INFO] checking for stdbool.h that conforms to C99... yes
[INFO] checking for _Bool... yes
[INFO] checking for an ANSI C-conforming const... yes
[INFO] checking for off_t... yes
[INFO] checking for size_t... yes
[INFO] checking whether strerror_r is declared... yes
[INFO] checking for strerror_r... yes
[INFO] checking whether strerror_r returns char *... yes
[INFO] checking for mkdir... yes
[INFO] checking for uname... yes
[INFO] configure: creating ./config.status
[INFO] config.status: creating Makefile
[INFO] config.status: executing depfiles commands
[INFO] 
[INFO] --- make-maven-plugin:1.0-beta-1:make-install (compile) @ storm-core ---
[INFO] /bin/sh: 14: /home/travis/.jdk_switcher_rc: [[: not found
[INFO] /bin/sh: 22: /home/travis/.jdk_switcher_rc: [[: not found
[INFO] /bin/sh: 32: /home/travis/.jdk_switcher_rc: [[: not found
[INFO] /bin/sh: 42: /home/travis/.jdk_switcher_rc: [[: not found
[INFO] /bin/sh: 3: /etc/profile.d/rvm.sh: [[: not found
[INFO] make[1]: Entering directory `/home/travis/build/apache/storm/storm-core/target/native/worker-launcher'
[INFO] test -z "/usr/local/bin" || /bin/mkdir -p "/home/travis/build/apache/storm/storm-core/target/native/target/usr/local/bin"
[INFO]   /usr/bin/install -c worker-launcher '/home/travis/build/apache/storm/storm-core/target/native/target/usr/local/bin'
[INFO] make[1]: Nothing to be done for `install-data-am'.
[INFO] make[1]: Leaving directory `/home/travis/build/apache/storm/storm-core/target/native/worker-launcher'
[INFO] 
[INFO] --- maven-resources-plugin:2.5:testResources (default-testResources) @ storm-core ---
[debug] execute contextualize
[INFO] Using 'UTF-8' encoding to copy filtered resources.
[INFO] Copying 14 resources
[INFO] Copying 2 resources
[INFO] Copying 3 resources
[INFO] 
[INFO] --- maven-dependency-plugin:2.8:unpack (unpack) @ storm-core ---
[INFO] Configured Artifact: org.apache.storm:multilang-ruby:2.0.0-SNAPSHOT:jar
[INFO] Downloading: https://repository.apache.org/snapshots/org/apache/storm/multilang-ruby/2.0.0-SNAPSHOT/maven-metadata.xml
[INFO] Configured Artifact: org.apache.storm:multilang-python:2.0.0-SNAPSHOT:jar
[INFO] Downloading: https://repository.apache.org/snapshots/org/apache/storm/multilang-python/2.0.0-SNAPSHOT/maven-metadata.xml
[INFO] Configured Artifact: org.apache.storm:multilang-javascript:2.0.0-SNAPSHOT:jar
[INFO] Downloading: https://repository.apache.org/snapshots/org/apache/storm/multilang-javascript/2.0.0-SNAPSHOT/maven-metadata.xml
[INFO] multilang-ruby-2.0.0-SNAPSHOT.jar already unpacked.
[INFO] multilang-python-2.0.0-SNAPSHOT.jar already unpacked.
[INFO] multilang-javascript-2.0.0-SNAPSHOT.jar already unpacked.
[INFO] 
[INFO] --- maven-compiler-plugin:3.1:testCompile (default-testCompile) @ storm-core ---
[INFO] Changes detected - recompiling the module!
[INFO] Compiling 63 source files to /home/travis/build/apache/storm/storm-core/target/test-classes
[WARNING] /home/travis/build/apache/storm/storm-core/test/jvm/org/apache/storm/localizer/LocalizerTest.java: Some input files use or override a deprecated API.
[WARNING] /home/travis/build/apache/storm/storm-core/test/jvm/org/apache/storm/localizer/LocalizerTest.java: Recompile with -Xlint:deprecation for details.
[WARNING] /home/travis/build/apache/storm/storm-core/test/jvm/org/apache/storm/spout/CheckpointSpoutTest.java: Some input files use unchecked or unsafe operations.
[WARNING] /home/travis/build/apache/storm/storm-core/test/jvm/org/apache/storm/spout/CheckpointSpoutTest.java: Recompile with -Xlint:unchecked for details.
[INFO] 
[INFO] --- maven-surefire-plugin:2.18.1:test (default-test) @ storm-core ---
[INFO] Surefire report directory: /home/travis/build/apache/storm/storm-core/target/surefire-reports
[INFO] parallel='none', perCoreThreadCount=true, threadCount=0, useUnlimitedThreads=false, threadCountSuites=0, threadCountClasses=0, threadCountMethods=0, parallelOptimized=true

-------------------------------------------------------
 T E S T S
-------------------------------------------------------
Running org.apache.storm.spout.CheckpointSpoutTest
Tests run: 7, Failures: 0, Errors: 0, Skipped: 0, Time elapsed: 0.483 sec - in org.apache.storm.spout.CheckpointSpoutTest
Running org.apache.storm.utils.TimeTest
Tests run: 8, Failures: 0, Errors: 0, Skipped: 0, Time elapsed: 0.013 sec - in org.apache.storm.utils.TimeTest
Running org.apache.storm.utils.WorkerBackpressureThreadTest
Tests run: 1, Failures: 0, Errors: 0, Skipped: 0, Time elapsed: 0.202 sec - in org.apache.storm.utils.WorkerBackpressureThreadTest
Running org.apache.storm.utils.DisruptorQueueTest
Tests run: 3, Failures: 0, Errors: 0, Skipped: 0, Time elapsed: 3.717 sec - in org.apache.storm.utils.DisruptorQueueTest
Running org.apache.storm.utils.UtilsTest
Tests run: 8, Failures: 0, Errors: 0, Skipped: 0, Time elapsed: 0.199 sec - in org.apache.storm.utils.UtilsTest
Running org.apache.storm.utils.DisruptorQueueBackpressureTest
Tests run: 1, Failures: 0, Errors: 0, Skipped: 0, Time elapsed: 0.002 sec - in org.apache.storm.utils.DisruptorQueueBackpressureTest
Running org.apache.storm.utils.ThriftTopologyUtilsTest
Tests run: 5, Failures: 0, Errors: 0, Skipped: 0, Time elapsed: 0.063 sec - in org.apache.storm.utils.ThriftTopologyUtilsTest
Running org.apache.storm.utils.ShellBoltMessageQueueTest
Tests run: 3, Failures: 0, Errors: 0, Skipped: 0, Time elapsed: 2.312 sec - in org.apache.storm.utils.ShellBoltMessageQueueTest
Running org.apache.storm.utils.StormBoundedExponentialBackoffRetryTest
Tests run: 5, Failures: 0, Errors: 0, Skipped: 0, Time elapsed: 0.489 sec - in org.apache.storm.utils.StormBoundedExponentialBackoffRetryTest
Running org.apache.storm.command.TestCLI
Tests run: 1, Failures: 0, Errors: 0, Skipped: 0, Time elapsed: 0.053 sec - in org.apache.storm.command.TestCLI
Running org.apache.storm.command.RebalanceTest
Tests run: 2, Failures: 0, Errors: 0, Skipped: 0, Time elapsed: 0.005 sec - in org.apache.storm.command.RebalanceTest
Running org.apache.storm.command.SetLogLevelTest
Tests run: 3, Failures: 0, Errors: 0, Skipped: 0, Time elapsed: 0.023 sec - in org.apache.storm.command.SetLogLevelTest
Running org.apache.storm.serialization.ThriftBridgeSerializationDelegateTest
Tests run: 1, Failures: 0, Errors: 0, Skipped: 0, Time elapsed: 0.559 sec - in org.apache.storm.serialization.ThriftBridgeSerializationDelegateTest
Running org.apache.storm.serialization.GzipBridgeSerializationDelegateTest
Tests run: 3, Failures: 0, Errors: 0, Skipped: 0, Time elapsed: 1.206 sec - in org.apache.storm.serialization.GzipBridgeSerializationDelegateTest
Running org.apache.storm.serialization.GzipBridgeThriftSerializationDelegateTest
Tests run: 3, Failures: 0, Errors: 0, Skipped: 0, Time elapsed: 1.077 sec - in org.apache.storm.serialization.GzipBridgeThriftSerializationDelegateTest
Running org.apache.storm.serialization.SerializationTest
Tests run: 3, Failures: 0, Errors: 0, Skipped: 0, Time elapsed: 54.979 sec - in org.apache.storm.serialization.SerializationTest
Running org.apache.storm.trident.TridentWindowingTest
Tests run: 3, Failures: 0, Errors: 0, Skipped: 0, Time elapsed: 0.008 sec - in org.apache.storm.trident.TridentWindowingTest
Running org.apache.storm.trident.TestTridentTopology
Tests run: 1, Failures: 0, Errors: 0, Skipped: 0, Time elapsed: 68.437 sec - in org.apache.storm.trident.TestTridentTopology
Running org.apache.storm.metric.internal.LatencyStatAndMetricTest
Tests run: 1, Failures: 0, Errors: 0, Skipped: 0, Time elapsed: 0.025 sec - in org.apache.storm.metric.internal.LatencyStatAndMetricTest
Running org.apache.storm.metric.internal.CountStatAndMetricTest
Tests run: 1, Failures: 0, Errors: 0, Skipped: 0, Time elapsed: 0.021 sec - in org.apache.storm.metric.internal.CountStatAndMetricTest
Running org.apache.storm.metric.internal.RateTrackerTest
Tests run: 4, Failures: 0, Errors: 0, Skipped: 0, Time elapsed: 0.003 sec - in org.apache.storm.metric.internal.RateTrackerTest
Running org.apache.storm.metric.filter.FilterByMetricNameTest
Tests run: 4, Failures: 0, Errors: 0, Skipped: 0, Time elapsed: 0.02 sec - in org.apache.storm.metric.filter.FilterByMetricNameTest
Running org.apache.storm.metric.util.DataPointExpanderTest
Tests run: 5, Failures: 0, Errors: 0, Skipped: 0, Time elapsed: 0.008 sec - in org.apache.storm.metric.util.DataPointExpanderTest
Running org.apache.storm.windowing.WaterMarkEventGeneratorTest
Tests run: 5, Failures: 0, Errors: 0, Skipped: 0, Time elapsed: 0.941 sec - in org.apache.storm.windowing.WaterMarkEventGeneratorTest
Running org.apache.storm.windowing.WindowManagerTest
Tests run: 12, Failures: 1, Errors: 0, Skipped: 0, Time elapsed: 1.242 sec <<< FAILURE! - in org.apache.storm.windowing.WindowManagerTest
testTimeBasedWindowExpiry(org.apache.storm.windowing.WindowManagerTest)  Time elapsed: 0.344 sec  <<< FAILURE!
java.lang.AssertionError: expected:<[1, 2, 3, 4, 5, 6, 7, 8, 9, 10]> but was:<[]>
	at org.junit.Assert.fail(Assert.java:88)
	at org.junit.Assert.failNotEquals(Assert.java:743)
	at org.junit.Assert.assertEquals(Assert.java:118)
	at org.junit.Assert.assertEquals(Assert.java:144)
	at org.apache.storm.windowing.WindowManagerTest.testTimeBasedWindowExpiry(WindowManagerTest.java:249)

Running org.apache.storm.topology.StatefulBoltExecutorTest
Tests run: 7, Failures: 0, Errors: 0, Skipped: 0, Time elapsed: 1.923 sec - in org.apache.storm.topology.StatefulBoltExecutorTest
Running org.apache.storm.topology.StatefulWindowedBoltExecutorTest
Tests run: 4, Failures: 0, Errors: 0, Skipped: 0, Time elapsed: 0.316 sec - in org.apache.storm.topology.StatefulWindowedBoltExecutorTest
Running org.apache.storm.topology.TopologyBuilderTest
Tests run: 5, Failures: 0, Errors: 0, Skipped: 0, Time elapsed: 0.211 sec - in org.apache.storm.topology.TopologyBuilderTest
Running org.apache.storm.topology.WindowedBoltExecutorTest
Tests run: 5, Failures: 0, Errors: 0, Skipped: 0, Time elapsed: 0.415 sec - in org.apache.storm.topology.WindowedBoltExecutorTest
Running org.apache.storm.localizer.LocalizerTest
Tests run: 13, Failures: 0, Errors: 0, Skipped: 0, Time elapsed: 10.576 sec - in org.apache.storm.localizer.LocalizerTest
Running org.apache.storm.localizer.LocalizedResourceRetentionSetTest
Tests run: 2, Failures: 0, Errors: 0, Skipped: 0, Time elapsed: 0.045 sec - in org.apache.storm.localizer.LocalizedResourceRetentionSetTest
Running org.apache.storm.localizer.LocalizedResourceSetTest
Tests run: 4, Failures: 0, Errors: 0, Skipped: 0, Time elapsed: 0.007 sec - in org.apache.storm.localizer.LocalizedResourceSetTest
Running org.apache.storm.blobstore.BlobStoreTest
Tests run: 4, Failures: 0, Errors: 0, Skipped: 0, Time elapsed: 6.763 sec - in org.apache.storm.blobstore.BlobStoreTest
Running org.apache.storm.blobstore.BlobSynchronizerTest
Tests run: 4, Failures: 0, Errors: 0, Skipped: 0, Time elapsed: 5.664 sec - in org.apache.storm.blobstore.BlobSynchronizerTest
Running org.apache.storm.blobstore.ClientBlobStoreTest
Tests run: 4, Failures: 0, Errors: 0, Skipped: 0, Time elapsed: 0.009 sec - in org.apache.storm.blobstore.ClientBlobStoreTest
Running org.apache.storm.cluster.StormClusterStateImplTest
Tests run: 5, Failures: 0, Errors: 0, Skipped: 0, Time elapsed: 0.142 sec - in org.apache.storm.cluster.StormClusterStateImplTest
Running org.apache.storm.scheduler.resource.strategies.scheduling.TestDefaultResourceAwareStrategy
Tests run: 2, Failures: 0, Errors: 0, Skipped: 0, Time elapsed: 3.375 sec - in org.apache.storm.scheduler.resource.strategies.scheduling.TestDefaultResourceAwareStrategy
Running org.apache.storm.scheduler.resource.TestResourceAwareScheduler
Tests run: 14, Failures: 0, Errors: 0, Skipped: 0, Time elapsed: 17.239 sec - in org.apache.storm.scheduler.resource.TestResourceAwareScheduler
Running org.apache.storm.scheduler.resource.TestUser
Tests run: 3, Failures: 0, Errors: 0, Skipped: 0, Time elapsed: 7.448 sec - in org.apache.storm.scheduler.resource.TestUser
Running org.apache.storm.nimbus.LocalNimbusTest

Results :

Failed tests: 
  WindowManagerTest.testTimeBasedWindowExpiry:249 expected:<[1, 2, 3, 4, 5, 6, 7, 8, 9, 10]> but was:<[]>

Tests run: 169, Failures: 1, Errors: 0, Skipped: 0

[INFO] ------------------------------------------------------------------------
[INFO] BUILD FAILURE
[INFO] ------------------------------------------------------------------------
[INFO] Total time: 05:15 min
[INFO] Finished at: 2016-08-11T23:42:35+00:00
[INFO] Final Memory: 46M/420M
[INFO] ------------------------------------------------------------------------
[ERROR] Failed to execute goal org.apache.maven.plugins:maven-surefire-plugin:2.18.1:test (default-test) on project storm-core: Execution default-test of goal org.apache.maven.plugins:maven-surefire-plugin:2.18.1:test failed: The forked VM terminated without properly saying goodbye. VM crash or System.exit called?
[ERROR] Command was /bin/sh -c cd /home/travis/build/apache/storm/storm-core && /usr/lib/jvm/java-8-oracle/jre/bin/java -Xmx1536m -jar /home/travis/build/apache/storm/storm-core/target/surefire/surefirebooter5300605059238330748.jar /home/travis/build/apache/storm/storm-core/target/surefire/surefire771597039710945850tmp /home/travis/build/apache/storm/storm-core/target/surefire/surefire_02723311184767430908tmp
[ERROR] -> [Help 1]
[ERROR] 
[ERROR] To see the full stack trace of the errors, re-run Maven with the -e switch.
[ERROR] Re-run Maven using the -X switch to enable full debug logging.
[ERROR] 
[ERROR] For more information about the errors and possible solutions, please read the following articles:
[ERROR] [Help 1] http://cwiki.apache.org/confluence/display/MAVEN/PluginExecutionException
Looking for errors in ./storm-core/target/surefire-reports
Checking ./storm-core/target/surefire-reports/TEST-org.apache.storm.spout.CheckpointSpoutTest.xml
Checking ./storm-core/target/surefire-reports/TEST-org.apache.storm.utils.TimeTest.xml
Checking ./storm-core/target/surefire-reports/TEST-org.apache.storm.utils.WorkerBackpressureThreadTest.xml
Checking ./storm-core/target/surefire-reports/TEST-org.apache.storm.utils.DisruptorQueueTest.xml
Checking ./storm-core/target/surefire-reports/TEST-org.apache.storm.utils.UtilsTest.xml
Checking ./storm-core/target/surefire-reports/TEST-org.apache.storm.utils.DisruptorQueueBackpressureTest.xml
Checking ./storm-core/target/surefire-reports/TEST-org.apache.storm.utils.ThriftTopologyUtilsTest.xml
Checking ./storm-core/target/surefire-reports/TEST-org.apache.storm.utils.ShellBoltMessageQueueTest.xml
Checking ./storm-core/target/surefire-reports/TEST-org.apache.storm.utils.StormBoundedExponentialBackoffRetryTest.xml
Checking ./storm-core/target/surefire-reports/TEST-org.apache.storm.command.TestCLI.xml
Checking ./storm-core/target/surefire-reports/TEST-org.apache.storm.command.RebalanceTest.xml
Checking ./storm-core/target/surefire-reports/TEST-org.apache.storm.command.SetLogLevelTest.xml
Checking ./storm-core/target/surefire-reports/TEST-org.apache.storm.serialization.ThriftBridgeSerializationDelegateTest.xml
Checking ./storm-core/target/surefire-reports/TEST-org.apache.storm.serialization.GzipBridgeSerializationDelegateTest.xml
Checking ./storm-core/target/surefire-reports/TEST-org.apache.storm.serialization.GzipBridgeThriftSerializationDelegateTest.xml
Checking ./storm-core/target/surefire-reports/TEST-org.apache.storm.serialization.SerializationTest.xml
Checking ./storm-core/target/surefire-reports/TEST-org.apache.storm.trident.TridentWindowingTest.xml
Checking ./storm-core/target/surefire-reports/TEST-org.apache.storm.trident.TestTridentTopology.xml
Checking ./storm-core/target/surefire-reports/TEST-org.apache.storm.metric.internal.LatencyStatAndMetricTest.xml
Checking ./storm-core/target/surefire-reports/TEST-org.apache.storm.metric.internal.CountStatAndMetricTest.xml
Checking ./storm-core/target/surefire-reports/TEST-org.apache.storm.metric.internal.RateTrackerTest.xml
Checking ./storm-core/target/surefire-reports/TEST-org.apache.storm.metric.filter.FilterByMetricNameTest.xml
Checking ./storm-core/target/surefire-reports/TEST-org.apache.storm.metric.util.DataPointExpanderTest.xml
Checking ./storm-core/target/surefire-reports/TEST-org.apache.storm.windowing.WaterMarkEventGeneratorTest.xml
Checking ./storm-core/target/surefire-reports/TEST-org.apache.storm.windowing.WindowManagerTest.xml
--------------------------------------------------
classname: org.apache.storm.windowing.WindowManagerTest / testname: testTimeBasedWindowExpiry
java.lang.AssertionError: expected:<[1, 2, 3, 4, 5, 6, 7, 8, 9, 10]> but was:<[]>
	at org.junit.Assert.fail(Assert.java:88)
	at org.junit.Assert.failNotEquals(Assert.java:743)
	at org.junit.Assert.assertEquals(Assert.java:118)
	at org.junit.Assert.assertEquals(Assert.java:144)
	at org.apache.storm.windowing.WindowManagerTest.testTimeBasedWindowExpiry(WindowManagerTest.java:249)

--------------------------------------------------
Checking ./storm-core/target/surefire-reports/TEST-org.apache.storm.topology.StatefulBoltExecutorTest.xml
Checking ./storm-core/target/surefire-reports/TEST-org.apache.storm.topology.StatefulWindowedBoltExecutorTest.xml
Checking ./storm-core/target/surefire-reports/TEST-org.apache.storm.topology.TopologyBuilderTest.xml
Checking ./storm-core/target/surefire-reports/TEST-org.apache.storm.topology.WindowedBoltExecutorTest.xml
Checking ./storm-core/target/surefire-reports/TEST-org.apache.storm.localizer.LocalizerTest.xml
Checking ./storm-core/target/surefire-reports/TEST-org.apache.storm.localizer.LocalizedResourceRetentionSetTest.xml
Checking ./storm-core/target/surefire-reports/TEST-org.apache.storm.localizer.LocalizedResourceSetTest.xml
Checking ./storm-core/target/surefire-reports/TEST-org.apache.storm.blobstore.BlobStoreTest.xml
Checking ./storm-core/target/surefire-reports/TEST-org.apache.storm.blobstore.BlobSynchronizerTest.xml
Checking ./storm-core/target/surefire-reports/TEST-org.apache.storm.blobstore.ClientBlobStoreTest.xml
Checking ./storm-core/target/surefire-reports/TEST-org.apache.storm.cluster.StormClusterStateImplTest.xml
Checking ./storm-core/target/surefire-reports/TEST-org.apache.storm.scheduler.resource.strategies.scheduling.TestDefaultResourceAwareStrategy.xml
Checking ./storm-core/target/surefire-reports/TEST-org.apache.storm.scheduler.resource.TestResourceAwareScheduler.xml
Checking ./storm-core/target/surefire-reports/TEST-org.apache.storm.scheduler.resource.TestUser.xml

travis_time:end:0110fd64:start=1470958638307905717,finish=1470958958741844768,duration=320433939051[0K
[31;1mThe command "/bin/bash ./dev-tools/travis/travis-script.sh `pwd` $MODULES" exited with 1.[0m
travis_fold:start:cache.2[0Kstore build cache
travis_time:start:0ff28998[0K
travis_time:end:0ff28998:start=1470958958748089571,finish=1470958958752318992,duration=4229421[0Ktravis_time:start:072743e3[0K[32;1mchange detected (content changed, file is created, or file is deleted):
/home/travis/.m2/repository/eigenbase/eigenbase-properties/1.1.4/eigenbase-properties-1.1.4.pom.lastUpdated
/home/travis/.m2/repository/io/confluent/kafka-avro-serializer/1.0/kafka-avro-serializer-1.0.pom.lastUpdated
/home/travis/.m2/repository/io/confluent/kafka-schema-registry-client/1.0/kafka-schema-registry-client-1.0.pom.lastUpdated
/home/travis/.m2/repository/net/hydromatic/linq4j/0.4/linq4j-0.4.pom.lastUpdated
/home/travis/.m2/repository/net/hydromatic/quidem/0.1.1/quidem-0.1.1.pom.lastUpdated
/home/travis/.m2/repository/org/apache/storm/flux/2.0.0-SNAPSHOT/maven-metadata-local.xml
/home/travis/.m2/repository/org/apache/storm/flux/2.0.0-SNAPSHOT/_remote.repositories
/home/travis/.m2/repository/org/apache/storm/flux-core/2.0.0-SNAPSHOT/flux-core-2.0.0-SNAPSHOT.jar
/home/travis/.m2/repository/org/apache/storm/flux-core/2.0.0-SNAPSHOT/maven-metadata-local.xml
/home/travis/.m2/repository/org/apache/storm/flux-core/2.0.0-SNAPSHOT/_remote.repositories
/home/travis/.m2/repository/org/ap
[0m
[32;1m...
[0m
[32;1mchanges detected, packing new archive[0m
.
.
.
.
.
.
.
.
[32;1muploading archive[0m

travis_time:end:072743e3:start=1470958958756870209,finish=1470959031315062155,duration=72558191946[0Ktravis_fold:end:cache.2[0K
Done. Your build exited with 1.
