Using worker: worker-linux-docker-e14eea78.prod.travis-ci.org:travis-linux-1

travis_fold:start:system_info[0K[33;1mBuild system information[0m
Build language: java
Build group: stable
Build dist: precise
Build id: 152143450
Job id: 152143452
travis-build version: 17f5a31fb
[34m[1mBuild image provisioning date and time[0m
Thu Feb  5 15:09:33 UTC 2015
[34m[1mOperating System Details[0m
Distributor ID:	Ubuntu
Description:	Ubuntu 12.04.5 LTS
Release:	12.04
Codename:	precise
[34m[1mLinux Version[0m
3.13.0-29-generic
[34m[1mCookbooks Version[0m
a68419e https://github.com/travis-ci/travis-cookbooks/tree/a68419e
[34m[1mGCC version[0m
gcc (Ubuntu/Linaro 4.6.3-1ubuntu5) 4.6.3
Copyright (C) 2011 Free Software Foundation, Inc.
This is free software; see the source for copying conditions.  There is NO
warranty; not even for MERCHANTABILITY or FITNESS FOR A PARTICULAR PURPOSE.

[34m[1mLLVM version[0m
clang version 3.4 (tags/RELEASE_34/final)
Target: x86_64-unknown-linux-gnu
Thread model: posix
[34m[1mPre-installed Ruby versions[0m
ruby-1.9.3-p551
[34m[1mPre-installed Node.js versions[0m
v0.10.36
[34m[1mPre-installed Go versions[0m
1.4.1
[34m[1mRedis version[0m
redis-server 2.8.19
[34m[1mriak version[0m
2.0.2
[34m[1mMongoDB version[0m
MongoDB 2.4.12
[34m[1mCouchDB version[0m
couchdb 1.6.1
[34m[1mNeo4j version[0m
1.9.4
[34m[1mRabbitMQ Version[0m
3.4.3
[34m[1mElasticSearch version[0m
1.4.0
[34m[1mInstalled Sphinx versions[0m
2.0.10
2.1.9
2.2.6
[34m[1mDefault Sphinx version[0m
2.2.6
[34m[1mInstalled Firefox version[0m
firefox 31.0esr
[34m[1mPhantomJS version[0m
1.9.8
[34m[1mant -version[0m
Apache Ant(TM) version 1.8.2 compiled on December 3 2011
[34m[1mmvn -version[0m
Apache Maven 3.2.5 (12a6b3acb947671f09b81f49094c53f426d8cea1; 2014-12-14T17:29:23+00:00)
Maven home: /usr/local/maven
Java version: 1.7.0_76, vendor: Oracle Corporation
Java home: /usr/lib/jvm/java-7-oracle/jre
Default locale: en_US, platform encoding: ANSI_X3.4-1968
OS name: "linux", version: "3.13.0-29-generic", arch: "amd64", family: "unix"
travis_fold:end:system_info[0K
travis_fold:start:fix.CVE-2015-7547[0K$ export DEBIAN_FRONTEND=noninteractive
W: Size of file /var/lib/apt/lists/us.archive.ubuntu.com_ubuntu_dists_precise-backports_multiverse_source_Sources.gz is not what the server reported 5886 5888
W: Size of file /var/lib/apt/lists/ppa.launchpad.net_ubuntugis_ppa_ubuntu_dists_precise_main_binary-amd64_Packages.gz is not what the server reported 33653 36677
W: Size of file /var/lib/apt/lists/ppa.launchpad.net_ubuntugis_ppa_ubuntu_dists_precise_main_binary-i386_Packages.gz is not what the server reported 33699 36733
Reading package lists...
Building dependency tree...
Reading state information...
The following extra packages will be installed:
  libc-bin libc-dev-bin libc6-dev
Suggested packages:
  glibc-doc
The following packages will be upgraded:
  libc-bin libc-dev-bin libc6 libc6-dev
4 upgraded, 0 newly installed, 0 to remove and 252 not upgraded.
Need to get 8,840 kB of archives.
After this operation, 14.3 kB disk space will be freed.
Get:1 http://us.archive.ubuntu.com/ubuntu/ precise-updates/main libc6-dev amd64 2.15-0ubuntu10.15 [2,943 kB]
Get:2 http://us.archive.ubuntu.com/ubuntu/ precise-updates/main libc-dev-bin amd64 2.15-0ubuntu10.15 [84.7 kB]
Get:3 http://us.archive.ubuntu.com/ubuntu/ precise-updates/main libc-bin amd64 2.15-0ubuntu10.15 [1,177 kB]
Get:4 http://us.archive.ubuntu.com/ubuntu/ precise-updates/main libc6 amd64 2.15-0ubuntu10.15 [4,636 kB]
Fetched 8,840 kB in 0s (34.9 MB/s)
Preconfiguring packages ...
(Reading database ... (Reading database ... 5%(Reading database ... 10%(Reading database ... 15%(Reading database ... 20%(Reading database ... 25%(Reading database ... 30%(Reading database ... 35%(Reading database ... 40%(Reading database ... 45%(Reading database ... 50%(Reading database ... 55%(Reading database ... 60%(Reading database ... 65%(Reading database ... 70%(Reading database ... 75%(Reading database ... 80%(Reading database ... 85%(Reading database ... 90%(Reading database ... 95%(Reading database ... 100%(Reading database ... 72019 files and directories currently installed.)
Preparing to replace libc6-dev 2.15-0ubuntu10.10 (using .../libc6-dev_2.15-0ubuntu10.15_amd64.deb) ...
Unpacking replacement libc6-dev ...
Preparing to replace libc-dev-bin 2.15-0ubuntu10.10 (using .../libc-dev-bin_2.15-0ubuntu10.15_amd64.deb) ...
Unpacking replacement libc-dev-bin ...
Preparing to replace libc-bin 2.15-0ubuntu10.10 (using .../libc-bin_2.15-0ubuntu10.15_amd64.deb) ...
Unpacking replacement libc-bin ...
Processing triggers for man-db ...
Setting up libc-bin (2.15-0ubuntu10.15) ...
(Reading database ... (Reading database ... 5%(Reading database ... 10%(Reading database ... 15%(Reading database ... 20%(Reading database ... 25%(Reading database ... 30%(Reading database ... 35%(Reading database ... 40%(Reading database ... 45%(Reading database ... 50%(Reading database ... 55%(Reading database ... 60%(Reading database ... 65%(Reading database ... 70%(Reading database ... 75%(Reading database ... 80%(Reading database ... 85%(Reading database ... 90%(Reading database ... 95%(Reading database ... 100%(Reading database ... 72018 files and directories currently installed.)
Preparing to replace libc6 2.15-0ubuntu10.10 (using .../libc6_2.15-0ubuntu10.15_amd64.deb) ...
Unpacking replacement libc6 ...
Setting up libc6 (2.15-0ubuntu10.15) ...
Setting up libc-dev-bin (2.15-0ubuntu10.15) ...
Setting up libc6-dev (2.15-0ubuntu10.15) ...
Processing triggers for libc-bin ...
ldconfig deferred processing now taking place
travis_fold:end:fix.CVE-2015-7547[0Ktravis_fold:start:git.checkout[0Ktravis_time:start:027ecebf[0K$ git clone --depth=50 --branch=1.x-branch https://github.com/apache/storm.git apache/storm
Cloning into 'apache/storm'...
remote: Counting objects: 3485, done.[K
remote: Compressing objects:   0% (1/2510)   [Kremote: Compressing objects:   1% (26/2510)   [Kremote: Compressing objects:   2% (51/2510)   [Kremote: Compressing objects:   3% (76/2510)   [Kremote: Compressing objects:   4% (101/2510)   [Kremote: Compressing objects:   5% (126/2510)   [Kremote: Compressing objects:   6% (151/2510)   [Kremote: Compressing objects:   7% (176/2510)   [Kremote: Compressing objects:   8% (201/2510)   [Kremote: Compressing objects:   9% (226/2510)   [Kremote: Compressing objects:  10% (251/2510)   [Kremote: Compressing objects:  11% (277/2510)   [Kremote: Compressing objects:  12% (302/2510)   [Kremote: Compressing objects:  13% (327/2510)   [Kremote: Compressing objects:  14% (352/2510)   [Kremote: Compressing objects:  15% (377/2510)   [Kremote: Compressing objects:  16% (402/2510)   [Kremote: Compressing objects:  17% (427/2510)   [Kremote: Compressing objects:  18% (452/2510)   [Kremote: Compressing objects:  19% (477/2510)   [Kremote: Compressing objects:  20% (502/2510)   [Kremote: Compressing objects:  21% (528/2510)   [Kremote: Compressing objects:  22% (553/2510)   [Kremote: Compressing objects:  23% (578/2510)   [Kremote: Compressing objects:  24% (603/2510)   [Kremote: Compressing objects:  25% (628/2510)   [Kremote: Compressing objects:  26% (653/2510)   [Kremote: Compressing objects:  27% (678/2510)   [Kremote: Compressing objects:  28% (703/2510)   [Kremote: Compressing objects:  29% (728/2510)   [Kremote: Compressing objects:  30% (753/2510)   [Kremote: Compressing objects:  31% (779/2510)   [Kremote: Compressing objects:  32% (804/2510)   [Kremote: Compressing objects:  33% (829/2510)   [Kremote: Compressing objects:  34% (854/2510)   [Kremote: Compressing objects:  35% (879/2510)   [Kremote: Compressing objects:  36% (904/2510)   [Kremote: Compressing objects:  37% (929/2510)   [Kremote: Compressing objects:  38% (954/2510)   [Kremote: Compressing objects:  39% (979/2510)   [Kremote: Compressing objects:  40% (1004/2510)   [Kremote: Compressing objects:  41% (1030/2510)   [Kremote: Compressing objects:  42% (1055/2510)   [Kremote: Compressing objects:  43% (1080/2510)   [Kremote: Compressing objects:  44% (1105/2510)   [Kremote: Compressing objects:  45% (1130/2510)   [Kremote: Compressing objects:  46% (1155/2510)   [Kremote: Compressing objects:  47% (1180/2510)   [Kremote: Compressing objects:  48% (1205/2510)   [Kremote: Compressing objects:  49% (1230/2510)   [Kremote: Compressing objects:  50% (1255/2510)   [Kremote: Compressing objects:  51% (1281/2510)   [Kremote: Compressing objects:  52% (1306/2510)   [Kremote: Compressing objects:  53% (1331/2510)   [Kremote: Compressing objects:  54% (1356/2510)   [Kremote: Compressing objects:  55% (1381/2510)   [Kremote: Compressing objects:  56% (1406/2510)   [Kremote: Compressing objects:  57% (1431/2510)   [Kremote: Compressing objects:  58% (1456/2510)   [Kremote: Compressing objects:  59% (1481/2510)   [Kremote: Compressing objects:  60% (1506/2510)   [Kremote: Compressing objects:  61% (1532/2510)   [Kremote: Compressing objects:  62% (1557/2510)   [Kremote: Compressing objects:  63% (1582/2510)   [Kremote: Compressing objects:  64% (1607/2510)   [Kremote: Compressing objects:  65% (1632/2510)   [Kremote: Compressing objects:  66% (1657/2510)   [Kremote: Compressing objects:  67% (1682/2510)   [Kremote: Compressing objects:  68% (1707/2510)   [Kremote: Compressing objects:  69% (1732/2510)   [Kremote: Compressing objects:  70% (1757/2510)   [Kremote: Compressing objects:  71% (1783/2510)   [Kremote: Compressing objects:  72% (1808/2510)   [Kremote: Compressing objects:  73% (1833/2510)   [Kremote: Compressing objects:  74% (1858/2510)   [Kremote: Compressing objects:  75% (1883/2510)   [Kremote: Compressing objects:  76% (1908/2510)   [Kremote: Compressing objects:  77% (1933/2510)   [Kremote: Compressing objects:  78% (1958/2510)   [Kremote: Compressing objects:  79% (1983/2510)   [Kremote: Compressing objects:  80% (2008/2510)   [Kremote: Compressing objects:  81% (2034/2510)   [Kremote: Compressing objects:  82% (2059/2510)   [Kremote: Compressing objects:  83% (2084/2510)   [Kremote: Compressing objects:  84% (2109/2510)   [Kremote: Compressing objects:  85% (2134/2510)   [Kremote: Compressing objects:  86% (2159/2510)   [Kremote: Compressing objects:  87% (2184/2510)   [Kremote: Compressing objects:  88% (2209/2510)   [Kremote: Compressing objects:  89% (2234/2510)   [Kremote: Compressing objects:  90% (2259/2510)   [Kremote: Compressing objects:  91% (2285/2510)   [Kremote: Compressing objects:  92% (2310/2510)   [Kremote: Compressing objects:  93% (2335/2510)   [Kremote: Compressing objects:  94% (2360/2510)   [Kremote: Compressing objects:  95% (2385/2510)   [Kremote: Compressing objects:  96% (2410/2510)   [Kremote: Compressing objects:  97% (2435/2510)   [Kremote: Compressing objects:  98% (2460/2510)   [Kremote: Compressing objects:  99% (2485/2510)   [Kremote: Compressing objects: 100% (2510/2510)   [Kremote: Compressing objects: 100% (2510/2510), done.[K
Receiving objects:   0% (1/3485)   Receiving objects:   1% (35/3485)   Receiving objects:   2% (70/3485)   Receiving objects:   3% (105/3485)   Receiving objects:   4% (140/3485)   Receiving objects:   5% (175/3485)   Receiving objects:   6% (210/3485)   Receiving objects:   7% (244/3485)   Receiving objects:   8% (279/3485)   Receiving objects:   9% (314/3485)   Receiving objects:  10% (349/3485)   Receiving objects:  11% (384/3485)   Receiving objects:  12% (419/3485)   Receiving objects:  13% (454/3485)   Receiving objects:  14% (488/3485)   Receiving objects:  15% (523/3485)   Receiving objects:  16% (558/3485)   Receiving objects:  17% (593/3485)   Receiving objects:  18% (628/3485)   Receiving objects:  19% (663/3485)   Receiving objects:  20% (697/3485)   Receiving objects:  21% (732/3485)   Receiving objects:  22% (767/3485)   Receiving objects:  23% (802/3485)   Receiving objects:  24% (837/3485)   Receiving objects:  25% (872/3485)   Receiving objects:  26% (907/3485)   Receiving objects:  27% (941/3485)   Receiving objects:  28% (976/3485)   Receiving objects:  29% (1011/3485)   Receiving objects:  30% (1046/3485)   Receiving objects:  31% (1081/3485)   Receiving objects:  32% (1116/3485)   Receiving objects:  33% (1151/3485)   Receiving objects:  34% (1185/3485)   Receiving objects:  35% (1220/3485)   Receiving objects:  36% (1255/3485)   Receiving objects:  37% (1290/3485)   Receiving objects:  38% (1325/3485)   Receiving objects:  39% (1360/3485)   Receiving objects:  40% (1394/3485)   Receiving objects:  41% (1429/3485)   Receiving objects:  42% (1464/3485)   Receiving objects:  43% (1499/3485)   Receiving objects:  44% (1534/3485)   Receiving objects:  45% (1569/3485)   Receiving objects:  46% (1604/3485)   Receiving objects:  47% (1638/3485)   Receiving objects:  48% (1673/3485)   Receiving objects:  49% (1708/3485)   Receiving objects:  50% (1743/3485)   Receiving objects:  51% (1778/3485)   Receiving objects:  52% (1813/3485)   Receiving objects:  53% (1848/3485)   Receiving objects:  54% (1882/3485)   Receiving objects:  55% (1917/3485)   Receiving objects:  56% (1952/3485)   Receiving objects:  57% (1987/3485)   Receiving objects:  58% (2022/3485)   Receiving objects:  59% (2057/3485)   Receiving objects:  60% (2091/3485)   Receiving objects:  61% (2126/3485)   Receiving objects:  62% (2161/3485)   Receiving objects:  63% (2196/3485)   Receiving objects:  64% (2231/3485)   Receiving objects:  65% (2266/3485)   Receiving objects:  66% (2301/3485)   Receiving objects:  67% (2335/3485)   Receiving objects:  68% (2370/3485)   Receiving objects:  69% (2405/3485)   Receiving objects:  70% (2440/3485)   Receiving objects:  71% (2475/3485)   Receiving objects:  72% (2510/3485)   Receiving objects:  73% (2545/3485)   Receiving objects:  74% (2579/3485)   Receiving objects:  75% (2614/3485)   Receiving objects:  76% (2649/3485)   Receiving objects:  77% (2684/3485)   Receiving objects:  78% (2719/3485)   Receiving objects:  79% (2754/3485)   Receiving objects:  80% (2788/3485)   Receiving objects:  81% (2823/3485)   Receiving objects:  82% (2858/3485)   Receiving objects:  83% (2893/3485)   Receiving objects:  84% (2928/3485)   remote: Total 3485 (delta 1270), reused 2004 (delta 535), pack-reused 0[K
Receiving objects:  85% (2963/3485)   Receiving objects:  86% (2998/3485)   Receiving objects:  87% (3032/3485)   Receiving objects:  88% (3067/3485)   Receiving objects:  89% (3102/3485)   Receiving objects:  90% (3137/3485)   Receiving objects:  91% (3172/3485)   Receiving objects:  92% (3207/3485)   Receiving objects:  93% (3242/3485)   Receiving objects:  94% (3276/3485)   Receiving objects:  95% (3311/3485)   Receiving objects:  96% (3346/3485)   Receiving objects:  97% (3381/3485)   Receiving objects:  98% (3416/3485)   Receiving objects:  99% (3451/3485)   Receiving objects: 100% (3485/3485)   Receiving objects: 100% (3485/3485), 9.18 MiB | 0 bytes/s, done.
Resolving deltas:   0% (0/1270)   Resolving deltas:   4% (57/1270)   Resolving deltas:   5% (64/1270)   Resolving deltas:   6% (77/1270)   Resolving deltas:  10% (128/1270)   Resolving deltas:  11% (143/1270)   Resolving deltas:  12% (155/1270)   Resolving deltas:  13% (168/1270)   Resolving deltas:  14% (178/1270)   Resolving deltas:  21% (269/1270)   Resolving deltas:  22% (280/1270)   Resolving deltas:  23% (303/1270)   Resolving deltas:  24% (309/1270)   Resolving deltas:  26% (332/1270)   Resolving deltas:  27% (352/1270)   Resolving deltas:  28% (358/1270)   Resolving deltas:  29% (372/1270)   Resolving deltas:  30% (383/1270)   Resolving deltas:  31% (397/1270)   Resolving deltas:  32% (407/1270)   Resolving deltas:  33% (427/1270)   Resolving deltas:  34% (436/1270)   Resolving deltas:  35% (446/1270)   Resolving deltas:  36% (466/1270)   Resolving deltas:  37% (470/1270)   Resolving deltas:  38% (487/1270)   Resolving deltas:  39% (497/1270)   Resolving deltas:  40% (508/1270)   Resolving deltas:  41% (524/1270)   Resolving deltas:  42% (538/1270)   Resolving deltas:  43% (549/1270)   Resolving deltas:  44% (565/1270)   Resolving deltas:  45% (573/1270)   Resolving deltas:  46% (585/1270)   Resolving deltas:  47% (601/1270)   Resolving deltas:  48% (611/1270)   Resolving deltas:  49% (625/1270)   Resolving deltas:  50% (636/1270)   Resolving deltas:  51% (648/1270)   Resolving deltas:  52% (665/1270)   Resolving deltas:  53% (678/1270)   Resolving deltas:  54% (687/1270)   Resolving deltas:  55% (699/1270)   Resolving deltas:  56% (716/1270)   Resolving deltas:  57% (724/1270)   Resolving deltas:  58% (739/1270)   Resolving deltas:  59% (752/1270)   Resolving deltas:  60% (762/1270)   Resolving deltas:  61% (775/1270)   Resolving deltas:  62% (788/1270)   Resolving deltas:  63% (804/1270)   Resolving deltas:  64% (815/1270)   Resolving deltas:  65% (831/1270)   Resolving deltas:  66% (840/1270)   Resolving deltas:  67% (851/1270)   Resolving deltas:  68% (865/1270)   Resolving deltas:  69% (885/1270)   Resolving deltas:  70% (889/1270)   Resolving deltas:  71% (905/1270)   Resolving deltas:  72% (915/1270)   Resolving deltas:  73% (929/1270)   Resolving deltas:  74% (940/1270)   Resolving deltas:  75% (955/1270)   Resolving deltas:  76% (966/1270)   Resolving deltas:  77% (978/1270)   Resolving deltas:  78% (991/1270)   Resolving deltas:  79% (1007/1270)   Resolving deltas:  80% (1020/1270)   Resolving deltas:  81% (1029/1270)   Resolving deltas:  82% (1045/1270)   Resolving deltas:  83% (1055/1270)   Resolving deltas:  84% (1072/1270)   Resolving deltas:  85% (1082/1270)   Resolving deltas:  86% (1093/1270)   Resolving deltas:  87% (1106/1270)   Resolving deltas:  88% (1118/1270)   Resolving deltas:  89% (1138/1270)   Resolving deltas:  90% (1150/1270)   Resolving deltas:  91% (1157/1270)   Resolving deltas:  92% (1171/1270)   Resolving deltas:  93% (1187/1270)   Resolving deltas:  94% (1194/1270)   Resolving deltas:  95% (1213/1270)   Resolving deltas:  96% (1221/1270)   Resolving deltas:  97% (1232/1270)   Resolving deltas:  98% (1245/1270)   Resolving deltas:  99% (1259/1270)   Resolving deltas: 100% (1270/1270)   Resolving deltas: 100% (1270/1270), done.
Checking connectivity... done.

travis_time:end:027ecebf:start=1471146584526489842,finish=1471146586615363016,duration=2088873174[0K$ cd apache/storm
$ git checkout -qf c268523fad0ce58ff57f9a5a17d3fd870c710a00
travis_fold:end:git.checkout[0K
[33;1mThis job is running on container-based infrastructure, which does not allow use of 'sudo', setuid and setguid executables.[0m
[33;1mIf you require sudo, add 'sudo: required' to your .travis.yml[0m
[33;1mSee https://docs.travis-ci.com/user/workers/container-based-infrastructure/ for details.[0m

[33;1mSetting environment variables from .travis.yml[0m
$ export MODULES=storm-core

$ jdk_switcher use oraclejdk8
Switching to Oracle JDK8 (java-8-oracle), JAVA_HOME will be set to /usr/lib/jvm/java-8-oracle
travis_fold:start:cache.1[0KSetting up build cache
$ export CASHER_DIR=$HOME/.casher
travis_time:start:086cd917[0K$ Installing caching utilities

travis_time:end:086cd917:start=1471146590103424849,finish=1471146590161758896,duration=58334047[0Ktravis_time:start:14b64f2c[0K
travis_time:end:14b64f2c:start=1471146590167430428,finish=1471146590171136345,duration=3705917[0Ktravis_time:start:06b7fbb9[0K[32;1mattempting to download cache archive[0m
[32;1mfetching 1.x-branch/cache-linux-precise-4722ea394922d42b2b7eb84cff6efc764d76759821ac6f6efc13232aa923f595--jdk-oraclejdk8.tgz[0m
[32;1mfound cache[0m

travis_time:end:06b7fbb9:start=1471146590175519672,finish=1471146610279894094,duration=20104374422[0Ktravis_time:start:0eefa706[0K
travis_time:end:0eefa706:start=1471146610284658364,finish=1471146610288424541,duration=3766177[0Ktravis_time:start:23288d72[0K[32;1madding /home/travis/.m2/repository to cache[0m
[32;1madding /home/travis/.rvm to cache[0m
[32;1madding /home/travis/.nvm to cache[0m

travis_time:end:23288d72:start=1471146610292734578,finish=1471146632387581741,duration=22094847163[0Ktravis_fold:end:cache.1[0K$ java -Xmx32m -version
java version "1.8.0_31"
Java(TM) SE Runtime Environment (build 1.8.0_31-b13)
Java HotSpot(TM) 64-Bit Server VM (build 25.31-b07, mixed mode)
$ javac -J-Xmx32m -version
javac 1.8.0_31
travis_fold:start:before_install.1[0Ktravis_time:start:006e89e5[0K$ rvm use 2.1.5 --install
[32mUsing /home/travis/.rvm/gems/ruby-2.1.5[0m

travis_time:end:006e89e5:start=1471146633233702710,finish=1471146633612366977,duration=378664267[0Ktravis_fold:end:before_install.1[0Ktravis_fold:start:before_install.2[0Ktravis_time:start:1a8b2ef8[0K$ nvm install 0.12.2
v0.12.2 is already installed.
Now using node v0.12.2

travis_time:end:1a8b2ef8:start=1471146633620183708,finish=1471146633916585243,duration=296401535[0Ktravis_fold:end:before_install.2[0Ktravis_fold:start:before_install.3[0Ktravis_time:start:01e9327c[0K$ nvm use 0.12.2
Now using node v0.12.2

travis_time:end:01e9327c:start=1471146633923986941,finish=1471146634004423278,duration=80436337[0Ktravis_fold:end:before_install.3[0Ktravis_fold:start:install[0Ktravis_time:start:0c87d2cb[0K$ /bin/bash ./dev-tools/travis/travis-install.sh `pwd`
Python version :   Python 2.7.3
Java HotSpot(TM) 64-Bit Server VM warning: ignoring option MaxPermSize=192m; support was removed in 8.0
Maven version  :   Apache Maven 3.2.5 (12a6b3acb947671f09b81f49094c53f426d8cea1; 2014-12-14T17:29:23+00:00) Maven home: /usr/local/maven Java version: 1.8.0_31, vendor: Oracle Corporation Java home: /usr/lib/jvm/java-8-oracle/jre Default locale: en_US, platform encoding: UTF-8 OS name: "linux", version: "3.13.0-40-generic", arch: "amd64", family: "unix"
['mvn', 'clean', 'install', '-DskipTests', '-Pnative', '--batch-mode'] writing to install.txt
3 seconds 2 log lines14 seconds 56 log lines24 seconds 191 log lines37 seconds 296 log lines74 seconds 314 log lines106 seconds 322 log lines118 seconds 382 log lines128 seconds 546 log lines142 seconds 629 log lines152 seconds 772 log lines163 seconds 840 log lines173 seconds 883 log lines183 seconds 937 log lines194 seconds 1224 log lines211 seconds 1434 log lines223 seconds 1646 log lines233 seconds 2004 log lines243 seconds 2145 log lines254 seconds 2278 log lines265 seconds 2520 log lines281 seconds 2662 log lines281 seconds 2663 log lines
['mvn', 'clean', 'install', '-DskipTests', '-Pnative', '--batch-mode'] done 0

travis_time:end:0c87d2cb:start=1471146634010114794,finish=1471146916293935888,duration=282283821094[0Ktravis_fold:end:install[0Ktravis_time:start:36371f9d[0K$ /bin/bash ./dev-tools/travis/travis-script.sh `pwd` $MODULES
Python version :   Python 2.7.3
Ruby version   :   ruby 2.1.5p273 (2014-11-13 revision 48405) [x86_64-linux]
NodeJs version :   v0.12.2
Java HotSpot(TM) 64-Bit Server VM warning: ignoring option MaxPermSize=192m; support was removed in 8.0
Maven version  :   Apache Maven 3.2.5 (12a6b3acb947671f09b81f49094c53f426d8cea1; 2014-12-14T17:29:23+00:00) Maven home: /usr/local/maven Java version: 1.8.0_31, vendor: Oracle Corporation Java home: /usr/lib/jvm/java-8-oracle/jre Default locale: en_US, platform encoding: UTF-8 OS name: "linux", version: "3.13.0-40-generic", arch: "amd64", family: "unix"
Java HotSpot(TM) 64-Bit Server VM warning: ignoring option MaxPermSize=192m; support was removed in 8.0
[INFO] Scanning for projects...
[INFO] Downloading: https://repository.apache.org/snapshots/org/apache/storm/storm/1.1.1-SNAPSHOT/maven-metadata.xml
[INFO]                                                                         
[INFO] ------------------------------------------------------------------------
[INFO] Building Storm Core 1.1.0-SNAPSHOT
[INFO] ------------------------------------------------------------------------
[INFO] 
[INFO] --- exec-maven-plugin:1.2.1:exec (default) @ storm-core ---
[INFO] 
[INFO] --- maven-remote-resources-plugin:1.2.1:process (default) @ storm-core ---
[INFO] 
[INFO] --- storm-maven-plugins:1.1.0-SNAPSHOT:version-info (version-info) @ storm-core ---
[WARNING] [svn, info] failed with error code 1
[INFO] SCM: GIT
[INFO] Computed MD5: b28c2936ad8d2af6db8182b38a9579
[INFO] 
[INFO] --- maven-resources-plugin:2.5:resources (default-resources) @ storm-core ---
[debug] execute contextualize
[INFO] Using 'UTF-8' encoding to copy filtered resources.
[INFO] Copying 8 resources
[INFO] Copying 1 resource to META-INF
[INFO] Copying 0 resource
[INFO] Copying 1 resource
[INFO] Copying 3 resources
[INFO] 
[INFO] --- maven-compiler-plugin:3.1:compile (default-compile) @ storm-core ---
[INFO] Nothing to compile - all classes are up to date
[INFO] 
[INFO] --- clojure-maven-plugin:1.7.1:compile (compile-clojure) @ storm-core ---
Compiling org.apache.storm.command.deactivate to /home/travis/build/apache/storm/storm-core/target/classes
Compiling org.apache.storm.trident.testing to /home/travis/build/apache/storm/storm-core/target/classes
Compiling org.apache.storm.command.blobstore to /home/travis/build/apache/storm/storm-core/target/classes
Compiling org.apache.storm.stats to /home/travis/build/apache/storm/storm-core/target/classes
Compiling org.apache.storm.command.set-log-level to /home/travis/build/apache/storm/storm-core/target/classes
Compiling org.apache.storm.daemon.drpc to /home/travis/build/apache/storm/storm-core/target/classes
Compiling org.apache.storm.command.dev-zookeeper to /home/travis/build/apache/storm/storm-core/target/classes
Compiling org.apache.storm.local-state to /home/travis/build/apache/storm/storm-core/target/classes
Compiling org.apache.storm.cluster to /home/travis/build/apache/storm/storm-core/target/classes
Compiling org.apache.storm.testing to /home/travis/build/apache/storm/storm-core/target/classes
Compiling org.apache.storm.command.heartbeats to /home/travis/build/apache/storm/storm-core/target/classes
WARNING: reverse already refers to: #'clojure.core/reverse in namespace: org.apache.storm.command.heartbeats, being replaced by: #'clojure.string/reverse
WARNING: replace already refers to: #'clojure.core/replace in namespace: org.apache.storm.command.heartbeats, being replaced by: #'clojure.string/replace
Compiling org.apache.storm.daemon.builtin-metrics to /home/travis/build/apache/storm/storm-core/target/classes
Compiling org.apache.storm.process-simulator to /home/travis/build/apache/storm/storm-core/target/classes
Compiling org.apache.storm.daemon.acker to /home/travis/build/apache/storm/storm-core/target/classes
Compiling org.apache.storm.log to /home/travis/build/apache/storm/storm-core/target/classes
Compiling org.apache.storm.daemon.common to /home/travis/build/apache/storm/storm-core/target/classes
Compiling org.apache.storm.command.healthcheck to /home/travis/build/apache/storm/storm-core/target/classes
Compiling org.apache.storm.scheduler.EvenScheduler to /home/travis/build/apache/storm/storm-core/target/classes
Compiling org.apache.storm.command.kill-workers to /home/travis/build/apache/storm/storm-core/target/classes
Compiling org.apache.storm.scheduler.IsolationScheduler to /home/travis/build/apache/storm/storm-core/target/classes
Compiling org.apache.storm.command.monitor to /home/travis/build/apache/storm/storm-core/target/classes
Compiling org.apache.storm.timer to /home/travis/build/apache/storm/storm-core/target/classes
Compiling org.apache.storm.config to /home/travis/build/apache/storm/storm-core/target/classes
Compiling org.apache.storm.LocalCluster to /home/travis/build/apache/storm/storm-core/target/classes
Compiling org.apache.storm.thrift to /home/travis/build/apache/storm/storm-core/target/classes
Compiling org.apache.storm.daemon.logviewer to /home/travis/build/apache/storm/storm-core/target/classes
Compiling org.apache.storm.blobstore to /home/travis/build/apache/storm/storm-core/target/classes
Compiling org.apache.storm.zookeeper to /home/travis/build/apache/storm/storm-core/target/classes
Compiling org.apache.storm.clojure to /home/travis/build/apache/storm/storm-core/target/classes
Compiling org.apache.storm.command.rebalance to /home/travis/build/apache/storm/storm-core/target/classes
Compiling org.apache.storm.command.kill-topology to /home/travis/build/apache/storm/storm-core/target/classes
Compiling org.apache.storm.LocalDRPC to /home/travis/build/apache/storm/storm-core/target/classes
Compiling org.apache.storm.messaging.local to /home/travis/build/apache/storm/storm-core/target/classes
Compiling org.apache.storm.daemon.executor to /home/travis/build/apache/storm/storm-core/target/classes
Compiling org.apache.storm.event to /home/travis/build/apache/storm/storm-core/target/classes
Compiling org.apache.storm.daemon.supervisor to /home/travis/build/apache/storm/storm-core/target/classes
Compiling org.apache.storm.command.activate to /home/travis/build/apache/storm/storm-core/target/classes
Compiling org.apache.storm.command.shell-submission to /home/travis/build/apache/storm/storm-core/target/classes
Compiling org.apache.storm.MockAutoCred to /home/travis/build/apache/storm/storm-core/target/classes
Compiling org.apache.storm.command.get-errors to /home/travis/build/apache/storm/storm-core/target/classes
Compiling org.apache.storm.pacemaker.pacemaker to /home/travis/build/apache/storm/storm-core/target/classes
Compiling org.apache.storm.testing4j to /home/travis/build/apache/storm/storm-core/target/classes
Compiling org.apache.storm.metric.testing to /home/travis/build/apache/storm/storm-core/target/classes
Compiling org.apache.storm.ui.core to /home/travis/build/apache/storm/storm-core/target/classes
Compiling org.apache.storm.command.upload-credentials to /home/travis/build/apache/storm/storm-core/target/classes
Compiling org.apache.storm.ui.helpers to /home/travis/build/apache/storm/storm-core/target/classes
Compiling org.apache.storm.scheduler.DefaultScheduler to /home/travis/build/apache/storm/storm-core/target/classes
Compiling org.apache.storm.command.list to /home/travis/build/apache/storm/storm-core/target/classes
Compiling org.apache.storm.pacemaker.pacemaker-state-factory to /home/travis/build/apache/storm/storm-core/target/classes
Compiling org.apache.storm.disruptor to /home/travis/build/apache/storm/storm-core/target/classes
Compiling org.apache.storm.util to /home/travis/build/apache/storm/storm-core/target/classes
Compiling org.apache.storm.daemon.task to /home/travis/build/apache/storm/storm-core/target/classes
Compiling org.apache.storm.command.config-value to /home/travis/build/apache/storm/storm-core/target/classes
Compiling org.apache.storm.converter to /home/travis/build/apache/storm/storm-core/target/classes
Compiling org.apache.storm.daemon.nimbus to /home/travis/build/apache/storm/storm-core/target/classes
Compiling org.apache.storm.cluster-state.zookeeper-state-factory to /home/travis/build/apache/storm/storm-core/target/classes
Compiling org.apache.storm.messaging.loader to /home/travis/build/apache/storm/storm-core/target/classes
Compiling org.apache.storm.daemon.worker to /home/travis/build/apache/storm/storm-core/target/classes
[INFO] 
[INFO] --- make-maven-plugin:1.0-beta-1:autoreconf (compile) @ storm-core ---
[INFO] 
[INFO] --- make-maven-plugin:1.0-beta-1:configure (compile) @ storm-core ---
[INFO] /bin/sh: 14: /home/travis/.jdk_switcher_rc: [[: not found
[INFO] /bin/sh: 22: /home/travis/.jdk_switcher_rc: [[: not found
[INFO] /bin/sh: 32: /home/travis/.jdk_switcher_rc: [[: not found
[INFO] /bin/sh: 42: /home/travis/.jdk_switcher_rc: [[: not found
[INFO] /bin/sh: 3: /etc/profile.d/rvm.sh: [[: not found
[INFO] checking for gcc... gcc
[INFO] checking whether the C compiler works... yes
[INFO] checking for C compiler default output file name... a.out
[INFO] checking for suffix of executables... 
[INFO] checking whether we are cross compiling... no
[INFO] checking for suffix of object files... o
[INFO] checking whether we are using the GNU C compiler... yes
[INFO] checking whether gcc accepts -g... yes
[INFO] checking for gcc option to accept ISO C89... none needed
[INFO] checking how to run the C preprocessor... gcc -E
[INFO] checking for grep that handles long lines and -e... /bin/grep
[INFO] checking for egrep... /bin/grep -E
[INFO] checking for ANSI C header files... yes
[INFO] checking for sys/types.h... yes
[INFO] checking for sys/stat.h... yes
[INFO] checking for stdlib.h... yes
[INFO] checking for string.h... yes
[INFO] checking for memory.h... yes
[INFO] checking for strings.h... yes
[INFO] checking for inttypes.h... yes
[INFO] checking for stdint.h... yes
[INFO] checking for unistd.h... yes
[INFO] checking minix/config.h usability... no
[INFO] checking minix/config.h presence... no
[INFO] checking for minix/config.h... no
[INFO] checking whether it is safe to define __EXTENSIONS__... yes
[INFO] checking for a BSD-compatible install... /usr/bin/install -c
[INFO] checking whether build environment is sane... yes
[INFO] checking for a thread-safe mkdir -p... /bin/mkdir -p
[INFO] checking for gawk... gawk
[INFO] checking whether make sets $(MAKE)... yes
[INFO] checking for style of include used by make... GNU
[INFO] checking dependency style of gcc... gcc3
[INFO] checking for gcc... (cached) gcc
[INFO] checking whether we are using the GNU C compiler... (cached) yes
[INFO] checking whether gcc accepts -g... (cached) yes
[INFO] checking for gcc option to accept ISO C89... (cached) none needed
[INFO] checking whether gcc and cc understand -c and -o together... yes
[INFO] checking for unistd.h... (cached) yes
[INFO] checking for stdbool.h that conforms to C99... yes
[INFO] checking for _Bool... yes
[INFO] checking for an ANSI C-conforming const... yes
[INFO] checking for off_t... yes
[INFO] checking for size_t... yes
[INFO] checking whether strerror_r is declared... yes
[INFO] checking for strerror_r... yes
[INFO] checking whether strerror_r returns char *... yes
[INFO] checking for mkdir... yes
[INFO] checking for uname... yes
[INFO] configure: creating ./config.status
[INFO] config.status: creating Makefile
[INFO] config.status: executing depfiles commands
[INFO] 
[INFO] --- make-maven-plugin:1.0-beta-1:make-install (compile) @ storm-core ---
[INFO] /bin/sh: 14: /home/travis/.jdk_switcher_rc: [[: not found
[INFO] /bin/sh: 22: /home/travis/.jdk_switcher_rc: [[: not found
[INFO] /bin/sh: 32: /home/travis/.jdk_switcher_rc: [[: not found
[INFO] /bin/sh: 42: /home/travis/.jdk_switcher_rc: [[: not found
[INFO] /bin/sh: 3: /etc/profile.d/rvm.sh: [[: not found
[INFO] make[1]: Entering directory `/home/travis/build/apache/storm/storm-core/target/native/worker-launcher'
[INFO] test -z "/usr/local/bin" || /bin/mkdir -p "/home/travis/build/apache/storm/storm-core/target/native/target/usr/local/bin"
[INFO]   /usr/bin/install -c worker-launcher '/home/travis/build/apache/storm/storm-core/target/native/target/usr/local/bin'
[INFO] make[1]: Nothing to be done for `install-data-am'.
[INFO] make[1]: Leaving directory `/home/travis/build/apache/storm/storm-core/target/native/worker-launcher'
[INFO] 
[INFO] --- maven-resources-plugin:2.5:testResources (default-testResources) @ storm-core ---
[debug] execute contextualize
[INFO] Using 'UTF-8' encoding to copy filtered resources.
[INFO] Copying 14 resources
[INFO] Copying 2 resources
[INFO] Copying 3 resources
[INFO] 
[INFO] --- maven-dependency-plugin:2.8:unpack (unpack) @ storm-core ---
[INFO] Configured Artifact: org.apache.storm:multilang-ruby:1.1.0-SNAPSHOT:jar
[INFO] Downloading: https://repository.apache.org/snapshots/org/apache/storm/multilang-ruby/1.1.0-SNAPSHOT/maven-metadata.xml
[INFO] Downloaded: https://repository.apache.org/snapshots/org/apache/storm/multilang-ruby/1.1.0-SNAPSHOT/maven-metadata.xml (2 KB at 9.8 KB/sec)
[INFO] Configured Artifact: org.apache.storm:multilang-python:1.1.0-SNAPSHOT:jar
[INFO] Downloading: https://repository.apache.org/snapshots/org/apache/storm/multilang-python/1.1.0-SNAPSHOT/maven-metadata.xml
[INFO] Downloaded: https://repository.apache.org/snapshots/org/apache/storm/multilang-python/1.1.0-SNAPSHOT/maven-metadata.xml (2 KB at 13.7 KB/sec)
[INFO] Configured Artifact: org.apache.storm:multilang-javascript:1.1.0-SNAPSHOT:jar
[INFO] Downloading: https://repository.apache.org/snapshots/org/apache/storm/multilang-javascript/1.1.0-SNAPSHOT/maven-metadata.xml
[INFO] Downloaded: https://repository.apache.org/snapshots/org/apache/storm/multilang-javascript/1.1.0-SNAPSHOT/maven-metadata.xml (2 KB at 18.8 KB/sec)
[INFO] multilang-ruby-1.1.0-SNAPSHOT.jar already unpacked.
[INFO] multilang-python-1.1.0-SNAPSHOT.jar already unpacked.
[INFO] multilang-javascript-1.1.0-SNAPSHOT.jar already unpacked.
[INFO] 
[INFO] --- maven-compiler-plugin:3.1:testCompile (default-testCompile) @ storm-core ---
[INFO] Nothing to compile - all classes are up to date
[INFO] 
[INFO] --- maven-surefire-plugin:2.18.1:test (default-test) @ storm-core ---
[INFO] Surefire report directory: /home/travis/build/apache/storm/storm-core/target/surefire-reports
[INFO] parallel='none', perCoreThreadCount=true, threadCount=0, useUnlimitedThreads=false, threadCountSuites=0, threadCountClasses=0, threadCountMethods=0, parallelOptimized=true

-------------------------------------------------------
 T E S T S
-------------------------------------------------------
Running org.apache.storm.utils.ShellBoltMessageQueueTest
Tests run: 3, Failures: 0, Errors: 0, Skipped: 0, Time elapsed: 2.029 sec - in org.apache.storm.utils.ShellBoltMessageQueueTest
Running org.apache.storm.utils.WorkerBackpressureThreadTest
Tests run: 1, Failures: 0, Errors: 0, Skipped: 0, Time elapsed: 0.201 sec - in org.apache.storm.utils.WorkerBackpressureThreadTest
Running org.apache.storm.utils.DisruptorQueueTest
Tests run: 3, Failures: 0, Errors: 0, Skipped: 0, Time elapsed: 3.404 sec - in org.apache.storm.utils.DisruptorQueueTest
Running org.apache.storm.utils.StormBoundedExponentialBackoffRetryTest
Tests run: 5, Failures: 0, Errors: 0, Skipped: 0, Time elapsed: 0.248 sec - in org.apache.storm.utils.StormBoundedExponentialBackoffRetryTest
Running org.apache.storm.utils.DisruptorQueueBackpressureTest
Tests run: 1, Failures: 0, Errors: 0, Skipped: 0, Time elapsed: 0.006 sec - in org.apache.storm.utils.DisruptorQueueBackpressureTest
Running org.apache.storm.utils.ThriftTopologyUtilsTest
Tests run: 5, Failures: 0, Errors: 0, Skipped: 0, Time elapsed: 0.271 sec - in org.apache.storm.utils.ThriftTopologyUtilsTest
Running org.apache.storm.spout.CheckpointSpoutTest
Tests run: 7, Failures: 0, Errors: 0, Skipped: 0, Time elapsed: 0.585 sec - in org.apache.storm.spout.CheckpointSpoutTest
Running org.apache.storm.TestConfigValidate
Tests run: 24, Failures: 0, Errors: 0, Skipped: 0, Time elapsed: 2.322 sec - in org.apache.storm.TestConfigValidate
Running org.apache.storm.serialization.GzipBridgeThriftSerializationDelegateTest
Tests run: 3, Failures: 0, Errors: 0, Skipped: 0, Time elapsed: 0.136 sec - in org.apache.storm.serialization.GzipBridgeThriftSerializationDelegateTest
Running org.apache.storm.serialization.ThriftBridgeSerializationDelegateTest
Tests run: 1, Failures: 0, Errors: 0, Skipped: 0, Time elapsed: 0.113 sec - in org.apache.storm.serialization.ThriftBridgeSerializationDelegateTest
Running org.apache.storm.serialization.GzipBridgeSerializationDelegateTest
Tests run: 3, Failures: 0, Errors: 0, Skipped: 0, Time elapsed: 0.607 sec - in org.apache.storm.serialization.GzipBridgeSerializationDelegateTest
Running org.apache.storm.blobstore.ClientBlobStoreTest
Tests run: 4, Failures: 0, Errors: 0, Skipped: 0, Time elapsed: 2.186 sec - in org.apache.storm.blobstore.ClientBlobStoreTest
Running org.apache.storm.blobstore.BlobStoreTest
Tests run: 4, Failures: 0, Errors: 0, Skipped: 0, Time elapsed: 24.195 sec - in org.apache.storm.blobstore.BlobStoreTest
Running org.apache.storm.blobstore.BlobSynchronizerTest
Tests run: 4, Failures: 0, Errors: 0, Skipped: 0, Time elapsed: 6.405 sec - in org.apache.storm.blobstore.BlobSynchronizerTest
Running org.apache.storm.trident.TridentWindowingTest
Tests run: 3, Failures: 0, Errors: 0, Skipped: 0, Time elapsed: 0.004 sec - in org.apache.storm.trident.TridentWindowingTest
Running org.apache.storm.trident.TestTridentTopology
Tests run: 1, Failures: 0, Errors: 0, Skipped: 0, Time elapsed: 181.373 sec - in org.apache.storm.trident.TestTridentTopology
Running org.apache.storm.metric.internal.LatencyStatAndMetricTest
Tests run: 1, Failures: 0, Errors: 0, Skipped: 0, Time elapsed: 0.388 sec - in org.apache.storm.metric.internal.LatencyStatAndMetricTest
Running org.apache.storm.metric.internal.CountStatAndMetricTest
Tests run: 1, Failures: 0, Errors: 0, Skipped: 0, Time elapsed: 0.566 sec - in org.apache.storm.metric.internal.CountStatAndMetricTest
Running org.apache.storm.metric.internal.RateTrackerTest
Tests run: 4, Failures: 0, Errors: 0, Skipped: 0, Time elapsed: 0.001 sec - in org.apache.storm.metric.internal.RateTrackerTest
Running org.apache.storm.metric.util.DataPointExpanderTest
Tests run: 5, Failures: 0, Errors: 0, Skipped: 0, Time elapsed: 0.001 sec - in org.apache.storm.metric.util.DataPointExpanderTest
Running org.apache.storm.metric.filter.FilterByMetricNameTest
Tests run: 4, Failures: 0, Errors: 0, Skipped: 0, Time elapsed: 0.82 sec - in org.apache.storm.metric.filter.FilterByMetricNameTest
Running org.apache.storm.windowing.WaterMarkEventGeneratorTest
Tests run: 5, Failures: 0, Errors: 0, Skipped: 0, Time elapsed: 0.607 sec - in org.apache.storm.windowing.WaterMarkEventGeneratorTest
Running org.apache.storm.windowing.WindowManagerTest
Tests run: 12, Failures: 0, Errors: 0, Skipped: 0, Time elapsed: 0.896 sec - in org.apache.storm.windowing.WindowManagerTest
Running org.apache.storm.topology.StatefulBoltExecutorTest
Tests run: 7, Failures: 0, Errors: 0, Skipped: 0, Time elapsed: 2.297 sec - in org.apache.storm.topology.StatefulBoltExecutorTest
Running org.apache.storm.topology.WindowedBoltExecutorTest
Tests run: 5, Failures: 1, Errors: 0, Skipped: 0, Time elapsed: 0.861 sec <<< FAILURE! - in org.apache.storm.topology.WindowedBoltExecutorTest
testExecuteWithLateTupleStream(org.apache.storm.topology.WindowedBoltExecutorTest)  Time elapsed: 0.779 sec  <<< FAILURE!
org.mockito.exceptions.verification.WantedButNotInvoked: 
Wanted but not invoked:
outputCollector.emit(
    "$late",
    [source: null:1, stream: s1, id: {}, [600]],
    [source: null:1, stream: s1, id: {}, [600]]
);
-> at org.apache.storm.topology.WindowedBoltExecutorTest.testExecuteWithLateTupleStream(WindowedBoltExecutorTest.java:225)

However, there were other interactions with this mock:
-> at org.apache.storm.task.OutputCollector.ack(OutputCollector.java:213)
-> at org.apache.storm.task.OutputCollector.ack(OutputCollector.java:213)
-> at org.apache.storm.task.OutputCollector.ack(OutputCollector.java:213)

	at org.apache.storm.topology.WindowedBoltExecutorTest.testExecuteWithLateTupleStream(WindowedBoltExecutorTest.java:225)

Running org.apache.storm.topology.StatefulWindowedBoltExecutorTest
Tests run: 4, Failures: 0, Errors: 0, Skipped: 0, Time elapsed: 0.115 sec - in org.apache.storm.topology.StatefulWindowedBoltExecutorTest
Running org.apache.storm.topology.TopologyBuilderTest
Tests run: 5, Failures: 0, Errors: 0, Skipped: 0, Time elapsed: 1.048 sec - in org.apache.storm.topology.TopologyBuilderTest
Running org.apache.storm.localizer.LocalizerTest
Tests run: 13, Failures: 0, Errors: 0, Skipped: 0, Time elapsed: 8.37 sec - in org.apache.storm.localizer.LocalizerTest
Running org.apache.storm.localizer.LocalizedResourceRetentionSetTest
Tests run: 2, Failures: 0, Errors: 0, Skipped: 0, Time elapsed: 0.512 sec - in org.apache.storm.localizer.LocalizedResourceRetentionSetTest
Running org.apache.storm.localizer.LocalizedResourceSetTest
Tests run: 4, Failures: 0, Errors: 0, Skipped: 0, Time elapsed: 0.116 sec - in org.apache.storm.localizer.LocalizedResourceSetTest
Running org.apache.storm.scheduler.resource.TestResourceAwareScheduler
Tests run: 15, Failures: 0, Errors: 0, Skipped: 0, Time elapsed: 21.645 sec - in org.apache.storm.scheduler.resource.TestResourceAwareScheduler
Running org.apache.storm.scheduler.resource.TestUser
Tests run: 3, Failures: 0, Errors: 0, Skipped: 0, Time elapsed: 6.65 sec - in org.apache.storm.scheduler.resource.TestUser
Running org.apache.storm.grouping.PartialKeyGroupingTest
Tests run: 2, Failures: 0, Errors: 0, Skipped: 0, Time elapsed: 0.021 sec - in org.apache.storm.grouping.PartialKeyGroupingTest
Running org.apache.storm.state.InMemoryKeyValueStateTest
Tests run: 2, Failures: 0, Errors: 0, Skipped: 0, Time elapsed: 0.003 sec - in org.apache.storm.state.InMemoryKeyValueStateTest

Results :

Failed tests: 
  WindowedBoltExecutorTest.testExecuteWithLateTupleStream:225 
Wanted but not invoked:
outputCollector.emit(
    "$late",
    [source: null:1, stream: s1, id: {}, [600]],
    [source: null:1, stream: s1, id: {}, [600]]
);
-> at org.apache.storm.topology.WindowedBoltExecutorTest.testExecuteWithLateTupleStream(WindowedBoltExecutorTest.java:225)

However, there were other interactions with this mock:
-> at org.apache.storm.task.OutputCollector.ack(OutputCollector.java:213)
-> at org.apache.storm.task.OutputCollector.ack(OutputCollector.java:213)
-> at org.apache.storm.task.OutputCollector.ack(OutputCollector.java:213)


Tests run: 166, Failures: 1, Errors: 0, Skipped: 0

[INFO] ------------------------------------------------------------------------
[INFO] BUILD FAILURE
[INFO] ------------------------------------------------------------------------
[INFO] Total time: 05:20 min
[INFO] Finished at: 2016-08-14T04:00:39+00:00
[INFO] Final Memory: 37M/344M
[INFO] ------------------------------------------------------------------------
[ERROR] Failed to execute goal org.apache.maven.plugins:maven-surefire-plugin:2.18.1:test (default-test) on project storm-core: There are test failures.
[ERROR] 
[ERROR] Please refer to /home/travis/build/apache/storm/storm-core/target/surefire-reports for the individual test results.
[ERROR] -> [Help 1]
[ERROR] 
[ERROR] To see the full stack trace of the errors, re-run Maven with the -e switch.
[ERROR] Re-run Maven using the -X switch to enable full debug logging.
[ERROR] 
[ERROR] For more information about the errors and possible solutions, please read the following articles:
[ERROR] [Help 1] http://cwiki.apache.org/confluence/display/MAVEN/MojoFailureException
Looking for errors in ./storm-core/target/surefire-reports
Checking ./storm-core/target/surefire-reports/TEST-org.apache.storm.utils.ShellBoltMessageQueueTest.xml
Checking ./storm-core/target/surefire-reports/TEST-org.apache.storm.utils.WorkerBackpressureThreadTest.xml
Checking ./storm-core/target/surefire-reports/TEST-org.apache.storm.utils.DisruptorQueueTest.xml
Checking ./storm-core/target/surefire-reports/TEST-org.apache.storm.utils.StormBoundedExponentialBackoffRetryTest.xml
Checking ./storm-core/target/surefire-reports/TEST-org.apache.storm.utils.DisruptorQueueBackpressureTest.xml
Checking ./storm-core/target/surefire-reports/TEST-org.apache.storm.utils.ThriftTopologyUtilsTest.xml
Checking ./storm-core/target/surefire-reports/TEST-org.apache.storm.spout.CheckpointSpoutTest.xml
Checking ./storm-core/target/surefire-reports/TEST-org.apache.storm.TestConfigValidate.xml
Checking ./storm-core/target/surefire-reports/TEST-org.apache.storm.serialization.GzipBridgeThriftSerializationDelegateTest.xml
Checking ./storm-core/target/surefire-reports/TEST-org.apache.storm.serialization.ThriftBridgeSerializationDelegateTest.xml
Checking ./storm-core/target/surefire-reports/TEST-org.apache.storm.serialization.GzipBridgeSerializationDelegateTest.xml
Checking ./storm-core/target/surefire-reports/TEST-org.apache.storm.blobstore.ClientBlobStoreTest.xml
Checking ./storm-core/target/surefire-reports/TEST-org.apache.storm.blobstore.BlobStoreTest.xml
Checking ./storm-core/target/surefire-reports/TEST-org.apache.storm.blobstore.BlobSynchronizerTest.xml
Checking ./storm-core/target/surefire-reports/TEST-org.apache.storm.trident.TridentWindowingTest.xml
Checking ./storm-core/target/surefire-reports/TEST-org.apache.storm.trident.TestTridentTopology.xml
Checking ./storm-core/target/surefire-reports/TEST-org.apache.storm.metric.internal.LatencyStatAndMetricTest.xml
Checking ./storm-core/target/surefire-reports/TEST-org.apache.storm.metric.internal.CountStatAndMetricTest.xml
Checking ./storm-core/target/surefire-reports/TEST-org.apache.storm.metric.internal.RateTrackerTest.xml
Checking ./storm-core/target/surefire-reports/TEST-org.apache.storm.metric.util.DataPointExpanderTest.xml
Checking ./storm-core/target/surefire-reports/TEST-org.apache.storm.metric.filter.FilterByMetricNameTest.xml
Checking ./storm-core/target/surefire-reports/TEST-org.apache.storm.windowing.WaterMarkEventGeneratorTest.xml
Checking ./storm-core/target/surefire-reports/TEST-org.apache.storm.windowing.WindowManagerTest.xml
Checking ./storm-core/target/surefire-reports/TEST-org.apache.storm.topology.StatefulBoltExecutorTest.xml
Checking ./storm-core/target/surefire-reports/TEST-org.apache.storm.topology.WindowedBoltExecutorTest.xml
--------------------------------------------------
classname: org.apache.storm.topology.WindowedBoltExecutorTest / testname: testExecuteWithLateTupleStream
org.mockito.exceptions.verification.WantedButNotInvoked: 
Wanted but not invoked:
outputCollector.emit(
    "$late",
    [source: null:1, stream: s1, id: {}, [600]],
    [source: null:1, stream: s1, id: {}, [600]]
);
-> at org.apache.storm.topology.WindowedBoltExecutorTest.testExecuteWithLateTupleStream(WindowedBoltExecutorTest.java:225)

However, there were other interactions with this mock:
-> at org.apache.storm.task.OutputCollector.ack(OutputCollector.java:213)
-> at org.apache.storm.task.OutputCollector.ack(OutputCollector.java:213)
-> at org.apache.storm.task.OutputCollector.ack(OutputCollector.java:213)

	at org.apache.storm.topology.WindowedBoltExecutorTest.testExecuteWithLateTupleStream(WindowedBoltExecutorTest.java:225)

-------------------- system-out --------------------
231864 [main-SendThread(localhost:2181)] WARN  o.a.z.ClientCnxn - Session 0x0 for server null, unexpected error, closing socket connection and attempting reconnect
java.net.ConnectException: Connection refused
	at sun.nio.ch.SocketChannelImpl.checkConnect(Native Method) ~[?:1.8.0_31]
	at sun.nio.ch.SocketChannelImpl.finishConnect(SocketChannelImpl.java:716) ~[?:1.8.0_31]
	at org.apache.zookeeper.ClientCnxnSocketNIO.doTransport(ClientCnxnSocketNIO.java:361) ~[zookeeper-3.4.6.jar:3.4.6-1569965]
	at org.apache.zookeeper.ClientCnxn$SendThread.run(ClientCnxn.java:1081) [zookeeper-3.4.6.jar:3.4.6-1569965]
231876 [main-SendThread(localhost:2181)] WARN  o.a.z.ClientCnxn - Session 0x0 for server null, unexpected error, closing socket connection and attempting reconnect
java.net.ConnectException: Connection refused
	at sun.nio.ch.SocketChannelImpl.checkConnect(Native Method) ~[?:1.8.0_31]
	at sun.nio.ch.SocketChannelImpl.finishConnect(SocketChannelImpl.java:716) ~[?:1.8.0_31]
	at org.apache.zookeeper.ClientCnxnSocketNIO.doTransport(ClientCnxnSocketNIO.java:361) ~[zookeeper-3.4.6.jar:3.4.6-1569965]
	at org.apache.zookeeper.ClientCnxn$SendThread.run(ClientCnxn.java:1081) [zookeeper-3.4.6.jar:3.4.6-1569965]
231877 [main-SendThread(localhost:2181)] WARN  o.a.z.ClientCnxn - Session 0x0 for server null, unexpected error, closing socket connection and attempting reconnect
java.net.ConnectException: Connection refused
	at sun.nio.ch.SocketChannelImpl.checkConnect(Native Method) ~[?:1.8.0_31]
	at sun.nio.ch.SocketChannelImpl.finishConnect(SocketChannelImpl.java:716) ~[?:1.8.0_31]
	at org.apache.zookeeper.ClientCnxnSocketNIO.doTransport(ClientCnxnSocketNIO.java:361) ~[zookeeper-3.4.6.jar:3.4.6-1569965]
	at org.apache.zookeeper.ClientCnxn$SendThread.run(ClientCnxn.java:1081) [zookeeper-3.4.6.jar:3.4.6-1569965]
231877 [main-SendThread(localhost:2181)] WARN  o.a.z.ClientCnxn - Session 0x0 for server null, unexpected error, closing socket connection and attempting reconnect
java.net.ConnectException: Connection refused
	at sun.nio.ch.SocketChannelImpl.checkConnect(Native Method) ~[?:1.8.0_31]
	at sun.nio.ch.SocketChannelImpl.finishConnect(SocketChannelImpl.java:716) ~[?:1.8.0_31]
	at org.apache.zookeeper.ClientCnxnSocketNIO.doTransport(ClientCnxnSocketNIO.java:361) ~[zookeeper-3.4.6.jar:3.4.6-1569965]
	at org.apache.zookeeper.ClientCnxn$SendThread.run(ClientCnxn.java:1081) [zookeeper-3.4.6.jar:3.4.6-1569965]
231877 [main-SendThread(localhost:2181)] WARN  o.a.z.ClientCnxn - Session 0x0 for server null, unexpected error, closing socket connection and attempting reconnect
java.net.ConnectException: Connection refused
	at sun.nio.ch.SocketChannelImpl.checkConnect(Native Method) ~[?:1.8.0_31]
	at sun.nio.ch.SocketChannelImpl.finishConnect(SocketChannelImpl.java:716) ~[?:1.8.0_31]
	at org.apache.zookeeper.ClientCnxnSocketNIO.doTransport(ClientCnxnSocketNIO.java:361) ~[zookeeper-3.4.6.jar:3.4.6-1569965]
	at org.apache.zookeeper.ClientCnxn$SendThread.run(ClientCnxn.java:1081) [zookeeper-3.4.6.jar:3.4.6-1569965]
231974 [main-SendThread(localhost:2181)] WARN  o.a.z.ClientCnxn - Session 0x0 for server null, unexpected error, closing socket connection and attempting reconnect
java.net.ConnectException: Connection refused
	at sun.nio.ch.SocketChannelImpl.checkConnect(Native Method) ~[?:1.8.0_31]
	at sun.nio.ch.SocketChannelImpl.finishConnect(SocketChannelImpl.java:716) ~[?:1.8.0_31]
	at org.apache.zookeeper.ClientCnxnSocketNIO.doTransport(ClientCnxnSocketNIO.java:361) ~[zookeeper-3.4.6.jar:3.4.6-1569965]
	at org.apache.zookeeper.ClientCnxn$SendThread.run(ClientCnxn.java:1081) [zookeeper-3.4.6.jar:3.4.6-1569965]
231977 [main-SendThread(localhost:2181)] WARN  o.a.z.ClientCnxn - Session 0x0 for server null, unexpected error, closing socket connection and attempting reconnect
java.net.ConnectException: Connection refused
	at sun.nio.ch.SocketChannelImpl.checkConnect(Native Method) ~[?:1.8.0_31]
	at sun.nio.ch.SocketChannelImpl.finishConnect(SocketChannelImpl.java:716) ~[?:1.8.0_31]
	at org.apache.zookeeper.ClientCnxnSocketNIO.doTransport(ClientCnxnSocketNIO.java:361) ~[zookeeper-3.4.6.jar:3.4.6-1569965]
	at org.apache.zookeeper.ClientCnxn$SendThread.run(ClientCnxn.java:1081) [zookeeper-3.4.6.jar:3.4.6-1569965]
231977 [main-SendThread(localhost:2181)] WARN  o.a.z.ClientCnxn - Session 0x0 for server null, unexpected error, closing socket connection and attempting reconnect
java.net.ConnectException: Connection refused
	at sun.nio.ch.SocketChannelImpl.checkConnect(Native Method) ~[?:1.8.0_31]
	at sun.nio.ch.SocketChannelImpl.finishConnect(SocketChannelImpl.java:716) ~[?:1.8.0_31]
	at org.apache.zookeeper.ClientCnxnSocketNIO.doTransport(ClientCnxnSocketNIO.java:361) ~[zookeeper-3.4.6.jar:3.4.6-1569965]
	at org.apache.zookeeper.ClientCnxn$SendThread.run(ClientCnxn.java:1081) [zookeeper-3.4.6.jar:3.4.6-1569965]
231978 [main-SendThread(localhost:2181)] WARN  o.a.z.ClientCnxn - Session 0x0 for server null, unexpected error, closing socket connection and attempting reconnect
java.net.ConnectException: Connection refused
	at sun.nio.ch.SocketChannelImpl.checkConnect(Native Method) ~[?:1.8.0_31]
	at sun.nio.ch.SocketChannelImpl.finishConnect(SocketChannelImpl.java:716) ~[?:1.8.0_31]
	at org.apache.zookeeper.ClientCnxnSocketNIO.doTransport(ClientCnxnSocketNIO.java:361) ~[zookeeper-3.4.6.jar:3.4.6-1569965]
	at org.apache.zookeeper.ClientCnxn$SendThread.run(ClientCnxn.java:1081) [zookeeper-3.4.6.jar:3.4.6-1569965]
231978 [main-SendThread(localhost:2181)] WARN  o.a.z.ClientCnxn - Session 0x0 for server null, unexpected error, closing socket connection and attempting reconnect
java.net.ConnectException: Connection refused
	at sun.nio.ch.SocketChannelImpl.checkConnect(Native Method) ~[?:1.8.0_31]
	at sun.nio.ch.SocketChannelImpl.finishConnect(SocketChannelImpl.java:716) ~[?:1.8.0_31]
	at org.apache.zookeeper.ClientCnxnSocketNIO.doTransport(ClientCnxnSocketNIO.java:361) ~[zookeeper-3.4.6.jar:3.4.6-1569965]
	at org.apache.zookeeper.ClientCnxn$SendThread.run(ClientCnxn.java:1081) [zookeeper-3.4.6.jar:3.4.6-1569965]
[TupleWindowImpl{tuples=[source: null:1, stream: s1, id: {}, [603], source: null:1, stream: s1, id: {}, [605], source: null:1, stream: s1, id: {}, [607]], newTuples=[source: null:1, stream: s1, id: {}, [603], source: null:1, stream: s1, id: {}, [605], source: null:1, stream: s1, id: {}, [607]], expiredTuples=[]}, TupleWindowImpl{tuples=[source: null:1, stream: s1, id: {}, [603], source: null:1, stream: s1, id: {}, [605], source: null:1, stream: s1, id: {}, [607], source: null:1, stream: s1, id: {}, [618]], newTuples=[source: null:1, stream: s1, id: {}, [618]], expiredTuples=[]}, TupleWindowImpl{tuples=[source: null:1, stream: s1, id: {}, [618], source: null:1, stream: s1, id: {}, [626]], newTuples=[source: null:1, stream: s1, id: {}, [626]], expiredTuples=[source: null:1, stream: s1, id: {}, [603], source: null:1, stream: s1, id: {}, [605], source: null:1, stream: s1, id: {}, [607]]}]

--------------------------------------------------
Checking ./storm-core/target/surefire-reports/TEST-org.apache.storm.topology.StatefulWindowedBoltExecutorTest.xml
Checking ./storm-core/target/surefire-reports/TEST-org.apache.storm.topology.TopologyBuilderTest.xml
Checking ./storm-core/target/surefire-reports/TEST-org.apache.storm.localizer.LocalizerTest.xml
Checking ./storm-core/target/surefire-reports/TEST-org.apache.storm.localizer.LocalizedResourceRetentionSetTest.xml
Checking ./storm-core/target/surefire-reports/TEST-org.apache.storm.localizer.LocalizedResourceSetTest.xml
Checking ./storm-core/target/surefire-reports/TEST-org.apache.storm.scheduler.resource.TestResourceAwareScheduler.xml
Checking ./storm-core/target/surefire-reports/TEST-org.apache.storm.scheduler.resource.TestUser.xml
Checking ./storm-core/target/surefire-reports/TEST-org.apache.storm.grouping.PartialKeyGroupingTest.xml
Checking ./storm-core/target/surefire-reports/TEST-org.apache.storm.state.InMemoryKeyValueStateTest.xml

travis_time:end:36371f9d:start=1471146916298860171,finish=1471147242033925527,duration=325735065356[0K
[31;1mThe command "/bin/bash ./dev-tools/travis/travis-script.sh `pwd` $MODULES" exited with 1.[0m
travis_fold:start:cache.2[0Kstore build cache
travis_time:start:3824e656[0K
travis_time:end:3824e656:start=1471147242040495167,finish=1471147242045323124,duration=4827957[0Ktravis_time:start:1f98fca0[0K[32;1mchange detected (content changed, file is created, or file is deleted):
/home/travis/.m2/repository/eigenbase/eigenbase-properties/1.1.4/eigenbase-properties-1.1.4.pom.lastUpdated
/home/travis/.m2/repository/io/confluent/kafka-avro-serializer/1.0/kafka-avro-serializer-1.0.pom.lastUpdated
/home/travis/.m2/repository/io/confluent/kafka-schema-registry-client/1.0/kafka-schema-registry-client-1.0.pom.lastUpdated
/home/travis/.m2/repository/net/hydromatic/linq4j/0.4/linq4j-0.4.pom.lastUpdated
/home/travis/.m2/repository/net/hydromatic/quidem/0.1.1/quidem-0.1.1.pom.lastUpdated
/home/travis/.m2/repository/org/apache/storm/flux/1.1.0-SNAPSHOT/maven-metadata-local.xml
/home/travis/.m2/repository/org/apache/storm/flux/1.1.0-SNAPSHOT/_remote.repositories
/home/travis/.m2/repository/org/apache/storm/flux-core/1.1.0-SNAPSHOT/flux-core-1.1.0-SNAPSHOT.jar
/home/travis/.m2/repository/org/apache/storm/flux-core/1.1.0-SNAPSHOT/maven-metadata-local.xml
/home/travis/.m2/repository/org/apache/storm/flux-core/1.1.0-SNAPSHOT/_remote.repositories
/home/travis/.m2/repository/org/ap
[0m
[32;1m...
[0m
[32;1mchanges detected, packing new archive[0m
.
.
.
.
.
.
.
.
.
.
.
.
.
.
.
[32;1muploading archive[0m

travis_time:end:1f98fca0:start=1471147242051013463,finish=1471147375684731918,duration=133633718455[0Ktravis_fold:end:cache.2[0K
Done. Your build exited with 1.
