Using worker: worker-linux-docker-eff49717.prod.travis-ci.org:travis-linux-3

travis_fold:start:system_info[0K[33;1mBuild system information[0m
Build language: java
Build group: stable
Build dist: precise
Build id: 154301138
Job id: 154301140
travis-build version: 466baf6ac
[34m[1mBuild image provisioning date and time[0m
Thu Feb  5 15:09:33 UTC 2015
[34m[1mOperating System Details[0m
Distributor ID:	Ubuntu
Description:	Ubuntu 12.04.5 LTS
Release:	12.04
Codename:	precise
[34m[1mLinux Version[0m
3.13.0-29-generic
[34m[1mCookbooks Version[0m
a68419e https://github.com/travis-ci/travis-cookbooks/tree/a68419e
[34m[1mGCC version[0m
gcc (Ubuntu/Linaro 4.6.3-1ubuntu5) 4.6.3
Copyright (C) 2011 Free Software Foundation, Inc.
This is free software; see the source for copying conditions.  There is NO
warranty; not even for MERCHANTABILITY or FITNESS FOR A PARTICULAR PURPOSE.

[34m[1mLLVM version[0m
clang version 3.4 (tags/RELEASE_34/final)
Target: x86_64-unknown-linux-gnu
Thread model: posix
[34m[1mPre-installed Ruby versions[0m
ruby-1.9.3-p551
[34m[1mPre-installed Node.js versions[0m
v0.10.36
[34m[1mPre-installed Go versions[0m
1.4.1
[34m[1mRedis version[0m
redis-server 2.8.19
[34m[1mriak version[0m
2.0.2
[34m[1mMongoDB version[0m
MongoDB 2.4.12
[34m[1mCouchDB version[0m
couchdb 1.6.1
[34m[1mNeo4j version[0m
1.9.4
[34m[1mRabbitMQ Version[0m
3.4.3
[34m[1mElasticSearch version[0m
1.4.0
[34m[1mInstalled Sphinx versions[0m
2.0.10
2.1.9
2.2.6
[34m[1mDefault Sphinx version[0m
2.2.6
[34m[1mInstalled Firefox version[0m
firefox 31.0esr
[34m[1mPhantomJS version[0m
1.9.8
[34m[1mant -version[0m
Apache Ant(TM) version 1.8.2 compiled on December 3 2011
[34m[1mmvn -version[0m
Apache Maven 3.2.5 (12a6b3acb947671f09b81f49094c53f426d8cea1; 2014-12-14T17:29:23+00:00)
Maven home: /usr/local/maven
Java version: 1.7.0_76, vendor: Oracle Corporation
Java home: /usr/lib/jvm/java-7-oracle/jre
Default locale: en_US, platform encoding: ANSI_X3.4-1968
OS name: "linux", version: "3.13.0-29-generic", arch: "amd64", family: "unix"
travis_fold:end:system_info[0K
travis_fold:start:fix.CVE-2015-7547[0K$ export DEBIAN_FRONTEND=noninteractive
W: Size of file /var/lib/apt/lists/us.archive.ubuntu.com_ubuntu_dists_precise-backports_multiverse_source_Sources.gz is not what the server reported 5886 5888
W: Size of file /var/lib/apt/lists/ppa.launchpad.net_ubuntugis_ppa_ubuntu_dists_precise_main_binary-amd64_Packages.gz is not what the server reported 33653 36677
W: Size of file /var/lib/apt/lists/ppa.launchpad.net_ubuntugis_ppa_ubuntu_dists_precise_main_binary-i386_Packages.gz is not what the server reported 33699 36733
Reading package lists...
Building dependency tree...
Reading state information...
The following extra packages will be installed:
  libc-bin libc-dev-bin libc6-dev
Suggested packages:
  glibc-doc
The following packages will be upgraded:
  libc-bin libc-dev-bin libc6 libc6-dev
4 upgraded, 0 newly installed, 0 to remove and 256 not upgraded.
Need to get 8,840 kB of archives.
After this operation, 14.3 kB disk space will be freed.
Get:1 http://us.archive.ubuntu.com/ubuntu/ precise-updates/main libc6-dev amd64 2.15-0ubuntu10.15 [2,943 kB]
Get:2 http://us.archive.ubuntu.com/ubuntu/ precise-updates/main libc-dev-bin amd64 2.15-0ubuntu10.15 [84.7 kB]
Get:3 http://us.archive.ubuntu.com/ubuntu/ precise-updates/main libc-bin amd64 2.15-0ubuntu10.15 [1,177 kB]
Get:4 http://us.archive.ubuntu.com/ubuntu/ precise-updates/main libc6 amd64 2.15-0ubuntu10.15 [4,636 kB]
Fetched 8,840 kB in 0s (36.6 MB/s)
Preconfiguring packages ...
(Reading database ... (Reading database ... 5%(Reading database ... 10%(Reading database ... 15%(Reading database ... 20%(Reading database ... 25%(Reading database ... 30%(Reading database ... 35%(Reading database ... 40%(Reading database ... 45%(Reading database ... 50%(Reading database ... 55%(Reading database ... 60%(Reading database ... 65%(Reading database ... 70%(Reading database ... 75%(Reading database ... 80%(Reading database ... 85%(Reading database ... 90%(Reading database ... 95%(Reading database ... 100%(Reading database ... 72019 files and directories currently installed.)
Preparing to replace libc6-dev 2.15-0ubuntu10.10 (using .../libc6-dev_2.15-0ubuntu10.15_amd64.deb) ...
Unpacking replacement libc6-dev ...
Preparing to replace libc-dev-bin 2.15-0ubuntu10.10 (using .../libc-dev-bin_2.15-0ubuntu10.15_amd64.deb) ...
Unpacking replacement libc-dev-bin ...
Preparing to replace libc-bin 2.15-0ubuntu10.10 (using .../libc-bin_2.15-0ubuntu10.15_amd64.deb) ...
Unpacking replacement libc-bin ...
Processing triggers for man-db ...
Setting up libc-bin (2.15-0ubuntu10.15) ...
(Reading database ... (Reading database ... 5%(Reading database ... 10%(Reading database ... 15%(Reading database ... 20%(Reading database ... 25%(Reading database ... 30%(Reading database ... 35%(Reading database ... 40%(Reading database ... 45%(Reading database ... 50%(Reading database ... 55%(Reading database ... 60%(Reading database ... 65%(Reading database ... 70%(Reading database ... 75%(Reading database ... 80%(Reading database ... 85%(Reading database ... 90%(Reading database ... 95%(Reading database ... 100%(Reading database ... 72018 files and directories currently installed.)
Preparing to replace libc6 2.15-0ubuntu10.10 (using .../libc6_2.15-0ubuntu10.15_amd64.deb) ...
Unpacking replacement libc6 ...
Setting up libc6 (2.15-0ubuntu10.15) ...
Setting up libc-dev-bin (2.15-0ubuntu10.15) ...
Setting up libc6-dev (2.15-0ubuntu10.15) ...
Processing triggers for libc-bin ...
ldconfig deferred processing now taking place
travis_fold:end:fix.CVE-2015-7547[0Ktravis_fold:start:git.checkout[0Ktravis_time:start:147eaa1a[0K$ git clone --depth=50 https://github.com/apache/storm.git apache/storm
Cloning into 'apache/storm'...
remote: Counting objects: 26000, done.[K
remote: Compressing objects:   0% (1/10002)   [Kremote: Compressing objects:   1% (101/10002)   [Kremote: Compressing objects:   2% (201/10002)   [Kremote: Compressing objects:   3% (301/10002)   [Kremote: Compressing objects:   4% (401/10002)   [Kremote: Compressing objects:   5% (501/10002)   [Kremote: Compressing objects:   6% (601/10002)   [Kremote: Compressing objects:   7% (701/10002)   [Kremote: Compressing objects:   8% (801/10002)   [Kremote: Compressing objects:   9% (901/10002)   [Kremote: Compressing objects:  10% (1001/10002)   [Kremote: Compressing objects:  11% (1101/10002)   [Kremote: Compressing objects:  12% (1201/10002)   [Kremote: Compressing objects:  13% (1301/10002)   [Kremote: Compressing objects:  14% (1401/10002)   [Kremote: Compressing objects:  15% (1501/10002)   [Kremote: Compressing objects:  16% (1601/10002)   [Kremote: Compressing objects:  17% (1701/10002)   [Kremote: Compressing objects:  18% (1801/10002)   [Kremote: Compressing objects:  19% (1901/10002)   [Kremote: Compressing objects:  20% (2001/10002)   [Kremote: Compressing objects:  21% (2101/10002)   [Kremote: Compressing objects:  22% (2201/10002)   [Kremote: Compressing objects:  23% (2301/10002)   [Kremote: Compressing objects:  24% (2401/10002)   [Kremote: Compressing objects:  25% (2501/10002)   [Kremote: Compressing objects:  26% (2601/10002)   [Kremote: Compressing objects:  27% (2701/10002)   [Kremote: Compressing objects:  28% (2801/10002)   [Kremote: Compressing objects:  29% (2901/10002)   [Kremote: Compressing objects:  30% (3001/10002)   [Kremote: Compressing objects:  31% (3101/10002)   [Kremote: Compressing objects:  32% (3201/10002)   [Kremote: Compressing objects:  33% (3301/10002)   [Kremote: Compressing objects:  34% (3401/10002)   [Kremote: Compressing objects:  35% (3501/10002)   [Kremote: Compressing objects:  36% (3601/10002)   [Kremote: Compressing objects:  37% (3701/10002)   [Kremote: Compressing objects:  38% (3801/10002)   [Kremote: Compressing objects:  39% (3901/10002)   [Kremote: Compressing objects:  40% (4001/10002)   [Kremote: Compressing objects:  41% (4101/10002)   [Kremote: Compressing objects:  42% (4201/10002)   [Kremote: Compressing objects:  43% (4301/10002)   [Kremote: Compressing objects:  44% (4401/10002)   [Kremote: Compressing objects:  45% (4501/10002)   [Kremote: Compressing objects:  46% (4601/10002)   [Kremote: Compressing objects:  47% (4701/10002)   [Kremote: Compressing objects:  48% (4801/10002)   [Kremote: Compressing objects:  49% (4901/10002)   [Kremote: Compressing objects:  50% (5001/10002)   [Kremote: Compressing objects:  51% (5102/10002)   [Kremote: Compressing objects:  52% (5202/10002)   [Kremote: Compressing objects:  53% (5302/10002)   [Kremote: Compressing objects:  54% (5402/10002)   [Kremote: Compressing objects:  55% (5502/10002)   [Kremote: Compressing objects:  56% (5602/10002)   [Kremote: Compressing objects:  57% (5702/10002)   [Kremote: Compressing objects:  58% (5802/10002)   [Kremote: Compressing objects:  59% (5902/10002)   [Kremote: Compressing objects:  60% (6002/10002)   [Kremote: Compressing objects:  61% (6102/10002)   [Kremote: Compressing objects:  62% (6202/10002)   [Kremote: Compressing objects:  63% (6302/10002)   [Kremote: Compressing objects:  64% (6402/10002)   [Kremote: Compressing objects:  65% (6502/10002)   [Kremote: Compressing objects:  66% (6602/10002)   [Kremote: Compressing objects:  67% (6702/10002)   [Kremote: Compressing objects:  68% (6802/10002)   [Kremote: Compressing objects:  69% (6902/10002)   [Kremote: Compressing objects:  70% (7002/10002)   [Kremote: Compressing objects:  71% (7102/10002)   [Kremote: Compressing objects:  72% (7202/10002)   [Kremote: Compressing objects:  73% (7302/10002)   [Kremote: Compressing objects:  74% (7402/10002)   [Kremote: Compressing objects:  75% (7502/10002)   [Kremote: Compressing objects:  76% (7602/10002)   [Kremote: Compressing objects:  77% (7702/10002)   [Kremote: Compressing objects:  78% (7802/10002)   [Kremote: Compressing objects:  79% (7902/10002)   [Kremote: Compressing objects:  80% (8002/10002)   [Kremote: Compressing objects:  81% (8102/10002)   [Kremote: Compressing objects:  82% (8202/10002)   [Kremote: Compressing objects:  83% (8302/10002)   [Kremote: Compressing objects:  84% (8402/10002)   [Kremote: Compressing objects:  85% (8502/10002)   [Kremote: Compressing objects:  86% (8602/10002)   [Kremote: Compressing objects:  87% (8702/10002)   [Kremote: Compressing objects:  88% (8802/10002)   [Kremote: Compressing objects:  89% (8902/10002)   [Kremote: Compressing objects:  90% (9002/10002)   [Kremote: Compressing objects:  91% (9102/10002)   [Kremote: Compressing objects:  92% (9202/10002)   [Kremote: Compressing objects:  93% (9302/10002)   [Kremote: Compressing objects:  94% (9402/10002)   [Kremote: Compressing objects:  95% (9502/10002)   [Kremote: Compressing objects:  96% (9602/10002)   [Kremote: Compressing objects:  97% (9702/10002)   [Kremote: Compressing objects:  98% (9802/10002)   [Kremote: Compressing objects:  99% (9902/10002)   [Kremote: Compressing objects: 100% (10002/10002)   [Kremote: Compressing objects: 100% (10002/10002), done.[K
Receiving objects:   0% (1/26000)   Receiving objects:   1% (260/26000)   Receiving objects:   2% (520/26000)   Receiving objects:   3% (780/26000)   Receiving objects:   4% (1040/26000)   Receiving objects:   5% (1300/26000)   Receiving objects:   6% (1560/26000)   Receiving objects:   7% (1820/26000)   Receiving objects:   8% (2080/26000)   Receiving objects:   9% (2340/26000)   Receiving objects:  10% (2600/26000)   Receiving objects:  11% (2860/26000)   Receiving objects:  12% (3120/26000)   Receiving objects:  13% (3380/26000)   Receiving objects:  14% (3640/26000)   Receiving objects:  15% (3900/26000)   Receiving objects:  16% (4160/26000)   Receiving objects:  17% (4420/26000), 8.68 MiB | 17.33 MiB/s   Receiving objects:  18% (4680/26000), 8.68 MiB | 17.33 MiB/s   Receiving objects:  19% (4940/26000), 8.68 MiB | 17.33 MiB/s   Receiving objects:  20% (5200/26000), 8.68 MiB | 17.33 MiB/s   Receiving objects:  21% (5460/26000), 8.68 MiB | 17.33 MiB/s   Receiving objects:  22% (5720/26000), 8.68 MiB | 17.33 MiB/s   Receiving objects:  23% (5980/26000), 8.68 MiB | 17.33 MiB/s   Receiving objects:  24% (6240/26000), 8.68 MiB | 17.33 MiB/s   Receiving objects:  25% (6500/26000), 8.68 MiB | 17.33 MiB/s   Receiving objects:  26% (6760/26000), 8.68 MiB | 17.33 MiB/s   Receiving objects:  27% (7020/26000), 8.68 MiB | 17.33 MiB/s   Receiving objects:  28% (7280/26000), 8.68 MiB | 17.33 MiB/s   Receiving objects:  29% (7540/26000), 8.68 MiB | 17.33 MiB/s   Receiving objects:  30% (7800/26000), 8.68 MiB | 17.33 MiB/s   Receiving objects:  31% (8060/26000), 8.68 MiB | 17.33 MiB/s   Receiving objects:  32% (8320/26000), 8.68 MiB | 17.33 MiB/s   Receiving objects:  33% (8580/26000), 8.68 MiB | 17.33 MiB/s   Receiving objects:  34% (8840/26000), 8.68 MiB | 17.33 MiB/s   Receiving objects:  35% (9100/26000), 8.68 MiB | 17.33 MiB/s   Receiving objects:  36% (9360/26000), 8.68 MiB | 17.33 MiB/s   Receiving objects:  37% (9620/26000), 8.68 MiB | 17.33 MiB/s   Receiving objects:  38% (9880/26000), 8.68 MiB | 17.33 MiB/s   Receiving objects:  39% (10140/26000), 8.68 MiB | 17.33 MiB/s   Receiving objects:  40% (10400/26000), 8.68 MiB | 17.33 MiB/s   Receiving objects:  41% (10660/26000), 8.68 MiB | 17.33 MiB/s   Receiving objects:  42% (10920/26000), 8.68 MiB | 17.33 MiB/s   Receiving objects:  43% (11180/26000), 8.68 MiB | 17.33 MiB/s   Receiving objects:  44% (11440/26000), 8.68 MiB | 17.33 MiB/s   Receiving objects:  45% (11700/26000), 8.68 MiB | 17.33 MiB/s   Receiving objects:  46% (11960/26000), 8.68 MiB | 17.33 MiB/s   Receiving objects:  47% (12220/26000), 8.68 MiB | 17.33 MiB/s   Receiving objects:  48% (12480/26000), 8.68 MiB | 17.33 MiB/s   Receiving objects:  49% (12740/26000), 8.68 MiB | 17.33 MiB/s   Receiving objects:  50% (13000/26000), 8.68 MiB | 17.33 MiB/s   Receiving objects:  51% (13260/26000), 8.68 MiB | 17.33 MiB/s   Receiving objects:  52% (13520/26000), 8.68 MiB | 17.33 MiB/s   Receiving objects:  53% (13780/26000), 8.68 MiB | 17.33 MiB/s   Receiving objects:  54% (14040/26000), 8.68 MiB | 17.33 MiB/s   Receiving objects:  55% (14300/26000), 8.68 MiB | 17.33 MiB/s   Receiving objects:  56% (14560/26000), 8.68 MiB | 17.33 MiB/s   Receiving objects:  57% (14820/26000), 8.68 MiB | 17.33 MiB/s   Receiving objects:  58% (15080/26000), 8.68 MiB | 17.33 MiB/s   Receiving objects:  59% (15340/26000), 8.68 MiB | 17.33 MiB/s   Receiving objects:  60% (15600/26000), 8.68 MiB | 17.33 MiB/s   Receiving objects:  61% (15860/26000), 8.68 MiB | 17.33 MiB/s   Receiving objects:  62% (16120/26000), 8.68 MiB | 17.33 MiB/s   Receiving objects:  63% (16380/26000), 8.68 MiB | 17.33 MiB/s   Receiving objects:  64% (16640/26000), 8.68 MiB | 17.33 MiB/s   Receiving objects:  65% (16900/26000), 8.68 MiB | 17.33 MiB/s   Receiving objects:  66% (17160/26000), 8.68 MiB | 17.33 MiB/s   Receiving objects:  67% (17420/26000), 8.68 MiB | 17.33 MiB/s   Receiving objects:  68% (17680/26000), 8.68 MiB | 17.33 MiB/s   Receiving objects:  69% (17940/26000), 8.68 MiB | 17.33 MiB/s   Receiving objects:  70% (18200/26000), 8.68 MiB | 17.33 MiB/s   Receiving objects:  71% (18460/26000), 8.68 MiB | 17.33 MiB/s   Receiving objects:  72% (18720/26000), 8.68 MiB | 17.33 MiB/s   Receiving objects:  73% (18980/26000), 8.68 MiB | 17.33 MiB/s   Receiving objects:  74% (19240/26000), 8.68 MiB | 17.33 MiB/s   Receiving objects:  75% (19500/26000), 8.68 MiB | 17.33 MiB/s   Receiving objects:  76% (19760/26000), 8.68 MiB | 17.33 MiB/s   Receiving objects:  77% (20020/26000), 8.68 MiB | 17.33 MiB/s   Receiving objects:  78% (20280/26000), 8.68 MiB | 17.33 MiB/s   Receiving objects:  79% (20540/26000), 8.68 MiB | 17.33 MiB/s   Receiving objects:  80% (20800/26000), 8.68 MiB | 17.33 MiB/s   Receiving objects:  81% (21060/26000), 8.68 MiB | 17.33 MiB/s   Receiving objects:  82% (21320/26000), 8.68 MiB | 17.33 MiB/s   Receiving objects:  83% (21580/26000), 8.68 MiB | 17.33 MiB/s   Receiving objects:  84% (21840/26000), 8.68 MiB | 17.33 MiB/s   Receiving objects:  85% (22100/26000), 8.68 MiB | 17.33 MiB/s   Receiving objects:  85% (22351/26000), 17.95 MiB | 17.91 MiB/s   Receiving objects:  86% (22360/26000), 17.95 MiB | 17.91 MiB/s   Receiving objects:  87% (22620/26000), 17.95 MiB | 17.91 MiB/s   Receiving objects:  88% (22880/26000), 17.95 MiB | 17.91 MiB/s   Receiving objects:  89% (23140/26000), 17.95 MiB | 17.91 MiB/s   Receiving objects:  90% (23400/26000), 17.95 MiB | 17.91 MiB/s   Receiving objects:  91% (23660/26000), 17.95 MiB | 17.91 MiB/s   Receiving objects:  92% (23920/26000), 17.95 MiB | 17.91 MiB/s   Receiving objects:  93% (24180/26000), 17.95 MiB | 17.91 MiB/s   Receiving objects:  94% (24440/26000), 17.95 MiB | 17.91 MiB/s   Receiving objects:  95% (24700/26000), 17.95 MiB | 17.91 MiB/s   Receiving objects:  96% (24960/26000), 17.95 MiB | 17.91 MiB/s   Receiving objects:  97% (25220/26000), 17.95 MiB | 17.91 MiB/s   Receiving objects:  98% (25480/26000), 17.95 MiB | 17.91 MiB/s   Receiving objects:  99% (25740/26000), 17.95 MiB | 17.91 MiB/s   remote: Total 26000 (delta 12598), reused 23142 (delta 10276), pack-reused 0[K
Receiving objects: 100% (26000/26000), 17.95 MiB | 17.91 MiB/s   Receiving objects: 100% (26000/26000), 19.04 MiB | 17.91 MiB/s, done.
Resolving deltas:   0% (0/12598)   Resolving deltas:   1% (216/12598)   Resolving deltas:   2% (278/12598)   Resolving deltas:   3% (387/12598)   Resolving deltas:   4% (504/12598)   Resolving deltas:   5% (630/12598)   Resolving deltas:   6% (774/12598)   Resolving deltas:   7% (890/12598)   Resolving deltas:   8% (1016/12598)   Resolving deltas:   9% (1136/12598)   Resolving deltas:  10% (1260/12598)   Resolving deltas:  11% (1386/12598)   Resolving deltas:  12% (1514/12598)   Resolving deltas:  13% (1641/12598)   Resolving deltas:  14% (1764/12598)   Resolving deltas:  15% (1890/12598)   Resolving deltas:  16% (2016/12598)   Resolving deltas:  17% (2146/12598)   Resolving deltas:  18% (2273/12598)   Resolving deltas:  19% (2396/12598)   Resolving deltas:  20% (2520/12598)   Resolving deltas:  21% (2648/12598)   Resolving deltas:  22% (2833/12598)   Resolving deltas:  23% (2969/12598)   Resolving deltas:  24% (3084/12598)   Resolving deltas:  25% (3166/12598)   Resolving deltas:  26% (3290/12598)   Resolving deltas:  27% (3402/12598)   Resolving deltas:  28% (3541/12598)   Resolving deltas:  29% (3656/12598)   Resolving deltas:  30% (3784/12598)   Resolving deltas:  31% (3921/12598)   Resolving deltas:  32% (4034/12598)   Resolving deltas:  33% (4163/12598)   Resolving deltas:  34% (4288/12598)   Resolving deltas:  35% (4412/12598)   Resolving deltas:  36% (4543/12598)   Resolving deltas:  37% (4668/12598)   Resolving deltas:  38% (4795/12598)   Resolving deltas:  39% (4926/12598)   Resolving deltas:  40% (5044/12598)   Resolving deltas:  41% (5167/12598)   Resolving deltas:  42% (5297/12598)   Resolving deltas:  43% (5529/12598)   Resolving deltas:  44% (5546/12598)   Resolving deltas:  45% (5687/12598)   Resolving deltas:  46% (5796/12598)   Resolving deltas:  47% (5923/12598)   Resolving deltas:  48% (6064/12598)   Resolving deltas:  49% (6174/12598)   Resolving deltas:  50% (6307/12598)   Resolving deltas:  51% (6445/12598)   Resolving deltas:  52% (6568/12598)   Resolving deltas:  53% (6683/12598)   Resolving deltas:  54% (6925/12598)   Resolving deltas:  55% (6972/12598)   Resolving deltas:  56% (7145/12598)   Resolving deltas:  57% (7192/12598)   Resolving deltas:  59% (7526/12598)   Resolving deltas:  60% (7585/12598)   Resolving deltas:  61% (7708/12598)   Resolving deltas:  62% (7811/12598)   Resolving deltas:  63% (7945/12598)   Resolving deltas:  67% (8544/12598)   Resolving deltas:  68% (8567/12598)   Resolving deltas:  69% (8752/12598)   Resolving deltas:  72% (9110/12598)   Resolving deltas:  73% (9258/12598)   Resolving deltas:  74% (9327/12598)   Resolving deltas:  75% (9496/12598)   Resolving deltas:  76% (9579/12598)   Resolving deltas:  77% (9714/12598)   Resolving deltas:  78% (9827/12598)   Resolving deltas:  79% (9954/12598)   Resolving deltas:  80% (10101/12598)   Resolving deltas:  81% (10215/12598)   Resolving deltas:  82% (10341/12598)   Resolving deltas:  83% (10480/12598)   Resolving deltas:  84% (10586/12598)   Resolving deltas:  85% (10712/12598)   Resolving deltas:  86% (10836/12598)   Resolving deltas:  87% (10965/12598)   Resolving deltas:  88% (11108/12598)   Resolving deltas:  89% (11213/12598)   Resolving deltas:  90% (11339/12598)   Resolving deltas:  91% (11476/12598)   Resolving deltas:  92% (11598/12598)   Resolving deltas:  93% (11718/12598)   Resolving deltas:  95% (11969/12598)   Resolving deltas:  96% (12098/12598)   Resolving deltas:  97% (12229/12598)   Resolving deltas:  98% (12353/12598)   Resolving deltas:  99% (12476/12598)   Resolving deltas: 100% (12598/12598)   Resolving deltas: 100% (12598/12598), done.
Checking connectivity... done.

travis_time:end:147eaa1a:start=1471905496754413731,finish=1471905499974267495,duration=3219853764[0K$ cd apache/storm
travis_time:start:09a912dd[0K$ git fetch origin +refs/pull/1608/merge:
remote: Counting objects: 5965, done.[K
remote: Compressing objects:   0% (1/2602)   [Kremote: Compressing objects:   1% (27/2602)   [Kremote: Compressing objects:   2% (53/2602)   [Kremote: Compressing objects:   3% (79/2602)   [Kremote: Compressing objects:   4% (105/2602)   [Kremote: Compressing objects:   5% (131/2602)   [Kremote: Compressing objects:   6% (157/2602)   [Kremote: Compressing objects:   7% (183/2602)   [Kremote: Compressing objects:   8% (209/2602)   [Kremote: Compressing objects:   9% (235/2602)   [Kremote: Compressing objects:  10% (261/2602)   [Kremote: Compressing objects:  11% (287/2602)   [Kremote: Compressing objects:  12% (313/2602)   [Kremote: Compressing objects:  13% (339/2602)   [Kremote: Compressing objects:  14% (365/2602)   [Kremote: Compressing objects:  15% (391/2602)   [Kremote: Compressing objects:  16% (417/2602)   [Kremote: Compressing objects:  17% (443/2602)   [Kremote: Compressing objects:  18% (469/2602)   [Kremote: Compressing objects:  19% (495/2602)   [Kremote: Compressing objects:  20% (521/2602)   [Kremote: Compressing objects:  21% (547/2602)   [Kremote: Compressing objects:  22% (573/2602)   [Kremote: Compressing objects:  23% (599/2602)   [Kremote: Compressing objects:  24% (625/2602)   [Kremote: Compressing objects:  25% (651/2602)   [Kremote: Compressing objects:  26% (677/2602)   [Kremote: Compressing objects:  27% (703/2602)   [Kremote: Compressing objects:  28% (729/2602)   [Kremote: Compressing objects:  29% (755/2602)   [Kremote: Compressing objects:  30% (781/2602)   [Kremote: Compressing objects:  31% (807/2602)   [Kremote: Compressing objects:  32% (833/2602)   [Kremote: Compressing objects:  33% (859/2602)   [Kremote: Compressing objects:  34% (885/2602)   [Kremote: Compressing objects:  35% (911/2602)   [Kremote: Compressing objects:  36% (937/2602)   [Kremote: Compressing objects:  37% (963/2602)   [Kremote: Compressing objects:  38% (989/2602)   [Kremote: Compressing objects:  39% (1015/2602)   [Kremote: Compressing objects:  40% (1041/2602)   [Kremote: Compressing objects:  41% (1067/2602)   [Kremote: Compressing objects:  42% (1093/2602)   [Kremote: Compressing objects:  43% (1119/2602)   [Kremote: Compressing objects:  44% (1145/2602)   [Kremote: Compressing objects:  45% (1171/2602)   [Kremote: Compressing objects:  46% (1197/2602)   [Kremote: Compressing objects:  47% (1223/2602)   [Kremote: Compressing objects:  48% (1249/2602)   [Kremote: Compressing objects:  49% (1275/2602)   [Kremote: Compressing objects:  50% (1301/2602)   [Kremote: Compressing objects:  51% (1328/2602)   [Kremote: Compressing objects:  52% (1354/2602)   [Kremote: Compressing objects:  53% (1380/2602)   [Kremote: Compressing objects:  54% (1406/2602)   [Kremote: Compressing objects:  55% (1432/2602)   [Kremote: Compressing objects:  56% (1458/2602)   [Kremote: Compressing objects:  57% (1484/2602)   [Kremote: Compressing objects:  58% (1510/2602)   [Kremote: Compressing objects:  59% (1536/2602)   [Kremote: Compressing objects:  60% (1562/2602)   [Kremote: Compressing objects:  61% (1588/2602)   [Kremote: Compressing objects:  62% (1614/2602)   [Kremote: Compressing objects:  63% (1640/2602)   [Kremote: Compressing objects:  64% (1666/2602)   [Kremote: Compressing objects:  65% (1692/2602)   [Kremote: Compressing objects:  66% (1718/2602)   [Kremote: Compressing objects:  67% (1744/2602)   [Kremote: Compressing objects:  68% (1770/2602)   [Kremote: Compressing objects:  69% (1796/2602)   [Kremote: Compressing objects:  70% (1822/2602)   [Kremote: Compressing objects:  71% (1848/2602)   [Kremote: Compressing objects:  72% (1874/2602)   [Kremote: Compressing objects:  73% (1900/2602)   [Kremote: Compressing objects:  74% (1926/2602)   [Kremote: Compressing objects:  75% (1952/2602)   [Kremote: Compressing objects:  76% (1978/2602)   [Kremote: Compressing objects:  77% (2004/2602)   [Kremote: Compressing objects:  78% (2030/2602)   [Kremote: Compressing objects:  79% (2056/2602)   [Kremote: Compressing objects:  80% (2082/2602)   [Kremote: Compressing objects:  81% (2108/2602)   [Kremote: Compressing objects:  82% (2134/2602)   [Kremote: Compressing objects:  83% (2160/2602)   [Kremote: Compressing objects:  84% (2186/2602)   [Kremote: Compressing objects:  85% (2212/2602)   [Kremote: Compressing objects:  86% (2238/2602)   [Kremote: Compressing objects:  87% (2264/2602)   [Kremote: Compressing objects:  88% (2290/2602)   [Kremote: Compressing objects:  89% (2316/2602)   [Kremote: Compressing objects:  90% (2342/2602)   [Kremote: Compressing objects:  91% (2368/2602)   [Kremote: Compressing objects:  92% (2394/2602)   [Kremote: Compressing objects:  93% (2420/2602)   [Kremote: Compressing objects:  94% (2446/2602)   [Kremote: Compressing objects:  95% (2472/2602)   [Kremote: Compressing objects:  96% (2498/2602)   [Kremote: Compressing objects:  97% (2524/2602)   [Kremote: Compressing objects:  98% (2550/2602)   [Kremote: Compressing objects:  99% (2576/2602)   [Kremote: Compressing objects: 100% (2602/2602)   [Kremote: Compressing objects: 100% (2602/2602), done.[K
Receiving objects:   0% (1/5965)   Receiving objects:   1% (60/5965)   Receiving objects:   2% (120/5965)   Receiving objects:   3% (179/5965)   Receiving objects:   4% (239/5965)   Receiving objects:   5% (299/5965)   Receiving objects:   6% (358/5965)   Receiving objects:   7% (418/5965)   Receiving objects:   8% (478/5965)   Receiving objects:   9% (537/5965)   Receiving objects:  10% (597/5965)   Receiving objects:  11% (657/5965)   Receiving objects:  12% (716/5965)   Receiving objects:  13% (776/5965)   Receiving objects:  14% (836/5965)   Receiving objects:  15% (895/5965)   Receiving objects:  16% (955/5965)   Receiving objects:  17% (1015/5965)   Receiving objects:  18% (1074/5965)   Receiving objects:  19% (1134/5965)   Receiving objects:  20% (1193/5965)   Receiving objects:  21% (1253/5965)   Receiving objects:  22% (1313/5965)   Receiving objects:  23% (1372/5965)   Receiving objects:  24% (1432/5965)   Receiving objects:  25% (1492/5965)   Receiving objects:  26% (1551/5965)   Receiving objects:  27% (1611/5965)   Receiving objects:  28% (1671/5965)   Receiving objects:  29% (1730/5965)   Receiving objects:  30% (1790/5965)   Receiving objects:  31% (1850/5965)   Receiving objects:  32% (1909/5965)   Receiving objects:  33% (1969/5965)   Receiving objects:  34% (2029/5965)   Receiving objects:  35% (2088/5965)   Receiving objects:  36% (2148/5965)   Receiving objects:  37% (2208/5965)   Receiving objects:  38% (2267/5965)   Receiving objects:  39% (2327/5965)   Receiving objects:  40% (2386/5965)   Receiving objects:  41% (2446/5965)   Receiving objects:  42% (2506/5965)   Receiving objects:  43% (2565/5965)   Receiving objects:  44% (2625/5965)   Receiving objects:  45% (2685/5965)   Receiving objects:  46% (2744/5965)   Receiving objects:  47% (2804/5965)   Receiving objects:  48% (2864/5965)   Receiving objects:  49% (2923/5965)   Receiving objects:  50% (2983/5965)   Receiving objects:  51% (3043/5965)   Receiving objects:  52% (3102/5965)   Receiving objects:  53% (3162/5965)   Receiving objects:  54% (3222/5965)   Receiving objects:  55% (3281/5965)   Receiving objects:  56% (3341/5965)   Receiving objects:  57% (3401/5965)   Receiving objects:  58% (3460/5965)   Receiving objects:  59% (3520/5965)   Receiving objects:  60% (3579/5965)   Receiving objects:  61% (3639/5965)   Receiving objects:  62% (3699/5965)   Receiving objects:  63% (3758/5965)   Receiving objects:  64% (3818/5965)   Receiving objects:  65% (3878/5965)   Receiving objects:  66% (3937/5965)   Receiving objects:  67% (3997/5965)   Receiving objects:  68% (4057/5965)   Receiving objects:  69% (4116/5965)   Receiving objects:  70% (4176/5965)   Receiving objects:  71% (4236/5965)   Receiving objects:  72% (4295/5965)   Receiving objects:  73% (4355/5965)   Receiving objects:  74% (4415/5965)   Receiving objects:  75% (4474/5965)   Receiving objects:  76% (4534/5965)   Receiving objects:  77% (4594/5965)   Receiving objects:  78% (4653/5965)   Receiving objects:  79% (4713/5965)   Receiving objects:  80% (4772/5965)   Receiving objects:  81% (4832/5965)   Receiving objects:  82% (4892/5965)   Receiving objects:  83% (4951/5965)   Receiving objects:  84% (5011/5965)   Receiving objects:  85% (5071/5965)   Receiving objects:  86% (5130/5965)   Receiving objects:  87% (5190/5965)   Receiving objects:  88% (5250/5965)   remote: Total 5965 (delta 2764), reused 5215 (delta 2084), pack-reused 0[K
Receiving objects:  89% (5309/5965)   Receiving objects:  90% (5369/5965)   Receiving objects:  91% (5429/5965)   Receiving objects:  92% (5488/5965)   Receiving objects:  93% (5548/5965)   Receiving objects:  94% (5608/5965)   Receiving objects:  95% (5667/5965)   Receiving objects:  96% (5727/5965)   Receiving objects:  97% (5787/5965)   Receiving objects:  98% (5846/5965)   Receiving objects:  99% (5906/5965)   Receiving objects: 100% (5965/5965)   Receiving objects: 100% (5965/5965), 1.26 MiB | 0 bytes/s, done.
Resolving deltas:   0% (0/2764)   Resolving deltas:   2% (68/2764)   Resolving deltas:   4% (126/2764)   Resolving deltas:   6% (184/2764)   Resolving deltas:   7% (214/2764)   Resolving deltas:   8% (223/2764)   Resolving deltas:   9% (274/2764)   Resolving deltas:  13% (366/2764)   Resolving deltas:  16% (461/2764)   Resolving deltas:  17% (473/2764)   Resolving deltas:  18% (500/2764)   Resolving deltas:  19% (541/2764)   Resolving deltas:  30% (840/2764)   Resolving deltas:  31% (874/2764)   Resolving deltas:  32% (886/2764)   Resolving deltas:  33% (913/2764)   Resolving deltas:  34% (944/2764)   Resolving deltas:  35% (972/2764)   Resolving deltas:  36% (1002/2764)   Resolving deltas:  37% (1024/2764)   Resolving deltas:  39% (1101/2764)   Resolving deltas:  40% (1106/2764)   Resolving deltas:  41% (1148/2764)   Resolving deltas:  42% (1161/2764)   Resolving deltas:  43% (1198/2764)   Resolving deltas:  44% (1217/2764)   Resolving deltas:  45% (1248/2764)   Resolving deltas:  49% (1369/2764)   Resolving deltas:  50% (1395/2764)   Resolving deltas:  51% (1421/2764)   Resolving deltas:  52% (1445/2764)   Resolving deltas:  53% (1468/2764)   Resolving deltas:  54% (1507/2764)   Resolving deltas:  61% (1705/2764)   Resolving deltas:  62% (1718/2764)   Resolving deltas:  63% (1745/2764)   Resolving deltas:  64% (1779/2764)   Resolving deltas:  65% (1814/2764)   Resolving deltas:  67% (1862/2764)   Resolving deltas:  68% (1885/2764)   Resolving deltas:  69% (1917/2764)   Resolving deltas:  70% (1938/2764)   Resolving deltas:  71% (1963/2764)   Resolving deltas:  72% (1995/2764)   Resolving deltas:  73% (2021/2764)   Resolving deltas:  74% (2047/2764)   Resolving deltas:  75% (2094/2764)   Resolving deltas:  76% (2103/2764)   Resolving deltas:  77% (2131/2764)   Resolving deltas:  78% (2166/2764)   Resolving deltas:  79% (2186/2764)   Resolving deltas:  80% (2214/2764)   Resolving deltas:  81% (2240/2764)   Resolving deltas:  82% (2268/2764)   Resolving deltas:  83% (2295/2764)   Resolving deltas:  84% (2323/2764)   Resolving deltas:  85% (2350/2764)   Resolving deltas:  86% (2381/2764)   Resolving deltas:  87% (2405/2764)   Resolving deltas:  88% (2437/2764)   Resolving deltas:  89% (2460/2764)   Resolving deltas:  90% (2491/2764)   Resolving deltas:  91% (2528/2764)   Resolving deltas:  92% (2543/2764)   Resolving deltas:  94% (2621/2764)   Resolving deltas:  95% (2628/2764)   Resolving deltas:  96% (2656/2764)   Resolving deltas:  97% (2685/2764)   Resolving deltas:  98% (2716/2764)   Resolving deltas:  99% (2737/2764)   Resolving deltas: 100% (2764/2764)   Resolving deltas: 100% (2764/2764), completed with 259 local objects.
From https://github.com/apache/storm
 * branch            refs/pull/1608/merge -> FETCH_HEAD

travis_time:end:09a912dd:start=1471905499978047632,finish=1471905501001765132,duration=1023717500[0K$ git checkout -qf FETCH_HEAD
travis_fold:end:git.checkout[0K
[33;1mThis job is running on container-based infrastructure, which does not allow use of 'sudo', setuid and setguid executables.[0m
[33;1mIf you require sudo, add 'sudo: required' to your .travis.yml[0m
[33;1mSee https://docs.travis-ci.com/user/workers/container-based-infrastructure/ for details.[0m

[33;1mSetting environment variables from .travis.yml[0m
$ export MODULES=storm-core

$ jdk_switcher use oraclejdk8
Switching to Oracle JDK8 (java-8-oracle), JAVA_HOME will be set to /usr/lib/jvm/java-8-oracle
travis_fold:start:cache.1[0KSetting up build cache
$ export CASHER_DIR=$HOME/.casher
travis_time:start:0e4018d8[0K$ Installing caching utilities

travis_time:end:0e4018d8:start=1471905503186965081,finish=1471905503230775144,duration=43810063[0Ktravis_time:start:1c83d6a0[0K
travis_time:end:1c83d6a0:start=1471905503235503103,finish=1471905503238683167,duration=3180064[0Ktravis_time:start:150950f1[0K[32;1mattempting to download cache archive[0m
[32;1mfetching PR.1608/cache-linux-precise-4722ea394922d42b2b7eb84cff6efc764d76759821ac6f6efc13232aa923f595--jdk-oraclejdk8.tgz[0m
[32;1mfound cache[0m

travis_time:end:150950f1:start=1471905503242444231,finish=1471905517252975532,duration=14010531301[0Ktravis_time:start:0fa98f99[0K
travis_time:end:0fa98f99:start=1471905517256996564,finish=1471905517260370915,duration=3374351[0Ktravis_time:start:0da8c390[0K[32;1madding /home/travis/.m2/repository to cache[0m
[32;1madding /home/travis/.rvm to cache[0m
[32;1madding /home/travis/.nvm to cache[0m

travis_time:end:0da8c390:start=1471905517264215499,finish=1471905535427640008,duration=18163424509[0Ktravis_fold:end:cache.1[0K$ java -Xmx32m -version
java version "1.8.0_31"
Java(TM) SE Runtime Environment (build 1.8.0_31-b13)
Java HotSpot(TM) 64-Bit Server VM (build 25.31-b07, mixed mode)
$ javac -J-Xmx32m -version
javac 1.8.0_31
travis_fold:start:before_install.1[0Ktravis_time:start:0876acb6[0K$ rvm use 2.1.5 --install
[32mUsing /home/travis/.rvm/gems/ruby-2.1.5[0m

travis_time:end:0876acb6:start=1471905541299623767,finish=1471905541559817745,duration=260193978[0Ktravis_fold:end:before_install.1[0Ktravis_fold:start:before_install.2[0Ktravis_time:start:00302ae8[0K$ nvm install 0.12.2
v0.12.2 is already installed.
Now using node v0.12.2

travis_time:end:00302ae8:start=1471905541564095929,finish=1471905541805217505,duration=241121576[0Ktravis_fold:end:before_install.2[0Ktravis_fold:start:before_install.3[0Ktravis_time:start:05173862[0K$ nvm use 0.12.2
Now using node v0.12.2

travis_time:end:05173862:start=1471905541809605566,finish=1471905541903397803,duration=93792237[0Ktravis_fold:end:before_install.3[0Ktravis_fold:start:install[0Ktravis_time:start:182ce01c[0K$ /bin/bash ./dev-tools/travis/travis-install.sh `pwd`
Python version :   Python 2.7.3
Java HotSpot(TM) 64-Bit Server VM warning: ignoring option MaxPermSize=192m; support was removed in 8.0
Maven version  :   Apache Maven 3.2.5 (12a6b3acb947671f09b81f49094c53f426d8cea1; 2014-12-14T17:29:23+00:00) Maven home: /usr/local/maven Java version: 1.8.0_31, vendor: Oracle Corporation Java home: /usr/lib/jvm/java-8-oracle/jre Default locale: en_US, platform encoding: UTF-8 OS name: "linux", version: "3.13.0-40-generic", arch: "amd64", family: "unix"
['mvn', 'clean', 'install', '-DskipTests', '-Pnative', '--batch-mode'] writing to install.txt
1 seconds 2 log lines11 seconds 70 log lines22 seconds 231 log lines60 seconds 315 log lines81 seconds 323 log lines92 seconds 383 log lines102 seconds 551 log lines116 seconds 630 log lines127 seconds 814 log lines144 seconds 850 log lines157 seconds 936 log lines168 seconds 1225 log lines181 seconds 1435 log lines191 seconds 1740 log lines201 seconds 2119 log lines215 seconds 2279 log lines229 seconds 2579 log lines238 seconds 2744 log lines
['mvn', 'clean', 'install', '-DskipTests', '-Pnative', '--batch-mode'] done 0

travis_time:end:182ce01c:start=1471905541907765750,finish=1471905780977513710,duration=239069747960[0Ktravis_fold:end:install[0Ktravis_time:start:0bef2b5e[0K$ /bin/bash ./dev-tools/travis/travis-script.sh `pwd` $MODULES
Python version :   Python 2.7.3
Ruby version   :   ruby 2.1.5p273 (2014-11-13 revision 48405) [x86_64-linux]
NodeJs version :   v0.12.2
Java HotSpot(TM) 64-Bit Server VM warning: ignoring option MaxPermSize=192m; support was removed in 8.0
Maven version  :   Apache Maven 3.2.5 (12a6b3acb947671f09b81f49094c53f426d8cea1; 2014-12-14T17:29:23+00:00) Maven home: /usr/local/maven Java version: 1.8.0_31, vendor: Oracle Corporation Java home: /usr/lib/jvm/java-8-oracle/jre Default locale: en_US, platform encoding: UTF-8 OS name: "linux", version: "3.13.0-40-generic", arch: "amd64", family: "unix"
Java HotSpot(TM) 64-Bit Server VM warning: ignoring option MaxPermSize=192m; support was removed in 8.0
[INFO] Scanning for projects...
[INFO] Downloading: https://repository.apache.org/snapshots/org/apache/storm/storm/1.1.1-SNAPSHOT/maven-metadata.xml
[INFO]                                                                         
[INFO] ------------------------------------------------------------------------
[INFO] Building Storm Core 1.1.0-SNAPSHOT
[INFO] ------------------------------------------------------------------------
[INFO] 
[INFO] --- exec-maven-plugin:1.2.1:exec (default) @ storm-core ---
[INFO] 
[INFO] --- maven-remote-resources-plugin:1.2.1:process (default) @ storm-core ---
[INFO] 
[INFO] --- storm-maven-plugins:1.1.0-SNAPSHOT:version-info (version-info) @ storm-core ---
[WARNING] [svn, info] failed with error code 1
[INFO] SCM: GIT
[INFO] Computed MD5: b26f4299eabe83ba87f268816d31d1d8
[INFO] 
[INFO] --- maven-resources-plugin:2.5:resources (default-resources) @ storm-core ---
[debug] execute contextualize
[INFO] Using 'UTF-8' encoding to copy filtered resources.
[INFO] Copying 8 resources
[INFO] Copying 1 resource to META-INF
[INFO] Copying 0 resource
[INFO] Copying 1 resource
[INFO] Copying 3 resources
[INFO] 
[INFO] --- maven-compiler-plugin:3.1:compile (default-compile) @ storm-core ---
[INFO] Nothing to compile - all classes are up to date
[INFO] 
[INFO] --- clojure-maven-plugin:1.7.1:compile (compile-clojure) @ storm-core ---
Compiling org.apache.storm.command.deactivate to /home/travis/build/apache/storm/storm-core/target/classes
Compiling org.apache.storm.trident.testing to /home/travis/build/apache/storm/storm-core/target/classes
Compiling org.apache.storm.command.blobstore to /home/travis/build/apache/storm/storm-core/target/classes
Compiling org.apache.storm.stats to /home/travis/build/apache/storm/storm-core/target/classes
Compiling org.apache.storm.command.set-log-level to /home/travis/build/apache/storm/storm-core/target/classes
Compiling org.apache.storm.daemon.drpc to /home/travis/build/apache/storm/storm-core/target/classes
Compiling org.apache.storm.command.dev-zookeeper to /home/travis/build/apache/storm/storm-core/target/classes
Compiling org.apache.storm.local-state to /home/travis/build/apache/storm/storm-core/target/classes
Compiling org.apache.storm.cluster to /home/travis/build/apache/storm/storm-core/target/classes
Compiling org.apache.storm.testing to /home/travis/build/apache/storm/storm-core/target/classes
Compiling org.apache.storm.command.heartbeats to /home/travis/build/apache/storm/storm-core/target/classes
WARNING: reverse already refers to: #'clojure.core/reverse in namespace: org.apache.storm.command.heartbeats, being replaced by: #'clojure.string/reverse
WARNING: replace already refers to: #'clojure.core/replace in namespace: org.apache.storm.command.heartbeats, being replaced by: #'clojure.string/replace
Compiling org.apache.storm.daemon.builtin-metrics to /home/travis/build/apache/storm/storm-core/target/classes
Compiling org.apache.storm.process-simulator to /home/travis/build/apache/storm/storm-core/target/classes
Compiling org.apache.storm.daemon.acker to /home/travis/build/apache/storm/storm-core/target/classes
Compiling org.apache.storm.log to /home/travis/build/apache/storm/storm-core/target/classes
Compiling org.apache.storm.daemon.common to /home/travis/build/apache/storm/storm-core/target/classes
Compiling org.apache.storm.command.healthcheck to /home/travis/build/apache/storm/storm-core/target/classes
Compiling org.apache.storm.scheduler.EvenScheduler to /home/travis/build/apache/storm/storm-core/target/classes
Compiling org.apache.storm.command.kill-workers to /home/travis/build/apache/storm/storm-core/target/classes
Compiling org.apache.storm.scheduler.IsolationScheduler to /home/travis/build/apache/storm/storm-core/target/classes
Compiling org.apache.storm.command.monitor to /home/travis/build/apache/storm/storm-core/target/classes
Compiling org.apache.storm.timer to /home/travis/build/apache/storm/storm-core/target/classes
Compiling org.apache.storm.config to /home/travis/build/apache/storm/storm-core/target/classes
Compiling org.apache.storm.LocalCluster to /home/travis/build/apache/storm/storm-core/target/classes
Compiling org.apache.storm.thrift to /home/travis/build/apache/storm/storm-core/target/classes
Compiling org.apache.storm.daemon.logviewer to /home/travis/build/apache/storm/storm-core/target/classes
Compiling org.apache.storm.blobstore to /home/travis/build/apache/storm/storm-core/target/classes
Compiling org.apache.storm.zookeeper to /home/travis/build/apache/storm/storm-core/target/classes
Compiling org.apache.storm.clojure to /home/travis/build/apache/storm/storm-core/target/classes
Compiling org.apache.storm.command.rebalance to /home/travis/build/apache/storm/storm-core/target/classes
Compiling org.apache.storm.command.kill-topology to /home/travis/build/apache/storm/storm-core/target/classes
Compiling org.apache.storm.LocalDRPC to /home/travis/build/apache/storm/storm-core/target/classes
Compiling org.apache.storm.messaging.local to /home/travis/build/apache/storm/storm-core/target/classes
Compiling org.apache.storm.daemon.executor to /home/travis/build/apache/storm/storm-core/target/classes
Compiling org.apache.storm.event to /home/travis/build/apache/storm/storm-core/target/classes
Compiling org.apache.storm.daemon.supervisor to /home/travis/build/apache/storm/storm-core/target/classes
Compiling org.apache.storm.command.activate to /home/travis/build/apache/storm/storm-core/target/classes
Compiling org.apache.storm.command.shell-submission to /home/travis/build/apache/storm/storm-core/target/classes
Compiling org.apache.storm.MockAutoCred to /home/travis/build/apache/storm/storm-core/target/classes
Compiling org.apache.storm.command.get-errors to /home/travis/build/apache/storm/storm-core/target/classes
Compiling org.apache.storm.pacemaker.pacemaker to /home/travis/build/apache/storm/storm-core/target/classes
Compiling org.apache.storm.testing4j to /home/travis/build/apache/storm/storm-core/target/classes
Compiling org.apache.storm.metric.testing to /home/travis/build/apache/storm/storm-core/target/classes
Compiling org.apache.storm.ui.core to /home/travis/build/apache/storm/storm-core/target/classes
Compiling org.apache.storm.command.upload-credentials to /home/travis/build/apache/storm/storm-core/target/classes
Compiling org.apache.storm.ui.helpers to /home/travis/build/apache/storm/storm-core/target/classes
Compiling org.apache.storm.scheduler.DefaultScheduler to /home/travis/build/apache/storm/storm-core/target/classes
Compiling org.apache.storm.command.list to /home/travis/build/apache/storm/storm-core/target/classes
Compiling org.apache.storm.pacemaker.pacemaker-state-factory to /home/travis/build/apache/storm/storm-core/target/classes
Compiling org.apache.storm.disruptor to /home/travis/build/apache/storm/storm-core/target/classes
Compiling org.apache.storm.util to /home/travis/build/apache/storm/storm-core/target/classes
Compiling org.apache.storm.daemon.task to /home/travis/build/apache/storm/storm-core/target/classes
Compiling org.apache.storm.command.config-value to /home/travis/build/apache/storm/storm-core/target/classes
Compiling org.apache.storm.converter to /home/travis/build/apache/storm/storm-core/target/classes
Compiling org.apache.storm.daemon.nimbus to /home/travis/build/apache/storm/storm-core/target/classes
Compiling org.apache.storm.cluster-state.zookeeper-state-factory to /home/travis/build/apache/storm/storm-core/target/classes
Compiling org.apache.storm.messaging.loader to /home/travis/build/apache/storm/storm-core/target/classes
Compiling org.apache.storm.daemon.worker to /home/travis/build/apache/storm/storm-core/target/classes
[INFO] 
[INFO] --- make-maven-plugin:1.0-beta-1:autoreconf (compile) @ storm-core ---
[INFO] 
[INFO] --- make-maven-plugin:1.0-beta-1:configure (compile) @ storm-core ---
[INFO] /bin/sh: 14: /home/travis/.jdk_switcher_rc: [[: not found
[INFO] /bin/sh: 22: /home/travis/.jdk_switcher_rc: [[: not found
[INFO] /bin/sh: 32: /home/travis/.jdk_switcher_rc: [[: not found
[INFO] /bin/sh: 42: /home/travis/.jdk_switcher_rc: [[: not found
[INFO] /bin/sh: 3: /etc/profile.d/rvm.sh: [[: not found
[INFO] checking for gcc... gcc
[INFO] checking whether the C compiler works... yes
[INFO] checking for C compiler default output file name... a.out
[INFO] checking for suffix of executables... 
[INFO] checking whether we are cross compiling... no
[INFO] checking for suffix of object files... o
[INFO] checking whether we are using the GNU C compiler... yes
[INFO] checking whether gcc accepts -g... yes
[INFO] checking for gcc option to accept ISO C89... none needed
[INFO] checking how to run the C preprocessor... gcc -E
[INFO] checking for grep that handles long lines and -e... /bin/grep
[INFO] checking for egrep... /bin/grep -E
[INFO] checking for ANSI C header files... yes
[INFO] checking for sys/types.h... yes
[INFO] checking for sys/stat.h... yes
[INFO] checking for stdlib.h... yes
[INFO] checking for string.h... yes
[INFO] checking for memory.h... yes
[INFO] checking for strings.h... yes
[INFO] checking for inttypes.h... yes
[INFO] checking for stdint.h... yes
[INFO] checking for unistd.h... yes
[INFO] checking minix/config.h usability... no
[INFO] checking minix/config.h presence... no
[INFO] checking for minix/config.h... no
[INFO] checking whether it is safe to define __EXTENSIONS__... yes
[INFO] checking for a BSD-compatible install... /usr/bin/install -c
[INFO] checking whether build environment is sane... yes
[INFO] checking for a thread-safe mkdir -p... /bin/mkdir -p
[INFO] checking for gawk... gawk
[INFO] checking whether make sets $(MAKE)... yes
[INFO] checking for style of include used by make... GNU
[INFO] checking dependency style of gcc... gcc3
[INFO] checking for gcc... (cached) gcc
[INFO] checking whether we are using the GNU C compiler... (cached) yes
[INFO] checking whether gcc accepts -g... (cached) yes
[INFO] checking for gcc option to accept ISO C89... (cached) none needed
[INFO] checking whether gcc and cc understand -c and -o together... yes
[INFO] checking for unistd.h... (cached) yes
[INFO] checking for stdbool.h that conforms to C99... yes
[INFO] checking for _Bool... yes
[INFO] checking for an ANSI C-conforming const... yes
[INFO] checking for off_t... yes
[INFO] checking for size_t... yes
[INFO] checking whether strerror_r is declared... yes
[INFO] checking for strerror_r... yes
[INFO] checking whether strerror_r returns char *... yes
[INFO] checking for mkdir... yes
[INFO] checking for uname... yes
[INFO] configure: creating ./config.status
[INFO] config.status: creating Makefile
[INFO] config.status: executing depfiles commands
[INFO] 
[INFO] --- make-maven-plugin:1.0-beta-1:make-install (compile) @ storm-core ---
[INFO] /bin/sh: 14: /home/travis/.jdk_switcher_rc: [[: not found
[INFO] /bin/sh: 22: /home/travis/.jdk_switcher_rc: [[: not found
[INFO] /bin/sh: 32: /home/travis/.jdk_switcher_rc: [[: not found
[INFO] /bin/sh: 42: /home/travis/.jdk_switcher_rc: [[: not found
[INFO] /bin/sh: 3: /etc/profile.d/rvm.sh: [[: not found
[INFO] make[1]: Entering directory `/home/travis/build/apache/storm/storm-core/target/native/worker-launcher'
[INFO] test -z "/usr/local/bin" || /bin/mkdir -p "/home/travis/build/apache/storm/storm-core/target/native/target/usr/local/bin"
[INFO]   /usr/bin/install -c worker-launcher '/home/travis/build/apache/storm/storm-core/target/native/target/usr/local/bin'
[INFO] make[1]: Nothing to be done for `install-data-am'.
[INFO] make[1]: Leaving directory `/home/travis/build/apache/storm/storm-core/target/native/worker-launcher'
[INFO] 
[INFO] --- maven-resources-plugin:2.5:testResources (default-testResources) @ storm-core ---
[debug] execute contextualize
[INFO] Using 'UTF-8' encoding to copy filtered resources.
[INFO] Copying 14 resources
[INFO] Copying 2 resources
[INFO] Copying 3 resources
[INFO] 
[INFO] --- maven-dependency-plugin:2.8:unpack (unpack) @ storm-core ---
[INFO] Configured Artifact: org.apache.storm:multilang-ruby:1.1.0-SNAPSHOT:jar
[INFO] Downloading: https://repository.apache.org/snapshots/org/apache/storm/multilang-ruby/1.1.0-SNAPSHOT/maven-metadata.xml
[INFO] Downloaded: https://repository.apache.org/snapshots/org/apache/storm/multilang-ruby/1.1.0-SNAPSHOT/maven-metadata.xml (2 KB at 11.5 KB/sec)
[INFO] Configured Artifact: org.apache.storm:multilang-python:1.1.0-SNAPSHOT:jar
[INFO] Downloading: https://repository.apache.org/snapshots/org/apache/storm/multilang-python/1.1.0-SNAPSHOT/maven-metadata.xml
[INFO] Downloaded: https://repository.apache.org/snapshots/org/apache/storm/multilang-python/1.1.0-SNAPSHOT/maven-metadata.xml (2 KB at 23.2 KB/sec)
[INFO] Configured Artifact: org.apache.storm:multilang-javascript:1.1.0-SNAPSHOT:jar
[INFO] Downloading: https://repository.apache.org/snapshots/org/apache/storm/multilang-javascript/1.1.0-SNAPSHOT/maven-metadata.xml
[INFO] Downloaded: https://repository.apache.org/snapshots/org/apache/storm/multilang-javascript/1.1.0-SNAPSHOT/maven-metadata.xml (2 KB at 16.3 KB/sec)
[INFO] multilang-ruby-1.1.0-SNAPSHOT.jar already unpacked.
[INFO] multilang-python-1.1.0-SNAPSHOT.jar already unpacked.
[INFO] multilang-javascript-1.1.0-SNAPSHOT.jar already unpacked.
[INFO] 
[INFO] --- maven-compiler-plugin:3.1:testCompile (default-testCompile) @ storm-core ---
[INFO] Nothing to compile - all classes are up to date
[INFO] 
[INFO] --- maven-surefire-plugin:2.18.1:test (default-test) @ storm-core ---
[INFO] Surefire report directory: /home/travis/build/apache/storm/storm-core/target/surefire-reports
[INFO] parallel='none', perCoreThreadCount=true, threadCount=0, useUnlimitedThreads=false, threadCountSuites=0, threadCountClasses=0, threadCountMethods=0, parallelOptimized=true

-------------------------------------------------------
 T E S T S
-------------------------------------------------------
Running org.apache.storm.utils.ShellBoltMessageQueueTest
Tests run: 3, Failures: 0, Errors: 0, Skipped: 0, Time elapsed: 2.011 sec - in org.apache.storm.utils.ShellBoltMessageQueueTest
Running org.apache.storm.utils.WorkerBackpressureThreadTest
Tests run: 1, Failures: 0, Errors: 0, Skipped: 0, Time elapsed: 0.201 sec - in org.apache.storm.utils.WorkerBackpressureThreadTest
Running org.apache.storm.utils.DisruptorQueueTest
Tests run: 3, Failures: 0, Errors: 0, Skipped: 0, Time elapsed: 3.246 sec - in org.apache.storm.utils.DisruptorQueueTest
Running org.apache.storm.utils.StormBoundedExponentialBackoffRetryTest
Tests run: 5, Failures: 0, Errors: 0, Skipped: 0, Time elapsed: 0.151 sec - in org.apache.storm.utils.StormBoundedExponentialBackoffRetryTest
Running org.apache.storm.utils.DisruptorQueueBackpressureTest
Tests run: 1, Failures: 0, Errors: 0, Skipped: 0, Time elapsed: 0 sec - in org.apache.storm.utils.DisruptorQueueBackpressureTest
Running org.apache.storm.utils.ThriftTopologyUtilsTest
Tests run: 6, Failures: 0, Errors: 0, Skipped: 0, Time elapsed: 0.156 sec - in org.apache.storm.utils.ThriftTopologyUtilsTest
Running org.apache.storm.spout.CheckpointSpoutTest
Tests run: 7, Failures: 0, Errors: 0, Skipped: 0, Time elapsed: 0.241 sec - in org.apache.storm.spout.CheckpointSpoutTest
Running org.apache.storm.TestConfigValidate
Tests run: 24, Failures: 0, Errors: 0, Skipped: 0, Time elapsed: 0.236 sec - in org.apache.storm.TestConfigValidate
Running org.apache.storm.serialization.GzipBridgeThriftSerializationDelegateTest
Tests run: 3, Failures: 0, Errors: 0, Skipped: 0, Time elapsed: 0.01 sec - in org.apache.storm.serialization.GzipBridgeThriftSerializationDelegateTest
Running org.apache.storm.serialization.ThriftBridgeSerializationDelegateTest
Tests run: 1, Failures: 0, Errors: 0, Skipped: 0, Time elapsed: 0.003 sec - in org.apache.storm.serialization.ThriftBridgeSerializationDelegateTest
Running org.apache.storm.serialization.GzipBridgeSerializationDelegateTest
Tests run: 3, Failures: 0, Errors: 0, Skipped: 0, Time elapsed: 0.011 sec - in org.apache.storm.serialization.GzipBridgeSerializationDelegateTest
Running org.apache.storm.blobstore.ClientBlobStoreTest
Tests run: 4, Failures: 0, Errors: 0, Skipped: 0, Time elapsed: 0.017 sec - in org.apache.storm.blobstore.ClientBlobStoreTest
Running org.apache.storm.blobstore.BlobStoreTest
Tests run: 4, Failures: 0, Errors: 0, Skipped: 0, Time elapsed: 1.124 sec - in org.apache.storm.blobstore.BlobStoreTest
Running org.apache.storm.blobstore.BlobSynchronizerTest
Tests run: 4, Failures: 0, Errors: 0, Skipped: 0, Time elapsed: 1.588 sec - in org.apache.storm.blobstore.BlobSynchronizerTest
Running org.apache.storm.trident.TridentWindowingTest
Tests run: 3, Failures: 0, Errors: 0, Skipped: 0, Time elapsed: 0 sec - in org.apache.storm.trident.TridentWindowingTest
Running org.apache.storm.trident.TestTridentTopology
Tests run: 1, Failures: 0, Errors: 0, Skipped: 0, Time elapsed: 21.404 sec - in org.apache.storm.trident.TestTridentTopology
Running org.apache.storm.dependency.DependencyUploaderTest
Tests run: 8, Failures: 0, Errors: 0, Skipped: 0, Time elapsed: 0.344 sec - in org.apache.storm.dependency.DependencyUploaderTest
Running org.apache.storm.dependency.DependencyPropertiesParserTest
Tests run: 5, Failures: 0, Errors: 0, Skipped: 0, Time elapsed: 0.028 sec - in org.apache.storm.dependency.DependencyPropertiesParserTest
Running org.apache.storm.metric.internal.LatencyStatAndMetricTest
Tests run: 1, Failures: 0, Errors: 0, Skipped: 0, Time elapsed: 0.041 sec - in org.apache.storm.metric.internal.LatencyStatAndMetricTest
Running org.apache.storm.metric.internal.CountStatAndMetricTest
Tests run: 1, Failures: 0, Errors: 0, Skipped: 0, Time elapsed: 0.028 sec - in org.apache.storm.metric.internal.CountStatAndMetricTest
Running org.apache.storm.metric.internal.RateTrackerTest
Tests run: 4, Failures: 0, Errors: 0, Skipped: 0, Time elapsed: 0.009 sec - in org.apache.storm.metric.internal.RateTrackerTest
Running org.apache.storm.metric.util.DataPointExpanderTest
Tests run: 5, Failures: 0, Errors: 0, Skipped: 0, Time elapsed: 0.024 sec - in org.apache.storm.metric.util.DataPointExpanderTest
Running org.apache.storm.metric.filter.FilterByMetricNameTest
Tests run: 4, Failures: 0, Errors: 0, Skipped: 0, Time elapsed: 0.025 sec - in org.apache.storm.metric.filter.FilterByMetricNameTest
Running org.apache.storm.windowing.WaterMarkEventGeneratorTest
Tests run: 5, Failures: 0, Errors: 0, Skipped: 0, Time elapsed: 0.119 sec - in org.apache.storm.windowing.WaterMarkEventGeneratorTest
Running org.apache.storm.windowing.WindowManagerTest
Tests run: 12, Failures: 0, Errors: 0, Skipped: 0, Time elapsed: 0.223 sec - in org.apache.storm.windowing.WindowManagerTest
Running org.apache.storm.topology.StatefulBoltExecutorTest
Tests run: 7, Failures: 0, Errors: 0, Skipped: 0, Time elapsed: 0.951 sec - in org.apache.storm.topology.StatefulBoltExecutorTest
Running org.apache.storm.topology.WindowedBoltExecutorTest
Tests run: 5, Failures: 1, Errors: 0, Skipped: 0, Time elapsed: 0.775 sec <<< FAILURE! - in org.apache.storm.topology.WindowedBoltExecutorTest
testExecuteWithLateTupleStream(org.apache.storm.topology.WindowedBoltExecutorTest)  Time elapsed: 0.707 sec  <<< FAILURE!
org.mockito.exceptions.verification.WantedButNotInvoked: 
Wanted but not invoked:
outputCollector.emit(
    "$late",
    [source: null:1, stream: s1, id: {}, [600]],
    [source: null:1, stream: s1, id: {}, [600]]
);
-> at org.apache.storm.topology.WindowedBoltExecutorTest.testExecuteWithLateTupleStream(WindowedBoltExecutorTest.java:225)
Actually, there were zero interactions with this mock.

	at org.apache.storm.topology.WindowedBoltExecutorTest.testExecuteWithLateTupleStream(WindowedBoltExecutorTest.java:225)

Running org.apache.storm.topology.StatefulWindowedBoltExecutorTest
Tests run: 4, Failures: 0, Errors: 0, Skipped: 0, Time elapsed: 0.076 sec - in org.apache.storm.topology.StatefulWindowedBoltExecutorTest
Running org.apache.storm.topology.TopologyBuilderTest
Tests run: 5, Failures: 0, Errors: 0, Skipped: 0, Time elapsed: 0.26 sec - in org.apache.storm.topology.TopologyBuilderTest
Running org.apache.storm.scheduler.resource.strategies.scheduling.TestDefaultResourceAwareStrategy
Tests run: 2, Failures: 0, Errors: 0, Skipped: 0, Time elapsed: 0.414 sec - in org.apache.storm.scheduler.resource.strategies.scheduling.TestDefaultResourceAwareStrategy
Running org.apache.storm.scheduler.resource.TestUser
Tests run: 3, Failures: 0, Errors: 0, Skipped: 0, Time elapsed: 3.532 sec - in org.apache.storm.scheduler.resource.TestUser
Running org.apache.storm.scheduler.resource.TestResourceAwareScheduler
Tests run: 14, Failures: 0, Errors: 0, Skipped: 0, Time elapsed: 5.083 sec - in org.apache.storm.scheduler.resource.TestResourceAwareScheduler
Running org.apache.storm.localizer.LocalizerTest
Tests run: 13, Failures: 0, Errors: 0, Skipped: 0, Time elapsed: 1.68 sec - in org.apache.storm.localizer.LocalizerTest
Running org.apache.storm.localizer.LocalizedResourceRetentionSetTest
Tests run: 2, Failures: 0, Errors: 0, Skipped: 0, Time elapsed: 0.031 sec - in org.apache.storm.localizer.LocalizedResourceRetentionSetTest
Running org.apache.storm.localizer.LocalizedResourceSetTest
Tests run: 4, Failures: 0, Errors: 0, Skipped: 0, Time elapsed: 0.003 sec - in org.apache.storm.localizer.LocalizedResourceSetTest
Running org.apache.storm.grouping.PartialKeyGroupingTest
Tests run: 2, Failures: 0, Errors: 0, Skipped: 0, Time elapsed: 0.044 sec - in org.apache.storm.grouping.PartialKeyGroupingTest
Running org.apache.storm.state.InMemoryKeyValueStateTest
Tests run: 2, Failures: 0, Errors: 0, Skipped: 0, Time elapsed: 0.003 sec - in org.apache.storm.state.InMemoryKeyValueStateTest

Results :

Failed tests: 
  WindowedBoltExecutorTest.testExecuteWithLateTupleStream:225 
Wanted but not invoked:
outputCollector.emit(
    "$late",
    [source: null:1, stream: s1, id: {}, [600]],
    [source: null:1, stream: s1, id: {}, [600]]
);
-> at org.apache.storm.topology.WindowedBoltExecutorTest.testExecuteWithLateTupleStream(WindowedBoltExecutorTest.java:225)
Actually, there were zero interactions with this mock.


Tests run: 181, Failures: 1, Errors: 0, Skipped: 0

[INFO] ------------------------------------------------------------------------
[INFO] BUILD FAILURE
[INFO] ------------------------------------------------------------------------
[INFO] Total time: 01:24 min
[INFO] Finished at: 2016-08-22T22:44:27+00:00
[INFO] Final Memory: 37M/358M
[INFO] ------------------------------------------------------------------------
[ERROR] Failed to execute goal org.apache.maven.plugins:maven-surefire-plugin:2.18.1:test (default-test) on project storm-core: There are test failures.
[ERROR] 
[ERROR] Please refer to /home/travis/build/apache/storm/storm-core/target/surefire-reports for the individual test results.
[ERROR] -> [Help 1]
[ERROR] 
[ERROR] To see the full stack trace of the errors, re-run Maven with the -e switch.
[ERROR] Re-run Maven using the -X switch to enable full debug logging.
[ERROR] 
[ERROR] For more information about the errors and possible solutions, please read the following articles:
[ERROR] [Help 1] http://cwiki.apache.org/confluence/display/MAVEN/MojoFailureException
Looking for errors in ./storm-core/target/surefire-reports
Checking ./storm-core/target/surefire-reports/TEST-org.apache.storm.utils.ShellBoltMessageQueueTest.xml
Checking ./storm-core/target/surefire-reports/TEST-org.apache.storm.utils.WorkerBackpressureThreadTest.xml
Checking ./storm-core/target/surefire-reports/TEST-org.apache.storm.utils.DisruptorQueueTest.xml
Checking ./storm-core/target/surefire-reports/TEST-org.apache.storm.utils.StormBoundedExponentialBackoffRetryTest.xml
Checking ./storm-core/target/surefire-reports/TEST-org.apache.storm.utils.DisruptorQueueBackpressureTest.xml
Checking ./storm-core/target/surefire-reports/TEST-org.apache.storm.utils.ThriftTopologyUtilsTest.xml
Checking ./storm-core/target/surefire-reports/TEST-org.apache.storm.spout.CheckpointSpoutTest.xml
Checking ./storm-core/target/surefire-reports/TEST-org.apache.storm.TestConfigValidate.xml
Checking ./storm-core/target/surefire-reports/TEST-org.apache.storm.serialization.GzipBridgeThriftSerializationDelegateTest.xml
Checking ./storm-core/target/surefire-reports/TEST-org.apache.storm.serialization.ThriftBridgeSerializationDelegateTest.xml
Checking ./storm-core/target/surefire-reports/TEST-org.apache.storm.serialization.GzipBridgeSerializationDelegateTest.xml
Checking ./storm-core/target/surefire-reports/TEST-org.apache.storm.blobstore.ClientBlobStoreTest.xml
Checking ./storm-core/target/surefire-reports/TEST-org.apache.storm.blobstore.BlobStoreTest.xml
Checking ./storm-core/target/surefire-reports/TEST-org.apache.storm.blobstore.BlobSynchronizerTest.xml
Checking ./storm-core/target/surefire-reports/TEST-org.apache.storm.trident.TridentWindowingTest.xml
Checking ./storm-core/target/surefire-reports/TEST-org.apache.storm.trident.TestTridentTopology.xml
Checking ./storm-core/target/surefire-reports/TEST-org.apache.storm.dependency.DependencyUploaderTest.xml
Checking ./storm-core/target/surefire-reports/TEST-org.apache.storm.dependency.DependencyPropertiesParserTest.xml
Checking ./storm-core/target/surefire-reports/TEST-org.apache.storm.metric.internal.LatencyStatAndMetricTest.xml
Checking ./storm-core/target/surefire-reports/TEST-org.apache.storm.metric.internal.CountStatAndMetricTest.xml
Checking ./storm-core/target/surefire-reports/TEST-org.apache.storm.metric.internal.RateTrackerTest.xml
Checking ./storm-core/target/surefire-reports/TEST-org.apache.storm.metric.util.DataPointExpanderTest.xml
Checking ./storm-core/target/surefire-reports/TEST-org.apache.storm.metric.filter.FilterByMetricNameTest.xml
Checking ./storm-core/target/surefire-reports/TEST-org.apache.storm.windowing.WaterMarkEventGeneratorTest.xml
Checking ./storm-core/target/surefire-reports/TEST-org.apache.storm.windowing.WindowManagerTest.xml
Checking ./storm-core/target/surefire-reports/TEST-org.apache.storm.topology.StatefulBoltExecutorTest.xml
Checking ./storm-core/target/surefire-reports/TEST-org.apache.storm.topology.WindowedBoltExecutorTest.xml
--------------------------------------------------
classname: org.apache.storm.topology.WindowedBoltExecutorTest / testname: testExecuteWithLateTupleStream
org.mockito.exceptions.verification.WantedButNotInvoked: 
Wanted but not invoked:
outputCollector.emit(
    "$late",
    [source: null:1, stream: s1, id: {}, [600]],
    [source: null:1, stream: s1, id: {}, [600]]
);
-> at org.apache.storm.topology.WindowedBoltExecutorTest.testExecuteWithLateTupleStream(WindowedBoltExecutorTest.java:225)
Actually, there were zero interactions with this mock.

	at org.apache.storm.topology.WindowedBoltExecutorTest.testExecuteWithLateTupleStream(WindowedBoltExecutorTest.java:225)

-------------------- system-out --------------------
33670 [main-SendThread(localhost:2181)] WARN  o.a.z.ClientCnxn - Session 0x0 for server null, unexpected error, closing socket connection and attempting reconnect
java.net.ConnectException: Connection refused
	at sun.nio.ch.SocketChannelImpl.checkConnect(Native Method) ~[?:1.8.0_31]
	at sun.nio.ch.SocketChannelImpl.finishConnect(SocketChannelImpl.java:716) ~[?:1.8.0_31]
	at org.apache.zookeeper.ClientCnxnSocketNIO.doTransport(ClientCnxnSocketNIO.java:361) ~[zookeeper-3.4.6.jar:3.4.6-1569965]
	at org.apache.zookeeper.ClientCnxn$SendThread.run(ClientCnxn.java:1081) [zookeeper-3.4.6.jar:3.4.6-1569965]
33671 [main-SendThread(localhost:2181)] WARN  o.a.z.ClientCnxn - Session 0x0 for server null, unexpected error, closing socket connection and attempting reconnect
java.net.ConnectException: Connection refused
	at sun.nio.ch.SocketChannelImpl.checkConnect(Native Method) ~[?:1.8.0_31]
	at sun.nio.ch.SocketChannelImpl.finishConnect(SocketChannelImpl.java:716) ~[?:1.8.0_31]
	at org.apache.zookeeper.ClientCnxnSocketNIO.doTransport(ClientCnxnSocketNIO.java:361) ~[zookeeper-3.4.6.jar:3.4.6-1569965]
	at org.apache.zookeeper.ClientCnxn$SendThread.run(ClientCnxn.java:1081) [zookeeper-3.4.6.jar:3.4.6-1569965]
33732 [main-SendThread(localhost:2181)] WARN  o.a.z.ClientCnxn - Session 0x0 for server null, unexpected error, closing socket connection and attempting reconnect
java.net.ConnectException: Connection refused
	at sun.nio.ch.SocketChannelImpl.checkConnect(Native Method) ~[?:1.8.0_31]
	at sun.nio.ch.SocketChannelImpl.finishConnect(SocketChannelImpl.java:716) ~[?:1.8.0_31]
	at org.apache.zookeeper.ClientCnxnSocketNIO.doTransport(ClientCnxnSocketNIO.java:361) ~[zookeeper-3.4.6.jar:3.4.6-1569965]
	at org.apache.zookeeper.ClientCnxn$SendThread.run(ClientCnxn.java:1081) [zookeeper-3.4.6.jar:3.4.6-1569965]
33824 [main-SendThread(localhost:2181)] WARN  o.a.z.ClientCnxn - Session 0x0 for server null, unexpected error, closing socket connection and attempting reconnect
java.net.ConnectException: Connection refused
	at sun.nio.ch.SocketChannelImpl.checkConnect(Native Method) ~[?:1.8.0_31]
	at sun.nio.ch.SocketChannelImpl.finishConnect(SocketChannelImpl.java:716) ~[?:1.8.0_31]
	at org.apache.zookeeper.ClientCnxnSocketNIO.doTransport(ClientCnxnSocketNIO.java:361) ~[zookeeper-3.4.6.jar:3.4.6-1569965]
	at org.apache.zookeeper.ClientCnxn$SendThread.run(ClientCnxn.java:1081) [zookeeper-3.4.6.jar:3.4.6-1569965]
33833 [main-SendThread(localhost:2181)] WARN  o.a.z.ClientCnxn - Session 0x0 for server null, unexpected error, closing socket connection and attempting reconnect
java.net.ConnectException: Connection refused
	at sun.nio.ch.SocketChannelImpl.checkConnect(Native Method) ~[?:1.8.0_31]
	at sun.nio.ch.SocketChannelImpl.finishConnect(SocketChannelImpl.java:716) ~[?:1.8.0_31]
	at org.apache.zookeeper.ClientCnxnSocketNIO.doTransport(ClientCnxnSocketNIO.java:361) ~[zookeeper-3.4.6.jar:3.4.6-1569965]
	at org.apache.zookeeper.ClientCnxn$SendThread.run(ClientCnxn.java:1081) [zookeeper-3.4.6.jar:3.4.6-1569965]
33863 [main-SendThread(localhost:2181)] WARN  o.a.z.ClientCnxn - Session 0x0 for server null, unexpected error, closing socket connection and attempting reconnect
java.net.ConnectException: Connection refused
	at sun.nio.ch.SocketChannelImpl.checkConnect(Native Method) ~[?:1.8.0_31]
	at sun.nio.ch.SocketChannelImpl.finishConnect(SocketChannelImpl.java:716) ~[?:1.8.0_31]
	at org.apache.zookeeper.ClientCnxnSocketNIO.doTransport(ClientCnxnSocketNIO.java:361) ~[zookeeper-3.4.6.jar:3.4.6-1569965]
	at org.apache.zookeeper.ClientCnxn$SendThread.run(ClientCnxn.java:1081) [zookeeper-3.4.6.jar:3.4.6-1569965]
33925 [main-SendThread(localhost:2181)] WARN  o.a.z.ClientCnxn - Session 0x0 for server null, unexpected error, closing socket connection and attempting reconnect
java.net.ConnectException: Connection refused
	at sun.nio.ch.SocketChannelImpl.checkConnect(Native Method) ~[?:1.8.0_31]
	at sun.nio.ch.SocketChannelImpl.finishConnect(SocketChannelImpl.java:716) ~[?:1.8.0_31]
	at org.apache.zookeeper.ClientCnxnSocketNIO.doTransport(ClientCnxnSocketNIO.java:361) ~[zookeeper-3.4.6.jar:3.4.6-1569965]
	at org.apache.zookeeper.ClientCnxn$SendThread.run(ClientCnxn.java:1081) [zookeeper-3.4.6.jar:3.4.6-1569965]
33963 [main-SendThread(localhost:2181)] WARN  o.a.z.ClientCnxn - Session 0x0 for server null, unexpected error, closing socket connection and attempting reconnect
java.net.ConnectException: Connection refused
	at sun.nio.ch.SocketChannelImpl.checkConnect(Native Method) ~[?:1.8.0_31]
	at sun.nio.ch.SocketChannelImpl.finishConnect(SocketChannelImpl.java:716) ~[?:1.8.0_31]
	at org.apache.zookeeper.ClientCnxnSocketNIO.doTransport(ClientCnxnSocketNIO.java:361) ~[zookeeper-3.4.6.jar:3.4.6-1569965]
	at org.apache.zookeeper.ClientCnxn$SendThread.run(ClientCnxn.java:1081) [zookeeper-3.4.6.jar:3.4.6-1569965]
[]

--------------------------------------------------
Checking ./storm-core/target/surefire-reports/TEST-org.apache.storm.topology.StatefulWindowedBoltExecutorTest.xml
Checking ./storm-core/target/surefire-reports/TEST-org.apache.storm.topology.TopologyBuilderTest.xml
Checking ./storm-core/target/surefire-reports/TEST-org.apache.storm.scheduler.resource.strategies.scheduling.TestDefaultResourceAwareStrategy.xml
Checking ./storm-core/target/surefire-reports/TEST-org.apache.storm.scheduler.resource.TestUser.xml
Checking ./storm-core/target/surefire-reports/TEST-org.apache.storm.scheduler.resource.TestResourceAwareScheduler.xml
Checking ./storm-core/target/surefire-reports/TEST-org.apache.storm.localizer.LocalizerTest.xml
Checking ./storm-core/target/surefire-reports/TEST-org.apache.storm.localizer.LocalizedResourceRetentionSetTest.xml
Checking ./storm-core/target/surefire-reports/TEST-org.apache.storm.localizer.LocalizedResourceSetTest.xml
Checking ./storm-core/target/surefire-reports/TEST-org.apache.storm.grouping.PartialKeyGroupingTest.xml
Checking ./storm-core/target/surefire-reports/TEST-org.apache.storm.state.InMemoryKeyValueStateTest.xml

travis_time:end:0bef2b5e:start=1471905780982428048,finish=1471905868732577022,duration=87750148974[0K
[31;1mThe command "/bin/bash ./dev-tools/travis/travis-script.sh `pwd` $MODULES" exited with 1.[0m
travis_fold:start:cache.2[0Kstore build cache
travis_time:start:070de4bb[0K
travis_time:end:070de4bb:start=1471905868736998500,finish=1471905868740484670,duration=3486170[0Ktravis_time:start:006ea228[0K[32;1mchange detected (content changed, file is created, or file is deleted):
/home/travis/.m2/repository/eigenbase/eigenbase-properties/1.1.4/eigenbase-properties-1.1.4.pom.lastUpdated
/home/travis/.m2/repository/io/confluent/kafka-avro-serializer/1.0/kafka-avro-serializer-1.0.pom.lastUpdated
/home/travis/.m2/repository/io/confluent/kafka-schema-registry-client/1.0/kafka-schema-registry-client-1.0.pom.lastUpdated
/home/travis/.m2/repository/net/hydromatic/linq4j/0.4/linq4j-0.4.pom.lastUpdated
/home/travis/.m2/repository/net/hydromatic/quidem/0.1.1/quidem-0.1.1.pom.lastUpdated
/home/travis/.m2/repository/org/apache/storm/flux/1.1.0-SNAPSHOT/maven-metadata-local.xml
/home/travis/.m2/repository/org/apache/storm/flux/1.1.0-SNAPSHOT/_remote.repositories
/home/travis/.m2/repository/org/apache/storm/flux-core/1.1.0-SNAPSHOT/flux-core-1.1.0-SNAPSHOT.jar
/home/travis/.m2/repository/org/apache/storm/flux-core/1.1.0-SNAPSHOT/maven-metadata-local.xml
/home/travis/.m2/repository/org/apache/storm/flux-core/1.1.0-SNAPSHOT/_remote.repositories
/home/travis/.m2/repository/org/ap
[0m
[32;1m...
[0m
[32;1mchanges detected, packing new archive[0m
.
.
.
.
.
.
.
.
.
.
.
.
[32;1muploading archive[0m

travis_time:end:006ea228:start=1471905868744480370,finish=1471905962525464978,duration=93780984608[0Ktravis_fold:end:cache.2[0K
Done. Your build exited with 1.
