Using worker: worker-linux-docker-07757809.prod.travis-ci.org:travis-linux-14

travis_fold:start:system_info[0K[33;1mBuild system information[0m
Build language: java
Build group: stable
Build dist: precise
Build id: 154310016
Job id: 154310017
travis-build version: 466baf6ac
[34m[1mBuild image provisioning date and time[0m
Thu Feb  5 15:09:33 UTC 2015
[34m[1mOperating System Details[0m
Distributor ID:	Ubuntu
Description:	Ubuntu 12.04.5 LTS
Release:	12.04
Codename:	precise
[34m[1mLinux Version[0m
3.13.0-29-generic
[34m[1mCookbooks Version[0m
a68419e https://github.com/travis-ci/travis-cookbooks/tree/a68419e
[34m[1mGCC version[0m
gcc (Ubuntu/Linaro 4.6.3-1ubuntu5) 4.6.3
Copyright (C) 2011 Free Software Foundation, Inc.
This is free software; see the source for copying conditions.  There is NO
warranty; not even for MERCHANTABILITY or FITNESS FOR A PARTICULAR PURPOSE.

[34m[1mLLVM version[0m
clang version 3.4 (tags/RELEASE_34/final)
Target: x86_64-unknown-linux-gnu
Thread model: posix
[34m[1mPre-installed Ruby versions[0m
ruby-1.9.3-p551
[34m[1mPre-installed Node.js versions[0m
v0.10.36
[34m[1mPre-installed Go versions[0m
1.4.1
[34m[1mRedis version[0m
redis-server 2.8.19
[34m[1mriak version[0m
2.0.2
[34m[1mMongoDB version[0m
MongoDB 2.4.12
[34m[1mCouchDB version[0m
couchdb 1.6.1
[34m[1mNeo4j version[0m
1.9.4
[34m[1mRabbitMQ Version[0m
3.4.3
[34m[1mElasticSearch version[0m
1.4.0
[34m[1mInstalled Sphinx versions[0m
2.0.10
2.1.9
2.2.6
[34m[1mDefault Sphinx version[0m
2.2.6
[34m[1mInstalled Firefox version[0m
firefox 31.0esr
[34m[1mPhantomJS version[0m
1.9.8
[34m[1mant -version[0m
Apache Ant(TM) version 1.8.2 compiled on December 3 2011
[34m[1mmvn -version[0m
Apache Maven 3.2.5 (12a6b3acb947671f09b81f49094c53f426d8cea1; 2014-12-14T17:29:23+00:00)
Maven home: /usr/local/maven
Java version: 1.7.0_76, vendor: Oracle Corporation
Java home: /usr/lib/jvm/java-7-oracle/jre
Default locale: en_US, platform encoding: ANSI_X3.4-1968
OS name: "linux", version: "3.13.0-29-generic", arch: "amd64", family: "unix"
travis_fold:end:system_info[0K
travis_fold:start:fix.CVE-2015-7547[0K$ export DEBIAN_FRONTEND=noninteractive
W: Size of file /var/lib/apt/lists/us.archive.ubuntu.com_ubuntu_dists_precise-backports_multiverse_source_Sources.gz is not what the server reported 5886 5888
W: Size of file /var/lib/apt/lists/ppa.launchpad.net_ubuntugis_ppa_ubuntu_dists_precise_main_binary-amd64_Packages.gz is not what the server reported 33653 36677
W: Size of file /var/lib/apt/lists/ppa.launchpad.net_ubuntugis_ppa_ubuntu_dists_precise_main_binary-i386_Packages.gz is not what the server reported 33699 36733
Reading package lists...
Building dependency tree...
Reading state information...
The following extra packages will be installed:
  libc-bin libc-dev-bin libc6-dev
Suggested packages:
  glibc-doc
The following packages will be upgraded:
  libc-bin libc-dev-bin libc6 libc6-dev
4 upgraded, 0 newly installed, 0 to remove and 256 not upgraded.
Need to get 8,840 kB of archives.
After this operation, 14.3 kB disk space will be freed.
Get:1 http://us.archive.ubuntu.com/ubuntu/ precise-updates/main libc6-dev amd64 2.15-0ubuntu10.15 [2,943 kB]
Get:2 http://us.archive.ubuntu.com/ubuntu/ precise-updates/main libc-dev-bin amd64 2.15-0ubuntu10.15 [84.7 kB]
Get:3 http://us.archive.ubuntu.com/ubuntu/ precise-updates/main libc-bin amd64 2.15-0ubuntu10.15 [1,177 kB]
Get:4 http://us.archive.ubuntu.com/ubuntu/ precise-updates/main libc6 amd64 2.15-0ubuntu10.15 [4,636 kB]
Fetched 8,840 kB in 0s (34.9 MB/s)
Preconfiguring packages ...
(Reading database ... (Reading database ... 5%(Reading database ... 10%(Reading database ... 15%(Reading database ... 20%(Reading database ... 25%(Reading database ... 30%(Reading database ... 35%(Reading database ... 40%(Reading database ... 45%(Reading database ... 50%(Reading database ... 55%(Reading database ... 60%(Reading database ... 65%(Reading database ... 70%(Reading database ... 75%(Reading database ... 80%(Reading database ... 85%(Reading database ... 90%(Reading database ... 95%(Reading database ... 100%(Reading database ... 72019 files and directories currently installed.)
Preparing to replace libc6-dev 2.15-0ubuntu10.10 (using .../libc6-dev_2.15-0ubuntu10.15_amd64.deb) ...
Unpacking replacement libc6-dev ...
Preparing to replace libc-dev-bin 2.15-0ubuntu10.10 (using .../libc-dev-bin_2.15-0ubuntu10.15_amd64.deb) ...
Unpacking replacement libc-dev-bin ...
Preparing to replace libc-bin 2.15-0ubuntu10.10 (using .../libc-bin_2.15-0ubuntu10.15_amd64.deb) ...
Unpacking replacement libc-bin ...
Processing triggers for man-db ...
Setting up libc-bin (2.15-0ubuntu10.15) ...
(Reading database ... (Reading database ... 5%(Reading database ... 10%(Reading database ... 15%(Reading database ... 20%(Reading database ... 25%(Reading database ... 30%(Reading database ... 35%(Reading database ... 40%(Reading database ... 45%(Reading database ... 50%(Reading database ... 55%(Reading database ... 60%(Reading database ... 65%(Reading database ... 70%(Reading database ... 75%(Reading database ... 80%(Reading database ... 85%(Reading database ... 90%(Reading database ... 95%(Reading database ... 100%(Reading database ... 72018 files and directories currently installed.)
Preparing to replace libc6 2.15-0ubuntu10.10 (using .../libc6_2.15-0ubuntu10.15_amd64.deb) ...
Unpacking replacement libc6 ...
Setting up libc6 (2.15-0ubuntu10.15) ...
Setting up libc-dev-bin (2.15-0ubuntu10.15) ...
Setting up libc6-dev (2.15-0ubuntu10.15) ...
Processing triggers for libc-bin ...
ldconfig deferred processing now taking place
travis_fold:end:fix.CVE-2015-7547[0Ktravis_fold:start:git.checkout[0Ktravis_time:start:08e62eb0[0K$ git clone --depth=50 https://github.com/apache/storm.git apache/storm
Cloning into 'apache/storm'...
remote: Counting objects: 26000, done.[K
remote: Compressing objects:   0% (1/10002)   [Kremote: Compressing objects:   1% (101/10002)   [Kremote: Compressing objects:   2% (201/10002)   [Kremote: Compressing objects:   3% (301/10002)   [Kremote: Compressing objects:   4% (401/10002)   [Kremote: Compressing objects:   5% (501/10002)   [Kremote: Compressing objects:   6% (601/10002)   [Kremote: Compressing objects:   7% (701/10002)   [Kremote: Compressing objects:   8% (801/10002)   [Kremote: Compressing objects:   9% (901/10002)   [Kremote: Compressing objects:  10% (1001/10002)   [Kremote: Compressing objects:  11% (1101/10002)   [Kremote: Compressing objects:  12% (1201/10002)   [Kremote: Compressing objects:  13% (1301/10002)   [Kremote: Compressing objects:  14% (1401/10002)   [Kremote: Compressing objects:  15% (1501/10002)   [Kremote: Compressing objects:  16% (1601/10002)   [Kremote: Compressing objects:  17% (1701/10002)   [Kremote: Compressing objects:  18% (1801/10002)   [Kremote: Compressing objects:  19% (1901/10002)   [Kremote: Compressing objects:  20% (2001/10002)   [Kremote: Compressing objects:  21% (2101/10002)   [Kremote: Compressing objects:  22% (2201/10002)   [Kremote: Compressing objects:  23% (2301/10002)   [Kremote: Compressing objects:  24% (2401/10002)   [Kremote: Compressing objects:  25% (2501/10002)   [Kremote: Compressing objects:  26% (2601/10002)   [Kremote: Compressing objects:  27% (2701/10002)   [Kremote: Compressing objects:  28% (2801/10002)   [Kremote: Compressing objects:  29% (2901/10002)   [Kremote: Compressing objects:  30% (3001/10002)   [Kremote: Compressing objects:  31% (3101/10002)   [Kremote: Compressing objects:  32% (3201/10002)   [Kremote: Compressing objects:  33% (3301/10002)   [Kremote: Compressing objects:  34% (3401/10002)   [Kremote: Compressing objects:  35% (3501/10002)   [Kremote: Compressing objects:  36% (3601/10002)   [Kremote: Compressing objects:  37% (3701/10002)   [Kremote: Compressing objects:  38% (3801/10002)   [Kremote: Compressing objects:  39% (3901/10002)   [Kremote: Compressing objects:  40% (4001/10002)   [Kremote: Compressing objects:  41% (4101/10002)   [Kremote: Compressing objects:  42% (4201/10002)   [Kremote: Compressing objects:  43% (4301/10002)   [Kremote: Compressing objects:  44% (4401/10002)   [Kremote: Compressing objects:  45% (4501/10002)   [Kremote: Compressing objects:  46% (4601/10002)   [Kremote: Compressing objects:  47% (4701/10002)   [Kremote: Compressing objects:  48% (4801/10002)   [Kremote: Compressing objects:  49% (4901/10002)   [Kremote: Compressing objects:  50% (5001/10002)   [Kremote: Compressing objects:  51% (5102/10002)   [Kremote: Compressing objects:  52% (5202/10002)   [Kremote: Compressing objects:  53% (5302/10002)   [Kremote: Compressing objects:  54% (5402/10002)   [Kremote: Compressing objects:  55% (5502/10002)   [Kremote: Compressing objects:  56% (5602/10002)   [Kremote: Compressing objects:  57% (5702/10002)   [Kremote: Compressing objects:  58% (5802/10002)   [Kremote: Compressing objects:  59% (5902/10002)   [Kremote: Compressing objects:  60% (6002/10002)   [Kremote: Compressing objects:  61% (6102/10002)   [Kremote: Compressing objects:  62% (6202/10002)   [Kremote: Compressing objects:  63% (6302/10002)   [Kremote: Compressing objects:  64% (6402/10002)   [Kremote: Compressing objects:  65% (6502/10002)   [Kremote: Compressing objects:  66% (6602/10002)   [Kremote: Compressing objects:  67% (6702/10002)   [Kremote: Compressing objects:  68% (6802/10002)   [Kremote: Compressing objects:  69% (6902/10002)   [Kremote: Compressing objects:  70% (7002/10002)   [Kremote: Compressing objects:  71% (7102/10002)   [Kremote: Compressing objects:  72% (7202/10002)   [Kremote: Compressing objects:  73% (7302/10002)   [Kremote: Compressing objects:  74% (7402/10002)   [Kremote: Compressing objects:  75% (7502/10002)   [Kremote: Compressing objects:  76% (7602/10002)   [Kremote: Compressing objects:  77% (7702/10002)   [Kremote: Compressing objects:  78% (7802/10002)   [Kremote: Compressing objects:  79% (7902/10002)   [Kremote: Compressing objects:  80% (8002/10002)   [Kremote: Compressing objects:  81% (8102/10002)   [Kremote: Compressing objects:  82% (8202/10002)   [Kremote: Compressing objects:  83% (8302/10002)   [Kremote: Compressing objects:  84% (8402/10002)   [Kremote: Compressing objects:  85% (8502/10002)   [Kremote: Compressing objects:  86% (8602/10002)   [Kremote: Compressing objects:  87% (8702/10002)   [Kremote: Compressing objects:  88% (8802/10002)   [Kremote: Compressing objects:  89% (8902/10002)   [Kremote: Compressing objects:  90% (9002/10002)   [Kremote: Compressing objects:  91% (9102/10002)   [Kremote: Compressing objects:  92% (9202/10002)   [Kremote: Compressing objects:  93% (9302/10002)   [Kremote: Compressing objects:  94% (9402/10002)   [Kremote: Compressing objects:  95% (9502/10002)   [Kremote: Compressing objects:  96% (9602/10002)   [Kremote: Compressing objects:  97% (9702/10002)   [Kremote: Compressing objects:  98% (9802/10002)   [Kremote: Compressing objects:  99% (9902/10002)   [Kremote: Compressing objects: 100% (10002/10002)   [Kremote: Compressing objects: 100% (10002/10002), done.[K
Receiving objects:   0% (1/26000)   Receiving objects:   1% (260/26000)   Receiving objects:   2% (520/26000)   Receiving objects:   3% (780/26000)   Receiving objects:   4% (1040/26000)   Receiving objects:   5% (1300/26000)   Receiving objects:   6% (1560/26000)   Receiving objects:   7% (1820/26000)   Receiving objects:   8% (2080/26000)   Receiving objects:   9% (2340/26000)   Receiving objects:  10% (2600/26000)   Receiving objects:  11% (2860/26000)   Receiving objects:  12% (3120/26000)   Receiving objects:  13% (3380/26000)   Receiving objects:  14% (3640/26000)   Receiving objects:  15% (3900/26000)   Receiving objects:  16% (4160/26000)   Receiving objects:  17% (4420/26000)   Receiving objects:  18% (4680/26000)   Receiving objects:  19% (4940/26000)   Receiving objects:  20% (5200/26000)   Receiving objects:  21% (5460/26000)   Receiving objects:  22% (5720/26000)   Receiving objects:  23% (5980/26000)   Receiving objects:  24% (6240/26000)   Receiving objects:  25% (6500/26000)   Receiving objects:  26% (6760/26000)   Receiving objects:  27% (7020/26000)   Receiving objects:  28% (7280/26000)   Receiving objects:  29% (7540/26000)   Receiving objects:  30% (7800/26000)   Receiving objects:  31% (8060/26000)   Receiving objects:  32% (8320/26000)   Receiving objects:  33% (8580/26000)   Receiving objects:  34% (8840/26000)   Receiving objects:  35% (9100/26000)   Receiving objects:  36% (9360/26000)   Receiving objects:  37% (9620/26000)   Receiving objects:  38% (9880/26000)   Receiving objects:  39% (10140/26000)   Receiving objects:  40% (10400/26000)   Receiving objects:  41% (10660/26000)   Receiving objects:  42% (10920/26000)   Receiving objects:  43% (11180/26000)   Receiving objects:  44% (11440/26000)   Receiving objects:  45% (11700/26000), 11.40 MiB | 22.75 MiB/s   Receiving objects:  46% (11960/26000), 11.40 MiB | 22.75 MiB/s   Receiving objects:  47% (12220/26000), 11.40 MiB | 22.75 MiB/s   Receiving objects:  48% (12480/26000), 11.40 MiB | 22.75 MiB/s   Receiving objects:  49% (12740/26000), 11.40 MiB | 22.75 MiB/s   Receiving objects:  50% (13000/26000), 11.40 MiB | 22.75 MiB/s   Receiving objects:  51% (13260/26000), 11.40 MiB | 22.75 MiB/s   Receiving objects:  52% (13520/26000), 11.40 MiB | 22.75 MiB/s   Receiving objects:  53% (13780/26000), 11.40 MiB | 22.75 MiB/s   Receiving objects:  54% (14040/26000), 11.40 MiB | 22.75 MiB/s   Receiving objects:  55% (14300/26000), 11.40 MiB | 22.75 MiB/s   Receiving objects:  56% (14560/26000), 11.40 MiB | 22.75 MiB/s   Receiving objects:  57% (14820/26000), 11.40 MiB | 22.75 MiB/s   Receiving objects:  58% (15080/26000), 11.40 MiB | 22.75 MiB/s   Receiving objects:  59% (15340/26000), 11.40 MiB | 22.75 MiB/s   Receiving objects:  60% (15600/26000), 11.40 MiB | 22.75 MiB/s   Receiving objects:  61% (15860/26000), 11.40 MiB | 22.75 MiB/s   Receiving objects:  62% (16120/26000), 11.40 MiB | 22.75 MiB/s   Receiving objects:  63% (16380/26000), 11.40 MiB | 22.75 MiB/s   Receiving objects:  64% (16640/26000), 11.40 MiB | 22.75 MiB/s   Receiving objects:  65% (16900/26000), 11.40 MiB | 22.75 MiB/s   Receiving objects:  66% (17160/26000), 11.40 MiB | 22.75 MiB/s   Receiving objects:  67% (17420/26000), 11.40 MiB | 22.75 MiB/s   Receiving objects:  68% (17680/26000), 11.40 MiB | 22.75 MiB/s   Receiving objects:  69% (17940/26000), 11.40 MiB | 22.75 MiB/s   Receiving objects:  70% (18200/26000), 11.40 MiB | 22.75 MiB/s   Receiving objects:  71% (18460/26000), 11.40 MiB | 22.75 MiB/s   Receiving objects:  72% (18720/26000), 11.40 MiB | 22.75 MiB/s   Receiving objects:  73% (18980/26000), 11.40 MiB | 22.75 MiB/s   Receiving objects:  74% (19240/26000), 11.40 MiB | 22.75 MiB/s   Receiving objects:  75% (19500/26000), 11.40 MiB | 22.75 MiB/s   Receiving objects:  76% (19760/26000), 11.40 MiB | 22.75 MiB/s   Receiving objects:  77% (20020/26000), 11.40 MiB | 22.75 MiB/s   Receiving objects:  78% (20280/26000), 11.40 MiB | 22.75 MiB/s   Receiving objects:  79% (20540/26000), 11.40 MiB | 22.75 MiB/s   Receiving objects:  80% (20800/26000), 11.40 MiB | 22.75 MiB/s   Receiving objects:  81% (21060/26000), 11.40 MiB | 22.75 MiB/s   Receiving objects:  82% (21320/26000), 11.40 MiB | 22.75 MiB/s   Receiving objects:  83% (21580/26000), 11.40 MiB | 22.75 MiB/s   Receiving objects:  84% (21840/26000), 11.40 MiB | 22.75 MiB/s   Receiving objects:  85% (22100/26000), 11.40 MiB | 22.75 MiB/s   Receiving objects:  86% (22360/26000), 11.40 MiB | 22.75 MiB/s   Receiving objects:  87% (22620/26000), 11.40 MiB | 22.75 MiB/s   Receiving objects:  88% (22880/26000), 11.40 MiB | 22.75 MiB/s   Receiving objects:  89% (23140/26000), 11.40 MiB | 22.75 MiB/s   Receiving objects:  90% (23400/26000), 11.40 MiB | 22.75 MiB/s   Receiving objects:  91% (23660/26000), 11.40 MiB | 22.75 MiB/s   Receiving objects:  92% (23920/26000), 11.40 MiB | 22.75 MiB/s   Receiving objects:  93% (24180/26000), 11.40 MiB | 22.75 MiB/s   Receiving objects:  94% (24440/26000), 11.40 MiB | 22.75 MiB/s   Receiving objects:  95% (24700/26000), 11.40 MiB | 22.75 MiB/s   Receiving objects:  96% (24960/26000), 11.40 MiB | 22.75 MiB/s   Receiving objects:  97% (25220/26000), 11.40 MiB | 22.75 MiB/s   Receiving objects:  98% (25480/26000), 11.40 MiB | 22.75 MiB/s   Receiving objects:  99% (25740/26000), 11.40 MiB | 22.75 MiB/s   remote: Total 26000 (delta 12598), reused 23142 (delta 10276), pack-reused 0[K
Receiving objects: 100% (26000/26000), 11.40 MiB | 22.75 MiB/s   Receiving objects: 100% (26000/26000), 19.04 MiB | 22.75 MiB/s, done.
Resolving deltas:   0% (0/12598)   Resolving deltas:   1% (216/12598)   Resolving deltas:   2% (252/12598)   Resolving deltas:   3% (384/12598)   Resolving deltas:   4% (504/12598)   Resolving deltas:   5% (635/12598)   Resolving deltas:   6% (776/12598)   Resolving deltas:   7% (885/12598)   Resolving deltas:   8% (1022/12598)   Resolving deltas:   9% (1135/12598)   Resolving deltas:  10% (1274/12598)   Resolving deltas:  11% (1386/12598)   Resolving deltas:  12% (1514/12598)   Resolving deltas:  13% (1651/12598)   Resolving deltas:  14% (1768/12598)   Resolving deltas:  15% (1892/12598)   Resolving deltas:  16% (2016/12598)   Resolving deltas:  17% (2143/12598)   Resolving deltas:  18% (2272/12598)   Resolving deltas:  19% (2394/12598)   Resolving deltas:  20% (2521/12598)   Resolving deltas:  21% (2652/12598)   Resolving deltas:  22% (2792/12598)   Resolving deltas:  23% (2900/12598)   Resolving deltas:  24% (3041/12598)   Resolving deltas:  25% (3174/12598)   Resolving deltas:  26% (3277/12598)   Resolving deltas:  27% (3402/12598)   Resolving deltas:  28% (3553/12598)   Resolving deltas:  29% (3662/12598)   Resolving deltas:  30% (3780/12598)   Resolving deltas:  31% (3908/12598)   Resolving deltas:  32% (4033/12598)   Resolving deltas:  33% (4158/12598)   Resolving deltas:  34% (4296/12598)   Resolving deltas:  35% (4410/12598)   Resolving deltas:  36% (4536/12598)   Resolving deltas:  37% (4662/12598)   Resolving deltas:  38% (4795/12598)   Resolving deltas:  39% (4920/12598)   Resolving deltas:  40% (5045/12598)   Resolving deltas:  41% (5167/12598)   Resolving deltas:  42% (5294/12598)   Resolving deltas:  43% (5530/12598)   Resolving deltas:  44% (5554/12598)   Resolving deltas:  45% (5676/12598)   Resolving deltas:  46% (5797/12598)   Resolving deltas:  47% (5925/12598)   Resolving deltas:  48% (6049/12598)   Resolving deltas:  49% (6174/12598)   Resolving deltas:  50% (6302/12598)   Resolving deltas:  51% (6444/12598)   Resolving deltas:  52% (6551/12598)   Resolving deltas:  53% (6789/12598)   Resolving deltas:  54% (6836/12598)   Resolving deltas:  55% (7009/12598)   Resolving deltas:  56% (7056/12598)   Resolving deltas:  58% (7404/12598)   Resolving deltas:  59% (7448/12598)   Resolving deltas:  60% (7588/12598)   Resolving deltas:  61% (7687/12598)   Resolving deltas:  62% (7811/12598)   Resolving deltas:  63% (7937/12598)   Resolving deltas:  67% (8459/12598)   Resolving deltas:  68% (8595/12598)   Resolving deltas:  71% (8958/12598)   Resolving deltas:  72% (9155/12598)   Resolving deltas:  73% (9247/12598)   Resolving deltas:  74% (9326/12598)   Resolving deltas:  75% (9455/12598)   Resolving deltas:  76% (9577/12598)   Resolving deltas:  77% (9701/12598)   Resolving deltas:  78% (9843/12598)   Resolving deltas:  79% (9957/12598)   Resolving deltas:  80% (10121/12598)   Resolving deltas:  81% (10205/12598)   Resolving deltas:  82% (10395/12598)   Resolving deltas:  83% (10479/12598)   Resolving deltas:  84% (10615/12598)   Resolving deltas:  85% (10709/12598)   Resolving deltas:  86% (10835/12598)   Resolving deltas:  87% (10969/12598)   Resolving deltas:  88% (11182/12598)   Resolving deltas:  89% (11213/12598)   Resolving deltas:  90% (11349/12598)   Resolving deltas:  91% (11465/12598)   Resolving deltas:  92% (11594/12598)   Resolving deltas:  93% (11717/12598)   Resolving deltas:  94% (11953/12598)   Resolving deltas:  95% (11982/12598)   Resolving deltas:  96% (12099/12598)   Resolving deltas:  97% (12247/12598)   Resolving deltas:  98% (12349/12598)   Resolving deltas:  99% (12474/12598)   Resolving deltas: 100% (12598/12598)   Resolving deltas: 100% (12598/12598), done.
Checking connectivity... done.

travis_time:end:08e62eb0:start=1471908282963055862,finish=1471908286162122865,duration=3199067003[0K$ cd apache/storm
travis_time:start:013a2077[0K$ git fetch origin +refs/pull/1608/merge:
remote: Counting objects: 5964, done.[K
remote: Compressing objects:   0% (1/2600)   [Kremote: Compressing objects:   1% (26/2600)   [Kremote: Compressing objects:   2% (52/2600)   [Kremote: Compressing objects:   3% (78/2600)   [Kremote: Compressing objects:   4% (104/2600)   [Kremote: Compressing objects:   5% (130/2600)   [Kremote: Compressing objects:   6% (156/2600)   [Kremote: Compressing objects:   7% (182/2600)   [Kremote: Compressing objects:   8% (208/2600)   [Kremote: Compressing objects:   9% (234/2600)   [Kremote: Compressing objects:  10% (260/2600)   [Kremote: Compressing objects:  11% (286/2600)   [Kremote: Compressing objects:  12% (312/2600)   [Kremote: Compressing objects:  13% (338/2600)   [Kremote: Compressing objects:  14% (364/2600)   [Kremote: Compressing objects:  15% (390/2600)   [Kremote: Compressing objects:  16% (416/2600)   [Kremote: Compressing objects:  17% (442/2600)   [Kremote: Compressing objects:  18% (468/2600)   [Kremote: Compressing objects:  19% (494/2600)   [Kremote: Compressing objects:  20% (520/2600)   [Kremote: Compressing objects:  21% (546/2600)   [Kremote: Compressing objects:  22% (572/2600)   [Kremote: Compressing objects:  23% (598/2600)   [Kremote: Compressing objects:  24% (624/2600)   [Kremote: Compressing objects:  25% (650/2600)   [Kremote: Compressing objects:  26% (676/2600)   [Kremote: Compressing objects:  27% (702/2600)   [Kremote: Compressing objects:  28% (728/2600)   [Kremote: Compressing objects:  29% (754/2600)   [Kremote: Compressing objects:  30% (780/2600)   [Kremote: Compressing objects:  31% (806/2600)   [Kremote: Compressing objects:  32% (832/2600)   [Kremote: Compressing objects:  33% (858/2600)   [Kremote: Compressing objects:  34% (884/2600)   [Kremote: Compressing objects:  35% (910/2600)   [Kremote: Compressing objects:  36% (936/2600)   [Kremote: Compressing objects:  37% (962/2600)   [Kremote: Compressing objects:  38% (988/2600)   [Kremote: Compressing objects:  39% (1014/2600)   [Kremote: Compressing objects:  40% (1040/2600)   [Kremote: Compressing objects:  41% (1066/2600)   [Kremote: Compressing objects:  42% (1092/2600)   [Kremote: Compressing objects:  43% (1118/2600)   [Kremote: Compressing objects:  44% (1144/2600)   [Kremote: Compressing objects:  45% (1170/2600)   [Kremote: Compressing objects:  46% (1196/2600)   [Kremote: Compressing objects:  47% (1222/2600)   [Kremote: Compressing objects:  48% (1248/2600)   [Kremote: Compressing objects:  49% (1274/2600)   [Kremote: Compressing objects:  50% (1300/2600)   [Kremote: Compressing objects:  51% (1326/2600)   [Kremote: Compressing objects:  52% (1352/2600)   [Kremote: Compressing objects:  53% (1378/2600)   [Kremote: Compressing objects:  54% (1404/2600)   [Kremote: Compressing objects:  55% (1430/2600)   [Kremote: Compressing objects:  56% (1456/2600)   [Kremote: Compressing objects:  57% (1482/2600)   [Kremote: Compressing objects:  58% (1508/2600)   [Kremote: Compressing objects:  59% (1534/2600)   [Kremote: Compressing objects:  60% (1560/2600)   [Kremote: Compressing objects:  61% (1586/2600)   [Kremote: Compressing objects:  62% (1612/2600)   [Kremote: Compressing objects:  63% (1638/2600)   [Kremote: Compressing objects:  64% (1664/2600)   [Kremote: Compressing objects:  65% (1690/2600)   [Kremote: Compressing objects:  66% (1716/2600)   [Kremote: Compressing objects:  67% (1742/2600)   [Kremote: Compressing objects:  68% (1768/2600)   [Kremote: Compressing objects:  69% (1794/2600)   [Kremote: Compressing objects:  70% (1820/2600)   [Kremote: Compressing objects:  71% (1846/2600)   [Kremote: Compressing objects:  72% (1872/2600)   [Kremote: Compressing objects:  73% (1898/2600)   [Kremote: Compressing objects:  74% (1924/2600)   [Kremote: Compressing objects:  75% (1950/2600)   [Kremote: Compressing objects:  76% (1976/2600)   [Kremote: Compressing objects:  77% (2002/2600)   [Kremote: Compressing objects:  78% (2028/2600)   [Kremote: Compressing objects:  79% (2054/2600)   [Kremote: Compressing objects:  80% (2080/2600)   [Kremote: Compressing objects:  81% (2106/2600)   [Kremote: Compressing objects:  82% (2132/2600)   [Kremote: Compressing objects:  83% (2158/2600)   [Kremote: Compressing objects:  84% (2184/2600)   [Kremote: Compressing objects:  85% (2210/2600)   [Kremote: Compressing objects:  86% (2236/2600)   [Kremote: Compressing objects:  87% (2262/2600)   [Kremote: Compressing objects:  88% (2288/2600)   [Kremote: Compressing objects:  89% (2314/2600)   [Kremote: Compressing objects:  90% (2340/2600)   [Kremote: Compressing objects:  91% (2366/2600)   [Kremote: Compressing objects:  92% (2392/2600)   [Kremote: Compressing objects:  93% (2418/2600)   [Kremote: Compressing objects:  94% (2444/2600)   [Kremote: Compressing objects:  95% (2470/2600)   [Kremote: Compressing objects:  96% (2496/2600)   [Kremote: Compressing objects:  97% (2522/2600)   [Kremote: Compressing objects:  98% (2548/2600)   [Kremote: Compressing objects:  99% (2574/2600)   [Kremote: Compressing objects: 100% (2600/2600)   [Kremote: Compressing objects: 100% (2600/2600), done.[K
Receiving objects:   0% (1/5964)   Receiving objects:   1% (60/5964)   Receiving objects:   2% (120/5964)   Receiving objects:   3% (179/5964)   Receiving objects:   4% (239/5964)   Receiving objects:   5% (299/5964)   Receiving objects:   6% (358/5964)   Receiving objects:   7% (418/5964)   Receiving objects:   8% (478/5964)   Receiving objects:   9% (537/5964)   Receiving objects:  10% (597/5964)   Receiving objects:  11% (657/5964)   Receiving objects:  12% (716/5964)   Receiving objects:  13% (776/5964)   Receiving objects:  14% (835/5964)   Receiving objects:  15% (895/5964)   Receiving objects:  16% (955/5964)   Receiving objects:  17% (1014/5964)   Receiving objects:  18% (1074/5964)   Receiving objects:  19% (1134/5964)   Receiving objects:  20% (1193/5964)   Receiving objects:  21% (1253/5964)   Receiving objects:  22% (1313/5964)   Receiving objects:  23% (1372/5964)   Receiving objects:  24% (1432/5964)   Receiving objects:  25% (1491/5964)   Receiving objects:  26% (1551/5964)   Receiving objects:  27% (1611/5964)   Receiving objects:  28% (1670/5964)   Receiving objects:  29% (1730/5964)   Receiving objects:  30% (1790/5964)   Receiving objects:  31% (1849/5964)   Receiving objects:  32% (1909/5964)   Receiving objects:  33% (1969/5964)   Receiving objects:  34% (2028/5964)   Receiving objects:  35% (2088/5964)   Receiving objects:  36% (2148/5964)   Receiving objects:  37% (2207/5964)   Receiving objects:  38% (2267/5964)   Receiving objects:  39% (2326/5964)   Receiving objects:  40% (2386/5964)   Receiving objects:  41% (2446/5964)   Receiving objects:  42% (2505/5964)   Receiving objects:  43% (2565/5964)   Receiving objects:  44% (2625/5964)   Receiving objects:  45% (2684/5964)   Receiving objects:  46% (2744/5964)   Receiving objects:  47% (2804/5964)   Receiving objects:  48% (2863/5964)   Receiving objects:  49% (2923/5964)   Receiving objects:  50% (2982/5964)   Receiving objects:  51% (3042/5964)   Receiving objects:  52% (3102/5964)   Receiving objects:  53% (3161/5964)   Receiving objects:  54% (3221/5964)   Receiving objects:  55% (3281/5964)   Receiving objects:  56% (3340/5964)   Receiving objects:  57% (3400/5964)   Receiving objects:  58% (3460/5964)   Receiving objects:  59% (3519/5964)   Receiving objects:  60% (3579/5964)   Receiving objects:  61% (3639/5964)   Receiving objects:  62% (3698/5964)   Receiving objects:  63% (3758/5964)   Receiving objects:  64% (3817/5964)   Receiving objects:  65% (3877/5964)   Receiving objects:  66% (3937/5964)   Receiving objects:  67% (3996/5964)   Receiving objects:  68% (4056/5964)   Receiving objects:  69% (4116/5964)   Receiving objects:  70% (4175/5964)   Receiving objects:  71% (4235/5964)   Receiving objects:  72% (4295/5964)   Receiving objects:  73% (4354/5964)   Receiving objects:  74% (4414/5964)   Receiving objects:  75% (4473/5964)   Receiving objects:  76% (4533/5964)   Receiving objects:  77% (4593/5964)   Receiving objects:  78% (4652/5964)   Receiving objects:  79% (4712/5964)   Receiving objects:  80% (4772/5964)   Receiving objects:  81% (4831/5964)   Receiving objects:  82% (4891/5964)   Receiving objects:  83% (4951/5964)   Receiving objects:  84% (5010/5964)   Receiving objects:  85% (5070/5964)   Receiving objects:  86% (5130/5964)   Receiving objects:  87% (5189/5964)   Receiving objects:  88% (5249/5964)   remote: Total 5964 (delta 2762), reused 5217 (delta 2085), pack-reused 0[K
Receiving objects:  89% (5308/5964)   Receiving objects:  90% (5368/5964)   Receiving objects:  91% (5428/5964)   Receiving objects:  92% (5487/5964)   Receiving objects:  93% (5547/5964)   Receiving objects:  94% (5607/5964)   Receiving objects:  95% (5666/5964)   Receiving objects:  96% (5726/5964)   Receiving objects:  97% (5786/5964)   Receiving objects:  98% (5845/5964)   Receiving objects:  99% (5905/5964)   Receiving objects: 100% (5964/5964)   Receiving objects: 100% (5964/5964), 1.25 MiB | 0 bytes/s, done.
Resolving deltas:   0% (0/2762)   Resolving deltas:   2% (68/2762)   Resolving deltas:   4% (126/2762)   Resolving deltas:   6% (184/2762)   Resolving deltas:   7% (217/2762)   Resolving deltas:   8% (222/2762)   Resolving deltas:   9% (276/2762)   Resolving deltas:  13% (368/2762)   Resolving deltas:  14% (388/2762)   Resolving deltas:  16% (463/2762)   Resolving deltas:  17% (475/2762)   Resolving deltas:  18% (498/2762)   Resolving deltas:  20% (575/2762)   Resolving deltas:  21% (581/2762)   Resolving deltas:  22% (628/2762)   Resolving deltas:  23% (640/2762)   Resolving deltas:  24% (668/2762)   Resolving deltas:  25% (695/2762)   Resolving deltas:  26% (719/2762)   Resolving deltas:  27% (746/2762)   Resolving deltas:  29% (818/2762)   Resolving deltas:  30% (829/2762)   Resolving deltas:  40% (1112/2762)   Resolving deltas:  41% (1150/2762)   Resolving deltas:  42% (1161/2762)   Resolving deltas:  43% (1197/2762)   Resolving deltas:  44% (1216/2762)   Resolving deltas:  45% (1243/2762)   Resolving deltas:  46% (1272/2762)   Resolving deltas:  50% (1391/2762)   Resolving deltas:  51% (1416/2762)   Resolving deltas:  52% (1442/2762)   Resolving deltas:  53% (1466/2762)   Resolving deltas:  54% (1492/2762)   Resolving deltas:  61% (1704/2762)   Resolving deltas:  62% (1717/2762)   Resolving deltas:  63% (1744/2762)   Resolving deltas:  64% (1778/2762)   Resolving deltas:  65% (1813/2762)   Resolving deltas:  67% (1861/2762)   Resolving deltas:  68% (1884/2762)   Resolving deltas:  69% (1916/2762)   Resolving deltas:  70% (1937/2762)   Resolving deltas:  71% (1962/2762)   Resolving deltas:  72% (1994/2762)   Resolving deltas:  73% (2020/2762)   Resolving deltas:  74% (2046/2762)   Resolving deltas:  75% (2093/2762)   Resolving deltas:  76% (2102/2762)   Resolving deltas:  77% (2127/2762)   Resolving deltas:  78% (2165/2762)   Resolving deltas:  79% (2185/2762)   Resolving deltas:  80% (2213/2762)   Resolving deltas:  81% (2239/2762)   Resolving deltas:  82% (2265/2762)   Resolving deltas:  83% (2293/2762)   Resolving deltas:  84% (2321/2762)   Resolving deltas:  85% (2348/2762)   Resolving deltas:  86% (2379/2762)   Resolving deltas:  87% (2403/2762)   Resolving deltas:  88% (2435/2762)   Resolving deltas:  89% (2462/2762)   Resolving deltas:  90% (2489/2762)   Resolving deltas:  91% (2526/2762)   Resolving deltas:  92% (2542/2762)   Resolving deltas:  94% (2619/2762)   Resolving deltas:  95% (2626/2762)   Resolving deltas:  96% (2654/2762)   Resolving deltas:  97% (2683/2762)   Resolving deltas:  98% (2714/2762)   Resolving deltas:  99% (2735/2762)   Resolving deltas: 100% (2762/2762)   Resolving deltas: 100% (2762/2762), completed with 259 local objects.
From https://github.com/apache/storm
 * branch            refs/pull/1608/merge -> FETCH_HEAD

travis_time:end:013a2077:start=1471908286166703961,finish=1471908287246007649,duration=1079303688[0K$ git checkout -qf FETCH_HEAD
travis_fold:end:git.checkout[0K
[33;1mThis job is running on container-based infrastructure, which does not allow use of 'sudo', setuid and setguid executables.[0m
[33;1mIf you require sudo, add 'sudo: required' to your .travis.yml[0m
[33;1mSee https://docs.travis-ci.com/user/workers/container-based-infrastructure/ for details.[0m

[33;1mSetting environment variables from .travis.yml[0m
$ export MODULES=storm-core

$ jdk_switcher use oraclejdk7
Switching to Oracle JDK7 (java-7-oracle), JAVA_HOME will be set to /usr/lib/jvm/java-7-oracle
travis_fold:start:cache.1[0KSetting up build cache
$ export CASHER_DIR=$HOME/.casher
travis_time:start:01ba6918[0K$ Installing caching utilities

travis_time:end:01ba6918:start=1471908289726229916,finish=1471908289775666665,duration=49436749[0Ktravis_time:start:2015d74a[0K
travis_time:end:2015d74a:start=1471908289780238374,finish=1471908289783676027,duration=3437653[0Ktravis_time:start:278d6b86[0K[32;1mattempting to download cache archive[0m
[32;1mfetching PR.1608/cache-linux-precise-4722ea394922d42b2b7eb84cff6efc764d76759821ac6f6efc13232aa923f595--jdk-oraclejdk7.tgz[0m
[32;1mfound cache[0m

travis_time:end:278d6b86:start=1471908289787476572,finish=1471908309497611649,duration=19710135077[0Ktravis_time:start:3a3e2c8e[0K
travis_time:end:3a3e2c8e:start=1471908309501379381,finish=1471908309504578442,duration=3199061[0Ktravis_time:start:027e3c49[0K[32;1madding /home/travis/.m2/repository to cache[0m
[32;1madding /home/travis/.rvm to cache[0m
[32;1madding /home/travis/.nvm to cache[0m

travis_time:end:027e3c49:start=1471908309508240951,finish=1471908363624237672,duration=54115996721[0Ktravis_fold:end:cache.1[0K$ java -Xmx32m -version
java version "1.7.0_76"
Java(TM) SE Runtime Environment (build 1.7.0_76-b13)
Java HotSpot(TM) 64-Bit Server VM (build 24.76-b04, mixed mode)
$ javac -J-Xmx32m -version
javac 1.7.0_76
travis_fold:start:before_install.1[0Ktravis_time:start:07531584[0K$ rvm use 2.1.5 --install
[32mUsing /home/travis/.rvm/gems/ruby-2.1.5[0m

travis_time:end:07531584:start=1471908367887626108,finish=1471908368244217269,duration=356591161[0Ktravis_fold:end:before_install.1[0Ktravis_fold:start:before_install.2[0Ktravis_time:start:20648000[0K$ nvm install 0.12.2
v0.12.2 is already installed.
Now using node v0.12.2

travis_time:end:20648000:start=1471908368248703692,finish=1471908368555946467,duration=307242775[0Ktravis_fold:end:before_install.2[0Ktravis_fold:start:before_install.3[0Ktravis_time:start:00662123[0K$ nvm use 0.12.2
Now using node v0.12.2

travis_time:end:00662123:start=1471908368560645612,finish=1471908368623895616,duration=63250004[0Ktravis_fold:end:before_install.3[0Ktravis_fold:start:install[0Ktravis_time:start:08d62320[0K$ /bin/bash ./dev-tools/travis/travis-install.sh `pwd`
Python version :   Python 2.7.3
Maven version  :   Apache Maven 3.2.5 (12a6b3acb947671f09b81f49094c53f426d8cea1; 2014-12-14T17:29:23+00:00) Maven home: /usr/local/maven Java version: 1.7.0_76, vendor: Oracle Corporation Java home: /usr/lib/jvm/java-7-oracle/jre Default locale: en_US, platform encoding: UTF-8 OS name: "linux", version: "3.13.0-40-generic", arch: "amd64", family: "unix"
['mvn', 'clean', 'install', '-DskipTests', '-Pnative', '--batch-mode'] writing to install.txt
2 seconds 1 log lines132 seconds 3 log lines264 seconds 7 log lines279 seconds 236 log lines305 seconds 317 log lines317 seconds 324 log lines328 seconds 348 log lines338 seconds 459 log lines360 seconds 635 log lines372 seconds 846 log lines384 seconds 893 log lines420 seconds 944 log lines431 seconds 1157 log lines443 seconds 1301 log lines454 seconds 1538 log lines465 seconds 1648 log lines475 seconds 1857 log lines487 seconds 2139 log lines497 seconds 2282 log lines507 seconds 2578 log lines578 seconds 2625 log lines585 seconds 2749 log lines
['mvn', 'clean', 'install', '-DskipTests', '-Pnative', '--batch-mode'] done 0

travis_time:end:08d62320:start=1471908368628377667,finish=1471908954636807674,duration=586008430007[0Ktravis_fold:end:install[0Ktravis_time:start:1ea0b289[0K$ /bin/bash ./dev-tools/travis/travis-script.sh `pwd` $MODULES
Python version :   Python 2.7.3
Ruby version   :   ruby 2.1.5p273 (2014-11-13 revision 48405) [x86_64-linux]
NodeJs version :  
Maven version  :   Apache Maven 3.2.5 (12a6b3acb947671f09b81f49094c53f426d8cea1; 2014-12-14T17:29:23+00:00) Maven home: /usr/local/maven Java version: 1.7.0_76, vendor: Oracle Corporation Java home: /usr/lib/jvm/java-7-oracle/jre Default locale: en_US, platform encoding: UTF-8 OS name: "linux", version: "3.13.0-40-generic", arch: "amd64", family: "unix"
[INFO] Scanning for projects...
[INFO] Downloading: https://repository.apache.org/snapshots/org/apache/storm/storm/1.1.1-SNAPSHOT/maven-metadata.xml
[INFO] Downloading: http://repository.apache.org/snapshots/org/apache/storm/storm/1.1.1-SNAPSHOT/maven-metadata.xml
[INFO]                                                                         
[INFO] ------------------------------------------------------------------------
[INFO] Building Storm Core 1.1.0-SNAPSHOT
[INFO] ------------------------------------------------------------------------
[INFO] 
[INFO] --- exec-maven-plugin:1.2.1:exec (default) @ storm-core ---
[INFO] 
[INFO] --- maven-remote-resources-plugin:1.2.1:process (default) @ storm-core ---
[INFO] 
[INFO] --- storm-maven-plugins:1.1.0-SNAPSHOT:version-info (version-info) @ storm-core ---
[WARNING] [svn, info] failed with error code 1
[INFO] SCM: GIT
[INFO] Computed MD5: d0aa2cf3544e9033bb3e2b1a688abaf7
[INFO] 
[INFO] --- maven-resources-plugin:2.5:resources (default-resources) @ storm-core ---
[debug] execute contextualize
[INFO] Using 'UTF-8' encoding to copy filtered resources.
[INFO] Copying 8 resources
[INFO] Copying 1 resource to META-INF
[INFO] Copying 0 resource
[INFO] Copying 1 resource
[INFO] Copying 3 resources
[INFO] 
[INFO] --- maven-compiler-plugin:3.1:compile (default-compile) @ storm-core ---
[INFO] Nothing to compile - all classes are up to date
[INFO] 
[INFO] --- clojure-maven-plugin:1.7.1:compile (compile-clojure) @ storm-core ---
Compiling org.apache.storm.stats to /home/travis/build/apache/storm/storm-core/target/classes
Compiling org.apache.storm.converter to /home/travis/build/apache/storm/storm-core/target/classes
Compiling org.apache.storm.testing to /home/travis/build/apache/storm/storm-core/target/classes
Compiling org.apache.storm.util to /home/travis/build/apache/storm/storm-core/target/classes
Compiling org.apache.storm.scheduler.DefaultScheduler to /home/travis/build/apache/storm/storm-core/target/classes
Compiling org.apache.storm.command.kill-workers to /home/travis/build/apache/storm/storm-core/target/classes
Compiling org.apache.storm.pacemaker.pacemaker-state-factory to /home/travis/build/apache/storm/storm-core/target/classes
Compiling org.apache.storm.daemon.task to /home/travis/build/apache/storm/storm-core/target/classes
Compiling org.apache.storm.process-simulator to /home/travis/build/apache/storm/storm-core/target/classes
Compiling org.apache.storm.daemon.common to /home/travis/build/apache/storm/storm-core/target/classes
Compiling org.apache.storm.command.list to /home/travis/build/apache/storm/storm-core/target/classes
Compiling org.apache.storm.command.dev-zookeeper to /home/travis/build/apache/storm/storm-core/target/classes
Compiling org.apache.storm.command.set-log-level to /home/travis/build/apache/storm/storm-core/target/classes
Compiling org.apache.storm.command.kill-topology to /home/travis/build/apache/storm/storm-core/target/classes
Compiling org.apache.storm.LocalDRPC to /home/travis/build/apache/storm/storm-core/target/classes
Compiling org.apache.storm.event to /home/travis/build/apache/storm/storm-core/target/classes
Compiling org.apache.storm.command.get-errors to /home/travis/build/apache/storm/storm-core/target/classes
Compiling org.apache.storm.trident.testing to /home/travis/build/apache/storm/storm-core/target/classes
Compiling org.apache.storm.daemon.drpc to /home/travis/build/apache/storm/storm-core/target/classes
Compiling org.apache.storm.config to /home/travis/build/apache/storm/storm-core/target/classes
Compiling org.apache.storm.log to /home/travis/build/apache/storm/storm-core/target/classes
Compiling org.apache.storm.daemon.executor to /home/travis/build/apache/storm/storm-core/target/classes
Compiling org.apache.storm.thrift to /home/travis/build/apache/storm/storm-core/target/classes
Compiling org.apache.storm.daemon.builtin-metrics to /home/travis/build/apache/storm/storm-core/target/classes
Compiling org.apache.storm.daemon.logviewer to /home/travis/build/apache/storm/storm-core/target/classes
Compiling org.apache.storm.command.monitor to /home/travis/build/apache/storm/storm-core/target/classes
Compiling org.apache.storm.disruptor to /home/travis/build/apache/storm/storm-core/target/classes
Compiling org.apache.storm.ui.core to /home/travis/build/apache/storm/storm-core/target/classes
Compiling org.apache.storm.cluster to /home/travis/build/apache/storm/storm-core/target/classes
Compiling org.apache.storm.pacemaker.pacemaker to /home/travis/build/apache/storm/storm-core/target/classes
Compiling org.apache.storm.command.rebalance to /home/travis/build/apache/storm/storm-core/target/classes
Compiling org.apache.storm.daemon.worker to /home/travis/build/apache/storm/storm-core/target/classes
Compiling org.apache.storm.metric.testing to /home/travis/build/apache/storm/storm-core/target/classes
Compiling org.apache.storm.daemon.acker to /home/travis/build/apache/storm/storm-core/target/classes
Compiling org.apache.storm.command.heartbeats to /home/travis/build/apache/storm/storm-core/target/classes
WARNING: reverse already refers to: #'clojure.core/reverse in namespace: org.apache.storm.command.heartbeats, being replaced by: #'clojure.string/reverse
WARNING: replace already refers to: #'clojure.core/replace in namespace: org.apache.storm.command.heartbeats, being replaced by: #'clojure.string/replace
Compiling org.apache.storm.command.activate to /home/travis/build/apache/storm/storm-core/target/classes
Compiling org.apache.storm.blobstore to /home/travis/build/apache/storm/storm-core/target/classes
Compiling org.apache.storm.daemon.supervisor to /home/travis/build/apache/storm/storm-core/target/classes
Compiling org.apache.storm.scheduler.EvenScheduler to /home/travis/build/apache/storm/storm-core/target/classes
Compiling org.apache.storm.messaging.local to /home/travis/build/apache/storm/storm-core/target/classes
Compiling org.apache.storm.command.upload-credentials to /home/travis/build/apache/storm/storm-core/target/classes
Compiling org.apache.storm.command.deactivate to /home/travis/build/apache/storm/storm-core/target/classes
Compiling org.apache.storm.command.blobstore to /home/travis/build/apache/storm/storm-core/target/classes
Compiling org.apache.storm.local-state to /home/travis/build/apache/storm/storm-core/target/classes
Compiling org.apache.storm.command.healthcheck to /home/travis/build/apache/storm/storm-core/target/classes
Compiling org.apache.storm.messaging.loader to /home/travis/build/apache/storm/storm-core/target/classes
Compiling org.apache.storm.testing4j to /home/travis/build/apache/storm/storm-core/target/classes
Compiling org.apache.storm.ui.helpers to /home/travis/build/apache/storm/storm-core/target/classes
Compiling org.apache.storm.scheduler.IsolationScheduler to /home/travis/build/apache/storm/storm-core/target/classes
Compiling org.apache.storm.clojure to /home/travis/build/apache/storm/storm-core/target/classes
Compiling org.apache.storm.command.shell-submission to /home/travis/build/apache/storm/storm-core/target/classes
Compiling org.apache.storm.timer to /home/travis/build/apache/storm/storm-core/target/classes
Compiling org.apache.storm.MockAutoCred to /home/travis/build/apache/storm/storm-core/target/classes
Compiling org.apache.storm.daemon.nimbus to /home/travis/build/apache/storm/storm-core/target/classes
Compiling org.apache.storm.command.config-value to /home/travis/build/apache/storm/storm-core/target/classes
Compiling org.apache.storm.LocalCluster to /home/travis/build/apache/storm/storm-core/target/classes
Compiling org.apache.storm.cluster-state.zookeeper-state-factory to /home/travis/build/apache/storm/storm-core/target/classes
Compiling org.apache.storm.zookeeper to /home/travis/build/apache/storm/storm-core/target/classes
[INFO] 
[INFO] --- make-maven-plugin:1.0-beta-1:autoreconf (compile) @ storm-core ---
[INFO] 
[INFO] --- make-maven-plugin:1.0-beta-1:configure (compile) @ storm-core ---
[INFO] /bin/sh: 14: /home/travis/.jdk_switcher_rc: [[: not found
[INFO] /bin/sh: 22: /home/travis/.jdk_switcher_rc: [[: not found
[INFO] /bin/sh: 32: /home/travis/.jdk_switcher_rc: [[: not found
[INFO] /bin/sh: 42: /home/travis/.jdk_switcher_rc: [[: not found
[INFO] Segmentation fault
[INFO] /bin/sh: 3: /etc/profile.d/rvm.sh: [[: not found
[INFO] checking for gcc... gcc
[INFO] checking whether the C compiler works... yes
[INFO] checking for C compiler default output file name... a.out
[INFO] checking for suffix of executables... 
[INFO] checking whether we are cross compiling... no
[INFO] checking for suffix of object files... o
[INFO] checking whether we are using the GNU C compiler... yes
[INFO] checking whether gcc accepts -g... yes
[INFO] checking for gcc option to accept ISO C89... none needed
[INFO] checking how to run the C preprocessor... gcc -E
[INFO] checking for grep that handles long lines and -e... /bin/grep
[INFO] checking for egrep... /bin/grep -E
[INFO] checking for ANSI C header files... yes
[INFO] checking for sys/types.h... yes
[INFO] checking for sys/stat.h... yes
[INFO] checking for stdlib.h... yes
[INFO] checking for string.h... yes
[INFO] checking for memory.h... yes
[INFO] checking for strings.h... yes
[INFO] checking for inttypes.h... yes
[INFO] checking for stdint.h... yes
[INFO] checking for unistd.h... yes
[INFO] checking minix/config.h usability... no
[INFO] checking minix/config.h presence... no
[INFO] checking for minix/config.h... no
[INFO] checking whether it is safe to define __EXTENSIONS__... yes
[INFO] checking for a BSD-compatible install... /usr/bin/install -c
[INFO] checking whether build environment is sane... yes
[INFO] checking for a thread-safe mkdir -p... /bin/mkdir -p
[INFO] checking for gawk... gawk
[INFO] checking whether make sets $(MAKE)... yes
[INFO] checking for style of include used by make... GNU
[INFO] checking dependency style of gcc... gcc3
[INFO] checking for gcc... (cached) gcc
[INFO] checking whether we are using the GNU C compiler... (cached) yes
[INFO] checking whether gcc accepts -g... (cached) yes
[INFO] checking for gcc option to accept ISO C89... (cached) none needed
[INFO] checking whether gcc and cc understand -c and -o together... yes
[INFO] checking for unistd.h... (cached) yes
[INFO] checking for stdbool.h that conforms to C99... yes
[INFO] checking for _Bool... yes
[INFO] checking for an ANSI C-conforming const... yes
[INFO] checking for off_t... yes
[INFO] checking for size_t... yes
[INFO] checking whether strerror_r is declared... yes
[INFO] checking for strerror_r... yes
[INFO] checking whether strerror_r returns char *... yes
[INFO] checking for mkdir... yes
[INFO] checking for uname... yes
[INFO] configure: creating ./config.status
[INFO] config.status: creating Makefile
[INFO] config.status: executing depfiles commands
[INFO] 
[INFO] --- make-maven-plugin:1.0-beta-1:make-install (compile) @ storm-core ---
[INFO] /bin/sh: 14: /home/travis/.jdk_switcher_rc: [[: not found
[INFO] /bin/sh: 22: /home/travis/.jdk_switcher_rc: [[: not found
[INFO] /bin/sh: 32: /home/travis/.jdk_switcher_rc: [[: not found
[INFO] /bin/sh: 42: /home/travis/.jdk_switcher_rc: [[: not found
[INFO] Segmentation fault
[INFO] /bin/sh: 3: /etc/profile.d/rvm.sh: [[: not found
[INFO] make[1]: Entering directory `/home/travis/build/apache/storm/storm-core/target/native/worker-launcher'
[INFO] test -z "/usr/local/bin" || /bin/mkdir -p "/home/travis/build/apache/storm/storm-core/target/native/target/usr/local/bin"
[INFO]   /usr/bin/install -c worker-launcher '/home/travis/build/apache/storm/storm-core/target/native/target/usr/local/bin'
[INFO] make[1]: Nothing to be done for `install-data-am'.
[INFO] make[1]: Leaving directory `/home/travis/build/apache/storm/storm-core/target/native/worker-launcher'
[INFO] 
[INFO] --- maven-resources-plugin:2.5:testResources (default-testResources) @ storm-core ---
[debug] execute contextualize
[INFO] Using 'UTF-8' encoding to copy filtered resources.
[INFO] Copying 14 resources
[INFO] Copying 2 resources
[INFO] Copying 3 resources
[INFO] 
[INFO] --- maven-dependency-plugin:2.8:unpack (unpack) @ storm-core ---
[INFO] Configured Artifact: org.apache.storm:multilang-ruby:1.1.0-SNAPSHOT:jar
[INFO] Downloading: https://repository.apache.org/snapshots/org/apache/storm/multilang-ruby/1.1.0-SNAPSHOT/maven-metadata.xml
[INFO] Downloaded: https://repository.apache.org/snapshots/org/apache/storm/multilang-ruby/1.1.0-SNAPSHOT/maven-metadata.xml (2 KB at 24.5 KB/sec)
[INFO] Configured Artifact: org.apache.storm:multilang-python:1.1.0-SNAPSHOT:jar
[INFO] Downloading: https://repository.apache.org/snapshots/org/apache/storm/multilang-python/1.1.0-SNAPSHOT/maven-metadata.xml
[INFO] Downloaded: https://repository.apache.org/snapshots/org/apache/storm/multilang-python/1.1.0-SNAPSHOT/maven-metadata.xml (2 KB at 27.2 KB/sec)
[INFO] Configured Artifact: org.apache.storm:multilang-javascript:1.1.0-SNAPSHOT:jar
[INFO] Downloading: https://repository.apache.org/snapshots/org/apache/storm/multilang-javascript/1.1.0-SNAPSHOT/maven-metadata.xml
[INFO] Downloaded: https://repository.apache.org/snapshots/org/apache/storm/multilang-javascript/1.1.0-SNAPSHOT/maven-metadata.xml (2 KB at 20.3 KB/sec)
[INFO] multilang-ruby-1.1.0-SNAPSHOT.jar already unpacked.
[INFO] multilang-python-1.1.0-SNAPSHOT.jar already unpacked.
[INFO] multilang-javascript-1.1.0-SNAPSHOT.jar already unpacked.
[INFO] 
[INFO] --- maven-compiler-plugin:3.1:testCompile (default-testCompile) @ storm-core ---
[INFO] Nothing to compile - all classes are up to date
[INFO] 
[INFO] --- maven-surefire-plugin:2.18.1:test (default-test) @ storm-core ---
[INFO] Surefire report directory: /home/travis/build/apache/storm/storm-core/target/surefire-reports
[INFO] parallel='none', perCoreThreadCount=true, threadCount=0, useUnlimitedThreads=false, threadCountSuites=0, threadCountClasses=0, threadCountMethods=0, parallelOptimized=true

-------------------------------------------------------
 T E S T S
-------------------------------------------------------
Running org.apache.storm.trident.TestTridentTopology
Tests run: 1, Failures: 0, Errors: 0, Skipped: 0, Time elapsed: 6.329 sec - in org.apache.storm.trident.TestTridentTopology
Running org.apache.storm.trident.TridentWindowingTest
Tests run: 3, Failures: 0, Errors: 0, Skipped: 0, Time elapsed: 0 sec - in org.apache.storm.trident.TridentWindowingTest
Running org.apache.storm.utils.DisruptorQueueTest
Tests run: 3, Failures: 0, Errors: 0, Skipped: 0, Time elapsed: 3.215 sec - in org.apache.storm.utils.DisruptorQueueTest
Running org.apache.storm.utils.ThriftTopologyUtilsTest
Tests run: 6, Failures: 0, Errors: 0, Skipped: 0, Time elapsed: 0.016 sec - in org.apache.storm.utils.ThriftTopologyUtilsTest
Running org.apache.storm.utils.DisruptorQueueBackpressureTest
Tests run: 1, Failures: 0, Errors: 0, Skipped: 0, Time elapsed: 0 sec - in org.apache.storm.utils.DisruptorQueueBackpressureTest
Running org.apache.storm.utils.WorkerBackpressureThreadTest
Tests run: 1, Failures: 0, Errors: 0, Skipped: 0, Time elapsed: 0.196 sec - in org.apache.storm.utils.WorkerBackpressureThreadTest
Running org.apache.storm.utils.StormBoundedExponentialBackoffRetryTest
Tests run: 5, Failures: 0, Errors: 0, Skipped: 0, Time elapsed: 0.149 sec - in org.apache.storm.utils.StormBoundedExponentialBackoffRetryTest
Running org.apache.storm.utils.ShellBoltMessageQueueTest
Tests run: 3, Failures: 0, Errors: 0, Skipped: 0, Time elapsed: 2.018 sec - in org.apache.storm.utils.ShellBoltMessageQueueTest
Running org.apache.storm.dependency.DependencyPropertiesParserTest
Tests run: 5, Failures: 0, Errors: 0, Skipped: 0, Time elapsed: 0.013 sec - in org.apache.storm.dependency.DependencyPropertiesParserTest
Running org.apache.storm.dependency.DependencyUploaderTest
Tests run: 8, Failures: 0, Errors: 0, Skipped: 0, Time elapsed: 3.83 sec - in org.apache.storm.dependency.DependencyUploaderTest
Running org.apache.storm.grouping.PartialKeyGroupingTest
Tests run: 2, Failures: 0, Errors: 0, Skipped: 0, Time elapsed: 0.135 sec - in org.apache.storm.grouping.PartialKeyGroupingTest
Running org.apache.storm.serialization.GzipBridgeThriftSerializationDelegateTest
Tests run: 3, Failures: 0, Errors: 0, Skipped: 0, Time elapsed: 0.291 sec - in org.apache.storm.serialization.GzipBridgeThriftSerializationDelegateTest
Running org.apache.storm.serialization.GzipBridgeSerializationDelegateTest
Tests run: 3, Failures: 0, Errors: 0, Skipped: 0, Time elapsed: 0.102 sec - in org.apache.storm.serialization.GzipBridgeSerializationDelegateTest
Running org.apache.storm.serialization.ThriftBridgeSerializationDelegateTest
Tests run: 1, Failures: 0, Errors: 0, Skipped: 0, Time elapsed: 0.032 sec - in org.apache.storm.serialization.ThriftBridgeSerializationDelegateTest
Running org.apache.storm.metric.internal.CountStatAndMetricTest
Tests run: 1, Failures: 0, Errors: 0, Skipped: 0, Time elapsed: 0.042 sec - in org.apache.storm.metric.internal.CountStatAndMetricTest
Running org.apache.storm.metric.internal.RateTrackerTest
Tests run: 4, Failures: 0, Errors: 0, Skipped: 0, Time elapsed: 0.006 sec - in org.apache.storm.metric.internal.RateTrackerTest
Running org.apache.storm.metric.internal.LatencyStatAndMetricTest
Tests run: 1, Failures: 0, Errors: 0, Skipped: 0, Time elapsed: 0.027 sec - in org.apache.storm.metric.internal.LatencyStatAndMetricTest
Running org.apache.storm.metric.util.DataPointExpanderTest
Tests run: 5, Failures: 0, Errors: 0, Skipped: 0, Time elapsed: 0.008 sec - in org.apache.storm.metric.util.DataPointExpanderTest
Running org.apache.storm.metric.filter.FilterByMetricNameTest
Tests run: 4, Failures: 0, Errors: 0, Skipped: 0, Time elapsed: 1.317 sec - in org.apache.storm.metric.filter.FilterByMetricNameTest
Running org.apache.storm.localizer.LocalizerTest
Tests run: 13, Failures: 0, Errors: 0, Skipped: 0, Time elapsed: 2.878 sec - in org.apache.storm.localizer.LocalizerTest
Running org.apache.storm.localizer.LocalizedResourceRetentionSetTest
Tests run: 2, Failures: 0, Errors: 0, Skipped: 0, Time elapsed: 0.021 sec - in org.apache.storm.localizer.LocalizedResourceRetentionSetTest
Running org.apache.storm.localizer.LocalizedResourceSetTest
Tests run: 4, Failures: 0, Errors: 0, Skipped: 0, Time elapsed: 0.003 sec - in org.apache.storm.localizer.LocalizedResourceSetTest
Running org.apache.storm.scheduler.resource.TestResourceAwareScheduler
Tests run: 14, Failures: 0, Errors: 0, Skipped: 0, Time elapsed: 6.75 sec - in org.apache.storm.scheduler.resource.TestResourceAwareScheduler
Running org.apache.storm.scheduler.resource.strategies.scheduling.TestDefaultResourceAwareStrategy
Tests run: 2, Failures: 0, Errors: 0, Skipped: 0, Time elapsed: 0.61 sec - in org.apache.storm.scheduler.resource.strategies.scheduling.TestDefaultResourceAwareStrategy
Running org.apache.storm.scheduler.resource.TestUser
Tests run: 3, Failures: 0, Errors: 0, Skipped: 0, Time elapsed: 14.976 sec - in org.apache.storm.scheduler.resource.TestUser
Running org.apache.storm.TestConfigValidate
Tests run: 24, Failures: 0, Errors: 0, Skipped: 0, Time elapsed: 0.355 sec - in org.apache.storm.TestConfigValidate
Running org.apache.storm.spout.CheckpointSpoutTest
Tests run: 7, Failures: 0, Errors: 0, Skipped: 0, Time elapsed: 0.314 sec - in org.apache.storm.spout.CheckpointSpoutTest
Running org.apache.storm.blobstore.ClientBlobStoreTest
Tests run: 4, Failures: 0, Errors: 0, Skipped: 0, Time elapsed: 0.034 sec - in org.apache.storm.blobstore.ClientBlobStoreTest
Running org.apache.storm.blobstore.BlobStoreTest
Tests run: 4, Failures: 0, Errors: 0, Skipped: 0, Time elapsed: 2.816 sec - in org.apache.storm.blobstore.BlobStoreTest
Running org.apache.storm.blobstore.BlobSynchronizerTest
Tests run: 4, Failures: 0, Errors: 0, Skipped: 0, Time elapsed: 3.059 sec - in org.apache.storm.blobstore.BlobSynchronizerTest
Running org.apache.storm.topology.TopologyBuilderTest
Tests run: 5, Failures: 0, Errors: 0, Skipped: 0, Time elapsed: 0.308 sec - in org.apache.storm.topology.TopologyBuilderTest
Running org.apache.storm.topology.StatefulBoltExecutorTest
Tests run: 7, Failures: 0, Errors: 0, Skipped: 0, Time elapsed: 1.376 sec - in org.apache.storm.topology.StatefulBoltExecutorTest
Running org.apache.storm.topology.StatefulWindowedBoltExecutorTest
Tests run: 4, Failures: 0, Errors: 0, Skipped: 0, Time elapsed: 0.139 sec - in org.apache.storm.topology.StatefulWindowedBoltExecutorTest
Running org.apache.storm.topology.WindowedBoltExecutorTest
Tests run: 5, Failures: 0, Errors: 0, Skipped: 0, Time elapsed: 0.403 sec - in org.apache.storm.topology.WindowedBoltExecutorTest
Running org.apache.storm.state.InMemoryKeyValueStateTest
Tests run: 2, Failures: 0, Errors: 0, Skipped: 0, Time elapsed: 0 sec - in org.apache.storm.state.InMemoryKeyValueStateTest
Running org.apache.storm.windowing.WaterMarkEventGeneratorTest
Tests run: 5, Failures: 0, Errors: 0, Skipped: 0, Time elapsed: 0.007 sec - in org.apache.storm.windowing.WaterMarkEventGeneratorTest
Running org.apache.storm.windowing.WindowManagerTest
Tests run: 12, Failures: 0, Errors: 0, Skipped: 0, Time elapsed: 0.009 sec - in org.apache.storm.windowing.WindowManagerTest

Results :

Tests run: 181, Failures: 0, Errors: 0, Skipped: 0

[INFO] 
[INFO] --- clojure-maven-plugin:1.7.1:test (test-clojure) @ storm-core ---
Warning: protocol #'org.apache.storm.pacemaker-state-factory-test/send-capture is overwriting function send
WARNING: send already refers to: #'clojure.core/send in namespace: org.apache.storm.pacemaker-state-factory-test, being replaced by: #'org.apache.storm.pacemaker-state-factory-test/send
Running org.apache.storm.logviewer-test
Tests run: 12, Passed: 118, Failures: 0, Errors: 0
Running org.apache.storm.pacemaker-state-factory-test
Tests run: 4, Passed: 15, Failures: 0, Errors: 0
Running integration.org.apache.storm.integration-test
Tests run: 18, Passed: 51, Failures: 0, Errors: 0
Running org.apache.storm.scheduler.resource-aware-scheduler-test
Tests run: 8, Passed: 91, Failures: 0, Errors: 0
Running org.apache.storm.security.auth.drpc-auth-test
Tests run: 4, Passed: 22, Failures: 0, Errors: 0
Running org.apache.storm.tuple-test
Tests run: 4, Passed: 13, Failures: 0, Errors: 0
Running org.apache.storm.messaging-test
Tests run: 1, Passed: 2, Failures: 0, Errors: 0
Running org.apache.storm.security.auth.AuthUtils-test
Tests run: 5, Passed: 6, Failures: 0, Errors: 0
Running org.apache.storm.security.serialization.BlowfishTupleSerializer-test
Tests run: 3, Passed: 3, Failures: 0, Errors: 0
Running org.apache.storm.security.auth.ReqContext-test
Tests run: 3, Passed: 4, Failures: 0, Errors: 0
Running org.apache.storm.stats-test
Tests run: 5, Passed: 24, Failures: 0, Errors: 0
Running org.apache.storm.subtopology-test
Tests run: 0, Passed: 0, Failures: 0, Errors: 0
Running org.apache.storm.serialization.SerializationFactory-test
Tests run: 3, Passed: 3, Failures: 0, Errors: 0
Running org.apache.storm.metrics-test
70323 [Thread-430] INFO  o.a.s.util - Async loop interrupted!
Tests run: 8, Passed: 66, Failures: 0, Errors: 0
Running org.apache.storm.utils.ZookeeperServerCnxnFactory-test
Tests run: 2, Passed: 3, Failures: 0, Errors: 0
Running org.apache.storm.security.auth.auth-test
Tests run: 13, Passed: 94, Failures: 0, Errors: 0
Running org.apache.storm.messaging.netty-integration-test
Tests run: 1, Passed: 1, Failures: 0, Errors: 0
Running org.apache.storm.security.auth.DefaultHttpCredentialsPlugin-test
Tests run: 2, Passed: 8, Failures: 0, Errors: 0
Running org.apache.storm.utils-test
Tests run: 6, Passed: 24, Failures: 0, Errors: 0
Running org.apache.storm.trident.state-test
Tests run: 5, Passed: 37, Failures: 0, Errors: 0
Running org.apache.storm.submitter-test
Tests run: 1, Passed: 13, Failures: 0, Errors: 0
Running org.apache.storm.transactional-test
Tests run: 7, Passed: 110, Failures: 0, Errors: 0
Running org.apache.storm.fields-test
Tests run: 2, Passed: 22, Failures: 0, Errors: 0
Running org.apache.storm.supervisor-test
Tests run: 20, Passed: 70, Failures: 0, Errors: 0
Running org.apache.storm.cluster-test
97238 [Thread-1003-spout-executor[6 6]-SendThread(localhost:2003)] WARN  o.a.z.ClientCnxn - Session 0x156b49ede720016 for server null, unexpected error, closing socket connection and attempting reconnect
java.net.ConnectException: Connection refused
	at sun.nio.ch.SocketChannelImpl.checkConnect(Native Method) ~[?:1.7.0_76]
	at sun.nio.ch.SocketChannelImpl.finishConnect(SocketChannelImpl.java:739) ~[?:1.7.0_76]
	at org.apache.zookeeper.ClientCnxnSocketNIO.doTransport(ClientCnxnSocketNIO.java:361) ~[zookeeper-3.4.6.jar:3.4.6-1569965]
	at org.apache.zookeeper.ClientCnxn$SendThread.run(ClientCnxn.java:1081) [zookeeper-3.4.6.jar:3.4.6-1569965]
Tests run: 10, Passed: 98, Failures: 0, Errors: 0
Running integration.org.apache.storm.trident.integration-test
Tests run: 9, Passed: 141, Failures: 0, Errors: 0
Running org.apache.storm.versioned-store-test
Tests run: 2, Passed: 5, Failures: 0, Errors: 0
Running org.apache.storm.security.auth.authorizer.DRPCSimpleACLAuthorizer-test
Tests run: 7, Passed: 37, Failures: 0, Errors: 0
Running org.apache.storm.nimbus-test
Tests run: 44, Passed: 805, Failures: 0, Errors: 1
Running org.apache.storm.pacemaker-test
Tests run: 8, Passed: 58, Failures: 0, Errors: 0
Running org.apache.storm.security.auth.auto-login-module-test
Tests run: 6, Passed: 22, Failures: 0, Errors: 0
Running org.apache.storm.grouping-test
[INFO] ------------------------------------------------------------------------
[INFO] BUILD FAILURE
[INFO] ------------------------------------------------------------------------
[INFO] Total time: 03:54 min
[INFO] Finished at: 2016-08-22T23:39:51+00:00
[INFO] Final Memory: 37M/425M
[INFO] ------------------------------------------------------------------------
[ERROR] Failed to execute goal com.theoryinpractise:clojure-maven-plugin:1.7.1:test (test-clojure) on project storm-core: Clojure failed. -> [Help 1]
[ERROR] 
[ERROR] To see the full stack trace of the errors, re-run Maven with the -e switch.
[ERROR] Re-run Maven using the -X switch to enable full debug logging.
[ERROR] 
[ERROR] For more information about the errors and possible solutions, please read the following articles:
[ERROR] [Help 1] http://cwiki.apache.org/confluence/display/MAVEN/MojoExecutionException
Looking for errors in ./storm-core/target/surefire-reports
Checking ./storm-core/target/surefire-reports/TEST-org.apache.storm.trident.TestTridentTopology.xml
Checking ./storm-core/target/surefire-reports/TEST-org.apache.storm.trident.TridentWindowingTest.xml
Checking ./storm-core/target/surefire-reports/TEST-org.apache.storm.utils.DisruptorQueueTest.xml
Checking ./storm-core/target/surefire-reports/TEST-org.apache.storm.utils.ThriftTopologyUtilsTest.xml
Checking ./storm-core/target/surefire-reports/TEST-org.apache.storm.utils.DisruptorQueueBackpressureTest.xml
Checking ./storm-core/target/surefire-reports/TEST-org.apache.storm.utils.WorkerBackpressureThreadTest.xml
Checking ./storm-core/target/surefire-reports/TEST-org.apache.storm.utils.StormBoundedExponentialBackoffRetryTest.xml
Checking ./storm-core/target/surefire-reports/TEST-org.apache.storm.utils.ShellBoltMessageQueueTest.xml
Checking ./storm-core/target/surefire-reports/TEST-org.apache.storm.dependency.DependencyPropertiesParserTest.xml
Checking ./storm-core/target/surefire-reports/TEST-org.apache.storm.dependency.DependencyUploaderTest.xml
Checking ./storm-core/target/surefire-reports/TEST-org.apache.storm.grouping.PartialKeyGroupingTest.xml
Checking ./storm-core/target/surefire-reports/TEST-org.apache.storm.serialization.GzipBridgeThriftSerializationDelegateTest.xml
Checking ./storm-core/target/surefire-reports/TEST-org.apache.storm.serialization.GzipBridgeSerializationDelegateTest.xml
Checking ./storm-core/target/surefire-reports/TEST-org.apache.storm.serialization.ThriftBridgeSerializationDelegateTest.xml
Checking ./storm-core/target/surefire-reports/TEST-org.apache.storm.metric.internal.CountStatAndMetricTest.xml
Checking ./storm-core/target/surefire-reports/TEST-org.apache.storm.metric.internal.RateTrackerTest.xml
Checking ./storm-core/target/surefire-reports/TEST-org.apache.storm.metric.internal.LatencyStatAndMetricTest.xml
Checking ./storm-core/target/surefire-reports/TEST-org.apache.storm.metric.util.DataPointExpanderTest.xml
Checking ./storm-core/target/surefire-reports/TEST-org.apache.storm.metric.filter.FilterByMetricNameTest.xml
Checking ./storm-core/target/surefire-reports/TEST-org.apache.storm.localizer.LocalizerTest.xml
Checking ./storm-core/target/surefire-reports/TEST-org.apache.storm.localizer.LocalizedResourceRetentionSetTest.xml
Checking ./storm-core/target/surefire-reports/TEST-org.apache.storm.localizer.LocalizedResourceSetTest.xml
Checking ./storm-core/target/surefire-reports/TEST-org.apache.storm.scheduler.resource.TestResourceAwareScheduler.xml
Checking ./storm-core/target/surefire-reports/TEST-org.apache.storm.scheduler.resource.strategies.scheduling.TestDefaultResourceAwareStrategy.xml
Checking ./storm-core/target/surefire-reports/TEST-org.apache.storm.scheduler.resource.TestUser.xml
Checking ./storm-core/target/surefire-reports/TEST-org.apache.storm.TestConfigValidate.xml
Checking ./storm-core/target/surefire-reports/TEST-org.apache.storm.spout.CheckpointSpoutTest.xml
Checking ./storm-core/target/surefire-reports/TEST-org.apache.storm.blobstore.ClientBlobStoreTest.xml
Checking ./storm-core/target/surefire-reports/TEST-org.apache.storm.blobstore.BlobStoreTest.xml
Checking ./storm-core/target/surefire-reports/TEST-org.apache.storm.blobstore.BlobSynchronizerTest.xml
Checking ./storm-core/target/surefire-reports/TEST-org.apache.storm.topology.TopologyBuilderTest.xml
Checking ./storm-core/target/surefire-reports/TEST-org.apache.storm.topology.StatefulBoltExecutorTest.xml
Checking ./storm-core/target/surefire-reports/TEST-org.apache.storm.topology.StatefulWindowedBoltExecutorTest.xml
Checking ./storm-core/target/surefire-reports/TEST-org.apache.storm.topology.WindowedBoltExecutorTest.xml
Checking ./storm-core/target/surefire-reports/TEST-org.apache.storm.state.InMemoryKeyValueStateTest.xml
Checking ./storm-core/target/surefire-reports/TEST-org.apache.storm.windowing.WaterMarkEventGeneratorTest.xml
Checking ./storm-core/target/surefire-reports/TEST-org.apache.storm.windowing.WindowManagerTest.xml
Looking for errors in ./storm-core/target/test-reports
Checking ./storm-core/target/test-reports/org.apache.storm.logviewer-test.xml
Checking ./storm-core/target/test-reports/org.apache.storm.pacemaker-state-factory-test.xml
Checking ./storm-core/target/test-reports/integration.org.apache.storm.integration-test.xml
Checking ./storm-core/target/test-reports/org.apache.storm.scheduler.resource-aware-scheduler-test.xml
Checking ./storm-core/target/test-reports/org.apache.storm.security.auth.drpc-auth-test.xml
Checking ./storm-core/target/test-reports/org.apache.storm.tuple-test.xml
Checking ./storm-core/target/test-reports/org.apache.storm.messaging-test.xml
Checking ./storm-core/target/test-reports/org.apache.storm.security.auth.AuthUtils-test.xml
Checking ./storm-core/target/test-reports/org.apache.storm.security.serialization.BlowfishTupleSerializer-test.xml
Checking ./storm-core/target/test-reports/org.apache.storm.security.auth.ReqContext-test.xml
Checking ./storm-core/target/test-reports/org.apache.storm.stats-test.xml
Checking ./storm-core/target/test-reports/org.apache.storm.subtopology-test.xml
Checking ./storm-core/target/test-reports/org.apache.storm.serialization.SerializationFactory-test.xml
Checking ./storm-core/target/test-reports/org.apache.storm.metrics-test.xml
Checking ./storm-core/target/test-reports/org.apache.storm.utils.ZookeeperServerCnxnFactory-test.xml
Checking ./storm-core/target/test-reports/org.apache.storm.security.auth.auth-test.xml
Checking ./storm-core/target/test-reports/org.apache.storm.messaging.netty-integration-test.xml
Checking ./storm-core/target/test-reports/org.apache.storm.security.auth.DefaultHttpCredentialsPlugin-test.xml
Checking ./storm-core/target/test-reports/org.apache.storm.utils-test.xml
Checking ./storm-core/target/test-reports/org.apache.storm.trident.state-test.xml
Checking ./storm-core/target/test-reports/org.apache.storm.submitter-test.xml
Checking ./storm-core/target/test-reports/org.apache.storm.transactional-test.xml
Checking ./storm-core/target/test-reports/org.apache.storm.fields-test.xml
Checking ./storm-core/target/test-reports/org.apache.storm.supervisor-test.xml
Checking ./storm-core/target/test-reports/org.apache.storm.cluster-test.xml
Checking ./storm-core/target/test-reports/integration.org.apache.storm.trident.integration-test.xml
Checking ./storm-core/target/test-reports/org.apache.storm.versioned-store-test.xml
Checking ./storm-core/target/test-reports/org.apache.storm.security.auth.authorizer.DRPCSimpleACLAuthorizer-test.xml
Checking ./storm-core/target/test-reports/org.apache.storm.nimbus-test.xml
--------------------------------------------------
classname: org.apache.storm.nimbus-test / testname: test-leadership
Uncaught exception, not in assertion.
expected: nil
  actual: java.lang.RuntimeException: No transition for event: :inactivate, status: {:type :rebalancing} storm-id: t1-1-1471909185
 at sun.reflect.NativeConstructorAccessorImpl.newInstance0 (NativeConstructorAccessorImpl.java:-2)
    sun.reflect.NativeConstructorAccessorImpl.newInstance (NativeConstructorAccessorImpl.java:57)
    sun.reflect.DelegatingConstructorAccessorImpl.newInstance (DelegatingConstructorAccessorImpl.java:45)
    java.lang.reflect.Constructor.newInstance (Constructor.java:526)
    clojure.lang.Reflector.invokeConstructor (Reflector.java:180)
    org.apache.storm.util$throw_runtime.doInvoke (util.clj:867)
    clojure.lang.RestFn.invoke (RestFn.java:408)
    org.apache.storm.daemon.nimbus$transition_BANG_$get_event__7795.invoke (nimbus.clj:360)
    org.apache.storm.daemon.nimbus$transition_BANG_.invoke (nimbus.clj:367)
    clojure.lang.AFn.applyToHelper (AFn.java:165)
    clojure.lang.AFn.applyTo (AFn.java:144)
    clojure.core$apply.invoke (core.clj:636)
    org.apache.storm.daemon.nimbus$transition_name_BANG_.doInvoke (nimbus.clj:385)
    clojure.lang.RestFn.invoke (RestFn.java:467)
    org.apache.storm.daemon.nimbus$mk_reified_nimbus$reify__8759.deactivate (nimbus.clj:1764)
    sun.reflect.NativeMethodAccessorImpl.invoke0 (NativeMethodAccessorImpl.java:-2)
    sun.reflect.NativeMethodAccessorImpl.invoke (NativeMethodAccessorImpl.java:57)
    sun.reflect.DelegatingMethodAccessorImpl.invoke (DelegatingMethodAccessorImpl.java:43)
    java.lang.reflect.Method.invoke (Method.java:606)
    clojure.lang.Reflector.invokeMatchingMethod (Reflector.java:93)
    clojure.lang.Reflector.invokeInstanceMethod (Reflector.java:28)
    org.apache.storm.nimbus_test$fn__6929$fn__6931$fn__6932$fn__6933.invoke (nimbus_test.clj:1086)
    clojure.core$with_redefs_fn.invoke (core.clj:7209)
    org.apache.storm.nimbus_test$fn__6929$fn__6931$fn__6932.invoke (nimbus_test.clj:1076)
    org.apache.storm.nimbus_test$fn__6929$fn__6931.invoke (nimbus_test.clj:1076)
    clojure.core$with_redefs_fn.invoke (core.clj:7209)
    org.apache.storm.nimbus_test/fn (nimbus_test.clj:1063)
    clojure.test$test_var$fn__7670.invoke (test.clj:704)
    clojure.test$test_var.invoke (test.clj:704)
    clojure.test$test_vars$fn__7692$fn__7697.invoke (test.clj:722)
    clojure.test$default_fixture.invoke (test.clj:674)
    clojure.test$test_vars$fn__7692.invoke (test.clj:722)
    clojure.test$default_fixture.invoke (test.clj:674)
    clojure.test$test_vars.invoke (test.clj:718)
    clojure.test$test_all_vars.invoke (test.clj:728)
    clojure.test$test_ns.invoke (test.clj:747)
    clojure.core$map$fn__4553.invoke (core.clj:2624)
    clojure.lang.LazySeq.sval (LazySeq.java:40)
    clojure.lang.LazySeq.seq (LazySeq.java:49)
    clojure.lang.Cons.next (Cons.java:39)
    clojure.lang.RT.boundedLength (RT.java:1735)
    clojure.lang.RestFn.applyTo (RestFn.java:130)
    clojure.core$apply.invoke (core.clj:632)
    clojure.test$run_tests.doInvoke (test.clj:762)
    clojure.lang.RestFn.invoke (RestFn.java:408)
    org.apache.storm.testrunner$eval11269$iter__11270__11274$fn__11275$fn__11276$fn__11277.invoke (test_runner.clj:107)
    org.apache.storm.testrunner$eval11269$iter__11270__11274$fn__11275$fn__11276.invoke (test_runner.clj:53)
    org.apache.storm.testrunner$eval11269$iter__11270__11274$fn__11275.invoke (test_runner.clj:52)
    clojure.lang.LazySeq.sval (LazySeq.java:40)
    clojure.lang.LazySeq.seq (LazySeq.java:49)
    clojure.lang.RT.seq (RT.java:507)
    clojure.core/seq (core.clj:137)
    clojure.core$dorun.invoke (core.clj:3009)
    org.apache.storm.testrunner$eval11269.invoke (test_runner.clj:52)
    clojure.lang.Compiler.eval (Compiler.java:6782)
    clojure.lang.Compiler.load (Compiler.java:7227)
    clojure.lang.Compiler.loadFile (Compiler.java:7165)
    clojure.main$load_script.invoke (main.clj:275)
    clojure.main$script_opt.invoke (main.clj:337)
    clojure.main$main.doInvoke (main.clj:421)
    clojure.lang.RestFn.invoke (RestFn.java:421)
    clojure.lang.Var.invoke (Var.java:383)
    clojure.lang.AFn.applyToHelper (AFn.java:156)
    clojure.lang.Var.applyTo (Var.java:700)
    clojure.main.main (main.java:37)

      at: test_runner.clj:105
-------------------- system-out --------------------

151898 [main] INFO  o.a.s.zookeeper - Starting inprocess zookeeper at port 2003 and dir /tmp/cccc0cf2-90a4-41c2-800d-b959d94aab2b
151912 [main] WARN  o.a.z.j.MBeanRegistry - Failed to register MBean StandaloneServer_port-1
151912 [main] WARN  o.a.z.s.ZooKeeperServer - Failed to register with JMX
javax.management.InstanceAlreadyExistsException: org.apache.ZooKeeperService:name0=StandaloneServer_port-1
	at com.sun.jmx.mbeanserver.Repository.addMBean(Repository.java:437) ~[?:1.7.0_76]
	at com.sun.jmx.interceptor.DefaultMBeanServerInterceptor.registerWithRepository(DefaultMBeanServerInterceptor.java:1898) ~[?:1.7.0_76]
	at com.sun.jmx.interceptor.DefaultMBeanServerInterceptor.registerDynamicMBean(DefaultMBeanServerInterceptor.java:966) ~[?:1.7.0_76]
	at com.sun.jmx.interceptor.DefaultMBeanServerInterceptor.registerObject(DefaultMBeanServerInterceptor.java:900) ~[?:1.7.0_76]
	at com.sun.jmx.interceptor.DefaultMBeanServerInterceptor.registerMBean(DefaultMBeanServerInterceptor.java:324) ~[?:1.7.0_76]
	at com.sun.jmx.mbeanserver.JmxMBeanServer.registerMBean(JmxMBeanServer.java:522) ~[?:1.7.0_76]
	at org.apache.zookeeper.jmx.MBeanRegistry.register(MBeanRegistry.java:96) ~[zookeeper-3.4.6.jar:3.4.6-1569965]
	at org.apache.zookeeper.server.ZooKeeperServer.registerJMX(ZooKeeperServer.java:377) [zookeeper-3.4.6.jar:3.4.6-1569965]
	at org.apache.zookeeper.server.ZooKeeperServer.startup(ZooKeeperServer.java:410) [zookeeper-3.4.6.jar:3.4.6-1569965]
	at org.apache.zookeeper.server.NIOServerCnxnFactory.startup(NIOServerCnxnFactory.java:123) [zookeeper-3.4.6.jar:3.4.6-1569965]
	at sun.reflect.GeneratedMethodAccessor234.invoke(Unknown Source) ~[?:?]
	at sun.reflect.DelegatingMethodAccessorImpl.invoke(DelegatingMethodAccessorImpl.java:43) ~[?:1.7.0_76]
	at java.lang.reflect.Method.invoke(Method.java:606) ~[?:1.7.0_76]
	at clojure.lang.Reflector.invokeMatchingMethod(Reflector.java:93) [clojure-1.7.0.jar:?]
	at clojure.lang.Reflector.invokeInstanceMethod(Reflector.java:28) [clojure-1.7.0.jar:?]
	at org.apache.storm.zookeeper$mk_inprocess_zookeeper.doInvoke(zookeeper.clj:231) [classes/:?]
	at clojure.lang.RestFn.invoke(RestFn.java:410) [clojure-1.7.0.jar:?]
	at org.apache.storm.nimbus_test$fn__6929.invoke(nimbus_test.clj:1061) [?:?]
	at clojure.test$test_var$fn__7670.invoke(test.clj:704) [clojure-1.7.0.jar:?]
	at clojure.test$test_var.invoke(test.clj:704) [clojure-1.7.0.jar:?]
	at clojure.test$test_vars$fn__7692$fn__7697.invoke(test.clj:722) [clojure-1.7.0.jar:?]
	at clojure.test$default_fixture.invoke(test.clj:674) [clojure-1.7.0.jar:?]
	at clojure.test$test_vars$fn__7692.invoke(test.clj:722) [clojure-1.7.0.jar:?]
	at clojure.test$default_fixture.invoke(test.clj:674) [clojure-1.7.0.jar:?]
	at clojure.test$test_vars.invoke(test.clj:718) [clojure-1.7.0.jar:?]
	at clojure.test$test_all_vars.invoke(test.clj:728) [clojure-1.7.0.jar:?]
	at clojure.test$test_ns.invoke(test.clj:747) [clojure-1.7.0.jar:?]
	at clojure.core$map$fn__4553.invoke(core.clj:2624) [clojure-1.7.0.jar:?]
	at clojure.lang.LazySeq.sval(LazySeq.java:40) [clojure-1.7.0.jar:?]
	at clojure.lang.LazySeq.seq(LazySeq.java:49) [clojure-1.7.0.jar:?]
	at clojure.lang.Cons.next(Cons.java:39) [clojure-1.7.0.jar:?]
	at clojure.lang.RT.boundedLength(RT.java:1735) [clojure-1.7.0.jar:?]
	at clojure.lang.RestFn.applyTo(RestFn.java:130) [clojure-1.7.0.jar:?]
	at clojure.core$apply.invoke(core.clj:632) [clojure-1.7.0.jar:?]
	at clojure.test$run_tests.doInvoke(test.clj:762) [clojure-1.7.0.jar:?]
	at clojure.lang.RestFn.invoke(RestFn.java:408) [clojure-1.7.0.jar:?]
	at org.apache.storm.testrunner$eval11269$iter__11270__11274$fn__11275$fn__11276$fn__11277.invoke(test_runner.clj:107) [?:?]
	at org.apache.storm.testrunner$eval11269$iter__11270__11274$fn__11275$fn__11276.invoke(test_runner.clj:53) [?:?]
	at org.apache.storm.testrunner$eval11269$iter__11270__11274$fn__11275.invoke(test_runner.clj:52) [?:?]
	at clojure.lang.LazySeq.sval(LazySeq.java:40) [clojure-1.7.0.jar:?]
	at clojure.lang.LazySeq.seq(LazySeq.java:49) [clojure-1.7.0.jar:?]
	at clojure.lang.RT.seq(RT.java:507) [clojure-1.7.0.jar:?]
	at clojure.core$seq__4128.invoke(core.clj:137) [clojure-1.7.0.jar:?]
	at clojure.core$dorun.invoke(core.clj:3009) [clojure-1.7.0.jar:?]
	at org.apache.storm.testrunner$eval11269.invoke(test_runner.clj:52) [?:?]
	at clojure.lang.Compiler.eval(Compiler.java:6782) [clojure-1.7.0.jar:?]
	at clojure.lang.Compiler.load(Compiler.java:7227) [clojure-1.7.0.jar:?]
	at clojure.lang.Compiler.loadFile(Compiler.java:7165) [clojure-1.7.0.jar:?]
	at clojure.main$load_script.invoke(main.clj:275) [clojure-1.7.0.jar:?]
	at clojure.main$script_opt.invoke(main.clj:337) [clojure-1.7.0.jar:?]
	at clojure.main$main.doInvoke(main.clj:421) [clojure-1.7.0.jar:?]
	at clojure.lang.RestFn.invoke(RestFn.java:421) [clojure-1.7.0.jar:?]
	at clojure.lang.Var.invoke(Var.java:383) [clojure-1.7.0.jar:?]
	at clojure.lang.AFn.applyToHelper(AFn.java:156) [clojure-1.7.0.jar:?]
	at clojure.lang.Var.applyTo(Var.java:700) [clojure-1.7.0.jar:?]
	at clojure.main.main(main.java:37) [clojure-1.7.0.jar:?]
151923 [main] INFO  o.a.c.f.i.CuratorFrameworkImpl - Starting
151926 [main-EventThread] INFO  o.a.c.f.s.ConnectionStateManager - State change: CONNECTED
151926 [main-EventThread] INFO  o.a.s.zookeeper - Zookeeper state update: :connected:none
151927 [Curator-Framework-0] INFO  o.a.c.f.i.CuratorFrameworkImpl - backgroundOperationsLoop exiting
151928 [main] INFO  o.a.c.f.i.CuratorFrameworkImpl - Starting
151929 [main-EventThread] INFO  o.a.c.f.s.ConnectionStateManager - State change: CONNECTED
151937 [main] INFO  o.a.s.d.nimbus - Starting Nimbus with conf {"topology.builtin.metrics.bucket.size.secs" 60, "nimbus.childopts" "-Xmx1024m", "ui.filter.params" nil, "storm.cluster.mode" "local", "storm.messaging.netty.client_worker_threads" 1, "logviewer.max.per.worker.logs.size.mb" 2048, "supervisor.run.worker.as.user" false, "topology.max.task.parallelism" nil, "topology.priority" 29, "zmq.threads" 1, "storm.group.mapping.service" "org.apache.storm.security.auth.ShellBasedGroupsMapping", "transactional.zookeeper.root" "/transactional", "topology.sleep.spout.wait.strategy.time.ms" 1, "scheduler.display.resource" false, "topology.max.replication.wait.time.sec" 60, "drpc.invocations.port" 3773, "supervisor.localizer.cache.target.size.mb" 10240, "topology.multilang.serializer" "org.apache.storm.multilang.JsonSerializer", "storm.messaging.netty.server_worker_threads" 1, "nimbus.blobstore.class" "org.apache.storm.blobstore.LocalFsBlobStore", "resource.aware.scheduler.eviction.strategy" "org.apache.storm.scheduler.resource.strategies.eviction.DefaultEvictionStrategy", "topology.max.error.report.per.interval" 5, "storm.thrift.transport" "org.apache.storm.security.auth.SimpleTransportPlugin", "zmq.hwm" 0, "storm.group.mapping.service.params" nil, "worker.profiler.enabled" false, "storm.principal.tolocal" "org.apache.storm.security.auth.DefaultPrincipalToLocal", "supervisor.worker.shutdown.sleep.secs" 1, "pacemaker.host" "localhost", "storm.zookeeper.retry.times" 5, "ui.actions.enabled" true, "zmq.linger.millis" 5000, "supervisor.enable" true, "topology.stats.sample.rate" 0.05, "storm.messaging.netty.min_wait_ms" 100, "worker.log.level.reset.poll.secs" 30, "storm.zookeeper.port" 2003, "supervisor.heartbeat.frequency.secs" 5, "topology.enable.message.timeouts" true, "supervisor.cpu.capacity" 400.0, "drpc.worker.threads" 64, "supervisor.blobstore.download.thread.count" 5, "drpc.queue.size" 128, "topology.backpressure.enable" false, "supervisor.blobstore.class" "org.apache.storm.blobstore.NimbusBlobStore", "storm.blobstore.inputstream.buffer.size.bytes" 65536, "topology.shellbolt.max.pending" 100, "drpc.https.keystore.password" "", "nimbus.code.sync.freq.secs" 120, "logviewer.port" 8000, "topology.scheduler.strategy" "org.apache.storm.scheduler.resource.strategies.scheduling.DefaultResourceAwareStrategy", "topology.executor.send.buffer.size" 1024, "resource.aware.scheduler.priority.strategy" "org.apache.storm.scheduler.resource.strategies.priority.DefaultSchedulingPriorityStrategy", "pacemaker.auth.method" "NONE", "storm.daemon.metrics.reporter.plugins" ["org.apache.storm.daemon.metrics.reporters.JmxPreparableReporter"], "topology.worker.logwriter.childopts" "-Xmx64m", "topology.spout.wait.strategy" "org.apache.storm.spout.SleepSpoutWaitStrategy", "ui.host" "0.0.0.0", "storm.nimbus.retry.interval.millis" 2000, "nimbus.inbox.jar.expiration.secs" 3600, "dev.zookeeper.path" "/tmp/dev-storm-zookeeper", "topology.acker.executors" nil, "topology.fall.back.on.java.serialization" true, "topology.eventlogger.executors" 0, "supervisor.localizer.cleanup.interval.ms" 600000, "storm.zookeeper.servers" ["localhost"], "nimbus.thrift.threads" 64, "logviewer.cleanup.age.mins" 10080, "topology.worker.childopts" nil, "topology.classpath" nil, "supervisor.monitor.frequency.secs" 3, "nimbus.credential.renewers.freq.secs" 600, "topology.skip.missing.kryo.registrations" false, "drpc.authorizer.acl.filename" "drpc-auth-acl.yaml", "pacemaker.kerberos.users" [], "storm.group.mapping.service.cache.duration.secs" 120, "topology.testing.always.try.serialize" false, "nimbus.monitor.freq.secs" 10, "storm.health.check.timeout.ms" 5000, "supervisor.supervisors" [], "topology.tasks" nil, "topology.bolts.outgoing.overflow.buffer.enable" false, "storm.messaging.netty.socket.backlog" 500, "topology.workers" 1, "pacemaker.base.threads" 10, "storm.local.dir" "/tmp/0532279c-5ac7-4bf7-b69d-57305132e14d", "topology.disable.loadaware" false, "worker.childopts" "-Xmx%HEAP-MEM%m -XX:+PrintGCDetails -Xloggc:artifacts/gc.log -XX:+PrintGCDateStamps -XX:+PrintGCTimeStamps -XX:+UseGCLogFileRotation -XX:NumberOfGCLogFiles=10 -XX:GCLogFileSize=1M -XX:+HeapDumpOnOutOfMemoryError -XX:HeapDumpPath=artifacts/heapdump", "storm.auth.simple-white-list.users" [], "topology.disruptor.batch.timeout.millis" 1, "topology.message.timeout.secs" 30, "topology.state.synchronization.timeout.secs" 60, "topology.tuple.serializer" "org.apache.storm.serialization.types.ListDelegateSerializer", "supervisor.supervisors.commands" [], "nimbus.blobstore.expiration.secs" 600, "logviewer.childopts" "-Xmx128m", "topology.environment" nil, "topology.debug" false, "topology.disruptor.batch.size" 100, "storm.messaging.netty.max_retries" 300, "ui.childopts" "-Xmx768m", "storm.network.topography.plugin" "org.apache.storm.networktopography.DefaultRackDNSToSwitchMapping", "storm.zookeeper.session.timeout" 20000, "drpc.childopts" "-Xmx768m", "drpc.http.creds.plugin" "org.apache.storm.security.auth.DefaultHttpCredentialsPlugin", "storm.zookeeper.connection.timeout" 15000, "storm.zookeeper.auth.user" nil, "storm.meta.serialization.delegate" "org.apache.storm.serialization.GzipThriftSerializationDelegate", "topology.max.spout.pending" nil, "storm.codedistributor.class" "org.apache.storm.codedistributor.LocalFileSystemCodeDistributor", "nimbus.supervisor.timeout.secs" 60, "nimbus.task.timeout.secs" 30, "drpc.port" 3772, "pacemaker.max.threads" 50, "storm.zookeeper.retry.intervalceiling.millis" 30000, "nimbus.thrift.port" 6627, "storm.auth.simple-acl.admins" [], "topology.component.cpu.pcore.percent" 10.0, "supervisor.memory.capacity.mb" 3072.0, "storm.nimbus.retry.times" 5, "supervisor.worker.start.timeout.secs" 120, "storm.zookeeper.retry.interval" 1000, "logs.users" nil, "storm.cluster.metrics.consumer.publish.interval.secs" 60, "worker.profiler.command" "flight.bash", "transactional.zookeeper.port" nil, "drpc.max_buffer_size" 1048576, "pacemaker.thread.timeout" 10, "task.credentials.poll.secs" 30, "drpc.https.keystore.type" "JKS", "topology.worker.receiver.thread.count" 1, "topology.state.checkpoint.interval.ms" 1000, "supervisor.slots.ports" [6700 6701 6702 6703], "topology.transfer.buffer.size" 1024, "storm.health.check.dir" "healthchecks", "topology.worker.shared.thread.pool.size" 4, "drpc.authorizer.acl.strict" false, "nimbus.file.copy.expiration.secs" 600, "worker.profiler.childopts" "-XX:+UnlockCommercialFeatures -XX:+FlightRecorder", "topology.executor.receive.buffer.size" 1024, "backpressure.disruptor.low.watermark" 0.4, "nimbus.task.launch.secs" 120, "storm.local.mode.zmq" false, "storm.messaging.netty.buffer_size" 5242880, "storm.cluster.state.store" "org.apache.storm.cluster_state.zookeeper_state_factory", "worker.heartbeat.frequency.secs" 1, "storm.log4j2.conf.dir" "log4j2", "ui.http.creds.plugin" "org.apache.storm.security.auth.DefaultHttpCredentialsPlugin", "storm.zookeeper.root" "/storm", "topology.tick.tuple.freq.secs" nil, "drpc.https.port" -1, "storm.workers.artifacts.dir" "workers-artifacts", "supervisor.blobstore.download.max_retries" 3, "task.refresh.poll.secs" 10, "storm.exhibitor.port" 8080, "task.heartbeat.frequency.secs" 3, "pacemaker.port" 6699, "storm.messaging.netty.max_wait_ms" 1000, "topology.component.resources.offheap.memory.mb" 0.0, "drpc.http.port" 3774, "topology.error.throttle.interval.secs" 10, "storm.messaging.transport" "org.apache.storm.messaging.netty.Context", "storm.messaging.netty.authentication" false, "topology.component.resources.onheap.memory.mb" 128.0, "topology.kryo.factory" "org.apache.storm.serialization.DefaultKryoFactory", "worker.gc.childopts" "", "nimbus.topology.validator" "org.apache.storm.nimbus.DefaultTopologyValidator", "nimbus.seeds" ["localhost"], "nimbus.queue.size" 100000, "nimbus.cleanup.inbox.freq.secs" 600, "storm.blobstore.replication.factor" 3, "worker.heap.memory.mb" 768, "logviewer.max.sum.worker.logs.size.mb" 4096, "pacemaker.childopts" "-Xmx1024m", "ui.users" nil, "transactional.zookeeper.servers" nil, "supervisor.worker.timeout.secs" 30, "storm.zookeeper.auth.password" nil, "storm.blobstore.acl.validation.enabled" false, "client.blobstore.class" "org.apache.storm.blobstore.NimbusBlobStore", "supervisor.childopts" "-Xmx256m", "topology.worker.max.heap.size.mb" 768.0, "ui.http.x-frame-options" "DENY", "backpressure.disruptor.high.watermark" 0.9, "ui.filter" nil, "ui.header.buffer.bytes" 4096, "topology.min.replication.count" 1, "topology.disruptor.wait.timeout.millis" 1000, "storm.nimbus.retry.intervalceiling.millis" 60000, "topology.trident.batch.emit.interval.millis" 500, "storm.auth.simple-acl.users" [], "drpc.invocations.threads" 64, "java.library.path" "/usr/local/lib:/opt/local/lib:/usr/lib", "ui.port" 8080, "storm.exhibitor.poll.uripath" "/exhibitor/v1/cluster/list", "storm.messaging.netty.transfer.batch.size" 262144, "logviewer.appender.name" "A1", "nimbus.thrift.max_buffer_size" 1048576, "storm.auth.simple-acl.users.commands" [], "drpc.request.timeout.secs" 600}
151938 [main] INFO  o.a.c.f.i.CuratorFrameworkImpl - Starting
151938 [main] INFO  o.a.s.b.FileBlobStoreImpl - Creating new blob store based in /tmp/0532279c-5ac7-4bf7-b69d-57305132e14d/blobs
151938 [main] INFO  o.a.s.d.nimbus - Using default scheduler
151942 [main-EventThread] INFO  o.a.c.f.s.ConnectionStateManager - State change: CONNECTED
151942 [main] INFO  o.a.c.f.i.CuratorFrameworkImpl - Starting
151944 [main-EventThread] INFO  o.a.c.f.s.ConnectionStateManager - State change: CONNECTED
151944 [main-EventThread] INFO  o.a.s.zookeeper - Zookeeper state update: :connected:none
151944 [Curator-Framework-0] INFO  o.a.c.f.i.CuratorFrameworkImpl - backgroundOperationsLoop exiting
151945 [main] INFO  o.a.c.f.i.CuratorFrameworkImpl - Starting
151945 [main] INFO  o.a.c.f.i.CuratorFrameworkImpl - Starting
151947 [main-EventThread] INFO  o.a.c.f.s.ConnectionStateManager - State change: CONNECTED
151947 [main-EventThread] INFO  o.a.c.f.s.ConnectionStateManager - State change: CONNECTED
151958 [main] INFO  o.a.s.d.m.MetricsUtils - Using statistics reporter plugin:org.apache.storm.daemon.metrics.reporters.JmxPreparableReporter
151958 [main] INFO  o.a.s.d.m.r.JmxPreparableReporter - Preparing...
151960 [main] INFO  o.a.s.d.common - Started statistics report plugin...
151963 [main] INFO  o.a.c.f.i.CuratorFrameworkImpl - Starting
151964 [main-EventThread] INFO  o.a.c.f.s.ConnectionStateManager - State change: CONNECTED
151964 [main-EventThread] INFO  o.a.s.zookeeper - Zookeeper state update: :connected:none
151964 [Curator-Framework-0] INFO  o.a.c.f.i.CuratorFrameworkImpl - backgroundOperationsLoop exiting
151965 [main] INFO  o.a.c.f.i.CuratorFrameworkImpl - Starting
151967 [main-EventThread] INFO  o.a.c.f.s.ConnectionStateManager - State change: CONNECTED
151970 [main] INFO  o.a.s.d.nimbus - Starting Nimbus with conf {"topology.builtin.metrics.bucket.size.secs" 60, "nimbus.childopts" "-Xmx1024m", "ui.filter.params" nil, "storm.cluster.mode" "local", "storm.messaging.netty.client_worker_threads" 1, "logviewer.max.per.worker.logs.size.mb" 2048, "supervisor.run.worker.as.user" false, "topology.max.task.parallelism" nil, "topology.priority" 29, "zmq.threads" 1, "storm.group.mapping.service" "org.apache.storm.security.auth.ShellBasedGroupsMapping", "transactional.zookeeper.root" "/transactional", "topology.sleep.spout.wait.strategy.time.ms" 1, "scheduler.display.resource" false, "topology.max.replication.wait.time.sec" 60, "drpc.invocations.port" 3773, "supervisor.localizer.cache.target.size.mb" 10240, "topology.multilang.serializer" "org.apache.storm.multilang.JsonSerializer", "storm.messaging.netty.server_worker_threads" 1, "nimbus.blobstore.class" "org.apache.storm.blobstore.LocalFsBlobStore", "resource.aware.scheduler.eviction.strategy" "org.apache.storm.scheduler.resource.strategies.eviction.DefaultEvictionStrategy", "topology.max.error.report.per.interval" 5, "storm.thrift.transport" "org.apache.storm.security.auth.SimpleTransportPlugin", "zmq.hwm" 0, "storm.group.mapping.service.params" nil, "worker.profiler.enabled" false, "storm.principal.tolocal" "org.apache.storm.security.auth.DefaultPrincipalToLocal", "supervisor.worker.shutdown.sleep.secs" 1, "pacemaker.host" "localhost", "storm.zookeeper.retry.times" 5, "ui.actions.enabled" true, "zmq.linger.millis" 5000, "supervisor.enable" true, "topology.stats.sample.rate" 0.05, "storm.messaging.netty.min_wait_ms" 100, "worker.log.level.reset.poll.secs" 30, "storm.zookeeper.port" 2003, "supervisor.heartbeat.frequency.secs" 5, "topology.enable.message.timeouts" true, "supervisor.cpu.capacity" 400.0, "drpc.worker.threads" 64, "supervisor.blobstore.download.thread.count" 5, "drpc.queue.size" 128, "topology.backpressure.enable" false, "supervisor.blobstore.class" "org.apache.storm.blobstore.NimbusBlobStore", "storm.blobstore.inputstream.buffer.size.bytes" 65536, "topology.shellbolt.max.pending" 100, "drpc.https.keystore.password" "", "nimbus.code.sync.freq.secs" 120, "logviewer.port" 8000, "topology.scheduler.strategy" "org.apache.storm.scheduler.resource.strategies.scheduling.DefaultResourceAwareStrategy", "topology.executor.send.buffer.size" 1024, "resource.aware.scheduler.priority.strategy" "org.apache.storm.scheduler.resource.strategies.priority.DefaultSchedulingPriorityStrategy", "pacemaker.auth.method" "NONE", "storm.daemon.metrics.reporter.plugins" ["org.apache.storm.daemon.metrics.reporters.JmxPreparableReporter"], "topology.worker.logwriter.childopts" "-Xmx64m", "topology.spout.wait.strategy" "org.apache.storm.spout.SleepSpoutWaitStrategy", "ui.host" "0.0.0.0", "storm.nimbus.retry.interval.millis" 2000, "nimbus.inbox.jar.expiration.secs" 3600, "dev.zookeeper.path" "/tmp/dev-storm-zookeeper", "topology.acker.executors" nil, "topology.fall.back.on.java.serialization" true, "topology.eventlogger.executors" 0, "supervisor.localizer.cleanup.interval.ms" 600000, "storm.zookeeper.servers" ["localhost"], "nimbus.thrift.threads" 64, "logviewer.cleanup.age.mins" 10080, "topology.worker.childopts" nil, "topology.classpath" nil, "supervisor.monitor.frequency.secs" 3, "nimbus.credential.renewers.freq.secs" 600, "topology.skip.missing.kryo.registrations" false, "drpc.authorizer.acl.filename" "drpc-auth-acl.yaml", "pacemaker.kerberos.users" [], "storm.group.mapping.service.cache.duration.secs" 120, "topology.testing.always.try.serialize" false, "nimbus.monitor.freq.secs" 10, "storm.health.check.timeout.ms" 5000, "supervisor.supervisors" [], "topology.tasks" nil, "topology.bolts.outgoing.overflow.buffer.enable" false, "storm.messaging.netty.socket.backlog" 500, "topology.workers" 1, "pacemaker.base.threads" 10, "storm.local.dir" "/tmp/0532279c-5ac7-4bf7-b69d-57305132e14d", "topology.disable.loadaware" false, "worker.childopts" "-Xmx%HEAP-MEM%m -XX:+PrintGCDetails -Xloggc:artifacts/gc.log -XX:+PrintGCDateStamps -XX:+PrintGCTimeStamps -XX:+UseGCLogFileRotation -XX:NumberOfGCLogFiles=10 -XX:GCLogFileSize=1M -XX:+HeapDumpOnOutOfMemoryError -XX:HeapDumpPath=artifacts/heapdump", "storm.auth.simple-white-list.users" [], "topology.disruptor.batch.timeout.millis" 1, "topology.message.timeout.secs" 30, "topology.state.synchronization.timeout.secs" 60, "topology.tuple.serializer" "org.apache.storm.serialization.types.ListDelegateSerializer", "supervisor.supervisors.commands" [], "nimbus.blobstore.expiration.secs" 600, "logviewer.childopts" "-Xmx128m", "topology.environment" nil, "topology.debug" false, "topology.disruptor.batch.size" 100, "storm.messaging.netty.max_retries" 300, "ui.childopts" "-Xmx768m", "storm.network.topography.plugin" "org.apache.storm.networktopography.DefaultRackDNSToSwitchMapping", "storm.zookeeper.session.timeout" 20000, "drpc.childopts" "-Xmx768m", "drpc.http.creds.plugin" "org.apache.storm.security.auth.DefaultHttpCredentialsPlugin", "storm.zookeeper.connection.timeout" 15000, "storm.zookeeper.auth.user" nil, "storm.meta.serialization.delegate" "org.apache.storm.serialization.GzipThriftSerializationDelegate", "topology.max.spout.pending" nil, "storm.codedistributor.class" "org.apache.storm.codedistributor.LocalFileSystemCodeDistributor", "nimbus.supervisor.timeout.secs" 60, "nimbus.task.timeout.secs" 30, "drpc.port" 3772, "pacemaker.max.threads" 50, "storm.zookeeper.retry.intervalceiling.millis" 30000, "nimbus.thrift.port" 6627, "storm.auth.simple-acl.admins" [], "topology.component.cpu.pcore.percent" 10.0, "supervisor.memory.capacity.mb" 3072.0, "storm.nimbus.retry.times" 5, "supervisor.worker.start.timeout.secs" 120, "storm.zookeeper.retry.interval" 1000, "logs.users" nil, "storm.cluster.metrics.consumer.publish.interval.secs" 60, "worker.profiler.command" "flight.bash", "transactional.zookeeper.port" nil, "drpc.max_buffer_size" 1048576, "pacemaker.thread.timeout" 10, "task.credentials.poll.secs" 30, "drpc.https.keystore.type" "JKS", "topology.worker.receiver.thread.count" 1, "topology.state.checkpoint.interval.ms" 1000, "supervisor.slots.ports" [6700 6701 6702 6703], "topology.transfer.buffer.size" 1024, "storm.health.check.dir" "healthchecks", "topology.worker.shared.thread.pool.size" 4, "drpc.authorizer.acl.strict" false, "nimbus.file.copy.expiration.secs" 600, "worker.profiler.childopts" "-XX:+UnlockCommercialFeatures -XX:+FlightRecorder", "topology.executor.receive.buffer.size" 1024, "backpressure.disruptor.low.watermark" 0.4, "nimbus.task.launch.secs" 120, "storm.local.mode.zmq" false, "storm.messaging.netty.buffer_size" 5242880, "storm.cluster.state.store" "org.apache.storm.cluster_state.zookeeper_state_factory", "worker.heartbeat.frequency.secs" 1, "storm.log4j2.conf.dir" "log4j2", "ui.http.creds.plugin" "org.apache.storm.security.auth.DefaultHttpCredentialsPlugin", "storm.zookeeper.root" "/storm", "topology.tick.tuple.freq.secs" nil, "drpc.https.port" -1, "storm.workers.artifacts.dir" "workers-artifacts", "supervisor.blobstore.download.max_retries" 3, "task.refresh.poll.secs" 10, "storm.exhibitor.port" 8080, "task.heartbeat.frequency.secs" 3, "pacemaker.port" 6699, "storm.messaging.netty.max_wait_ms" 1000, "topology.component.resources.offheap.memory.mb" 0.0, "drpc.http.port" 3774, "topology.error.throttle.interval.secs" 10, "storm.messaging.transport" "org.apache.storm.messaging.netty.Context", "storm.messaging.netty.authentication" false, "topology.component.resources.onheap.memory.mb" 128.0, "topology.kryo.factory" "org.apache.storm.serialization.DefaultKryoFactory", "worker.gc.childopts" "", "nimbus.topology.validator" "org.apache.storm.nimbus.DefaultTopologyValidator", "nimbus.seeds" ["localhost"], "nimbus.queue.size" 100000, "nimbus.cleanup.inbox.freq.secs" 600, "storm.blobstore.replication.factor" 3, "worker.heap.memory.mb" 768, "logviewer.max.sum.worker.logs.size.mb" 4096, "pacemaker.childopts" "-Xmx1024m", "ui.users" nil, "transactional.zookeeper.servers" nil, "supervisor.worker.timeout.secs" 30, "storm.zookeeper.auth.password" nil, "storm.blobstore.acl.validation.enabled" false, "client.blobstore.class" "org.apache.storm.blobstore.NimbusBlobStore", "supervisor.childopts" "-Xmx256m", "topology.worker.max.heap.size.mb" 768.0, "ui.http.x-frame-options" "DENY", "backpressure.disruptor.high.watermark" 0.9, "ui.filter" nil, "ui.header.buffer.bytes" 4096, "topology.min.replication.count" 1, "topology.disruptor.wait.timeout.millis" 1000, "storm.nimbus.retry.intervalceiling.millis" 60000, "topology.trident.batch.emit.interval.millis" 500, "storm.auth.simple-acl.users" [], "drpc.invocations.threads" 64, "java.library.path" "/usr/local/lib:/opt/local/lib:/usr/lib", "ui.port" 8080, "storm.exhibitor.poll.uripath" "/exhibitor/v1/cluster/list", "storm.messaging.netty.transfer.batch.size" 262144, "logviewer.appender.name" "A1", "nimbus.thrift.max_buffer_size" 1048576, "storm.auth.simple-acl.users.commands" [], "drpc.request.timeout.secs" 600}
151970 [main] INFO  o.a.c.f.i.CuratorFrameworkImpl - Starting
151970 [main] INFO  o.a.s.b.FileBlobStoreImpl - Creating new blob store based in /tmp/0532279c-5ac7-4bf7-b69d-57305132e14d/blobs
151970 [main] INFO  o.a.s.d.nimbus - Using default scheduler
151973 [main-EventThread] INFO  o.a.c.f.s.ConnectionStateManager - State change: CONNECTED
151974 [main] INFO  o.a.c.f.i.CuratorFrameworkImpl - Starting
151975 [main-EventThread] INFO  o.a.c.f.s.ConnectionStateManager - State change: CONNECTED
151975 [main-EventThread] INFO  o.a.s.zookeeper - Zookeeper state update: :connected:none
151975 [Curator-Framework-0] INFO  o.a.c.f.i.CuratorFrameworkImpl - backgroundOperationsLoop exiting
151976 [main] INFO  o.a.c.f.i.CuratorFrameworkImpl - Starting
151977 [main] INFO  o.a.c.f.i.CuratorFrameworkImpl - Starting
151977 [main-EventThread] INFO  o.a.c.f.s.ConnectionStateManager - State change: CONNECTED
151979 [main-EventThread] INFO  o.a.c.f.s.ConnectionStateManager - State change: CONNECTED
151989 [main] INFO  o.a.s.d.m.MetricsUtils - Using statistics reporter plugin:org.apache.storm.daemon.metrics.reporters.JmxPreparableReporter
151989 [main] INFO  o.a.s.d.m.r.JmxPreparableReporter - Preparing...
151992 [main] INFO  o.a.s.d.common - Started statistics report plugin...
151992 [main] INFO  o.a.s.l.ThriftAccessLogger - Request ID: 102 access from:  principal:  operation: submitTopology
151993 [main] INFO  o.a.s.d.nimbus - Received topology submission for t1 with conf {"topology.max.task.parallelism" nil, "topology.submitter.principal" "", "topology.acker.executors" nil, "topology.eventlogger.executors" 0, "storm.zookeeper.superACL" nil, "topology.users" (), "topology.submitter.user" "travis", "topology.kryo.register" nil, "topology.kryo.decorators" (), "storm.id" "t1-1-1471909185", "topology.name" "t1"}
151995 [main] INFO  o.a.s.d.nimbus - uploadedJar 
151997 [main] INFO  o.a.c.f.i.CuratorFrameworkImpl - Starting
151998 [main-EventThread] INFO  o.a.c.f.s.ConnectionStateManager - State change: CONNECTED
152001 [Curator-Framework-0] INFO  o.a.c.f.i.CuratorFrameworkImpl - backgroundOperationsLoop exiting
152001 [main] INFO  o.a.s.cluster - setup-path/blobstore/t1-1-1471909185-stormconf.ser/testing-worker-linux-docker-07757809-3486-linux-14.prod.travis-ci.org:6627-1
152004 [main] INFO  o.a.c.f.i.CuratorFrameworkImpl - Starting
152006 [main-EventThread] INFO  o.a.c.f.s.ConnectionStateManager - State change: CONNECTED
152007 [Curator-Framework-0] INFO  o.a.c.f.i.CuratorFrameworkImpl - backgroundOperationsLoop exiting
152007 [main] INFO  o.a.s.cluster - setup-path/blobstore/t1-1-1471909185-stormcode.ser/testing-worker-linux-docker-07757809-3486-linux-14.prod.travis-ci.org:6627-1
152011 [main] INFO  o.a.s.d.nimbus - desired replication count 1 achieved, current-replication-count for conf key = 1, current-replication-count for code key = 1, current-replication-count for jar key = 1
152019 [main] INFO  o.a.s.d.nimbus - Activating t1: t1-1-1471909185
152024 [main] INFO  o.a.s.l.ThriftAccessLogger - Request ID: 102 access from:  principal:  operation: rebalance
152026 [main] INFO  o.a.s.d.nimbus - Delaying event :do-rebalance for 0 secs for t1-1-1471909185
152105 [main-SendThread(localhost:2181)] WARN  o.a.z.ClientCnxn - Session 0x0 for server null, unexpected error, closing socket connection and attempting reconnect
java.net.ConnectException: Connection refused
	at sun.nio.ch.SocketChannelImpl.checkConnect(Native Method) ~[?:1.7.0_76]
	at sun.nio.ch.SocketChannelImpl.finishConnect(SocketChannelImpl.java:739) ~[?:1.7.0_76]
	at org.apache.zookeeper.ClientCnxnSocketNIO.doTransport(ClientCnxnSocketNIO.java:361) ~[zookeeper-3.4.6.jar:3.4.6-1569965]
	at org.apache.zookeeper.ClientCnxn$SendThread.run(ClientCnxn.java:1081) [zookeeper-3.4.6.jar:3.4.6-1569965]
152206 [main-SendThread(localhost:2181)] WARN  o.a.z.ClientCnxn - Session 0x0 for server null, unexpected error, closing socket connection and attempting reconnect
java.net.ConnectException: Connection refused
	at sun.nio.ch.SocketChannelImpl.checkConnect(Native Method) ~[?:1.7.0_76]
	at sun.nio.ch.SocketChannelImpl.finishConnect(SocketChannelImpl.java:739) ~[?:1.7.0_76]
	at org.apache.zookeeper.ClientCnxnSocketNIO.doTransport(ClientCnxnSocketNIO.java:361) ~[zookeeper-3.4.6.jar:3.4.6-1569965]
	at org.apache.zookeeper.ClientCnxn$SendThread.run(ClientCnxn.java:1081) [zookeeper-3.4.6.jar:3.4.6-1569965]
152973 [timer] INFO  o.a.s.d.nimbus - not a leader, skipping assignments
152973 [timer] INFO  o.a.s.d.nimbus - not a leader, skipping cleanup
152973 [timer] INFO  o.a.s.d.nimbus - not a leader skipping , credential renweal.
153042 [main] INFO  o.a.s.l.ThriftAccessLogger - Request ID: 102 access from:  principal:  operation: deactivate
            
--------------------------------------------------
Checking ./storm-core/target/test-reports/org.apache.storm.pacemaker-test.xml
Checking ./storm-core/target/test-reports/org.apache.storm.security.auth.auto-login-module-test.xml
Checking ./storm-core/target/test-reports/org.apache.storm.grouping-test.xml
--------------------------------------------------
Error parsing /home/travis/build/apache/storm/storm-core/target/test-reports/org.apache.storm.grouping-test.xml
<?xml version="1.0" encoding="UTF-8"?>
<testsuites>
    <testsuite name="grouping-test" package="org.apache.storm">
        <testcase name="test-field" classname="org.apache.storm.grouping-test">
            <system-out>
<![CDATA[157182 [main] INFO  o.a.s.zookeeper - Starting inprocess zookeeper at port 2003 and dir /tmp/46a27149-08ad-4e22-867a-5018fca5a5f4
157197 [main] WARN  o.a.z.j.MBeanRegistry - Failed to register MBean StandaloneServer_port-1
157197 [main] WARN  o.a.z.s.ZooKeeperServer - Failed to register with JMX
javax.management.InstanceAlreadyExistsException: org.apache.ZooKeeperService:name0=StandaloneServer_port-1
	at com.sun.jmx.mbeanserver.Repository.addMBean(Repository.java:437) ~[?:1.7.0_76]
	at com.sun.jmx.interceptor.DefaultMBeanServerInterceptor.registerWithRepository(DefaultMBeanServerInterceptor.java:1898) ~[?:1.7.0_76]
	at com.sun.jmx.interceptor.DefaultMBeanServerInterceptor.registerDynamicMBean(DefaultMBeanServerInterceptor.java:966) ~[?:1.7.0_76]
	at com.sun.jmx.interceptor.DefaultMBeanServerInterceptor.registerObject(DefaultMBeanServerInterceptor.java:900) ~[?:1.7.0_76]
	at com.sun.jmx.interceptor.DefaultMBeanServerInterceptor.registerMBean(DefaultMBeanServerInterceptor.java:324) ~[?:1.7.0_76]
	at com.sun.jmx.mbeanserver.JmxMBeanServer.registerMBean(JmxMBeanServer.java:522) ~[?:1.7.0_76]
	at org.apache.zookeeper.jmx.MBeanRegistry.register(MBeanRegistry.java:96) ~[zookeeper-3.4.6.jar:3.4.6-1569965]
	at org.apache.zookeeper.server.ZooKeeperServer.registerJMX(ZooKeeperServer.java:377) [zookeeper-3.4.6.jar:3.4.6-1569965]
	at org.apache.zookeeper.server.ZooKeeperServer.startup(ZooKeeperServer.java:410) [zookeeper-3.4.6.jar:3.4.6-1569965]
	at org.apache.zookeeper.server.NIOServerCnxnFactory.startup(NIOServerCnxnFactory.java:123) [zookeeper-3.4.6.jar:3.4.6-1569965]
	at sun.reflect.GeneratedMethodAccessor234.invoke(Unknown Source) ~[?:?]
	at sun.reflect.DelegatingMethodAccessorImpl.invoke(DelegatingMethodAccessorImpl.java:43) ~[?:1.7.0_76]
	at java.lang.reflect.Method.invoke(Method.java:606) ~[?:1.7.0_76]
	at clojure.lang.Reflector.invokeMatchingMethod(Reflector.java:93) [clojure-1.7.0.jar:?]
	at clojure.lang.Reflector.invokeInstanceMethod(Reflector.java:28) [clojure-1.7.0.jar:?]
	at org.apache.storm.zookeeper$mk_inprocess_zookeeper.doInvoke(zookeeper.clj:231) [classes/:?]
	at clojure.lang.RestFn.invoke(RestFn.java:410) [clojure-1.7.0.jar:?]
	at org.apache.storm.testing$mk_local_storm_cluster.doInvoke(testing.clj:137) [classes/:?]
	at clojure.lang.RestFn.invoke(RestFn.java:421) [clojure-1.7.0.jar:?]
	at org.apache.storm.grouping_test$fn__8061.invoke(grouping_test.clj:101) [?:?]
	at clojure.test$test_var$fn__7670.invoke(test.clj:704) [clojure-1.7.0.jar:?]
	at clojure.test$test_var.invoke(test.clj:704) [clojure-1.7.0.jar:?]
	at clojure.test$test_vars$fn__7692$fn__7697.invoke(test.clj:722) [clojure-1.7.0.jar:?]
	at clojure.test$default_fixture.invoke(test.clj:674) [clojure-1.7.0.jar:?]
	at clojure.test$test_vars$fn__7692.invoke(test.clj:722) [clojure-1.7.0.jar:?]
	at clojure.test$default_fixture.invoke(test.clj:674) [clojure-1.7.0.jar:?]
	at clojure.test$test_vars.invoke(test.clj:718) [clojure-1.7.0.jar:?]
	at clojure.test$test_all_vars.invoke(test.clj:728) [clojure-1.7.0.jar:?]
	at clojure.test$test_ns.invoke(test.clj:747) [clojure-1.7.0.jar:?]
	at clojure.core$map$fn__4553.invoke(core.clj:2624) [clojure-1.7.0.jar:?]
	at clojure.lang.LazySeq.sval(LazySeq.java:40) [clojure-1.7.0.jar:?]
	at clojure.lang.LazySeq.seq(LazySeq.java:49) [clojure-1.7.0.jar:?]
	at clojure.lang.Cons.next(Cons.java:39) [clojure-1.7.0.jar:?]
	at clojure.lang.RT.boundedLength(RT.java:1735) [clojure-1.7.0.jar:?]
	at clojure.lang.RestFn.applyTo(RestFn.java:130) [clojure-1.7.0.jar:?]
	at clojure.core$apply.invoke(core.clj:632) [clojure-1.7.0.jar:?]
	at clojure.test$run_tests.doInvoke(test.clj:762) [clojure-1.7.0.jar:?]
	at clojure.lang.RestFn.invoke(RestFn.java:408) [clojure-1.7.0.jar:?]
	at org.apache.storm.testrunner$eval11269$iter__11270__11274$fn__11275$fn__11276$fn__11277.invoke(test_runner.clj:107) [?:?]
	at org.apache.storm.testrunner$eval11269$iter__11270__11274$fn__11275$fn__11276.invoke(test_runner.clj:53) [?:?]
	at org.apache.storm.testrunner$eval11269$iter__11270__11274$fn__11275.invoke(test_runner.clj:52) [?:?]
	at clojure.lang.LazySeq.sval(LazySeq.java:40) [clojure-1.7.0.jar:?]
	at clojure.lang.LazySeq.seq(LazySeq.java:49) [clojure-1.7.0.jar:?]
	at clojure.lang.RT.seq(RT.java:507) [clojure-1.7.0.jar:?]
	at clojure.core$seq__4128.invoke(core.clj:137) [clojure-1.7.0.jar:?]
	at clojure.core$dorun.invoke(core.clj:3009) [clojure-1.7.0.jar:?]
	at org.apache.storm.testrunner$eval11269.invoke(test_runner.clj:52) [?:?]
	at clojure.lang.Compiler.eval(Compiler.java:6782) [clojure-1.7.0.jar:?]
	at clojure.lang.Compiler.load(Compiler.java:7227) [clojure-1.7.0.jar:?]
	at clojure.lang.Compiler.loadFile(Compiler.java:7165) [clojure-1.7.0.jar:?]
	at clojure.main$load_script.invoke(main.clj:275) [clojure-1.7.0.jar:?]
	at clojure.main$script_opt.invoke(main.clj:337) [clojure-1.7.0.jar:?]
	at clojure.main$main.doInvoke(main.clj:421) [clojure-1.7.0.jar:?]
	at clojure.lang.RestFn.invoke(RestFn.java:421) [clojure-1.7.0.jar:?]
	at clojure.lang.Var.invoke(Var.java:383) [clojure-1.7.0.jar:?]
	at clojure.lang.AFn.applyToHelper(AFn.java:156) [clojure-1.7.0.jar:?]
	at clojure.lang.Var.applyTo(Var.java:700) [clojure-1.7.0.jar:?]
	at clojure.main.main(main.java:37) [clojure-1.7.0.jar:?]
157209 [main] INFO  o.a.s.d.nimbus - Starting Nimbus with conf {"topology.builtin.metrics.bucket.size.secs" 60, "nimbus.childopts" "-Xmx1024m", "ui.filter.params" nil, "storm.cluster.mode" "local", "storm.messaging.netty.client_worker_threads" 1, "logviewer.max.per.worker.logs.size.mb" 2048, "supervisor.run.worker.as.user" false, "topology.max.task.parallelism" nil, "topology.priority" 29, "zmq.threads" 1, "storm.group.mapping.service" "org.apache.storm.security.auth.ShellBasedGroupsMapping", "transactional.zookeeper.root" "/transactional", "topology.sleep.spout.wait.strategy.time.ms" 1, "scheduler.display.resource" false, "topology.max.replication.wait.time.sec" 60, "drpc.invocations.port" 3773, "supervisor.localizer.cache.target.size.mb" 10240, "topology.multilang.serializer" "org.apache.storm.multilang.JsonSerializer", "storm.messaging.netty.server_worker_threads" 1, "nimbus.blobstore.class" "org.apache.storm.blobstore.LocalFsBlobStore", "resource.aware.scheduler.eviction.strategy" "org.apache.storm.scheduler.resource.strategies.eviction.DefaultEvictionStrategy", "topology.max.error.report.per.interval" 5, "storm.thrift.transport" "org.apache.storm.security.auth.SimpleTransportPlugin", "zmq.hwm" 0, "storm.group.mapping.service.params" nil, "worker.profiler.enabled" false, "storm.principal.tolocal" "org.apache.storm.security.auth.DefaultPrincipalToLocal", "supervisor.worker.shutdown.sleep.secs" 1, "pacemaker.host" "localhost", "storm.zookeeper.retry.times" 5, "ui.actions.enabled" true, "zmq.linger.millis" 0, "supervisor.enable" true, "topology.stats.sample.rate" 0.05, "storm.messaging.netty.min_wait_ms" 100, "worker.log.level.reset.poll.secs" 30, "storm.zookeeper.port" 2003, "supervisor.heartbeat.frequency.secs" 5, "topology.enable.message.timeouts" false, "supervisor.cpu.capacity" 400.0, "drpc.worker.threads" 64, "supervisor.blobstore.download.thread.count" 5, "drpc.queue.size" 128, "topology.backpressure.enable" false, "supervisor.blobstore.class" "org.apache.storm.blobstore.NimbusBlobStore", "storm.blobstore.inputstream.buffer.size.bytes" 65536, "topology.shellbolt.max.pending" 100, "drpc.https.keystore.password" "", "nimbus.code.sync.freq.secs" 120, "logviewer.port" 8000, "topology.scheduler.strategy" "org.apache.storm.scheduler.resource.strategies.scheduling.DefaultResourceAwareStrategy", "topology.executor.send.buffer.size" 1024, "resource.aware.scheduler.priority.strategy" "org.apache.storm.scheduler.resource.strategies.priority.DefaultSchedulingPriorityStrategy", "pacemaker.auth.method" "NONE", "storm.daemon.metrics.reporter.plugins" ["org.apache.storm.daemon.metrics.reporters.JmxPreparableReporter"], "topology.worker.logwriter.childopts" "-Xmx64m", "topology.spout.wait.strategy" "org.apache.storm.spout.SleepSpoutWaitStrategy", "ui.host" "0.0.0.0", "storm.nimbus.retry.interval.millis" 2000, "nimbus.inbox.jar.expiration.secs" 3600, "dev.zookeeper.path" "/tmp/dev-storm-zookeeper", "topology.acker.executors" nil, "topology.fall.back.on.java.serialization" true, "topology.eventlogger.executors" 0, "supervisor.localizer.cleanup.interval.ms" 600000, "storm.zookeeper.servers" ["localhost"], "nimbus.thrift.threads" 64, "logviewer.cleanup.age.mins" 10080, "topology.worker.childopts" nil, "topology.classpath" nil, "supervisor.monitor.frequency.secs" 3, "nimbus.credential.renewers.freq.secs" 600, "topology.skip.missing.kryo.registrations" true, "drpc.authorizer.acl.filename" "drpc-auth-acl.yaml", "pacemaker.kerberos.users" [], "storm.group.mapping.service.cache.duration.secs" 120, "topology.testing.always.try.serialize" false, "nimbus.monitor.freq.secs" 10, "storm.health.check.timeout.ms" 5000, "supervisor.supervisors" [], "topology.tasks" nil, "topology.bolts.outgoing.overflow.buffer.enable" false, "storm.messaging.netty.socket.backlog" 500, "topology.workers" 1, "pacemaker.base.threads" 10, "storm.local.dir" "/tmp/ff3504f9-8b7a-469b-a7ce-f66ccacf9dc8", "topology.disable.loadaware" false, "worker.childopts" "-Xmx%HEAP-MEM%m -XX:+PrintGCDetails -Xloggc:artifacts/gc.log -XX:+PrintGCDateStamps -XX:+PrintGCTimeStamps -XX:+UseGCLogFileRotation -XX:NumberOfGCLogFiles=10 -XX:GCLogFileSize=1M -XX:+HeapDumpOnOutOfMemoryError -XX:HeapDumpPath=artifacts/heapdump", "storm.auth.simple-white-list.users" [], "topology.disruptor.batch.timeout.millis" 1, "topology.message.timeout.secs" 30, "topology.state.synchronization.timeout.secs" 60, "topology.tuple.serializer" "org.apache.storm.serialization.types.ListDelegateSerializer", "supervisor.supervisors.commands" [], "nimbus.blobstore.expiration.secs" 600, "logviewer.childopts" "-Xmx128m", "topology.environment" nil, "topology.debug" false, "topology.disruptor.batch.size" 100, "storm.messaging.netty.max_retries" 300, "ui.childopts" "-Xmx768m", "storm.network.topography.plugin" "org.apache.storm.networktopography.DefaultRackDNSToSwitchMapping", "storm.zookeeper.session.timeout" 20000, "drpc.childopts" "-Xmx768m", "drpc.http.creds.plugin" "org.apache.storm.security.auth.DefaultHttpCredentialsPlugin", "storm.zookeeper.connection.timeout" 15000, "storm.zookeeper.auth.user" nil, "storm.meta.serialization.delegate" "org.apache.storm.serialization.GzipThriftSerializationDelegate", "topology.max.spout.pending" nil, "storm.codedistributor.class" "org.apache.storm.codedistributor.LocalFileSystemCodeDistributor", "nimbus.supervisor.timeout.secs" 60, "nimbus.task.timeout.secs" 30, "drpc.port" 3772, "pacemaker.max.threads" 50, "storm.zookeeper.retry.intervalceiling.millis" 30000, "nimbus.thrift.port" 6627, "storm.auth.simple-acl.admins" [], "topology.component.cpu.pcore.percent" 10.0, "supervisor.memory.capacity.mb" 3072.0, "storm.nimbus.retry.times" 5, "supervisor.worker.start.timeout.secs" 120, "storm.zookeeper.retry.interval" 1000, "logs.users" nil, "storm.cluster.metrics.consumer.publish.interval.secs" 60, "worker.profiler.command" "flight.bash", "transactional.zookeeper.port" nil, "drpc.max_buffer_size" 1048576, "pacemaker.thread.timeout" 10, "task.credentials.poll.secs" 30, "blobstore.superuser" "travis", "drpc.https.keystore.type" "JKS", "topology.worker.receiver.thread.count" 1, "topology.state.checkpoint.interval.ms" 1000, "supervisor.slots.ports" [6700 6701 6702 6703], "topology.transfer.buffer.size" 1024, "storm.health.check.dir" "healthchecks", "topology.worker.shared.thread.pool.size" 4, "drpc.authorizer.acl.strict" false, "nimbus.file.copy.expiration.secs" 600, "worker.profiler.childopts" "-XX:+UnlockCommercialFeatures -XX:+FlightRecorder", "topology.executor.receive.buffer.size" 1024, "backpressure.disruptor.low.watermark" 0.4, "nimbus.task.launch.secs" 120, "storm.local.mode.zmq" false, "storm.messaging.netty.buffer_size" 5242880, "storm.cluster.state.store" "org.apache.storm.cluster_state.zookeeper_state_factory", "worker.heartbeat.frequency.secs" 1, "storm.log4j2.conf.dir" "log4j2", "ui.http.creds.plugin" "org.apache.storm.security.auth.DefaultHttpCredentialsPlugin", "storm.zookeeper.root" "/storm", "topology.tick.tuple.freq.secs" nil, "drpc.https.port" -1, "storm.workers.artifacts.dir" "workers-artifacts", "supervisor.blobstore.download.max_retries" 3, "task.refresh.poll.secs" 10, "storm.exhibitor.port" 8080, "task.heartbeat.frequency.secs" 3, "pacemaker.port" 6699, "storm.messaging.netty.max_wait_ms" 1000, "topology.component.resources.offheap.memory.mb" 0.0, "drpc.http.port" 3774, "topology.error.throttle.interval.secs" 10, "storm.messaging.transport" "org.apache.storm.messaging.netty.Context", "storm.messaging.netty.authentication" false, "topology.component.resources.onheap.memory.mb" 128.0, "topology.kryo.factory" "org.apache.storm.serialization.DefaultKryoFactory", "worker.gc.childopts" "", "nimbus.topology.validator" "org.apache.storm.nimbus.DefaultTopologyValidator", "nimbus.seeds" ["localhost"], "nimbus.queue.size" 100000, "nimbus.cleanup.inbox.freq.secs" 600, "storm.blobstore.replication.factor" 3, "worker.heap.memory.mb" 768, "logviewer.max.sum.worker.logs.size.mb" 4096, "pacemaker.childopts" "-Xmx1024m", "ui.users" nil, "transactional.zookeeper.servers" nil, "supervisor.worker.timeout.secs" 30, "storm.zookeeper.auth.password" nil, "storm.blobstore.acl.validation.enabled" false, "client.blobstore.class" "org.apache.storm.blobstore.NimbusBlobStore", "supervisor.childopts" "-Xmx256m", "topology.worker.max.heap.size.mb" 768.0, "ui.http.x-frame-options" "DENY", "backpressure.disruptor.high.watermark" 0.9, "ui.filter" nil, "ui.header.buffer.bytes" 4096, "topology.min.replication.count" 1, "topology.disruptor.wait.timeout.millis" 1000, "storm.nimbus.retry.intervalceiling.millis" 60000, "topology.trident.batch.emit.interval.millis" 50, "storm.auth.simple-acl.users" [], "drpc.invocations.threads" 64, "java.library.path" "/usr/local/lib:/opt/local/lib:/usr/lib", "ui.port" 8080, "storm.exhibitor.poll.uripath" "/exhibitor/v1/cluster/list", "storm.messaging.netty.transfer.batch.size" 262144, "logviewer.appender.name" "A1", "nimbus.thrift.max_buffer_size" 1048576, "storm.auth.simple-acl.users.commands" [], "drpc.request.timeout.secs" 600}
157209 [main] INFO  o.a.c.f.i.CuratorFrameworkImpl - Starting
157210 [main] INFO  o.a.s.b.FileBlobStoreImpl - Creating new blob store based in /tmp/ff3504f9-8b7a-469b-a7ce-f66ccacf9dc8/blobs
157210 [main] INFO  o.a.s.d.nimbus - Using default scheduler
157210 [main] INFO  o.a.c.f.i.CuratorFrameworkImpl - Starting
157213 [main] INFO  o.a.c.f.i.CuratorFrameworkImpl - Starting
157214 [main-EventThread] INFO  o.a.c.f.s.ConnectionStateManager - State change: CONNECTED
157215 [main-EventThread] INFO  o.a.c.f.s.ConnectionStateManager - State change: CONNECTED
157215 [main-EventThread] INFO  o.a.s.zookeeper - Zookeeper state update: :connected:none
157215 [main-EventThread] INFO  o.a.c.f.s.ConnectionStateManager - State change: CONNECTED
157215 [main-EventThread] INFO  o.a.s.zookeeper - Zookeeper state update: :connected:none
157216 [Curator-Framework-0] INFO  o.a.c.f.i.CuratorFrameworkImpl - backgroundOperationsLoop exiting
157217 [main] INFO  o.a.c.f.i.CuratorFrameworkImpl - Starting
157218 [main] INFO  o.a.c.f.i.CuratorFrameworkImpl - Starting
157219 [main-EventThread] INFO  o.a.c.f.s.ConnectionStateManager - State change: CONNECTED
157219 [main-EventThread] INFO  o.a.c.f.s.ConnectionStateManager - State change: CONNECTED
157228 [main] INFO  o.a.s.zookeeper - Queued up for leader lock.
157230 [main-EventThread] INFO  o.a.s.zookeeper - testing-worker-linux-docker-07757809-3486-linux-14.prod.travis-ci.org gained leadership, checking if it has all the topology code locally.
157232 [main-EventThread] INFO  o.a.s.zookeeper - active-topology-ids [] local-topology-ids [] diff-topology []
157232 [main-EventThread] INFO  o.a.s.zookeeper - Accepting leadership, all active topology found localy.
157235 [main] INFO  o.a.s.d.m.MetricsUtils - Using statistics reporter plugin:org.apache.storm.daemon.metrics.reporters.JmxPreparableReporter
157235 [main] INFO  o.a.s.d.m.r.JmxPreparableReporter - Preparing...
157238 [main] INFO  o.a.s.d.common - Started statistics report plugin...
157238 [main] INFO  o.a.c.f.i.CuratorFrameworkImpl - Starting
157239 [main-EventThread] INFO  o.a.c.f.s.ConnectionStateManager - State change: CONNECTED
157240 [main-EventThread] INFO  o.a.s.zookeeper - Zookeeper state update: :connected:none
157240 [Curator-Framework-0] INFO  o.a.c.f.i.CuratorFrameworkImpl - backgroundOperationsLoop exiting
157241 [main] INFO  o.a.c.f.i.CuratorFrameworkImpl - Starting
157241 [main] INFO  o.a.c.f.i.CuratorFrameworkImpl - Starting
157242 [main-EventThread] INFO  o.a.c.f.s.ConnectionStateManager - State change: CONNECTED
157243 [main-EventThread] INFO  o.a.c.f.s.ConnectionStateManager - State change: CONNECTED
157243 [main-EventThread] INFO  o.a.s.zookeeper - Zookeeper state update: :connected:none
157243 [Curator-Framework-0] INFO  o.a.c.f.i.CuratorFrameworkImpl - backgroundOperationsLoop exiting
157244 [main] INFO  o.a.c.f.i.CuratorFrameworkImpl - Starting
157245 [main-EventThread] INFO  o.a.c.f.s.ConnectionStateManager - State change: CONNECTED
157248 [main] INFO  o.a.s.d.supervisor - Starting Supervisor with conf {"topology.builtin.metrics.bucket.size.secs" 60, "nimbus.childopts" "-Xmx1024m", "ui.filter.params" nil, "storm.cluster.mode" "local", "storm.messaging.netty.client_worker_threads" 1, "logviewer.max.per.worker.logs.size.mb" 2048, "supervisor.run.worker.as.user" false, "topology.max.task.parallelism" nil, "topology.priority" 29, "zmq.threads" 1, "storm.group.mapping.service" "org.apache.storm.security.auth.ShellBasedGroupsMapping", "transactional.zookeeper.root" "/transactional", "topology.sleep.spout.wait.strategy.time.ms" 1, "scheduler.display.resource" false, "topology.max.replication.wait.time.sec" 60, "drpc.invocations.port" 3773, "supervisor.localizer.cache.target.size.mb" 10240, "topology.multilang.serializer" "org.apache.storm.multilang.JsonSerializer", "storm.messaging.netty.server_worker_threads" 1, "nimbus.blobstore.class" "org.apache.storm.blobstore.LocalFsBlobStore", "resource.aware.scheduler.eviction.strategy" "org.apache.storm.scheduler.resource.strategies.eviction.DefaultEvictionStrategy", "topology.max.error.report.per.interval" 5, "storm.thrift.transport" "org.apache.storm.security.auth.SimpleTransportPlugin", "zmq.hwm" 0, "storm.group.mapping.service.params" nil, "worker.profiler.enabled" false, "storm.principal.tolocal" "org.apache.storm.security.auth.DefaultPrincipalToLocal", "supervisor.worker.shutdown.sleep.secs" 1, "pacemaker.host" "localhost", "storm.zookeeper.retry.times" 5, "ui.actions.enabled" true, "zmq.linger.millis" 0, "supervisor.enable" true, "topology.stats.sample.rate" 0.05, "storm.messaging.netty.min_wait_ms" 100, "worker.log.level.reset.poll.secs" 30, "storm.zookeeper.port" 2003, "supervisor.heartbeat.frequency.secs" 5, "topology.enable.message.timeouts" false, "supervisor.cpu.capacity" 400.0, "drpc.worker.threads" 64, "supervisor.blobstore.download.thread.count" 5, "drpc.queue.size" 128, "topology.backpressure.enable" false, "supervisor.blobstore.class" "org.apache.storm.blobstore.NimbusBlobStore", "storm.blobstore.inputstream.buffer.size.bytes" 65536, "topology.shellbolt.max.pending" 100, "drpc.https.keystore.password" "", "nimbus.code.sync.freq.secs" 120, "logviewer.port" 8000, "topology.scheduler.strategy" "org.apache.storm.scheduler.resource.strategies.scheduling.DefaultResourceAwareStrategy", "topology.executor.send.buffer.size" 1024, "resource.aware.scheduler.priority.strategy" "org.apache.storm.scheduler.resource.strategies.priority.DefaultSchedulingPriorityStrategy", "pacemaker.auth.method" "NONE", "storm.daemon.metrics.reporter.plugins" ["org.apache.storm.daemon.metrics.reporters.JmxPreparableReporter"], "topology.worker.logwriter.childopts" "-Xmx64m", "topology.spout.wait.strategy" "org.apache.storm.spout.SleepSpoutWaitStrategy", "ui.host" "0.0.0.0", "storm.nimbus.retry.interval.millis" 2000, "nimbus.inbox.jar.expiration.secs" 3600, "dev.zookeeper.path" "/tmp/dev-storm-zookeeper", "topology.acker.executors" nil, "topology.fall.back.on.java.serialization" true, "topology.eventlogger.executors" 0, "supervisor.localizer.cleanup.interval.ms" 600000, "storm.zookeeper.servers" ["localhost"], "nimbus.thrift.threads" 64, "logviewer.cleanup.age.mins" 10080, "topology.worker.childopts" nil, "topology.classpath" nil, "supervisor.monitor.frequency.secs" 3, "nimbus.credential.renewers.freq.secs" 600, "topology.skip.missing.kryo.registrations" true, "drpc.authorizer.acl.filename" "drpc-auth-acl.yaml", "pacemaker.kerberos.users" [], "storm.group.mapping.service.cache.duration.secs" 120, "topology.testing.always.try.serialize" false, "nimbus.monitor.freq.secs" 10, "storm.health.check.timeout.ms" 5000, "supervisor.supervisors" [], "topology.tasks" nil, "topology.bolts.outgoing.overflow.buffer.enable" false, "storm.messaging.netty.socket.backlog" 500, "topology.workers" 1, "pacemaker.base.threads" 10, "storm.local.dir" "/tmp/f06c37d6-f58d-4e7f-b89f-1e5548048f25", "topology.disable.loadaware" false, "worker.childopts" "-Xmx%HEAP-MEM%m -XX:+PrintGCDetails -Xloggc:artifacts/gc.log -XX:+PrintGCDateStamps -XX:+PrintGCTimeStamps -XX:+UseGCLogFileRotation -XX:NumberOfGCLogFiles=10 -XX:GCLogFileSize=1M -XX:+HeapDumpOnOutOfMemoryError -XX:HeapDumpPath=artifacts/heapdump", "storm.auth.simple-white-list.users" [], "topology.disruptor.batch.timeout.millis" 1, "topology.message.timeout.secs" 30, "topology.state.synchronization.timeout.secs" 60, "topology.tuple.serializer" "org.apache.storm.serialization.types.ListDelegateSerializer", "supervisor.supervisors.commands" [], "nimbus.blobstore.expiration.secs" 600, "logviewer.childopts" "-Xmx128m", "topology.environment" nil, "topology.debug" false, "topology.disruptor.batch.size" 100, "storm.messaging.netty.max_retries" 300, "ui.childopts" "-Xmx768m", "storm.network.topography.plugin" "org.apache.storm.networktopography.DefaultRackDNSToSwitchMapping", "storm.zookeeper.session.timeout" 20000, "drpc.childopts" "-Xmx768m", "drpc.http.creds.plugin" "org.apache.storm.security.auth.DefaultHttpCredentialsPlugin", "storm.zookeeper.connection.timeout" 15000, "storm.zookeeper.auth.user" nil, "storm.meta.serialization.delegate" "org.apache.storm.serialization.GzipThriftSerializationDelegate", "topology.max.spout.pending" nil, "storm.codedistributor.class" "org.apache.storm.codedistributor.LocalFileSystemCodeDistributor", "nimbus.supervisor.timeout.secs" 60, "nimbus.task.timeout.secs" 30, "drpc.port" 3772, "pacemaker.max.threads" 50, "storm.zookeeper.retry.intervalceiling.millis" 30000, "nimbus.thrift.port" 6627, "storm.auth.simple-acl.admins" [], "topology.component.cpu.pcore.percent" 10.0, "supervisor.memory.capacity.mb" 3072.0, "storm.nimbus.retry.times" 5, "supervisor.worker.start.timeout.secs" 120, "storm.zookeeper.retry.interval" 1000, "logs.users" nil, "storm.cluster.metrics.consumer.publish.interval.secs" 60, "worker.profiler.command" "flight.bash", "transactional.zookeeper.port" nil, "drpc.max_buffer_size" 1048576, "pacemaker.thread.timeout" 10, "task.credentials.poll.secs" 30, "blobstore.superuser" "travis", "drpc.https.keystore.type" "JKS", "topology.worker.receiver.thread.count" 1, "topology.state.checkpoint.interval.ms" 1000, "supervisor.slots.ports" (1024 1025 1026), "topology.transfer.buffer.size" 1024, "storm.health.check.dir" "healthchecks", "topology.worker.shared.thread.pool.size" 4, "drpc.authorizer.acl.strict" false, "nimbus.file.copy.expiration.secs" 600, "worker.profiler.childopts" "-XX:+UnlockCommercialFeatures -XX:+FlightRecorder", "topology.executor.receive.buffer.size" 1024, "backpressure.disruptor.low.watermark" 0.4, "nimbus.task.launch.secs" 120, "storm.local.mode.zmq" false, "storm.messaging.netty.buffer_size" 5242880, "storm.cluster.state.store" "org.apache.storm.cluster_state.zookeeper_state_factory", "worker.heartbeat.frequency.secs" 1, "storm.log4j2.conf.dir" "log4j2", "ui.http.creds.plugin" "org.apache.storm.security.auth.DefaultHttpCredentialsPlugin", "storm.zookeeper.root" "/storm", "topology.tick.tuple.freq.secs" nil, "drpc.https.port" -1, "storm.workers.artifacts.dir" "workers-artifacts", "supervisor.blobstore.download.max_retries" 3, "task.refresh.poll.secs" 10, "storm.exhibitor.port" 8080, "task.heartbeat.frequency.secs" 3, "pacemaker.port" 6699, "storm.messaging.netty.max_wait_ms" 1000, "topology.component.resources.offheap.memory.mb" 0.0, "drpc.http.port" 3774, "topology.error.throttle.interval.secs" 10, "storm.messaging.transport" "org.apache.storm.messaging.netty.Context", "storm.messaging.netty.authentication" false, "topology.component.resources.onheap.memory.mb" 128.0, "topology.kryo.factory" "org.apache.storm.serialization.DefaultKryoFactory", "worker.gc.childopts" "", "nimbus.topology.validator" "org.apache.storm.nimbus.DefaultTopologyValidator", "nimbus.seeds" ["localhost"], "nimbus.queue.size" 100000, "nimbus.cleanup.inbox.freq.secs" 600, "storm.blobstore.replication.factor" 3, "worker.heap.memory.mb" 768, "logviewer.max.sum.worker.logs.size.mb" 4096, "pacemaker.childopts" "-Xmx1024m", "ui.users" nil, "transactional.zookeeper.servers" nil, "supervisor.worker.timeout.secs" 30, "storm.zookeeper.auth.password" nil, "storm.blobstore.acl.validation.enabled" false, "client.blobstore.class" "org.apache.storm.blobstore.NimbusBlobStore", "supervisor.childopts" "-Xmx256m", "topology.worker.max.heap.size.mb" 768.0, "ui.http.x-frame-options" "DENY", "backpressure.disruptor.high.watermark" 0.9, "ui.filter" nil, "ui.header.buffer.bytes" 4096, "topology.min.replication.count" 1, "topology.disruptor.wait.timeout.millis" 1000, "storm.nimbus.retry.intervalceiling.millis" 60000, "topology.trident.batch.emit.interval.millis" 50, "storm.auth.simple-acl.users" [], "drpc.invocations.threads" 64, "java.library.path" "/usr/local/lib:/opt/local/lib:/usr/lib", "ui.port" 8080, "storm.exhibitor.poll.uripath" "/exhibitor/v1/cluster/list", "storm.messaging.netty.transfer.batch.size" 262144, "logviewer.appender.name" "A1", "nimbus.thrift.max_buffer_size" 1048576, "storm.auth.simple-acl.users.commands" [], "drpc.request.timeout.secs" 600}
157248 [main] INFO  o.a.s.l.Localizer - Reconstruct localized resource: /tmp/f06c37d6-f58d-4e7f-b89f-1e5548048f25/supervisor/usercache
157248 [main] WARN  o.a.s.l.Localizer - No left over resources found for any user during reconstructing of local resources at: /tmp/f06c37d6-f58d-4e7f-b89f-1e5548048f25/supervisor/usercache
157249 [main] INFO  o.a.c.f.i.CuratorFrameworkImpl - Starting
157250 [main-EventThread] INFO  o.a.c.f.s.ConnectionStateManager - State change: CONNECTED
157250 [main-EventThread] INFO  o.a.s.zookeeper - Zookeeper state update: :connected:none
157251 [Curator-Framework-0] INFO  o.a.c.f.i.CuratorFrameworkImpl - backgroundOperationsLoop exiting
157252 [main] INFO  o.a.c.f.i.CuratorFrameworkImpl - Starting
157253 [main-EventThread] INFO  o.a.c.f.s.ConnectionStateManager - State change: CONNECTED
157257 [main] INFO  o.a.s.d.supervisor - Starting supervisor with id c1236c7c-d35d-412b-8e35-b710b0deb873 at host testing-worker-linux-docker-07757809-3486-linux-14.prod.travis-ci.org
157258 [main] INFO  o.a.s.d.supervisor - Starting Supervisor with conf {"topology.builtin.metrics.bucket.size.secs" 60, "nimbus.childopts" "-Xmx1024m", "ui.filter.params" nil, "storm.cluster.mode" "local", "storm.messaging.netty.client_worker_threads" 1, "logviewer.max.per.worker.logs.size.mb" 2048, "supervisor.run.worker.as.user" false, "topology.max.task.parallelism" nil, "topology.priority" 29, "zmq.threads" 1, "storm.group.mapping.service" "org.apache.storm.security.auth.ShellBasedGroupsMapping", "transactional.zookeeper.root" "/transactional", "topology.sleep.spout.wait.strategy.time.ms" 1, "scheduler.display.resource" false, "topology.max.replication.wait.time.sec" 60, "drpc.invocations.port" 3773, "supervisor.localizer.cache.target.size.mb" 10240, "topology.multilang.serializer" "org.apache.storm.multilang.JsonSerializer", "storm.messaging.netty.server_worker_threads" 1, "nimbus.blobstore.class" "org.apache.storm.blobstore.LocalFsBlobStore", "resource.aware.scheduler.eviction.strategy" "org.apache.storm.scheduler.resource.strategies.eviction.DefaultEvictionStrategy", "topology.max.error.report.per.interval" 5, "storm.thrift.transport" "org.apache.storm.security.auth.SimpleTransportPlugin", "zmq.hwm" 0, "storm.group.mapping.service.params" nil, "worker.profiler.enabled" false, "storm.principal.tolocal" "org.apache.storm.security.auth.DefaultPrincipalToLocal", "supervisor.worker.shutdown.sleep.secs" 1, "pacemaker.host" "localhost", "storm.zookeeper.retry.times" 5, "ui.actions.enabled" true, "zmq.linger.millis" 0, "supervisor.enable" true, "topology.stats.sample.rate" 0.05, "storm.messaging.netty.min_wait_ms" 100, "worker.log.level.reset.poll.secs" 30, "storm.zookeeper.port" 2003, "supervisor.heartbeat.frequency.secs" 5, "topology.enable.message.timeouts" false, "supervisor.cpu.capacity" 400.0, "drpc.worker.threads" 64, "supervisor.blobstore.download.thread.count" 5, "drpc.queue.size" 128, "topology.backpressure.enable" false, "supervisor.blobstore.class" "org.apache.storm.blobstore.NimbusBlobStore", "storm.blobstore.inputstream.buffer.size.bytes" 65536, "topology.shellbolt.max.pending" 100, "drpc.https.keystore.password" "", "nimbus.code.sync.freq.secs" 120, "logviewer.port" 8000, "topology.scheduler.strategy" "org.apache.storm.scheduler.resource.strategies.scheduling.DefaultResourceAwareStrategy", "topology.executor.send.buffer.size" 1024, "resource.aware.scheduler.priority.strategy" "org.apache.storm.scheduler.resource.strategies.priority.DefaultSchedulingPriorityStrategy", "pacemaker.auth.method" "NONE", "storm.daemon.metrics.reporter.plugins" ["org.apache.storm.daemon.metrics.reporters.JmxPreparableReporter"], "topology.worker.logwriter.childopts" "-Xmx64m", "topology.spout.wait.strategy" "org.apache.storm.spout.SleepSpoutWaitStrategy", "ui.host" "0.0.0.0", "storm.nimbus.retry.interval.millis" 2000, "nimbus.inbox.jar.expiration.secs" 3600, "dev.zookeeper.path" "/tmp/dev-storm-zookeeper", "topology.acker.executors" nil, "topology.fall.back.on.java.serialization" true, "topology.eventlogger.executors" 0, "supervisor.localizer.cleanup.interval.ms" 600000, "storm.zookeeper.servers" ["localhost"], "nimbus.thrift.threads" 64, "logviewer.cleanup.age.mins" 10080, "topology.worker.childopts" nil, "topology.classpath" nil, "supervisor.monitor.frequency.secs" 3, "nimbus.credential.renewers.freq.secs" 600, "topology.skip.missing.kryo.registrations" true, "drpc.authorizer.acl.filename" "drpc-auth-acl.yaml", "pacemaker.kerberos.users" [], "storm.group.mapping.service.cache.duration.secs" 120, "topology.testing.always.try.serialize" false, "nimbus.monitor.freq.secs" 10, "storm.health.check.timeout.ms" 5000, "supervisor.supervisors" [], "topology.tasks" nil, "topology.bolts.outgoing.overflow.buffer.enable" false, "storm.messaging.netty.socket.backlog" 500, "topology.workers" 1, "pacemaker.base.threads" 10, "storm.local.dir" "/tmp/a2231c96-26e7-47af-83d1-51919daa5f16", "topology.disable.loadaware" false, "worker.childopts" "-Xmx%HEAP-MEM%m -XX:+PrintGCDetails -Xloggc:artifacts/gc.log -XX:+PrintGCDateStamps -XX:+PrintGCTimeStamps -XX:+UseGCLogFileRotation -XX:NumberOfGCLogFiles=10 -XX:GCLogFileSize=1M -XX:+HeapDumpOnOutOfMemoryError -XX:HeapDumpPath=artifacts/heapdump", "storm.auth.simple-white-list.users" [], "topology.disruptor.batch.timeout.millis" 1, "topology.message.timeout.secs" 30, "topology.state.synchronization.timeout.secs" 60, "topology.tuple.serializer" "org.apache.storm.serialization.types.ListDelegateSerializer", "supervisor.supervisors.commands" [], "nimbus.blobstore.expiration.secs" 600, "logviewer.childopts" "-Xmx128m", "topology.environment" nil, "topology.debug" false, "topology.disruptor.batch.size" 100, "storm.messaging.netty.max_retries" 300, "ui.childopts" "-Xmx768m", "storm.network.topography.plugin" "org.apache.storm.networktopography.DefaultRackDNSToSwitchMapping", "storm.zookeeper.session.timeout" 20000, "drpc.childopts" "-Xmx768m", "drpc.http.creds.plugin" "org.apache.storm.security.auth.DefaultHttpCredentialsPlugin", "storm.zookeeper.connection.timeout" 15000, "storm.zookeeper.auth.user" nil, "storm.meta.serialization.delegate" "org.apache.storm.serialization.GzipThriftSerializationDelegate", "topology.max.spout.pending" nil, "storm.codedistributor.class" "org.apache.storm.codedistributor.LocalFileSystemCodeDistributor", "nimbus.supervisor.timeout.secs" 60, "nimbus.task.timeout.secs" 30, "drpc.port" 3772, "pacemaker.max.threads" 50, "storm.zookeeper.retry.intervalceiling.millis" 30000, "nimbus.thrift.port" 6627, "storm.auth.simple-acl.admins" [], "topology.component.cpu.pcore.percent" 10.0, "supervisor.memory.capacity.mb" 3072.0, "storm.nimbus.retry.times" 5, "supervisor.worker.start.timeout.secs" 120, "storm.zookeeper.retry.interval" 1000, "logs.users" nil, "storm.cluster.metrics.consumer.publish.interval.secs" 60, "worker.profiler.command" "flight.bash", "transactional.zookeeper.port" nil, "drpc.max_buffer_size" 1048576, "pacemaker.thread.timeout" 10, "task.credentials.poll.secs" 30, "blobstore.superuser" "travis", "drpc.https.keystore.type" "JKS", "topology.worker.receiver.thread.count" 1, "topology.state.checkpoint.interval.ms" 1000, "supervisor.slots.ports" (1027 1028 1029), "topology.transfer.buffer.size" 1024, "storm.health.check.dir" "healthchecks", "topology.worker.shared.thread.pool.size" 4, "drpc.authorizer.acl.strict" false, "nimbus.file.copy.expiration.secs" 600, "worker.profiler.childopts" "-XX:+UnlockCommercialFeatures -XX:+FlightRecorder", "topology.executor.receive.buffer.size" 1024, "backpressure.disruptor.low.watermark" 0.4, "nimbus.task.launch.secs" 120, "storm.local.mode.zmq" false, "storm.messaging.netty.buffer_size" 5242880, "storm.cluster.state.store" "org.apache.storm.cluster_state.zookeeper_state_factory", "worker.heartbeat.frequency.secs" 1, "storm.log4j2.conf.dir" "log4j2", "ui.http.creds.plugin" "org.apache.storm.security.auth.DefaultHttpCredentialsPlugin", "storm.zookeeper.root" "/storm", "topology.tick.tuple.freq.secs" nil, "drpc.https.port" -1, "storm.workers.artifacts.dir" "workers-artifacts", "supervisor.blobstore.download.max_retries" 3, "task.refresh.poll.secs" 10, "storm.exhibitor.port" 8080, "task.heartbeat.frequency.secs" 3, "pacemaker.port" 6699, "storm.messaging.netty.max_wait_ms" 1000, "topology.component.resources.offheap.memory.mb" 0.0, "drpc.http.port" 3774, "topology.error.throttle.interval.secs" 10, "storm.messaging.transport" "org.apache.storm.messaging.netty.Context", "storm.messaging.netty.authentication" false, "topology.component.resources.onheap.memory.mb" 128.0, "topology.kryo.factory" "org.apache.storm.serialization.DefaultKryoFactory", "worker.gc.childopts" "", "nimbus.topology.validator" "org.apache.storm.nimbus.DefaultTopologyValidator", "nimbus.seeds" ["localhost"], "nimbus.queue.size" 100000, "nimbus.cleanup.inbox.freq.secs" 600, "storm.blobstore.replication.factor" 3, "worker.heap.memory.mb" 768, "logviewer.max.sum.worker.logs.size.mb" 4096, "pacemaker.childopts" "-Xmx1024m", "ui.users" nil, "transactional.zookeeper.servers" nil, "supervisor.worker.timeout.secs" 30, "storm.zookeeper.auth.password" nil, "storm.blobstore.acl.validation.enabled" false, "client.blobstore.class" "org.apache.storm.blobstore.NimbusBlobStore", "supervisor.childopts" "-Xmx256m", "topology.worker.max.heap.size.mb" 768.0, "ui.http.x-frame-options" "DENY", "backpressure.disruptor.high.watermark" 0.9, "ui.filter" nil, "ui.header.buffer.bytes" 4096, "topology.min.replication.count" 1, "topology.disruptor.wait.timeout.millis" 1000, "storm.nimbus.retry.intervalceiling.millis" 60000, "topology.trident.batch.emit.interval.millis" 50, "storm.auth.simple-acl.users" [], "drpc.invocations.threads" 64, "java.library.path" "/usr/local/lib:/opt/local/lib:/usr/lib", "ui.port" 8080, "storm.exhibitor.poll.uripath" "/exhibitor/v1/cluster/list", "storm.messaging.netty.transfer.batch.size" 262144, "logviewer.appender.name" "A1", "nimbus.thrift.max_buffer_size" 1048576, "storm.auth.simple-acl.users.commands" [], "drpc.request.timeout.secs" 600}
157259 [main] INFO  o.a.s.l.Localizer - Reconstruct localized resource: /tmp/a2231c96-26e7-47af-83d1-51919daa5f16/supervisor/usercache
157259 [main] WARN  o.a.s.l.Localizer - No left over resources found for any user during reconstructing of local resources at: /tmp/a2231c96-26e7-47af-83d1-51919daa5f16/supervisor/usercache
157259 [main] INFO  o.a.c.f.i.CuratorFrameworkImpl - Starting
157261 [main-EventThread] INFO  o.a.c.f.s.ConnectionStateManager - State change: CONNECTED
157261 [main-EventThread] INFO  o.a.s.zookeeper - Zookeeper state update: :connected:none
157261 [Curator-Framework-0] INFO  o.a.c.f.i.CuratorFrameworkImpl - backgroundOperationsLoop exiting
157262 [main] INFO  o.a.c.f.i.CuratorFrameworkImpl - Starting
157263 [main-EventThread] INFO  o.a.c.f.s.ConnectionStateManager - State change: CONNECTED
157267 [main] INFO  o.a.s.d.supervisor - Starting supervisor with id bb24d797-c4c9-40c9-85e1-e13a6fe57fe5 at host testing-worker-linux-docker-07757809-3486-linux-14.prod.travis-ci.org
157268 [main] INFO  o.a.s.d.supervisor - Starting Supervisor with conf {"topology.builtin.metrics.bucket.size.secs" 60, "nimbus.childopts" "-Xmx1024m", "ui.filter.params" nil, "storm.cluster.mode" "local", "storm.messaging.netty.client_worker_threads" 1, "logviewer.max.per.worker.logs.size.mb" 2048, "supervisor.run.worker.as.user" false, "topology.max.task.parallelism" nil, "topology.priority" 29, "zmq.threads" 1, "storm.group.mapping.service" "org.apache.storm.security.auth.ShellBasedGroupsMapping", "transactional.zookeeper.root" "/transactional", "topology.sleep.spout.wait.strategy.time.ms" 1, "scheduler.display.resource" false, "topology.max.replication.wait.time.sec" 60, "drpc.invocations.port" 3773, "supervisor.localizer.cache.target.size.mb" 10240, "topology.multilang.serializer" "org.apache.storm.multilang.JsonSerializer", "storm.messaging.netty.server_worker_threads" 1, "nimbus.blobstore.class" "org.apache.storm.blobstore.LocalFsBlobStore", "resource.aware.scheduler.eviction.strategy" "org.apache.storm.scheduler.resource.strategies.eviction.DefaultEvictionStrategy", "topology.max.error.report.per.interval" 5, "storm.thrift.transport" "org.apache.storm.security.auth.SimpleTransportPlugin", "zmq.hwm" 0, "storm.group.mapping.service.params" nil, "worker.profiler.enabled" false, "storm.principal.tolocal" "org.apache.storm.security.auth.DefaultPrincipalToLocal", "supervisor.worker.shutdown.sleep.secs" 1, "pacemaker.host" "localhost", "storm.zookeeper.retry.times" 5, "ui.actions.enabled" true, "zmq.linger.millis" 0, "supervisor.enable" true, "topology.stats.sample.rate" 0.05, "storm.messaging.netty.min_wait_ms" 100, "worker.log.level.reset.poll.secs" 30, "storm.zookeeper.port" 2003, "supervisor.heartbeat.frequency.secs" 5, "topology.enable.message.timeouts" false, "supervisor.cpu.capacity" 400.0, "drpc.worker.threads" 64, "supervisor.blobstore.download.thread.count" 5, "drpc.queue.size" 128, "topology.backpressure.enable" false, "supervisor.blobstore.class" "org.apache.storm.blobstore.NimbusBlobStore", "storm.blobstore.inputstream.buffer.size.bytes" 65536, "topology.shellbolt.max.pending" 100, "drpc.https.keystore.password" "", "nimbus.code.sync.freq.secs" 120, "logviewer.port" 8000, "topology.scheduler.strategy" "org.apache.storm.scheduler.resource.strategies.scheduling.DefaultResourceAwareStrategy", "topology.executor.send.buffer.size" 1024, "resource.aware.scheduler.priority.strategy" "org.apache.storm.scheduler.resource.strategies.priority.DefaultSchedulingPriorityStrategy", "pacemaker.auth.method" "NONE", "storm.daemon.metrics.reporter.plugins" ["org.apache.storm.daemon.metrics.reporters.JmxPreparableReporter"], "topology.worker.logwriter.childopts" "-Xmx64m", "topology.spout.wait.strategy" "org.apache.storm.spout.SleepSpoutWaitStrategy", "ui.host" "0.0.0.0", "storm.nimbus.retry.interval.millis" 2000, "nimbus.inbox.jar.expiration.secs" 3600, "dev.zookeeper.path" "/tmp/dev-storm-zookeeper", "topology.acker.executors" nil, "topology.fall.back.on.java.serialization" true, "topology.eventlogger.executors" 0, "supervisor.localizer.cleanup.interval.ms" 600000, "storm.zookeeper.servers" ["localhost"], "nimbus.thrift.threads" 64, "logviewer.cleanup.age.mins" 10080, "topology.worker.childopts" nil, "topology.classpath" nil, "supervisor.monitor.frequency.secs" 3, "nimbus.credential.renewers.freq.secs" 600, "topology.skip.missing.kryo.registrations" true, "drpc.authorizer.acl.filename" "drpc-auth-acl.yaml", "pacemaker.kerberos.users" [], "storm.group.mapping.service.cache.duration.secs" 120, "topology.testing.always.try.serialize" false, "nimbus.monitor.freq.secs" 10, "storm.health.check.timeout.ms" 5000, "supervisor.supervisors" [], "topology.tasks" nil, "topology.bolts.outgoing.overflow.buffer.enable" false, "storm.messaging.netty.socket.backlog" 500, "topology.workers" 1, "pacemaker.base.threads" 10, "storm.local.dir" "/tmp/8ab14078-d6d9-45db-b0a2-cb87ba8ccc54", "topology.disable.loadaware" false, "worker.childopts" "-Xmx%HEAP-MEM%m -XX:+PrintGCDetails -Xloggc:artifacts/gc.log -XX:+PrintGCDateStamps -XX:+PrintGCTimeStamps -XX:+UseGCLogFileRotation -XX:NumberOfGCLogFiles=10 -XX:GCLogFileSize=1M -XX:+HeapDumpOnOutOfMemoryError -XX:HeapDumpPath=artifacts/heapdump", "storm.auth.simple-white-list.users" [], "topology.disruptor.batch.timeout.millis" 1, "topology.message.timeout.secs" 30, "topology.state.synchronization.timeout.secs" 60, "topology.tuple.serializer" "org.apache.storm.serialization.types.ListDelegateSerializer", "supervisor.supervisors.commands" [], "nimbus.blobstore.expiration.secs" 600, "logviewer.childopts" "-Xmx128m", "topology.environment" nil, "topology.debug" false, "topology.disruptor.batch.size" 100, "storm.messaging.netty.max_retries" 300, "ui.childopts" "-Xmx768m", "storm.network.topography.plugin" "org.apache.storm.networktopography.DefaultRackDNSToSwitchMapping", "storm.zookeeper.session.timeout" 20000, "drpc.childopts" "-Xmx768m", "drpc.http.creds.plugin" "org.apache.storm.security.auth.DefaultHttpCredentialsPlugin", "storm.zookeeper.connection.timeout" 15000, "storm.zookeeper.auth.user" nil, "storm.meta.serialization.delegate" "org.apache.storm.serialization.GzipThriftSerializationDelegate", "topology.max.spout.pending" nil, "storm.codedistributor.class" "org.apache.storm.codedistributor.LocalFileSystemCodeDistributor", "nimbus.supervisor.timeout.secs" 60, "nimbus.task.timeout.secs" 30, "drpc.port" 3772, "pacemaker.max.threads" 50, "storm.zookeeper.retry.intervalceiling.millis" 30000, "nimbus.thrift.port" 6627, "storm.auth.simple-acl.admins" [], "topology.component.cpu.pcore.percent" 10.0, "supervisor.memory.capacity.mb" 3072.0, "storm.nimbus.retry.times" 5, "supervisor.worker.start.timeout.secs" 120, "storm.zookeeper.retry.interval" 1000, "logs.users" nil, "storm.cluster.metrics.consumer.publish.interval.secs" 60, "worker.profiler.command" "flight.bash", "transactional.zookeeper.port" nil, "drpc.max_buffer_size" 1048576, "pacemaker.thread.timeout" 10, "task.credentials.poll.secs" 30, "blobstore.superuser" "travis", "drpc.https.keystore.type" "JKS", "topology.worker.receiver.thread.count" 1, "topology.state.checkpoint.interval.ms" 1000, "supervisor.slots.ports" (1030 1031 1032), "topology.transfer.buffer.size" 1024, "storm.health.check.dir" "healthchecks", "topology.worker.shared.thread.pool.size" 4, "drpc.authorizer.acl.strict" false, "nimbus.file.copy.expiration.secs" 600, "worker.profiler.childopts" "-XX:+UnlockCommercialFeatures -XX:+FlightRecorder", "topology.executor.receive.buffer.size" 1024, "backpressure.disruptor.low.watermark" 0.4, "nimbus.task.launch.secs" 120, "storm.local.mode.zmq" false, "storm.messaging.netty.buffer_size" 5242880, "storm.cluster.state.store" "org.apache.storm.cluster_state.zookeeper_state_factory", "worker.heartbeat.frequency.secs" 1, "storm.log4j2.conf.dir" "log4j2", "ui.http.creds.plugin" "org.apache.storm.security.auth.DefaultHttpCredentialsPlugin", "storm.zookeeper.root" "/storm", "topology.tick.tuple.freq.secs" nil, "drpc.https.port" -1, "storm.workers.artifacts.dir" "workers-artifacts", "supervisor.blobstore.download.max_retries" 3, "task.refresh.poll.secs" 10, "storm.exhibitor.port" 8080, "task.heartbeat.frequency.secs" 3, "pacemaker.port" 6699, "storm.messaging.netty.max_wait_ms" 1000, "topology.component.resources.offheap.memory.mb" 0.0, "drpc.http.port" 3774, "topology.error.throttle.interval.secs" 10, "storm.messaging.transport" "org.apache.storm.messaging.netty.Context", "storm.messaging.netty.authentication" false, "topology.component.resources.onheap.memory.mb" 128.0, "topology.kryo.factory" "org.apache.storm.serialization.DefaultKryoFactory", "worker.gc.childopts" "", "nimbus.topology.validator" "org.apache.storm.nimbus.DefaultTopologyValidator", "nimbus.seeds" ["localhost"], "nimbus.queue.size" 100000, "nimbus.cleanup.inbox.freq.secs" 600, "storm.blobstore.replication.factor" 3, "worker.heap.memory.mb" 768, "logviewer.max.sum.worker.logs.size.mb" 4096, "pacemaker.childopts" "-Xmx1024m", "ui.users" nil, "transactional.zookeeper.servers" nil, "supervisor.worker.timeout.secs" 30, "storm.zookeeper.auth.password" nil, "storm.blobstore.acl.validation.enabled" false, "client.blobstore.class" "org.apache.storm.blobstore.NimbusBlobStore", "supervisor.childopts" "-Xmx256m", "topology.worker.max.heap.size.mb" 768.0, "ui.http.x-frame-options" "DENY", "backpressure.disruptor.high.watermark" 0.9, "ui.filter" nil, "ui.header.buffer.bytes" 4096, "topology.min.replication.count" 1, "topology.disruptor.wait.timeout.millis" 1000, "storm.nimbus.retry.intervalceiling.millis" 60000, "topology.trident.batch.emit.interval.millis" 50, "storm.auth.simple-acl.users" [], "drpc.invocations.threads" 64, "java.library.path" "/usr/local/lib:/opt/local/lib:/usr/lib", "ui.port" 8080, "storm.exhibitor.poll.uripath" "/exhibitor/v1/cluster/list", "storm.messaging.netty.transfer.batch.size" 262144, "logviewer.appender.name" "A1", "nimbus.thrift.max_buffer_size" 1048576, "storm.auth.simple-acl.users.commands" [], "drpc.request.timeout.secs" 600}
157268 [main] INFO  o.a.s.l.Localizer - Reconstruct localized resource: /tmp/8ab14078-d6d9-45db-b0a2-cb87ba8ccc54/supervisor/usercache
157268 [main] WARN  o.a.s.l.Localizer - No left over resources found for any user during reconstructing of local resources at: /tmp/8ab14078-d6d9-45db-b0a2-cb87ba8ccc54/supervisor/usercache
157269 [main] INFO  o.a.c.f.i.CuratorFrameworkImpl - Starting
157270 [main-EventThread] INFO  o.a.c.f.s.ConnectionStateManager - State change: CONNECTED
157270 [main-EventThread] INFO  o.a.s.zookeeper - Zookeeper state update: :connected:none
157271 [Curator-Framework-0] INFO  o.a.c.f.i.CuratorFrameworkImpl - backgroundOperationsLoop exiting
157271 [main] INFO  o.a.c.f.i.CuratorFrameworkImpl - Starting
157272 [main-EventThread] INFO  o.a.c.f.s.ConnectionStateManager - State change: CONNECTED
157276 [main] INFO  o.a.s.d.supervisor - Starting supervisor with id 4209b168-9969-4ec3-8155-cb6a9e0f91dc at host testing-worker-linux-docker-07757809-3486-linux-14.prod.travis-ci.org
157277 [main] INFO  o.a.s.d.supervisor - Starting Supervisor with conf {"topology.builtin.metrics.bucket.size.secs" 60, "nimbus.childopts" "-Xmx1024m", "ui.filter.params" nil, "storm.cluster.mode" "local", "storm.messaging.netty.client_worker_threads" 1, "logviewer.max.per.worker.logs.size.mb" 2048, "supervisor.run.worker.as.user" false, "topology.max.task.parallelism" nil, "topology.priority" 29, "zmq.threads" 1, "storm.group.mapping.service" "org.apache.storm.security.auth.ShellBasedGroupsMapping", "transactional.zookeeper.root" "/transactional", "topology.sleep.spout.wait.strategy.time.ms" 1, "scheduler.display.resource" false, "topology.max.replication.wait.time.sec" 60, "drpc.invocations.port" 3773, "supervisor.localizer.cache.target.size.mb" 10240, "topology.multilang.serializer" "org.apache.storm.multilang.JsonSerializer", "storm.messaging.netty.server_worker_threads" 1, "nimbus.blobstore.class" "org.apache.storm.blobstore.LocalFsBlobStore", "resource.aware.scheduler.eviction.strategy" "org.apache.storm.scheduler.resource.strategies.eviction.DefaultEvictionStrategy", "topology.max.error.report.per.interval" 5, "storm.thrift.transport" "org.apache.storm.security.auth.SimpleTransportPlugin", "zmq.hwm" 0, "storm.group.mapping.service.params" nil, "worker.profiler.enabled" false, "storm.principal.tolocal" "org.apache.storm.security.auth.DefaultPrincipalToLocal", "supervisor.worker.shutdown.sleep.secs" 1, "pacemaker.host" "localhost", "storm.zookeeper.retry.times" 5, "ui.actions.enabled" true, "zmq.linger.millis" 0, "supervisor.enable" true, "topology.stats.sample.rate" 0.05, "storm.messaging.netty.min_wait_ms" 100, "worker.log.level.reset.poll.secs" 30, "storm.zookeeper.port" 2003, "supervisor.heartbeat.frequency.secs" 5, "topology.enable.message.timeouts" false, "supervisor.cpu.capacity" 400.0, "drpc.worker.threads" 64, "supervisor.blobstore.download.thread.count" 5, "drpc.queue.size" 128, "topology.backpressure.enable" false, "supervisor.blobstore.class" "org.apache.storm.blobstore.NimbusBlobStore", "storm.blobstore.inputstream.buffer.size.bytes" 65536, "topology.shellbolt.max.pending" 100, "drpc.https.keystore.password" "", "nimbus.code.sync.freq.secs" 120, "logviewer.port" 8000, "topology.scheduler.strategy" "org.apache.storm.scheduler.resource.strategies.scheduling.DefaultResourceAwareStrategy", "topology.executor.send.buffer.size" 1024, "resource.aware.scheduler.priority.strategy" "org.apache.storm.scheduler.resource.strategies.priority.DefaultSchedulingPriorityStrategy", "pacemaker.auth.method" "NONE", "storm.daemon.metrics.reporter.plugins" ["org.apache.storm.daemon.metrics.reporters.JmxPreparableReporter"], "topology.worker.logwriter.childopts" "-Xmx64m", "topology.spout.wait.strategy" "org.apache.storm.spout.SleepSpoutWaitStrategy", "ui.host" "0.0.0.0", "storm.nimbus.retry.interval.millis" 2000, "nimbus.inbox.jar.expiration.secs" 3600, "dev.zookeeper.path" "/tmp/dev-storm-zookeeper", "topology.acker.executors" nil, "topology.fall.back.on.java.serialization" true, "topology.eventlogger.executors" 0, "supervisor.localizer.cleanup.interval.ms" 600000, "storm.zookeeper.servers" ["localhost"], "nimbus.thrift.threads" 64, "logviewer.cleanup.age.mins" 10080, "topology.worker.childopts" nil, "topology.classpath" nil, "supervisor.monitor.frequency.secs" 3, "nimbus.credential.renewers.freq.secs" 600, "topology.skip.missing.kryo.registrations" true, "drpc.authorizer.acl.filename" "drpc-auth-acl.yaml", "pacemaker.kerberos.users" [], "storm.group.mapping.service.cache.duration.secs" 120, "topology.testing.always.try.serialize" false, "nimbus.monitor.freq.secs" 10, "storm.health.check.timeout.ms" 5000, "supervisor.supervisors" [], "topology.tasks" nil, "topology.bolts.outgoing.overflow.buffer.enable" false, "storm.messaging.netty.socket.backlog" 500, "topology.workers" 1, "pacemaker.base.threads" 10, "storm.local.dir" "/tmp/a5c19f7a-b5f4-4f5e-b418-90586da10b90", "topology.disable.loadaware" false, "worker.childopts" "-Xmx%HEAP-MEM%m -XX:+PrintGCDetails -Xloggc:artifacts/gc.log -XX:+PrintGCDateStamps -XX:+PrintGCTimeStamps -XX:+UseGCLogFileRotation -XX:NumberOfGCLogFiles=10 -XX:GCLogFileSize=1M -XX:+HeapDumpOnOutOfMemoryError -XX:HeapDumpPath=artifacts/heapdump", "storm.auth.simple-white-list.users" [], "topology.disruptor.batch.timeout.millis" 1, "topology.message.timeout.secs" 30, "topology.state.synchronization.timeout.secs" 60, "topology.tuple.serializer" "org.apache.storm.serialization.types.ListDelegateSerializer", "supervisor.supervisors.commands" [], "nimbus.blobstore.expiration.secs" 600, "logviewer.childopts" "-Xmx128m", "topology.environment" nil, "topology.debug" false, "topology.disruptor.batch.size" 100, "storm.messaging.netty.max_retries" 300, "ui.childopts" "-Xmx768m", "storm.network.topography.plugin" "org.apache.storm.networktopography.DefaultRackDNSToSwitchMapping", "storm.zookeeper.session.timeout" 20000, "drpc.childopts" "-Xmx768m", "drpc.http.creds.plugin" "org.apache.storm.security.auth.DefaultHttpCredentialsPlugin", "storm.zookeeper.connection.timeout" 15000, "storm.zookeeper.auth.user" nil, "storm.meta.serialization.delegate" "org.apache.storm.serialization.GzipThriftSerializationDelegate", "topology.max.spout.pending" nil, "storm.codedistributor.class" "org.apache.storm.codedistributor.LocalFileSystemCodeDistributor", "nimbus.supervisor.timeout.secs" 60, "nimbus.task.timeout.secs" 30, "drpc.port" 3772, "pacemaker.max.threads" 50, "storm.zookeeper.retry.intervalceiling.millis" 30000, "nimbus.thrift.port" 6627, "storm.auth.simple-acl.admins" [], "topology.component.cpu.pcore.percent" 10.0, "supervisor.memory.capacity.mb" 3072.0, "storm.nimbus.retry.times" 5, "supervisor.worker.start.timeout.secs" 120, "storm.zookeeper.retry.interval" 1000, "logs.users" nil, "storm.cluster.metrics.consumer.publish.interval.secs" 60, "worker.profiler.command" "flight.bash", "transactional.zookeeper.port" nil, "drpc.max_buffer_size" 1048576, "pacemaker.thread.timeout" 10, "task.credentials.poll.secs" 30, "blobstore.superuser" "travis", "drpc.https.keystore.type" "JKS", "topology.worker.receiver.thread.count" 1, "topology.state.checkpoint.interval.ms" 1000, "supervisor.slots.ports" (1033 1034 1035), "topology.transfer.buffer.size" 1024, "storm.health.check.dir" "healthchecks", "topology.worker.shared.thread.pool.size" 4, "drpc.authorizer.acl.strict" false, "nimbus.file.copy.expiration.secs" 600, "worker.profiler.childopts" "-XX:+UnlockCommercialFeatures -XX:+FlightRecorder", "topology.executor.receive.buffer.size" 1024, "backpressure.disruptor.low.watermark" 0.4, "nimbus.task.launch.secs" 120, "storm.local.mode.zmq" false, "storm.messaging.netty.buffer_size" 5242880, "storm.cluster.state.store" "org.apache.storm.cluster_state.zookeeper_state_factory", "worker.heartbeat.frequency.secs" 1, "storm.log4j2.conf.dir" "log4j2", "ui.http.creds.plugin" "org.apache.storm.security.auth.DefaultHttpCredentialsPlugin", "storm.zookeeper.root" "/storm", "topology.tick.tuple.freq.secs" nil, "drpc.https.port" -1, "storm.workers.artifacts.dir" "workers-artifacts", "supervisor.blobstore.download.max_retries" 3, "task.refresh.poll.secs" 10, "storm.exhibitor.port" 8080, "task.heartbeat.frequency.secs" 3, "pacemaker.port" 6699, "storm.messaging.netty.max_wait_ms" 1000, "topology.component.resources.offheap.memory.mb" 0.0, "drpc.http.port" 3774, "topology.error.throttle.interval.secs" 10, "storm.messaging.transport" "org.apache.storm.messaging.netty.Context", "storm.messaging.netty.authentication" false, "topology.component.resources.onheap.memory.mb" 128.0, "topology.kryo.factory" "org.apache.storm.serialization.DefaultKryoFactory", "worker.gc.childopts" "", "nimbus.topology.validator" "org.apache.storm.nimbus.DefaultTopologyValidator", "nimbus.seeds" ["localhost"], "nimbus.queue.size" 100000, "nimbus.cleanup.inbox.freq.secs" 600, "storm.blobstore.replication.factor" 3, "worker.heap.memory.mb" 768, "logviewer.max.sum.worker.logs.size.mb" 4096, "pacemaker.childopts" "-Xmx1024m", "ui.users" nil, "transactional.zookeeper.servers" nil, "supervisor.worker.timeout.secs" 30, "storm.zookeeper.auth.password" nil, "storm.blobstore.acl.validation.enabled" false, "client.blobstore.class" "org.apache.storm.blobstore.NimbusBlobStore", "supervisor.childopts" "-Xmx256m", "topology.worker.max.heap.size.mb" 768.0, "ui.http.x-frame-options" "DENY", "backpressure.disruptor.high.watermark" 0.9, "ui.filter" nil, "ui.header.buffer.bytes" 4096, "topology.min.replication.count" 1, "topology.disruptor.wait.timeout.millis" 1000, "storm.nimbus.retry.intervalceiling.millis" 60000, "topology.trident.batch.emit.interval.millis" 50, "storm.auth.simple-acl.users" [], "drpc.invocations.threads" 64, "java.library.path" "/usr/local/lib:/opt/local/lib:/usr/lib", "ui.port" 8080, "storm.exhibitor.poll.uripath" "/exhibitor/v1/cluster/list", "storm.messaging.netty.transfer.batch.size" 262144, "logviewer.appender.name" "A1", "nimbus.thrift.max_buffer_size" 1048576, "storm.auth.simple-acl.users.commands" [], "drpc.request.timeout.secs" 600}
157278 [main] INFO  o.a.s.l.Localizer - Reconstruct localized resource: /tmp/a5c19f7a-b5f4-4f5e-b418-90586da10b90/supervisor/usercache
157278 [main] WARN  o.a.s.l.Localizer - No left over resources found for any user during reconstructing of local resources at: /tmp/a5c19f7a-b5f4-4f5e-b418-90586da10b90/supervisor/usercache
157278 [main] INFO  o.a.c.f.i.CuratorFrameworkImpl - Starting
157279 [main-EventThread] INFO  o.a.c.f.s.ConnectionStateManager - State change: CONNECTED
157279 [main-EventThread] INFO  o.a.s.zookeeper - Zookeeper state update: :connected:none
157280 [Curator-Framework-0] INFO  o.a.c.f.i.CuratorFrameworkImpl - backgroundOperationsLoop exiting
157280 [main] INFO  o.a.c.f.i.CuratorFrameworkImpl - Starting
157282 [main-EventThread] INFO  o.a.c.f.s.ConnectionStateManager - State change: CONNECTED
157285 [main] INFO  o.a.s.d.supervisor - Starting supervisor with id 1bc506eb-cf84-4185-a699-94e8d70105d5 at host testing-worker-linux-docker-07757809-3486-linux-14.prod.travis-ci.org
157289 [main] INFO  o.a.s.l.ThriftAccessLogger - Request ID: 102 access from:  principal:  operation: submitTopology
157291 [main] INFO  o.a.s.d.nimbus - Received topology submission for topologytest-ab7d977f-b853-40b7-a333-dbf6657e116f with conf {"topology.max.task.parallelism" nil, "topology.submitter.principal" "", "topology.acker.executors" nil, "topology.eventlogger.executors" 0, "storm.zookeeper.superACL" nil, "topology.users" (), "topology.submitter.user" "travis", "topology.kryo.register" nil, "topology.kryo.decorators" (), "storm.id" "topologytest-ab7d977f-b853-40b7-a333-dbf6657e116f-1-0", "topology.name" "topologytest-ab7d977f-b853-40b7-a333-dbf6657e116f"}
157293 [main] INFO  o.a.s.d.nimbus - uploadedJar 
157295 [main] INFO  o.a.c.f.i.CuratorFrameworkImpl - Starting
157296 [main-EventThread] INFO  o.a.c.f.s.ConnectionStateManager - State change: CONNECTED
157297 [main-EventThread] WARN  o.a.c.ConnectionState - Session expired event received
157297 [main-EventThread] INFO  o.a.c.f.s.ConnectionStateManager - State change: LOST
157297 [main-EventThread] WARN  o.a.s.c.zookeeper-state-factory - Received event :expired::none: with disconnected Reader Zookeeper.
157297 [Curator-ConnectionStateManager-0] INFO  o.a.s.cluster - Connection state listener invoked, zookeeper connection state has changed to LOST
157299 [main-EventThread] INFO  o.a.c.f.s.ConnectionStateManager - State change: RECONNECTED
157299 [Curator-ConnectionStateManager-0] INFO  o.a.s.cluster - Connection state listener invoked, zookeeper connection state has changed to RECONNECTED
157299 [Curator-ConnectionStateManager-0] INFO  o.a.s.cluster - Connection state has changed to reconnected so setting nimbuses entry one more time
157299 [Curator-Framework-0] INFO  o.a.c.f.i.CuratorFrameworkImpl - backgroundOperationsLoop exiting
157300 [main] INFO  o.a.s.cluster - setup-path/blobstore/topologytest-ab7d977f-b853-40b7-a333-dbf6657e116f-1-0-stormconf.ser/testing-worker-linux-docker-07757809-3486-linux-14.prod.travis-ci.org:6627-1
157303 [main] INFO  o.a.c.f.i.CuratorFrameworkImpl - Starting
157304 [main-EventThread] INFO  o.a.c.f.s.ConnectionStateManager - State change: CONNECTED
157306 [Curator-Framework-0] INFO  o.a.c.f.i.CuratorFrameworkImpl - backgroundOperationsLoop exiting
157306 [main] INFO  o.a.s.cluster - setup-path/blobstore/topologytest-ab7d977f-b853-40b7-a333-dbf6657e116f-1-0-stormcode.ser/testing-worker-linux-docker-07757809-3486-linux-14.prod.travis-ci.org:6627-1
157309 [main] INFO  o.a.s.d.nimbus - desired replication count 1 achieved, current-replication-count for conf key = 1, current-replication-count for code key = 1, current-replication-count for jar key = 1
157317 [main] INFO  o.a.s.d.nimbus - Activating topologytest-ab7d977f-b853-40b7-a333-dbf6657e116f: topologytest-ab7d977f-b853-40b7-a333-dbf6657e116f-1-0
157355 [timer] INFO  o.a.s.s.EvenScheduler - Available slots: (["4209b168-9969-4ec3-8155-cb6a9e0f91dc" 1032] ["4209b168-9969-4ec3-8155-cb6a9e0f91dc" 1030] ["4209b168-9969-4ec3-8155-cb6a9e0f91dc" 1031] ["1bc506eb-cf84-4185-a699-94e8d70105d5" 1033] ["1bc506eb-cf84-4185-a699-94e8d70105d5" 1034] ["1bc506eb-cf84-4185-a699-94e8d70105d5" 1035] ["c1236c7c-d35d-412b-8e35-b710b0deb873" 1024] ["c1236c7c-d35d-412b-8e35-b710b0deb873" 1025] ["c1236c7c-d35d-412b-8e35-b710b0deb873" 1026] ["bb24d797-c4c9-40c9-85e1-e13a6fe57fe5" 1027] ["bb24d797-c4c9-40c9-85e1-e13a6fe57fe5" 1028] ["bb24d797-c4c9-40c9-85e1-e13a6fe57fe5" 1029])
157358 [timer] INFO  o.a.s.d.nimbus - Setting new assignment for topology id topologytest-ab7d977f-b853-40b7-a333-dbf6657e116f-1-0: #org.apache.storm.daemon.common.Assignment{:master-code-dir "/tmp/ff3504f9-8b7a-469b-a7ce-f66ccacf9dc8", :node->host {"4209b168-9969-4ec3-8155-cb6a9e0f91dc" "testing-worker-linux-docker-07757809-3486-linux-14.prod.travis-ci.org"}, :executor->node+port {[8 8] ["4209b168-9969-4ec3-8155-cb6a9e0f91dc" 1032], [12 12] ["4209b168-9969-4ec3-8155-cb6a9e0f91dc" 1032], [2 2] ["4209b168-9969-4ec3-8155-cb6a9e0f91dc" 1032], [7 7] ["4209b168-9969-4ec3-8155-cb6a9e0f91dc" 1032], [3 3] ["4209b168-9969-4ec3-8155-cb6a9e0f91dc" 1032], [1 1] ["4209b168-9969-4ec3-8155-cb6a9e0f91dc" 1032], [6 6] ["4209b168-9969-4ec3-8155-cb6a9e0f91dc" 1032], [9 9] ["4209b168-9969-4ec3-8155-cb6a9e0f91dc" 1032], [11 11] ["4209b168-9969-4ec3-8155-cb6a9e0f91dc" 1032], [5 5] ["4209b168-9969-4ec3-8155-cb6a9e0f91dc" 1032], [10 10] ["4209b168-9969-4ec3-8155-cb6a9e0f91dc" 1032], [4 4] ["4209b168-9969-4ec3-8155-cb6a9e0f91dc" 1032]}, :executor->start-time-secs {[8 8] 1, [12 12] 1, [2 2] 1, [7 7] 1, [3 3] 1, [1 1] 1, [6 6] 1, [9 9] 1, [11 11] 1, [5 5] 1, [10 10] 1, [4 4] 1}, :worker->resources {["4209b168-9969-4ec3-8155-cb6a9e0f91dc" 1032] [0.0 0.0 0.0]}}
157364 [Thread-1675] INFO  o.a.s.d.supervisor - Downloading code for storm id topologytest-ab7d977f-b853-40b7-a333-dbf6657e116f-1-0
157364 [Thread-1675] INFO  o.a.c.f.i.CuratorFrameworkImpl - Starting
157366 [Thread-1675] INFO  o.a.s.b.FileBlobStoreImpl - Creating new blob store based in /tmp/ff3504f9-8b7a-469b-a7ce-f66ccacf9dc8/blobs
157373 [main-EventThread] WARN  o.a.c.ConnectionState - Session expired event received
157375 [main-EventThread] INFO  o.a.c.f.s.ConnectionStateManager - State change: LOST
157375 [main-EventThread] WARN  o.a.s.c.zookeeper-state-factory - Received event :expired::none: with disconnected Writer Zookeeper.
157376 [main-EventThread] INFO  o.a.c.f.s.ConnectionStateManager - State change: RECONNECTED
157378 [Thread-1675] INFO  o.a.s.d.supervisor - Copying resources at file:/home/travis/build/apache/storm/storm-core/target/test-classes/resources to /tmp/8ab14078-d6d9-45db-b0a2-cb87ba8ccc54/supervisor/stormdist/topologytest-ab7d977f-b853-40b7-a333-dbf6657e116f-1-0/resources
157381 [Thread-1675] INFO  o.a.s.d.supervisor - Finished downloading code for storm id topologytest-ab7d977f-b853-40b7-a333-dbf6657e116f-1-0
157383 [Thread-1676] INFO  o.a.s.d.supervisor - Launching worker with assignment {:storm-id "topologytest-ab7d977f-b853-40b7-a333-dbf6657e116f-1-0", :executors [[8 8] [12 12] [2 2] [7 7] [3 3] [1 1] [6 6] [9 9] [11 11] [5 5] [10 10] [4 4]], :resources #object[org.apache.storm.generated.WorkerResources 0x54c50ee7 "WorkerResources(mem_on_heap:0.0, mem_off_heap:0.0, cpu:0.0)"]} for this supervisor 4209b168-9969-4ec3-8155-cb6a9e0f91dc on port 1032 with id 6f8007c7-c825-4c10-87d3-9ba3867d276d
157384 [Thread-1676] INFO  o.a.s.d.worker - Launching worker for topologytest-ab7d977f-b853-40b7-a333-dbf6657e116f-1-0 on 4209b168-9969-4ec3-8155-cb6a9e0f91dc:1032 with id 6f8007c7-c825-4c10-87d3-9ba3867d276d and conf {"topology.builtin.metrics.bucket.size.secs" 60, "nimbus.childopts" "-Xmx1024m", "ui.filter.params" nil, "storm.cluster.mode" "local", "storm.messaging.netty.client_worker_threads" 1, "logviewer.max.per.worker.logs.size.mb" 2048, "supervisor.run.worker.as.user" false, "topology.max.task.parallelism" nil, "topology.priority" 29, "zmq.threads" 1, "storm.group.mapping.service" "org.apache.storm.security.auth.ShellBasedGroupsMapping", "transactional.zookeeper.root" "/transactional", "topology.sleep.spout.wait.strategy.time.ms" 1, "scheduler.display.resource" false, "topology.max.replication.wait.time.sec" 60, "drpc.invocations.port" 3773, "supervisor.localizer.cache.target.size.mb" 10240, "topology.multilang.serializer" "org.apache.storm.multilang.JsonSerializer", "storm.messaging.netty.server_worker_threads" 1, "nimbus.blobstore.class" "org.apache.storm.blobstore.LocalFsBlobStore", "resource.aware.scheduler.eviction.strategy" "org.apache.storm.scheduler.resource.strategies.eviction.DefaultEvictionStrategy", "topology.max.error.report.per.interval" 5, "storm.thrift.transport" "org.apache.storm.security.auth.SimpleTransportPlugin", "zmq.hwm" 0, "storm.group.mapping.service.params" nil, "worker.profiler.enabled" false, "storm.principal.tolocal" "org.apache.storm.security.auth.DefaultPrincipalToLocal", "supervisor.worker.shutdown.sleep.secs" 1, "pacemaker.host" "localhost", "storm.zookeeper.retry.times" 5, "ui.actions.enabled" true, "zmq.linger.millis" 0, "supervisor.enable" true, "topology.stats.sample.rate" 0.05, "storm.messaging.netty.min_wait_ms" 100, "worker.log.level.reset.poll.secs" 30, "storm.zookeeper.port" 2003, "supervisor.heartbeat.frequency.secs" 5, "topology.enable.message.timeouts" false, "supervisor.cpu.capacity" 400.0, "drpc.worker.threads" 64, "supervisor.blobstore.download.thread.count" 5, "drpc.queue.size" 128, "topology.backpressure.enable" false, "supervisor.blobstore.class" "org.apache.storm.blobstore.NimbusBlobStore", "storm.blobstore.inputstream.buffer.size.bytes" 65536, "topology.shellbolt.max.pending" 100, "drpc.https.keystore.password" "", "nimbus.code.sync.freq.secs" 120, "logviewer.port" 8000, "topology.scheduler.strategy" "org.apache.storm.scheduler.resource.strategies.scheduling.DefaultResourceAwareStrategy", "topology.executor.send.buffer.size" 1024, "resource.aware.scheduler.priority.strategy" "org.apache.storm.scheduler.resource.strategies.priority.DefaultSchedulingPriorityStrategy", "pacemaker.auth.method" "NONE", "storm.daemon.metrics.reporter.plugins" ["org.apache.storm.daemon.metrics.reporters.JmxPreparableReporter"], "topology.worker.logwriter.childopts" "-Xmx64m", "topology.spout.wait.strategy" "org.apache.storm.spout.SleepSpoutWaitStrategy", "ui.host" "0.0.0.0", "storm.nimbus.retry.interval.millis" 2000, "nimbus.inbox.jar.expiration.secs" 3600, "dev.zookeeper.path" "/tmp/dev-storm-zookeeper", "topology.acker.executors" nil, "topology.fall.back.on.java.serialization" true, "topology.eventlogger.executors" 0, "supervisor.localizer.cleanup.interval.ms" 600000, "storm.zookeeper.servers" ["localhost"], "nimbus.thrift.threads" 64, "logviewer.cleanup.age.mins" 10080, "topology.worker.childopts" nil, "topology.classpath" nil, "supervisor.monitor.frequency.secs" 3, "nimbus.credential.renewers.freq.secs" 600, "topology.skip.missing.kryo.registrations" true, "drpc.authorizer.acl.filename" "drpc-auth-acl.yaml", "pacemaker.kerberos.users" [], "storm.group.mapping.service.cache.duration.secs" 120, "topology.testing.always.try.serialize" false, "nimbus.monitor.freq.secs" 10, "storm.health.check.timeout.ms" 5000, "supervisor.supervisors" [], "topology.tasks" nil, "topology.bolts.outgoing.overflow.buffer.enable" false, "storm.messaging.netty.socket.backlog" 500, "topology.workers" 1, "pacemaker.base.threads" 10, "storm.local.dir" "/tmp/8ab14078-d6d9-45db-b0a2-cb87ba8ccc54", "topology.disable.loadaware" false, "worker.childopts" "-Xmx%HEAP-MEM%m -XX:+PrintGCDetails -Xloggc:artifacts/gc.log -XX:+PrintGCDateStamps -XX:+PrintGCTimeStamps -XX:+UseGCLogFileRotation -XX:NumberOfGCLogFiles=10 -XX:GCLogFileSize=1M -XX:+HeapDumpOnOutOfMemoryError -XX:HeapDumpPath=artifacts/heapdump", "storm.auth.simple-white-list.users" [], "topology.disruptor.batch.timeout.millis" 1, "topology.message.timeout.secs" 30, "topology.state.synchronization.timeout.secs" 60, "topology.tuple.serializer" "org.apache.storm.serialization.types.ListDelegateSerializer", "supervisor.supervisors.commands" [], "nimbus.blobstore.expiration.secs" 600, "logviewer.childopts" "-Xmx128m", "topology.environment" nil, "topology.debug" false, "topology.disruptor.batch.size" 100, "storm.messaging.netty.max_retries" 300, "ui.childopts" "-Xmx768m", "storm.network.topography.plugin" "org.apache.storm.networktopography.DefaultRackDNSToSwitchMapping", "storm.zookeeper.session.timeout" 20000, "drpc.childopts" "-Xmx768m", "drpc.http.creds.plugin" "org.apache.storm.security.auth.DefaultHttpCredentialsPlugin", "storm.zookeeper.connection.timeout" 15000, "storm.zookeeper.auth.user" nil, "storm.meta.serialization.delegate" "org.apache.storm.serialization.GzipThriftSerializationDelegate", "topology.max.spout.pending" nil, "storm.codedistributor.class" "org.apache.storm.codedistributor.LocalFileSystemCodeDistributor", "nimbus.supervisor.timeout.secs" 60, "nimbus.task.timeout.secs" 30, "drpc.port" 3772, "pacemaker.max.threads" 50, "storm.zookeeper.retry.intervalceiling.millis" 30000, "nimbus.thrift.port" 6627, "storm.auth.simple-acl.admins" [], "topology.component.cpu.pcore.percent" 10.0, "supervisor.memory.capacity.mb" 3072.0, "storm.nimbus.retry.times" 5, "supervisor.worker.start.timeout.secs" 120, "storm.zookeeper.retry.interval" 1000, "logs.users" nil, "storm.cluster.metrics.consumer.publish.interval.secs" 60, "worker.profiler.command" "flight.bash", "transactional.zookeeper.port" nil, "drpc.max_buffer_size" 1048576, "pacemaker.thread.timeout" 10, "task.credentials.poll.secs" 30, "blobstore.superuser" "travis", "drpc.https.keystore.type" "JKS", "topology.worker.receiver.thread.count" 1, "topology.state.checkpoint.interval.ms" 1000, "supervisor.slots.ports" (1030 1031 1032), "topology.transfer.buffer.size" 1024, "storm.health.check.dir" "healthchecks", "topology.worker.shared.thread.pool.size" 4, "drpc.authorizer.acl.strict" false, "nimbus.file.copy.expiration.secs" 600, "worker.profiler.childopts" "-XX:+UnlockCommercialFeatures -XX:+FlightRecorder", "topology.executor.receive.buffer.size" 1024, "backpressure.disruptor.low.watermark" 0.4, "nimbus.task.launch.secs" 120, "storm.local.mode.zmq" false, "storm.messaging.netty.buffer_size" 5242880, "storm.cluster.state.store" "org.apache.storm.cluster_state.zookeeper_state_factory", "worker.heartbeat.frequency.secs" 1, "storm.log4j2.conf.dir" "log4j2", "ui.http.creds.plugin" "org.apache.storm.security.auth.DefaultHttpCredentialsPlugin", "storm.zookeeper.root" "/storm", "topology.tick.tuple.freq.secs" nil, "drpc.https.port" -1, "storm.workers.artifacts.dir" "workers-artifacts", "supervisor.blobstore.download.max_retries" 3, "task.refresh.poll.secs" 10, "storm.exhibitor.port" 8080, "task.heartbeat.frequency.secs" 3, "pacemaker.port" 6699, "storm.messaging.netty.max_wait_ms" 1000, "topology.component.resources.offheap.memory.mb" 0.0, "drpc.http.port" 3774, "topology.error.throttle.interval.secs" 10, "storm.messaging.transport" "org.apache.storm.messaging.netty.Context", "storm.messaging.netty.authentication" false, "topology.component.resources.onheap.memory.mb" 128.0, "topology.kryo.factory" "org.apache.storm.serialization.DefaultKryoFactory", "worker.gc.childopts" "", "nimbus.topology.validator" "org.apache.storm.nimbus.DefaultTopologyValidator", "nimbus.seeds" ["localhost"], "nimbus.queue.size" 100000, "nimbus.cleanup.inbox.freq.secs" 600, "storm.blobstore.replication.factor" 3, "worker.heap.memory.mb" 768, "logviewer.max.sum.worker.logs.size.mb" 4096, "pacemaker.childopts" "-Xmx1024m", "ui.users" nil, "transactional.zookeeper.servers" nil, "supervisor.worker.timeout.secs" 30, "storm.zookeeper.auth.password" nil, "storm.blobstore.acl.validation.enabled" false, "client.blobstore.class" "org.apache.storm.blobstore.NimbusBlobStore", "supervisor.childopts" "-Xmx256m", "topology.worker.max.heap.size.mb" 768.0, "ui.http.x-frame-options" "DENY", "backpressure.disruptor.high.watermark" 0.9, "ui.filter" nil, "ui.header.buffer.bytes" 4096, "topology.min.replication.count" 1, "topology.disruptor.wait.timeout.millis" 1000, "storm.nimbus.retry.intervalceiling.millis" 60000, "topology.trident.batch.emit.interval.millis" 50, "storm.auth.simple-acl.users" [], "drpc.invocations.threads" 64, "java.library.path" "/usr/local/lib:/opt/local/lib:/usr/lib", "ui.port" 8080, "storm.exhibitor.poll.uripath" "/exhibitor/v1/cluster/list", "storm.messaging.netty.transfer.batch.size" 262144, "logviewer.appender.name" "A1", "nimbus.thrift.max_buffer_size" 1048576, "storm.auth.simple-acl.users.commands" [], "drpc.request.timeout.secs" 600}
157384 [main-EventThread] WARN  o.a.c.ConnectionState - Session expired event received
157385 [Thread-1676] INFO  o.a.c.f.i.CuratorFrameworkImpl - Starting
157391 [main-EventThread] INFO  o.a.c.f.s.ConnectionStateManager - State change: LOST
157395 [main-EventThread] INFO  o.a.c.f.s.ConnectionStateManager - State change: RECONNECTED
157396 [Thread-1676-EventThread] INFO  o.a.c.f.s.ConnectionStateManager - State change: CONNECTED
157396 [Thread-1676-EventThread] INFO  o.a.s.zookeeper - Zookeeper state update: :connected:none
157396 [timer] ERROR o.a.s.d.nimbus - Failed to get topology details
org.apache.storm.generated.KeyNotFoundException
	at org.apache.storm.blobstore.LocalFsBlobStore.getStoredBlobMeta(LocalFsBlobStore.java:149) ~[classes/:?]
	at org.apache.storm.blobstore.LocalFsBlobStore.getBlob(LocalFsBlobStore.java:239) ~[classes/:?]
	at org.apache.storm.blobstore.BlobStore.readBlobTo(BlobStore.java:271) ~[classes/:?]
	at org.apache.storm.blobstore.BlobStore.readBlob(BlobStore.java:300) ~[classes/:?]
	at sun.reflect.GeneratedMethodAccessor80.invoke(Unknown Source) ~[?:?]
	at sun.reflect.DelegatingMethodAccessorImpl.invoke(DelegatingMethodAccessorImpl.java:43) ~[?:1.7.0_76]
	at java.lang.reflect.Method.invoke(Method.java:606) ~[?:1.7.0_76]
	at clojure.lang.Reflector.invokeMatchingMethod(Reflector.java:93) ~[clojure-1.7.0.jar:?]
	at clojure.lang.Reflector.invokeInstanceMethod(Reflector.java:28) ~[clojure-1.7.0.jar:?]
	at org.apache.storm.daemon.nimbus$read_storm_topology_as_nimbus.invoke(nimbus.clj:545) ~[classes/:?]
	at org.apache.storm.daemon.nimbus$compute_executor__GT_component.invoke(nimbus.clj:672) ~[classes/:?]
	at org.apache.storm.daemon.nimbus$read_topology_details.invoke(nimbus.clj:561) ~[classes/:?]
	at org.apache.storm.daemon.nimbus$get_resources_for_topology.invoke(nimbus.clj:896) [classes/:?]
	at org.apache.storm.daemon.nimbus$get_cluster_info$iter__8667__8671$fn__8672.invoke(nimbus.clj:1538) [classes/:?]
	at clojure.lang.LazySeq.sval(LazySeq.java:40) [clojure-1.7.0.jar:?]
	at clojure.lang.LazySeq.seq(LazySeq.java:49) [clojure-1.7.0.jar:?]
	at clojure.lang.RT.seq(RT.java:507) [clojure-1.7.0.jar:?]
	at clojure.core$seq__4128.invoke(core.clj:137) [clojure-1.7.0.jar:?]
	at clojure.core$dorun.invoke(core.clj:3009) [clojure-1.7.0.jar:?]
	at clojure.core$doall.invoke(core.clj:3025) [clojure-1.7.0.jar:?]
	at org.apache.storm.daemon.nimbus$get_cluster_info.invoke(nimbus.clj:1519) [classes/:?]
	at org.apache.storm.daemon.nimbus$send_cluster_metrics_to_executors.invoke(nimbus.clj:1576) [classes/:?]
	at org.apache.storm.daemon.nimbus$fn__8961$exec_fn__2465__auto____8962$fn__8988.invoke(nimbus.clj:2426) [classes/:?]
	at org.apache.storm.timer$schedule_recurring$this__3081.invoke(timer.clj:105) [classes/:?]
	at org.apache.storm.timer$mk_timer$fn__3064$fn__3065.invoke(timer.clj:50) [classes/:?]
	at org.apache.storm.timer$mk_timer$fn__3064.invoke(timer.clj:42) [classes/:?]
	at clojure.lang.AFn.run(AFn.java:22) [clojure-1.7.0.jar:?]
	at java.lang.Thread.run(Thread.java:745) [?:1.7.0_76]
157398 [timer] ERROR o.a.s.d.nimbus - Error when processing event
org.apache.storm.generated.KeyNotFoundException
	at org.apache.storm.blobstore.LocalFsBlobStore.getStoredBlobMeta(LocalFsBlobStore.java:149) ~[classes/:?]
	at org.apache.storm.blobstore.LocalFsBlobStore.getBlobReplication(LocalFsBlobStore.java:268) ~[classes/:?]
	at sun.reflect.GeneratedMethodAccessor165.invoke(Unknown Source) ~[?:?]
	at sun.reflect.DelegatingMethodAccessorImpl.invoke(DelegatingMethodAccessorImpl.java:43) ~[?:1.7.0_76]
	at java.lang.reflect.Method.invoke(Method.java:606) ~[?:1.7.0_76]
	at clojure.lang.Reflector.invokeMatchingMethod(Reflector.java:93) ~[clojure-1.7.0.jar:?]
	at clojure.lang.Reflector.invokeInstanceMethod(Reflector.java:28) ~[clojure-1.7.0.jar:?]
	at org.apache.storm.daemon.nimbus$get_blob_replication_count.invoke(nimbus.clj:502) ~[classes/:?]
	at org.apache.storm.daemon.nimbus$get_cluster_info$iter__8667__8671$fn__8672.invoke(nimbus.clj:1545) ~[classes/:?]
	at clojure.lang.LazySeq.sval(LazySeq.java:40) ~[clojure-1.7.0.jar:?]
	at clojure.lang.LazySeq.seq(LazySeq.java:49) ~[clojure-1.7.0.jar:?]
	at clojure.lang.RT.seq(RT.java:507) ~[clojure-1.7.0.jar:?]
	at clojure.core$seq__4128.invoke(core.clj:137) ~[clojure-1.7.0.jar:?]
	at clojure.core$dorun.invoke(core.clj:3009) ~[clojure-1.7.0.jar:?]
	at clojure.core$doall.invoke(core.clj:3025) ~[clojure-1.7.0.jar:?]
	at org.apache.storm.daemon.nimbus$get_cluster_info.invoke(nimbus.clj:1519) ~[classes/:?]
	at org.apache.storm.daemon.nimbus$send_cluster_metrics_to_executors.invoke(nimbus.clj:1576) ~[classes/:?]
	at org.apache.storm.daemon.nimbus$fn__8961$exec_fn__2465__auto____8962$fn__8988.invoke(nimbus.clj:2426) ~[classes/:?]
	at org.apache.storm.timer$schedule_recurring$this__3081.invoke(timer.clj:105) ~[classes/:?]
	at org.apache.storm.timer$mk_timer$fn__3064$fn__3065.invoke(timer.clj:50) [classes/:?]
	at org.apache.storm.timer$mk_timer$fn__3064.invoke(timer.clj:42) [classes/:?]
	at clojure.lang.AFn.run(AFn.java:22) [clojure-1.7.0.jar:?]
	at java.lang.Thread.run(Thread.java:745) [?:1.7.0_76]
157401 [timer] ERROR o.a.s.util - Halting process: ("Error when processing an event")
java.lang.RuntimeException: ("Error when processing an event")
	at org.apache.storm.util$exit_process_BANG_.doInvoke(util.clj:341) [classes/:?]
	at clojure.lang.RestFn.invoke(RestFn.java:423) [clojure-1.7.0.jar:?]
	at org.apache.storm.daemon.nimbus$nimbus_data$fn__7761.invoke(nimbus.clj:207) [classes/:?]
	at org.apache.storm.timer$mk_timer$fn__3064$fn__3065.invoke(timer.clj:71) [classes/:?]
	at org.apache.storm.timer$mk_timer$fn__3064.invoke(timer.clj:42) [classes/:?]
	at clojure.lang.AFn.run(AFn.java:22) [clojure-1.7.0.jar:?]
	at java.lang.Thread.run(Thread.java:745) [?:1.7.0_76]
157402 [Curator-Framework-0] INFO  o.a.c.f.i.CuratorFrameworkImpl - backgroundOperationsLoop exiting

--------------------------------------------------

travis_time:end:1ea0b289:start=1471908954641810346,finish=1471909192162773231,duration=237520962885[0K
[31;1mThe command "/bin/bash ./dev-tools/travis/travis-script.sh `pwd` $MODULES" exited with 1.[0m
travis_fold:start:cache.2[0Kstore build cache
travis_time:start:14e75b4e[0K
travis_time:end:14e75b4e:start=1471909192167129250,finish=1471909192170515622,duration=3386372[0Ktravis_time:start:063a3123[0K[32;1mchange detected (content changed, file is created, or file is deleted):
/home/travis/.m2/repository/eigenbase/eigenbase-properties/1.1.4/eigenbase-properties-1.1.4.pom.lastUpdated
/home/travis/.m2/repository/io/confluent/kafka-avro-serializer/1.0/kafka-avro-serializer-1.0.pom.lastUpdated
/home/travis/.m2/repository/io/confluent/kafka-schema-registry-client/1.0/kafka-schema-registry-client-1.0.pom.lastUpdated
/home/travis/.m2/repository/net/hydromatic/linq4j/0.4/linq4j-0.4.pom.lastUpdated
/home/travis/.m2/repository/net/hydromatic/quidem/0.1.1/quidem-0.1.1.pom.lastUpdated
/home/travis/.m2/repository/org/apache/storm/flux/1.1.0-SNAPSHOT/maven-metadata-local.xml
/home/travis/.m2/repository/org/apache/storm/flux/1.1.0-SNAPSHOT/_remote.repositories
/home/travis/.m2/repository/org/apache/storm/flux-core/1.1.0-SNAPSHOT/flux-core-1.1.0-SNAPSHOT.jar
/home/travis/.m2/repository/org/apache/storm/flux-core/1.1.0-SNAPSHOT/maven-metadata-local.xml
/home/travis/.m2/repository/org/apache/storm/flux-core/1.1.0-SNAPSHOT/_remote.repositories
/home/travis/.m2/repository/org/ap
[0m
[32;1m...
[0m
[32;1mchanges detected, packing new archive[0m
.
.
.
.
.
.
.
.
.
.
.
.
.
.
[32;1muploading archive[0m

travis_time:end:063a3123:start=1471909192174430136,finish=1471909325984624190,duration=133810194054[0Ktravis_fold:end:cache.2[0K
Done. Your build exited with 1.
