Using worker: worker-linux-docker-82d82183.prod.travis-ci.org:travis-linux-3

travis_fold:start:system_info[0K[33;1mBuild system information[0m
Build language: java
Build group: stable
Build dist: precise
Build id: 156440247
Job id: 156440248
travis-build version: dfcc6fb25
[34m[1mBuild image provisioning date and time[0m
Thu Feb  5 15:09:33 UTC 2015
[34m[1mOperating System Details[0m
Distributor ID:	Ubuntu
Description:	Ubuntu 12.04.5 LTS
Release:	12.04
Codename:	precise
[34m[1mLinux Version[0m
3.13.0-29-generic
[34m[1mCookbooks Version[0m
a68419e https://github.com/travis-ci/travis-cookbooks/tree/a68419e
[34m[1mGCC version[0m
gcc (Ubuntu/Linaro 4.6.3-1ubuntu5) 4.6.3
Copyright (C) 2011 Free Software Foundation, Inc.
This is free software; see the source for copying conditions.  There is NO
warranty; not even for MERCHANTABILITY or FITNESS FOR A PARTICULAR PURPOSE.

[34m[1mLLVM version[0m
clang version 3.4 (tags/RELEASE_34/final)
Target: x86_64-unknown-linux-gnu
Thread model: posix
[34m[1mPre-installed Ruby versions[0m
ruby-1.9.3-p551
[34m[1mPre-installed Node.js versions[0m
v0.10.36
[34m[1mPre-installed Go versions[0m
1.4.1
[34m[1mRedis version[0m
redis-server 2.8.19
[34m[1mriak version[0m
2.0.2
[34m[1mMongoDB version[0m
MongoDB 2.4.12
[34m[1mCouchDB version[0m
couchdb 1.6.1
[34m[1mNeo4j version[0m
1.9.4
[34m[1mRabbitMQ Version[0m
3.4.3
[34m[1mElasticSearch version[0m
1.4.0
[34m[1mInstalled Sphinx versions[0m
2.0.10
2.1.9
2.2.6
[34m[1mDefault Sphinx version[0m
2.2.6
[34m[1mInstalled Firefox version[0m
firefox 31.0esr
[34m[1mPhantomJS version[0m
1.9.8
[34m[1mant -version[0m
Apache Ant(TM) version 1.8.2 compiled on December 3 2011
[34m[1mmvn -version[0m
Apache Maven 3.2.5 (12a6b3acb947671f09b81f49094c53f426d8cea1; 2014-12-14T17:29:23+00:00)
Maven home: /usr/local/maven
Java version: 1.7.0_76, vendor: Oracle Corporation
Java home: /usr/lib/jvm/java-7-oracle/jre
Default locale: en_US, platform encoding: ANSI_X3.4-1968
OS name: "linux", version: "3.13.0-29-generic", arch: "amd64", family: "unix"
travis_fold:end:system_info[0K
travis_fold:start:fix.CVE-2015-7547[0K$ export DEBIAN_FRONTEND=noninteractive
W: Size of file /var/lib/apt/lists/us.archive.ubuntu.com_ubuntu_dists_precise-backports_multiverse_source_Sources.gz is not what the server reported 5886 5888
W: Size of file /var/lib/apt/lists/ppa.launchpad.net_ubuntugis_ppa_ubuntu_dists_precise_main_binary-amd64_Packages.gz is not what the server reported 33653 36677
W: Size of file /var/lib/apt/lists/ppa.launchpad.net_ubuntugis_ppa_ubuntu_dists_precise_main_binary-i386_Packages.gz is not what the server reported 33699 36733
Reading package lists...
Building dependency tree...
Reading state information...
The following extra packages will be installed:
  libc-bin libc-dev-bin libc6-dev
Suggested packages:
  glibc-doc
The following packages will be upgraded:
  libc-bin libc-dev-bin libc6 libc6-dev
4 upgraded, 0 newly installed, 0 to remove and 258 not upgraded.
Need to get 8,840 kB of archives.
After this operation, 14.3 kB disk space will be freed.
Get:1 http://us.archive.ubuntu.com/ubuntu/ precise-updates/main libc6-dev amd64 2.15-0ubuntu10.15 [2,943 kB]
Get:2 http://us.archive.ubuntu.com/ubuntu/ precise-updates/main libc-dev-bin amd64 2.15-0ubuntu10.15 [84.7 kB]
Get:3 http://us.archive.ubuntu.com/ubuntu/ precise-updates/main libc-bin amd64 2.15-0ubuntu10.15 [1,177 kB]
Get:4 http://us.archive.ubuntu.com/ubuntu/ precise-updates/main libc6 amd64 2.15-0ubuntu10.15 [4,636 kB]
Fetched 8,840 kB in 0s (36.6 MB/s)
Preconfiguring packages ...
(Reading database ... (Reading database ... 5%(Reading database ... 10%(Reading database ... 15%(Reading database ... 20%(Reading database ... 25%(Reading database ... 30%(Reading database ... 35%(Reading database ... 40%(Reading database ... 45%(Reading database ... 50%(Reading database ... 55%(Reading database ... 60%(Reading database ... 65%(Reading database ... 70%(Reading database ... 75%(Reading database ... 80%(Reading database ... 85%(Reading database ... 90%(Reading database ... 95%(Reading database ... 100%(Reading database ... 72019 files and directories currently installed.)
Preparing to replace libc6-dev 2.15-0ubuntu10.10 (using .../libc6-dev_2.15-0ubuntu10.15_amd64.deb) ...
Unpacking replacement libc6-dev ...
Preparing to replace libc-dev-bin 2.15-0ubuntu10.10 (using .../libc-dev-bin_2.15-0ubuntu10.15_amd64.deb) ...
Unpacking replacement libc-dev-bin ...
Preparing to replace libc-bin 2.15-0ubuntu10.10 (using .../libc-bin_2.15-0ubuntu10.15_amd64.deb) ...
Unpacking replacement libc-bin ...
Processing triggers for man-db ...
Setting up libc-bin (2.15-0ubuntu10.15) ...
(Reading database ... (Reading database ... 5%(Reading database ... 10%(Reading database ... 15%(Reading database ... 20%(Reading database ... 25%(Reading database ... 30%(Reading database ... 35%(Reading database ... 40%(Reading database ... 45%(Reading database ... 50%(Reading database ... 55%(Reading database ... 60%(Reading database ... 65%(Reading database ... 70%(Reading database ... 75%(Reading database ... 80%(Reading database ... 85%(Reading database ... 90%(Reading database ... 95%(Reading database ... 100%(Reading database ... 72018 files and directories currently installed.)
Preparing to replace libc6 2.15-0ubuntu10.10 (using .../libc6_2.15-0ubuntu10.15_amd64.deb) ...
Unpacking replacement libc6 ...
Setting up libc6 (2.15-0ubuntu10.15) ...
Setting up libc-dev-bin (2.15-0ubuntu10.15) ...
Setting up libc6-dev (2.15-0ubuntu10.15) ...
Processing triggers for libc-bin ...
ldconfig deferred processing now taking place
travis_fold:end:fix.CVE-2015-7547[0Ktravis_fold:start:git.checkout[0Ktravis_time:start:1d8a0cdc[0K$ git clone --depth=50 --branch=master https://github.com/apache/storm.git apache/storm
Cloning into 'apache/storm'...
remote: Counting objects: 22023, done.[K
remote: Compressing objects:   0% (1/9082)   [Kremote: Compressing objects:   1% (91/9082)   [Kremote: Compressing objects:   2% (182/9082)   [Kremote: Compressing objects:   3% (273/9082)   [Kremote: Compressing objects:   4% (364/9082)   [Kremote: Compressing objects:   5% (455/9082)   [Kremote: Compressing objects:   6% (545/9082)   [Kremote: Compressing objects:   7% (636/9082)   [Kremote: Compressing objects:   8% (727/9082)   [Kremote: Compressing objects:   9% (818/9082)   [Kremote: Compressing objects:  10% (909/9082)   [Kremote: Compressing objects:  11% (1000/9082)   [Kremote: Compressing objects:  12% (1090/9082)   [Kremote: Compressing objects:  13% (1181/9082)   [Kremote: Compressing objects:  14% (1272/9082)   [Kremote: Compressing objects:  15% (1363/9082)   [Kremote: Compressing objects:  16% (1454/9082)   [Kremote: Compressing objects:  17% (1544/9082)   [Kremote: Compressing objects:  18% (1635/9082)   [Kremote: Compressing objects:  19% (1726/9082)   [Kremote: Compressing objects:  20% (1817/9082)   [Kremote: Compressing objects:  21% (1908/9082)   [Kremote: Compressing objects:  22% (1999/9082)   [Kremote: Compressing objects:  23% (2089/9082)   [Kremote: Compressing objects:  24% (2180/9082)   [Kremote: Compressing objects:  25% (2271/9082)   [Kremote: Compressing objects:  26% (2362/9082)   [Kremote: Compressing objects:  27% (2453/9082)   [Kremote: Compressing objects:  28% (2543/9082)   [Kremote: Compressing objects:  29% (2634/9082)   [Kremote: Compressing objects:  30% (2725/9082)   [Kremote: Compressing objects:  31% (2816/9082)   [Kremote: Compressing objects:  32% (2907/9082)   [Kremote: Compressing objects:  33% (2998/9082)   [Kremote: Compressing objects:  34% (3088/9082)   [Kremote: Compressing objects:  35% (3179/9082)   [Kremote: Compressing objects:  36% (3270/9082)   [Kremote: Compressing objects:  37% (3361/9082)   [Kremote: Compressing objects:  38% (3452/9082)   [Kremote: Compressing objects:  39% (3542/9082)   [Kremote: Compressing objects:  40% (3633/9082)   [Kremote: Compressing objects:  41% (3724/9082)   [Kremote: Compressing objects:  42% (3815/9082)   [Kremote: Compressing objects:  43% (3906/9082)   [Kremote: Compressing objects:  44% (3997/9082)   [Kremote: Compressing objects:  45% (4087/9082)   [Kremote: Compressing objects:  46% (4178/9082)   [Kremote: Compressing objects:  47% (4269/9082)   [Kremote: Compressing objects:  48% (4360/9082)   [Kremote: Compressing objects:  49% (4451/9082)   [Kremote: Compressing objects:  50% (4541/9082)   [Kremote: Compressing objects:  51% (4632/9082)   [Kremote: Compressing objects:  52% (4723/9082)   [Kremote: Compressing objects:  53% (4814/9082)   [Kremote: Compressing objects:  54% (4905/9082)   [Kremote: Compressing objects:  55% (4996/9082)   [Kremote: Compressing objects:  56% (5086/9082)   [Kremote: Compressing objects:  57% (5177/9082)   [Kremote: Compressing objects:  58% (5268/9082)   [Kremote: Compressing objects:  59% (5359/9082)   [Kremote: Compressing objects:  60% (5450/9082)   [Kremote: Compressing objects:  61% (5541/9082)   [Kremote: Compressing objects:  62% (5631/9082)   [Kremote: Compressing objects:  63% (5722/9082)   [Kremote: Compressing objects:  64% (5813/9082)   [Kremote: Compressing objects:  65% (5904/9082)   [Kremote: Compressing objects:  66% (5995/9082)   [Kremote: Compressing objects:  67% (6085/9082)   [Kremote: Compressing objects:  68% (6176/9082)   [Kremote: Compressing objects:  69% (6267/9082)   [Kremote: Compressing objects:  70% (6358/9082)   [Kremote: Compressing objects:  71% (6449/9082)   [Kremote: Compressing objects:  72% (6540/9082)   [Kremote: Compressing objects:  73% (6630/9082)   [Kremote: Compressing objects:  74% (6721/9082)   [Kremote: Compressing objects:  75% (6812/9082)   [Kremote: Compressing objects:  76% (6903/9082)   [Kremote: Compressing objects:  77% (6994/9082)   [Kremote: Compressing objects:  78% (7084/9082)   [Kremote: Compressing objects:  79% (7175/9082)   [Kremote: Compressing objects:  80% (7266/9082)   [Kremote: Compressing objects:  81% (7357/9082)   [Kremote: Compressing objects:  82% (7448/9082)   [Kremote: Compressing objects:  83% (7539/9082)   [Kremote: Compressing objects:  84% (7629/9082)   [Kremote: Compressing objects:  85% (7720/9082)   [Kremote: Compressing objects:  86% (7811/9082)   [Kremote: Compressing objects:  87% (7902/9082)   [Kremote: Compressing objects:  88% (7993/9082)   [Kremote: Compressing objects:  89% (8083/9082)   [Kremote: Compressing objects:  90% (8174/9082)   [Kremote: Compressing objects:  91% (8265/9082)   [Kremote: Compressing objects:  92% (8356/9082)   [Kremote: Compressing objects:  93% (8447/9082)   [Kremote: Compressing objects:  94% (8538/9082)   [Kremote: Compressing objects:  95% (8628/9082)   [Kremote: Compressing objects:  96% (8719/9082)   [Kremote: Compressing objects:  97% (8810/9082)   [Kremote: Compressing objects:  98% (8901/9082)   [Kremote: Compressing objects:  99% (8992/9082)   [Kremote: Compressing objects: 100% (9082/9082)   [Kremote: Compressing objects: 100% (9082/9082), done.[K
Receiving objects:   0% (1/22023)   Receiving objects:   1% (221/22023)   Receiving objects:   2% (441/22023)   Receiving objects:   3% (661/22023)   Receiving objects:   4% (881/22023)   Receiving objects:   5% (1102/22023)   Receiving objects:   6% (1322/22023)   Receiving objects:   7% (1542/22023)   Receiving objects:   8% (1762/22023)   Receiving objects:   9% (1983/22023)   Receiving objects:  10% (2203/22023)   Receiving objects:  11% (2423/22023)   Receiving objects:  12% (2643/22023)   Receiving objects:  13% (2863/22023)   Receiving objects:  14% (3084/22023)   Receiving objects:  15% (3304/22023)   Receiving objects:  16% (3524/22023)   Receiving objects:  17% (3744/22023)   Receiving objects:  18% (3965/22023)   Receiving objects:  19% (4185/22023)   Receiving objects:  20% (4405/22023)   Receiving objects:  21% (4625/22023)   Receiving objects:  22% (4846/22023)   Receiving objects:  23% (5066/22023)   Receiving objects:  24% (5286/22023)   Receiving objects:  25% (5506/22023)   Receiving objects:  26% (5726/22023)   Receiving objects:  27% (5947/22023), 10.19 MiB | 20.33 MiB/s   Receiving objects:  28% (6167/22023), 10.19 MiB | 20.33 MiB/s   Receiving objects:  29% (6387/22023), 10.19 MiB | 20.33 MiB/s   Receiving objects:  30% (6607/22023), 10.19 MiB | 20.33 MiB/s   Receiving objects:  31% (6828/22023), 10.19 MiB | 20.33 MiB/s   Receiving objects:  32% (7048/22023), 10.19 MiB | 20.33 MiB/s   Receiving objects:  33% (7268/22023), 10.19 MiB | 20.33 MiB/s   Receiving objects:  34% (7488/22023), 10.19 MiB | 20.33 MiB/s   Receiving objects:  35% (7709/22023), 10.19 MiB | 20.33 MiB/s   Receiving objects:  36% (7929/22023), 10.19 MiB | 20.33 MiB/s   Receiving objects:  37% (8149/22023), 10.19 MiB | 20.33 MiB/s   Receiving objects:  38% (8369/22023), 10.19 MiB | 20.33 MiB/s   Receiving objects:  39% (8589/22023), 10.19 MiB | 20.33 MiB/s   Receiving objects:  40% (8810/22023), 10.19 MiB | 20.33 MiB/s   Receiving objects:  41% (9030/22023), 10.19 MiB | 20.33 MiB/s   Receiving objects:  42% (9250/22023), 10.19 MiB | 20.33 MiB/s   Receiving objects:  43% (9470/22023), 10.19 MiB | 20.33 MiB/s   Receiving objects:  44% (9691/22023), 10.19 MiB | 20.33 MiB/s   Receiving objects:  45% (9911/22023), 10.19 MiB | 20.33 MiB/s   Receiving objects:  46% (10131/22023), 10.19 MiB | 20.33 MiB/s   Receiving objects:  47% (10351/22023), 10.19 MiB | 20.33 MiB/s   Receiving objects:  48% (10572/22023), 10.19 MiB | 20.33 MiB/s   Receiving objects:  49% (10792/22023), 10.19 MiB | 20.33 MiB/s   Receiving objects:  50% (11012/22023), 10.19 MiB | 20.33 MiB/s   Receiving objects:  51% (11232/22023), 10.19 MiB | 20.33 MiB/s   Receiving objects:  52% (11452/22023), 10.19 MiB | 20.33 MiB/s   Receiving objects:  53% (11673/22023), 10.19 MiB | 20.33 MiB/s   Receiving objects:  54% (11893/22023), 10.19 MiB | 20.33 MiB/s   Receiving objects:  55% (12113/22023), 10.19 MiB | 20.33 MiB/s   Receiving objects:  56% (12333/22023), 10.19 MiB | 20.33 MiB/s   Receiving objects:  57% (12554/22023), 10.19 MiB | 20.33 MiB/s   Receiving objects:  58% (12774/22023), 10.19 MiB | 20.33 MiB/s   Receiving objects:  59% (12994/22023), 10.19 MiB | 20.33 MiB/s   Receiving objects:  60% (13214/22023), 10.19 MiB | 20.33 MiB/s   Receiving objects:  61% (13435/22023), 10.19 MiB | 20.33 MiB/s   Receiving objects:  62% (13655/22023), 10.19 MiB | 20.33 MiB/s   Receiving objects:  63% (13875/22023), 10.19 MiB | 20.33 MiB/s   Receiving objects:  64% (14095/22023), 10.19 MiB | 20.33 MiB/s   Receiving objects:  65% (14315/22023), 10.19 MiB | 20.33 MiB/s   Receiving objects:  66% (14536/22023), 10.19 MiB | 20.33 MiB/s   Receiving objects:  67% (14756/22023), 10.19 MiB | 20.33 MiB/s   Receiving objects:  68% (14976/22023), 10.19 MiB | 20.33 MiB/s   Receiving objects:  69% (15196/22023), 10.19 MiB | 20.33 MiB/s   Receiving objects:  70% (15417/22023), 10.19 MiB | 20.33 MiB/s   Receiving objects:  71% (15637/22023), 10.19 MiB | 20.33 MiB/s   Receiving objects:  72% (15857/22023), 10.19 MiB | 20.33 MiB/s   Receiving objects:  73% (16077/22023), 10.19 MiB | 20.33 MiB/s   Receiving objects:  74% (16298/22023), 10.19 MiB | 20.33 MiB/s   Receiving objects:  75% (16518/22023), 10.19 MiB | 20.33 MiB/s   Receiving objects:  76% (16738/22023), 10.19 MiB | 20.33 MiB/s   Receiving objects:  77% (16958/22023), 10.19 MiB | 20.33 MiB/s   Receiving objects:  78% (17178/22023), 10.19 MiB | 20.33 MiB/s   Receiving objects:  79% (17399/22023), 10.19 MiB | 20.33 MiB/s   Receiving objects:  80% (17619/22023), 10.19 MiB | 20.33 MiB/s   Receiving objects:  81% (17839/22023), 10.19 MiB | 20.33 MiB/s   Receiving objects:  82% (18059/22023), 10.19 MiB | 20.33 MiB/s   Receiving objects:  83% (18280/22023), 10.19 MiB | 20.33 MiB/s   Receiving objects:  84% (18500/22023), 10.19 MiB | 20.33 MiB/s   Receiving objects:  85% (18720/22023), 10.19 MiB | 20.33 MiB/s   Receiving objects:  86% (18940/22023), 10.19 MiB | 20.33 MiB/s   Receiving objects:  87% (19161/22023), 10.19 MiB | 20.33 MiB/s   Receiving objects:  88% (19381/22023), 10.19 MiB | 20.33 MiB/s   Receiving objects:  89% (19601/22023), 10.19 MiB | 20.33 MiB/s   Receiving objects:  90% (19821/22023), 10.19 MiB | 20.33 MiB/s   Receiving objects:  91% (20041/22023), 10.19 MiB | 20.33 MiB/s   Receiving objects:  92% (20262/22023), 10.19 MiB | 20.33 MiB/s   Receiving objects:  93% (20482/22023), 10.19 MiB | 20.33 MiB/s   Receiving objects:  94% (20702/22023), 10.19 MiB | 20.33 MiB/s   Receiving objects:  95% (20922/22023), 10.19 MiB | 20.33 MiB/s   Receiving objects:  96% (21143/22023), 10.19 MiB | 20.33 MiB/s   Receiving objects:  97% (21363/22023), 10.19 MiB | 20.33 MiB/s   Receiving objects:  98% (21583/22023), 10.19 MiB | 20.33 MiB/s   Receiving objects:  99% (21803/22023), 10.19 MiB | 20.33 MiB/s   remote: Total 22023 (delta 10423), reused 19067 (delta 8092), pack-reused 0[K
Receiving objects: 100% (22023/22023), 10.19 MiB | 20.33 MiB/s   Receiving objects: 100% (22023/22023), 18.40 MiB | 20.33 MiB/s, done.
Resolving deltas:   0% (0/10423)   Resolving deltas:   1% (108/10423)   Resolving deltas:   2% (214/10423)   Resolving deltas:   3% (315/10423)   Resolving deltas:   4% (422/10423)   Resolving deltas:   5% (531/10423)   Resolving deltas:   6% (631/10423)   Resolving deltas:   7% (753/10423)   Resolving deltas:   8% (839/10423)   Resolving deltas:   9% (1036/10423)   Resolving deltas:  10% (1057/10423)   Resolving deltas:  11% (1156/10423)   Resolving deltas:  12% (1265/10423)   Resolving deltas:  13% (1364/10423)   Resolving deltas:  14% (1480/10423)   Resolving deltas:  15% (1564/10423)   Resolving deltas:  16% (1668/10423)   Resolving deltas:  17% (1782/10423)   Resolving deltas:  18% (1879/10423)   Resolving deltas:  19% (1985/10423)   Resolving deltas:  20% (2086/10423)   Resolving deltas:  21% (2190/10423)   Resolving deltas:  22% (2295/10423)   Resolving deltas:  23% (2399/10423)   Resolving deltas:  24% (2512/10423)   Resolving deltas:  26% (2711/10423)   Resolving deltas:  27% (2852/10423)   Resolving deltas:  28% (2920/10423)   Resolving deltas:  29% (3063/10423)   Resolving deltas:  30% (3143/10423)   Resolving deltas:  31% (3233/10423)   Resolving deltas:  32% (3359/10423)   Resolving deltas:  33% (3444/10423)   Resolving deltas:  34% (3549/10423)   Resolving deltas:  35% (3653/10423)   Resolving deltas:  36% (3819/10423)   Resolving deltas:  37% (3859/10423)   Resolving deltas:  38% (3965/10423)   Resolving deltas:  39% (4065/10423)   Resolving deltas:  40% (4180/10423)   Resolving deltas:  41% (4278/10423)   Resolving deltas:  42% (4378/10423)   Resolving deltas:  43% (4487/10423)   Resolving deltas:  44% (4592/10423)   Resolving deltas:  45% (4691/10423)   Resolving deltas:  46% (4796/10423)   Resolving deltas:  47% (4904/10423)   Resolving deltas:  48% (5026/10423)   Resolving deltas:  49% (5111/10423)   Resolving deltas:  50% (5263/10423)   Resolving deltas:  51% (5318/10423)   Resolving deltas:  52% (5421/10423)   Resolving deltas:  53% (5543/10423)   Resolving deltas:  54% (5639/10423)   Resolving deltas:  55% (5733/10423)   Resolving deltas:  56% (5838/10423)   Resolving deltas:  57% (5964/10423)   Resolving deltas:  58% (6046/10423)   Resolving deltas:  59% (6154/10423)   Resolving deltas:  60% (6256/10423)   Resolving deltas:  61% (6361/10423)   Resolving deltas:  63% (6568/10423)   Resolving deltas:  64% (6696/10423)   Resolving deltas:  65% (6790/10423)   Resolving deltas:  66% (6959/10423)   Resolving deltas:  67% (7015/10423)   Resolving deltas:  68% (7091/10423)   Resolving deltas:  69% (7211/10423)   Resolving deltas:  70% (7304/10423)   Resolving deltas:  71% (7401/10423)   Resolving deltas:  73% (7649/10423)   Resolving deltas:  74% (7719/10423)   Resolving deltas:  75% (7856/10423)   Resolving deltas:  76% (7993/10423)   Resolving deltas:  77% (8073/10423)   Resolving deltas:  78% (8130/10423)   Resolving deltas:  79% (8237/10423)   Resolving deltas:  80% (8339/10423)   Resolving deltas:  81% (8445/10423)   Resolving deltas:  82% (8547/10423)   Resolving deltas:  83% (8653/10423)   Resolving deltas:  84% (8756/10423)   Resolving deltas:  85% (8861/10423)   Resolving deltas:  87% (9117/10423)   Resolving deltas:  88% (9213/10423)   Resolving deltas:  89% (9282/10423)   Resolving deltas:  90% (9398/10423)   Resolving deltas:  91% (9512/10423)   Resolving deltas:  92% (9592/10423)   Resolving deltas:  93% (9709/10423)   Resolving deltas:  94% (9800/10423)   Resolving deltas:  95% (9904/10423)   Resolving deltas:  96% (10010/10423)   Resolving deltas:  97% (10168/10423)   Resolving deltas:  98% (10215/10423)   Resolving deltas:  99% (10319/10423)   Resolving deltas: 100% (10423/10423)   Resolving deltas: 100% (10423/10423), done.
Checking connectivity... done.

travis_time:end:1d8a0cdc:start=1472628612943690583,finish=1472628621537564254,duration=8593873671[0K$ cd apache/storm
$ git checkout -qf eb998c565ae0648f3fa8eaebfd95141613ac0d70
travis_fold:end:git.checkout[0K
[33;1mThis job is running on container-based infrastructure, which does not allow use of 'sudo', setuid and setguid executables.[0m
[33;1mIf you require sudo, add 'sudo: required' to your .travis.yml[0m
[33;1mSee https://docs.travis-ci.com/user/workers/container-based-infrastructure/ for details.[0m

[33;1mSetting environment variables from .travis.yml[0m
$ export MODULES=storm-core

$ jdk_switcher use oraclejdk8
Switching to Oracle JDK8 (java-8-oracle), JAVA_HOME will be set to /usr/lib/jvm/java-8-oracle
travis_fold:start:cache.1[0KSetting up build cache
$ export CASHER_DIR=$HOME/.casher
travis_time:start:2e89b0c6[0K$ Installing caching utilities

travis_time:end:2e89b0c6:start=1472628623583647843,finish=1472628623632845605,duration=49197762[0Ktravis_time:start:104a43cd[0K
travis_time:end:104a43cd:start=1472628623637401056,finish=1472628623640533919,duration=3132863[0Ktravis_time:start:13806089[0K[32;1mattempting to download cache archive[0m
[32;1mfetching master/cache-linux-precise-4722ea394922d42b2b7eb84cff6efc764d76759821ac6f6efc13232aa923f595--jdk-oraclejdk8.tgz[0m
[32;1mfound cache[0m

travis_time:end:13806089:start=1472628623644241690,finish=1472628638520972160,duration=14876730470[0Ktravis_time:start:069de2d3[0K
travis_time:end:069de2d3:start=1472628638524851386,finish=1472628638528346087,duration=3494701[0Ktravis_time:start:198a2054[0K[32;1madding /home/travis/.m2/repository to cache[0m
[32;1madding /home/travis/.rvm to cache[0m
[32;1madding /home/travis/.nvm to cache[0m

travis_time:end:198a2054:start=1472628638532168425,finish=1472628651897996895,duration=13365828470[0Ktravis_fold:end:cache.1[0K$ java -Xmx32m -version
java version "1.8.0_31"
Java(TM) SE Runtime Environment (build 1.8.0_31-b13)
Java HotSpot(TM) 64-Bit Server VM (build 25.31-b07, mixed mode)
$ javac -J-Xmx32m -version
javac 1.8.0_31
travis_fold:start:before_install.1[0Ktravis_time:start:05e667ac[0K$ rvm use 2.1.5 --install
[32mUsing /home/travis/.rvm/gems/ruby-2.1.5[0m

travis_time:end:05e667ac:start=1472628655467195724,finish=1472628655715077638,duration=247881914[0Ktravis_fold:end:before_install.1[0Ktravis_fold:start:before_install.2[0Ktravis_time:start:2a07b1d2[0K$ nvm install 0.12.2
v0.12.2 is already installed.
Now using node v0.12.2

travis_time:end:2a07b1d2:start=1472628655719190141,finish=1472628655954012951,duration=234822810[0Ktravis_fold:end:before_install.2[0Ktravis_fold:start:before_install.3[0Ktravis_time:start:01bf0594[0K$ nvm use 0.12.2
Now using node v0.12.2

travis_time:end:01bf0594:start=1472628655958343246,finish=1472628656018893841,duration=60550595[0Ktravis_fold:end:before_install.3[0Ktravis_fold:start:install[0Ktravis_time:start:17ee1927[0K$ /bin/bash ./dev-tools/travis/travis-install.sh `pwd`
Python version :   Python 2.7.3
Java HotSpot(TM) 64-Bit Server VM warning: ignoring option MaxPermSize=192m; support was removed in 8.0
Maven version  :   Apache Maven 3.2.5 (12a6b3acb947671f09b81f49094c53f426d8cea1; 2014-12-14T17:29:23+00:00) Maven home: /usr/local/maven Java version: 1.8.0_31, vendor: Oracle Corporation Java home: /usr/lib/jvm/java-8-oracle/jre Default locale: en_US, platform encoding: UTF-8 OS name: "linux", version: "3.13.0-40-generic", arch: "amd64", family: "unix"
['mvn', 'clean', 'install', '-DskipTests', '-Pnative', '--batch-mode'] writing to install.txt
3 seconds 2 log lines14 seconds 93 log lines24 seconds 241 log lines70 seconds 327 log lines87 seconds 334 log lines98 seconds 410 log lines120 seconds 658 log lines130 seconds 808 log lines143 seconds 874 log lines156 seconds 892 log lines168 seconds 966 log lines178 seconds 1163 log lines196 seconds 1463 log lines206 seconds 1727 log lines216 seconds 2143 log lines229 seconds 2238 log lines239 seconds 2507 log lines249 seconds 2792 log lines258 seconds 2848 log lines
['mvn', 'clean', 'install', '-DskipTests', '-Pnative', '--batch-mode'] done 0

travis_time:end:17ee1927:start=1472628656023028183,finish=1472628915091403853,duration=259068375670[0Ktravis_fold:end:install[0Ktravis_time:start:045990bc[0K$ /bin/bash ./dev-tools/travis/travis-script.sh `pwd` $MODULES
Python version :   Python 2.7.3
Ruby version   :   ruby 2.1.5p273 (2014-11-13 revision 48405) [x86_64-linux]
NodeJs version :   v0.12.2
Java HotSpot(TM) 64-Bit Server VM warning: ignoring option MaxPermSize=192m; support was removed in 8.0
Maven version  :   Apache Maven 3.2.5 (12a6b3acb947671f09b81f49094c53f426d8cea1; 2014-12-14T17:29:23+00:00) Maven home: /usr/local/maven Java version: 1.8.0_31, vendor: Oracle Corporation Java home: /usr/lib/jvm/java-8-oracle/jre Default locale: en_US, platform encoding: UTF-8 OS name: "linux", version: "3.13.0-40-generic", arch: "amd64", family: "unix"
Java HotSpot(TM) 64-Bit Server VM warning: ignoring option MaxPermSize=192m; support was removed in 8.0
[INFO] Scanning for projects...
[INFO]                                                                         
[INFO] ------------------------------------------------------------------------
[INFO] Building Storm Core 2.0.0-SNAPSHOT
[INFO] ------------------------------------------------------------------------
[INFO] 
[INFO] --- exec-maven-plugin:1.2.1:exec (default) @ storm-core ---
[INFO] 
[INFO] --- maven-remote-resources-plugin:1.2.1:process (default) @ storm-core ---
[INFO] 
[INFO] --- storm-maven-plugins:2.0.0-SNAPSHOT:version-info (version-info) @ storm-core ---
[WARNING] [svn, info] failed with error code 1
[INFO] SCM: GIT
[INFO] Computed MD5: 2f2573a9e7398a8aa8dc737c27ca11
[INFO] 
[INFO] --- maven-resources-plugin:2.5:resources (default-resources) @ storm-core ---
[debug] execute contextualize
[INFO] Using 'UTF-8' encoding to copy filtered resources.
[INFO] Copying 9 resources
[INFO] Copying 1 resource to META-INF
[INFO] Copying 0 resource
[INFO] Copying 1 resource
[INFO] Copying 3 resources
[INFO] 
[INFO] --- maven-compiler-plugin:3.1:compile (default-compile) @ storm-core ---
[INFO] Nothing to compile - all classes are up to date
[INFO] 
[INFO] --- clojure-maven-plugin:1.7.1:compile (compile-clojure) @ storm-core ---
Compiling org.apache.storm.trident.testing to /home/travis/build/apache/storm/storm-core/target/classes
07:35:45.264 [main] WARN  o.a.s.m.StormMetricsRegistry - Metric ui:num-topology-op-response-http-requests has already been registered
07:35:45.267 [main] WARN  o.a.s.m.StormMetricsRegistry - Metric ui:num-topology-op-response-http-requests has already been registered
Compiling org.apache.storm.config to /home/travis/build/apache/storm/storm-core/target/classes
Compiling org.apache.storm.LocalCluster to /home/travis/build/apache/storm/storm-core/target/classes
Compiling org.apache.storm.internal.clojure to /home/travis/build/apache/storm/storm-core/target/classes
Compiling org.apache.storm.daemon.logviewer to /home/travis/build/apache/storm/storm-core/target/classes
Compiling org.apache.storm.daemon.drpc to /home/travis/build/apache/storm/storm-core/target/classes
Compiling org.apache.storm.daemon.local-supervisor to /home/travis/build/apache/storm/storm-core/target/classes
Compiling org.apache.storm.testing4j to /home/travis/build/apache/storm/storm-core/target/classes
Compiling org.apache.storm.ui.core to /home/travis/build/apache/storm/storm-core/target/classes
Compiling org.apache.storm.ui.helpers to /home/travis/build/apache/storm/storm-core/target/classes
Compiling org.apache.storm.converter to /home/travis/build/apache/storm/storm-core/target/classes
Compiling org.apache.storm.daemon.nimbus to /home/travis/build/apache/storm/storm-core/target/classes
Compiling org.apache.storm.testing to /home/travis/build/apache/storm/storm-core/target/classes
Compiling org.apache.storm.daemon.local-executor to /home/travis/build/apache/storm/storm-core/target/classes
Compiling org.apache.storm.internal.thrift to /home/travis/build/apache/storm/storm-core/target/classes
Compiling org.apache.storm.local-state-converter to /home/travis/build/apache/storm/storm-core/target/classes
Compiling org.apache.storm.log to /home/travis/build/apache/storm/storm-core/target/classes
Compiling org.apache.storm.daemon.common to /home/travis/build/apache/storm/storm-core/target/classes
Compiling org.apache.storm.command.shell-submission to /home/travis/build/apache/storm/storm-core/target/classes
Compiling org.apache.storm.util to /home/travis/build/apache/storm/storm-core/target/classes
Compiling org.apache.storm.daemon.worker to /home/travis/build/apache/storm/storm-core/target/classes
Compiling org.apache.storm.scheduler.IsolationScheduler to /home/travis/build/apache/storm/storm-core/target/classes
[INFO] 
[INFO] --- make-maven-plugin:1.0-beta-1:autoreconf (compile) @ storm-core ---
[INFO] 
[INFO] --- make-maven-plugin:1.0-beta-1:configure (compile) @ storm-core ---
[INFO] /bin/sh: 14: /home/travis/.jdk_switcher_rc: [[: not found
[INFO] /bin/sh: 22: /home/travis/.jdk_switcher_rc: [[: not found
[INFO] /bin/sh: 32: /home/travis/.jdk_switcher_rc: [[: not found
[INFO] /bin/sh: 42: /home/travis/.jdk_switcher_rc: [[: not found
[INFO] /bin/sh: 3: /etc/profile.d/rvm.sh: [[: not found
[INFO] checking for gcc... gcc
[INFO] checking whether the C compiler works... yes
[INFO] checking for C compiler default output file name... a.out
[INFO] checking for suffix of executables... 
[INFO] checking whether we are cross compiling... no
[INFO] checking for suffix of object files... o
[INFO] checking whether we are using the GNU C compiler... yes
[INFO] checking whether gcc accepts -g... yes
[INFO] checking for gcc option to accept ISO C89... none needed
[INFO] checking how to run the C preprocessor... gcc -E
[INFO] checking for grep that handles long lines and -e... /bin/grep
[INFO] checking for egrep... /bin/grep -E
[INFO] checking for ANSI C header files... yes
[INFO] checking for sys/types.h... yes
[INFO] checking for sys/stat.h... yes
[INFO] checking for stdlib.h... yes
[INFO] checking for string.h... yes
[INFO] checking for memory.h... yes
[INFO] checking for strings.h... yes
[INFO] checking for inttypes.h... yes
[INFO] checking for stdint.h... yes
[INFO] checking for unistd.h... yes
[INFO] checking minix/config.h usability... no
[INFO] checking minix/config.h presence... no
[INFO] checking for minix/config.h... no
[INFO] checking whether it is safe to define __EXTENSIONS__... yes
[INFO] checking for a BSD-compatible install... /usr/bin/install -c
[INFO] checking whether build environment is sane... yes
[INFO] checking for a thread-safe mkdir -p... /bin/mkdir -p
[INFO] checking for gawk... gawk
[INFO] checking whether make sets $(MAKE)... yes
[INFO] checking for style of include used by make... GNU
[INFO] checking dependency style of gcc... gcc3
[INFO] checking for gcc... (cached) gcc
[INFO] checking whether we are using the GNU C compiler... (cached) yes
[INFO] checking whether gcc accepts -g... (cached) yes
[INFO] checking for gcc option to accept ISO C89... (cached) none needed
[INFO] checking whether gcc and cc understand -c and -o together... yes
[INFO] checking for unistd.h... (cached) yes
[INFO] checking for stdbool.h that conforms to C99... yes
[INFO] checking for _Bool... yes
[INFO] checking for an ANSI C-conforming const... yes
[INFO] checking for off_t... yes
[INFO] checking for size_t... yes
[INFO] checking whether strerror_r is declared... yes
[INFO] checking for strerror_r... yes
[INFO] checking whether strerror_r returns char *... yes
[INFO] checking for mkdir... yes
[INFO] checking for uname... yes
[INFO] configure: creating ./config.status
[INFO] config.status: creating Makefile
[INFO] config.status: executing depfiles commands
[INFO] 
[INFO] --- make-maven-plugin:1.0-beta-1:make-install (compile) @ storm-core ---
[INFO] /bin/sh: 14: /home/travis/.jdk_switcher_rc: [[: not found
[INFO] /bin/sh: 22: /home/travis/.jdk_switcher_rc: [[: not found
[INFO] /bin/sh: 32: /home/travis/.jdk_switcher_rc: [[: not found
[INFO] /bin/sh: 42: /home/travis/.jdk_switcher_rc: [[: not found
[INFO] /bin/sh: 3: /etc/profile.d/rvm.sh: [[: not found
[INFO] make[1]: Entering directory `/home/travis/build/apache/storm/storm-core/target/native/worker-launcher'
[INFO] test -z "/usr/local/bin" || /bin/mkdir -p "/home/travis/build/apache/storm/storm-core/target/native/target/usr/local/bin"
[INFO]   /usr/bin/install -c worker-launcher '/home/travis/build/apache/storm/storm-core/target/native/target/usr/local/bin'
[INFO] make[1]: Nothing to be done for `install-data-am'.
[INFO] make[1]: Leaving directory `/home/travis/build/apache/storm/storm-core/target/native/worker-launcher'
[INFO] 
[INFO] --- maven-resources-plugin:2.5:testResources (default-testResources) @ storm-core ---
[debug] execute contextualize
[INFO] Using 'UTF-8' encoding to copy filtered resources.
[INFO] Copying 14 resources
[INFO] Copying 2 resources
[INFO] Copying 3 resources
[INFO] 
[INFO] --- maven-dependency-plugin:2.8:unpack (unpack) @ storm-core ---
[INFO] Configured Artifact: org.apache.storm:multilang-ruby:2.0.0-SNAPSHOT:jar
[INFO] Downloading: https://repository.apache.org/snapshots/org/apache/storm/multilang-ruby/2.0.0-SNAPSHOT/maven-metadata.xml
[INFO] Configured Artifact: org.apache.storm:multilang-python:2.0.0-SNAPSHOT:jar
[INFO] Downloading: https://repository.apache.org/snapshots/org/apache/storm/multilang-python/2.0.0-SNAPSHOT/maven-metadata.xml
[INFO] Configured Artifact: org.apache.storm:multilang-javascript:2.0.0-SNAPSHOT:jar
[INFO] Downloading: https://repository.apache.org/snapshots/org/apache/storm/multilang-javascript/2.0.0-SNAPSHOT/maven-metadata.xml
[INFO] multilang-ruby-2.0.0-SNAPSHOT.jar already unpacked.
[INFO] multilang-python-2.0.0-SNAPSHOT.jar already unpacked.
[INFO] multilang-javascript-2.0.0-SNAPSHOT.jar already unpacked.
[INFO] 
[INFO] --- maven-compiler-plugin:3.1:testCompile (default-testCompile) @ storm-core ---
[INFO] Changes detected - recompiling the module!
[INFO] Compiling 70 source files to /home/travis/build/apache/storm/storm-core/target/test-classes
[WARNING] /home/travis/build/apache/storm/storm-core/test/jvm/org/apache/storm/localizer/LocalizerTest.java: Some input files use or override a deprecated API.
[WARNING] /home/travis/build/apache/storm/storm-core/test/jvm/org/apache/storm/localizer/LocalizerTest.java: Recompile with -Xlint:deprecation for details.
[WARNING] /home/travis/build/apache/storm/storm-core/test/jvm/org/apache/storm/spout/CheckpointSpoutTest.java: Some input files use unchecked or unsafe operations.
[WARNING] /home/travis/build/apache/storm/storm-core/test/jvm/org/apache/storm/spout/CheckpointSpoutTest.java: Recompile with -Xlint:unchecked for details.
[INFO] 
[INFO] --- maven-surefire-plugin:2.18.1:test (default-test) @ storm-core ---
[INFO] Surefire report directory: /home/travis/build/apache/storm/storm-core/target/surefire-reports
[INFO] parallel='none', perCoreThreadCount=true, threadCount=0, useUnlimitedThreads=false, threadCountSuites=0, threadCountClasses=0, threadCountMethods=0, parallelOptimized=true

-------------------------------------------------------
 T E S T S
-------------------------------------------------------
Running org.apache.storm.spout.CheckpointSpoutTest
Tests run: 7, Failures: 0, Errors: 0, Skipped: 0, Time elapsed: 0.419 sec - in org.apache.storm.spout.CheckpointSpoutTest
Running org.apache.storm.utils.TimeTest
Tests run: 8, Failures: 0, Errors: 0, Skipped: 0, Time elapsed: 0.001 sec - in org.apache.storm.utils.TimeTest
Running org.apache.storm.utils.WorkerBackpressureThreadTest
Tests run: 1, Failures: 0, Errors: 0, Skipped: 0, Time elapsed: 0.194 sec - in org.apache.storm.utils.WorkerBackpressureThreadTest
Running org.apache.storm.utils.DisruptorQueueTest
Tests run: 3, Failures: 0, Errors: 0, Skipped: 0, Time elapsed: 3.296 sec - in org.apache.storm.utils.DisruptorQueueTest
Running org.apache.storm.utils.UtilsTest
Tests run: 8, Failures: 0, Errors: 0, Skipped: 0, Time elapsed: 0.157 sec - in org.apache.storm.utils.UtilsTest
Running org.apache.storm.utils.DisruptorQueueBackpressureTest
Tests run: 1, Failures: 0, Errors: 0, Skipped: 0, Time elapsed: 0 sec - in org.apache.storm.utils.DisruptorQueueBackpressureTest
Running org.apache.storm.utils.ThriftTopologyUtilsTest
Tests run: 6, Failures: 0, Errors: 0, Skipped: 0, Time elapsed: 0.028 sec - in org.apache.storm.utils.ThriftTopologyUtilsTest
Running org.apache.storm.utils.ShellBoltMessageQueueTest
Tests run: 3, Failures: 0, Errors: 0, Skipped: 0, Time elapsed: 2.01 sec - in org.apache.storm.utils.ShellBoltMessageQueueTest
Running org.apache.storm.utils.ZookeeperServerCnxnFactoryTest
Tests run: 2, Failures: 0, Errors: 0, Skipped: 0, Time elapsed: 0.085 sec - in org.apache.storm.utils.ZookeeperServerCnxnFactoryTest
Running org.apache.storm.utils.StormBoundedExponentialBackoffRetryTest
Tests run: 5, Failures: 0, Errors: 0, Skipped: 0, Time elapsed: 0.883 sec - in org.apache.storm.utils.StormBoundedExponentialBackoffRetryTest
Running org.apache.storm.command.TestCLI
Tests run: 1, Failures: 0, Errors: 0, Skipped: 0, Time elapsed: 0.079 sec - in org.apache.storm.command.TestCLI
Running org.apache.storm.command.RebalanceTest
Tests run: 2, Failures: 0, Errors: 0, Skipped: 0, Time elapsed: 0.15 sec - in org.apache.storm.command.RebalanceTest
Running org.apache.storm.command.SetLogLevelTest
Tests run: 3, Failures: 0, Errors: 0, Skipped: 0, Time elapsed: 0.146 sec - in org.apache.storm.command.SetLogLevelTest
Running org.apache.storm.serialization.ThriftBridgeSerializationDelegateTest
Tests run: 1, Failures: 0, Errors: 0, Skipped: 0, Time elapsed: 0.018 sec - in org.apache.storm.serialization.ThriftBridgeSerializationDelegateTest
Running org.apache.storm.serialization.GzipBridgeSerializationDelegateTest
Tests run: 3, Failures: 0, Errors: 0, Skipped: 0, Time elapsed: 0.034 sec - in org.apache.storm.serialization.GzipBridgeSerializationDelegateTest
Running org.apache.storm.serialization.GzipBridgeThriftSerializationDelegateTest
Tests run: 3, Failures: 0, Errors: 0, Skipped: 0, Time elapsed: 0.038 sec - in org.apache.storm.serialization.GzipBridgeThriftSerializationDelegateTest
Running org.apache.storm.serialization.SerializationTest
Tests run: 3, Failures: 0, Errors: 0, Skipped: 0, Time elapsed: 6.469 sec - in org.apache.storm.serialization.SerializationTest
Running org.apache.storm.serialization.SerializationFactoryTest
Tests run: 3, Failures: 0, Errors: 0, Skipped: 0, Time elapsed: 0.662 sec - in org.apache.storm.serialization.SerializationFactoryTest
Running org.apache.storm.trident.TridentWindowingTest
Tests run: 3, Failures: 0, Errors: 0, Skipped: 0, Time elapsed: 0.08 sec - in org.apache.storm.trident.TridentWindowingTest
Running org.apache.storm.trident.TestTridentTopology
Tests run: 1, Failures: 0, Errors: 0, Skipped: 0, Time elapsed: 16.067 sec - in org.apache.storm.trident.TestTridentTopology
Running org.apache.storm.metric.internal.LatencyStatAndMetricTest
Tests run: 1, Failures: 0, Errors: 0, Skipped: 0, Time elapsed: 0.031 sec - in org.apache.storm.metric.internal.LatencyStatAndMetricTest
Running org.apache.storm.metric.internal.CountStatAndMetricTest
Tests run: 1, Failures: 0, Errors: 0, Skipped: 0, Time elapsed: 0.01 sec - in org.apache.storm.metric.internal.CountStatAndMetricTest
Running org.apache.storm.metric.internal.RateTrackerTest
Tests run: 4, Failures: 0, Errors: 0, Skipped: 0, Time elapsed: 0.002 sec - in org.apache.storm.metric.internal.RateTrackerTest
Running org.apache.storm.metric.filter.FilterByMetricNameTest
Tests run: 4, Failures: 0, Errors: 0, Skipped: 0, Time elapsed: 0.033 sec - in org.apache.storm.metric.filter.FilterByMetricNameTest
Running org.apache.storm.metric.util.DataPointExpanderTest
Tests run: 5, Failures: 0, Errors: 0, Skipped: 0, Time elapsed: 0.006 sec - in org.apache.storm.metric.util.DataPointExpanderTest
Running org.apache.storm.windowing.WaterMarkEventGeneratorTest
Tests run: 5, Failures: 0, Errors: 0, Skipped: 0, Time elapsed: 0.021 sec - in org.apache.storm.windowing.WaterMarkEventGeneratorTest
Running org.apache.storm.windowing.WindowManagerTest
Tests run: 12, Failures: 0, Errors: 0, Skipped: 0, Time elapsed: 0.94 sec - in org.apache.storm.windowing.WindowManagerTest
Running org.apache.storm.topology.StatefulBoltExecutorTest
Tests run: 7, Failures: 0, Errors: 0, Skipped: 0, Time elapsed: 0.607 sec - in org.apache.storm.topology.StatefulBoltExecutorTest
Running org.apache.storm.topology.StatefulWindowedBoltExecutorTest
Tests run: 4, Failures: 0, Errors: 0, Skipped: 0, Time elapsed: 0.533 sec - in org.apache.storm.topology.StatefulWindowedBoltExecutorTest
Running org.apache.storm.topology.TopologyBuilderTest
Tests run: 5, Failures: 0, Errors: 0, Skipped: 0, Time elapsed: 0.111 sec - in org.apache.storm.topology.TopologyBuilderTest
Running org.apache.storm.topology.WindowedBoltExecutorTest
Tests run: 5, Failures: 0, Errors: 0, Skipped: 0, Time elapsed: 0.354 sec - in org.apache.storm.topology.WindowedBoltExecutorTest
Running org.apache.storm.localizer.LocalizerTest
Tests run: 13, Failures: 0, Errors: 0, Skipped: 0, Time elapsed: 1.799 sec - in org.apache.storm.localizer.LocalizerTest
Running org.apache.storm.localizer.LocalizedResourceRetentionSetTest
Tests run: 2, Failures: 0, Errors: 0, Skipped: 0, Time elapsed: 0.06 sec - in org.apache.storm.localizer.LocalizedResourceRetentionSetTest
Running org.apache.storm.localizer.LocalizedResourceSetTest
Tests run: 4, Failures: 0, Errors: 0, Skipped: 0, Time elapsed: 0.021 sec - in org.apache.storm.localizer.LocalizedResourceSetTest
Running org.apache.storm.security.auth.authorizer.DRPCSimpleACLAuthorizerTest
Tests run: 7, Failures: 0, Errors: 0, Skipped: 0, Time elapsed: 0.036 sec - in org.apache.storm.security.auth.authorizer.DRPCSimpleACLAuthorizerTest
Running org.apache.storm.security.auth.DefaultHttpCredentialsPluginTest
Tests run: 2, Failures: 0, Errors: 0, Skipped: 0, Time elapsed: 0.041 sec - in org.apache.storm.security.auth.DefaultHttpCredentialsPluginTest
Running org.apache.storm.security.auth.AuthUtilsTest
Tests run: 15, Failures: 0, Errors: 0, Skipped: 0, Time elapsed: 0.056 sec - in org.apache.storm.security.auth.AuthUtilsTest
Running org.apache.storm.security.auth.ThriftServerTest
Tests run: 2, Failures: 0, Errors: 0, Skipped: 0, Time elapsed: 0.016 sec - in org.apache.storm.security.auth.ThriftServerTest
Running org.apache.storm.security.auth.SaslTransportPluginTest
Tests run: 2, Failures: 0, Errors: 0, Skipped: 0, Time elapsed: 0.005 sec - in org.apache.storm.security.auth.SaslTransportPluginTest
Running org.apache.storm.security.auth.ThriftClientTest
Tests run: 4, Failures: 0, Errors: 0, Skipped: 0, Time elapsed: 0.052 sec - in org.apache.storm.security.auth.ThriftClientTest
Running org.apache.storm.security.auth.ReqContextTest
Tests run: 4, Failures: 0, Errors: 0, Skipped: 0, Time elapsed: 0.003 sec - in org.apache.storm.security.auth.ReqContextTest
Running org.apache.storm.security.serialization.BlowfishTupleSerializerTest
Tests run: 3, Failures: 0, Errors: 0, Skipped: 0, Time elapsed: 0.569 sec - in org.apache.storm.security.serialization.BlowfishTupleSerializerTest
Running org.apache.storm.blobstore.BlobStoreTest
Tests run: 4, Failures: 0, Errors: 0, Skipped: 0, Time elapsed: 0.593 sec - in org.apache.storm.blobstore.BlobStoreTest
Running org.apache.storm.blobstore.BlobSynchronizerTest
Tests run: 4, Failures: 0, Errors: 0, Skipped: 0, Time elapsed: 2.063 sec - in org.apache.storm.blobstore.BlobSynchronizerTest
Running org.apache.storm.blobstore.ClientBlobStoreTest
Tests run: 4, Failures: 0, Errors: 0, Skipped: 0, Time elapsed: 0.001 sec - in org.apache.storm.blobstore.ClientBlobStoreTest
Running org.apache.storm.cluster.StormClusterStateImplTest
Tests run: 5, Failures: 0, Errors: 0, Skipped: 0, Time elapsed: 0.013 sec - in org.apache.storm.cluster.StormClusterStateImplTest
Running org.apache.storm.dependency.DependencyPropertiesParserTest
Tests run: 5, Failures: 0, Errors: 0, Skipped: 0, Time elapsed: 0.01 sec - in org.apache.storm.dependency.DependencyPropertiesParserTest
Running org.apache.storm.dependency.DependencyUploaderTest
Tests run: 8, Failures: 0, Errors: 0, Skipped: 0, Time elapsed: 0.178 sec - in org.apache.storm.dependency.DependencyUploaderTest
Running org.apache.storm.scheduler.resource.strategies.scheduling.TestDefaultResourceAwareStrategy
Tests run: 2, Failures: 0, Errors: 0, Skipped: 0, Time elapsed: 0.293 sec - in org.apache.storm.scheduler.resource.strategies.scheduling.TestDefaultResourceAwareStrategy
Running org.apache.storm.scheduler.resource.TestResourceAwareScheduler
Tests run: 14, Failures: 0, Errors: 0, Skipped: 0, Time elapsed: 8.231 sec - in org.apache.storm.scheduler.resource.TestResourceAwareScheduler
Running org.apache.storm.scheduler.resource.TestUser
Tests run: 3, Failures: 0, Errors: 0, Skipped: 0, Time elapsed: 0.564 sec - in org.apache.storm.scheduler.resource.TestUser
Running org.apache.storm.nimbus.LocalNimbusTest
Tests run: 1, Failures: 0, Errors: 1, Skipped: 0, Time elapsed: 9.452 sec <<< FAILURE! - in org.apache.storm.nimbus.LocalNimbusTest
testSubmitTopologyToLocalNimbus(org.apache.storm.nimbus.LocalNimbusTest)  Time elapsed: 9.449 sec  <<< ERROR!
java.lang.RuntimeException: org.apache.thrift.transport.TTransportException
	at org.apache.thrift.transport.TIOStreamTransport.read(TIOStreamTransport.java:132)
	at org.apache.thrift.transport.TTransport.readAll(TTransport.java:86)
	at org.apache.thrift.transport.TFramedTransport.readFrame(TFramedTransport.java:129)
	at org.apache.thrift.transport.TFramedTransport.read(TFramedTransport.java:101)
	at org.apache.thrift.transport.TTransport.readAll(TTransport.java:86)
	at org.apache.thrift.protocol.TBinaryProtocol.readAll(TBinaryProtocol.java:429)
	at org.apache.thrift.protocol.TBinaryProtocol.readI32(TBinaryProtocol.java:318)
	at org.apache.thrift.protocol.TBinaryProtocol.readMessageBegin(TBinaryProtocol.java:219)
	at org.apache.thrift.TServiceClient.receiveBase(TServiceClient.java:77)
	at org.apache.storm.generated.Nimbus$Client.recv_getTopologyInfo(Nimbus.java:1186)
	at org.apache.storm.generated.Nimbus$Client.getTopologyInfo(Nimbus.java:1173)
	at org.apache.storm.utils.Utils.getTopologyInfo(Utils.java:1466)
	at org.apache.storm.LocalCluster$submit_hook.invoke(LocalCluster.clj:44)
	at org.apache.storm.LocalCluster$_submitTopology.invoke(LocalCluster.clj:52)
	at org.apache.storm.LocalCluster.submitTopology(Unknown Source)
	at org.apache.storm.nimbus.LocalNimbusTest.testSubmitTopologyToLocalNimbus(LocalNimbusTest.java:65)

Running org.apache.storm.tuple.FieldsTest
Tests run: 12, Failures: 0, Errors: 0, Skipped: 0, Time elapsed: 0 sec - in org.apache.storm.tuple.FieldsTest
Running org.apache.storm.stats.TestStatsUtil
Tests run: 6, Failures: 0, Errors: 0, Skipped: 0, Time elapsed: 0 sec - in org.apache.storm.stats.TestStatsUtil
Running org.apache.storm.grouping.PartialKeyGroupingTest
Tests run: 2, Failures: 0, Errors: 0, Skipped: 0, Time elapsed: 0 sec - in org.apache.storm.grouping.PartialKeyGroupingTest
Running org.apache.storm.state.InMemoryKeyValueStateTest
Tests run: 2, Failures: 0, Errors: 0, Skipped: 0, Time elapsed: 0 sec - in org.apache.storm.state.InMemoryKeyValueStateTest
Running org.apache.storm.TestConfigValidate
Tests run: 25, Failures: 0, Errors: 0, Skipped: 0, Time elapsed: 0 sec - in org.apache.storm.TestConfigValidate
Running org.apache.storm.PacemakerTest
Tests run: 9, Failures: 0, Errors: 0, Skipped: 0, Time elapsed: 0.001 sec - in org.apache.storm.PacemakerTest
Running org.apache.storm.PaceMakerStateStorageFactoryTest
Tests run: 10, Failures: 0, Errors: 0, Skipped: 0, Time elapsed: 0.001 sec - in org.apache.storm.PaceMakerStateStorageFactoryTest
Running org.apache.storm.TestCgroups
Tests run: 1, Failures: 0, Errors: 0, Skipped: 1, Time elapsed: 0 sec - in org.apache.storm.TestCgroups

Results :

Tests in error: 
  LocalNimbusTest.testSubmitTopologyToLocalNimbus:65 Â» Runtime org.apache.thrift...

Tests run: 295, Failures: 0, Errors: 1, Skipped: 1

[INFO] ------------------------------------------------------------------------
[INFO] BUILD FAILURE
[INFO] ------------------------------------------------------------------------
[INFO] Total time: 02:00 min
[INFO] Finished at: 2016-08-31T07:37:18+00:00
[INFO] Final Memory: 46M/363M
[INFO] ------------------------------------------------------------------------
[ERROR] Failed to execute goal org.apache.maven.plugins:maven-surefire-plugin:2.18.1:test (default-test) on project storm-core: There are test failures.
[ERROR] 
[ERROR] Please refer to /home/travis/build/apache/storm/storm-core/target/surefire-reports for the individual test results.
[ERROR] -> [Help 1]
[ERROR] 
[ERROR] To see the full stack trace of the errors, re-run Maven with the -e switch.
[ERROR] Re-run Maven using the -X switch to enable full debug logging.
[ERROR] 
[ERROR] For more information about the errors and possible solutions, please read the following articles:
[ERROR] [Help 1] http://cwiki.apache.org/confluence/display/MAVEN/MojoFailureException
Looking for errors in ./storm-core/target/surefire-reports
Checking ./storm-core/target/surefire-reports/TEST-org.apache.storm.spout.CheckpointSpoutTest.xml
Checking ./storm-core/target/surefire-reports/TEST-org.apache.storm.utils.TimeTest.xml
Checking ./storm-core/target/surefire-reports/TEST-org.apache.storm.utils.WorkerBackpressureThreadTest.xml
Checking ./storm-core/target/surefire-reports/TEST-org.apache.storm.utils.DisruptorQueueTest.xml
Checking ./storm-core/target/surefire-reports/TEST-org.apache.storm.utils.UtilsTest.xml
Checking ./storm-core/target/surefire-reports/TEST-org.apache.storm.utils.DisruptorQueueBackpressureTest.xml
Checking ./storm-core/target/surefire-reports/TEST-org.apache.storm.utils.ThriftTopologyUtilsTest.xml
Checking ./storm-core/target/surefire-reports/TEST-org.apache.storm.utils.ShellBoltMessageQueueTest.xml
Checking ./storm-core/target/surefire-reports/TEST-org.apache.storm.utils.ZookeeperServerCnxnFactoryTest.xml
Checking ./storm-core/target/surefire-reports/TEST-org.apache.storm.utils.StormBoundedExponentialBackoffRetryTest.xml
Checking ./storm-core/target/surefire-reports/TEST-org.apache.storm.command.TestCLI.xml
Checking ./storm-core/target/surefire-reports/TEST-org.apache.storm.command.RebalanceTest.xml
Checking ./storm-core/target/surefire-reports/TEST-org.apache.storm.command.SetLogLevelTest.xml
Checking ./storm-core/target/surefire-reports/TEST-org.apache.storm.serialization.ThriftBridgeSerializationDelegateTest.xml
Checking ./storm-core/target/surefire-reports/TEST-org.apache.storm.serialization.GzipBridgeSerializationDelegateTest.xml
Checking ./storm-core/target/surefire-reports/TEST-org.apache.storm.serialization.GzipBridgeThriftSerializationDelegateTest.xml
Checking ./storm-core/target/surefire-reports/TEST-org.apache.storm.serialization.SerializationTest.xml
Checking ./storm-core/target/surefire-reports/TEST-org.apache.storm.serialization.SerializationFactoryTest.xml
Checking ./storm-core/target/surefire-reports/TEST-org.apache.storm.trident.TridentWindowingTest.xml
Checking ./storm-core/target/surefire-reports/TEST-org.apache.storm.trident.TestTridentTopology.xml
Checking ./storm-core/target/surefire-reports/TEST-org.apache.storm.metric.internal.LatencyStatAndMetricTest.xml
Checking ./storm-core/target/surefire-reports/TEST-org.apache.storm.metric.internal.CountStatAndMetricTest.xml
Checking ./storm-core/target/surefire-reports/TEST-org.apache.storm.metric.internal.RateTrackerTest.xml
Checking ./storm-core/target/surefire-reports/TEST-org.apache.storm.metric.filter.FilterByMetricNameTest.xml
Checking ./storm-core/target/surefire-reports/TEST-org.apache.storm.metric.util.DataPointExpanderTest.xml
Checking ./storm-core/target/surefire-reports/TEST-org.apache.storm.windowing.WaterMarkEventGeneratorTest.xml
Checking ./storm-core/target/surefire-reports/TEST-org.apache.storm.windowing.WindowManagerTest.xml
Checking ./storm-core/target/surefire-reports/TEST-org.apache.storm.topology.StatefulBoltExecutorTest.xml
Checking ./storm-core/target/surefire-reports/TEST-org.apache.storm.topology.StatefulWindowedBoltExecutorTest.xml
Checking ./storm-core/target/surefire-reports/TEST-org.apache.storm.topology.TopologyBuilderTest.xml
Checking ./storm-core/target/surefire-reports/TEST-org.apache.storm.topology.WindowedBoltExecutorTest.xml
Checking ./storm-core/target/surefire-reports/TEST-org.apache.storm.localizer.LocalizerTest.xml
Checking ./storm-core/target/surefire-reports/TEST-org.apache.storm.localizer.LocalizedResourceRetentionSetTest.xml
Checking ./storm-core/target/surefire-reports/TEST-org.apache.storm.localizer.LocalizedResourceSetTest.xml
Checking ./storm-core/target/surefire-reports/TEST-org.apache.storm.security.auth.authorizer.DRPCSimpleACLAuthorizerTest.xml
Checking ./storm-core/target/surefire-reports/TEST-org.apache.storm.security.auth.DefaultHttpCredentialsPluginTest.xml
Checking ./storm-core/target/surefire-reports/TEST-org.apache.storm.security.auth.AuthUtilsTest.xml
Checking ./storm-core/target/surefire-reports/TEST-org.apache.storm.security.auth.ThriftServerTest.xml
Checking ./storm-core/target/surefire-reports/TEST-org.apache.storm.security.auth.SaslTransportPluginTest.xml
Checking ./storm-core/target/surefire-reports/TEST-org.apache.storm.security.auth.ThriftClientTest.xml
Checking ./storm-core/target/surefire-reports/TEST-org.apache.storm.security.auth.ReqContextTest.xml
Checking ./storm-core/target/surefire-reports/TEST-org.apache.storm.security.serialization.BlowfishTupleSerializerTest.xml
Checking ./storm-core/target/surefire-reports/TEST-org.apache.storm.blobstore.BlobStoreTest.xml
Checking ./storm-core/target/surefire-reports/TEST-org.apache.storm.blobstore.BlobSynchronizerTest.xml
Checking ./storm-core/target/surefire-reports/TEST-org.apache.storm.blobstore.ClientBlobStoreTest.xml
Checking ./storm-core/target/surefire-reports/TEST-org.apache.storm.cluster.StormClusterStateImplTest.xml
Checking ./storm-core/target/surefire-reports/TEST-org.apache.storm.dependency.DependencyPropertiesParserTest.xml
Checking ./storm-core/target/surefire-reports/TEST-org.apache.storm.dependency.DependencyUploaderTest.xml
Checking ./storm-core/target/surefire-reports/TEST-org.apache.storm.scheduler.resource.strategies.scheduling.TestDefaultResourceAwareStrategy.xml
Checking ./storm-core/target/surefire-reports/TEST-org.apache.storm.scheduler.resource.TestResourceAwareScheduler.xml
Checking ./storm-core/target/surefire-reports/TEST-org.apache.storm.scheduler.resource.TestUser.xml
Checking ./storm-core/target/surefire-reports/TEST-org.apache.storm.nimbus.LocalNimbusTest.xml
--------------------------------------------------
classname: org.apache.storm.nimbus.LocalNimbusTest / testname: testSubmitTopologyToLocalNimbus
java.lang.RuntimeException: org.apache.thrift.transport.TTransportException
	at org.apache.thrift.transport.TIOStreamTransport.read(TIOStreamTransport.java:132)
	at org.apache.thrift.transport.TTransport.readAll(TTransport.java:86)
	at org.apache.thrift.transport.TFramedTransport.readFrame(TFramedTransport.java:129)
	at org.apache.thrift.transport.TFramedTransport.read(TFramedTransport.java:101)
	at org.apache.thrift.transport.TTransport.readAll(TTransport.java:86)
	at org.apache.thrift.protocol.TBinaryProtocol.readAll(TBinaryProtocol.java:429)
	at org.apache.thrift.protocol.TBinaryProtocol.readI32(TBinaryProtocol.java:318)
	at org.apache.thrift.protocol.TBinaryProtocol.readMessageBegin(TBinaryProtocol.java:219)
	at org.apache.thrift.TServiceClient.receiveBase(TServiceClient.java:77)
	at org.apache.storm.generated.Nimbus$Client.recv_getTopologyInfo(Nimbus.java:1186)
	at org.apache.storm.generated.Nimbus$Client.getTopologyInfo(Nimbus.java:1173)
	at org.apache.storm.utils.Utils.getTopologyInfo(Utils.java:1466)
	at org.apache.storm.LocalCluster$submit_hook.invoke(LocalCluster.clj:44)
	at org.apache.storm.LocalCluster$_submitTopology.invoke(LocalCluster.clj:52)
	at org.apache.storm.LocalCluster.submitTopology(Unknown Source)
	at org.apache.storm.nimbus.LocalNimbusTest.testSubmitTopologyToLocalNimbus(LocalNimbusTest.java:65)

-------------------- system-out --------------------
50253 [main-SendThread(localhost:2181)] WARN  o.a.z.ClientCnxn - Session 0x0 for server null, unexpected error, closing socket connection and attempting reconnect
java.net.ConnectException: Connection refused
	at sun.nio.ch.SocketChannelImpl.checkConnect(Native Method) ~[?:1.8.0_31]
	at sun.nio.ch.SocketChannelImpl.finishConnect(SocketChannelImpl.java:716) ~[?:1.8.0_31]
	at org.apache.zookeeper.ClientCnxnSocketNIO.doTransport(ClientCnxnSocketNIO.java:361) ~[zookeeper-3.4.6.jar:3.4.6-1569965]
	at org.apache.zookeeper.ClientCnxn$SendThread.run(ClientCnxn.java:1081) [zookeeper-3.4.6.jar:3.4.6-1569965]
50254 [main-SendThread(localhost:2181)] WARN  o.a.z.ClientCnxn - Session 0x0 for server null, unexpected error, closing socket connection and attempting reconnect
java.net.ConnectException: Connection refused
	at sun.nio.ch.SocketChannelImpl.checkConnect(Native Method) ~[?:1.8.0_31]
	at sun.nio.ch.SocketChannelImpl.finishConnect(SocketChannelImpl.java:716) ~[?:1.8.0_31]
	at org.apache.zookeeper.ClientCnxnSocketNIO.doTransport(ClientCnxnSocketNIO.java:361) ~[zookeeper-3.4.6.jar:3.4.6-1569965]
	at org.apache.zookeeper.ClientCnxn$SendThread.run(ClientCnxn.java:1081) [zookeeper-3.4.6.jar:3.4.6-1569965]
50254 [main-SendThread(localhost:2181)] WARN  o.a.z.ClientCnxn - Session 0x0 for server null, unexpected error, closing socket connection and attempting reconnect
java.net.ConnectException: Connection refused
	at sun.nio.ch.SocketChannelImpl.checkConnect(Native Method) ~[?:1.8.0_31]
	at sun.nio.ch.SocketChannelImpl.finishConnect(SocketChannelImpl.java:716) ~[?:1.8.0_31]
	at org.apache.zookeeper.ClientCnxnSocketNIO.doTransport(ClientCnxnSocketNIO.java:361) ~[zookeeper-3.4.6.jar:3.4.6-1569965]
	at org.apache.zookeeper.ClientCnxn$SendThread.run(ClientCnxn.java:1081) [zookeeper-3.4.6.jar:3.4.6-1569965]
50255 [main-SendThread(localhost:2181)] WARN  o.a.z.ClientCnxn - Session 0x0 for server null, unexpected error, closing socket connection and attempting reconnect
java.net.ConnectException: Connection refused
	at sun.nio.ch.SocketChannelImpl.checkConnect(Native Method) ~[?:1.8.0_31]
	at sun.nio.ch.SocketChannelImpl.finishConnect(SocketChannelImpl.java:716) ~[?:1.8.0_31]
	at org.apache.zookeeper.ClientCnxnSocketNIO.doTransport(ClientCnxnSocketNIO.java:361) ~[zookeeper-3.4.6.jar:3.4.6-1569965]
	at org.apache.zookeeper.ClientCnxn$SendThread.run(ClientCnxn.java:1081) [zookeeper-3.4.6.jar:3.4.6-1569965]
50258 [main-SendThread(localhost:2181)] WARN  o.a.z.ClientCnxn - Session 0x0 for server null, unexpected error, closing socket connection and attempting reconnect
java.net.ConnectException: Connection refused
	at sun.nio.ch.SocketChannelImpl.checkConnect(Native Method) ~[?:1.8.0_31]
	at sun.nio.ch.SocketChannelImpl.finishConnect(SocketChannelImpl.java:716) ~[?:1.8.0_31]
	at org.apache.zookeeper.ClientCnxnSocketNIO.doTransport(ClientCnxnSocketNIO.java:361) ~[zookeeper-3.4.6.jar:3.4.6-1569965]
	at org.apache.zookeeper.ClientCnxn$SendThread.run(ClientCnxn.java:1081) [zookeeper-3.4.6.jar:3.4.6-1569965]
50354 [main-SendThread(localhost:2181)] WARN  o.a.z.ClientCnxn - Session 0x0 for server null, unexpected error, closing socket connection and attempting reconnect
java.net.ConnectException: Connection refused
	at sun.nio.ch.SocketChannelImpl.checkConnect(Native Method) ~[?:1.8.0_31]
	at sun.nio.ch.SocketChannelImpl.finishConnect(SocketChannelImpl.java:716) ~[?:1.8.0_31]
	at org.apache.zookeeper.ClientCnxnSocketNIO.doTransport(ClientCnxnSocketNIO.java:361) ~[zookeeper-3.4.6.jar:3.4.6-1569965]
	at org.apache.zookeeper.ClientCnxn$SendThread.run(ClientCnxn.java:1081) [zookeeper-3.4.6.jar:3.4.6-1569965]
50357 [main-SendThread(localhost:2181)] WARN  o.a.z.ClientCnxn - Session 0x0 for server null, unexpected error, closing socket connection and attempting reconnect
java.net.ConnectException: Connection refused
	at sun.nio.ch.SocketChannelImpl.checkConnect(Native Method) ~[?:1.8.0_31]
	at sun.nio.ch.SocketChannelImpl.finishConnect(SocketChannelImpl.java:716) ~[?:1.8.0_31]
	at org.apache.zookeeper.ClientCnxnSocketNIO.doTransport(ClientCnxnSocketNIO.java:361) ~[zookeeper-3.4.6.jar:3.4.6-1569965]
	at org.apache.zookeeper.ClientCnxn$SendThread.run(ClientCnxn.java:1081) [zookeeper-3.4.6.jar:3.4.6-1569965]
50357 [main-SendThread(localhost:2181)] WARN  o.a.z.ClientCnxn - Session 0x0 for server null, unexpected error, closing socket connection and attempting reconnect
java.net.ConnectException: Connection refused
	at sun.nio.ch.SocketChannelImpl.checkConnect(Native Method) ~[?:1.8.0_31]
	at sun.nio.ch.SocketChannelImpl.finishConnect(SocketChannelImpl.java:716) ~[?:1.8.0_31]
	at org.apache.zookeeper.ClientCnxnSocketNIO.doTransport(ClientCnxnSocketNIO.java:361) ~[zookeeper-3.4.6.jar:3.4.6-1569965]
	at org.apache.zookeeper.ClientCnxn$SendThread.run(ClientCnxn.java:1081) [zookeeper-3.4.6.jar:3.4.6-1569965]
50358 [main-SendThread(localhost:2181)] WARN  o.a.z.ClientCnxn - Session 0x0 for server null, unexpected error, closing socket connection and attempting reconnect
java.net.ConnectException: Connection refused
	at sun.nio.ch.SocketChannelImpl.checkConnect(Native Method) ~[?:1.8.0_31]
	at sun.nio.ch.SocketChannelImpl.finishConnect(SocketChannelImpl.java:716) ~[?:1.8.0_31]
	at org.apache.zookeeper.ClientCnxnSocketNIO.doTransport(ClientCnxnSocketNIO.java:361) ~[zookeeper-3.4.6.jar:3.4.6-1569965]
	at org.apache.zookeeper.ClientCnxn$SendThread.run(ClientCnxn.java:1081) [zookeeper-3.4.6.jar:3.4.6-1569965]
50360 [main-SendThread(localhost:2181)] WARN  o.a.z.ClientCnxn - Session 0x0 for server null, unexpected error, closing socket connection and attempting reconnect
java.net.ConnectException: Connection refused
	at sun.nio.ch.SocketChannelImpl.checkConnect(Native Method) ~[?:1.8.0_31]
	at sun.nio.ch.SocketChannelImpl.finishConnect(SocketChannelImpl.java:716) ~[?:1.8.0_31]
	at org.apache.zookeeper.ClientCnxnSocketNIO.doTransport(ClientCnxnSocketNIO.java:361) ~[zookeeper-3.4.6.jar:3.4.6-1569965]
	at org.apache.zookeeper.ClientCnxn$SendThread.run(ClientCnxn.java:1081) [zookeeper-3.4.6.jar:3.4.6-1569965]
51109 [main-SendThread(localhost:2181)] WARN  o.a.z.ClientCnxn - Session 0x0 for server null, unexpected error, closing socket connection and attempting reconnect
java.net.ConnectException: Connection refused
	at sun.nio.ch.SocketChannelImpl.checkConnect(Native Method) ~[?:1.8.0_31]
	at sun.nio.ch.SocketChannelImpl.finishConnect(SocketChannelImpl.java:716) ~[?:1.8.0_31]
	at org.apache.zookeeper.ClientCnxnSocketNIO.doTransport(ClientCnxnSocketNIO.java:361) ~[zookeeper-3.4.6.jar:3.4.6-1569965]
	at org.apache.zookeeper.ClientCnxn$SendThread.run(ClientCnxn.java:1081) [zookeeper-3.4.6.jar:3.4.6-1569965]
51210 [main-SendThread(localhost:2181)] WARN  o.a.z.ClientCnxn - Session 0x0 for server null, unexpected error, closing socket connection and attempting reconnect
java.net.ConnectException: Connection refused
	at sun.nio.ch.SocketChannelImpl.checkConnect(Native Method) ~[?:1.8.0_31]
	at sun.nio.ch.SocketChannelImpl.finishConnect(SocketChannelImpl.java:716) ~[?:1.8.0_31]
	at org.apache.zookeeper.ClientCnxnSocketNIO.doTransport(ClientCnxnSocketNIO.java:361) ~[zookeeper-3.4.6.jar:3.4.6-1569965]
	at org.apache.zookeeper.ClientCnxn$SendThread.run(ClientCnxn.java:1081) [zookeeper-3.4.6.jar:3.4.6-1569965]
51455 [main-SendThread(localhost:2181)] WARN  o.a.z.ClientCnxn - Session 0x0 for server null, unexpected error, closing socket connection and attempting reconnect
java.net.ConnectException: Connection refused
	at sun.nio.ch.SocketChannelImpl.checkConnect(Native Method) ~[?:1.8.0_31]
	at sun.nio.ch.SocketChannelImpl.finishConnect(SocketChannelImpl.java:716) ~[?:1.8.0_31]
	at org.apache.zookeeper.ClientCnxnSocketNIO.doTransport(ClientCnxnSocketNIO.java:361) ~[zookeeper-3.4.6.jar:3.4.6-1569965]
	at org.apache.zookeeper.ClientCnxn$SendThread.run(ClientCnxn.java:1081) [zookeeper-3.4.6.jar:3.4.6-1569965]
51457 [main-SendThread(localhost:2181)] WARN  o.a.z.ClientCnxn - Session 0x0 for server null, unexpected error, closing socket connection and attempting reconnect
java.net.ConnectException: Connection refused
	at sun.nio.ch.SocketChannelImpl.checkConnect(Native Method) ~[?:1.8.0_31]
	at sun.nio.ch.SocketChannelImpl.finishConnect(SocketChannelImpl.java:716) ~[?:1.8.0_31]
	at org.apache.zookeeper.ClientCnxnSocketNIO.doTransport(ClientCnxnSocketNIO.java:361) ~[zookeeper-3.4.6.jar:3.4.6-1569965]
	at org.apache.zookeeper.ClientCnxn$SendThread.run(ClientCnxn.java:1081) [zookeeper-3.4.6.jar:3.4.6-1569965]
51458 [main-SendThread(localhost:2181)] WARN  o.a.z.ClientCnxn - Session 0x0 for server null, unexpected error, closing socket connection and attempting reconnect
java.net.ConnectException: Connection refused
	at sun.nio.ch.SocketChannelImpl.checkConnect(Native Method) ~[?:1.8.0_31]
	at sun.nio.ch.SocketChannelImpl.finishConnect(SocketChannelImpl.java:716) ~[?:1.8.0_31]
	at org.apache.zookeeper.ClientCnxnSocketNIO.doTransport(ClientCnxnSocketNIO.java:361) ~[zookeeper-3.4.6.jar:3.4.6-1569965]
	at org.apache.zookeeper.ClientCnxn$SendThread.run(ClientCnxn.java:1081) [zookeeper-3.4.6.jar:3.4.6-1569965]
51458 [main-SendThread(localhost:2181)] WARN  o.a.z.ClientCnxn - Session 0x0 for server null, unexpected error, closing socket connection and attempting reconnect
java.net.ConnectException: Connection refused
	at sun.nio.ch.SocketChannelImpl.checkConnect(Native Method) ~[?:1.8.0_31]
	at sun.nio.ch.SocketChannelImpl.finishConnect(SocketChannelImpl.java:716) ~[?:1.8.0_31]
	at org.apache.zookeeper.ClientCnxnSocketNIO.doTransport(ClientCnxnSocketNIO.java:361) ~[zookeeper-3.4.6.jar:3.4.6-1569965]
	at org.apache.zookeeper.ClientCnxn$SendThread.run(ClientCnxn.java:1081) [zookeeper-3.4.6.jar:3.4.6-1569965]
51461 [main-SendThread(localhost:2181)] WARN  o.a.z.ClientCnxn - Session 0x0 for server null, unexpected error, closing socket connection and attempting reconnect
java.net.ConnectException: Connection refused
	at sun.nio.ch.SocketChannelImpl.checkConnect(Native Method) ~[?:1.8.0_31]
	at sun.nio.ch.SocketChannelImpl.finishConnect(SocketChannelImpl.java:716) ~[?:1.8.0_31]
	at org.apache.zookeeper.ClientCnxnSocketNIO.doTransport(ClientCnxnSocketNIO.java:361) ~[zookeeper-3.4.6.jar:3.4.6-1569965]
	at org.apache.zookeeper.ClientCnxn$SendThread.run(ClientCnxn.java:1081) [zookeeper-3.4.6.jar:3.4.6-1569965]
51556 [main-SendThread(localhost:2181)] WARN  o.a.z.ClientCnxn - Session 0x0 for server null, unexpected error, closing socket connection and attempting reconnect
java.net.ConnectException: Connection refused
	at sun.nio.ch.SocketChannelImpl.checkConnect(Native Method) ~[?:1.8.0_31]
	at sun.nio.ch.SocketChannelImpl.finishConnect(SocketChannelImpl.java:716) ~[?:1.8.0_31]
	at org.apache.zookeeper.ClientCnxnSocketNIO.doTransport(ClientCnxnSocketNIO.java:361) ~[zookeeper-3.4.6.jar:3.4.6-1569965]
	at org.apache.zookeeper.ClientCnxn$SendThread.run(ClientCnxn.java:1081) [zookeeper-3.4.6.jar:3.4.6-1569965]
51558 [main-SendThread(localhost:2181)] WARN  o.a.z.ClientCnxn - Session 0x0 for server null, unexpected error, closing socket connection and attempting reconnect
java.net.ConnectException: Connection refused
	at sun.nio.ch.SocketChannelImpl.checkConnect(Native Method) ~[?:1.8.0_31]
	at sun.nio.ch.SocketChannelImpl.finishConnect(SocketChannelImpl.java:716) ~[?:1.8.0_31]
	at org.apache.zookeeper.ClientCnxnSocketNIO.doTransport(ClientCnxnSocketNIO.java:361) ~[zookeeper-3.4.6.jar:3.4.6-1569965]
	at org.apache.zookeeper.ClientCnxn$SendThread.run(ClientCnxn.java:1081) [zookeeper-3.4.6.jar:3.4.6-1569965]
51559 [main-SendThread(localhost:2181)] WARN  o.a.z.ClientCnxn - Session 0x0 for server null, unexpected error, closing socket connection and attempting reconnect
java.net.ConnectException: Connection refused
	at sun.nio.ch.SocketChannelImpl.checkConnect(Native Method) ~[?:1.8.0_31]
	at sun.nio.ch.SocketChannelImpl.finishConnect(SocketChannelImpl.java:716) ~[?:1.8.0_31]
	at org.apache.zookeeper.ClientCnxnSocketNIO.doTransport(ClientCnxnSocketNIO.java:361) ~[zookeeper-3.4.6.jar:3.4.6-1569965]
	at org.apache.zookeeper.ClientCnxn$SendThread.run(ClientCnxn.java:1081) [zookeeper-3.4.6.jar:3.4.6-1569965]
51559 [main-SendThread(localhost:2181)] WARN  o.a.z.ClientCnxn - Session 0x0 for server null, unexpected error, closing socket connection and attempting reconnect
java.net.ConnectException: Connection refused
	at sun.nio.ch.SocketChannelImpl.checkConnect(Native Method) ~[?:1.8.0_31]
	at sun.nio.ch.SocketChannelImpl.finishConnect(SocketChannelImpl.java:716) ~[?:1.8.0_31]
	at org.apache.zookeeper.ClientCnxnSocketNIO.doTransport(ClientCnxnSocketNIO.java:361) ~[zookeeper-3.4.6.jar:3.4.6-1569965]
	at org.apache.zookeeper.ClientCnxn$SendThread.run(ClientCnxn.java:1081) [zookeeper-3.4.6.jar:3.4.6-1569965]
51561 [main-SendThread(localhost:2181)] WARN  o.a.z.ClientCnxn - Session 0x0 for server null, unexpected error, closing socket connection and attempting reconnect
java.net.ConnectException: Connection refused
	at sun.nio.ch.SocketChannelImpl.checkConnect(Native Method) ~[?:1.8.0_31]
	at sun.nio.ch.SocketChannelImpl.finishConnect(SocketChannelImpl.java:716) ~[?:1.8.0_31]
	at org.apache.zookeeper.ClientCnxnSocketNIO.doTransport(ClientCnxnSocketNIO.java:361) ~[zookeeper-3.4.6.jar:3.4.6-1569965]
	at org.apache.zookeeper.ClientCnxn$SendThread.run(ClientCnxn.java:1081) [zookeeper-3.4.6.jar:3.4.6-1569965]
52311 [main-SendThread(localhost:2181)] WARN  o.a.z.ClientCnxn - Session 0x0 for server null, unexpected error, closing socket connection and attempting reconnect
java.net.ConnectException: Connection refused
	at sun.nio.ch.SocketChannelImpl.checkConnect(Native Method) ~[?:1.8.0_31]
	at sun.nio.ch.SocketChannelImpl.finishConnect(SocketChannelImpl.java:716) ~[?:1.8.0_31]
	at org.apache.zookeeper.ClientCnxnSocketNIO.doTransport(ClientCnxnSocketNIO.java:361) ~[zookeeper-3.4.6.jar:3.4.6-1569965]
	at org.apache.zookeeper.ClientCnxn$SendThread.run(ClientCnxn.java:1081) [zookeeper-3.4.6.jar:3.4.6-1569965]
52412 [main-SendThread(localhost:2181)] WARN  o.a.z.ClientCnxn - Session 0x0 for server null, unexpected error, closing socket connection and attempting reconnect
java.net.ConnectException: Connection refused
	at sun.nio.ch.SocketChannelImpl.checkConnect(Native Method) ~[?:1.8.0_31]
	at sun.nio.ch.SocketChannelImpl.finishConnect(SocketChannelImpl.java:716) ~[?:1.8.0_31]
	at org.apache.zookeeper.ClientCnxnSocketNIO.doTransport(ClientCnxnSocketNIO.java:361) ~[zookeeper-3.4.6.jar:3.4.6-1569965]
	at org.apache.zookeeper.ClientCnxn$SendThread.run(ClientCnxn.java:1081) [zookeeper-3.4.6.jar:3.4.6-1569965]
52657 [main-SendThread(localhost:2181)] WARN  o.a.z.ClientCnxn - Session 0x0 for server null, unexpected error, closing socket connection and attempting reconnect
java.net.ConnectException: Connection refused
	at sun.nio.ch.SocketChannelImpl.checkConnect(Native Method) ~[?:1.8.0_31]
	at sun.nio.ch.SocketChannelImpl.finishConnect(SocketChannelImpl.java:716) ~[?:1.8.0_31]
	at org.apache.zookeeper.ClientCnxnSocketNIO.doTransport(ClientCnxnSocketNIO.java:361) ~[zookeeper-3.4.6.jar:3.4.6-1569965]
	at org.apache.zookeeper.ClientCnxn$SendThread.run(ClientCnxn.java:1081) [zookeeper-3.4.6.jar:3.4.6-1569965]
52658 [main-SendThread(localhost:2181)] WARN  o.a.z.ClientCnxn - Session 0x0 for server null, unexpected error, closing socket connection and attempting reconnect
java.net.ConnectException: Connection refused
	at sun.nio.ch.SocketChannelImpl.checkConnect(Native Method) ~[?:1.8.0_31]
	at sun.nio.ch.SocketChannelImpl.finishConnect(SocketChannelImpl.java:716) ~[?:1.8.0_31]
	at org.apache.zookeeper.ClientCnxnSocketNIO.doTransport(ClientCnxnSocketNIO.java:361) ~[zookeeper-3.4.6.jar:3.4.6-1569965]
	at org.apache.zookeeper.ClientCnxn$SendThread.run(ClientCnxn.java:1081) [zookeeper-3.4.6.jar:3.4.6-1569965]
52659 [main-SendThread(localhost:2181)] WARN  o.a.z.ClientCnxn - Session 0x0 for server null, unexpected error, closing socket connection and attempting reconnect
java.net.ConnectException: Connection refused
	at sun.nio.ch.SocketChannelImpl.checkConnect(Native Method) ~[?:1.8.0_31]
	at sun.nio.ch.SocketChannelImpl.finishConnect(SocketChannelImpl.java:716) ~[?:1.8.0_31]
	at org.apache.zookeeper.ClientCnxnSocketNIO.doTransport(ClientCnxnSocketNIO.java:361) ~[zookeeper-3.4.6.jar:3.4.6-1569965]
	at org.apache.zookeeper.ClientCnxn$SendThread.run(ClientCnxn.java:1081) [zookeeper-3.4.6.jar:3.4.6-1569965]
52660 [main-SendThread(localhost:2181)] WARN  o.a.z.ClientCnxn - Session 0x0 for server null, unexpected error, closing socket connection and attempting reconnect
java.net.ConnectException: Connection refused
	at sun.nio.ch.SocketChannelImpl.checkConnect(Native Method) ~[?:1.8.0_31]
	at sun.nio.ch.SocketChannelImpl.finishConnect(SocketChannelImpl.java:716) ~[?:1.8.0_31]
	at org.apache.zookeeper.ClientCnxnSocketNIO.doTransport(ClientCnxnSocketNIO.java:361) ~[zookeeper-3.4.6.jar:3.4.6-1569965]
	at org.apache.zookeeper.ClientCnxn$SendThread.run(ClientCnxn.java:1081) [zookeeper-3.4.6.jar:3.4.6-1569965]
52662 [main-SendThread(localhost:2181)] WARN  o.a.z.ClientCnxn - Session 0x0 for server null, unexpected error, closing socket connection and attempting reconnect
java.net.ConnectException: Connection refused
	at sun.nio.ch.SocketChannelImpl.checkConnect(Native Method) ~[?:1.8.0_31]
	at sun.nio.ch.SocketChannelImpl.finishConnect(SocketChannelImpl.java:716) ~[?:1.8.0_31]
	at org.apache.zookeeper.ClientCnxnSocketNIO.doTransport(ClientCnxnSocketNIO.java:361) ~[zookeeper-3.4.6.jar:3.4.6-1569965]
	at org.apache.zookeeper.ClientCnxn$SendThread.run(ClientCnxn.java:1081) [zookeeper-3.4.6.jar:3.4.6-1569965]
52758 [main-SendThread(localhost:2181)] WARN  o.a.z.ClientCnxn - Session 0x0 for server null, unexpected error, closing socket connection and attempting reconnect
java.net.ConnectException: Connection refused
	at sun.nio.ch.SocketChannelImpl.checkConnect(Native Method) ~[?:1.8.0_31]
	at sun.nio.ch.SocketChannelImpl.finishConnect(SocketChannelImpl.java:716) ~[?:1.8.0_31]
	at org.apache.zookeeper.ClientCnxnSocketNIO.doTransport(ClientCnxnSocketNIO.java:361) ~[zookeeper-3.4.6.jar:3.4.6-1569965]
	at org.apache.zookeeper.ClientCnxn$SendThread.run(ClientCnxn.java:1081) [zookeeper-3.4.6.jar:3.4.6-1569965]
52759 [main-SendThread(localhost:2181)] WARN  o.a.z.ClientCnxn - Session 0x0 for server null, unexpected error, closing socket connection and attempting reconnect
java.net.ConnectException: Connection refused
	at sun.nio.ch.SocketChannelImpl.checkConnect(Native Method) ~[?:1.8.0_31]
	at sun.nio.ch.SocketChannelImpl.finishConnect(SocketChannelImpl.java:716) ~[?:1.8.0_31]
	at org.apache.zookeeper.ClientCnxnSocketNIO.doTransport(ClientCnxnSocketNIO.java:361) ~[zookeeper-3.4.6.jar:3.4.6-1569965]
	at org.apache.zookeeper.ClientCnxn$SendThread.run(ClientCnxn.java:1081) [zookeeper-3.4.6.jar:3.4.6-1569965]
52760 [main-SendThread(localhost:2181)] WARN  o.a.z.ClientCnxn - Session 0x0 for server null, unexpected error, closing socket connection and attempting reconnect
java.net.ConnectException: Connection refused
	at sun.nio.ch.SocketChannelImpl.checkConnect(Native Method) ~[?:1.8.0_31]
	at sun.nio.ch.SocketChannelImpl.finishConnect(SocketChannelImpl.java:716) ~[?:1.8.0_31]
	at org.apache.zookeeper.ClientCnxnSocketNIO.doTransport(ClientCnxnSocketNIO.java:361) ~[zookeeper-3.4.6.jar:3.4.6-1569965]
	at org.apache.zookeeper.ClientCnxn$SendThread.run(ClientCnxn.java:1081) [zookeeper-3.4.6.jar:3.4.6-1569965]
52760 [main-SendThread(localhost:2181)] WARN  o.a.z.ClientCnxn - Session 0x0 for server null, unexpected error, closing socket connection and attempting reconnect
java.net.ConnectException: Connection refused
	at sun.nio.ch.SocketChannelImpl.checkConnect(Native Method) ~[?:1.8.0_31]
	at sun.nio.ch.SocketChannelImpl.finishConnect(SocketChannelImpl.java:716) ~[?:1.8.0_31]
	at org.apache.zookeeper.ClientCnxnSocketNIO.doTransport(ClientCnxnSocketNIO.java:361) ~[zookeeper-3.4.6.jar:3.4.6-1569965]
	at org.apache.zookeeper.ClientCnxn$SendThread.run(ClientCnxn.java:1081) [zookeeper-3.4.6.jar:3.4.6-1569965]
52762 [main-SendThread(localhost:2181)] WARN  o.a.z.ClientCnxn - Session 0x0 for server null, unexpected error, closing socket connection and attempting reconnect
java.net.ConnectException: Connection refused
	at sun.nio.ch.SocketChannelImpl.checkConnect(Native Method) ~[?:1.8.0_31]
	at sun.nio.ch.SocketChannelImpl.finishConnect(SocketChannelImpl.java:716) ~[?:1.8.0_31]
	at org.apache.zookeeper.ClientCnxnSocketNIO.doTransport(ClientCnxnSocketNIO.java:361) ~[zookeeper-3.4.6.jar:3.4.6-1569965]
	at org.apache.zookeeper.ClientCnxn$SendThread.run(ClientCnxn.java:1081) [zookeeper-3.4.6.jar:3.4.6-1569965]
53513 [main-SendThread(localhost:2181)] WARN  o.a.z.ClientCnxn - Session 0x0 for server null, unexpected error, closing socket connection and attempting reconnect
java.net.ConnectException: Connection refused
	at sun.nio.ch.SocketChannelImpl.checkConnect(Native Method) ~[?:1.8.0_31]
	at sun.nio.ch.SocketChannelImpl.finishConnect(SocketChannelImpl.java:716) ~[?:1.8.0_31]
	at org.apache.zookeeper.ClientCnxnSocketNIO.doTransport(ClientCnxnSocketNIO.java:361) ~[zookeeper-3.4.6.jar:3.4.6-1569965]
	at org.apache.zookeeper.ClientCnxn$SendThread.run(ClientCnxn.java:1081) [zookeeper-3.4.6.jar:3.4.6-1569965]
53613 [main-SendThread(localhost:2181)] WARN  o.a.z.ClientCnxn - Session 0x0 for server null, unexpected error, closing socket connection and attempting reconnect
java.net.ConnectException: Connection refused
	at sun.nio.ch.SocketChannelImpl.checkConnect(Native Method) ~[?:1.8.0_31]
	at sun.nio.ch.SocketChannelImpl.finishConnect(SocketChannelImpl.java:716) ~[?:1.8.0_31]
	at org.apache.zookeeper.ClientCnxnSocketNIO.doTransport(ClientCnxnSocketNIO.java:361) ~[zookeeper-3.4.6.jar:3.4.6-1569965]
	at org.apache.zookeeper.ClientCnxn$SendThread.run(ClientCnxn.java:1081) [zookeeper-3.4.6.jar:3.4.6-1569965]
53859 [main-SendThread(localhost:2181)] WARN  o.a.z.ClientCnxn - Session 0x0 for server null, unexpected error, closing socket connection and attempting reconnect
java.net.ConnectException: Connection refused
	at sun.nio.ch.SocketChannelImpl.checkConnect(Native Method) ~[?:1.8.0_31]
	at sun.nio.ch.SocketChannelImpl.finishConnect(SocketChannelImpl.java:716) ~[?:1.8.0_31]
	at org.apache.zookeeper.ClientCnxnSocketNIO.doTransport(ClientCnxnSocketNIO.java:361) ~[zookeeper-3.4.6.jar:3.4.6-1569965]
	at org.apache.zookeeper.ClientCnxn$SendThread.run(ClientCnxn.java:1081) [zookeeper-3.4.6.jar:3.4.6-1569965]
53859 [main-SendThread(localhost:2181)] WARN  o.a.z.ClientCnxn - Session 0x0 for server null, unexpected error, closing socket connection and attempting reconnect
java.net.ConnectException: Connection refused
	at sun.nio.ch.SocketChannelImpl.checkConnect(Native Method) ~[?:1.8.0_31]
	at sun.nio.ch.SocketChannelImpl.finishConnect(SocketChannelImpl.java:716) ~[?:1.8.0_31]
	at org.apache.zookeeper.ClientCnxnSocketNIO.doTransport(ClientCnxnSocketNIO.java:361) ~[zookeeper-3.4.6.jar:3.4.6-1569965]
	at org.apache.zookeeper.ClientCnxn$SendThread.run(ClientCnxn.java:1081) [zookeeper-3.4.6.jar:3.4.6-1569965]
53860 [main-SendThread(localhost:2181)] WARN  o.a.z.ClientCnxn - Session 0x0 for server null, unexpected error, closing socket connection and attempting reconnect
java.net.ConnectException: Connection refused
	at sun.nio.ch.SocketChannelImpl.checkConnect(Native Method) ~[?:1.8.0_31]
	at sun.nio.ch.SocketChannelImpl.finishConnect(SocketChannelImpl.java:716) ~[?:1.8.0_31]
	at org.apache.zookeeper.ClientCnxnSocketNIO.doTransport(ClientCnxnSocketNIO.java:361) ~[zookeeper-3.4.6.jar:3.4.6-1569965]
	at org.apache.zookeeper.ClientCnxn$SendThread.run(ClientCnxn.java:1081) [zookeeper-3.4.6.jar:3.4.6-1569965]
53861 [main-SendThread(localhost:2181)] WARN  o.a.z.ClientCnxn - Session 0x0 for server null, unexpected error, closing socket connection and attempting reconnect
java.net.ConnectException: Connection refused
	at sun.nio.ch.SocketChannelImpl.checkConnect(Native Method) ~[?:1.8.0_31]
	at sun.nio.ch.SocketChannelImpl.finishConnect(SocketChannelImpl.java:716) ~[?:1.8.0_31]
	at org.apache.zookeeper.ClientCnxnSocketNIO.doTransport(ClientCnxnSocketNIO.java:361) ~[zookeeper-3.4.6.jar:3.4.6-1569965]
	at org.apache.zookeeper.ClientCnxn$SendThread.run(ClientCnxn.java:1081) [zookeeper-3.4.6.jar:3.4.6-1569965]
53865 [main-SendThread(localhost:2181)] WARN  o.a.z.ClientCnxn - Session 0x0 for server null, unexpected error, closing socket connection and attempting reconnect
java.net.ConnectException: Connection refused
	at sun.nio.ch.SocketChannelImpl.checkConnect(Native Method) ~[?:1.8.0_31]
	at sun.nio.ch.SocketChannelImpl.finishConnect(SocketChannelImpl.java:716) ~[?:1.8.0_31]
	at org.apache.zookeeper.ClientCnxnSocketNIO.doTransport(ClientCnxnSocketNIO.java:361) ~[zookeeper-3.4.6.jar:3.4.6-1569965]
	at org.apache.zookeeper.ClientCnxn$SendThread.run(ClientCnxn.java:1081) [zookeeper-3.4.6.jar:3.4.6-1569965]
53960 [main-SendThread(localhost:2181)] WARN  o.a.z.ClientCnxn - Session 0x0 for server null, unexpected error, closing socket connection and attempting reconnect
java.net.ConnectException: Connection refused
	at sun.nio.ch.SocketChannelImpl.checkConnect(Native Method) ~[?:1.8.0_31]
	at sun.nio.ch.SocketChannelImpl.finishConnect(SocketChannelImpl.java:716) ~[?:1.8.0_31]
	at org.apache.zookeeper.ClientCnxnSocketNIO.doTransport(ClientCnxnSocketNIO.java:361) ~[zookeeper-3.4.6.jar:3.4.6-1569965]
	at org.apache.zookeeper.ClientCnxn$SendThread.run(ClientCnxn.java:1081) [zookeeper-3.4.6.jar:3.4.6-1569965]
53960 [main-SendThread(localhost:2181)] WARN  o.a.z.ClientCnxn - Session 0x0 for server null, unexpected error, closing socket connection and attempting reconnect
java.net.ConnectException: Connection refused
	at sun.nio.ch.SocketChannelImpl.checkConnect(Native Method) ~[?:1.8.0_31]
	at sun.nio.ch.SocketChannelImpl.finishConnect(SocketChannelImpl.java:716) ~[?:1.8.0_31]
	at org.apache.zookeeper.ClientCnxnSocketNIO.doTransport(ClientCnxnSocketNIO.java:361) ~[zookeeper-3.4.6.jar:3.4.6-1569965]
	at org.apache.zookeeper.ClientCnxn$SendThread.run(ClientCnxn.java:1081) [zookeeper-3.4.6.jar:3.4.6-1569965]
53961 [main-SendThread(localhost:2181)] WARN  o.a.z.ClientCnxn - Session 0x0 for server null, unexpected error, closing socket connection and attempting reconnect
java.net.ConnectException: Connection refused
	at sun.nio.ch.SocketChannelImpl.checkConnect(Native Method) ~[?:1.8.0_31]
	at sun.nio.ch.SocketChannelImpl.finishConnect(SocketChannelImpl.java:716) ~[?:1.8.0_31]
	at org.apache.zookeeper.ClientCnxnSocketNIO.doTransport(ClientCnxnSocketNIO.java:361) ~[zookeeper-3.4.6.jar:3.4.6-1569965]
	at org.apache.zookeeper.ClientCnxn$SendThread.run(ClientCnxn.java:1081) [zookeeper-3.4.6.jar:3.4.6-1569965]
53961 [main-SendThread(localhost:2181)] WARN  o.a.z.ClientCnxn - Session 0x0 for server null, unexpected error, closing socket connection and attempting reconnect
java.net.ConnectException: Connection refused
	at sun.nio.ch.SocketChannelImpl.checkConnect(Native Method) ~[?:1.8.0_31]
	at sun.nio.ch.SocketChannelImpl.finishConnect(SocketChannelImpl.java:716) ~[?:1.8.0_31]
	at org.apache.zookeeper.ClientCnxnSocketNIO.doTransport(ClientCnxnSocketNIO.java:361) ~[zookeeper-3.4.6.jar:3.4.6-1569965]
	at org.apache.zookeeper.ClientCnxn$SendThread.run(ClientCnxn.java:1081) [zookeeper-3.4.6.jar:3.4.6-1569965]
53965 [main-SendThread(localhost:2181)] WARN  o.a.z.ClientCnxn - Session 0x0 for server null, unexpected error, closing socket connection and attempting reconnect
java.net.ConnectException: Connection refused
	at sun.nio.ch.SocketChannelImpl.checkConnect(Native Method) ~[?:1.8.0_31]
	at sun.nio.ch.SocketChannelImpl.finishConnect(SocketChannelImpl.java:716) ~[?:1.8.0_31]
	at org.apache.zookeeper.ClientCnxnSocketNIO.doTransport(ClientCnxnSocketNIO.java:361) ~[zookeeper-3.4.6.jar:3.4.6-1569965]
	at org.apache.zookeeper.ClientCnxn$SendThread.run(ClientCnxn.java:1081) [zookeeper-3.4.6.jar:3.4.6-1569965]
54018 [main] WARN  o.a.s.m.StormMetricsRegistry - Metric ui:num-topology-op-response-http-requests has already been registered
54019 [main] WARN  o.a.s.m.StormMetricsRegistry - Metric ui:num-topology-op-response-http-requests has already been registered
54714 [main-SendThread(localhost:2181)] WARN  o.a.z.ClientCnxn - Session 0x0 for server null, unexpected error, closing socket connection and attempting reconnect
java.net.ConnectException: Connection refused
	at sun.nio.ch.SocketChannelImpl.checkConnect(Native Method) ~[?:1.8.0_31]
	at sun.nio.ch.SocketChannelImpl.finishConnect(SocketChannelImpl.java:716) ~[?:1.8.0_31]
	at org.apache.zookeeper.ClientCnxnSocketNIO.doTransport(ClientCnxnSocketNIO.java:361) ~[zookeeper-3.4.6.jar:3.4.6-1569965]
	at org.apache.zookeeper.ClientCnxn$SendThread.run(ClientCnxn.java:1081) [zookeeper-3.4.6.jar:3.4.6-1569965]
54815 [main-SendThread(localhost:2181)] WARN  o.a.z.ClientCnxn - Session 0x0 for server null, unexpected error, closing socket connection and attempting reconnect
java.net.ConnectException: Connection refused
	at sun.nio.ch.SocketChannelImpl.checkConnect(Native Method) ~[?:1.8.0_31]
	at sun.nio.ch.SocketChannelImpl.finishConnect(SocketChannelImpl.java:716) ~[?:1.8.0_31]
	at org.apache.zookeeper.ClientCnxnSocketNIO.doTransport(ClientCnxnSocketNIO.java:361) ~[zookeeper-3.4.6.jar:3.4.6-1569965]
	at org.apache.zookeeper.ClientCnxn$SendThread.run(ClientCnxn.java:1081) [zookeeper-3.4.6.jar:3.4.6-1569965]
55060 [main-SendThread(localhost:2181)] WARN  o.a.z.ClientCnxn - Session 0x0 for server null, unexpected error, closing socket connection and attempting reconnect
java.net.ConnectException: Connection refused
	at sun.nio.ch.SocketChannelImpl.checkConnect(Native Method) ~[?:1.8.0_31]
	at sun.nio.ch.SocketChannelImpl.finishConnect(SocketChannelImpl.java:716) ~[?:1.8.0_31]
	at org.apache.zookeeper.ClientCnxnSocketNIO.doTransport(ClientCnxnSocketNIO.java:361) ~[zookeeper-3.4.6.jar:3.4.6-1569965]
	at org.apache.zookeeper.ClientCnxn$SendThread.run(ClientCnxn.java:1081) [zookeeper-3.4.6.jar:3.4.6-1569965]
55061 [main-SendThread(localhost:2181)] WARN  o.a.z.ClientCnxn - Session 0x0 for server null, unexpected error, closing socket connection and attempting reconnect
java.net.ConnectException: Connection refused
	at sun.nio.ch.SocketChannelImpl.checkConnect(Native Method) ~[?:1.8.0_31]
	at sun.nio.ch.SocketChannelImpl.finishConnect(SocketChannelImpl.java:716) ~[?:1.8.0_31]
	at org.apache.zookeeper.ClientCnxnSocketNIO.doTransport(ClientCnxnSocketNIO.java:361) ~[zookeeper-3.4.6.jar:3.4.6-1569965]
	at org.apache.zookeeper.ClientCnxn$SendThread.run(ClientCnxn.java:1081) [zookeeper-3.4.6.jar:3.4.6-1569965]
55062 [main-SendThread(localhost:2181)] WARN  o.a.z.ClientCnxn - Session 0x0 for server null, unexpected error, closing socket connection and attempting reconnect
java.net.ConnectException: Connection refused
	at sun.nio.ch.SocketChannelImpl.checkConnect(Native Method) ~[?:1.8.0_31]
	at sun.nio.ch.SocketChannelImpl.finishConnect(SocketChannelImpl.java:716) ~[?:1.8.0_31]
	at org.apache.zookeeper.ClientCnxnSocketNIO.doTransport(ClientCnxnSocketNIO.java:361) ~[zookeeper-3.4.6.jar:3.4.6-1569965]
	at org.apache.zookeeper.ClientCnxn$SendThread.run(ClientCnxn.java:1081) [zookeeper-3.4.6.jar:3.4.6-1569965]
55062 [main-SendThread(localhost:2181)] WARN  o.a.z.ClientCnxn - Session 0x0 for server null, unexpected error, closing socket connection and attempting reconnect
java.net.ConnectException: Connection refused
	at sun.nio.ch.SocketChannelImpl.checkConnect(Native Method) ~[?:1.8.0_31]
	at sun.nio.ch.SocketChannelImpl.finishConnect(SocketChannelImpl.java:716) ~[?:1.8.0_31]
	at org.apache.zookeeper.ClientCnxnSocketNIO.doTransport(ClientCnxnSocketNIO.java:361) ~[zookeeper-3.4.6.jar:3.4.6-1569965]
	at org.apache.zookeeper.ClientCnxn$SendThread.run(ClientCnxn.java:1081) [zookeeper-3.4.6.jar:3.4.6-1569965]
55066 [main-SendThread(localhost:2181)] WARN  o.a.z.ClientCnxn - Session 0x0 for server null, unexpected error, closing socket connection and attempting reconnect
java.net.ConnectException: Connection refused
	at sun.nio.ch.SocketChannelImpl.checkConnect(Native Method) ~[?:1.8.0_31]
	at sun.nio.ch.SocketChannelImpl.finishConnect(SocketChannelImpl.java:716) ~[?:1.8.0_31]
	at org.apache.zookeeper.ClientCnxnSocketNIO.doTransport(ClientCnxnSocketNIO.java:361) ~[zookeeper-3.4.6.jar:3.4.6-1569965]
	at org.apache.zookeeper.ClientCnxn$SendThread.run(ClientCnxn.java:1081) [zookeeper-3.4.6.jar:3.4.6-1569965]
55138 [main] INFO  o.a.s.z.Zookeeper - Starting inprocess zookeeper at port 2002 and dir /tmp/3874e3d9-6a82-45f3-91cb-62980051708f
55161 [main-SendThread(localhost:2181)] WARN  o.a.z.ClientCnxn - Session 0x0 for server null, unexpected error, closing socket connection and attempting reconnect
java.net.ConnectException: Connection refused
	at sun.nio.ch.SocketChannelImpl.checkConnect(Native Method) ~[?:1.8.0_31]
	at sun.nio.ch.SocketChannelImpl.finishConnect(SocketChannelImpl.java:716) ~[?:1.8.0_31]
	at org.apache.zookeeper.ClientCnxnSocketNIO.doTransport(ClientCnxnSocketNIO.java:361) ~[zookeeper-3.4.6.jar:3.4.6-1569965]
	at org.apache.zookeeper.ClientCnxn$SendThread.run(ClientCnxn.java:1081) [zookeeper-3.4.6.jar:3.4.6-1569965]
55162 [main-SendThread(localhost:2181)] WARN  o.a.z.ClientCnxn - Session 0x0 for server null, unexpected error, closing socket connection and attempting reconnect
java.net.ConnectException: Connection refused
	at sun.nio.ch.SocketChannelImpl.checkConnect(Native Method) ~[?:1.8.0_31]
	at sun.nio.ch.SocketChannelImpl.finishConnect(SocketChannelImpl.java:716) ~[?:1.8.0_31]
	at org.apache.zookeeper.ClientCnxnSocketNIO.doTransport(ClientCnxnSocketNIO.java:361) ~[zookeeper-3.4.6.jar:3.4.6-1569965]
	at org.apache.zookeeper.ClientCnxn$SendThread.run(ClientCnxn.java:1081) [zookeeper-3.4.6.jar:3.4.6-1569965]
55162 [main-SendThread(localhost:2181)] WARN  o.a.z.ClientCnxn - Session 0x0 for server null, unexpected error, closing socket connection and attempting reconnect
java.net.ConnectException: Connection refused
	at sun.nio.ch.SocketChannelImpl.checkConnect(Native Method) ~[?:1.8.0_31]
	at sun.nio.ch.SocketChannelImpl.finishConnect(SocketChannelImpl.java:716) ~[?:1.8.0_31]
	at org.apache.zookeeper.ClientCnxnSocketNIO.doTransport(ClientCnxnSocketNIO.java:361) ~[zookeeper-3.4.6.jar:3.4.6-1569965]
	at org.apache.zookeeper.ClientCnxn$SendThread.run(ClientCnxn.java:1081) [zookeeper-3.4.6.jar:3.4.6-1569965]
55163 [main-SendThread(localhost:2181)] WARN  o.a.z.ClientCnxn - Session 0x0 for server null, unexpected error, closing socket connection and attempting reconnect
java.net.ConnectException: Connection refused
	at sun.nio.ch.SocketChannelImpl.checkConnect(Native Method) ~[?:1.8.0_31]
	at sun.nio.ch.SocketChannelImpl.finishConnect(SocketChannelImpl.java:716) ~[?:1.8.0_31]
	at org.apache.zookeeper.ClientCnxnSocketNIO.doTransport(ClientCnxnSocketNIO.java:361) ~[zookeeper-3.4.6.jar:3.4.6-1569965]
	at org.apache.zookeeper.ClientCnxn$SendThread.run(ClientCnxn.java:1081) [zookeeper-3.4.6.jar:3.4.6-1569965]
55166 [main-SendThread(localhost:2181)] WARN  o.a.z.ClientCnxn - Session 0x0 for server null, unexpected error, closing socket connection and attempting reconnect
java.net.ConnectException: Connection refused
	at sun.nio.ch.SocketChannelImpl.checkConnect(Native Method) ~[?:1.8.0_31]
	at sun.nio.ch.SocketChannelImpl.finishConnect(SocketChannelImpl.java:716) ~[?:1.8.0_31]
	at org.apache.zookeeper.ClientCnxnSocketNIO.doTransport(ClientCnxnSocketNIO.java:361) ~[zookeeper-3.4.6.jar:3.4.6-1569965]
	at org.apache.zookeeper.ClientCnxn$SendThread.run(ClientCnxn.java:1081) [zookeeper-3.4.6.jar:3.4.6-1569965]
55267 [main] INFO  o.a.s.d.nimbus - Starting Nimbus with conf {"topology.builtin.metrics.bucket.size.secs" 60, "nimbus.childopts" "-Xmx1024m", "ui.filter.params" nil, "storm.cluster.mode" "local", "storm.messaging.netty.client_worker_threads" 1, "logviewer.max.per.worker.logs.size.mb" 2048, "supervisor.run.worker.as.user" false, "topology.max.task.parallelism" nil, "topology.priority" 29, "zmq.threads" 1, "storm.group.mapping.service" "org.apache.storm.security.auth.ShellBasedGroupsMapping", "transactional.zookeeper.root" "/transactional", "topology.sleep.spout.wait.strategy.time.ms" 1, "scheduler.display.resource" false, "topology.max.replication.wait.time.sec" 60, "drpc.invocations.port" 3773, "supervisor.localizer.cache.target.size.mb" 10240, "topology.multilang.serializer" "org.apache.storm.multilang.JsonSerializer", "storm.messaging.netty.server_worker_threads" 1, "nimbus.blobstore.class" "org.apache.storm.blobstore.LocalFsBlobStore", "resource.aware.scheduler.eviction.strategy" "org.apache.storm.scheduler.resource.strategies.eviction.DefaultEvictionStrategy", "topology.max.error.report.per.interval" 5, "storm.thrift.transport" "org.apache.storm.security.auth.SimpleTransportPlugin", "zmq.hwm" 0, "storm.cgroup.resources" ["cpu" "memory"], "storm.group.mapping.service.params" nil, "worker.profiler.enabled" false, "storm.principal.tolocal" "org.apache.storm.security.auth.DefaultPrincipalToLocal", "supervisor.worker.shutdown.sleep.secs" 1, "pacemaker.host" "localhost", "storm.zookeeper.retry.times" 5, "ui.actions.enabled" true, "zmq.linger.millis" 0, "supervisor.enable" true, "topology.stats.sample.rate" 0.05, "storm.messaging.netty.min_wait_ms" 100, "storm.resource.isolation.plugin" "org.apache.storm.container.cgroup.CgroupManager", "worker.log.level.reset.poll.secs" 30, "storm.zookeeper.port" 2002, "supervisor.heartbeat.frequency.secs" 5, "topology.enable.message.timeouts" false, "supervisor.cpu.capacity" 400.0, "drpc.worker.threads" 64, "supervisor.blobstore.download.thread.count" 5, "drpc.queue.size" 128, "topology.backpressure.enable" false, "supervisor.blobstore.class" "org.apache.storm.blobstore.NimbusBlobStore", "storm.blobstore.inputstream.buffer.size.bytes" 65536, "topology.shellbolt.max.pending" 100, "drpc.https.keystore.password" "", "nimbus.code.sync.freq.secs" 120, "logviewer.port" 8000, "topology.scheduler.strategy" "org.apache.storm.scheduler.resource.strategies.scheduling.DefaultResourceAwareStrategy", "topology.executor.send.buffer.size" 1024, "resource.aware.scheduler.priority.strategy" "org.apache.storm.scheduler.resource.strategies.priority.DefaultSchedulingPriorityStrategy", "pacemaker.auth.method" "NONE", "storm.daemon.metrics.reporter.plugins" ["org.apache.storm.daemon.metrics.reporters.JmxPreparableReporter"], "storm.cgroup.hierarchy.dir" "/cgroup/storm_resources", "topology.worker.logwriter.childopts" "-Xmx64m", "topology.spout.wait.strategy" "org.apache.storm.spout.SleepSpoutWaitStrategy", "ui.host" "0.0.0.0", "storm.nimbus.retry.interval.millis" 2000, "nimbus.inbox.jar.expiration.secs" 3600, "dev.zookeeper.path" "/tmp/dev-storm-zookeeper", "topology.acker.executors" nil, "topology.fall.back.on.java.serialization" true, "topology.eventlogger.executors" nil, "supervisor.localizer.cleanup.interval.ms" 600000, "storm.zookeeper.servers" ["localhost"], "nimbus.thrift.threads" 64, "logviewer.cleanup.age.mins" 10080, "topology.worker.childopts" nil, "topology.classpath" nil, "storm.cgroup.cgexec.cmd" "/bin/cgexec", "supervisor.monitor.frequency.secs" 3, "nimbus.credential.renewers.freq.secs" 600, "topology.skip.missing.kryo.registrations" true, "storm.topology.classpath.beginning.enabled" false, "drpc.authorizer.acl.filename" "drpc-auth-acl.yaml", "pacemaker.kerberos.users" [], "storm.group.mapping.service.cache.duration.secs" 120, "topology.testing.always.try.serialize" false, "nimbus.monitor.freq.secs" 10, "storm.health.check.timeout.ms" 5000, "supervisor.supervisors" [], "topology.tasks" nil, "topology.bolts.outgoing.overflow.buffer.enable" false, "storm.messaging.netty.socket.backlog" 500, "topology.workers" 1, "pacemaker.base.threads" 10, "storm.local.dir" "/tmp/b10d6c38-c79b-468e-b52e-717fe75d5d55", "topology.disable.loadaware" false, "worker.childopts" "-Xmx%HEAP-MEM%m -XX:+PrintGCDetails -Xloggc:artifacts/gc.log -XX:+PrintGCDateStamps -XX:+PrintGCTimeStamps -XX:+UseGCLogFileRotation -XX:NumberOfGCLogFiles=10 -XX:GCLogFileSize=1M -XX:+HeapDumpOnOutOfMemoryError -XX:HeapDumpPath=artifacts/heapdump", "storm.auth.simple-white-list.users" [], "topology.disruptor.batch.timeout.millis" 1, "topology.message.timeout.secs" 30, "topology.state.synchronization.timeout.secs" 60, "topology.tuple.serializer" "org.apache.storm.serialization.types.ListDelegateSerializer", "supervisor.supervisors.commands" [], "nimbus.blobstore.expiration.secs" 600, "logviewer.childopts" "-Xmx128m", "topology.environment" nil, "topology.debug" false, "topology.disruptor.batch.size" 100, "storm.messaging.netty.max_retries" 300, "ui.childopts" "-Xmx768m", "storm.network.topography.plugin" "org.apache.storm.networktopography.DefaultRackDNSToSwitchMapping", "storm.zookeeper.session.timeout" 20000, "drpc.childopts" "-Xmx768m", "drpc.http.creds.plugin" "org.apache.storm.security.auth.DefaultHttpCredentialsPlugin", "storm.zookeeper.connection.timeout" 15000, "storm.zookeeper.auth.user" nil, "storm.meta.serialization.delegate" "org.apache.storm.serialization.GzipThriftSerializationDelegate", "topology.max.spout.pending" nil, "storm.codedistributor.class" "org.apache.storm.codedistributor.LocalFileSystemCodeDistributor", "nimbus.supervisor.timeout.secs" 60, "nimbus.task.timeout.secs" 30, "drpc.port" 3772, "pacemaker.max.threads" 50, "storm.zookeeper.retry.intervalceiling.millis" 30000, "nimbus.thrift.port" 6627, "storm.auth.simple-acl.admins" [], "topology.component.cpu.pcore.percent" 10.0, "supervisor.memory.capacity.mb" 4096.0, "storm.supervisor.cgroup.rootdir" "storm", "storm.nimbus.retry.times" 5, "supervisor.worker.start.timeout.secs" 120, "storm.zookeeper.retry.interval" 1000, "logs.users" nil, "storm.cluster.metrics.consumer.publish.interval.secs" 60, "worker.profiler.command" "flight.bash", "transactional.zookeeper.port" nil, "drpc.max_buffer_size" 1048576, "pacemaker.thread.timeout" 10, "storm.cgroup.hierarchy.name" "storm", "task.credentials.poll.secs" 30, "blobstore.superuser" "travis", "drpc.https.keystore.type" "JKS", "topology.worker.receiver.thread.count" 1, "topology.state.checkpoint.interval.ms" 1000, "supervisor.slots.ports" [6700 6701 6702 6703], "topology.transfer.buffer.size" 1024, "storm.health.check.dir" "healthchecks", "topology.worker.shared.thread.pool.size" 4, "drpc.authorizer.acl.strict" false, "nimbus.file.copy.expiration.secs" 600, "worker.profiler.childopts" "-XX:+UnlockCommercialFeatures -XX:+FlightRecorder", "topology.executor.receive.buffer.size" 1024, "backpressure.disruptor.low.watermark" 0.4, "nimbus.task.launch.secs" 120, "storm.local.mode.zmq" false, "storm.cgroup.memory.limit.tolerance.margin.mb" 128.0, "storm.messaging.netty.buffer_size" 5242880, "storm.cluster.state.store" "org.apache.storm.cluster.ZKStateStorageFactory", "worker.heartbeat.frequency.secs" 1, "storm.log4j2.conf.dir" "log4j2", "storm.resource.isolation.plugin.enable" false, "ui.http.creds.plugin" "org.apache.storm.security.auth.DefaultHttpCredentialsPlugin", "storm.zookeeper.root" "/storm", "topology.tick.tuple.freq.secs" nil, "drpc.https.port" -1, "storm.workers.artifacts.dir" "workers-artifacts", "supervisor.blobstore.download.max_retries" 3, "task.refresh.poll.secs" 10, "storm.exhibitor.port" 8080, "task.heartbeat.frequency.secs" 3, "pacemaker.port" 6699, "storm.messaging.netty.max_wait_ms" 1000, "topology.component.resources.offheap.memory.mb" 0.0, "drpc.http.port" 3774, "topology.error.throttle.interval.secs" 10, "storm.messaging.transport" "org.apache.storm.messaging.netty.Context", "storm.messaging.netty.authentication" false, "topology.component.resources.onheap.memory.mb" 128.0, "topology.kryo.factory" "org.apache.storm.serialization.DefaultKryoFactory", "worker.gc.childopts" "", "nimbus.topology.validator" "org.apache.storm.nimbus.DefaultTopologyValidator", "nimbus.seeds" ["localhost"], "nimbus.queue.size" 100000, "nimbus.cleanup.inbox.freq.secs" 600, "storm.blobstore.replication.factor" 3, "worker.heap.memory.mb" 768, "logviewer.max.sum.worker.logs.size.mb" 4096, "pacemaker.childopts" "-Xmx1024m", "ui.users" nil, "transactional.zookeeper.servers" nil, "supervisor.worker.timeout.secs" 30, "storm.zookeeper.auth.password" nil, "storm.blobstore.acl.validation.enabled" false, "client.blobstore.class" "org.apache.storm.blobstore.NimbusBlobStore", "supervisor.childopts" "-Xmx256m", "topology.worker.max.heap.size.mb" 768.0, "backpressure.disruptor.high.watermark" 0.9, "ui.filter" nil, "ui.header.buffer.bytes" 4096, "topology.min.replication.count" 1, "storm.supervisor.worker.manager.plugin" "org.apache.storm.daemon.supervisor.workermanager.DefaultWorkerManager", "topology.disruptor.wait.timeout.millis" 1000, "storm.nimbus.retry.intervalceiling.millis" 60000, "topology.trident.batch.emit.interval.millis" 50, "storm.auth.simple-acl.users" [], "drpc.invocations.threads" 64, "java.library.path" "/usr/local/lib:/opt/local/lib:/usr/lib", "ui.port" 8080, "storm.exhibitor.poll.uripath" "/exhibitor/v1/cluster/list", "storm.messaging.netty.transfer.batch.size" 262144, "logviewer.appender.name" "A1", "nimbus.thrift.max_buffer_size" 1048576, "storm.auth.simple-acl.users.commands" [], "drpc.request.timeout.secs" 600}
55273 [main] INFO  o.a.c.f.i.CuratorFrameworkImpl - Starting
55305 [main] INFO  o.a.s.b.FileBlobStoreImpl - Creating new blob store based in /tmp/b10d6c38-c79b-468e-b52e-717fe75d5d55/blobs
55306 [main] INFO  o.a.s.d.nimbus - Using default scheduler
55308 [main] INFO  o.a.c.f.i.CuratorFrameworkImpl - Starting
55412 [main-EventThread] INFO  o.a.c.f.s.ConnectionStateManager - State change: CONNECTED
55413 [main-EventThread] INFO  o.a.c.f.s.ConnectionStateManager - State change: CONNECTED
55422 [main] INFO  o.a.c.f.i.CuratorFrameworkImpl - Starting
55436 [main-EventThread] INFO  o.a.c.f.s.ConnectionStateManager - State change: CONNECTED
55445 [Curator-Framework-0] INFO  o.a.c.f.i.CuratorFrameworkImpl - backgroundOperationsLoop exiting
55448 [main] INFO  o.a.c.f.i.CuratorFrameworkImpl - Starting
55453 [main] INFO  o.a.c.f.i.CuratorFrameworkImpl - Starting
55469 [main-EventThread] INFO  o.a.c.f.s.ConnectionStateManager - State change: CONNECTED
55489 [main-EventThread] INFO  o.a.c.f.s.ConnectionStateManager - State change: CONNECTED
55568 [main] INFO  o.a.s.z.LeaderElectorImp - Queued up for leader lock.
55622 [main] INFO  o.a.s.d.m.MetricsUtils - Using statistics reporter plugin:org.apache.storm.daemon.metrics.reporters.JmxPreparableReporter
55641 [main] INFO  o.a.s.d.m.r.JmxPreparableReporter - Preparing...
55688 [main] INFO  o.a.s.m.StormMetricsRegistry - Started statistics report plugin...
55701 [main-EventThread] INFO  o.a.s.z.Zookeeper - active-topology-ids [] local-topology-ids [] diff-topology []
55702 [main-EventThread] INFO  o.a.s.z.Zookeeper - Accepting leadership, all active topology found locally.
55745 [main] INFO  o.a.s.testing - Starting Nimbus server...
55757 [main] INFO  o.a.c.f.i.CuratorFrameworkImpl - Starting
55772 [main-EventThread] INFO  o.a.c.f.s.ConnectionStateManager - State change: CONNECTED
55774 [Curator-Framework-0] INFO  o.a.c.f.i.CuratorFrameworkImpl - backgroundOperationsLoop exiting
55776 [main] INFO  o.a.c.f.i.CuratorFrameworkImpl - Starting
55778 [main] INFO  o.a.c.f.i.CuratorFrameworkImpl - Starting
55783 [main-EventThread] INFO  o.a.c.f.s.ConnectionStateManager - State change: CONNECTED
55783 [main-EventThread] INFO  o.a.c.f.s.ConnectionStateManager - State change: CONNECTED
55789 [main] INFO  o.a.c.f.i.CuratorFrameworkImpl - Starting
55802 [main-EventThread] INFO  o.a.c.f.s.ConnectionStateManager - State change: CONNECTED
55838 [main] INFO  o.a.s.d.local-supervisor - Starting local Supervisor with conf {"topology.builtin.metrics.bucket.size.secs" 60, "nimbus.childopts" "-Xmx1024m", "ui.filter.params" nil, "storm.cluster.mode" "local", "storm.messaging.netty.client_worker_threads" 1, "logviewer.max.per.worker.logs.size.mb" 2048, "supervisor.run.worker.as.user" false, "topology.max.task.parallelism" nil, "topology.priority" 29, "zmq.threads" 1, "storm.group.mapping.service" "org.apache.storm.security.auth.ShellBasedGroupsMapping", "transactional.zookeeper.root" "/transactional", "topology.sleep.spout.wait.strategy.time.ms" 1, "scheduler.display.resource" false, "topology.max.replication.wait.time.sec" 60, "drpc.invocations.port" 3773, "supervisor.localizer.cache.target.size.mb" 10240, "topology.multilang.serializer" "org.apache.storm.multilang.JsonSerializer", "storm.messaging.netty.server_worker_threads" 1, "nimbus.blobstore.class" "org.apache.storm.blobstore.LocalFsBlobStore", "resource.aware.scheduler.eviction.strategy" "org.apache.storm.scheduler.resource.strategies.eviction.DefaultEvictionStrategy", "topology.max.error.report.per.interval" 5, "storm.thrift.transport" "org.apache.storm.security.auth.SimpleTransportPlugin", "zmq.hwm" 0, "storm.cgroup.resources" ["cpu" "memory"], "storm.group.mapping.service.params" nil, "worker.profiler.enabled" false, "storm.principal.tolocal" "org.apache.storm.security.auth.DefaultPrincipalToLocal", "supervisor.worker.shutdown.sleep.secs" 1, "pacemaker.host" "localhost", "storm.zookeeper.retry.times" 5, "ui.actions.enabled" true, "zmq.linger.millis" 0, "supervisor.enable" true, "topology.stats.sample.rate" 0.05, "storm.messaging.netty.min_wait_ms" 100, "storm.resource.isolation.plugin" "org.apache.storm.container.cgroup.CgroupManager", "worker.log.level.reset.poll.secs" 30, "storm.zookeeper.port" 2002, "supervisor.heartbeat.frequency.secs" 5, "topology.enable.message.timeouts" false, "supervisor.cpu.capacity" 400.0, "drpc.worker.threads" 64, "supervisor.blobstore.download.thread.count" 5, "drpc.queue.size" 128, "topology.backpressure.enable" false, "supervisor.blobstore.class" "org.apache.storm.blobstore.NimbusBlobStore", "storm.blobstore.inputstream.buffer.size.bytes" 65536, "topology.shellbolt.max.pending" 100, "drpc.https.keystore.password" "", "nimbus.code.sync.freq.secs" 120, "logviewer.port" 8000, "topology.scheduler.strategy" "org.apache.storm.scheduler.resource.strategies.scheduling.DefaultResourceAwareStrategy", "topology.executor.send.buffer.size" 1024, "resource.aware.scheduler.priority.strategy" "org.apache.storm.scheduler.resource.strategies.priority.DefaultSchedulingPriorityStrategy", "pacemaker.auth.method" "NONE", "storm.daemon.metrics.reporter.plugins" ["org.apache.storm.daemon.metrics.reporters.JmxPreparableReporter"], "storm.cgroup.hierarchy.dir" "/cgroup/storm_resources", "topology.worker.logwriter.childopts" "-Xmx64m", "topology.spout.wait.strategy" "org.apache.storm.spout.SleepSpoutWaitStrategy", "ui.host" "0.0.0.0", "storm.nimbus.retry.interval.millis" 2000, "nimbus.inbox.jar.expiration.secs" 3600, "dev.zookeeper.path" "/tmp/dev-storm-zookeeper", "topology.acker.executors" nil, "topology.fall.back.on.java.serialization" true, "topology.eventlogger.executors" nil, "supervisor.localizer.cleanup.interval.ms" 600000, "storm.zookeeper.servers" ["localhost"], "nimbus.thrift.threads" 64, "logviewer.cleanup.age.mins" 10080, "topology.worker.childopts" nil, "topology.classpath" nil, "storm.cgroup.cgexec.cmd" "/bin/cgexec", "supervisor.monitor.frequency.secs" 3, "nimbus.credential.renewers.freq.secs" 600, "topology.skip.missing.kryo.registrations" true, "storm.topology.classpath.beginning.enabled" false, "drpc.authorizer.acl.filename" "drpc-auth-acl.yaml", "pacemaker.kerberos.users" [], "storm.group.mapping.service.cache.duration.secs" 120, "topology.testing.always.try.serialize" false, "nimbus.monitor.freq.secs" 10, "storm.health.check.timeout.ms" 5000, "supervisor.supervisors" [], "topology.tasks" nil, "topology.bolts.outgoing.overflow.buffer.enable" false, "storm.messaging.netty.socket.backlog" 500, "topology.workers" 1, "pacemaker.base.threads" 10, "storm.local.dir" "/tmp/bf0051cc-54d3-441c-880a-cd770a770fcb", "topology.disable.loadaware" false, "worker.childopts" "-Xmx%HEAP-MEM%m -XX:+PrintGCDetails -Xloggc:artifacts/gc.log -XX:+PrintGCDateStamps -XX:+PrintGCTimeStamps -XX:+UseGCLogFileRotation -XX:NumberOfGCLogFiles=10 -XX:GCLogFileSize=1M -XX:+HeapDumpOnOutOfMemoryError -XX:HeapDumpPath=artifacts/heapdump", "storm.auth.simple-white-list.users" [], "topology.disruptor.batch.timeout.millis" 1, "topology.message.timeout.secs" 30, "topology.state.synchronization.timeout.secs" 60, "topology.tuple.serializer" "org.apache.storm.serialization.types.ListDelegateSerializer", "supervisor.supervisors.commands" [], "nimbus.blobstore.expiration.secs" 600, "logviewer.childopts" "-Xmx128m", "topology.environment" nil, "topology.debug" false, "topology.disruptor.batch.size" 100, "storm.messaging.netty.max_retries" 300, "ui.childopts" "-Xmx768m", "storm.network.topography.plugin" "org.apache.storm.networktopography.DefaultRackDNSToSwitchMapping", "storm.zookeeper.session.timeout" 20000, "drpc.childopts" "-Xmx768m", "drpc.http.creds.plugin" "org.apache.storm.security.auth.DefaultHttpCredentialsPlugin", "storm.zookeeper.connection.timeout" 15000, "storm.zookeeper.auth.user" nil, "storm.meta.serialization.delegate" "org.apache.storm.serialization.GzipThriftSerializationDelegate", "topology.max.spout.pending" nil, "storm.codedistributor.class" "org.apache.storm.codedistributor.LocalFileSystemCodeDistributor", "nimbus.supervisor.timeout.secs" 60, "nimbus.task.timeout.secs" 30, "drpc.port" 3772, "pacemaker.max.threads" 50, "storm.zookeeper.retry.intervalceiling.millis" 30000, "nimbus.thrift.port" 6627, "storm.auth.simple-acl.admins" [], "topology.component.cpu.pcore.percent" 10.0, "supervisor.memory.capacity.mb" 4096.0, "storm.supervisor.cgroup.rootdir" "storm", "storm.nimbus.retry.times" 5, "supervisor.worker.start.timeout.secs" 120, "storm.zookeeper.retry.interval" 1000, "logs.users" nil, "storm.cluster.metrics.consumer.publish.interval.secs" 60, "worker.profiler.command" "flight.bash", "transactional.zookeeper.port" nil, "drpc.max_buffer_size" 1048576, "pacemaker.thread.timeout" 10, "storm.cgroup.hierarchy.name" "storm", "task.credentials.poll.secs" 30, "blobstore.superuser" "travis", "drpc.https.keystore.type" "JKS", "topology.worker.receiver.thread.count" 1, "topology.state.checkpoint.interval.ms" 1000, "supervisor.slots.ports" (1024 1025 1026), "topology.transfer.buffer.size" 1024, "storm.health.check.dir" "healthchecks", "topology.worker.shared.thread.pool.size" 4, "drpc.authorizer.acl.strict" false, "nimbus.file.copy.expiration.secs" 600, "worker.profiler.childopts" "-XX:+UnlockCommercialFeatures -XX:+FlightRecorder", "topology.executor.receive.buffer.size" 1024, "backpressure.disruptor.low.watermark" 0.4, "nimbus.task.launch.secs" 120, "storm.local.mode.zmq" false, "storm.cgroup.memory.limit.tolerance.margin.mb" 128.0, "storm.messaging.netty.buffer_size" 5242880, "storm.cluster.state.store" "org.apache.storm.cluster.ZKStateStorageFactory", "worker.heartbeat.frequency.secs" 1, "storm.log4j2.conf.dir" "log4j2", "storm.resource.isolation.plugin.enable" false, "ui.http.creds.plugin" "org.apache.storm.security.auth.DefaultHttpCredentialsPlugin", "storm.zookeeper.root" "/storm", "topology.tick.tuple.freq.secs" nil, "drpc.https.port" -1, "storm.workers.artifacts.dir" "workers-artifacts", "supervisor.blobstore.download.max_retries" 3, "task.refresh.poll.secs" 10, "storm.exhibitor.port" 8080, "task.heartbeat.frequency.secs" 3, "pacemaker.port" 6699, "storm.messaging.netty.max_wait_ms" 1000, "topology.component.resources.offheap.memory.mb" 0.0, "drpc.http.port" 3774, "topology.error.throttle.interval.secs" 10, "storm.messaging.transport" "org.apache.storm.messaging.netty.Context", "storm.messaging.netty.authentication" false, "topology.component.resources.onheap.memory.mb" 128.0, "topology.kryo.factory" "org.apache.storm.serialization.DefaultKryoFactory", "worker.gc.childopts" "", "nimbus.topology.validator" "org.apache.storm.nimbus.DefaultTopologyValidator", "nimbus.seeds" ["localhost"], "nimbus.queue.size" 100000, "nimbus.cleanup.inbox.freq.secs" 600, "storm.blobstore.replication.factor" 3, "worker.heap.memory.mb" 768, "logviewer.max.sum.worker.logs.size.mb" 4096, "pacemaker.childopts" "-Xmx1024m", "ui.users" nil, "transactional.zookeeper.servers" nil, "supervisor.worker.timeout.secs" 30, "storm.zookeeper.auth.password" nil, "storm.blobstore.acl.validation.enabled" false, "client.blobstore.class" "org.apache.storm.blobstore.NimbusBlobStore", "supervisor.childopts" "-Xmx256m", "topology.worker.max.heap.size.mb" 768.0, "backpressure.disruptor.high.watermark" 0.9, "ui.filter" nil, "ui.header.buffer.bytes" 4096, "topology.min.replication.count" 1, "storm.supervisor.worker.manager.plugin" "org.apache.storm.daemon.supervisor.workermanager.DefaultWorkerManager", "topology.disruptor.wait.timeout.millis" 1000, "storm.nimbus.retry.intervalceiling.millis" 60000, "topology.trident.batch.emit.interval.millis" 50, "storm.auth.simple-acl.users" [], "drpc.invocations.threads" 64, "java.library.path" "/usr/local/lib:/opt/local/lib:/usr/lib", "ui.port" 8080, "storm.exhibitor.poll.uripath" "/exhibitor/v1/cluster/list", "storm.messaging.netty.transfer.batch.size" 262144, "logviewer.appender.name" "A1", "nimbus.thrift.max_buffer_size" 1048576, "storm.auth.simple-acl.users.commands" [], "drpc.request.timeout.secs" 600}
55859 [main] INFO  o.a.s.d.s.Supervisor - Starting Supervisor with conf {topology.builtin.metrics.bucket.size.secs=60, nimbus.childopts=-Xmx1024m, ui.filter.params=null, storm.cluster.mode=local, storm.messaging.netty.client_worker_threads=1, logviewer.max.per.worker.logs.size.mb=2048, supervisor.run.worker.as.user=false, topology.max.task.parallelism=null, topology.priority=29, zmq.threads=1, storm.group.mapping.service=org.apache.storm.security.auth.ShellBasedGroupsMapping, transactional.zookeeper.root=/transactional, topology.sleep.spout.wait.strategy.time.ms=1, scheduler.display.resource=false, topology.max.replication.wait.time.sec=60, drpc.invocations.port=3773, supervisor.localizer.cache.target.size.mb=10240, topology.multilang.serializer=org.apache.storm.multilang.JsonSerializer, storm.messaging.netty.server_worker_threads=1, nimbus.blobstore.class=org.apache.storm.blobstore.LocalFsBlobStore, resource.aware.scheduler.eviction.strategy=org.apache.storm.scheduler.resource.strategies.eviction.DefaultEvictionStrategy, topology.max.error.report.per.interval=5, storm.thrift.transport=org.apache.storm.security.auth.SimpleTransportPlugin, zmq.hwm=0, storm.cgroup.resources=[cpu, memory], storm.group.mapping.service.params=null, worker.profiler.enabled=false, storm.principal.tolocal=org.apache.storm.security.auth.DefaultPrincipalToLocal, supervisor.worker.shutdown.sleep.secs=1, pacemaker.host=localhost, storm.zookeeper.retry.times=5, ui.actions.enabled=true, zmq.linger.millis=0, supervisor.enable=true, topology.stats.sample.rate=0.05, storm.messaging.netty.min_wait_ms=100, storm.resource.isolation.plugin=org.apache.storm.container.cgroup.CgroupManager, worker.log.level.reset.poll.secs=30, storm.zookeeper.port=2002, supervisor.heartbeat.frequency.secs=5, topology.enable.message.timeouts=false, supervisor.cpu.capacity=400.0, drpc.worker.threads=64, supervisor.blobstore.download.thread.count=5, drpc.queue.size=128, topology.backpressure.enable=false, supervisor.blobstore.class=org.apache.storm.blobstore.NimbusBlobStore, storm.blobstore.inputstream.buffer.size.bytes=65536, topology.shellbolt.max.pending=100, drpc.https.keystore.password=, nimbus.code.sync.freq.secs=120, logviewer.port=8000, topology.scheduler.strategy=org.apache.storm.scheduler.resource.strategies.scheduling.DefaultResourceAwareStrategy, topology.executor.send.buffer.size=1024, resource.aware.scheduler.priority.strategy=org.apache.storm.scheduler.resource.strategies.priority.DefaultSchedulingPriorityStrategy, pacemaker.auth.method=NONE, storm.daemon.metrics.reporter.plugins=[org.apache.storm.daemon.metrics.reporters.JmxPreparableReporter], storm.cgroup.hierarchy.dir=/cgroup/storm_resources, topology.worker.logwriter.childopts=-Xmx64m, topology.spout.wait.strategy=org.apache.storm.spout.SleepSpoutWaitStrategy, ui.host=0.0.0.0, storm.nimbus.retry.interval.millis=2000, nimbus.inbox.jar.expiration.secs=3600, dev.zookeeper.path=/tmp/dev-storm-zookeeper, topology.acker.executors=null, topology.fall.back.on.java.serialization=true, topology.eventlogger.executors=null, supervisor.localizer.cleanup.interval.ms=600000, storm.zookeeper.servers=[localhost], nimbus.thrift.threads=64, logviewer.cleanup.age.mins=10080, topology.worker.childopts=null, topology.classpath=null, storm.cgroup.cgexec.cmd=/bin/cgexec, supervisor.monitor.frequency.secs=3, nimbus.credential.renewers.freq.secs=600, topology.skip.missing.kryo.registrations=true, storm.topology.classpath.beginning.enabled=false, drpc.authorizer.acl.filename=drpc-auth-acl.yaml, pacemaker.kerberos.users=[], storm.group.mapping.service.cache.duration.secs=120, topology.testing.always.try.serialize=false, nimbus.monitor.freq.secs=10, storm.health.check.timeout.ms=5000, supervisor.supervisors=[], topology.tasks=null, topology.bolts.outgoing.overflow.buffer.enable=false, storm.messaging.netty.socket.backlog=500, topology.workers=1, pacemaker.base.threads=10, storm.local.dir=/tmp/bf0051cc-54d3-441c-880a-cd770a770fcb, topology.disable.loadaware=false, worker.childopts=-Xmx%HEAP-MEM%m -XX:+PrintGCDetails -Xloggc:artifacts/gc.log -XX:+PrintGCDateStamps -XX:+PrintGCTimeStamps -XX:+UseGCLogFileRotation -XX:NumberOfGCLogFiles=10 -XX:GCLogFileSize=1M -XX:+HeapDumpOnOutOfMemoryError -XX:HeapDumpPath=artifacts/heapdump, storm.auth.simple-white-list.users=[], topology.disruptor.batch.timeout.millis=1, topology.message.timeout.secs=30, topology.state.synchronization.timeout.secs=60, topology.tuple.serializer=org.apache.storm.serialization.types.ListDelegateSerializer, supervisor.supervisors.commands=[], nimbus.blobstore.expiration.secs=600, logviewer.childopts=-Xmx128m, topology.environment=null, topology.debug=false, topology.disruptor.batch.size=100, storm.messaging.netty.max_retries=300, ui.childopts=-Xmx768m, storm.network.topography.plugin=org.apache.storm.networktopography.DefaultRackDNSToSwitchMapping, storm.zookeeper.session.timeout=20000, drpc.childopts=-Xmx768m, drpc.http.creds.plugin=org.apache.storm.security.auth.DefaultHttpCredentialsPlugin, storm.zookeeper.connection.timeout=15000, storm.zookeeper.auth.user=null, storm.meta.serialization.delegate=org.apache.storm.serialization.GzipThriftSerializationDelegate, topology.max.spout.pending=null, storm.codedistributor.class=org.apache.storm.codedistributor.LocalFileSystemCodeDistributor, nimbus.supervisor.timeout.secs=60, nimbus.task.timeout.secs=30, drpc.port=3772, pacemaker.max.threads=50, storm.zookeeper.retry.intervalceiling.millis=30000, nimbus.thrift.port=6627, storm.auth.simple-acl.admins=[], topology.component.cpu.pcore.percent=10.0, supervisor.memory.capacity.mb=4096.0, storm.supervisor.cgroup.rootdir=storm, storm.nimbus.retry.times=5, supervisor.worker.start.timeout.secs=120, storm.zookeeper.retry.interval=1000, logs.users=null, storm.cluster.metrics.consumer.publish.interval.secs=60, worker.profiler.command=flight.bash, transactional.zookeeper.port=null, drpc.max_buffer_size=1048576, pacemaker.thread.timeout=10, storm.cgroup.hierarchy.name=storm, task.credentials.poll.secs=30, blobstore.superuser=travis, drpc.https.keystore.type=JKS, topology.worker.receiver.thread.count=1, topology.state.checkpoint.interval.ms=1000, supervisor.slots.ports=[1024, 1025, 1026], topology.transfer.buffer.size=1024, storm.health.check.dir=healthchecks, topology.worker.shared.thread.pool.size=4, drpc.authorizer.acl.strict=false, nimbus.file.copy.expiration.secs=600, worker.profiler.childopts=-XX:+UnlockCommercialFeatures -XX:+FlightRecorder, topology.executor.receive.buffer.size=1024, backpressure.disruptor.low.watermark=0.4, nimbus.task.launch.secs=120, storm.local.mode.zmq=false, storm.cgroup.memory.limit.tolerance.margin.mb=128.0, storm.messaging.netty.buffer_size=5242880, storm.cluster.state.store=org.apache.storm.cluster.ZKStateStorageFactory, worker.heartbeat.frequency.secs=1, storm.log4j2.conf.dir=log4j2, storm.resource.isolation.plugin.enable=false, ui.http.creds.plugin=org.apache.storm.security.auth.DefaultHttpCredentialsPlugin, storm.zookeeper.root=/storm, topology.tick.tuple.freq.secs=null, drpc.https.port=-1, storm.workers.artifacts.dir=workers-artifacts, supervisor.blobstore.download.max_retries=3, task.refresh.poll.secs=10, storm.exhibitor.port=8080, task.heartbeat.frequency.secs=3, pacemaker.port=6699, storm.messaging.netty.max_wait_ms=1000, topology.component.resources.offheap.memory.mb=0.0, drpc.http.port=3774, topology.error.throttle.interval.secs=10, storm.messaging.transport=org.apache.storm.messaging.netty.Context, storm.messaging.netty.authentication=false, topology.component.resources.onheap.memory.mb=128.0, topology.kryo.factory=org.apache.storm.serialization.DefaultKryoFactory, worker.gc.childopts=, nimbus.topology.validator=org.apache.storm.nimbus.DefaultTopologyValidator, nimbus.seeds=[localhost], nimbus.queue.size=100000, nimbus.cleanup.inbox.freq.secs=600, storm.blobstore.replication.factor=3, worker.heap.memory.mb=768, logviewer.max.sum.worker.logs.size.mb=4096, pacemaker.childopts=-Xmx1024m, ui.users=null, transactional.zookeeper.servers=null, supervisor.worker.timeout.secs=30, storm.zookeeper.auth.password=null, storm.blobstore.acl.validation.enabled=false, client.blobstore.class=org.apache.storm.blobstore.NimbusBlobStore, supervisor.childopts=-Xmx256m, topology.worker.max.heap.size.mb=768.0, backpressure.disruptor.high.watermark=0.9, ui.filter=null, ui.header.buffer.bytes=4096, topology.min.replication.count=1, storm.supervisor.worker.manager.plugin=org.apache.storm.daemon.supervisor.workermanager.DefaultWorkerManager, topology.disruptor.wait.timeout.millis=1000, storm.nimbus.retry.intervalceiling.millis=60000, topology.trident.batch.emit.interval.millis=50, storm.auth.simple-acl.users=[], drpc.invocations.threads=64, java.library.path=/usr/local/lib:/opt/local/lib:/usr/lib, ui.port=8080, storm.exhibitor.poll.uripath=/exhibitor/v1/cluster/list, storm.messaging.netty.transfer.batch.size=262144, logviewer.appender.name=A1, nimbus.thrift.max_buffer_size=1048576, storm.auth.simple-acl.users.commands=[], drpc.request.timeout.secs=600}
55882 [main] INFO  o.a.c.f.i.CuratorFrameworkImpl - Starting
55902 [main-EventThread] INFO  o.a.c.f.s.ConnectionStateManager - State change: CONNECTED
55903 [Curator-Framework-0] INFO  o.a.c.f.i.CuratorFrameworkImpl - backgroundOperationsLoop exiting
55911 [main] INFO  o.a.c.f.i.CuratorFrameworkImpl - Starting
55915 [main-SendThread(localhost:2181)] WARN  o.a.z.ClientCnxn - Session 0x0 for server null, unexpected error, closing socket connection and attempting reconnect
java.net.ConnectException: Connection refused
	at sun.nio.ch.SocketChannelImpl.checkConnect(Native Method) ~[?:1.8.0_31]
	at sun.nio.ch.SocketChannelImpl.finishConnect(SocketChannelImpl.java:716) ~[?:1.8.0_31]
	at org.apache.zookeeper.ClientCnxnSocketNIO.doTransport(ClientCnxnSocketNIO.java:361) ~[zookeeper-3.4.6.jar:3.4.6-1569965]
	at org.apache.zookeeper.ClientCnxn$SendThread.run(ClientCnxn.java:1081) [zookeeper-3.4.6.jar:3.4.6-1569965]
55922 [main-EventThread] INFO  o.a.c.f.s.ConnectionStateManager - State change: CONNECTED
55940 [main] INFO  o.a.s.l.Localizer - Reconstruct localized resource: /tmp/bf0051cc-54d3-441c-880a-cd770a770fcb/supervisor/usercache
55940 [main] WARN  o.a.s.l.Localizer - No left over resources found for any user during reconstructing of local resources at: /tmp/bf0051cc-54d3-441c-880a-cd770a770fcb/supervisor/usercache
55961 [main] INFO  o.a.s.d.s.Supervisor - Starting supervisor with id a26f15dd-7841-46cb-ad91-76238245c72c at host testing-worker-linux-docker-82d82183-3447-linux-3.prod.travis-ci.org.
55963 [main] INFO  o.a.s.d.local-supervisor - Starting local Supervisor with conf {"topology.builtin.metrics.bucket.size.secs" 60, "nimbus.childopts" "-Xmx1024m", "ui.filter.params" nil, "storm.cluster.mode" "local", "storm.messaging.netty.client_worker_threads" 1, "logviewer.max.per.worker.logs.size.mb" 2048, "supervisor.run.worker.as.user" false, "topology.max.task.parallelism" nil, "topology.priority" 29, "zmq.threads" 1, "storm.group.mapping.service" "org.apache.storm.security.auth.ShellBasedGroupsMapping", "transactional.zookeeper.root" "/transactional", "topology.sleep.spout.wait.strategy.time.ms" 1, "scheduler.display.resource" false, "topology.max.replication.wait.time.sec" 60, "drpc.invocations.port" 3773, "supervisor.localizer.cache.target.size.mb" 10240, "topology.multilang.serializer" "org.apache.storm.multilang.JsonSerializer", "storm.messaging.netty.server_worker_threads" 1, "nimbus.blobstore.class" "org.apache.storm.blobstore.LocalFsBlobStore", "resource.aware.scheduler.eviction.strategy" "org.apache.storm.scheduler.resource.strategies.eviction.DefaultEvictionStrategy", "topology.max.error.report.per.interval" 5, "storm.thrift.transport" "org.apache.storm.security.auth.SimpleTransportPlugin", "zmq.hwm" 0, "storm.cgroup.resources" ["cpu" "memory"], "storm.group.mapping.service.params" nil, "worker.profiler.enabled" false, "storm.principal.tolocal" "org.apache.storm.security.auth.DefaultPrincipalToLocal", "supervisor.worker.shutdown.sleep.secs" 1, "pacemaker.host" "localhost", "storm.zookeeper.retry.times" 5, "ui.actions.enabled" true, "zmq.linger.millis" 0, "supervisor.enable" true, "topology.stats.sample.rate" 0.05, "storm.messaging.netty.min_wait_ms" 100, "storm.resource.isolation.plugin" "org.apache.storm.container.cgroup.CgroupManager", "worker.log.level.reset.poll.secs" 30, "storm.zookeeper.port" 2002, "supervisor.heartbeat.frequency.secs" 5, "topology.enable.message.timeouts" false, "supervisor.cpu.capacity" 400.0, "drpc.worker.threads" 64, "supervisor.blobstore.download.thread.count" 5, "drpc.queue.size" 128, "topology.backpressure.enable" false, "supervisor.blobstore.class" "org.apache.storm.blobstore.NimbusBlobStore", "storm.blobstore.inputstream.buffer.size.bytes" 65536, "topology.shellbolt.max.pending" 100, "drpc.https.keystore.password" "", "nimbus.code.sync.freq.secs" 120, "logviewer.port" 8000, "topology.scheduler.strategy" "org.apache.storm.scheduler.resource.strategies.scheduling.DefaultResourceAwareStrategy", "topology.executor.send.buffer.size" 1024, "resource.aware.scheduler.priority.strategy" "org.apache.storm.scheduler.resource.strategies.priority.DefaultSchedulingPriorityStrategy", "pacemaker.auth.method" "NONE", "storm.daemon.metrics.reporter.plugins" ["org.apache.storm.daemon.metrics.reporters.JmxPreparableReporter"], "storm.cgroup.hierarchy.dir" "/cgroup/storm_resources", "topology.worker.logwriter.childopts" "-Xmx64m", "topology.spout.wait.strategy" "org.apache.storm.spout.SleepSpoutWaitStrategy", "ui.host" "0.0.0.0", "storm.nimbus.retry.interval.millis" 2000, "nimbus.inbox.jar.expiration.secs" 3600, "dev.zookeeper.path" "/tmp/dev-storm-zookeeper", "topology.acker.executors" nil, "topology.fall.back.on.java.serialization" true, "topology.eventlogger.executors" nil, "supervisor.localizer.cleanup.interval.ms" 600000, "storm.zookeeper.servers" ["localhost"], "nimbus.thrift.threads" 64, "logviewer.cleanup.age.mins" 10080, "topology.worker.childopts" nil, "topology.classpath" nil, "storm.cgroup.cgexec.cmd" "/bin/cgexec", "supervisor.monitor.frequency.secs" 3, "nimbus.credential.renewers.freq.secs" 600, "topology.skip.missing.kryo.registrations" true, "storm.topology.classpath.beginning.enabled" false, "drpc.authorizer.acl.filename" "drpc-auth-acl.yaml", "pacemaker.kerberos.users" [], "storm.group.mapping.service.cache.duration.secs" 120, "topology.testing.always.try.serialize" false, "nimbus.monitor.freq.secs" 10, "storm.health.check.timeout.ms" 5000, "supervisor.supervisors" [], "topology.tasks" nil, "topology.bolts.outgoing.overflow.buffer.enable" false, "storm.messaging.netty.socket.backlog" 500, "topology.workers" 1, "pacemaker.base.threads" 10, "storm.local.dir" "/tmp/dc2ad076-7572-4ba5-b684-f54262851555", "topology.disable.loadaware" false, "worker.childopts" "-Xmx%HEAP-MEM%m -XX:+PrintGCDetails -Xloggc:artifacts/gc.log -XX:+PrintGCDateStamps -XX:+PrintGCTimeStamps -XX:+UseGCLogFileRotation -XX:NumberOfGCLogFiles=10 -XX:GCLogFileSize=1M -XX:+HeapDumpOnOutOfMemoryError -XX:HeapDumpPath=artifacts/heapdump", "storm.auth.simple-white-list.users" [], "topology.disruptor.batch.timeout.millis" 1, "topology.message.timeout.secs" 30, "topology.state.synchronization.timeout.secs" 60, "topology.tuple.serializer" "org.apache.storm.serialization.types.ListDelegateSerializer", "supervisor.supervisors.commands" [], "nimbus.blobstore.expiration.secs" 600, "logviewer.childopts" "-Xmx128m", "topology.environment" nil, "topology.debug" false, "topology.disruptor.batch.size" 100, "storm.messaging.netty.max_retries" 300, "ui.childopts" "-Xmx768m", "storm.network.topography.plugin" "org.apache.storm.networktopography.DefaultRackDNSToSwitchMapping", "storm.zookeeper.session.timeout" 20000, "drpc.childopts" "-Xmx768m", "drpc.http.creds.plugin" "org.apache.storm.security.auth.DefaultHttpCredentialsPlugin", "storm.zookeeper.connection.timeout" 15000, "storm.zookeeper.auth.user" nil, "storm.meta.serialization.delegate" "org.apache.storm.serialization.GzipThriftSerializationDelegate", "topology.max.spout.pending" nil, "storm.codedistributor.class" "org.apache.storm.codedistributor.LocalFileSystemCodeDistributor", "nimbus.supervisor.timeout.secs" 60, "nimbus.task.timeout.secs" 30, "drpc.port" 3772, "pacemaker.max.threads" 50, "storm.zookeeper.retry.intervalceiling.millis" 30000, "nimbus.thrift.port" 6627, "storm.auth.simple-acl.admins" [], "topology.component.cpu.pcore.percent" 10.0, "supervisor.memory.capacity.mb" 4096.0, "storm.supervisor.cgroup.rootdir" "storm", "storm.nimbus.retry.times" 5, "supervisor.worker.start.timeout.secs" 120, "storm.zookeeper.retry.interval" 1000, "logs.users" nil, "storm.cluster.metrics.consumer.publish.interval.secs" 60, "worker.profiler.command" "flight.bash", "transactional.zookeeper.port" nil, "drpc.max_buffer_size" 1048576, "pacemaker.thread.timeout" 10, "storm.cgroup.hierarchy.name" "storm", "task.credentials.poll.secs" 30, "blobstore.superuser" "travis", "drpc.https.keystore.type" "JKS", "topology.worker.receiver.thread.count" 1, "topology.state.checkpoint.interval.ms" 1000, "supervisor.slots.ports" (1027 1028 1029), "topology.transfer.buffer.size" 1024, "storm.health.check.dir" "healthchecks", "topology.worker.shared.thread.pool.size" 4, "drpc.authorizer.acl.strict" false, "nimbus.file.copy.expiration.secs" 600, "worker.profiler.childopts" "-XX:+UnlockCommercialFeatures -XX:+FlightRecorder", "topology.executor.receive.buffer.size" 1024, "backpressure.disruptor.low.watermark" 0.4, "nimbus.task.launch.secs" 120, "storm.local.mode.zmq" false, "storm.cgroup.memory.limit.tolerance.margin.mb" 128.0, "storm.messaging.netty.buffer_size" 5242880, "storm.cluster.state.store" "org.apache.storm.cluster.ZKStateStorageFactory", "worker.heartbeat.frequency.secs" 1, "storm.log4j2.conf.dir" "log4j2", "storm.resource.isolation.plugin.enable" false, "ui.http.creds.plugin" "org.apache.storm.security.auth.DefaultHttpCredentialsPlugin", "storm.zookeeper.root" "/storm", "topology.tick.tuple.freq.secs" nil, "drpc.https.port" -1, "storm.workers.artifacts.dir" "workers-artifacts", "supervisor.blobstore.download.max_retries" 3, "task.refresh.poll.secs" 10, "storm.exhibitor.port" 8080, "task.heartbeat.frequency.secs" 3, "pacemaker.port" 6699, "storm.messaging.netty.max_wait_ms" 1000, "topology.component.resources.offheap.memory.mb" 0.0, "drpc.http.port" 3774, "topology.error.throttle.interval.secs" 10, "storm.messaging.transport" "org.apache.storm.messaging.netty.Context", "storm.messaging.netty.authentication" false, "topology.component.resources.onheap.memory.mb" 128.0, "topology.kryo.factory" "org.apache.storm.serialization.DefaultKryoFactory", "worker.gc.childopts" "", "nimbus.topology.validator" "org.apache.storm.nimbus.DefaultTopologyValidator", "nimbus.seeds" ["localhost"], "nimbus.queue.size" 100000, "nimbus.cleanup.inbox.freq.secs" 600, "storm.blobstore.replication.factor" 3, "worker.heap.memory.mb" 768, "logviewer.max.sum.worker.logs.size.mb" 4096, "pacemaker.childopts" "-Xmx1024m", "ui.users" nil, "transactional.zookeeper.servers" nil, "supervisor.worker.timeout.secs" 30, "storm.zookeeper.auth.password" nil, "storm.blobstore.acl.validation.enabled" false, "client.blobstore.class" "org.apache.storm.blobstore.NimbusBlobStore", "supervisor.childopts" "-Xmx256m", "topology.worker.max.heap.size.mb" 768.0, "backpressure.disruptor.high.watermark" 0.9, "ui.filter" nil, "ui.header.buffer.bytes" 4096, "topology.min.replication.count" 1, "storm.supervisor.worker.manager.plugin" "org.apache.storm.daemon.supervisor.workermanager.DefaultWorkerManager", "topology.disruptor.wait.timeout.millis" 1000, "storm.nimbus.retry.intervalceiling.millis" 60000, "topology.trident.batch.emit.interval.millis" 50, "storm.auth.simple-acl.users" [], "drpc.invocations.threads" 64, "java.library.path" "/usr/local/lib:/opt/local/lib:/usr/lib", "ui.port" 8080, "storm.exhibitor.poll.uripath" "/exhibitor/v1/cluster/list", "storm.messaging.netty.transfer.batch.size" 262144, "logviewer.appender.name" "A1", "nimbus.thrift.max_buffer_size" 1048576, "storm.auth.simple-acl.users.commands" [], "drpc.request.timeout.secs" 600}
55964 [main] INFO  o.a.s.d.s.Supervisor - Starting Supervisor with conf {topology.builtin.metrics.bucket.size.secs=60, nimbus.childopts=-Xmx1024m, ui.filter.params=null, storm.cluster.mode=local, storm.messaging.netty.client_worker_threads=1, logviewer.max.per.worker.logs.size.mb=2048, supervisor.run.worker.as.user=false, topology.max.task.parallelism=null, topology.priority=29, zmq.threads=1, storm.group.mapping.service=org.apache.storm.security.auth.ShellBasedGroupsMapping, transactional.zookeeper.root=/transactional, topology.sleep.spout.wait.strategy.time.ms=1, scheduler.display.resource=false, topology.max.replication.wait.time.sec=60, drpc.invocations.port=3773, supervisor.localizer.cache.target.size.mb=10240, topology.multilang.serializer=org.apache.storm.multilang.JsonSerializer, storm.messaging.netty.server_worker_threads=1, nimbus.blobstore.class=org.apache.storm.blobstore.LocalFsBlobStore, resource.aware.scheduler.eviction.strategy=org.apache.storm.scheduler.resource.strategies.eviction.DefaultEvictionStrategy, topology.max.error.report.per.interval=5, storm.thrift.transport=org.apache.storm.security.auth.SimpleTransportPlugin, zmq.hwm=0, storm.cgroup.resources=[cpu, memory], storm.group.mapping.service.params=null, worker.profiler.enabled=false, storm.principal.tolocal=org.apache.storm.security.auth.DefaultPrincipalToLocal, supervisor.worker.shutdown.sleep.secs=1, pacemaker.host=localhost, storm.zookeeper.retry.times=5, ui.actions.enabled=true, zmq.linger.millis=0, supervisor.enable=true, topology.stats.sample.rate=0.05, storm.messaging.netty.min_wait_ms=100, storm.resource.isolation.plugin=org.apache.storm.container.cgroup.CgroupManager, worker.log.level.reset.poll.secs=30, storm.zookeeper.port=2002, supervisor.heartbeat.frequency.secs=5, topology.enable.message.timeouts=false, supervisor.cpu.capacity=400.0, drpc.worker.threads=64, supervisor.blobstore.download.thread.count=5, drpc.queue.size=128, topology.backpressure.enable=false, supervisor.blobstore.class=org.apache.storm.blobstore.NimbusBlobStore, storm.blobstore.inputstream.buffer.size.bytes=65536, topology.shellbolt.max.pending=100, drpc.https.keystore.password=, nimbus.code.sync.freq.secs=120, logviewer.port=8000, topology.scheduler.strategy=org.apache.storm.scheduler.resource.strategies.scheduling.DefaultResourceAwareStrategy, topology.executor.send.buffer.size=1024, resource.aware.scheduler.priority.strategy=org.apache.storm.scheduler.resource.strategies.priority.DefaultSchedulingPriorityStrategy, pacemaker.auth.method=NONE, storm.daemon.metrics.reporter.plugins=[org.apache.storm.daemon.metrics.reporters.JmxPreparableReporter], storm.cgroup.hierarchy.dir=/cgroup/storm_resources, topology.worker.logwriter.childopts=-Xmx64m, topology.spout.wait.strategy=org.apache.storm.spout.SleepSpoutWaitStrategy, ui.host=0.0.0.0, storm.nimbus.retry.interval.millis=2000, nimbus.inbox.jar.expiration.secs=3600, dev.zookeeper.path=/tmp/dev-storm-zookeeper, topology.acker.executors=null, topology.fall.back.on.java.serialization=true, topology.eventlogger.executors=null, supervisor.localizer.cleanup.interval.ms=600000, storm.zookeeper.servers=[localhost], nimbus.thrift.threads=64, logviewer.cleanup.age.mins=10080, topology.worker.childopts=null, topology.classpath=null, storm.cgroup.cgexec.cmd=/bin/cgexec, supervisor.monitor.frequency.secs=3, nimbus.credential.renewers.freq.secs=600, topology.skip.missing.kryo.registrations=true, storm.topology.classpath.beginning.enabled=false, drpc.authorizer.acl.filename=drpc-auth-acl.yaml, pacemaker.kerberos.users=[], storm.group.mapping.service.cache.duration.secs=120, topology.testing.always.try.serialize=false, nimbus.monitor.freq.secs=10, storm.health.check.timeout.ms=5000, supervisor.supervisors=[], topology.tasks=null, topology.bolts.outgoing.overflow.buffer.enable=false, storm.messaging.netty.socket.backlog=500, topology.workers=1, pacemaker.base.threads=10, storm.local.dir=/tmp/dc2ad076-7572-4ba5-b684-f54262851555, topology.disable.loadaware=false, worker.childopts=-Xmx%HEAP-MEM%m -XX:+PrintGCDetails -Xloggc:artifacts/gc.log -XX:+PrintGCDateStamps -XX:+PrintGCTimeStamps -XX:+UseGCLogFileRotation -XX:NumberOfGCLogFiles=10 -XX:GCLogFileSize=1M -XX:+HeapDumpOnOutOfMemoryError -XX:HeapDumpPath=artifacts/heapdump, storm.auth.simple-white-list.users=[], topology.disruptor.batch.timeout.millis=1, topology.message.timeout.secs=30, topology.state.synchronization.timeout.secs=60, topology.tuple.serializer=org.apache.storm.serialization.types.ListDelegateSerializer, supervisor.supervisors.commands=[], nimbus.blobstore.expiration.secs=600, logviewer.childopts=-Xmx128m, topology.environment=null, topology.debug=false, topology.disruptor.batch.size=100, storm.messaging.netty.max_retries=300, ui.childopts=-Xmx768m, storm.network.topography.plugin=org.apache.storm.networktopography.DefaultRackDNSToSwitchMapping, storm.zookeeper.session.timeout=20000, drpc.childopts=-Xmx768m, drpc.http.creds.plugin=org.apache.storm.security.auth.DefaultHttpCredentialsPlugin, storm.zookeeper.connection.timeout=15000, storm.zookeeper.auth.user=null, storm.meta.serialization.delegate=org.apache.storm.serialization.GzipThriftSerializationDelegate, topology.max.spout.pending=null, storm.codedistributor.class=org.apache.storm.codedistributor.LocalFileSystemCodeDistributor, nimbus.supervisor.timeout.secs=60, nimbus.task.timeout.secs=30, drpc.port=3772, pacemaker.max.threads=50, storm.zookeeper.retry.intervalceiling.millis=30000, nimbus.thrift.port=6627, storm.auth.simple-acl.admins=[], topology.component.cpu.pcore.percent=10.0, supervisor.memory.capacity.mb=4096.0, storm.supervisor.cgroup.rootdir=storm, storm.nimbus.retry.times=5, supervisor.worker.start.timeout.secs=120, storm.zookeeper.retry.interval=1000, logs.users=null, storm.cluster.metrics.consumer.publish.interval.secs=60, worker.profiler.command=flight.bash, transactional.zookeeper.port=null, drpc.max_buffer_size=1048576, pacemaker.thread.timeout=10, storm.cgroup.hierarchy.name=storm, task.credentials.poll.secs=30, blobstore.superuser=travis, drpc.https.keystore.type=JKS, topology.worker.receiver.thread.count=1, topology.state.checkpoint.interval.ms=1000, supervisor.slots.ports=[1027, 1028, 1029], topology.transfer.buffer.size=1024, storm.health.check.dir=healthchecks, topology.worker.shared.thread.pool.size=4, drpc.authorizer.acl.strict=false, nimbus.file.copy.expiration.secs=600, worker.profiler.childopts=-XX:+UnlockCommercialFeatures -XX:+FlightRecorder, topology.executor.receive.buffer.size=1024, backpressure.disruptor.low.watermark=0.4, nimbus.task.launch.secs=120, storm.local.mode.zmq=false, storm.cgroup.memory.limit.tolerance.margin.mb=128.0, storm.messaging.netty.buffer_size=5242880, storm.cluster.state.store=org.apache.storm.cluster.ZKStateStorageFactory, worker.heartbeat.frequency.secs=1, storm.log4j2.conf.dir=log4j2, storm.resource.isolation.plugin.enable=false, ui.http.creds.plugin=org.apache.storm.security.auth.DefaultHttpCredentialsPlugin, storm.zookeeper.root=/storm, topology.tick.tuple.freq.secs=null, drpc.https.port=-1, storm.workers.artifacts.dir=workers-artifacts, supervisor.blobstore.download.max_retries=3, task.refresh.poll.secs=10, storm.exhibitor.port=8080, task.heartbeat.frequency.secs=3, pacemaker.port=6699, storm.messaging.netty.max_wait_ms=1000, topology.component.resources.offheap.memory.mb=0.0, drpc.http.port=3774, topology.error.throttle.interval.secs=10, storm.messaging.transport=org.apache.storm.messaging.netty.Context, storm.messaging.netty.authentication=false, topology.component.resources.onheap.memory.mb=128.0, topology.kryo.factory=org.apache.storm.serialization.DefaultKryoFactory, worker.gc.childopts=, nimbus.topology.validator=org.apache.storm.nimbus.DefaultTopologyValidator, nimbus.seeds=[localhost], nimbus.queue.size=100000, nimbus.cleanup.inbox.freq.secs=600, storm.blobstore.replication.factor=3, worker.heap.memory.mb=768, logviewer.max.sum.worker.logs.size.mb=4096, pacemaker.childopts=-Xmx1024m, ui.users=null, transactional.zookeeper.servers=null, supervisor.worker.timeout.secs=30, storm.zookeeper.auth.password=null, storm.blobstore.acl.validation.enabled=false, client.blobstore.class=org.apache.storm.blobstore.NimbusBlobStore, supervisor.childopts=-Xmx256m, topology.worker.max.heap.size.mb=768.0, backpressure.disruptor.high.watermark=0.9, ui.filter=null, ui.header.buffer.bytes=4096, topology.min.replication.count=1, storm.supervisor.worker.manager.plugin=org.apache.storm.daemon.supervisor.workermanager.DefaultWorkerManager, topology.disruptor.wait.timeout.millis=1000, storm.nimbus.retry.intervalceiling.millis=60000, topology.trident.batch.emit.interval.millis=50, storm.auth.simple-acl.users=[], drpc.invocations.threads=64, java.library.path=/usr/local/lib:/opt/local/lib:/usr/lib, ui.port=8080, storm.exhibitor.poll.uripath=/exhibitor/v1/cluster/list, storm.messaging.netty.transfer.batch.size=262144, logviewer.appender.name=A1, nimbus.thrift.max_buffer_size=1048576, storm.auth.simple-acl.users.commands=[], drpc.request.timeout.secs=600}
55965 [main] INFO  o.a.c.f.i.CuratorFrameworkImpl - Starting
55978 [main-EventThread] INFO  o.a.c.f.s.ConnectionStateManager - State change: CONNECTED
55981 [Curator-Framework-0] INFO  o.a.c.f.i.CuratorFrameworkImpl - backgroundOperationsLoop exiting
55984 [main] INFO  o.a.c.f.i.CuratorFrameworkImpl - Starting
56000 [main-EventThread] INFO  o.a.c.f.s.ConnectionStateManager - State change: CONNECTED
56010 [main] INFO  o.a.s.l.Localizer - Reconstruct localized resource: /tmp/dc2ad076-7572-4ba5-b684-f54262851555/supervisor/usercache
56010 [main] WARN  o.a.s.l.Localizer - No left over resources found for any user during reconstructing of local resources at: /tmp/dc2ad076-7572-4ba5-b684-f54262851555/supervisor/usercache
56016 [main-SendThread(localhost:2181)] WARN  o.a.z.ClientCnxn - Session 0x0 for server null, unexpected error, closing socket connection and attempting reconnect
java.net.ConnectException: Connection refused
	at sun.nio.ch.SocketChannelImpl.checkConnect(Native Method) ~[?:1.8.0_31]
	at sun.nio.ch.SocketChannelImpl.finishConnect(SocketChannelImpl.java:716) ~[?:1.8.0_31]
	at org.apache.zookeeper.ClientCnxnSocketNIO.doTransport(ClientCnxnSocketNIO.java:361) ~[zookeeper-3.4.6.jar:3.4.6-1569965]
	at org.apache.zookeeper.ClientCnxn$SendThread.run(ClientCnxn.java:1081) [zookeeper-3.4.6.jar:3.4.6-1569965]
56040 [main] INFO  o.a.s.d.s.Supervisor - Starting supervisor with id 414863b5-ce3c-430c-ad0e-7a927ce11df1 at host testing-worker-linux-docker-82d82183-3447-linux-3.prod.travis-ci.org.
56078 [main] INFO  o.a.s.l.ThriftAccessLogger - Request ID: 4 access from: /65.66.67.68 principal: null operation: submitTopology
56263 [main-SendThread(localhost:2181)] WARN  o.a.z.ClientCnxn - Session 0x0 for server null, unexpected error, closing socket connection and attempting reconnect
java.net.ConnectException: Connection refused
	at sun.nio.ch.SocketChannelImpl.checkConnect(Native Method) ~[?:1.8.0_31]
	at sun.nio.ch.SocketChannelImpl.finishConnect(SocketChannelImpl.java:716) ~[?:1.8.0_31]
	at org.apache.zookeeper.ClientCnxnSocketNIO.doTransport(ClientCnxnSocketNIO.java:361) ~[zookeeper-3.4.6.jar:3.4.6-1569965]
	at org.apache.zookeeper.ClientCnxn$SendThread.run(ClientCnxn.java:1081) [zookeeper-3.4.6.jar:3.4.6-1569965]
56263 [main-SendThread(localhost:2181)] WARN  o.a.z.ClientCnxn - Session 0x0 for server null, unexpected error, closing socket connection and attempting reconnect
java.net.ConnectException: Connection refused
	at sun.nio.ch.SocketChannelImpl.checkConnect(Native Method) ~[?:1.8.0_31]
	at sun.nio.ch.SocketChannelImpl.finishConnect(SocketChannelImpl.java:716) ~[?:1.8.0_31]
	at org.apache.zookeeper.ClientCnxnSocketNIO.doTransport(ClientCnxnSocketNIO.java:361) ~[zookeeper-3.4.6.jar:3.4.6-1569965]
	at org.apache.zookeeper.ClientCnxn$SendThread.run(ClientCnxn.java:1081) [zookeeper-3.4.6.jar:3.4.6-1569965]
56264 [main-SendThread(localhost:2181)] WARN  o.a.z.ClientCnxn - Session 0x0 for server null, unexpected error, closing socket connection and attempting reconnect
java.net.ConnectException: Connection refused
	at sun.nio.ch.SocketChannelImpl.checkConnect(Native Method) ~[?:1.8.0_31]
	at sun.nio.ch.SocketChannelImpl.finishConnect(SocketChannelImpl.java:716) ~[?:1.8.0_31]
	at org.apache.zookeeper.ClientCnxnSocketNIO.doTransport(ClientCnxnSocketNIO.java:361) ~[zookeeper-3.4.6.jar:3.4.6-1569965]
	at org.apache.zookeeper.ClientCnxn$SendThread.run(ClientCnxn.java:1081) [zookeeper-3.4.6.jar:3.4.6-1569965]
56264 [main-SendThread(localhost:2181)] WARN  o.a.z.ClientCnxn - Session 0x0 for server null, unexpected error, closing socket connection and attempting reconnect
java.net.ConnectException: Connection refused
	at sun.nio.ch.SocketChannelImpl.checkConnect(Native Method) ~[?:1.8.0_31]
	at sun.nio.ch.SocketChannelImpl.finishConnect(SocketChannelImpl.java:716) ~[?:1.8.0_31]
	at org.apache.zookeeper.ClientCnxnSocketNIO.doTransport(ClientCnxnSocketNIO.java:361) ~[zookeeper-3.4.6.jar:3.4.6-1569965]
	at org.apache.zookeeper.ClientCnxn$SendThread.run(ClientCnxn.java:1081) [zookeeper-3.4.6.jar:3.4.6-1569965]
56267 [main-SendThread(localhost:2181)] WARN  o.a.z.ClientCnxn - Session 0x0 for server null, unexpected error, closing socket connection and attempting reconnect
java.net.ConnectException: Connection refused
	at sun.nio.ch.SocketChannelImpl.checkConnect(Native Method) ~[?:1.8.0_31]
	at sun.nio.ch.SocketChannelImpl.finishConnect(SocketChannelImpl.java:716) ~[?:1.8.0_31]
	at org.apache.zookeeper.ClientCnxnSocketNIO.doTransport(ClientCnxnSocketNIO.java:361) ~[zookeeper-3.4.6.jar:3.4.6-1569965]
	at org.apache.zookeeper.ClientCnxn$SendThread.run(ClientCnxn.java:1081) [zookeeper-3.4.6.jar:3.4.6-1569965]
56268 [main] INFO  o.a.s.d.nimbus - Received topology submission for word-count-5022498e-2725-4dbc-85a7-6a26c6ccf1b6 with conf {"topology.builtin.metrics.bucket.size.secs" 60, "nimbus.childopts" "-Xmx1024m", "ui.filter.params" nil, "storm.cluster.mode" "local", "storm.messaging.netty.client_worker_threads" 1, "logviewer.max.per.worker.logs.size.mb" 2048, "supervisor.run.worker.as.user" false, "topology.max.task.parallelism" nil, "topology.priority" 29, "zmq.threads" 1, "storm.group.mapping.service" "org.apache.storm.security.auth.ShellBasedGroupsMapping", "transactional.zookeeper.root" "/transactional", "topology.sleep.spout.wait.strategy.time.ms" 1, "scheduler.display.resource" false, "topology.max.replication.wait.time.sec" 60, "drpc.invocations.port" 3773, "supervisor.localizer.cache.target.size.mb" 10240, "topology.multilang.serializer" "org.apache.storm.multilang.JsonSerializer", "storm.messaging.netty.server_worker_threads" 1, "nimbus.blobstore.class" "org.apache.storm.blobstore.LocalFsBlobStore", "resource.aware.scheduler.eviction.strategy" "org.apache.storm.scheduler.resource.strategies.eviction.DefaultEvictionStrategy", "topology.max.error.report.per.interval" 5, "storm.thrift.transport" "org.apache.storm.security.auth.SimpleTransportPlugin", "zmq.hwm" 0, "storm.cgroup.resources" ["cpu" "memory"], "storm.group.mapping.service.params" nil, "worker.profiler.enabled" false, "storm.topology.submission.notifier.plugin.class" "org.apache.storm.nimbus.LocalNimbusTest$InmemoryTopologySubmitterHook", "storm.principal.tolocal" "org.apache.storm.security.auth.DefaultPrincipalToLocal", "supervisor.worker.shutdown.sleep.secs" 1, "pacemaker.host" "localhost", "storm.zookeeper.retry.times" 5, "ui.actions.enabled" true, "zmq.linger.millis" 5000, "supervisor.enable" true, "topology.stats.sample.rate" 0.05, "storm.messaging.netty.min_wait_ms" 100, "storm.resource.isolation.plugin" "org.apache.storm.container.cgroup.CgroupManager", "worker.log.level.reset.poll.secs" 30, "storm.zookeeper.port" 2181, "supervisor.heartbeat.frequency.secs" 5, "topology.enable.message.timeouts" true, "supervisor.cpu.capacity" 400.0, "drpc.worker.threads" 64, "supervisor.blobstore.download.thread.count" 5, "drpc.queue.size" 128, "topology.backpressure.enable" false, "supervisor.blobstore.class" "org.apache.storm.blobstore.NimbusBlobStore", "storm.blobstore.inputstream.buffer.size.bytes" 65536, "topology.shellbolt.max.pending" 100, "drpc.https.keystore.password" "", "nimbus.code.sync.freq.secs" 120, "logviewer.port" 8000, "topology.scheduler.strategy" "org.apache.storm.scheduler.resource.strategies.scheduling.DefaultResourceAwareStrategy", "topology.executor.send.buffer.size" 1024, "resource.aware.scheduler.priority.strategy" "org.apache.storm.scheduler.resource.strategies.priority.DefaultSchedulingPriorityStrategy", "pacemaker.auth.method" "NONE", "storm.daemon.metrics.reporter.plugins" ["org.apache.storm.daemon.metrics.reporters.JmxPreparableReporter"], "storm.cgroup.hierarchy.dir" "/cgroup/storm_resources", "topology.worker.logwriter.childopts" "-Xmx64m", "topology.spout.wait.strategy" "org.apache.storm.spout.SleepSpoutWaitStrategy", "ui.host" "0.0.0.0", "topology.submitter.principal" "", "storm.nimbus.retry.interval.millis" 2000, "nimbus.inbox.jar.expiration.secs" 3600, "dev.zookeeper.path" "/tmp/dev-storm-zookeeper", "topology.acker.executors" nil, "topology.fall.back.on.java.serialization" true, "topology.eventlogger.executors" nil, "supervisor.localizer.cleanup.interval.ms" 600000, "storm.zookeeper.servers" ["localhost"], "nimbus.thrift.threads" 64, "logviewer.cleanup.age.mins" 10080, "topology.worker.childopts" nil, "topology.classpath" nil, "storm.cgroup.cgexec.cmd" "/bin/cgexec", "supervisor.monitor.frequency.secs" 3, "nimbus.credential.renewers.freq.secs" 600, "topology.skip.missing.kryo.registrations" false, "storm.topology.classpath.beginning.enabled" false, "drpc.authorizer.acl.filename" "drpc-auth-acl.yaml", "pacemaker.kerberos.users" [], "storm.group.mapping.service.cache.duration.secs" 120, "topology.testing.always.try.serialize" false, "nimbus.monitor.freq.secs" 10, "storm.health.check.timeout.ms" 5000, "supervisor.supervisors" [], "topology.tasks" nil, "topology.bolts.outgoing.overflow.buffer.enable" false, "storm.messaging.netty.socket.backlog" 500, "topology.workers" 1, "pacemaker.base.threads" 10, "storm.local.dir" "storm-local", "topology.disable.loadaware" false, "worker.childopts" "-Xmx%HEAP-MEM%m -XX:+PrintGCDetails -Xloggc:artifacts/gc.log -XX:+PrintGCDateStamps -XX:+PrintGCTimeStamps -XX:+UseGCLogFileRotation -XX:NumberOfGCLogFiles=10 -XX:GCLogFileSize=1M -XX:+HeapDumpOnOutOfMemoryError -XX:HeapDumpPath=artifacts/heapdump", "storm.auth.simple-white-list.users" [], "topology.disruptor.batch.timeout.millis" 1, "topology.message.timeout.secs" 30, "topology.state.synchronization.timeout.secs" 60, "topology.tuple.serializer" "org.apache.storm.serialization.types.ListDelegateSerializer", "supervisor.supervisors.commands" [], "nimbus.blobstore.expiration.secs" 600, "logviewer.childopts" "-Xmx128m", "topology.environment" nil, "topology.debug" true, "topology.disruptor.batch.size" 100, "storm.messaging.netty.max_retries" 300, "ui.childopts" "-Xmx768m", "storm.network.topography.plugin" "org.apache.storm.networktopography.DefaultRackDNSToSwitchMapping", "storm.zookeeper.session.timeout" 20000, "drpc.childopts" "-Xmx768m", "drpc.http.creds.plugin" "org.apache.storm.security.auth.DefaultHttpCredentialsPlugin", "storm.zookeeper.connection.timeout" 15000, "storm.zookeeper.auth.user" nil, "storm.meta.serialization.delegate" "org.apache.storm.serialization.GzipThriftSerializationDelegate", "topology.max.spout.pending" nil, "storm.codedistributor.class" "org.apache.storm.codedistributor.LocalFileSystemCodeDistributor", "nimbus.supervisor.timeout.secs" 60, "nimbus.task.timeout.secs" 30, "storm.zookeeper.superACL" nil, "drpc.port" 3772, "pacemaker.max.threads" 50, "storm.zookeeper.retry.intervalceiling.millis" 30000, "nimbus.thrift.port" 6627, "storm.auth.simple-acl.admins" [], "topology.component.cpu.pcore.percent" 10.0, "supervisor.memory.capacity.mb" 4096.0, "storm.supervisor.cgroup.rootdir" "storm", "storm.nimbus.retry.times" 5, "supervisor.worker.start.timeout.secs" 120, "storm.zookeeper.retry.interval" 1000, "logs.users" nil, "storm.cluster.metrics.consumer.publish.interval.secs" 60, "worker.profiler.command" "flight.bash", "transactional.zookeeper.port" nil, "drpc.max_buffer_size" 1048576, "pacemaker.thread.timeout" 10, "storm.cgroup.hierarchy.name" "storm", "task.credentials.poll.secs" 30, "drpc.https.keystore.type" "JKS", "topology.worker.receiver.thread.count" 1, "topology.state.checkpoint.interval.ms" 1000, "supervisor.slots.ports" [6700 6701 6702 6703], "topology.transfer.buffer.size" 1024, "storm.health.check.dir" "healthchecks", "topology.worker.shared.thread.pool.size" 4, "drpc.authorizer.acl.strict" false, "nimbus.file.copy.expiration.secs" 600, "worker.profiler.childopts" "-XX:+UnlockCommercialFeatures -XX:+FlightRecorder", "topology.executor.receive.buffer.size" 1024, "backpressure.disruptor.low.watermark" 0.4, "topology.users" (), "nimbus.task.launch.secs" 120, "storm.local.mode.zmq" false, "storm.cgroup.memory.limit.tolerance.margin.mb" 128.0, "storm.messaging.netty.buffer_size" 5242880, "storm.cluster.state.store" "org.apache.storm.cluster.ZKStateStorageFactory", "worker.heartbeat.frequency.secs" 1, "storm.log4j2.conf.dir" "log4j2", "storm.resource.isolation.plugin.enable" false, "ui.http.creds.plugin" "org.apache.storm.security.auth.DefaultHttpCredentialsPlugin", "storm.zookeeper.root" "/storm", "topology.submitter.user" "travis", "topology.tick.tuple.freq.secs" nil, "drpc.https.port" -1, "storm.workers.artifacts.dir" "workers-artifacts", "supervisor.blobstore.download.max_retries" 3, "task.refresh.poll.secs" 10, "storm.exhibitor.port" 8080, "task.heartbeat.frequency.secs" 3, "pacemaker.port" 6699, "storm.messaging.netty.max_wait_ms" 1000, "topology.component.resources.offheap.memory.mb" 0.0, "drpc.http.port" 3774, "topology.error.throttle.interval.secs" 10, "storm.messaging.transport" "org.apache.storm.messaging.netty.Context", "storm.messaging.netty.authentication" false, "topology.component.resources.onheap.memory.mb" 128.0, "topology.kryo.factory" "org.apache.storm.serialization.DefaultKryoFactory", "topology.kryo.register" nil, "worker.gc.childopts" "", "nimbus.topology.validator" "org.apache.storm.nimbus.DefaultTopologyValidator", "nimbus.seeds" ["localhost"], "nimbus.queue.size" 100000, "nimbus.cleanup.inbox.freq.secs" 600, "storm.blobstore.replication.factor" 3, "worker.heap.memory.mb" 768, "logviewer.max.sum.worker.logs.size.mb" 4096, "pacemaker.childopts" "-Xmx1024m", "ui.users" nil, "transactional.zookeeper.servers" nil, "supervisor.worker.timeout.secs" 30, "storm.zookeeper.auth.password" nil, "storm.blobstore.acl.validation.enabled" false, "client.blobstore.class" "org.apache.storm.blobstore.NimbusBlobStore", "supervisor.childopts" "-Xmx256m", "topology.worker.max.heap.size.mb" 768.0, "backpressure.disruptor.high.watermark" 0.9, "ui.filter" nil, "ui.header.buffer.bytes" 4096, "topology.min.replication.count" 1, "storm.supervisor.worker.manager.plugin" "org.apache.storm.daemon.supervisor.workermanager.DefaultWorkerManager", "topology.disruptor.wait.timeout.millis" 1000, "storm.nimbus.retry.intervalceiling.millis" 60000, "topology.trident.batch.emit.interval.millis" 500, "storm.auth.simple-acl.users" [], "drpc.invocations.threads" 64, "java.library.path" "/usr/local/lib:/opt/local/lib:/usr/lib", "ui.port" 8080, "topology.kryo.decorators" (), "storm.id" "word-count-5022498e-2725-4dbc-85a7-6a26c6ccf1b6-1-1472629030", "topology.name" "word-count-5022498e-2725-4dbc-85a7-6a26c6ccf1b6", "storm.exhibitor.poll.uripath" "/exhibitor/v1/cluster/list", "storm.messaging.netty.transfer.batch.size" 262144, "logviewer.appender.name" "A1", "nimbus.thrift.max_buffer_size" 1048576, "storm.auth.simple-acl.users.commands" [], "drpc.request.timeout.secs" 600}
56286 [main] INFO  o.a.s.d.nimbus - uploadedJar 
56306 [main] INFO  o.a.c.f.i.CuratorFrameworkImpl - Starting
56364 [main-SendThread(localhost:2181)] WARN  o.a.z.ClientCnxn - Session 0x0 for server null, unexpected error, closing socket connection and attempting reconnect
java.net.ConnectException: Connection refused
	at sun.nio.ch.SocketChannelImpl.checkConnect(Native Method) ~[?:1.8.0_31]
	at sun.nio.ch.SocketChannelImpl.finishConnect(SocketChannelImpl.java:716) ~[?:1.8.0_31]
	at org.apache.zookeeper.ClientCnxnSocketNIO.doTransport(ClientCnxnSocketNIO.java:361) ~[zookeeper-3.4.6.jar:3.4.6-1569965]
	at org.apache.zookeeper.ClientCnxn$SendThread.run(ClientCnxn.java:1081) [zookeeper-3.4.6.jar:3.4.6-1569965]
56364 [main-SendThread(localhost:2181)] WARN  o.a.z.ClientCnxn - Session 0x0 for server null, unexpected error, closing socket connection and attempting reconnect
java.net.ConnectException: Connection refused
	at sun.nio.ch.SocketChannelImpl.checkConnect(Native Method) ~[?:1.8.0_31]
	at sun.nio.ch.SocketChannelImpl.finishConnect(SocketChannelImpl.java:716) ~[?:1.8.0_31]
	at org.apache.zookeeper.ClientCnxnSocketNIO.doTransport(ClientCnxnSocketNIO.java:361) ~[zookeeper-3.4.6.jar:3.4.6-1569965]
	at org.apache.zookeeper.ClientCnxn$SendThread.run(ClientCnxn.java:1081) [zookeeper-3.4.6.jar:3.4.6-1569965]
56364 [main-SendThread(localhost:2181)] WARN  o.a.z.ClientCnxn - Session 0x0 for server null, unexpected error, closing socket connection and attempting reconnect
java.net.ConnectException: Connection refused
	at sun.nio.ch.SocketChannelImpl.checkConnect(Native Method) ~[?:1.8.0_31]
	at sun.nio.ch.SocketChannelImpl.finishConnect(SocketChannelImpl.java:716) ~[?:1.8.0_31]
	at org.apache.zookeeper.ClientCnxnSocketNIO.doTransport(ClientCnxnSocketNIO.java:361) ~[zookeeper-3.4.6.jar:3.4.6-1569965]
	at org.apache.zookeeper.ClientCnxn$SendThread.run(ClientCnxn.java:1081) [zookeeper-3.4.6.jar:3.4.6-1569965]
56365 [main-SendThread(localhost:2181)] WARN  o.a.z.ClientCnxn - Session 0x0 for server null, unexpected error, closing socket connection and attempting reconnect
java.net.ConnectException: Connection refused
	at sun.nio.ch.SocketChannelImpl.checkConnect(Native Method) ~[?:1.8.0_31]
	at sun.nio.ch.SocketChannelImpl.finishConnect(SocketChannelImpl.java:716) ~[?:1.8.0_31]
	at org.apache.zookeeper.ClientCnxnSocketNIO.doTransport(ClientCnxnSocketNIO.java:361) ~[zookeeper-3.4.6.jar:3.4.6-1569965]
	at org.apache.zookeeper.ClientCnxn$SendThread.run(ClientCnxn.java:1081) [zookeeper-3.4.6.jar:3.4.6-1569965]
56367 [main-EventThread] INFO  o.a.c.f.s.ConnectionStateManager - State change: CONNECTED
56367 [main-SendThread(localhost:2181)] WARN  o.a.z.ClientCnxn - Session 0x0 for server null, unexpected error, closing socket connection and attempting reconnect
java.net.ConnectException: Connection refused
	at sun.nio.ch.SocketChannelImpl.checkConnect(Native Method) ~[?:1.8.0_31]
	at sun.nio.ch.SocketChannelImpl.finishConnect(SocketChannelImpl.java:716) ~[?:1.8.0_31]
	at org.apache.zookeeper.ClientCnxnSocketNIO.doTransport(ClientCnxnSocketNIO.java:361) ~[zookeeper-3.4.6.jar:3.4.6-1569965]
	at org.apache.zookeeper.ClientCnxn$SendThread.run(ClientCnxn.java:1081) [zookeeper-3.4.6.jar:3.4.6-1569965]
56400 [Curator-Framework-0] INFO  o.a.c.f.i.CuratorFrameworkImpl - backgroundOperationsLoop exiting
56407 [main] INFO  o.a.s.c.StormClusterStateImpl - set-path: /blobstore/word-count-5022498e-2725-4dbc-85a7-6a26c6ccf1b6-1-1472629030-stormconf.ser/testing-worker-linux-docker-82d82183-3447-linux-3.prod.travis-ci.org:6627-1
56440 [main] INFO  o.a.c.f.i.CuratorFrameworkImpl - Starting
56449 [main-EventThread] INFO  o.a.c.f.s.ConnectionStateManager - State change: CONNECTED
56473 [Curator-Framework-0] INFO  o.a.c.f.i.CuratorFrameworkImpl - backgroundOperationsLoop exiting
56478 [main] INFO  o.a.s.c.StormClusterStateImpl - set-path: /blobstore/word-count-5022498e-2725-4dbc-85a7-6a26c6ccf1b6-1-1472629030-stormcode.ser/testing-worker-linux-docker-82d82183-3447-linux-3.prod.travis-ci.org:6627-1
56493 [main] INFO  o.a.s.d.nimbus - desired replication count 1 achieved, current-replication-count for conf key = 1, current-replication-count for code key = 1, current-replication-count for jar key = 1
56564 [main] INFO  o.a.s.d.nimbus - Activating word-count-5022498e-2725-4dbc-85a7-6a26c6ccf1b6: word-count-5022498e-2725-4dbc-85a7-6a26c6ccf1b6-1-1472629030
56666 [pool-75-thread-1] INFO  o.a.s.l.ThriftAccessLogger - Request ID: 5 access from: null principal: null operation: getClusterInfo
57104 [timer] INFO  o.a.s.s.EvenScheduler - Available slots: [a26f15dd-7841-46cb-ad91-76238245c72c:1024, a26f15dd-7841-46cb-ad91-76238245c72c:1025, a26f15dd-7841-46cb-ad91-76238245c72c:1026, 414863b5-ce3c-430c-ad0e-7a927ce11df1:1027, 414863b5-ce3c-430c-ad0e-7a927ce11df1:1028, 414863b5-ce3c-430c-ad0e-7a927ce11df1:1029]
57117 [main-SendThread(localhost:2181)] WARN  o.a.z.ClientCnxn - Session 0x0 for server null, unexpected error, closing socket connection and attempting reconnect
java.net.ConnectException: Connection refused
	at sun.nio.ch.SocketChannelImpl.checkConnect(Native Method) ~[?:1.8.0_31]
	at sun.nio.ch.SocketChannelImpl.finishConnect(SocketChannelImpl.java:716) ~[?:1.8.0_31]
	at org.apache.zookeeper.ClientCnxnSocketNIO.doTransport(ClientCnxnSocketNIO.java:361) ~[zookeeper-3.4.6.jar:3.4.6-1569965]
	at org.apache.zookeeper.ClientCnxn$SendThread.run(ClientCnxn.java:1081) [zookeeper-3.4.6.jar:3.4.6-1569965]
57184 [timer] INFO  o.a.s.d.nimbus - Setting new assignment for topology id word-count-5022498e-2725-4dbc-85a7-6a26c6ccf1b6-1-1472629030: #org.apache.storm.daemon.common.Assignment{:master-code-dir "/tmp/b10d6c38-c79b-468e-b52e-717fe75d5d55", :node->host {"414863b5-ce3c-430c-ad0e-7a927ce11df1" "testing-worker-linux-docker-82d82183-3447-linux-3.prod.travis-ci.org"}, :executor->node+port {[8 8] ["414863b5-ce3c-430c-ad0e-7a927ce11df1" 1027], [12 12] ["414863b5-ce3c-430c-ad0e-7a927ce11df1" 1027], [2 2] ["414863b5-ce3c-430c-ad0e-7a927ce11df1" 1027], [7 7] ["414863b5-ce3c-430c-ad0e-7a927ce11df1" 1027], [3 3] ["414863b5-ce3c-430c-ad0e-7a927ce11df1" 1027], [1 1] ["414863b5-ce3c-430c-ad0e-7a927ce11df1" 1027], [6 6] ["414863b5-ce3c-430c-ad0e-7a927ce11df1" 1027], [9 9] ["414863b5-ce3c-430c-ad0e-7a927ce11df1" 1027], [11 11] ["414863b5-ce3c-430c-ad0e-7a927ce11df1" 1027], [16 16] ["414863b5-ce3c-430c-ad0e-7a927ce11df1" 1027], [13 13] ["414863b5-ce3c-430c-ad0e-7a927ce11df1" 1027], [5 5] ["414863b5-ce3c-430c-ad0e-7a927ce11df1" 1027], [10 10] ["414863b5-ce3c-430c-ad0e-7a927ce11df1" 1027], [14 14] ["414863b5-ce3c-430c-ad0e-7a927ce11df1" 1027], [4 4] ["414863b5-ce3c-430c-ad0e-7a927ce11df1" 1027], [15 15] ["414863b5-ce3c-430c-ad0e-7a927ce11df1" 1027]}, :executor->start-time-secs {[8 8] 1472629031, [12 12] 1472629031, [2 2] 1472629031, [7 7] 1472629031, [3 3] 1472629031, [1 1] 1472629031, [6 6] 1472629031, [9 9] 1472629031, [11 11] 1472629031, [16 16] 1472629031, [13 13] 1472629031, [5 5] 1472629031, [10 10] 1472629031, [14 14] 1472629031, [4 4] 1472629031, [15 15] 1472629031}, :worker->resources {["414863b5-ce3c-430c-ad0e-7a927ce11df1" 1027] [0.0 0.0 0.0]}}
57218 [main-SendThread(localhost:2181)] WARN  o.a.z.ClientCnxn - Session 0x0 for server null, unexpected error, closing socket connection and attempting reconnect
java.net.ConnectException: Connection refused
	at sun.nio.ch.SocketChannelImpl.checkConnect(Native Method) ~[?:1.8.0_31]
	at sun.nio.ch.SocketChannelImpl.finishConnect(SocketChannelImpl.java:716) ~[?:1.8.0_31]
	at org.apache.zookeeper.ClientCnxnSocketNIO.doTransport(ClientCnxnSocketNIO.java:361) ~[zookeeper-3.4.6.jar:3.4.6-1569965]
	at org.apache.zookeeper.ClientCnxn$SendThread.run(ClientCnxn.java:1081) [zookeeper-3.4.6.jar:3.4.6-1569965]
57352 [pool-75-thread-2] INFO  o.a.s.l.ThriftAccessLogger - Request ID: 6 access from: null principal: null operation: getClusterInfo
57418 [Thread-530] INFO  o.a.s.d.s.SyncSupervisorEvent - Downloading code for storm id word-count-5022498e-2725-4dbc-85a7-6a26c6ccf1b6-1-1472629030.
57418 [Thread-530] INFO  o.a.c.f.i.CuratorFrameworkImpl - Starting
57464 [main-SendThread(localhost:2181)] WARN  o.a.z.ClientCnxn - Session 0x0 for server null, unexpected error, closing socket connection and attempting reconnect
java.net.ConnectException: Connection refused
	at sun.nio.ch.SocketChannelImpl.checkConnect(Native Method) ~[?:1.8.0_31]
	at sun.nio.ch.SocketChannelImpl.finishConnect(SocketChannelImpl.java:716) ~[?:1.8.0_31]
	at org.apache.zookeeper.ClientCnxnSocketNIO.doTransport(ClientCnxnSocketNIO.java:361) ~[zookeeper-3.4.6.jar:3.4.6-1569965]
	at org.apache.zookeeper.ClientCnxn$SendThread.run(ClientCnxn.java:1081) [zookeeper-3.4.6.jar:3.4.6-1569965]
57465 [main-SendThread(localhost:2181)] WARN  o.a.z.ClientCnxn - Session 0x0 for server null, unexpected error, closing socket connection and attempting reconnect
java.net.ConnectException: Connection refused
	at sun.nio.ch.SocketChannelImpl.checkConnect(Native Method) ~[?:1.8.0_31]
	at sun.nio.ch.SocketChannelImpl.finishConnect(SocketChannelImpl.java:716) ~[?:1.8.0_31]
	at org.apache.zookeeper.ClientCnxnSocketNIO.doTransport(ClientCnxnSocketNIO.java:361) ~[zookeeper-3.4.6.jar:3.4.6-1569965]
	at org.apache.zookeeper.ClientCnxn$SendThread.run(ClientCnxn.java:1081) [zookeeper-3.4.6.jar:3.4.6-1569965]
57465 [main-SendThread(localhost:2181)] WARN  o.a.z.ClientCnxn - Session 0x0 for server null, unexpected error, closing socket connection and attempting reconnect
java.net.ConnectException: Connection refused
	at sun.nio.ch.SocketChannelImpl.checkConnect(Native Method) ~[?:1.8.0_31]
	at sun.nio.ch.SocketChannelImpl.finishConnect(SocketChannelImpl.java:716) ~[?:1.8.0_31]
	at org.apache.zookeeper.ClientCnxnSocketNIO.doTransport(ClientCnxnSocketNIO.java:361) ~[zookeeper-3.4.6.jar:3.4.6-1569965]
	at org.apache.zookeeper.ClientCnxn$SendThread.run(ClientCnxn.java:1081) [zookeeper-3.4.6.jar:3.4.6-1569965]
57465 [main-SendThread(localhost:2181)] WARN  o.a.z.ClientCnxn - Session 0x0 for server null, unexpected error, closing socket connection and attempting reconnect
java.net.ConnectException: Connection refused
	at sun.nio.ch.SocketChannelImpl.checkConnect(Native Method) ~[?:1.8.0_31]
	at sun.nio.ch.SocketChannelImpl.finishConnect(SocketChannelImpl.java:716) ~[?:1.8.0_31]
	at org.apache.zookeeper.ClientCnxnSocketNIO.doTransport(ClientCnxnSocketNIO.java:361) ~[zookeeper-3.4.6.jar:3.4.6-1569965]
	at org.apache.zookeeper.ClientCnxn$SendThread.run(ClientCnxn.java:1081) [zookeeper-3.4.6.jar:3.4.6-1569965]
57468 [main-SendThread(localhost:2181)] WARN  o.a.z.ClientCnxn - Session 0x0 for server null, unexpected error, closing socket connection and attempting reconnect
java.net.ConnectException: Connection refused
	at sun.nio.ch.SocketChannelImpl.checkConnect(Native Method) ~[?:1.8.0_31]
	at sun.nio.ch.SocketChannelImpl.finishConnect(SocketChannelImpl.java:716) ~[?:1.8.0_31]
	at org.apache.zookeeper.ClientCnxnSocketNIO.doTransport(ClientCnxnSocketNIO.java:361) ~[zookeeper-3.4.6.jar:3.4.6-1569965]
	at org.apache.zookeeper.ClientCnxn$SendThread.run(ClientCnxn.java:1081) [zookeeper-3.4.6.jar:3.4.6-1569965]
57531 [Thread-530] INFO  o.a.s.b.FileBlobStoreImpl - Creating new blob store based in /tmp/b10d6c38-c79b-468e-b52e-717fe75d5d55/blobs
57562 [Thread-530-EventThread] INFO  o.a.c.f.s.ConnectionStateManager - State change: CONNECTED
57565 [main-SendThread(localhost:2181)] WARN  o.a.z.ClientCnxn - Session 0x0 for server null, unexpected error, closing socket connection and attempting reconnect
java.net.ConnectException: Connection refused
	at sun.nio.ch.SocketChannelImpl.checkConnect(Native Method) ~[?:1.8.0_31]
	at sun.nio.ch.SocketChannelImpl.finishConnect(SocketChannelImpl.java:716) ~[?:1.8.0_31]
	at org.apache.zookeeper.ClientCnxnSocketNIO.doTransport(ClientCnxnSocketNIO.java:361) ~[zookeeper-3.4.6.jar:3.4.6-1569965]
	at org.apache.zookeeper.ClientCnxn$SendThread.run(ClientCnxn.java:1081) [zookeeper-3.4.6.jar:3.4.6-1569965]
57565 [main-SendThread(localhost:2181)] WARN  o.a.z.ClientCnxn - Session 0x0 for server null, unexpected error, closing socket connection and attempting reconnect
java.net.ConnectException: Connection refused
	at sun.nio.ch.SocketChannelImpl.checkConnect(Native Method) ~[?:1.8.0_31]
	at sun.nio.ch.SocketChannelImpl.finishConnect(SocketChannelImpl.java:716) ~[?:1.8.0_31]
	at org.apache.zookeeper.ClientCnxnSocketNIO.doTransport(ClientCnxnSocketNIO.java:361) ~[zookeeper-3.4.6.jar:3.4.6-1569965]
	at org.apache.zookeeper.ClientCnxn$SendThread.run(ClientCnxn.java:1081) [zookeeper-3.4.6.jar:3.4.6-1569965]
57566 [main-SendThread(localhost:2181)] WARN  o.a.z.ClientCnxn - Session 0x0 for server null, unexpected error, closing socket connection and attempting reconnect
java.net.ConnectException: Connection refused
	at sun.nio.ch.SocketChannelImpl.checkConnect(Native Method) ~[?:1.8.0_31]
	at sun.nio.ch.SocketChannelImpl.finishConnect(SocketChannelImpl.java:716) ~[?:1.8.0_31]
	at org.apache.zookeeper.ClientCnxnSocketNIO.doTransport(ClientCnxnSocketNIO.java:361) ~[zookeeper-3.4.6.jar:3.4.6-1569965]
	at org.apache.zookeeper.ClientCnxn$SendThread.run(ClientCnxn.java:1081) [zookeeper-3.4.6.jar:3.4.6-1569965]
57566 [main-SendThread(localhost:2181)] WARN  o.a.z.ClientCnxn - Session 0x0 for server null, unexpected error, closing socket connection and attempting reconnect
java.net.ConnectException: Connection refused
	at sun.nio.ch.SocketChannelImpl.checkConnect(Native Method) ~[?:1.8.0_31]
	at sun.nio.ch.SocketChannelImpl.finishConnect(SocketChannelImpl.java:716) ~[?:1.8.0_31]
	at org.apache.zookeeper.ClientCnxnSocketNIO.doTransport(ClientCnxnSocketNIO.java:361) ~[zookeeper-3.4.6.jar:3.4.6-1569965]
	at org.apache.zookeeper.ClientCnxn$SendThread.run(ClientCnxn.java:1081) [zookeeper-3.4.6.jar:3.4.6-1569965]
57568 [main-SendThread(localhost:2181)] WARN  o.a.z.ClientCnxn - Session 0x0 for server null, unexpected error, closing socket connection and attempting reconnect
java.net.ConnectException: Connection refused
	at sun.nio.ch.SocketChannelImpl.checkConnect(Native Method) ~[?:1.8.0_31]
	at sun.nio.ch.SocketChannelImpl.finishConnect(SocketChannelImpl.java:716) ~[?:1.8.0_31]
	at org.apache.zookeeper.ClientCnxnSocketNIO.doTransport(ClientCnxnSocketNIO.java:361) ~[zookeeper-3.4.6.jar:3.4.6-1569965]
	at org.apache.zookeeper.ClientCnxn$SendThread.run(ClientCnxn.java:1081) [zookeeper-3.4.6.jar:3.4.6-1569965]
57913 [Thread-530] INFO  o.a.s.d.s.SyncSupervisorEvent - Copying resources at file:/home/travis/build/apache/storm/storm-core/target/test-classes/resources to /tmp/dc2ad076-7572-4ba5-b684-f54262851555/supervisor/stormdist/word-count-5022498e-2725-4dbc-85a7-6a26c6ccf1b6-1-1472629030/resources 
57952 [Thread-530] INFO  o.a.s.d.s.SyncSupervisorEvent - Finished downloading code for storm id word-count-5022498e-2725-4dbc-85a7-6a26c6ccf1b6-1-1472629030
57992 [Thread-531] INFO  o.a.s.d.s.SyncProcessEvent - Launching worker with assignment LocalAssignment(topology_id:word-count-5022498e-2725-4dbc-85a7-6a26c6ccf1b6-1-1472629030, executors:[ExecutorInfo(task_start:8, task_end:8), ExecutorInfo(task_start:12, task_end:12), ExecutorInfo(task_start:2, task_end:2), ExecutorInfo(task_start:6, task_end:6), ExecutorInfo(task_start:16, task_end:16), ExecutorInfo(task_start:10, task_end:10), ExecutorInfo(task_start:14, task_end:14), ExecutorInfo(task_start:4, task_end:4), ExecutorInfo(task_start:7, task_end:7), ExecutorInfo(task_start:3, task_end:3), ExecutorInfo(task_start:1, task_end:1), ExecutorInfo(task_start:9, task_end:9), ExecutorInfo(task_start:11, task_end:11), ExecutorInfo(task_start:13, task_end:13), ExecutorInfo(task_start:5, task_end:5), ExecutorInfo(task_start:15, task_end:15)], resources:WorkerResources(mem_on_heap:0.0, mem_off_heap:0.0, cpu:0.0)) for this supervisor 414863b5-ce3c-430c-ad0e-7a927ce11df1 on port 1027 with id 2d31edf1-6b7b-431b-b769-ba45f85e743a
57994 [Thread-531] INFO  o.a.s.d.worker - Launching worker for word-count-5022498e-2725-4dbc-85a7-6a26c6ccf1b6-1-1472629030 on 414863b5-ce3c-430c-ad0e-7a927ce11df1:1027 with id 2d31edf1-6b7b-431b-b769-ba45f85e743a and conf {"topology.builtin.metrics.bucket.size.secs" 60, "nimbus.childopts" "-Xmx1024m", "ui.filter.params" nil, "storm.cluster.mode" "local", "storm.messaging.netty.client_worker_threads" 1, "logviewer.max.per.worker.logs.size.mb" 2048, "supervisor.run.worker.as.user" false, "topology.max.task.parallelism" nil, "topology.priority" 29, "zmq.threads" 1, "storm.group.mapping.service" "org.apache.storm.security.auth.ShellBasedGroupsMapping", "transactional.zookeeper.root" "/transactional", "topology.sleep.spout.wait.strategy.time.ms" 1, "scheduler.display.resource" false, "topology.max.replication.wait.time.sec" 60, "drpc.invocations.port" 3773, "supervisor.localizer.cache.target.size.mb" 10240, "topology.multilang.serializer" "org.apache.storm.multilang.JsonSerializer", "storm.messaging.netty.server_worker_threads" 1, "nimbus.blobstore.class" "org.apache.storm.blobstore.LocalFsBlobStore", "resource.aware.scheduler.eviction.strategy" "org.apache.storm.scheduler.resource.strategies.eviction.DefaultEvictionStrategy", "topology.max.error.report.per.interval" 5, "storm.thrift.transport" "org.apache.storm.security.auth.SimpleTransportPlugin", "zmq.hwm" 0, "storm.cgroup.resources" ["cpu" "memory"], "storm.group.mapping.service.params" nil, "worker.profiler.enabled" false, "storm.principal.tolocal" "org.apache.storm.security.auth.DefaultPrincipalToLocal", "supervisor.worker.shutdown.sleep.secs" 1, "pacemaker.host" "localhost", "storm.zookeeper.retry.times" 5, "ui.actions.enabled" true, "zmq.linger.millis" 0, "supervisor.enable" true, "topology.stats.sample.rate" 0.05, "storm.messaging.netty.min_wait_ms" 100, "storm.resource.isolation.plugin" "org.apache.storm.container.cgroup.CgroupManager", "worker.log.level.reset.poll.secs" 30, "storm.zookeeper.port" 2002, "supervisor.heartbeat.frequency.secs" 5, "topology.enable.message.timeouts" false, "supervisor.cpu.capacity" 400.0, "drpc.worker.threads" 64, "supervisor.blobstore.download.thread.count" 5, "drpc.queue.size" 128, "topology.backpressure.enable" false, "supervisor.blobstore.class" "org.apache.storm.blobstore.NimbusBlobStore", "storm.blobstore.inputstream.buffer.size.bytes" 65536, "topology.shellbolt.max.pending" 100, "drpc.https.keystore.password" "", "nimbus.code.sync.freq.secs" 120, "logviewer.port" 8000, "topology.scheduler.strategy" "org.apache.storm.scheduler.resource.strategies.scheduling.DefaultResourceAwareStrategy", "topology.executor.send.buffer.size" 1024, "resource.aware.scheduler.priority.strategy" "org.apache.storm.scheduler.resource.strategies.priority.DefaultSchedulingPriorityStrategy", "pacemaker.auth.method" "NONE", "storm.daemon.metrics.reporter.plugins" ["org.apache.storm.daemon.metrics.reporters.JmxPreparableReporter"], "storm.cgroup.hierarchy.dir" "/cgroup/storm_resources", "topology.worker.logwriter.childopts" "-Xmx64m", "topology.spout.wait.strategy" "org.apache.storm.spout.SleepSpoutWaitStrategy", "ui.host" "0.0.0.0", "storm.nimbus.retry.interval.millis" 2000, "nimbus.inbox.jar.expiration.secs" 3600, "dev.zookeeper.path" "/tmp/dev-storm-zookeeper", "topology.acker.executors" nil, "topology.fall.back.on.java.serialization" true, "topology.eventlogger.executors" nil, "supervisor.localizer.cleanup.interval.ms" 600000, "storm.zookeeper.servers" ["localhost"], "nimbus.thrift.threads" 64, "logviewer.cleanup.age.mins" 10080, "topology.worker.childopts" nil, "topology.classpath" nil, "storm.cgroup.cgexec.cmd" "/bin/cgexec", "supervisor.monitor.frequency.secs" 3, "nimbus.credential.renewers.freq.secs" 600, "topology.skip.missing.kryo.registrations" true, "storm.topology.classpath.beginning.enabled" false, "drpc.authorizer.acl.filename" "drpc-auth-acl.yaml", "pacemaker.kerberos.users" [], "storm.group.mapping.service.cache.duration.secs" 120, "topology.testing.always.try.serialize" false, "nimbus.monitor.freq.secs" 10, "storm.health.check.timeout.ms" 5000, "supervisor.supervisors" [], "topology.tasks" nil, "topology.bolts.outgoing.overflow.buffer.enable" false, "storm.messaging.netty.socket.backlog" 500, "topology.workers" 1, "pacemaker.base.threads" 10, "storm.local.dir" "/tmp/dc2ad076-7572-4ba5-b684-f54262851555", "topology.disable.loadaware" false, "worker.childopts" "-Xmx%HEAP-MEM%m -XX:+PrintGCDetails -Xloggc:artifacts/gc.log -XX:+PrintGCDateStamps -XX:+PrintGCTimeStamps -XX:+UseGCLogFileRotation -XX:NumberOfGCLogFiles=10 -XX:GCLogFileSize=1M -XX:+HeapDumpOnOutOfMemoryError -XX:HeapDumpPath=artifacts/heapdump", "storm.auth.simple-white-list.users" [], "topology.disruptor.batch.timeout.millis" 1, "topology.message.timeout.secs" 30, "topology.state.synchronization.timeout.secs" 60, "topology.tuple.serializer" "org.apache.storm.serialization.types.ListDelegateSerializer", "supervisor.supervisors.commands" [], "nimbus.blobstore.expiration.secs" 600, "logviewer.childopts" "-Xmx128m", "topology.environment" nil, "topology.debug" false, "topology.disruptor.batch.size" 100, "storm.messaging.netty.max_retries" 300, "ui.childopts" "-Xmx768m", "storm.network.topography.plugin" "org.apache.storm.networktopography.DefaultRackDNSToSwitchMapping", "storm.zookeeper.session.timeout" 20000, "drpc.childopts" "-Xmx768m", "drpc.http.creds.plugin" "org.apache.storm.security.auth.DefaultHttpCredentialsPlugin", "storm.zookeeper.connection.timeout" 15000, "storm.zookeeper.auth.user" nil, "storm.meta.serialization.delegate" "org.apache.storm.serialization.GzipThriftSerializationDelegate", "topology.max.spout.pending" nil, "storm.codedistributor.class" "org.apache.storm.codedistributor.LocalFileSystemCodeDistributor", "nimbus.supervisor.timeout.secs" 60, "nimbus.task.timeout.secs" 30, "drpc.port" 3772, "pacemaker.max.threads" 50, "storm.zookeeper.retry.intervalceiling.millis" 30000, "nimbus.thrift.port" 6627, "storm.auth.simple-acl.admins" [], "topology.component.cpu.pcore.percent" 10.0, "supervisor.memory.capacity.mb" 4096.0, "storm.supervisor.cgroup.rootdir" "storm", "storm.nimbus.retry.times" 5, "supervisor.worker.start.timeout.secs" 120, "storm.zookeeper.retry.interval" 1000, "logs.users" nil, "storm.cluster.metrics.consumer.publish.interval.secs" 60, "worker.profiler.command" "flight.bash", "transactional.zookeeper.port" nil, "drpc.max_buffer_size" 1048576, "pacemaker.thread.timeout" 10, "storm.cgroup.hierarchy.name" "storm", "task.credentials.poll.secs" 30, "blobstore.superuser" "travis", "drpc.https.keystore.type" "JKS", "topology.worker.receiver.thread.count" 1, "topology.state.checkpoint.interval.ms" 1000, "supervisor.slots.ports" (1027 1028 1029), "topology.transfer.buffer.size" 1024, "storm.health.check.dir" "healthchecks", "topology.worker.shared.thread.pool.size" 4, "drpc.authorizer.acl.strict" false, "nimbus.file.copy.expiration.secs" 600, "worker.profiler.childopts" "-XX:+UnlockCommercialFeatures -XX:+FlightRecorder", "topology.executor.receive.buffer.size" 1024, "backpressure.disruptor.low.watermark" 0.4, "nimbus.task.launch.secs" 120, "storm.local.mode.zmq" false, "storm.cgroup.memory.limit.tolerance.margin.mb" 128.0, "storm.messaging.netty.buffer_size" 5242880, "storm.cluster.state.store" "org.apache.storm.cluster.ZKStateStorageFactory", "worker.heartbeat.frequency.secs" 1, "storm.log4j2.conf.dir" "log4j2", "storm.resource.isolation.plugin.enable" false, "ui.http.creds.plugin" "org.apache.storm.security.auth.DefaultHttpCredentialsPlugin", "storm.zookeeper.root" "/storm", "topology.tick.tuple.freq.secs" nil, "drpc.https.port" -1, "storm.workers.artifacts.dir" "workers-artifacts", "supervisor.blobstore.download.max_retries" 3, "task.refresh.poll.secs" 10, "storm.exhibitor.port" 8080, "task.heartbeat.frequency.secs" 3, "pacemaker.port" 6699, "storm.messaging.netty.max_wait_ms" 1000, "topology.component.resources.offheap.memory.mb" 0.0, "drpc.http.port" 3774, "topology.error.throttle.interval.secs" 10, "storm.messaging.transport" "org.apache.storm.messaging.netty.Context", "storm.messaging.netty.authentication" false, "topology.component.resources.onheap.memory.mb" 128.0, "topology.kryo.factory" "org.apache.storm.serialization.DefaultKryoFactory", "worker.gc.childopts" "", "nimbus.topology.validator" "org.apache.storm.nimbus.DefaultTopologyValidator", "nimbus.seeds" ["localhost"], "nimbus.queue.size" 100000, "nimbus.cleanup.inbox.freq.secs" 600, "storm.blobstore.replication.factor" 3, "worker.heap.memory.mb" 768, "logviewer.max.sum.worker.logs.size.mb" 4096, "pacemaker.childopts" "-Xmx1024m", "ui.users" nil, "transactional.zookeeper.servers" nil, "supervisor.worker.timeout.secs" 30, "storm.zookeeper.auth.password" nil, "storm.blobstore.acl.validation.enabled" false, "client.blobstore.class" "org.apache.storm.blobstore.NimbusBlobStore", "supervisor.childopts" "-Xmx256m", "topology.worker.max.heap.size.mb" 768.0, "backpressure.disruptor.high.watermark" 0.9, "ui.filter" nil, "ui.header.buffer.bytes" 4096, "topology.min.replication.count" 1, "storm.supervisor.worker.manager.plugin" "org.apache.storm.daemon.supervisor.workermanager.DefaultWorkerManager", "topology.disruptor.wait.timeout.millis" 1000, "storm.nimbus.retry.intervalceiling.millis" 60000, "topology.trident.batch.emit.interval.millis" 50, "storm.auth.simple-acl.users" [], "drpc.invocations.threads" 64, "java.library.path" "/usr/local/lib:/opt/local/lib:/usr/lib", "ui.port" 8080, "storm.exhibitor.poll.uripath" "/exhibitor/v1/cluster/list", "storm.messaging.netty.transfer.batch.size" 262144, "logviewer.appender.name" "A1", "nimbus.thrift.max_buffer_size" 1048576, "storm.auth.simple-acl.users.commands" [], "drpc.request.timeout.secs" 600}
57997 [Thread-531] INFO  o.a.c.f.i.CuratorFrameworkImpl - Starting
58221 [Thread-531-EventThread] INFO  o.a.c.f.s.ConnectionStateManager - State change: CONNECTED
58318 [main-SendThread(localhost:2181)] WARN  o.a.z.ClientCnxn - Session 0x0 for server null, unexpected error, closing socket connection and attempting reconnect
java.net.ConnectException: Connection refused
	at sun.nio.ch.SocketChannelImpl.checkConnect(Native Method) ~[?:1.8.0_31]
	at sun.nio.ch.SocketChannelImpl.finishConnect(SocketChannelImpl.java:716) ~[?:1.8.0_31]
	at org.apache.zookeeper.ClientCnxnSocketNIO.doTransport(ClientCnxnSocketNIO.java:361) ~[zookeeper-3.4.6.jar:3.4.6-1569965]
	at org.apache.zookeeper.ClientCnxn$SendThread.run(ClientCnxn.java:1081) [zookeeper-3.4.6.jar:3.4.6-1569965]
58419 [main-SendThread(localhost:2181)] WARN  o.a.z.ClientCnxn - Session 0x0 for server null, unexpected error, closing socket connection and attempting reconnect
java.net.ConnectException: Connection refused
	at sun.nio.ch.SocketChannelImpl.checkConnect(Native Method) ~[?:1.8.0_31]
	at sun.nio.ch.SocketChannelImpl.finishConnect(SocketChannelImpl.java:716) ~[?:1.8.0_31]
	at org.apache.zookeeper.ClientCnxnSocketNIO.doTransport(ClientCnxnSocketNIO.java:361) ~[zookeeper-3.4.6.jar:3.4.6-1569965]
	at org.apache.zookeeper.ClientCnxn$SendThread.run(ClientCnxn.java:1081) [zookeeper-3.4.6.jar:3.4.6-1569965]
58666 [main-SendThread(localhost:2181)] WARN  o.a.z.ClientCnxn - Session 0x0 for server null, unexpected error, closing socket connection and attempting reconnect
java.net.ConnectException: Connection refused
	at sun.nio.ch.SocketChannelImpl.checkConnect(Native Method) ~[?:1.8.0_31]
	at sun.nio.ch.SocketChannelImpl.finishConnect(SocketChannelImpl.java:716) ~[?:1.8.0_31]
	at org.apache.zookeeper.ClientCnxnSocketNIO.doTransport(ClientCnxnSocketNIO.java:361) ~[zookeeper-3.4.6.jar:3.4.6-1569965]
	at org.apache.zookeeper.ClientCnxn$SendThread.run(ClientCnxn.java:1081) [zookeeper-3.4.6.jar:3.4.6-1569965]
58666 [main-SendThread(localhost:2181)] WARN  o.a.z.ClientCnxn - Session 0x0 for server null, unexpected error, closing socket connection and attempting reconnect
java.net.ConnectException: Connection refused
	at sun.nio.ch.SocketChannelImpl.checkConnect(Native Method) ~[?:1.8.0_31]
	at sun.nio.ch.SocketChannelImpl.finishConnect(SocketChannelImpl.java:716) ~[?:1.8.0_31]
	at org.apache.zookeeper.ClientCnxnSocketNIO.doTransport(ClientCnxnSocketNIO.java:361) ~[zookeeper-3.4.6.jar:3.4.6-1569965]
	at org.apache.zookeeper.ClientCnxn$SendThread.run(ClientCnxn.java:1081) [zookeeper-3.4.6.jar:3.4.6-1569965]
58667 [main-SendThread(localhost:2181)] WARN  o.a.z.ClientCnxn - Session 0x0 for server null, unexpected error, closing socket connection and attempting reconnect
java.net.ConnectException: Connection refused
	at sun.nio.ch.SocketChannelImpl.checkConnect(Native Method) ~[?:1.8.0_31]
	at sun.nio.ch.SocketChannelImpl.finishConnect(SocketChannelImpl.java:716) ~[?:1.8.0_31]
	at org.apache.zookeeper.ClientCnxnSocketNIO.doTransport(ClientCnxnSocketNIO.java:361) ~[zookeeper-3.4.6.jar:3.4.6-1569965]
	at org.apache.zookeeper.ClientCnxn$SendThread.run(ClientCnxn.java:1081) [zookeeper-3.4.6.jar:3.4.6-1569965]
58667 [main-SendThread(localhost:2181)] WARN  o.a.z.ClientCnxn - Session 0x0 for server null, unexpected error, closing socket connection and attempting reconnect
java.net.ConnectException: Connection refused
	at sun.nio.ch.SocketChannelImpl.checkConnect(Native Method) ~[?:1.8.0_31]
	at sun.nio.ch.SocketChannelImpl.finishConnect(SocketChannelImpl.java:716) ~[?:1.8.0_31]
	at org.apache.zookeeper.ClientCnxnSocketNIO.doTransport(ClientCnxnSocketNIO.java:361) ~[zookeeper-3.4.6.jar:3.4.6-1569965]
	at org.apache.zookeeper.ClientCnxn$SendThread.run(ClientCnxn.java:1081) [zookeeper-3.4.6.jar:3.4.6-1569965]
58669 [main-SendThread(localhost:2181)] WARN  o.a.z.ClientCnxn - Session 0x0 for server null, unexpected error, closing socket connection and attempting reconnect
java.net.ConnectException: Connection refused
	at sun.nio.ch.SocketChannelImpl.checkConnect(Native Method) ~[?:1.8.0_31]
	at sun.nio.ch.SocketChannelImpl.finishConnect(SocketChannelImpl.java:716) ~[?:1.8.0_31]
	at org.apache.zookeeper.ClientCnxnSocketNIO.doTransport(ClientCnxnSocketNIO.java:361) ~[zookeeper-3.4.6.jar:3.4.6-1569965]
	at org.apache.zookeeper.ClientCnxn$SendThread.run(ClientCnxn.java:1081) [zookeeper-3.4.6.jar:3.4.6-1569965]
58767 [main-SendThread(localhost:2181)] WARN  o.a.z.ClientCnxn - Session 0x0 for server null, unexpected error, closing socket connection and attempting reconnect
java.net.ConnectException: Connection refused
	at sun.nio.ch.SocketChannelImpl.checkConnect(Native Method) ~[?:1.8.0_31]
	at sun.nio.ch.SocketChannelImpl.finishConnect(SocketChannelImpl.java:716) ~[?:1.8.0_31]
	at org.apache.zookeeper.ClientCnxnSocketNIO.doTransport(ClientCnxnSocketNIO.java:361) ~[zookeeper-3.4.6.jar:3.4.6-1569965]
	at org.apache.zookeeper.ClientCnxn$SendThread.run(ClientCnxn.java:1081) [zookeeper-3.4.6.jar:3.4.6-1569965]
58767 [main-SendThread(localhost:2181)] WARN  o.a.z.ClientCnxn - Session 0x0 for server null, unexpected error, closing socket connection and attempting reconnect
java.net.ConnectException: Connection refused
	at sun.nio.ch.SocketChannelImpl.checkConnect(Native Method) ~[?:1.8.0_31]
	at sun.nio.ch.SocketChannelImpl.finishConnect(SocketChannelImpl.java:716) ~[?:1.8.0_31]
	at org.apache.zookeeper.ClientCnxnSocketNIO.doTransport(ClientCnxnSocketNIO.java:361) ~[zookeeper-3.4.6.jar:3.4.6-1569965]
	at org.apache.zookeeper.ClientCnxn$SendThread.run(ClientCnxn.java:1081) [zookeeper-3.4.6.jar:3.4.6-1569965]
58768 [main-SendThread(localhost:2181)] WARN  o.a.z.ClientCnxn - Session 0x0 for server null, unexpected error, closing socket connection and attempting reconnect
java.net.ConnectException: Connection refused
	at sun.nio.ch.SocketChannelImpl.checkConnect(Native Method) ~[?:1.8.0_31]
	at sun.nio.ch.SocketChannelImpl.finishConnect(SocketChannelImpl.java:716) ~[?:1.8.0_31]
	at org.apache.zookeeper.ClientCnxnSocketNIO.doTransport(ClientCnxnSocketNIO.java:361) ~[zookeeper-3.4.6.jar:3.4.6-1569965]
	at org.apache.zookeeper.ClientCnxn$SendThread.run(ClientCnxn.java:1081) [zookeeper-3.4.6.jar:3.4.6-1569965]
58768 [main-SendThread(localhost:2181)] WARN  o.a.z.ClientCnxn - Session 0x0 for server null, unexpected error, closing socket connection and attempting reconnect
java.net.ConnectException: Connection refused
	at sun.nio.ch.SocketChannelImpl.checkConnect(Native Method) ~[?:1.8.0_31]
	at sun.nio.ch.SocketChannelImpl.finishConnect(SocketChannelImpl.java:716) ~[?:1.8.0_31]
	at org.apache.zookeeper.ClientCnxnSocketNIO.doTransport(ClientCnxnSocketNIO.java:361) ~[zookeeper-3.4.6.jar:3.4.6-1569965]
	at org.apache.zookeeper.ClientCnxn$SendThread.run(ClientCnxn.java:1081) [zookeeper-3.4.6.jar:3.4.6-1569965]
58769 [main-SendThread(localhost:2181)] WARN  o.a.z.ClientCnxn - Session 0x0 for server null, unexpected error, closing socket connection and attempting reconnect
java.net.ConnectException: Connection refused
	at sun.nio.ch.SocketChannelImpl.checkConnect(Native Method) ~[?:1.8.0_31]
	at sun.nio.ch.SocketChannelImpl.finishConnect(SocketChannelImpl.java:716) ~[?:1.8.0_31]
	at org.apache.zookeeper.ClientCnxnSocketNIO.doTransport(ClientCnxnSocketNIO.java:361) ~[zookeeper-3.4.6.jar:3.4.6-1569965]
	at org.apache.zookeeper.ClientCnxn$SendThread.run(ClientCnxn.java:1081) [zookeeper-3.4.6.jar:3.4.6-1569965]
59060 [Curator-Framework-0] INFO  o.a.c.f.i.CuratorFrameworkImpl - backgroundOperationsLoop exiting
59062 [Thread-531] INFO  o.a.c.f.i.CuratorFrameworkImpl - Starting
59104 [pool-75-thread-3] INFO  o.a.s.l.ThriftAccessLogger - Request ID: 7 access from: null principal: null operation: getTopologyInfo
59136 [Thread-531-EventThread] INFO  o.a.c.f.s.ConnectionStateManager - State change: CONNECTED
59189 [Thread-531] INFO  o.a.s.s.a.AuthUtils - Got AutoCreds []
59194 [Thread-531] INFO  o.a.s.d.worker - Reading Assignments.
59218 [pool-75-thread-3] ERROR o.a.t.s.AbstractNonblockingServer$FrameBuffer - Unexpected throwable while invoking!
java.lang.NullPointerException
	at clojure.lang.Reflector.invokeInstanceMethod(Reflector.java:26) ~[clojure-1.7.0.jar:?]
	at org.apache.storm.daemon.nimbus$mk_reified_nimbus$reify__5148$iter__5203__5207$fn__5208.invoke(nimbus.clj:1995) ~[classes/:?]
	at clojure.lang.LazySeq.sval(LazySeq.java:40) ~[clojure-1.7.0.jar:?]
	at clojure.lang.LazySeq.seq(LazySeq.java:49) ~[clojure-1.7.0.jar:?]
	at clojure.lang.RT.seq(RT.java:507) ~[clojure-1.7.0.jar:?]
	at clojure.core$seq__4128.invoke(core.clj:137) ~[clojure-1.7.0.jar:?]
	at clojure.core$dorun.invoke(core.clj:3009) ~[clojure-1.7.0.jar:?]
	at clojure.core$doall.invoke(core.clj:3025) ~[clojure-1.7.0.jar:?]
	at org.apache.storm.daemon.nimbus$mk_reified_nimbus$reify__5148.getTopologyInfoWithOpts(nimbus.clj:1993) ~[classes/:?]
	at org.apache.storm.daemon.nimbus$mk_reified_nimbus$reify__5148.getTopologyInfo(nimbus.clj:2032) ~[classes/:?]
	at org.apache.storm.generated.Nimbus$Processor$getTopologyInfo.getResult(Nimbus.java:3822) ~[classes/:?]
	at org.apache.storm.generated.Nimbus$Processor$getTopologyInfo.getResult(Nimbus.java:3806) ~[classes/:?]
	at org.apache.thrift.ProcessFunction.process(ProcessFunction.java:39) ~[libthrift-0.9.3.jar:0.9.3]
	at org.apache.thrift.TBaseProcessor.process(TBaseProcessor.java:39) ~[libthrift-0.9.3.jar:0.9.3]
	at org.apache.storm.security.auth.SimpleTransportPlugin$SimpleWrapProcessor.process(SimpleTransportPlugin.java:158) ~[classes/:?]
	at org.apache.thrift.server.AbstractNonblockingServer$FrameBuffer.invoke(AbstractNonblockingServer.java:518) [libthrift-0.9.3.jar:0.9.3]
	at org.apache.thrift.server.Invocation.run(Invocation.java:18) [libthrift-0.9.3.jar:0.9.3]
	at java.util.concurrent.ThreadPoolExecutor.runWorker(ThreadPoolExecutor.java:1142) [?:1.8.0_31]
	at java.util.concurrent.ThreadPoolExecutor$Worker.run(ThreadPoolExecutor.java:617) [?:1.8.0_31]
	at java.lang.Thread.run(Thread.java:745) [?:1.8.0_31]

--------------------------------------------------
Checking ./storm-core/target/surefire-reports/TEST-org.apache.storm.tuple.FieldsTest.xml
Checking ./storm-core/target/surefire-reports/TEST-org.apache.storm.stats.TestStatsUtil.xml
Checking ./storm-core/target/surefire-reports/TEST-org.apache.storm.grouping.PartialKeyGroupingTest.xml
Checking ./storm-core/target/surefire-reports/TEST-org.apache.storm.state.InMemoryKeyValueStateTest.xml
Checking ./storm-core/target/surefire-reports/TEST-org.apache.storm.TestConfigValidate.xml
Checking ./storm-core/target/surefire-reports/TEST-org.apache.storm.PacemakerTest.xml
Checking ./storm-core/target/surefire-reports/TEST-org.apache.storm.PaceMakerStateStorageFactoryTest.xml
Checking ./storm-core/target/surefire-reports/TEST-org.apache.storm.TestCgroups.xml

travis_time:end:045990bc:start=1472628915095723483,finish=1472629039417121911,duration=124321398428[0K
[31;1mThe command "/bin/bash ./dev-tools/travis/travis-script.sh `pwd` $MODULES" exited with 1.[0m
travis_fold:start:cache.2[0Kstore build cache
travis_time:start:03907a5e[0K
travis_time:end:03907a5e:start=1472629039421351834,finish=1472629039424749054,duration=3397220[0Ktravis_time:start:061d775b[0K[32;1mchange detected (content changed, file is created, or file is deleted):
/home/travis/.m2/repository/eigenbase/eigenbase-properties/1.1.4/eigenbase-properties-1.1.4.pom.lastUpdated
/home/travis/.m2/repository/io/confluent/kafka-avro-serializer/1.0/kafka-avro-serializer-1.0.pom.lastUpdated
/home/travis/.m2/repository/io/confluent/kafka-schema-registry-client/1.0/kafka-schema-registry-client-1.0.pom.lastUpdated
/home/travis/.m2/repository/net/hydromatic/linq4j/0.4/linq4j-0.4.pom.lastUpdated
/home/travis/.m2/repository/net/hydromatic/quidem/0.1.1/quidem-0.1.1.pom.lastUpdated
/home/travis/.m2/repository/org/apache/storm/flux/2.0.0-SNAPSHOT/maven-metadata-local.xml
/home/travis/.m2/repository/org/apache/storm/flux/2.0.0-SNAPSHOT/_remote.repositories
/home/travis/.m2/repository/org/apache/storm/flux-core/2.0.0-SNAPSHOT/flux-core-2.0.0-SNAPSHOT.jar
/home/travis/.m2/repository/org/apache/storm/flux-core/2.0.0-SNAPSHOT/maven-metadata-local.xml
/home/travis/.m2/repository/org/apache/storm/flux-core/2.0.0-SNAPSHOT/_remote.repositories
/home/travis/.m2/repository/org/ap
[0m
[32;1m...
[0m
[32;1mchanges detected, packing new archive[0m
.
.
.
.
.
.
.
.
[32;1muploading archive[0m

travis_time:end:061d775b:start=1472629039428572319,finish=1472629100824707419,duration=61396135100[0Ktravis_fold:end:cache.2[0K
Done. Your build exited with 1.
