Using worker: worker-linux-docker-2214780d.prod.travis-ci.org:travis-linux-7

travis_fold:start:system_info[0K[33;1mBuild system information[0m
Build language: android
travis_fold:end:system_info[0K
travis_fold:start:git.checkout[0Ktravis_time:start:122ff729[0K$ git clone --depth=50 --branch=dimitris/memory-policy git://github.com/square/picasso.git square/picasso
Cloning into 'square/picasso'...
remote: Counting objects: 1031, done.[K
remote: Compressing objects:   0% (1/507)   [Kremote: Compressing objects:   1% (6/507)   [Kremote: Compressing objects:   2% (11/507)   [Kremote: Compressing objects:   3% (16/507)   [Kremote: Compressing objects:   4% (21/507)   [Kremote: Compressing objects:   5% (26/507)   [Kremote: Compressing objects:   6% (31/507)   [Kremote: Compressing objects:   7% (36/507)   [Kremote: Compressing objects:   8% (41/507)   [Kremote: Compressing objects:   9% (46/507)   [Kremote: Compressing objects:  10% (51/507)   [Kremote: Compressing objects:  11% (56/507)   [Kremote: Compressing objects:  12% (61/507)   [Kremote: Compressing objects:  13% (66/507)   [Kremote: Compressing objects:  14% (71/507)   [Kremote: Compressing objects:  15% (77/507)   [Kremote: Compressing objects:  16% (82/507)   [Kremote: Compressing objects:  17% (87/507)   [Kremote: Compressing objects:  18% (92/507)   [Kremote: Compressing objects:  19% (97/507)   [Kremote: Compressing objects:  20% (102/507)   [Kremote: Compressing objects:  21% (107/507)   [Kremote: Compressing objects:  22% (112/507)   [Kremote: Compressing objects:  23% (117/507)   [Kremote: Compressing objects:  24% (122/507)   [Kremote: Compressing objects:  25% (127/507)   [Kremote: Compressing objects:  26% (132/507)   [Kremote: Compressing objects:  27% (137/507)   [Kremote: Compressing objects:  28% (142/507)   [Kremote: Compressing objects:  29% (148/507)   [Kremote: Compressing objects:  30% (153/507)   [Kremote: Compressing objects:  31% (158/507)   [Kremote: Compressing objects:  32% (163/507)   [Kremote: Compressing objects:  33% (168/507)   [Kremote: Compressing objects:  34% (173/507)   [Kremote: Compressing objects:  35% (178/507)   [Kremote: Compressing objects:  36% (183/507)   [Kremote: Compressing objects:  37% (188/507)   [Kremote: Compressing objects:  38% (193/507)   [Kremote: Compressing objects:  39% (198/507)   [Kremote: Compressing objects:  40% (203/507)   [Kremote: Compressing objects:  41% (208/507)   [Kremote: Compressing objects:  42% (213/507)   [Kremote: Compressing objects:  43% (219/507)   [Kremote: Compressing objects:  44% (224/507)   [Kremote: Compressing objects:  45% (229/507)   [Kremote: Compressing objects:  46% (234/507)   [Kremote: Compressing objects:  47% (239/507)   [Kremote: Compressing objects:  48% (244/507)   [Kremote: Compressing objects:  49% (249/507)   [Kremote: Compressing objects:  50% (254/507)   [Kremote: Compressing objects:  51% (259/507)   [Kremote: Compressing objects:  52% (264/507)   [Kremote: Compressing objects:  53% (269/507)   [Kremote: Compressing objects:  54% (274/507)   [Kremote: Compressing objects:  55% (279/507)   [Kremote: Compressing objects:  56% (284/507)   [Kremote: Compressing objects:  57% (289/507)   [Kremote: Compressing objects:  58% (295/507)   [Kremote: Compressing objects:  59% (300/507)   [Kremote: Compressing objects:  60% (305/507)   [Kremote: Compressing objects:  61% (310/507)   [Kremote: Compressing objects:  62% (315/507)   [Kremote: Compressing objects:  63% (320/507)   [Kremote: Compressing objects:  64% (325/507)   [Kremote: Compressing objects:  65% (330/507)   [Kremote: Compressing objects:  66% (335/507)   [Kremote: Compressing objects:  67% (340/507)   [Kremote: Compressing objects:  68% (345/507)   [Kremote: Compressing objects:  69% (350/507)   [Kremote: Compressing objects:  70% (355/507)   [Kremote: Compressing objects:  71% (360/507)   [Kremote: Compressing objects:  72% (366/507)   [Kremote: Compressing objects:  73% (371/507)   [Kremote: Compressing objects:  74% (376/507)   [Kremote: Compressing objects:  75% (381/507)   [Kremote: Compressing objects:  76% (386/507)   [Kremote: Compressing objects:  77% (391/507)   [Kremote: Compressing objects:  78% (396/507)   [Kremote: Compressing objects:  79% (401/507)   [Kremote: Compressing objects:  80% (406/507)   [Kremote: Compressing objects:  81% (411/507)   [Kremote: Compressing objects:  82% (416/507)   [Kremote: Compressing objects:  83% (421/507)   [Kremote: Compressing objects:  84% (426/507)   [Kremote: Compressing objects:  85% (431/507)   [Kremote: Compressing objects:  86% (437/507)   [Kremote: Compressing objects:  87% (442/507)   [Kremote: Compressing objects:  88% (447/507)   [Kremote: Compressing objects:  89% (452/507)   [Kremote: Compressing objects:  90% (457/507)   [Kremote: Compressing objects:  91% (462/507)   [Kremote: Compressing objects:  92% (467/507)   [Kremote: Compressing objects:  93% (472/507)   [Kremote: Compressing objects:  94% (477/507)   [Kremote: Compressing objects:  95% (482/507)   [Kremote: Compressing objects:  96% (487/507)   [Kremote: Compressing objects:  97% (492/507)   [Kremote: Compressing objects:  98% (497/507)   [Kremote: Compressing objects:  99% (502/507)   [Kremote: Compressing objects: 100% (507/507)   [Kremote: Compressing objects: 100% (507/507), done.[K
Receiving objects:   0% (1/1031)   Receiving objects:   1% (11/1031)   Receiving objects:   2% (21/1031)   Receiving objects:   3% (31/1031)   Receiving objects:   4% (42/1031)   Receiving objects:   5% (52/1031)   Receiving objects:   6% (62/1031)   Receiving objects:   7% (73/1031)   Receiving objects:   8% (83/1031)   Receiving objects:   9% (93/1031)   Receiving objects:  10% (104/1031)   Receiving objects:  11% (114/1031)   Receiving objects:  12% (124/1031)   Receiving objects:  13% (135/1031)   Receiving objects:  14% (145/1031)   Receiving objects:  15% (155/1031)   Receiving objects:  16% (165/1031)   Receiving objects:  17% (176/1031)   Receiving objects:  18% (186/1031)   Receiving objects:  19% (196/1031)   Receiving objects:  20% (207/1031)   Receiving objects:  21% (217/1031)   Receiving objects:  22% (227/1031)   Receiving objects:  23% (238/1031)   Receiving objects:  24% (248/1031)   Receiving objects:  25% (258/1031)   Receiving objects:  26% (269/1031)   Receiving objects:  27% (279/1031)   Receiving objects:  28% (289/1031)   Receiving objects:  29% (299/1031)   Receiving objects:  30% (310/1031)   Receiving objects:  31% (320/1031)   Receiving objects:  32% (330/1031)   Receiving objects:  33% (341/1031)   Receiving objects:  34% (351/1031)   Receiving objects:  35% (361/1031)   Receiving objects:  36% (372/1031)   Receiving objects:  37% (382/1031)   Receiving objects:  38% (392/1031)   Receiving objects:  39% (403/1031)   Receiving objects:  40% (413/1031)   Receiving objects:  41% (423/1031)   Receiving objects:  42% (434/1031)   Receiving objects:  43% (444/1031)   Receiving objects:  44% (454/1031)   Receiving objects:  45% (464/1031)   remote: Total 1031 (delta 355), reused 865 (delta 230)[K
Receiving objects:  46% (475/1031)   Receiving objects:  47% (485/1031)   Receiving objects:  48% (495/1031)   Receiving objects:  49% (506/1031)   Receiving objects:  50% (516/1031)   Receiving objects:  51% (526/1031)   Receiving objects:  52% (537/1031)   Receiving objects:  53% (547/1031)   Receiving objects:  54% (557/1031)   Receiving objects:  55% (568/1031)   Receiving objects:  56% (578/1031)   Receiving objects:  57% (588/1031)   Receiving objects:  58% (598/1031)   Receiving objects:  59% (609/1031)   Receiving objects:  60% (619/1031)   Receiving objects:  61% (629/1031)   Receiving objects:  62% (640/1031)   Receiving objects:  63% (650/1031)   Receiving objects:  64% (660/1031)   Receiving objects:  65% (671/1031)   Receiving objects:  66% (681/1031)   Receiving objects:  67% (691/1031)   Receiving objects:  68% (702/1031)   Receiving objects:  69% (712/1031)   Receiving objects:  70% (722/1031)   Receiving objects:  71% (733/1031)   Receiving objects:  72% (743/1031)   Receiving objects:  73% (753/1031)   Receiving objects:  74% (763/1031)   Receiving objects:  75% (774/1031)   Receiving objects:  76% (784/1031)   Receiving objects:  77% (794/1031)   Receiving objects:  78% (805/1031)   Receiving objects:  79% (815/1031)   Receiving objects:  80% (825/1031)   Receiving objects:  81% (836/1031)   Receiving objects:  82% (846/1031)   Receiving objects:  83% (856/1031)   Receiving objects:  84% (867/1031)   Receiving objects:  85% (877/1031)   Receiving objects:  86% (887/1031)   Receiving objects:  87% (897/1031)   Receiving objects:  88% (908/1031)   Receiving objects:  89% (918/1031)   Receiving objects:  90% (928/1031)   Receiving objects:  91% (939/1031)   Receiving objects:  92% (949/1031)   Receiving objects:  93% (959/1031)   Receiving objects:  94% (970/1031)   Receiving objects:  95% (980/1031)   Receiving objects:  96% (990/1031)   Receiving objects:  97% (1001/1031)   Receiving objects:  98% (1011/1031)   Receiving objects:  99% (1021/1031)   Receiving objects: 100% (1031/1031)   Receiving objects: 100% (1031/1031), 1.14 MiB | 0 bytes/s, done.
Resolving deltas:   0% (0/355)   Resolving deltas:   7% (25/355)   Resolving deltas:   9% (32/355)   Resolving deltas:  10% (36/355)   Resolving deltas:  15% (55/355)   Resolving deltas:  17% (62/355)   Resolving deltas:  18% (64/355)   Resolving deltas:  19% (69/355)   Resolving deltas:  20% (71/355)   Resolving deltas:  21% (76/355)   Resolving deltas:  30% (107/355)   Resolving deltas:  32% (114/355)   Resolving deltas:  33% (120/355)   Resolving deltas:  36% (128/355)   Resolving deltas:  38% (138/355)   Resolving deltas:  40% (145/355)   Resolving deltas:  41% (148/355)   Resolving deltas:  42% (150/355)   Resolving deltas:  44% (157/355)   Resolving deltas:  45% (161/355)   Resolving deltas:  46% (166/355)   Resolving deltas:  50% (178/355)   Resolving deltas:  52% (186/355)   Resolving deltas:  54% (193/355)   Resolving deltas:  56% (200/355)   Resolving deltas:  64% (228/355)   Resolving deltas:  68% (242/355)   Resolving deltas:  71% (255/355)   Resolving deltas:  72% (257/355)   Resolving deltas:  75% (267/355)   Resolving deltas:  76% (270/355)   Resolving deltas:  78% (278/355)   Resolving deltas:  79% (282/355)   Resolving deltas:  80% (285/355)   Resolving deltas:  82% (294/355)   Resolving deltas:  83% (298/355)   Resolving deltas:  85% (303/355)   Resolving deltas:  91% (324/355)   Resolving deltas:  94% (336/355)   Resolving deltas:  96% (342/355)   Resolving deltas:  97% (346/355)   Resolving deltas:  98% (351/355)   Resolving deltas:  99% (352/355)   Resolving deltas: 100% (355/355)   Resolving deltas: 100% (355/355), done.
Checking connectivity... done.
travis_time:end:122ff729:start=1419294665037199670,finish=1419294665592674840,duration=555475170[0K$ cd square/picasso
$ git checkout -qf 17c09ecbc08e6a81d98323f3ee609ffe65727ea9
travis_fold:end:git.checkout[0K
[33;1mThis job is running on container-based infrastructure, which does not allow use of 'sudo', setuid and setguid executables.[0m
[33;1mSee http://docs.travis-ci.com/user/workers/container-based-infrastructure/ for details.[0m

[33;1mSetting environment variables from .travis.yml[0m
$ export CI_DEPLOY_USERNAME=[secure]
$ export CI_DEPLOY_PASSWORD=[secure]

travis_fold:start:cache.1[0KSetting up build cache
$ export CASHER_DIR=$HOME/.casher
travis_time:start:0768f2bf[0K$ Installing caching utilities
travis_time:end:0768f2bf:start=1419294673319895113,finish=1419294673357758590,duration=37863477[0Ktravis_time:start:2f366fd0[0Kattempting to download cache archive
found cache
travis_time:end:2f366fd0:start=1419294673362409395,finish=1419294674545400943,duration=1182991548[0Ktravis_time:start:0bd778e0[0Kadding /home/travis/.m2 to cache
travis_time:end:0bd778e0:start=1419294674549372816,finish=1419294680788792420,duration=6239419604[0Ktravis_fold:end:cache.1[0K$ jdk_switcher use oraclejdk7
Switching to Oracle JDK7 (java-7-oracle), JAVA_HOME will be set to /usr/lib/jvm/java-7-oracle
travis_fold:start:android.install[0KInstalling Android dependencies
travis_time:start:019b6e3a[0K$ android-update-sdk --components=build-tools-20.0.0 --accept-licenses='android-sdk-license-5be876d5'
Installing build-tools-20.0.0
spawn android update sdk --no-ui --all --filter build-tools-20.0.0
Refresh Sources:
  Fetching https://dl-ssl.google.com/android/repository/addons_list-2.xml
  Validate XML
  Parse XML
  Fetched Add-ons List successfully
  Refresh Sources
  Fetching URL: https://dl-ssl.google.com/android/repository/repository-10.xml
  Validate XML: https://dl-ssl.google.com/android/repository/repository-10.xml
  Parse XML:    https://dl-ssl.google.com/android/repository/repository-10.xml
  Fetching URL: https://dl-ssl.google.com/android/repository/addon.xml
  Validate XML: https://dl-ssl.google.com/android/repository/addon.xml
  Parse XML:    https://dl-ssl.google.com/android/repository/addon.xml
  Fetching URL: https://dl-ssl.google.com/android/repository/addon-6.xml
  Validate XML: https://dl-ssl.google.com/android/repository/addon-6.xml
  Parse XML:    https://dl-ssl.google.com/android/repository/addon-6.xml
  Fetching URL: https://dl-ssl.google.com/glass/gdk/addon.xml
  Validate XML: https://dl-ssl.google.com/glass/gdk/addon.xml
  Parse XML:    https://dl-ssl.google.com/glass/gdk/addon.xml
  Fetching URL: https://dl-ssl.google.com/android/repository/extras/intel/addon.xml
  Validate XML: https://dl-ssl.google.com/android/repository/extras/intel/addon.xml
  Parse XML:    https://dl-ssl.google.com/android/repository/extras/intel/addon.xml
  Fetching URL: https://dl-ssl.google.com/android/repository/sys-img/android/sys-img.xml
  Validate XML: https://dl-ssl.google.com/android/repository/sys-img/android/sys-img.xml
  Parse XML:    https://dl-ssl.google.com/android/repository/sys-img/android/sys-img.xml
  Fetching URL: https://dl-ssl.google.com/android/repository/sys-img/android-wear/sys-img.xml
  Validate XML: https://dl-ssl.google.com/android/repository/sys-img/android-wear/sys-img.xml
  Parse XML:    https://dl-ssl.google.com/android/repository/sys-img/android-wear/sys-img.xml
  Fetching URL: https://dl-ssl.google.com/android/repository/sys-img/android-tv/sys-img.xml
  Validate XML: https://dl-ssl.google.com/android/repository/sys-img/android-tv/sys-img.xml
  Parse XML:    https://dl-ssl.google.com/android/repository/sys-img/android-tv/sys-img.xml
  Fetching URL: https://dl-ssl.google.com/android/repository/sys-img/google_apis/sys-img.xml
  Validate XML: https://dl-ssl.google.com/android/repository/sys-img/google_apis/sys-img.xml
  Parse XML:    https://dl-ssl.google.com/android/repository/sys-img/google_apis/sys-img.xml
  Fetching URL: https://dl-ssl.google.com/android/repository/sys-img/x86/addon-x86.xml
  Validate XML: https://dl-ssl.google.com/android/repository/sys-img/x86/addon-x86.xml
  Parse XML:    https://dl-ssl.google.com/android/repository/sys-img/x86/addon-x86.xml
-------------------------------
License id: android-sdk-license-5be876d5
Used by: 
 - Android SDK Build-tools, revision 20
-------------------------------

To get started with the Android SDK, you must agree to the following terms and conditions.

This is the Android SDK License Agreement (the "License Agreement").

1. Introduction

1.1 The Android SDK (referred to in the License Agreement as the "SDK" and specifically including the Android system files, packaged APIs, and SDK library files and tools , if and when they are made available) is licensed to you subject to the terms of the License Agreement. The License Agreement forms a legally binding contract between you and Google in relation to your use of the SDK.

1.2 "Android" means the Android software stack for devices, as made available under the Android Open Source Project, which is located at the following URL: http://source.android.com/, as updated from time to time.

1.3 "Google" means Google Inc., a Delaware corporation with principal place of business at 1600 Amphitheatre Parkway, Mountain View, CA 94043, United States.

2. Accepting the License Agreement

2.1 In order to use the SDK, you must first agree to the License Agreement. You may not use the SDK if you do not accept the License Agreement.

2.2 By clicking to accept and/or using the SDK, you hereby agree to the terms of the License Agreement.

2.3 You may not use the SDK and may not accept the License Agreement if you are a person barred from receiving the SDK under the laws of the United States or other countries including the country in which you are resident or from which you use the SDK.

2.4 If you will use the SDK internally within your company or organization you agree to be bound by the License Agreement on behalf of your employer or other entity, and you represent and warrant that you have full legal authority to bind your employer or such entity to the License Agreement. If you do not have the requisite authority, you may not accept the License Agreement or use the SDK on behalf of your employer or other entity.

3. SDK License from Google

3.1 Subject to the terms of the License Agreement, Google grants you a royalty-free, non-assignable, non-exclusive, non-sublicensable, limited, revocable license to use the SDK, personally or internally within your company or organization, solely to develop and distribute applications to run on the Android platform.

3.2 You agree that Google or third parties own all legal right, title and interest in and to the SDK, including any Intellectual Property Rights that subsist in the SDK. "Intellectual Property Rights" means any and all rights under patent law, copyright law, trade secret law, trademark law, and any and all other proprietary rights. Google reserves all rights not expressly granted to you.

3.3 You may not use the SDK for any purpose not expressly permitted by the License Agreement. Except to the extent required by applicable third party licenses, you may not: (a) copy (except for backup purposes), modify, adapt, redistribute, decompile, reverse engineer, disassemble, or create derivative works of the SDK or any part of the SDK; or (b) load any part of the SDK onto a mobile handset or any other hardware device except a personal computer, combine any part of the SDK with other software, or distribute any software or device incorporating a part of the SDK.

3.4 You agree that you will not take any actions that may cause or result in the fragmentation of Android, including but not limited to distributing, participating in the creation of, or promoting in any way a software development kit derived from the SDK.

3.5 Use, reproduction and distribution of components of the SDK licensed under an open source software license are governed solely by the terms of that open source software license and not the License Agreement. You agree to remain a licensee in good standing in regard to such open source software licenses under all the rights granted and to refrain from any actions that may terminate, suspend, or breach such rights.

3.6 You agree that the form and nature of the SDK that Google provides may change without prior notice to you and that future versions of the SDK may be incompatible with applications developed on previous versions of the SDK. You agree that Google may stop (permanently or temporarily) providing the SDK (or any features within the SDK) to you or to users generally at Google's sole discretion, without prior notice to you.

3.7 Nothing in the License Agreement gives you a right to use any of Google's trade names, trademarks, service marks, logos, domain names, or other distinctive brand features.

3.8 You agree that you will not remove, obscure, or alter any proprietary rights notices (including copyright and trademark notices) that may be affixed to or contained within the SDK.

4. Use of the SDK by You

4.1 Google agrees that nothing in the License Agreement gives Google any right, title or interest from you (or your licensors) under the License Agreement in or to any software applications that you develop using the SDK, including any intellectual property rights that subsist in those applications.

4.2 You agree to use the SDK and write applications only for purposes that are permitted by (a) the License Agreement, and (b) any applicable law, regulation or generally accepted practices or guidelines in the relevant jurisdictions (including any laws regarding the export of data or software to and from the United States or other relevant countries).

4.3 You agree that if you use the SDK to develop applications, you will protect the privacy and legal rights of users. If users provide you with user names, passwords, or other login information or personal information, you must make the users aware that the information will be available to your application, and you must provide legally adequate privacy notice and protection for those users. If your application stores personal or sensitive information provided by users, it must do so securely. If users provide you with Google Account information, your application may only use that information to access the user's Google Account when, and for the limited purposes for which, each user has given you permission to do so.

4.4 You agree that you will not engage in any activity with the SDK, including the development or distribution of an application, that interferes with, disrupts, damages, or accesses in an unauthorized manner the servers, networks, or other properties or services of Google or any third party.

4.5 You agree that you are solely responsible for (and that Google has no responsibility to you or to any third party for) any data, content, or resources that you create, transmit or display through Android and/or applications for Android, and for the consequences of your actions (including any loss or damage which Google may suffer) by doing so.

4.6 You agree that you are solely responsible for (and that Google has no responsibility to you or to any third party for) any breach of your obligations under the License Agreement, any applicable third party contract or Terms of Service, or any applicable law or regulation, and for the consequences (including any loss or damage which Google or any third party may suffer) of any such breach.

5. Your Developer Credentials

5.1 You agree that you are responsible for maintaining the confidentiality of any developer credentials that may be issued to you by Google or which you may choose yourself and that you will be solely responsible for all applications that are developed under your developer credentials.

6. Privacy and Information

6.1 In order to continually innovate and improve the SDK, Google may collect certain usage statistics from the software including but not limited to a unique identifier, associated IP address, version number of the software, and information on which tools and/or services in the SDK are being used and how they are being used. Before any of this information is collected, the SDK will notify you and seek your consent. If you withhold consent, the information will not be collected.

6.2 The data collected is examined in the aggregate to improve the SDK and is maintained in accordance with Google's Privacy Policy located at http://www.google.com/policies/privacy/.

7. Third Party Applications

7.1 If you use the SDK to run applications developed by a third party or that access data, content or resources provided by a third party, you agree that Google is not responsible for those applications, data, content, or resources. You understand that all data, content or resources which you may access through such third party applications are the sole responsibility of the person from which they originated and that Google is not liable for any loss or damage that you may experience as a result of the use or access of any of those third party applications, data, content, or resources.

7.2 You should be aware the data, content, and resources presented to you through such a third party application may be protected by intellectual property rights which are owned by the providers (or by other persons or companies on their behalf). You may not modify, rent, lease, loan, sell, distribute or create derivative works based on these data, content, or resources (either in whole or in part) unless you have been specifically given permission to do so by the relevant owners.

7.3 You acknowledge that your use of such third party applications, data, content, or resources may be subject to separate terms between you and the relevant third party.

8. Using Google APIs

8.1 Google APIs

8.1.1 If you use any API to retrieve data from Google, you acknowledge that the data may be protected by intellectual property rights which are owned by Google or those parties that provide the data (or by other persons or companies on their behalf). Your use of any such API may be subject to additional Terms of Service. You may not modify, rent, lease, loan, sell, distribute or create derivative works based on this data (either in whole or in part) unless allowed by the relevant Terms of Service.

8.1.2 If you use any API to retrieve a user's data from Google, you acknowledge and agree that you shall retrieve data only with the user's explicit consent and only when, and for the limited purposes for which, the user has given you permission to do so.

9. Terminating the License Agreement

9.1 The License Agreement will continue to apply until terminated by either you or Google as set out below.

9.2 If you want to terminate the License Agreement, you may do so by ceasing your use of the SDK and any relevant developer credentials.

9.3 Google may at any time, terminate the License Agreement, with or without cause, upon notice to you.

9.4 The License Agreement will automatically terminate without notice or other action when Google ceases to provide the SDK or certain parts of the SDK to users in the country in which you are resident or from which you use the service.

9.5 When the License Agreement is terminated, the license granted to you in the License Agreement will terminate, you will immediately cease all use of the SDK, and the provisions of paragraphs 10, 11, 12 and 14 shall survive indefinitely.

10. DISCLAIMERS

10.1 YOU EXPRESSLY UNDERSTAND AND AGREE THAT YOUR USE OF THE SDK IS AT YOUR SOLE RISK AND THAT THE SDK IS PROVIDED "AS IS" AND "AS AVAILABLE" WITHOUT WARRANTY OF ANY KIND FROM GOOGLE.

10.2 YOUR USE OF THE SDK AND ANY MATERIAL DOWNLOADED OR OTHERWISE OBTAINED THROUGH THE USE OF THE SDK IS AT YOUR OWN DISCRETION AND RISK AND YOU ARE SOLELY RESPONSIBLE FOR ANY DAMAGE TO YOUR COMPUTER SYSTEM OR OTHER DEVICE OR LOSS OF DATA THAT RESULTS FROM SUCH USE. WITHOUT LIMITING THE FOREGOING, YOU UNDERSTAND THAT THE SDK MAY CONTAIN ERRORS, DEFECTS AND SECURITY VULNERABILITIES THAT CAN RESULT IN SIGNIFICANT DAMAGE, INCLUDING THE COMPLETE, IRRECOVERABLE LOSS OF USE OF YOUR COMPUTER SYSTEM OR OTHER DEVICE.

10.3 GOOGLE FURTHER EXPRESSLY DISCLAIMS ALL WARRANTIES AND CONDITIONS OF ANY KIND, WHETHER EXPRESS OR IMPLIED, INCLUDING, BUT NOT LIMITED TO THE IMPLIED WARRANTIES AND CONDITIONS OF MERCHANTABILITY, FITNESS FOR A PARTICULAR PURPOSE AND NON-INFRINGEMENT.

11. LIMITATION OF LIABILITY

11.1 YOU EXPRESSLY UNDERSTAND AND AGREE THAT GOOGLE, ITS SUBSIDIARIES AND AFFILIATES, AND ITS LICENSORS SHALL NOT BE LIABLE TO YOU UNDER ANY THEORY OF LIABILITY FOR ANY DIRECT, INDIRECT, INCIDENTAL, SPECIAL, CONSEQUENTIAL OR EXEMPLARY DAMAGES THAT MAY BE INCURRED BY YOU, INCLUDING ANY LOSS OF DATA, WHETHER OR NOT GOOGLE OR ITS REPRESENTATIVES HAVE BEEN ADVISED OF OR SHOULD HAVE BEEN AWARE OF THE POSSIBILITY OF ANY SUCH LOSSES ARISING.

12. Indemnification

12.1 To the maximum extent permitted by law, you agree to defend, indemnify and hold harmless Google, its affiliates and their respective directors, officers, employees and agents from and against any and all claims, actions, suits or proceedings, as well as any and all losses, liabilities, damages, costs and expenses (including reasonable attorneysâ€™ fees) arising out of or accruing from (a) your use of the SDK, (b) any application you develop on the SDK that infringes any Intellectual Property Rights of any person or defames any person or violates their rights of publicity or privacy, and (c) any non-compliance by you of the License Agreement.

13. Changes to the License Agreement

13.1 Google may make changes to the License Agreement as it distributes new versions of the SDK. When these changes are made, Google will make a new version of the License Agreement available on the website where the SDK is made available.

14. General Legal Terms

14.1 The License Agreement constitutes the whole legal agreement between you and Google and governs your use of the SDK (excluding any services which Google may provide to you under a separate written agreement), and completely replaces any prior agreements between you and Google in relation to the SDK.

14.2 You agree that if Google does not exercise or enforce any legal right or remedy which is contained in the License Agreement (or which Google has the benefit of under any applicable law), this will not be taken to be a formal waiver of Google's rights and that those rights or remedies will still be available to Google.

14.3 If any court of law, having the jurisdiction to decide on this matter, rules that any provision of the License Agreement is invalid, then that provision will be removed from the License Agreement without affecting the rest of the License Agreement. The remaining provisions of the License Agreement will continue to be valid and enforceable.

14.4 You acknowledge and agree that each member of the group of companies of which Google is the parent shall be third party beneficiaries to the License Agreement and that such other companies shall be entitled to directly enforce, and rely upon, any provision of the License Agreement that confers a benefit on (or rights in favor of) them. Other than this, no other person or company shall be third party beneficiaries to the License Agreement.

14.5 EXPORT RESTRICTIONS. THE SDK IS SUBJECT TO UNITED STATES EXPORT LAWS AND REGULATIONS. YOU MUST COMPLY WITH ALL DOMESTIC AND INTERNATIONAL EXPORT LAWS AND REGULATIONS THAT APPLY TO THE SDK. THESE LAWS INCLUDE RESTRICTIONS ON DESTINATIONS, END USERS AND END USE.

14.6 The License Agreement may not be assigned or transferred by you without the prior written approval of Google, and any attempted assignment without such approval will be void. You shall not delegate your responsibilities or obligations under the License Agreement without the prior written approval of Google.

14.7 The License Agreement, and your relationship with Google under the License Agreement, shall be governed by the laws of the State of California without regard to its conflict of laws provisions. You and Google agree to submit to the exclusive jurisdiction of the courts located within the county of Santa Clara, California to resolve any legal matter arising from the License Agreement. Notwithstanding this, you agree that Google shall still be allowed to apply for injunctive remedies (or an equivalent type of urgent legal relief) in any jurisdiction.

June 2014.
    
Do you accept the license 'android-sdk-license-5be876d5' [y/n]: y

Installing Archives:
  Preparing to install archives
  Downloading Android SDK Build-tools, revision 20
  Installing Android SDK Build-tools, revision 20
  Unzipping Android SDK Build-tools, revision 20 (2%)  Unzipping Android SDK Build-tools, revision 20 (4%)  Unzipping Android SDK Build-tools, revision 20 (5%)  Unzipping Android SDK Build-tools, revision 20 (6%)  Unzipping Android SDK Build-tools, revision 20 (7%)  Unzipping Android SDK Build-tools, revision 20 (8%)  Unzipping Android SDK Build-tools, revision 20 (9%)  Unzipping Android SDK Build-tools, revision 20 (10%)  Unzipping Android SDK Build-tools, revision 20 (11%)  Unzipping Android SDK Build-tools, revision 20 (12%)  Unzipping Android SDK Build-tools, revision 20 (13%)  Unzipping Android SDK Build-tools, revision 20 (18%)  Unzipping Android SDK Build-tools, revision 20 (20%)  Unzipping Android SDK Build-tools, revision 20 (21%)  Unzipping Android SDK Build-tools, revision 20 (22%)  Unzipping Android SDK Build-tools, revision 20 (26%)  Unzipping Android SDK Build-tools, revision 20 (54%)  Unzipping Android SDK Build-tools, revision 20 (60%)  Unzipping Android SDK Build-tools, revision 20 (62%)  Unzipping Android SDK Build-tools, revision 20 (99%)    Installed Android SDK Build-tools, revision 20
  Done. 1 package installed.
travis_time:end:019b6e3a:start=1419294680797527296,finish=1419294687827500740,duration=7029973444[0Ktravis_time:start:03e7b9a0[0K$ android-update-sdk --components=android-17 --accept-licenses='android-sdk-license-5be876d5'
Installing android-17
spawn android update sdk --no-ui --all --filter android-17
Refresh Sources:
  Fetching https://dl-ssl.google.com/android/repository/addons_list-2.xml
  Validate XML
  Parse XML
  Fetched Add-ons List successfully
  Refresh Sources
  Fetching URL: https://dl-ssl.google.com/android/repository/repository-10.xml
  Validate XML: https://dl-ssl.google.com/android/repository/repository-10.xml
  Parse XML:    https://dl-ssl.google.com/android/repository/repository-10.xml
  Fetching URL: https://dl-ssl.google.com/android/repository/addon.xml
  Validate XML: https://dl-ssl.google.com/android/repository/addon.xml
  Parse XML:    https://dl-ssl.google.com/android/repository/addon.xml
  Fetching URL: https://dl-ssl.google.com/android/repository/addon-6.xml
  Validate XML: https://dl-ssl.google.com/android/repository/addon-6.xml
  Parse XML:    https://dl-ssl.google.com/android/repository/addon-6.xml
  Fetching URL: https://dl-ssl.google.com/glass/gdk/addon.xml
  Validate XML: https://dl-ssl.google.com/glass/gdk/addon.xml
  Parse XML:    https://dl-ssl.google.com/glass/gdk/addon.xml
  Fetching URL: https://dl-ssl.google.com/android/repository/extras/intel/addon.xml
  Validate XML: https://dl-ssl.google.com/android/repository/extras/intel/addon.xml
  Parse XML:    https://dl-ssl.google.com/android/repository/extras/intel/addon.xml
  Fetching URL: https://dl-ssl.google.com/android/repository/sys-img/android/sys-img.xml
  Validate XML: https://dl-ssl.google.com/android/repository/sys-img/android/sys-img.xml
  Parse XML:    https://dl-ssl.google.com/android/repository/sys-img/android/sys-img.xml
  Fetching URL: https://dl-ssl.google.com/android/repository/sys-img/android-wear/sys-img.xml
  Validate XML: https://dl-ssl.google.com/android/repository/sys-img/android-wear/sys-img.xml
  Parse XML:    https://dl-ssl.google.com/android/repository/sys-img/android-wear/sys-img.xml
  Fetching URL: https://dl-ssl.google.com/android/repository/sys-img/android-tv/sys-img.xml
  Validate XML: https://dl-ssl.google.com/android/repository/sys-img/android-tv/sys-img.xml
  Parse XML:    https://dl-ssl.google.com/android/repository/sys-img/android-tv/sys-img.xml
  Fetching URL: https://dl-ssl.google.com/android/repository/sys-img/google_apis/sys-img.xml
  Validate XML: https://dl-ssl.google.com/android/repository/sys-img/google_apis/sys-img.xml
  Parse XML:    https://dl-ssl.google.com/android/repository/sys-img/google_apis/sys-img.xml
  Fetching URL: https://dl-ssl.google.com/android/repository/sys-img/x86/addon-x86.xml
  Validate XML: https://dl-ssl.google.com/android/repository/sys-img/x86/addon-x86.xml
  Parse XML:    https://dl-ssl.google.com/android/repository/sys-img/x86/addon-x86.xml
-------------------------------
License id: android-sdk-license-5be876d5
Used by: 
 - SDK Platform Android 4.2.2, API 17, revision 3
-------------------------------

To get started with the Android SDK, you must agree to the following terms and conditions.

This is the Android SDK License Agreement (the "License Agreement").

1. Introduction

1.1 The Android SDK (referred to in the License Agreement as the "SDK" and specifically including the Android system files, packaged APIs, and SDK library files and tools , if and when they are made available) is licensed to you subject to the terms of the License Agreement. The License Agreement forms a legally binding contract between you and Google in relation to your use of the SDK.

1.2 "Android" means the Android software stack for devices, as made available under the Android Open Source Project, which is located at the following URL: http://source.android.com/, as updated from time to time.

1.3 "Google" means Google Inc., a Delaware corporation with principal place of business at 1600 Amphitheatre Parkway, Mountain View, CA 94043, United States.

2. Accepting the License Agreement

2.1 In order to use the SDK, you must first agree to the License Agreement. You may not use the SDK if you do not accept the License Agreement.

2.2 By clicking to accept and/or using the SDK, you hereby agree to the terms of the License Agreement.

2.3 You may not use the SDK and may not accept the License Agreement if you are a person barred from receiving the SDK under the laws of the United States or other countries including the country in which you are resident or from which you use the SDK.

2.4 If you will use the SDK internally within your company or organization you agree to be bound by the License Agreement on behalf of your employer or other entity, and you represent and warrant that you have full legal authority to bind your employer or such entity to the License Agreement. If you do not have the requisite authority, you may not accept the License Agreement or use the SDK on behalf of your employer or other entity.

3. SDK License from Google

3.1 Subject to the terms of the License Agreement, Google grants you a royalty-free, non-assignable, non-exclusive, non-sublicensable, limited, revocable license to use the SDK, personally or internally within your company or organization, solely to develop and distribute applications to run on the Android platform.

3.2 You agree that Google or third parties own all legal right, title and interest in and to the SDK, including any Intellectual Property Rights that subsist in the SDK. "Intellectual Property Rights" means any and all rights under patent law, copyright law, trade secret law, trademark law, and any and all other proprietary rights. Google reserves all rights not expressly granted to you.

3.3 You may not use the SDK for any purpose not expressly permitted by the License Agreement. Except to the extent required by applicable third party licenses, you may not: (a) copy (except for backup purposes), modify, adapt, redistribute, decompile, reverse engineer, disassemble, or create derivative works of the SDK or any part of the SDK; or (b) load any part of the SDK onto a mobile handset or any other hardware device except a personal computer, combine any part of the SDK with other software, or distribute any software or device incorporating a part of the SDK.

3.4 You agree that you will not take any actions that may cause or result in the fragmentation of Android, including but not limited to distributing, participating in the creation of, or promoting in any way a software development kit derived from the SDK.

3.5 Use, reproduction and distribution of components of the SDK licensed under an open source software license are governed solely by the terms of that open source software license and not the License Agreement. You agree to remain a licensee in good standing in regard to such open source software licenses under all the rights granted and to refrain from any actions that may terminate, suspend, or breach such rights.

3.6 You agree that the form and nature of the SDK that Google provides may change without prior notice to you and that future versions of the SDK may be incompatible with applications developed on previous versions of the SDK. You agree that Google may stop (permanently or temporarily) providing the SDK (or any features within the SDK) to you or to users generally at Google's sole discretion, without prior notice to you.

3.7 Nothing in the License Agreement gives you a right to use any of Google's trade names, trademarks, service marks, logos, domain names, or other distinctive brand features.

3.8 You agree that you will not remove, obscure, or alter any proprietary rights notices (including copyright and trademark notices) that may be affixed to or contained within the SDK.

4. Use of the SDK by You

4.1 Google agrees that nothing in the License Agreement gives Google any right, title or interest from you (or your licensors) under the License Agreement in or to any software applications that you develop using the SDK, including any intellectual property rights that subsist in those applications.

4.2 You agree to use the SDK and write applications only for purposes that are permitted by (a) the License Agreement, and (b) any applicable law, regulation or generally accepted practices or guidelines in the relevant jurisdictions (including any laws regarding the export of data or software to and from the United States or other relevant countries).

4.3 You agree that if you use the SDK to develop applications, you will protect the privacy and legal rights of users. If users provide you with user names, passwords, or other login information or personal information, you must make the users aware that the information will be available to your application, and you must provide legally adequate privacy notice and protection for those users. If your application stores personal or sensitive information provided by users, it must do so securely. If users provide you with Google Account information, your application may only use that information to access the user's Google Account when, and for the limited purposes for which, each user has given you permission to do so.

4.4 You agree that you will not engage in any activity with the SDK, including the development or distribution of an application, that interferes with, disrupts, damages, or accesses in an unauthorized manner the servers, networks, or other properties or services of Google or any third party.

4.5 You agree that you are solely responsible for (and that Google has no responsibility to you or to any third party for) any data, content, or resources that you create, transmit or display through Android and/or applications for Android, and for the consequences of your actions (including any loss or damage which Google may suffer) by doing so.

4.6 You agree that you are solely responsible for (and that Google has no responsibility to you or to any third party for) any breach of your obligations under the License Agreement, any applicable third party contract or Terms of Service, or any applicable law or regulation, and for the consequences (including any loss or damage which Google or any third party may suffer) of any such breach.

5. Your Developer Credentials

5.1 You agree that you are responsible for maintaining the confidentiality of any developer credentials that may be issued to you by Google or which you may choose yourself and that you will be solely responsible for all applications that are developed under your developer credentials.

6. Privacy and Information

6.1 In order to continually innovate and improve the SDK, Google may collect certain usage statistics from the software including but not limited to a unique identifier, associated IP address, version number of the software, and information on which tools and/or services in the SDK are being used and how they are being used. Before any of this information is collected, the SDK will notify you and seek your consent. If you withhold consent, the information will not be collected.

6.2 The data collected is examined in the aggregate to improve the SDK and is maintained in accordance with Google's Privacy Policy located at http://www.google.com/policies/privacy/.

7. Third Party Applications

7.1 If you use the SDK to run applications developed by a third party or that access data, content or resources provided by a third party, you agree that Google is not responsible for those applications, data, content, or resources. You understand that all data, content or resources which you may access through such third party applications are the sole responsibility of the person from which they originated and that Google is not liable for any loss or damage that you may experience as a result of the use or access of any of those third party applications, data, content, or resources.

7.2 You should be aware the data, content, and resources presented to you through such a third party application may be protected by intellectual property rights which are owned by the providers (or by other persons or companies on their behalf). You may not modify, rent, lease, loan, sell, distribute or create derivative works based on these data, content, or resources (either in whole or in part) unless you have been specifically given permission to do so by the relevant owners.

7.3 You acknowledge that your use of such third party applications, data, content, or resources may be subject to separate terms between you and the relevant third party.

8. Using Google APIs

8.1 Google APIs

8.1.1 If you use any API to retrieve data from Google, you acknowledge that the data may be protected by intellectual property rights which are owned by Google or those parties that provide the data (or by other persons or companies on their behalf). Your use of any such API may be subject to additional Terms of Service. You may not modify, rent, lease, loan, sell, distribute or create derivative works based on this data (either in whole or in part) unless allowed by the relevant Terms of Service.

8.1.2 If you use any API to retrieve a user's data from Google, you acknowledge and agree that you shall retrieve data only with the user's explicit consent and only when, and for the limited purposes for which, the user has given you permission to do so.

9. Terminating the License Agreement

9.1 The License Agreement will continue to apply until terminated by either you or Google as set out below.

9.2 If you want to terminate the License Agreement, you may do so by ceasing your use of the SDK and any relevant developer credentials.

9.3 Google may at any time, terminate the License Agreement, with or without cause, upon notice to you.

9.4 The License Agreement will automatically terminate without notice or other action when Google ceases to provide the SDK or certain parts of the SDK to users in the country in which you are resident or from which you use the service.

9.5 When the License Agreement is terminated, the license granted to you in the License Agreement will terminate, you will immediately cease all use of the SDK, and the provisions of paragraphs 10, 11, 12 and 14 shall survive indefinitely.

10. DISCLAIMERS

10.1 YOU EXPRESSLY UNDERSTAND AND AGREE THAT YOUR USE OF THE SDK IS AT YOUR SOLE RISK AND THAT THE SDK IS PROVIDED "AS IS" AND "AS AVAILABLE" WITHOUT WARRANTY OF ANY KIND FROM GOOGLE.

10.2 YOUR USE OF THE SDK AND ANY MATERIAL DOWNLOADED OR OTHERWISE OBTAINED THROUGH THE USE OF THE SDK IS AT YOUR OWN DISCRETION AND RISK AND YOU ARE SOLELY RESPONSIBLE FOR ANY DAMAGE TO YOUR COMPUTER SYSTEM OR OTHER DEVICE OR LOSS OF DATA THAT RESULTS FROM SUCH USE. WITHOUT LIMITING THE FOREGOING, YOU UNDERSTAND THAT THE SDK MAY CONTAIN ERRORS, DEFECTS AND SECURITY VULNERABILITIES THAT CAN RESULT IN SIGNIFICANT DAMAGE, INCLUDING THE COMPLETE, IRRECOVERABLE LOSS OF USE OF YOUR COMPUTER SYSTEM OR OTHER DEVICE.

10.3 GOOGLE FURTHER EXPRESSLY DISCLAIMS ALL WARRANTIES AND CONDITIONS OF ANY KIND, WHETHER EXPRESS OR IMPLIED, INCLUDING, BUT NOT LIMITED TO THE IMPLIED WARRANTIES AND CONDITIONS OF MERCHANTABILITY, FITNESS FOR A PARTICULAR PURPOSE AND NON-INFRINGEMENT.

11. LIMITATION OF LIABILITY

11.1 YOU EXPRESSLY UNDERSTAND AND AGREE THAT GOOGLE, ITS SUBSIDIARIES AND AFFILIATES, AND ITS LICENSORS SHALL NOT BE LIABLE TO YOU UNDER ANY THEORY OF LIABILITY FOR ANY DIRECT, INDIRECT, INCIDENTAL, SPECIAL, CONSEQUENTIAL OR EXEMPLARY DAMAGES THAT MAY BE INCURRED BY YOU, INCLUDING ANY LOSS OF DATA, WHETHER OR NOT GOOGLE OR ITS REPRESENTATIVES HAVE BEEN ADVISED OF OR SHOULD HAVE BEEN AWARE OF THE POSSIBILITY OF ANY SUCH LOSSES ARISING.

12. Indemnification

12.1 To the maximum extent permitted by law, you agree to defend, indemnify and hold harmless Google, its affiliates and their respective directors, officers, employees and agents from and against any and all claims, actions, suits or proceedings, as well as any and all losses, liabilities, damages, costs and expenses (including reasonable attorneysâ€™ fees) arising out of or accruing from (a) your use of the SDK, (b) any application you develop on the SDK that infringes any Intellectual Property Rights of any person or defames any person or violates their rights of publicity or privacy, and (c) any non-compliance by you of the License Agreement.

13. Changes to the License Agreement

13.1 Google may make changes to the License Agreement as it distributes new versions of the SDK. When these changes are made, Google will make a new version of the License Agreement available on the website where the SDK is made available.

14. General Legal Terms

14.1 The License Agreement constitutes the whole legal agreement between you and Google and governs your use of the SDK (excluding any services which Google may provide to you under a separate written agreement), and completely replaces any prior agreements between you and Google in relation to the SDK.

14.2 You agree that if Google does not exercise or enforce any legal right or remedy which is contained in the License Agreement (or which Google has the benefit of under any applicable law), this will not be taken to be a formal waiver of Google's rights and that those rights or remedies will still be available to Google.

14.3 If any court of law, having the jurisdiction to decide on this matter, rules that any provision of the License Agreement is invalid, then that provision will be removed from the License Agreement without affecting the rest of the License Agreement. The remaining provisions of the License Agreement will continue to be valid and enforceable.

14.4 You acknowledge and agree that each member of the group of companies of which Google is the parent shall be third party beneficiaries to the License Agreement and that such other companies shall be entitled to directly enforce, and rely upon, any provision of the License Agreement that confers a benefit on (or rights in favor of) them. Other than this, no other person or company shall be third party beneficiaries to the License Agreement.

14.5 EXPORT RESTRICTIONS. THE SDK IS SUBJECT TO UNITED STATES EXPORT LAWS AND REGULATIONS. YOU MUST COMPLY WITH ALL DOMESTIC AND INTERNATIONAL EXPORT LAWS AND REGULATIONS THAT APPLY TO THE SDK. THESE LAWS INCLUDE RESTRICTIONS ON DESTINATIONS, END USERS AND END USE.

14.6 The License Agreement may not be assigned or transferred by you without the prior written approval of Google, and any attempted assignment without such approval will be void. You shall not delegate your responsibilities or obligations under the License Agreement without the prior written approval of Google.

14.7 The License Agreement, and your relationship with Google under the License Agreement, shall be governed by the laws of the State of California without regard to its conflict of laws provisions. You and Google agree to submit to the exclusive jurisdiction of the courts located within the county of Santa Clara, California to resolve any legal matter arising from the License Agreement. Notwithstanding this, you agree that Google shall still be allowed to apply for injunctive remedies (or an equivalent type of urgent legal relief) in any jurisdiction.

June 2014.
    
Do you accept the license 'android-sdk-license-5be876d5' [y/n]: y

Installing Archives:
  Preparing to install archives
  Downloading SDK Platform Android 4.2.2, API 17, revision 3
     (80%, 22277 KiB/s, 0 seconds left)  Installing SDK Platform Android 4.2.2, API 17, revision 3
  Unzipping SDK Platform Android 4.2.2, API 17, revision 3 (23%)  Unzipping SDK Platform Android 4.2.2, API 17, revision 3 (24%)  Unzipping SDK Platform Android 4.2.2, API 17, revision 3 (25%)  Unzipping SDK Platform Android 4.2.2, API 17, revision 3 (26%)  Unzipping SDK Platform Android 4.2.2, API 17, revision 3 (27%)  Unzipping SDK Platform Android 4.2.2, API 17, revision 3 (28%)  Unzipping SDK Platform Android 4.2.2, API 17, revision 3 (29%)  Unzipping SDK Platform Android 4.2.2, API 17, revision 3 (31%)  Unzipping SDK Platform Android 4.2.2, API 17, revision 3 (32%)  Unzipping SDK Platform Android 4.2.2, API 17, revision 3 (33%)  Unzipping SDK Platform Android 4.2.2, API 17, revision 3 (34%)  Unzipping SDK Platform Android 4.2.2, API 17, revision 3 (35%)  Unzipping SDK Platform Android 4.2.2, API 17, revision 3 (36%)  Unzipping SDK Platform Android 4.2.2, API 17, revision 3 (37%)  Unzipping SDK Platform Android 4.2.2, API 17, revision 3 (38%)  Unzipping SDK Platform Android 4.2.2, API 17, revision 3 (39%)  Unzipping SDK Platform Android 4.2.2, API 17, revision 3 (40%)  Unzipping SDK Platform Android 4.2.2, API 17, revision 3 (41%)  Unzipping SDK Platform Android 4.2.2, API 17, revision 3 (42%)  Unzipping SDK Platform Android 4.2.2, API 17, revision 3 (43%)  Unzipping SDK Platform Android 4.2.2, API 17, revision 3 (44%)  Unzipping SDK Platform Android 4.2.2, API 17, revision 3 (45%)  Unzipping SDK Platform Android 4.2.2, API 17, revision 3 (46%)  Unzipping SDK Platform Android 4.2.2, API 17, revision 3 (47%)  Unzipping SDK Platform Android 4.2.2, API 17, revision 3 (48%)  Unzipping SDK Platform Android 4.2.2, API 17, revision 3 (63%)  Unzipping SDK Platform Android 4.2.2, API 17, revision 3 (77%)  Unzipping SDK Platform Android 4.2.2, API 17, revision 3 (78%)  Unzipping SDK Platform Android 4.2.2, API 17, revision 3 (81%)  Unzipping SDK Platform Android 4.2.2, API 17, revision 3 (82%)  Unzipping SDK Platform Android 4.2.2, API 17, revision 3 (84%)  Unzipping SDK Platform Android 4.2.2, API 17, revision 3 (85%)  Unzipping SDK Platform Android 4.2.2, API 17, revision 3 (86%)  Unzipping SDK Platform Android 4.2.2, API 17, revision 3 (89%)  Unzipping SDK Platform Android 4.2.2, API 17, revision 3 (93%)  Unzipping SDK Platform Android 4.2.2, API 17, revision 3 (97%)    Installed SDK Platform Android 4.2.2, API 17, revision 3
  Done. 1 package installed.
travis_time:end:03e7b9a0:start=1419294687831541308,finish=1419294694977934275,duration=7146392967[0Ktravis_fold:end:android.install[0K$ java -version
java version "1.7.0_72"
Java(TM) SE Runtime Environment (build 1.7.0_72-b14)
Java HotSpot(TM) 64-Bit Server VM (build 24.72-b04, mixed mode)
$ javac -version
javac 1.7.0_72
travis_time:start:0bd5b950[0K$ mvn install -B
[INFO] Scanning for projects...
[INFO] ------------------------------------------------------------------------
[INFO] Reactor Build Order:
[INFO] 
[INFO] Picasso (Parent)
[INFO] Picasso
[INFO] Picasso Pollexor Transformer
[INFO] Picasso Sample
[INFO]                                                                         
[INFO] ------------------------------------------------------------------------
[INFO] Building Picasso (Parent) 2.4.1-SNAPSHOT
[INFO] ------------------------------------------------------------------------
[INFO] 
[INFO] --- maven-enforcer-plugin:1.0:enforce (enforce-maven) @ picasso-parent ---
[INFO] 
[INFO] --- maven-checkstyle-plugin:2.10:checkstyle (default) @ picasso-parent ---
[INFO] 
[INFO] --- maven-install-plugin:2.4:install (default-install) @ picasso-parent ---
[INFO] Installing /home/travis/build/square/picasso/pom.xml to /home/travis/.m2/repository/com/squareup/picasso/picasso-parent/2.4.1-SNAPSHOT/picasso-parent-2.4.1-SNAPSHOT.pom
[INFO]                                                                         
[INFO] ------------------------------------------------------------------------
[INFO] Building Picasso 2.4.1-SNAPSHOT
[INFO] ------------------------------------------------------------------------
[INFO] 
[INFO] --- maven-enforcer-plugin:1.0:enforce (enforce-maven) @ picasso ---
[INFO] 
[INFO] --- maven-resources-plugin:2.6:resources (default-resources) @ picasso ---
[INFO] Using 'UTF-8' encoding to copy filtered resources.
[INFO] skip non existing resourceDirectory /home/travis/build/square/picasso/picasso/src/main/resources
[INFO] 
[INFO] --- maven-compiler-plugin:3.0:compile (default-compile) @ picasso ---
[INFO] Changes detected - recompiling the module!
[INFO] Compiling 35 source files to /home/travis/build/square/picasso/picasso/target/classes
[INFO] 
[INFO] --- maven-resources-plugin:2.6:testResources (default-testResources) @ picasso ---
[INFO] Using 'UTF-8' encoding to copy filtered resources.
[INFO] skip non existing resourceDirectory /home/travis/build/square/picasso/picasso/src/test/resources
[INFO] 
[INFO] --- maven-compiler-plugin:3.0:testCompile (default-testCompile) @ picasso ---
[INFO] Changes detected - recompiling the module!
[INFO] Compiling 21 source files to /home/travis/build/square/picasso/picasso/target/test-classes
[WARNING] /home/travis/build/square/picasso/picasso/src/test/java/com/squareup/picasso/RequestCreatorTest.java: /home/travis/build/square/picasso/picasso/src/test/java/com/squareup/picasso/RequestCreatorTest.java uses or overrides a deprecated API.
[WARNING] /home/travis/build/square/picasso/picasso/src/test/java/com/squareup/picasso/RequestCreatorTest.java: Recompile with -Xlint:deprecation for details.
[INFO] 
[INFO] --- maven-surefire-plugin:2.12.4:test (default-test) @ picasso ---
[INFO] Surefire report directory: /home/travis/build/square/picasso/picasso/target/surefire-reports

-------------------------------------------------------
 T E S T S
-------------------------------------------------------
Running com.squareup.picasso.NetworkRequestHandlerTest
WARNING: no system properties value for ro.build.date.utc
Tests run: 10, Failures: 0, Errors: 0, Skipped: 0, Time elapsed: 3.561 sec
Running com.squareup.picasso.RequestCreatorTest
DEBUG: Loading resources for android from jar:/home/travis/.m2/repository/org/robolectric/android-res/4.1.2_r1_rc/android-res-4.1.2_r1_rc-real.jar!/res...
Tests run: 68, Failures: 0, Errors: 0, Skipped: 0, Time elapsed: 4.235 sec
Running com.squareup.picasso.PicassoTest
Tests run: 45, Failures: 0, Errors: 0, Skipped: 0, Time elapsed: 0.822 sec
Running com.squareup.picasso.LruCacheTest
Tests run: 9, Failures: 0, Errors: 0, Skipped: 0, Time elapsed: 0.048 sec
Running com.squareup.picasso.TargetActionTest
Tests run: 5, Failures: 0, Errors: 0, Skipped: 0, Time elapsed: 0.042 sec
Running com.squareup.picasso.DispatcherTest
Exception in thread "Picasso-Dispatcher" java.lang.NullPointerException
	at org.robolectric.shadows.ShadowLooper.getMainLooper(ShadowLooper.java:59)
	at org.robolectric.shadows.ShadowLooper.doLoop(ShadowLooper.java:76)
	at org.robolectric.shadows.ShadowLooper.loop(ShadowLooper.java:64)
	at android.os.Looper.loop(Looper.java)
	at org.robolectric.shadows.ShadowHandlerThread.run(ShadowHandlerThread.java:34)
	at android.os.HandlerThread.run(HandlerThread.java)
Exception in thread "Picasso-Dispatcher" java.lang.NullPointerException
	at org.robolectric.shadows.ShadowLooper.getMainLooper(ShadowLooper.java:59)
	at org.robolectric.shadows.ShadowLooper.doLoop(ShadowLooper.java:76)
	at org.robolectric.shadows.ShadowLooper.loop(ShadowLooper.java:64)
	at android.os.Looper.loop(Looper.java)
	at org.robolectric.shadows.ShadowHandlerThread.run(ShadowHandlerThread.java:34)
	at android.os.HandlerThread.run(HandlerThread.java)
Tests run: 47, Failures: 2, Errors: 0, Skipped: 0, Time elapsed: 0.638 sec <<< FAILURE!
performCompleteSetsResultInCache(com.squareup.picasso.DispatcherTest)  Time elapsed: 0.023 sec  <<< FAILURE!
Wanted but not invoked:
cache.set(
    "http://example.com/1.png
",
    Bitmap{description='Bitmap (10 x 10)', width=10, height=10}
);
-> at com.squareup.picasso.DispatcherTest.performCompleteSetsResultInCache(DispatcherTest.java:202)
Actually, there were zero interactions with this mock.

	at com.squareup.picasso.DispatcherTest.performCompleteSetsResultInCache(DispatcherTest.java:202)
	at sun.reflect.NativeMethodAccessorImpl.invoke0(Native Method)
	at sun.reflect.NativeMethodAccessorImpl.invoke(NativeMethodAccessorImpl.java:57)
	at sun.reflect.DelegatingMethodAccessorImpl.invoke(DelegatingMethodAccessorImpl.java:43)
	at java.lang.reflect.Method.invoke(Method.java:606)
	at org.junit.runners.model.FrameworkMethod$1.runReflectiveCall(FrameworkMethod.java:45)
	at org.junit.internal.runners.model.ReflectiveCallable.run(ReflectiveCallable.java:15)
	at org.junit.runners.model.FrameworkMethod.invokeExplosively(FrameworkMethod.java:42)
	at org.junit.internal.runners.statements.InvokeMethod.evaluate(InvokeMethod.java:20)
	at org.junit.internal.runners.statements.RunBefores.evaluate(RunBefores.java:28)
	at org.robolectric.RobolectricTestRunner$2.evaluate(RobolectricTestRunner.java:234)
	at org.junit.runners.ParentRunner.runLeaf(ParentRunner.java:263)
	at org.junit.runners.BlockJUnit4ClassRunner.runChild(BlockJUnit4ClassRunner.java:68)
	at org.junit.runners.BlockJUnit4ClassRunner.runChild(BlockJUnit4ClassRunner.java:47)
	at org.junit.runners.ParentRunner$3.run(ParentRunner.java:231)
	at org.junit.runners.ParentRunner$1.schedule(ParentRunner.java:60)
	at org.junit.runners.ParentRunner.runChildren(ParentRunner.java:229)
	at org.junit.runners.ParentRunner.access$000(ParentRunner.java:50)
	at org.junit.runners.ParentRunner$2.evaluate(ParentRunner.java:222)
	at org.robolectric.RobolectricTestRunner$1.evaluate(RobolectricTestRunner.java:175)
	at org.junit.runners.ParentRunner.run(ParentRunner.java:300)
	at org.apache.maven.surefire.junit4.JUnit4Provider.execute(JUnit4Provider.java:252)
	at org.apache.maven.surefire.junit4.JUnit4Provider.executeTestSet(JUnit4Provider.java:141)
	at org.apache.maven.surefire.junit4.JUnit4Provider.invoke(JUnit4Provider.java:112)
	at sun.reflect.NativeMethodAccessorImpl.invoke0(Native Method)
	at sun.reflect.NativeMethodAccessorImpl.invoke(NativeMethodAccessorImpl.java:57)
	at sun.reflect.DelegatingMethodAccessorImpl.invoke(DelegatingMethodAccessorImpl.java:43)
	at java.lang.reflect.Method.invoke(Method.java:606)
	at org.apache.maven.surefire.util.ReflectionUtils.invokeMethodWithArray(ReflectionUtils.java:189)
	at org.apache.maven.surefire.booter.ProviderFactory$ProviderProxy.invoke(ProviderFactory.java:165)
	at org.apache.maven.surefire.booter.ProviderFactory.invokeProvider(ProviderFactory.java:85)
	at org.apache.maven.surefire.booter.ForkedBooter.runSuitesInProcess(ForkedBooter.java:115)
	at org.apache.maven.surefire.booter.ForkedBooter.main(ForkedBooter.java:75)

performCompleteWithSkipCacheDoesNotCache(com.squareup.picasso.DispatcherTest)  Time elapsed: 0.01 sec  <<< FAILURE!
org.mockito.exceptions.verification.NoInteractionsWanted: 
No interactions wanted here:
-> at com.squareup.picasso.DispatcherTest.performCompleteWithSkipCacheDoesNotCache(DispatcherTest.java:209)
But found this interaction:
-> at com.squareup.picasso.Dispatcher.performComplete(Dispatcher.java:364)
Actually, above is the only interaction with this mock.
	at com.squareup.picasso.DispatcherTest.performCompleteWithSkipCacheDoesNotCache(DispatcherTest.java:209)
	at sun.reflect.NativeMethodAccessorImpl.invoke0(Native Method)
	at sun.reflect.NativeMethodAccessorImpl.invoke(NativeMethodAccessorImpl.java:57)
	at sun.reflect.DelegatingMethodAccessorImpl.invoke(DelegatingMethodAccessorImpl.java:43)
	at java.lang.reflect.Method.invoke(Method.java:606)
	at org.junit.runners.model.FrameworkMethod$1.runReflectiveCall(FrameworkMethod.java:45)
	at org.junit.internal.runners.model.ReflectiveCallable.run(ReflectiveCallable.java:15)
	at org.junit.runners.model.FrameworkMethod.invokeExplosively(FrameworkMethod.java:42)
	at org.junit.internal.runners.statements.InvokeMethod.evaluate(InvokeMethod.java:20)
	at org.junit.internal.runners.statements.RunBefores.evaluate(RunBefores.java:28)
	at org.robolectric.RobolectricTestRunner$2.evaluate(RobolectricTestRunner.java:234)
	at org.junit.runners.ParentRunner.runLeaf(ParentRunner.java:263)
	at org.junit.runners.BlockJUnit4ClassRunner.runChild(BlockJUnit4ClassRunner.java:68)
	at org.junit.runners.BlockJUnit4ClassRunner.runChild(BlockJUnit4ClassRunner.java:47)
	at org.junit.runners.ParentRunner$3.run(ParentRunner.java:231)
	at org.junit.runners.ParentRunner$1.schedule(ParentRunner.java:60)
	at org.junit.runners.ParentRunner.runChildren(ParentRunner.java:229)
	at org.junit.runners.ParentRunner.access$000(ParentRunner.java:50)
	at org.junit.runners.ParentRunner$2.evaluate(ParentRunner.java:222)
	at org.robolectric.RobolectricTestRunner$1.evaluate(RobolectricTestRunner.java:175)
	at org.junit.runners.ParentRunner.run(ParentRunner.java:300)
	at org.apache.maven.surefire.junit4.JUnit4Provider.execute(JUnit4Provider.java:252)
	at org.apache.maven.surefire.junit4.JUnit4Provider.executeTestSet(JUnit4Provider.java:141)
	at org.apache.maven.surefire.junit4.JUnit4Provider.invoke(JUnit4Provider.java:112)
	at sun.reflect.NativeMethodAccessorImpl.invoke0(Native Method)
	at sun.reflect.NativeMethodAccessorImpl.invoke(NativeMethodAccessorImpl.java:57)
	at sun.reflect.DelegatingMethodAccessorImpl.invoke(DelegatingMethodAccessorImpl.java:43)
	at java.lang.reflect.Method.invoke(Method.java:606)
	at org.apache.maven.surefire.util.ReflectionUtils.invokeMethodWithArray(ReflectionUtils.java:189)
	at org.apache.maven.surefire.booter.ProviderFactory$ProviderProxy.invoke(ProviderFactory.java:165)
	at org.apache.maven.surefire.booter.ProviderFactory.invokeProvider(ProviderFactory.java:85)
	at org.apache.maven.surefire.booter.ForkedBooter.runSuitesInProcess(ForkedBooter.java:115)
	at org.apache.maven.surefire.booter.ForkedBooter.main(ForkedBooter.java:75)

Running com.squareup.picasso.RequestHandlerTest
Exception in thread "Picasso-Dispatcher" java.lang.NullPointerException
	at org.robolectric.shadows.ShadowLooper.getMainLooper(ShadowLooper.java:59)
	at org.robolectric.shadows.ShadowLooper.doLoop(ShadowLooper.java:76)
	at org.robolectric.shadows.ShadowLooper.loop(ShadowLooper.java:64)
	at android.os.Looper.loop(Looper.java)
	at org.robolectric.shadows.ShadowHandlerThread.run(ShadowHandlerThread.java:34)
	at android.os.HandlerThread.run(HandlerThread.java)
Tests run: 10, Failures: 0, Errors: 0, Skipped: 0, Time elapsed: 0.024 sec
Running com.squareup.picasso.UtilsTest
Tests run: 6, Failures: 0, Errors: 0, Skipped: 0, Time elapsed: 0.054 sec
Running com.squareup.picasso.DeferredRequestCreatorTest
Tests run: 9, Failures: 0, Errors: 0, Skipped: 0, Time elapsed: 0.064 sec
Running com.squareup.picasso.MediaStoreRequestHandlerTest
Tests run: 5, Failures: 0, Errors: 0, Skipped: 0, Time elapsed: 0.075 sec
Running com.squareup.picasso.OkHttpDownloaderTest
Dec 23, 2014 12:31:54 AM com.squareup.okhttp.mockwebserver.MockWebServer$3 processOneRequest
INFO: Received request: GET /bees.gif HTTP/1.1 and responded: HTTP/1.1 200 OK
Dec 23, 2014 12:31:54 AM com.squareup.okhttp.mockwebserver.MockWebServer$3 processOneRequest
INFO: Received request: GET /bees.gif HTTP/1.1 and responded: HTTP/1.1 200 OK
Dec 23, 2014 12:31:54 AM com.squareup.okhttp.mockwebserver.MockWebServer$3 processOneRequest
INFO: Received request: GET /bees.gif HTTP/1.1 and responded: HTTP/1.1 200 OK
Dec 23, 2014 12:31:54 AM com.squareup.okhttp.mockwebserver.MockWebServer$3 processOneRequest
INFO: Received request: GET /bees.gif HTTP/1.1 and responded: HTTP/1.1 200 OK
Dec 23, 2014 12:31:54 AM com.squareup.okhttp.mockwebserver.MockWebServer$3 processOneRequest
INFO: Received request: GET /bees.gif HTTP/1.1 and responded: HTTP/1.1 200 OK
Dec 23, 2014 12:31:54 AM com.squareup.okhttp.mockwebserver.MockWebServer$3 processOneRequest
INFO: Received request: GET /bees.gif HTTP/1.1 and responded: HTTP/1.1 200 OK
Dec 23, 2014 12:31:54 AM com.squareup.okhttp.mockwebserver.MockWebServer$3 processOneRequest
INFO: Received request: GET /bees.gif HTTP/1.1 and responded: HTTP/1.1 401 Not Authorized
Tests run: 5, Failures: 0, Errors: 0, Skipped: 0, Time elapsed: 0.426 sec
Running com.squareup.picasso.MarkableInputStreamTest
Tests run: 1, Failures: 0, Errors: 0, Skipped: 0, Time elapsed: 0.016 sec
Running com.squareup.picasso.BitmapHunterTest
Tests run: 53, Failures: 0, Errors: 0, Skipped: 0, Time elapsed: 0.592 sec
Running com.squareup.picasso.AssetRequestHandlerTest
Tests run: 1, Failures: 0, Errors: 0, Skipped: 0, Time elapsed: 0.017 sec
Running com.squareup.picasso.RemoteViewsActionTest
Tests run: 3, Failures: 0, Errors: 0, Skipped: 0, Time elapsed: 0.108 sec
Running com.squareup.picasso.UrlConnectionDownloaderTest
Dec 23, 2014 12:31:55 AM com.squareup.okhttp.mockwebserver.MockWebServer$3 processOneRequest
INFO: Received request: GET /bees.gif HTTP/1.1 and responded: HTTP/1.1 200 OK
Dec 23, 2014 12:31:55 AM com.squareup.okhttp.mockwebserver.MockWebServer$3 processOneRequest
INFO: Received request: GET /bees.gif HTTP/1.1 and responded: HTTP/1.1 200 OK
Dec 23, 2014 12:31:55 AM com.squareup.okhttp.mockwebserver.MockWebServer$3 processOneRequest
INFO: Received request: GET /bees.gif HTTP/1.1 and responded: HTTP/1.1 200 OK
Dec 23, 2014 12:31:55 AM com.squareup.okhttp.mockwebserver.MockWebServer$3 processOneRequest
INFO: Received request: GET /bees.gif HTTP/1.1 and responded: HTTP/1.1 200 OK
Dec 23, 2014 12:31:55 AM com.squareup.okhttp.mockwebserver.MockWebServer$3 processOneRequest
INFO: Received request: GET /bees.gif HTTP/1.1 and responded: HTTP/1.1 200 OK
Dec 23, 2014 12:31:55 AM com.squareup.okhttp.mockwebserver.MockWebServer$3 processOneRequest
INFO: Received request: GET /bees.gif HTTP/1.1 and responded: HTTP/1.1 401 Not Authorized
Dec 23, 2014 12:31:55 AM com.squareup.okhttp.mockwebserver.MockWebServer$3 processOneRequest
INFO: Received request: GET /bees.gif HTTP/1.1 and responded: HTTP/1.1 200 OK
Dec 23, 2014 12:31:55 AM com.squareup.okhttp.mockwebserver.MockWebServer$3 processOneRequest
INFO: Received request: GET /bees.gif HTTP/1.1 and responded: HTTP/1.1 200 OK
Dec 23, 2014 12:31:55 AM com.squareup.okhttp.mockwebserver.MockWebServer$3 processOneRequest
INFO: Received request: GET /bees.gif HTTP/1.1 and responded: HTTP/1.1 200 OK
Tests run: 7, Failures: 0, Errors: 0, Skipped: 0, Time elapsed: 0.293 sec
Running com.squareup.picasso.PicassoDrawableTest
Tests run: 3, Failures: 0, Errors: 0, Skipped: 0, Time elapsed: 0.013 sec
Running com.squareup.picasso.ImageViewActionTest
Tests run: 8, Failures: 0, Errors: 0, Skipped: 0, Time elapsed: 0.027 sec

Results :

Failed tests:   performCompleteSetsResultInCache(com.squareup.picasso.DispatcherTest): (..)
  performCompleteWithSkipCacheDoesNotCache(com.squareup.picasso.DispatcherTest): (..)

Tests run: 295, Failures: 2, Errors: 0, Skipped: 0

[INFO] ------------------------------------------------------------------------
[INFO] Reactor Summary:
[INFO] 
[INFO] Picasso (Parent) ................................... SUCCESS [  1.039 s]
[INFO] Picasso ............................................ FAILURE [ 16.458 s]
[INFO] Picasso Pollexor Transformer ....................... SKIPPED
[INFO] Picasso Sample ..................................... SKIPPED
[INFO] ------------------------------------------------------------------------
[INFO] BUILD FAILURE
[INFO] ------------------------------------------------------------------------
[INFO] Total time: 18.951 s
[INFO] Finished at: 2014-12-23T00:31:55+00:00
[INFO] Final Memory: 26M/465M
[INFO] ------------------------------------------------------------------------
[ERROR] Failed to execute goal org.apache.maven.plugins:maven-surefire-plugin:2.12.4:test (default-test) on project picasso: There are test failures.
[ERROR] 
[ERROR] Please refer to /home/travis/build/square/picasso/picasso/target/surefire-reports for the individual test results.
[ERROR] -> [Help 1]
[ERROR] 
[ERROR] To see the full stack trace of the errors, re-run Maven with the -e switch.
[ERROR] Re-run Maven using the -X switch to enable full debug logging.
[ERROR] 
[ERROR] For more information about the errors and possible solutions, please read the following articles:
[ERROR] [Help 1] http://cwiki.apache.org/confluence/display/MAVEN/MojoFailureException
[ERROR] 
[ERROR] After correcting the problems, you can resume the build with the command
[ERROR]   mvn <goals> -rf :picasso
travis_time:end:0bd5b950:start=1419294695154649635,finish=1419294716112109008,duration=20957459373[0K
[31;1mThe command "mvn install -B" exited with 1.[0m
travis_fold:start:cache.2[0Kstore build cache
travis_time:start:0e9b2d3b[0Kchange detected: /home/travis/.m2/repository/com/squareup/picasso/picasso-parent/2.4.1-SNAPSHOT/_remote.repositories
changes detected, packing new archive
uploading archive
travis_time:end:0e9b2d3b:start=1419294716116508733,finish=1419294734288667884,duration=18172159151[0Ktravis_fold:end:cache.2[0K
Done. Your build exited with 1.
