Using worker: bluebox-jvm-otp.worker.travis-ci.org:travis-jvm-1

$ git clone --depth=100 --quiet --branch=master git://github.com/thinkaurelius/titan.git thinkaurelius/titan
$ cd thinkaurelius/titan
$ git checkout -qf 69eaa88406c05f55bf7bb92fde224f173d516c72
$ jdk_switcher use openjdk7
Switching to OpenJDK7 (java-1.7.0-openjdk-amd64), JAVA_HOME will be set to /usr/lib/jvm/java-7-openjdk-amd64
update-alternatives: error: no alternatives for apt.
update-alternatives: error: no alternatives for mozilla-javaplugin.so.
update-java-alternatives: plugin alternative does not exist: /usr/lib/jvm/java-7-openjdk-amd64/jre/lib/amd64/IcedTeaPlugin.so
$ java -version
java version "1.7.0_09"
OpenJDK Runtime Environment (IcedTea7 2.3.4) (7u9-2.3.4-0ubuntu1.12.04.1)
OpenJDK 64-Bit Server VM (build 23.2-b09, mixed mode)
$ javac -version
javac 1.7.0_09
$ mvn install --quiet -DskipTests=true
[debug] execute contextualize
[debug] execute contextualize
[debug] execute contextualize
$ mvn test
[INFO] Scanning for projects...
[INFO] ------------------------------------------------------------------------
[INFO] Reactor Build Order:
[INFO] 
[INFO] Titan: Distributed Graph Database
[INFO] Titan-Core: Core Library for Titan
[INFO] Titan-Test: Test Suite for Titan
[INFO] Titan-BerkeleyJE: Distributed Graph Database
[INFO] Titan-Cassandra: Distributed Graph Database
[INFO] Titan-HBase: Distributed Graph Database
[INFO] Titan-All: Complete Titan Distribution
[INFO]                                                                         
[INFO] ------------------------------------------------------------------------
[INFO] Building Titan: Distributed Graph Database 0.3.0-SNAPSHOT
[INFO] ------------------------------------------------------------------------
[INFO] 
[INFO] --- maven-enforcer-plugin:1.0:enforce (enforce-maven) @ titan ---
[INFO]                                                                         
[INFO] ------------------------------------------------------------------------
[INFO] Building Titan-Core: Core Library for Titan 0.3.0-SNAPSHOT
[INFO] ------------------------------------------------------------------------
[INFO] 
[INFO] --- maven-enforcer-plugin:1.0:enforce (enforce-maven) @ titan-core ---
[INFO] 
[INFO] --- maven-resources-plugin:2.3:resources (default-resources) @ titan-core ---
[INFO] Using 'UTF-8' encoding to copy filtered resources.
[INFO] skip non existing resourceDirectory /home/travis/build/thinkaurelius/titan/titan-core/src/main/resources
[INFO] 
[INFO] --- maven-compiler-plugin:2.5.1:compile (default-compile) @ titan-core ---
[INFO] Nothing to compile - all classes are up to date
[INFO] 
[INFO] --- maven-resources-plugin:2.3:testResources (default-testResources) @ titan-core ---
[INFO] Using 'UTF-8' encoding to copy filtered resources.
[INFO] skip non existing resourceDirectory /home/travis/build/thinkaurelius/titan/titan-core/src/test/resources
[INFO] 
[INFO] --- maven-compiler-plugin:2.5.1:testCompile (default-testCompile) @ titan-core ---
[INFO] No sources to compile
[INFO] 
[INFO] --- maven-surefire-plugin:2.11:test (default-test) @ titan-core ---
[INFO] No tests to run.
[INFO] Surefire report directory: /home/travis/build/thinkaurelius/titan/titan-core/target/surefire-reports
Downloading: http://maven.mirrors.travis-ci.org/nexus/content/repositories/central/org/apache/maven/surefire/surefire-junit3/2.11/surefire-junit3-2.11.pom
2/2 KB            Downloaded: http://maven.mirrors.travis-ci.org/nexus/content/repositories/central/org/apache/maven/surefire/surefire-junit3/2.11/surefire-junit3-2.11.pom (2 KB at 2.7 KB/sec)
Downloading: http://maven.mirrors.travis-ci.org/nexus/content/repositories/central/org/apache/maven/surefire/surefire-providers/2.11/surefire-providers-2.11.pom
3/3 KB            Downloaded: http://maven.mirrors.travis-ci.org/nexus/content/repositories/central/org/apache/maven/surefire/surefire-providers/2.11/surefire-providers-2.11.pom (3 KB at 6.8 KB/sec)
Downloading: http://maven.mirrors.travis-ci.org/nexus/content/repositories/central/org/apache/maven/surefire/surefire-junit3/2.11/surefire-junit3-2.11.jar
4/26 KB   8/26 KB   9/26 KB   13/26 KB   17/26 KB   21/26 KB   23/26 KB   26/26 KB              Downloaded: http://maven.mirrors.travis-ci.org/nexus/content/repositories/central/org/apache/maven/surefire/surefire-junit3/2.11/surefire-junit3-2.11.jar (26 KB at 51.0 KB/sec)

-------------------------------------------------------
 T E S T S
-------------------------------------------------------

Results :

Tests run: 0, Failures: 0, Errors: 0, Skipped: 0

[INFO]                                                                         
[INFO] ------------------------------------------------------------------------
[INFO] Building Titan-Test: Test Suite for Titan 0.3.0-SNAPSHOT
[INFO] ------------------------------------------------------------------------
[INFO] 
[INFO] --- maven-enforcer-plugin:1.0:enforce (enforce-maven) @ titan-test ---
[INFO] 
[INFO] --- maven-resources-plugin:2.3:resources (default-resources) @ titan-test ---
[INFO] Using 'UTF-8' encoding to copy filtered resources.
[INFO] skip non existing resourceDirectory /home/travis/build/thinkaurelius/titan/titan-test/src/main/resources
[INFO] 
[INFO] --- maven-compiler-plugin:2.5.1:compile (default-compile) @ titan-test ---
[INFO] Nothing to compile - all classes are up to date
[INFO] 
[INFO] --- maven-resources-plugin:2.3:testResources (default-testResources) @ titan-test ---
[INFO] Using 'UTF-8' encoding to copy filtered resources.
[INFO] Copying 2 resources
[INFO] 
[INFO] --- maven-compiler-plugin:2.5.1:testCompile (default-testCompile) @ titan-test ---
[INFO] Nothing to compile - all classes are up to date
[INFO] 
[INFO] --- maven-surefire-plugin:2.11:test (default-test) @ titan-test ---
[INFO] Surefire report directory: /home/travis/build/thinkaurelius/titan/titan-test/target/surefire-reports
Downloading: http://maven.mirrors.travis-ci.org/nexus/content/repositories/central/org/apache/maven/surefire/surefire-junit4/2.11/surefire-junit4-2.11.pom
3/3 KB              Downloaded: http://maven.mirrors.travis-ci.org/nexus/content/repositories/central/org/apache/maven/surefire/surefire-junit4/2.11/surefire-junit4-2.11.pom (3 KB at 8.1 KB/sec)
Downloading: http://maven.mirrors.travis-ci.org/nexus/content/repositories/central/org/apache/maven/surefire/surefire-junit4/2.11/surefire-junit4-2.11.jar
4/33 KB   8/33 KB   9/33 KB   11/33 KB   15/33 KB   19/33 KB   23/33 KB   27/33 KB   30/33 KB   33/33 KB              Downloaded: http://maven.mirrors.travis-ci.org/nexus/content/repositories/central/org/apache/maven/surefire/surefire-junit4/2.11/surefire-junit4-2.11.jar (33 KB at 63.7 KB/sec)

-------------------------------------------------------
 T E S T S
-------------------------------------------------------
Running com.thinkaurelius.titan.graphdb.idmanagement.VariableLongTest
Writing 1000000 longs in 2983488 bytes. in time: 300
Writing 10000000 longs in 65567319 bytes. in time: 2549
Tests run: 5, Failures: 0, Errors: 0, Skipped: 0, Time elapsed: 3.808 sec
Running com.thinkaurelius.titan.graphdb.serializer.KryoTest
Tests run: 4, Failures: 0, Errors: 0, Skipped: 0, Time elapsed: 0.215 sec
Running com.thinkaurelius.titan.util.datastructures.BitMapTest
Tests run: 1, Failures: 0, Errors: 0, Skipped: 0, Time elapsed: 0 sec
Running com.thinkaurelius.titan.graphdb.loading.EdgeLoadingTest
Tests run: 1, Failures: 0, Errors: 0, Skipped: 0, Time elapsed: 0.054 sec
Running com.thinkaurelius.titan.diskstorage.util.StorageFeaturesTest
Tests run: 1, Failures: 0, Errors: 0, Skipped: 0, Time elapsed: 0 sec
Running com.thinkaurelius.titan.blueprints.InMemoryBlueprintsTest
Testing testBasicAddVertex...
Testing testGetVertexWithNull...
Testing testRemoveVertex...
Testing testRemoveVertexWithEdges...
Testing testGetNonExistantVertices...
Testing testRemoveVertexNullId...
	titaninmemoryblueprintsgraph[null]: 100 vertices added in 8.004481000010855ms
	titaninmemoryblueprintsgraph[null]: 100 vertices removed in 14.320427999948151ms
Testing testVertexIterator...
	titaninmemoryblueprintsgraph[null]: 1000 vertices added in 62.71535099996254ms
	titaninmemoryblueprintsgraph[null]: 1000 vertices counted in 6.111796000041068ms
Testing testLegalVertexEdgeIterables...
Testing testAddVertexProperties...
Testing testAddManyVertexProperties...
	titaninmemoryblueprintsgraph[null]: 750 vertex properties added (with vertices being added too) in 506.2362940000603ms
Testing testRemoveVertexProperties...
Testing testAddingIdProperty...
Testing testNoConcurrentModificationException...
Testing testGettingEdgesAndVertices...
Testing testEmptyKeyProperty...
Testing testVertexEquality...
	titaninmemoryblueprintsgraph[null]: 1 vertex added and retrieved in 0.11734700005035847ms
Testing testVertexEqualityForSuppliedIdsAndHashCode...
*** TOTAL TIME [VertexTestSuite]: 796.4235130000161 ***
Testing testEdgeEquality...
Testing testAddEdges...
	titaninmemoryblueprintsgraph[null]: 6 elements added and checked in 2.705845999997109ms
Testing testNoConcurrentModificationException...
Testing testEmptyKeyProperty...
Testing testAddingDuplicateEdges...
Testing testRemoveEdgesByRemovingVertex...
Testing testRemoveEdges...
Testing testAddingSelfLoops...
Testing testRemoveSelfLoops...
Testing testEdgeIterator...
Testing testAddManyEdges...
	titaninmemoryblueprintsgraph[null]: 300 elements added in 75.72888100007549ms
	titaninmemoryblueprintsgraph[null]: 100 edges counted in 5.822110000066459ms
	titaninmemoryblueprintsgraph[null]: 200 vertices counted in 0.5274480000371113ms
	titaninmemoryblueprintsgraph[null]: 200 vertices checked in 16.316958000068553ms
Testing testRemoveManyEdges...
	titaninmemoryblueprintsgraph[null]: 20 vertices counted in 0.07493100001011044ms
	titaninmemoryblueprintsgraph[null]: 10 edges counted in 0.4752779999980703ms
	titaninmemoryblueprintsgraph[null]: 10 edges removed and graph checked in 12.791755000012927ms
Testing testAddingRemovingEdgeProperties...
Testing testAddingLabelAndIdProperty...
*** TOTAL TIME [EdgeTestSuite]: 166.46325400006026 ***
Testing testGettingVerticesAndEdgesWithKeyValue...
Testing testFeatureCompliance...
supportsDuplicateEdges: true
supportsSelfLoops: true
supportsSerializableObjectProperty: true
supportsBooleanProperty: true
supportsDoubleProperty: true
supportsFloatProperty: true
supportsIntegerProperty: true
supportsPrimitiveArrayProperty: true
supportsUniformListProperty: true
supportsMixedListProperty: true
supportsLongProperty: true
supportsMapProperty: true
supportsStringProperty: true
ignoresSuppliedIds: true
isPersistent: false
isRDFModel: false
isWrapper: false
supportsIndices: false
supportsVertexIndex: false
supportsEdgeIndex: false
supportsKeyIndices: true
supportsVertexKeyIndex: true
supportsEdgeKeyIndex: false
supportsEdgeIteration: true
supportsVertexIteration: true
supportsEdgeRetrieval: true
supportsVertexProperties: true
supportsEdgeProperties: true
supportsTransactions: false
supportsThreadedTransactions: false
Testing testEmptyOnConstruction...
Testing testStringRepresentation...
	titaninmemoryblueprintsgraph[null]: 1 graph string representation generated in 0.07622399996034801ms
Testing testStringRepresentationOfVertexId...
Testing testSemanticallyCorrectIterables...
Testing testAddingVerticesAndEdges...
Testing testSettingProperties...
Testing testDataTypeValidationOnProperties...
Testing testSimpleRemovingVerticesEdges...
Testing testRemovingEdges...
	titaninmemoryblueprintsgraph[null]: 100 vertices added in 3.2099579999921843ms
	titaninmemoryblueprintsgraph[null]: 200 edges added in 73.94626999995671ms
	titaninmemoryblueprintsgraph[null]: 200 edges deleted (with size check on each delete) in 189.33185800001957ms
Testing testRemovingVertices...
	titaninmemoryblueprintsgraph[null]: 500 vertices added in 15.777328000054695ms
	titaninmemoryblueprintsgraph[null]: 250 edges added in 72.56890600000042ms
	titaninmemoryblueprintsgraph[null]: 500 vertices deleted (with size check on each delete) in 100.92493099998683ms
Testing testConnectivityPatterns...
Testing testVertexEdgeLabels...
Testing testVertexEdgeLabels2...
Testing testTreeConnectivity...
	titaninmemoryblueprintsgraph[null]: 1464 vertices added in a tree structure in 185.03846399998292ms
	titaninmemoryblueprintsgraph[null]: 1464 vertices iterated in 6.405040999990888ms
	titaninmemoryblueprintsgraph[null]: 1463 edges iterated in 10.42112700000871ms
Testing testConcurrentModification...
Testing testGraphDataPersists...
*** TOTAL TIME [GraphTestSuite]: 708.6852700000163 ***
Testing testVertexQuery...
*** TOTAL TIME [QueryTestSuite]: 18.460785000002943 ***
Testing testNoConcurrentModificationException...
Testing testKeyIndicesConsistentWithElementRemoval...
Testing testAutoIndexKeyManagementWithPersistence...
	titaninmemoryblueprintsgraph[null]: 2 automatic index keys added in 0.31795499997679144ms
Testing testAutoIndexKeyDroppingWithPersistence...
	titaninmemoryblueprintsgraph[null]: 2 automatic index keys added in 0.2977950000204146ms
*** TOTAL TIME [KeyIndexableGraphTestSuite]: 4.38170899997931 ***
Testing testTinkerGraphVertices...
	titaninmemoryblueprintsgraph[null]: graph-example-1 loaded in 37.94426699995529ms
Testing testTinkerGraphSoftwareVertices...
	titaninmemoryblueprintsgraph[null]: graph-example-1 loaded in 8.610428999993019ms
Testing testTinkerGraphVertexAndEdges...
	titaninmemoryblueprintsgraph[null]: graph-example-1 loaded in 8.459490000037476ms
Testing testReadingTinkerGraphExample3...
Testing testReadingTinkerGraphExample3MappingLabels...
	titaninmemoryblueprintsgraph[null]: graph-example-3 loaded in 11.453218000009656ms
Testing testReadingTinkerGraphExample3MappingIDs...
	titaninmemoryblueprintsgraph[null]: graph-example-3 loaded in 10.663732000044547ms
Testing testReadingTinkerGraphExample3MappingAll...
	titaninmemoryblueprintsgraph[null]: graph-example-3 loaded in 10.856789999990724ms
Testing testMigratingTinkerGraphExample3...
Testing testReadingTinkerGraph...
Testing testTinkerGraphEdges...
	titaninmemoryblueprintsgraph[null]: graph-example-1 loaded in 8.903119000024162ms
*** TOTAL TIME [GraphMLReaderTestSuite]: 105.75412499997765 ***
Testing testTinkerGraphVertices...
	titaninmemoryblueprintsgraph[null]: graph-example-1 loaded in 7.989065000088885ms
Testing testTinkerGraphSoftwareVertices...
	titaninmemoryblueprintsgraph[null]: graph-example-1 loaded in 4.613363999989815ms
Testing testTinkerGraphVertexAndEdges...
	titaninmemoryblueprintsgraph[null]: graph-example-1 loaded in 4.570385999977589ms
Testing testReadingTinkerGraphExample3...
Testing testReadingTinkerGraphExample3MappingLabels...
	titaninmemoryblueprintsgraph[null]: graph-example-3 loaded in 6.599341999972239ms
Testing testReadingTinkerGraphExample3MappingIDs...
	titaninmemoryblueprintsgraph[null]: graph-example-3 loaded in 5.720400999998674ms
Testing testReadingTinkerGraphExample3MappingAll...
	titaninmemoryblueprintsgraph[null]: graph-example-3 loaded in 5.079120000009425ms
Testing testMigratingTinkerGraphExample3...
Testing testReadingTinkerGraph...
Testing testTinkerGraphEdges...
	titaninmemoryblueprintsgraph[null]: graph-example-1 loaded in 4.5443589999340475ms
*** TOTAL TIME [GMLReaderTestSuite]: 47.435556999989785 ***
Tests run: 7, Failures: 0, Errors: 0, Skipped: 0, Time elapsed: 1.865 sec
Running com.thinkaurelius.titan.graphdb.idmanagement.IDPoolTest
Tests run: 3, Failures: 0, Errors: 0, Skipped: 0, Time elapsed: 1.421 sec
Running com.thinkaurelius.titan.util.datastructures.RandomRemovalListTest
Tests run: 3, Failures: 0, Errors: 0, Skipped: 0, Time elapsed: 0.851 sec
Running com.thinkaurelius.titan.graphdb.idmanagement.IDManagementTest
Tests run: 3, Failures: 0, Errors: 0, Skipped: 0, Time elapsed: 1.354 sec
Running com.thinkaurelius.titan.tinkerpop.rexster.TitanGraphConfigurationTest
Tests run: 1, Failures: 0, Errors: 0, Skipped: 0, Time elapsed: 0.131 sec
Running com.thinkaurelius.titan.tinkerpop.gremlin.ScriptExecutorTest
Tests run: 1, Failures: 0, Errors: 0, Skipped: 0, Time elapsed: 0.001 sec
Running com.thinkaurelius.titan.diskstorage.locking.LocalLockMediatorTest
Tests run: 1, Failures: 0, Errors: 0, Skipped: 0, Time elapsed: 0.174 sec
Running com.thinkaurelius.titan.graphdb.idmanagement.VertexIDAssignerTest
Partition: false
partitionMax: 2147483647
localPartition: null
Partition: true
partitionMax: 2147483647
localPartition: null
Partition: true
partitionMax: 2147483647
localPartition: [0, 2000]
Partition: true
partitionMax: 2147483647
localPartition: [-100000, -1]
Partition: true
partitionMax: 2147483647
localPartition: [-10000, 10000]
Partition: true
partitionMax: 100
localPartition: null
Partition: true
partitionMax: 100
localPartition: [0, 2000]
Partition: true
partitionMax: 100
localPartition: [-100000, -1]
Partition: true
partitionMax: 100
localPartition: [-10000, 10000]
Tests run: 9, Failures: 0, Errors: 0, Skipped: 0, Time elapsed: 3.756 sec
Running com.thinkaurelius.titan.graphdb.serializer.ByteBufferTest
Tests run: 3, Failures: 0, Errors: 0, Skipped: 0, Time elapsed: 0.241 sec
Running com.thinkaurelius.titan.graphdb.serializer.SerializerTest
Tests run: 8, Failures: 0, Errors: 0, Skipped: 0, Time elapsed: 1.181 sec

Results :

Tests run: 51, Failures: 0, Errors: 0, Skipped: 0

[INFO]                                                                         
[INFO] ------------------------------------------------------------------------
[INFO] Building Titan-BerkeleyJE: Distributed Graph Database 0.3.0-SNAPSHOT
[INFO] ------------------------------------------------------------------------
[INFO] 
[INFO] --- maven-enforcer-plugin:1.0:enforce (enforce-maven) @ titan-berkeleyje ---
[INFO] 
[INFO] --- maven-resources-plugin:2.3:resources (default-resources) @ titan-berkeleyje ---
[INFO] Using 'UTF-8' encoding to copy filtered resources.
[INFO] Copying 2 resources
[INFO] 
[INFO] --- maven-compiler-plugin:2.5.1:compile (default-compile) @ titan-berkeleyje ---
[INFO] Nothing to compile - all classes are up to date
[INFO] 
[INFO] --- maven-resources-plugin:2.3:testResources (default-testResources) @ titan-berkeleyje ---
[INFO] Using 'UTF-8' encoding to copy filtered resources.
[INFO] Copying 2 resources
[INFO] 
[INFO] --- maven-compiler-plugin:2.5.1:testCompile (default-testCompile) @ titan-berkeleyje ---
[INFO] Nothing to compile - all classes are up to date
[INFO] 
[INFO] --- maven-surefire-plugin:2.12.1:test (default-test) @ titan-berkeleyje ---
[INFO] Surefire report directory: /home/travis/build/thinkaurelius/titan/titan-berkeleyje/target/surefire-reports
Downloading: http://maven.mirrors.travis-ci.org/nexus/content/repositories/central/org/apache/maven/surefire/surefire-junit4/2.12.1/surefire-junit4-2.12.1.pom
3/3 KB              Downloaded: http://maven.mirrors.travis-ci.org/nexus/content/repositories/central/org/apache/maven/surefire/surefire-junit4/2.12.1/surefire-junit4-2.12.1.pom (3 KB at 7.7 KB/sec)
Downloading: http://maven.mirrors.travis-ci.org/nexus/content/repositories/central/org/apache/maven/surefire/surefire-providers/2.12.1/surefire-providers-2.12.1.pom
3/3 KB            Downloaded: http://maven.mirrors.travis-ci.org/nexus/content/repositories/central/org/apache/maven/surefire/surefire-providers/2.12.1/surefire-providers-2.12.1.pom (3 KB at 7.5 KB/sec)
Downloading: http://maven.mirrors.travis-ci.org/nexus/content/repositories/central/org/apache/maven/surefire/surefire-junit4/2.12.1/surefire-junit4-2.12.1.jar
4/34 KB   8/34 KB   9/34 KB   11/34 KB   15/34 KB   19/34 KB   23/34 KB   26/34 KB   30/34 KB   34/34 KB   34/34 KB              Downloaded: http://maven.mirrors.travis-ci.org/nexus/content/repositories/central/org/apache/maven/surefire/surefire-junit4/2.12.1/surefire-junit4-2.12.1.jar (34 KB at 68.0 KB/sec)

-------------------------------------------------------
 T E S T S
-------------------------------------------------------
Running com.thinkaurelius.titan.diskstorage.berkeleyje.BerkeleyDBjeKeyColumnValueTest
Tests run: 16, Failures: 0, Errors: 0, Skipped: 0, Time elapsed: 14.434 sec
Running com.thinkaurelius.titan.tinkerpop.rexster.RexsterServerClientBerkeleyJeTest
Tests run: 1, Failures: 0, Errors: 0, Skipped: 0, Time elapsed: 3.424 sec
Running com.thinkaurelius.titan.diskstorage.berkeleyje.BerkeleyJEKeyValueTest
Tests run: 7, Failures: 0, Errors: 0, Skipped: 0, Time elapsed: 1.56 sec
Running com.thinkaurelius.titan.blueprints.BerkeleyJEBlueprintsTest
Testing testNoConcurrentModificationException...
Testing testLegalVertexEdgeIterables...
Testing testRemoveVertexNullId...
	titangraph[berkeleyje:/tmp/titan-test/standard]: 100 vertices added in 10.842499000020325ms
	titangraph[berkeleyje:/tmp/titan-test/standard]: 100 vertices removed in 13.654043000075035ms
Testing testVertexEqualityForSuppliedIdsAndHashCode...
Testing testRemoveVertexProperties...
Testing testBasicAddVertex...
Testing testRemoveVertex...
Testing testGetVertexWithNull...
Testing testVertexEquality...
	titangraph[berkeleyje:/tmp/titan-test/standard]: 1 vertex added and retrieved in 1.3925469999667257ms
Testing testAddManyVertexProperties...
	titangraph[berkeleyje:/tmp/titan-test/standard]: 750 vertex properties added (with vertices being added too) in 535.1612530000275ms
Testing testGetNonExistantVertices...
Testing testAddVertexProperties...
Testing testRemoveVertexWithEdges...
Testing testGettingEdgesAndVertices...
Testing testAddingIdProperty...
Testing testEmptyKeyProperty...
Testing testVertexIterator...
	titangraph[berkeleyje:/tmp/titan-test/standard]: 1000 vertices added in 74.54568099998869ms
	titangraph[berkeleyje:/tmp/titan-test/standard]: 1000 vertices counted in 3.8366989999776706ms
*** TOTAL TIME [VertexTestSuite]: 2020.4704390000552 ***
Testing testNoConcurrentModificationException...
Testing testGetEdges...
	titangraph[berkeleyje:/tmp/titan-test/standard]: 3 edges retrieved in 1.6710889999521896ms
Testing testAddManyEdges...
	titangraph[berkeleyje:/tmp/titan-test/standard]: 300 elements added in 73.04419299995061ms
	titangraph[berkeleyje:/tmp/titan-test/standard]: 100 edges counted in 6.340916000073776ms
	titangraph[berkeleyje:/tmp/titan-test/standard]: 200 vertices counted in 1.10388900001999ms
	titangraph[berkeleyje:/tmp/titan-test/standard]: 200 vertices checked in 20.72428600001149ms
Testing testRemoveEdges...
Testing testAddingSelfLoops...
Testing testRemoveSelfLoops...
Testing testEdgeIterator...
Testing testAddingDuplicateEdges...
Testing testRemoveEdgesByRemovingVertex...
Testing testRemoveManyEdges...
	titangraph[berkeleyje:/tmp/titan-test/standard]: 20 vertices counted in 0.26738299999851733ms
	titangraph[berkeleyje:/tmp/titan-test/standard]: 10 edges counted in 0.7340480000711977ms
	titangraph[berkeleyje:/tmp/titan-test/standard]: 10 edges removed and graph checked in 20.50792200001888ms
Testing testGetNonExistantEdges...
Testing testAddEdges...
	titangraph[berkeleyje:/tmp/titan-test/standard]: 6 elements added and checked in 3.7473610000452027ms
Testing testAddingRemovingEdgeProperties...
Testing testAddingLabelAndIdProperty...
Testing testEmptyKeyProperty...
Testing testEdgeEquality...
*** TOTAL TIME [EdgeTestSuite]: 794.1419469999382 ***
Testing testGraphDataPersists...
	titangraph[berkeleyje:/tmp/titan-test/standard]: 1 graph loaded in 13.512657000101171ms
Testing testDataTypeValidationOnProperties...
Testing testRemovingVertices...
	titangraph[berkeleyje:/tmp/titan-test/standard]: 500 vertices added in 33.00527500000317ms
	titangraph[berkeleyje:/tmp/titan-test/standard]: 250 edges added in 134.11849699995946ms
	titangraph[berkeleyje:/tmp/titan-test/standard]: 500 vertices deleted (with size check on each delete) in 323.9700029999949ms
Testing testVertexEdgeLabels...
Testing testSimpleRemovingVerticesEdges...
Testing testFeatureCompliance...
supportsDuplicateEdges: true
supportsSelfLoops: true
supportsSerializableObjectProperty: true
supportsBooleanProperty: true
supportsDoubleProperty: true
supportsFloatProperty: true
supportsIntegerProperty: true
supportsPrimitiveArrayProperty: true
supportsUniformListProperty: true
supportsMixedListProperty: true
supportsLongProperty: true
supportsMapProperty: true
supportsStringProperty: true
ignoresSuppliedIds: true
isPersistent: true
isRDFModel: false
isWrapper: false
supportsIndices: false
supportsVertexIndex: false
supportsEdgeIndex: false
supportsKeyIndices: true
supportsVertexKeyIndex: true
supportsEdgeKeyIndex: false
supportsEdgeIteration: true
supportsVertexIteration: true
supportsEdgeRetrieval: true
supportsVertexProperties: true
supportsEdgeProperties: true
supportsTransactions: true
supportsThreadedTransactions: true
Testing testVertexEdgeLabels2...
Testing testTreeConnectivity...
	titangraph[berkeleyje:/tmp/titan-test/standard]: 1464 vertices added in a tree structure in 203.7518520000158ms
	titangraph[berkeleyje:/tmp/titan-test/standard]: 1464 vertices iterated in 1.3200369999976829ms
	titangraph[berkeleyje:/tmp/titan-test/standard]: 1463 edges iterated in 5.130390999955125ms
Testing testConcurrentModification...
Testing testRemovingEdges...
	titangraph[berkeleyje:/tmp/titan-test/standard]: 100 vertices added in 3.9089000000385568ms
	titangraph[berkeleyje:/tmp/titan-test/standard]: 200 edges added in 64.9913869999582ms
	titangraph[berkeleyje:/tmp/titan-test/standard]: 200 edges deleted (with size check on each delete) in 48.670237999991514ms
Testing testConnectivityPatterns...
Testing testEmptyOnConstruction...
Testing testGettingVerticesAndEdgesWithKeyValue...
Testing testAddingVerticesAndEdges...
Testing testSettingProperties...
Testing testStringRepresentationOfVertexId...
Testing testSemanticallyCorrectIterables...
*** TOTAL TIME [GraphTestSuite]: 1748.7727600000799 ***
Testing testVertexQuery...
*** TOTAL TIME [QueryTestSuite]: 40.73550700000487 ***
Testing testNoConcurrentModificationException...
Testing testKeyIndicesConsistentWithElementRemoval...
Testing testAutoIndexKeyManagementWithPersistence...
	titangraph[berkeleyje:/tmp/titan-test/standard]: 2 automatic index keys added in 1.5098220000509173ms
Testing testGettingVerticesAndEdgesWithKeyValue...
*** TOTAL TIME [KeyIndexableGraphTestSuite]: 169.73116399999708 ***
Testing testCompetingThreads...
Encountered error in testCompetingThreads
java.lang.reflect.InvocationTargetException
	at sun.reflect.NativeMethodAccessorImpl.invoke0(Native Method)
	at sun.reflect.NativeMethodAccessorImpl.invoke(NativeMethodAccessorImpl.java:57)
	at sun.reflect.DelegatingMethodAccessorImpl.invoke(DelegatingMethodAccessorImpl.java:43)
	at java.lang.reflect.Method.invoke(Method.java:601)
	at com.thinkaurelius.titan.blueprints.TitanBlueprintsTest.doTestSuite(TitanBlueprintsTest.java:126)
	at com.thinkaurelius.titan.blueprints.TitanBlueprintsTest.testTransactionalGraphTestSuite(TitanBlueprintsTest.java:72)
	at sun.reflect.NativeMethodAccessorImpl.invoke0(Native Method)
	at sun.reflect.NativeMethodAccessorImpl.invoke(NativeMethodAccessorImpl.java:57)
	at sun.reflect.DelegatingMethodAccessorImpl.invoke(DelegatingMethodAccessorImpl.java:43)
	at java.lang.reflect.Method.invoke(Method.java:601)
	at junit.framework.TestCase.runTest(TestCase.java:168)
	at junit.framework.TestCase.runBare(TestCase.java:134)
	at junit.framework.TestResult$1.protect(TestResult.java:110)
	at junit.framework.TestResult.runProtected(TestResult.java:128)
	at junit.framework.TestResult.run(TestResult.java:113)
	at junit.framework.TestCase.run(TestCase.java:124)
	at junit.framework.TestSuite.runTest(TestSuite.java:232)
	at junit.framework.TestSuite.run(TestSuite.java:227)
	at org.junit.internal.runners.JUnit38ClassRunner.run(JUnit38ClassRunner.java:83)
	at org.apache.maven.surefire.junit4.JUnit4Provider.execute(JUnit4Provider.java:249)
	at org.apache.maven.surefire.junit4.JUnit4Provider.executeTestSet(JUnit4Provider.java:142)
	at org.apache.maven.surefire.junit4.JUnit4Provider.invoke(JUnit4Provider.java:113)
	at sun.reflect.NativeMethodAccessorImpl.invoke0(Native Method)
	at sun.reflect.NativeMethodAccessorImpl.invoke(NativeMethodAccessorImpl.java:57)
	at sun.reflect.DelegatingMethodAccessorImpl.invoke(DelegatingMethodAccessorImpl.java:43)
	at java.lang.reflect.Method.invoke(Method.java:601)
	at org.apache.maven.surefire.util.ReflectionUtils.invokeMethodWithArray(ReflectionUtils.java:189)
	at org.apache.maven.surefire.booter.ProviderFactory$ProviderProxy.invoke(ProviderFactory.java:165)
	at org.apache.maven.surefire.booter.ProviderFactory.invokeProvider(ProviderFactory.java:85)
	at org.apache.maven.surefire.booter.ForkedBooter.runSuitesInProcess(ForkedBooter.java:104)
	at org.apache.maven.surefire.booter.ForkedBooter.main(ForkedBooter.java:75)
Caused by: java.lang.IllegalArgumentException: The transaction has already been closed
	at com.google.common.base.Preconditions.checkArgument(Preconditions.java:92)
	at com.thinkaurelius.titan.graphdb.transaction.StandardPersistTitanTx.commit(StandardPersistTitanTx.java:170)
	at com.thinkaurelius.titan.graphdb.blueprints.TitanBlueprintsGraph.shutdown(TitanBlueprintsGraph.java:68)
	at com.thinkaurelius.titan.graphdb.database.StandardTitanGraph.shutdown(StandardTitanGraph.java:131)
	at com.tinkerpop.blueprints.TransactionalGraphTestSuite.testCompetingThreads(TransactionalGraphTestSuite.java:467)
	at com.thinkaurelius.titan.blueprints.TransactionalTitanGraphTestSuite.testCompetingThreads(TransactionalTitanGraphTestSuite.java:32)
	... 31 more
Testing testVertexReattachment...
Testing testTinkerGraphSoftwareVertices...
	titangraph[berkeleyje:/tmp/titan-test/standard]: graph-example-1 loaded in 38.51032499992289ms
Encountered error in testTinkerGraphSoftwareVertices
java.lang.reflect.InvocationTargetException
	at sun.reflect.NativeMethodAccessorImpl.invoke0(Native Method)
	at sun.reflect.NativeMethodAccessorImpl.invoke(NativeMethodAccessorImpl.java:57)
	at sun.reflect.DelegatingMethodAccessorImpl.invoke(DelegatingMethodAccessorImpl.java:43)
	at java.lang.reflect.Method.invoke(Method.java:601)
	at com.thinkaurelius.titan.blueprints.TitanBlueprintsTest.doTestSuite(TitanBlueprintsTest.java:126)
	at com.thinkaurelius.titan.blueprints.TitanBlueprintsTest.doTestSuite(TitanBlueprintsTest.java:114)
	at com.thinkaurelius.titan.blueprints.TitanBlueprintsTest.testGraphMLReaderTestSuite(TitanBlueprintsTest.java:84)
	at sun.reflect.NativeMethodAccessorImpl.invoke0(Native Method)
	at sun.reflect.NativeMethodAccessorImpl.invoke(NativeMethodAccessorImpl.java:57)
	at sun.reflect.DelegatingMethodAccessorImpl.invoke(DelegatingMethodAccessorImpl.java:43)
	at java.lang.reflect.Method.invoke(Method.java:601)
	at junit.framework.TestCase.runTest(TestCase.java:168)
	at junit.framework.TestCase.runBare(TestCase.java:134)
	at junit.framework.TestResult$1.protect(TestResult.java:110)
	at junit.framework.TestResult.runProtected(TestResult.java:128)
	at junit.framework.TestResult.run(TestResult.java:113)
	at junit.framework.TestCase.run(TestCase.java:124)
	at junit.framework.TestSuite.runTest(TestSuite.java:232)
	at junit.framework.TestSuite.run(TestSuite.java:227)
	at org.junit.internal.runners.JUnit38ClassRunner.run(JUnit38ClassRunner.java:83)
	at org.apache.maven.surefire.junit4.JUnit4Provider.execute(JUnit4Provider.java:249)
	at org.apache.maven.surefire.junit4.JUnit4Provider.executeTestSet(JUnit4Provider.java:142)
	at org.apache.maven.surefire.junit4.JUnit4Provider.invoke(JUnit4Provider.java:113)
	at sun.reflect.NativeMethodAccessorImpl.invoke0(Native Method)
	at sun.reflect.NativeMethodAccessorImpl.invoke(NativeMethodAccessorImpl.java:57)
	at sun.reflect.DelegatingMethodAccessorImpl.invoke(DelegatingMethodAccessorImpl.java:43)
	at java.lang.reflect.Method.invoke(Method.java:601)
	at org.apache.maven.surefire.util.ReflectionUtils.invokeMethodWithArray(ReflectionUtils.java:189)
	at org.apache.maven.surefire.booter.ProviderFactory$ProviderProxy.invoke(ProviderFactory.java:165)
	at org.apache.maven.surefire.booter.ProviderFactory.invokeProvider(ProviderFactory.java:85)
	at org.apache.maven.surefire.booter.ForkedBooter.runSuitesInProcess(ForkedBooter.java:104)
	at org.apache.maven.surefire.booter.ForkedBooter.main(ForkedBooter.java:75)
Caused by: java.lang.NullPointerException
	at com.tinkerpop.blueprints.util.io.graphml.GraphMLReaderTestSuite.testTinkerGraphSoftwareVertices(GraphMLReaderTestSuite.java:143)
	... 32 more
Testing testTinkerGraphSoftwareVertices...
	titangraph[berkeleyje:/tmp/titan-test/standard]: graph-example-1 loaded in 207.11917199997697ms
Encountered error in testTinkerGraphSoftwareVertices
java.lang.reflect.InvocationTargetException
	at sun.reflect.NativeMethodAccessorImpl.invoke0(Native Method)
	at sun.reflect.NativeMethodAccessorImpl.invoke(NativeMethodAccessorImpl.java:57)
	at sun.reflect.DelegatingMethodAccessorImpl.invoke(DelegatingMethodAccessorImpl.java:43)
	at java.lang.reflect.Method.invoke(Method.java:601)
	at com.thinkaurelius.titan.blueprints.TitanBlueprintsTest.doTestSuite(TitanBlueprintsTest.java:126)
	at com.thinkaurelius.titan.blueprints.TitanBlueprintsTest.doTestSuite(TitanBlueprintsTest.java:114)
	at com.thinkaurelius.titan.blueprints.TitanBlueprintsTest.testGraphSONReaderTestSuite(TitanBlueprintsTest.java:90)
	at sun.reflect.NativeMethodAccessorImpl.invoke0(Native Method)
	at sun.reflect.NativeMethodAccessorImpl.invoke(NativeMethodAccessorImpl.java:57)
	at sun.reflect.DelegatingMethodAccessorImpl.invoke(DelegatingMethodAccessorImpl.java:43)
	at java.lang.reflect.Method.invoke(Method.java:601)
	at junit.framework.TestCase.runTest(TestCase.java:168)
	at junit.framework.TestCase.runBare(TestCase.java:134)
	at junit.framework.TestResult$1.protect(TestResult.java:110)
	at junit.framework.TestResult.runProtected(TestResult.java:128)
	at junit.framework.TestResult.run(TestResult.java:113)
	at junit.framework.TestCase.run(TestCase.java:124)
	at junit.framework.TestSuite.runTest(TestSuite.java:232)
	at junit.framework.TestSuite.run(TestSuite.java:227)
	at org.junit.internal.runners.JUnit38ClassRunner.run(JUnit38ClassRunner.java:83)
	at org.apache.maven.surefire.junit4.JUnit4Provider.execute(JUnit4Provider.java:249)
	at org.apache.maven.surefire.junit4.JUnit4Provider.executeTestSet(JUnit4Provider.java:142)
	at org.apache.maven.surefire.junit4.JUnit4Provider.invoke(JUnit4Provider.java:113)
	at sun.reflect.NativeMethodAccessorImpl.invoke0(Native Method)
	at sun.reflect.NativeMethodAccessorImpl.invoke(NativeMethodAccessorImpl.java:57)
	at sun.reflect.DelegatingMethodAccessorImpl.invoke(DelegatingMethodAccessorImpl.java:43)
	at java.lang.reflect.Method.invoke(Method.java:601)
	at org.apache.maven.surefire.util.ReflectionUtils.invokeMethodWithArray(ReflectionUtils.java:189)
	at org.apache.maven.surefire.booter.ProviderFactory$ProviderProxy.invoke(ProviderFactory.java:165)
	at org.apache.maven.surefire.booter.ProviderFactory.invokeProvider(ProviderFactory.java:85)
	at org.apache.maven.surefire.booter.ForkedBooter.runSuitesInProcess(ForkedBooter.java:104)
	at org.apache.maven.surefire.booter.ForkedBooter.main(ForkedBooter.java:75)
Caused by: java.lang.NullPointerException
	at com.tinkerpop.blueprints.util.io.graphson.GraphSONReaderTestSuite.testTinkerGraphSoftwareVertices(GraphSONReaderTestSuite.java:147)
	... 32 more
Testing testTinkerGraphSoftwareVertices...
	titangraph[berkeleyje:/tmp/titan-test/standard]: graph-example-1 loaded in 10.441049000015482ms
Encountered error in testTinkerGraphSoftwareVertices
java.lang.reflect.InvocationTargetException
	at sun.reflect.NativeMethodAccessorImpl.invoke0(Native Method)
	at sun.reflect.NativeMethodAccessorImpl.invoke(NativeMethodAccessorImpl.java:57)
	at sun.reflect.DelegatingMethodAccessorImpl.invoke(DelegatingMethodAccessorImpl.java:43)
	at java.lang.reflect.Method.invoke(Method.java:601)
	at com.thinkaurelius.titan.blueprints.TitanBlueprintsTest.doTestSuite(TitanBlueprintsTest.java:126)
	at com.thinkaurelius.titan.blueprints.TitanBlueprintsTest.doTestSuite(TitanBlueprintsTest.java:114)
	at com.thinkaurelius.titan.blueprints.TitanBlueprintsTest.testGMLReaderTestSuite(TitanBlueprintsTest.java:96)
	at sun.reflect.NativeMethodAccessorImpl.invoke0(Native Method)
	at sun.reflect.NativeMethodAccessorImpl.invoke(NativeMethodAccessorImpl.java:57)
	at sun.reflect.DelegatingMethodAccessorImpl.invoke(DelegatingMethodAccessorImpl.java:43)
	at java.lang.reflect.Method.invoke(Method.java:601)
	at junit.framework.TestCase.runTest(TestCase.java:168)
	at junit.framework.TestCase.runBare(TestCase.java:134)
	at junit.framework.TestResult$1.protect(TestResult.java:110)
	at junit.framework.TestResult.runProtected(TestResult.java:128)
	at junit.framework.TestResult.run(TestResult.java:113)
	at junit.framework.TestCase.run(TestCase.java:124)
	at junit.framework.TestSuite.runTest(TestSuite.java:232)
	at junit.framework.TestSuite.run(TestSuite.java:227)
	at org.junit.internal.runners.JUnit38ClassRunner.run(JUnit38ClassRunner.java:83)
	at org.apache.maven.surefire.junit4.JUnit4Provider.execute(JUnit4Provider.java:249)
	at org.apache.maven.surefire.junit4.JUnit4Provider.executeTestSet(JUnit4Provider.java:142)
	at org.apache.maven.surefire.junit4.JUnit4Provider.invoke(JUnit4Provider.java:113)
	at sun.reflect.NativeMethodAccessorImpl.invoke0(Native Method)
	at sun.reflect.NativeMethodAccessorImpl.invoke(NativeMethodAccessorImpl.java:57)
	at sun.reflect.DelegatingMethodAccessorImpl.invoke(DelegatingMethodAccessorImpl.java:43)
	at java.lang.reflect.Method.invoke(Method.java:601)
	at org.apache.maven.surefire.util.ReflectionUtils.invokeMethodWithArray(ReflectionUtils.java:189)
	at org.apache.maven.surefire.booter.ProviderFactory$ProviderProxy.invoke(ProviderFactory.java:165)
	at org.apache.maven.surefire.booter.ProviderFactory.invokeProvider(ProviderFactory.java:85)
	at org.apache.maven.surefire.booter.ForkedBooter.runSuitesInProcess(ForkedBooter.java:104)
	at org.apache.maven.surefire.booter.ForkedBooter.main(ForkedBooter.java:75)
Caused by: java.lang.NullPointerException
	at com.tinkerpop.blueprints.util.io.gml.GMLReaderTestSuite.testTinkerGraphSoftwareVertices(GMLReaderTestSuite.java:142)
	... 32 more
Tests run: 10, Failures: 0, Errors: 5, Skipped: 0, Time elapsed: 7.879 sec <<< FAILURE!
Running com.thinkaurelius.titan.diskstorage.berkeleyje.BerkeleyJeHashKeyColumnValueTest
Tests run: 16, Failures: 0, Errors: 0, Skipped: 0, Time elapsed: 7.199 sec
Running com.thinkaurelius.titan.graphdb.berkeleyje.BerkeleyJEGraphTest
Tests run: 14, Failures: 0, Errors: 0, Skipped: 0, Time elapsed: 3.892 sec
Running com.thinkaurelius.titan.diskstorage.berkeleyje.BerkeleyDBjeKeyColumnValueVariableTest
Tests run: 16, Failures: 0, Errors: 0, Skipped: 0, Time elapsed: 5.178 sec

Results :

Tests in error: 
  testTransactionalGraphTestSuite(com.thinkaurelius.titan.blueprints.BerkeleyJEBlueprintsTest): (JE 5.0.58) Lock expired. Locker 148211122 268_main_Txn: waited for lock on database=_jeNameMap LockAddr:2050780581 LSN=0x0/0x43d type=WRITE grant=WAIT_PROMOTION timeoutMillis=500 startTime=1359258969018 endTime=1359258969518(..)
  testTitanSpecificTestSuite(com.thinkaurelius.titan.blueprints.BerkeleyJEBlueprintsTest): (JE 5.0.58) Lock expired. Locker 332221118 276_main_Txn: waited for lock on database=_jeNameMap LockAddr:2050780581 LSN=0x0/0x43d type=WRITE grant=WAIT_PROMOTION timeoutMillis=500 startTime=1359258969533 endTime=1359258970034(..)
  testGraphMLReaderTestSuite(com.thinkaurelius.titan.blueprints.BerkeleyJEBlueprintsTest): (JE 5.0.58) Lock expired. Locker 1426387658 286_main_Txn: waited for lock on database=_jeNameMap LockAddr:2050780581 LSN=0x0/0x43d type=WRITE grant=WAIT_PROMOTION timeoutMillis=500 startTime=1359258970087 endTime=1359258970587(..)
  testGraphSONReaderTestSuite(com.thinkaurelius.titan.blueprints.BerkeleyJEBlueprintsTest): (JE 5.0.58) Lock expired. Locker 789719388 294_main_Txn: waited for lock on database=_jeNameMap LockAddr:2050780581 LSN=0x0/0x43d type=WRITE grant=WAIT_PROMOTION timeoutMillis=500 startTime=1359258970808 endTime=1359258971308(..)
  testGMLReaderTestSuite(com.thinkaurelius.titan.blueprints.BerkeleyJEBlueprintsTest): (JE 5.0.58) Lock expired. Locker 599374237 302_main_Txn: waited for lock on database=_jeNameMap LockAddr:2050780581 LSN=0x0/0x43d type=WRITE grant=WAIT_PROMOTION timeoutMillis=500 startTime=1359258971334 endTime=1359258971834(..)

Tests run: 80, Failures: 0, Errors: 5, Skipped: 0

[INFO] ------------------------------------------------------------------------
[INFO] Reactor Summary:
[INFO] 
[INFO] Titan: Distributed Graph Database ................. SUCCESS [1.305s]
[INFO] Titan-Core: Core Library for Titan ................ SUCCESS [3.703s]
[INFO] Titan-Test: Test Suite for Titan .................. SUCCESS [16.769s]
[INFO] Titan-BerkeleyJE: Distributed Graph Database ...... FAILURE [45.664s]
[INFO] Titan-Cassandra: Distributed Graph Database ....... SKIPPED
[INFO] Titan-HBase: Distributed Graph Database ........... SKIPPED
[INFO] Titan-All: Complete Titan Distribution ............ SKIPPED
[INFO] ------------------------------------------------------------------------
[INFO] BUILD FAILURE
[INFO] ------------------------------------------------------------------------
[INFO] Total time: 1:08.032s
[INFO] Finished at: Sun Jan 27 03:56:28 UTC 2013
[INFO] Final Memory: 14M/200M
[INFO] ------------------------------------------------------------------------
[ERROR] Failed to execute goal org.apache.maven.plugins:maven-surefire-plugin:2.12.1:test (default-test) on project titan-berkeleyje: There are test failures.
[ERROR] 
[ERROR] Please refer to /home/travis/build/thinkaurelius/titan/titan-berkeleyje/target/surefire-reports for the individual test results.
[ERROR] -> [Help 1]
[ERROR] 
[ERROR] To see the full stack trace of the errors, re-run Maven with the -e switch.
[ERROR] Re-run Maven using the -X switch to enable full debug logging.
[ERROR] 
[ERROR] For more information about the errors and possible solutions, please read the following articles:
[ERROR] [Help 1] http://cwiki.apache.org/confluence/display/MAVEN/MojoFailureException
[ERROR] 
[ERROR] After correcting the problems, you can resume the build with the command
[ERROR]   mvn <goals> -rf :titan-berkeleyje

Done. Build script exited with 1
