Using worker: bluebox-linux-3.worker.travis-ci.org:travis-linux-7

$ git clone --depth=100 --quiet git://github.com/thinkaurelius/titan.git thinkaurelius/titan
$ cd thinkaurelius/titan
$ git fetch origin +refs/pull/178/merge: 
remote: Counting objects: 128, done.[K
remote: Compressing objects:   2% (1/38)   [Kremote: Compressing objects:   5% (2/38)   [Kremote: Compressing objects:   7% (3/38)   [Kremote: Compressing objects:  10% (4/38)   [Kremote: Compressing objects:  13% (5/38)   [Kremote: Compressing objects:  15% (6/38)   [Kremote: Compressing objects:  18% (7/38)   [Kremote: Compressing objects:  21% (8/38)   [Kremote: Compressing objects:  23% (9/38)   [Kremote: Compressing objects:  26% (10/38)   [Kremote: Compressing objects:  28% (11/38)   [Kremote: Compressing objects:  31% (12/38)   [Kremote: Compressing objects:  34% (13/38)   [Kremote: Compressing objects:  36% (14/38)   [Kremote: Compressing objects:  39% (15/38)   [Kremote: Compressing objects:  42% (16/38)   [Kremote: Compressing objects:  44% (17/38)   [Kremote: Compressing objects:  47% (18/38)   [Kremote: Compressing objects:  50% (19/38)   [Kremote: Compressing objects:  52% (20/38)   [Kremote: Compressing objects:  55% (21/38)   [Kremote: Compressing objects:  57% (22/38)   [Kremote: Compressing objects:  60% (23/38)   [Kremote: Compressing objects:  63% (24/38)   [Kremote: Compressing objects:  65% (25/38)   [Kremote: Compressing objects:  68% (26/38)   [Kremote: Compressing objects:  71% (27/38)   [Kremote: Compressing objects:  73% (28/38)   [Kremote: Compressing objects:  76% (29/38)   [Kremote: Compressing objects:  78% (30/38)   [Kremote: Compressing objects:  81% (31/38)   [Kremote: Compressing objects:  84% (32/38)   [Kremote: Compressing objects:  86% (33/38)   [Kremote: Compressing objects:  89% (34/38)   [Kremote: Compressing objects:  92% (35/38)   [Kremote: Compressing objects:  94% (36/38)   [Kremote: Compressing objects:  97% (37/38)   [Kremote: Compressing objects: 100% (38/38)   [Kremote: Compressing objects: 100% (38/38), done.[K
Unpacking objects:   1% (1/91)   Unpacking objects:   2% (2/91)   Unpacking objects:   3% (3/91)   Unpacking objects:   4% (4/91)   Unpacking objects:   5% (5/91)   Unpacking objects:   6% (6/91)   Unpacking objects:   7% (7/91)   Unpacking objects:   8% (8/91)   Unpacking objects:   9% (9/91)   Unpacking objects:  10% (10/91)   Unpacking objects:  12% (11/91)   Unpacking objects:  13% (12/91)   Unpacking objects:  14% (13/91)   Unpacking objects:  15% (14/91)   Unpacking objects:  16% (15/91)   Unpacking objects:  17% (16/91)   Unpacking objects:  18% (17/91)   Unpacking objects:  19% (18/91)   Unpacking objects:  20% (19/91)   Unpacking objects:  21% (20/91)   Unpacking objects:  23% (21/91)   Unpacking objects:  24% (22/91)   Unpacking objects:  25% (23/91)   Unpacking objects:  26% (24/91)   Unpacking objects:  27% (25/91)   Unpacking objects:  28% (26/91)   Unpacking objects:  29% (27/91)   Unpacking objects:  30% (28/91)   Unpacking objects:  31% (29/91)   Unpacking objects:  32% (30/91)   Unpacking objects:  34% (31/91)   Unpacking objects:  35% (32/91)   Unpacking objects:  36% (33/91)   Unpacking objects:  37% (34/91)   Unpacking objects:  38% (35/91)   Unpacking objects:  39% (36/91)   Unpacking objects:  40% (37/91)   Unpacking objects:  41% (38/91)   Unpacking objects:  42% (39/91)   Unpacking objects:  43% (40/91)   Unpacking objects:  45% (41/91)   Unpacking objects:  46% (42/91)   Unpacking objects:  47% (43/91)   Unpacking objects:  48% (44/91)   Unpacking objects:  49% (45/91)   Unpacking objects:  50% (46/91)   Unpacking objects:  51% (47/91)   Unpacking objects:  52% (48/91)   Unpacking objects:  53% (49/91)   Unpacking objects:  54% (50/91)   Unpacking objects:  56% (51/91)   Unpacking objects:  57% (52/91)   Unpacking objects:  58% (53/91)   Unpacking objects:  59% (54/91)   Unpacking objects:  60% (55/91)   Unpacking objects:  61% (56/91)   Unpacking objects:  62% (57/91)   Unpacking objects:  63% (58/91)   Unpacking objects:  64% (59/91)   Unpacking objects:  65% (60/91)   Unpacking objects:  67% (61/91)   Unpacking objects:  68% (62/91)   Unpacking objects:  69% (63/91)   Unpacking objects:  70% (64/91)   Unpacking objects:  71% (65/91)   Unpacking objects:  72% (66/91)   Unpacking objects:  73% (67/91)   Unpacking objects:  74% (68/91)   Unpacking objects:  75% (69/91)   Unpacking objects:  76% (70/91)   Unpacking objects:  78% (71/91)   Unpacking objects:  79% (72/91)   Unpacking objects:  80% (73/91)   Unpacking objects:  81% (74/91)   Unpacking objects:  82% (75/91)   Unpacking objects:  83% (76/91)   Unpacking objects:  84% (77/91)   Unpacking objects:  85% (78/91)   Unpacking objects:  86% (79/91)   Unpacking objects:  87% (80/91)   Unpacking objects:  89% (81/91)   Unpacking objects:  90% (82/91)   remote: Total 91 (delta 28), reused 89 (delta 26)[K
Unpacking objects:  91% (83/91)   Unpacking objects:  92% (84/91)   Unpacking objects:  93% (85/91)   Unpacking objects:  94% (86/91)   Unpacking objects:  95% (87/91)   Unpacking objects:  96% (88/91)   Unpacking objects:  97% (89/91)   Unpacking objects:  98% (90/91)   Unpacking objects: 100% (91/91)   Unpacking objects: 100% (91/91), done.
From git://github.com/thinkaurelius/titan
 * branch            refs/pull/178/merge -> FETCH_HEAD
$ git checkout -qf FETCH_HEAD
$ jdk_switcher use openjdk6
Switching to OpenJDK6 (java-1.6.0-openjdk-amd64), JAVA_HOME will be set to /usr/lib/jvm/java-6-openjdk-amd64
update-alternatives: error: no alternatives for apt.
update-alternatives: error: no alternatives for mozilla-javaplugin.so.
update-java-alternatives: plugin alternative does not exist: /usr/lib/jvm/java-6-openjdk-amd64/jre/lib/amd64/IcedTeaPlugin.so
$ java -version
java version "1.6.0_27"
OpenJDK Runtime Environment (IcedTea6 1.12.3) (6b27-1.12.3-0ubuntu1~12.04.1)
OpenJDK 64-Bit Server VM (build 20.0-b12, mixed mode)
$ javac -version
javac 1.6.0_27
travis_fold:start:install$ mvn install --quiet -DskipTests=true
[debug] execute contextualize
[debug] execute contextualize
[debug] execute contextualize
travis_fold:end:install$ mvn test
[INFO] Scanning for projects...
[INFO] ------------------------------------------------------------------------
[INFO] Reactor Build Order:
[INFO] 
[INFO] Titan: Distributed Graph Database
[INFO] Titan-Core: Core Library for Titan
[INFO] Titan-Test: Test Suite for Titan
[INFO] Titan-BerkeleyJE: Distributed Graph Database
[INFO] Titan-Cassandra: Distributed Graph Database
[INFO] Titan-HBase: Distributed Graph Database
[INFO] Titan-All: Complete Titan Distribution
[INFO]                                                                         
[INFO] ------------------------------------------------------------------------
[INFO] Building Titan: Distributed Graph Database 0.2.1-SNAPSHOT
[INFO] ------------------------------------------------------------------------
[INFO] 
[INFO] --- maven-enforcer-plugin:1.0:enforce (enforce-maven) @ titan ---
[INFO]                                                                         
[INFO] ------------------------------------------------------------------------
[INFO] Building Titan-Core: Core Library for Titan 0.2.1-SNAPSHOT
[INFO] ------------------------------------------------------------------------
Downloading: https://repository.apache.org/snapshots/com/tinkerpop/blueprints/blueprints-core/2.3.0-SNAPSHOT/maven-metadata.xml
Downloading: https://repository.apache.org/snapshots/com/tinkerpop/blueprints/blueprints/2.3.0-SNAPSHOT/maven-metadata.xml
Downloading: https://repository.apache.org/snapshots/com/tinkerpop/gremlin/gremlin-groovy/2.3.0-SNAPSHOT/maven-metadata.xml
Downloading: https://repository.apache.org/snapshots/com/tinkerpop/gremlin/gremlin/2.3.0-SNAPSHOT/maven-metadata.xml
Downloading: https://repository.apache.org/snapshots/com/tinkerpop/gremlin/gremlin-java/2.3.0-SNAPSHOT/maven-metadata.xml
Downloading: https://repository.apache.org/snapshots/com/tinkerpop/pipes/2.3.0-SNAPSHOT/maven-metadata.xml
Downloading: https://repository.apache.org/snapshots/com/tinkerpop/rexster/rexster-core/2.3.0-SNAPSHOT/maven-metadata.xml
Downloading: https://repository.apache.org/snapshots/com/tinkerpop/rexster/rexster/2.3.0-SNAPSHOT/maven-metadata.xml
Downloading: https://repository.apache.org/snapshots/com/tinkerpop/rexster/rexster-server/2.3.0-SNAPSHOT/maven-metadata.xml
Downloading: https://repository.apache.org/snapshots/com/tinkerpop/rexster/rexster-protocol/2.3.0-SNAPSHOT/maven-metadata.xml
[INFO] 
[INFO] --- maven-enforcer-plugin:1.0:enforce (enforce-maven) @ titan-core ---
[INFO] 
[INFO] --- maven-resources-plugin:2.3:resources (default-resources) @ titan-core ---
[INFO] Using 'UTF-8' encoding to copy filtered resources.
[INFO] skip non existing resourceDirectory /home/travis/build/thinkaurelius/titan/titan-core/src/main/resources
[INFO] 
[INFO] --- maven-compiler-plugin:2.5.1:compile (default-compile) @ titan-core ---
[INFO] Nothing to compile - all classes are up to date
[INFO] 
[INFO] --- maven-resources-plugin:2.3:testResources (default-testResources) @ titan-core ---
[INFO] Using 'UTF-8' encoding to copy filtered resources.
[INFO] skip non existing resourceDirectory /home/travis/build/thinkaurelius/titan/titan-core/src/test/resources
[INFO] 
[INFO] --- maven-compiler-plugin:2.5.1:testCompile (default-testCompile) @ titan-core ---
[INFO] No sources to compile
[INFO] 
[INFO] --- maven-surefire-plugin:2.11:test (default-test) @ titan-core ---
[INFO] No tests to run.
[INFO] Surefire report directory: /home/travis/build/thinkaurelius/titan/titan-core/target/surefire-reports
Downloading: http://maven.mirrors.travis-ci.org/nexus/content/repositories/central/org/apache/maven/surefire/surefire-junit3/2.11/surefire-junit3-2.11.pom
2/2 KB            Downloaded: http://maven.mirrors.travis-ci.org/nexus/content/repositories/central/org/apache/maven/surefire/surefire-junit3/2.11/surefire-junit3-2.11.pom (2 KB at 2.3 KB/sec)
Downloading: http://maven.mirrors.travis-ci.org/nexus/content/repositories/central/org/apache/maven/surefire/surefire-providers/2.11/surefire-providers-2.11.pom
3/3 KB            Downloaded: http://maven.mirrors.travis-ci.org/nexus/content/repositories/central/org/apache/maven/surefire/surefire-providers/2.11/surefire-providers-2.11.pom (3 KB at 7.3 KB/sec)
Downloading: http://maven.mirrors.travis-ci.org/nexus/content/repositories/central/org/apache/maven/surefire/surefire-junit3/2.11/surefire-junit3-2.11.jar
4/26 KB   8/26 KB   9/26 KB   13/26 KB   17/26 KB   21/26 KB   23/26 KB   26/26 KB   26/26 KB              Downloaded: http://maven.mirrors.travis-ci.org/nexus/content/repositories/central/org/apache/maven/surefire/surefire-junit3/2.11/surefire-junit3-2.11.jar (26 KB at 50.0 KB/sec)

-------------------------------------------------------
 T E S T S
-------------------------------------------------------

Results :

Tests run: 0, Failures: 0, Errors: 0, Skipped: 0

[INFO]                                                                         
[INFO] ------------------------------------------------------------------------
[INFO] Building Titan-Test: Test Suite for Titan 0.2.1-SNAPSHOT
[INFO] ------------------------------------------------------------------------
Downloading: https://repository.apache.org/snapshots/com/tinkerpop/blueprints/blueprints-test/2.3.0-SNAPSHOT/maven-metadata.xml
           [INFO] 
[INFO] --- maven-enforcer-plugin:1.0:enforce (enforce-maven) @ titan-test ---
[INFO] 
[INFO] --- maven-resources-plugin:2.3:resources (default-resources) @ titan-test ---
[INFO] Using 'UTF-8' encoding to copy filtered resources.
[INFO] skip non existing resourceDirectory /home/travis/build/thinkaurelius/titan/titan-test/src/main/resources
[INFO] 
[INFO] --- maven-compiler-plugin:2.5.1:compile (default-compile) @ titan-test ---
[INFO] Nothing to compile - all classes are up to date
[INFO] 
[INFO] --- maven-resources-plugin:2.3:testResources (default-testResources) @ titan-test ---
[INFO] Using 'UTF-8' encoding to copy filtered resources.
[INFO] Copying 2 resources
[INFO] 
[INFO] --- maven-compiler-plugin:2.5.1:testCompile (default-testCompile) @ titan-test ---
[INFO] Nothing to compile - all classes are up to date
[INFO] 
[INFO] --- maven-surefire-plugin:2.11:test (default-test) @ titan-test ---
[INFO] Surefire report directory: /home/travis/build/thinkaurelius/titan/titan-test/target/surefire-reports
Downloading: http://maven.mirrors.travis-ci.org/nexus/content/repositories/central/org/apache/maven/surefire/surefire-junit4/2.11/surefire-junit4-2.11.pom
3/3 KB              Downloaded: http://maven.mirrors.travis-ci.org/nexus/content/repositories/central/org/apache/maven/surefire/surefire-junit4/2.11/surefire-junit4-2.11.pom (3 KB at 8.0 KB/sec)
Downloading: http://maven.mirrors.travis-ci.org/nexus/content/repositories/central/org/apache/maven/surefire/surefire-junit4/2.11/surefire-junit4-2.11.jar
4/33 KB   8/33 KB   9/33 KB   13/33 KB   17/33 KB   21/33 KB   25/33 KB   27/33 KB   31/33 KB   33/33 KB              Downloaded: http://maven.mirrors.travis-ci.org/nexus/content/repositories/central/org/apache/maven/surefire/surefire-junit4/2.11/surefire-junit4-2.11.jar (33 KB at 64.3 KB/sec)

-------------------------------------------------------
 T E S T S
-------------------------------------------------------
Running com.thinkaurelius.titan.tinkerpop.gremlin.ScriptExecutorTest
Tests run: 1, Failures: 0, Errors: 0, Skipped: 0, Time elapsed: 0.041 sec
Running com.thinkaurelius.titan.graphdb.idmanagement.VariableLongTest
Writing 10000000 longs in 65567319 bytes. in time: 3178
Writing 1000000 longs in 2983488 bytes. in time: 214
Tests run: 5, Failures: 0, Errors: 0, Skipped: 0, Time elapsed: 4.403 sec
Running com.thinkaurelius.titan.util.datastructures.RandomRemovalListTest
Tests run: 3, Failures: 0, Errors: 0, Skipped: 0, Time elapsed: 1.271 sec
Running com.thinkaurelius.titan.graphdb.serializer.KryoTest
Tests run: 4, Failures: 0, Errors: 0, Skipped: 0, Time elapsed: 0.061 sec
Running com.thinkaurelius.titan.diskstorage.util.StorageFeaturesTest
Tests run: 1, Failures: 0, Errors: 0, Skipped: 0, Time elapsed: 0.001 sec
Running com.thinkaurelius.titan.diskstorage.locking.LocalLockMediatorTest
Tests run: 1, Failures: 0, Errors: 0, Skipped: 0, Time elapsed: 0.214 sec
Running com.thinkaurelius.titan.blueprints.InMemoryBlueprintsTest
Testing testVertexEquality...
	titaninmemoryblueprintsgraph[null]: 1 vertex added and retrieved in 22.829658999922685ms
Testing testVertexEqualityForSuppliedIdsAndHashCode...
Testing testBasicAddVertex...
Testing testGetVertexWithNull...
Testing testRemoveVertex...
Testing testRemoveVertexWithEdges...
Testing testGetNonExistantVertices...
Testing testRemoveVertexNullId...
	titaninmemoryblueprintsgraph[null]: 100 vertices added in 3.616865999996662ms
	titaninmemoryblueprintsgraph[null]: 100 vertices removed in 8.07713099999819ms
Testing testVertexIterator...
	titaninmemoryblueprintsgraph[null]: 1000 vertices added in 34.21153700002469ms
	titaninmemoryblueprintsgraph[null]: 1000 vertices counted in 2.511083999997936ms
Testing testLegalVertexEdgeIterables...
Testing testAddVertexProperties...
Testing testAddManyVertexProperties...
	titaninmemoryblueprintsgraph[null]: 750 vertex properties added (with vertices being added too) in 438.76899499993306ms
Testing testRemoveVertexProperties...
Testing testAddingIdProperty...
Testing testNoConcurrentModificationException...
Testing testGettingEdgesAndVertices...
Testing testEmptyKeyProperty...
Testing testVertexCentricLinking...
Testing testVertexCentricRemoving...
Testing testConcurrentModificationOnProperties...
Testing testSettingBadVertexProperties...
*** TOTAL TIME [VertexTestSuite]: 822.5117040000623 ***
Testing testNoConcurrentModificationException...
Testing testEmptyKeyProperty...
Testing testSettingBadVertexProperties...
Testing testEdgeEquality...
Testing testAddEdges...
	titaninmemoryblueprintsgraph[null]: 6 elements added and checked in 2.0008640000596642ms
Testing testAddManyEdges...
	titaninmemoryblueprintsgraph[null]: 300 elements added in 68.76071599998977ms
	titaninmemoryblueprintsgraph[null]: 100 edges counted in 7.970438999938779ms
	titaninmemoryblueprintsgraph[null]: 200 vertices counted in 0.9223009999841452ms
	titaninmemoryblueprintsgraph[null]: 200 vertices checked in 14.482154999976046ms
Testing testRemoveManyEdges...
	titaninmemoryblueprintsgraph[null]: 20 vertices counted in 0.047120000002905726ms
	titaninmemoryblueprintsgraph[null]: 10 edges counted in 0.3942720000632107ms
	titaninmemoryblueprintsgraph[null]: 10 edges removed and graph checked in 12.257510000024922ms
Testing testAddingDuplicateEdges...
Testing testRemoveEdgesByRemovingVertex...
Testing testRemoveEdges...
Testing testAddingSelfLoops...
Testing testRemoveSelfLoops...
Testing testEdgeIterator...
Testing testAddingRemovingEdgeProperties...
Testing testAddingLabelAndIdProperty...
Testing testEdgeCentricRemoving...
*** TOTAL TIME [EdgeTestSuite]: 146.24947199993767 ***
Testing testGettingVerticesAndEdgesWithKeyValue...
Testing testFeatureCompliance...
supportsDuplicateEdges: true
supportsSelfLoops: true
supportsSerializableObjectProperty: true
supportsBooleanProperty: true
supportsDoubleProperty: true
supportsFloatProperty: true
supportsIntegerProperty: true
supportsPrimitiveArrayProperty: true
supportsUniformListProperty: true
supportsMixedListProperty: true
supportsLongProperty: true
supportsMapProperty: true
supportsStringProperty: true
ignoresSuppliedIds: true
isPersistent: false
isRDFModel: false
isWrapper: false
supportsIndices: false
supportsVertexIndex: false
supportsEdgeIndex: false
supportsKeyIndices: true
supportsVertexKeyIndex: true
supportsEdgeKeyIndex: false
supportsEdgeIteration: true
supportsVertexIteration: true
supportsEdgeRetrieval: true
supportsVertexProperties: true
supportsEdgeProperties: true
supportsTransactions: false
supportsThreadedTransactions: false
Testing testEmptyOnConstruction...
Testing testStringRepresentation...
	titaninmemoryblueprintsgraph[null]: 1 graph string representation generated in 0.08281099994201213ms
Testing testStringRepresentationOfVertexId...
Testing testSemanticallyCorrectIterables...
Testing testAddingVerticesAndEdges...
Testing testSettingProperties...
Testing testDataTypeValidationOnProperties...
Testing testSimpleRemovingVerticesEdges...
Testing testRemovingEdges...
	titaninmemoryblueprintsgraph[null]: 100 vertices added in 2.311879000044428ms
	titaninmemoryblueprintsgraph[null]: 200 edges added in 62.945298000006005ms
	titaninmemoryblueprintsgraph[null]: 200 edges deleted (with size check on each delete) in 130.4153309999965ms
Testing testRemovingVertices...
	titaninmemoryblueprintsgraph[null]: 500 vertices added in 10.16214500006754ms
	titaninmemoryblueprintsgraph[null]: 250 edges added in 59.6323300000513ms
	titaninmemoryblueprintsgraph[null]: 500 vertices deleted (with size check on each delete) in 97.05621199996676ms
Testing testConnectivityPatterns...
Testing testVertexEdgeLabels...
Testing testVertexEdgeLabels2...
Testing testTreeConnectivity...
	titaninmemoryblueprintsgraph[null]: 1464 vertices added in a tree structure in 166.01535399991553ms
	titaninmemoryblueprintsgraph[null]: 1464 vertices iterated in 4.971476000035182ms
	titaninmemoryblueprintsgraph[null]: 1463 edges iterated in 7.592289999942295ms
Testing testConcurrentModification...
Testing testGraphDataPersists...
Testing testAutotypingOfProperties...
*** TOTAL TIME [GraphTestSuite]: 598.0255969999125 ***
Testing testVertexQuery...
Testing testGraphQueryForVertices...
Testing testGraphQueryForEdges...
*** TOTAL TIME [QueryTestSuite]: 117.1955649999436 ***
Testing testNoConcurrentModificationException...
Testing testAutoIndexKeyManagementWithPersistence...
	titaninmemoryblueprintsgraph[null]: 2 automatic index keys added in 1.0385010000318289ms
Testing testAutoIndexKeyDroppingWithPersistence...
	titaninmemoryblueprintsgraph[null]: 2 automatic index keys added in 0.2671290000434965ms
Testing testKeyIndicesConsistentWithElementRemoval...
*** TOTAL TIME [KeyIndexableGraphTestSuite]: 4.106897999998182 ***
Testing testReadingTinkerGraph...
Testing testTinkerGraphEdges...
	titaninmemoryblueprintsgraph[null]: graph-example-1 loaded in 174.05909500003327ms
Testing testTinkerGraphVertices...
	titaninmemoryblueprintsgraph[null]: graph-example-1 loaded in 7.970670999959111ms
Testing testTinkerGraphSoftwareVertices...
	titaninmemoryblueprintsgraph[null]: graph-example-1 loaded in 7.389121999964118ms
Testing testTinkerGraphVertexAndEdges...
	titaninmemoryblueprintsgraph[null]: graph-example-1 loaded in 7.571030000108294ms
Testing testReadingTinkerGraphExample3...
Testing testReadingTinkerGraphExample3MappingLabels...
	titaninmemoryblueprintsgraph[null]: graph-example-3 loaded in 10.252060999977402ms
Testing testReadingTinkerGraphExample3MappingIDs...
	titaninmemoryblueprintsgraph[null]: graph-example-3 loaded in 8.983691000030376ms
Testing testReadingTinkerGraphExample3MappingAll...
	titaninmemoryblueprintsgraph[null]: graph-example-3 loaded in 8.434441000106744ms
Testing testMigratingTinkerGraphExample3...
Testing testAllGraphMLTypeCastsAndDataMappings...
*** TOTAL TIME [GraphMLReaderTestSuite]: 235.14309699996375 ***
Testing testReadingTinkerGraph...
Testing testTinkerGraphEdges...
	titaninmemoryblueprintsgraph[null]: graph-example-1 loaded in 16.493338000029325ms
Testing testTinkerGraphVertices...
	titaninmemoryblueprintsgraph[null]: graph-example-1 loaded in 4.079861999955028ms
Testing testTinkerGraphSoftwareVertices...
	titaninmemoryblueprintsgraph[null]: graph-example-1 loaded in 3.754391000024043ms
Testing testTinkerGraphVertexAndEdges...
	titaninmemoryblueprintsgraph[null]: graph-example-1 loaded in 4.380173999932595ms
Testing testReadingTinkerGraphExample3...
Testing testReadingTinkerGraphExample3MappingLabels...
	titaninmemoryblueprintsgraph[null]: graph-example-3 loaded in 5.624665000010282ms
Testing testReadingTinkerGraphExample3MappingIDs...
	titaninmemoryblueprintsgraph[null]: graph-example-3 loaded in 4.779502999968827ms
Testing testReadingTinkerGraphExample3MappingAll...
	titaninmemoryblueprintsgraph[null]: graph-example-3 loaded in 4.203417000011541ms
Testing testMigratingTinkerGraphExample3...
*** TOTAL TIME [GMLReaderTestSuite]: 52.82771400001366 ***
Tests run: 7, Failures: 0, Errors: 0, Skipped: 0, Time elapsed: 1.99 sec
Running com.thinkaurelius.titan.graphdb.idmanagement.IDPoolTest
Tests run: 3, Failures: 0, Errors: 0, Skipped: 0, Time elapsed: 2.177 sec
Running com.thinkaurelius.titan.graphdb.idmanagement.IDManagementTest
Tests run: 3, Failures: 0, Errors: 0, Skipped: 0, Time elapsed: 2.763 sec
Running com.thinkaurelius.titan.graphdb.serializer.ByteBufferTest
Tests run: 3, Failures: 0, Errors: 0, Skipped: 0, Time elapsed: 0.397 sec
Running com.thinkaurelius.titan.graphdb.serializer.SerializerTest
Tests run: 8, Failures: 0, Errors: 0, Skipped: 0, Time elapsed: 1.552 sec
Running com.thinkaurelius.titan.util.datastructures.BitMapTest
Tests run: 1, Failures: 0, Errors: 0, Skipped: 0, Time elapsed: 0.003 sec
Running com.thinkaurelius.titan.graphdb.loading.EdgeLoadingTest
Tests run: 1, Failures: 0, Errors: 0, Skipped: 0, Time elapsed: 0.004 sec
Running com.thinkaurelius.titan.graphdb.idmanagement.VertexIDAssignerTest
Partition: false
partitionMax: 2147483647
localPartition: null
Partition: true
partitionMax: 2147483647
localPartition: null
Partition: true
partitionMax: 2147483647
localPartition: [0, 2000]
Partition: true
partitionMax: 2147483647
localPartition: [-100000, -1]
Partition: true
partitionMax: 2147483647
localPartition: [-10000, 10000]
Partition: true
partitionMax: 100
localPartition: null
Partition: true
partitionMax: 100
localPartition: [0, 2000]
Partition: true
partitionMax: 100
localPartition: [-100000, -1]
Partition: true
partitionMax: 100
localPartition: [-10000, 10000]
Tests run: 9, Failures: 0, Errors: 0, Skipped: 0, Time elapsed: 5.489 sec
Running com.thinkaurelius.titan.tinkerpop.rexster.TitanGraphConfigurationTest
Tests run: 1, Failures: 0, Errors: 0, Skipped: 0, Time elapsed: 0.256 sec

Results :

Tests run: 51, Failures: 0, Errors: 0, Skipped: 0

[INFO]                                                                         
[INFO] ------------------------------------------------------------------------
[INFO] Building Titan-BerkeleyJE: Distributed Graph Database 0.2.1-SNAPSHOT
[INFO] ------------------------------------------------------------------------
[INFO] 
[INFO] --- maven-enforcer-plugin:1.0:enforce (enforce-maven) @ titan-berkeleyje ---
[INFO] 
[INFO] --- maven-resources-plugin:2.3:resources (default-resources) @ titan-berkeleyje ---
[INFO] Using 'UTF-8' encoding to copy filtered resources.
[INFO] Copying 2 resources
[INFO] 
[INFO] --- maven-compiler-plugin:2.5.1:compile (default-compile) @ titan-berkeleyje ---
[INFO] Nothing to compile - all classes are up to date
[INFO] 
[INFO] --- maven-resources-plugin:2.3:testResources (default-testResources) @ titan-berkeleyje ---
[INFO] Using 'UTF-8' encoding to copy filtered resources.
[INFO] Copying 2 resources
[INFO] 
[INFO] --- maven-compiler-plugin:2.5.1:testCompile (default-testCompile) @ titan-berkeleyje ---
[INFO] Nothing to compile - all classes are up to date
[INFO] 
[INFO] --- maven-surefire-plugin:2.12.1:test (default-test) @ titan-berkeleyje ---
[INFO] Surefire report directory: /home/travis/build/thinkaurelius/titan/titan-berkeleyje/target/surefire-reports
Downloading: http://maven.mirrors.travis-ci.org/nexus/content/repositories/central/org/apache/maven/surefire/surefire-junit4/2.12.1/surefire-junit4-2.12.1.pom
3/3 KB              Downloaded: http://maven.mirrors.travis-ci.org/nexus/content/repositories/central/org/apache/maven/surefire/surefire-junit4/2.12.1/surefire-junit4-2.12.1.pom (3 KB at 7.1 KB/sec)
Downloading: http://maven.mirrors.travis-ci.org/nexus/content/repositories/central/org/apache/maven/surefire/surefire-providers/2.12.1/surefire-providers-2.12.1.pom
3/3 KB            Downloaded: http://maven.mirrors.travis-ci.org/nexus/content/repositories/central/org/apache/maven/surefire/surefire-providers/2.12.1/surefire-providers-2.12.1.pom (3 KB at 7.5 KB/sec)
Downloading: http://maven.mirrors.travis-ci.org/nexus/content/repositories/central/org/apache/maven/surefire/surefire-junit4/2.12.1/surefire-junit4-2.12.1.jar
4/34 KB   8/34 KB   9/34 KB   13/34 KB   17/34 KB   21/34 KB   25/34 KB   27/34 KB   31/34 KB   34/34 KB              Downloaded: http://maven.mirrors.travis-ci.org/nexus/content/repositories/central/org/apache/maven/surefire/surefire-junit4/2.12.1/surefire-junit4-2.12.1.jar (34 KB at 66.9 KB/sec)

-------------------------------------------------------
 T E S T S
-------------------------------------------------------
Running com.thinkaurelius.titan.diskstorage.berkeleyje.BerkeleyDBjeKeyColumnValueTest
Loading time (ms): 2590
Reading time (ms): 640
Tests run: 17, Failures: 0, Errors: 0, Skipped: 0, Time elapsed: 19.254 sec
Running com.thinkaurelius.titan.diskstorage.berkeleyje.BerkeleyDBjeKeyColumnValueVariableTest
Loading time (ms): 2479
Reading time (ms): 988
Tests run: 17, Failures: 0, Errors: 0, Skipped: 0, Time elapsed: 12.515 sec
Running com.thinkaurelius.titan.diskstorage.berkeleyje.BerkeleyJEKeyValueTest
Tests run: 7, Failures: 0, Errors: 0, Skipped: 0, Time elapsed: 0.777 sec
Running com.thinkaurelius.titan.blueprints.BerkeleyJEBlueprintsTest
Testing testVertexEquality...
	titangraph[berkeleyje:/tmp/titan-test/standard]: 1 vertex added and retrieved in 56.46501200005878ms
Testing testVertexEqualityForSuppliedIdsAndHashCode...
Testing testBasicAddVertex...
Testing testGetVertexWithNull...
Testing testRemoveVertex...
Testing testRemoveVertexWithEdges...
Testing testGetNonExistantVertices...
Testing testRemoveVertexNullId...
	titangraph[berkeleyje:/tmp/titan-test/standard]: 100 vertices added in 9.057272000005469ms
	titangraph[berkeleyje:/tmp/titan-test/standard]: 100 vertices removed in 7.986519999918528ms
Testing testVertexIterator...
	titangraph[berkeleyje:/tmp/titan-test/standard]: 1000 vertices added in 89.34169999998994ms
	titangraph[berkeleyje:/tmp/titan-test/standard]: 1000 vertices counted in 3.769319999963045ms
Testing testLegalVertexEdgeIterables...
Testing testAddVertexProperties...
Testing testAddManyVertexProperties...
	titangraph[berkeleyje:/tmp/titan-test/standard]: 750 vertex properties added (with vertices being added too) in 530.7573250000132ms
Testing testRemoveVertexProperties...
Testing testAddingIdProperty...
Testing testNoConcurrentModificationException...
Testing testGettingEdgesAndVertices...
Testing testEmptyKeyProperty...
Testing testVertexCentricLinking...
Testing testVertexCentricRemoving...
Testing testConcurrentModificationOnProperties...
Testing testSettingBadVertexProperties...
*** TOTAL TIME [VertexTestSuite]: 2249.3887680000626 ***
Testing testNoConcurrentModificationException...
Testing testEmptyKeyProperty...
Testing testSettingBadVertexProperties...
Testing testEdgeEquality...
Testing testAddEdges...
	titangraph[berkeleyje:/tmp/titan-test/standard]: 6 elements added and checked in 5.015355000039563ms
Testing testAddManyEdges...
	titangraph[berkeleyje:/tmp/titan-test/standard]: 300 elements added in 70.5457330000354ms
	titangraph[berkeleyje:/tmp/titan-test/standard]: 100 edges counted in 5.014700999949127ms
	titangraph[berkeleyje:/tmp/titan-test/standard]: 200 vertices counted in 0.40068500000052154ms
	titangraph[berkeleyje:/tmp/titan-test/standard]: 200 vertices checked in 11.90712099999655ms
Testing testGetEdges...
	titangraph[berkeleyje:/tmp/titan-test/standard]: 3 edges retrieved in 1.8655889999354258ms
Testing testGetNonExistantEdges...
Testing testRemoveManyEdges...
	titangraph[berkeleyje:/tmp/titan-test/standard]: 20 vertices counted in 0.21469600009731948ms
	titangraph[berkeleyje:/tmp/titan-test/standard]: 10 edges counted in 0.43929199990816414ms
	titangraph[berkeleyje:/tmp/titan-test/standard]: 10 edges removed and graph checked in 10.920772999990731ms
Testing testAddingDuplicateEdges...
Testing testRemoveEdgesByRemovingVertex...
Testing testRemoveEdges...
Testing testAddingSelfLoops...
Testing testRemoveSelfLoops...
Testing testEdgeIterator...
Testing testAddingRemovingEdgeProperties...
Testing testAddingLabelAndIdProperty...
Testing testEdgeCentricRemoving...
*** TOTAL TIME [EdgeTestSuite]: 1078.6134800000582 ***
Testing testFeatureCompliance...
supportsDuplicateEdges: true
supportsSelfLoops: true
supportsSerializableObjectProperty: true
supportsBooleanProperty: true
supportsDoubleProperty: true
supportsFloatProperty: true
supportsIntegerProperty: true
supportsPrimitiveArrayProperty: true
supportsUniformListProperty: true
supportsMixedListProperty: true
supportsLongProperty: true
supportsMapProperty: true
supportsStringProperty: true
ignoresSuppliedIds: true
isPersistent: true
isRDFModel: false
isWrapper: false
supportsIndices: false
supportsVertexIndex: false
supportsEdgeIndex: false
supportsKeyIndices: true
supportsVertexKeyIndex: true
supportsEdgeKeyIndex: false
supportsEdgeIteration: true
supportsVertexIteration: true
supportsEdgeRetrieval: true
supportsVertexProperties: true
supportsEdgeProperties: true
supportsTransactions: true
supportsThreadedTransactions: true
Testing testEmptyOnConstruction...
Testing testStringRepresentationOfVertexId...
Testing testSemanticallyCorrectIterables...
Testing testGettingVerticesAndEdgesWithKeyValue...
Testing testAddingVerticesAndEdges...
Testing testSettingProperties...
Testing testDataTypeValidationOnProperties...
Testing testSimpleRemovingVerticesEdges...
Testing testRemovingEdges...
	titangraph[berkeleyje:/tmp/titan-test/standard]: 100 vertices added in 6.582994999946095ms
	titangraph[berkeleyje:/tmp/titan-test/standard]: 200 edges added in 84.3914929999737ms
	titangraph[berkeleyje:/tmp/titan-test/standard]: 200 edges deleted (with size check on each delete) in 116.09364999993704ms
Testing testRemovingVertices...
	titangraph[berkeleyje:/tmp/titan-test/standard]: 500 vertices added in 30.20871400006581ms
	titangraph[berkeleyje:/tmp/titan-test/standard]: 250 edges added in 77.8364190000575ms
	titangraph[berkeleyje:/tmp/titan-test/standard]: 500 vertices deleted (with size check on each delete) in 147.20744499994908ms
Testing testConnectivityPatterns...
Testing testVertexEdgeLabels...
Testing testVertexEdgeLabels2...
Testing testTreeConnectivity...
	titangraph[berkeleyje:/tmp/titan-test/standard]: 1464 vertices added in a tree structure in 184.87413600005675ms
	titangraph[berkeleyje:/tmp/titan-test/standard]: 1464 vertices iterated in 1.6501130000688136ms
	titangraph[berkeleyje:/tmp/titan-test/standard]: 1463 edges iterated in 5.589320999919437ms
Testing testConcurrentModification...
Testing testGraphDataPersists...
	titangraph[berkeleyje:/tmp/titan-test/standard]: 1 graph loaded in 18.613378999987617ms
Testing testAutotypingOfProperties...
*** TOTAL TIME [GraphTestSuite]: 1885.8784140000353 ***
Testing testVertexQuery...
Testing testGraphQueryForVertices...
Testing testGraphQueryForEdges...
*** TOTAL TIME [QueryTestSuite]: 145.71090199996252 ***
Testing testNoConcurrentModificationException...
Testing testGettingVerticesAndEdgesWithKeyValue...
Testing testAutoIndexKeyManagementWithPersistence...
	titangraph[berkeleyje:/tmp/titan-test/standard]: 2 automatic index keys added in 1.2920000000158325ms
Testing testKeyIndicesConsistentWithElementRemoval...
*** TOTAL TIME [KeyIndexableGraphTestSuite]: 135.01411400001962 ***
Testing testCompetingThreads...
Testing testCompetingThreadsOnMultipleDbInstances...
Testing testTrue...
Testing testRepeatedTransactionStopException...
Testing testAutoStartTransaction...
Testing testTransactionsForVertices...
	titangraph[berkeleyje:/tmp/titan-test/standard]: 1 vertex not added in failed transaction in 0.36298099998384714ms
	titangraph[berkeleyje:/tmp/titan-test/standard]: 1 vertex added in successful transaction in 0.48312700004316866ms
Testing testBasicVertexEdgeTransactions...
Testing testBruteVertexTransactions...
	titangraph[berkeleyje:/tmp/titan-test/standard]: 100 vertices added in 100 successful transactions in 41.91533099999651ms
	titangraph[berkeleyje:/tmp/titan-test/standard]: 100 vertices not added in 100 failed transactions in 10.961583000025712ms
	titangraph[berkeleyje:/tmp/titan-test/standard]: 100 vertices added in 1 successful transactions in 11.263105000020005ms
	titangraph[berkeleyje:/tmp/titan-test/standard]: 100 vertices not added in 1 failed transactions in 8.965383999980986ms
Testing testTransactionsForEdges...
	titangraph[berkeleyje:/tmp/titan-test/standard]: 1 edge not added in failed transaction (w/ iteration) in 3.2306749999988824ms
	titangraph[berkeleyje:/tmp/titan-test/standard]: 1 edge added in successful transaction (w/ iteration) in 1.4865460000000894ms
Testing testBruteEdgeTransactions...
	titangraph[berkeleyje:/tmp/titan-test/standard]: 100 edges added in 100 successful transactions (2 vertices added for each edge) in 73.56388300005347ms
	titangraph[berkeleyje:/tmp/titan-test/standard]: 100 edges not added in 100 failed transactions (2 vertices added for each edge) in 18.82541799999308ms
	titangraph[berkeleyje:/tmp/titan-test/standard]: 100 edges added in 1 successful transactions (2 vertices added for each edge) in 39.75664599996526ms
	titangraph[berkeleyje:/tmp/titan-test/standard]: 100 edges not added in 1 failed transactions (2 vertices added for each edge) in 26.8737770000007ms
Testing testPropertyTransactions...
	titangraph[berkeleyje:/tmp/titan-test/standard]: 1 vertex added with string property in a successful transaction in 2.5993020000169054ms
	titangraph[berkeleyje:/tmp/titan-test/standard]: 1 integer property not added in a failed transaction in 0.7460609999252483ms
	titangraph[berkeleyje:/tmp/titan-test/standard]: 2 vertex properties checked in a successful transaction in 0.34132200002204627ms
	titangraph[berkeleyje:/tmp/titan-test/standard]: 1 edge property added and checked in a successful transaction in 2.6414710000390187ms
	titangraph[berkeleyje:/tmp/titan-test/standard]: 1 edge property added and checked in a failed transaction in 0.3345940000144765ms
Testing testIndexTransactions...
Testing testAutomaticSuccessfulTransactionOnShutdown...
Testing testVertexCountOnPreTransactionCommit...
Testing testBulkTransactionsOnEdges...
Testing testTransactionIsolationCommitCheck...
added vertex
reading vertex before tx
read vertex before tx
Testing testRemoveInTransaction...
*** TOTAL TIME [TransactionalTitanGraphTestSuite]: 1670.2494749999605 ***
Testing testVertexReattachment...
*** TOTAL TIME [TitanSpecificBlueprintsTestSuite]: 37.90546599996742 ***
Testing testReadingTinkerGraph...
Testing testTinkerGraphEdges...
	titangraph[berkeleyje:/tmp/titan-test/standard]: graph-example-1 loaded in 46.066983000026084ms
Testing testTinkerGraphVertices...
	titangraph[berkeleyje:/tmp/titan-test/standard]: graph-example-1 loaded in 15.118634000071324ms
Testing testTinkerGraphSoftwareVertices...
	titangraph[berkeleyje:/tmp/titan-test/standard]: graph-example-1 loaded in 12.480711000040174ms
Testing testTinkerGraphVertexAndEdges...
	titangraph[berkeleyje:/tmp/titan-test/standard]: graph-example-1 loaded in 14.578089999966323ms
Testing testReadingTinkerGraphExample3...
Testing testReadingTinkerGraphExample3MappingLabels...
	titangraph[berkeleyje:/tmp/titan-test/standard]: graph-example-3 loaded in 15.162724000052549ms
Testing testReadingTinkerGraphExample3MappingIDs...
	titangraph[berkeleyje:/tmp/titan-test/standard]: graph-example-3 loaded in 16.13705400004983ms
Testing testReadingTinkerGraphExample3MappingAll...
	titangraph[berkeleyje:/tmp/titan-test/standard]: graph-example-3 loaded in 15.425292000058107ms
Testing testMigratingTinkerGraphExample3...
Testing testAllGraphMLTypeCastsAndDataMappings...
*** TOTAL TIME [GraphMLReaderTestSuite]: 599.9987899999833 ***
Testing testReadingTinkerGraph...
Testing testTinkerGraphEdges...
	titangraph[berkeleyje:/tmp/titan-test/standard]: graph-example-1 loaded in 301.13194099999964ms
Testing testTinkerGraphVertices...
	titangraph[berkeleyje:/tmp/titan-test/standard]: graph-example-1 loaded in 22.37818600004539ms
Testing testTinkerGraphSoftwareVertices...
	titangraph[berkeleyje:/tmp/titan-test/standard]: graph-example-1 loaded in 22.15048700000625ms
Testing testTinkerGraphVertexAndEdges...
	titangraph[berkeleyje:/tmp/titan-test/standard]: graph-example-1 loaded in 33.498852999997325ms
*** TOTAL TIME [GraphSONReaderTestSuite]: 1054.2931579999859 ***
Testing testReadingTinkerGraph...
Testing testTinkerGraphEdges...
	titangraph[berkeleyje:/tmp/titan-test/standard]: graph-example-1 loaded in 169.72914599999785ms
Testing testTinkerGraphVertices...
	titangraph[berkeleyje:/tmp/titan-test/standard]: graph-example-1 loaded in 12.137066000024788ms
Testing testTinkerGraphSoftwareVertices...
	titangraph[berkeleyje:/tmp/titan-test/standard]: graph-example-1 loaded in 10.27261800004635ms
Testing testTinkerGraphVertexAndEdges...
	titangraph[berkeleyje:/tmp/titan-test/standard]: graph-example-1 loaded in 12.557000000029802ms
Testing testReadingTinkerGraphExample3...
Testing testReadingTinkerGraphExample3MappingLabels...
	titangraph[berkeleyje:/tmp/titan-test/standard]: graph-example-3 loaded in 11.896324000088498ms
Testing testReadingTinkerGraphExample3MappingIDs...
	titangraph[berkeleyje:/tmp/titan-test/standard]: graph-example-3 loaded in 12.825309000094421ms
Testing testReadingTinkerGraphExample3MappingAll...
	titangraph[berkeleyje:/tmp/titan-test/standard]: graph-example-3 loaded in 10.63938299997244ms
Testing testMigratingTinkerGraphExample3...
*** TOTAL TIME [GMLReaderTestSuite]: 943.7698269999819 ***
Tests run: 10, Failures: 0, Errors: 0, Skipped: 0, Time elapsed: 9.824 sec
Running com.thinkaurelius.titan.diskstorage.berkeleyje.BerkeleyJeHashKeyColumnValueTest
Loading time (ms): 3311
Reading time (ms): 708
Tests run: 17, Failures: 0, Errors: 0, Skipped: 0, Time elapsed: 14.935 sec
Running com.thinkaurelius.titan.graphdb.berkeleyje.BerkeleyJEGraphTest
java.util.GregorianCalendar[time=278380800000,areFieldsSet=true,areAllFieldsSet=true,lenient=true,zone=sun.util.calendar.ZoneInfo[id="Etc/UTC",offset=0,dstSavings=0,useDaylight=false,transitions=0,lastRule=null],firstDayOfWeek=1,minimalDaysInFirstWeek=1,ERA=1,YEAR=1978,MONTH=9,WEEK_OF_YEAR=43,WEEK_OF_MONTH=4,DAY_OF_MONTH=28,DAY_OF_YEAR=301,DAY_OF_WEEK=7,DAY_OF_WEEK_IN_MONTH=4,AM_PM=0,HOUR=0,HOUR_OF_DAY=0,MINUTE=0,SECOND=0,MILLISECOND=0,ZONE_OFFSET=0,DST_OFFSET=0]
java.util.GregorianCalendar[time=278380800000,areFieldsSet=true,areAllFieldsSet=true,lenient=true,zone=sun.util.calendar.ZoneInfo[id="Etc/UTC",offset=0,dstSavings=0,useDaylight=false,transitions=0,lastRule=null],firstDayOfWeek=1,minimalDaysInFirstWeek=1,ERA=1,YEAR=1978,MONTH=9,WEEK_OF_YEAR=43,WEEK_OF_MONTH=4,DAY_OF_MONTH=28,DAY_OF_YEAR=301,DAY_OF_WEEK=7,DAY_OF_WEEK_IN_MONTH=4,AM_PM=0,HOUR=0,HOUR_OF_DAY=0,MINUTE=0,SECOND=0,MILLISECOND=0,ZONE_OFFSET=0,DST_OFFSET=0]
Tests run: 17, Failures: 0, Errors: 0, Skipped: 0, Time elapsed: 4.228 sec
Running com.thinkaurelius.titan.tinkerpop.rexster.RexsterServerClientBerkeleyJeTest
Tests run: 1, Failures: 0, Errors: 0, Skipped: 0, Time elapsed: 2.755 sec

Results :

Tests run: 86, Failures: 0, Errors: 0, Skipped: 0

[INFO]                                                                         
[INFO] ------------------------------------------------------------------------
[INFO] Building Titan-Cassandra: Distributed Graph Database 0.2.1-SNAPSHOT
[INFO] ------------------------------------------------------------------------
[INFO] 
[INFO] --- maven-enforcer-plugin:1.0:enforce (enforce-maven) @ titan-cassandra ---
[INFO] 
[INFO] --- maven-resources-plugin:2.5:resources (default-resources) @ titan-cassandra ---
[debug] execute contextualize
[INFO] Using 'UTF-8' encoding to copy filtered resources.
[INFO] Copying 2 resources
[INFO] 
[INFO] --- maven-compiler-plugin:2.5.1:compile (default-compile) @ titan-cassandra ---
[INFO] Nothing to compile - all classes are up to date
[INFO] 
[INFO] --- maven-resources-plugin:2.5:testResources (default-testResources) @ titan-cassandra ---
[debug] execute contextualize
[INFO] Using 'UTF-8' encoding to copy filtered resources.
[INFO] Copying 2 resources
[INFO] 
[INFO] --- maven-resources-plugin:2.5:copy-resources (copy-resources-127.0.0.1) @ titan-cassandra ---
[debug] execute contextualize
[INFO] Using 'UTF-8' encoding to copy filtered resources.
[INFO] Copying 7 resources
[INFO] 
[INFO] --- maven-compiler-plugin:2.5.1:testCompile (default-testCompile) @ titan-cassandra ---
[INFO] Nothing to compile - all classes are up to date
[INFO] 
[INFO] --- maven-surefire-plugin:2.12.1:test (default-test) @ titan-cassandra ---
[INFO] Surefire report directory: /home/travis/build/thinkaurelius/titan/titan-cassandra/target/surefire-reports

-------------------------------------------------------
 T E S T S
-------------------------------------------------------

-------------------------------------------------------
 T E S T S
-------------------------------------------------------
Running com.thinkaurelius.titan.blueprints.InternalCassandraBlueprintsTest
Testing testVertexEquality...
	titangraph[cassandra:null]: 1 vertex added and retrieved in 701.2970880001085ms
Testing testVertexEqualityForSuppliedIdsAndHashCode...
Testing testBasicAddVertex...
Testing testGetVertexWithNull...
Testing testRemoveVertex...
Testing testRemoveVertexWithEdges...
Testing testGetNonExistantVertices...
Testing testRemoveVertexNullId...
	titangraph[cassandra:null]: 100 vertices added in 10.663217999972403ms
	titangraph[cassandra:null]: 100 vertices removed in 8.020361999981105ms
Testing testVertexIterator...
	titangraph[cassandra:null]: 1000 vertices added in 722.9899299999233ms
	titangraph[cassandra:null]: 1000 vertices counted in 4.642316000070423ms
Testing testLegalVertexEdgeIterables...
Testing testAddVertexProperties...
Testing testAddManyVertexProperties...
	titangraph[cassandra:null]: 750 vertex properties added (with vertices being added too) in 20130.97357100004ms
Testing testRemoveVertexProperties...
Testing testAddingIdProperty...
Testing testNoConcurrentModificationException...
Testing testGettingEdgesAndVertices...
Testing testEmptyKeyProperty...
Testing testVertexCentricLinking...
Testing testVertexCentricRemoving...
Testing testConcurrentModificationOnProperties...
Testing testSettingBadVertexProperties...
*** TOTAL TIME [VertexTestSuite]: 78932.77633999998 ***
Testing testNoConcurrentModificationException...
Testing testEmptyKeyProperty...
Testing testSettingBadVertexProperties...
Testing testEdgeEquality...
Testing testAddEdges...
	titangraph[cassandra:null]: 6 elements added and checked in 957.459472999908ms
Testing testAddManyEdges...
	titangraph[cassandra:null]: 300 elements added in 3372.6752899999265ms
	titangraph[cassandra:null]: 100 edges counted in 5.379060000064783ms
	titangraph[cassandra:null]: 200 vertices counted in 1.4938120000297204ms
	titangraph[cassandra:null]: 200 vertices checked in 11.644633000018075ms
Testing testGetEdges...
	titangraph[cassandra:null]: 3 edges retrieved in 1.6262159999459982ms
Testing testGetNonExistantEdges...
Testing testRemoveManyEdges...
	titangraph[cassandra:null]: 20 vertices counted in 1.842668000026606ms
	titangraph[cassandra:null]: 10 edges counted in 1.5899359999457374ms
	titangraph[cassandra:null]: 10 edges removed and graph checked in 35.57602899998892ms
Testing testAddingDuplicateEdges...
Testing testRemoveEdgesByRemovingVertex...
Testing testRemoveEdges...
Testing testAddingSelfLoops...
Testing testRemoveSelfLoops...
Testing testEdgeIterator...
Testing testAddingRemovingEdgeProperties...
Testing testAddingLabelAndIdProperty...
Testing testEdgeCentricRemoving...
*** TOTAL TIME [EdgeTestSuite]: 62465.13036099996 ***
Testing testFeatureCompliance...
supportsDuplicateEdges: true
supportsSelfLoops: true
supportsSerializableObjectProperty: true
supportsBooleanProperty: true
supportsDoubleProperty: true
supportsFloatProperty: true
supportsIntegerProperty: true
supportsPrimitiveArrayProperty: true
supportsUniformListProperty: true
supportsMixedListProperty: true
supportsLongProperty: true
supportsMapProperty: true
supportsStringProperty: true
ignoresSuppliedIds: true
isPersistent: true
isRDFModel: false
isWrapper: false
supportsIndices: false
supportsVertexIndex: false
supportsEdgeIndex: false
supportsKeyIndices: true
supportsVertexKeyIndex: true
supportsEdgeKeyIndex: false
supportsEdgeIteration: true
supportsVertexIteration: true
supportsEdgeRetrieval: true
supportsVertexProperties: true
supportsEdgeProperties: true
supportsTransactions: true
supportsThreadedTransactions: true
Testing testEmptyOnConstruction...
Testing testStringRepresentationOfVertexId...
Testing testSemanticallyCorrectIterables...
Testing testGettingVerticesAndEdgesWithKeyValue...
Testing testAddingVerticesAndEdges...
Testing testSettingProperties...
Testing testDataTypeValidationOnProperties...
Testing testSimpleRemovingVerticesEdges...
Testing testRemovingEdges...
	titangraph[cassandra:null]: 100 vertices added in 617.4181799999205ms
	titangraph[cassandra:null]: 200 edges added in 5207.247128000017ms
	titangraph[cassandra:null]: 200 edges deleted (with size check on each delete) in 615.3344910000451ms
Testing testRemovingVertices...
	titangraph[cassandra:null]: 500 vertices added in 636.4763519999105ms
	titangraph[cassandra:null]: 250 edges added in 6433.301363000064ms
	titangraph[cassandra:null]: 500 vertices deleted (with size check on each delete) in 946.3320079999976ms
Testing testConnectivityPatterns...
Testing testVertexEdgeLabels...
Testing testVertexEdgeLabels2...
Testing testTreeConnectivity...
	titangraph[cassandra:null]: 1464 vertices added in a tree structure in 1177.1004200000316ms
	titangraph[cassandra:null]: 1464 vertices iterated in 3.4516529999673367ms
	titangraph[cassandra:null]: 1463 edges iterated in 6.692951999953948ms
Testing testConcurrentModification...
Testing testGraphDataPersists...
	titangraph[cassandra:null]: 1 graph loaded in 16.838401000015438ms
Testing testAutotypingOfProperties...
*** TOTAL TIME [GraphTestSuite]: 70962.47532800003 ***
Testing testVertexQuery...
Testing testGraphQueryForVertices...
Testing testGraphQueryForEdges...
*** TOTAL TIME [QueryTestSuite]: 11207.190599000081 ***
Testing testNoConcurrentModificationException...
Testing testGettingVerticesAndEdgesWithKeyValue...
Testing testAutoIndexKeyManagementWithPersistence...
	titangraph[cassandra:null]: 2 automatic index keys added in 616.3888390000211ms
Testing testKeyIndicesConsistentWithElementRemoval...
*** TOTAL TIME [KeyIndexableGraphTestSuite]: 10851.928941999911 ***
Testing testCompetingThreads...
Testing testTrue...
Testing testRepeatedTransactionStopException...
Testing testAutoStartTransaction...
Testing testTransactionsForVertices...
	titangraph[cassandra:null]: 1 vertex not added in failed transaction in 3.088166999979876ms
	titangraph[cassandra:null]: 1 vertex added in successful transaction in 1.70224400004372ms
Testing testBasicVertexEdgeTransactions...
Testing testBruteVertexTransactions...
	titangraph[cassandra:null]: 100 vertices added in 100 successful transactions in 701.8423160000239ms
	titangraph[cassandra:null]: 100 vertices not added in 100 failed transactions in 10.689799999934621ms
	titangraph[cassandra:null]: 100 vertices added in 1 successful transactions in 30.42063299997244ms
	titangraph[cassandra:null]: 100 vertices not added in 1 failed transactions in 49.9264709999552ms
Testing testTransactionsForEdges...
	titangraph[cassandra:null]: 1 edge not added in failed transaction (w/ iteration) in 328.13698099995963ms
	titangraph[cassandra:null]: 1 edge added in successful transaction (w/ iteration) in 118.44132899993565ms
Testing testBruteEdgeTransactions...
	titangraph[cassandra:null]: 100 edges added in 100 successful transactions (2 vertices added for each edge) in 1107.8001839999342ms
	titangraph[cassandra:null]: 100 edges not added in 100 failed transactions (2 vertices added for each edge) in 24.103665000060573ms
	titangraph[cassandra:null]: 100 edges added in 1 successful transactions (2 vertices added for each edge) in 116.93578699999489ms
	titangraph[cassandra:null]: 100 edges not added in 1 failed transactions (2 vertices added for each edge) in 118.30492999998387ms
Testing testPropertyTransactions...
	titangraph[cassandra:null]: 1 vertex added with string property in a successful transaction in 1022.898440000019ms
	titangraph[cassandra:null]: 1 integer property not added in a failed transaction in 3.610058999969624ms
	titangraph[cassandra:null]: 2 vertex properties checked in a successful transaction in 1.967634000000544ms
	titangraph[cassandra:null]: 1 edge property added and checked in a successful transaction in 112.35432700009551ms
	titangraph[cassandra:null]: 1 edge property added and checked in a failed transaction in 1.45844100008253ms
Testing testIndexTransactions...
Testing testAutomaticSuccessfulTransactionOnShutdown...
Testing testVertexCountOnPreTransactionCommit...
Testing testBulkTransactionsOnEdges...
Testing testTransactionIsolationCommitCheck...
added vertex
reading vertex before tx
read vertex before tx
Testing testRemoveInTransaction...
*** TOTAL TIME [TransactionalTitanGraphTestSuite]: 46520.24079099996 ***
Testing testVertexReattachment...
*** TOTAL TIME [TitanSpecificBlueprintsTestSuite]: 3891.227354999981 ***
Testing testReadingTinkerGraph...
Testing testTinkerGraphEdges...
	titangraph[cassandra:null]: graph-example-1 loaded in 1130.9082560000243ms
Testing testTinkerGraphVertices...
	titangraph[cassandra:null]: graph-example-1 loaded in 1063.0402909999248ms
Testing testTinkerGraphSoftwareVertices...
	titangraph[cassandra:null]: graph-example-1 loaded in 1058.981996999937ms
Testing testTinkerGraphVertexAndEdges...
	titangraph[cassandra:null]: graph-example-1 loaded in 1055.4715559999458ms
Testing testReadingTinkerGraphExample3...
Testing testReadingTinkerGraphExample3MappingLabels...
	titangraph[cassandra:null]: graph-example-3 loaded in 1060.5934359999374ms
Testing testReadingTinkerGraphExample3MappingIDs...
	titangraph[cassandra:null]: graph-example-3 loaded in 1056.712247999967ms
Testing testReadingTinkerGraphExample3MappingAll...
	titangraph[cassandra:null]: graph-example-3 loaded in 1092.4623610000126ms
Testing testMigratingTinkerGraphExample3...
Testing testAllGraphMLTypeCastsAndDataMappings...
*** TOTAL TIME [GraphMLReaderTestSuite]: 28844.866219999967 ***
Testing testReadingTinkerGraph...
Testing testTinkerGraphEdges...
	titangraph[cassandra:null]: graph-example-1 loaded in 1382.0735130000394ms
Testing testTinkerGraphVertices...
	titangraph[cassandra:null]: graph-example-1 loaded in 1075.226810000022ms
Testing testTinkerGraphSoftwareVertices...
	titangraph[cassandra:null]: graph-example-1 loaded in 1050.4100999999791ms
Testing testTinkerGraphVertexAndEdges...
	titangraph[cassandra:null]: graph-example-1 loaded in 1119.8156609999714ms
*** TOTAL TIME [GraphSONReaderTestSuite]: 17623.967586999992 ***
Testing testReadingTinkerGraph...
Testing testTinkerGraphEdges...
	titangraph[cassandra:null]: graph-example-1 loaded in 1049.9131719999714ms
Testing testTinkerGraphVertices...
	titangraph[cassandra:null]: graph-example-1 loaded in 1059.762793000089ms
Testing testTinkerGraphSoftwareVertices...
	titangraph[cassandra:null]: graph-example-1 loaded in 1066.159711000044ms
Testing testTinkerGraphVertexAndEdges...
	titangraph[cassandra:null]: graph-example-1 loaded in 1051.0539289999288ms
Testing testReadingTinkerGraphExample3...
Testing testReadingTinkerGraphExample3MappingLabels...
	titangraph[cassandra:null]: graph-example-3 loaded in 1089.2822199999355ms
Testing testReadingTinkerGraphExample3MappingIDs...
	titangraph[cassandra:null]: graph-example-3 loaded in 1062.9100420000032ms
Testing testReadingTinkerGraphExample3MappingAll...
	titangraph[cassandra:null]: graph-example-3 loaded in 1049.0600660000928ms
Testing testMigratingTinkerGraphExample3...
*** TOTAL TIME [GMLReaderTestSuite]: 26676.997286999947 ***
Tests run: 10, Failures: 0, Errors: 0, Skipped: 0, Time elapsed: 358.041 sec
Running com.thinkaurelius.titan.diskstorage.cassandra.thrift.InternalCassandraThriftMultiWriteKeyColumnValueStoreTest
Tests run: 2, Failures: 0, Errors: 0, Skipped: 0, Time elapsed: 47.999 sec
Running com.thinkaurelius.titan.graphdb.astyanax.InternalAstyanaxGraphTest
java.util.GregorianCalendar[time=278380800000,areFieldsSet=true,areAllFieldsSet=true,lenient=true,zone=sun.util.calendar.ZoneInfo[id="Etc/UTC",offset=0,dstSavings=0,useDaylight=false,transitions=0,lastRule=null],firstDayOfWeek=1,minimalDaysInFirstWeek=1,ERA=1,YEAR=1978,MONTH=9,WEEK_OF_YEAR=43,WEEK_OF_MONTH=4,DAY_OF_MONTH=28,DAY_OF_YEAR=301,DAY_OF_WEEK=7,DAY_OF_WEEK_IN_MONTH=4,AM_PM=0,HOUR=0,HOUR_OF_DAY=0,MINUTE=0,SECOND=0,MILLISECOND=0,ZONE_OFFSET=0,DST_OFFSET=0]
java.util.GregorianCalendar[time=278380800000,areFieldsSet=true,areAllFieldsSet=true,lenient=true,zone=sun.util.calendar.ZoneInfo[id="Etc/UTC",offset=0,dstSavings=0,useDaylight=false,transitions=0,lastRule=null],firstDayOfWeek=1,minimalDaysInFirstWeek=1,ERA=1,YEAR=1978,MONTH=9,WEEK_OF_YEAR=43,WEEK_OF_MONTH=4,DAY_OF_MONTH=28,DAY_OF_YEAR=301,DAY_OF_WEEK=7,DAY_OF_WEEK_IN_MONTH=4,AM_PM=0,HOUR=0,HOUR_OF_DAY=0,MINUTE=0,SECOND=0,MILLISECOND=0,ZONE_OFFSET=0,DST_OFFSET=0]
Tests run: 17, Failures: 0, Errors: 0, Skipped: 0, Time elapsed: 84.094 sec
Running com.thinkaurelius.titan.diskstorage.cassandra.thrift.InternalCassandraThriftKeyColumnValueTest
Loading time (ms): 1101
Reading time (ms): 10976
Tests run: 18, Failures: 0, Errors: 0, Skipped: 0, Time elapsed: 83.862 sec
Running com.thinkaurelius.titan.diskstorage.cassandra.thrift.InternalCassandraLockKeyColumnValueStoreTest
Tests run: 14, Failures: 0, Errors: 0, Skipped: 0, Time elapsed: 43.594 sec
Running com.thinkaurelius.titan.diskstorage.cassandra.astyanax.InternalAstyanaxMultiWriteKeyColumnValueTest
Tests run: 2, Failures: 0, Errors: 0, Skipped: 0, Time elapsed: 32.566 sec
Running com.thinkaurelius.titan.tinkerpop.rexster.RexsterServerClientCassandraEmbeddedTest
Tests run: 1, Failures: 0, Errors: 0, Skipped: 0, Time elapsed: 8.6 sec
Running com.thinkaurelius.titan.diskstorage.cassandra.embedded.InternalCassandraEmbeddedMultiWriteKeyColumnValueStoreTest
Tests run: 2, Failures: 0, Errors: 0, Skipped: 0, Time elapsed: 18.986 sec
Running com.thinkaurelius.titan.diskstorage.cassandra.astyanax.InternalAstyanaxKeyColumnValueTest
Loading time (ms): 1096
Reading time (ms): 12135
Tests run: 18, Failures: 0, Errors: 0, Skipped: 0, Time elapsed: 75.473 sec
Running com.thinkaurelius.titan.diskstorage.cassandra.embedded.InternalCassandraEmbeddedKeyColumnValueTest
Loading time (ms): 694
Reading time (ms): 6415
Tests run: 18, Failures: 0, Errors: 0, Skipped: 0, Time elapsed: 44.905 sec
Running com.thinkaurelius.titan.blueprints.EmbeddedCassandraBlueprintsTest
Testing testVertexEquality...
	titangraph[embeddedcassandra:null]: 1 vertex added and retrieved in 648.9200770000461ms
Testing testVertexEqualityForSuppliedIdsAndHashCode...
Testing testBasicAddVertex...
Testing testGetVertexWithNull...
Testing testRemoveVertex...
Testing testRemoveVertexWithEdges...
Testing testGetNonExistantVertices...
Testing testRemoveVertexNullId...
	titangraph[embeddedcassandra:null]: 100 vertices added in 10.473850999958813ms
	titangraph[embeddedcassandra:null]: 100 vertices removed in 8.288301000138745ms
Testing testVertexIterator...
	titangraph[embeddedcassandra:null]: 1000 vertices added in 706.0644649998285ms
	titangraph[embeddedcassandra:null]: 1000 vertices counted in 3.2420830000191927ms
Testing testLegalVertexEdgeIterables...
Testing testAddVertexProperties...
Testing testAddManyVertexProperties...
	titangraph[embeddedcassandra:null]: 750 vertex properties added (with vertices being added too) in 19847.756162999896ms
Testing testRemoveVertexProperties...
Testing testAddingIdProperty...
Testing testNoConcurrentModificationException...
Testing testGettingEdgesAndVertices...
Testing testEmptyKeyProperty...
Testing testVertexCentricLinking...
Testing testVertexCentricRemoving...
Testing testConcurrentModificationOnProperties...
Testing testSettingBadVertexProperties...
*** TOTAL TIME [VertexTestSuite]: 83305.89808800002 ***
Testing testNoConcurrentModificationException...
Testing testEmptyKeyProperty...
Testing testSettingBadVertexProperties...
Testing testEdgeEquality...
Testing testAddEdges...
	titangraph[embeddedcassandra:null]: 6 elements added and checked in 915.9521210000385ms
Testing testAddManyEdges...
	titangraph[embeddedcassandra:null]: 300 elements added in 3347.0042060001288ms
	titangraph[embeddedcassandra:null]: 100 edges counted in 4.346678000176325ms
	titangraph[embeddedcassandra:null]: 200 vertices counted in 0.8078610000666231ms
	titangraph[embeddedcassandra:null]: 200 vertices checked in 9.170082000084221ms
Testing testGetEdges...
	titangraph[embeddedcassandra:null]: 3 edges retrieved in 1.2855070000514388ms
Testing testGetNonExistantEdges...
Testing testRemoveManyEdges...
	titangraph[embeddedcassandra:null]: 20 vertices counted in 1.3009560001082718ms
	titangraph[embeddedcassandra:null]: 10 edges counted in 1.14847999997437ms
	titangraph[embeddedcassandra:null]: 10 edges removed and graph checked in 23.617622999940068ms
Testing testAddingDuplicateEdges...
Testing testRemoveEdgesByRemovingVertex...
Testing testRemoveEdges...
Testing testAddingSelfLoops...
Testing testRemoveSelfLoops...
Testing testEdgeIterator...
Testing testAddingRemovingEdgeProperties...
Testing testAddingLabelAndIdProperty...
Testing testEdgeCentricRemoving...
*** TOTAL TIME [EdgeTestSuite]: 75023.54561199993 ***
Testing testFeatureCompliance...
supportsDuplicateEdges: true
supportsSelfLoops: true
supportsSerializableObjectProperty: true
supportsBooleanProperty: true
supportsDoubleProperty: true
supportsFloatProperty: true
supportsIntegerProperty: true
supportsPrimitiveArrayProperty: true
supportsUniformListProperty: true
supportsMixedListProperty: true
supportsLongProperty: true
supportsMapProperty: true
supportsStringProperty: true
ignoresSuppliedIds: true
isPersistent: true
isRDFModel: false
isWrapper: false
supportsIndices: false
supportsVertexIndex: false
supportsEdgeIndex: false
supportsKeyIndices: true
supportsVertexKeyIndex: true
supportsEdgeKeyIndex: false
supportsEdgeIteration: true
supportsVertexIteration: true
supportsEdgeRetrieval: true
supportsVertexProperties: true
supportsEdgeProperties: true
supportsTransactions: true
supportsThreadedTransactions: true
Testing testEmptyOnConstruction...
Testing testStringRepresentationOfVertexId...
Testing testSemanticallyCorrectIterables...
Testing testGettingVerticesAndEdgesWithKeyValue...
Testing testAddingVerticesAndEdges...
Testing testSettingProperties...
Testing testDataTypeValidationOnProperties...
Testing testSimpleRemovingVerticesEdges...
Testing testRemovingEdges...
	titangraph[embeddedcassandra:null]: 100 vertices added in 614.6653779998887ms
	titangraph[embeddedcassandra:null]: 200 edges added in 5173.318181999959ms
	titangraph[embeddedcassandra:null]: 200 edges deleted (with size check on each delete) in 404.6732600000687ms
Testing testRemovingVertices...
	titangraph[embeddedcassandra:null]: 500 vertices added in 635.3340150001459ms
	titangraph[embeddedcassandra:null]: 250 edges added in 6388.303280000109ms
	titangraph[embeddedcassandra:null]: 500 vertices deleted (with size check on each delete) in 519.4364589999896ms
Testing testConnectivityPatterns...
Testing testVertexEdgeLabels...
Testing testVertexEdgeLabels2...
Testing testTreeConnectivity...
	titangraph[embeddedcassandra:null]: 1464 vertices added in a tree structure in 1195.6533660001587ms
	titangraph[embeddedcassandra:null]: 1464 vertices iterated in 2.5323859998025ms
	titangraph[embeddedcassandra:null]: 1463 edges iterated in 5.385184000013396ms
Testing testConcurrentModification...
Testing testGraphDataPersists...
	titangraph[embeddedcassandra:null]: 1 graph loaded in 3.9804480001330376ms
Testing testAutotypingOfProperties...
*** TOTAL TIME [GraphTestSuite]: 78471.68500799988 ***
Testing testVertexQuery...
Testing testGraphQueryForVertices...
Testing testGraphQueryForEdges...
*** TOTAL TIME [QueryTestSuite]: 16876.51152900001 ***
Testing testNoConcurrentModificationException...
Testing testGettingVerticesAndEdgesWithKeyValue...
Testing testAutoIndexKeyManagementWithPersistence...
	titangraph[embeddedcassandra:null]: 2 automatic index keys added in 608.4581349999644ms
Testing testKeyIndicesConsistentWithElementRemoval...
*** TOTAL TIME [KeyIndexableGraphTestSuite]: 19587.389538000105 ***
Testing testCompetingThreads...
Testing testTrue...
Testing testRepeatedTransactionStopException...
Testing testAutoStartTransaction...
Testing testTransactionsForVertices...
	titangraph[embeddedcassandra:null]: 1 vertex not added in failed transaction in 2.800785999977961ms
	titangraph[embeddedcassandra:null]: 1 vertex added in successful transaction in 1.298558000009507ms
Testing testBasicVertexEdgeTransactions...
Testing testBruteVertexTransactions...
	titangraph[embeddedcassandra:null]: 100 vertices added in 100 successful transactions in 649.9227400000673ms
	titangraph[embeddedcassandra:null]: 100 vertices not added in 100 failed transactions in 10.894911000039428ms
	titangraph[embeddedcassandra:null]: 100 vertices added in 1 successful transactions in 19.135974999982864ms
	titangraph[embeddedcassandra:null]: 100 vertices not added in 1 failed transactions in 23.593543000053614ms
Testing testTransactionsForEdges...
	titangraph[embeddedcassandra:null]: 1 edge not added in failed transaction (w/ iteration) in 309.376365999924ms
	titangraph[embeddedcassandra:null]: 1 edge added in successful transaction (w/ iteration) in 107.9320229999721ms
Testing testBruteEdgeTransactions...
	titangraph[embeddedcassandra:null]: 100 edges added in 100 successful transactions (2 vertices added for each edge) in 1085.3605879999232ms
	titangraph[embeddedcassandra:null]: 100 edges not added in 100 failed transactions (2 vertices added for each edge) in 22.333877000026405ms
	titangraph[embeddedcassandra:null]: 100 edges added in 1 successful transactions (2 vertices added for each edge) in 56.912037999834865ms
	titangraph[embeddedcassandra:null]: 100 edges not added in 1 failed transactions (2 vertices added for each edge) in 68.65637000021525ms
Testing testPropertyTransactions...
	titangraph[embeddedcassandra:null]: 1 vertex added with string property in a successful transaction in 1017.2978880000301ms
	titangraph[embeddedcassandra:null]: 1 integer property not added in a failed transaction in 1.864807999925688ms
	titangraph[embeddedcassandra:null]: 2 vertex properties checked in a successful transaction in 1.1790729998610914ms
	titangraph[embeddedcassandra:null]: 1 edge property added and checked in a successful transaction in 105.54446100001223ms
	titangraph[embeddedcassandra:null]: 1 edge property added and checked in a failed transaction in 1.2199000001419336ms
Testing testIndexTransactions...
Testing testAutomaticSuccessfulTransactionOnShutdown...
Testing testVertexCountOnPreTransactionCommit...
Testing testBulkTransactionsOnEdges...
Testing testTransactionIsolationCommitCheck...
added vertex
reading vertex before tx
read vertex before tx
Testing testRemoveInTransaction...
*** TOTAL TIME [TransactionalTitanGraphTestSuite]: 47057.43225399987 ***
Testing testVertexReattachment...
*** TOTAL TIME [TitanSpecificBlueprintsTestSuite]: 4262.6692289998755 ***
Testing testReadingTinkerGraph...
Testing testTinkerGraphEdges...
	titangraph[embeddedcassandra:null]: graph-example-1 loaded in 1061.5545489999931ms
Testing testTinkerGraphVertices...
	titangraph[embeddedcassandra:null]: graph-example-1 loaded in 1036.7329690000042ms
Testing testTinkerGraphSoftwareVertices...
	titangraph[embeddedcassandra:null]: graph-example-1 loaded in 1036.231214000145ms
Testing testTinkerGraphVertexAndEdges...
	titangraph[embeddedcassandra:null]: graph-example-1 loaded in 1035.8199759998824ms
Testing testReadingTinkerGraphExample3...
Testing testReadingTinkerGraphExample3MappingLabels...
	titangraph[embeddedcassandra:null]: graph-example-3 loaded in 1041.5025440000463ms
Testing testReadingTinkerGraphExample3MappingIDs...
	titangraph[embeddedcassandra:null]: graph-example-3 loaded in 1033.8134960001335ms
Testing testReadingTinkerGraphExample3MappingAll...
	titangraph[embeddedcassandra:null]: graph-example-3 loaded in 1052.7575860000215ms
Testing testMigratingTinkerGraphExample3...
Testing testAllGraphMLTypeCastsAndDataMappings...
*** TOTAL TIME [GraphMLReaderTestSuite]: 34160.58491600002 ***
Testing testReadingTinkerGraph...
Testing testTinkerGraphEdges...
	titangraph[embeddedcassandra:null]: graph-example-1 loaded in 1281.9169979998842ms
Testing testTinkerGraphVertices...
	titangraph[embeddedcassandra:null]: graph-example-1 loaded in 1031.8343970000278ms
Testing testTinkerGraphSoftwareVertices...
	titangraph[embeddedcassandra:null]: graph-example-1 loaded in 1035.638246000046ms
Testing testTinkerGraphVertexAndEdges...
	titangraph[embeddedcassandra:null]: graph-example-1 loaded in 1034.586352000013ms
*** TOTAL TIME [GraphSONReaderTestSuite]: 16337.901085999794 ***
Testing testReadingTinkerGraph...
Testing testTinkerGraphEdges...
	titangraph[embeddedcassandra:null]: graph-example-1 loaded in 1033.9094089998398ms
Testing testTinkerGraphVertices...
	titangraph[embeddedcassandra:null]: graph-example-1 loaded in 1028.8628100000788ms
Testing testTinkerGraphSoftwareVertices...
	titangraph[embeddedcassandra:null]: graph-example-1 loaded in 1030.7589439998847ms
Testing testTinkerGraphVertexAndEdges...
	titangraph[embeddedcassandra:null]: graph-example-1 loaded in 1058.1065569999628ms
Testing testReadingTinkerGraphExample3...
Testing testReadingTinkerGraphExample3MappingLabels...
	titangraph[embeddedcassandra:null]: graph-example-3 loaded in 1033.9753829999827ms
Testing testReadingTinkerGraphExample3MappingIDs...
	titangraph[embeddedcassandra:null]: graph-example-3 loaded in 1034.01371999993ms
Testing testReadingTinkerGraphExample3MappingAll...
	titangraph[embeddedcassandra:null]: graph-example-3 loaded in 1030.8972829999402ms
Testing testMigratingTinkerGraphExample3...
*** TOTAL TIME [GMLReaderTestSuite]: 28334.095794000197 ***
Tests run: 10, Failures: 0, Errors: 0, Skipped: 0, Time elapsed: 403.489 sec
Running com.thinkaurelius.titan.diskstorage.cassandra.embedded.InternalCassandraEmbeddedLockKeyColumnValueStoreTest
Tests run: 14, Failures: 0, Errors: 0, Skipped: 0, Time elapsed: 35.309 sec
Running com.thinkaurelius.titan.graphdb.embedded.InternalCassandraEmbeddedGraphTest
java.util.GregorianCalendar[time=278380800000,areFieldsSet=true,areAllFieldsSet=true,lenient=true,zone=sun.util.calendar.ZoneInfo[id="Etc/UTC",offset=0,dstSavings=0,useDaylight=false,transitions=0,lastRule=null],firstDayOfWeek=1,minimalDaysInFirstWeek=1,ERA=1,YEAR=1978,MONTH=9,WEEK_OF_YEAR=43,WEEK_OF_MONTH=4,DAY_OF_MONTH=28,DAY_OF_YEAR=301,DAY_OF_WEEK=7,DAY_OF_WEEK_IN_MONTH=4,AM_PM=0,HOUR=0,HOUR_OF_DAY=0,MINUTE=0,SECOND=0,MILLISECOND=0,ZONE_OFFSET=0,DST_OFFSET=0]
java.util.GregorianCalendar[time=278380800000,areFieldsSet=true,areAllFieldsSet=true,lenient=true,zone=sun.util.calendar.ZoneInfo[id="Etc/UTC",offset=0,dstSavings=0,useDaylight=false,transitions=0,lastRule=null],firstDayOfWeek=1,minimalDaysInFirstWeek=1,ERA=1,YEAR=1978,MONTH=9,WEEK_OF_YEAR=43,WEEK_OF_MONTH=4,DAY_OF_MONTH=28,DAY_OF_YEAR=301,DAY_OF_WEEK=7,DAY_OF_WEEK_IN_MONTH=4,AM_PM=0,HOUR=0,HOUR_OF_DAY=0,MINUTE=0,SECOND=0,MILLISECOND=0,ZONE_OFFSET=0,DST_OFFSET=0]
Tests run: 17, Failures: 0, Errors: 0, Skipped: 0, Time elapsed: 76.182 sec
Running com.thinkaurelius.titan.diskstorage.cassandra.UUIDTest
Tests run: 1, Failures: 0, Errors: 0, Skipped: 0, Time elapsed: 0.479 sec
Running com.thinkaurelius.titan.graphdb.thrift.InternalCassandraGraphTest
java.util.GregorianCalendar[time=278380800000,areFieldsSet=true,areAllFieldsSet=true,lenient=true,zone=sun.util.calendar.ZoneInfo[id="Etc/UTC",offset=0,dstSavings=0,useDaylight=false,transitions=0,lastRule=null],firstDayOfWeek=1,minimalDaysInFirstWeek=1,ERA=1,YEAR=1978,MONTH=9,WEEK_OF_YEAR=43,WEEK_OF_MONTH=4,DAY_OF_MONTH=28,DAY_OF_YEAR=301,DAY_OF_WEEK=7,DAY_OF_WEEK_IN_MONTH=4,AM_PM=0,HOUR=0,HOUR_OF_DAY=0,MINUTE=0,SECOND=0,MILLISECOND=0,ZONE_OFFSET=0,DST_OFFSET=0]
java.util.GregorianCalendar[time=278380800000,areFieldsSet=true,areAllFieldsSet=true,lenient=true,zone=sun.util.calendar.ZoneInfo[id="Etc/UTC",offset=0,dstSavings=0,useDaylight=false,transitions=0,lastRule=null],firstDayOfWeek=1,minimalDaysInFirstWeek=1,ERA=1,YEAR=1978,MONTH=9,WEEK_OF_YEAR=43,WEEK_OF_MONTH=4,DAY_OF_MONTH=28,DAY_OF_YEAR=301,DAY_OF_WEEK=7,DAY_OF_WEEK_IN_MONTH=4,AM_PM=0,HOUR=0,HOUR_OF_DAY=0,MINUTE=0,SECOND=0,MILLISECOND=0,ZONE_OFFSET=0,DST_OFFSET=0]
Tests run: 17, Failures: 0, Errors: 0, Skipped: 0, Time elapsed: 70.592 sec
Running com.thinkaurelius.titan.diskstorage.cassandra.astyanax.InternalAstyanaxLockKeyColumnValueStoreTest
Tests run: 14, Failures: 0, Errors: 0, Skipped: 0, Time elapsed: 33.859 sec

Results :

Tests run: 175, Failures: 0, Errors: 0, Skipped: 0

[INFO]                                                                         
[INFO] ------------------------------------------------------------------------
[INFO] Building Titan-HBase: Distributed Graph Database 0.2.1-SNAPSHOT
[INFO] ------------------------------------------------------------------------
[INFO] 
[INFO] --- maven-enforcer-plugin:1.0:enforce (enforce-maven) @ titan-hbase ---
[INFO] 
[INFO] --- maven-resources-plugin:2.3:resources (default-resources) @ titan-hbase ---
[INFO] Using 'UTF-8' encoding to copy filtered resources.
[INFO] Copying 2 resources
[INFO] 
[INFO] --- maven-compiler-plugin:2.5.1:compile (default-compile) @ titan-hbase ---
[INFO] Nothing to compile - all classes are up to date
[INFO] 
[INFO] --- maven-resources-plugin:2.3:testResources (default-testResources) @ titan-hbase ---
[INFO] Using 'UTF-8' encoding to copy filtered resources.
[INFO] Copying 2 resources
[INFO] 
[INFO] --- maven-compiler-plugin:2.5.1:testCompile (default-testCompile) @ titan-hbase ---
[INFO] Nothing to compile - all classes are up to date
[INFO] 
[INFO] --- maven-dependency-plugin:2.7:copy-dependencies (default) @ titan-hbase ---
[INFO] Copying gremlin-groovy-2.3.0-SNAPSHOT.jar to /home/travis/build/thinkaurelius/titan/titan-hbase/target/test-lib/gremlin-groovy-2.3.0-SNAPSHOT.jar
[INFO] Copying gremlin-java-2.3.0-SNAPSHOT.jar to /home/travis/build/thinkaurelius/titan/titan-hbase/target/test-lib/gremlin-java-2.3.0-SNAPSHOT.jar
[INFO] Copying pipes-2.3.0-SNAPSHOT.jar to /home/travis/build/thinkaurelius/titan/titan-hbase/target/test-lib/pipes-2.3.0-SNAPSHOT.jar
[INFO] Copying rexster-server-2.3.0-SNAPSHOT.jar to /home/travis/build/thinkaurelius/titan/titan-hbase/target/test-lib/rexster-server-2.3.0-SNAPSHOT.jar
[INFO] Copying rexster-core-2.3.0-SNAPSHOT.jar to /home/travis/build/thinkaurelius/titan/titan-hbase/target/test-lib/rexster-core-2.3.0-SNAPSHOT.jar
[INFO] Copying rexster-protocol-2.3.0-SNAPSHOT.jar to /home/travis/build/thinkaurelius/titan/titan-hbase/target/test-lib/rexster-protocol-2.3.0-SNAPSHOT.jar
[INFO] Copying blueprints-core-2.3.0-SNAPSHOT.jar to /home/travis/build/thinkaurelius/titan/titan-hbase/target/test-lib/blueprints-core-2.3.0-SNAPSHOT.jar
[INFO] Copying blueprints-test-2.3.0-SNAPSHOT.jar to /home/travis/build/thinkaurelius/titan/titan-hbase/target/test-lib/blueprints-test-2.3.0-SNAPSHOT.jar
[INFO] grizzly-http-2.2.16.jar already exists in destination.
[INFO] guava-12.0.jar already exists in destination.
[INFO] oro-2.0.8.jar already exists in destination.
[INFO] pfl-tf-1.0.0-b001.jar already exists in destination.
[INFO] stax-api-1.0.1.jar already exists in destination.
[INFO] commons-net-1.4.1.jar already exists in destination.
[INFO] json-simple-1.1.jar already exists in destination.
[INFO] metrics-core-2.1.2.jar already exists in destination.
[INFO] pfl-basic-tools-1.0.0-b001.jar already exists in destination.
[INFO] concurrent-1.3.4.jar already exists in destination.
[INFO] httpcore-4.1.3.jar already exists in destination.
[INFO] hadoop-core-1.0.3.jar already exists in destination.
[INFO] groovy-1.8.9.jar already exists in destination.
[INFO] jline-0.9.94.jar already exists in destination.
[INFO] minlog-1.2.jar already exists in destination.
[INFO] commons-beanutils-1.7.0.jar already exists in destination.
[INFO] jackson-datatype-json-org-2.1.2.jar already exists in destination.
[INFO] classes already exists in destination.
[INFO] commons-httpclient-3.1.jar already exists in destination.
[INFO] javax.servlet-api-3.0.1.jar already exists in destination.
[INFO] asm-commons-3.2.jar already exists in destination.
[INFO] colt-1.2.0.jar already exists in destination.
[INFO] commons-cli-1.2.jar already exists in destination.
[INFO] jersey-client-1.17.jar already exists in destination.
[INFO] jersey-servlet-1.17.jar already exists in destination.
[INFO] jasper-compiler-5.5.23.jar already exists in destination.
[INFO] jackson-annotations-2.1.1.jar already exists in destination.
[INFO] log4j-1.2.16.jar already exists in destination.
[INFO] jamon-runtime-2.3.1.jar already exists in destination.
[INFO] jackson-xc-1.8.8.jar already exists in destination.
[INFO] kfs-0.3.jar already exists in destination.
[INFO] jackson-core-asl-1.8.8.jar already exists in destination.
[INFO] libthrift-0.8.0.jar already exists in destination.
[INFO] grizzly-http-servlet-2.2.16.jar already exists in destination.
[INFO] asm-3.2.jar already exists in destination.
[INFO] commons-math-2.2.jar already exists in destination.
[INFO] jaxb-api-2.1.jar already exists in destination.
[INFO] jettison-1.3.3.jar already exists in destination.
[INFO] slf4j-api-1.6.1.jar already exists in destination.
[INFO] grizzly-framework-2.2.16.jar already exists in destination.
[INFO] jersey-core-1.8.jar already exists in destination.
[INFO] jaxb-impl-2.2.3-1.jar already exists in destination.
[INFO] commons-el-1.0.jar already exists in destination.
[INFO] kryo-1.04.jar already exists in destination.
[INFO] asm-analysis-3.2.jar already exists in destination.
[INFO] mockito-all-1.8.1.jar already exists in destination.
[INFO] core-3.1.1.jar already exists in destination.
[INFO] jackson-databind-2.1.2.jar already exists in destination.
[INFO] asm-tree-3.2.jar already exists in destination.
[INFO] hbase-0.94.1.jar already exists in destination.
[INFO] commons-logging-1.1.1.jar already exists in destination.
[INFO] httpclient-4.1.2.jar already exists in destination.
[INFO] commons-codec-1.7.jar already exists in destination.
[INFO] protobuf-java-2.4.0a.jar already exists in destination.
[INFO] jersey-grizzly2-1.17.jar already exists in destination.
[INFO] jsp-2.1-6.1.14.jar already exists in destination.
[INFO] grizzly-portunif-2.2.16.jar already exists in destination.
[INFO] gmbal-3.2.0-b003.jar already exists in destination.
[INFO] jackson-mapper-asl-1.8.8.jar already exists in destination.
[INFO] jetty-util-6.1.26.jar already exists in destination.
[INFO] jersey-server-1.8.jar already exists in destination.
[INFO] commons-digester-1.8.jar already exists in destination.
[INFO] activation-1.1.jar already exists in destination.
[INFO] commons-lang-2.5.jar already exists in destination.
[INFO] classes already exists in destination.
[INFO] xmlenc-0.52.jar already exists in destination.
[INFO] jets3t-0.7.1.jar already exists in destination.
[INFO] commons-beanutils-core-1.8.0.jar already exists in destination.
[INFO] antlr-2.7.7.jar already exists in destination.
[INFO] grizzly-rcm-2.2.16.jar already exists in destination.
[INFO] asm-util-3.2.jar already exists in destination.
[INFO] pfl-tf-tools-1.0.0-b001.jar already exists in destination.
[INFO] hsqldb-1.8.0.10.jar already exists in destination.
[INFO] grizzly-core-2.2.16.jar already exists in destination.
[INFO] grizzly-http-server-2.2.16.jar already exists in destination.
[INFO] jsr305-1.3.9.jar already exists in destination.
[INFO] junit-4.8.1.jar already exists in destination.
[INFO] jackson-core-2.1.2.jar already exists in destination.
[INFO] servlet-api-2.5-6.1.14.jar already exists in destination.
[INFO] jsp-api-2.1-6.1.14.jar already exists in destination.
[INFO] netty-3.2.4.Final.jar already exists in destination.
[INFO] jansi-1.5.jar already exists in destination.
[INFO] zookeeper-3.4.3.jar already exists in destination.
[INFO] commons-collections-3.2.1.jar already exists in destination.
[INFO] json-20090211.jar already exists in destination.
[INFO] commons-io-2.0.1.jar already exists in destination.
[INFO] commons-configuration-1.6.jar already exists in destination.
[INFO] management-api-3.0.0-b012.jar already exists in destination.
[INFO] slf4j-log4j12-1.6.1.jar already exists in destination.
[INFO] msgpack-0.6.5.jar already exists in destination.
[INFO] jersey-json-1.8.jar already exists in destination.
[INFO] jasper-runtime-5.5.23.jar already exists in destination.
[INFO] jackson-jaxrs-1.8.8.jar already exists in destination.
[INFO] avro-ipc-1.5.3.jar already exists in destination.
[INFO] reflectasm-1.01.jar already exists in destination.
[INFO] javassist-3.15.0-GA.jar already exists in destination.
[INFO] pfl-basic-1.0.0-b001.jar already exists in destination.
[INFO] jetty-6.1.26.jar already exists in destination.
[INFO] pfl-asm-1.0.0-b001.jar already exists in destination.
[INFO] high-scale-lib-1.1.1.jar already exists in destination.
[INFO] velocity-1.7.jar already exists in destination.
[INFO] 
[INFO] --- maven-surefire-plugin:2.12.1:test (default-test) @ titan-hbase ---
[INFO] Surefire report directory: /home/travis/build/thinkaurelius/titan/titan-hbase/target/surefire-reports

-------------------------------------------------------
 T E S T S
-------------------------------------------------------
Running com.thinkaurelius.titan.diskstorage.hbase.HBaseKeyColumnValueTest
Loading time (ms): 1581
Reading time (ms): 3886
Tests run: 17, Failures: 0, Errors: 0, Skipped: 0, Time elapsed: 136.873 sec
Running com.thinkaurelius.titan.diskstorage.hbase.HBaseLockKeyColumnValueStoreTest
Tests run: 14, Failures: 0, Errors: 0, Skipped: 0, Time elapsed: 35.113 sec
Running com.thinkaurelius.titan.diskstorage.hbase.HBaseMultiWriteKeyColumnValueStoreTest
Tests run: 2, Failures: 1, Errors: 0, Skipped: 0, Time elapsed: 40.226 sec <<< FAILURE!
Running com.thinkaurelius.titan.graphdb.hbase.HBaseGraphTest
java.util.GregorianCalendar[time=278380800000,areFieldsSet=true,areAllFieldsSet=true,lenient=true,zone=sun.util.calendar.ZoneInfo[id="Etc/UTC",offset=0,dstSavings=0,useDaylight=false,transitions=0,lastRule=null],firstDayOfWeek=1,minimalDaysInFirstWeek=1,ERA=1,YEAR=1978,MONTH=9,WEEK_OF_YEAR=43,WEEK_OF_MONTH=4,DAY_OF_MONTH=28,DAY_OF_YEAR=301,DAY_OF_WEEK=7,DAY_OF_WEEK_IN_MONTH=4,AM_PM=0,HOUR=0,HOUR_OF_DAY=0,MINUTE=0,SECOND=0,MILLISECOND=0,ZONE_OFFSET=0,DST_OFFSET=0]
java.util.GregorianCalendar[time=278380800000,areFieldsSet=true,areAllFieldsSet=true,lenient=true,zone=sun.util.calendar.ZoneInfo[id="Etc/UTC",offset=0,dstSavings=0,useDaylight=false,transitions=0,lastRule=null],firstDayOfWeek=1,minimalDaysInFirstWeek=1,ERA=1,YEAR=1978,MONTH=9,WEEK_OF_YEAR=43,WEEK_OF_MONTH=4,DAY_OF_MONTH=28,DAY_OF_YEAR=301,DAY_OF_WEEK=7,DAY_OF_WEEK_IN_MONTH=4,AM_PM=0,HOUR=0,HOUR_OF_DAY=0,MINUTE=0,SECOND=0,MILLISECOND=0,ZONE_OFFSET=0,DST_OFFSET=0]
Tests run: 17, Failures: 0, Errors: 0, Skipped: 0, Time elapsed: 82.733 sec
Running com.thinkaurelius.titan.blueprints.HBaseBlueprintsTest
Testing testVertexEquality...
	titangraph[hbase:null]: 1 vertex added and retrieved in 608.7693730001338ms
Testing testVertexEqualityForSuppliedIdsAndHashCode...
Testing testBasicAddVertex...
Testing testGetVertexWithNull...
Testing testRemoveVertex...
Testing testRemoveVertexWithEdges...
Testing testGetNonExistantVertices...
Testing testRemoveVertexNullId...
	titangraph[hbase:null]: 100 vertices added in 3.3695630002766848ms
	titangraph[hbase:null]: 100 vertices removed in 3.2969450000673532ms
Testing testVertexIterator...
	titangraph[hbase:null]: 1000 vertices added in 634.880955000408ms
	titangraph[hbase:null]: 1000 vertices counted in 87.04610700020567ms
Testing testLegalVertexEdgeIterables...
Testing testAddVertexProperties...
Testing testAddManyVertexProperties...
	titangraph[hbase:null]: 750 vertex properties added (with vertices being added too) in 19855.492502000183ms
Testing testRemoveVertexProperties...
Testing testAddingIdProperty...
Testing testNoConcurrentModificationException...
Testing testGettingEdgesAndVertices...
Testing testEmptyKeyProperty...
Testing testVertexCentricLinking...
Testing testVertexCentricRemoving...
Testing testConcurrentModificationOnProperties...
Testing testSettingBadVertexProperties...
*** TOTAL TIME [VertexTestSuite]: 63172.66855500033 ***
Testing testNoConcurrentModificationException...
Testing testEmptyKeyProperty...
Testing testSettingBadVertexProperties...
Testing testEdgeEquality...
Testing testAddEdges...
	titangraph[hbase:null]: 6 elements added and checked in 927.8823040002026ms
Testing testAddManyEdges...
	titangraph[hbase:null]: 300 elements added in 3363.9362790002488ms
	titangraph[hbase:null]: 100 edges counted in 97.83738899976015ms
	titangraph[hbase:null]: 200 vertices counted in 110.86629699962214ms
	titangraph[hbase:null]: 200 vertices checked in 131.90562300011516ms
Testing testGetEdges...
	titangraph[hbase:null]: 3 edges retrieved in 0.25067400000989437ms
Testing testGetNonExistantEdges...
Testing testRemoveManyEdges...
	titangraph[hbase:null]: 20 vertices counted in 108.34482700005174ms
	titangraph[hbase:null]: 10 edges counted in 117.7766849999316ms
	titangraph[hbase:null]: 10 edges removed and graph checked in 2277.907525999937ms
Testing testAddingDuplicateEdges...
Testing testRemoveEdgesByRemovingVertex...
Testing testRemoveEdges...
Testing testAddingSelfLoops...
Testing testRemoveSelfLoops...
Testing testEdgeIterator...
Testing testAddingRemovingEdgeProperties...
Testing testAddingLabelAndIdProperty...
Testing testEdgeCentricRemoving...
*** TOTAL TIME [EdgeTestSuite]: 47617.29890100006 ***
Testing testFeatureCompliance...
supportsDuplicateEdges: true
supportsSelfLoops: true
supportsSerializableObjectProperty: true
supportsBooleanProperty: true
supportsDoubleProperty: true
supportsFloatProperty: true
supportsIntegerProperty: true
supportsPrimitiveArrayProperty: true
supportsUniformListProperty: true
supportsMixedListProperty: true
supportsLongProperty: true
supportsMapProperty: true
supportsStringProperty: true
ignoresSuppliedIds: true
isPersistent: true
isRDFModel: false
isWrapper: false
supportsIndices: false
supportsVertexIndex: false
supportsEdgeIndex: false
supportsKeyIndices: true
supportsVertexKeyIndex: true
supportsEdgeKeyIndex: false
supportsEdgeIteration: true
supportsVertexIteration: true
supportsEdgeRetrieval: true
supportsVertexProperties: true
supportsEdgeProperties: true
supportsTransactions: true
supportsThreadedTransactions: true
Testing testEmptyOnConstruction...
Testing testStringRepresentationOfVertexId...
Testing testSemanticallyCorrectIterables...
Testing testGettingVerticesAndEdgesWithKeyValue...
Testing testAddingVerticesAndEdges...
Testing testSettingProperties...
Testing testDataTypeValidationOnProperties...
Testing testSimpleRemovingVerticesEdges...
Testing testRemovingEdges...
	titangraph[hbase:null]: 100 vertices added in 612.0360040003434ms
	titangraph[hbase:null]: 200 edges added in 5205.520298999734ms
	titangraph[hbase:null]: 200 edges deleted (with size check on each delete) in 42469.577976999804ms
Testing testRemovingVertices...
	titangraph[hbase:null]: 500 vertices added in 622.4989089998417ms
	titangraph[hbase:null]: 250 edges added in 6437.179599999916ms
	titangraph[hbase:null]: 500 vertices deleted (with size check on each delete) in 80769.05368100014ms
Testing testConnectivityPatterns...
Testing testVertexEdgeLabels...
Testing testVertexEdgeLabels2...
Testing testTreeConnectivity...
	titangraph[hbase:null]: 1464 vertices added in a tree structure in 1029.239951999858ms
	titangraph[hbase:null]: 1464 vertices iterated in 107.48063399968669ms
	titangraph[hbase:null]: 1463 edges iterated in 124.08416600013152ms
Testing testConcurrentModification...
Testing testGraphDataPersists...
	titangraph[hbase:null]: 1 graph loaded in 62.31128300027922ms
Testing testAutotypingOfProperties...
*** TOTAL TIME [GraphTestSuite]: 178339.26147999987 ***
Testing testVertexQuery...
Testing testGraphQueryForVertices...
Testing testGraphQueryForEdges...
*** TOTAL TIME [QueryTestSuite]: 10818.087458000053 ***
Testing testNoConcurrentModificationException...
Testing testGettingVerticesAndEdgesWithKeyValue...
Testing testAutoIndexKeyManagementWithPersistence...
	titangraph[hbase:null]: 2 automatic index keys added in 614.7393189999275ms
Testing testKeyIndicesConsistentWithElementRemoval...
*** TOTAL TIME [KeyIndexableGraphTestSuite]: 8780.36322499998 ***
Testing testCompetingThreads...
Testing testTrue...
Testing testRepeatedTransactionStopException...
Testing testAutoStartTransaction...
Testing testTransactionsForVertices...
	titangraph[hbase:null]: 1 vertex not added in failed transaction in 259.59287399984896ms
	titangraph[hbase:null]: 1 vertex added in successful transaction in 126.27224999992177ms
Testing testBasicVertexEdgeTransactions...
Testing testBruteVertexTransactions...
	titangraph[hbase:null]: 100 vertices added in 100 successful transactions in 668.9695330001414ms
	titangraph[hbase:null]: 100 vertices not added in 100 failed transactions in 6.101365999784321ms
	titangraph[hbase:null]: 100 vertices added in 1 successful transactions in 179.28743500029668ms
	titangraph[hbase:null]: 100 vertices not added in 1 failed transactions in 221.45294300001115ms
Testing testTransactionsForEdges...
	titangraph[hbase:null]: 1 edge not added in failed transaction (w/ iteration) in 561.0527600003406ms
	titangraph[hbase:null]: 1 edge added in successful transaction (w/ iteration) in 357.0773680000566ms
Testing testBruteEdgeTransactions...
	titangraph[hbase:null]: 100 edges added in 100 successful transactions (2 vertices added for each edge) in 1116.85406600032ms
	titangraph[hbase:null]: 100 edges not added in 100 failed transactions (2 vertices added for each edge) in 13.16407599998638ms
	titangraph[hbase:null]: 100 edges added in 1 successful transactions (2 vertices added for each edge) in 398.5457569998689ms
	titangraph[hbase:null]: 100 edges not added in 1 failed transactions (2 vertices added for each edge) in 505.1127959997393ms
Testing testPropertyTransactions...
	titangraph[hbase:null]: 1 vertex added with string property in a successful transaction in 1020.6666100001894ms
	titangraph[hbase:null]: 1 integer property not added in a failed transaction in 4.1215079999528825ms
	titangraph[hbase:null]: 2 vertex properties checked in a successful transaction in 3.6433310001157224ms
	titangraph[hbase:null]: 1 edge property added and checked in a successful transaction in 104.93069399986416ms
	titangraph[hbase:null]: 1 edge property added and checked in a failed transaction in 1.063928000163287ms
Testing testIndexTransactions...
Testing testAutomaticSuccessfulTransactionOnShutdown...
Testing testVertexCountOnPreTransactionCommit...
Testing testBulkTransactionsOnEdges...
Testing testTransactionIsolationCommitCheck...
added vertex
reading vertex before tx
read vertex before tx
Testing testRemoveInTransaction...
*** TOTAL TIME [TransactionalTitanGraphTestSuite]: 42463.04611600004 ***
Testing testVertexReattachment...
*** TOTAL TIME [TitanSpecificBlueprintsTestSuite]: 3391.0917720003054 ***
Testing testReadingTinkerGraph...
Testing testTinkerGraphEdges...
	titangraph[hbase:null]: graph-example-1 loaded in 1052.5141179999337ms
Testing testTinkerGraphVertices...
	titangraph[hbase:null]: graph-example-1 loaded in 1044.4294610000215ms
Testing testTinkerGraphSoftwareVertices...
	titangraph[hbase:null]: graph-example-1 loaded in 1049.0735229998827ms
Testing testTinkerGraphVertexAndEdges...
	titangraph[hbase:null]: graph-example-1 loaded in 1040.5620999997482ms
Testing testReadingTinkerGraphExample3...
Testing testReadingTinkerGraphExample3MappingLabels...
	titangraph[hbase:null]: graph-example-3 loaded in 1042.2503430000506ms
Testing testReadingTinkerGraphExample3MappingIDs...
	titangraph[hbase:null]: graph-example-3 loaded in 1043.0491849998944ms
Testing testReadingTinkerGraphExample3MappingAll...
	titangraph[hbase:null]: graph-example-3 loaded in 1044.8218990000896ms
Testing testMigratingTinkerGraphExample3...
Testing testAllGraphMLTypeCastsAndDataMappings...
*** TOTAL TIME [GraphMLReaderTestSuite]: 22309.318197999615 ***
Testing testReadingTinkerGraph...
Testing testTinkerGraphEdges...
	titangraph[hbase:null]: graph-example-1 loaded in 1242.9258469999768ms
Testing testTinkerGraphVertices...
	titangraph[hbase:null]: graph-example-1 loaded in 1043.5442440002225ms
Testing testTinkerGraphSoftwareVertices...
	titangraph[hbase:null]: graph-example-1 loaded in 1040.278626000043ms
Testing testTinkerGraphVertexAndEdges...
	titangraph[hbase:null]: graph-example-1 loaded in 1046.5594170000404ms
*** TOTAL TIME [GraphSONReaderTestSuite]: 11832.338447000366 ***
Testing testReadingTinkerGraph...
Testing testTinkerGraphEdges...
	titangraph[hbase:null]: graph-example-1 loaded in 1044.5715970001183ms
Testing testTinkerGraphVertices...
	titangraph[hbase:null]: graph-example-1 loaded in 1041.5279029998928ms
Testing testTinkerGraphSoftwareVertices...
	titangraph[hbase:null]: graph-example-1 loaded in 1044.4721409999765ms
Testing testTinkerGraphVertexAndEdges...
	titangraph[hbase:null]: graph-example-1 loaded in 1046.336864999961ms
Testing testReadingTinkerGraphExample3...
Testing testReadingTinkerGraphExample3MappingLabels...
	titangraph[hbase:null]: graph-example-3 loaded in 1048.029191000387ms
Testing testReadingTinkerGraphExample3MappingIDs...
	titangraph[hbase:null]: graph-example-3 loaded in 1049.4570220001042ms
Testing testReadingTinkerGraphExample3MappingAll...
	titangraph[hbase:null]: graph-example-3 loaded in 1043.8413069997914ms
Testing testMigratingTinkerGraphExample3...
*** TOTAL TIME [GMLReaderTestSuite]: 21735.225512000266 ***
Tests run: 10, Failures: 0, Errors: 0, Skipped: 0, Time elapsed: 410.479 sec
All done. Shutting done HBase.

Results :

Failed tests:   deletionsAppliedBeforeAdditions(com.thinkaurelius.titan.diskstorage.hbase.HBaseMultiWriteKeyColumnValueStoreTest)

Tests run: 60, Failures: 1, Errors: 0, Skipped: 0

[INFO] ------------------------------------------------------------------------
[INFO] Reactor Summary:
[INFO] 
[INFO] Titan: Distributed Graph Database ................. SUCCESS [2.223s]
[INFO] Titan-Core: Core Library for Titan ................ SUCCESS [9.283s]
[INFO] Titan-Test: Test Suite for Titan .................. SUCCESS [22.977s]
[INFO] Titan-BerkeleyJE: Distributed Graph Database ...... SUCCESS [1:08.478s]
[INFO] Titan-Cassandra: Distributed Graph Database ....... SUCCESS [24:07.470s]
[INFO] Titan-HBase: Distributed Graph Database ........... FAILURE [11:47.509s]
[INFO] Titan-All: Complete Titan Distribution ............ SKIPPED
[INFO] ------------------------------------------------------------------------
[INFO] BUILD FAILURE
[INFO] ------------------------------------------------------------------------
[INFO] Total time: 37:38.627s
[INFO] Finished at: Mon Mar 18 08:09:06 UTC 2013
[INFO] Final Memory: 18M/182M
[INFO] ------------------------------------------------------------------------
[ERROR] Failed to execute goal org.apache.maven.plugins:maven-surefire-plugin:2.12.1:test (default-test) on project titan-hbase: There are test failures.
[ERROR] 
[ERROR] Please refer to /home/travis/build/thinkaurelius/titan/titan-hbase/target/surefire-reports for the individual test results.
[ERROR] -> [Help 1]
[ERROR] 
[ERROR] To see the full stack trace of the errors, re-run Maven with the -e switch.
[ERROR] Re-run Maven using the -X switch to enable full debug logging.
[ERROR] 
[ERROR] For more information about the errors and possible solutions, please read the following articles:
[ERROR] [Help 1] http://cwiki.apache.org/confluence/display/MAVEN/MojoFailureException
[ERROR] 
[ERROR] After correcting the problems, you can resume the build with the command
[ERROR]   mvn <goals> -rf :titan-hbase

The command "mvn test" exited with 1.

Done. Your build exited with 1.
