Using worker: bluebox-linux-3.worker.travis-ci.org:travis-linux-4

travis_fold:start:git.1$ git clone --depth=50 --branch=master git://github.com/thinkaurelius/titan.git thinkaurelius/titan
Cloning into 'thinkaurelius/titan'...
remote: Counting objects: 1739, done.[K
remote: Compressing objects:   0% (1/906)   [Kremote: Compressing objects:   1% (10/906)   [Kremote: Compressing objects:   2% (19/906)   [Kremote: Compressing objects:   3% (28/906)   [Kremote: Compressing objects:   4% (37/906)   [Kremote: Compressing objects:   5% (46/906)   [Kremote: Compressing objects:   6% (55/906)   [Kremote: Compressing objects:   7% (64/906)   [Kremote: Compressing objects:   8% (73/906)   [Kremote: Compressing objects:   9% (82/906)   [Kremote: Compressing objects:  10% (91/906)   [Kremote: Compressing objects:  11% (100/906)   [Kremote: Compressing objects:  12% (109/906)   [Kremote: Compressing objects:  13% (118/906)   [Kremote: Compressing objects:  14% (127/906)   [Kremote: Compressing objects:  15% (136/906)   [Kremote: Compressing objects:  16% (145/906)   [Kremote: Compressing objects:  17% (155/906)   [Kremote: Compressing objects:  18% (164/906)   [Kremote: Compressing objects:  19% (173/906)   [Kremote: Compressing objects:  20% (182/906)   [Kremote: Compressing objects:  21% (191/906)   [Kremote: Compressing objects:  22% (200/906)   [Kremote: Compressing objects:  23% (209/906)   [Kremote: Compressing objects:  24% (218/906)   [Kremote: Compressing objects:  25% (227/906)   [Kremote: Compressing objects:  26% (236/906)   [Kremote: Compressing objects:  27% (245/906)   [Kremote: Compressing objects:  28% (254/906)   [Kremote: Compressing objects:  29% (263/906)   [Kremote: Compressing objects:  30% (272/906)   [Kremote: Compressing objects:  31% (281/906)   [Kremote: Compressing objects:  32% (290/906)   [Kremote: Compressing objects:  33% (299/906)   [Kremote: Compressing objects:  34% (309/906)   [Kremote: Compressing objects:  35% (318/906)   [Kremote: Compressing objects:  36% (327/906)   [Kremote: Compressing objects:  37% (336/906)   [Kremote: Compressing objects:  38% (345/906)   [Kremote: Compressing objects:  39% (354/906)   [Kremote: Compressing objects:  40% (363/906)   [Kremote: Compressing objects:  41% (372/906)   [Kremote: Compressing objects:  42% (381/906)   [Kremote: Compressing objects:  43% (390/906)   [Kremote: Compressing objects:  44% (399/906)   [Kremote: Compressing objects:  45% (408/906)   [Kremote: Compressing objects:  46% (417/906)   [Kremote: Compressing objects:  47% (426/906)   [Kremote: Compressing objects:  48% (435/906)   [Kremote: Compressing objects:  49% (444/906)   [Kremote: Compressing objects:  50% (453/906)   [Kremote: Compressing objects:  51% (463/906)   [Kremote: Compressing objects:  52% (472/906)   [Kremote: Compressing objects:  53% (481/906)   [Kremote: Compressing objects:  54% (490/906)   [Kremote: Compressing objects:  55% (499/906)   [Kremote: Compressing objects:  56% (508/906)   [Kremote: Compressing objects:  57% (517/906)   [Kremote: Compressing objects:  58% (526/906)   [Kremote: Compressing objects:  59% (535/906)   [Kremote: Compressing objects:  60% (544/906)   [Kremote: Compressing objects:  61% (553/906)   [Kremote: Compressing objects:  62% (562/906)   [Kremote: Compressing objects:  63% (571/906)   [Kremote: Compressing objects:  64% (580/906)   [Kremote: Compressing objects:  65% (589/906)   [Kremote: Compressing objects:  66% (598/906)   [Kremote: Compressing objects:  67% (608/906)   [Kremote: Compressing objects:  68% (617/906)   [Kremote: Compressing objects:  69% (626/906)   [Kremote: Compressing objects:  70% (635/906)   [Kremote: Compressing objects:  71% (644/906)   [Kremote: Compressing objects:  72% (653/906)   [Kremote: Compressing objects:  73% (662/906)   [Kremote: Compressing objects:  74% (671/906)   [Kremote: Compressing objects:  75% (680/906)   [Kremote: Compressing objects:  76% (689/906)   [Kremote: Compressing objects:  77% (698/906)   [Kremote: Compressing objects:  78% (707/906)   [Kremote: Compressing objects:  79% (716/906)   [Kremote: Compressing objects:  80% (725/906)   [Kremote: Compressing objects:  81% (734/906)   [Kremote: Compressing objects:  82% (743/906)   [Kremote: Compressing objects:  83% (752/906)   [Kremote: Compressing objects:  84% (762/906)   [Kremote: Compressing objects:  85% (771/906)   [Kremote: Compressing objects:  86% (780/906)   [Kremote: Compressing objects:  87% (789/906)   [Kremote: Compressing objects:  88% (798/906)   [Kremote: Compressing objects:  89% (807/906)   [Kremote: Compressing objects:  90% (816/906)   [Kremote: Compressing objects:  91% (825/906)   [Kremote: Compressing objects:  92% (834/906)   [Kremote: Compressing objects:  93% (843/906)   [Kremote: Compressing objects:  94% (852/906)   [Kremote: Compressing objects:  95% (861/906)   [Kremote: Compressing objects:  96% (870/906)   [Kremote: Compressing objects:  97% (879/906)   [Kremote: Compressing objects:  98% (888/906)   [Kremote: Compressing objects:  99% (897/906)   [Kremote: Compressing objects: 100% (906/906)   [Kremote: Compressing objects: 100% (906/906), done.[K
Receiving objects:   0% (1/1739)   Receiving objects:   1% (18/1739)   Receiving objects:   2% (35/1739)   Receiving objects:   3% (53/1739)   Receiving objects:   4% (70/1739)   Receiving objects:   5% (87/1739)   Receiving objects:   6% (105/1739)   Receiving objects:   7% (122/1739)   Receiving objects:   8% (140/1739)   Receiving objects:   9% (157/1739)   Receiving objects:  10% (174/1739), 236.00 KiB | 455 KiB/s   Receiving objects:  11% (192/1739), 236.00 KiB | 455 KiB/s   Receiving objects:  12% (209/1739), 236.00 KiB | 455 KiB/s   Receiving objects:  13% (227/1739), 236.00 KiB | 455 KiB/s   Receiving objects:  14% (244/1739), 236.00 KiB | 455 KiB/s   Receiving objects:  15% (261/1739), 236.00 KiB | 455 KiB/s   Receiving objects:  16% (279/1739), 236.00 KiB | 455 KiB/s   Receiving objects:  17% (296/1739), 236.00 KiB | 455 KiB/s   Receiving objects:  18% (314/1739), 236.00 KiB | 455 KiB/s   Receiving objects:  19% (331/1739), 236.00 KiB | 455 KiB/s   Receiving objects:  20% (348/1739), 236.00 KiB | 455 KiB/s   Receiving objects:  21% (366/1739), 236.00 KiB | 455 KiB/s   Receiving objects:  22% (383/1739), 236.00 KiB | 455 KiB/s   Receiving objects:  23% (400/1739), 236.00 KiB | 455 KiB/s   Receiving objects:  24% (418/1739), 236.00 KiB | 455 KiB/s   Receiving objects:  25% (435/1739), 236.00 KiB | 455 KiB/s   Receiving objects:  26% (453/1739), 236.00 KiB | 455 KiB/s   Receiving objects:  27% (470/1739), 236.00 KiB | 455 KiB/s   Receiving objects:  28% (487/1739), 236.00 KiB | 455 KiB/s   Receiving objects:  29% (505/1739), 236.00 KiB | 455 KiB/s   Receiving objects:  30% (522/1739), 236.00 KiB | 455 KiB/s   Receiving objects:  31% (540/1739), 236.00 KiB | 455 KiB/s   Receiving objects:  32% (557/1739), 236.00 KiB | 455 KiB/s   Receiving objects:  33% (574/1739), 236.00 KiB | 455 KiB/s   Receiving objects:  34% (592/1739), 236.00 KiB | 455 KiB/s   Receiving objects:  35% (609/1739), 236.00 KiB | 455 KiB/s   Receiving objects:  36% (627/1739), 236.00 KiB | 455 KiB/s   Receiving objects:  37% (644/1739), 236.00 KiB | 455 KiB/s   Receiving objects:  38% (661/1739), 236.00 KiB | 455 KiB/s   Receiving objects:  39% (679/1739), 236.00 KiB | 455 KiB/s   Receiving objects:  40% (696/1739), 236.00 KiB | 455 KiB/s   Receiving objects:  41% (713/1739), 236.00 KiB | 455 KiB/s   Receiving objects:  42% (731/1739), 236.00 KiB | 455 KiB/s   Receiving objects:  43% (748/1739), 236.00 KiB | 455 KiB/s   Receiving objects:  44% (766/1739), 236.00 KiB | 455 KiB/s   Receiving objects:  45% (783/1739), 236.00 KiB | 455 KiB/s   Receiving objects:  46% (800/1739), 236.00 KiB | 455 KiB/s   Receiving objects:  47% (818/1739), 236.00 KiB | 455 KiB/s   Receiving objects:  48% (835/1739), 236.00 KiB | 455 KiB/s   Receiving objects:  49% (853/1739), 236.00 KiB | 455 KiB/s   Receiving objects:  50% (870/1739), 236.00 KiB | 455 KiB/s   Receiving objects:  51% (887/1739), 236.00 KiB | 455 KiB/s   Receiving objects:  52% (905/1739), 236.00 KiB | 455 KiB/s   Receiving objects:  53% (922/1739), 236.00 KiB | 455 KiB/s   Receiving objects:  54% (940/1739), 236.00 KiB | 455 KiB/s   Receiving objects:  55% (957/1739), 236.00 KiB | 455 KiB/s   Receiving objects:  56% (974/1739), 236.00 KiB | 455 KiB/s   Receiving objects:  57% (992/1739), 236.00 KiB | 455 KiB/s   Receiving objects:  58% (1009/1739), 236.00 KiB | 455 KiB/s   Receiving objects:  59% (1027/1739), 236.00 KiB | 455 KiB/s   Receiving objects:  60% (1044/1739), 236.00 KiB | 455 KiB/s   Receiving objects:  61% (1061/1739), 236.00 KiB | 455 KiB/s   Receiving objects:  62% (1079/1739), 236.00 KiB | 455 KiB/s   Receiving objects:  63% (1096/1739), 236.00 KiB | 455 KiB/s   Receiving objects:  64% (1113/1739), 236.00 KiB | 455 KiB/s   remote: Total 1739 (delta 593), reused 1514 (delta 503)[K
Receiving objects:  65% (1131/1739), 236.00 KiB | 455 KiB/s   Receiving objects:  66% (1148/1739), 236.00 KiB | 455 KiB/s   Receiving objects:  67% (1166/1739), 236.00 KiB | 455 KiB/s   Receiving objects:  68% (1183/1739), 236.00 KiB | 455 KiB/s   Receiving objects:  69% (1200/1739), 236.00 KiB | 455 KiB/s   Receiving objects:  70% (1218/1739), 236.00 KiB | 455 KiB/s   Receiving objects:  71% (1235/1739), 236.00 KiB | 455 KiB/s   Receiving objects:  72% (1253/1739), 236.00 KiB | 455 KiB/s   Receiving objects:  73% (1270/1739), 236.00 KiB | 455 KiB/s   Receiving objects:  74% (1287/1739), 236.00 KiB | 455 KiB/s   Receiving objects:  75% (1305/1739), 236.00 KiB | 455 KiB/s   Receiving objects:  76% (1322/1739), 236.00 KiB | 455 KiB/s   Receiving objects:  77% (1340/1739), 236.00 KiB | 455 KiB/s   Receiving objects:  78% (1357/1739), 236.00 KiB | 455 KiB/s   Receiving objects:  79% (1374/1739), 236.00 KiB | 455 KiB/s   Receiving objects:  80% (1392/1739), 236.00 KiB | 455 KiB/s   Receiving objects:  81% (1409/1739), 236.00 KiB | 455 KiB/s   Receiving objects:  82% (1426/1739), 236.00 KiB | 455 KiB/s   Receiving objects:  83% (1444/1739), 236.00 KiB | 455 KiB/s   Receiving objects:  84% (1461/1739), 236.00 KiB | 455 KiB/s   Receiving objects:  85% (1479/1739), 236.00 KiB | 455 KiB/s   Receiving objects:  86% (1496/1739), 236.00 KiB | 455 KiB/s   Receiving objects:  87% (1513/1739), 236.00 KiB | 455 KiB/s   Receiving objects:  88% (1531/1739), 236.00 KiB | 455 KiB/s   Receiving objects:  89% (1548/1739), 236.00 KiB | 455 KiB/s   Receiving objects:  90% (1566/1739), 236.00 KiB | 455 KiB/s   Receiving objects:  91% (1583/1739), 236.00 KiB | 455 KiB/s   Receiving objects:  92% (1600/1739), 236.00 KiB | 455 KiB/s   Receiving objects:  93% (1618/1739), 236.00 KiB | 455 KiB/s   Receiving objects:  94% (1635/1739), 236.00 KiB | 455 KiB/s   Receiving objects:  95% (1653/1739), 236.00 KiB | 455 KiB/s   Receiving objects:  96% (1670/1739), 236.00 KiB | 455 KiB/s   Receiving objects:  97% (1687/1739), 236.00 KiB | 455 KiB/s   Receiving objects:  98% (1705/1739), 236.00 KiB | 455 KiB/s   Receiving objects:  99% (1722/1739), 236.00 KiB | 455 KiB/s   Receiving objects: 100% (1739/1739), 236.00 KiB | 455 KiB/s   Receiving objects: 100% (1739/1739), 2.89 MiB | 455 KiB/s, done.
Resolving deltas:   0% (0/593)   Resolving deltas:   2% (15/593)   Resolving deltas:   3% (20/593)   Resolving deltas:   4% (24/593)   Resolving deltas:   5% (30/593)   Resolving deltas:   6% (41/593)   Resolving deltas:   7% (44/593)   Resolving deltas:   8% (48/593)   Resolving deltas:   9% (58/593)   Resolving deltas:  13% (80/593)   Resolving deltas:  14% (86/593)   Resolving deltas:  15% (89/593)   Resolving deltas:  16% (99/593)   Resolving deltas:  17% (102/593)   Resolving deltas:  18% (107/593)   Resolving deltas:  20% (123/593)   Resolving deltas:  21% (127/593)   Resolving deltas:  22% (132/593)   Resolving deltas:  28% (167/593)   Resolving deltas:  29% (177/593)   Resolving deltas:  30% (178/593)   Resolving deltas:  31% (186/593)   Resolving deltas:  32% (191/593)   Resolving deltas:  33% (199/593)   Resolving deltas:  34% (204/593)   Resolving deltas:  35% (211/593)   Resolving deltas:  36% (215/593)   Resolving deltas:  37% (223/593)   Resolving deltas:  38% (229/593)   Resolving deltas:  39% (236/593)   Resolving deltas:  40% (239/593)   Resolving deltas:  41% (244/593)   Resolving deltas:  42% (252/593)   Resolving deltas:  43% (255/593)   Resolving deltas:  44% (261/593)   Resolving deltas:  45% (267/593)   Resolving deltas:  46% (275/593)   Resolving deltas:  47% (281/593)   Resolving deltas:  48% (285/593)   Resolving deltas:  49% (291/593)   Resolving deltas:  50% (299/593)   Resolving deltas:  51% (303/593)   Resolving deltas:  52% (309/593)   Resolving deltas:  53% (315/593)   Resolving deltas:  54% (322/593)   Resolving deltas:  55% (329/593)   Resolving deltas:  56% (336/593)   Resolving deltas:  57% (339/593)   Resolving deltas:  58% (348/593)   Resolving deltas:  59% (350/593)   Resolving deltas:  60% (356/593)   Resolving deltas:  61% (362/593)   Resolving deltas:  62% (371/593)   Resolving deltas:  63% (376/593)   Resolving deltas:  64% (380/593)   Resolving deltas:  65% (386/593)   Resolving deltas:  66% (392/593)   Resolving deltas:  67% (399/593)   Resolving deltas:  68% (406/593)   Resolving deltas:  69% (411/593)   Resolving deltas:  70% (416/593)   Resolving deltas:  71% (423/593)   Resolving deltas:  72% (428/593)   Resolving deltas:  73% (433/593)   Resolving deltas:  74% (440/593)   Resolving deltas:  75% (446/593)   Resolving deltas:  76% (452/593)   Resolving deltas:  77% (457/593)   Resolving deltas:  78% (464/593)   Resolving deltas:  79% (473/593)   Resolving deltas:  80% (479/593)   Resolving deltas:  83% (493/593)   Resolving deltas:  84% (502/593)   Resolving deltas:  85% (505/593)   Resolving deltas:  87% (517/593)   Resolving deltas:  88% (522/593)   Resolving deltas:  89% (528/593)   Resolving deltas:  90% (535/593)   Resolving deltas:  91% (541/593)   Resolving deltas:  92% (548/593)   Resolving deltas:  93% (555/593)   Resolving deltas:  94% (558/593)   Resolving deltas:  95% (566/593)   Resolving deltas:  96% (570/593)   Resolving deltas:  97% (578/593)   Resolving deltas:  98% (582/593)   Resolving deltas: 100% (593/593)   Resolving deltas: 100% (593/593), done.
travis_fold:end:git.1$ cd thinkaurelius/titan
travis_fold:start:git.2$ git checkout -qf ee078f321827f1a87e5ff82fc49dc74e2b746ae7
travis_fold:end:git.2$ jdk_switcher use oraclejdk7
Switching to Oracle JDK7 (java-7-oracle), JAVA_HOME will be set to /usr/lib/jvm/java-7-oracle
update-alternatives: error: no alternatives for apt.
update-alternatives: error: no alternatives for mozilla-javaplugin.so.
update-alternatives: error: no alternatives for apt.
$ java -version
java version "1.7.0_17"
Java(TM) SE Runtime Environment (build 1.7.0_17-b02)
Java HotSpot(TM) 64-Bit Server VM (build 23.7-b01, mixed mode)
$ javac -version
javac 1.7.0_17
travis_fold:start:install$ mvn install --quiet -DskipTests=true
[debug] execute contextualize
[debug] execute contextualize
[debug] execute contextualize
travis_fold:end:install$ mvn test
[INFO] Scanning for projects...
[INFO] ------------------------------------------------------------------------
[INFO] Reactor Build Order:
[INFO] 
[INFO] Titan: Distributed Graph Database
[INFO] Titan-Core: Core Library for Titan
[INFO] Titan-Test: Test Suite for Titan
[INFO] Titan-BerkeleyJE: Distributed Graph Database
[INFO] Titan-Cassandra: Distributed Graph Database
[INFO] Titan-HBase: Distributed Graph Database
[INFO] Titan-All: Complete Titan Distribution
[INFO]                                                                         
[INFO] ------------------------------------------------------------------------
[INFO] Building Titan: Distributed Graph Database 0.2.1
[INFO] ------------------------------------------------------------------------
[INFO] 
[INFO] --- maven-enforcer-plugin:1.0:enforce (enforce-maven) @ titan ---
[INFO]                                                                         
[INFO] ------------------------------------------------------------------------
[INFO] Building Titan-Core: Core Library for Titan 0.2.1
[INFO] ------------------------------------------------------------------------
[INFO] 
[INFO] --- maven-enforcer-plugin:1.0:enforce (enforce-maven) @ titan-core ---
[INFO] 
[INFO] --- maven-resources-plugin:2.3:resources (default-resources) @ titan-core ---
[INFO] Using 'UTF-8' encoding to copy filtered resources.
[INFO] skip non existing resourceDirectory /home/travis/build/thinkaurelius/titan/titan-core/src/main/resources
[INFO] 
[INFO] --- maven-compiler-plugin:2.5.1:compile (default-compile) @ titan-core ---
[INFO] Nothing to compile - all classes are up to date
[INFO] 
[INFO] --- maven-resources-plugin:2.3:testResources (default-testResources) @ titan-core ---
[INFO] Using 'UTF-8' encoding to copy filtered resources.
[INFO] skip non existing resourceDirectory /home/travis/build/thinkaurelius/titan/titan-core/src/test/resources
[INFO] 
[INFO] --- maven-compiler-plugin:2.5.1:testCompile (default-testCompile) @ titan-core ---
[INFO] No sources to compile
[INFO] 
[INFO] --- maven-surefire-plugin:2.11:test (default-test) @ titan-core ---
[INFO] No tests to run.
[INFO] Surefire report directory: /home/travis/build/thinkaurelius/titan/titan-core/target/surefire-reports
Downloading: http://maven.mirrors.travis-ci.org/nexus/content/repositories/central/org/apache/maven/surefire/surefire-junit3/2.11/surefire-junit3-2.11.pom
2/2 KB            Downloaded: http://maven.mirrors.travis-ci.org/nexus/content/repositories/central/org/apache/maven/surefire/surefire-junit3/2.11/surefire-junit3-2.11.pom (2 KB at 2.5 KB/sec)
Downloading: http://maven.mirrors.travis-ci.org/nexus/content/repositories/central/org/apache/maven/surefire/surefire-providers/2.11/surefire-providers-2.11.pom
3/3 KB            Downloaded: http://maven.mirrors.travis-ci.org/nexus/content/repositories/central/org/apache/maven/surefire/surefire-providers/2.11/surefire-providers-2.11.pom (3 KB at 5.1 KB/sec)
Downloading: http://maven.mirrors.travis-ci.org/nexus/content/repositories/central/org/apache/maven/surefire/surefire-junit3/2.11/surefire-junit3-2.11.jar
4/26 KB   8/26 KB   9/26 KB   13/26 KB   17/26 KB   21/26 KB   25/26 KB   26/26 KB              Downloaded: http://maven.mirrors.travis-ci.org/nexus/content/repositories/central/org/apache/maven/surefire/surefire-junit3/2.11/surefire-junit3-2.11.jar (26 KB at 58.2 KB/sec)

-------------------------------------------------------
 T E S T S
-------------------------------------------------------

Results :

Tests run: 0, Failures: 0, Errors: 0, Skipped: 0

[INFO]                                                                         
[INFO] ------------------------------------------------------------------------
[INFO] Building Titan-Test: Test Suite for Titan 0.2.1
[INFO] ------------------------------------------------------------------------
[INFO] 
[INFO] --- maven-enforcer-plugin:1.0:enforce (enforce-maven) @ titan-test ---
[INFO] 
[INFO] --- maven-resources-plugin:2.3:resources (default-resources) @ titan-test ---
[INFO] Using 'UTF-8' encoding to copy filtered resources.
[INFO] skip non existing resourceDirectory /home/travis/build/thinkaurelius/titan/titan-test/src/main/resources
[INFO] 
[INFO] --- maven-compiler-plugin:2.5.1:compile (default-compile) @ titan-test ---
[INFO] Nothing to compile - all classes are up to date
[INFO] 
[INFO] --- maven-resources-plugin:2.3:testResources (default-testResources) @ titan-test ---
[INFO] Using 'UTF-8' encoding to copy filtered resources.
[INFO] Copying 2 resources
[INFO] 
[INFO] --- maven-compiler-plugin:2.5.1:testCompile (default-testCompile) @ titan-test ---
[INFO] Nothing to compile - all classes are up to date
[INFO] 
[INFO] --- maven-surefire-plugin:2.11:test (default-test) @ titan-test ---
[INFO] Surefire report directory: /home/travis/build/thinkaurelius/titan/titan-test/target/surefire-reports
Downloading: http://maven.mirrors.travis-ci.org/nexus/content/repositories/central/org/apache/maven/surefire/surefire-junit4/2.11/surefire-junit4-2.11.pom
3/3 KB              Downloaded: http://maven.mirrors.travis-ci.org/nexus/content/repositories/central/org/apache/maven/surefire/surefire-junit4/2.11/surefire-junit4-2.11.pom (3 KB at 8.1 KB/sec)
Downloading: http://maven.mirrors.travis-ci.org/nexus/content/repositories/central/org/apache/maven/surefire/surefire-junit4/2.11/surefire-junit4-2.11.jar
4/33 KB   8/33 KB   9/33 KB   13/33 KB   17/33 KB   21/33 KB   25/33 KB   27/33 KB   31/33 KB   33/33 KB              Downloaded: http://maven.mirrors.travis-ci.org/nexus/content/repositories/central/org/apache/maven/surefire/surefire-junit4/2.11/surefire-junit4-2.11.jar (33 KB at 46.6 KB/sec)

-------------------------------------------------------
 T E S T S
-------------------------------------------------------
Running com.thinkaurelius.titan.graphdb.idmanagement.VariableLongTest
Writing 10000000 longs in 65567319 bytes. in time: 2813
Writing 1000000 longs in 2983488 bytes. in time: 160
Tests run: 5, Failures: 0, Errors: 0, Skipped: 0, Time elapsed: 3.982 sec
Running com.thinkaurelius.titan.tinkerpop.gremlin.ScriptExecutorTest
Tests run: 1, Failures: 0, Errors: 0, Skipped: 0, Time elapsed: 0.004 sec
Running com.thinkaurelius.titan.tinkerpop.rexster.TitanGraphConfigurationTest
Tests run: 1, Failures: 0, Errors: 0, Skipped: 0, Time elapsed: 0.412 sec
Running com.thinkaurelius.titan.blueprints.InMemoryBlueprintsTest
Testing testVertexEqualityForSuppliedIdsAndHashCode...
Testing testVertexEquality...
	titaninmemoryblueprintsgraph[null]: 1 vertex added and retrieved in 22.152701999992132ms
Testing testAddVertexProperties...
Testing testAddManyVertexProperties...
	titaninmemoryblueprintsgraph[null]: 750 vertex properties added (with vertices being added too) in 773.9104509999743ms
Testing testRemoveVertexProperties...
Testing testAddingIdProperty...
Testing testNoConcurrentModificationException...
Testing testGettingEdgesAndVertices...
Testing testEmptyKeyProperty...
Testing testVertexCentricLinking...
Testing testVertexCentricRemoving...
Testing testConcurrentModificationOnProperties...
Testing testSettingBadVertexProperties...
Testing testBasicAddVertex...
Testing testGetVertexWithNull...
Testing testRemoveVertex...
Testing testRemoveVertexWithEdges...
Testing testGetNonExistantVertices...
Testing testRemoveVertexNullId...
	titaninmemoryblueprintsgraph[null]: 100 vertices added in 6.154998000012711ms
	titaninmemoryblueprintsgraph[null]: 100 vertices removed in 8.10889999999199ms
Testing testVertexIterator...
	titaninmemoryblueprintsgraph[null]: 1000 vertices added in 58.334994000033475ms
	titaninmemoryblueprintsgraph[null]: 1000 vertices counted in 3.377756999921985ms
Testing testLegalVertexEdgeIterables...
*** TOTAL TIME [VertexTestSuite]: 1217.0275099999271 ***
Testing testNoConcurrentModificationException...
Testing testEmptyKeyProperty...
Testing testSettingBadVertexProperties...
Testing testAddManyEdges...
	titaninmemoryblueprintsgraph[null]: 300 elements added in 117.03455199999735ms
	titaninmemoryblueprintsgraph[null]: 100 edges counted in 7.110809000092559ms
	titaninmemoryblueprintsgraph[null]: 200 vertices counted in 0.6922159999376163ms
	titaninmemoryblueprintsgraph[null]: 200 vertices checked in 19.852474999963306ms
Testing testRemoveManyEdges...
	titaninmemoryblueprintsgraph[null]: 20 vertices counted in 0.1004269999684766ms
	titaninmemoryblueprintsgraph[null]: 10 edges counted in 0.6904590000631288ms
	titaninmemoryblueprintsgraph[null]: 10 edges removed and graph checked in 22.618776999996044ms
Testing testAddingDuplicateEdges...
Testing testRemoveEdgesByRemovingVertex...
Testing testRemoveEdges...
Testing testAddingSelfLoops...
Testing testRemoveSelfLoops...
Testing testEdgeIterator...
Testing testAddingRemovingEdgeProperties...
Testing testAddingLabelAndIdProperty...
Testing testEdgeCentricRemoving...
Testing testEdgeEquality...
Testing testAddEdges...
	titaninmemoryblueprintsgraph[null]: 6 elements added and checked in 2.113604999962263ms
*** TOTAL TIME [EdgeTestSuite]: 250.35748000000603 ***
Testing testGettingVerticesAndEdgesWithKeyValue...
Testing testVertexEdgeLabels2...
Testing testTreeConnectivity...
	titaninmemoryblueprintsgraph[null]: 1464 vertices added in a tree structure in 364.1324770000065ms
	titaninmemoryblueprintsgraph[null]: 1464 vertices iterated in 11.09012100007385ms
	titaninmemoryblueprintsgraph[null]: 1463 edges iterated in 35.44904700003099ms
Testing testConcurrentModification...
Testing testGraphDataPersists...
Testing testAutotypingOfProperties...
Testing testFeatureCompliance...
supportsDuplicateEdges: true
supportsSelfLoops: true
supportsSerializableObjectProperty: true
supportsBooleanProperty: true
supportsDoubleProperty: true
supportsFloatProperty: true
supportsIntegerProperty: true
supportsPrimitiveArrayProperty: true
supportsUniformListProperty: true
supportsMixedListProperty: true
supportsLongProperty: true
supportsMapProperty: true
supportsStringProperty: true
ignoresSuppliedIds: true
isPersistent: false
isRDFModel: false
isWrapper: false
supportsIndices: false
supportsVertexIndex: false
supportsEdgeIndex: false
supportsKeyIndices: true
supportsVertexKeyIndex: true
supportsEdgeKeyIndex: false
supportsEdgeIteration: true
supportsVertexIteration: true
supportsEdgeRetrieval: true
supportsVertexProperties: true
supportsEdgeProperties: true
supportsTransactions: false
supportsThreadedTransactions: false
Testing testEmptyOnConstruction...
Testing testStringRepresentation...
	titaninmemoryblueprintsgraph[null]: 1 graph string representation generated in 0.08376599999610335ms
Testing testStringRepresentationOfVertexId...
Testing testSemanticallyCorrectIterables...
Testing testAddingVerticesAndEdges...
Testing testSettingProperties...
Testing testDataTypeValidationOnProperties...
Testing testSimpleRemovingVerticesEdges...
Testing testRemovingEdges...
	titaninmemoryblueprintsgraph[null]: 100 vertices added in 3.5921739999903366ms
	titaninmemoryblueprintsgraph[null]: 200 edges added in 84.05398500000592ms
	titaninmemoryblueprintsgraph[null]: 200 edges deleted (with size check on each delete) in 133.96601800003555ms
Testing testRemovingVertices...
	titaninmemoryblueprintsgraph[null]: 500 vertices added in 9.54747099999804ms
	titaninmemoryblueprintsgraph[null]: 250 edges added in 82.73208699992392ms
	titaninmemoryblueprintsgraph[null]: 500 vertices deleted (with size check on each delete) in 158.52760000003036ms
Testing testConnectivityPatterns...
Testing testVertexEdgeLabels...
*** TOTAL TIME [GraphTestSuite]: 1197.5647020000033 ***
Testing testVertexQuery...
Testing testGraphQueryForVertices...
Testing testGraphQueryForEdges...
*** TOTAL TIME [QueryTestSuite]: 384.6606730000349 ***
Testing testAutoIndexKeyManagementWithPersistence...
	titaninmemoryblueprintsgraph[null]: 2 automatic index keys added in 24.807285999995656ms
Testing testAutoIndexKeyDroppingWithPersistence...
	titaninmemoryblueprintsgraph[null]: 2 automatic index keys added in 0.48496600007638335ms
Testing testKeyIndicesConsistentWithElementRemoval...
Testing testNoConcurrentModificationException...
*** TOTAL TIME [KeyIndexableGraphTestSuite]: 29.47209599998314 ***
Testing testTinkerGraphEdges...
	titaninmemoryblueprintsgraph[null]: graph-example-1 loaded in 133.25819299998693ms
Testing testTinkerGraphVertices...
	titaninmemoryblueprintsgraph[null]: graph-example-1 loaded in 11.148292999947444ms
Testing testReadingTinkerGraph...
Testing testTinkerGraphSoftwareVertices...
	titaninmemoryblueprintsgraph[null]: graph-example-1 loaded in 11.037424000096507ms
Testing testTinkerGraphVertexAndEdges...
	titaninmemoryblueprintsgraph[null]: graph-example-1 loaded in 11.085363000049256ms
Testing testReadingTinkerGraphExample3...
Testing testReadingTinkerGraphExample3MappingLabels...
	titaninmemoryblueprintsgraph[null]: graph-example-3 loaded in 25.937653000000864ms
Testing testReadingTinkerGraphExample3MappingIDs...
	titaninmemoryblueprintsgraph[null]: graph-example-3 loaded in 13.816758999950252ms
Testing testReadingTinkerGraphExample3MappingAll...
	titaninmemoryblueprintsgraph[null]: graph-example-3 loaded in 12.64046500006225ms
Testing testMigratingTinkerGraphExample3...
Testing testAllGraphMLTypeCastsAndDataMappings...
*** TOTAL TIME [GraphMLReaderTestSuite]: 229.77490999992006 ***
Testing testTinkerGraphEdges...
	titaninmemoryblueprintsgraph[null]: graph-example-1 loaded in 47.634380999952555ms
Testing testTinkerGraphVertices...
	titaninmemoryblueprintsgraph[null]: graph-example-1 loaded in 9.480837999959476ms
Testing testReadingTinkerGraph...
Testing testTinkerGraphSoftwareVertices...
	titaninmemoryblueprintsgraph[null]: graph-example-1 loaded in 8.168866000021808ms
Testing testTinkerGraphVertexAndEdges...
	titaninmemoryblueprintsgraph[null]: graph-example-1 loaded in 6.828233000007458ms
Testing testReadingTinkerGraphExample3...
Testing testReadingTinkerGraphExample3MappingLabels...
	titaninmemoryblueprintsgraph[null]: graph-example-3 loaded in 9.588081000023521ms
Testing testReadingTinkerGraphExample3MappingIDs...
	titaninmemoryblueprintsgraph[null]: graph-example-3 loaded in 8.567146999994293ms
Testing testReadingTinkerGraphExample3MappingAll...
	titaninmemoryblueprintsgraph[null]: graph-example-3 loaded in 6.97202899993863ms
Testing testMigratingTinkerGraphExample3...
*** TOTAL TIME [GMLReaderTestSuite]: 109.02134100010153 ***
Tests run: 7, Failures: 0, Errors: 0, Skipped: 0, Time elapsed: 3.441 sec
Running com.thinkaurelius.titan.graphdb.idmanagement.VertexIDAssignerTest
Partition: false
partitionMax: 2147483647
localPartition: null
Partition: true
partitionMax: 2147483647
localPartition: null
Partition: true
partitionMax: 2147483647
localPartition: [0, 2000]
Partition: true
partitionMax: 2147483647
localPartition: [-100000, -1]
Partition: true
partitionMax: 2147483647
localPartition: [-10000, 10000]
Partition: true
partitionMax: 100
localPartition: null
Partition: true
partitionMax: 100
localPartition: [0, 2000]
Partition: true
partitionMax: 100
localPartition: [-100000, -1]
Partition: true
partitionMax: 100
localPartition: [-10000, 10000]
Tests run: 9, Failures: 0, Errors: 0, Skipped: 0, Time elapsed: 5.988 sec
Running com.thinkaurelius.titan.graphdb.idmanagement.IDPoolTest
Tests run: 3, Failures: 0, Errors: 0, Skipped: 0, Time elapsed: 1.411 sec
Running com.thinkaurelius.titan.graphdb.serializer.KryoTest
Tests run: 4, Failures: 0, Errors: 0, Skipped: 0, Time elapsed: 0.412 sec
Running com.thinkaurelius.titan.graphdb.loading.EdgeLoadingTest
Tests run: 1, Failures: 0, Errors: 0, Skipped: 0, Time elapsed: 0.009 sec
Running com.thinkaurelius.titan.graphdb.idmanagement.IDManagementTest
Tests run: 3, Failures: 0, Errors: 0, Skipped: 0, Time elapsed: 1.95 sec
Running com.thinkaurelius.titan.diskstorage.util.StorageFeaturesTest
Tests run: 1, Failures: 0, Errors: 0, Skipped: 0, Time elapsed: 0.001 sec
Running com.thinkaurelius.titan.graphdb.serializer.SerializerTest
Tests run: 8, Failures: 0, Errors: 0, Skipped: 0, Time elapsed: 1.515 sec
Running com.thinkaurelius.titan.util.datastructures.BitMapTest
Tests run: 1, Failures: 0, Errors: 0, Skipped: 0, Time elapsed: 0.001 sec
Running com.thinkaurelius.titan.util.datastructures.RandomRemovalListTest
Tests run: 3, Failures: 0, Errors: 0, Skipped: 0, Time elapsed: 1.188 sec
Running com.thinkaurelius.titan.graphdb.serializer.ByteBufferTest
Tests run: 3, Failures: 0, Errors: 0, Skipped: 0, Time elapsed: 0.301 sec
Running com.thinkaurelius.titan.diskstorage.locking.LocalLockMediatorTest
Tests run: 1, Failures: 0, Errors: 0, Skipped: 0, Time elapsed: 0.273 sec

Results :

Tests run: 51, Failures: 0, Errors: 0, Skipped: 0

[INFO]                                                                         
[INFO] ------------------------------------------------------------------------
[INFO] Building Titan-BerkeleyJE: Distributed Graph Database 0.2.1
[INFO] ------------------------------------------------------------------------
[INFO] 
[INFO] --- maven-enforcer-plugin:1.0:enforce (enforce-maven) @ titan-berkeleyje ---
[INFO] 
[INFO] --- maven-resources-plugin:2.3:resources (default-resources) @ titan-berkeleyje ---
[INFO] Using 'UTF-8' encoding to copy filtered resources.
[INFO] Copying 2 resources
[INFO] 
[INFO] --- maven-compiler-plugin:2.5.1:compile (default-compile) @ titan-berkeleyje ---
[INFO] Nothing to compile - all classes are up to date
[INFO] 
[INFO] --- maven-resources-plugin:2.3:testResources (default-testResources) @ titan-berkeleyje ---
[INFO] Using 'UTF-8' encoding to copy filtered resources.
[INFO] Copying 2 resources
[INFO] 
[INFO] --- maven-compiler-plugin:2.5.1:testCompile (default-testCompile) @ titan-berkeleyje ---
[INFO] Nothing to compile - all classes are up to date
[INFO] 
[INFO] --- maven-surefire-plugin:2.12.1:test (default-test) @ titan-berkeleyje ---
[INFO] Surefire report directory: /home/travis/build/thinkaurelius/titan/titan-berkeleyje/target/surefire-reports
Downloading: http://maven.mirrors.travis-ci.org/nexus/content/repositories/central/org/apache/maven/surefire/surefire-junit4/2.12.1/surefire-junit4-2.12.1.pom
3/3 KB              Downloaded: http://maven.mirrors.travis-ci.org/nexus/content/repositories/central/org/apache/maven/surefire/surefire-junit4/2.12.1/surefire-junit4-2.12.1.pom (3 KB at 5.5 KB/sec)
Downloading: http://maven.mirrors.travis-ci.org/nexus/content/repositories/central/org/apache/maven/surefire/surefire-providers/2.12.1/surefire-providers-2.12.1.pom
3/3 KB            Downloaded: http://maven.mirrors.travis-ci.org/nexus/content/repositories/central/org/apache/maven/surefire/surefire-providers/2.12.1/surefire-providers-2.12.1.pom (3 KB at 4.5 KB/sec)
Downloading: http://maven.mirrors.travis-ci.org/nexus/content/repositories/central/org/apache/maven/surefire/surefire-junit4/2.12.1/surefire-junit4-2.12.1.jar
4/34 KB   8/34 KB   9/34 KB   10/34 KB   14/34 KB   18/34 KB   22/34 KB   23/34 KB   24/34 KB   28/34 KB   32/34 KB   34/34 KB              Downloaded: http://maven.mirrors.travis-ci.org/nexus/content/repositories/central/org/apache/maven/surefire/surefire-junit4/2.12.1/surefire-junit4-2.12.1.jar (34 KB at 45.5 KB/sec)

-------------------------------------------------------
 T E S T S
-------------------------------------------------------
Running com.thinkaurelius.titan.diskstorage.berkeleyje.BerkeleyDBjeKeyColumnValueVariableTest
Loading time (ms): 2790
Reading time (ms): 585
Tests run: 17, Failures: 0, Errors: 0, Skipped: 0, Time elapsed: 27.866 sec
Running com.thinkaurelius.titan.tinkerpop.rexster.RexsterServerClientBerkeleyJeTest
Tests run: 1, Failures: 0, Errors: 0, Skipped: 0, Time elapsed: 5.493 sec
Running com.thinkaurelius.titan.diskstorage.berkeleyje.BerkeleyJEKeyValueTest
Tests run: 7, Failures: 0, Errors: 0, Skipped: 0, Time elapsed: 1.614 sec
Running com.thinkaurelius.titan.graphdb.berkeleyje.BerkeleyJEGraphTest
java.util.GregorianCalendar[time=278380800000,areFieldsSet=true,areAllFieldsSet=true,lenient=true,zone=sun.util.calendar.ZoneInfo[id="Etc/UTC",offset=0,dstSavings=0,useDaylight=false,transitions=0,lastRule=null],firstDayOfWeek=1,minimalDaysInFirstWeek=1,ERA=1,YEAR=1978,MONTH=9,WEEK_OF_YEAR=43,WEEK_OF_MONTH=4,DAY_OF_MONTH=28,DAY_OF_YEAR=301,DAY_OF_WEEK=7,DAY_OF_WEEK_IN_MONTH=4,AM_PM=0,HOUR=0,HOUR_OF_DAY=0,MINUTE=0,SECOND=0,MILLISECOND=0,ZONE_OFFSET=0,DST_OFFSET=0]
java.util.GregorianCalendar[time=278380800000,areFieldsSet=true,areAllFieldsSet=true,lenient=true,zone=sun.util.calendar.ZoneInfo[id="Etc/UTC",offset=0,dstSavings=0,useDaylight=false,transitions=0,lastRule=null],firstDayOfWeek=1,minimalDaysInFirstWeek=1,ERA=1,YEAR=1978,MONTH=9,WEEK_OF_YEAR=43,WEEK_OF_MONTH=4,DAY_OF_MONTH=28,DAY_OF_YEAR=301,DAY_OF_WEEK=7,DAY_OF_WEEK_IN_MONTH=4,AM_PM=0,HOUR=0,HOUR_OF_DAY=0,MINUTE=0,SECOND=0,MILLISECOND=0,ZONE_OFFSET=0,DST_OFFSET=0]
Tests run: 17, Failures: 0, Errors: 0, Skipped: 0, Time elapsed: 9.55 sec
Running com.thinkaurelius.titan.diskstorage.berkeleyje.BerkeleyJeHashKeyColumnValueTest
Loading time (ms): 2549
Reading time (ms): 490
Tests run: 17, Failures: 0, Errors: 0, Skipped: 0, Time elapsed: 27.314 sec
Running com.thinkaurelius.titan.blueprints.BerkeleyJEBlueprintsTest
Testing testSettingBadVertexProperties...
Testing testAddingIdProperty...
Testing testVertexEquality...
	titangraph[berkeleyje:/tmp/titan-test/standard]: 1 vertex added and retrieved in 33.36493399995379ms
Testing testVertexEqualityForSuppliedIdsAndHashCode...
Testing testRemoveVertexWithEdges...
Testing testVertexCentricLinking...
Testing testGettingEdgesAndVertices...
Testing testConcurrentModificationOnProperties...
Testing testVertexCentricRemoving...
Testing testGetVertexWithNull...
Testing testAddVertexProperties...
Testing testEmptyKeyProperty...
Testing testRemoveVertexProperties...
Testing testGetNonExistantVertices...
Testing testRemoveVertex...
Testing testAddManyVertexProperties...
	titangraph[berkeleyje:/tmp/titan-test/standard]: 750 vertex properties added (with vertices being added too) in 526.2406499999342ms
Testing testLegalVertexEdgeIterables...
Testing testBasicAddVertex...
Testing testNoConcurrentModificationException...
Testing testRemoveVertexNullId...
	titangraph[berkeleyje:/tmp/titan-test/standard]: 100 vertices added in 5.025396000011824ms
	titangraph[berkeleyje:/tmp/titan-test/standard]: 100 vertices removed in 5.900378999998793ms
Testing testVertexIterator...
	titangraph[berkeleyje:/tmp/titan-test/standard]: 1000 vertices added in 41.33286099997349ms
	titangraph[berkeleyje:/tmp/titan-test/standard]: 1000 vertices counted in 2.7958890000591055ms
*** TOTAL TIME [VertexTestSuite]: 7737.527701999992 ***
Testing testGetNonExistantEdges...
Testing testSettingBadVertexProperties...
Testing testRemoveEdgesByRemovingVertex...
Testing testAddingLabelAndIdProperty...
Testing testEdgeCentricRemoving...
Testing testRemoveManyEdges...
	titangraph[berkeleyje:/tmp/titan-test/standard]: 20 vertices counted in 0.342045999947004ms
	titangraph[berkeleyje:/tmp/titan-test/standard]: 10 edges counted in 0.3944559999508783ms
	titangraph[berkeleyje:/tmp/titan-test/standard]: 10 edges removed and graph checked in 9.992176999920048ms
Testing testAddingSelfLoops...
Testing testRemoveSelfLoops...
Testing testEmptyKeyProperty...
Testing testAddManyEdges...
	titangraph[berkeleyje:/tmp/titan-test/standard]: 300 elements added in 46.18722500000149ms
	titangraph[berkeleyje:/tmp/titan-test/standard]: 100 edges counted in 2.3166950000450015ms
	titangraph[berkeleyje:/tmp/titan-test/standard]: 200 vertices counted in 0.7796230000676587ms
	titangraph[berkeleyje:/tmp/titan-test/standard]: 200 vertices checked in 6.1266180000966415ms
Testing testAddEdges...
	titangraph[berkeleyje:/tmp/titan-test/standard]: 6 elements added and checked in 3.6252720000920817ms
Testing testGetEdges...
	titangraph[berkeleyje:/tmp/titan-test/standard]: 3 edges retrieved in 0.4207820000592619ms
Testing testAddingDuplicateEdges...
Testing testRemoveEdges...
Testing testEdgeEquality...
Testing testEdgeIterator...
Testing testAddingRemovingEdgeProperties...
Testing testNoConcurrentModificationException...
*** TOTAL TIME [EdgeTestSuite]: 2857.0038929999573 ***
Testing testRemovingEdges...
	titangraph[berkeleyje:/tmp/titan-test/standard]: 100 vertices added in 6.443274000077508ms
	titangraph[berkeleyje:/tmp/titan-test/standard]: 200 edges added in 61.84873499989044ms
	titangraph[berkeleyje:/tmp/titan-test/standard]: 200 edges deleted (with size check on each delete) in 195.52817099995445ms
Testing testSettingProperties...
Testing testDataTypeValidationOnProperties...
Testing testVertexEdgeLabels2...
Testing testTreeConnectivity...
	titangraph[berkeleyje:/tmp/titan-test/standard]: 1464 vertices added in a tree structure in 219.76494500006083ms
	titangraph[berkeleyje:/tmp/titan-test/standard]: 1464 vertices iterated in 1.2424429999664426ms
	titangraph[berkeleyje:/tmp/titan-test/standard]: 1463 edges iterated in 3.8841180000454187ms
Testing testFeatureCompliance...
supportsDuplicateEdges: true
supportsSelfLoops: true
supportsSerializableObjectProperty: true
supportsBooleanProperty: true
supportsDoubleProperty: true
supportsFloatProperty: true
supportsIntegerProperty: true
supportsPrimitiveArrayProperty: true
supportsUniformListProperty: true
supportsMixedListProperty: true
supportsLongProperty: true
supportsMapProperty: true
supportsStringProperty: true
ignoresSuppliedIds: true
isPersistent: true
isRDFModel: false
isWrapper: false
supportsIndices: false
supportsVertexIndex: false
supportsEdgeIndex: false
supportsKeyIndices: true
supportsVertexKeyIndex: true
supportsEdgeKeyIndex: false
supportsEdgeIteration: true
supportsVertexIteration: true
supportsEdgeRetrieval: true
supportsVertexProperties: true
supportsEdgeProperties: true
supportsTransactions: true
supportsThreadedTransactions: true
Testing testGettingVerticesAndEdgesWithKeyValue...
Testing testAddingVerticesAndEdges...
Testing testConnectivityPatterns...
Testing testVertexEdgeLabels...
Testing testGraphDataPersists...
	titangraph[berkeleyje:/tmp/titan-test/standard]: 1 graph loaded in 12.933143000002019ms
Testing testAutotypingOfProperties...
Testing testConcurrentModification...
Testing testStringRepresentationOfVertexId...
Testing testEmptyOnConstruction...
Testing testSimpleRemovingVerticesEdges...
Testing testRemovingVertices...
	titangraph[berkeleyje:/tmp/titan-test/standard]: 500 vertices added in 15.15116200002376ms
	titangraph[berkeleyje:/tmp/titan-test/standard]: 250 edges added in 138.6823779999977ms
	titangraph[berkeleyje:/tmp/titan-test/standard]: 500 vertices deleted (with size check on each delete) in 180.28215900005307ms
Testing testSemanticallyCorrectIterables...
*** TOTAL TIME [GraphTestSuite]: 3584.3267650000053 ***
Testing testGraphQueryForVertices...
Testing testVertexQuery...
Testing testGraphQueryForEdges...
*** TOTAL TIME [QueryTestSuite]: 184.2683089999482 ***
Testing testGettingVerticesAndEdgesWithKeyValue...
Testing testKeyIndicesConsistentWithElementRemoval...
Testing testAutoIndexKeyManagementWithPersistence...
	titangraph[berkeleyje:/tmp/titan-test/standard]: 2 automatic index keys added in 2.071062000002712ms
Testing testNoConcurrentModificationException...
*** TOTAL TIME [KeyIndexableGraphTestSuite]: 243.60909499996342 ***
Testing testCompetingThreads...
Encountered error in testCompetingThreads
java.lang.reflect.InvocationTargetException
	at sun.reflect.NativeMethodAccessorImpl.invoke0(Native Method)
	at sun.reflect.NativeMethodAccessorImpl.invoke(NativeMethodAccessorImpl.java:57)
	at sun.reflect.DelegatingMethodAccessorImpl.invoke(DelegatingMethodAccessorImpl.java:43)
	at java.lang.reflect.Method.invoke(Method.java:601)
	at com.thinkaurelius.titan.blueprints.TitanBlueprintsTest.doTestSuite(TitanBlueprintsTest.java:126)
	at com.thinkaurelius.titan.blueprints.TitanBlueprintsTest.testTransactionalGraphTestSuite(TitanBlueprintsTest.java:72)
	at sun.reflect.NativeMethodAccessorImpl.invoke0(Native Method)
	at sun.reflect.NativeMethodAccessorImpl.invoke(NativeMethodAccessorImpl.java:57)
	at sun.reflect.DelegatingMethodAccessorImpl.invoke(DelegatingMethodAccessorImpl.java:43)
	at java.lang.reflect.Method.invoke(Method.java:601)
	at junit.framework.TestCase.runTest(TestCase.java:168)
	at junit.framework.TestCase.runBare(TestCase.java:134)
	at junit.framework.TestResult$1.protect(TestResult.java:110)
	at junit.framework.TestResult.runProtected(TestResult.java:128)
	at junit.framework.TestResult.run(TestResult.java:113)
	at junit.framework.TestCase.run(TestCase.java:124)
	at junit.framework.TestSuite.runTest(TestSuite.java:232)
	at junit.framework.TestSuite.run(TestSuite.java:227)
	at org.junit.internal.runners.JUnit38ClassRunner.run(JUnit38ClassRunner.java:83)
	at org.apache.maven.surefire.junit4.JUnit4Provider.execute(JUnit4Provider.java:249)
	at org.apache.maven.surefire.junit4.JUnit4Provider.executeTestSet(JUnit4Provider.java:142)
	at org.apache.maven.surefire.junit4.JUnit4Provider.invoke(JUnit4Provider.java:113)
	at sun.reflect.NativeMethodAccessorImpl.invoke0(Native Method)
	at sun.reflect.NativeMethodAccessorImpl.invoke(NativeMethodAccessorImpl.java:57)
	at sun.reflect.DelegatingMethodAccessorImpl.invoke(DelegatingMethodAccessorImpl.java:43)
	at java.lang.reflect.Method.invoke(Method.java:601)
	at org.apache.maven.surefire.util.ReflectionUtils.invokeMethodWithArray(ReflectionUtils.java:189)
	at org.apache.maven.surefire.booter.ProviderFactory$ProviderProxy.invoke(ProviderFactory.java:165)
	at org.apache.maven.surefire.booter.ProviderFactory.invokeProvider(ProviderFactory.java:85)
	at org.apache.maven.surefire.booter.ForkedBooter.runSuitesInProcess(ForkedBooter.java:104)
	at org.apache.maven.surefire.booter.ForkedBooter.main(ForkedBooter.java:75)
Caused by: java.lang.IllegalArgumentException: The transaction has already been closed
	at com.google.common.base.Preconditions.checkArgument(Preconditions.java:92)
	at com.thinkaurelius.titan.graphdb.transaction.StandardPersistTitanTx.commit(StandardPersistTitanTx.java:170)
	at com.thinkaurelius.titan.graphdb.blueprints.TitanBlueprintsGraph.shutdown(TitanBlueprintsGraph.java:92)
	at com.thinkaurelius.titan.graphdb.database.StandardTitanGraph.shutdown(StandardTitanGraph.java:130)
	at com.tinkerpop.blueprints.TransactionalGraphTestSuite.testCompetingThreads(TransactionalGraphTestSuite.java:491)
	at com.thinkaurelius.titan.blueprints.TransactionalTitanGraphTestSuite.testCompetingThreads(TransactionalTitanGraphTestSuite.java:32)
	... 31 more
Testing testVertexReattachment...
Testing testTinkerGraphSoftwareVertices...
	titangraph[berkeleyje:/tmp/titan-test/standard]: graph-example-1 loaded in 83.82314500003122ms
Encountered error in testTinkerGraphSoftwareVertices
java.lang.reflect.InvocationTargetException
	at sun.reflect.NativeMethodAccessorImpl.invoke0(Native Method)
	at sun.reflect.NativeMethodAccessorImpl.invoke(NativeMethodAccessorImpl.java:57)
	at sun.reflect.DelegatingMethodAccessorImpl.invoke(DelegatingMethodAccessorImpl.java:43)
	at java.lang.reflect.Method.invoke(Method.java:601)
	at com.thinkaurelius.titan.blueprints.TitanBlueprintsTest.doTestSuite(TitanBlueprintsTest.java:126)
	at com.thinkaurelius.titan.blueprints.TitanBlueprintsTest.doTestSuite(TitanBlueprintsTest.java:114)
	at com.thinkaurelius.titan.blueprints.TitanBlueprintsTest.testGraphMLReaderTestSuite(TitanBlueprintsTest.java:84)
	at sun.reflect.NativeMethodAccessorImpl.invoke0(Native Method)
	at sun.reflect.NativeMethodAccessorImpl.invoke(NativeMethodAccessorImpl.java:57)
	at sun.reflect.DelegatingMethodAccessorImpl.invoke(DelegatingMethodAccessorImpl.java:43)
	at java.lang.reflect.Method.invoke(Method.java:601)
	at junit.framework.TestCase.runTest(TestCase.java:168)
	at junit.framework.TestCase.runBare(TestCase.java:134)
	at junit.framework.TestResult$1.protect(TestResult.java:110)
	at junit.framework.TestResult.runProtected(TestResult.java:128)
	at junit.framework.TestResult.run(TestResult.java:113)
	at junit.framework.TestCase.run(TestCase.java:124)
	at junit.framework.TestSuite.runTest(TestSuite.java:232)
	at junit.framework.TestSuite.run(TestSuite.java:227)
	at org.junit.internal.runners.JUnit38ClassRunner.run(JUnit38ClassRunner.java:83)
	at org.apache.maven.surefire.junit4.JUnit4Provider.execute(JUnit4Provider.java:249)
	at org.apache.maven.surefire.junit4.JUnit4Provider.executeTestSet(JUnit4Provider.java:142)
	at org.apache.maven.surefire.junit4.JUnit4Provider.invoke(JUnit4Provider.java:113)
	at sun.reflect.NativeMethodAccessorImpl.invoke0(Native Method)
	at sun.reflect.NativeMethodAccessorImpl.invoke(NativeMethodAccessorImpl.java:57)
	at sun.reflect.DelegatingMethodAccessorImpl.invoke(DelegatingMethodAccessorImpl.java:43)
	at java.lang.reflect.Method.invoke(Method.java:601)
	at org.apache.maven.surefire.util.ReflectionUtils.invokeMethodWithArray(ReflectionUtils.java:189)
	at org.apache.maven.surefire.booter.ProviderFactory$ProviderProxy.invoke(ProviderFactory.java:165)
	at org.apache.maven.surefire.booter.ProviderFactory.invokeProvider(ProviderFactory.java:85)
	at org.apache.maven.surefire.booter.ForkedBooter.runSuitesInProcess(ForkedBooter.java:104)
	at org.apache.maven.surefire.booter.ForkedBooter.main(ForkedBooter.java:75)
Caused by: java.lang.NullPointerException
	at com.tinkerpop.blueprints.util.io.graphml.GraphMLReaderTestSuite.testTinkerGraphSoftwareVertices(GraphMLReaderTestSuite.java:143)
	... 32 more
Testing testTinkerGraphSoftwareVertices...
	titangraph[berkeleyje:/tmp/titan-test/standard]: graph-example-1 loaded in 403.60094400006346ms
Encountered error in testTinkerGraphSoftwareVertices
java.lang.reflect.InvocationTargetException
	at sun.reflect.NativeMethodAccessorImpl.invoke0(Native Method)
	at sun.reflect.NativeMethodAccessorImpl.invoke(NativeMethodAccessorImpl.java:57)
	at sun.reflect.DelegatingMethodAccessorImpl.invoke(DelegatingMethodAccessorImpl.java:43)
	at java.lang.reflect.Method.invoke(Method.java:601)
	at com.thinkaurelius.titan.blueprints.TitanBlueprintsTest.doTestSuite(TitanBlueprintsTest.java:126)
	at com.thinkaurelius.titan.blueprints.TitanBlueprintsTest.doTestSuite(TitanBlueprintsTest.java:114)
	at com.thinkaurelius.titan.blueprints.TitanBlueprintsTest.testGraphSONReaderTestSuite(TitanBlueprintsTest.java:90)
	at sun.reflect.NativeMethodAccessorImpl.invoke0(Native Method)
	at sun.reflect.NativeMethodAccessorImpl.invoke(NativeMethodAccessorImpl.java:57)
	at sun.reflect.DelegatingMethodAccessorImpl.invoke(DelegatingMethodAccessorImpl.java:43)
	at java.lang.reflect.Method.invoke(Method.java:601)
	at junit.framework.TestCase.runTest(TestCase.java:168)
	at junit.framework.TestCase.runBare(TestCase.java:134)
	at junit.framework.TestResult$1.protect(TestResult.java:110)
	at junit.framework.TestResult.runProtected(TestResult.java:128)
	at junit.framework.TestResult.run(TestResult.java:113)
	at junit.framework.TestCase.run(TestCase.java:124)
	at junit.framework.TestSuite.runTest(TestSuite.java:232)
	at junit.framework.TestSuite.run(TestSuite.java:227)
	at org.junit.internal.runners.JUnit38ClassRunner.run(JUnit38ClassRunner.java:83)
	at org.apache.maven.surefire.junit4.JUnit4Provider.execute(JUnit4Provider.java:249)
	at org.apache.maven.surefire.junit4.JUnit4Provider.executeTestSet(JUnit4Provider.java:142)
	at org.apache.maven.surefire.junit4.JUnit4Provider.invoke(JUnit4Provider.java:113)
	at sun.reflect.NativeMethodAccessorImpl.invoke0(Native Method)
	at sun.reflect.NativeMethodAccessorImpl.invoke(NativeMethodAccessorImpl.java:57)
	at sun.reflect.DelegatingMethodAccessorImpl.invoke(DelegatingMethodAccessorImpl.java:43)
	at java.lang.reflect.Method.invoke(Method.java:601)
	at org.apache.maven.surefire.util.ReflectionUtils.invokeMethodWithArray(ReflectionUtils.java:189)
	at org.apache.maven.surefire.booter.ProviderFactory$ProviderProxy.invoke(ProviderFactory.java:165)
	at org.apache.maven.surefire.booter.ProviderFactory.invokeProvider(ProviderFactory.java:85)
	at org.apache.maven.surefire.booter.ForkedBooter.runSuitesInProcess(ForkedBooter.java:104)
	at org.apache.maven.surefire.booter.ForkedBooter.main(ForkedBooter.java:75)
Caused by: java.lang.NullPointerException
	at com.tinkerpop.blueprints.util.io.graphson.GraphSONReaderTestSuite.testTinkerGraphSoftwareVertices(GraphSONReaderTestSuite.java:147)
	... 32 more
Testing testTinkerGraphSoftwareVertices...
	titangraph[berkeleyje:/tmp/titan-test/standard]: graph-example-1 loaded in 41.76188800006639ms
Encountered error in testTinkerGraphSoftwareVertices
java.lang.reflect.InvocationTargetException
	at sun.reflect.NativeMethodAccessorImpl.invoke0(Native Method)
	at sun.reflect.NativeMethodAccessorImpl.invoke(NativeMethodAccessorImpl.java:57)
	at sun.reflect.DelegatingMethodAccessorImpl.invoke(DelegatingMethodAccessorImpl.java:43)
	at java.lang.reflect.Method.invoke(Method.java:601)
	at com.thinkaurelius.titan.blueprints.TitanBlueprintsTest.doTestSuite(TitanBlueprintsTest.java:126)
	at com.thinkaurelius.titan.blueprints.TitanBlueprintsTest.doTestSuite(TitanBlueprintsTest.java:114)
	at com.thinkaurelius.titan.blueprints.TitanBlueprintsTest.testGMLReaderTestSuite(TitanBlueprintsTest.java:96)
	at sun.reflect.NativeMethodAccessorImpl.invoke0(Native Method)
	at sun.reflect.NativeMethodAccessorImpl.invoke(NativeMethodAccessorImpl.java:57)
	at sun.reflect.DelegatingMethodAccessorImpl.invoke(DelegatingMethodAccessorImpl.java:43)
	at java.lang.reflect.Method.invoke(Method.java:601)
	at junit.framework.TestCase.runTest(TestCase.java:168)
	at junit.framework.TestCase.runBare(TestCase.java:134)
	at junit.framework.TestResult$1.protect(TestResult.java:110)
	at junit.framework.TestResult.runProtected(TestResult.java:128)
	at junit.framework.TestResult.run(TestResult.java:113)
	at junit.framework.TestCase.run(TestCase.java:124)
	at junit.framework.TestSuite.runTest(TestSuite.java:232)
	at junit.framework.TestSuite.run(TestSuite.java:227)
	at org.junit.internal.runners.JUnit38ClassRunner.run(JUnit38ClassRunner.java:83)
	at org.apache.maven.surefire.junit4.JUnit4Provider.execute(JUnit4Provider.java:249)
	at org.apache.maven.surefire.junit4.JUnit4Provider.executeTestSet(JUnit4Provider.java:142)
	at org.apache.maven.surefire.junit4.JUnit4Provider.invoke(JUnit4Provider.java:113)
	at sun.reflect.NativeMethodAccessorImpl.invoke0(Native Method)
	at sun.reflect.NativeMethodAccessorImpl.invoke(NativeMethodAccessorImpl.java:57)
	at sun.reflect.DelegatingMethodAccessorImpl.invoke(DelegatingMethodAccessorImpl.java:43)
	at java.lang.reflect.Method.invoke(Method.java:601)
	at org.apache.maven.surefire.util.ReflectionUtils.invokeMethodWithArray(ReflectionUtils.java:189)
	at org.apache.maven.surefire.booter.ProviderFactory$ProviderProxy.invoke(ProviderFactory.java:165)
	at org.apache.maven.surefire.booter.ProviderFactory.invokeProvider(ProviderFactory.java:85)
	at org.apache.maven.surefire.booter.ForkedBooter.runSuitesInProcess(ForkedBooter.java:104)
	at org.apache.maven.surefire.booter.ForkedBooter.main(ForkedBooter.java:75)
Caused by: java.lang.NullPointerException
	at com.tinkerpop.blueprints.util.io.gml.GMLReaderTestSuite.testTinkerGraphSoftwareVertices(GMLReaderTestSuite.java:142)
	... 32 more
Tests run: 10, Failures: 0, Errors: 5, Skipped: 0, Time elapsed: 18.142 sec <<< FAILURE!
Running com.thinkaurelius.titan.diskstorage.berkeleyje.BerkeleyDBjeKeyColumnValueTest
Loading time (ms): 2748
Reading time (ms): 343
Tests run: 17, Failures: 0, Errors: 0, Skipped: 0, Time elapsed: 17.451 sec

Results :

Tests in error: 
  testTransactionalGraphTestSuite(com.thinkaurelius.titan.blueprints.BerkeleyJEBlueprintsTest): (JE 5.0.58) Lock expired. Locker 272813723 268_main_Txn: waited for lock on database=_jeNameMap LockAddr:302656116 LSN=0x0/0x43d type=WRITE grant=WAIT_PROMOTION timeoutMillis=500 startTime=1364322453207 endTime=1364322453707(..)
  testTitanSpecificTestSuite(com.thinkaurelius.titan.blueprints.BerkeleyJEBlueprintsTest): (JE 5.0.58) Lock expired. Locker 720131171 276_main_Txn: waited for lock on database=_jeNameMap LockAddr:302656116 LSN=0x0/0x43d type=WRITE grant=WAIT_PROMOTION timeoutMillis=500 startTime=1364322453732 endTime=1364322454232(..)
  testGraphMLReaderTestSuite(com.thinkaurelius.titan.blueprints.BerkeleyJEBlueprintsTest): (JE 5.0.58) Lock expired. Locker 1671897024 286_main_Txn: waited for lock on database=_jeNameMap LockAddr:302656116 LSN=0x0/0x43d type=WRITE grant=WAIT_PROMOTION timeoutMillis=500 startTime=1364322454333 endTime=1364322454834(..)
  testGraphSONReaderTestSuite(com.thinkaurelius.titan.blueprints.BerkeleyJEBlueprintsTest): (JE 5.0.58) Lock expired. Locker 361611085 294_main_Txn: waited for lock on database=_jeNameMap LockAddr:302656116 LSN=0x0/0x43d type=WRITE grant=WAIT_PROMOTION timeoutMillis=500 startTime=1364322455253 endTime=1364322455753(..)
  testGMLReaderTestSuite(com.thinkaurelius.titan.blueprints.BerkeleyJEBlueprintsTest): (JE 5.0.58) Lock expired. Locker 280340729 302_main_Txn: waited for lock on database=_jeNameMap LockAddr:302656116 LSN=0x0/0x43d type=WRITE grant=WAIT_PROMOTION timeoutMillis=500 startTime=1364322455811 endTime=1364322456311(..)

Tests run: 86, Failures: 0, Errors: 5, Skipped: 0

[INFO] ------------------------------------------------------------------------
[INFO] Reactor Summary:
[INFO] 
[INFO] Titan: Distributed Graph Database ................. SUCCESS [1.883s]
[INFO] Titan-Core: Core Library for Titan ................ SUCCESS [4.841s]
[INFO] Titan-Test: Test Suite for Titan .................. SUCCESS [22.992s]
[INFO] Titan-BerkeleyJE: Distributed Graph Database ...... FAILURE [1:50.603s]
[INFO] Titan-Cassandra: Distributed Graph Database ....... SKIPPED
[INFO] Titan-HBase: Distributed Graph Database ........... SKIPPED
[INFO] Titan-All: Complete Titan Distribution ............ SKIPPED
[INFO] ------------------------------------------------------------------------
[INFO] BUILD FAILURE
[INFO] ------------------------------------------------------------------------
[INFO] Total time: 2:21.143s
[INFO] Finished at: Tue Mar 26 18:27:53 UTC 2013
[INFO] Final Memory: 14M/193M
[INFO] ------------------------------------------------------------------------
[ERROR] Failed to execute goal org.apache.maven.plugins:maven-surefire-plugin:2.12.1:test (default-test) on project titan-berkeleyje: There are test failures.
[ERROR] 
[ERROR] Please refer to /home/travis/build/thinkaurelius/titan/titan-berkeleyje/target/surefire-reports for the individual test results.
[ERROR] -> [Help 1]
[ERROR] 
[ERROR] To see the full stack trace of the errors, re-run Maven with the -e switch.
[ERROR] Re-run Maven using the -X switch to enable full debug logging.
[ERROR] 
[ERROR] For more information about the errors and possible solutions, please read the following articles:
[ERROR] [Help 1] http://cwiki.apache.org/confluence/display/MAVEN/MojoFailureException
[ERROR] 
[ERROR] After correcting the problems, you can resume the build with the command
[ERROR]   mvn <goals> -rf :titan-berkeleyje

The command "mvn test" exited with 1.

Done. Your build exited with 1.
