Using worker: worker-linux-2-1.bb.travis-ci.org:travis-linux-18

travis_fold:start:git.1$ git clone --depth=50 --branch=jw/fix-content-type-mess git://github.com/square/retrofit.git square/retrofit
Cloning into 'square/retrofit'...
remote: Counting objects: 1026, done.[K
remote: Compressing objects:   0% (1/596)   [Kremote: Compressing objects:   1% (6/596)   [Kremote: Compressing objects:   2% (12/596)   [Kremote: Compressing objects:   3% (18/596)   [Kremote: Compressing objects:   4% (24/596)   [Kremote: Compressing objects:   5% (30/596)   [Kremote: Compressing objects:   6% (36/596)   [Kremote: Compressing objects:   7% (42/596)   [Kremote: Compressing objects:   8% (48/596)   [Kremote: Compressing objects:   9% (54/596)   [Kremote: Compressing objects:  10% (60/596)   [Kremote: Compressing objects:  11% (66/596)   [Kremote: Compressing objects:  12% (72/596)   [Kremote: Compressing objects:  13% (78/596)   [Kremote: Compressing objects:  14% (84/596)   [Kremote: Compressing objects:  15% (90/596)   [Kremote: Compressing objects:  16% (96/596)   [Kremote: Compressing objects:  17% (102/596)   [Kremote: Compressing objects:  18% (108/596)   [Kremote: Compressing objects:  19% (114/596)   [Kremote: Compressing objects:  20% (120/596)   [Kremote: Compressing objects:  21% (126/596)   [Kremote: Compressing objects:  22% (132/596)   [Kremote: Compressing objects:  23% (138/596)   [Kremote: Compressing objects:  24% (144/596)   [Kremote: Compressing objects:  25% (149/596)   [Kremote: Compressing objects:  26% (155/596)   [Kremote: Compressing objects:  27% (161/596)   [Kremote: Compressing objects:  28% (167/596)   [Kremote: Compressing objects:  29% (173/596)   [Kremote: Compressing objects:  30% (179/596)   [Kremote: Compressing objects:  31% (185/596)   [Kremote: Compressing objects:  32% (191/596)   [Kremote: Compressing objects:  33% (197/596)   [Kremote: Compressing objects:  34% (203/596)   [Kremote: Compressing objects:  35% (209/596)   [Kremote: Compressing objects:  36% (215/596)   [Kremote: Compressing objects:  37% (221/596)   [Kremote: Compressing objects:  38% (227/596)   [Kremote: Compressing objects:  39% (233/596)   [Kremote: Compressing objects:  40% (239/596)   [Kremote: Compressing objects:  41% (245/596)   [Kremote: Compressing objects:  42% (251/596)   [Kremote: Compressing objects:  43% (257/596)   [Kremote: Compressing objects:  44% (263/596)   [Kremote: Compressing objects:  45% (269/596)   [Kremote: Compressing objects:  46% (275/596)   [Kremote: Compressing objects:  47% (281/596)   [Kremote: Compressing objects:  48% (287/596)   [Kremote: Compressing objects:  49% (293/596)   [Kremote: Compressing objects:  50% (298/596)   [Kremote: Compressing objects:  51% (304/596)   [Kremote: Compressing objects:  52% (310/596)   [Kremote: Compressing objects:  53% (316/596)   [Kremote: Compressing objects:  54% (322/596)   [Kremote: Compressing objects:  55% (328/596)   [Kremote: Compressing objects:  56% (334/596)   [Kremote: Compressing objects:  57% (340/596)   [Kremote: Compressing objects:  58% (346/596)   [Kremote: Compressing objects:  59% (352/596)   [Kremote: Compressing objects:  60% (358/596)   [Kremote: Compressing objects:  61% (364/596)   [Kremote: Compressing objects:  62% (370/596)   [Kremote: Compressing objects:  63% (376/596)   [Kremote: Compressing objects:  64% (382/596)   [Kremote: Compressing objects:  65% (388/596)   [Kremote: Compressing objects:  66% (394/596)   [Kremote: Compressing objects:  67% (400/596)   [Kremote: Compressing objects:  68% (406/596)   [Kremote: Compressing objects:  69% (412/596)   [Kremote: Compressing objects:  70% (418/596)   [Kremote: Compressing objects:  71% (424/596)   [Kremote: Compressing objects:  72% (430/596)   [Kremote: Compressing objects:  73% (436/596)   [Kremote: Compressing objects:  74% (442/596)   [Kremote: Compressing objects:  75% (447/596)   [Kremote: Compressing objects:  76% (453/596)   [Kremote: Compressing objects:  77% (459/596)   [Kremote: Compressing objects:  78% (465/596)   [Kremote: Compressing objects:  79% (471/596)   [Kremote: Compressing objects:  80% (477/596)   [Kremote: Compressing objects:  81% (483/596)   [Kremote: Compressing objects:  82% (489/596)   [Kremote: Compressing objects:  83% (495/596)   [Kremote: Compressing objects:  84% (501/596)   [Kremote: Compressing objects:  85% (507/596)   [Kremote: Compressing objects:  86% (513/596)   [Kremote: Compressing objects:  87% (519/596)   [Kremote: Compressing objects:  88% (525/596)   [Kremote: Compressing objects:  89% (531/596)   [Kremote: Compressing objects:  90% (537/596)   [Kremote: Compressing objects:  91% (543/596)   [Kremote: Compressing objects:  92% (549/596)   [Kremote: Compressing objects:  93% (555/596)   [Kremote: Compressing objects:  94% (561/596)   [Kremote: Compressing objects:  95% (567/596)   [Kremote: Compressing objects:  96% (573/596)   [Kremote: Compressing objects:  97% (579/596)   [Kremote: Compressing objects:  98% (585/596)   [Kremote: Compressing objects:  99% (591/596)   [Kremote: Compressing objects: 100% (596/596)   [Kremote: Compressing objects: 100% (596/596), done.[K
Receiving objects:   0% (1/1026)   Receiving objects:   1% (11/1026)   Receiving objects:   2% (21/1026)   Receiving objects:   3% (31/1026)   Receiving objects:   4% (42/1026)   Receiving objects:   5% (52/1026)   Receiving objects:   6% (62/1026)   Receiving objects:   7% (72/1026)   Receiving objects:   8% (83/1026)   Receiving objects:   9% (93/1026)   Receiving objects:  10% (103/1026)   Receiving objects:  11% (113/1026)   Receiving objects:  12% (124/1026)   Receiving objects:  13% (134/1026)   Receiving objects:  14% (144/1026)   Receiving objects:  15% (154/1026)   Receiving objects:  16% (165/1026)   Receiving objects:  17% (175/1026)   Receiving objects:  18% (185/1026)   Receiving objects:  19% (195/1026)   Receiving objects:  20% (206/1026)   Receiving objects:  21% (216/1026)   Receiving objects:  22% (226/1026)   Receiving objects:  23% (236/1026)   Receiving objects:  24% (247/1026)   Receiving objects:  25% (257/1026)   Receiving objects:  26% (267/1026)   Receiving objects:  27% (278/1026)   Receiving objects:  28% (288/1026)   Receiving objects:  29% (298/1026)   Receiving objects:  30% (308/1026)   Receiving objects:  31% (319/1026)   Receiving objects:  32% (329/1026)   Receiving objects:  33% (339/1026)   Receiving objects:  34% (349/1026)   Receiving objects:  35% (360/1026)   Receiving objects:  36% (370/1026)   Receiving objects:  37% (380/1026)   Receiving objects:  38% (390/1026)   Receiving objects:  39% (401/1026)   Receiving objects:  40% (411/1026)   Receiving objects:  41% (421/1026)   Receiving objects:  42% (431/1026)   Receiving objects:  43% (442/1026)   Receiving objects:  44% (452/1026)   Receiving objects:  45% (462/1026)   Receiving objects:  46% (472/1026)   Receiving objects:  47% (483/1026)   remote: Total 1026 (delta 399), reused 814 (delta 239)[K
Receiving objects:  48% (493/1026)   Receiving objects:  49% (503/1026)   Receiving objects:  50% (513/1026)   Receiving objects:  51% (524/1026)   Receiving objects:  52% (534/1026)   Receiving objects:  53% (544/1026)   Receiving objects:  54% (555/1026)   Receiving objects:  55% (565/1026)   Receiving objects:  56% (575/1026)   Receiving objects:  57% (585/1026)   Receiving objects:  58% (596/1026)   Receiving objects:  59% (606/1026)   Receiving objects:  60% (616/1026)   Receiving objects:  61% (626/1026)   Receiving objects:  62% (637/1026)   Receiving objects:  63% (647/1026)   Receiving objects:  64% (657/1026)   Receiving objects:  65% (667/1026)   Receiving objects:  66% (678/1026)   Receiving objects:  67% (688/1026)   Receiving objects:  68% (698/1026)   Receiving objects:  69% (708/1026)   Receiving objects:  70% (719/1026)   Receiving objects:  71% (729/1026)   Receiving objects:  72% (739/1026)   Receiving objects:  73% (749/1026)   Receiving objects:  74% (760/1026)   Receiving objects:  75% (770/1026)   Receiving objects:  76% (780/1026)   Receiving objects:  77% (791/1026)   Receiving objects:  78% (801/1026)   Receiving objects:  79% (811/1026)   Receiving objects:  80% (821/1026)   Receiving objects:  81% (832/1026)   Receiving objects:  82% (842/1026)   Receiving objects:  83% (852/1026)   Receiving objects:  84% (862/1026)   Receiving objects:  85% (873/1026)   Receiving objects:  86% (883/1026)   Receiving objects:  87% (893/1026)   Receiving objects:  88% (903/1026)   Receiving objects:  89% (914/1026)   Receiving objects:  90% (924/1026)   Receiving objects:  91% (934/1026)   Receiving objects:  92% (944/1026)   Receiving objects:  93% (955/1026)   Receiving objects:  94% (965/1026)   Receiving objects:  95% (975/1026)   Receiving objects:  96% (985/1026)   Receiving objects:  97% (996/1026)   Receiving objects:  98% (1006/1026)   Receiving objects:  99% (1016/1026)   Receiving objects: 100% (1026/1026)   Receiving objects: 100% (1026/1026), 253.90 KiB | 0 bytes/s, done.
Resolving deltas:   0% (0/399)   Resolving deltas:   1% (7/399)   Resolving deltas:   2% (8/399)   Resolving deltas:   3% (13/399)   Resolving deltas:  14% (58/399)   Resolving deltas:  16% (66/399)   Resolving deltas:  17% (68/399)   Resolving deltas:  18% (72/399)   Resolving deltas:  21% (85/399)   Resolving deltas:  22% (91/399)   Resolving deltas:  29% (118/399)   Resolving deltas:  30% (121/399)   Resolving deltas:  36% (146/399)   Resolving deltas:  46% (185/399)   Resolving deltas:  47% (188/399)   Resolving deltas:  48% (194/399)   Resolving deltas:  49% (199/399)   Resolving deltas:  50% (203/399)   Resolving deltas:  54% (216/399)   Resolving deltas:  56% (224/399)   Resolving deltas:  58% (235/399)   Resolving deltas:  59% (237/399)   Resolving deltas:  60% (242/399)   Resolving deltas:  61% (246/399)   Resolving deltas:  62% (250/399)   Resolving deltas:  63% (254/399)   Resolving deltas:  65% (263/399)   Resolving deltas:  67% (268/399)   Resolving deltas:  68% (275/399)   Resolving deltas:  69% (276/399)   Resolving deltas:  70% (280/399)   Resolving deltas:  72% (289/399)   Resolving deltas:  73% (292/399)   Resolving deltas:  74% (296/399)   Resolving deltas:  76% (304/399)   Resolving deltas:  77% (309/399)   Resolving deltas:  79% (316/399)   Resolving deltas:  81% (324/399)   Resolving deltas:  82% (330/399)   Resolving deltas:  83% (332/399)   Resolving deltas:  84% (336/399)   Resolving deltas:  85% (340/399)   Resolving deltas:  89% (356/399)   Resolving deltas:  90% (361/399)   Resolving deltas:  91% (365/399)   Resolving deltas:  95% (380/399)   Resolving deltas:  96% (387/399)   Resolving deltas:  97% (388/399)   Resolving deltas:  98% (394/399)   Resolving deltas:  99% (398/399)   Resolving deltas: 100% (399/399)   Resolving deltas: 100% (399/399), done.
Checking connectivity... done.
travis_fold:end:git.1$ cd square/retrofit
travis_fold:start:git.3$ git checkout -qf 370d0f03db576628faf559bb50c307e80e16dad4
travis_fold:end:git.3$ java -version
java version "1.7.0_51"
Java(TM) SE Runtime Environment (build 1.7.0_51-b13)
Java HotSpot(TM) 64-Bit Server VM (build 24.51-b03, mixed mode)
$ javac -version
javac 1.7.0_51
travis_fold:start:install$ mvn install -DskipTests=true -B -V
Apache Maven 3.2.1 (ea8b2b07643dbb1b84b6d16e1f08391b666bc1e9; 2014-02-14T17:37:52+00:00)
Maven home: /usr/local/maven
Java version: 1.7.0_51, vendor: Oracle Corporation
Java home: /usr/lib/jvm/java-7-oracle/jre
Default locale: en_US, platform encoding: UTF-8
OS name: "linux", version: "2.6.32-042stab079.5", arch: "amd64", family: "unix"
[INFO] Scanning for projects...
[INFO] ------------------------------------------------------------------------
[INFO] Reactor Build Order:
[INFO] 
[INFO] Retrofit (Parent)
[INFO] Retrofit
[INFO] Converters
[INFO] Converter: Protocol Buffers
[INFO] Converter: Jackson
[INFO] Converter: Wire Protocol Buffers
[INFO] Converter: SimpleXML
[INFO] Retrofit Mock Adapter
[INFO] Samples
[INFO] Sample: GitHub Client
[INFO] Sample: Mock GitHub Client
[INFO] 
[INFO] Using the builder org.apache.maven.lifecycle.internal.builder.singlethreaded.SingleThreadedBuilder with a thread count of 1
[INFO]                                                                         
[INFO] ------------------------------------------------------------------------
[INFO] Building Retrofit (Parent) 1.5.2-SNAPSHOT
[INFO] ------------------------------------------------------------------------
[INFO] Downloading: http://repo.maven.apache.org/maven2/org/apache/maven/plugins/maven-enforcer-plugin/1.0/maven-enforcer-plugin-1.0.pom
[INFO] Downloaded: http://repo.maven.apache.org/maven2/org/apache/maven/plugins/maven-enforcer-plugin/1.0/maven-enforcer-plugin-1.0.pom (7 KB at 42.7 KB/sec)
[INFO] Downloading: http://repo.maven.apache.org/maven2/org/apache/maven/enforcer/enforcer/1.0/enforcer-1.0.pom
[INFO] Downloaded: http://repo.maven.apache.org/maven2/org/apache/maven/enforcer/enforcer/1.0/enforcer-1.0.pom (12 KB at 351.5 KB/sec)
[INFO] Downloading: http://repo.maven.apache.org/maven2/org/apache/maven/maven-parent/17/maven-parent-17.pom
[INFO] Downloaded: http://repo.maven.apache.org/maven2/org/apache/maven/maven-parent/17/maven-parent-17.pom (25 KB at 608.2 KB/sec)
[INFO] Downloading: http://repo.maven.apache.org/maven2/org/apache/apache/7/apache-7.pom
[INFO] Downloaded: http://repo.maven.apache.org/maven2/org/apache/apache/7/apache-7.pom (15 KB at 542.0 KB/sec)
[INFO] Downloading: http://repo.maven.apache.org/maven2/org/apache/maven/plugins/maven-enforcer-plugin/1.0/maven-enforcer-plugin-1.0.jar
[INFO] Downloaded: http://repo.maven.apache.org/maven2/org/apache/maven/plugins/maven-enforcer-plugin/1.0/maven-enforcer-plugin-1.0.jar (22 KB at 726.5 KB/sec)
[INFO] Downloading: http://repo.maven.apache.org/maven2/org/apache/maven/plugins/maven-checkstyle-plugin/2.9.1/maven-checkstyle-plugin-2.9.1.pom
[INFO] Downloaded: http://repo.maven.apache.org/maven2/org/apache/maven/plugins/maven-checkstyle-plugin/2.9.1/maven-checkstyle-plugin-2.9.1.pom (10 KB at 369.0 KB/sec)
[INFO] Downloading: http://repo.maven.apache.org/maven2/org/apache/maven/plugins/maven-plugins/22/maven-plugins-22.pom
[INFO] Downloaded: http://repo.maven.apache.org/maven2/org/apache/maven/plugins/maven-plugins/22/maven-plugins-22.pom (13 KB at 489.7 KB/sec)
[INFO] Downloading: http://repo.maven.apache.org/maven2/org/apache/maven/maven-parent/21/maven-parent-21.pom
[INFO] Downloaded: http://repo.maven.apache.org/maven2/org/apache/maven/maven-parent/21/maven-parent-21.pom (26 KB at 804.4 KB/sec)
[INFO] Downloading: http://repo.maven.apache.org/maven2/org/apache/apache/10/apache-10.pom
[INFO] Downloaded: http://repo.maven.apache.org/maven2/org/apache/apache/10/apache-10.pom (15 KB at 555.9 KB/sec)
[INFO] Downloading: http://repo.maven.apache.org/maven2/org/apache/maven/plugins/maven-checkstyle-plugin/2.9.1/maven-checkstyle-plugin-2.9.1.jar
[INFO] Downloaded: http://repo.maven.apache.org/maven2/org/apache/maven/plugins/maven-checkstyle-plugin/2.9.1/maven-checkstyle-plugin-2.9.1.jar (85 KB at 1929.5 KB/sec)
[INFO] Downloading: http://repo.maven.apache.org/maven2/org/apache/maven/plugins/maven-install-plugin/2.4/maven-install-plugin-2.4.pom
[INFO] Downloaded: http://repo.maven.apache.org/maven2/org/apache/maven/plugins/maven-install-plugin/2.4/maven-install-plugin-2.4.pom (7 KB at 259.6 KB/sec)
[INFO] Downloading: http://repo.maven.apache.org/maven2/org/apache/maven/plugins/maven-plugins/23/maven-plugins-23.pom
[INFO] Downloaded: http://repo.maven.apache.org/maven2/org/apache/maven/plugins/maven-plugins/23/maven-plugins-23.pom (9 KB at 359.3 KB/sec)
[INFO] Downloading: http://repo.maven.apache.org/maven2/org/apache/maven/maven-parent/22/maven-parent-22.pom
[INFO] Downloaded: http://repo.maven.apache.org/maven2/org/apache/maven/maven-parent/22/maven-parent-22.pom (30 KB at 1001.6 KB/sec)
[INFO] Downloading: http://repo.maven.apache.org/maven2/org/apache/apache/11/apache-11.pom
[INFO] Downloaded: http://repo.maven.apache.org/maven2/org/apache/apache/11/apache-11.pom (15 KB at 578.6 KB/sec)
[INFO] Downloading: http://repo.maven.apache.org/maven2/org/apache/maven/plugins/maven-install-plugin/2.4/maven-install-plugin-2.4.jar
[INFO] Downloaded: http://repo.maven.apache.org/maven2/org/apache/maven/plugins/maven-install-plugin/2.4/maven-install-plugin-2.4.jar (27 KB at 974.8 KB/sec)
[INFO] 
[INFO] --- maven-enforcer-plugin:1.0:enforce (enforce-maven) @ parent ---
[INFO] Downloading: http://repo.maven.apache.org/maven2/org/apache/maven/maven-artifact/2.0.9/maven-artifact-2.0.9.pom
[INFO] Downloaded: http://repo.maven.apache.org/maven2/org/apache/maven/maven-artifact/2.0.9/maven-artifact-2.0.9.pom (2 KB at 65.9 KB/sec)
[INFO] Downloading: http://repo.maven.apache.org/maven2/org/apache/maven/maven/2.0.9/maven-2.0.9.pom
[INFO] Downloaded: http://repo.maven.apache.org/maven2/org/apache/maven/maven/2.0.9/maven-2.0.9.pom (19 KB at 710.1 KB/sec)
[INFO] Downloading: http://repo.maven.apache.org/maven2/org/apache/maven/maven-parent/8/maven-parent-8.pom
[INFO] Downloaded: http://repo.maven.apache.org/maven2/org/apache/maven/maven-parent/8/maven-parent-8.pom (24 KB at 841.7 KB/sec)
[INFO] Downloading: http://repo.maven.apache.org/maven2/org/apache/apache/4/apache-4.pom
[INFO] Downloaded: http://repo.maven.apache.org/maven2/org/apache/apache/4/apache-4.pom (5 KB at 190.9 KB/sec)
[INFO] Downloading: http://repo.maven.apache.org/maven2/org/codehaus/plexus/plexus-utils/1.5.8/plexus-utils-1.5.8.pom
[INFO] Downloaded: http://repo.maven.apache.org/maven2/org/codehaus/plexus/plexus-utils/1.5.8/plexus-utils-1.5.8.pom (8 KB at 328.1 KB/sec)
[INFO] Downloading: http://repo.maven.apache.org/maven2/org/codehaus/plexus/plexus/2.0.2/plexus-2.0.2.pom
[INFO] Downloaded: http://repo.maven.apache.org/maven2/org/codehaus/plexus/plexus/2.0.2/plexus-2.0.2.pom (12 KB at 472.4 KB/sec)
[INFO] Downloading: http://repo.maven.apache.org/maven2/org/apache/maven/maven-plugin-api/2.0.9/maven-plugin-api-2.0.9.pom
[INFO] Downloaded: http://repo.maven.apache.org/maven2/org/apache/maven/maven-plugin-api/2.0.9/maven-plugin-api-2.0.9.pom (2 KB at 66.3 KB/sec)
[INFO] Downloading: http://repo.maven.apache.org/maven2/org/apache/maven/maven-project/2.0.9/maven-project-2.0.9.pom
[INFO] Downloaded: http://repo.maven.apache.org/maven2/org/apache/maven/maven-project/2.0.9/maven-project-2.0.9.pom (3 KB at 120.3 KB/sec)
[INFO] Downloading: http://repo.maven.apache.org/maven2/org/apache/maven/maven-settings/2.0.9/maven-settings-2.0.9.pom
[INFO] Downloaded: http://repo.maven.apache.org/maven2/org/apache/maven/maven-settings/2.0.9/maven-settings-2.0.9.pom (3 KB at 87.4 KB/sec)
[INFO] Downloading: http://repo.maven.apache.org/maven2/org/apache/maven/maven-model/2.0.9/maven-model-2.0.9.pom
[INFO] Downloaded: http://repo.maven.apache.org/maven2/org/apache/maven/maven-model/2.0.9/maven-model-2.0.9.pom (4 KB at 133.3 KB/sec)
[INFO] Downloading: http://repo.maven.apache.org/maven2/org/codehaus/plexus/plexus-container-default/1.0-alpha-9-stable-1/plexus-container-default-1.0-alpha-9-stable-1.pom
[INFO] Downloaded: http://repo.maven.apache.org/maven2/org/codehaus/plexus/plexus-container-default/1.0-alpha-9-stable-1/plexus-container-default-1.0-alpha-9-stable-1.pom (4 KB at 175.3 KB/sec)
[INFO] Downloading: http://repo.maven.apache.org/maven2/org/codehaus/plexus/plexus-containers/1.0.3/plexus-containers-1.0.3.pom
[INFO] Downloaded: http://repo.maven.apache.org/maven2/org/codehaus/plexus/plexus-containers/1.0.3/plexus-containers-1.0.3.pom (492 B at 21.8 KB/sec)
[INFO] Downloading: http://repo.maven.apache.org/maven2/org/codehaus/plexus/plexus/1.0.4/plexus-1.0.4.pom
[INFO] Downloaded: http://repo.maven.apache.org/maven2/org/codehaus/plexus/plexus/1.0.4/plexus-1.0.4.pom (6 KB at 254.7 KB/sec)
[INFO] Downloading: http://repo.maven.apache.org/maven2/junit/junit/3.8.2/junit-3.8.2.pom
[INFO] Downloaded: http://repo.maven.apache.org/maven2/junit/junit/3.8.2/junit-3.8.2.pom (747 B at 33.2 KB/sec)
[INFO] Downloading: http://repo.maven.apache.org/maven2/classworlds/classworlds/1.1-alpha-2/classworlds-1.1-alpha-2.pom
[INFO] Downloaded: http://repo.maven.apache.org/maven2/classworlds/classworlds/1.1-alpha-2/classworlds-1.1-alpha-2.pom (4 KB at 127.3 KB/sec)
[INFO] Downloading: http://repo.maven.apache.org/maven2/org/apache/maven/maven-profile/2.0.9/maven-profile-2.0.9.pom
[INFO] Downloaded: http://repo.maven.apache.org/maven2/org/apache/maven/maven-profile/2.0.9/maven-profile-2.0.9.pom (3 KB at 91.0 KB/sec)
[INFO] Downloading: http://repo.maven.apache.org/maven2/org/apache/maven/maven-artifact-manager/2.0.9/maven-artifact-manager-2.0.9.pom
[INFO] Downloaded: http://repo.maven.apache.org/maven2/org/apache/maven/maven-artifact-manager/2.0.9/maven-artifact-manager-2.0.9.pom (3 KB at 114.6 KB/sec)
[INFO] Downloading: http://repo.maven.apache.org/maven2/org/apache/maven/maven-repository-metadata/2.0.9/maven-repository-metadata-2.0.9.pom
[INFO] Downloaded: http://repo.maven.apache.org/maven2/org/apache/maven/maven-repository-metadata/2.0.9/maven-repository-metadata-2.0.9.pom (2 KB at 80.7 KB/sec)
[INFO] Downloading: http://repo.maven.apache.org/maven2/org/apache/maven/maven-plugin-registry/2.0.9/maven-plugin-registry-2.0.9.pom
[INFO] Downloaded: http://repo.maven.apache.org/maven2/org/apache/maven/maven-plugin-registry/2.0.9/maven-plugin-registry-2.0.9.pom (2 KB at 87.5 KB/sec)
[INFO] Downloading: http://repo.maven.apache.org/maven2/org/apache/maven/maven-core/2.0.9/maven-core-2.0.9.pom
[INFO] Downloaded: http://repo.maven.apache.org/maven2/org/apache/maven/maven-core/2.0.9/maven-core-2.0.9.pom (8 KB at 304.1 KB/sec)
[INFO] Downloading: http://repo.maven.apache.org/maven2/org/apache/maven/maven-plugin-parameter-documenter/2.0.9/maven-plugin-parameter-documenter-2.0.9.pom
[INFO] Downloaded: http://repo.maven.apache.org/maven2/org/apache/maven/maven-plugin-parameter-documenter/2.0.9/maven-plugin-parameter-documenter-2.0.9.pom (2 KB at 83.4 KB/sec)
[INFO] Downloading: http://repo.maven.apache.org/maven2/org/apache/maven/reporting/maven-reporting-api/2.0.9/maven-reporting-api-2.0.9.pom
[INFO] Downloaded: http://repo.maven.apache.org/maven2/org/apache/maven/reporting/maven-reporting-api/2.0.9/maven-reporting-api-2.0.9.pom (2 KB at 76.5 KB/sec)
[INFO] Downloading: http://repo.maven.apache.org/maven2/org/apache/maven/reporting/maven-reporting/2.0.9/maven-reporting-2.0.9.pom
[INFO] Downloaded: http://repo.maven.apache.org/maven2/org/apache/maven/reporting/maven-reporting/2.0.9/maven-reporting-2.0.9.pom (2 KB at 60.1 KB/sec)
[INFO] Downloading: http://repo.maven.apache.org/maven2/org/apache/maven/doxia/doxia-sink-api/1.0-alpha-10/doxia-sink-api-1.0-alpha-10.pom
[INFO] Downloaded: http://repo.maven.apache.org/maven2/org/apache/maven/doxia/doxia-sink-api/1.0-alpha-10/doxia-sink-api-1.0-alpha-10.pom (2 KB at 54.8 KB/sec)
[INFO] Downloading: http://repo.maven.apache.org/maven2/org/apache/maven/doxia/doxia/1.0-alpha-10/doxia-1.0-alpha-10.pom
[INFO] Downloaded: http://repo.maven.apache.org/maven2/org/apache/maven/doxia/doxia/1.0-alpha-10/doxia-1.0-alpha-10.pom (9 KB at 357.8 KB/sec)
[INFO] Downloading: http://repo.maven.apache.org/maven2/org/apache/maven/maven-parent/6/maven-parent-6.pom
[INFO] Downloaded: http://repo.maven.apache.org/maven2/org/apache/maven/maven-parent/6/maven-parent-6.pom (20 KB at 725.0 KB/sec)
[INFO] Downloading: http://repo.maven.apache.org/maven2/org/apache/maven/maven-error-diagnostics/2.0.9/maven-error-diagnostics-2.0.9.pom
[INFO] Downloaded: http://repo.maven.apache.org/maven2/org/apache/maven/maven-error-diagnostics/2.0.9/maven-error-diagnostics-2.0.9.pom (2 KB at 74.0 KB/sec)
[INFO] Downloading: http://repo.maven.apache.org/maven2/commons-cli/commons-cli/1.0/commons-cli-1.0.pom
[INFO] Downloaded: http://repo.maven.apache.org/maven2/commons-cli/commons-cli/1.0/commons-cli-1.0.pom (3 KB at 93.4 KB/sec)
[INFO] Downloading: http://repo.maven.apache.org/maven2/org/apache/maven/maven-plugin-descriptor/2.0.9/maven-plugin-descriptor-2.0.9.pom
[INFO] Downloaded: http://repo.maven.apache.org/maven2/org/apache/maven/maven-plugin-descriptor/2.0.9/maven-plugin-descriptor-2.0.9.pom (3 KB at 88.1 KB/sec)
[INFO] Downloading: http://repo.maven.apache.org/maven2/org/codehaus/plexus/plexus-interactivity-api/1.0-alpha-4/plexus-interactivity-api-1.0-alpha-4.pom
[INFO] Downloaded: http://repo.maven.apache.org/maven2/org/codehaus/plexus/plexus-interactivity-api/1.0-alpha-4/plexus-interactivity-api-1.0-alpha-4.pom (7 KB at 288.5 KB/sec)
[INFO] Downloading: http://repo.maven.apache.org/maven2/org/apache/maven/maven-monitor/2.0.9/maven-monitor-2.0.9.pom
[INFO] Downloaded: http://repo.maven.apache.org/maven2/org/apache/maven/maven-monitor/2.0.9/maven-monitor-2.0.9.pom (2 KB at 54.6 KB/sec)
[INFO] Downloading: http://repo.maven.apache.org/maven2/classworlds/classworlds/1.1/classworlds-1.1.pom
[INFO] Downloaded: http://repo.maven.apache.org/maven2/classworlds/classworlds/1.1/classworlds-1.1.pom (4 KB at 141.1 KB/sec)
[INFO] Downloading: http://repo.maven.apache.org/maven2/commons-lang/commons-lang/2.3/commons-lang-2.3.pom
[INFO] Downloaded: http://repo.maven.apache.org/maven2/commons-lang/commons-lang/2.3/commons-lang-2.3.pom (11 KB at 452.3 KB/sec)
[INFO] Downloading: http://repo.maven.apache.org/maven2/org/apache/maven/enforcer/enforcer-api/1.0/enforcer-api-1.0.pom
[INFO] Downloaded: http://repo.maven.apache.org/maven2/org/apache/maven/enforcer/enforcer-api/1.0/enforcer-api-1.0.pom (4 KB at 139.1 KB/sec)
[INFO] Downloading: http://repo.maven.apache.org/maven2/org/codehaus/plexus/plexus-container-default/1.0-alpha-9/plexus-container-default-1.0-alpha-9.pom
[INFO] Downloaded: http://repo.maven.apache.org/maven2/org/codehaus/plexus/plexus-container-default/1.0-alpha-9/plexus-container-default-1.0-alpha-9.pom (2 KB at 52.5 KB/sec)
[INFO] Downloading: http://repo.maven.apache.org/maven2/org/apache/maven/enforcer/enforcer-rules/1.0/enforcer-rules-1.0.pom
[INFO] Downloaded: http://repo.maven.apache.org/maven2/org/apache/maven/enforcer/enforcer-rules/1.0/enforcer-rules-1.0.pom (5 KB at 168.2 KB/sec)
[INFO] Downloading: http://repo.maven.apache.org/maven2/org/apache/maven/shared/maven-common-artifact-filters/1.2/maven-common-artifact-filters-1.2.pom
[INFO] Downloaded: http://repo.maven.apache.org/maven2/org/apache/maven/shared/maven-common-artifact-filters/1.2/maven-common-artifact-filters-1.2.pom (5 KB at 184.0 KB/sec)
[INFO] Downloading: http://repo.maven.apache.org/maven2/org/apache/maven/shared/maven-shared-components/11/maven-shared-components-11.pom
[INFO] Downloaded: http://repo.maven.apache.org/maven2/org/apache/maven/shared/maven-shared-components/11/maven-shared-components-11.pom (9 KB at 339.4 KB/sec)
[INFO] Downloading: http://repo.maven.apache.org/maven2/org/apache/maven/maven-parent/11/maven-parent-11.pom
[INFO] Downloaded: http://repo.maven.apache.org/maven2/org/apache/maven/maven-parent/11/maven-parent-11.pom (32 KB at 1172.2 KB/sec)
[INFO] Downloading: http://repo.maven.apache.org/maven2/org/apache/apache/5/apache-5.pom
[INFO] Downloaded: http://repo.maven.apache.org/maven2/org/apache/apache/5/apache-5.pom (5 KB at 181.9 KB/sec)
[INFO] Downloading: http://repo.maven.apache.org/maven2/org/apache/maven/maven-model/2.0.8/maven-model-2.0.8.pom
[INFO] Downloaded: http://repo.maven.apache.org/maven2/org/apache/maven/maven-model/2.0.8/maven-model-2.0.8.pom (4 KB at 133.3 KB/sec)
[INFO] Downloading: http://repo.maven.apache.org/maven2/org/apache/maven/maven/2.0.8/maven-2.0.8.pom
[INFO] Downloaded: http://repo.maven.apache.org/maven2/org/apache/maven/maven/2.0.8/maven-2.0.8.pom (12 KB at 513.5 KB/sec)
[INFO] Downloading: http://repo.maven.apache.org/maven2/org/apache/maven/shared/maven-plugin-testing-harness/1.1/maven-plugin-testing-harness-1.1.pom
[INFO] Downloaded: http://repo.maven.apache.org/maven2/org/apache/maven/shared/maven-plugin-testing-harness/1.1/maven-plugin-testing-harness-1.1.pom (7 KB at 257.8 KB/sec)
[INFO] Downloading: http://repo.maven.apache.org/maven2/org/apache/maven/shared/maven-shared-components/7/maven-shared-components-7.pom
[INFO] Downloaded: http://repo.maven.apache.org/maven2/org/apache/maven/shared/maven-shared-components/7/maven-shared-components-7.pom (3 KB at 115.4 KB/sec)
[INFO] Downloading: http://repo.maven.apache.org/maven2/org/apache/maven/maven-parent/5/maven-parent-5.pom
[INFO] Downloaded: http://repo.maven.apache.org/maven2/org/apache/maven/maven-parent/5/maven-parent-5.pom (15 KB at 620.0 KB/sec)
[INFO] Downloading: http://repo.maven.apache.org/maven2/org/apache/apache/3/apache-3.pom
[INFO] Downloaded: http://repo.maven.apache.org/maven2/org/apache/apache/3/apache-3.pom (4 KB at 152.3 KB/sec)
[INFO] Downloading: http://repo.maven.apache.org/maven2/org/codehaus/plexus/plexus-archiver/1.0-alpha-7/plexus-archiver-1.0-alpha-7.pom
[INFO] Downloaded: http://repo.maven.apache.org/maven2/org/codehaus/plexus/plexus-archiver/1.0-alpha-7/plexus-archiver-1.0-alpha-7.pom (2 KB at 48.5 KB/sec)
[INFO] Downloading: http://repo.maven.apache.org/maven2/org/codehaus/plexus/plexus-components/1.1.6/plexus-components-1.1.6.pom
[INFO] Downloaded: http://repo.maven.apache.org/maven2/org/codehaus/plexus/plexus-components/1.1.6/plexus-components-1.1.6.pom (2 KB at 87.8 KB/sec)
[INFO] Downloading: http://repo.maven.apache.org/maven2/org/codehaus/plexus/plexus/1.0.8/plexus-1.0.8.pom
[INFO] Downloaded: http://repo.maven.apache.org/maven2/org/codehaus/plexus/plexus/1.0.8/plexus-1.0.8.pom (8 KB at 307.0 KB/sec)
[INFO] Downloading: http://repo.maven.apache.org/maven2/org/codehaus/plexus/plexus-container-default/1.0-alpha-8/plexus-container-default-1.0-alpha-8.pom
[INFO] Downloaded: http://repo.maven.apache.org/maven2/org/codehaus/plexus/plexus-container-default/1.0-alpha-8/plexus-container-default-1.0-alpha-8.pom (8 KB at 322.4 KB/sec)
[INFO] Downloading: http://repo.maven.apache.org/maven2/org/beanshell/bsh/2.0b4/bsh-2.0b4.pom
[INFO] Downloaded: http://repo.maven.apache.org/maven2/org/beanshell/bsh/2.0b4/bsh-2.0b4.pom (2 KB at 55.6 KB/sec)
[INFO] Downloading: http://repo.maven.apache.org/maven2/org/beanshell/beanshell/2.0b4/beanshell-2.0b4.pom
[INFO] Downloaded: http://repo.maven.apache.org/maven2/org/beanshell/beanshell/2.0b4/beanshell-2.0b4.pom (2 KB at 65.7 KB/sec)
[INFO] Downloading: http://repo.maven.apache.org/maven2/org/apache/maven/shared/maven-dependency-tree/1.2/maven-dependency-tree-1.2.pom
[INFO] Downloaded: http://repo.maven.apache.org/maven2/org/apache/maven/shared/maven-dependency-tree/1.2/maven-dependency-tree-1.2.pom (4 KB at 160.3 KB/sec)
[INFO] Downloading: http://repo.maven.apache.org/maven2/org/apache/maven/shared/maven-shared-components/9/maven-shared-components-9.pom
[INFO] Downloaded: http://repo.maven.apache.org/maven2/org/apache/maven/shared/maven-shared-components/9/maven-shared-components-9.pom (4 KB at 162.8 KB/sec)
[INFO] Downloading: http://repo.maven.apache.org/maven2/org/codehaus/plexus/plexus-i18n/1.0-beta-6/plexus-i18n-1.0-beta-6.pom
[INFO] Downloaded: http://repo.maven.apache.org/maven2/org/codehaus/plexus/plexus-i18n/1.0-beta-6/plexus-i18n-1.0-beta-6.pom (771 B at 35.9 KB/sec)
[INFO] Downloading: http://repo.maven.apache.org/maven2/org/codehaus/plexus/plexus-components/1.1.4/plexus-components-1.1.4.pom
[INFO] Downloaded: http://repo.maven.apache.org/maven2/org/codehaus/plexus/plexus-components/1.1.4/plexus-components-1.1.4.pom (3 KB at 87.9 KB/sec)
[INFO] Downloading: http://repo.maven.apache.org/maven2/org/apache/maven/reporting/maven-reporting-api/2.0.9/maven-reporting-api-2.0.9.jar
[INFO] Downloading: http://repo.maven.apache.org/maven2/org/apache/maven/doxia/doxia-sink-api/1.0-alpha-10/doxia-sink-api-1.0-alpha-10.jar
[INFO] Downloading: http://repo.maven.apache.org/maven2/commons-cli/commons-cli/1.0/commons-cli-1.0.jar
[INFO] Downloading: http://repo.maven.apache.org/maven2/org/codehaus/plexus/plexus-interactivity-api/1.0-alpha-4/plexus-interactivity-api-1.0-alpha-4.jar
[INFO] Downloading: http://repo.maven.apache.org/maven2/org/codehaus/plexus/plexus-utils/1.5.8/plexus-utils-1.5.8.jar
[INFO] Downloaded: http://repo.maven.apache.org/maven2/org/apache/maven/reporting/maven-reporting-api/2.0.9/maven-reporting-api-2.0.9.jar (10 KB at 430.4 KB/sec)
[INFO] Downloading: http://repo.maven.apache.org/maven2/commons-lang/commons-lang/2.3/commons-lang-2.3.jar
[INFO] Downloaded: http://repo.maven.apache.org/maven2/org/codehaus/plexus/plexus-interactivity-api/1.0-alpha-4/plexus-interactivity-api-1.0-alpha-4.jar (14 KB at 409.1 KB/sec)
[INFO] Downloading: http://repo.maven.apache.org/maven2/org/apache/maven/enforcer/enforcer-api/1.0/enforcer-api-1.0.jar
[INFO] Downloaded: http://repo.maven.apache.org/maven2/org/apache/maven/doxia/doxia-sink-api/1.0-alpha-10/doxia-sink-api-1.0-alpha-10.jar (10 KB at 302.3 KB/sec)
[INFO] Downloading: http://repo.maven.apache.org/maven2/org/apache/maven/enforcer/enforcer-rules/1.0/enforcer-rules-1.0.jar
[INFO] Downloaded: http://repo.maven.apache.org/maven2/commons-cli/commons-cli/1.0/commons-cli-1.0.jar (30 KB at 817.0 KB/sec)
[INFO] Downloading: http://repo.maven.apache.org/maven2/org/apache/maven/shared/maven-common-artifact-filters/1.2/maven-common-artifact-filters-1.2.jar
[INFO] Downloaded: http://repo.maven.apache.org/maven2/org/apache/maven/enforcer/enforcer-api/1.0/enforcer-api-1.0.jar (10 KB at 399.0 KB/sec)
[INFO] Downloading: http://repo.maven.apache.org/maven2/org/beanshell/bsh/2.0b4/bsh-2.0b4.jar
[INFO] Downloaded: http://repo.maven.apache.org/maven2/org/apache/maven/shared/maven-common-artifact-filters/1.2/maven-common-artifact-filters-1.2.jar (31 KB at 1285.8 KB/sec)
[INFO] Downloading: http://repo.maven.apache.org/maven2/org/apache/maven/shared/maven-dependency-tree/1.2/maven-dependency-tree-1.2.jar
[INFO] Downloaded: http://repo.maven.apache.org/maven2/org/codehaus/plexus/plexus-utils/1.5.8/plexus-utils-1.5.8.jar (262 KB at 4087.1 KB/sec)
[INFO] Downloading: http://repo.maven.apache.org/maven2/org/codehaus/plexus/plexus-i18n/1.0-beta-6/plexus-i18n-1.0-beta-6.jar
[INFO] Downloaded: http://repo.maven.apache.org/maven2/org/apache/maven/enforcer/enforcer-rules/1.0/enforcer-rules-1.0.jar (60 KB at 1609.2 KB/sec)
[INFO] Downloaded: http://repo.maven.apache.org/maven2/commons-lang/commons-lang/2.3/commons-lang-2.3.jar (240 KB at 4202.2 KB/sec)
[INFO] Downloaded: http://repo.maven.apache.org/maven2/org/apache/maven/shared/maven-dependency-tree/1.2/maven-dependency-tree-1.2.jar (34 KB at 1534.0 KB/sec)
[INFO] Downloaded: http://repo.maven.apache.org/maven2/org/codehaus/plexus/plexus-i18n/1.0-beta-6/plexus-i18n-1.0-beta-6.jar (12 KB at 509.9 KB/sec)
[INFO] Downloaded: http://repo.maven.apache.org/maven2/org/beanshell/bsh/2.0b4/bsh-2.0b4.jar (276 KB at 5001.7 KB/sec)
[INFO] 
[INFO] --- maven-checkstyle-plugin:2.9.1:checkstyle (default) @ parent ---
[INFO] Downloading: http://repo.maven.apache.org/maven2/org/apache/maven/maven-artifact/2.2.1/maven-artifact-2.2.1.pom
[INFO] Downloaded: http://repo.maven.apache.org/maven2/org/apache/maven/maven-artifact/2.2.1/maven-artifact-2.2.1.pom (2 KB at 70.2 KB/sec)
[INFO] Downloading: http://repo.maven.apache.org/maven2/org/apache/maven/maven/2.2.1/maven-2.2.1.pom
[INFO] Downloaded: http://repo.maven.apache.org/maven2/org/apache/maven/maven/2.2.1/maven-2.2.1.pom (22 KB at 994.7 KB/sec)
[INFO] Downloading: http://repo.maven.apache.org/maven2/org/codehaus/plexus/plexus-utils/1.5.15/plexus-utils-1.5.15.pom
[INFO] Downloaded: http://repo.maven.apache.org/maven2/org/codehaus/plexus/plexus-utils/1.5.15/plexus-utils-1.5.15.pom (7 KB at 290.8 KB/sec)
[INFO] Downloading: http://repo.maven.apache.org/maven2/org/apache/maven/maven-model/2.2.1/maven-model-2.2.1.pom
[INFO] Downloaded: http://repo.maven.apache.org/maven2/org/apache/maven/maven-model/2.2.1/maven-model-2.2.1.pom (4 KB at 137.6 KB/sec)
[INFO] Downloading: http://repo.maven.apache.org/maven2/org/apache/maven/maven-plugin-api/2.2.1/maven-plugin-api-2.2.1.pom
[INFO] Downloaded: http://repo.maven.apache.org/maven2/org/apache/maven/maven-plugin-api/2.2.1/maven-plugin-api-2.2.1.pom (2 KB at 64.8 KB/sec)
[INFO] Downloading: http://repo.maven.apache.org/maven2/org/apache/maven/maven-project/2.2.1/maven-project-2.2.1.pom
[INFO] Downloaded: http://repo.maven.apache.org/maven2/org/apache/maven/maven-project/2.2.1/maven-project-2.2.1.pom (3 KB at 123.1 KB/sec)
[INFO] Downloading: http://repo.maven.apache.org/maven2/org/apache/maven/maven-settings/2.2.1/maven-settings-2.2.1.pom
[INFO] Downloaded: http://repo.maven.apache.org/maven2/org/apache/maven/maven-settings/2.2.1/maven-settings-2.2.1.pom (3 KB at 101.3 KB/sec)
[INFO] Downloading: http://repo.maven.apache.org/maven2/org/codehaus/plexus/plexus-interpolation/1.11/plexus-interpolation-1.11.pom
[INFO] Downloaded: http://repo.maven.apache.org/maven2/org/codehaus/plexus/plexus-interpolation/1.11/plexus-interpolation-1.11.pom (889 B at 39.5 KB/sec)
[INFO] Downloading: http://repo.maven.apache.org/maven2/org/codehaus/plexus/plexus-components/1.1.14/plexus-components-1.1.14.pom
[INFO] Downloaded: http://repo.maven.apache.org/maven2/org/codehaus/plexus/plexus-components/1.1.14/plexus-components-1.1.14.pom (6 KB at 271.7 KB/sec)
[INFO] Downloading: http://repo.maven.apache.org/maven2/junit/junit/3.8.1/junit-3.8.1.pom
[INFO] Downloaded: http://repo.maven.apache.org/maven2/junit/junit/3.8.1/junit-3.8.1.pom (998 B at 44.3 KB/sec)
[INFO] Downloading: http://repo.maven.apache.org/maven2/org/codehaus/plexus/plexus-utils/1.0.4/plexus-utils-1.0.4.pom
[INFO] Downloaded: http://repo.maven.apache.org/maven2/org/codehaus/plexus/plexus-utils/1.0.4/plexus-utils-1.0.4.pom (7 KB at 318.8 KB/sec)
[INFO] Downloading: http://repo.maven.apache.org/maven2/org/apache/maven/maven-profile/2.2.1/maven-profile-2.2.1.pom
[INFO] Downloaded: http://repo.maven.apache.org/maven2/org/apache/maven/maven-profile/2.2.1/maven-profile-2.2.1.pom (3 KB at 96.4 KB/sec)
[INFO] Downloading: http://repo.maven.apache.org/maven2/org/apache/maven/maven-artifact-manager/2.2.1/maven-artifact-manager-2.2.1.pom
[INFO] Downloaded: http://repo.maven.apache.org/maven2/org/apache/maven/maven-artifact-manager/2.2.1/maven-artifact-manager-2.2.1.pom (4 KB at 137.7 KB/sec)
[INFO] Downloading: http://repo.maven.apache.org/maven2/org/apache/maven/maven-repository-metadata/2.2.1/maven-repository-metadata-2.2.1.pom
[INFO] Downloaded: http://repo.maven.apache.org/maven2/org/apache/maven/maven-repository-metadata/2.2.1/maven-repository-metadata-2.2.1.pom (2 KB at 87.0 KB/sec)
[INFO] Downloading: http://repo.maven.apache.org/maven2/backport-util-concurrent/backport-util-concurrent/3.1/backport-util-concurrent-3.1.pom
[INFO] Downloaded: http://repo.maven.apache.org/maven2/backport-util-concurrent/backport-util-concurrent/3.1/backport-util-concurrent-3.1.pom (880 B at 37.4 KB/sec)
[INFO] Downloading: http://repo.maven.apache.org/maven2/org/apache/maven/maven-plugin-registry/2.2.1/maven-plugin-registry-2.2.1.pom
[INFO] Downloaded: http://repo.maven.apache.org/maven2/org/apache/maven/maven-plugin-registry/2.2.1/maven-plugin-registry-2.2.1.pom (2 KB at 89.7 KB/sec)
[INFO] Downloading: http://repo.maven.apache.org/maven2/org/apache/maven/reporting/maven-reporting-api/3.0/maven-reporting-api-3.0.pom
[INFO] Downloaded: http://repo.maven.apache.org/maven2/org/apache/maven/reporting/maven-reporting-api/3.0/maven-reporting-api-3.0.pom (3 KB at 105.3 KB/sec)
[INFO] Downloading: http://repo.maven.apache.org/maven2/org/apache/maven/shared/maven-shared-components/15/maven-shared-components-15.pom
[INFO] Downloaded: http://repo.maven.apache.org/maven2/org/apache/maven/shared/maven-shared-components/15/maven-shared-components-15.pom (10 KB at 434.2 KB/sec)
[INFO] Downloading: http://repo.maven.apache.org/maven2/org/apache/maven/maven-parent/16/maven-parent-16.pom
[INFO] Downloaded: http://repo.maven.apache.org/maven2/org/apache/maven/maven-parent/16/maven-parent-16.pom (23 KB at 1033.0 KB/sec)
[INFO] Downloading: http://repo.maven.apache.org/maven2/org/apache/maven/doxia/doxia-sink-api/1.0/doxia-sink-api-1.0.pom
[INFO] Downloaded: http://repo.maven.apache.org/maven2/org/apache/maven/doxia/doxia-sink-api/1.0/doxia-sink-api-1.0.pom (2 KB at 64.5 KB/sec)
[INFO] Downloading: http://repo.maven.apache.org/maven2/org/apache/maven/doxia/doxia/1.0/doxia-1.0.pom
[INFO] Downloaded: http://repo.maven.apache.org/maven2/org/apache/maven/doxia/doxia/1.0/doxia-1.0.pom (10 KB at 448.5 KB/sec)
[INFO] Downloading: http://repo.maven.apache.org/maven2/org/apache/maven/maven-parent/10/maven-parent-10.pom
[INFO] Downloaded: http://repo.maven.apache.org/maven2/org/apache/maven/maven-parent/10/maven-parent-10.pom (31 KB at 1404.3 KB/sec)
[INFO] Downloading: http://repo.maven.apache.org/maven2/org/apache/maven/reporting/maven-reporting-impl/2.2/maven-reporting-impl-2.2.pom
[INFO] Downloaded: http://repo.maven.apache.org/maven2/org/apache/maven/reporting/maven-reporting-impl/2.2/maven-reporting-impl-2.2.pom (5 KB at 220.0 KB/sec)
[INFO] Downloading: http://repo.maven.apache.org/maven2/org/apache/maven/shared/maven-shared-components/17/maven-shared-components-17.pom
[INFO] Downloaded: http://repo.maven.apache.org/maven2/org/apache/maven/shared/maven-shared-components/17/maven-shared-components-17.pom (9 KB at 386.3 KB/sec)
[INFO] Downloading: http://repo.maven.apache.org/maven2/org/apache/maven/doxia/doxia-sink-api/1.2/doxia-sink-api-1.2.pom
[INFO] Downloaded: http://repo.maven.apache.org/maven2/org/apache/maven/doxia/doxia-sink-api/1.2/doxia-sink-api-1.2.pom (2 KB at 76.2 KB/sec)
[INFO] Downloading: http://repo.maven.apache.org/maven2/org/apache/maven/doxia/doxia/1.2/doxia-1.2.pom
[INFO] Downloaded: http://repo.maven.apache.org/maven2/org/apache/maven/doxia/doxia/1.2/doxia-1.2.pom (19 KB at 835.7 KB/sec)
[INFO] Downloading: http://repo.maven.apache.org/maven2/org/apache/maven/maven-parent/19/maven-parent-19.pom
[INFO] Downloaded: http://repo.maven.apache.org/maven2/org/apache/maven/maven-parent/19/maven-parent-19.pom (25 KB at 1110.0 KB/sec)
[INFO] Downloading: http://repo.maven.apache.org/maven2/org/apache/apache/9/apache-9.pom
[INFO] Downloaded: http://repo.maven.apache.org/maven2/org/apache/apache/9/apache-9.pom (15 KB at 672.9 KB/sec)
[INFO] Downloading: http://repo.maven.apache.org/maven2/org/apache/maven/doxia/doxia-logging-api/1.2/doxia-logging-api-1.2.pom
[INFO] Downloaded: http://repo.maven.apache.org/maven2/org/apache/maven/doxia/doxia-logging-api/1.2/doxia-logging-api-1.2.pom (2 KB at 73.1 KB/sec)
[INFO] Downloading: http://repo.maven.apache.org/maven2/org/codehaus/plexus/plexus-container-default/1.0-alpha-30/plexus-container-default-1.0-alpha-30.pom
[INFO] Downloaded: http://repo.maven.apache.org/maven2/org/codehaus/plexus/plexus-container-default/1.0-alpha-30/plexus-container-default-1.0-alpha-30.pom (4 KB at 154.3 KB/sec)
[INFO] Downloading: http://repo.maven.apache.org/maven2/org/codehaus/plexus/plexus-containers/1.0-alpha-30/plexus-containers-1.0-alpha-30.pom
[INFO] Downloaded: http://repo.maven.apache.org/maven2/org/codehaus/plexus/plexus-containers/1.0-alpha-30/plexus-containers-1.0-alpha-30.pom (2 KB at 88.1 KB/sec)
[INFO] Downloading: http://repo.maven.apache.org/maven2/org/codehaus/plexus/plexus/1.0.11/plexus-1.0.11.pom
[INFO] Downloaded: http://repo.maven.apache.org/maven2/org/codehaus/plexus/plexus/1.0.11/plexus-1.0.11.pom (9 KB at 398.1 KB/sec)
[INFO] Downloading: http://repo.maven.apache.org/maven2/org/codehaus/plexus/plexus-utils/1.4.5/plexus-utils-1.4.5.pom
[INFO] Downloaded: http://repo.maven.apache.org/maven2/org/codehaus/plexus/plexus-utils/1.4.5/plexus-utils-1.4.5.pom (3 KB at 100.5 KB/sec)
[INFO] Downloading: http://repo.maven.apache.org/maven2/org/codehaus/plexus/plexus-classworlds/1.2-alpha-9/plexus-classworlds-1.2-alpha-9.pom
[INFO] Downloaded: http://repo.maven.apache.org/maven2/org/codehaus/plexus/plexus-classworlds/1.2-alpha-9/plexus-classworlds-1.2-alpha-9.pom (4 KB at 136.8 KB/sec)
[INFO] Downloading: http://repo.maven.apache.org/maven2/org/codehaus/plexus/plexus/1.0.10/plexus-1.0.10.pom
[INFO] Downloaded: http://repo.maven.apache.org/maven2/org/codehaus/plexus/plexus/1.0.10/plexus-1.0.10.pom (9 KB at 366.2 KB/sec)
[INFO] Downloading: http://repo.maven.apache.org/maven2/org/apache/maven/doxia/doxia-core/1.2/doxia-core-1.2.pom
[INFO] Downloaded: http://repo.maven.apache.org/maven2/org/apache/maven/doxia/doxia-core/1.2/doxia-core-1.2.pom (4 KB at 175.6 KB/sec)
[INFO] Downloading: http://repo.maven.apache.org/maven2/org/codehaus/plexus/plexus-utils/2.0.5/plexus-utils-2.0.5.pom
[INFO] Downloaded: http://repo.maven.apache.org/maven2/org/codehaus/plexus/plexus-utils/2.0.5/plexus-utils-2.0.5.pom (4 KB at 155.0 KB/sec)
[INFO] Downloading: http://repo.maven.apache.org/maven2/org/codehaus/plexus/plexus/2.0.6/plexus-2.0.6.pom
[INFO] Downloaded: http://repo.maven.apache.org/maven2/org/codehaus/plexus/plexus/2.0.6/plexus-2.0.6.pom (17 KB at 744.1 KB/sec)
[INFO] Downloading: http://repo.maven.apache.org/maven2/xerces/xercesImpl/2.9.1/xercesImpl-2.9.1.pom
[INFO] Downloaded: http://repo.maven.apache.org/maven2/xerces/xercesImpl/2.9.1/xercesImpl-2.9.1.pom (2 KB at 60.5 KB/sec)
[INFO] Downloading: http://repo.maven.apache.org/maven2/xml-apis/xml-apis/1.3.04/xml-apis-1.3.04.pom
[INFO] Downloaded: http://repo.maven.apache.org/maven2/xml-apis/xml-apis/1.3.04/xml-apis-1.3.04.pom (2 KB at 80.9 KB/sec)
[INFO] Downloading: http://repo.maven.apache.org/maven2/commons-lang/commons-lang/2.4/commons-lang-2.4.pom
[INFO] Downloaded: http://repo.maven.apache.org/maven2/commons-lang/commons-lang/2.4/commons-lang-2.4.pom (14 KB at 620.4 KB/sec)
[INFO] Downloading: http://repo.maven.apache.org/maven2/org/apache/commons/commons-parent/9/commons-parent-9.pom
[INFO] Downloaded: http://repo.maven.apache.org/maven2/org/apache/commons/commons-parent/9/commons-parent-9.pom (22 KB at 1019.8 KB/sec)
[INFO] Downloading: http://repo.maven.apache.org/maven2/org/apache/httpcomponents/httpclient/4.0.2/httpclient-4.0.2.pom
[INFO] Downloaded: http://repo.maven.apache.org/maven2/org/apache/httpcomponents/httpclient/4.0.2/httpclient-4.0.2.pom (8 KB at 332.7 KB/sec)
[INFO] Downloading: http://repo.maven.apache.org/maven2/org/apache/httpcomponents/httpcomponents-client/4.0.2/httpcomponents-client-4.0.2.pom
[INFO] Downloaded: http://repo.maven.apache.org/maven2/org/apache/httpcomponents/httpcomponents-client/4.0.2/httpcomponents-client-4.0.2.pom (9 KB at 398.0 KB/sec)
[INFO] Downloading: http://repo.maven.apache.org/maven2/org/apache/httpcomponents/project/4.1/project-4.1.pom
[INFO] Downloaded: http://repo.maven.apache.org/maven2/org/apache/httpcomponents/project/4.1/project-4.1.pom (16 KB at 727.2 KB/sec)
[INFO] Downloading: http://repo.maven.apache.org/maven2/org/apache/httpcomponents/httpcore/4.0.1/httpcore-4.0.1.pom
[INFO] Downloaded: http://repo.maven.apache.org/maven2/org/apache/httpcomponents/httpcore/4.0.1/httpcore-4.0.1.pom (5 KB at 217.0 KB/sec)
[INFO] Downloading: http://repo.maven.apache.org/maven2/org/apache/httpcomponents/httpcomponents-core/4.0.1/httpcomponents-core-4.0.1.pom
[INFO] Downloaded: http://repo.maven.apache.org/maven2/org/apache/httpcomponents/httpcomponents-core/4.0.1/httpcomponents-core-4.0.1.pom (10 KB at 434.9 KB/sec)
[INFO] Downloading: http://repo.maven.apache.org/maven2/org/apache/httpcomponents/project/4.0/project-4.0.pom
[INFO] Downloaded: http://repo.maven.apache.org/maven2/org/apache/httpcomponents/project/4.0/project-4.0.pom (13 KB at 609.8 KB/sec)
[INFO] Downloading: http://repo.maven.apache.org/maven2/commons-logging/commons-logging/1.1.1/commons-logging-1.1.1.pom
[INFO] Downloaded: http://repo.maven.apache.org/maven2/commons-logging/commons-logging/1.1.1/commons-logging-1.1.1.pom (18 KB at 815.2 KB/sec)
[INFO] Downloading: http://repo.maven.apache.org/maven2/org/apache/commons/commons-parent/5/commons-parent-5.pom
[INFO] Downloaded: http://repo.maven.apache.org/maven2/org/apache/commons/commons-parent/5/commons-parent-5.pom (16 KB at 746.0 KB/sec)
[INFO] Downloading: http://repo.maven.apache.org/maven2/commons-codec/commons-codec/1.3/commons-codec-1.3.pom
[INFO] Downloaded: http://repo.maven.apache.org/maven2/commons-codec/commons-codec/1.3/commons-codec-1.3.pom (6 KB at 271.0 KB/sec)
[INFO] Downloading: http://repo.maven.apache.org/maven2/org/apache/maven/doxia/doxia-site-renderer/1.2/doxia-site-renderer-1.2.pom
[INFO] Downloaded: http://repo.maven.apache.org/maven2/org/apache/maven/doxia/doxia-site-renderer/1.2/doxia-site-renderer-1.2.pom (7 KB at 290.1 KB/sec)
[INFO] Downloading: http://repo.maven.apache.org/maven2/org/apache/maven/doxia/doxia-sitetools/1.2/doxia-sitetools-1.2.pom
[INFO] Downloaded: http://repo.maven.apache.org/maven2/org/apache/maven/doxia/doxia-sitetools/1.2/doxia-sitetools-1.2.pom (16 KB at 713.1 KB/sec)
[INFO] Downloading: http://repo.maven.apache.org/maven2/org/apache/maven/doxia/doxia-decoration-model/1.2/doxia-decoration-model-1.2.pom
[INFO] Downloaded: http://repo.maven.apache.org/maven2/org/apache/maven/doxia/doxia-decoration-model/1.2/doxia-decoration-model-1.2.pom (3 KB at 142.2 KB/sec)
[INFO] Downloading: http://repo.maven.apache.org/maven2/org/apache/maven/doxia/doxia-module-xhtml/1.2/doxia-module-xhtml-1.2.pom
[INFO] Downloaded: http://repo.maven.apache.org/maven2/org/apache/maven/doxia/doxia-module-xhtml/1.2/doxia-module-xhtml-1.2.pom (2 KB at 81.8 KB/sec)
[INFO] Downloading: http://repo.maven.apache.org/maven2/org/apache/maven/doxia/doxia-modules/1.2/doxia-modules-1.2.pom
[INFO] Downloaded: http://repo.maven.apache.org/maven2/org/apache/maven/doxia/doxia-modules/1.2/doxia-modules-1.2.pom (3 KB at 116.3 KB/sec)
[INFO] Downloading: http://repo.maven.apache.org/maven2/org/apache/maven/doxia/doxia-module-fml/1.2/doxia-module-fml-1.2.pom
[INFO] Downloaded: http://repo.maven.apache.org/maven2/org/apache/maven/doxia/doxia-module-fml/1.2/doxia-module-fml-1.2.pom (6 KB at 261.6 KB/sec)
[INFO] Downloading: http://repo.maven.apache.org/maven2/org/codehaus/plexus/plexus-i18n/1.0-beta-7/plexus-i18n-1.0-beta-7.pom
[INFO] Downloaded: http://repo.maven.apache.org/maven2/org/codehaus/plexus/plexus-i18n/1.0-beta-7/plexus-i18n-1.0-beta-7.pom (2 KB at 47.0 KB/sec)
[INFO] Downloading: http://repo.maven.apache.org/maven2/org/codehaus/plexus/plexus-components/1.1.12/plexus-components-1.1.12.pom
[INFO] Downloaded: http://repo.maven.apache.org/maven2/org/codehaus/plexus/plexus-components/1.1.12/plexus-components-1.1.12.pom (3 KB at 139.6 KB/sec)
[INFO] Downloading: http://repo.maven.apache.org/maven2/org/codehaus/plexus/plexus-utils/1.4.1/plexus-utils-1.4.1.pom
[INFO] Downloaded: http://repo.maven.apache.org/maven2/org/codehaus/plexus/plexus-utils/1.4.1/plexus-utils-1.4.1.pom (2 KB at 88.8 KB/sec)
[INFO] Downloading: http://repo.maven.apache.org/maven2/org/codehaus/plexus/plexus-velocity/1.1.7/plexus-velocity-1.1.7.pom
[INFO] Downloaded: http://repo.maven.apache.org/maven2/org/codehaus/plexus/plexus-velocity/1.1.7/plexus-velocity-1.1.7.pom (2 KB at 91.0 KB/sec)
[INFO] Downloading: http://repo.maven.apache.org/maven2/org/codehaus/plexus/plexus-container-default/1.0-alpha-20/plexus-container-default-1.0-alpha-20.pom
[INFO] Downloaded: http://repo.maven.apache.org/maven2/org/codehaus/plexus/plexus-container-default/1.0-alpha-20/plexus-container-default-1.0-alpha-20.pom (3 KB at 139.1 KB/sec)
[INFO] Downloading: http://repo.maven.apache.org/maven2/org/codehaus/plexus/plexus-containers/1.0-alpha-20/plexus-containers-1.0-alpha-20.pom
[INFO] Downloaded: http://repo.maven.apache.org/maven2/org/codehaus/plexus/plexus-containers/1.0-alpha-20/plexus-containers-1.0-alpha-20.pom (2 KB at 83.7 KB/sec)
[INFO] Downloading: http://repo.maven.apache.org/maven2/org/codehaus/plexus/plexus-utils/1.3/plexus-utils-1.3.pom
[INFO] Downloaded: http://repo.maven.apache.org/maven2/org/codehaus/plexus/plexus-utils/1.3/plexus-utils-1.3.pom (2 KB at 48.1 KB/sec)
[INFO] Downloading: http://repo.maven.apache.org/maven2/org/codehaus/plexus/plexus-classworlds/1.2-alpha-7/plexus-classworlds-1.2-alpha-7.pom
[INFO] Downloaded: http://repo.maven.apache.org/maven2/org/codehaus/plexus/plexus-classworlds/1.2-alpha-7/plexus-classworlds-1.2-alpha-7.pom (3 KB at 110.3 KB/sec)
[INFO] Downloading: http://repo.maven.apache.org/maven2/org/codehaus/plexus/plexus/1.0.9/plexus-1.0.9.pom
[INFO] Downloaded: http://repo.maven.apache.org/maven2/org/codehaus/plexus/plexus/1.0.9/plexus-1.0.9.pom (8 KB at 340.9 KB/sec)
[INFO] Downloading: http://repo.maven.apache.org/maven2/org/apache/velocity/velocity/1.5/velocity-1.5.pom
[INFO] Downloaded: http://repo.maven.apache.org/maven2/org/apache/velocity/velocity/1.5/velocity-1.5.pom (8 KB at 361.1 KB/sec)
[INFO] Downloading: http://repo.maven.apache.org/maven2/commons-collections/commons-collections/3.1/commons-collections-3.1.pom
[INFO] Downloaded: http://repo.maven.apache.org/maven2/commons-collections/commons-collections/3.1/commons-collections-3.1.pom (6 KB at 270.1 KB/sec)
[INFO] Downloading: http://repo.maven.apache.org/maven2/commons-lang/commons-lang/2.1/commons-lang-2.1.pom
[INFO] Downloaded: http://repo.maven.apache.org/maven2/commons-lang/commons-lang/2.1/commons-lang-2.1.pom (10 KB at 461.7 KB/sec)
[INFO] Downloading: http://repo.maven.apache.org/maven2/oro/oro/2.0.8/oro-2.0.8.pom
[INFO] Downloaded: http://repo.maven.apache.org/maven2/oro/oro/2.0.8/oro-2.0.8.pom (140 B at 6.5 KB/sec)
[INFO] Downloading: http://repo.maven.apache.org/maven2/commons-collections/commons-collections/3.2.1/commons-collections-3.2.1.pom
[INFO] Downloaded: http://repo.maven.apache.org/maven2/commons-collections/commons-collections/3.2.1/commons-collections-3.2.1.pom (13 KB at 555.1 KB/sec)
[INFO] Downloading: http://repo.maven.apache.org/maven2/commons-validator/commons-validator/1.3.1/commons-validator-1.3.1.pom
[INFO] Downloaded: http://repo.maven.apache.org/maven2/commons-validator/commons-validator/1.3.1/commons-validator-1.3.1.pom (9 KB at 400.7 KB/sec)
[INFO] Downloading: http://repo.maven.apache.org/maven2/commons-beanutils/commons-beanutils/1.7.0/commons-beanutils-1.7.0.pom
[INFO] Downloaded: http://repo.maven.apache.org/maven2/commons-beanutils/commons-beanutils/1.7.0/commons-beanutils-1.7.0.pom (357 B at 15.8 KB/sec)
[INFO] Downloading: http://repo.maven.apache.org/maven2/commons-logging/commons-logging/1.0.3/commons-logging-1.0.3.pom
[INFO] Downloaded: http://repo.maven.apache.org/maven2/commons-logging/commons-logging/1.0.3/commons-logging-1.0.3.pom (866 B at 40.3 KB/sec)
[INFO] Downloading: http://repo.maven.apache.org/maven2/commons-digester/commons-digester/1.6/commons-digester-1.6.pom
[INFO] Downloaded: http://repo.maven.apache.org/maven2/commons-digester/commons-digester/1.6/commons-digester-1.6.pom (974 B at 43.2 KB/sec)
[INFO] Downloading: http://repo.maven.apache.org/maven2/commons-beanutils/commons-beanutils/1.6/commons-beanutils-1.6.pom
[INFO] Downloaded: http://repo.maven.apache.org/maven2/commons-beanutils/commons-beanutils/1.6/commons-beanutils-1.6.pom (3 KB at 107.4 KB/sec)
[INFO] Downloading: http://repo.maven.apache.org/maven2/commons-logging/commons-logging/1.0/commons-logging-1.0.pom
[INFO] Downloaded: http://repo.maven.apache.org/maven2/commons-logging/commons-logging/1.0/commons-logging-1.0.pom (163 B at 6.9 KB/sec)
[INFO] Downloading: http://repo.maven.apache.org/maven2/commons-collections/commons-collections/2.0/commons-collections-2.0.pom
[INFO] Downloaded: http://repo.maven.apache.org/maven2/commons-collections/commons-collections/2.0/commons-collections-2.0.pom (171 B at 7.6 KB/sec)
[INFO] Downloading: http://repo.maven.apache.org/maven2/commons-collections/commons-collections/2.1/commons-collections-2.1.pom
[INFO] Downloaded: http://repo.maven.apache.org/maven2/commons-collections/commons-collections/2.1/commons-collections-2.1.pom (4 KB at 155.1 KB/sec)
[INFO] Downloading: http://repo.maven.apache.org/maven2/xml-apis/xml-apis/1.0.b2/xml-apis-1.0.b2.pom
[INFO] Downloaded: http://repo.maven.apache.org/maven2/xml-apis/xml-apis/1.0.b2/xml-apis-1.0.b2.pom (3 KB at 115.6 KB/sec)
[INFO] Downloading: http://repo.maven.apache.org/maven2/commons-logging/commons-logging/1.0.4/commons-logging-1.0.4.pom
[INFO] Downloaded: http://repo.maven.apache.org/maven2/commons-logging/commons-logging/1.0.4/commons-logging-1.0.4.pom (6 KB at 257.0 KB/sec)
[INFO] Downloading: http://repo.maven.apache.org/maven2/org/apache/maven/doxia/doxia-sink-api/1.1.3/doxia-sink-api-1.1.3.pom
[INFO] Downloaded: http://repo.maven.apache.org/maven2/org/apache/maven/doxia/doxia-sink-api/1.1.3/doxia-sink-api-1.1.3.pom (2 KB at 76.9 KB/sec)
[INFO] Downloading: http://repo.maven.apache.org/maven2/org/apache/maven/doxia/doxia/1.1.3/doxia-1.1.3.pom
[INFO] Downloaded: http://repo.maven.apache.org/maven2/org/apache/maven/doxia/doxia/1.1.3/doxia-1.1.3.pom (19 KB at 698.8 KB/sec)
[INFO] Downloading: http://repo.maven.apache.org/maven2/org/apache/maven/doxia/doxia-logging-api/1.1.3/doxia-logging-api-1.1.3.pom
[INFO] Downloaded: http://repo.maven.apache.org/maven2/org/apache/maven/doxia/doxia-logging-api/1.1.3/doxia-logging-api-1.1.3.pom (2 KB at 73.5 KB/sec)
[INFO] Downloading: http://repo.maven.apache.org/maven2/org/apache/maven/doxia/doxia-decoration-model/1.1.3/doxia-decoration-model-1.1.3.pom
[INFO] Downloaded: http://repo.maven.apache.org/maven2/org/apache/maven/doxia/doxia-decoration-model/1.1.3/doxia-decoration-model-1.1.3.pom (3 KB at 138.3 KB/sec)
[INFO] Downloading: http://repo.maven.apache.org/maven2/org/apache/maven/doxia/doxia-sitetools/1.1.3/doxia-sitetools-1.1.3.pom
[INFO] Downloaded: http://repo.maven.apache.org/maven2/org/apache/maven/doxia/doxia-sitetools/1.1.3/doxia-sitetools-1.1.3.pom (16 KB at 732.0 KB/sec)
[INFO] Downloading: http://repo.maven.apache.org/maven2/org/codehaus/plexus/plexus-utils/1.5.12/plexus-utils-1.5.12.pom
[INFO] Downloaded: http://repo.maven.apache.org/maven2/org/codehaus/plexus/plexus-utils/1.5.12/plexus-utils-1.5.12.pom (6 KB at 289.6 KB/sec)
[INFO] Downloading: http://repo.maven.apache.org/maven2/org/apache/maven/doxia/doxia-site-renderer/1.1.3/doxia-site-renderer-1.1.3.pom
[INFO] Downloaded: http://repo.maven.apache.org/maven2/org/apache/maven/doxia/doxia-site-renderer/1.1.3/doxia-site-renderer-1.1.3.pom (6 KB at 284.6 KB/sec)
[INFO] Downloading: http://repo.maven.apache.org/maven2/org/apache/maven/doxia/doxia-core/1.1.3/doxia-core-1.1.3.pom
[INFO] Downloaded: http://repo.maven.apache.org/maven2/org/apache/maven/doxia/doxia-core/1.1.3/doxia-core-1.1.3.pom (4 KB at 173.0 KB/sec)
[INFO] Downloading: http://repo.maven.apache.org/maven2/commons-httpclient/commons-httpclient/3.1/commons-httpclient-3.1.pom
[INFO] Downloaded: http://repo.maven.apache.org/maven2/commons-httpclient/commons-httpclient/3.1/commons-httpclient-3.1.pom (8 KB at 361.0 KB/sec)
[INFO] Downloading: http://repo.maven.apache.org/maven2/commons-codec/commons-codec/1.2/commons-codec-1.2.pom
[INFO] Downloaded: http://repo.maven.apache.org/maven2/commons-codec/commons-codec/1.2/commons-codec-1.2.pom (4 KB at 186.8 KB/sec)
[INFO] Downloading: http://repo.maven.apache.org/maven2/org/apache/maven/doxia/doxia-module-xhtml/1.1.3/doxia-module-xhtml-1.1.3.pom
[INFO] Downloaded: http://repo.maven.apache.org/maven2/org/apache/maven/doxia/doxia-module-xhtml/1.1.3/doxia-module-xhtml-1.1.3.pom (2 KB at 71.1 KB/sec)
[INFO] Downloading: http://repo.maven.apache.org/maven2/org/apache/maven/doxia/doxia-modules/1.1.3/doxia-modules-1.1.3.pom
[INFO] Downloaded: http://repo.maven.apache.org/maven2/org/apache/maven/doxia/doxia-modules/1.1.3/doxia-modules-1.1.3.pom (3 KB at 119.0 KB/sec)
[INFO] Downloading: http://repo.maven.apache.org/maven2/org/apache/maven/doxia/doxia-module-fml/1.1.3/doxia-module-fml-1.1.3.pom
[INFO] Downloaded: http://repo.maven.apache.org/maven2/org/apache/maven/doxia/doxia-module-fml/1.1.3/doxia-module-fml-1.1.3.pom (6 KB at 255.5 KB/sec)
[INFO] Downloading: http://repo.maven.apache.org/maven2/commons-collections/commons-collections/3.2/commons-collections-3.2.pom
[INFO] Downloaded: http://repo.maven.apache.org/maven2/commons-collections/commons-collections/3.2/commons-collections-3.2.pom (11 KB at 513.1 KB/sec)
[INFO] Downloading: http://repo.maven.apache.org/maven2/org/apache/maven/shared/maven-doxia-tools/1.2.1/maven-doxia-tools-1.2.1.pom
[INFO] Downloaded: http://repo.maven.apache.org/maven2/org/apache/maven/shared/maven-doxia-tools/1.2.1/maven-doxia-tools-1.2.1.pom (7 KB at 293.5 KB/sec)
[INFO] Downloading: http://repo.maven.apache.org/maven2/commons-io/commons-io/1.4/commons-io-1.4.pom
[INFO] Downloaded: http://repo.maven.apache.org/maven2/commons-io/commons-io/1.4/commons-io-1.4.pom (13 KB at 642.9 KB/sec)
[INFO] Downloading: http://repo.maven.apache.org/maven2/org/apache/commons/commons-parent/7/commons-parent-7.pom
[INFO] Downloaded: http://repo.maven.apache.org/maven2/org/apache/commons/commons-parent/7/commons-parent-7.pom (18 KB at 813.6 KB/sec)
[INFO] Downloading: http://repo.maven.apache.org/maven2/org/apache/maven/maven-artifact/2.0.6/maven-artifact-2.0.6.pom
[INFO] Downloaded: http://repo.maven.apache.org/maven2/org/apache/maven/maven-artifact/2.0.6/maven-artifact-2.0.6.pom (2 KB at 73.3 KB/sec)
[INFO] Downloading: http://repo.maven.apache.org/maven2/org/apache/maven/maven/2.0.6/maven-2.0.6.pom
[INFO] Downloaded: http://repo.maven.apache.org/maven2/org/apache/maven/maven/2.0.6/maven-2.0.6.pom (9 KB at 441.7 KB/sec)
[INFO] Downloading: http://repo.maven.apache.org/maven2/org/apache/maven/maven-artifact-manager/2.0.6/maven-artifact-manager-2.0.6.pom
[INFO] Downloaded: http://repo.maven.apache.org/maven2/org/apache/maven/maven-artifact-manager/2.0.6/maven-artifact-manager-2.0.6.pom (3 KB at 134.8 KB/sec)
[INFO] Downloading: http://repo.maven.apache.org/maven2/org/apache/maven/maven-repository-metadata/2.0.6/maven-repository-metadata-2.0.6.pom
[INFO] Downloaded: http://repo.maven.apache.org/maven2/org/apache/maven/maven-repository-metadata/2.0.6/maven-repository-metadata-2.0.6.pom (2 KB at 95.1 KB/sec)
[INFO] Downloading: http://repo.maven.apache.org/maven2/org/apache/maven/maven-model/2.0.6/maven-model-2.0.6.pom
[INFO] Downloaded: http://repo.maven.apache.org/maven2/org/apache/maven/maven-model/2.0.6/maven-model-2.0.6.pom (3 KB at 148.8 KB/sec)
[INFO] Downloading: http://repo.maven.apache.org/maven2/org/apache/maven/maven-project/2.0.6/maven-project-2.0.6.pom
[INFO] Downloaded: http://repo.maven.apache.org/maven2/org/apache/maven/maven-project/2.0.6/maven-project-2.0.6.pom (3 KB at 122.6 KB/sec)
[INFO] Downloading: http://repo.maven.apache.org/maven2/org/apache/maven/maven-settings/2.0.6/maven-settings-2.0.6.pom
[INFO] Downloaded: http://repo.maven.apache.org/maven2/org/apache/maven/maven-settings/2.0.6/maven-settings-2.0.6.pom (2 KB at 93.1 KB/sec)
[INFO] Downloading: http://repo.maven.apache.org/maven2/org/apache/maven/maven-profile/2.0.6/maven-profile-2.0.6.pom
[INFO] Downloaded: http://repo.maven.apache.org/maven2/org/apache/maven/maven-profile/2.0.6/maven-profile-2.0.6.pom (2 KB at 96.7 KB/sec)
[INFO] Downloading: http://repo.maven.apache.org/maven2/org/apache/maven/maven-plugin-registry/2.0.6/maven-plugin-registry-2.0.6.pom
[INFO] Downloaded: http://repo.maven.apache.org/maven2/org/apache/maven/maven-plugin-registry/2.0.6/maven-plugin-registry-2.0.6.pom (2 KB at 90.5 KB/sec)
[INFO] Downloading: http://repo.maven.apache.org/maven2/org/apache/maven/reporting/maven-reporting-api/2.0.6/maven-reporting-api-2.0.6.pom
[INFO] Downloaded: http://repo.maven.apache.org/maven2/org/apache/maven/reporting/maven-reporting-api/2.0.6/maven-reporting-api-2.0.6.pom (2 KB at 85.5 KB/sec)
[INFO] Downloading: http://repo.maven.apache.org/maven2/org/apache/maven/reporting/maven-reporting/2.0.6/maven-reporting-2.0.6.pom
[INFO] Downloaded: http://repo.maven.apache.org/maven2/org/apache/maven/reporting/maven-reporting/2.0.6/maven-reporting-2.0.6.pom (2 KB at 70.3 KB/sec)
[INFO] Downloading: http://repo.maven.apache.org/maven2/org/apache/maven/doxia/doxia-sink-api/1.0-alpha-7/doxia-sink-api-1.0-alpha-7.pom
[INFO] Downloaded: http://repo.maven.apache.org/maven2/org/apache/maven/doxia/doxia-sink-api/1.0-alpha-7/doxia-sink-api-1.0-alpha-7.pom (424 B at 19.7 KB/sec)
[INFO] Downloading: http://repo.maven.apache.org/maven2/org/apache/maven/doxia/doxia/1.0-alpha-7/doxia-1.0-alpha-7.pom
[INFO] Downloaded: http://repo.maven.apache.org/maven2/org/apache/maven/doxia/doxia/1.0-alpha-7/doxia-1.0-alpha-7.pom (4 KB at 191.1 KB/sec)
[INFO] Downloading: http://repo.maven.apache.org/maven2/org/apache/maven/maven-plugin-api/2.0.6/maven-plugin-api-2.0.6.pom
[INFO] Downloaded: http://repo.maven.apache.org/maven2/org/apache/maven/maven-plugin-api/2.0.6/maven-plugin-api-2.0.6.pom (2 KB at 71.0 KB/sec)
[INFO] Downloading: http://repo.maven.apache.org/maven2/org/codehaus/plexus/plexus-resources/1.0-alpha-7/plexus-resources-1.0-alpha-7.pom
[INFO] Downloaded: http://repo.maven.apache.org/maven2/org/codehaus/plexus/plexus-resources/1.0-alpha-7/plexus-resources-1.0-alpha-7.pom (2 KB at 63.2 KB/sec)
[INFO] Downloading: http://repo.maven.apache.org/maven2/org/codehaus/plexus/plexus-components/1.1.17/plexus-components-1.1.17.pom
[INFO] Downloaded: http://repo.maven.apache.org/maven2/org/codehaus/plexus/plexus-components/1.1.17/plexus-components-1.1.17.pom (6 KB at 254.4 KB/sec)
[INFO] Downloading: http://repo.maven.apache.org/maven2/org/codehaus/plexus/plexus/2.0.5/plexus-2.0.5.pom
[INFO] Downloaded: http://repo.maven.apache.org/maven2/org/codehaus/plexus/plexus/2.0.5/plexus-2.0.5.pom (17 KB at 806.7 KB/sec)
[INFO] Downloading: http://repo.maven.apache.org/maven2/org/codehaus/plexus/plexus-utils/1.5.5/plexus-utils-1.5.5.pom
[INFO] Downloaded: http://repo.maven.apache.org/maven2/org/codehaus/plexus/plexus-utils/1.5.5/plexus-utils-1.5.5.pom (6 KB at 251.3 KB/sec)
[INFO] Downloading: http://repo.maven.apache.org/maven2/org/codehaus/plexus/plexus-interpolation/1.13/plexus-interpolation-1.13.pom
[INFO] Downloaded: http://repo.maven.apache.org/maven2/org/codehaus/plexus/plexus-interpolation/1.13/plexus-interpolation-1.13.pom (890 B at 43.5 KB/sec)
[INFO] Downloading: http://repo.maven.apache.org/maven2/org/codehaus/plexus/plexus-components/1.1.15/plexus-components-1.1.15.pom
[INFO] Downloaded: http://repo.maven.apache.org/maven2/org/codehaus/plexus/plexus-components/1.1.15/plexus-components-1.1.15.pom (3 KB at 139.1 KB/sec)
[INFO] Downloading: http://repo.maven.apache.org/maven2/org/codehaus/plexus/plexus/2.0.3/plexus-2.0.3.pom
[INFO] Downloaded: http://repo.maven.apache.org/maven2/org/codehaus/plexus/plexus/2.0.3/plexus-2.0.3.pom (16 KB at 719.0 KB/sec)
[INFO] Downloading: http://repo.maven.apache.org/maven2/org/codehaus/plexus/plexus-velocity/1.1.8/plexus-velocity-1.1.8.pom
[INFO] Downloaded: http://repo.maven.apache.org/maven2/org/codehaus/plexus/plexus-velocity/1.1.8/plexus-velocity-1.1.8.pom (2 KB at 89.3 KB/sec)
[INFO] Downloading: http://repo.maven.apache.org/maven2/com/puppycrawl/tools/checkstyle/5.5/checkstyle-5.5.pom
[INFO] Downloaded: http://repo.maven.apache.org/maven2/com/puppycrawl/tools/checkstyle/5.5/checkstyle-5.5.pom (19 KB at 841.7 KB/sec)
[INFO] Downloading: http://repo.maven.apache.org/maven2/org/sonatype/oss/oss-parent/5/oss-parent-5.pom
[INFO] Downloaded: http://repo.maven.apache.org/maven2/org/sonatype/oss/oss-parent/5/oss-parent-5.pom (4 KB at 199.3 KB/sec)
[INFO] Downloading: http://repo.maven.apache.org/maven2/antlr/antlr/2.7.7/antlr-2.7.7.pom
[INFO] Downloaded: http://repo.maven.apache.org/maven2/antlr/antlr/2.7.7/antlr-2.7.7.pom (632 B at 30.9 KB/sec)
[INFO] Downloading: http://repo.maven.apache.org/maven2/commons-beanutils/commons-beanutils-core/1.8.3/commons-beanutils-core-1.8.3.pom
[INFO] Downloaded: http://repo.maven.apache.org/maven2/commons-beanutils/commons-beanutils-core/1.8.3/commons-beanutils-core-1.8.3.pom (2 KB at 80.0 KB/sec)
[INFO] Downloading: http://repo.maven.apache.org/maven2/commons-cli/commons-cli/1.2/commons-cli-1.2.pom
[INFO] Downloaded: http://repo.maven.apache.org/maven2/commons-cli/commons-cli/1.2/commons-cli-1.2.pom (8 KB at 371.1 KB/sec)
[INFO] Downloading: http://repo.maven.apache.org/maven2/org/apache/commons/commons-parent/11/commons-parent-11.pom
[INFO] Downloaded: http://repo.maven.apache.org/maven2/org/apache/commons/commons-parent/11/commons-parent-11.pom (25 KB at 962.9 KB/sec)
[INFO] Downloading: http://repo.maven.apache.org/maven2/com/google/collections/google-collections/1.0/google-collections-1.0.pom
[INFO] Downloaded: http://repo.maven.apache.org/maven2/com/google/collections/google-collections/1.0/google-collections-1.0.pom (3 KB at 121.0 KB/sec)
[INFO] Downloading: http://repo.maven.apache.org/maven2/com/google/google/1/google-1.pom
[INFO] Downloaded: http://repo.maven.apache.org/maven2/com/google/google/1/google-1.pom (2 KB at 72.3 KB/sec)
[INFO] Downloading: http://repo.maven.apache.org/maven2/backport-util-concurrent/backport-util-concurrent/3.1/backport-util-concurrent-3.1.jar
[INFO] Downloading: http://repo.maven.apache.org/maven2/org/apache/maven/reporting/maven-reporting-api/3.0/maven-reporting-api-3.0.jar
[INFO] Downloading: http://repo.maven.apache.org/maven2/org/apache/maven/reporting/maven-reporting-impl/2.2/maven-reporting-impl-2.2.jar
[INFO] Downloading: http://repo.maven.apache.org/maven2/org/apache/maven/doxia/doxia-core/1.2/doxia-core-1.2.jar
[INFO] Downloading: http://repo.maven.apache.org/maven2/xerces/xercesImpl/2.9.1/xercesImpl-2.9.1.jar
[INFO] Downloaded: http://repo.maven.apache.org/maven2/org/apache/maven/reporting/maven-reporting-impl/2.2/maven-reporting-impl-2.2.jar (17 KB at 784.1 KB/sec)
[INFO] Downloading: http://repo.maven.apache.org/maven2/xml-apis/xml-apis/1.3.04/xml-apis-1.3.04.jar
[INFO] Downloaded: http://repo.maven.apache.org/maven2/org/apache/maven/reporting/maven-reporting-api/3.0/maven-reporting-api-3.0.jar (11 KB at 464.5 KB/sec)
[INFO] Downloading: http://repo.maven.apache.org/maven2/org/apache/httpcomponents/httpclient/4.0.2/httpclient-4.0.2.jar
[INFO] Downloaded: http://repo.maven.apache.org/maven2/org/apache/maven/doxia/doxia-core/1.2/doxia-core-1.2.jar (151 KB at 4426.7 KB/sec)
[INFO] Downloading: http://repo.maven.apache.org/maven2/org/apache/httpcomponents/httpcore/4.0.1/httpcore-4.0.1.jar
[INFO] Downloaded: http://repo.maven.apache.org/maven2/backport-util-concurrent/backport-util-concurrent/3.1/backport-util-concurrent-3.1.jar (324 KB at 5683.2 KB/sec)
[INFO] Downloading: http://repo.maven.apache.org/maven2/commons-codec/commons-codec/1.3/commons-codec-1.3.jar
[INFO] Downloaded: http://repo.maven.apache.org/maven2/xml-apis/xml-apis/1.3.04/xml-apis-1.3.04.jar (190 KB at 4217.8 KB/sec)
[INFO] Downloading: http://repo.maven.apache.org/maven2/commons-validator/commons-validator/1.3.1/commons-validator-1.3.1.jar
[INFO] Downloaded: http://repo.maven.apache.org/maven2/org/apache/httpcomponents/httpcore/4.0.1/httpcore-4.0.1.jar (169 KB at 5116.2 KB/sec)
[INFO] Downloading: http://repo.maven.apache.org/maven2/commons-beanutils/commons-beanutils/1.7.0/commons-beanutils-1.7.0.jar
[INFO] Downloaded: http://repo.maven.apache.org/maven2/xerces/xercesImpl/2.9.1/xercesImpl-2.9.1.jar (1201 KB at 16905.9 KB/sec)
[INFO] Downloading: http://repo.maven.apache.org/maven2/commons-digester/commons-digester/1.6/commons-digester-1.6.jar
[INFO] Downloaded: http://repo.maven.apache.org/maven2/commons-codec/commons-codec/1.3/commons-codec-1.3.jar (46 KB at 2172.9 KB/sec)
[INFO] Downloading: http://repo.maven.apache.org/maven2/commons-logging/commons-logging/1.0.4/commons-logging-1.0.4.jar
[INFO] Downloaded: http://repo.maven.apache.org/maven2/commons-validator/commons-validator/1.3.1/commons-validator-1.3.1.jar (136 KB at 4679.3 KB/sec)
[INFO] Downloading: http://repo.maven.apache.org/maven2/org/apache/maven/doxia/doxia-sink-api/1.1.3/doxia-sink-api-1.1.3.jar
[INFO] Downloaded: http://repo.maven.apache.org/maven2/commons-digester/commons-digester/1.6/commons-digester-1.6.jar (165 KB at 6854.1 KB/sec)
[INFO] Downloading: http://repo.maven.apache.org/maven2/org/apache/maven/doxia/doxia-logging-api/1.1.3/doxia-logging-api-1.1.3.jar
[INFO] Downloaded: http://repo.maven.apache.org/maven2/commons-beanutils/commons-beanutils/1.7.0/commons-beanutils-1.7.0.jar (185 KB at 6580.3 KB/sec)
[INFO] Downloading: http://repo.maven.apache.org/maven2/org/apache/maven/doxia/doxia-decoration-model/1.1.3/doxia-decoration-model-1.1.3.jar
[INFO] Downloaded: http://repo.maven.apache.org/maven2/commons-logging/commons-logging/1.0.4/commons-logging-1.0.4.jar (38 KB at 1767.8 KB/sec)
[INFO] Downloading: http://repo.maven.apache.org/maven2/org/apache/maven/doxia/doxia-site-renderer/1.1.3/doxia-site-renderer-1.1.3.jar
[INFO] Downloaded: http://repo.maven.apache.org/maven2/org/apache/httpcomponents/httpclient/4.0.2/httpclient-4.0.2.jar (287 KB at 3667.0 KB/sec)
[INFO] Downloading: http://repo.maven.apache.org/maven2/org/apache/maven/doxia/doxia-module-xhtml/1.1.3/doxia-module-xhtml-1.1.3.jar
[INFO] Downloaded: http://repo.maven.apache.org/maven2/org/apache/maven/doxia/doxia-sink-api/1.1.3/doxia-sink-api-1.1.3.jar (13 KB at 619.5 KB/sec)
[INFO] Downloading: http://repo.maven.apache.org/maven2/org/apache/maven/doxia/doxia-module-fml/1.1.3/doxia-module-fml-1.1.3.jar
[INFO] Downloaded: http://repo.maven.apache.org/maven2/org/apache/maven/doxia/doxia-logging-api/1.1.3/doxia-logging-api-1.1.3.jar (12 KB at 527.1 KB/sec)
[INFO] Downloading: http://repo.maven.apache.org/maven2/org/codehaus/plexus/plexus-i18n/1.0-beta-7/plexus-i18n-1.0-beta-7.jar
[INFO] Downloaded: http://repo.maven.apache.org/maven2/org/apache/maven/doxia/doxia-decoration-model/1.1.3/doxia-decoration-model-1.1.3.jar (52 KB at 2432.4 KB/sec)
[INFO] Downloading: http://repo.maven.apache.org/maven2/org/apache/maven/shared/maven-doxia-tools/1.2.1/maven-doxia-tools-1.2.1.jar
[INFO] Downloaded: http://repo.maven.apache.org/maven2/org/apache/maven/doxia/doxia-site-renderer/1.1.3/doxia-site-renderer-1.1.3.jar (50 KB at 2361.0 KB/sec)
[INFO] Downloading: http://repo.maven.apache.org/maven2/commons-io/commons-io/1.4/commons-io-1.4.jar
[INFO] Downloaded: http://repo.maven.apache.org/maven2/org/apache/maven/doxia/doxia-module-xhtml/1.1.3/doxia-module-xhtml-1.1.3.jar (15 KB at 666.4 KB/sec)
[INFO] Downloading: http://repo.maven.apache.org/maven2/junit/junit/3.8.1/junit-3.8.1.jar
[INFO] Downloaded: http://repo.maven.apache.org/maven2/org/codehaus/plexus/plexus-i18n/1.0-beta-7/plexus-i18n-1.0-beta-7.jar (11 KB at 488.7 KB/sec)
[INFO] Downloading: http://repo.maven.apache.org/maven2/org/codehaus/plexus/plexus-resources/1.0-alpha-7/plexus-resources-1.0-alpha-7.jar
[INFO] Downloaded: http://repo.maven.apache.org/maven2/org/apache/maven/shared/maven-doxia-tools/1.2.1/maven-doxia-tools-1.2.1.jar (43 KB at 2008.1 KB/sec)
[INFO] Downloading: http://repo.maven.apache.org/maven2/org/codehaus/plexus/plexus-utils/2.0.5/plexus-utils-2.0.5.jar
[INFO] Downloaded: http://repo.maven.apache.org/maven2/org/apache/maven/doxia/doxia-module-fml/1.1.3/doxia-module-fml-1.1.3.jar (37 KB at 1141.2 KB/sec)
[INFO] Downloading: http://repo.maven.apache.org/maven2/org/codehaus/plexus/plexus-interpolation/1.13/plexus-interpolation-1.13.jar
[INFO] Downloaded: http://repo.maven.apache.org/maven2/commons-io/commons-io/1.4/commons-io-1.4.jar (107 KB at 3944.0 KB/sec)
[INFO] Downloading: http://repo.maven.apache.org/maven2/org/codehaus/plexus/plexus-velocity/1.1.8/plexus-velocity-1.1.8.jar
[INFO] Downloaded: http://repo.maven.apache.org/maven2/junit/junit/3.8.1/junit-3.8.1.jar (119 KB at 4077.0 KB/sec)
[INFO] Downloading: http://repo.maven.apache.org/maven2/com/puppycrawl/tools/checkstyle/5.5/checkstyle-5.5.jar
[INFO] Downloaded: http://repo.maven.apache.org/maven2/org/codehaus/plexus/plexus-resources/1.0-alpha-7/plexus-resources-1.0-alpha-7.jar (23 KB at 1081.6 KB/sec)
[INFO] Downloading: http://repo.maven.apache.org/maven2/antlr/antlr/2.7.7/antlr-2.7.7.jar
[INFO] Downloaded: http://repo.maven.apache.org/maven2/org/codehaus/plexus/plexus-velocity/1.1.8/plexus-velocity-1.1.8.jar (8 KB at 385.0 KB/sec)
[INFO] Downloading: http://repo.maven.apache.org/maven2/commons-beanutils/commons-beanutils-core/1.8.3/commons-beanutils-core-1.8.3.jar
[INFO] Downloaded: http://repo.maven.apache.org/maven2/org/codehaus/plexus/plexus-interpolation/1.13/plexus-interpolation-1.13.jar (60 KB at 2710.3 KB/sec)
[INFO] Downloading: http://repo.maven.apache.org/maven2/commons-cli/commons-cli/1.2/commons-cli-1.2.jar
[INFO] Downloaded: http://repo.maven.apache.org/maven2/org/codehaus/plexus/plexus-utils/2.0.5/plexus-utils-2.0.5.jar (218 KB at 6226.9 KB/sec)
[INFO] Downloading: http://repo.maven.apache.org/maven2/com/google/collections/google-collections/1.0/google-collections-1.0.jar
[INFO] Downloaded: http://repo.maven.apache.org/maven2/commons-cli/commons-cli/1.2/commons-cli-1.2.jar (41 KB at 2008.0 KB/sec)
[INFO] Downloading: http://repo.maven.apache.org/maven2/org/apache/velocity/velocity/1.5/velocity-1.5.jar
[INFO] Downloaded: http://repo.maven.apache.org/maven2/commons-beanutils/commons-beanutils-core/1.8.3/commons-beanutils-core-1.8.3.jar (202 KB at 7764.1 KB/sec)
[INFO] Downloading: http://repo.maven.apache.org/maven2/commons-lang/commons-lang/2.1/commons-lang-2.1.jar
[INFO] Downloaded: http://repo.maven.apache.org/maven2/com/puppycrawl/tools/checkstyle/5.5/checkstyle-5.5.jar (623 KB at 10211.9 KB/sec)
[INFO] Downloading: http://repo.maven.apache.org/maven2/oro/oro/2.0.8/oro-2.0.8.jar
[INFO] Downloaded: http://repo.maven.apache.org/maven2/antlr/antlr/2.7.7/antlr-2.7.7.jar (435 KB at 7906.4 KB/sec)
[INFO] Downloading: http://repo.maven.apache.org/maven2/commons-collections/commons-collections/3.2.1/commons-collections-3.2.1.jar
[INFO] Downloaded: http://repo.maven.apache.org/maven2/commons-lang/commons-lang/2.1/commons-lang-2.1.jar (203 KB at 7244.8 KB/sec)
[INFO] Downloaded: http://repo.maven.apache.org/maven2/org/apache/velocity/velocity/1.5/velocity-1.5.jar (383 KB at 8509.6 KB/sec)
[INFO] Downloaded: http://repo.maven.apache.org/maven2/oro/oro/2.0.8/oro-2.0.8.jar (64 KB at 2655.5 KB/sec)
[INFO] Downloaded: http://repo.maven.apache.org/maven2/com/google/collections/google-collections/1.0/google-collections-1.0.jar (625 KB at 9322.4 KB/sec)
[INFO] Downloaded: http://repo.maven.apache.org/maven2/commons-collections/commons-collections/3.2.1/commons-collections-3.2.1.jar (562 KB at 13705.0 KB/sec)
[INFO] 
[INFO] --- maven-install-plugin:2.4:install (default-install) @ parent ---
[INFO] Downloading: http://repo.maven.apache.org/maven2/org/codehaus/plexus/plexus-utils/3.0.5/plexus-utils-3.0.5.pom
[INFO] Downloaded: http://repo.maven.apache.org/maven2/org/codehaus/plexus/plexus-utils/3.0.5/plexus-utils-3.0.5.pom (3 KB at 116.8 KB/sec)
[INFO] Downloading: http://repo.maven.apache.org/maven2/org/codehaus/plexus/plexus/3.1/plexus-3.1.pom
[INFO] Downloaded: http://repo.maven.apache.org/maven2/org/codehaus/plexus/plexus/3.1/plexus-3.1.pom (19 KB at 865.7 KB/sec)
[INFO] Downloading: http://repo.maven.apache.org/maven2/org/sonatype/spice/spice-parent/17/spice-parent-17.pom
[INFO] Downloaded: http://repo.maven.apache.org/maven2/org/sonatype/spice/spice-parent/17/spice-parent-17.pom (7 KB at 330.0 KB/sec)
[INFO] Downloading: http://repo.maven.apache.org/maven2/org/sonatype/forge/forge-parent/10/forge-parent-10.pom
[INFO] Downloaded: http://repo.maven.apache.org/maven2/org/sonatype/forge/forge-parent/10/forge-parent-10.pom (14 KB at 630.6 KB/sec)
[INFO] Downloading: http://repo.maven.apache.org/maven2/org/codehaus/plexus/plexus-digest/1.0/plexus-digest-1.0.pom
[INFO] Downloaded: http://repo.maven.apache.org/maven2/org/codehaus/plexus/plexus-digest/1.0/plexus-digest-1.0.pom (2 KB at 49.2 KB/sec)
[INFO] Downloading: http://repo.maven.apache.org/maven2/org/codehaus/plexus/plexus-components/1.1.7/plexus-components-1.1.7.pom
[INFO] Downloaded: http://repo.maven.apache.org/maven2/org/codehaus/plexus/plexus-components/1.1.7/plexus-components-1.1.7.pom (5 KB at 242.9 KB/sec)
[INFO] Downloading: http://repo.maven.apache.org/maven2/org/codehaus/plexus/plexus-utils/3.0.5/plexus-utils-3.0.5.jar
[INFO] Downloading: http://repo.maven.apache.org/maven2/org/codehaus/plexus/plexus-digest/1.0/plexus-digest-1.0.jar
[INFO] Downloaded: http://repo.maven.apache.org/maven2/org/codehaus/plexus/plexus-digest/1.0/plexus-digest-1.0.jar (12 KB at 551.4 KB/sec)
[INFO] Downloaded: http://repo.maven.apache.org/maven2/org/codehaus/plexus/plexus-utils/3.0.5/plexus-utils-3.0.5.jar (226 KB at 8655.6 KB/sec)
[INFO] Installing /home/travis/build/square/retrofit/pom.xml to /home/travis/.m2/repository/com/squareup/retrofit/parent/1.5.2-SNAPSHOT/parent-1.5.2-SNAPSHOT.pom
[INFO]                                                                         
[INFO] ------------------------------------------------------------------------
[INFO] Building Retrofit 1.5.2-SNAPSHOT
[INFO] ------------------------------------------------------------------------
[INFO] Downloading: http://repo.maven.apache.org/maven2/org/apache/maven/plugins/maven-resources-plugin/2.6/maven-resources-plugin-2.6.pom
[INFO] Downloaded: http://repo.maven.apache.org/maven2/org/apache/maven/plugins/maven-resources-plugin/2.6/maven-resources-plugin-2.6.pom (8 KB at 377.4 KB/sec)
[INFO] Downloading: http://repo.maven.apache.org/maven2/org/apache/maven/plugins/maven-resources-plugin/2.6/maven-resources-plugin-2.6.jar
[INFO] Downloaded: http://repo.maven.apache.org/maven2/org/apache/maven/plugins/maven-resources-plugin/2.6/maven-resources-plugin-2.6.jar (29 KB at 1310.3 KB/sec)
[INFO] Downloading: http://repo.maven.apache.org/maven2/org/apache/maven/plugins/maven-compiler-plugin/3.0/maven-compiler-plugin-3.0.pom
[INFO] Downloaded: http://repo.maven.apache.org/maven2/org/apache/maven/plugins/maven-compiler-plugin/3.0/maven-compiler-plugin-3.0.pom (10 KB at 461.0 KB/sec)
[INFO] Downloading: http://repo.maven.apache.org/maven2/org/apache/maven/plugins/maven-compiler-plugin/3.0/maven-compiler-plugin-3.0.jar
[INFO] Downloaded: http://repo.maven.apache.org/maven2/org/apache/maven/plugins/maven-compiler-plugin/3.0/maven-compiler-plugin-3.0.jar (41 KB at 1838.9 KB/sec)
[INFO] Downloading: http://repo.maven.apache.org/maven2/org/apache/maven/plugins/maven-surefire-plugin/2.12.4/maven-surefire-plugin-2.12.4.pom
[INFO] Downloaded: http://repo.maven.apache.org/maven2/org/apache/maven/plugins/maven-surefire-plugin/2.12.4/maven-surefire-plugin-2.12.4.pom (11 KB at 487.1 KB/sec)
[INFO] Downloading: http://repo.maven.apache.org/maven2/org/apache/maven/surefire/surefire/2.12.4/surefire-2.12.4.pom
[INFO] Downloaded: http://repo.maven.apache.org/maven2/org/apache/maven/surefire/surefire/2.12.4/surefire-2.12.4.pom (14 KB at 641.3 KB/sec)
[INFO] Downloading: http://repo.maven.apache.org/maven2/org/apache/maven/plugins/maven-surefire-plugin/2.12.4/maven-surefire-plugin-2.12.4.jar
[INFO] Downloaded: http://repo.maven.apache.org/maven2/org/apache/maven/plugins/maven-surefire-plugin/2.12.4/maven-surefire-plugin-2.12.4.jar (30 KB at 1352.2 KB/sec)
[INFO] Downloading: http://repo.maven.apache.org/maven2/org/apache/maven/plugins/maven-jar-plugin/2.4/maven-jar-plugin-2.4.pom
[INFO] Downloaded: http://repo.maven.apache.org/maven2/org/apache/maven/plugins/maven-jar-plugin/2.4/maven-jar-plugin-2.4.pom (6 KB at 284.9 KB/sec)
[INFO] Downloading: http://repo.maven.apache.org/maven2/org/apache/maven/plugins/maven-jar-plugin/2.4/maven-jar-plugin-2.4.jar
[INFO] Downloaded: http://repo.maven.apache.org/maven2/org/apache/maven/plugins/maven-jar-plugin/2.4/maven-jar-plugin-2.4.jar (34 KB at 1582.1 KB/sec)
[INFO] Downloading: https://oss.sonatype.org/content/repositories/releases/com/google/code/gson/gson/2.2.4/gson-2.2.4.pom
[INFO] Downloaded: https://oss.sonatype.org/content/repositories/releases/com/google/code/gson/gson/2.2.4/gson-2.2.4.pom (8 KB at 12.7 KB/sec)
[INFO] Downloading: https://repository.apache.org/releases/com/google/code/gson/gson/2.2.4/gson-2.2.4.pom
[INFO] Downloading: https://oss.sonatype.org/content/repositories/releases/com/google/android/android/4.1.1.4/android-4.1.1.4.pom
[INFO] Downloaded: https://oss.sonatype.org/content/repositories/releases/com/google/android/android/4.1.1.4/android-4.1.1.4.pom (3 KB at 38.6 KB/sec)
[INFO] Downloading: https://repository.apache.org/releases/com/google/android/android/4.1.1.4/android-4.1.1.4.pom
[INFO] Downloading: https://oss.sonatype.org/content/repositories/releases/org/apache/httpcomponents/httpclient/4.0.1/httpclient-4.0.1.pom
[INFO] Downloading: https://repository.apache.org/releases/org/apache/httpcomponents/httpclient/4.0.1/httpclient-4.0.1.pom
[INFO] Downloading: http://repo.maven.apache.org/maven2/org/apache/httpcomponents/httpclient/4.0.1/httpclient-4.0.1.pom
[INFO] Downloaded: http://repo.maven.apache.org/maven2/org/apache/httpcomponents/httpclient/4.0.1/httpclient-4.0.1.pom (7 KB at 316.2 KB/sec)
[INFO] Downloading: https://oss.sonatype.org/content/repositories/releases/org/apache/httpcomponents/httpcomponents-client/4.0.1/httpcomponents-client-4.0.1.pom
[INFO] Downloading: https://repository.apache.org/releases/org/apache/httpcomponents/httpcomponents-client/4.0.1/httpcomponents-client-4.0.1.pom
[INFO] Downloading: http://repo.maven.apache.org/maven2/org/apache/httpcomponents/httpcomponents-client/4.0.1/httpcomponents-client-4.0.1.pom
[INFO] Downloaded: http://repo.maven.apache.org/maven2/org/apache/httpcomponents/httpcomponents-client/4.0.1/httpcomponents-client-4.0.1.pom (9 KB at 448.9 KB/sec)
[INFO] Downloading: https://oss.sonatype.org/content/repositories/releases/org/khronos/opengl-api/gl1.1-android-2.1_r1/opengl-api-gl1.1-android-2.1_r1.pom
[INFO] Downloading: https://repository.apache.org/releases/org/khronos/opengl-api/gl1.1-android-2.1_r1/opengl-api-gl1.1-android-2.1_r1.pom
[INFO] Downloading: http://repo.maven.apache.org/maven2/org/khronos/opengl-api/gl1.1-android-2.1_r1/opengl-api-gl1.1-android-2.1_r1.pom
[INFO] Downloaded: http://repo.maven.apache.org/maven2/org/khronos/opengl-api/gl1.1-android-2.1_r1/opengl-api-gl1.1-android-2.1_r1.pom (2 KB at 76.8 KB/sec)
[INFO] Downloading: https://oss.sonatype.org/content/repositories/releases/xerces/xmlParserAPIs/2.6.2/xmlParserAPIs-2.6.2.pom
[INFO] Downloading: https://repository.apache.org/releases/xerces/xmlParserAPIs/2.6.2/xmlParserAPIs-2.6.2.pom
[INFO] Downloading: http://repo.maven.apache.org/maven2/xerces/xmlParserAPIs/2.6.2/xmlParserAPIs-2.6.2.pom
[INFO] Downloaded: http://repo.maven.apache.org/maven2/xerces/xmlParserAPIs/2.6.2/xmlParserAPIs-2.6.2.pom (153 B at 7.5 KB/sec)
[INFO] Downloading: https://oss.sonatype.org/content/repositories/releases/xpp3/xpp3/1.1.4c/xpp3-1.1.4c.pom
[INFO] Downloading: https://repository.apache.org/releases/xpp3/xpp3/1.1.4c/xpp3-1.1.4c.pom
[INFO] Downloading: http://repo.maven.apache.org/maven2/xpp3/xpp3/1.1.4c/xpp3-1.1.4c.pom
[INFO] Downloaded: http://repo.maven.apache.org/maven2/xpp3/xpp3/1.1.4c/xpp3-1.1.4c.pom (3 KB at 97.9 KB/sec)
[INFO] Downloading: https://oss.sonatype.org/content/repositories/releases/org/json/json/20080701/json-20080701.pom
[INFO] Downloading: https://repository.apache.org/releases/org/json/json/20080701/json-20080701.pom
[INFO] Downloading: http://repo.maven.apache.org/maven2/org/json/json/20080701/json-20080701.pom
[INFO] Downloaded: http://repo.maven.apache.org/maven2/org/json/json/20080701/json-20080701.pom (2 KB at 81.7 KB/sec)
[INFO] Downloading: https://oss.sonatype.org/content/repositories/releases/com/squareup/okhttp/okhttp/1.6.0/okhttp-1.6.0.pom
[INFO] Downloaded: https://oss.sonatype.org/content/repositories/releases/com/squareup/okhttp/okhttp/1.6.0/okhttp-1.6.0.pom (2 KB at 4.4 KB/sec)
[INFO] Downloading: https://repository.apache.org/releases/com/squareup/okhttp/okhttp/1.6.0/okhttp-1.6.0.pom
[INFO] Downloading: https://oss.sonatype.org/content/repositories/releases/com/squareup/okhttp/parent/1.6.0/parent-1.6.0.pom
[INFO] Downloaded: https://oss.sonatype.org/content/repositories/releases/com/squareup/okhttp/parent/1.6.0/parent-1.6.0.pom (7 KB at 64.5 KB/sec)
[INFO] Downloading: https://repository.apache.org/releases/com/squareup/okhttp/parent/1.6.0/parent-1.6.0.pom
[INFO] Downloading: https://oss.sonatype.org/content/repositories/releases/com/squareup/okhttp/okhttp-urlconnection/1.6.0/okhttp-urlconnection-1.6.0.pom
[INFO] Downloaded: https://oss.sonatype.org/content/repositories/releases/com/squareup/okhttp/okhttp-urlconnection/1.6.0/okhttp-urlconnection-1.6.0.pom (835 B at 11.3 KB/sec)
[INFO] Downloading: https://repository.apache.org/releases/com/squareup/okhttp/okhttp-urlconnection/1.6.0/okhttp-urlconnection-1.6.0.pom
[INFO] Downloading: https://oss.sonatype.org/content/repositories/releases/com/netflix/rxjava/rxjava-core/0.18.3/rxjava-core-0.18.3.pom
[INFO] Downloaded: https://oss.sonatype.org/content/repositories/releases/com/netflix/rxjava/rxjava-core/0.18.3/rxjava-core-0.18.3.pom (2 KB at 22.4 KB/sec)
[INFO] Downloading: https://repository.apache.org/releases/com/netflix/rxjava/rxjava-core/0.18.3/rxjava-core-0.18.3.pom
[INFO] Downloading: https://oss.sonatype.org/content/repositories/releases/com/google/appengine/appengine-api-1.0-sdk/1.8.9/appengine-api-1.0-sdk-1.8.9.pom
[INFO] Downloading: https://repository.apache.org/releases/com/google/appengine/appengine-api-1.0-sdk/1.8.9/appengine-api-1.0-sdk-1.8.9.pom
[INFO] Downloading: http://repo.maven.apache.org/maven2/com/google/appengine/appengine-api-1.0-sdk/1.8.9/appengine-api-1.0-sdk-1.8.9.pom
[INFO] Downloaded: http://repo.maven.apache.org/maven2/com/google/appengine/appengine-api-1.0-sdk/1.8.9/appengine-api-1.0-sdk-1.8.9.pom (605 B at 28.1 KB/sec)
[INFO] Downloading: https://oss.sonatype.org/content/repositories/releases/com/google/appengine/appengine/1.8.9/appengine-1.8.9.pom
[INFO] Downloading: https://repository.apache.org/releases/com/google/appengine/appengine/1.8.9/appengine-1.8.9.pom
[INFO] Downloading: http://repo.maven.apache.org/maven2/com/google/appengine/appengine/1.8.9/appengine-1.8.9.pom
[INFO] Downloaded: http://repo.maven.apache.org/maven2/com/google/appengine/appengine/1.8.9/appengine-1.8.9.pom (844 B at 39.2 KB/sec)
[INFO] Downloading: https://oss.sonatype.org/content/repositories/releases/org/sonatype/oss/oss-parent/4/oss-parent-4.pom
[INFO] Downloading: https://repository.apache.org/releases/org/sonatype/oss/oss-parent/4/oss-parent-4.pom
[INFO] Downloading: http://repo.maven.apache.org/maven2/org/sonatype/oss/oss-parent/4/oss-parent-4.pom
[INFO] Downloaded: http://repo.maven.apache.org/maven2/org/sonatype/oss/oss-parent/4/oss-parent-4.pom (4 KB at 186.0 KB/sec)
[INFO] Downloading: https://oss.sonatype.org/content/repositories/releases/junit/junit/4.10/junit-4.10.pom
[INFO] Downloaded: https://oss.sonatype.org/content/repositories/releases/junit/junit/4.10/junit-4.10.pom (3 KB at 9.8 KB/sec)
[INFO] Downloading: https://repository.apache.org/releases/junit/junit/4.10/junit-4.10.pom
[INFO] Downloading: https://oss.sonatype.org/content/repositories/releases/org/hamcrest/hamcrest-core/1.1/hamcrest-core-1.1.pom
[INFO] Downloaded: https://oss.sonatype.org/content/repositories/releases/org/hamcrest/hamcrest-core/1.1/hamcrest-core-1.1.pom (481 B at 4.5 KB/sec)
[INFO] Downloading: https://repository.apache.org/releases/org/hamcrest/hamcrest-core/1.1/hamcrest-core-1.1.pom
[INFO] Downloading: https://oss.sonatype.org/content/repositories/releases/org/hamcrest/hamcrest-parent/1.1/hamcrest-parent-1.1.pom
[INFO] Downloaded: https://oss.sonatype.org/content/repositories/releases/org/hamcrest/hamcrest-parent/1.1/hamcrest-parent-1.1.pom (6 KB at 62.4 KB/sec)
[INFO] Downloading: https://repository.apache.org/releases/org/hamcrest/hamcrest-parent/1.1/hamcrest-parent-1.1.pom
[INFO] Downloading: https://oss.sonatype.org/content/repositories/releases/org/assertj/assertj-core/1.5.0/assertj-core-1.5.0.pom
[INFO] Downloaded: https://oss.sonatype.org/content/repositories/releases/org/assertj/assertj-core/1.5.0/assertj-core-1.5.0.pom (5 KB at 43.4 KB/sec)
[INFO] Downloading: https://repository.apache.org/releases/org/assertj/assertj-core/1.5.0/assertj-core-1.5.0.pom
[INFO] Downloading: https://oss.sonatype.org/content/repositories/releases/org/assertj/assertj-parent-pom/1.2.2/assertj-parent-pom-1.2.2.pom
[INFO] Downloaded: https://oss.sonatype.org/content/repositories/releases/org/assertj/assertj-parent-pom/1.2.2/assertj-parent-pom-1.2.2.pom (10 KB at 92.0 KB/sec)
[INFO] Downloading: https://repository.apache.org/releases/org/assertj/assertj-parent-pom/1.2.2/assertj-parent-pom-1.2.2.pom
[INFO] Downloading: https://oss.sonatype.org/content/repositories/releases/org/mockito/mockito-core/1.9.5/mockito-core-1.9.5.pom
[INFO] Downloaded: https://oss.sonatype.org/content/repositories/releases/org/mockito/mockito-core/1.9.5/mockito-core-1.9.5.pom (2 KB at 19.7 KB/sec)
[INFO] Downloading: https://repository.apache.org/releases/org/mockito/mockito-core/1.9.5/mockito-core-1.9.5.pom
[INFO] Downloading: https://oss.sonatype.org/content/repositories/releases/org/objenesis/objenesis/1.0/objenesis-1.0.pom
[INFO] Downloaded: https://oss.sonatype.org/content/repositories/releases/org/objenesis/objenesis/1.0/objenesis-1.0.pom (853 B at 11.6 KB/sec)
[INFO] Downloading: https://repository.apache.org/releases/org/objenesis/objenesis/1.0/objenesis-1.0.pom
[INFO] Downloading: https://oss.sonatype.org/content/repositories/releases/com/google/guava/guava/16.0/guava-16.0.pom
[INFO] Downloaded: https://oss.sonatype.org/content/repositories/releases/com/google/guava/guava/16.0/guava-16.0.pom (6 KB at 63.4 KB/sec)
[INFO] Downloading: https://repository.apache.org/releases/com/google/guava/guava/16.0/guava-16.0.pom
[INFO] Downloading: https://oss.sonatype.org/content/repositories/releases/com/google/guava/guava-parent/16.0/guava-parent-16.0.pom
[INFO] Downloaded: https://oss.sonatype.org/content/repositories/releases/com/google/guava/guava-parent/16.0/guava-parent-16.0.pom (8 KB at 73.1 KB/sec)
[INFO] Downloading: https://repository.apache.org/releases/com/google/guava/guava-parent/16.0/guava-parent-16.0.pom
[INFO] Downloading: https://oss.sonatype.org/content/repositories/releases/com/squareup/okhttp/mockwebserver/1.6.0/mockwebserver-1.6.0.pom
[INFO] Downloaded: https://oss.sonatype.org/content/repositories/releases/com/squareup/okhttp/mockwebserver/1.6.0/mockwebserver-1.6.0.pom (2 KB at 21.0 KB/sec)
[INFO] Downloading: https://repository.apache.org/releases/com/squareup/okhttp/mockwebserver/1.6.0/mockwebserver-1.6.0.pom
[INFO] Downloading: https://oss.sonatype.org/content/repositories/releases/org/bouncycastle/bcprov-jdk15on/1.48/bcprov-jdk15on-1.48.pom
[INFO] Downloaded: https://oss.sonatype.org/content/repositories/releases/org/bouncycastle/bcprov-jdk15on/1.48/bcprov-jdk15on-1.48.pom (2 KB at 13.8 KB/sec)
[INFO] Downloading: https://repository.apache.org/releases/org/bouncycastle/bcprov-jdk15on/1.48/bcprov-jdk15on-1.48.pom
[INFO] Downloading: https://oss.sonatype.org/content/repositories/releases/com/google/code/gson/gson/2.2.4/gson-2.2.4.jar
[INFO] Downloading: https://oss.sonatype.org/content/repositories/releases/com/google/android/android/4.1.1.4/android-4.1.1.4.jar
[INFO] Downloading: https://oss.sonatype.org/content/repositories/releases/commons-logging/commons-logging/1.1.1/commons-logging-1.1.1.jar
[INFO] Downloading: https://oss.sonatype.org/content/repositories/releases/org/apache/httpcomponents/httpclient/4.0.1/httpclient-4.0.1.jar
[INFO] Downloading: https://oss.sonatype.org/content/repositories/releases/org/khronos/opengl-api/gl1.1-android-2.1_r1/opengl-api-gl1.1-android-2.1_r1.jar
[INFO] Downloading: https://oss.sonatype.org/content/repositories/releases/xerces/xmlParserAPIs/2.6.2/xmlParserAPIs-2.6.2.jar
[INFO] Downloading: https://oss.sonatype.org/content/repositories/releases/xpp3/xpp3/1.1.4c/xpp3-1.1.4c.jar
[INFO] Downloading: https://oss.sonatype.org/content/repositories/releases/org/json/json/20080701/json-20080701.jar
[INFO] Downloaded: https://oss.sonatype.org/content/repositories/releases/com/google/code/gson/gson/2.2.4/gson-2.2.4.jar (186 KB at 808.6 KB/sec)
[INFO] Downloading: https://oss.sonatype.org/content/repositories/releases/com/squareup/okhttp/okhttp/1.6.0/okhttp-1.6.0.jar
[INFO] Downloaded: https://oss.sonatype.org/content/repositories/releases/com/squareup/okhttp/okhttp/1.6.0/okhttp-1.6.0.jar (305 KB at 2086.9 KB/sec)
[INFO] Downloading: https://oss.sonatype.org/content/repositories/releases/com/squareup/okhttp/okhttp-urlconnection/1.6.0/okhttp-urlconnection-1.6.0.jar
[INFO] Downloading: https://oss.sonatype.org/content/repositories/releases/com/netflix/rxjava/rxjava-core/0.18.3/rxjava-core-0.18.3.jar
[INFO] Downloading: https://oss.sonatype.org/content/repositories/releases/com/google/appengine/appengine-api-1.0-sdk/1.8.9/appengine-api-1.0-sdk-1.8.9.jar
[INFO] Downloading: https://oss.sonatype.org/content/repositories/releases/junit/junit/4.10/junit-4.10.jar
[INFO] Downloaded: https://oss.sonatype.org/content/repositories/releases/com/squareup/okhttp/okhttp-urlconnection/1.6.0/okhttp-urlconnection-1.6.0.jar (3 KB at 35.0 KB/sec)
[INFO] Downloading: https://oss.sonatype.org/content/repositories/releases/org/hamcrest/hamcrest-core/1.1/hamcrest-core-1.1.jar
[INFO] Downloaded: https://oss.sonatype.org/content/repositories/releases/org/hamcrest/hamcrest-core/1.1/hamcrest-core-1.1.jar (75 KB at 924.0 KB/sec)
[INFO] Downloading: https://oss.sonatype.org/content/repositories/releases/org/assertj/assertj-core/1.5.0/assertj-core-1.5.0.jar
[INFO] Downloading: https://oss.sonatype.org/content/repositories/releases/org/mockito/mockito-core/1.9.5/mockito-core-1.9.5.jar
[INFO] Downloaded: https://oss.sonatype.org/content/repositories/releases/org/assertj/assertj-core/1.5.0/assertj-core-1.5.0.jar (563 KB at 1710.7 KB/sec)
[INFO] Downloading: https://oss.sonatype.org/content/repositories/releases/org/objenesis/objenesis/1.0/objenesis-1.0.jar
[INFO] Downloaded: https://oss.sonatype.org/content/repositories/releases/junit/junit/4.10/junit-4.10.jar (248 KB at 543.4 KB/sec)
[INFO] Downloading: https://oss.sonatype.org/content/repositories/releases/com/google/guava/guava/16.0/guava-16.0.jar
[INFO] Downloaded: https://oss.sonatype.org/content/repositories/releases/com/netflix/rxjava/rxjava-core/0.18.3/rxjava-core-0.18.3.jar (555 KB at 992.3 KB/sec)
[INFO] Downloading: https://oss.sonatype.org/content/repositories/releases/com/squareup/okhttp/mockwebserver/1.6.0/mockwebserver-1.6.0.jar
[INFO] Downloaded: https://oss.sonatype.org/content/repositories/releases/org/objenesis/objenesis/1.0/objenesis-1.0.jar (28 KB at 279.0 KB/sec)
[INFO] Downloading: https://oss.sonatype.org/content/repositories/releases/org/bouncycastle/bcprov-jdk15on/1.48/bcprov-jdk15on-1.48.jar
[INFO] Downloaded: https://oss.sonatype.org/content/repositories/releases/com/squareup/okhttp/mockwebserver/1.6.0/mockwebserver-1.6.0.jar (38 KB at 340.8 KB/sec)
[INFO] Downloaded: https://oss.sonatype.org/content/repositories/releases/com/google/guava/guava/16.0/guava-16.0.jar (2174 KB at 7079.1 KB/sec)
[INFO] Downloaded: https://oss.sonatype.org/content/repositories/releases/com/google/android/android/4.1.1.4/android-4.1.1.4.jar (12645 KB at 10415.4 KB/sec)
[INFO] Downloaded: https://oss.sonatype.org/content/repositories/releases/org/mockito/mockito-core/1.9.5/mockito-core-1.9.5.jar (1465 KB at 2340.0 KB/sec)
[INFO] Downloaded: https://oss.sonatype.org/content/repositories/releases/org/bouncycastle/bcprov-jdk15on/1.48/bcprov-jdk15on-1.48.jar (2264 KB at 7971.2 KB/sec)
[INFO] Downloading: https://repository.apache.org/releases/com/google/code/gson/gson/2.2.4/gson-2.2.4.jar
[INFO] Downloading: https://repository.apache.org/releases/com/google/android/android/4.1.1.4/android-4.1.1.4.jar
[INFO] Downloading: https://repository.apache.org/releases/commons-logging/commons-logging/1.1.1/commons-logging-1.1.1.jar
[INFO] Downloading: https://repository.apache.org/releases/org/apache/httpcomponents/httpclient/4.0.1/httpclient-4.0.1.jar
[INFO] Downloading: https://repository.apache.org/releases/org/khronos/opengl-api/gl1.1-android-2.1_r1/opengl-api-gl1.1-android-2.1_r1.jar
[INFO] Downloading: https://repository.apache.org/releases/xerces/xmlParserAPIs/2.6.2/xmlParserAPIs-2.6.2.jar
[INFO] Downloading: https://repository.apache.org/releases/xpp3/xpp3/1.1.4c/xpp3-1.1.4c.jar
[INFO] Downloading: https://repository.apache.org/releases/org/json/json/20080701/json-20080701.jar
[INFO] Downloading: https://repository.apache.org/releases/com/squareup/okhttp/okhttp/1.6.0/okhttp-1.6.0.jar
[INFO] Downloading: https://repository.apache.org/releases/com/squareup/okhttp/okhttp-urlconnection/1.6.0/okhttp-urlconnection-1.6.0.jar
[INFO] Downloading: https://repository.apache.org/releases/com/netflix/rxjava/rxjava-core/0.18.3/rxjava-core-0.18.3.jar
[INFO] Downloading: https://repository.apache.org/releases/com/google/appengine/appengine-api-1.0-sdk/1.8.9/appengine-api-1.0-sdk-1.8.9.jar
[INFO] Downloading: https://repository.apache.org/releases/junit/junit/4.10/junit-4.10.jar
[INFO] Downloading: https://repository.apache.org/releases/org/hamcrest/hamcrest-core/1.1/hamcrest-core-1.1.jar
[INFO] Downloading: https://repository.apache.org/releases/org/assertj/assertj-core/1.5.0/assertj-core-1.5.0.jar
[INFO] Downloading: https://repository.apache.org/releases/org/mockito/mockito-core/1.9.5/mockito-core-1.9.5.jar
[INFO] Downloading: https://repository.apache.org/releases/org/objenesis/objenesis/1.0/objenesis-1.0.jar
[INFO] Downloading: https://repository.apache.org/releases/com/google/guava/guava/16.0/guava-16.0.jar
[INFO] Downloading: https://repository.apache.org/releases/com/squareup/okhttp/mockwebserver/1.6.0/mockwebserver-1.6.0.jar
[INFO] Downloading: https://repository.apache.org/releases/org/bouncycastle/bcprov-jdk15on/1.48/bcprov-jdk15on-1.48.jar
[INFO] Downloading: http://repo.maven.apache.org/maven2/commons-logging/commons-logging/1.1.1/commons-logging-1.1.1.jar
[INFO] Downloading: http://repo.maven.apache.org/maven2/org/apache/httpcomponents/httpclient/4.0.1/httpclient-4.0.1.jar
[INFO] Downloading: http://repo.maven.apache.org/maven2/org/khronos/opengl-api/gl1.1-android-2.1_r1/opengl-api-gl1.1-android-2.1_r1.jar
[INFO] Downloading: http://repo.maven.apache.org/maven2/xerces/xmlParserAPIs/2.6.2/xmlParserAPIs-2.6.2.jar
[INFO] Downloading: http://repo.maven.apache.org/maven2/xpp3/xpp3/1.1.4c/xpp3-1.1.4c.jar
[INFO] Downloaded: http://repo.maven.apache.org/maven2/commons-logging/commons-logging/1.1.1/commons-logging-1.1.1.jar (60 KB at 2576.7 KB/sec)
[INFO] Downloading: http://repo.maven.apache.org/maven2/org/json/json/20080701/json-20080701.jar
[INFO] Downloaded: http://repo.maven.apache.org/maven2/org/khronos/opengl-api/gl1.1-android-2.1_r1/opengl-api-gl1.1-android-2.1_r1.jar (19 KB at 547.2 KB/sec)
[INFO] Downloading: http://repo.maven.apache.org/maven2/com/google/appengine/appengine-api-1.0-sdk/1.8.9/appengine-api-1.0-sdk-1.8.9.jar
[INFO] Downloaded: http://repo.maven.apache.org/maven2/xpp3/xpp3/1.1.4c/xpp3-1.1.4c.jar (118 KB at 2549.0 KB/sec)
[INFO] Downloaded: http://repo.maven.apache.org/maven2/org/json/json/20080701/json-20080701.jar (37 KB at 1369.9 KB/sec)
[INFO] Downloaded: http://repo.maven.apache.org/maven2/xerces/xmlParserAPIs/2.6.2/xmlParserAPIs-2.6.2.jar (122 KB at 2342.3 KB/sec)
[INFO] Downloaded: http://repo.maven.apache.org/maven2/org/apache/httpcomponents/httpclient/4.0.1/httpclient-4.0.1.jar (285 KB at 4179.6 KB/sec)
[INFO] Downloaded: http://repo.maven.apache.org/maven2/com/google/appengine/appengine-api-1.0-sdk/1.8.9/appengine-api-1.0-sdk-1.8.9.jar (11882 KB at 39082.8 KB/sec)
[INFO] 
[INFO] --- maven-enforcer-plugin:1.0:enforce (enforce-maven) @ retrofit ---
[INFO] 
[INFO] --- maven-resources-plugin:2.6:resources (default-resources) @ retrofit ---
[INFO] Downloading: http://repo.maven.apache.org/maven2/org/apache/maven/maven-core/2.0.6/maven-core-2.0.6.pom
[INFO] Downloaded: http://repo.maven.apache.org/maven2/org/apache/maven/maven-core/2.0.6/maven-core-2.0.6.pom (7 KB at 312.1 KB/sec)
[INFO] Downloading: http://repo.maven.apache.org/maven2/org/apache/maven/maven-plugin-parameter-documenter/2.0.6/maven-plugin-parameter-documenter-2.0.6.pom
[INFO] Downloaded: http://repo.maven.apache.org/maven2/org/apache/maven/maven-plugin-parameter-documenter/2.0.6/maven-plugin-parameter-documenter-2.0.6.pom (2 KB at 74.6 KB/sec)
[INFO] Downloading: http://repo.maven.apache.org/maven2/org/apache/maven/maven-error-diagnostics/2.0.6/maven-error-diagnostics-2.0.6.pom
[INFO] Downloaded: http://repo.maven.apache.org/maven2/org/apache/maven/maven-error-diagnostics/2.0.6/maven-error-diagnostics-2.0.6.pom (2 KB at 79.2 KB/sec)
[INFO] Downloading: http://repo.maven.apache.org/maven2/org/apache/maven/maven-plugin-descriptor/2.0.6/maven-plugin-descriptor-2.0.6.pom
[INFO] Downloaded: http://repo.maven.apache.org/maven2/org/apache/maven/maven-plugin-descriptor/2.0.6/maven-plugin-descriptor-2.0.6.pom (2 KB at 98.5 KB/sec)
[INFO] Downloading: http://repo.maven.apache.org/maven2/org/apache/maven/maven-monitor/2.0.6/maven-monitor-2.0.6.pom
[INFO] Downloaded: http://repo.maven.apache.org/maven2/org/apache/maven/maven-monitor/2.0.6/maven-monitor-2.0.6.pom (2 KB at 61.2 KB/sec)
[INFO] Downloading: http://repo.maven.apache.org/maven2/org/apache/maven/shared/maven-filtering/1.1/maven-filtering-1.1.pom
[INFO] Downloaded: http://repo.maven.apache.org/maven2/org/apache/maven/shared/maven-filtering/1.1/maven-filtering-1.1.pom (6 KB at 282.7 KB/sec)
[INFO] Downloading: http://repo.maven.apache.org/maven2/org/codehaus/plexus/plexus-interpolation/1.12/plexus-interpolation-1.12.pom
[INFO] Downloaded: http://repo.maven.apache.org/maven2/org/codehaus/plexus/plexus-interpolation/1.12/plexus-interpolation-1.12.pom (889 B at 43.4 KB/sec)
[INFO] Downloading: http://repo.maven.apache.org/maven2/org/sonatype/plexus/plexus-build-api/0.0.4/plexus-build-api-0.0.4.pom
[INFO] Downloaded: http://repo.maven.apache.org/maven2/org/sonatype/plexus/plexus-build-api/0.0.4/plexus-build-api-0.0.4.pom (3 KB at 139.8 KB/sec)
[INFO] Downloading: http://repo.maven.apache.org/maven2/org/sonatype/spice/spice-parent/10/spice-parent-10.pom
[INFO] Downloaded: http://repo.maven.apache.org/maven2/org/sonatype/spice/spice-parent/10/spice-parent-10.pom (3 KB at 147.2 KB/sec)
[INFO] Downloading: http://repo.maven.apache.org/maven2/org/sonatype/forge/forge-parent/3/forge-parent-3.pom
[INFO] Downloaded: http://repo.maven.apache.org/maven2/org/sonatype/forge/forge-parent/3/forge-parent-3.pom (5 KB at 245.8 KB/sec)
[INFO] Downloading: http://repo.maven.apache.org/maven2/org/apache/maven/reporting/maven-reporting-api/2.0.6/maven-reporting-api-2.0.6.jar
[INFO] Downloading: http://repo.maven.apache.org/maven2/org/apache/maven/doxia/doxia-sink-api/1.0-alpha-7/doxia-sink-api-1.0-alpha-7.jar
[INFO] Downloading: http://repo.maven.apache.org/maven2/org/apache/maven/shared/maven-filtering/1.1/maven-filtering-1.1.jar
[INFO] Downloading: http://repo.maven.apache.org/maven2/org/sonatype/plexus/plexus-build-api/0.0.4/plexus-build-api-0.0.4.jar
[INFO] Downloaded: http://repo.maven.apache.org/maven2/org/apache/maven/reporting/maven-reporting-api/2.0.6/maven-reporting-api-2.0.6.jar (10 KB at 485.4 KB/sec)
[INFO] Downloaded: http://repo.maven.apache.org/maven2/org/apache/maven/doxia/doxia-sink-api/1.0-alpha-7/doxia-sink-api-1.0-alpha-7.jar (6 KB at 289.8 KB/sec)
[INFO] Downloaded: http://repo.maven.apache.org/maven2/org/sonatype/plexus/plexus-build-api/0.0.4/plexus-build-api-0.0.4.jar (7 KB at 332.5 KB/sec)
[INFO] Downloaded: http://repo.maven.apache.org/maven2/org/apache/maven/shared/maven-filtering/1.1/maven-filtering-1.1.jar (43 KB at 1830.2 KB/sec)
[INFO] Using 'UTF-8' encoding to copy filtered resources.
[INFO] skip non existing resourceDirectory /home/travis/build/square/retrofit/retrofit/src/main/resources
[INFO] 
[INFO] --- maven-compiler-plugin:3.0:compile (default-compile) @ retrofit ---
[INFO] Downloading: http://repo.maven.apache.org/maven2/org/codehaus/plexus/plexus-utils/1.5.1/plexus-utils-1.5.1.pom
[INFO] Downloaded: http://repo.maven.apache.org/maven2/org/codehaus/plexus/plexus-utils/1.5.1/plexus-utils-1.5.1.pom (3 KB at 118.0 KB/sec)
[INFO] Downloading: http://repo.maven.apache.org/maven2/org/apache/maven/maven-toolchain/1.0/maven-toolchain-1.0.pom
[INFO] Downloaded: http://repo.maven.apache.org/maven2/org/apache/maven/maven-toolchain/1.0/maven-toolchain-1.0.pom (4 KB at 175.5 KB/sec)
[INFO] Downloading: http://repo.maven.apache.org/maven2/org/apache/maven/shared/maven-shared-utils/0.1/maven-shared-utils-0.1.pom
[INFO] Downloaded: http://repo.maven.apache.org/maven2/org/apache/maven/shared/maven-shared-utils/0.1/maven-shared-utils-0.1.pom (4 KB at 208.0 KB/sec)
[INFO] Downloading: http://repo.maven.apache.org/maven2/org/apache/maven/shared/maven-shared-components/18/maven-shared-components-18.pom
[INFO] Downloaded: http://repo.maven.apache.org/maven2/org/apache/maven/shared/maven-shared-components/18/maven-shared-components-18.pom (5 KB at 240.9 KB/sec)
[INFO] Downloading: http://repo.maven.apache.org/maven2/com/google/code/findbugs/jsr305/2.0.1/jsr305-2.0.1.pom
[INFO] Downloaded: http://repo.maven.apache.org/maven2/com/google/code/findbugs/jsr305/2.0.1/jsr305-2.0.1.pom (965 B at 49.6 KB/sec)
[INFO] Downloading: http://repo.maven.apache.org/maven2/org/apache/maven/shared/maven-shared-incremental/1.0/maven-shared-incremental-1.0.pom
[INFO] Downloaded: http://repo.maven.apache.org/maven2/org/apache/maven/shared/maven-shared-incremental/1.0/maven-shared-incremental-1.0.pom (5 KB at 231.5 KB/sec)
[INFO] Downloading: http://repo.maven.apache.org/maven2/org/apache/maven/maven-core/2.2.1/maven-core-2.2.1.pom
[INFO] Downloaded: http://repo.maven.apache.org/maven2/org/apache/maven/maven-core/2.2.1/maven-core-2.2.1.pom (12 KB at 568.0 KB/sec)
[INFO] Downloading: http://repo.maven.apache.org/maven2/org/apache/maven/maven-plugin-parameter-documenter/2.2.1/maven-plugin-parameter-documenter-2.2.1.pom
[INFO] Downloaded: http://repo.maven.apache.org/maven2/org/apache/maven/maven-plugin-parameter-documenter/2.2.1/maven-plugin-parameter-documenter-2.2.1.pom (2 KB at 91.0 KB/sec)
[INFO] Downloading: http://repo.maven.apache.org/maven2/org/slf4j/slf4j-jdk14/1.5.6/slf4j-jdk14-1.5.6.pom
[INFO] Downloaded: http://repo.maven.apache.org/maven2/org/slf4j/slf4j-jdk14/1.5.6/slf4j-jdk14-1.5.6.pom (2 KB at 84.3 KB/sec)
[INFO] Downloading: http://repo.maven.apache.org/maven2/org/slf4j/slf4j-parent/1.5.6/slf4j-parent-1.5.6.pom
[INFO] Downloaded: http://repo.maven.apache.org/maven2/org/slf4j/slf4j-parent/1.5.6/slf4j-parent-1.5.6.pom (8 KB at 336.3 KB/sec)
[INFO] Downloading: http://repo.maven.apache.org/maven2/org/slf4j/slf4j-api/1.5.6/slf4j-api-1.5.6.pom
[INFO] Downloaded: http://repo.maven.apache.org/maven2/org/slf4j/slf4j-api/1.5.6/slf4j-api-1.5.6.pom (3 KB at 145.7 KB/sec)
[INFO] Downloading: http://repo.maven.apache.org/maven2/org/slf4j/jcl-over-slf4j/1.5.6/jcl-over-slf4j-1.5.6.pom
[INFO] Downloaded: http://repo.maven.apache.org/maven2/org/slf4j/jcl-over-slf4j/1.5.6/jcl-over-slf4j-1.5.6.pom (3 KB at 105.9 KB/sec)
[INFO] Downloading: http://repo.maven.apache.org/maven2/org/apache/maven/maven-error-diagnostics/2.2.1/maven-error-diagnostics-2.2.1.pom
[INFO] Downloaded: http://repo.maven.apache.org/maven2/org/apache/maven/maven-error-diagnostics/2.2.1/maven-error-diagnostics-2.2.1.pom (2 KB at 83.4 KB/sec)
[INFO] Downloading: http://repo.maven.apache.org/maven2/org/apache/maven/maven-plugin-descriptor/2.2.1/maven-plugin-descriptor-2.2.1.pom
[INFO] Downloaded: http://repo.maven.apache.org/maven2/org/apache/maven/maven-plugin-descriptor/2.2.1/maven-plugin-descriptor-2.2.1.pom (3 KB at 100.8 KB/sec)
[INFO] Downloading: http://repo.maven.apache.org/maven2/org/apache/maven/maven-monitor/2.2.1/maven-monitor-2.2.1.pom
[INFO] Downloaded: http://repo.maven.apache.org/maven2/org/apache/maven/maven-monitor/2.2.1/maven-monitor-2.2.1.pom (2 KB at 61.4 KB/sec)
[INFO] Downloading: http://repo.maven.apache.org/maven2/org/sonatype/plexus/plexus-sec-dispatcher/1.3/plexus-sec-dispatcher-1.3.pom
[INFO] Downloaded: http://repo.maven.apache.org/maven2/org/sonatype/plexus/plexus-sec-dispatcher/1.3/plexus-sec-dispatcher-1.3.pom (3 KB at 144.6 KB/sec)
[INFO] Downloading: http://repo.maven.apache.org/maven2/org/sonatype/spice/spice-parent/12/spice-parent-12.pom
[INFO] Downloaded: http://repo.maven.apache.org/maven2/org/sonatype/spice/spice-parent/12/spice-parent-12.pom (7 KB at 331.9 KB/sec)
[INFO] Downloading: http://repo.maven.apache.org/maven2/org/sonatype/forge/forge-parent/4/forge-parent-4.pom
[INFO] Downloaded: http://repo.maven.apache.org/maven2/org/sonatype/forge/forge-parent/4/forge-parent-4.pom (9 KB at 410.0 KB/sec)
[INFO] Downloading: http://repo.maven.apache.org/maven2/org/sonatype/plexus/plexus-cipher/1.4/plexus-cipher-1.4.pom
[INFO] Downloaded: http://repo.maven.apache.org/maven2/org/sonatype/plexus/plexus-cipher/1.4/plexus-cipher-1.4.pom (3 KB at 96.0 KB/sec)
[INFO] Downloading: http://repo.maven.apache.org/maven2/org/codehaus/plexus/plexus-component-annotations/1.5.5/plexus-component-annotations-1.5.5.pom
[INFO] Downloaded: http://repo.maven.apache.org/maven2/org/codehaus/plexus/plexus-component-annotations/1.5.5/plexus-component-annotations-1.5.5.pom (815 B at 39.8 KB/sec)
[INFO] Downloading: http://repo.maven.apache.org/maven2/org/codehaus/plexus/plexus-containers/1.5.5/plexus-containers-1.5.5.pom
[INFO] Downloaded: http://repo.maven.apache.org/maven2/org/codehaus/plexus/plexus-containers/1.5.5/plexus-containers-1.5.5.pom (5 KB at 207.0 KB/sec)
[INFO] Downloading: http://repo.maven.apache.org/maven2/org/codehaus/plexus/plexus/2.0.7/plexus-2.0.7.pom
[INFO] Downloaded: http://repo.maven.apache.org/maven2/org/codehaus/plexus/plexus/2.0.7/plexus-2.0.7.pom (17 KB at 844.5 KB/sec)
[INFO] Downloading: http://repo.maven.apache.org/maven2/org/codehaus/plexus/plexus-compiler-api/2.0/plexus-compiler-api-2.0.pom
[INFO] Downloaded: http://repo.maven.apache.org/maven2/org/codehaus/plexus/plexus-compiler-api/2.0/plexus-compiler-api-2.0.pom (865 B at 44.5 KB/sec)
[INFO] Downloading: http://repo.maven.apache.org/maven2/org/codehaus/plexus/plexus-compiler/2.0/plexus-compiler-2.0.pom
[INFO] Downloaded: http://repo.maven.apache.org/maven2/org/codehaus/plexus/plexus-compiler/2.0/plexus-compiler-2.0.pom (4 KB at 176.4 KB/sec)
[INFO] Downloading: http://repo.maven.apache.org/maven2/org/codehaus/plexus/plexus-components/1.3/plexus-components-1.3.pom
[INFO] Downloaded: http://repo.maven.apache.org/maven2/org/codehaus/plexus/plexus-components/1.3/plexus-components-1.3.pom (3 KB at 149.3 KB/sec)
[INFO] Downloading: http://repo.maven.apache.org/maven2/org/codehaus/plexus/plexus/3.3/plexus-3.3.pom
[INFO] Downloaded: http://repo.maven.apache.org/maven2/org/codehaus/plexus/plexus/3.3/plexus-3.3.pom (20 KB at 971.7 KB/sec)
[INFO] Downloading: http://repo.maven.apache.org/maven2/org/codehaus/plexus/plexus-utils/3.0.8/plexus-utils-3.0.8.pom
[INFO] Downloaded: http://repo.maven.apache.org/maven2/org/codehaus/plexus/plexus-utils/3.0.8/plexus-utils-3.0.8.pom (4 KB at 153.4 KB/sec)
[INFO] Downloading: http://repo.maven.apache.org/maven2/org/codehaus/plexus/plexus/3.2/plexus-3.2.pom
[INFO] Downloaded: http://repo.maven.apache.org/maven2/org/codehaus/plexus/plexus/3.2/plexus-3.2.pom (19 KB at 871.7 KB/sec)
[INFO] Downloading: http://repo.maven.apache.org/maven2/org/codehaus/plexus/plexus-compiler-manager/2.0/plexus-compiler-manager-2.0.pom
[INFO] Downloaded: http://repo.maven.apache.org/maven2/org/codehaus/plexus/plexus-compiler-manager/2.0/plexus-compiler-manager-2.0.pom (690 B at 33.7 KB/sec)
[INFO] Downloading: http://repo.maven.apache.org/maven2/org/codehaus/plexus/plexus-compiler-javac/2.0/plexus-compiler-javac-2.0.pom
[INFO] Downloaded: http://repo.maven.apache.org/maven2/org/codehaus/plexus/plexus-compiler-javac/2.0/plexus-compiler-javac-2.0.pom (769 B at 35.8 KB/sec)
[INFO] Downloading: http://repo.maven.apache.org/maven2/org/codehaus/plexus/plexus-compilers/2.0/plexus-compilers-2.0.pom
[INFO] Downloaded: http://repo.maven.apache.org/maven2/org/codehaus/plexus/plexus-compilers/2.0/plexus-compilers-2.0.pom (2 KB at 63.8 KB/sec)
[INFO] Downloading: http://repo.maven.apache.org/maven2/org/codehaus/plexus/plexus-container-default/1.5.5/plexus-container-default-1.5.5.pom
[INFO] Downloaded: http://repo.maven.apache.org/maven2/org/codehaus/plexus/plexus-container-default/1.5.5/plexus-container-default-1.5.5.pom (3 KB at 134.5 KB/sec)
[INFO] Downloading: http://repo.maven.apache.org/maven2/org/codehaus/plexus/plexus-classworlds/2.2.2/plexus-classworlds-2.2.2.pom
[INFO] Downloaded: http://repo.maven.apache.org/maven2/org/codehaus/plexus/plexus-classworlds/2.2.2/plexus-classworlds-2.2.2.pom (4 KB at 196.9 KB/sec)
[INFO] Downloading: http://repo.maven.apache.org/maven2/org/apache/xbean/xbean-reflect/3.4/xbean-reflect-3.4.pom
[INFO] Downloaded: http://repo.maven.apache.org/maven2/org/apache/xbean/xbean-reflect/3.4/xbean-reflect-3.4.pom (3 KB at 137.2 KB/sec)
[INFO] Downloading: http://repo.maven.apache.org/maven2/org/apache/xbean/xbean/3.4/xbean-3.4.pom
[INFO] Downloaded: http://repo.maven.apache.org/maven2/org/apache/xbean/xbean/3.4/xbean-3.4.pom (19 KB at 904.9 KB/sec)
[INFO] Downloading: http://repo.maven.apache.org/maven2/log4j/log4j/1.2.12/log4j-1.2.12.pom
[INFO] Downloaded: http://repo.maven.apache.org/maven2/log4j/log4j/1.2.12/log4j-1.2.12.pom (145 B at 7.1 KB/sec)
[INFO] Downloading: http://repo.maven.apache.org/maven2/commons-logging/commons-logging-api/1.1/commons-logging-api-1.1.pom
[INFO] Downloaded: http://repo.maven.apache.org/maven2/commons-logging/commons-logging-api/1.1/commons-logging-api-1.1.pom (6 KB at 237.3 KB/sec)
[INFO] Downloading: http://repo.maven.apache.org/maven2/org/codehaus/plexus/plexus-utils/1.5.1/plexus-utils-1.5.1.jar
[INFO] Downloading: http://repo.maven.apache.org/maven2/org/apache/maven/shared/maven-shared-utils/0.1/maven-shared-utils-0.1.jar
[INFO] Downloading: http://repo.maven.apache.org/maven2/com/google/code/findbugs/jsr305/2.0.1/jsr305-2.0.1.jar
[INFO] Downloading: http://repo.maven.apache.org/maven2/org/apache/maven/shared/maven-shared-incremental/1.0/maven-shared-incremental-1.0.jar
[INFO] Downloading: http://repo.maven.apache.org/maven2/org/codehaus/plexus/plexus-component-annotations/1.5.5/plexus-component-annotations-1.5.5.jar
[INFO] Downloaded: http://repo.maven.apache.org/maven2/org/codehaus/plexus/plexus-component-annotations/1.5.5/plexus-component-annotations-1.5.5.jar (5 KB at 186.9 KB/sec)
[INFO] Downloading: http://repo.maven.apache.org/maven2/org/codehaus/plexus/plexus-compiler-api/2.0/plexus-compiler-api-2.0.jar
[INFO] Downloaded: http://repo.maven.apache.org/maven2/com/google/code/findbugs/jsr305/2.0.1/jsr305-2.0.1.jar (32 KB at 1353.0 KB/sec)
[INFO] Downloading: http://repo.maven.apache.org/maven2/org/codehaus/plexus/plexus-compiler-manager/2.0/plexus-compiler-manager-2.0.jar
[INFO] Downloaded: http://repo.maven.apache.org/maven2/org/apache/maven/shared/maven-shared-incremental/1.0/maven-shared-incremental-1.0.jar (13 KB at 464.1 KB/sec)
[INFO] Downloading: http://repo.maven.apache.org/maven2/org/codehaus/plexus/plexus-compiler-javac/2.0/plexus-compiler-javac-2.0.jar
[INFO] Downloaded: http://repo.maven.apache.org/maven2/org/apache/maven/shared/maven-shared-utils/0.1/maven-shared-utils-0.1.jar (151 KB at 5588.8 KB/sec)
[INFO] Downloading: http://repo.maven.apache.org/maven2/org/apache/xbean/xbean-reflect/3.4/xbean-reflect-3.4.jar
[INFO] Downloaded: http://repo.maven.apache.org/maven2/org/codehaus/plexus/plexus-utils/1.5.1/plexus-utils-1.5.1.jar (206 KB at 5143.6 KB/sec)
[INFO] Downloading: http://repo.maven.apache.org/maven2/log4j/log4j/1.2.12/log4j-1.2.12.jar
[INFO] Downloaded: http://repo.maven.apache.org/maven2/org/codehaus/plexus/plexus-compiler-api/2.0/plexus-compiler-api-2.0.jar (25 KB at 1161.9 KB/sec)
[INFO] Downloaded: http://repo.maven.apache.org/maven2/org/codehaus/plexus/plexus-compiler-manager/2.0/plexus-compiler-manager-2.0.jar (5 KB at 222.9 KB/sec)
[INFO] Downloading: http://repo.maven.apache.org/maven2/commons-logging/commons-logging-api/1.1/commons-logging-api-1.1.jar
[INFO] Downloading: http://repo.maven.apache.org/maven2/junit/junit/3.8.2/junit-3.8.2.jar
[INFO] Downloaded: http://repo.maven.apache.org/maven2/org/codehaus/plexus/plexus-compiler-javac/2.0/plexus-compiler-javac-2.0.jar (19 KB at 737.5 KB/sec)
[INFO] Downloaded: http://repo.maven.apache.org/maven2/org/apache/xbean/xbean-reflect/3.4/xbean-reflect-3.4.jar (131 KB at 5227.6 KB/sec)
[INFO] Downloaded: http://repo.maven.apache.org/maven2/commons-logging/commons-logging-api/1.1/commons-logging-api-1.1.jar (44 KB at 2177.6 KB/sec)
[INFO] Downloaded: http://repo.maven.apache.org/maven2/junit/junit/3.8.2/junit-3.8.2.jar (118 KB at 4363.4 KB/sec)
[INFO] Downloaded: http://repo.maven.apache.org/maven2/log4j/log4j/1.2.12/log4j-1.2.12.jar (350 KB at 8742.3 KB/sec)
[INFO] Changes detected - recompiling the module!
[INFO] Compiling 66 source files to /home/travis/build/square/retrofit/retrofit/target/classes
[WARNING] /home/travis/build/square/retrofit/retrofit/src/main/java/retrofit/RestAdapter.java: /home/travis/build/square/retrofit/retrofit/src/main/java/retrofit/RestAdapter.java uses unchecked or unsafe operations.
[WARNING] /home/travis/build/square/retrofit/retrofit/src/main/java/retrofit/RestAdapter.java: Recompile with -Xlint:unchecked for details.
[INFO] 
[INFO] --- maven-resources-plugin:2.6:testResources (default-testResources) @ retrofit ---
[INFO] Using 'UTF-8' encoding to copy filtered resources.
[INFO] skip non existing resourceDirectory /home/travis/build/square/retrofit/retrofit/src/test/resources
[INFO] 
[INFO] --- maven-compiler-plugin:3.0:testCompile (default-testCompile) @ retrofit ---
[INFO] Changes detected - recompiling the module!
[INFO] Compiling 18 source files to /home/travis/build/square/retrofit/retrofit/target/test-classes
[WARNING] /home/travis/build/square/retrofit/retrofit/src/test/java/retrofit/CallbackRunnableTest.java: Some input files use unchecked or unsafe operations.
[WARNING] /home/travis/build/square/retrofit/retrofit/src/test/java/retrofit/CallbackRunnableTest.java: Recompile with -Xlint:unchecked for details.
[INFO] 
[INFO] --- maven-surefire-plugin:2.12.4:test (default-test) @ retrofit ---
[INFO] Downloading: http://repo.maven.apache.org/maven2/org/apache/maven/surefire/surefire-booter/2.12.4/surefire-booter-2.12.4.pom
[INFO] Downloaded: http://repo.maven.apache.org/maven2/org/apache/maven/surefire/surefire-booter/2.12.4/surefire-booter-2.12.4.pom (3 KB at 148.0 KB/sec)
[INFO] Downloading: http://repo.maven.apache.org/maven2/org/apache/maven/surefire/surefire-api/2.12.4/surefire-api-2.12.4.pom
[INFO] Downloaded: http://repo.maven.apache.org/maven2/org/apache/maven/surefire/surefire-api/2.12.4/surefire-api-2.12.4.pom (3 KB at 115.8 KB/sec)
[INFO] Downloading: http://repo.maven.apache.org/maven2/org/apache/maven/surefire/maven-surefire-common/2.12.4/maven-surefire-common-2.12.4.pom
[INFO] Downloaded: http://repo.maven.apache.org/maven2/org/apache/maven/surefire/maven-surefire-common/2.12.4/maven-surefire-common-2.12.4.pom (6 KB at 270.0 KB/sec)
[INFO] Downloading: http://repo.maven.apache.org/maven2/org/apache/maven/plugin-tools/maven-plugin-annotations/3.1/maven-plugin-annotations-3.1.pom
[INFO] Downloaded: http://repo.maven.apache.org/maven2/org/apache/maven/plugin-tools/maven-plugin-annotations/3.1/maven-plugin-annotations-3.1.pom (2 KB at 79.3 KB/sec)
[INFO] Downloading: http://repo.maven.apache.org/maven2/org/apache/maven/plugin-tools/maven-plugin-tools/3.1/maven-plugin-tools-3.1.pom
[INFO] Downloaded: http://repo.maven.apache.org/maven2/org/apache/maven/plugin-tools/maven-plugin-tools/3.1/maven-plugin-tools-3.1.pom (16 KB at 790.2 KB/sec)
[INFO] Downloading: http://repo.maven.apache.org/maven2/org/apache/maven/maven-toolchain/2.0.9/maven-toolchain-2.0.9.pom
[INFO] Downloaded: http://repo.maven.apache.org/maven2/org/apache/maven/maven-toolchain/2.0.9/maven-toolchain-2.0.9.pom (4 KB at 178.7 KB/sec)
[INFO] Downloading: http://repo.maven.apache.org/maven2/org/apache/commons/commons-lang3/3.1/commons-lang3-3.1.pom
[INFO] Downloaded: http://repo.maven.apache.org/maven2/org/apache/commons/commons-lang3/3.1/commons-lang3-3.1.pom (17 KB at 816.0 KB/sec)
[INFO] Downloading: http://repo.maven.apache.org/maven2/org/apache/commons/commons-parent/22/commons-parent-22.pom
[INFO] Downloaded: http://repo.maven.apache.org/maven2/org/apache/commons/commons-parent/22/commons-parent-22.pom (41 KB at 1949.3 KB/sec)
[INFO] Downloading: http://repo.maven.apache.org/maven2/org/apache/maven/shared/maven-common-artifact-filters/1.3/maven-common-artifact-filters-1.3.pom
[INFO] Downloaded: http://repo.maven.apache.org/maven2/org/apache/maven/shared/maven-common-artifact-filters/1.3/maven-common-artifact-filters-1.3.pom (4 KB at 180.8 KB/sec)
[INFO] Downloading: http://repo.maven.apache.org/maven2/org/apache/maven/shared/maven-shared-components/12/maven-shared-components-12.pom
[INFO] Downloaded: http://repo.maven.apache.org/maven2/org/apache/maven/shared/maven-shared-components/12/maven-shared-components-12.pom (10 KB at 414.5 KB/sec)
[INFO] Downloading: http://repo.maven.apache.org/maven2/org/apache/maven/maven-parent/13/maven-parent-13.pom
[INFO] Downloaded: http://repo.maven.apache.org/maven2/org/apache/maven/maven-parent/13/maven-parent-13.pom (23 KB at 1163.3 KB/sec)
[INFO] Downloading: http://repo.maven.apache.org/maven2/org/apache/apache/6/apache-6.pom
[INFO] Downloaded: http://repo.maven.apache.org/maven2/org/apache/apache/6/apache-6.pom (13 KB at 624.8 KB/sec)
[INFO] Downloading: http://repo.maven.apache.org/maven2/org/apache/maven/surefire/surefire-booter/2.12.4/surefire-booter-2.12.4.jar
[INFO] Downloading: http://repo.maven.apache.org/maven2/org/apache/maven/surefire/surefire-api/2.12.4/surefire-api-2.12.4.jar
[INFO] Downloading: http://repo.maven.apache.org/maven2/org/apache/maven/surefire/maven-surefire-common/2.12.4/maven-surefire-common-2.12.4.jar
[INFO] Downloading: http://repo.maven.apache.org/maven2/org/apache/commons/commons-lang3/3.1/commons-lang3-3.1.jar
[INFO] Downloading: http://repo.maven.apache.org/maven2/org/apache/maven/shared/maven-common-artifact-filters/1.3/maven-common-artifact-filters-1.3.jar
[INFO] Downloaded: http://repo.maven.apache.org/maven2/org/apache/maven/surefire/surefire-api/2.12.4/surefire-api-2.12.4.jar (115 KB at 4784.5 KB/sec)
[INFO] Downloading: http://repo.maven.apache.org/maven2/org/codehaus/plexus/plexus-utils/3.0.8/plexus-utils-3.0.8.jar
[INFO] Downloaded: http://repo.maven.apache.org/maven2/org/apache/maven/surefire/surefire-booter/2.12.4/surefire-booter-2.12.4.jar (34 KB at 1302.7 KB/sec)
[INFO] Downloading: http://repo.maven.apache.org/maven2/org/apache/maven/plugin-tools/maven-plugin-annotations/3.1/maven-plugin-annotations-3.1.jar
[INFO] Downloaded: http://repo.maven.apache.org/maven2/org/apache/maven/shared/maven-common-artifact-filters/1.3/maven-common-artifact-filters-1.3.jar (31 KB at 1213.2 KB/sec)
[INFO] Downloaded: http://repo.maven.apache.org/maven2/org/apache/maven/surefire/maven-surefire-common/2.12.4/maven-surefire-common-2.12.4.jar (257 KB at 8014.8 KB/sec)
[INFO] Downloaded: http://repo.maven.apache.org/maven2/org/apache/commons/commons-lang3/3.1/commons-lang3-3.1.jar (309 KB at 7009.2 KB/sec)
[INFO] Downloaded: http://repo.maven.apache.org/maven2/org/apache/maven/plugin-tools/maven-plugin-annotations/3.1/maven-plugin-annotations-3.1.jar (14 KB at 684.7 KB/sec)
[INFO] Downloaded: http://repo.maven.apache.org/maven2/org/codehaus/plexus/plexus-utils/3.0.8/plexus-utils-3.0.8.jar (227 KB at 4353.6 KB/sec)
[INFO] Tests are skipped.
[INFO] 
[INFO] --- maven-jar-plugin:2.4:jar (default-jar) @ retrofit ---
[INFO] Downloading: http://repo.maven.apache.org/maven2/org/apache/maven/maven-archiver/2.5/maven-archiver-2.5.pom
[INFO] Downloaded: http://repo.maven.apache.org/maven2/org/apache/maven/maven-archiver/2.5/maven-archiver-2.5.pom (5 KB at 221.6 KB/sec)
[INFO] Downloading: http://repo.maven.apache.org/maven2/org/codehaus/plexus/plexus-archiver/2.1/plexus-archiver-2.1.pom
[INFO] Downloaded: http://repo.maven.apache.org/maven2/org/codehaus/plexus/plexus-archiver/2.1/plexus-archiver-2.1.pom (3 KB at 137.2 KB/sec)
[INFO] Downloading: http://repo.maven.apache.org/maven2/org/codehaus/plexus/plexus-utils/3.0/plexus-utils-3.0.pom
[INFO] Downloaded: http://repo.maven.apache.org/maven2/org/codehaus/plexus/plexus-utils/3.0/plexus-utils-3.0.pom (4 KB at 209.0 KB/sec)
[INFO] Downloading: http://repo.maven.apache.org/maven2/org/sonatype/spice/spice-parent/16/spice-parent-16.pom
[INFO] Downloaded: http://repo.maven.apache.org/maven2/org/sonatype/spice/spice-parent/16/spice-parent-16.pom (9 KB at 371.0 KB/sec)
[INFO] Downloading: http://repo.maven.apache.org/maven2/org/sonatype/forge/forge-parent/5/forge-parent-5.pom
[INFO] Downloaded: http://repo.maven.apache.org/maven2/org/sonatype/forge/forge-parent/5/forge-parent-5.pom (9 KB at 429.8 KB/sec)
[INFO] Downloading: http://repo.maven.apache.org/maven2/org/codehaus/plexus/plexus-io/2.0.2/plexus-io-2.0.2.pom
[INFO] Downloaded: http://repo.maven.apache.org/maven2/org/codehaus/plexus/plexus-io/2.0.2/plexus-io-2.0.2.pom (2 KB at 84.6 KB/sec)
[INFO] Downloading: http://repo.maven.apache.org/maven2/org/codehaus/plexus/plexus-components/1.1.19/plexus-components-1.1.19.pom
[INFO] Downloaded: http://repo.maven.apache.org/maven2/org/codehaus/plexus/plexus-components/1.1.19/plexus-components-1.1.19.pom (3 KB at 138.7 KB/sec)
[INFO] Downloading: http://repo.maven.apache.org/maven2/org/codehaus/plexus/plexus/3.0.1/plexus-3.0.1.pom
[INFO] Downloaded: http://repo.maven.apache.org/maven2/org/codehaus/plexus/plexus/3.0.1/plexus-3.0.1.pom (19 KB at 865.6 KB/sec)
[INFO] Downloading: http://repo.maven.apache.org/maven2/org/codehaus/plexus/plexus-interpolation/1.15/plexus-interpolation-1.15.pom
[INFO] Downloaded: http://repo.maven.apache.org/maven2/org/codehaus/plexus/plexus-interpolation/1.15/plexus-interpolation-1.15.pom (1018 B at 49.7 KB/sec)
[INFO] Downloading: http://repo.maven.apache.org/maven2/org/apache/maven/maven-archiver/2.5/maven-archiver-2.5.jar
[INFO] Downloading: http://repo.maven.apache.org/maven2/org/codehaus/plexus/plexus-interpolation/1.15/plexus-interpolation-1.15.jar
[INFO] Downloading: http://repo.maven.apache.org/maven2/org/codehaus/plexus/plexus-archiver/2.1/plexus-archiver-2.1.jar
[INFO] Downloading: http://repo.maven.apache.org/maven2/org/codehaus/plexus/plexus-io/2.0.2/plexus-io-2.0.2.jar
[INFO] Downloading: http://repo.maven.apache.org/maven2/org/codehaus/plexus/plexus-utils/3.0/plexus-utils-3.0.jar
[INFO] Downloaded: http://repo.maven.apache.org/maven2/org/apache/maven/maven-archiver/2.5/maven-archiver-2.5.jar (22 KB at 1014.4 KB/sec)
[INFO] Downloaded: http://repo.maven.apache.org/maven2/org/codehaus/plexus/plexus-io/2.0.2/plexus-io-2.0.2.jar (57 KB at 2370.8 KB/sec)
[INFO] Downloaded: http://repo.maven.apache.org/maven2/org/codehaus/plexus/plexus-archiver/2.1/plexus-archiver-2.1.jar (181 KB at 6432.7 KB/sec)
[INFO] Downloaded: http://repo.maven.apache.org/maven2/org/codehaus/plexus/plexus-interpolation/1.15/plexus-interpolation-1.15.jar (60 KB at 2036.4 KB/sec)
[INFO] Downloaded: http://repo.maven.apache.org/maven2/org/codehaus/plexus/plexus-utils/3.0/plexus-utils-3.0.jar (221 KB at 7121.7 KB/sec)
[INFO] Building jar: /home/travis/build/square/retrofit/retrofit/target/retrofit-1.5.2-SNAPSHOT.jar
[INFO] 
[INFO] --- maven-checkstyle-plugin:2.9.1:checkstyle (default) @ retrofit ---
[INFO] Starting audit...
Audit done.

[WARNING] Unable to locate Source XRef to link to - DISABLED
[INFO] 
[INFO] --- maven-install-plugin:2.4:install (default-install) @ retrofit ---
[INFO] Installing /home/travis/build/square/retrofit/retrofit/target/retrofit-1.5.2-SNAPSHOT.jar to /home/travis/.m2/repository/com/squareup/retrofit/retrofit/1.5.2-SNAPSHOT/retrofit-1.5.2-SNAPSHOT.jar
[INFO] Installing /home/travis/build/square/retrofit/retrofit/pom.xml to /home/travis/.m2/repository/com/squareup/retrofit/retrofit/1.5.2-SNAPSHOT/retrofit-1.5.2-SNAPSHOT.pom
[INFO]                                                                         
[INFO] ------------------------------------------------------------------------
[INFO] Building Converters 1.5.2-SNAPSHOT
[INFO] ------------------------------------------------------------------------
[INFO] 
[INFO] --- maven-enforcer-plugin:1.0:enforce (enforce-maven) @ retrofit-converters ---
[INFO] 
[INFO] --- maven-checkstyle-plugin:2.9.1:checkstyle (default) @ retrofit-converters ---
[INFO] 
[INFO] --- maven-install-plugin:2.4:install (default-install) @ retrofit-converters ---
[INFO] Installing /home/travis/build/square/retrofit/retrofit-converters/pom.xml to /home/travis/.m2/repository/com/squareup/retrofit/retrofit-converters/1.5.2-SNAPSHOT/retrofit-converters-1.5.2-SNAPSHOT.pom
[INFO]                                                                         
[INFO] ------------------------------------------------------------------------
[INFO] Building Converter: Protocol Buffers 1.5.2-SNAPSHOT
[INFO] ------------------------------------------------------------------------
[INFO] Downloading: https://oss.sonatype.org/content/repositories/releases/com/google/protobuf/protobuf-java/2.5.0/protobuf-java-2.5.0.pom
[INFO] Downloading: https://repository.apache.org/releases/com/google/protobuf/protobuf-java/2.5.0/protobuf-java-2.5.0.pom
[INFO] Downloading: http://repo.maven.apache.org/maven2/com/google/protobuf/protobuf-java/2.5.0/protobuf-java-2.5.0.pom
[INFO] Downloaded: http://repo.maven.apache.org/maven2/com/google/protobuf/protobuf-java/2.5.0/protobuf-java-2.5.0.pom (9 KB at 408.9 KB/sec)
[INFO] Downloading: https://oss.sonatype.org/content/repositories/releases/com/google/protobuf/protobuf-java/2.5.0/protobuf-java-2.5.0.jar
[INFO] Downloading: https://repository.apache.org/releases/com/google/protobuf/protobuf-java/2.5.0/protobuf-java-2.5.0.jar
[INFO] Downloading: http://repo.maven.apache.org/maven2/com/google/protobuf/protobuf-java/2.5.0/protobuf-java-2.5.0.jar
[INFO] Downloaded: http://repo.maven.apache.org/maven2/com/google/protobuf/protobuf-java/2.5.0/protobuf-java-2.5.0.jar (521 KB at 13709.3 KB/sec)
[INFO] 
[INFO] --- maven-enforcer-plugin:1.0:enforce (enforce-maven) @ converter-protobuf ---
[INFO] 
[INFO] --- maven-resources-plugin:2.6:resources (default-resources) @ converter-protobuf ---
[INFO] Using 'UTF-8' encoding to copy filtered resources.
[INFO] skip non existing resourceDirectory /home/travis/build/square/retrofit/retrofit-converters/protobuf/src/main/resources
[INFO] 
[INFO] --- maven-compiler-plugin:3.0:compile (default-compile) @ converter-protobuf ---
[INFO] Changes detected - recompiling the module!
[INFO] Compiling 1 source file to /home/travis/build/square/retrofit/retrofit-converters/protobuf/target/classes
[INFO] 
[INFO] --- maven-resources-plugin:2.6:testResources (default-testResources) @ converter-protobuf ---
[INFO] Using 'UTF-8' encoding to copy filtered resources.
[INFO] skip non existing resourceDirectory /home/travis/build/square/retrofit/retrofit-converters/protobuf/src/test/resources
[INFO] 
[INFO] --- maven-compiler-plugin:3.0:testCompile (default-testCompile) @ converter-protobuf ---
[INFO] Changes detected - recompiling the module!
[INFO] Compiling 2 source files to /home/travis/build/square/retrofit/retrofit-converters/protobuf/target/test-classes
[INFO] 
[INFO] --- maven-surefire-plugin:2.12.4:test (default-test) @ converter-protobuf ---
[INFO] Tests are skipped.
[INFO] 
[INFO] --- maven-jar-plugin:2.4:jar (default-jar) @ converter-protobuf ---
[INFO] Building jar: /home/travis/build/square/retrofit/retrofit-converters/protobuf/target/converter-protobuf-1.5.2-SNAPSHOT.jar
[INFO] 
[INFO] --- maven-checkstyle-plugin:2.9.1:checkstyle (default) @ converter-protobuf ---
[INFO] Starting audit...
Audit done.

[WARNING] Unable to locate Source XRef to link to - DISABLED
[INFO] 
[INFO] --- maven-install-plugin:2.4:install (default-install) @ converter-protobuf ---
[INFO] Installing /home/travis/build/square/retrofit/retrofit-converters/protobuf/target/converter-protobuf-1.5.2-SNAPSHOT.jar to /home/travis/.m2/repository/com/squareup/retrofit/converter-protobuf/1.5.2-SNAPSHOT/converter-protobuf-1.5.2-SNAPSHOT.jar
[INFO] Installing /home/travis/build/square/retrofit/retrofit-converters/protobuf/pom.xml to /home/travis/.m2/repository/com/squareup/retrofit/converter-protobuf/1.5.2-SNAPSHOT/converter-protobuf-1.5.2-SNAPSHOT.pom
[INFO]                                                                         
[INFO] ------------------------------------------------------------------------
[INFO] Building Converter: Jackson 1.5.2-SNAPSHOT
[INFO] ------------------------------------------------------------------------
[INFO] Downloading: https://oss.sonatype.org/content/repositories/releases/com/fasterxml/jackson/core/jackson-databind/2.3.1/jackson-databind-2.3.1.pom
[INFO] Downloaded: https://oss.sonatype.org/content/repositories/releases/com/fasterxml/jackson/core/jackson-databind/2.3.1/jackson-databind-2.3.1.pom (6 KB at 22.2 KB/sec)
[INFO] Downloading: https://repository.apache.org/releases/com/fasterxml/jackson/core/jackson-databind/2.3.1/jackson-databind-2.3.1.pom
[INFO] Downloading: https://oss.sonatype.org/content/repositories/releases/com/fasterxml/oss-parent/12/oss-parent-12.pom
[INFO] Downloaded: https://oss.sonatype.org/content/repositories/releases/com/fasterxml/oss-parent/12/oss-parent-12.pom (23 KB at 201.8 KB/sec)
[INFO] Downloading: https://repository.apache.org/releases/com/fasterxml/oss-parent/12/oss-parent-12.pom
[INFO] Downloading: https://oss.sonatype.org/content/repositories/releases/com/fasterxml/jackson/core/jackson-annotations/2.3.0/jackson-annotations-2.3.0.pom
[INFO] Downloaded: https://oss.sonatype.org/content/repositories/releases/com/fasterxml/jackson/core/jackson-annotations/2.3.0/jackson-annotations-2.3.0.pom (2 KB at 16.8 KB/sec)
[INFO] Downloading: https://repository.apache.org/releases/com/fasterxml/jackson/core/jackson-annotations/2.3.0/jackson-annotations-2.3.0.pom
[INFO] Downloading: https://oss.sonatype.org/content/repositories/releases/com/fasterxml/oss-parent/11/oss-parent-11.pom
[INFO] Downloaded: https://oss.sonatype.org/content/repositories/releases/com/fasterxml/oss-parent/11/oss-parent-11.pom (23 KB at 198.6 KB/sec)
[INFO] Downloading: https://repository.apache.org/releases/com/fasterxml/oss-parent/11/oss-parent-11.pom
[INFO] Downloading: https://oss.sonatype.org/content/repositories/releases/com/fasterxml/jackson/core/jackson-core/2.3.1/jackson-core-2.3.1.pom
[INFO] Downloaded: https://oss.sonatype.org/content/repositories/releases/com/fasterxml/jackson/core/jackson-core/2.3.1/jackson-core-2.3.1.pom (6 KB at 80.9 KB/sec)
[INFO] Downloading: https://repository.apache.org/releases/com/fasterxml/jackson/core/jackson-core/2.3.1/jackson-core-2.3.1.pom
[INFO] Downloading: https://oss.sonatype.org/content/repositories/releases/com/fasterxml/jackson/core/jackson-databind/2.3.1/jackson-databind-2.3.1.jar
[INFO] Downloading: https://oss.sonatype.org/content/repositories/releases/com/fasterxml/jackson/core/jackson-annotations/2.3.0/jackson-annotations-2.3.0.jar
[INFO] Downloading: https://oss.sonatype.org/content/repositories/releases/com/fasterxml/jackson/core/jackson-core/2.3.1/jackson-core-2.3.1.jar
[INFO] Downloaded: https://oss.sonatype.org/content/repositories/releases/com/fasterxml/jackson/core/jackson-annotations/2.3.0/jackson-annotations-2.3.0.jar (35 KB at 125.4 KB/sec)
[INFO] Downloaded: https://oss.sonatype.org/content/repositories/releases/com/fasterxml/jackson/core/jackson-databind/2.3.1/jackson-databind-2.3.1.jar (893 KB at 2466.5 KB/sec)
[INFO] Downloaded: https://oss.sonatype.org/content/repositories/releases/com/fasterxml/jackson/core/jackson-core/2.3.1/jackson-core-2.3.1.jar (194 KB at 503.5 KB/sec)
[INFO] Downloading: https://repository.apache.org/releases/com/fasterxml/jackson/core/jackson-databind/2.3.1/jackson-databind-2.3.1.jar
[INFO] Downloading: https://repository.apache.org/releases/com/fasterxml/jackson/core/jackson-annotations/2.3.0/jackson-annotations-2.3.0.jar
[INFO] Downloading: https://repository.apache.org/releases/com/fasterxml/jackson/core/jackson-core/2.3.1/jackson-core-2.3.1.jar
[INFO] 
[INFO] --- maven-enforcer-plugin:1.0:enforce (enforce-maven) @ converter-jackson ---
[INFO] 
[INFO] --- maven-resources-plugin:2.6:resources (default-resources) @ converter-jackson ---
[INFO] Using 'UTF-8' encoding to copy filtered resources.
[INFO] skip non existing resourceDirectory /home/travis/build/square/retrofit/retrofit-converters/jackson/src/main/resources
[INFO] 
[INFO] --- maven-compiler-plugin:3.0:compile (default-compile) @ converter-jackson ---
[INFO] Changes detected - recompiling the module!
[INFO] Compiling 1 source file to /home/travis/build/square/retrofit/retrofit-converters/jackson/target/classes
[INFO] 
[INFO] --- maven-resources-plugin:2.6:testResources (default-testResources) @ converter-jackson ---
[INFO] Using 'UTF-8' encoding to copy filtered resources.
[INFO] skip non existing resourceDirectory /home/travis/build/square/retrofit/retrofit-converters/jackson/src/test/resources
[INFO] 
[INFO] --- maven-compiler-plugin:3.0:testCompile (default-testCompile) @ converter-jackson ---
[INFO] Changes detected - recompiling the module!
[INFO] Compiling 1 source file to /home/travis/build/square/retrofit/retrofit-converters/jackson/target/test-classes
[INFO] 
[INFO] --- maven-surefire-plugin:2.12.4:test (default-test) @ converter-jackson ---
[INFO] Tests are skipped.
[INFO] 
[INFO] --- maven-jar-plugin:2.4:jar (default-jar) @ converter-jackson ---
[INFO] Building jar: /home/travis/build/square/retrofit/retrofit-converters/jackson/target/converter-jackson-1.5.2-SNAPSHOT.jar
[INFO] 
[INFO] --- maven-checkstyle-plugin:2.9.1:checkstyle (default) @ converter-jackson ---
[INFO] Starting audit...
Audit done.

[WARNING] Unable to locate Source XRef to link to - DISABLED
[INFO] 
[INFO] --- maven-install-plugin:2.4:install (default-install) @ converter-jackson ---
[INFO] Installing /home/travis/build/square/retrofit/retrofit-converters/jackson/target/converter-jackson-1.5.2-SNAPSHOT.jar to /home/travis/.m2/repository/com/squareup/retrofit/converter-jackson/1.5.2-SNAPSHOT/converter-jackson-1.5.2-SNAPSHOT.jar
[INFO] Installing /home/travis/build/square/retrofit/retrofit-converters/jackson/pom.xml to /home/travis/.m2/repository/com/squareup/retrofit/converter-jackson/1.5.2-SNAPSHOT/converter-jackson-1.5.2-SNAPSHOT.pom
[INFO]                                                                         
[INFO] ------------------------------------------------------------------------
[INFO] Building Converter: Wire Protocol Buffers 1.5.2-SNAPSHOT
[INFO] ------------------------------------------------------------------------
[INFO] Downloading: https://oss.sonatype.org/content/repositories/releases/com/squareup/wire/wire-runtime/1.2.0/wire-runtime-1.2.0.pom
[INFO] Downloaded: https://oss.sonatype.org/content/repositories/releases/com/squareup/wire/wire-runtime/1.2.0/wire-runtime-1.2.0.pom (668 B at 9.1 KB/sec)
[INFO] Downloading: https://repository.apache.org/releases/com/squareup/wire/wire-runtime/1.2.0/wire-runtime-1.2.0.pom
[INFO] Downloading: https://oss.sonatype.org/content/repositories/releases/com/squareup/wire/wire/1.2.0/wire-1.2.0.pom
[INFO] Downloaded: https://oss.sonatype.org/content/repositories/releases/com/squareup/wire/wire/1.2.0/wire-1.2.0.pom (4 KB at 49.0 KB/sec)
[INFO] Downloading: https://repository.apache.org/releases/com/squareup/wire/wire/1.2.0/wire-1.2.0.pom
[INFO] Downloading: https://oss.sonatype.org/content/repositories/releases/com/squareup/wire/wire-runtime/1.2.0/wire-runtime-1.2.0.jar
[INFO] Downloaded: https://oss.sonatype.org/content/repositories/releases/com/squareup/wire/wire-runtime/1.2.0/wire-runtime-1.2.0.jar (66 KB at 412.9 KB/sec)
[INFO] Downloading: https://repository.apache.org/releases/com/squareup/wire/wire-runtime/1.2.0/wire-runtime-1.2.0.jar
[INFO] 
[INFO] --- maven-enforcer-plugin:1.0:enforce (enforce-maven) @ converter-wire ---
[INFO] 
[INFO] --- maven-resources-plugin:2.6:resources (default-resources) @ converter-wire ---
[INFO] Using 'UTF-8' encoding to copy filtered resources.
[INFO] skip non existing resourceDirectory /home/travis/build/square/retrofit/retrofit-converters/wire/src/main/resources
[INFO] 
[INFO] --- maven-compiler-plugin:3.0:compile (default-compile) @ converter-wire ---
[INFO] Changes detected - recompiling the module!
[INFO] Compiling 1 source file to /home/travis/build/square/retrofit/retrofit-converters/wire/target/classes
[INFO] 
[INFO] --- maven-resources-plugin:2.6:testResources (default-testResources) @ converter-wire ---
[INFO] Using 'UTF-8' encoding to copy filtered resources.
[INFO] skip non existing resourceDirectory /home/travis/build/square/retrofit/retrofit-converters/wire/src/test/resources
[INFO] 
[INFO] --- maven-compiler-plugin:3.0:testCompile (default-testCompile) @ converter-wire ---
[INFO] Changes detected - recompiling the module!
[INFO] Compiling 2 source files to /home/travis/build/square/retrofit/retrofit-converters/wire/target/test-classes
[INFO] 
[INFO] --- maven-surefire-plugin:2.12.4:test (default-test) @ converter-wire ---
[INFO] Tests are skipped.
[INFO] 
[INFO] --- maven-jar-plugin:2.4:jar (default-jar) @ converter-wire ---
[INFO] Building jar: /home/travis/build/square/retrofit/retrofit-converters/wire/target/converter-wire-1.5.2-SNAPSHOT.jar
[INFO] 
[INFO] --- maven-checkstyle-plugin:2.9.1:checkstyle (default) @ converter-wire ---
[INFO] Starting audit...
Audit done.

[WARNING] Unable to locate Source XRef to link to - DISABLED
[INFO] 
[INFO] --- maven-install-plugin:2.4:install (default-install) @ converter-wire ---
[INFO] Installing /home/travis/build/square/retrofit/retrofit-converters/wire/target/converter-wire-1.5.2-SNAPSHOT.jar to /home/travis/.m2/repository/com/squareup/retrofit/converter-wire/1.5.2-SNAPSHOT/converter-wire-1.5.2-SNAPSHOT.jar
[INFO] Installing /home/travis/build/square/retrofit/retrofit-converters/wire/pom.xml to /home/travis/.m2/repository/com/squareup/retrofit/converter-wire/1.5.2-SNAPSHOT/converter-wire-1.5.2-SNAPSHOT.pom
[INFO]                                                                         
[INFO] ------------------------------------------------------------------------
[INFO] Building Converter: SimpleXML 1.5.2-SNAPSHOT
[INFO] ------------------------------------------------------------------------
[INFO] Downloading: https://oss.sonatype.org/content/repositories/releases/org/simpleframework/simple-xml/2.7.1/simple-xml-2.7.1.pom
[INFO] Downloaded: https://oss.sonatype.org/content/repositories/releases/org/simpleframework/simple-xml/2.7.1/simple-xml-2.7.1.pom (4 KB at 43.5 KB/sec)
[INFO] Downloading: https://repository.apache.org/releases/org/simpleframework/simple-xml/2.7.1/simple-xml-2.7.1.pom
[INFO] Downloading: https://oss.sonatype.org/content/repositories/releases/stax/stax-api/1.0.1/stax-api-1.0.1.pom
[INFO] Downloading: https://repository.apache.org/releases/stax/stax-api/1.0.1/stax-api-1.0.1.pom
[INFO] Downloading: http://repo.maven.apache.org/maven2/stax/stax-api/1.0.1/stax-api-1.0.1.pom
[INFO] Downloaded: http://repo.maven.apache.org/maven2/stax/stax-api/1.0.1/stax-api-1.0.1.pom (2 KB at 74.5 KB/sec)
[INFO] Downloading: https://oss.sonatype.org/content/repositories/releases/stax/stax/1.2.0/stax-1.2.0.pom
[INFO] Downloading: https://repository.apache.org/releases/stax/stax/1.2.0/stax-1.2.0.pom
[INFO] Downloading: http://repo.maven.apache.org/maven2/stax/stax/1.2.0/stax-1.2.0.pom
[INFO] Downloaded: http://repo.maven.apache.org/maven2/stax/stax/1.2.0/stax-1.2.0.pom (4 KB at 170.6 KB/sec)
[INFO] Downloading: https://oss.sonatype.org/content/repositories/releases/xpp3/xpp3/1.1.3.3/xpp3-1.1.3.3.pom
[INFO] Downloading: https://repository.apache.org/releases/xpp3/xpp3/1.1.3.3/xpp3-1.1.3.3.pom
[INFO] Downloading: http://repo.maven.apache.org/maven2/xpp3/xpp3/1.1.3.3/xpp3-1.1.3.3.pom
[INFO] Downloaded: http://repo.maven.apache.org/maven2/xpp3/xpp3/1.1.3.3/xpp3-1.1.3.3.pom (145 B at 6.7 KB/sec)
[INFO] Downloading: https://oss.sonatype.org/content/repositories/releases/org/simpleframework/simple-xml/2.7.1/simple-xml-2.7.1.jar
[INFO] Downloading: https://oss.sonatype.org/content/repositories/releases/stax/stax-api/1.0.1/stax-api-1.0.1.jar
[INFO] Downloading: https://oss.sonatype.org/content/repositories/releases/stax/stax/1.2.0/stax-1.2.0.jar
[INFO] Downloading: https://oss.sonatype.org/content/repositories/releases/xpp3/xpp3/1.1.3.3/xpp3-1.1.3.3.jar
[INFO] Downloaded: https://oss.sonatype.org/content/repositories/releases/org/simpleframework/simple-xml/2.7.1/simple-xml-2.7.1.jar (404 KB at 869.6 KB/sec)
[INFO] Downloading: https://repository.apache.org/releases/org/simpleframework/simple-xml/2.7.1/simple-xml-2.7.1.jar
[INFO] Downloading: https://repository.apache.org/releases/stax/stax-api/1.0.1/stax-api-1.0.1.jar
[INFO] Downloading: https://repository.apache.org/releases/stax/stax/1.2.0/stax-1.2.0.jar
[INFO] Downloading: https://repository.apache.org/releases/xpp3/xpp3/1.1.3.3/xpp3-1.1.3.3.jar
[INFO] Downloading: http://repo.maven.apache.org/maven2/stax/stax-api/1.0.1/stax-api-1.0.1.jar
[INFO] Downloading: http://repo.maven.apache.org/maven2/stax/stax/1.2.0/stax-1.2.0.jar
[INFO] Downloading: http://repo.maven.apache.org/maven2/xpp3/xpp3/1.1.3.3/xpp3-1.1.3.3.jar
[INFO] Downloaded: http://repo.maven.apache.org/maven2/xpp3/xpp3/1.1.3.3/xpp3-1.1.3.3.jar (92 KB at 5067.0 KB/sec)
[INFO] Downloaded: http://repo.maven.apache.org/maven2/stax/stax/1.2.0/stax-1.2.0.jar (176 KB at 9218.0 KB/sec)
[INFO] Downloaded: http://repo.maven.apache.org/maven2/stax/stax-api/1.0.1/stax-api-1.0.1.jar (26 KB at 1233.0 KB/sec)
[INFO] 
[INFO] --- maven-enforcer-plugin:1.0:enforce (enforce-maven) @ converter-simplexml ---
[INFO] 
[INFO] --- maven-resources-plugin:2.6:resources (default-resources) @ converter-simplexml ---
[INFO] Using 'UTF-8' encoding to copy filtered resources.
[INFO] skip non existing resourceDirectory /home/travis/build/square/retrofit/retrofit-converters/simplexml/src/main/resources
[INFO] 
[INFO] --- maven-compiler-plugin:3.0:compile (default-compile) @ converter-simplexml ---
[INFO] Changes detected - recompiling the module!
[INFO] Compiling 1 source file to /home/travis/build/square/retrofit/retrofit-converters/simplexml/target/classes
[INFO] 
[INFO] --- maven-resources-plugin:2.6:testResources (default-testResources) @ converter-simplexml ---
[INFO] Using 'UTF-8' encoding to copy filtered resources.
[INFO] skip non existing resourceDirectory /home/travis/build/square/retrofit/retrofit-converters/simplexml/src/test/resources
[INFO] 
[INFO] --- maven-compiler-plugin:3.0:testCompile (default-testCompile) @ converter-simplexml ---
[INFO] Changes detected - recompiling the module!
[INFO] Compiling 1 source file to /home/travis/build/square/retrofit/retrofit-converters/simplexml/target/test-classes
[INFO] 
[INFO] --- maven-surefire-plugin:2.12.4:test (default-test) @ converter-simplexml ---
[INFO] Tests are skipped.
[INFO] 
[INFO] --- maven-jar-plugin:2.4:jar (default-jar) @ converter-simplexml ---
[INFO] Building jar: /home/travis/build/square/retrofit/retrofit-converters/simplexml/target/converter-simplexml-1.5.2-SNAPSHOT.jar
[INFO] 
[INFO] --- maven-checkstyle-plugin:2.9.1:checkstyle (default) @ converter-simplexml ---
[INFO] Starting audit...
Audit done.

[WARNING] Unable to locate Source XRef to link to - DISABLED
[INFO] 
[INFO] --- maven-install-plugin:2.4:install (default-install) @ converter-simplexml ---
[INFO] Installing /home/travis/build/square/retrofit/retrofit-converters/simplexml/target/converter-simplexml-1.5.2-SNAPSHOT.jar to /home/travis/.m2/repository/com/squareup/retrofit/converter-simplexml/1.5.2-SNAPSHOT/converter-simplexml-1.5.2-SNAPSHOT.jar
[INFO] Installing /home/travis/build/square/retrofit/retrofit-converters/simplexml/pom.xml to /home/travis/.m2/repository/com/squareup/retrofit/converter-simplexml/1.5.2-SNAPSHOT/converter-simplexml-1.5.2-SNAPSHOT.pom
[INFO]                                                                         
[INFO] ------------------------------------------------------------------------
[INFO] Building Retrofit Mock Adapter 1.5.2-SNAPSHOT
[INFO] ------------------------------------------------------------------------
[INFO] 
[INFO] --- maven-enforcer-plugin:1.0:enforce (enforce-maven) @ retrofit-mock ---
[INFO] 
[INFO] --- maven-resources-plugin:2.6:resources (default-resources) @ retrofit-mock ---
[INFO] Using 'UTF-8' encoding to copy filtered resources.
[INFO] skip non existing resourceDirectory /home/travis/build/square/retrofit/retrofit-mock/src/main/resources
[INFO] 
[INFO] --- maven-compiler-plugin:3.0:compile (default-compile) @ retrofit-mock ---
[INFO] Changes detected - recompiling the module!
[INFO] Compiling 5 source files to /home/travis/build/square/retrofit/retrofit-mock/target/classes
[WARNING] /home/travis/build/square/retrofit/retrofit-mock/src/main/java/retrofit/MockRestAdapter.java: /home/travis/build/square/retrofit/retrofit-mock/src/main/java/retrofit/MockRestAdapter.java uses unchecked or unsafe operations.
[WARNING] /home/travis/build/square/retrofit/retrofit-mock/src/main/java/retrofit/MockRestAdapter.java: Recompile with -Xlint:unchecked for details.
[INFO] 
[INFO] --- maven-resources-plugin:2.6:testResources (default-testResources) @ retrofit-mock ---
[INFO] Using 'UTF-8' encoding to copy filtered resources.
[INFO] skip non existing resourceDirectory /home/travis/build/square/retrofit/retrofit-mock/src/test/resources
[INFO] 
[INFO] --- maven-compiler-plugin:3.0:testCompile (default-testCompile) @ retrofit-mock ---
[INFO] Changes detected - recompiling the module!
[INFO] Compiling 1 source file to /home/travis/build/square/retrofit/retrofit-mock/target/test-classes
[INFO] 
[INFO] --- maven-surefire-plugin:2.12.4:test (default-test) @ retrofit-mock ---
[INFO] Tests are skipped.
[INFO] 
[INFO] --- maven-jar-plugin:2.4:jar (default-jar) @ retrofit-mock ---
[INFO] Building jar: /home/travis/build/square/retrofit/retrofit-mock/target/retrofit-mock-1.5.2-SNAPSHOT.jar
[INFO] 
[INFO] --- maven-checkstyle-plugin:2.9.1:checkstyle (default) @ retrofit-mock ---
[INFO] Starting audit...
Audit done.

[WARNING] Unable to locate Source XRef to link to - DISABLED
[INFO] 
[INFO] --- maven-install-plugin:2.4:install (default-install) @ retrofit-mock ---
[INFO] Installing /home/travis/build/square/retrofit/retrofit-mock/target/retrofit-mock-1.5.2-SNAPSHOT.jar to /home/travis/.m2/repository/com/squareup/retrofit/retrofit-mock/1.5.2-SNAPSHOT/retrofit-mock-1.5.2-SNAPSHOT.jar
[INFO] Installing /home/travis/build/square/retrofit/retrofit-mock/pom.xml to /home/travis/.m2/repository/com/squareup/retrofit/retrofit-mock/1.5.2-SNAPSHOT/retrofit-mock-1.5.2-SNAPSHOT.pom
[INFO]                                                                         
[INFO] ------------------------------------------------------------------------
[INFO] Building Samples 1.5.2-SNAPSHOT
[INFO] ------------------------------------------------------------------------
[INFO] 
[INFO] --- maven-enforcer-plugin:1.0:enforce (enforce-maven) @ parent ---
[INFO] 
[INFO] --- maven-checkstyle-plugin:2.9.1:checkstyle (default) @ parent ---
[INFO] 
[INFO] --- maven-install-plugin:2.4:install (default-install) @ parent ---
[INFO] Installing /home/travis/build/square/retrofit/retrofit-samples/pom.xml to /home/travis/.m2/repository/com/squareup/retrofit/samples/parent/1.5.2-SNAPSHOT/parent-1.5.2-SNAPSHOT.pom
[INFO]                                                                         
[INFO] ------------------------------------------------------------------------
[INFO] Building Sample: GitHub Client 1.5.2-SNAPSHOT
[INFO] ------------------------------------------------------------------------
[INFO] 
[INFO] --- maven-enforcer-plugin:1.0:enforce (enforce-maven) @ github-client ---
[INFO] 
[INFO] --- maven-resources-plugin:2.6:resources (default-resources) @ github-client ---
[INFO] Using 'UTF-8' encoding to copy filtered resources.
[INFO] skip non existing resourceDirectory /home/travis/build/square/retrofit/retrofit-samples/github-client/src/main/resources
[INFO] 
[INFO] --- maven-compiler-plugin:3.0:compile (default-compile) @ github-client ---
[INFO] Changes detected - recompiling the module!
[INFO] Compiling 1 source file to /home/travis/build/square/retrofit/retrofit-samples/github-client/target/classes
[INFO] 
[INFO] --- maven-resources-plugin:2.6:testResources (default-testResources) @ github-client ---
[INFO] Using 'UTF-8' encoding to copy filtered resources.
[INFO] skip non existing resourceDirectory /home/travis/build/square/retrofit/retrofit-samples/github-client/src/test/resources
[INFO] 
[INFO] --- maven-compiler-plugin:3.0:testCompile (default-testCompile) @ github-client ---
[INFO] No sources to compile
[INFO] 
[INFO] --- maven-surefire-plugin:2.12.4:test (default-test) @ github-client ---
[INFO] Tests are skipped.
[INFO] 
[INFO] --- maven-jar-plugin:2.4:jar (default-jar) @ github-client ---
[INFO] Building jar: /home/travis/build/square/retrofit/retrofit-samples/github-client/target/github-client-1.5.2-SNAPSHOT.jar
[INFO] 
[INFO] --- maven-checkstyle-plugin:2.9.1:checkstyle (default) @ github-client ---
[INFO] Starting audit...
Audit done.

[WARNING] Unable to locate Source XRef to link to - DISABLED
[INFO] 
[INFO] --- maven-install-plugin:2.4:install (default-install) @ github-client ---
[INFO] Installing /home/travis/build/square/retrofit/retrofit-samples/github-client/target/github-client-1.5.2-SNAPSHOT.jar to /home/travis/.m2/repository/com/squareup/retrofit/samples/github-client/1.5.2-SNAPSHOT/github-client-1.5.2-SNAPSHOT.jar
[INFO] Installing /home/travis/build/square/retrofit/retrofit-samples/github-client/pom.xml to /home/travis/.m2/repository/com/squareup/retrofit/samples/github-client/1.5.2-SNAPSHOT/github-client-1.5.2-SNAPSHOT.pom
[INFO]                                                                         
[INFO] ------------------------------------------------------------------------
[INFO] Building Sample: Mock GitHub Client 1.5.2-SNAPSHOT
[INFO] ------------------------------------------------------------------------
[INFO] 
[INFO] --- maven-enforcer-plugin:1.0:enforce (enforce-maven) @ mock-github-client ---
[INFO] 
[INFO] --- maven-resources-plugin:2.6:resources (default-resources) @ mock-github-client ---
[INFO] Using 'UTF-8' encoding to copy filtered resources.
[INFO] skip non existing resourceDirectory /home/travis/build/square/retrofit/retrofit-samples/mock-github-client/src/main/resources
[INFO] 
[INFO] --- maven-compiler-plugin:3.0:compile (default-compile) @ mock-github-client ---
[INFO] Changes detected - recompiling the module!
[INFO] Compiling 1 source file to /home/travis/build/square/retrofit/retrofit-samples/mock-github-client/target/classes
[INFO] 
[INFO] --- maven-resources-plugin:2.6:testResources (default-testResources) @ mock-github-client ---
[INFO] Using 'UTF-8' encoding to copy filtered resources.
[INFO] skip non existing resourceDirectory /home/travis/build/square/retrofit/retrofit-samples/mock-github-client/src/test/resources
[INFO] 
[INFO] --- maven-compiler-plugin:3.0:testCompile (default-testCompile) @ mock-github-client ---
[INFO] No sources to compile
[INFO] 
[INFO] --- maven-surefire-plugin:2.12.4:test (default-test) @ mock-github-client ---
[INFO] Tests are skipped.
[INFO] 
[INFO] --- maven-jar-plugin:2.4:jar (default-jar) @ mock-github-client ---
[INFO] Building jar: /home/travis/build/square/retrofit/retrofit-samples/mock-github-client/target/mock-github-client-1.5.2-SNAPSHOT.jar
[INFO] 
[INFO] --- maven-checkstyle-plugin:2.9.1:checkstyle (default) @ mock-github-client ---
[INFO] Starting audit...
Audit done.

[WARNING] Unable to locate Source XRef to link to - DISABLED
[INFO] 
[INFO] --- maven-install-plugin:2.4:install (default-install) @ mock-github-client ---
[INFO] Installing /home/travis/build/square/retrofit/retrofit-samples/mock-github-client/target/mock-github-client-1.5.2-SNAPSHOT.jar to /home/travis/.m2/repository/com/squareup/retrofit/samples/mock-github-client/1.5.2-SNAPSHOT/mock-github-client-1.5.2-SNAPSHOT.jar
[INFO] Installing /home/travis/build/square/retrofit/retrofit-samples/mock-github-client/pom.xml to /home/travis/.m2/repository/com/squareup/retrofit/samples/mock-github-client/1.5.2-SNAPSHOT/mock-github-client-1.5.2-SNAPSHOT.pom
[INFO] ------------------------------------------------------------------------
[INFO] Reactor Summary:
[INFO] 
[INFO] Retrofit (Parent) ................................. SUCCESS [  8.276 s]
[INFO] Retrofit .......................................... SUCCESS [ 23.840 s]
[INFO] Converters ........................................ SUCCESS [  0.018 s]
[INFO] Converter: Protocol Buffers ....................... SUCCESS [  1.994 s]
[INFO] Converter: Jackson ................................ SUCCESS [  3.166 s]
[INFO] Converter: Wire Protocol Buffers .................. SUCCESS [  1.641 s]
[INFO] Converter: SimpleXML .............................. SUCCESS [  2.567 s]
[INFO] Retrofit Mock Adapter ............................. SUCCESS [  0.796 s]
[INFO] Samples ........................................... SUCCESS [  0.015 s]
[INFO] Sample: GitHub Client ............................. SUCCESS [  0.426 s]
[INFO] Sample: Mock GitHub Client ........................ SUCCESS [  0.469 s]
[INFO] ------------------------------------------------------------------------
[INFO] BUILD SUCCESS
[INFO] ------------------------------------------------------------------------
[INFO] Total time: 43.762 s
[INFO] Finished at: 2014-05-31T06:16:35+00:00
[INFO] Final Memory: 34M/167M
[INFO] ------------------------------------------------------------------------
travis_fold:end:install$ mvn test -B
[INFO] Scanning for projects...
[INFO] ------------------------------------------------------------------------
[INFO] Reactor Build Order:
[INFO] 
[INFO] Retrofit (Parent)
[INFO] Retrofit
[INFO] Converters
[INFO] Converter: Protocol Buffers
[INFO] Converter: Jackson
[INFO] Converter: Wire Protocol Buffers
[INFO] Converter: SimpleXML
[INFO] Retrofit Mock Adapter
[INFO] Samples
[INFO] Sample: GitHub Client
[INFO] Sample: Mock GitHub Client
[INFO] 
[INFO] Using the builder org.apache.maven.lifecycle.internal.builder.singlethreaded.SingleThreadedBuilder with a thread count of 1
[INFO]                                                                         
[INFO] ------------------------------------------------------------------------
[INFO] Building Retrofit (Parent) 1.5.2-SNAPSHOT
[INFO] ------------------------------------------------------------------------
[INFO] 
[INFO] --- maven-enforcer-plugin:1.0:enforce (enforce-maven) @ parent ---
[INFO]                                                                         
[INFO] ------------------------------------------------------------------------
[INFO] Building Retrofit 1.5.2-SNAPSHOT
[INFO] ------------------------------------------------------------------------
[INFO] 
[INFO] --- maven-enforcer-plugin:1.0:enforce (enforce-maven) @ retrofit ---
[INFO] 
[INFO] --- maven-resources-plugin:2.6:resources (default-resources) @ retrofit ---
[INFO] Using 'UTF-8' encoding to copy filtered resources.
[INFO] skip non existing resourceDirectory /home/travis/build/square/retrofit/retrofit/src/main/resources
[INFO] 
[INFO] --- maven-compiler-plugin:3.0:compile (default-compile) @ retrofit ---
[INFO] Changes detected - recompiling the module!
[INFO] Compiling 66 source files to /home/travis/build/square/retrofit/retrofit/target/classes
[WARNING] /home/travis/build/square/retrofit/retrofit/src/main/java/retrofit/RestAdapter.java: /home/travis/build/square/retrofit/retrofit/src/main/java/retrofit/RestAdapter.java uses unchecked or unsafe operations.
[WARNING] /home/travis/build/square/retrofit/retrofit/src/main/java/retrofit/RestAdapter.java: Recompile with -Xlint:unchecked for details.
[INFO] 
[INFO] --- maven-resources-plugin:2.6:testResources (default-testResources) @ retrofit ---
[INFO] Using 'UTF-8' encoding to copy filtered resources.
[INFO] skip non existing resourceDirectory /home/travis/build/square/retrofit/retrofit/src/test/resources
[INFO] 
[INFO] --- maven-compiler-plugin:3.0:testCompile (default-testCompile) @ retrofit ---
[INFO] Changes detected - recompiling the module!
[INFO] Compiling 18 source files to /home/travis/build/square/retrofit/retrofit/target/test-classes
[WARNING] /home/travis/build/square/retrofit/retrofit/src/test/java/retrofit/CallbackRunnableTest.java: Some input files use unchecked or unsafe operations.
[WARNING] /home/travis/build/square/retrofit/retrofit/src/test/java/retrofit/CallbackRunnableTest.java: Recompile with -Xlint:unchecked for details.
[INFO] 
[INFO] --- maven-surefire-plugin:2.12.4:test (default-test) @ retrofit ---
[INFO] Surefire report directory: /home/travis/build/square/retrofit/retrofit/target/surefire-reports
[INFO] Downloading: http://repo.maven.apache.org/maven2/org/apache/maven/surefire/surefire-junit4/2.12.4/surefire-junit4-2.12.4.pom
[INFO] Downloaded: http://repo.maven.apache.org/maven2/org/apache/maven/surefire/surefire-junit4/2.12.4/surefire-junit4-2.12.4.pom (3 KB at 16.9 KB/sec)
[INFO] Downloading: http://repo.maven.apache.org/maven2/org/apache/maven/surefire/surefire-providers/2.12.4/surefire-providers-2.12.4.pom
[INFO] Downloaded: http://repo.maven.apache.org/maven2/org/apache/maven/surefire/surefire-providers/2.12.4/surefire-providers-2.12.4.pom (3 KB at 95.5 KB/sec)
[INFO] Downloading: http://repo.maven.apache.org/maven2/org/apache/maven/surefire/surefire-junit4/2.12.4/surefire-junit4-2.12.4.jar
[INFO] Downloaded: http://repo.maven.apache.org/maven2/org/apache/maven/surefire/surefire-junit4/2.12.4/surefire-junit4-2.12.4.jar (37 KB at 858.5 KB/sec)

-------------------------------------------------------
 T E S T S
-------------------------------------------------------
Running retrofit.appengine.UrlFetchClientTest
Tests run: 6, Failures: 0, Errors: 0, Skipped: 0, Time elapsed: 0.46 sec
Running retrofit.CallbackRunnableTest
Tests run: 2, Failures: 0, Errors: 0, Skipped: 0, Time elapsed: 0.103 sec
Running retrofit.RestAdapterTest
Tests run: 26, Failures: 0, Errors: 0, Skipped: 0, Time elapsed: 0.468 sec
Running retrofit.client.ClientIntegrationTest
---> HTTP POST http://testing-worker-linux-2-1-27152-linux-18-26438845:36875/post
Content-Type: application/json; charset=UTF-8
Content-Length: 18
["Hello","World!"]
---> END HTTP (18-byte body)
<--- HTTP 200 http://testing-worker-linux-2-1-27152-linux-18-26438845:36875/post (491ms)
Content-Length: 2

{}
<--- END HTTP (2-byte body)
May 31, 2014 6:16:47 AM com.squareup.okhttp.mockwebserver.MockWebServer$3 processOneRequest
INFO: Received request: POST /post HTTP/1.1 and responded: HTTP/1.1 200 OK
---> HTTP GET http://testing-worker-linux-2-1-27152-linux-18-26438845:59978/get
---> END HTTP (no body)
<--- HTTP 200 http://testing-worker-linux-2-1-27152-linux-18-26438845:59978/get (3ms)
Content-Length: 2

{}
<--- END HTTP (2-byte body)
May 31, 2014 6:16:47 AM com.squareup.okhttp.mockwebserver.MockWebServer$3 processOneRequest
INFO: Received request: GET /get HTTP/1.1 and responded: HTTP/1.1 200 OK
---> HTTP POST http://testing-worker-linux-2-1-27152-linux-18-26438845:58146/post
Content-Type: application/json; charset=UTF-8
Content-Length: 18
["Hello","World!"]
---> END HTTP (18-byte body)
May 31, 2014 6:16:47 AM com.squareup.okhttp.mockwebserver.MockWebServer$3 processOneRequest
INFO: Received request: POST /post HTTP/1.1 and responded: HTTP/1.1 200 OK
<--- HTTP 200 http://testing-worker-linux-2-1-27152-linux-18-26438845:58146/post (9ms)
: HTTP/1.1 200 OK
Content-Length: 2

{}
<--- END HTTP (2-byte body)
---> HTTP GET http://testing-worker-linux-2-1-27152-linux-18-26438845:50331/get
---> END HTTP (no body)
<--- HTTP 200 http://testing-worker-linux-2-1-27152-linux-18-26438845:50331/get (2ms)
: HTTP/1.1 200 OK
Content-Length: 2

{}
<--- END HTTP (2-byte body)
May 31, 2014 6:16:47 AM com.squareup.okhttp.mockwebserver.MockWebServer$3 processOneRequest
INFO: Received request: GET /get HTTP/1.1 and responded: HTTP/1.1 200 OK
---> HTTP POST http://testing-worker-linux-2-1-27152-linux-18-26438845:39639/post
Content-Type: application/json; charset=UTF-8
Content-Length: 18
["Hello","World!"]
---> END HTTP (18-byte body)
May 31, 2014 6:16:47 AM com.squareup.okhttp.mockwebserver.MockWebServer$3 processOneRequest
INFO: Received request: POST /post HTTP/1.1 and responded: HTTP/1.1 200 OK
<--- HTTP 200 http://testing-worker-linux-2-1-27152-linux-18-26438845:39639/post (81ms)
: HTTP/1.1 200 OK
Content-Length: 2
OkHttp-Received-Millis: 1401517007505
OkHttp-Response-Source: NETWORK 200
OkHttp-Sent-Millis: 1401517007500

{}
<--- END HTTP (2-byte body)
---> HTTP GET http://testing-worker-linux-2-1-27152-linux-18-26438845:33290/get
---> END HTTP (no body)
<--- HTTP 200 http://testing-worker-linux-2-1-27152-linux-18-26438845:33290/get (2ms)
: HTTP/1.1 200 OK
Content-Length: 2
OkHttp-Received-Millis: 1401517007515
OkHttp-Response-Source: NETWORK 200
OkHttp-Sent-Millis: 1401517007514

{}
<--- END HTTP (2-byte body)
May 31, 2014 6:16:47 AM com.squareup.okhttp.mockwebserver.MockWebServer$3 processOneRequest
INFO: Received request: GET /get HTTP/1.1 and responded: HTTP/1.1 200 OK
Tests run: 6, Failures: 0, Errors: 1, Skipped: 0, Time elapsed: 0.704 sec <<< FAILURE!
post[0](retrofit.client.ClientIntegrationTest)  Time elapsed: 0.527 sec  <<< ERROR!
java.lang.InterruptedException
	at java.util.concurrent.locks.AbstractQueuedSynchronizer.acquireInterruptibly(AbstractQueuedSynchronizer.java:1219)
	at java.util.concurrent.locks.ReentrantLock.lockInterruptibly(ReentrantLock.java:340)
	at java.util.concurrent.LinkedBlockingQueue.take(LinkedBlockingQueue.java:439)
	at com.squareup.okhttp.mockwebserver.MockWebServer.takeRequest(MockWebServer.java:206)
	at retrofit.client.ClientIntegrationTest.post(ClientIntegrationTest.java:82)
	at sun.reflect.NativeMethodAccessorImpl.invoke0(Native Method)
	at sun.reflect.NativeMethodAccessorImpl.invoke(NativeMethodAccessorImpl.java:57)
	at sun.reflect.DelegatingMethodAccessorImpl.invoke(DelegatingMethodAccessorImpl.java:43)
	at java.lang.reflect.Method.invoke(Method.java:606)
	at org.junit.runners.model.FrameworkMethod$1.runReflectiveCall(FrameworkMethod.java:45)
	at org.junit.internal.runners.model.ReflectiveCallable.run(ReflectiveCallable.java:15)
	at org.junit.runners.model.FrameworkMethod.invokeExplosively(FrameworkMethod.java:42)
	at org.junit.internal.runners.statements.InvokeMethod.evaluate(InvokeMethod.java:20)
	at org.junit.internal.runners.statements.RunBefores.evaluate(RunBefores.java:28)
	at org.junit.internal.runners.statements.RunAfters.evaluate(RunAfters.java:30)
	at org.junit.runners.ParentRunner.runLeaf(ParentRunner.java:263)
	at org.junit.runners.BlockJUnit4ClassRunner.runChild(BlockJUnit4ClassRunner.java:68)
	at org.junit.runners.BlockJUnit4ClassRunner.runChild(BlockJUnit4ClassRunner.java:47)
	at org.junit.runners.ParentRunner$3.run(ParentRunner.java:231)
	at org.junit.runners.ParentRunner$1.schedule(ParentRunner.java:60)
	at org.junit.runners.ParentRunner.runChildren(ParentRunner.java:229)
	at org.junit.runners.ParentRunner.access$000(ParentRunner.java:50)
	at org.junit.runners.ParentRunner$2.evaluate(ParentRunner.java:222)
	at org.junit.runners.ParentRunner.run(ParentRunner.java:300)
	at org.junit.runners.Suite.runChild(Suite.java:128)
	at org.junit.runners.Suite.runChild(Suite.java:24)
	at org.junit.runners.ParentRunner$3.run(ParentRunner.java:231)
	at org.junit.runners.ParentRunner$1.schedule(ParentRunner.java:60)
	at org.junit.runners.ParentRunner.runChildren(ParentRunner.java:229)
	at org.junit.runners.ParentRunner.access$000(ParentRunner.java:50)
	at org.junit.runners.ParentRunner$2.evaluate(ParentRunner.java:222)
	at org.junit.runners.ParentRunner.run(ParentRunner.java:300)
	at org.apache.maven.surefire.junit4.JUnit4Provider.execute(JUnit4Provider.java:252)
	at org.apache.maven.surefire.junit4.JUnit4Provider.executeTestSet(JUnit4Provider.java:141)
	at org.apache.maven.surefire.junit4.JUnit4Provider.invoke(JUnit4Provider.java:112)
	at sun.reflect.NativeMethodAccessorImpl.invoke0(Native Method)
	at sun.reflect.NativeMethodAccessorImpl.invoke(NativeMethodAccessorImpl.java:57)
	at sun.reflect.DelegatingMethodAccessorImpl.invoke(DelegatingMethodAccessorImpl.java:43)
	at java.lang.reflect.Method.invoke(Method.java:606)
	at org.apache.maven.surefire.util.ReflectionUtils.invokeMethodWithArray(ReflectionUtils.java:189)
	at org.apache.maven.surefire.booter.ProviderFactory$ProviderProxy.invoke(ProviderFactory.java:165)
	at org.apache.maven.surefire.booter.ProviderFactory.invokeProvider(ProviderFactory.java:85)
	at org.apache.maven.surefire.booter.ForkedBooter.runSuitesInProcess(ForkedBooter.java:115)
	at org.apache.maven.surefire.booter.ForkedBooter.main(ForkedBooter.java:75)

Running retrofit.client.UrlConnectionClientTest
Tests run: 9, Failures: 0, Errors: 0, Skipped: 0, Time elapsed: 0.013 sec
Running retrofit.client.ApacheClientTest
Tests run: 6, Failures: 0, Errors: 0, Skipped: 0, Time elapsed: 0.01 sec
Running retrofit.RestMethodInfoTest
Tests run: 71, Failures: 0, Errors: 0, Skipped: 0, Time elapsed: 0.228 sec
Running retrofit.mime.TypedFileTest
Tests run: 3, Failures: 0, Errors: 0, Skipped: 0, Time elapsed: 0.001 sec
Running retrofit.mime.FormUrlEncodingTypedOutputTest
Tests run: 3, Failures: 0, Errors: 0, Skipped: 0, Time elapsed: 0 sec
Running retrofit.mime.TypedByteArrayTest
Tests run: 1, Failures: 0, Errors: 0, Skipped: 0, Time elapsed: 0 sec
Running retrofit.mime.MimeUtilTest
Tests run: 1, Failures: 0, Errors: 0, Skipped: 0, Time elapsed: 0 sec
Running retrofit.mime.MultipartTypedOutputTest
Tests run: 3, Failures: 0, Errors: 0, Skipped: 0, Time elapsed: 0 sec
Running retrofit.RequestBuilderTest
Tests run: 48, Failures: 0, Errors: 0, Skipped: 0, Time elapsed: 0.054 sec
Running retrofit.RxSupportTest
Tests run: 7, Failures: 0, Errors: 0, Skipped: 0, Time elapsed: 0.165 sec
Running retrofit.ErrorHandlerTest
Tests run: 4, Failures: 0, Errors: 0, Skipped: 0, Time elapsed: 0.016 sec

Results :

Tests in error: 
  post[0](retrofit.client.ClientIntegrationTest)

Tests run: 196, Failures: 0, Errors: 1, Skipped: 0

[INFO] ------------------------------------------------------------------------
[INFO] Reactor Summary:
[INFO] 
[INFO] Retrofit (Parent) ................................. SUCCESS [  0.771 s]
[INFO] Retrofit .......................................... FAILURE [  9.218 s]
[INFO] Converters ........................................ SKIPPED
[INFO] Converter: Protocol Buffers ....................... SKIPPED
[INFO] Converter: Jackson ................................ SKIPPED
[INFO] Converter: Wire Protocol Buffers .................. SKIPPED
[INFO] Converter: SimpleXML .............................. SKIPPED
[INFO] Retrofit Mock Adapter ............................. SKIPPED
[INFO] Samples ........................................... SKIPPED
[INFO] Sample: GitHub Client ............................. SKIPPED
[INFO] Sample: Mock GitHub Client ........................ SKIPPED
[INFO] ------------------------------------------------------------------------
[INFO] BUILD FAILURE
[INFO] ------------------------------------------------------------------------
[INFO] Total time: 10.560 s
[INFO] Finished at: 2014-05-31T06:16:48+00:00
[INFO] Final Memory: 22M/183M
[INFO] ------------------------------------------------------------------------
[ERROR] Failed to execute goal org.apache.maven.plugins:maven-surefire-plugin:2.12.4:test (default-test) on project retrofit: There are test failures.
[ERROR] 
[ERROR] Please refer to /home/travis/build/square/retrofit/retrofit/target/surefire-reports for the individual test results.
[ERROR] -> [Help 1]
[ERROR] 
[ERROR] To see the full stack trace of the errors, re-run Maven with the -e switch.
[ERROR] Re-run Maven using the -X switch to enable full debug logging.
[ERROR] 
[ERROR] For more information about the errors and possible solutions, please read the following articles:
[ERROR] [Help 1] http://cwiki.apache.org/confluence/display/MAVEN/MojoFailureException
[ERROR] 
[ERROR] After correcting the problems, you can resume the build with the command
[ERROR]   mvn <goals> -rf :retrofit

[31;1mThe command "mvn test -B" exited with 1.

Done. Your build exited with 1.
