Using worker: worker-linux-7-2.bb.travis-ci.org:travis-linux-20

travis_fold:start:git.1$ git clone --depth=50 --branch=master git://github.com/square/retrofit.git square/retrofit
Cloning into 'square/retrofit'...
remote: Counting objects: 1029, done.[K
remote: Compressing objects:   0% (1/599)   [Kremote: Compressing objects:   1% (6/599)   [Kremote: Compressing objects:   2% (12/599)   [Kremote: Compressing objects:   3% (18/599)   [Kremote: Compressing objects:   4% (24/599)   [Kremote: Compressing objects:   5% (30/599)   [Kremote: Compressing objects:   6% (36/599)   [Kremote: Compressing objects:   7% (42/599)   [Kremote: Compressing objects:   8% (48/599)   [Kremote: Compressing objects:   9% (54/599)   [Kremote: Compressing objects:  10% (60/599)   [Kremote: Compressing objects:  11% (66/599)   [Kremote: Compressing objects:  12% (72/599)   [Kremote: Compressing objects:  13% (78/599)   [Kremote: Compressing objects:  14% (84/599)   [Kremote: Compressing objects:  15% (90/599)   [Kremote: Compressing objects:  16% (96/599)   [Kremote: Compressing objects:  17% (102/599)   [Kremote: Compressing objects:  18% (108/599)   [Kremote: Compressing objects:  19% (114/599)   [Kremote: Compressing objects:  20% (120/599)   [Kremote: Compressing objects:  21% (126/599)   [Kremote: Compressing objects:  22% (132/599)   [Kremote: Compressing objects:  23% (138/599)   [Kremote: Compressing objects:  24% (144/599)   [Kremote: Compressing objects:  25% (150/599)   [Kremote: Compressing objects:  26% (156/599)   [Kremote: Compressing objects:  27% (162/599)   [Kremote: Compressing objects:  28% (168/599)   [Kremote: Compressing objects:  29% (174/599)   [Kremote: Compressing objects:  30% (180/599)   [Kremote: Compressing objects:  31% (186/599)   [Kremote: Compressing objects:  32% (192/599)   [Kremote: Compressing objects:  33% (198/599)   [Kremote: Compressing objects:  34% (204/599)   [Kremote: Compressing objects:  35% (210/599)   [Kremote: Compressing objects:  36% (216/599)   [Kremote: Compressing objects:  37% (222/599)   [Kremote: Compressing objects:  38% (228/599)   [Kremote: Compressing objects:  39% (234/599)   [Kremote: Compressing objects:  40% (240/599)   [Kremote: Compressing objects:  41% (246/599)   [Kremote: Compressing objects:  42% (252/599)   [Kremote: Compressing objects:  43% (258/599)   [Kremote: Compressing objects:  44% (264/599)   [Kremote: Compressing objects:  45% (270/599)   [Kremote: Compressing objects:  46% (276/599)   [Kremote: Compressing objects:  47% (282/599)   [Kremote: Compressing objects:  48% (288/599)   [Kremote: Compressing objects:  49% (294/599)   [Kremote: Compressing objects:  50% (300/599)   [Kremote: Compressing objects:  51% (306/599)   [Kremote: Compressing objects:  52% (312/599)   [Kremote: Compressing objects:  53% (318/599)   [Kremote: Compressing objects:  54% (324/599)   [Kremote: Compressing objects:  55% (330/599)   [Kremote: Compressing objects:  56% (336/599)   [Kremote: Compressing objects:  57% (342/599)   [Kremote: Compressing objects:  58% (348/599)   [Kremote: Compressing objects:  59% (354/599)   [Kremote: Compressing objects:  60% (360/599)   [Kremote: Compressing objects:  61% (366/599)   [Kremote: Compressing objects:  62% (372/599)   [Kremote: Compressing objects:  63% (378/599)   [Kremote: Compressing objects:  64% (384/599)   [Kremote: Compressing objects:  65% (390/599)   [Kremote: Compressing objects:  66% (396/599)   [Kremote: Compressing objects:  67% (402/599)   [Kremote: Compressing objects:  68% (408/599)   [Kremote: Compressing objects:  69% (414/599)   [Kremote: Compressing objects:  70% (420/599)   [Kremote: Compressing objects:  71% (426/599)   [Kremote: Compressing objects:  72% (432/599)   [Kremote: Compressing objects:  73% (438/599)   [Kremote: Compressing objects:  74% (444/599)   [Kremote: Compressing objects:  75% (450/599)   [Kremote: Compressing objects:  76% (456/599)   [Kremote: Compressing objects:  77% (462/599)   [Kremote: Compressing objects:  78% (468/599)   [Kremote: Compressing objects:  79% (474/599)   [Kremote: Compressing objects:  80% (480/599)   [Kremote: Compressing objects:  81% (486/599)   [Kremote: Compressing objects:  82% (492/599)   [Kremote: Compressing objects:  83% (498/599)   [Kremote: Compressing objects:  84% (504/599)   [Kremote: Compressing objects:  85% (510/599)   [Kremote: Compressing objects:  86% (516/599)   [Kremote: Compressing objects:  87% (522/599)   [Kremote: Compressing objects:  88% (528/599)   [Kremote: Compressing objects:  89% (534/599)   [Kremote: Compressing objects:  90% (540/599)   [Kremote: Compressing objects:  91% (546/599)   [Kremote: Compressing objects:  92% (552/599)   [Kremote: Compressing objects:  93% (558/599)   [Kremote: Compressing objects:  94% (564/599)   [Kremote: Compressing objects:  95% (570/599)   [Kremote: Compressing objects:  96% (576/599)   [Kremote: Compressing objects:  97% (582/599)   [Kremote: Compressing objects:  98% (588/599)   [Kremote: Compressing objects:  99% (594/599)   [Kremote: Compressing objects: 100% (599/599)   [Kremote: Compressing objects: 100% (599/599), done.[K
Receiving objects:   0% (1/1029)   Receiving objects:   1% (11/1029)   Receiving objects:   2% (21/1029)   Receiving objects:   3% (31/1029)   Receiving objects:   4% (42/1029)   Receiving objects:   5% (52/1029)   Receiving objects:   6% (62/1029)   Receiving objects:   7% (73/1029)   Receiving objects:   8% (83/1029)   Receiving objects:   9% (93/1029)   Receiving objects:  10% (103/1029)   Receiving objects:  11% (114/1029)   Receiving objects:  12% (124/1029)   Receiving objects:  13% (134/1029)   Receiving objects:  14% (145/1029)   Receiving objects:  15% (155/1029)   Receiving objects:  16% (165/1029)   Receiving objects:  17% (175/1029)   Receiving objects:  18% (186/1029)   Receiving objects:  19% (196/1029)   Receiving objects:  20% (206/1029)   Receiving objects:  21% (217/1029)   Receiving objects:  22% (227/1029)   Receiving objects:  23% (237/1029)   Receiving objects:  24% (247/1029)   Receiving objects:  25% (258/1029)   Receiving objects:  26% (268/1029)   Receiving objects:  27% (278/1029)   Receiving objects:  28% (289/1029)   Receiving objects:  29% (299/1029)   Receiving objects:  30% (309/1029)   Receiving objects:  31% (319/1029)   Receiving objects:  32% (330/1029)   Receiving objects:  33% (340/1029)   Receiving objects:  34% (350/1029)   remote: Total 1029 (delta 399), reused 817 (delta 239)[K
Receiving objects:  35% (361/1029)   Receiving objects:  36% (371/1029)   Receiving objects:  37% (381/1029)   Receiving objects:  38% (392/1029)   Receiving objects:  39% (402/1029)   Receiving objects:  40% (412/1029)   Receiving objects:  41% (422/1029)   Receiving objects:  42% (433/1029)   Receiving objects:  43% (443/1029)   Receiving objects:  44% (453/1029)   Receiving objects:  45% (464/1029)   Receiving objects:  46% (474/1029)   Receiving objects:  47% (484/1029)   Receiving objects:  48% (494/1029)   Receiving objects:  49% (505/1029)   Receiving objects:  50% (515/1029)   Receiving objects:  51% (525/1029)   Receiving objects:  52% (536/1029)   Receiving objects:  53% (546/1029)   Receiving objects:  54% (556/1029)   Receiving objects:  55% (566/1029)   Receiving objects:  56% (577/1029)   Receiving objects:  57% (587/1029)   Receiving objects:  58% (597/1029)   Receiving objects:  59% (608/1029)   Receiving objects:  60% (618/1029)   Receiving objects:  61% (628/1029)   Receiving objects:  62% (638/1029)   Receiving objects:  63% (649/1029)   Receiving objects:  64% (659/1029)   Receiving objects:  65% (669/1029)   Receiving objects:  66% (680/1029)   Receiving objects:  67% (690/1029)   Receiving objects:  68% (700/1029)   Receiving objects:  69% (711/1029)   Receiving objects:  70% (721/1029)   Receiving objects:  71% (731/1029)   Receiving objects:  72% (741/1029)   Receiving objects:  73% (752/1029)   Receiving objects:  74% (762/1029)   Receiving objects:  75% (772/1029)   Receiving objects:  76% (783/1029)   Receiving objects:  77% (793/1029)   Receiving objects:  78% (803/1029)   Receiving objects:  79% (813/1029)   Receiving objects:  80% (824/1029)   Receiving objects:  81% (834/1029)   Receiving objects:  82% (844/1029)   Receiving objects:  83% (855/1029)   Receiving objects:  84% (865/1029)   Receiving objects:  85% (875/1029)   Receiving objects:  86% (885/1029)   Receiving objects:  87% (896/1029)   Receiving objects:  88% (906/1029)   Receiving objects:  89% (916/1029)   Receiving objects:  90% (927/1029)   Receiving objects:  91% (937/1029)   Receiving objects:  92% (947/1029)   Receiving objects:  93% (957/1029)   Receiving objects:  94% (968/1029)   Receiving objects:  95% (978/1029)   Receiving objects:  96% (988/1029)   Receiving objects:  97% (999/1029)   Receiving objects:  98% (1009/1029)   Receiving objects:  99% (1019/1029)   Receiving objects: 100% (1029/1029)   Receiving objects: 100% (1029/1029), 254.66 KiB | 0 bytes/s, done.
Resolving deltas:   0% (0/399)   Resolving deltas:   2% (9/399)   Resolving deltas:   3% (15/399)   Resolving deltas:  13% (55/399)   Resolving deltas:  14% (56/399)   Resolving deltas:  15% (62/399)   Resolving deltas:  20% (81/399)   Resolving deltas:  21% (86/399)   Resolving deltas:  24% (99/399)   Resolving deltas:  26% (104/399)   Resolving deltas:  28% (114/399)   Resolving deltas:  29% (117/399)   Resolving deltas:  31% (125/399)   Resolving deltas:  36% (146/399)   Resolving deltas:  46% (184/399)   Resolving deltas:  47% (188/399)   Resolving deltas:  49% (196/399)   Resolving deltas:  51% (204/399)   Resolving deltas:  53% (215/399)   Resolving deltas:  54% (217/399)   Resolving deltas:  55% (223/399)   Resolving deltas:  56% (226/399)   Resolving deltas:  58% (235/399)   Resolving deltas:  59% (237/399)   Resolving deltas:  60% (242/399)   Resolving deltas:  61% (247/399)   Resolving deltas:  62% (250/399)   Resolving deltas:  63% (255/399)   Resolving deltas:  65% (263/399)   Resolving deltas:  67% (271/399)   Resolving deltas:  68% (273/399)   Resolving deltas:  69% (276/399)   Resolving deltas:  70% (280/399)   Resolving deltas:  73% (292/399)   Resolving deltas:  74% (296/399)   Resolving deltas:  75% (301/399)   Resolving deltas:  76% (305/399)   Resolving deltas:  77% (310/399)   Resolving deltas:  79% (317/399)   Resolving deltas:  81% (326/399)   Resolving deltas:  83% (332/399)   Resolving deltas:  84% (336/399)   Resolving deltas:  85% (341/399)   Resolving deltas:  88% (355/399)   Resolving deltas:  89% (358/399)   Resolving deltas:  90% (361/399)   Resolving deltas:  91% (364/399)   Resolving deltas:  96% (384/399)   Resolving deltas:  97% (388/399)   Resolving deltas:  98% (395/399)   Resolving deltas:  99% (396/399)   Resolving deltas: 100% (399/399)   Resolving deltas: 100% (399/399), done.
Checking connectivity... done.
travis_fold:end:git.1$ cd square/retrofit
travis_fold:start:git.3$ git checkout -qf c4e50903407a2fdbe667eac56e0278c7d2b700d3
travis_fold:end:git.3$ java -version
java version "1.7.0_51"
Java(TM) SE Runtime Environment (build 1.7.0_51-b13)
Java HotSpot(TM) 64-Bit Server VM (build 24.51-b03, mixed mode)
$ javac -version
javac 1.7.0_51
travis_fold:start:install$ mvn install -DskipTests=true -B -V
Apache Maven 3.2.1 (ea8b2b07643dbb1b84b6d16e1f08391b666bc1e9; 2014-02-14T17:37:52+00:00)
Maven home: /usr/local/maven
Java version: 1.7.0_51, vendor: Oracle Corporation
Java home: /usr/lib/jvm/java-7-oracle/jre
Default locale: en_US, platform encoding: UTF-8
OS name: "linux", version: "2.6.32-042stab079.5", arch: "amd64", family: "unix"
[INFO] Scanning for projects...
[INFO] ------------------------------------------------------------------------
[INFO] Reactor Build Order:
[INFO] 
[INFO] Retrofit (Parent)
[INFO] Retrofit
[INFO] Converters
[INFO] Converter: Protocol Buffers
[INFO] Converter: Jackson
[INFO] Converter: Wire Protocol Buffers
[INFO] Converter: SimpleXML
[INFO] Retrofit Mock Adapter
[INFO] Samples
[INFO] Sample: GitHub Client
[INFO] Sample: Mock GitHub Client
[INFO] 
[INFO] Using the builder org.apache.maven.lifecycle.internal.builder.singlethreaded.SingleThreadedBuilder with a thread count of 1
[INFO]                                                                         
[INFO] ------------------------------------------------------------------------
[INFO] Building Retrofit (Parent) 1.5.2-SNAPSHOT
[INFO] ------------------------------------------------------------------------
[INFO] Downloading: http://repo.maven.apache.org/maven2/org/apache/maven/plugins/maven-enforcer-plugin/1.0/maven-enforcer-plugin-1.0.pom
[INFO] Downloaded: http://repo.maven.apache.org/maven2/org/apache/maven/plugins/maven-enforcer-plugin/1.0/maven-enforcer-plugin-1.0.pom (7 KB at 38.0 KB/sec)
[INFO] Downloading: http://repo.maven.apache.org/maven2/org/apache/maven/enforcer/enforcer/1.0/enforcer-1.0.pom
[INFO] Downloaded: http://repo.maven.apache.org/maven2/org/apache/maven/enforcer/enforcer/1.0/enforcer-1.0.pom (12 KB at 468.7 KB/sec)
[INFO] Downloading: http://repo.maven.apache.org/maven2/org/apache/maven/maven-parent/17/maven-parent-17.pom
[INFO] Downloaded: http://repo.maven.apache.org/maven2/org/apache/maven/maven-parent/17/maven-parent-17.pom (25 KB at 810.9 KB/sec)
[INFO] Downloading: http://repo.maven.apache.org/maven2/org/apache/apache/7/apache-7.pom
[INFO] Downloaded: http://repo.maven.apache.org/maven2/org/apache/apache/7/apache-7.pom (15 KB at 782.9 KB/sec)
[INFO] Downloading: http://repo.maven.apache.org/maven2/org/apache/maven/plugins/maven-enforcer-plugin/1.0/maven-enforcer-plugin-1.0.jar
[INFO] Downloaded: http://repo.maven.apache.org/maven2/org/apache/maven/plugins/maven-enforcer-plugin/1.0/maven-enforcer-plugin-1.0.jar (22 KB at 1170.4 KB/sec)
[INFO] Downloading: http://repo.maven.apache.org/maven2/org/apache/maven/plugins/maven-checkstyle-plugin/2.9.1/maven-checkstyle-plugin-2.9.1.pom
[INFO] Downloaded: http://repo.maven.apache.org/maven2/org/apache/maven/plugins/maven-checkstyle-plugin/2.9.1/maven-checkstyle-plugin-2.9.1.pom (10 KB at 564.3 KB/sec)
[INFO] Downloading: http://repo.maven.apache.org/maven2/org/apache/maven/plugins/maven-plugins/22/maven-plugins-22.pom
[INFO] Downloaded: http://repo.maven.apache.org/maven2/org/apache/maven/plugins/maven-plugins/22/maven-plugins-22.pom (13 KB at 749.0 KB/sec)
[INFO] Downloading: http://repo.maven.apache.org/maven2/org/apache/maven/maven-parent/21/maven-parent-21.pom
[INFO] Downloaded: http://repo.maven.apache.org/maven2/org/apache/maven/maven-parent/21/maven-parent-21.pom (26 KB at 1072.5 KB/sec)
[INFO] Downloading: http://repo.maven.apache.org/maven2/org/apache/apache/10/apache-10.pom
[INFO] Downloaded: http://repo.maven.apache.org/maven2/org/apache/apache/10/apache-10.pom (15 KB at 903.3 KB/sec)
[INFO] Downloading: http://repo.maven.apache.org/maven2/org/apache/maven/plugins/maven-checkstyle-plugin/2.9.1/maven-checkstyle-plugin-2.9.1.jar
[INFO] Downloaded: http://repo.maven.apache.org/maven2/org/apache/maven/plugins/maven-checkstyle-plugin/2.9.1/maven-checkstyle-plugin-2.9.1.jar (85 KB at 554.9 KB/sec)
[INFO] Downloading: http://repo.maven.apache.org/maven2/org/apache/maven/plugins/maven-install-plugin/2.4/maven-install-plugin-2.4.pom
[INFO] Downloaded: http://repo.maven.apache.org/maven2/org/apache/maven/plugins/maven-install-plugin/2.4/maven-install-plugin-2.4.pom (7 KB at 138.5 KB/sec)
[INFO] Downloading: http://repo.maven.apache.org/maven2/org/apache/maven/plugins/maven-plugins/23/maven-plugins-23.pom
[INFO] Downloaded: http://repo.maven.apache.org/maven2/org/apache/maven/plugins/maven-plugins/23/maven-plugins-23.pom (9 KB at 561.4 KB/sec)
[INFO] Downloading: http://repo.maven.apache.org/maven2/org/apache/maven/maven-parent/22/maven-parent-22.pom
[INFO] Downloaded: http://repo.maven.apache.org/maven2/org/apache/maven/maven-parent/22/maven-parent-22.pom (30 KB at 1320.3 KB/sec)
[INFO] Downloading: http://repo.maven.apache.org/maven2/org/apache/apache/11/apache-11.pom
[INFO] Downloaded: http://repo.maven.apache.org/maven2/org/apache/apache/11/apache-11.pom (15 KB at 850.8 KB/sec)
[INFO] Downloading: http://repo.maven.apache.org/maven2/org/apache/maven/plugins/maven-install-plugin/2.4/maven-install-plugin-2.4.jar
[INFO] Downloaded: http://repo.maven.apache.org/maven2/org/apache/maven/plugins/maven-install-plugin/2.4/maven-install-plugin-2.4.jar (27 KB at 1462.2 KB/sec)
[INFO] 
[INFO] --- maven-enforcer-plugin:1.0:enforce (enforce-maven) @ parent ---
[INFO] Downloading: http://repo.maven.apache.org/maven2/org/apache/maven/maven-artifact/2.0.9/maven-artifact-2.0.9.pom
[INFO] Downloaded: http://repo.maven.apache.org/maven2/org/apache/maven/maven-artifact/2.0.9/maven-artifact-2.0.9.pom (2 KB at 71.9 KB/sec)
[INFO] Downloading: http://repo.maven.apache.org/maven2/org/apache/maven/maven/2.0.9/maven-2.0.9.pom
[INFO] Downloaded: http://repo.maven.apache.org/maven2/org/apache/maven/maven/2.0.9/maven-2.0.9.pom (19 KB at 543.1 KB/sec)
[INFO] Downloading: http://repo.maven.apache.org/maven2/org/apache/maven/maven-parent/8/maven-parent-8.pom
[INFO] Downloaded: http://repo.maven.apache.org/maven2/org/apache/maven/maven-parent/8/maven-parent-8.pom (24 KB at 906.4 KB/sec)
[INFO] Downloading: http://repo.maven.apache.org/maven2/org/apache/apache/4/apache-4.pom
[INFO] Downloaded: http://repo.maven.apache.org/maven2/org/apache/apache/4/apache-4.pom (5 KB at 313.5 KB/sec)
[INFO] Downloading: http://repo.maven.apache.org/maven2/org/codehaus/plexus/plexus-utils/1.5.8/plexus-utils-1.5.8.pom
[INFO] Downloaded: http://repo.maven.apache.org/maven2/org/codehaus/plexus/plexus-utils/1.5.8/plexus-utils-1.5.8.pom (8 KB at 492.1 KB/sec)
[INFO] Downloading: http://repo.maven.apache.org/maven2/org/codehaus/plexus/plexus/2.0.2/plexus-2.0.2.pom
[INFO] Downloaded: http://repo.maven.apache.org/maven2/org/codehaus/plexus/plexus/2.0.2/plexus-2.0.2.pom (12 KB at 708.6 KB/sec)
[INFO] Downloading: http://repo.maven.apache.org/maven2/org/apache/maven/maven-plugin-api/2.0.9/maven-plugin-api-2.0.9.pom
[INFO] Downloaded: http://repo.maven.apache.org/maven2/org/apache/maven/maven-plugin-api/2.0.9/maven-plugin-api-2.0.9.pom (2 KB at 91.2 KB/sec)
[INFO] Downloading: http://repo.maven.apache.org/maven2/org/apache/maven/maven-project/2.0.9/maven-project-2.0.9.pom
[INFO] Downloaded: http://repo.maven.apache.org/maven2/org/apache/maven/maven-project/2.0.9/maven-project-2.0.9.pom (3 KB at 203.6 KB/sec)
[INFO] Downloading: http://repo.maven.apache.org/maven2/org/apache/maven/maven-settings/2.0.9/maven-settings-2.0.9.pom
[INFO] Downloaded: http://repo.maven.apache.org/maven2/org/apache/maven/maven-settings/2.0.9/maven-settings-2.0.9.pom (3 KB at 143.6 KB/sec)
[INFO] Downloading: http://repo.maven.apache.org/maven2/org/apache/maven/maven-model/2.0.9/maven-model-2.0.9.pom
[INFO] Downloaded: http://repo.maven.apache.org/maven2/org/apache/maven/maven-model/2.0.9/maven-model-2.0.9.pom (4 KB at 191.7 KB/sec)
[INFO] Downloading: http://repo.maven.apache.org/maven2/org/codehaus/plexus/plexus-container-default/1.0-alpha-9-stable-1/plexus-container-default-1.0-alpha-9-stable-1.pom
[INFO] Downloaded: http://repo.maven.apache.org/maven2/org/codehaus/plexus/plexus-container-default/1.0-alpha-9-stable-1/plexus-container-default-1.0-alpha-9-stable-1.pom (4 KB at 257.1 KB/sec)
[INFO] Downloading: http://repo.maven.apache.org/maven2/org/codehaus/plexus/plexus-containers/1.0.3/plexus-containers-1.0.3.pom
[INFO] Downloaded: http://repo.maven.apache.org/maven2/org/codehaus/plexus/plexus-containers/1.0.3/plexus-containers-1.0.3.pom (492 B at 28.3 KB/sec)
[INFO] Downloading: http://repo.maven.apache.org/maven2/org/codehaus/plexus/plexus/1.0.4/plexus-1.0.4.pom
[INFO] Downloaded: http://repo.maven.apache.org/maven2/org/codehaus/plexus/plexus/1.0.4/plexus-1.0.4.pom (6 KB at 350.2 KB/sec)
[INFO] Downloading: http://repo.maven.apache.org/maven2/junit/junit/3.8.2/junit-3.8.2.pom
[INFO] Downloaded: http://repo.maven.apache.org/maven2/junit/junit/3.8.2/junit-3.8.2.pom (747 B at 45.6 KB/sec)
[INFO] Downloading: http://repo.maven.apache.org/maven2/classworlds/classworlds/1.1-alpha-2/classworlds-1.1-alpha-2.pom
[INFO] Downloaded: http://repo.maven.apache.org/maven2/classworlds/classworlds/1.1-alpha-2/classworlds-1.1-alpha-2.pom (4 KB at 122.2 KB/sec)
[INFO] Downloading: http://repo.maven.apache.org/maven2/org/apache/maven/maven-profile/2.0.9/maven-profile-2.0.9.pom
[INFO] Downloaded: http://repo.maven.apache.org/maven2/org/apache/maven/maven-profile/2.0.9/maven-profile-2.0.9.pom (3 KB at 133.5 KB/sec)
[INFO] Downloading: http://repo.maven.apache.org/maven2/org/apache/maven/maven-artifact-manager/2.0.9/maven-artifact-manager-2.0.9.pom
[INFO] Downloaded: http://repo.maven.apache.org/maven2/org/apache/maven/maven-artifact-manager/2.0.9/maven-artifact-manager-2.0.9.pom (3 KB at 188.3 KB/sec)
[INFO] Downloading: http://repo.maven.apache.org/maven2/org/apache/maven/maven-repository-metadata/2.0.9/maven-repository-metadata-2.0.9.pom
[INFO] Downloaded: http://repo.maven.apache.org/maven2/org/apache/maven/maven-repository-metadata/2.0.9/maven-repository-metadata-2.0.9.pom (2 KB at 142.8 KB/sec)
[INFO] Downloading: http://repo.maven.apache.org/maven2/org/apache/maven/maven-plugin-registry/2.0.9/maven-plugin-registry-2.0.9.pom
[INFO] Downloaded: http://repo.maven.apache.org/maven2/org/apache/maven/maven-plugin-registry/2.0.9/maven-plugin-registry-2.0.9.pom (2 KB at 148.1 KB/sec)
[INFO] Downloading: http://repo.maven.apache.org/maven2/org/apache/maven/maven-core/2.0.9/maven-core-2.0.9.pom
[INFO] Downloaded: http://repo.maven.apache.org/maven2/org/apache/maven/maven-core/2.0.9/maven-core-2.0.9.pom (8 KB at 475.2 KB/sec)
[INFO] Downloading: http://repo.maven.apache.org/maven2/org/apache/maven/maven-plugin-parameter-documenter/2.0.9/maven-plugin-parameter-documenter-2.0.9.pom
[INFO] Downloaded: http://repo.maven.apache.org/maven2/org/apache/maven/maven-plugin-parameter-documenter/2.0.9/maven-plugin-parameter-documenter-2.0.9.pom (2 KB at 119.9 KB/sec)
[INFO] Downloading: http://repo.maven.apache.org/maven2/org/apache/maven/reporting/maven-reporting-api/2.0.9/maven-reporting-api-2.0.9.pom
[INFO] Downloaded: http://repo.maven.apache.org/maven2/org/apache/maven/reporting/maven-reporting-api/2.0.9/maven-reporting-api-2.0.9.pom (2 KB at 117.3 KB/sec)
[INFO] Downloading: http://repo.maven.apache.org/maven2/org/apache/maven/reporting/maven-reporting/2.0.9/maven-reporting-2.0.9.pom
[INFO] Downloaded: http://repo.maven.apache.org/maven2/org/apache/maven/reporting/maven-reporting/2.0.9/maven-reporting-2.0.9.pom (2 KB at 96.1 KB/sec)
[INFO] Downloading: http://repo.maven.apache.org/maven2/org/apache/maven/doxia/doxia-sink-api/1.0-alpha-10/doxia-sink-api-1.0-alpha-10.pom
[INFO] Downloaded: http://repo.maven.apache.org/maven2/org/apache/maven/doxia/doxia-sink-api/1.0-alpha-10/doxia-sink-api-1.0-alpha-10.pom (2 KB at 9.7 KB/sec)
[INFO] Downloading: http://repo.maven.apache.org/maven2/org/apache/maven/doxia/doxia/1.0-alpha-10/doxia-1.0-alpha-10.pom
[INFO] Downloaded: http://repo.maven.apache.org/maven2/org/apache/maven/doxia/doxia/1.0-alpha-10/doxia-1.0-alpha-10.pom (9 KB at 596.4 KB/sec)
[INFO] Downloading: http://repo.maven.apache.org/maven2/org/apache/maven/maven-parent/6/maven-parent-6.pom
[INFO] Downloaded: http://repo.maven.apache.org/maven2/org/apache/maven/maven-parent/6/maven-parent-6.pom (20 KB at 1151.5 KB/sec)
[INFO] Downloading: http://repo.maven.apache.org/maven2/org/apache/maven/maven-error-diagnostics/2.0.9/maven-error-diagnostics-2.0.9.pom
[INFO] Downloaded: http://repo.maven.apache.org/maven2/org/apache/maven/maven-error-diagnostics/2.0.9/maven-error-diagnostics-2.0.9.pom (2 KB at 131.0 KB/sec)
[INFO] Downloading: http://repo.maven.apache.org/maven2/commons-cli/commons-cli/1.0/commons-cli-1.0.pom
[INFO] Downloaded: http://repo.maven.apache.org/maven2/commons-cli/commons-cli/1.0/commons-cli-1.0.pom (3 KB at 137.0 KB/sec)
[INFO] Downloading: http://repo.maven.apache.org/maven2/org/apache/maven/maven-plugin-descriptor/2.0.9/maven-plugin-descriptor-2.0.9.pom
[INFO] Downloaded: http://repo.maven.apache.org/maven2/org/apache/maven/maven-plugin-descriptor/2.0.9/maven-plugin-descriptor-2.0.9.pom (3 KB at 155.9 KB/sec)
[INFO] Downloading: http://repo.maven.apache.org/maven2/org/codehaus/plexus/plexus-interactivity-api/1.0-alpha-4/plexus-interactivity-api-1.0-alpha-4.pom
[INFO] Downloaded: http://repo.maven.apache.org/maven2/org/codehaus/plexus/plexus-interactivity-api/1.0-alpha-4/plexus-interactivity-api-1.0-alpha-4.pom (7 KB at 266.3 KB/sec)
[INFO] Downloading: http://repo.maven.apache.org/maven2/org/apache/maven/maven-monitor/2.0.9/maven-monitor-2.0.9.pom
[INFO] Downloaded: http://repo.maven.apache.org/maven2/org/apache/maven/maven-monitor/2.0.9/maven-monitor-2.0.9.pom (2 KB at 89.6 KB/sec)
[INFO] Downloading: http://repo.maven.apache.org/maven2/classworlds/classworlds/1.1/classworlds-1.1.pom
[INFO] Downloaded: http://repo.maven.apache.org/maven2/classworlds/classworlds/1.1/classworlds-1.1.pom (4 KB at 231.9 KB/sec)
[INFO] Downloading: http://repo.maven.apache.org/maven2/commons-lang/commons-lang/2.3/commons-lang-2.3.pom
[INFO] Downloaded: http://repo.maven.apache.org/maven2/commons-lang/commons-lang/2.3/commons-lang-2.3.pom (11 KB at 678.4 KB/sec)
[INFO] Downloading: http://repo.maven.apache.org/maven2/org/apache/maven/enforcer/enforcer-api/1.0/enforcer-api-1.0.pom
[INFO] Downloaded: http://repo.maven.apache.org/maven2/org/apache/maven/enforcer/enforcer-api/1.0/enforcer-api-1.0.pom (4 KB at 213.3 KB/sec)
[INFO] Downloading: http://repo.maven.apache.org/maven2/org/codehaus/plexus/plexus-container-default/1.0-alpha-9/plexus-container-default-1.0-alpha-9.pom
[INFO] Downloaded: http://repo.maven.apache.org/maven2/org/codehaus/plexus/plexus-container-default/1.0-alpha-9/plexus-container-default-1.0-alpha-9.pom (2 KB at 92.8 KB/sec)
[INFO] Downloading: http://repo.maven.apache.org/maven2/org/apache/maven/enforcer/enforcer-rules/1.0/enforcer-rules-1.0.pom
[INFO] Downloaded: http://repo.maven.apache.org/maven2/org/apache/maven/enforcer/enforcer-rules/1.0/enforcer-rules-1.0.pom (5 KB at 288.3 KB/sec)
[INFO] Downloading: http://repo.maven.apache.org/maven2/org/apache/maven/shared/maven-common-artifact-filters/1.2/maven-common-artifact-filters-1.2.pom
[INFO] Downloaded: http://repo.maven.apache.org/maven2/org/apache/maven/shared/maven-common-artifact-filters/1.2/maven-common-artifact-filters-1.2.pom (5 KB at 315.4 KB/sec)
[INFO] Downloading: http://repo.maven.apache.org/maven2/org/apache/maven/shared/maven-shared-components/11/maven-shared-components-11.pom
[INFO] Downloaded: http://repo.maven.apache.org/maven2/org/apache/maven/shared/maven-shared-components/11/maven-shared-components-11.pom (9 KB at 543.0 KB/sec)
[INFO] Downloading: http://repo.maven.apache.org/maven2/org/apache/maven/maven-parent/11/maven-parent-11.pom
[INFO] Downloaded: http://repo.maven.apache.org/maven2/org/apache/maven/maven-parent/11/maven-parent-11.pom (32 KB at 1582.5 KB/sec)
[INFO] Downloading: http://repo.maven.apache.org/maven2/org/apache/apache/5/apache-5.pom
[INFO] Downloaded: http://repo.maven.apache.org/maven2/org/apache/apache/5/apache-5.pom (5 KB at 307.8 KB/sec)
[INFO] Downloading: http://repo.maven.apache.org/maven2/org/apache/maven/maven-model/2.0.8/maven-model-2.0.8.pom
[INFO] Downloaded: http://repo.maven.apache.org/maven2/org/apache/maven/maven-model/2.0.8/maven-model-2.0.8.pom (4 KB at 235.9 KB/sec)
[INFO] Downloading: http://repo.maven.apache.org/maven2/org/apache/maven/maven/2.0.8/maven-2.0.8.pom
[INFO] Downloaded: http://repo.maven.apache.org/maven2/org/apache/maven/maven/2.0.8/maven-2.0.8.pom (12 KB at 787.4 KB/sec)
[INFO] Downloading: http://repo.maven.apache.org/maven2/org/apache/maven/shared/maven-plugin-testing-harness/1.1/maven-plugin-testing-harness-1.1.pom
[INFO] Downloaded: http://repo.maven.apache.org/maven2/org/apache/maven/shared/maven-plugin-testing-harness/1.1/maven-plugin-testing-harness-1.1.pom (7 KB at 412.4 KB/sec)
[INFO] Downloading: http://repo.maven.apache.org/maven2/org/apache/maven/shared/maven-shared-components/7/maven-shared-components-7.pom
[INFO] Downloaded: http://repo.maven.apache.org/maven2/org/apache/maven/shared/maven-shared-components/7/maven-shared-components-7.pom (3 KB at 195.2 KB/sec)
[INFO] Downloading: http://repo.maven.apache.org/maven2/org/apache/maven/maven-parent/5/maven-parent-5.pom
[INFO] Downloaded: http://repo.maven.apache.org/maven2/org/apache/maven/maven-parent/5/maven-parent-5.pom (15 KB at 992.0 KB/sec)
[INFO] Downloading: http://repo.maven.apache.org/maven2/org/apache/apache/3/apache-3.pom
[INFO] Downloaded: http://repo.maven.apache.org/maven2/org/apache/apache/3/apache-3.pom (4 KB at 257.7 KB/sec)
[INFO] Downloading: http://repo.maven.apache.org/maven2/org/codehaus/plexus/plexus-archiver/1.0-alpha-7/plexus-archiver-1.0-alpha-7.pom
[INFO] Downloaded: http://repo.maven.apache.org/maven2/org/codehaus/plexus/plexus-archiver/1.0-alpha-7/plexus-archiver-1.0-alpha-7.pom (2 KB at 78.4 KB/sec)
[INFO] Downloading: http://repo.maven.apache.org/maven2/org/codehaus/plexus/plexus-components/1.1.6/plexus-components-1.1.6.pom
[INFO] Downloaded: http://repo.maven.apache.org/maven2/org/codehaus/plexus/plexus-components/1.1.6/plexus-components-1.1.6.pom (2 KB at 153.6 KB/sec)
[INFO] Downloading: http://repo.maven.apache.org/maven2/org/codehaus/plexus/plexus/1.0.8/plexus-1.0.8.pom
[INFO] Downloaded: http://repo.maven.apache.org/maven2/org/codehaus/plexus/plexus/1.0.8/plexus-1.0.8.pom (8 KB at 504.3 KB/sec)
[INFO] Downloading: http://repo.maven.apache.org/maven2/org/codehaus/plexus/plexus-container-default/1.0-alpha-8/plexus-container-default-1.0-alpha-8.pom
[INFO] Downloaded: http://repo.maven.apache.org/maven2/org/codehaus/plexus/plexus-container-default/1.0-alpha-8/plexus-container-default-1.0-alpha-8.pom (8 KB at 506.6 KB/sec)
[INFO] Downloading: http://repo.maven.apache.org/maven2/org/beanshell/bsh/2.0b4/bsh-2.0b4.pom
[INFO] Downloaded: http://repo.maven.apache.org/maven2/org/beanshell/bsh/2.0b4/bsh-2.0b4.pom (2 KB at 83.4 KB/sec)
[INFO] Downloading: http://repo.maven.apache.org/maven2/org/beanshell/beanshell/2.0b4/beanshell-2.0b4.pom
[INFO] Downloaded: http://repo.maven.apache.org/maven2/org/beanshell/beanshell/2.0b4/beanshell-2.0b4.pom (2 KB at 106.1 KB/sec)
[INFO] Downloading: http://repo.maven.apache.org/maven2/org/apache/maven/shared/maven-dependency-tree/1.2/maven-dependency-tree-1.2.pom
[INFO] Downloaded: http://repo.maven.apache.org/maven2/org/apache/maven/shared/maven-dependency-tree/1.2/maven-dependency-tree-1.2.pom (4 KB at 251.9 KB/sec)
[INFO] Downloading: http://repo.maven.apache.org/maven2/org/apache/maven/shared/maven-shared-components/9/maven-shared-components-9.pom
[INFO] Downloaded: http://repo.maven.apache.org/maven2/org/apache/maven/shared/maven-shared-components/9/maven-shared-components-9.pom (4 KB at 244.2 KB/sec)
[INFO] Downloading: http://repo.maven.apache.org/maven2/org/codehaus/plexus/plexus-i18n/1.0-beta-6/plexus-i18n-1.0-beta-6.pom
[INFO] Downloaded: http://repo.maven.apache.org/maven2/org/codehaus/plexus/plexus-i18n/1.0-beta-6/plexus-i18n-1.0-beta-6.pom (771 B at 50.2 KB/sec)
[INFO] Downloading: http://repo.maven.apache.org/maven2/org/codehaus/plexus/plexus-components/1.1.4/plexus-components-1.1.4.pom
[INFO] Downloaded: http://repo.maven.apache.org/maven2/org/codehaus/plexus/plexus-components/1.1.4/plexus-components-1.1.4.pom (3 KB at 144.5 KB/sec)
[INFO] Downloading: http://repo.maven.apache.org/maven2/org/apache/maven/reporting/maven-reporting-api/2.0.9/maven-reporting-api-2.0.9.jar
[INFO] Downloading: http://repo.maven.apache.org/maven2/org/apache/maven/doxia/doxia-sink-api/1.0-alpha-10/doxia-sink-api-1.0-alpha-10.jar
[INFO] Downloading: http://repo.maven.apache.org/maven2/commons-cli/commons-cli/1.0/commons-cli-1.0.jar
[INFO] Downloading: http://repo.maven.apache.org/maven2/org/codehaus/plexus/plexus-interactivity-api/1.0-alpha-4/plexus-interactivity-api-1.0-alpha-4.jar
[INFO] Downloading: http://repo.maven.apache.org/maven2/org/codehaus/plexus/plexus-utils/1.5.8/plexus-utils-1.5.8.jar
[INFO] Downloaded: http://repo.maven.apache.org/maven2/org/apache/maven/doxia/doxia-sink-api/1.0-alpha-10/doxia-sink-api-1.0-alpha-10.jar (10 KB at 604.7 KB/sec)
[INFO] Downloading: http://repo.maven.apache.org/maven2/commons-lang/commons-lang/2.3/commons-lang-2.3.jar
[INFO] Downloaded: http://repo.maven.apache.org/maven2/org/codehaus/plexus/plexus-interactivity-api/1.0-alpha-4/plexus-interactivity-api-1.0-alpha-4.jar (14 KB at 689.1 KB/sec)
[INFO] Downloading: http://repo.maven.apache.org/maven2/org/apache/maven/enforcer/enforcer-api/1.0/enforcer-api-1.0.jar
[INFO] Downloaded: http://repo.maven.apache.org/maven2/commons-cli/commons-cli/1.0/commons-cli-1.0.jar (30 KB at 1176.4 KB/sec)
[INFO] Downloading: http://repo.maven.apache.org/maven2/org/apache/maven/enforcer/enforcer-rules/1.0/enforcer-rules-1.0.jar
[INFO] Downloaded: http://repo.maven.apache.org/maven2/org/apache/maven/reporting/maven-reporting-api/2.0.9/maven-reporting-api-2.0.9.jar (10 KB at 341.4 KB/sec)
[INFO] Downloading: http://repo.maven.apache.org/maven2/org/apache/maven/shared/maven-common-artifact-filters/1.2/maven-common-artifact-filters-1.2.jar
[INFO] Downloaded: http://repo.maven.apache.org/maven2/org/apache/maven/enforcer/enforcer-api/1.0/enforcer-api-1.0.jar (10 KB at 638.3 KB/sec)
[INFO] Downloading: http://repo.maven.apache.org/maven2/org/beanshell/bsh/2.0b4/bsh-2.0b4.jar
[INFO] Downloaded: http://repo.maven.apache.org/maven2/org/apache/maven/shared/maven-common-artifact-filters/1.2/maven-common-artifact-filters-1.2.jar (31 KB at 2204.2 KB/sec)
[INFO] Downloading: http://repo.maven.apache.org/maven2/org/apache/maven/shared/maven-dependency-tree/1.2/maven-dependency-tree-1.2.jar
[INFO] Downloaded: http://repo.maven.apache.org/maven2/org/codehaus/plexus/plexus-utils/1.5.8/plexus-utils-1.5.8.jar (262 KB at 5944.9 KB/sec)
[INFO] Downloading: http://repo.maven.apache.org/maven2/org/codehaus/plexus/plexus-i18n/1.0-beta-6/plexus-i18n-1.0-beta-6.jar
[INFO] Downloaded: http://repo.maven.apache.org/maven2/org/apache/maven/enforcer/enforcer-rules/1.0/enforcer-rules-1.0.jar (60 KB at 2835.3 KB/sec)
[INFO] Downloaded: http://repo.maven.apache.org/maven2/commons-lang/commons-lang/2.3/commons-lang-2.3.jar (240 KB at 7258.3 KB/sec)
[INFO] Downloaded: http://repo.maven.apache.org/maven2/org/apache/maven/shared/maven-dependency-tree/1.2/maven-dependency-tree-1.2.jar (34 KB at 2596.1 KB/sec)
[INFO] Downloaded: http://repo.maven.apache.org/maven2/org/beanshell/bsh/2.0b4/bsh-2.0b4.jar (276 KB at 11960.5 KB/sec)
[INFO] Downloaded: http://repo.maven.apache.org/maven2/org/codehaus/plexus/plexus-i18n/1.0-beta-6/plexus-i18n-1.0-beta-6.jar (12 KB at 1066.1 KB/sec)
[INFO] 
[INFO] --- maven-checkstyle-plugin:2.9.1:checkstyle (default) @ parent ---
[INFO] Downloading: http://repo.maven.apache.org/maven2/org/apache/maven/maven-artifact/2.2.1/maven-artifact-2.2.1.pom
[INFO] Downloaded: http://repo.maven.apache.org/maven2/org/apache/maven/maven-artifact/2.2.1/maven-artifact-2.2.1.pom (2 KB at 128.7 KB/sec)
[INFO] Downloading: http://repo.maven.apache.org/maven2/org/apache/maven/maven/2.2.1/maven-2.2.1.pom
[INFO] Downloaded: http://repo.maven.apache.org/maven2/org/apache/maven/maven/2.2.1/maven-2.2.1.pom (22 KB at 1823.6 KB/sec)
[INFO] Downloading: http://repo.maven.apache.org/maven2/org/codehaus/plexus/plexus-utils/1.5.15/plexus-utils-1.5.15.pom
[INFO] Downloaded: http://repo.maven.apache.org/maven2/org/codehaus/plexus/plexus-utils/1.5.15/plexus-utils-1.5.15.pom (7 KB at 514.5 KB/sec)
[INFO] Downloading: http://repo.maven.apache.org/maven2/org/apache/maven/maven-model/2.2.1/maven-model-2.2.1.pom
[INFO] Downloaded: http://repo.maven.apache.org/maven2/org/apache/maven/maven-model/2.2.1/maven-model-2.2.1.pom (4 KB at 243.4 KB/sec)
[INFO] Downloading: http://repo.maven.apache.org/maven2/org/apache/maven/maven-plugin-api/2.2.1/maven-plugin-api-2.2.1.pom
[INFO] Downloaded: http://repo.maven.apache.org/maven2/org/apache/maven/maven-plugin-api/2.2.1/maven-plugin-api-2.2.1.pom (2 KB at 101.8 KB/sec)
[INFO] Downloading: http://repo.maven.apache.org/maven2/org/apache/maven/maven-project/2.2.1/maven-project-2.2.1.pom
[INFO] Downloaded: http://repo.maven.apache.org/maven2/org/apache/maven/maven-project/2.2.1/maven-project-2.2.1.pom (3 KB at 193.4 KB/sec)
[INFO] Downloading: http://repo.maven.apache.org/maven2/org/apache/maven/maven-settings/2.2.1/maven-settings-2.2.1.pom
[INFO] Downloaded: http://repo.maven.apache.org/maven2/org/apache/maven/maven-settings/2.2.1/maven-settings-2.2.1.pom (3 KB at 141.9 KB/sec)
[INFO] Downloading: http://repo.maven.apache.org/maven2/org/codehaus/plexus/plexus-interpolation/1.11/plexus-interpolation-1.11.pom
[INFO] Downloaded: http://repo.maven.apache.org/maven2/org/codehaus/plexus/plexus-interpolation/1.11/plexus-interpolation-1.11.pom (889 B at 62.0 KB/sec)
[INFO] Downloading: http://repo.maven.apache.org/maven2/org/codehaus/plexus/plexus-components/1.1.14/plexus-components-1.1.14.pom
[INFO] Downloaded: http://repo.maven.apache.org/maven2/org/codehaus/plexus/plexus-components/1.1.14/plexus-components-1.1.14.pom (6 KB at 407.5 KB/sec)
[INFO] Downloading: http://repo.maven.apache.org/maven2/junit/junit/3.8.1/junit-3.8.1.pom
[INFO] Downloaded: http://repo.maven.apache.org/maven2/junit/junit/3.8.1/junit-3.8.1.pom (998 B at 75.0 KB/sec)
[INFO] Downloading: http://repo.maven.apache.org/maven2/org/codehaus/plexus/plexus-utils/1.0.4/plexus-utils-1.0.4.pom
[INFO] Downloaded: http://repo.maven.apache.org/maven2/org/codehaus/plexus/plexus-utils/1.0.4/plexus-utils-1.0.4.pom (7 KB at 557.9 KB/sec)
[INFO] Downloading: http://repo.maven.apache.org/maven2/org/apache/maven/maven-profile/2.2.1/maven-profile-2.2.1.pom
[INFO] Downloaded: http://repo.maven.apache.org/maven2/org/apache/maven/maven-profile/2.2.1/maven-profile-2.2.1.pom (3 KB at 176.7 KB/sec)
[INFO] Downloading: http://repo.maven.apache.org/maven2/org/apache/maven/maven-artifact-manager/2.2.1/maven-artifact-manager-2.2.1.pom
[INFO] Downloaded: http://repo.maven.apache.org/maven2/org/apache/maven/maven-artifact-manager/2.2.1/maven-artifact-manager-2.2.1.pom (4 KB at 252.5 KB/sec)
[INFO] Downloading: http://repo.maven.apache.org/maven2/org/apache/maven/maven-repository-metadata/2.2.1/maven-repository-metadata-2.2.1.pom
[INFO] Downloaded: http://repo.maven.apache.org/maven2/org/apache/maven/maven-repository-metadata/2.2.1/maven-repository-metadata-2.2.1.pom (2 KB at 152.3 KB/sec)
[INFO] Downloading: http://repo.maven.apache.org/maven2/backport-util-concurrent/backport-util-concurrent/3.1/backport-util-concurrent-3.1.pom
[INFO] Downloaded: http://repo.maven.apache.org/maven2/backport-util-concurrent/backport-util-concurrent/3.1/backport-util-concurrent-3.1.pom (880 B at 66.1 KB/sec)
[INFO] Downloading: http://repo.maven.apache.org/maven2/org/apache/maven/maven-plugin-registry/2.2.1/maven-plugin-registry-2.2.1.pom
[INFO] Downloaded: http://repo.maven.apache.org/maven2/org/apache/maven/maven-plugin-registry/2.2.1/maven-plugin-registry-2.2.1.pom (2 KB at 117.7 KB/sec)
[INFO] Downloading: http://repo.maven.apache.org/maven2/org/apache/maven/reporting/maven-reporting-api/3.0/maven-reporting-api-3.0.pom
[INFO] Downloaded: http://repo.maven.apache.org/maven2/org/apache/maven/reporting/maven-reporting-api/3.0/maven-reporting-api-3.0.pom (3 KB at 193.1 KB/sec)
[INFO] Downloading: http://repo.maven.apache.org/maven2/org/apache/maven/shared/maven-shared-components/15/maven-shared-components-15.pom
[INFO] Downloaded: http://repo.maven.apache.org/maven2/org/apache/maven/shared/maven-shared-components/15/maven-shared-components-15.pom (10 KB at 759.8 KB/sec)
[INFO] Downloading: http://repo.maven.apache.org/maven2/org/apache/maven/maven-parent/16/maven-parent-16.pom
[INFO] Downloaded: http://repo.maven.apache.org/maven2/org/apache/maven/maven-parent/16/maven-parent-16.pom (23 KB at 120.9 KB/sec)
[INFO] Downloading: http://repo.maven.apache.org/maven2/org/apache/maven/doxia/doxia-sink-api/1.0/doxia-sink-api-1.0.pom
[INFO] Downloaded: http://repo.maven.apache.org/maven2/org/apache/maven/doxia/doxia-sink-api/1.0/doxia-sink-api-1.0.pom (2 KB at 112.9 KB/sec)
[INFO] Downloading: http://repo.maven.apache.org/maven2/org/apache/maven/doxia/doxia/1.0/doxia-1.0.pom
[INFO] Downloaded: http://repo.maven.apache.org/maven2/org/apache/maven/doxia/doxia/1.0/doxia-1.0.pom (10 KB at 724.5 KB/sec)
[INFO] Downloading: http://repo.maven.apache.org/maven2/org/apache/maven/maven-parent/10/maven-parent-10.pom
[INFO] Downloaded: http://repo.maven.apache.org/maven2/org/apache/maven/maven-parent/10/maven-parent-10.pom (31 KB at 1544.7 KB/sec)
[INFO] Downloading: http://repo.maven.apache.org/maven2/org/apache/maven/reporting/maven-reporting-impl/2.2/maven-reporting-impl-2.2.pom
[INFO] Downloaded: http://repo.maven.apache.org/maven2/org/apache/maven/reporting/maven-reporting-impl/2.2/maven-reporting-impl-2.2.pom (5 KB at 385.0 KB/sec)
[INFO] Downloading: http://repo.maven.apache.org/maven2/org/apache/maven/shared/maven-shared-components/17/maven-shared-components-17.pom
[INFO] Downloaded: http://repo.maven.apache.org/maven2/org/apache/maven/shared/maven-shared-components/17/maven-shared-components-17.pom (9 KB at 653.7 KB/sec)
[INFO] Downloading: http://repo.maven.apache.org/maven2/org/apache/maven/doxia/doxia-sink-api/1.2/doxia-sink-api-1.2.pom
[INFO] Downloaded: http://repo.maven.apache.org/maven2/org/apache/maven/doxia/doxia-sink-api/1.2/doxia-sink-api-1.2.pom (2 KB at 133.4 KB/sec)
[INFO] Downloading: http://repo.maven.apache.org/maven2/org/apache/maven/doxia/doxia/1.2/doxia-1.2.pom
[INFO] Downloaded: http://repo.maven.apache.org/maven2/org/apache/maven/doxia/doxia/1.2/doxia-1.2.pom (19 KB at 1414.3 KB/sec)
[INFO] Downloading: http://repo.maven.apache.org/maven2/org/apache/maven/maven-parent/19/maven-parent-19.pom
[INFO] Downloaded: http://repo.maven.apache.org/maven2/org/apache/maven/maven-parent/19/maven-parent-19.pom (25 KB at 2035.0 KB/sec)
[INFO] Downloading: http://repo.maven.apache.org/maven2/org/apache/apache/9/apache-9.pom
[INFO] Downloaded: http://repo.maven.apache.org/maven2/org/apache/apache/9/apache-9.pom (15 KB at 1233.7 KB/sec)
[INFO] Downloading: http://repo.maven.apache.org/maven2/org/apache/maven/doxia/doxia-logging-api/1.2/doxia-logging-api-1.2.pom
[INFO] Downloaded: http://repo.maven.apache.org/maven2/org/apache/maven/doxia/doxia-logging-api/1.2/doxia-logging-api-1.2.pom (2 KB at 123.7 KB/sec)
[INFO] Downloading: http://repo.maven.apache.org/maven2/org/codehaus/plexus/plexus-container-default/1.0-alpha-30/plexus-container-default-1.0-alpha-30.pom
[INFO] Downloaded: http://repo.maven.apache.org/maven2/org/codehaus/plexus/plexus-container-default/1.0-alpha-30/plexus-container-default-1.0-alpha-30.pom (4 KB at 283.0 KB/sec)
[INFO] Downloading: http://repo.maven.apache.org/maven2/org/codehaus/plexus/plexus-containers/1.0-alpha-30/plexus-containers-1.0-alpha-30.pom
[INFO] Downloaded: http://repo.maven.apache.org/maven2/org/codehaus/plexus/plexus-containers/1.0-alpha-30/plexus-containers-1.0-alpha-30.pom (2 KB at 154.1 KB/sec)
[INFO] Downloading: http://repo.maven.apache.org/maven2/org/codehaus/plexus/plexus/1.0.11/plexus-1.0.11.pom
[INFO] Downloaded: http://repo.maven.apache.org/maven2/org/codehaus/plexus/plexus/1.0.11/plexus-1.0.11.pom (9 KB at 673.8 KB/sec)
[INFO] Downloading: http://repo.maven.apache.org/maven2/org/codehaus/plexus/plexus-utils/1.4.5/plexus-utils-1.4.5.pom
[INFO] Downloaded: http://repo.maven.apache.org/maven2/org/codehaus/plexus/plexus-utils/1.4.5/plexus-utils-1.4.5.pom (3 KB at 170.1 KB/sec)
[INFO] Downloading: http://repo.maven.apache.org/maven2/org/codehaus/plexus/plexus-classworlds/1.2-alpha-9/plexus-classworlds-1.2-alpha-9.pom
[INFO] Downloaded: http://repo.maven.apache.org/maven2/org/codehaus/plexus/plexus-classworlds/1.2-alpha-9/plexus-classworlds-1.2-alpha-9.pom (4 KB at 242.1 KB/sec)
[INFO] Downloading: http://repo.maven.apache.org/maven2/org/codehaus/plexus/plexus/1.0.10/plexus-1.0.10.pom
[INFO] Downloaded: http://repo.maven.apache.org/maven2/org/codehaus/plexus/plexus/1.0.10/plexus-1.0.10.pom (9 KB at 671.4 KB/sec)
[INFO] Downloading: http://repo.maven.apache.org/maven2/org/apache/maven/doxia/doxia-core/1.2/doxia-core-1.2.pom
[INFO] Downloaded: http://repo.maven.apache.org/maven2/org/apache/maven/doxia/doxia-core/1.2/doxia-core-1.2.pom (4 KB at 297.1 KB/sec)
[INFO] Downloading: http://repo.maven.apache.org/maven2/org/codehaus/plexus/plexus-utils/2.0.5/plexus-utils-2.0.5.pom
[INFO] Downloaded: http://repo.maven.apache.org/maven2/org/codehaus/plexus/plexus-utils/2.0.5/plexus-utils-2.0.5.pom (4 KB at 271.3 KB/sec)
[INFO] Downloading: http://repo.maven.apache.org/maven2/org/codehaus/plexus/plexus/2.0.6/plexus-2.0.6.pom
[INFO] Downloaded: http://repo.maven.apache.org/maven2/org/codehaus/plexus/plexus/2.0.6/plexus-2.0.6.pom (17 KB at 1259.2 KB/sec)
[INFO] Downloading: http://repo.maven.apache.org/maven2/xerces/xercesImpl/2.9.1/xercesImpl-2.9.1.pom
[INFO] Downloaded: http://repo.maven.apache.org/maven2/xerces/xercesImpl/2.9.1/xercesImpl-2.9.1.pom (2 KB at 110.9 KB/sec)
[INFO] Downloading: http://repo.maven.apache.org/maven2/xml-apis/xml-apis/1.3.04/xml-apis-1.3.04.pom
[INFO] Downloaded: http://repo.maven.apache.org/maven2/xml-apis/xml-apis/1.3.04/xml-apis-1.3.04.pom (2 KB at 127.1 KB/sec)
[INFO] Downloading: http://repo.maven.apache.org/maven2/commons-lang/commons-lang/2.4/commons-lang-2.4.pom
[INFO] Downloaded: http://repo.maven.apache.org/maven2/commons-lang/commons-lang/2.4/commons-lang-2.4.pom (14 KB at 1049.9 KB/sec)
[INFO] Downloading: http://repo.maven.apache.org/maven2/org/apache/commons/commons-parent/9/commons-parent-9.pom
[INFO] Downloaded: http://repo.maven.apache.org/maven2/org/apache/commons/commons-parent/9/commons-parent-9.pom (22 KB at 1784.7 KB/sec)
[INFO] Downloading: http://repo.maven.apache.org/maven2/org/apache/httpcomponents/httpclient/4.0.2/httpclient-4.0.2.pom
[INFO] Downloaded: http://repo.maven.apache.org/maven2/org/apache/httpcomponents/httpclient/4.0.2/httpclient-4.0.2.pom (8 KB at 563.0 KB/sec)
[INFO] Downloading: http://repo.maven.apache.org/maven2/org/apache/httpcomponents/httpcomponents-client/4.0.2/httpcomponents-client-4.0.2.pom
[INFO] Downloaded: http://repo.maven.apache.org/maven2/org/apache/httpcomponents/httpcomponents-client/4.0.2/httpcomponents-client-4.0.2.pom (9 KB at 729.7 KB/sec)
[INFO] Downloading: http://repo.maven.apache.org/maven2/org/apache/httpcomponents/project/4.1/project-4.1.pom
[INFO] Downloaded: http://repo.maven.apache.org/maven2/org/apache/httpcomponents/project/4.1/project-4.1.pom (16 KB at 1333.3 KB/sec)
[INFO] Downloading: http://repo.maven.apache.org/maven2/org/apache/httpcomponents/httpcore/4.0.1/httpcore-4.0.1.pom
[INFO] Downloaded: http://repo.maven.apache.org/maven2/org/apache/httpcomponents/httpcore/4.0.1/httpcore-4.0.1.pom (5 KB at 397.9 KB/sec)
[INFO] Downloading: http://repo.maven.apache.org/maven2/org/apache/httpcomponents/httpcomponents-core/4.0.1/httpcomponents-core-4.0.1.pom
[INFO] Downloaded: http://repo.maven.apache.org/maven2/org/apache/httpcomponents/httpcomponents-core/4.0.1/httpcomponents-core-4.0.1.pom (10 KB at 702.5 KB/sec)
[INFO] Downloading: http://repo.maven.apache.org/maven2/org/apache/httpcomponents/project/4.0/project-4.0.pom
[INFO] Downloaded: http://repo.maven.apache.org/maven2/org/apache/httpcomponents/project/4.0/project-4.0.pom (13 KB at 1067.1 KB/sec)
[INFO] Downloading: http://repo.maven.apache.org/maven2/commons-logging/commons-logging/1.1.1/commons-logging-1.1.1.pom
[INFO] Downloaded: http://repo.maven.apache.org/maven2/commons-logging/commons-logging/1.1.1/commons-logging-1.1.1.pom (18 KB at 1379.6 KB/sec)
[INFO] Downloading: http://repo.maven.apache.org/maven2/org/apache/commons/commons-parent/5/commons-parent-5.pom
[INFO] Downloaded: http://repo.maven.apache.org/maven2/org/apache/commons/commons-parent/5/commons-parent-5.pom (16 KB at 1118.9 KB/sec)
[INFO] Downloading: http://repo.maven.apache.org/maven2/commons-codec/commons-codec/1.3/commons-codec-1.3.pom
[INFO] Downloaded: http://repo.maven.apache.org/maven2/commons-codec/commons-codec/1.3/commons-codec-1.3.pom (6 KB at 192.3 KB/sec)
[INFO] Downloading: http://repo.maven.apache.org/maven2/org/apache/maven/doxia/doxia-site-renderer/1.2/doxia-site-renderer-1.2.pom
[INFO] Downloaded: http://repo.maven.apache.org/maven2/org/apache/maven/doxia/doxia-site-renderer/1.2/doxia-site-renderer-1.2.pom (7 KB at 507.6 KB/sec)
[INFO] Downloading: http://repo.maven.apache.org/maven2/org/apache/maven/doxia/doxia-sitetools/1.2/doxia-sitetools-1.2.pom
[INFO] Downloaded: http://repo.maven.apache.org/maven2/org/apache/maven/doxia/doxia-sitetools/1.2/doxia-sitetools-1.2.pom (16 KB at 1307.4 KB/sec)
[INFO] Downloading: http://repo.maven.apache.org/maven2/org/apache/maven/doxia/doxia-decoration-model/1.2/doxia-decoration-model-1.2.pom
[INFO] Downloaded: http://repo.maven.apache.org/maven2/org/apache/maven/doxia/doxia-decoration-model/1.2/doxia-decoration-model-1.2.pom (3 KB at 229.6 KB/sec)
[INFO] Downloading: http://repo.maven.apache.org/maven2/org/apache/maven/doxia/doxia-module-xhtml/1.2/doxia-module-xhtml-1.2.pom
[INFO] Downloaded: http://repo.maven.apache.org/maven2/org/apache/maven/doxia/doxia-module-xhtml/1.2/doxia-module-xhtml-1.2.pom (2 KB at 156.2 KB/sec)
[INFO] Downloading: http://repo.maven.apache.org/maven2/org/apache/maven/doxia/doxia-modules/1.2/doxia-modules-1.2.pom
[INFO] Downloaded: http://repo.maven.apache.org/maven2/org/apache/maven/doxia/doxia-modules/1.2/doxia-modules-1.2.pom (3 KB at 187.8 KB/sec)
[INFO] Downloading: http://repo.maven.apache.org/maven2/org/apache/maven/doxia/doxia-module-fml/1.2/doxia-module-fml-1.2.pom
[INFO] Downloaded: http://repo.maven.apache.org/maven2/org/apache/maven/doxia/doxia-module-fml/1.2/doxia-module-fml-1.2.pom (6 KB at 457.8 KB/sec)
[INFO] Downloading: http://repo.maven.apache.org/maven2/org/codehaus/plexus/plexus-i18n/1.0-beta-7/plexus-i18n-1.0-beta-7.pom
[INFO] Downloaded: http://repo.maven.apache.org/maven2/org/codehaus/plexus/plexus-i18n/1.0-beta-7/plexus-i18n-1.0-beta-7.pom (2 KB at 94.0 KB/sec)
[INFO] Downloading: http://repo.maven.apache.org/maven2/org/codehaus/plexus/plexus-components/1.1.12/plexus-components-1.1.12.pom
[INFO] Downloaded: http://repo.maven.apache.org/maven2/org/codehaus/plexus/plexus-components/1.1.12/plexus-components-1.1.12.pom (3 KB at 244.4 KB/sec)
[INFO] Downloading: http://repo.maven.apache.org/maven2/org/codehaus/plexus/plexus-utils/1.4.1/plexus-utils-1.4.1.pom
[INFO] Downloaded: http://repo.maven.apache.org/maven2/org/codehaus/plexus/plexus-utils/1.4.1/plexus-utils-1.4.1.pom (2 KB at 143.4 KB/sec)
[INFO] Downloading: http://repo.maven.apache.org/maven2/org/codehaus/plexus/plexus-velocity/1.1.7/plexus-velocity-1.1.7.pom
[INFO] Downloaded: http://repo.maven.apache.org/maven2/org/codehaus/plexus/plexus-velocity/1.1.7/plexus-velocity-1.1.7.pom (2 KB at 159.3 KB/sec)
[INFO] Downloading: http://repo.maven.apache.org/maven2/org/codehaus/plexus/plexus-container-default/1.0-alpha-20/plexus-container-default-1.0-alpha-20.pom
[INFO] Downloaded: http://repo.maven.apache.org/maven2/org/codehaus/plexus/plexus-container-default/1.0-alpha-20/plexus-container-default-1.0-alpha-20.pom (3 KB at 243.4 KB/sec)
[INFO] Downloading: http://repo.maven.apache.org/maven2/org/codehaus/plexus/plexus-containers/1.0-alpha-20/plexus-containers-1.0-alpha-20.pom
[INFO] Downloaded: http://repo.maven.apache.org/maven2/org/codehaus/plexus/plexus-containers/1.0-alpha-20/plexus-containers-1.0-alpha-20.pom (2 KB at 153.5 KB/sec)
[INFO] Downloading: http://repo.maven.apache.org/maven2/org/codehaus/plexus/plexus-utils/1.3/plexus-utils-1.3.pom
[INFO] Downloaded: http://repo.maven.apache.org/maven2/org/codehaus/plexus/plexus-utils/1.3/plexus-utils-1.3.pom (2 KB at 91.8 KB/sec)
[INFO] Downloading: http://repo.maven.apache.org/maven2/org/codehaus/plexus/plexus-classworlds/1.2-alpha-7/plexus-classworlds-1.2-alpha-7.pom
[INFO] Downloaded: http://repo.maven.apache.org/maven2/org/codehaus/plexus/plexus-classworlds/1.2-alpha-7/plexus-classworlds-1.2-alpha-7.pom (3 KB at 210.6 KB/sec)
[INFO] Downloading: http://repo.maven.apache.org/maven2/org/codehaus/plexus/plexus/1.0.9/plexus-1.0.9.pom
[INFO] Downloaded: http://repo.maven.apache.org/maven2/org/codehaus/plexus/plexus/1.0.9/plexus-1.0.9.pom (8 KB at 625.0 KB/sec)
[INFO] Downloading: http://repo.maven.apache.org/maven2/org/apache/velocity/velocity/1.5/velocity-1.5.pom
[INFO] Downloaded: http://repo.maven.apache.org/maven2/org/apache/velocity/velocity/1.5/velocity-1.5.pom (8 KB at 631.9 KB/sec)
[INFO] Downloading: http://repo.maven.apache.org/maven2/commons-collections/commons-collections/3.1/commons-collections-3.1.pom
[INFO] Downloaded: http://repo.maven.apache.org/maven2/commons-collections/commons-collections/3.1/commons-collections-3.1.pom (6 KB at 495.1 KB/sec)
[INFO] Downloading: http://repo.maven.apache.org/maven2/commons-lang/commons-lang/2.1/commons-lang-2.1.pom
[INFO] Downloaded: http://repo.maven.apache.org/maven2/commons-lang/commons-lang/2.1/commons-lang-2.1.pom (10 KB at 745.8 KB/sec)
[INFO] Downloading: http://repo.maven.apache.org/maven2/oro/oro/2.0.8/oro-2.0.8.pom
[INFO] Downloaded: http://repo.maven.apache.org/maven2/oro/oro/2.0.8/oro-2.0.8.pom (140 B at 12.4 KB/sec)
[INFO] Downloading: http://repo.maven.apache.org/maven2/commons-collections/commons-collections/3.2.1/commons-collections-3.2.1.pom
[INFO] Downloaded: http://repo.maven.apache.org/maven2/commons-collections/commons-collections/3.2.1/commons-collections-3.2.1.pom (13 KB at 1017.7 KB/sec)
[INFO] Downloading: http://repo.maven.apache.org/maven2/commons-validator/commons-validator/1.3.1/commons-validator-1.3.1.pom
[INFO] Downloaded: http://repo.maven.apache.org/maven2/commons-validator/commons-validator/1.3.1/commons-validator-1.3.1.pom (9 KB at 801.3 KB/sec)
[INFO] Downloading: http://repo.maven.apache.org/maven2/commons-beanutils/commons-beanutils/1.7.0/commons-beanutils-1.7.0.pom
[INFO] Downloaded: http://repo.maven.apache.org/maven2/commons-beanutils/commons-beanutils/1.7.0/commons-beanutils-1.7.0.pom (357 B at 26.8 KB/sec)
[INFO] Downloading: http://repo.maven.apache.org/maven2/commons-logging/commons-logging/1.0.3/commons-logging-1.0.3.pom
[INFO] Downloaded: http://repo.maven.apache.org/maven2/commons-logging/commons-logging/1.0.3/commons-logging-1.0.3.pom (866 B at 65.1 KB/sec)
[INFO] Downloading: http://repo.maven.apache.org/maven2/commons-digester/commons-digester/1.6/commons-digester-1.6.pom
[INFO] Downloaded: http://repo.maven.apache.org/maven2/commons-digester/commons-digester/1.6/commons-digester-1.6.pom (974 B at 86.5 KB/sec)
[INFO] Downloading: http://repo.maven.apache.org/maven2/commons-beanutils/commons-beanutils/1.6/commons-beanutils-1.6.pom
[INFO] Downloaded: http://repo.maven.apache.org/maven2/commons-beanutils/commons-beanutils/1.6/commons-beanutils-1.6.pom (3 KB at 205.1 KB/sec)
[INFO] Downloading: http://repo.maven.apache.org/maven2/commons-logging/commons-logging/1.0/commons-logging-1.0.pom
[INFO] Downloaded: http://repo.maven.apache.org/maven2/commons-logging/commons-logging/1.0/commons-logging-1.0.pom (163 B at 14.5 KB/sec)
[INFO] Downloading: http://repo.maven.apache.org/maven2/commons-collections/commons-collections/2.0/commons-collections-2.0.pom
[INFO] Downloaded: http://repo.maven.apache.org/maven2/commons-collections/commons-collections/2.0/commons-collections-2.0.pom (171 B at 15.2 KB/sec)
[INFO] Downloading: http://repo.maven.apache.org/maven2/commons-collections/commons-collections/2.1/commons-collections-2.1.pom
[INFO] Downloaded: http://repo.maven.apache.org/maven2/commons-collections/commons-collections/2.1/commons-collections-2.1.pom (4 KB at 296.2 KB/sec)
[INFO] Downloading: http://repo.maven.apache.org/maven2/xml-apis/xml-apis/1.0.b2/xml-apis-1.0.b2.pom
[INFO] Downloaded: http://repo.maven.apache.org/maven2/xml-apis/xml-apis/1.0.b2/xml-apis-1.0.b2.pom (3 KB at 219.6 KB/sec)
[INFO] Downloading: http://repo.maven.apache.org/maven2/commons-logging/commons-logging/1.0.4/commons-logging-1.0.4.pom
[INFO] Downloaded: http://repo.maven.apache.org/maven2/commons-logging/commons-logging/1.0.4/commons-logging-1.0.4.pom (6 KB at 428.4 KB/sec)
[INFO] Downloading: http://repo.maven.apache.org/maven2/org/apache/maven/doxia/doxia-sink-api/1.1.3/doxia-sink-api-1.1.3.pom
[INFO] Downloaded: http://repo.maven.apache.org/maven2/org/apache/maven/doxia/doxia-sink-api/1.1.3/doxia-sink-api-1.1.3.pom (2 KB at 139.8 KB/sec)
[INFO] Downloading: http://repo.maven.apache.org/maven2/org/apache/maven/doxia/doxia/1.1.3/doxia-1.1.3.pom
[INFO] Downloaded: http://repo.maven.apache.org/maven2/org/apache/maven/doxia/doxia/1.1.3/doxia-1.1.3.pom (19 KB at 1651.8 KB/sec)
[INFO] Downloading: http://repo.maven.apache.org/maven2/org/apache/maven/doxia/doxia-logging-api/1.1.3/doxia-logging-api-1.1.3.pom
[INFO] Downloaded: http://repo.maven.apache.org/maven2/org/apache/maven/doxia/doxia-logging-api/1.1.3/doxia-logging-api-1.1.3.pom (2 KB at 140.3 KB/sec)
[INFO] Downloading: http://repo.maven.apache.org/maven2/org/apache/maven/doxia/doxia-decoration-model/1.1.3/doxia-decoration-model-1.1.3.pom
[INFO] Downloaded: http://repo.maven.apache.org/maven2/org/apache/maven/doxia/doxia-decoration-model/1.1.3/doxia-decoration-model-1.1.3.pom (3 KB at 242.1 KB/sec)
[INFO] Downloading: http://repo.maven.apache.org/maven2/org/apache/maven/doxia/doxia-sitetools/1.1.3/doxia-sitetools-1.1.3.pom
[INFO] Downloaded: http://repo.maven.apache.org/maven2/org/apache/maven/doxia/doxia-sitetools/1.1.3/doxia-sitetools-1.1.3.pom (16 KB at 1397.5 KB/sec)
[INFO] Downloading: http://repo.maven.apache.org/maven2/org/codehaus/plexus/plexus-utils/1.5.12/plexus-utils-1.5.12.pom
[INFO] Downloaded: http://repo.maven.apache.org/maven2/org/codehaus/plexus/plexus-utils/1.5.12/plexus-utils-1.5.12.pom (6 KB at 500.2 KB/sec)
[INFO] Downloading: http://repo.maven.apache.org/maven2/org/apache/maven/doxia/doxia-site-renderer/1.1.3/doxia-site-renderer-1.1.3.pom
[INFO] Downloaded: http://repo.maven.apache.org/maven2/org/apache/maven/doxia/doxia-site-renderer/1.1.3/doxia-site-renderer-1.1.3.pom (6 KB at 543.3 KB/sec)
[INFO] Downloading: http://repo.maven.apache.org/maven2/org/apache/maven/doxia/doxia-core/1.1.3/doxia-core-1.1.3.pom
[INFO] Downloaded: http://repo.maven.apache.org/maven2/org/apache/maven/doxia/doxia-core/1.1.3/doxia-core-1.1.3.pom (4 KB at 330.3 KB/sec)
[INFO] Downloading: http://repo.maven.apache.org/maven2/commons-httpclient/commons-httpclient/3.1/commons-httpclient-3.1.pom
[INFO] Downloaded: http://repo.maven.apache.org/maven2/commons-httpclient/commons-httpclient/3.1/commons-httpclient-3.1.pom (8 KB at 689.2 KB/sec)
[INFO] Downloading: http://repo.maven.apache.org/maven2/commons-codec/commons-codec/1.2/commons-codec-1.2.pom
[INFO] Downloaded: http://repo.maven.apache.org/maven2/commons-codec/commons-codec/1.2/commons-codec-1.2.pom (4 KB at 311.3 KB/sec)
[INFO] Downloading: http://repo.maven.apache.org/maven2/org/apache/maven/doxia/doxia-module-xhtml/1.1.3/doxia-module-xhtml-1.1.3.pom
[INFO] Downloaded: http://repo.maven.apache.org/maven2/org/apache/maven/doxia/doxia-module-xhtml/1.1.3/doxia-module-xhtml-1.1.3.pom (2 KB at 142.2 KB/sec)
[INFO] Downloading: http://repo.maven.apache.org/maven2/org/apache/maven/doxia/doxia-modules/1.1.3/doxia-modules-1.1.3.pom
[INFO] Downloaded: http://repo.maven.apache.org/maven2/org/apache/maven/doxia/doxia-modules/1.1.3/doxia-modules-1.1.3.pom (3 KB at 216.4 KB/sec)
[INFO] Downloading: http://repo.maven.apache.org/maven2/org/apache/maven/doxia/doxia-module-fml/1.1.3/doxia-module-fml-1.1.3.pom
[INFO] Downloaded: http://repo.maven.apache.org/maven2/org/apache/maven/doxia/doxia-module-fml/1.1.3/doxia-module-fml-1.1.3.pom (6 KB at 447.2 KB/sec)
[INFO] Downloading: http://repo.maven.apache.org/maven2/commons-collections/commons-collections/3.2/commons-collections-3.2.pom
[INFO] Downloaded: http://repo.maven.apache.org/maven2/commons-collections/commons-collections/3.2/commons-collections-3.2.pom (11 KB at 897.9 KB/sec)
[INFO] Downloading: http://repo.maven.apache.org/maven2/org/apache/maven/shared/maven-doxia-tools/1.2.1/maven-doxia-tools-1.2.1.pom
[INFO] Downloaded: http://repo.maven.apache.org/maven2/org/apache/maven/shared/maven-doxia-tools/1.2.1/maven-doxia-tools-1.2.1.pom (7 KB at 560.3 KB/sec)
[INFO] Downloading: http://repo.maven.apache.org/maven2/commons-io/commons-io/1.4/commons-io-1.4.pom
[INFO] Downloaded: http://repo.maven.apache.org/maven2/commons-io/commons-io/1.4/commons-io-1.4.pom (13 KB at 1168.9 KB/sec)
[INFO] Downloading: http://repo.maven.apache.org/maven2/org/apache/commons/commons-parent/7/commons-parent-7.pom
[INFO] Downloaded: http://repo.maven.apache.org/maven2/org/apache/commons/commons-parent/7/commons-parent-7.pom (18 KB at 1553.3 KB/sec)
[INFO] Downloading: http://repo.maven.apache.org/maven2/org/apache/maven/maven-artifact/2.0.6/maven-artifact-2.0.6.pom
[INFO] Downloaded: http://repo.maven.apache.org/maven2/org/apache/maven/maven-artifact/2.0.6/maven-artifact-2.0.6.pom (2 KB at 128.3 KB/sec)
[INFO] Downloading: http://repo.maven.apache.org/maven2/org/apache/maven/maven/2.0.6/maven-2.0.6.pom
[INFO] Downloaded: http://repo.maven.apache.org/maven2/org/apache/maven/maven/2.0.6/maven-2.0.6.pom (9 KB at 803.2 KB/sec)
[INFO] Downloading: http://repo.maven.apache.org/maven2/org/apache/maven/maven-artifact-manager/2.0.6/maven-artifact-manager-2.0.6.pom
[INFO] Downloaded: http://repo.maven.apache.org/maven2/org/apache/maven/maven-artifact-manager/2.0.6/maven-artifact-manager-2.0.6.pom (3 KB at 29.8 KB/sec)
[INFO] Downloading: http://repo.maven.apache.org/maven2/org/apache/maven/maven-repository-metadata/2.0.6/maven-repository-metadata-2.0.6.pom
[INFO] Downloaded: http://repo.maven.apache.org/maven2/org/apache/maven/maven-repository-metadata/2.0.6/maven-repository-metadata-2.0.6.pom (2 KB at 139.0 KB/sec)
[INFO] Downloading: http://repo.maven.apache.org/maven2/org/apache/maven/maven-model/2.0.6/maven-model-2.0.6.pom
[INFO] Downloaded: http://repo.maven.apache.org/maven2/org/apache/maven/maven-model/2.0.6/maven-model-2.0.6.pom (3 KB at 270.5 KB/sec)
[INFO] Downloading: http://repo.maven.apache.org/maven2/org/apache/maven/maven-project/2.0.6/maven-project-2.0.6.pom
[INFO] Downloaded: http://repo.maven.apache.org/maven2/org/apache/maven/maven-project/2.0.6/maven-project-2.0.6.pom (3 KB at 214.6 KB/sec)
[INFO] Downloading: http://repo.maven.apache.org/maven2/org/apache/maven/maven-settings/2.0.6/maven-settings-2.0.6.pom
[INFO] Downloaded: http://repo.maven.apache.org/maven2/org/apache/maven/maven-settings/2.0.6/maven-settings-2.0.6.pom (2 KB at 139.6 KB/sec)
[INFO] Downloading: http://repo.maven.apache.org/maven2/org/apache/maven/maven-profile/2.0.6/maven-profile-2.0.6.pom
[INFO] Downloaded: http://repo.maven.apache.org/maven2/org/apache/maven/maven-profile/2.0.6/maven-profile-2.0.6.pom (2 KB at 120.8 KB/sec)
[INFO] Downloading: http://repo.maven.apache.org/maven2/org/apache/maven/maven-plugin-registry/2.0.6/maven-plugin-registry-2.0.6.pom
[INFO] Downloaded: http://repo.maven.apache.org/maven2/org/apache/maven/maven-plugin-registry/2.0.6/maven-plugin-registry-2.0.6.pom (2 KB at 158.4 KB/sec)
[INFO] Downloading: http://repo.maven.apache.org/maven2/org/apache/maven/reporting/maven-reporting-api/2.0.6/maven-reporting-api-2.0.6.pom
[INFO] Downloaded: http://repo.maven.apache.org/maven2/org/apache/maven/reporting/maven-reporting-api/2.0.6/maven-reporting-api-2.0.6.pom (2 KB at 142.6 KB/sec)
[INFO] Downloading: http://repo.maven.apache.org/maven2/org/apache/maven/reporting/maven-reporting/2.0.6/maven-reporting-2.0.6.pom
[INFO] Downloaded: http://repo.maven.apache.org/maven2/org/apache/maven/reporting/maven-reporting/2.0.6/maven-reporting-2.0.6.pom (2 KB at 127.8 KB/sec)
[INFO] Downloading: http://repo.maven.apache.org/maven2/org/apache/maven/doxia/doxia-sink-api/1.0-alpha-7/doxia-sink-api-1.0-alpha-7.pom
[INFO] Downloaded: http://repo.maven.apache.org/maven2/org/apache/maven/doxia/doxia-sink-api/1.0-alpha-7/doxia-sink-api-1.0-alpha-7.pom (424 B at 37.6 KB/sec)
[INFO] Downloading: http://repo.maven.apache.org/maven2/org/apache/maven/doxia/doxia/1.0-alpha-7/doxia-1.0-alpha-7.pom
[INFO] Downloaded: http://repo.maven.apache.org/maven2/org/apache/maven/doxia/doxia/1.0-alpha-7/doxia-1.0-alpha-7.pom (4 KB at 318.4 KB/sec)
[INFO] Downloading: http://repo.maven.apache.org/maven2/org/apache/maven/maven-plugin-api/2.0.6/maven-plugin-api-2.0.6.pom
[INFO] Downloaded: http://repo.maven.apache.org/maven2/org/apache/maven/maven-plugin-api/2.0.6/maven-plugin-api-2.0.6.pom (2 KB at 129.2 KB/sec)
[INFO] Downloading: http://repo.maven.apache.org/maven2/org/codehaus/plexus/plexus-resources/1.0-alpha-7/plexus-resources-1.0-alpha-7.pom
[INFO] Downloaded: http://repo.maven.apache.org/maven2/org/codehaus/plexus/plexus-resources/1.0-alpha-7/plexus-resources-1.0-alpha-7.pom (2 KB at 110.6 KB/sec)
[INFO] Downloading: http://repo.maven.apache.org/maven2/org/codehaus/plexus/plexus-components/1.1.17/plexus-components-1.1.17.pom
[INFO] Downloaded: http://repo.maven.apache.org/maven2/org/codehaus/plexus/plexus-components/1.1.17/plexus-components-1.1.17.pom (6 KB at 424.0 KB/sec)
[INFO] Downloading: http://repo.maven.apache.org/maven2/org/codehaus/plexus/plexus/2.0.5/plexus-2.0.5.pom
[INFO] Downloaded: http://repo.maven.apache.org/maven2/org/codehaus/plexus/plexus/2.0.5/plexus-2.0.5.pom (17 KB at 1210.1 KB/sec)
[INFO] Downloading: http://repo.maven.apache.org/maven2/org/codehaus/plexus/plexus-utils/1.5.5/plexus-utils-1.5.5.pom
[INFO] Downloaded: http://repo.maven.apache.org/maven2/org/codehaus/plexus/plexus-utils/1.5.5/plexus-utils-1.5.5.pom (6 KB at 335.1 KB/sec)
[INFO] Downloading: http://repo.maven.apache.org/maven2/org/codehaus/plexus/plexus-interpolation/1.13/plexus-interpolation-1.13.pom
[INFO] Downloaded: http://repo.maven.apache.org/maven2/org/codehaus/plexus/plexus-interpolation/1.13/plexus-interpolation-1.13.pom (890 B at 79.0 KB/sec)
[INFO] Downloading: http://repo.maven.apache.org/maven2/org/codehaus/plexus/plexus-components/1.1.15/plexus-components-1.1.15.pom
[INFO] Downloaded: http://repo.maven.apache.org/maven2/org/codehaus/plexus/plexus-components/1.1.15/plexus-components-1.1.15.pom (3 KB at 213.9 KB/sec)
[INFO] Downloading: http://repo.maven.apache.org/maven2/org/codehaus/plexus/plexus/2.0.3/plexus-2.0.3.pom
[INFO] Downloaded: http://repo.maven.apache.org/maven2/org/codehaus/plexus/plexus/2.0.3/plexus-2.0.3.pom (16 KB at 1372.6 KB/sec)
[INFO] Downloading: http://repo.maven.apache.org/maven2/org/codehaus/plexus/plexus-velocity/1.1.8/plexus-velocity-1.1.8.pom
[INFO] Downloaded: http://repo.maven.apache.org/maven2/org/codehaus/plexus/plexus-velocity/1.1.8/plexus-velocity-1.1.8.pom (2 KB at 156.3 KB/sec)
[INFO] Downloading: http://repo.maven.apache.org/maven2/com/puppycrawl/tools/checkstyle/5.5/checkstyle-5.5.pom
[INFO] Downloaded: http://repo.maven.apache.org/maven2/com/puppycrawl/tools/checkstyle/5.5/checkstyle-5.5.pom (19 KB at 1424.4 KB/sec)
[INFO] Downloading: http://repo.maven.apache.org/maven2/org/sonatype/oss/oss-parent/5/oss-parent-5.pom
[INFO] Downloaded: http://repo.maven.apache.org/maven2/org/sonatype/oss/oss-parent/5/oss-parent-5.pom (4 KB at 362.4 KB/sec)
[INFO] Downloading: http://repo.maven.apache.org/maven2/antlr/antlr/2.7.7/antlr-2.7.7.pom
[INFO] Downloaded: http://repo.maven.apache.org/maven2/antlr/antlr/2.7.7/antlr-2.7.7.pom (632 B at 51.4 KB/sec)
[INFO] Downloading: http://repo.maven.apache.org/maven2/commons-beanutils/commons-beanutils-core/1.8.3/commons-beanutils-core-1.8.3.pom
[INFO] Downloaded: http://repo.maven.apache.org/maven2/commons-beanutils/commons-beanutils-core/1.8.3/commons-beanutils-core-1.8.3.pom (2 KB at 133.4 KB/sec)
[INFO] Downloading: http://repo.maven.apache.org/maven2/commons-cli/commons-cli/1.2/commons-cli-1.2.pom
[INFO] Downloaded: http://repo.maven.apache.org/maven2/commons-cli/commons-cli/1.2/commons-cli-1.2.pom (8 KB at 708.5 KB/sec)
[INFO] Downloading: http://repo.maven.apache.org/maven2/org/apache/commons/commons-parent/11/commons-parent-11.pom
[INFO] Downloaded: http://repo.maven.apache.org/maven2/org/apache/commons/commons-parent/11/commons-parent-11.pom (25 KB at 1851.6 KB/sec)
[INFO] Downloading: http://repo.maven.apache.org/maven2/com/google/collections/google-collections/1.0/google-collections-1.0.pom
[INFO] Downloaded: http://repo.maven.apache.org/maven2/com/google/collections/google-collections/1.0/google-collections-1.0.pom (3 KB at 201.7 KB/sec)
[INFO] Downloading: http://repo.maven.apache.org/maven2/com/google/google/1/google-1.pom
[INFO] Downloaded: http://repo.maven.apache.org/maven2/com/google/google/1/google-1.pom (2 KB at 138.0 KB/sec)
[INFO] Downloading: http://repo.maven.apache.org/maven2/backport-util-concurrent/backport-util-concurrent/3.1/backport-util-concurrent-3.1.jar
[INFO] Downloading: http://repo.maven.apache.org/maven2/org/apache/maven/reporting/maven-reporting-api/3.0/maven-reporting-api-3.0.jar
[INFO] Downloading: http://repo.maven.apache.org/maven2/org/apache/maven/reporting/maven-reporting-impl/2.2/maven-reporting-impl-2.2.jar
[INFO] Downloading: http://repo.maven.apache.org/maven2/org/apache/maven/doxia/doxia-core/1.2/doxia-core-1.2.jar
[INFO] Downloading: http://repo.maven.apache.org/maven2/xerces/xercesImpl/2.9.1/xercesImpl-2.9.1.jar
[INFO] Downloaded: http://repo.maven.apache.org/maven2/org/apache/maven/reporting/maven-reporting-api/3.0/maven-reporting-api-3.0.jar (11 KB at 890.3 KB/sec)
[INFO] Downloading: http://repo.maven.apache.org/maven2/xml-apis/xml-apis/1.3.04/xml-apis-1.3.04.jar
[INFO] Downloaded: http://repo.maven.apache.org/maven2/org/apache/maven/reporting/maven-reporting-impl/2.2/maven-reporting-impl-2.2.jar (17 KB at 1266.6 KB/sec)
[INFO] Downloading: http://repo.maven.apache.org/maven2/org/apache/httpcomponents/httpclient/4.0.2/httpclient-4.0.2.jar
[INFO] Downloaded: http://repo.maven.apache.org/maven2/org/apache/maven/doxia/doxia-core/1.2/doxia-core-1.2.jar (151 KB at 7921.5 KB/sec)
[INFO] Downloading: http://repo.maven.apache.org/maven2/org/apache/httpcomponents/httpcore/4.0.1/httpcore-4.0.1.jar
[INFO] Downloaded: http://repo.maven.apache.org/maven2/xml-apis/xml-apis/1.3.04/xml-apis-1.3.04.jar (190 KB at 11862.4 KB/sec)
[INFO] Downloading: http://repo.maven.apache.org/maven2/commons-codec/commons-codec/1.3/commons-codec-1.3.jar
[INFO] Downloaded: http://repo.maven.apache.org/maven2/backport-util-concurrent/backport-util-concurrent/3.1/backport-util-concurrent-3.1.jar (324 KB at 10798.0 KB/sec)
[INFO] Downloading: http://repo.maven.apache.org/maven2/commons-validator/commons-validator/1.3.1/commons-validator-1.3.1.jar
[INFO] Downloaded: http://repo.maven.apache.org/maven2/org/apache/httpcomponents/httpcore/4.0.1/httpcore-4.0.1.jar (169 KB at 10552.2 KB/sec)
[INFO] Downloading: http://repo.maven.apache.org/maven2/commons-beanutils/commons-beanutils/1.7.0/commons-beanutils-1.7.0.jar
[INFO] Downloaded: http://repo.maven.apache.org/maven2/org/apache/httpcomponents/httpclient/4.0.2/httpclient-4.0.2.jar (287 KB at 11917.7 KB/sec)
[INFO] Downloading: http://repo.maven.apache.org/maven2/commons-digester/commons-digester/1.6/commons-digester-1.6.jar
[INFO] Downloaded: http://repo.maven.apache.org/maven2/commons-codec/commons-codec/1.3/commons-codec-1.3.jar (46 KB at 3510.0 KB/sec)
[INFO] Downloading: http://repo.maven.apache.org/maven2/commons-logging/commons-logging/1.0.4/commons-logging-1.0.4.jar
[INFO] Downloaded: http://repo.maven.apache.org/maven2/commons-validator/commons-validator/1.3.1/commons-validator-1.3.1.jar (136 KB at 9046.6 KB/sec)
[INFO] Downloading: http://repo.maven.apache.org/maven2/org/apache/maven/doxia/doxia-sink-api/1.1.3/doxia-sink-api-1.1.3.jar
[INFO] Downloaded: http://repo.maven.apache.org/maven2/commons-beanutils/commons-beanutils/1.7.0/commons-beanutils-1.7.0.jar (185 KB at 11515.6 KB/sec)
[INFO] Downloading: http://repo.maven.apache.org/maven2/org/apache/maven/doxia/doxia-logging-api/1.1.3/doxia-logging-api-1.1.3.jar
[INFO] Downloaded: http://repo.maven.apache.org/maven2/commons-digester/commons-digester/1.6/commons-digester-1.6.jar (165 KB at 10281.1 KB/sec)
[INFO] Downloading: http://repo.maven.apache.org/maven2/org/apache/maven/doxia/doxia-decoration-model/1.1.3/doxia-decoration-model-1.1.3.jar
[INFO] Downloaded: http://repo.maven.apache.org/maven2/commons-logging/commons-logging/1.0.4/commons-logging-1.0.4.jar (38 KB at 3093.7 KB/sec)
[INFO] Downloading: http://repo.maven.apache.org/maven2/org/apache/maven/doxia/doxia-site-renderer/1.1.3/doxia-site-renderer-1.1.3.jar
[INFO] Downloaded: http://repo.maven.apache.org/maven2/xerces/xercesImpl/2.9.1/xercesImpl-2.9.1.jar (1201 KB at 21058.2 KB/sec)
[INFO] Downloading: http://repo.maven.apache.org/maven2/org/apache/maven/doxia/doxia-module-xhtml/1.1.3/doxia-module-xhtml-1.1.3.jar
[INFO] Downloaded: http://repo.maven.apache.org/maven2/org/apache/maven/doxia/doxia-sink-api/1.1.3/doxia-sink-api-1.1.3.jar (13 KB at 1126.3 KB/sec)
[INFO] Downloading: http://repo.maven.apache.org/maven2/org/apache/maven/doxia/doxia-module-fml/1.1.3/doxia-module-fml-1.1.3.jar
[INFO] Downloaded: http://repo.maven.apache.org/maven2/org/apache/maven/doxia/doxia-logging-api/1.1.3/doxia-logging-api-1.1.3.jar (12 KB at 1006.3 KB/sec)
[INFO] Downloading: http://repo.maven.apache.org/maven2/org/codehaus/plexus/plexus-i18n/1.0-beta-7/plexus-i18n-1.0-beta-7.jar
[INFO] Downloaded: http://repo.maven.apache.org/maven2/org/apache/maven/doxia/doxia-decoration-model/1.1.3/doxia-decoration-model-1.1.3.jar (52 KB at 3929.3 KB/sec)
[INFO] Downloading: http://repo.maven.apache.org/maven2/org/apache/maven/shared/maven-doxia-tools/1.2.1/maven-doxia-tools-1.2.1.jar
[INFO] Downloaded: http://repo.maven.apache.org/maven2/org/apache/maven/doxia/doxia-site-renderer/1.1.3/doxia-site-renderer-1.1.3.jar (50 KB at 4131.8 KB/sec)
[INFO] Downloading: http://repo.maven.apache.org/maven2/commons-io/commons-io/1.4/commons-io-1.4.jar
[INFO] Downloaded: http://repo.maven.apache.org/maven2/org/apache/maven/doxia/doxia-module-xhtml/1.1.3/doxia-module-xhtml-1.1.3.jar (15 KB at 1332.7 KB/sec)
[INFO] Downloading: http://repo.maven.apache.org/maven2/junit/junit/3.8.1/junit-3.8.1.jar
[INFO] Downloaded: http://repo.maven.apache.org/maven2/org/apache/maven/doxia/doxia-module-fml/1.1.3/doxia-module-fml-1.1.3.jar (37 KB at 3043.2 KB/sec)
[INFO] Downloading: http://repo.maven.apache.org/maven2/org/codehaus/plexus/plexus-resources/1.0-alpha-7/plexus-resources-1.0-alpha-7.jar
[INFO] Downloaded: http://repo.maven.apache.org/maven2/org/codehaus/plexus/plexus-i18n/1.0-beta-7/plexus-i18n-1.0-beta-7.jar (11 KB at 933.0 KB/sec)
[INFO] Downloading: http://repo.maven.apache.org/maven2/org/codehaus/plexus/plexus-utils/2.0.5/plexus-utils-2.0.5.jar
[INFO] Downloaded: http://repo.maven.apache.org/maven2/org/apache/maven/shared/maven-doxia-tools/1.2.1/maven-doxia-tools-1.2.1.jar (43 KB at 3833.6 KB/sec)
[INFO] Downloading: http://repo.maven.apache.org/maven2/org/codehaus/plexus/plexus-interpolation/1.13/plexus-interpolation-1.13.jar
[INFO] Downloaded: http://repo.maven.apache.org/maven2/commons-io/commons-io/1.4/commons-io-1.4.jar (107 KB at 7606.2 KB/sec)
[INFO] Downloaded: http://repo.maven.apache.org/maven2/org/codehaus/plexus/plexus-resources/1.0-alpha-7/plexus-resources-1.0-alpha-7.jar (23 KB at 1892.8 KB/sec)
[INFO] Downloading: http://repo.maven.apache.org/maven2/org/codehaus/plexus/plexus-velocity/1.1.8/plexus-velocity-1.1.8.jar
[INFO] Downloading: http://repo.maven.apache.org/maven2/com/puppycrawl/tools/checkstyle/5.5/checkstyle-5.5.jar
[INFO] Downloaded: http://repo.maven.apache.org/maven2/junit/junit/3.8.1/junit-3.8.1.jar (119 KB at 7882.2 KB/sec)
[INFO] Downloading: http://repo.maven.apache.org/maven2/antlr/antlr/2.7.7/antlr-2.7.7.jar
[INFO] Downloaded: http://repo.maven.apache.org/maven2/org/codehaus/plexus/plexus-interpolation/1.13/plexus-interpolation-1.13.jar (60 KB at 4586.6 KB/sec)
[INFO] Downloading: http://repo.maven.apache.org/maven2/commons-beanutils/commons-beanutils-core/1.8.3/commons-beanutils-core-1.8.3.jar
[INFO] Downloaded: http://repo.maven.apache.org/maven2/org/codehaus/plexus/plexus-velocity/1.1.8/plexus-velocity-1.1.8.jar (8 KB at 700.0 KB/sec)
[INFO] Downloading: http://repo.maven.apache.org/maven2/commons-cli/commons-cli/1.2/commons-cli-1.2.jar
[INFO] Downloaded: http://repo.maven.apache.org/maven2/org/codehaus/plexus/plexus-utils/2.0.5/plexus-utils-2.0.5.jar (218 KB at 10897.0 KB/sec)
[INFO] Downloading: http://repo.maven.apache.org/maven2/com/google/collections/google-collections/1.0/google-collections-1.0.jar
[INFO] Downloaded: http://repo.maven.apache.org/maven2/commons-cli/commons-cli/1.2/commons-cli-1.2.jar (41 KB at 3346.6 KB/sec)
[INFO] Downloading: http://repo.maven.apache.org/maven2/org/apache/velocity/velocity/1.5/velocity-1.5.jar
[INFO] Downloaded: http://repo.maven.apache.org/maven2/commons-beanutils/commons-beanutils-core/1.8.3/commons-beanutils-core-1.8.3.jar (202 KB at 10093.3 KB/sec)
[INFO] Downloading: http://repo.maven.apache.org/maven2/commons-lang/commons-lang/2.1/commons-lang-2.1.jar
[INFO] Downloaded: http://repo.maven.apache.org/maven2/antlr/antlr/2.7.7/antlr-2.7.7.jar (435 KB at 15530.4 KB/sec)
[INFO] Downloading: http://repo.maven.apache.org/maven2/oro/oro/2.0.8/oro-2.0.8.jar
[INFO] Downloaded: http://repo.maven.apache.org/maven2/com/puppycrawl/tools/checkstyle/5.5/checkstyle-5.5.jar (623 KB at 18321.4 KB/sec)
[INFO] Downloading: http://repo.maven.apache.org/maven2/commons-collections/commons-collections/3.2.1/commons-collections-3.2.1.jar
[INFO] Downloaded: http://repo.maven.apache.org/maven2/oro/oro/2.0.8/oro-2.0.8.jar (64 KB at 5311.0 KB/sec)
[INFO] Downloaded: http://repo.maven.apache.org/maven2/org/apache/velocity/velocity/1.5/velocity-1.5.jar (383 KB at 17406.1 KB/sec)
[INFO] Downloaded: http://repo.maven.apache.org/maven2/com/google/collections/google-collections/1.0/google-collections-1.0.jar (625 KB at 16881.1 KB/sec)
[INFO] Downloaded: http://repo.maven.apache.org/maven2/commons-lang/commons-lang/2.1/commons-lang-2.1.jar (203 KB at 8114.2 KB/sec)
[INFO] Downloaded: http://repo.maven.apache.org/maven2/commons-collections/commons-collections/3.2.1/commons-collections-3.2.1.jar (562 KB at 20068.0 KB/sec)
[INFO] 
[INFO] --- maven-install-plugin:2.4:install (default-install) @ parent ---
[INFO] Downloading: http://repo.maven.apache.org/maven2/org/codehaus/plexus/plexus-utils/3.0.5/plexus-utils-3.0.5.pom
[INFO] Downloaded: http://repo.maven.apache.org/maven2/org/codehaus/plexus/plexus-utils/3.0.5/plexus-utils-3.0.5.pom (3 KB at 223.0 KB/sec)
[INFO] Downloading: http://repo.maven.apache.org/maven2/org/codehaus/plexus/plexus/3.1/plexus-3.1.pom
[INFO] Downloaded: http://repo.maven.apache.org/maven2/org/codehaus/plexus/plexus/3.1/plexus-3.1.pom (19 KB at 1514.9 KB/sec)
[INFO] Downloading: http://repo.maven.apache.org/maven2/org/sonatype/spice/spice-parent/17/spice-parent-17.pom
[INFO] Downloaded: http://repo.maven.apache.org/maven2/org/sonatype/spice/spice-parent/17/spice-parent-17.pom (7 KB at 600.1 KB/sec)
[INFO] Downloading: http://repo.maven.apache.org/maven2/org/sonatype/forge/forge-parent/10/forge-parent-10.pom
[INFO] Downloaded: http://repo.maven.apache.org/maven2/org/sonatype/forge/forge-parent/10/forge-parent-10.pom (14 KB at 1203.8 KB/sec)
[INFO] Downloading: http://repo.maven.apache.org/maven2/org/codehaus/plexus/plexus-digest/1.0/plexus-digest-1.0.pom
[INFO] Downloaded: http://repo.maven.apache.org/maven2/org/codehaus/plexus/plexus-digest/1.0/plexus-digest-1.0.pom (2 KB at 79.6 KB/sec)
[INFO] Downloading: http://repo.maven.apache.org/maven2/org/codehaus/plexus/plexus-components/1.1.7/plexus-components-1.1.7.pom
[INFO] Downloaded: http://repo.maven.apache.org/maven2/org/codehaus/plexus/plexus-components/1.1.7/plexus-components-1.1.7.pom (5 KB at 68.4 KB/sec)
[INFO] Downloading: http://repo.maven.apache.org/maven2/org/codehaus/plexus/plexus-utils/3.0.5/plexus-utils-3.0.5.jar
[INFO] Downloading: http://repo.maven.apache.org/maven2/org/codehaus/plexus/plexus-digest/1.0/plexus-digest-1.0.jar
[INFO] Downloaded: http://repo.maven.apache.org/maven2/org/codehaus/plexus/plexus-digest/1.0/plexus-digest-1.0.jar (12 KB at 890.8 KB/sec)
[INFO] Downloaded: http://repo.maven.apache.org/maven2/org/codehaus/plexus/plexus-utils/3.0.5/plexus-utils-3.0.5.jar (226 KB at 5233.6 KB/sec)
[INFO] Installing /home/travis/build/square/retrofit/pom.xml to /home/travis/.m2/repository/com/squareup/retrofit/parent/1.5.2-SNAPSHOT/parent-1.5.2-SNAPSHOT.pom
[INFO]                                                                         
[INFO] ------------------------------------------------------------------------
[INFO] Building Retrofit 1.5.2-SNAPSHOT
[INFO] ------------------------------------------------------------------------
[INFO] Downloading: http://repo.maven.apache.org/maven2/org/apache/maven/plugins/maven-resources-plugin/2.6/maven-resources-plugin-2.6.pom
[INFO] Downloaded: http://repo.maven.apache.org/maven2/org/apache/maven/plugins/maven-resources-plugin/2.6/maven-resources-plugin-2.6.pom (8 KB at 660.4 KB/sec)
[INFO] Downloading: http://repo.maven.apache.org/maven2/org/apache/maven/plugins/maven-resources-plugin/2.6/maven-resources-plugin-2.6.jar
[INFO] Downloaded: http://repo.maven.apache.org/maven2/org/apache/maven/plugins/maven-resources-plugin/2.6/maven-resources-plugin-2.6.jar (29 KB at 2402.3 KB/sec)
[INFO] Downloading: http://repo.maven.apache.org/maven2/org/apache/maven/plugins/maven-compiler-plugin/3.0/maven-compiler-plugin-3.0.pom
[INFO] Downloaded: http://repo.maven.apache.org/maven2/org/apache/maven/plugins/maven-compiler-plugin/3.0/maven-compiler-plugin-3.0.pom (10 KB at 880.1 KB/sec)
[INFO] Downloading: http://repo.maven.apache.org/maven2/org/apache/maven/plugins/maven-compiler-plugin/3.0/maven-compiler-plugin-3.0.jar
[INFO] Downloaded: http://repo.maven.apache.org/maven2/org/apache/maven/plugins/maven-compiler-plugin/3.0/maven-compiler-plugin-3.0.jar (41 KB at 3677.8 KB/sec)
[INFO] Downloading: http://repo.maven.apache.org/maven2/org/apache/maven/plugins/maven-surefire-plugin/2.12.4/maven-surefire-plugin-2.12.4.pom
[INFO] Downloaded: http://repo.maven.apache.org/maven2/org/apache/maven/plugins/maven-surefire-plugin/2.12.4/maven-surefire-plugin-2.12.4.pom (11 KB at 930.0 KB/sec)
[INFO] Downloading: http://repo.maven.apache.org/maven2/org/apache/maven/surefire/surefire/2.12.4/surefire-2.12.4.pom
[INFO] Downloaded: http://repo.maven.apache.org/maven2/org/apache/maven/surefire/surefire/2.12.4/surefire-2.12.4.pom (14 KB at 1035.9 KB/sec)
[INFO] Downloading: http://repo.maven.apache.org/maven2/org/apache/maven/plugins/maven-surefire-plugin/2.12.4/maven-surefire-plugin-2.12.4.jar
[INFO] Downloaded: http://repo.maven.apache.org/maven2/org/apache/maven/plugins/maven-surefire-plugin/2.12.4/maven-surefire-plugin-2.12.4.jar (30 KB at 2704.4 KB/sec)
[INFO] Downloading: http://repo.maven.apache.org/maven2/org/apache/maven/plugins/maven-jar-plugin/2.4/maven-jar-plugin-2.4.pom
[INFO] Downloaded: http://repo.maven.apache.org/maven2/org/apache/maven/plugins/maven-jar-plugin/2.4/maven-jar-plugin-2.4.pom (6 KB at 517.9 KB/sec)
[INFO] Downloading: http://repo.maven.apache.org/maven2/org/apache/maven/plugins/maven-jar-plugin/2.4/maven-jar-plugin-2.4.jar
[INFO] Downloaded: http://repo.maven.apache.org/maven2/org/apache/maven/plugins/maven-jar-plugin/2.4/maven-jar-plugin-2.4.jar (34 KB at 3020.4 KB/sec)
[INFO] Downloading: https://oss.sonatype.org/content/repositories/releases/com/google/code/gson/gson/2.2.4/gson-2.2.4.pom
[INFO] Downloaded: https://oss.sonatype.org/content/repositories/releases/com/google/code/gson/gson/2.2.4/gson-2.2.4.pom (8 KB at 5.7 KB/sec)
[INFO] Downloading: https://repository.apache.org/releases/com/google/code/gson/gson/2.2.4/gson-2.2.4.pom
[INFO] Downloading: https://oss.sonatype.org/content/repositories/releases/com/google/android/android/4.1.1.4/android-4.1.1.4.pom
[INFO] Downloaded: https://oss.sonatype.org/content/repositories/releases/com/google/android/android/4.1.1.4/android-4.1.1.4.pom (3 KB at 9.5 KB/sec)
[INFO] Downloading: https://repository.apache.org/releases/com/google/android/android/4.1.1.4/android-4.1.1.4.pom
[INFO] Downloading: https://oss.sonatype.org/content/repositories/releases/org/apache/httpcomponents/httpclient/4.0.1/httpclient-4.0.1.pom
[INFO] Downloading: https://repository.apache.org/releases/org/apache/httpcomponents/httpclient/4.0.1/httpclient-4.0.1.pom
[INFO] Downloading: http://repo.maven.apache.org/maven2/org/apache/httpcomponents/httpclient/4.0.1/httpclient-4.0.1.pom
[INFO] Downloaded: http://repo.maven.apache.org/maven2/org/apache/httpcomponents/httpclient/4.0.1/httpclient-4.0.1.pom (7 KB at 664.1 KB/sec)
[INFO] Downloading: https://oss.sonatype.org/content/repositories/releases/org/apache/httpcomponents/httpcomponents-client/4.0.1/httpcomponents-client-4.0.1.pom
[INFO] Downloading: https://repository.apache.org/releases/org/apache/httpcomponents/httpcomponents-client/4.0.1/httpcomponents-client-4.0.1.pom
[INFO] Downloading: http://repo.maven.apache.org/maven2/org/apache/httpcomponents/httpcomponents-client/4.0.1/httpcomponents-client-4.0.1.pom
[INFO] Downloaded: http://repo.maven.apache.org/maven2/org/apache/httpcomponents/httpcomponents-client/4.0.1/httpcomponents-client-4.0.1.pom (9 KB at 816.2 KB/sec)
[INFO] Downloading: https://oss.sonatype.org/content/repositories/releases/org/khronos/opengl-api/gl1.1-android-2.1_r1/opengl-api-gl1.1-android-2.1_r1.pom
[INFO] Downloading: https://repository.apache.org/releases/org/khronos/opengl-api/gl1.1-android-2.1_r1/opengl-api-gl1.1-android-2.1_r1.pom
[INFO] Downloading: http://repo.maven.apache.org/maven2/org/khronos/opengl-api/gl1.1-android-2.1_r1/opengl-api-gl1.1-android-2.1_r1.pom
[INFO] Downloaded: http://repo.maven.apache.org/maven2/org/khronos/opengl-api/gl1.1-android-2.1_r1/opengl-api-gl1.1-android-2.1_r1.pom (2 KB at 139.6 KB/sec)
[INFO] Downloading: https://oss.sonatype.org/content/repositories/releases/xerces/xmlParserAPIs/2.6.2/xmlParserAPIs-2.6.2.pom
[INFO] Downloading: https://repository.apache.org/releases/xerces/xmlParserAPIs/2.6.2/xmlParserAPIs-2.6.2.pom
[INFO] Downloading: http://repo.maven.apache.org/maven2/xerces/xmlParserAPIs/2.6.2/xmlParserAPIs-2.6.2.pom
[INFO] Downloaded: http://repo.maven.apache.org/maven2/xerces/xmlParserAPIs/2.6.2/xmlParserAPIs-2.6.2.pom (153 B at 13.6 KB/sec)
[INFO] Downloading: https://oss.sonatype.org/content/repositories/releases/xpp3/xpp3/1.1.4c/xpp3-1.1.4c.pom
[INFO] Downloading: https://repository.apache.org/releases/xpp3/xpp3/1.1.4c/xpp3-1.1.4c.pom
[INFO] Downloading: http://repo.maven.apache.org/maven2/xpp3/xpp3/1.1.4c/xpp3-1.1.4c.pom
[INFO] Downloaded: http://repo.maven.apache.org/maven2/xpp3/xpp3/1.1.4c/xpp3-1.1.4c.pom (3 KB at 186.9 KB/sec)
[INFO] Downloading: https://oss.sonatype.org/content/repositories/releases/org/json/json/20080701/json-20080701.pom
[INFO] Downloading: https://repository.apache.org/releases/org/json/json/20080701/json-20080701.pom
[INFO] Downloading: http://repo.maven.apache.org/maven2/org/json/json/20080701/json-20080701.pom
[INFO] Downloaded: http://repo.maven.apache.org/maven2/org/json/json/20080701/json-20080701.pom (2 KB at 163.4 KB/sec)
[INFO] Downloading: https://oss.sonatype.org/content/repositories/releases/com/squareup/okhttp/okhttp/1.6.0/okhttp-1.6.0.pom
[INFO] Downloaded: https://oss.sonatype.org/content/repositories/releases/com/squareup/okhttp/okhttp/1.6.0/okhttp-1.6.0.pom (2 KB at 2.0 KB/sec)
[INFO] Downloading: https://repository.apache.org/releases/com/squareup/okhttp/okhttp/1.6.0/okhttp-1.6.0.pom
[INFO] Downloading: https://oss.sonatype.org/content/repositories/releases/com/squareup/okhttp/parent/1.6.0/parent-1.6.0.pom
[INFO] Downloaded: https://oss.sonatype.org/content/repositories/releases/com/squareup/okhttp/parent/1.6.0/parent-1.6.0.pom (7 KB at 23.9 KB/sec)
[INFO] Downloading: https://repository.apache.org/releases/com/squareup/okhttp/parent/1.6.0/parent-1.6.0.pom
[INFO] Downloading: https://oss.sonatype.org/content/repositories/releases/com/squareup/okhttp/okhttp-urlconnection/1.6.0/okhttp-urlconnection-1.6.0.pom
[INFO] Downloaded: https://oss.sonatype.org/content/repositories/releases/com/squareup/okhttp/okhttp-urlconnection/1.6.0/okhttp-urlconnection-1.6.0.pom (835 B at 2.4 KB/sec)
[INFO] Downloading: https://repository.apache.org/releases/com/squareup/okhttp/okhttp-urlconnection/1.6.0/okhttp-urlconnection-1.6.0.pom
[INFO] Downloading: https://oss.sonatype.org/content/repositories/releases/com/netflix/rxjava/rxjava-core/0.18.3/rxjava-core-0.18.3.pom
[INFO] Downloaded: https://oss.sonatype.org/content/repositories/releases/com/netflix/rxjava/rxjava-core/0.18.3/rxjava-core-0.18.3.pom (2 KB at 4.1 KB/sec)
[INFO] Downloading: https://repository.apache.org/releases/com/netflix/rxjava/rxjava-core/0.18.3/rxjava-core-0.18.3.pom
[INFO] Downloading: https://oss.sonatype.org/content/repositories/releases/com/google/appengine/appengine-api-1.0-sdk/1.8.9/appengine-api-1.0-sdk-1.8.9.pom
[INFO] Downloading: https://repository.apache.org/releases/com/google/appengine/appengine-api-1.0-sdk/1.8.9/appengine-api-1.0-sdk-1.8.9.pom
[INFO] Downloading: http://repo.maven.apache.org/maven2/com/google/appengine/appengine-api-1.0-sdk/1.8.9/appengine-api-1.0-sdk-1.8.9.pom
[INFO] Downloaded: http://repo.maven.apache.org/maven2/com/google/appengine/appengine-api-1.0-sdk/1.8.9/appengine-api-1.0-sdk-1.8.9.pom (605 B at 59.1 KB/sec)
[INFO] Downloading: https://oss.sonatype.org/content/repositories/releases/com/google/appengine/appengine/1.8.9/appengine-1.8.9.pom
[INFO] Downloading: https://repository.apache.org/releases/com/google/appengine/appengine/1.8.9/appengine-1.8.9.pom
[INFO] Downloading: http://repo.maven.apache.org/maven2/com/google/appengine/appengine/1.8.9/appengine-1.8.9.pom
[INFO] Downloaded: http://repo.maven.apache.org/maven2/com/google/appengine/appengine/1.8.9/appengine-1.8.9.pom (844 B at 91.6 KB/sec)
[INFO] Downloading: https://oss.sonatype.org/content/repositories/releases/org/sonatype/oss/oss-parent/4/oss-parent-4.pom
[INFO] Downloading: https://repository.apache.org/releases/org/sonatype/oss/oss-parent/4/oss-parent-4.pom
[INFO] Downloading: http://repo.maven.apache.org/maven2/org/sonatype/oss/oss-parent/4/oss-parent-4.pom
[INFO] Downloaded: http://repo.maven.apache.org/maven2/org/sonatype/oss/oss-parent/4/oss-parent-4.pom (4 KB at 325.5 KB/sec)
[INFO] Downloading: https://oss.sonatype.org/content/repositories/releases/junit/junit/4.10/junit-4.10.pom
[INFO] Downloaded: https://oss.sonatype.org/content/repositories/releases/junit/junit/4.10/junit-4.10.pom (3 KB at 9.4 KB/sec)
[INFO] Downloading: https://repository.apache.org/releases/junit/junit/4.10/junit-4.10.pom
[INFO] Downloading: https://oss.sonatype.org/content/repositories/releases/org/hamcrest/hamcrest-core/1.1/hamcrest-core-1.1.pom
[INFO] Downloaded: https://oss.sonatype.org/content/repositories/releases/org/hamcrest/hamcrest-core/1.1/hamcrest-core-1.1.pom (481 B at 2.0 KB/sec)
[INFO] Downloading: https://repository.apache.org/releases/org/hamcrest/hamcrest-core/1.1/hamcrest-core-1.1.pom
[INFO] Downloading: https://oss.sonatype.org/content/repositories/releases/org/hamcrest/hamcrest-parent/1.1/hamcrest-parent-1.1.pom
[INFO] Downloaded: https://oss.sonatype.org/content/repositories/releases/org/hamcrest/hamcrest-parent/1.1/hamcrest-parent-1.1.pom (6 KB at 36.3 KB/sec)
[INFO] Downloading: https://repository.apache.org/releases/org/hamcrest/hamcrest-parent/1.1/hamcrest-parent-1.1.pom
[INFO] Downloading: https://oss.sonatype.org/content/repositories/releases/org/assertj/assertj-core/1.5.0/assertj-core-1.5.0.pom
[INFO] Downloaded: https://oss.sonatype.org/content/repositories/releases/org/assertj/assertj-core/1.5.0/assertj-core-1.5.0.pom (5 KB at 13.9 KB/sec)
[INFO] Downloading: https://repository.apache.org/releases/org/assertj/assertj-core/1.5.0/assertj-core-1.5.0.pom
[INFO] Downloading: https://oss.sonatype.org/content/repositories/releases/org/assertj/assertj-parent-pom/1.2.2/assertj-parent-pom-1.2.2.pom
[INFO] Downloaded: https://oss.sonatype.org/content/repositories/releases/org/assertj/assertj-parent-pom/1.2.2/assertj-parent-pom-1.2.2.pom (10 KB at 36.5 KB/sec)
[INFO] Downloading: https://repository.apache.org/releases/org/assertj/assertj-parent-pom/1.2.2/assertj-parent-pom-1.2.2.pom
[INFO] Downloading: https://oss.sonatype.org/content/repositories/releases/org/mockito/mockito-core/1.9.5/mockito-core-1.9.5.pom
[INFO] Downloaded: https://oss.sonatype.org/content/repositories/releases/org/mockito/mockito-core/1.9.5/mockito-core-1.9.5.pom (2 KB at 6.3 KB/sec)
[INFO] Downloading: https://repository.apache.org/releases/org/mockito/mockito-core/1.9.5/mockito-core-1.9.5.pom
[INFO] Downloading: https://oss.sonatype.org/content/repositories/releases/org/objenesis/objenesis/1.0/objenesis-1.0.pom
[INFO] Downloaded: https://oss.sonatype.org/content/repositories/releases/org/objenesis/objenesis/1.0/objenesis-1.0.pom (853 B at 6.1 KB/sec)
[INFO] Downloading: https://repository.apache.org/releases/org/objenesis/objenesis/1.0/objenesis-1.0.pom
[INFO] Downloading: https://oss.sonatype.org/content/repositories/releases/com/google/guava/guava/16.0/guava-16.0.pom
[INFO] Downloaded: https://oss.sonatype.org/content/repositories/releases/com/google/guava/guava/16.0/guava-16.0.pom (6 KB at 28.6 KB/sec)
[INFO] Downloading: https://repository.apache.org/releases/com/google/guava/guava/16.0/guava-16.0.pom
[INFO] Downloading: https://oss.sonatype.org/content/repositories/releases/com/google/guava/guava-parent/16.0/guava-parent-16.0.pom
[INFO] Downloaded: https://oss.sonatype.org/content/repositories/releases/com/google/guava/guava-parent/16.0/guava-parent-16.0.pom (8 KB at 31.1 KB/sec)
[INFO] Downloading: https://repository.apache.org/releases/com/google/guava/guava-parent/16.0/guava-parent-16.0.pom
[INFO] Downloading: https://oss.sonatype.org/content/repositories/releases/com/squareup/okhttp/mockwebserver/1.6.0/mockwebserver-1.6.0.pom
[INFO] Downloaded: https://oss.sonatype.org/content/repositories/releases/com/squareup/okhttp/mockwebserver/1.6.0/mockwebserver-1.6.0.pom (2 KB at 6.8 KB/sec)
[INFO] Downloading: https://repository.apache.org/releases/com/squareup/okhttp/mockwebserver/1.6.0/mockwebserver-1.6.0.pom
[INFO] Downloading: https://oss.sonatype.org/content/repositories/releases/org/bouncycastle/bcprov-jdk15on/1.48/bcprov-jdk15on-1.48.pom
[INFO] Downloaded: https://oss.sonatype.org/content/repositories/releases/org/bouncycastle/bcprov-jdk15on/1.48/bcprov-jdk15on-1.48.pom (2 KB at 7.0 KB/sec)
[INFO] Downloading: https://repository.apache.org/releases/org/bouncycastle/bcprov-jdk15on/1.48/bcprov-jdk15on-1.48.pom
[INFO] Downloading: https://oss.sonatype.org/content/repositories/releases/com/google/code/gson/gson/2.2.4/gson-2.2.4.jar
[INFO] Downloading: https://oss.sonatype.org/content/repositories/releases/com/google/android/android/4.1.1.4/android-4.1.1.4.jar
[INFO] Downloading: https://oss.sonatype.org/content/repositories/releases/commons-logging/commons-logging/1.1.1/commons-logging-1.1.1.jar
[INFO] Downloading: https://oss.sonatype.org/content/repositories/releases/org/apache/httpcomponents/httpclient/4.0.1/httpclient-4.0.1.jar
[INFO] Downloading: https://oss.sonatype.org/content/repositories/releases/org/khronos/opengl-api/gl1.1-android-2.1_r1/opengl-api-gl1.1-android-2.1_r1.jar
[INFO] Downloading: https://oss.sonatype.org/content/repositories/releases/xerces/xmlParserAPIs/2.6.2/xmlParserAPIs-2.6.2.jar
[INFO] Downloading: https://oss.sonatype.org/content/repositories/releases/xpp3/xpp3/1.1.4c/xpp3-1.1.4c.jar
[INFO] Downloading: https://oss.sonatype.org/content/repositories/releases/org/json/json/20080701/json-20080701.jar
[INFO] Downloaded: https://oss.sonatype.org/content/repositories/releases/com/google/code/gson/gson/2.2.4/gson-2.2.4.jar (186 KB at 615.8 KB/sec)
[INFO] Downloading: https://oss.sonatype.org/content/repositories/releases/com/squareup/okhttp/okhttp/1.6.0/okhttp-1.6.0.jar
[INFO] Downloading: https://oss.sonatype.org/content/repositories/releases/com/squareup/okhttp/okhttp-urlconnection/1.6.0/okhttp-urlconnection-1.6.0.jar
[INFO] Downloading: https://oss.sonatype.org/content/repositories/releases/com/netflix/rxjava/rxjava-core/0.18.3/rxjava-core-0.18.3.jar
[INFO] Downloading: https://oss.sonatype.org/content/repositories/releases/com/google/appengine/appengine-api-1.0-sdk/1.8.9/appengine-api-1.0-sdk-1.8.9.jar
[INFO] Downloaded: https://oss.sonatype.org/content/repositories/releases/com/squareup/okhttp/okhttp/1.6.0/okhttp-1.6.0.jar (305 KB at 1259.1 KB/sec)
[INFO] Downloading: https://oss.sonatype.org/content/repositories/releases/junit/junit/4.10/junit-4.10.jar
[INFO] Downloading: https://oss.sonatype.org/content/repositories/releases/org/hamcrest/hamcrest-core/1.1/hamcrest-core-1.1.jar
[INFO] Downloaded: https://oss.sonatype.org/content/repositories/releases/junit/junit/4.10/junit-4.10.jar (248 KB at 1462.9 KB/sec)
[INFO] Downloading: https://oss.sonatype.org/content/repositories/releases/org/assertj/assertj-core/1.5.0/assertj-core-1.5.0.jar
[INFO] Downloaded: https://oss.sonatype.org/content/repositories/releases/com/squareup/okhttp/okhttp-urlconnection/1.6.0/okhttp-urlconnection-1.6.0.jar (3 KB at 8.7 KB/sec)
[INFO] Downloading: https://oss.sonatype.org/content/repositories/releases/org/mockito/mockito-core/1.9.5/mockito-core-1.9.5.jar
[INFO] Downloaded: https://oss.sonatype.org/content/repositories/releases/org/assertj/assertj-core/1.5.0/assertj-core-1.5.0.jar (563 KB at 2287.9 KB/sec)
[INFO] Downloading: https://oss.sonatype.org/content/repositories/releases/org/objenesis/objenesis/1.0/objenesis-1.0.jar
[INFO] Downloaded: https://oss.sonatype.org/content/repositories/releases/org/hamcrest/hamcrest-core/1.1/hamcrest-core-1.1.jar (75 KB at 164.5 KB/sec)
[INFO] Downloading: https://oss.sonatype.org/content/repositories/releases/com/google/guava/guava/16.0/guava-16.0.jar
[INFO] Downloaded: https://oss.sonatype.org/content/repositories/releases/org/objenesis/objenesis/1.0/objenesis-1.0.jar (28 KB at 152.5 KB/sec)
[INFO] Downloading: https://oss.sonatype.org/content/repositories/releases/com/squareup/okhttp/mockwebserver/1.6.0/mockwebserver-1.6.0.jar
[INFO] Downloaded: https://oss.sonatype.org/content/repositories/releases/com/netflix/rxjava/rxjava-core/0.18.3/rxjava-core-0.18.3.jar (555 KB at 770.4 KB/sec)
[INFO] Downloading: https://oss.sonatype.org/content/repositories/releases/org/bouncycastle/bcprov-jdk15on/1.48/bcprov-jdk15on-1.48.jar
[INFO] Downloaded: https://oss.sonatype.org/content/repositories/releases/com/squareup/okhttp/mockwebserver/1.6.0/mockwebserver-1.6.0.jar (38 KB at 199.1 KB/sec)
[INFO] Downloaded: https://oss.sonatype.org/content/repositories/releases/org/mockito/mockito-core/1.9.5/mockito-core-1.9.5.jar (1465 KB at 2397.5 KB/sec)
[INFO] Downloaded: https://oss.sonatype.org/content/repositories/releases/org/bouncycastle/bcprov-jdk15on/1.48/bcprov-jdk15on-1.48.jar (2264 KB at 7422.4 KB/sec)
[INFO] Downloaded: https://oss.sonatype.org/content/repositories/releases/com/google/android/android/4.1.1.4/android-4.1.1.4.jar (12645 KB at 8351.6 KB/sec)
[INFO] Downloaded: https://oss.sonatype.org/content/repositories/releases/com/google/guava/guava/16.0/guava-16.0.jar (2174 KB at 3846.5 KB/sec)
[INFO] Downloading: https://repository.apache.org/releases/com/google/code/gson/gson/2.2.4/gson-2.2.4.jar
[INFO] Downloading: https://repository.apache.org/releases/com/google/android/android/4.1.1.4/android-4.1.1.4.jar
[INFO] Downloading: https://repository.apache.org/releases/commons-logging/commons-logging/1.1.1/commons-logging-1.1.1.jar
[INFO] Downloading: https://repository.apache.org/releases/org/apache/httpcomponents/httpclient/4.0.1/httpclient-4.0.1.jar
[INFO] Downloading: https://repository.apache.org/releases/org/khronos/opengl-api/gl1.1-android-2.1_r1/opengl-api-gl1.1-android-2.1_r1.jar
[INFO] Downloading: https://repository.apache.org/releases/xerces/xmlParserAPIs/2.6.2/xmlParserAPIs-2.6.2.jar
[INFO] Downloading: https://repository.apache.org/releases/xpp3/xpp3/1.1.4c/xpp3-1.1.4c.jar
[INFO] Downloading: https://repository.apache.org/releases/org/json/json/20080701/json-20080701.jar
[INFO] Downloading: https://repository.apache.org/releases/com/squareup/okhttp/okhttp/1.6.0/okhttp-1.6.0.jar
[INFO] Downloading: https://repository.apache.org/releases/com/squareup/okhttp/okhttp-urlconnection/1.6.0/okhttp-urlconnection-1.6.0.jar
[INFO] Downloading: https://repository.apache.org/releases/com/netflix/rxjava/rxjava-core/0.18.3/rxjava-core-0.18.3.jar
[INFO] Downloading: https://repository.apache.org/releases/com/google/appengine/appengine-api-1.0-sdk/1.8.9/appengine-api-1.0-sdk-1.8.9.jar
[INFO] Downloading: https://repository.apache.org/releases/junit/junit/4.10/junit-4.10.jar
[INFO] Downloading: https://repository.apache.org/releases/org/hamcrest/hamcrest-core/1.1/hamcrest-core-1.1.jar
[INFO] Downloading: https://repository.apache.org/releases/org/assertj/assertj-core/1.5.0/assertj-core-1.5.0.jar
[INFO] Downloading: https://repository.apache.org/releases/org/mockito/mockito-core/1.9.5/mockito-core-1.9.5.jar
[INFO] Downloading: https://repository.apache.org/releases/org/objenesis/objenesis/1.0/objenesis-1.0.jar
[INFO] Downloading: https://repository.apache.org/releases/com/google/guava/guava/16.0/guava-16.0.jar
[INFO] Downloading: https://repository.apache.org/releases/com/squareup/okhttp/mockwebserver/1.6.0/mockwebserver-1.6.0.jar
[INFO] Downloading: https://repository.apache.org/releases/org/bouncycastle/bcprov-jdk15on/1.48/bcprov-jdk15on-1.48.jar
[INFO] Downloading: http://repo.maven.apache.org/maven2/commons-logging/commons-logging/1.1.1/commons-logging-1.1.1.jar
[INFO] Downloading: http://repo.maven.apache.org/maven2/org/apache/httpcomponents/httpclient/4.0.1/httpclient-4.0.1.jar
[INFO] Downloading: http://repo.maven.apache.org/maven2/org/khronos/opengl-api/gl1.1-android-2.1_r1/opengl-api-gl1.1-android-2.1_r1.jar
[INFO] Downloading: http://repo.maven.apache.org/maven2/xerces/xmlParserAPIs/2.6.2/xmlParserAPIs-2.6.2.jar
[INFO] Downloading: http://repo.maven.apache.org/maven2/xpp3/xpp3/1.1.4c/xpp3-1.1.4c.jar
[INFO] Downloaded: http://repo.maven.apache.org/maven2/commons-logging/commons-logging/1.1.1/commons-logging-1.1.1.jar (60 KB at 4558.7 KB/sec)
[INFO] Downloading: http://repo.maven.apache.org/maven2/org/json/json/20080701/json-20080701.jar
[INFO] Downloaded: http://repo.maven.apache.org/maven2/org/khronos/opengl-api/gl1.1-android-2.1_r1/opengl-api-gl1.1-android-2.1_r1.jar (19 KB at 950.5 KB/sec)
[INFO] Downloading: http://repo.maven.apache.org/maven2/com/google/appengine/appengine-api-1.0-sdk/1.8.9/appengine-api-1.0-sdk-1.8.9.jar
[INFO] Downloaded: http://repo.maven.apache.org/maven2/xpp3/xpp3/1.1.4c/xpp3-1.1.4c.jar (118 KB at 8375.3 KB/sec)
[INFO] Downloaded: http://repo.maven.apache.org/maven2/xerces/xmlParserAPIs/2.6.2/xmlParserAPIs-2.6.2.jar (122 KB at 6410.6 KB/sec)
[INFO] Downloaded: http://repo.maven.apache.org/maven2/org/json/json/20080701/json-20080701.jar (37 KB at 2311.7 KB/sec)
[INFO] Downloaded: http://repo.maven.apache.org/maven2/org/apache/httpcomponents/httpclient/4.0.1/httpclient-4.0.1.jar (285 KB at 9473.9 KB/sec)
[INFO] Downloaded: http://repo.maven.apache.org/maven2/com/google/appengine/appengine-api-1.0-sdk/1.8.9/appengine-api-1.0-sdk-1.8.9.jar (11882 KB at 36898.1 KB/sec)
[INFO] 
[INFO] --- maven-enforcer-plugin:1.0:enforce (enforce-maven) @ retrofit ---
[INFO] 
[INFO] --- maven-resources-plugin:2.6:resources (default-resources) @ retrofit ---
[INFO] Downloading: http://repo.maven.apache.org/maven2/org/apache/maven/maven-core/2.0.6/maven-core-2.0.6.pom
[INFO] Downloaded: http://repo.maven.apache.org/maven2/org/apache/maven/maven-core/2.0.6/maven-core-2.0.6.pom (7 KB at 595.8 KB/sec)
[INFO] Downloading: http://repo.maven.apache.org/maven2/org/apache/maven/maven-plugin-parameter-documenter/2.0.6/maven-plugin-parameter-documenter-2.0.6.pom
[INFO] Downloaded: http://repo.maven.apache.org/maven2/org/apache/maven/maven-plugin-parameter-documenter/2.0.6/maven-plugin-parameter-documenter-2.0.6.pom (2 KB at 186.6 KB/sec)
[INFO] Downloading: http://repo.maven.apache.org/maven2/org/apache/maven/maven-error-diagnostics/2.0.6/maven-error-diagnostics-2.0.6.pom
[INFO] Downloaded: http://repo.maven.apache.org/maven2/org/apache/maven/maven-error-diagnostics/2.0.6/maven-error-diagnostics-2.0.6.pom (2 KB at 151.3 KB/sec)
[INFO] Downloading: http://repo.maven.apache.org/maven2/org/apache/maven/maven-plugin-descriptor/2.0.6/maven-plugin-descriptor-2.0.6.pom
[INFO] Downloaded: http://repo.maven.apache.org/maven2/org/apache/maven/maven-plugin-descriptor/2.0.6/maven-plugin-descriptor-2.0.6.pom (2 KB at 197.1 KB/sec)
[INFO] Downloading: http://repo.maven.apache.org/maven2/org/apache/maven/maven-monitor/2.0.6/maven-monitor-2.0.6.pom
[INFO] Downloaded: http://repo.maven.apache.org/maven2/org/apache/maven/maven-monitor/2.0.6/maven-monitor-2.0.6.pom (2 KB at 111.3 KB/sec)
[INFO] Downloading: http://repo.maven.apache.org/maven2/org/apache/maven/shared/maven-filtering/1.1/maven-filtering-1.1.pom
[INFO] Downloaded: http://repo.maven.apache.org/maven2/org/apache/maven/shared/maven-filtering/1.1/maven-filtering-1.1.pom (6 KB at 513.9 KB/sec)
[INFO] Downloading: http://repo.maven.apache.org/maven2/org/codehaus/plexus/plexus-interpolation/1.12/plexus-interpolation-1.12.pom
[INFO] Downloaded: http://repo.maven.apache.org/maven2/org/codehaus/plexus/plexus-interpolation/1.12/plexus-interpolation-1.12.pom (889 B at 78.9 KB/sec)
[INFO] Downloading: http://repo.maven.apache.org/maven2/org/sonatype/plexus/plexus-build-api/0.0.4/plexus-build-api-0.0.4.pom
[INFO] Downloaded: http://repo.maven.apache.org/maven2/org/sonatype/plexus/plexus-build-api/0.0.4/plexus-build-api-0.0.4.pom (3 KB at 215.1 KB/sec)
[INFO] Downloading: http://repo.maven.apache.org/maven2/org/sonatype/spice/spice-parent/10/spice-parent-10.pom
[INFO] Downloaded: http://repo.maven.apache.org/maven2/org/sonatype/spice/spice-parent/10/spice-parent-10.pom (3 KB at 226.5 KB/sec)
[INFO] Downloading: http://repo.maven.apache.org/maven2/org/sonatype/forge/forge-parent/3/forge-parent-3.pom
[INFO] Downloaded: http://repo.maven.apache.org/maven2/org/sonatype/forge/forge-parent/3/forge-parent-3.pom (5 KB at 446.8 KB/sec)
[INFO] Downloading: http://repo.maven.apache.org/maven2/org/apache/maven/reporting/maven-reporting-api/2.0.6/maven-reporting-api-2.0.6.jar
[INFO] Downloading: http://repo.maven.apache.org/maven2/org/apache/maven/doxia/doxia-sink-api/1.0-alpha-7/doxia-sink-api-1.0-alpha-7.jar
[INFO] Downloading: http://repo.maven.apache.org/maven2/org/apache/maven/shared/maven-filtering/1.1/maven-filtering-1.1.jar
[INFO] Downloading: http://repo.maven.apache.org/maven2/org/sonatype/plexus/plexus-build-api/0.0.4/plexus-build-api-0.0.4.jar
[INFO] Downloaded: http://repo.maven.apache.org/maven2/org/apache/maven/reporting/maven-reporting-api/2.0.6/maven-reporting-api-2.0.6.jar (10 KB at 882.5 KB/sec)
[INFO] Downloaded: http://repo.maven.apache.org/maven2/org/apache/maven/doxia/doxia-sink-api/1.0-alpha-7/doxia-sink-api-1.0-alpha-7.jar (6 KB at 445.9 KB/sec)
[INFO] Downloaded: http://repo.maven.apache.org/maven2/org/sonatype/plexus/plexus-build-api/0.0.4/plexus-build-api-0.0.4.jar (7 KB at 554.1 KB/sec)
[INFO] Downloaded: http://repo.maven.apache.org/maven2/org/apache/maven/shared/maven-filtering/1.1/maven-filtering-1.1.jar (43 KB at 3238.1 KB/sec)
[INFO] Using 'UTF-8' encoding to copy filtered resources.
[INFO] skip non existing resourceDirectory /home/travis/build/square/retrofit/retrofit/src/main/resources
[INFO] 
[INFO] --- maven-compiler-plugin:3.0:compile (default-compile) @ retrofit ---
[INFO] Downloading: http://repo.maven.apache.org/maven2/org/codehaus/plexus/plexus-utils/1.5.1/plexus-utils-1.5.1.pom
[INFO] Downloaded: http://repo.maven.apache.org/maven2/org/codehaus/plexus/plexus-utils/1.5.1/plexus-utils-1.5.1.pom (3 KB at 186.8 KB/sec)
[INFO] Downloading: http://repo.maven.apache.org/maven2/org/apache/maven/maven-toolchain/1.0/maven-toolchain-1.0.pom
[INFO] Downloaded: http://repo.maven.apache.org/maven2/org/apache/maven/maven-toolchain/1.0/maven-toolchain-1.0.pom (4 KB at 277.8 KB/sec)
[INFO] Downloading: http://repo.maven.apache.org/maven2/org/apache/maven/shared/maven-shared-utils/0.1/maven-shared-utils-0.1.pom
[INFO] Downloaded: http://repo.maven.apache.org/maven2/org/apache/maven/shared/maven-shared-utils/0.1/maven-shared-utils-0.1.pom (4 KB at 359.3 KB/sec)
[INFO] Downloading: http://repo.maven.apache.org/maven2/org/apache/maven/shared/maven-shared-components/18/maven-shared-components-18.pom
[INFO] Downloaded: http://repo.maven.apache.org/maven2/org/apache/maven/shared/maven-shared-components/18/maven-shared-components-18.pom (5 KB at 481.8 KB/sec)
[INFO] Downloading: http://repo.maven.apache.org/maven2/com/google/code/findbugs/jsr305/2.0.1/jsr305-2.0.1.pom
[INFO] Downloaded: http://repo.maven.apache.org/maven2/com/google/code/findbugs/jsr305/2.0.1/jsr305-2.0.1.pom (965 B at 104.7 KB/sec)
[INFO] Downloading: http://repo.maven.apache.org/maven2/org/apache/maven/shared/maven-shared-incremental/1.0/maven-shared-incremental-1.0.pom
[INFO] Downloaded: http://repo.maven.apache.org/maven2/org/apache/maven/shared/maven-shared-incremental/1.0/maven-shared-incremental-1.0.pom (5 KB at 420.9 KB/sec)
[INFO] Downloading: http://repo.maven.apache.org/maven2/org/apache/maven/maven-core/2.2.1/maven-core-2.2.1.pom
[INFO] Downloaded: http://repo.maven.apache.org/maven2/org/apache/maven/maven-core/2.2.1/maven-core-2.2.1.pom (12 KB at 873.9 KB/sec)
[INFO] Downloading: http://repo.maven.apache.org/maven2/org/apache/maven/maven-plugin-parameter-documenter/2.2.1/maven-plugin-parameter-documenter-2.2.1.pom
[INFO] Downloaded: http://repo.maven.apache.org/maven2/org/apache/maven/maven-plugin-parameter-documenter/2.2.1/maven-plugin-parameter-documenter-2.2.1.pom (2 KB at 159.3 KB/sec)
[INFO] Downloading: http://repo.maven.apache.org/maven2/org/slf4j/slf4j-jdk14/1.5.6/slf4j-jdk14-1.5.6.pom
[INFO] Downloaded: http://repo.maven.apache.org/maven2/org/slf4j/slf4j-jdk14/1.5.6/slf4j-jdk14-1.5.6.pom (2 KB at 168.5 KB/sec)
[INFO] Downloading: http://repo.maven.apache.org/maven2/org/slf4j/slf4j-parent/1.5.6/slf4j-parent-1.5.6.pom
[INFO] Downloaded: http://repo.maven.apache.org/maven2/org/slf4j/slf4j-parent/1.5.6/slf4j-parent-1.5.6.pom (8 KB at 703.1 KB/sec)
[INFO] Downloading: http://repo.maven.apache.org/maven2/org/slf4j/slf4j-api/1.5.6/slf4j-api-1.5.6.pom
[INFO] Downloaded: http://repo.maven.apache.org/maven2/org/slf4j/slf4j-api/1.5.6/slf4j-api-1.5.6.pom (3 KB at 291.4 KB/sec)
[INFO] Downloading: http://repo.maven.apache.org/maven2/org/slf4j/jcl-over-slf4j/1.5.6/jcl-over-slf4j-1.5.6.pom
[INFO] Downloaded: http://repo.maven.apache.org/maven2/org/slf4j/jcl-over-slf4j/1.5.6/jcl-over-slf4j-1.5.6.pom (3 KB at 192.6 KB/sec)
[INFO] Downloading: http://repo.maven.apache.org/maven2/org/apache/maven/maven-error-diagnostics/2.2.1/maven-error-diagnostics-2.2.1.pom
[INFO] Downloaded: http://repo.maven.apache.org/maven2/org/apache/maven/maven-error-diagnostics/2.2.1/maven-error-diagnostics-2.2.1.pom (2 KB at 151.6 KB/sec)
[INFO] Downloading: http://repo.maven.apache.org/maven2/org/apache/maven/maven-plugin-descriptor/2.2.1/maven-plugin-descriptor-2.2.1.pom
[INFO] Downloaded: http://repo.maven.apache.org/maven2/org/apache/maven/maven-plugin-descriptor/2.2.1/maven-plugin-descriptor-2.2.1.pom (3 KB at 183.2 KB/sec)
[INFO] Downloading: http://repo.maven.apache.org/maven2/org/apache/maven/maven-monitor/2.2.1/maven-monitor-2.2.1.pom
[INFO] Downloaded: http://repo.maven.apache.org/maven2/org/apache/maven/maven-monitor/2.2.1/maven-monitor-2.2.1.pom (2 KB at 111.6 KB/sec)
[INFO] Downloading: http://repo.maven.apache.org/maven2/org/sonatype/plexus/plexus-sec-dispatcher/1.3/plexus-sec-dispatcher-1.3.pom
[INFO] Downloaded: http://repo.maven.apache.org/maven2/org/sonatype/plexus/plexus-sec-dispatcher/1.3/plexus-sec-dispatcher-1.3.pom (3 KB at 262.9 KB/sec)
[INFO] Downloading: http://repo.maven.apache.org/maven2/org/sonatype/spice/spice-parent/12/spice-parent-12.pom
[INFO] Downloaded: http://repo.maven.apache.org/maven2/org/sonatype/spice/spice-parent/12/spice-parent-12.pom (7 KB at 663.9 KB/sec)
[INFO] Downloading: http://repo.maven.apache.org/maven2/org/sonatype/forge/forge-parent/4/forge-parent-4.pom
[INFO] Downloaded: http://repo.maven.apache.org/maven2/org/sonatype/forge/forge-parent/4/forge-parent-4.pom (9 KB at 820.0 KB/sec)
[INFO] Downloading: http://repo.maven.apache.org/maven2/org/sonatype/plexus/plexus-cipher/1.4/plexus-cipher-1.4.pom
[INFO] Downloaded: http://repo.maven.apache.org/maven2/org/sonatype/plexus/plexus-cipher/1.4/plexus-cipher-1.4.pom (3 KB at 183.3 KB/sec)
[INFO] Downloading: http://repo.maven.apache.org/maven2/org/codehaus/plexus/plexus-component-annotations/1.5.5/plexus-component-annotations-1.5.5.pom
[INFO] Downloaded: http://repo.maven.apache.org/maven2/org/codehaus/plexus/plexus-component-annotations/1.5.5/plexus-component-annotations-1.5.5.pom (815 B at 66.3 KB/sec)
[INFO] Downloading: http://repo.maven.apache.org/maven2/org/codehaus/plexus/plexus-containers/1.5.5/plexus-containers-1.5.5.pom
[INFO] Downloaded: http://repo.maven.apache.org/maven2/org/codehaus/plexus/plexus-containers/1.5.5/plexus-containers-1.5.5.pom (5 KB at 414.1 KB/sec)
[INFO] Downloading: http://repo.maven.apache.org/maven2/org/codehaus/plexus/plexus/2.0.7/plexus-2.0.7.pom
[INFO] Downloaded: http://repo.maven.apache.org/maven2/org/codehaus/plexus/plexus/2.0.7/plexus-2.0.7.pom (17 KB at 1689.0 KB/sec)
[INFO] Downloading: http://repo.maven.apache.org/maven2/org/codehaus/plexus/plexus-compiler-api/2.0/plexus-compiler-api-2.0.pom
[INFO] Downloaded: http://repo.maven.apache.org/maven2/org/codehaus/plexus/plexus-compiler-api/2.0/plexus-compiler-api-2.0.pom (865 B at 76.8 KB/sec)
[INFO] Downloading: http://repo.maven.apache.org/maven2/org/codehaus/plexus/plexus-compiler/2.0/plexus-compiler-2.0.pom
[INFO] Downloaded: http://repo.maven.apache.org/maven2/org/codehaus/plexus/plexus-compiler/2.0/plexus-compiler-2.0.pom (4 KB at 352.7 KB/sec)
[INFO] Downloading: http://repo.maven.apache.org/maven2/org/codehaus/plexus/plexus-components/1.3/plexus-components-1.3.pom
[INFO] Downloaded: http://repo.maven.apache.org/maven2/org/codehaus/plexus/plexus-components/1.3/plexus-components-1.3.pom (3 KB at 271.5 KB/sec)
[INFO] Downloading: http://repo.maven.apache.org/maven2/org/codehaus/plexus/plexus/3.3/plexus-3.3.pom
[INFO] Downloaded: http://repo.maven.apache.org/maven2/org/codehaus/plexus/plexus/3.3/plexus-3.3.pom (20 KB at 1619.5 KB/sec)
[INFO] Downloading: http://repo.maven.apache.org/maven2/org/codehaus/plexus/plexus-utils/3.0.8/plexus-utils-3.0.8.pom
[INFO] Downloaded: http://repo.maven.apache.org/maven2/org/codehaus/plexus/plexus-utils/3.0.8/plexus-utils-3.0.8.pom (4 KB at 219.2 KB/sec)
[INFO] Downloading: http://repo.maven.apache.org/maven2/org/codehaus/plexus/plexus/3.2/plexus-3.2.pom
[INFO] Downloaded: http://repo.maven.apache.org/maven2/org/codehaus/plexus/plexus/3.2/plexus-3.2.pom (19 KB at 1830.7 KB/sec)
[INFO] Downloading: http://repo.maven.apache.org/maven2/org/codehaus/plexus/plexus-compiler-manager/2.0/plexus-compiler-manager-2.0.pom
[INFO] Downloaded: http://repo.maven.apache.org/maven2/org/codehaus/plexus/plexus-compiler-manager/2.0/plexus-compiler-manager-2.0.pom (690 B at 61.3 KB/sec)
[INFO] Downloading: http://repo.maven.apache.org/maven2/org/codehaus/plexus/plexus-compiler-javac/2.0/plexus-compiler-javac-2.0.pom
[INFO] Downloaded: http://repo.maven.apache.org/maven2/org/codehaus/plexus/plexus-compiler-javac/2.0/plexus-compiler-javac-2.0.pom (769 B at 75.1 KB/sec)
[INFO] Downloading: http://repo.maven.apache.org/maven2/org/codehaus/plexus/plexus-compilers/2.0/plexus-compilers-2.0.pom
[INFO] Downloaded: http://repo.maven.apache.org/maven2/org/codehaus/plexus/plexus-compilers/2.0/plexus-compilers-2.0.pom (2 KB at 121.2 KB/sec)
[INFO] Downloading: http://repo.maven.apache.org/maven2/org/codehaus/plexus/plexus-container-default/1.5.5/plexus-container-default-1.5.5.pom
[INFO] Downloaded: http://repo.maven.apache.org/maven2/org/codehaus/plexus/plexus-container-default/1.5.5/plexus-container-default-1.5.5.pom (3 KB at 244.6 KB/sec)
[INFO] Downloading: http://repo.maven.apache.org/maven2/org/codehaus/plexus/plexus-classworlds/2.2.2/plexus-classworlds-2.2.2.pom
[INFO] Downloaded: http://repo.maven.apache.org/maven2/org/codehaus/plexus/plexus-classworlds/2.2.2/plexus-classworlds-2.2.2.pom (4 KB at 303.0 KB/sec)
[INFO] Downloading: http://repo.maven.apache.org/maven2/org/apache/xbean/xbean-reflect/3.4/xbean-reflect-3.4.pom
[INFO] Downloaded: http://repo.maven.apache.org/maven2/org/apache/xbean/xbean-reflect/3.4/xbean-reflect-3.4.pom (3 KB at 152.4 KB/sec)
[INFO] Downloading: http://repo.maven.apache.org/maven2/org/apache/xbean/xbean/3.4/xbean-3.4.pom
[INFO] Downloaded: http://repo.maven.apache.org/maven2/org/apache/xbean/xbean/3.4/xbean-3.4.pom (19 KB at 1645.2 KB/sec)
[INFO] Downloading: http://repo.maven.apache.org/maven2/log4j/log4j/1.2.12/log4j-1.2.12.pom
[INFO] Downloaded: http://repo.maven.apache.org/maven2/log4j/log4j/1.2.12/log4j-1.2.12.pom (145 B at 11.8 KB/sec)
[INFO] Downloading: http://repo.maven.apache.org/maven2/commons-logging/commons-logging-api/1.1/commons-logging-api-1.1.pom
[INFO] Downloaded: http://repo.maven.apache.org/maven2/commons-logging/commons-logging-api/1.1/commons-logging-api-1.1.pom (6 KB at 474.7 KB/sec)
[INFO] Downloading: http://repo.maven.apache.org/maven2/org/codehaus/plexus/plexus-utils/1.5.1/plexus-utils-1.5.1.jar
[INFO] Downloading: http://repo.maven.apache.org/maven2/com/google/code/findbugs/jsr305/2.0.1/jsr305-2.0.1.jar
[INFO] Downloading: http://repo.maven.apache.org/maven2/org/codehaus/plexus/plexus-component-annotations/1.5.5/plexus-component-annotations-1.5.5.jar
[INFO] Downloading: http://repo.maven.apache.org/maven2/org/apache/maven/shared/maven-shared-incremental/1.0/maven-shared-incremental-1.0.jar
[INFO] Downloading: http://repo.maven.apache.org/maven2/org/apache/maven/shared/maven-shared-utils/0.1/maven-shared-utils-0.1.jar
[INFO] Downloaded: http://repo.maven.apache.org/maven2/org/codehaus/plexus/plexus-component-annotations/1.5.5/plexus-component-annotations-1.5.5.jar (5 KB at 373.8 KB/sec)
[INFO] Downloading: http://repo.maven.apache.org/maven2/org/codehaus/plexus/plexus-compiler-api/2.0/plexus-compiler-api-2.0.jar
[INFO] Downloaded: http://repo.maven.apache.org/maven2/org/apache/maven/shared/maven-shared-incremental/1.0/maven-shared-incremental-1.0.jar (13 KB at 1096.9 KB/sec)
[INFO] Downloading: http://repo.maven.apache.org/maven2/org/codehaus/plexus/plexus-compiler-manager/2.0/plexus-compiler-manager-2.0.jar
[INFO] Downloaded: http://repo.maven.apache.org/maven2/com/google/code/findbugs/jsr305/2.0.1/jsr305-2.0.1.jar (32 KB at 2829.0 KB/sec)
[INFO] Downloading: http://repo.maven.apache.org/maven2/org/codehaus/plexus/plexus-compiler-javac/2.0/plexus-compiler-javac-2.0.jar
[INFO] Downloaded: http://repo.maven.apache.org/maven2/org/apache/maven/shared/maven-shared-utils/0.1/maven-shared-utils-0.1.jar (151 KB at 7544.9 KB/sec)
[INFO] Downloading: http://repo.maven.apache.org/maven2/org/apache/xbean/xbean-reflect/3.4/xbean-reflect-3.4.jar
[INFO] Downloaded: http://repo.maven.apache.org/maven2/org/codehaus/plexus/plexus-compiler-api/2.0/plexus-compiler-api-2.0.jar (25 KB at 2440.0 KB/sec)
[INFO] Downloaded: http://repo.maven.apache.org/maven2/org/codehaus/plexus/plexus-compiler-javac/2.0/plexus-compiler-javac-2.0.jar (19 KB at 2048.5 KB/sec)
[INFO] Downloading: http://repo.maven.apache.org/maven2/log4j/log4j/1.2.12/log4j-1.2.12.jar
[INFO] Downloading: http://repo.maven.apache.org/maven2/commons-logging/commons-logging-api/1.1/commons-logging-api-1.1.jar
[INFO] Downloaded: http://repo.maven.apache.org/maven2/org/codehaus/plexus/plexus-compiler-manager/2.0/plexus-compiler-manager-2.0.jar (5 KB at 405.2 KB/sec)
[INFO] Downloading: http://repo.maven.apache.org/maven2/junit/junit/3.8.2/junit-3.8.2.jar
[INFO] Downloaded: http://repo.maven.apache.org/maven2/org/codehaus/plexus/plexus-utils/1.5.1/plexus-utils-1.5.1.jar (206 KB at 7913.2 KB/sec)
[INFO] Downloaded: http://repo.maven.apache.org/maven2/commons-logging/commons-logging-api/1.1/commons-logging-api-1.1.jar (44 KB at 3110.9 KB/sec)
[INFO] Downloaded: http://repo.maven.apache.org/maven2/log4j/log4j/1.2.12/log4j-1.2.12.jar (350 KB at 20570.1 KB/sec)
[INFO] Downloaded: http://repo.maven.apache.org/maven2/junit/junit/3.8.2/junit-3.8.2.jar (118 KB at 6930.1 KB/sec)
[INFO] Downloaded: http://repo.maven.apache.org/maven2/org/apache/xbean/xbean-reflect/3.4/xbean-reflect-3.4.jar (131 KB at 6878.4 KB/sec)
[INFO] Changes detected - recompiling the module!
[INFO] Compiling 66 source files to /home/travis/build/square/retrofit/retrofit/target/classes
[WARNING] /home/travis/build/square/retrofit/retrofit/src/main/java/retrofit/RestAdapter.java: /home/travis/build/square/retrofit/retrofit/src/main/java/retrofit/RestAdapter.java uses unchecked or unsafe operations.
[WARNING] /home/travis/build/square/retrofit/retrofit/src/main/java/retrofit/RestAdapter.java: Recompile with -Xlint:unchecked for details.
[INFO] 
[INFO] --- maven-resources-plugin:2.6:testResources (default-testResources) @ retrofit ---
[INFO] Using 'UTF-8' encoding to copy filtered resources.
[INFO] skip non existing resourceDirectory /home/travis/build/square/retrofit/retrofit/src/test/resources
[INFO] 
[INFO] --- maven-compiler-plugin:3.0:testCompile (default-testCompile) @ retrofit ---
[INFO] Changes detected - recompiling the module!
[INFO] Compiling 18 source files to /home/travis/build/square/retrofit/retrofit/target/test-classes
[WARNING] /home/travis/build/square/retrofit/retrofit/src/test/java/retrofit/CallbackRunnableTest.java: Some input files use unchecked or unsafe operations.
[WARNING] /home/travis/build/square/retrofit/retrofit/src/test/java/retrofit/CallbackRunnableTest.java: Recompile with -Xlint:unchecked for details.
[INFO] 
[INFO] --- maven-surefire-plugin:2.12.4:test (default-test) @ retrofit ---
[INFO] Downloading: http://repo.maven.apache.org/maven2/org/apache/maven/surefire/surefire-booter/2.12.4/surefire-booter-2.12.4.pom
[INFO] Downloaded: http://repo.maven.apache.org/maven2/org/apache/maven/surefire/surefire-booter/2.12.4/surefire-booter-2.12.4.pom (3 KB at 246.7 KB/sec)
[INFO] Downloading: http://repo.maven.apache.org/maven2/org/apache/maven/surefire/surefire-api/2.12.4/surefire-api-2.12.4.pom
[INFO] Downloaded: http://repo.maven.apache.org/maven2/org/apache/maven/surefire/surefire-api/2.12.4/surefire-api-2.12.4.pom (3 KB at 243.3 KB/sec)
[INFO] Downloading: http://repo.maven.apache.org/maven2/org/apache/maven/surefire/maven-surefire-common/2.12.4/maven-surefire-common-2.12.4.pom
[INFO] Downloaded: http://repo.maven.apache.org/maven2/org/apache/maven/surefire/maven-surefire-common/2.12.4/maven-surefire-common-2.12.4.pom (6 KB at 540.0 KB/sec)
[INFO] Downloading: http://repo.maven.apache.org/maven2/org/apache/maven/plugin-tools/maven-plugin-annotations/3.1/maven-plugin-annotations-3.1.pom
[INFO] Downloaded: http://repo.maven.apache.org/maven2/org/apache/maven/plugin-tools/maven-plugin-annotations/3.1/maven-plugin-annotations-3.1.pom (2 KB at 132.2 KB/sec)
[INFO] Downloading: http://repo.maven.apache.org/maven2/org/apache/maven/plugin-tools/maven-plugin-tools/3.1/maven-plugin-tools-3.1.pom
[INFO] Downloaded: http://repo.maven.apache.org/maven2/org/apache/maven/plugin-tools/maven-plugin-tools/3.1/maven-plugin-tools-3.1.pom (16 KB at 1580.5 KB/sec)
[INFO] Downloading: http://repo.maven.apache.org/maven2/org/apache/maven/maven-toolchain/2.0.9/maven-toolchain-2.0.9.pom
[INFO] Downloaded: http://repo.maven.apache.org/maven2/org/apache/maven/maven-toolchain/2.0.9/maven-toolchain-2.0.9.pom (4 KB at 308.6 KB/sec)
[INFO] Downloading: http://repo.maven.apache.org/maven2/org/apache/commons/commons-lang3/3.1/commons-lang3-3.1.pom
[INFO] Downloaded: http://repo.maven.apache.org/maven2/org/apache/commons/commons-lang3/3.1/commons-lang3-3.1.pom (17 KB at 1483.6 KB/sec)
[INFO] Downloading: http://repo.maven.apache.org/maven2/org/apache/commons/commons-parent/22/commons-parent-22.pom
[INFO] Downloaded: http://repo.maven.apache.org/maven2/org/apache/commons/commons-parent/22/commons-parent-22.pom (41 KB at 3721.4 KB/sec)
[INFO] Downloading: http://repo.maven.apache.org/maven2/org/apache/maven/shared/maven-common-artifact-filters/1.3/maven-common-artifact-filters-1.3.pom
[INFO] Downloaded: http://repo.maven.apache.org/maven2/org/apache/maven/shared/maven-common-artifact-filters/1.3/maven-common-artifact-filters-1.3.pom (4 KB at 361.5 KB/sec)
[INFO] Downloading: http://repo.maven.apache.org/maven2/org/apache/maven/shared/maven-shared-components/12/maven-shared-components-12.pom
[INFO] Downloaded: http://repo.maven.apache.org/maven2/org/apache/maven/shared/maven-shared-components/12/maven-shared-components-12.pom (10 KB at 1013.1 KB/sec)
[INFO] Downloading: http://repo.maven.apache.org/maven2/org/apache/maven/maven-parent/13/maven-parent-13.pom
[INFO] Downloaded: http://repo.maven.apache.org/maven2/org/apache/maven/maven-parent/13/maven-parent-13.pom (23 KB at 2210.4 KB/sec)
[INFO] Downloading: http://repo.maven.apache.org/maven2/org/apache/apache/6/apache-6.pom
[INFO] Downloaded: http://repo.maven.apache.org/maven2/org/apache/apache/6/apache-6.pom (13 KB at 1136.0 KB/sec)
[INFO] Downloading: http://repo.maven.apache.org/maven2/org/apache/maven/surefire/surefire-booter/2.12.4/surefire-booter-2.12.4.jar
[INFO] Downloading: http://repo.maven.apache.org/maven2/org/apache/maven/surefire/surefire-api/2.12.4/surefire-api-2.12.4.jar
[INFO] Downloading: http://repo.maven.apache.org/maven2/org/apache/maven/surefire/maven-surefire-common/2.12.4/maven-surefire-common-2.12.4.jar
[INFO] Downloading: http://repo.maven.apache.org/maven2/org/apache/commons/commons-lang3/3.1/commons-lang3-3.1.jar
[INFO] Downloading: http://repo.maven.apache.org/maven2/org/apache/maven/shared/maven-common-artifact-filters/1.3/maven-common-artifact-filters-1.3.jar
[INFO] Downloaded: http://repo.maven.apache.org/maven2/org/apache/maven/surefire/surefire-booter/2.12.4/surefire-booter-2.12.4.jar (34 KB at 3079.0 KB/sec)
[INFO] Downloading: http://repo.maven.apache.org/maven2/org/codehaus/plexus/plexus-utils/3.0.8/plexus-utils-3.0.8.jar
[INFO] Downloaded: http://repo.maven.apache.org/maven2/org/apache/maven/shared/maven-common-artifact-filters/1.3/maven-common-artifact-filters-1.3.jar (31 KB at 2527.6 KB/sec)
[INFO] Downloading: http://repo.maven.apache.org/maven2/org/apache/maven/plugin-tools/maven-plugin-annotations/3.1/maven-plugin-annotations-3.1.jar
[INFO] Downloaded: http://repo.maven.apache.org/maven2/org/apache/maven/surefire/surefire-api/2.12.4/surefire-api-2.12.4.jar (115 KB at 6379.3 KB/sec)
[INFO] Downloaded: http://repo.maven.apache.org/maven2/org/apache/maven/surefire/maven-surefire-common/2.12.4/maven-surefire-common-2.12.4.jar (257 KB at 13498.6 KB/sec)
[INFO] Downloaded: http://repo.maven.apache.org/maven2/org/apache/commons/commons-lang3/3.1/commons-lang3-3.1.jar (309 KB at 15420.2 KB/sec)
[INFO] Downloaded: http://repo.maven.apache.org/maven2/org/apache/maven/plugin-tools/maven-plugin-annotations/3.1/maven-plugin-annotations-3.1.jar (14 KB at 1521.6 KB/sec)
[INFO] Downloaded: http://repo.maven.apache.org/maven2/org/codehaus/plexus/plexus-utils/3.0.8/plexus-utils-3.0.8.jar (227 KB at 13317.0 KB/sec)
[INFO] Tests are skipped.
[INFO] 
[INFO] --- maven-jar-plugin:2.4:jar (default-jar) @ retrofit ---
[INFO] Downloading: http://repo.maven.apache.org/maven2/org/apache/maven/maven-archiver/2.5/maven-archiver-2.5.pom
[INFO] Downloaded: http://repo.maven.apache.org/maven2/org/apache/maven/maven-archiver/2.5/maven-archiver-2.5.pom (5 KB at 340.9 KB/sec)
[INFO] Downloading: http://repo.maven.apache.org/maven2/org/codehaus/plexus/plexus-archiver/2.1/plexus-archiver-2.1.pom
[INFO] Downloaded: http://repo.maven.apache.org/maven2/org/codehaus/plexus/plexus-archiver/2.1/plexus-archiver-2.1.pom (3 KB at 144.4 KB/sec)
[INFO] Downloading: http://repo.maven.apache.org/maven2/org/codehaus/plexus/plexus-utils/3.0/plexus-utils-3.0.pom
[INFO] Downloaded: http://repo.maven.apache.org/maven2/org/codehaus/plexus/plexus-utils/3.0/plexus-utils-3.0.pom (4 KB at 147.1 KB/sec)
[INFO] Downloading: http://repo.maven.apache.org/maven2/org/sonatype/spice/spice-parent/16/spice-parent-16.pom
[INFO] Downloaded: http://repo.maven.apache.org/maven2/org/sonatype/spice/spice-parent/16/spice-parent-16.pom (9 KB at 340.1 KB/sec)
[INFO] Downloading: http://repo.maven.apache.org/maven2/org/sonatype/forge/forge-parent/5/forge-parent-5.pom
[INFO] Downloaded: http://repo.maven.apache.org/maven2/org/sonatype/forge/forge-parent/5/forge-parent-5.pom (9 KB at 302.5 KB/sec)
[INFO] Downloading: http://repo.maven.apache.org/maven2/org/codehaus/plexus/plexus-io/2.0.2/plexus-io-2.0.2.pom
[INFO] Downloaded: http://repo.maven.apache.org/maven2/org/codehaus/plexus/plexus-io/2.0.2/plexus-io-2.0.2.pom (2 KB at 65.1 KB/sec)
[INFO] Downloading: http://repo.maven.apache.org/maven2/org/codehaus/plexus/plexus-components/1.1.19/plexus-components-1.1.19.pom
[INFO] Downloaded: http://repo.maven.apache.org/maven2/org/codehaus/plexus/plexus-components/1.1.19/plexus-components-1.1.19.pom (3 KB at 97.6 KB/sec)
[INFO] Downloading: http://repo.maven.apache.org/maven2/org/codehaus/plexus/plexus/3.0.1/plexus-3.0.1.pom
[INFO] Downloaded: http://repo.maven.apache.org/maven2/org/codehaus/plexus/plexus/3.0.1/plexus-3.0.1.pom (19 KB at 605.9 KB/sec)
[INFO] Downloading: http://repo.maven.apache.org/maven2/org/codehaus/plexus/plexus-interpolation/1.15/plexus-interpolation-1.15.pom
[INFO] Downloaded: http://repo.maven.apache.org/maven2/org/codehaus/plexus/plexus-interpolation/1.15/plexus-interpolation-1.15.pom (1018 B at 43.2 KB/sec)
[INFO] Downloading: http://repo.maven.apache.org/maven2/org/apache/maven/maven-archiver/2.5/maven-archiver-2.5.jar
[INFO] Downloading: http://repo.maven.apache.org/maven2/org/codehaus/plexus/plexus-interpolation/1.15/plexus-interpolation-1.15.jar
[INFO] Downloading: http://repo.maven.apache.org/maven2/org/codehaus/plexus/plexus-archiver/2.1/plexus-archiver-2.1.jar
[INFO] Downloading: http://repo.maven.apache.org/maven2/org/codehaus/plexus/plexus-io/2.0.2/plexus-io-2.0.2.jar
[INFO] Downloading: http://repo.maven.apache.org/maven2/org/codehaus/plexus/plexus-utils/3.0/plexus-utils-3.0.jar
[INFO] Downloaded: http://repo.maven.apache.org/maven2/org/apache/maven/maven-archiver/2.5/maven-archiver-2.5.jar (22 KB at 1936.5 KB/sec)
[INFO] Downloaded: http://repo.maven.apache.org/maven2/org/codehaus/plexus/plexus-io/2.0.2/plexus-io-2.0.2.jar (57 KB at 4741.6 KB/sec)
[INFO] Downloaded: http://repo.maven.apache.org/maven2/org/codehaus/plexus/plexus-archiver/2.1/plexus-archiver-2.1.jar (181 KB at 12865.4 KB/sec)
[INFO] Downloaded: http://repo.maven.apache.org/maven2/org/codehaus/plexus/plexus-interpolation/1.15/plexus-interpolation-1.15.jar (60 KB at 2567.7 KB/sec)
[INFO] Downloaded: http://repo.maven.apache.org/maven2/org/codehaus/plexus/plexus-utils/3.0/plexus-utils-3.0.jar (221 KB at 2122.8 KB/sec)
[INFO] Building jar: /home/travis/build/square/retrofit/retrofit/target/retrofit-1.5.2-SNAPSHOT.jar
[INFO] 
[INFO] --- maven-checkstyle-plugin:2.9.1:checkstyle (default) @ retrofit ---
[INFO] Starting audit...
Audit done.

[WARNING] Unable to locate Source XRef to link to - DISABLED
[INFO] 
[INFO] --- maven-install-plugin:2.4:install (default-install) @ retrofit ---
[INFO] Installing /home/travis/build/square/retrofit/retrofit/target/retrofit-1.5.2-SNAPSHOT.jar to /home/travis/.m2/repository/com/squareup/retrofit/retrofit/1.5.2-SNAPSHOT/retrofit-1.5.2-SNAPSHOT.jar
[INFO] Installing /home/travis/build/square/retrofit/retrofit/pom.xml to /home/travis/.m2/repository/com/squareup/retrofit/retrofit/1.5.2-SNAPSHOT/retrofit-1.5.2-SNAPSHOT.pom
[INFO]                                                                         
[INFO] ------------------------------------------------------------------------
[INFO] Building Converters 1.5.2-SNAPSHOT
[INFO] ------------------------------------------------------------------------
[INFO] 
[INFO] --- maven-enforcer-plugin:1.0:enforce (enforce-maven) @ retrofit-converters ---
[INFO] 
[INFO] --- maven-checkstyle-plugin:2.9.1:checkstyle (default) @ retrofit-converters ---
[INFO] 
[INFO] --- maven-install-plugin:2.4:install (default-install) @ retrofit-converters ---
[INFO] Installing /home/travis/build/square/retrofit/retrofit-converters/pom.xml to /home/travis/.m2/repository/com/squareup/retrofit/retrofit-converters/1.5.2-SNAPSHOT/retrofit-converters-1.5.2-SNAPSHOT.pom
[INFO]                                                                         
[INFO] ------------------------------------------------------------------------
[INFO] Building Converter: Protocol Buffers 1.5.2-SNAPSHOT
[INFO] ------------------------------------------------------------------------
[INFO] Downloading: https://oss.sonatype.org/content/repositories/releases/com/google/protobuf/protobuf-java/2.5.0/protobuf-java-2.5.0.pom
[INFO] Downloading: https://repository.apache.org/releases/com/google/protobuf/protobuf-java/2.5.0/protobuf-java-2.5.0.pom
[INFO] Downloading: http://repo.maven.apache.org/maven2/com/google/protobuf/protobuf-java/2.5.0/protobuf-java-2.5.0.pom
[INFO] Downloaded: http://repo.maven.apache.org/maven2/com/google/protobuf/protobuf-java/2.5.0/protobuf-java-2.5.0.pom (9 KB at 302.9 KB/sec)
[INFO] Downloading: https://oss.sonatype.org/content/repositories/releases/com/google/protobuf/protobuf-java/2.5.0/protobuf-java-2.5.0.jar
[INFO] Downloading: https://repository.apache.org/releases/com/google/protobuf/protobuf-java/2.5.0/protobuf-java-2.5.0.jar
[INFO] Downloading: http://repo.maven.apache.org/maven2/com/google/protobuf/protobuf-java/2.5.0/protobuf-java-2.5.0.jar
[INFO] Downloaded: http://repo.maven.apache.org/maven2/com/google/protobuf/protobuf-java/2.5.0/protobuf-java-2.5.0.jar (521 KB at 24807.2 KB/sec)
[INFO] 
[INFO] --- maven-enforcer-plugin:1.0:enforce (enforce-maven) @ converter-protobuf ---
[INFO] 
[INFO] --- maven-resources-plugin:2.6:resources (default-resources) @ converter-protobuf ---
[INFO] Using 'UTF-8' encoding to copy filtered resources.
[INFO] skip non existing resourceDirectory /home/travis/build/square/retrofit/retrofit-converters/protobuf/src/main/resources
[INFO] 
[INFO] --- maven-compiler-plugin:3.0:compile (default-compile) @ converter-protobuf ---
[INFO] Changes detected - recompiling the module!
[INFO] Compiling 1 source file to /home/travis/build/square/retrofit/retrofit-converters/protobuf/target/classes
[INFO] 
[INFO] --- maven-resources-plugin:2.6:testResources (default-testResources) @ converter-protobuf ---
[INFO] Using 'UTF-8' encoding to copy filtered resources.
[INFO] skip non existing resourceDirectory /home/travis/build/square/retrofit/retrofit-converters/protobuf/src/test/resources
[INFO] 
[INFO] --- maven-compiler-plugin:3.0:testCompile (default-testCompile) @ converter-protobuf ---
[INFO] Changes detected - recompiling the module!
[INFO] Compiling 2 source files to /home/travis/build/square/retrofit/retrofit-converters/protobuf/target/test-classes
[INFO] 
[INFO] --- maven-surefire-plugin:2.12.4:test (default-test) @ converter-protobuf ---
[INFO] Tests are skipped.
[INFO] 
[INFO] --- maven-jar-plugin:2.4:jar (default-jar) @ converter-protobuf ---
[INFO] Building jar: /home/travis/build/square/retrofit/retrofit-converters/protobuf/target/converter-protobuf-1.5.2-SNAPSHOT.jar
[INFO] 
[INFO] --- maven-checkstyle-plugin:2.9.1:checkstyle (default) @ converter-protobuf ---
[INFO] Starting audit...
Audit done.

[WARNING] Unable to locate Source XRef to link to - DISABLED
[INFO] 
[INFO] --- maven-install-plugin:2.4:install (default-install) @ converter-protobuf ---
[INFO] Installing /home/travis/build/square/retrofit/retrofit-converters/protobuf/target/converter-protobuf-1.5.2-SNAPSHOT.jar to /home/travis/.m2/repository/com/squareup/retrofit/converter-protobuf/1.5.2-SNAPSHOT/converter-protobuf-1.5.2-SNAPSHOT.jar
[INFO] Installing /home/travis/build/square/retrofit/retrofit-converters/protobuf/pom.xml to /home/travis/.m2/repository/com/squareup/retrofit/converter-protobuf/1.5.2-SNAPSHOT/converter-protobuf-1.5.2-SNAPSHOT.pom
[INFO]                                                                         
[INFO] ------------------------------------------------------------------------
[INFO] Building Converter: Jackson 1.5.2-SNAPSHOT
[INFO] ------------------------------------------------------------------------
[INFO] Downloading: https://oss.sonatype.org/content/repositories/releases/com/fasterxml/jackson/core/jackson-databind/2.3.1/jackson-databind-2.3.1.pom
[INFO] Downloaded: https://oss.sonatype.org/content/repositories/releases/com/fasterxml/jackson/core/jackson-databind/2.3.1/jackson-databind-2.3.1.pom (6 KB at 15.6 KB/sec)
[INFO] Downloading: https://repository.apache.org/releases/com/fasterxml/jackson/core/jackson-databind/2.3.1/jackson-databind-2.3.1.pom
[INFO] Downloading: https://oss.sonatype.org/content/repositories/releases/com/fasterxml/oss-parent/12/oss-parent-12.pom
[INFO] Downloaded: https://oss.sonatype.org/content/repositories/releases/com/fasterxml/oss-parent/12/oss-parent-12.pom (23 KB at 183.9 KB/sec)
[INFO] Downloading: https://repository.apache.org/releases/com/fasterxml/oss-parent/12/oss-parent-12.pom
[INFO] Downloading: https://oss.sonatype.org/content/repositories/releases/com/fasterxml/jackson/core/jackson-annotations/2.3.0/jackson-annotations-2.3.0.pom
[INFO] Downloaded: https://oss.sonatype.org/content/repositories/releases/com/fasterxml/jackson/core/jackson-annotations/2.3.0/jackson-annotations-2.3.0.pom (2 KB at 5.9 KB/sec)
[INFO] Downloading: https://repository.apache.org/releases/com/fasterxml/jackson/core/jackson-annotations/2.3.0/jackson-annotations-2.3.0.pom
[INFO] Downloading: https://oss.sonatype.org/content/repositories/releases/com/fasterxml/oss-parent/11/oss-parent-11.pom
[INFO] Downloaded: https://oss.sonatype.org/content/repositories/releases/com/fasterxml/oss-parent/11/oss-parent-11.pom (23 KB at 198.6 KB/sec)
[INFO] Downloading: https://repository.apache.org/releases/com/fasterxml/oss-parent/11/oss-parent-11.pom
[INFO] Downloading: https://oss.sonatype.org/content/repositories/releases/com/fasterxml/jackson/core/jackson-core/2.3.1/jackson-core-2.3.1.pom
[INFO] Downloaded: https://oss.sonatype.org/content/repositories/releases/com/fasterxml/jackson/core/jackson-core/2.3.1/jackson-core-2.3.1.pom (6 KB at 28.1 KB/sec)
[INFO] Downloading: https://repository.apache.org/releases/com/fasterxml/jackson/core/jackson-core/2.3.1/jackson-core-2.3.1.pom
[INFO] Downloading: https://oss.sonatype.org/content/repositories/releases/com/fasterxml/jackson/core/jackson-databind/2.3.1/jackson-databind-2.3.1.jar
[INFO] Downloading: https://oss.sonatype.org/content/repositories/releases/com/fasterxml/jackson/core/jackson-annotations/2.3.0/jackson-annotations-2.3.0.jar
[INFO] Downloading: https://oss.sonatype.org/content/repositories/releases/com/fasterxml/jackson/core/jackson-core/2.3.1/jackson-core-2.3.1.jar
[INFO] Downloaded: https://oss.sonatype.org/content/repositories/releases/com/fasterxml/jackson/core/jackson-annotations/2.3.0/jackson-annotations-2.3.0.jar (35 KB at 78.0 KB/sec)
[INFO] Downloaded: https://oss.sonatype.org/content/repositories/releases/com/fasterxml/jackson/core/jackson-databind/2.3.1/jackson-databind-2.3.1.jar (893 KB at 1764.6 KB/sec)
[INFO] Downloaded: https://oss.sonatype.org/content/repositories/releases/com/fasterxml/jackson/core/jackson-core/2.3.1/jackson-core-2.3.1.jar (194 KB at 320.1 KB/sec)
[INFO] Downloading: https://repository.apache.org/releases/com/fasterxml/jackson/core/jackson-databind/2.3.1/jackson-databind-2.3.1.jar
[INFO] Downloading: https://repository.apache.org/releases/com/fasterxml/jackson/core/jackson-annotations/2.3.0/jackson-annotations-2.3.0.jar
[INFO] Downloading: https://repository.apache.org/releases/com/fasterxml/jackson/core/jackson-core/2.3.1/jackson-core-2.3.1.jar
[INFO] 
[INFO] --- maven-enforcer-plugin:1.0:enforce (enforce-maven) @ converter-jackson ---
[INFO] 
[INFO] --- maven-resources-plugin:2.6:resources (default-resources) @ converter-jackson ---
[INFO] Using 'UTF-8' encoding to copy filtered resources.
[INFO] skip non existing resourceDirectory /home/travis/build/square/retrofit/retrofit-converters/jackson/src/main/resources
[INFO] 
[INFO] --- maven-compiler-plugin:3.0:compile (default-compile) @ converter-jackson ---
[INFO] Changes detected - recompiling the module!
[INFO] Compiling 1 source file to /home/travis/build/square/retrofit/retrofit-converters/jackson/target/classes
[INFO] 
[INFO] --- maven-resources-plugin:2.6:testResources (default-testResources) @ converter-jackson ---
[INFO] Using 'UTF-8' encoding to copy filtered resources.
[INFO] skip non existing resourceDirectory /home/travis/build/square/retrofit/retrofit-converters/jackson/src/test/resources
[INFO] 
[INFO] --- maven-compiler-plugin:3.0:testCompile (default-testCompile) @ converter-jackson ---
[INFO] Changes detected - recompiling the module!
[INFO] Compiling 1 source file to /home/travis/build/square/retrofit/retrofit-converters/jackson/target/test-classes
[INFO] 
[INFO] --- maven-surefire-plugin:2.12.4:test (default-test) @ converter-jackson ---
[INFO] Tests are skipped.
[INFO] 
[INFO] --- maven-jar-plugin:2.4:jar (default-jar) @ converter-jackson ---
[INFO] Building jar: /home/travis/build/square/retrofit/retrofit-converters/jackson/target/converter-jackson-1.5.2-SNAPSHOT.jar
[INFO] 
[INFO] --- maven-checkstyle-plugin:2.9.1:checkstyle (default) @ converter-jackson ---
[INFO] Starting audit...
Audit done.

[WARNING] Unable to locate Source XRef to link to - DISABLED
[INFO] 
[INFO] --- maven-install-plugin:2.4:install (default-install) @ converter-jackson ---
[INFO] Installing /home/travis/build/square/retrofit/retrofit-converters/jackson/target/converter-jackson-1.5.2-SNAPSHOT.jar to /home/travis/.m2/repository/com/squareup/retrofit/converter-jackson/1.5.2-SNAPSHOT/converter-jackson-1.5.2-SNAPSHOT.jar
[INFO] Installing /home/travis/build/square/retrofit/retrofit-converters/jackson/pom.xml to /home/travis/.m2/repository/com/squareup/retrofit/converter-jackson/1.5.2-SNAPSHOT/converter-jackson-1.5.2-SNAPSHOT.pom
[INFO]                                                                         
[INFO] ------------------------------------------------------------------------
[INFO] Building Converter: Wire Protocol Buffers 1.5.2-SNAPSHOT
[INFO] ------------------------------------------------------------------------
[INFO] Downloading: https://oss.sonatype.org/content/repositories/releases/com/squareup/wire/wire-runtime/1.2.0/wire-runtime-1.2.0.pom
[INFO] Downloaded: https://oss.sonatype.org/content/repositories/releases/com/squareup/wire/wire-runtime/1.2.0/wire-runtime-1.2.0.pom (668 B at 2.4 KB/sec)
[INFO] Downloading: https://repository.apache.org/releases/com/squareup/wire/wire-runtime/1.2.0/wire-runtime-1.2.0.pom
[INFO] Downloading: https://oss.sonatype.org/content/repositories/releases/com/squareup/wire/wire/1.2.0/wire-1.2.0.pom
[INFO] Downloaded: https://oss.sonatype.org/content/repositories/releases/com/squareup/wire/wire/1.2.0/wire-1.2.0.pom (4 KB at 12.3 KB/sec)
[INFO] Downloading: https://repository.apache.org/releases/com/squareup/wire/wire/1.2.0/wire-1.2.0.pom
[INFO] Downloading: https://oss.sonatype.org/content/repositories/releases/com/squareup/wire/wire-runtime/1.2.0/wire-runtime-1.2.0.jar
[INFO] Downloaded: https://oss.sonatype.org/content/repositories/releases/com/squareup/wire/wire-runtime/1.2.0/wire-runtime-1.2.0.jar (66 KB at 255.8 KB/sec)
[INFO] Downloading: https://repository.apache.org/releases/com/squareup/wire/wire-runtime/1.2.0/wire-runtime-1.2.0.jar
[INFO] 
[INFO] --- maven-enforcer-plugin:1.0:enforce (enforce-maven) @ converter-wire ---
[INFO] 
[INFO] --- maven-resources-plugin:2.6:resources (default-resources) @ converter-wire ---
[INFO] Using 'UTF-8' encoding to copy filtered resources.
[INFO] skip non existing resourceDirectory /home/travis/build/square/retrofit/retrofit-converters/wire/src/main/resources
[INFO] 
[INFO] --- maven-compiler-plugin:3.0:compile (default-compile) @ converter-wire ---
[INFO] Changes detected - recompiling the module!
[INFO] Compiling 1 source file to /home/travis/build/square/retrofit/retrofit-converters/wire/target/classes
[INFO] 
[INFO] --- maven-resources-plugin:2.6:testResources (default-testResources) @ converter-wire ---
[INFO] Using 'UTF-8' encoding to copy filtered resources.
[INFO] skip non existing resourceDirectory /home/travis/build/square/retrofit/retrofit-converters/wire/src/test/resources
[INFO] 
[INFO] --- maven-compiler-plugin:3.0:testCompile (default-testCompile) @ converter-wire ---
[INFO] Changes detected - recompiling the module!
[INFO] Compiling 2 source files to /home/travis/build/square/retrofit/retrofit-converters/wire/target/test-classes
[INFO] 
[INFO] --- maven-surefire-plugin:2.12.4:test (default-test) @ converter-wire ---
[INFO] Tests are skipped.
[INFO] 
[INFO] --- maven-jar-plugin:2.4:jar (default-jar) @ converter-wire ---
[INFO] Building jar: /home/travis/build/square/retrofit/retrofit-converters/wire/target/converter-wire-1.5.2-SNAPSHOT.jar
[INFO] 
[INFO] --- maven-checkstyle-plugin:2.9.1:checkstyle (default) @ converter-wire ---
[INFO] Starting audit...
Audit done.

[WARNING] Unable to locate Source XRef to link to - DISABLED
[INFO] 
[INFO] --- maven-install-plugin:2.4:install (default-install) @ converter-wire ---
[INFO] Installing /home/travis/build/square/retrofit/retrofit-converters/wire/target/converter-wire-1.5.2-SNAPSHOT.jar to /home/travis/.m2/repository/com/squareup/retrofit/converter-wire/1.5.2-SNAPSHOT/converter-wire-1.5.2-SNAPSHOT.jar
[INFO] Installing /home/travis/build/square/retrofit/retrofit-converters/wire/pom.xml to /home/travis/.m2/repository/com/squareup/retrofit/converter-wire/1.5.2-SNAPSHOT/converter-wire-1.5.2-SNAPSHOT.pom
[INFO]                                                                         
[INFO] ------------------------------------------------------------------------
[INFO] Building Converter: SimpleXML 1.5.2-SNAPSHOT
[INFO] ------------------------------------------------------------------------
[INFO] Downloading: https://oss.sonatype.org/content/repositories/releases/org/simpleframework/simple-xml/2.7.1/simple-xml-2.7.1.pom
[INFO] Downloaded: https://oss.sonatype.org/content/repositories/releases/org/simpleframework/simple-xml/2.7.1/simple-xml-2.7.1.pom (4 KB at 16.1 KB/sec)
[INFO] Downloading: https://repository.apache.org/releases/org/simpleframework/simple-xml/2.7.1/simple-xml-2.7.1.pom
[INFO] Downloading: https://oss.sonatype.org/content/repositories/releases/stax/stax-api/1.0.1/stax-api-1.0.1.pom
[INFO] Downloading: https://repository.apache.org/releases/stax/stax-api/1.0.1/stax-api-1.0.1.pom
[INFO] Downloading: http://repo.maven.apache.org/maven2/stax/stax-api/1.0.1/stax-api-1.0.1.pom
[INFO] Downloaded: http://repo.maven.apache.org/maven2/stax/stax-api/1.0.1/stax-api-1.0.1.pom (2 KB at 149.0 KB/sec)
[INFO] Downloading: https://oss.sonatype.org/content/repositories/releases/stax/stax/1.2.0/stax-1.2.0.pom
[INFO] Downloading: https://repository.apache.org/releases/stax/stax/1.2.0/stax-1.2.0.pom
[INFO] Downloading: http://repo.maven.apache.org/maven2/stax/stax/1.2.0/stax-1.2.0.pom
[INFO] Downloaded: http://repo.maven.apache.org/maven2/stax/stax/1.2.0/stax-1.2.0.pom (4 KB at 294.7 KB/sec)
[INFO] Downloading: https://oss.sonatype.org/content/repositories/releases/xpp3/xpp3/1.1.3.3/xpp3-1.1.3.3.pom
[INFO] Downloading: https://repository.apache.org/releases/xpp3/xpp3/1.1.3.3/xpp3-1.1.3.3.pom
[INFO] Downloading: http://repo.maven.apache.org/maven2/xpp3/xpp3/1.1.3.3/xpp3-1.1.3.3.pom
[INFO] Downloaded: http://repo.maven.apache.org/maven2/xpp3/xpp3/1.1.3.3/xpp3-1.1.3.3.pom (145 B at 14.2 KB/sec)
[INFO] Downloading: https://oss.sonatype.org/content/repositories/releases/org/simpleframework/simple-xml/2.7.1/simple-xml-2.7.1.jar
[INFO] Downloading: https://oss.sonatype.org/content/repositories/releases/stax/stax-api/1.0.1/stax-api-1.0.1.jar
[INFO] Downloading: https://oss.sonatype.org/content/repositories/releases/stax/stax/1.2.0/stax-1.2.0.jar
[INFO] Downloading: https://oss.sonatype.org/content/repositories/releases/xpp3/xpp3/1.1.3.3/xpp3-1.1.3.3.jar
[INFO] Downloaded: https://oss.sonatype.org/content/repositories/releases/org/simpleframework/simple-xml/2.7.1/simple-xml-2.7.1.jar (404 KB at 823.5 KB/sec)
[INFO] Downloading: https://repository.apache.org/releases/org/simpleframework/simple-xml/2.7.1/simple-xml-2.7.1.jar
[INFO] Downloading: https://repository.apache.org/releases/stax/stax-api/1.0.1/stax-api-1.0.1.jar
[INFO] Downloading: https://repository.apache.org/releases/stax/stax/1.2.0/stax-1.2.0.jar
[INFO] Downloading: https://repository.apache.org/releases/xpp3/xpp3/1.1.3.3/xpp3-1.1.3.3.jar
[INFO] Downloading: http://repo.maven.apache.org/maven2/stax/stax-api/1.0.1/stax-api-1.0.1.jar
[INFO] Downloading: http://repo.maven.apache.org/maven2/stax/stax/1.2.0/stax-1.2.0.jar
[INFO] Downloading: http://repo.maven.apache.org/maven2/xpp3/xpp3/1.1.3.3/xpp3-1.1.3.3.jar
[INFO] Downloaded: http://repo.maven.apache.org/maven2/stax/stax-api/1.0.1/stax-api-1.0.1.jar (26 KB at 995.9 KB/sec)
[INFO] Downloaded: http://repo.maven.apache.org/maven2/xpp3/xpp3/1.1.3.3/xpp3-1.1.3.3.jar (92 KB at 1600.1 KB/sec)
[INFO] Downloaded: http://repo.maven.apache.org/maven2/stax/stax/1.2.0/stax-1.2.0.jar (176 KB at 2575.6 KB/sec)
[INFO] 
[INFO] --- maven-enforcer-plugin:1.0:enforce (enforce-maven) @ converter-simplexml ---
[INFO] 
[INFO] --- maven-resources-plugin:2.6:resources (default-resources) @ converter-simplexml ---
[INFO] Using 'UTF-8' encoding to copy filtered resources.
[INFO] skip non existing resourceDirectory /home/travis/build/square/retrofit/retrofit-converters/simplexml/src/main/resources
[INFO] 
[INFO] --- maven-compiler-plugin:3.0:compile (default-compile) @ converter-simplexml ---
[INFO] Changes detected - recompiling the module!
[INFO] Compiling 1 source file to /home/travis/build/square/retrofit/retrofit-converters/simplexml/target/classes
[INFO] 
[INFO] --- maven-resources-plugin:2.6:testResources (default-testResources) @ converter-simplexml ---
[INFO] Using 'UTF-8' encoding to copy filtered resources.
[INFO] skip non existing resourceDirectory /home/travis/build/square/retrofit/retrofit-converters/simplexml/src/test/resources
[INFO] 
[INFO] --- maven-compiler-plugin:3.0:testCompile (default-testCompile) @ converter-simplexml ---
[INFO] Changes detected - recompiling the module!
[INFO] Compiling 1 source file to /home/travis/build/square/retrofit/retrofit-converters/simplexml/target/test-classes
[INFO] 
[INFO] --- maven-surefire-plugin:2.12.4:test (default-test) @ converter-simplexml ---
[INFO] Tests are skipped.
[INFO] 
[INFO] --- maven-jar-plugin:2.4:jar (default-jar) @ converter-simplexml ---
[INFO] Building jar: /home/travis/build/square/retrofit/retrofit-converters/simplexml/target/converter-simplexml-1.5.2-SNAPSHOT.jar
[INFO] 
[INFO] --- maven-checkstyle-plugin:2.9.1:checkstyle (default) @ converter-simplexml ---
[INFO] Starting audit...
Audit done.

[WARNING] Unable to locate Source XRef to link to - DISABLED
[INFO] 
[INFO] --- maven-install-plugin:2.4:install (default-install) @ converter-simplexml ---
[INFO] Installing /home/travis/build/square/retrofit/retrofit-converters/simplexml/target/converter-simplexml-1.5.2-SNAPSHOT.jar to /home/travis/.m2/repository/com/squareup/retrofit/converter-simplexml/1.5.2-SNAPSHOT/converter-simplexml-1.5.2-SNAPSHOT.jar
[INFO] Installing /home/travis/build/square/retrofit/retrofit-converters/simplexml/pom.xml to /home/travis/.m2/repository/com/squareup/retrofit/converter-simplexml/1.5.2-SNAPSHOT/converter-simplexml-1.5.2-SNAPSHOT.pom
[INFO]                                                                         
[INFO] ------------------------------------------------------------------------
[INFO] Building Retrofit Mock Adapter 1.5.2-SNAPSHOT
[INFO] ------------------------------------------------------------------------
[INFO] 
[INFO] --- maven-enforcer-plugin:1.0:enforce (enforce-maven) @ retrofit-mock ---
[INFO] 
[INFO] --- maven-resources-plugin:2.6:resources (default-resources) @ retrofit-mock ---
[INFO] Using 'UTF-8' encoding to copy filtered resources.
[INFO] skip non existing resourceDirectory /home/travis/build/square/retrofit/retrofit-mock/src/main/resources
[INFO] 
[INFO] --- maven-compiler-plugin:3.0:compile (default-compile) @ retrofit-mock ---
[INFO] Changes detected - recompiling the module!
[INFO] Compiling 5 source files to /home/travis/build/square/retrofit/retrofit-mock/target/classes
[WARNING] /home/travis/build/square/retrofit/retrofit-mock/src/main/java/retrofit/MockRestAdapter.java: /home/travis/build/square/retrofit/retrofit-mock/src/main/java/retrofit/MockRestAdapter.java uses unchecked or unsafe operations.
[WARNING] /home/travis/build/square/retrofit/retrofit-mock/src/main/java/retrofit/MockRestAdapter.java: Recompile with -Xlint:unchecked for details.
[INFO] 
[INFO] --- maven-resources-plugin:2.6:testResources (default-testResources) @ retrofit-mock ---
[INFO] Using 'UTF-8' encoding to copy filtered resources.
[INFO] skip non existing resourceDirectory /home/travis/build/square/retrofit/retrofit-mock/src/test/resources
[INFO] 
[INFO] --- maven-compiler-plugin:3.0:testCompile (default-testCompile) @ retrofit-mock ---
[INFO] Changes detected - recompiling the module!
[INFO] Compiling 1 source file to /home/travis/build/square/retrofit/retrofit-mock/target/test-classes
[INFO] 
[INFO] --- maven-surefire-plugin:2.12.4:test (default-test) @ retrofit-mock ---
[INFO] Tests are skipped.
[INFO] 
[INFO] --- maven-jar-plugin:2.4:jar (default-jar) @ retrofit-mock ---
[INFO] Building jar: /home/travis/build/square/retrofit/retrofit-mock/target/retrofit-mock-1.5.2-SNAPSHOT.jar
[INFO] 
[INFO] --- maven-checkstyle-plugin:2.9.1:checkstyle (default) @ retrofit-mock ---
[INFO] Starting audit...
Audit done.

[WARNING] Unable to locate Source XRef to link to - DISABLED
[INFO] 
[INFO] --- maven-install-plugin:2.4:install (default-install) @ retrofit-mock ---
[INFO] Installing /home/travis/build/square/retrofit/retrofit-mock/target/retrofit-mock-1.5.2-SNAPSHOT.jar to /home/travis/.m2/repository/com/squareup/retrofit/retrofit-mock/1.5.2-SNAPSHOT/retrofit-mock-1.5.2-SNAPSHOT.jar
[INFO] Installing /home/travis/build/square/retrofit/retrofit-mock/pom.xml to /home/travis/.m2/repository/com/squareup/retrofit/retrofit-mock/1.5.2-SNAPSHOT/retrofit-mock-1.5.2-SNAPSHOT.pom
[INFO]                                                                         
[INFO] ------------------------------------------------------------------------
[INFO] Building Samples 1.5.2-SNAPSHOT
[INFO] ------------------------------------------------------------------------
[INFO] 
[INFO] --- maven-enforcer-plugin:1.0:enforce (enforce-maven) @ parent ---
[INFO] 
[INFO] --- maven-checkstyle-plugin:2.9.1:checkstyle (default) @ parent ---
[INFO] 
[INFO] --- maven-install-plugin:2.4:install (default-install) @ parent ---
[INFO] Installing /home/travis/build/square/retrofit/retrofit-samples/pom.xml to /home/travis/.m2/repository/com/squareup/retrofit/samples/parent/1.5.2-SNAPSHOT/parent-1.5.2-SNAPSHOT.pom
[INFO]                                                                         
[INFO] ------------------------------------------------------------------------
[INFO] Building Sample: GitHub Client 1.5.2-SNAPSHOT
[INFO] ------------------------------------------------------------------------
[INFO] 
[INFO] --- maven-enforcer-plugin:1.0:enforce (enforce-maven) @ github-client ---
[INFO] 
[INFO] --- maven-resources-plugin:2.6:resources (default-resources) @ github-client ---
[INFO] Using 'UTF-8' encoding to copy filtered resources.
[INFO] skip non existing resourceDirectory /home/travis/build/square/retrofit/retrofit-samples/github-client/src/main/resources
[INFO] 
[INFO] --- maven-compiler-plugin:3.0:compile (default-compile) @ github-client ---
[INFO] Changes detected - recompiling the module!
[INFO] Compiling 1 source file to /home/travis/build/square/retrofit/retrofit-samples/github-client/target/classes
[INFO] 
[INFO] --- maven-resources-plugin:2.6:testResources (default-testResources) @ github-client ---
[INFO] Using 'UTF-8' encoding to copy filtered resources.
[INFO] skip non existing resourceDirectory /home/travis/build/square/retrofit/retrofit-samples/github-client/src/test/resources
[INFO] 
[INFO] --- maven-compiler-plugin:3.0:testCompile (default-testCompile) @ github-client ---
[INFO] No sources to compile
[INFO] 
[INFO] --- maven-surefire-plugin:2.12.4:test (default-test) @ github-client ---
[INFO] Tests are skipped.
[INFO] 
[INFO] --- maven-jar-plugin:2.4:jar (default-jar) @ github-client ---
[INFO] Building jar: /home/travis/build/square/retrofit/retrofit-samples/github-client/target/github-client-1.5.2-SNAPSHOT.jar
[INFO] 
[INFO] --- maven-checkstyle-plugin:2.9.1:checkstyle (default) @ github-client ---
[INFO] Starting audit...
Audit done.

[WARNING] Unable to locate Source XRef to link to - DISABLED
[INFO] 
[INFO] --- maven-install-plugin:2.4:install (default-install) @ github-client ---
[INFO] Installing /home/travis/build/square/retrofit/retrofit-samples/github-client/target/github-client-1.5.2-SNAPSHOT.jar to /home/travis/.m2/repository/com/squareup/retrofit/samples/github-client/1.5.2-SNAPSHOT/github-client-1.5.2-SNAPSHOT.jar
[INFO] Installing /home/travis/build/square/retrofit/retrofit-samples/github-client/pom.xml to /home/travis/.m2/repository/com/squareup/retrofit/samples/github-client/1.5.2-SNAPSHOT/github-client-1.5.2-SNAPSHOT.pom
[INFO]                                                                         
[INFO] ------------------------------------------------------------------------
[INFO] Building Sample: Mock GitHub Client 1.5.2-SNAPSHOT
[INFO] ------------------------------------------------------------------------
[INFO] 
[INFO] --- maven-enforcer-plugin:1.0:enforce (enforce-maven) @ mock-github-client ---
[INFO] 
[INFO] --- maven-resources-plugin:2.6:resources (default-resources) @ mock-github-client ---
[INFO] Using 'UTF-8' encoding to copy filtered resources.
[INFO] skip non existing resourceDirectory /home/travis/build/square/retrofit/retrofit-samples/mock-github-client/src/main/resources
[INFO] 
[INFO] --- maven-compiler-plugin:3.0:compile (default-compile) @ mock-github-client ---
[INFO] Changes detected - recompiling the module!
[INFO] Compiling 1 source file to /home/travis/build/square/retrofit/retrofit-samples/mock-github-client/target/classes
[INFO] 
[INFO] --- maven-resources-plugin:2.6:testResources (default-testResources) @ mock-github-client ---
[INFO] Using 'UTF-8' encoding to copy filtered resources.
[INFO] skip non existing resourceDirectory /home/travis/build/square/retrofit/retrofit-samples/mock-github-client/src/test/resources
[INFO] 
[INFO] --- maven-compiler-plugin:3.0:testCompile (default-testCompile) @ mock-github-client ---
[INFO] No sources to compile
[INFO] 
[INFO] --- maven-surefire-plugin:2.12.4:test (default-test) @ mock-github-client ---
[INFO] Tests are skipped.
[INFO] 
[INFO] --- maven-jar-plugin:2.4:jar (default-jar) @ mock-github-client ---
[INFO] Building jar: /home/travis/build/square/retrofit/retrofit-samples/mock-github-client/target/mock-github-client-1.5.2-SNAPSHOT.jar
[INFO] 
[INFO] --- maven-checkstyle-plugin:2.9.1:checkstyle (default) @ mock-github-client ---
[INFO] Starting audit...
Audit done.

[WARNING] Unable to locate Source XRef to link to - DISABLED
[INFO] 
[INFO] --- maven-install-plugin:2.4:install (default-install) @ mock-github-client ---
[INFO] Installing /home/travis/build/square/retrofit/retrofit-samples/mock-github-client/target/mock-github-client-1.5.2-SNAPSHOT.jar to /home/travis/.m2/repository/com/squareup/retrofit/samples/mock-github-client/1.5.2-SNAPSHOT/mock-github-client-1.5.2-SNAPSHOT.jar
[INFO] Installing /home/travis/build/square/retrofit/retrofit-samples/mock-github-client/pom.xml to /home/travis/.m2/repository/com/squareup/retrofit/samples/mock-github-client/1.5.2-SNAPSHOT/mock-github-client-1.5.2-SNAPSHOT.pom
[INFO] ------------------------------------------------------------------------
[INFO] Reactor Summary:
[INFO] 
[INFO] Retrofit (Parent) ................................. SUCCESS [  7.967 s]
[INFO] Retrofit .......................................... SUCCESS [ 30.793 s]
[INFO] Converters ........................................ SUCCESS [  0.021 s]
[INFO] Converter: Protocol Buffers ....................... SUCCESS [  2.334 s]
[INFO] Converter: Jackson ................................ SUCCESS [  4.143 s]
[INFO] Converter: Wire Protocol Buffers .................. SUCCESS [  2.251 s]
[INFO] Converter: SimpleXML .............................. SUCCESS [  2.914 s]
[INFO] Retrofit Mock Adapter ............................. SUCCESS [  0.939 s]
[INFO] Samples ........................................... SUCCESS [  0.016 s]
[INFO] Sample: GitHub Client ............................. SUCCESS [  0.517 s]
[INFO] Sample: Mock GitHub Client ........................ SUCCESS [  0.559 s]
[INFO] ------------------------------------------------------------------------
[INFO] BUILD SUCCESS
[INFO] ------------------------------------------------------------------------
[INFO] Total time: 53.286 s
[INFO] Finished at: 2014-06-02T23:04:42+00:00
[INFO] Final Memory: 35M/220M
[INFO] ------------------------------------------------------------------------
travis_fold:end:install$ mvn test -B
[INFO] Scanning for projects...
[INFO] ------------------------------------------------------------------------
[INFO] Reactor Build Order:
[INFO] 
[INFO] Retrofit (Parent)
[INFO] Retrofit
[INFO] Converters
[INFO] Converter: Protocol Buffers
[INFO] Converter: Jackson
[INFO] Converter: Wire Protocol Buffers
[INFO] Converter: SimpleXML
[INFO] Retrofit Mock Adapter
[INFO] Samples
[INFO] Sample: GitHub Client
[INFO] Sample: Mock GitHub Client
[INFO] 
[INFO] Using the builder org.apache.maven.lifecycle.internal.builder.singlethreaded.SingleThreadedBuilder with a thread count of 1
[INFO]                                                                         
[INFO] ------------------------------------------------------------------------
[INFO] Building Retrofit (Parent) 1.5.2-SNAPSHOT
[INFO] ------------------------------------------------------------------------
[INFO] 
[INFO] --- maven-enforcer-plugin:1.0:enforce (enforce-maven) @ parent ---
[INFO]                                                                         
[INFO] ------------------------------------------------------------------------
[INFO] Building Retrofit 1.5.2-SNAPSHOT
[INFO] ------------------------------------------------------------------------
[INFO] 
[INFO] --- maven-enforcer-plugin:1.0:enforce (enforce-maven) @ retrofit ---
[INFO] 
[INFO] --- maven-resources-plugin:2.6:resources (default-resources) @ retrofit ---
[INFO] Using 'UTF-8' encoding to copy filtered resources.
[INFO] skip non existing resourceDirectory /home/travis/build/square/retrofit/retrofit/src/main/resources
[INFO] 
[INFO] --- maven-compiler-plugin:3.0:compile (default-compile) @ retrofit ---
[INFO] Changes detected - recompiling the module!
[INFO] Compiling 66 source files to /home/travis/build/square/retrofit/retrofit/target/classes
[WARNING] /home/travis/build/square/retrofit/retrofit/src/main/java/retrofit/RestAdapter.java: /home/travis/build/square/retrofit/retrofit/src/main/java/retrofit/RestAdapter.java uses unchecked or unsafe operations.
[WARNING] /home/travis/build/square/retrofit/retrofit/src/main/java/retrofit/RestAdapter.java: Recompile with -Xlint:unchecked for details.
[INFO] 
[INFO] --- maven-resources-plugin:2.6:testResources (default-testResources) @ retrofit ---
[INFO] Using 'UTF-8' encoding to copy filtered resources.
[INFO] skip non existing resourceDirectory /home/travis/build/square/retrofit/retrofit/src/test/resources
[INFO] 
[INFO] --- maven-compiler-plugin:3.0:testCompile (default-testCompile) @ retrofit ---
[INFO] Changes detected - recompiling the module!
[INFO] Compiling 18 source files to /home/travis/build/square/retrofit/retrofit/target/test-classes
[WARNING] /home/travis/build/square/retrofit/retrofit/src/test/java/retrofit/CallbackRunnableTest.java: Some input files use unchecked or unsafe operations.
[WARNING] /home/travis/build/square/retrofit/retrofit/src/test/java/retrofit/CallbackRunnableTest.java: Recompile with -Xlint:unchecked for details.
[INFO] 
[INFO] --- maven-surefire-plugin:2.12.4:test (default-test) @ retrofit ---
[INFO] Surefire report directory: /home/travis/build/square/retrofit/retrofit/target/surefire-reports
[INFO] Downloading: http://repo.maven.apache.org/maven2/org/apache/maven/surefire/surefire-junit4/2.12.4/surefire-junit4-2.12.4.pom
[INFO] Downloaded: http://repo.maven.apache.org/maven2/org/apache/maven/surefire/surefire-junit4/2.12.4/surefire-junit4-2.12.4.pom (3 KB at 16.8 KB/sec)
[INFO] Downloading: http://repo.maven.apache.org/maven2/org/apache/maven/surefire/surefire-providers/2.12.4/surefire-providers-2.12.4.pom
[INFO] Downloaded: http://repo.maven.apache.org/maven2/org/apache/maven/surefire/surefire-providers/2.12.4/surefire-providers-2.12.4.pom (3 KB at 143.3 KB/sec)
[INFO] Downloading: http://repo.maven.apache.org/maven2/org/apache/maven/surefire/surefire-junit4/2.12.4/surefire-junit4-2.12.4.jar
[INFO] Downloaded: http://repo.maven.apache.org/maven2/org/apache/maven/surefire/surefire-junit4/2.12.4/surefire-junit4-2.12.4.jar (37 KB at 353.5 KB/sec)

-------------------------------------------------------
 T E S T S
-------------------------------------------------------
Running retrofit.RestMethodInfoTest
Tests run: 71, Failures: 0, Errors: 0, Skipped: 0, Time elapsed: 0.767 sec
Running retrofit.appengine.UrlFetchClientTest
Tests run: 6, Failures: 0, Errors: 0, Skipped: 0, Time elapsed: 0.425 sec
Running retrofit.RequestBuilderTest
Tests run: 48, Failures: 0, Errors: 0, Skipped: 0, Time elapsed: 0.172 sec
Running retrofit.CallbackRunnableTest
Tests run: 2, Failures: 0, Errors: 0, Skipped: 0, Time elapsed: 0.103 sec
Running retrofit.ErrorHandlerTest
Tests run: 4, Failures: 0, Errors: 0, Skipped: 0, Time elapsed: 0.044 sec
Running retrofit.mime.MimeUtilTest
Tests run: 1, Failures: 0, Errors: 0, Skipped: 0, Time elapsed: 0.001 sec
Running retrofit.mime.FormUrlEncodingTypedOutputTest
Tests run: 3, Failures: 0, Errors: 0, Skipped: 0, Time elapsed: 0.001 sec
Running retrofit.mime.MultipartTypedOutputTest
Tests run: 3, Failures: 0, Errors: 0, Skipped: 0, Time elapsed: 0 sec
Running retrofit.mime.TypedFileTest
Tests run: 3, Failures: 0, Errors: 0, Skipped: 0, Time elapsed: 0 sec
Running retrofit.mime.TypedByteArrayTest
Tests run: 1, Failures: 0, Errors: 0, Skipped: 0, Time elapsed: 0 sec
Running retrofit.RxSupportTest
Tests run: 7, Failures: 0, Errors: 0, Skipped: 0, Time elapsed: 0.218 sec
Running retrofit.RestAdapterTest
Tests run: 26, Failures: 0, Errors: 0, Skipped: 0, Time elapsed: 0.283 sec
Running retrofit.client.ApacheClientTest
Tests run: 6, Failures: 0, Errors: 0, Skipped: 0, Time elapsed: 0.021 sec
Running retrofit.client.ClientIntegrationTest
Jun 02, 2014 11:04:58 PM com.squareup.okhttp.mockwebserver.MockWebServer$3 processConnection
WARNING: MockWebServer connection didn't make a request
Jun 02, 2014 11:04:58 PM com.squareup.okhttp.mockwebserver.MockWebServer$3 processOneRequest
INFO: Received request: GET /get HTTP/1.1 and responded: HTTP/1.1 200 OK
Jun 02, 2014 11:04:58 PM com.squareup.okhttp.mockwebserver.MockWebServer$3 processOneRequest
INFO: Received request: POST /post HTTP/1.1 and responded: HTTP/1.1 200 OK
Jun 02, 2014 11:04:58 PM com.squareup.okhttp.mockwebserver.MockWebServer$3 processOneRequest
INFO: Received request: GET /get HTTP/1.1 and responded: HTTP/1.1 200 OK
Jun 02, 2014 11:04:58 PM com.squareup.okhttp.mockwebserver.MockWebServer$3 processOneRequest
INFO: Received request: POST /post HTTP/1.1 and responded: HTTP/1.1 200 OK
Tests run: 6, Failures: 0, Errors: 1, Skipped: 0, Time elapsed: 0.829 sec <<< FAILURE!
post[0](retrofit.client.ClientIntegrationTest)  Time elapsed: 0.542 sec  <<< ERROR!
retrofit.RetrofitError
	at retrofit.RetrofitError.networkError(RetrofitError.java:27)
	at retrofit.RestAdapter$RestHandler.invokeRequest(RestAdapter.java:384)
	at retrofit.RestAdapter$RestHandler.invoke(RestAdapter.java:240)
	at retrofit.client.$Proxy37.post(Unknown Source)
	at retrofit.client.ClientIntegrationTest.post(ClientIntegrationTest.java:76)
	at sun.reflect.NativeMethodAccessorImpl.invoke0(Native Method)
	at sun.reflect.NativeMethodAccessorImpl.invoke(NativeMethodAccessorImpl.java:57)
	at sun.reflect.DelegatingMethodAccessorImpl.invoke(DelegatingMethodAccessorImpl.java:43)
	at java.lang.reflect.Method.invoke(Method.java:606)
	at org.junit.runners.model.FrameworkMethod$1.runReflectiveCall(FrameworkMethod.java:45)
	at org.junit.internal.runners.model.ReflectiveCallable.run(ReflectiveCallable.java:15)
	at org.junit.runners.model.FrameworkMethod.invokeExplosively(FrameworkMethod.java:42)
	at org.junit.internal.runners.statements.InvokeMethod.evaluate(InvokeMethod.java:20)
	at org.junit.internal.runners.statements.RunBefores.evaluate(RunBefores.java:28)
	at org.junit.internal.runners.statements.RunAfters.evaluate(RunAfters.java:30)
	at org.junit.runners.ParentRunner.runLeaf(ParentRunner.java:263)
	at org.junit.runners.BlockJUnit4ClassRunner.runChild(BlockJUnit4ClassRunner.java:68)
	at org.junit.runners.BlockJUnit4ClassRunner.runChild(BlockJUnit4ClassRunner.java:47)
	at org.junit.runners.ParentRunner$3.run(ParentRunner.java:231)
	at org.junit.runners.ParentRunner$1.schedule(ParentRunner.java:60)
	at org.junit.runners.ParentRunner.runChildren(ParentRunner.java:229)
	at org.junit.runners.ParentRunner.access$000(ParentRunner.java:50)
	at org.junit.runners.ParentRunner$2.evaluate(ParentRunner.java:222)
	at org.junit.runners.ParentRunner.run(ParentRunner.java:300)
	at org.junit.runners.Suite.runChild(Suite.java:128)
	at org.junit.runners.Suite.runChild(Suite.java:24)
	at org.junit.runners.ParentRunner$3.run(ParentRunner.java:231)
	at org.junit.runners.ParentRunner$1.schedule(ParentRunner.java:60)
	at org.junit.runners.ParentRunner.runChildren(ParentRunner.java:229)
	at org.junit.runners.ParentRunner.access$000(ParentRunner.java:50)
	at org.junit.runners.ParentRunner$2.evaluate(ParentRunner.java:222)
	at org.junit.runners.ParentRunner.run(ParentRunner.java:300)
	at org.apache.maven.surefire.junit4.JUnit4Provider.execute(JUnit4Provider.java:252)
	at org.apache.maven.surefire.junit4.JUnit4Provider.executeTestSet(JUnit4Provider.java:141)
	at org.apache.maven.surefire.junit4.JUnit4Provider.invoke(JUnit4Provider.java:112)
	at sun.reflect.NativeMethodAccessorImpl.invoke0(Native Method)
	at sun.reflect.NativeMethodAccessorImpl.invoke(NativeMethodAccessorImpl.java:57)
	at sun.reflect.DelegatingMethodAccessorImpl.invoke(DelegatingMethodAccessorImpl.java:43)
	at java.lang.reflect.Method.invoke(Method.java:606)
	at org.apache.maven.surefire.util.ReflectionUtils.invokeMethodWithArray(ReflectionUtils.java:189)
	at org.apache.maven.surefire.booter.ProviderFactory$ProviderProxy.invoke(ProviderFactory.java:165)
	at org.apache.maven.surefire.booter.ProviderFactory.invokeProvider(ProviderFactory.java:85)
	at org.apache.maven.surefire.booter.ForkedBooter.runSuitesInProcess(ForkedBooter.java:115)
	at org.apache.maven.surefire.booter.ForkedBooter.main(ForkedBooter.java:75)
Caused by: java.io.InterruptedIOException
	at com.squareup.okhttp.internal.okio.Deadline.throwIfReached(Deadline.java:56)
	at com.squareup.okhttp.internal.okio.Okio$1.write(Okio.java:67)
	at com.squareup.okhttp.internal.okio.RealBufferedSink.flush(RealBufferedSink.java:137)
	at com.squareup.okhttp.internal.http.HttpConnection$FixedLengthSink.flush(HttpConnection.java:268)
	at com.squareup.okhttp.internal.okio.RealBufferedSink.flush(RealBufferedSink.java:139)
	at com.squareup.okhttp.internal.http.HttpEngine.readResponse(HttpEngine.java:567)
	at com.squareup.okhttp.internal.http.HttpURLConnectionImpl.execute(HttpURLConnectionImpl.java:381)
	at com.squareup.okhttp.internal.http.HttpURLConnectionImpl.getResponse(HttpURLConnectionImpl.java:328)
	at com.squareup.okhttp.internal.http.HttpURLConnectionImpl.getResponseCode(HttpURLConnectionImpl.java:493)
	at retrofit.client.UrlConnectionClient.readResponse(UrlConnectionClient.java:73)
	at retrofit.client.UrlConnectionClient.execute(UrlConnectionClient.java:38)
	at retrofit.RestAdapter$RestHandler.invokeRequest(RestAdapter.java:321)
	... 42 more

Running retrofit.client.UrlConnectionClientTest
Jun 02, 2014 11:04:58 PM com.squareup.okhttp.mockwebserver.MockWebServer$3 processOneRequest
INFO: Received request: GET /get HTTP/1.1 and responded: HTTP/1.1 200 OK
Tests run: 9, Failures: 0, Errors: 0, Skipped: 0, Time elapsed: 0.011 sec

Results :

Tests in error: 
  post[0](retrofit.client.ClientIntegrationTest)

Tests run: 196, Failures: 0, Errors: 1, Skipped: 0

[INFO] ------------------------------------------------------------------------
[INFO] Reactor Summary:
[INFO] 
[INFO] Retrofit (Parent) ................................. SUCCESS [  0.910 s]
[INFO] Retrofit .......................................... FAILURE [ 11.511 s]
[INFO] Converters ........................................ SKIPPED
[INFO] Converter: Protocol Buffers ....................... SKIPPED
[INFO] Converter: Jackson ................................ SKIPPED
[INFO] Converter: Wire Protocol Buffers .................. SKIPPED
[INFO] Converter: SimpleXML .............................. SKIPPED
[INFO] Retrofit Mock Adapter ............................. SKIPPED
[INFO] Samples ........................................... SKIPPED
[INFO] Sample: GitHub Client ............................. SKIPPED
[INFO] Sample: Mock GitHub Client ........................ SKIPPED
[INFO] ------------------------------------------------------------------------
[INFO] BUILD FAILURE
[INFO] ------------------------------------------------------------------------
[INFO] Total time: 13.147 s
[INFO] Finished at: 2014-06-02T23:04:58+00:00
[INFO] Final Memory: 22M/183M
[INFO] ------------------------------------------------------------------------
[ERROR] Failed to execute goal org.apache.maven.plugins:maven-surefire-plugin:2.12.4:test (default-test) on project retrofit: There are test failures.
[ERROR] 
[ERROR] Please refer to /home/travis/build/square/retrofit/retrofit/target/surefire-reports for the individual test results.
[ERROR] -> [Help 1]
[ERROR] 
[ERROR] To see the full stack trace of the errors, re-run Maven with the -e switch.
[ERROR] Re-run Maven using the -X switch to enable full debug logging.
[ERROR] 
[ERROR] For more information about the errors and possible solutions, please read the following articles:
[ERROR] [Help 1] http://cwiki.apache.org/confluence/display/MAVEN/MojoFailureException
[ERROR] 
[ERROR] After correcting the problems, you can resume the build with the command
[ERROR]   mvn <goals> -rf :retrofit

[31;1mThe command "mvn test -B" exited with 1.

Done. Your build exited with 1.
