Using worker: worker-linux-docker-62309e8b.prod.travis-ci.org:travis-linux-3

travis_fold:start:system_info[0K[33;1mBuild system information[0m
Build language: java
[34m[1mBuild image provisioning date and time[0m
Thu Feb  5 15:09:33 UTC 2015
[34m[1mOperating System Details[0m
Distributor ID:	Ubuntu
Description:	Ubuntu 12.04.5 LTS
Release:	12.04
Codename:	precise
[34m[1mLinux Version[0m
3.13.0-29-generic
[34m[1mCookbooks Version[0m
a68419e https://github.com/travis-ci/travis-cookbooks/tree/a68419e
[34m[1mGCC version[0m
gcc (Ubuntu/Linaro 4.6.3-1ubuntu5) 4.6.3
Copyright (C) 2011 Free Software Foundation, Inc.
This is free software; see the source for copying conditions.  There is NO
warranty; not even for MERCHANTABILITY or FITNESS FOR A PARTICULAR PURPOSE.

[34m[1mLLVM version[0m
clang version 3.4 (tags/RELEASE_34/final)
Target: x86_64-unknown-linux-gnu
Thread model: posix
[34m[1mPre-installed Ruby versions[0m
ruby-1.9.3-p551
[34m[1mPre-installed Node.js versions[0m
v0.10.36
[34m[1mPre-installed Go versions[0m
1.4.1
[34m[1mRedis version[0m
redis-server 2.8.19
[34m[1mriak version[0m
2.0.2
[34m[1mMongoDB version[0m
MongoDB 2.4.12
[34m[1mCouchDB version[0m
couchdb 1.6.1
[34m[1mNeo4j version[0m
1.9.4
[34m[1mRabbitMQ Version[0m
3.4.3
[34m[1mElasticSearch version[0m
1.4.0
[34m[1mInstalled Sphinx versions[0m
2.0.10
2.1.9
2.2.6
[34m[1mDefault Sphinx version[0m
2.2.6
[34m[1mInstalled Firefox version[0m
firefox 31.0esr
[34m[1mPhantomJS version[0m
1.9.8
[34m[1mant -version[0m
Apache Ant(TM) version 1.8.2 compiled on December 3 2011
[34m[1mmvn -version[0m
Apache Maven 3.2.5 (12a6b3acb947671f09b81f49094c53f426d8cea1; 2014-12-14T17:29:23+00:00)
Maven home: /usr/local/maven
Java version: 1.7.0_76, vendor: Oracle Corporation
Java home: /usr/lib/jvm/java-7-oracle/jre
Default locale: en_US, platform encoding: ANSI_X3.4-1968
OS name: "linux", version: "3.13.0-29-generic", arch: "amd64", family: "unix"
travis_fold:end:system_info[0K
travis_fold:start:git.checkout[0Ktravis_time:start:168e3bf9[0K$ git clone --depth=50 git://github.com/square/retrofit.git square/retrofit
Cloning into 'square/retrofit'...
remote: Counting objects: 1712, done.[K
remote: Compressing objects:   0% (1/814)   [Kremote: Compressing objects:   1% (9/814)   [Kremote: Compressing objects:   2% (17/814)   [Kremote: Compressing objects:   3% (25/814)   [Kremote: Compressing objects:   4% (33/814)   [Kremote: Compressing objects:   5% (41/814)   [Kremote: Compressing objects:   6% (49/814)   [Kremote: Compressing objects:   7% (57/814)   [Kremote: Compressing objects:   8% (66/814)   [Kremote: Compressing objects:   9% (74/814)   [Kremote: Compressing objects:  10% (82/814)   [Kremote: Compressing objects:  11% (90/814)   [Kremote: Compressing objects:  12% (98/814)   [Kremote: Compressing objects:  13% (106/814)   [Kremote: Compressing objects:  14% (114/814)   [Kremote: Compressing objects:  15% (123/814)   [Kremote: Compressing objects:  16% (131/814)   [Kremote: Compressing objects:  17% (139/814)   [Kremote: Compressing objects:  18% (147/814)   [Kremote: Compressing objects:  19% (155/814)   [Kremote: Compressing objects:  20% (163/814)   [Kremote: Compressing objects:  21% (171/814)   [Kremote: Compressing objects:  22% (180/814)   [Kremote: Compressing objects:  23% (188/814)   [Kremote: Compressing objects:  24% (196/814)   [Kremote: Compressing objects:  25% (204/814)   [Kremote: Compressing objects:  26% (212/814)   [Kremote: Compressing objects:  27% (220/814)   [Kremote: Compressing objects:  28% (228/814)   [Kremote: Compressing objects:  29% (237/814)   [Kremote: Compressing objects:  30% (245/814)   [Kremote: Compressing objects:  31% (253/814)   [Kremote: Compressing objects:  32% (261/814)   [Kremote: Compressing objects:  33% (269/814)   [Kremote: Compressing objects:  34% (277/814)   [Kremote: Compressing objects:  35% (285/814)   [Kremote: Compressing objects:  36% (294/814)   [Kremote: Compressing objects:  37% (302/814)   [Kremote: Compressing objects:  38% (310/814)   [Kremote: Compressing objects:  39% (318/814)   [Kremote: Compressing objects:  40% (326/814)   [Kremote: Compressing objects:  41% (334/814)   [Kremote: Compressing objects:  42% (342/814)   [Kremote: Compressing objects:  43% (351/814)   [Kremote: Compressing objects:  44% (359/814)   [Kremote: Compressing objects:  45% (367/814)   [Kremote: Compressing objects:  46% (375/814)   [Kremote: Compressing objects:  47% (383/814)   [Kremote: Compressing objects:  48% (391/814)   [Kremote: Compressing objects:  49% (399/814)   [Kremote: Compressing objects:  50% (407/814)   [Kremote: Compressing objects:  51% (416/814)   [Kremote: Compressing objects:  52% (424/814)   [Kremote: Compressing objects:  53% (432/814)   [Kremote: Compressing objects:  54% (440/814)   [Kremote: Compressing objects:  55% (448/814)   [Kremote: Compressing objects:  56% (456/814)   [Kremote: Compressing objects:  57% (464/814)   [Kremote: Compressing objects:  58% (473/814)   [Kremote: Compressing objects:  59% (481/814)   [Kremote: Compressing objects:  60% (489/814)   [Kremote: Compressing objects:  61% (497/814)   [Kremote: Compressing objects:  62% (505/814)   [Kremote: Compressing objects:  63% (513/814)   [Kremote: Compressing objects:  64% (521/814)   [Kremote: Compressing objects:  65% (530/814)   [Kremote: Compressing objects:  66% (538/814)   [Kremote: Compressing objects:  67% (546/814)   [Kremote: Compressing objects:  68% (554/814)   [Kremote: Compressing objects:  69% (562/814)   [Kremote: Compressing objects:  70% (570/814)   [Kremote: Compressing objects:  71% (578/814)   [Kremote: Compressing objects:  72% (587/814)   [Kremote: Compressing objects:  73% (595/814)   [Kremote: Compressing objects:  74% (603/814)   [Kremote: Compressing objects:  75% (611/814)   [Kremote: Compressing objects:  76% (619/814)   [Kremote: Compressing objects:  77% (627/814)   [Kremote: Compressing objects:  78% (635/814)   [Kremote: Compressing objects:  79% (644/814)   [Kremote: Compressing objects:  80% (652/814)   [Kremote: Compressing objects:  81% (660/814)   [Kremote: Compressing objects:  82% (668/814)   [Kremote: Compressing objects:  83% (676/814)   [Kremote: Compressing objects:  84% (684/814)   [Kremote: Compressing objects:  85% (692/814)   [Kremote: Compressing objects:  86% (701/814)   [Kremote: Compressing objects:  87% (709/814)   [Kremote: Compressing objects:  88% (717/814)   [Kremote: Compressing objects:  89% (725/814)   [Kremote: Compressing objects:  90% (733/814)   [Kremote: Compressing objects:  91% (741/814)   [Kremote: Compressing objects:  92% (749/814)   [Kremote: Compressing objects:  93% (758/814)   [Kremote: Compressing objects:  94% (766/814)   [Kremote: Compressing objects:  95% (774/814)   [Kremote: Compressing objects:  96% (782/814)   [Kremote: Compressing objects:  97% (790/814)   [Kremote: Compressing objects:  98% (798/814)   [Kremote: Compressing objects:  99% (806/814)   [Kremote: Compressing objects: 100% (814/814)   [Kremote: Compressing objects: 100% (814/814), done.[K
Receiving objects:   0% (1/1712)   Receiving objects:   1% (18/1712)   Receiving objects:   2% (35/1712)   Receiving objects:   3% (52/1712)   Receiving objects:   4% (69/1712)   Receiving objects:   5% (86/1712)   Receiving objects:   6% (103/1712)   Receiving objects:   7% (120/1712)   Receiving objects:   8% (137/1712)   Receiving objects:   9% (155/1712)   Receiving objects:  10% (172/1712)   Receiving objects:  11% (189/1712)   Receiving objects:  12% (206/1712)   Receiving objects:  13% (223/1712)   Receiving objects:  14% (240/1712)   Receiving objects:  15% (257/1712)   Receiving objects:  16% (274/1712)   Receiving objects:  17% (292/1712)   Receiving objects:  18% (309/1712)   Receiving objects:  19% (326/1712)   Receiving objects:  20% (343/1712)   Receiving objects:  21% (360/1712)   Receiving objects:  22% (377/1712)   Receiving objects:  23% (394/1712)   Receiving objects:  24% (411/1712)   Receiving objects:  25% (428/1712)   Receiving objects:  26% (446/1712)   Receiving objects:  27% (463/1712)   Receiving objects:  28% (480/1712)   Receiving objects:  29% (497/1712)   Receiving objects:  30% (514/1712)   Receiving objects:  31% (531/1712)   Receiving objects:  32% (548/1712)   Receiving objects:  33% (565/1712)   Receiving objects:  34% (583/1712)   Receiving objects:  35% (600/1712)   Receiving objects:  36% (617/1712)   Receiving objects:  37% (634/1712)   Receiving objects:  38% (651/1712)   Receiving objects:  39% (668/1712)   Receiving objects:  40% (685/1712)   Receiving objects:  41% (702/1712)   Receiving objects:  42% (720/1712)   Receiving objects:  43% (737/1712)   Receiving objects:  44% (754/1712)   Receiving objects:  45% (771/1712)   Receiving objects:  46% (788/1712)   Receiving objects:  47% (805/1712)   Receiving objects:  48% (822/1712)   Receiving objects:  49% (839/1712)   Receiving objects:  50% (856/1712)   Receiving objects:  51% (874/1712)   Receiving objects:  52% (891/1712)   Receiving objects:  53% (908/1712)   Receiving objects:  54% (925/1712)   Receiving objects:  55% (942/1712)   Receiving objects:  56% (959/1712)   Receiving objects:  57% (976/1712)   Receiving objects:  58% (993/1712)   Receiving objects:  59% (1011/1712)   Receiving objects:  60% (1028/1712)   Receiving objects:  61% (1045/1712)   Receiving objects:  62% (1062/1712)   Receiving objects:  63% (1079/1712)   Receiving objects:  64% (1096/1712)   Receiving objects:  65% (1113/1712)   Receiving objects:  66% (1130/1712)   Receiving objects:  67% (1148/1712)   Receiving objects:  68% (1165/1712)   Receiving objects:  69% (1182/1712)   Receiving objects:  70% (1199/1712)   Receiving objects:  71% (1216/1712)   Receiving objects:  72% (1233/1712)   Receiving objects:  73% (1250/1712)   Receiving objects:  74% (1267/1712)   Receiving objects:  75% (1284/1712)   Receiving objects:  76% (1302/1712)   Receiving objects:  77% (1319/1712)   Receiving objects:  78% (1336/1712)   remote: Total 1712 (delta 581), reused 1470 (delta 411), pack-reused 0[K
Receiving objects:  79% (1353/1712)   Receiving objects:  80% (1370/1712)   Receiving objects:  81% (1387/1712)   Receiving objects:  82% (1404/1712)   Receiving objects:  83% (1421/1712)   Receiving objects:  84% (1439/1712)   Receiving objects:  85% (1456/1712)   Receiving objects:  86% (1473/1712)   Receiving objects:  87% (1490/1712)   Receiving objects:  88% (1507/1712)   Receiving objects:  89% (1524/1712)   Receiving objects:  90% (1541/1712)   Receiving objects:  91% (1558/1712)   Receiving objects:  92% (1576/1712)   Receiving objects:  93% (1593/1712)   Receiving objects:  94% (1610/1712)   Receiving objects:  95% (1627/1712)   Receiving objects:  96% (1644/1712)   Receiving objects:  97% (1661/1712)   Receiving objects:  98% (1678/1712)   Receiving objects:  99% (1695/1712)   Receiving objects: 100% (1712/1712)   Receiving objects: 100% (1712/1712), 439.62 KiB | 0 bytes/s, done.
Resolving deltas:   0% (0/581)   Resolving deltas:   1% (9/581)   Resolving deltas:   3% (18/581)   Resolving deltas:   4% (24/581)   Resolving deltas:   7% (46/581)   Resolving deltas:   8% (47/581)   Resolving deltas:  11% (67/581)   Resolving deltas:  12% (70/581)   Resolving deltas:  15% (88/581)   Resolving deltas:  16% (94/581)   Resolving deltas:  17% (102/581)   Resolving deltas:  18% (105/581)   Resolving deltas:  19% (111/581)   Resolving deltas:  20% (117/581)   Resolving deltas:  21% (127/581)   Resolving deltas:  23% (136/581)   Resolving deltas:  24% (141/581)   Resolving deltas:  25% (151/581)   Resolving deltas:  27% (157/581)   Resolving deltas:  28% (164/581)   Resolving deltas:  30% (176/581)   Resolving deltas:  31% (183/581)   Resolving deltas:  32% (189/581)   Resolving deltas:  33% (193/581)   Resolving deltas:  34% (202/581)   Resolving deltas:  35% (205/581)   Resolving deltas:  39% (229/581)   Resolving deltas:  40% (237/581)   Resolving deltas:  43% (250/581)   Resolving deltas:  44% (260/581)   Resolving deltas:  45% (267/581)   Resolving deltas:  46% (268/581)   Resolving deltas:  49% (290/581)   Resolving deltas:  50% (295/581)   Resolving deltas:  51% (297/581)   Resolving deltas:  52% (307/581)   Resolving deltas:  64% (374/581)   Resolving deltas:  66% (384/581)   Resolving deltas:  67% (391/581)   Resolving deltas:  68% (399/581)   Resolving deltas:  69% (405/581)   Resolving deltas:  70% (409/581)   Resolving deltas:  71% (413/581)   Resolving deltas:  72% (420/581)   Resolving deltas:  73% (429/581)   Resolving deltas:  74% (431/581)   Resolving deltas:  75% (439/581)   Resolving deltas:  76% (442/581)   Resolving deltas:  77% (450/581)   Resolving deltas:  78% (454/581)   Resolving deltas:  79% (460/581)   Resolving deltas:  80% (466/581)   Resolving deltas:  81% (473/581)   Resolving deltas:  82% (479/581)   Resolving deltas:  83% (483/581)   Resolving deltas:  84% (489/581)   Resolving deltas:  85% (494/581)   Resolving deltas:  86% (503/581)   Resolving deltas:  87% (506/581)   Resolving deltas:  89% (518/581)   Resolving deltas:  90% (523/581)   Resolving deltas:  91% (529/581)   Resolving deltas:  92% (535/581)   Resolving deltas:  93% (541/581)   Resolving deltas:  94% (547/581)   Resolving deltas:  96% (561/581)   Resolving deltas:  97% (567/581)   Resolving deltas:  98% (571/581)   Resolving deltas:  99% (576/581)   Resolving deltas: 100% (581/581)   Resolving deltas: 100% (581/581), done.
Checking connectivity... done.
travis_time:end:168e3bf9:start=1435378701963790406,finish=1435378702190213740,duration=226423334[0K$ cd square/retrofit
travis_time:start:00046090[0K$ git fetch origin +refs/pull/925/merge:
remote: Counting objects: 24, done.[K
remote: Compressing objects:   9% (1/11)   [Kremote: Compressing objects:  18% (2/11)   [Kremote: Compressing objects:  27% (3/11)   [Kremote: Compressing objects:  36% (4/11)   [Kremote: Compressing objects:  45% (5/11)   [Kremote: Compressing objects:  54% (6/11)   [Kremote: Compressing objects:  63% (7/11)   [Kremote: Compressing objects:  72% (8/11)   [Kremote: Compressing objects:  81% (9/11)   [Kremote: Compressing objects:  90% (10/11)   [Kremote: Compressing objects: 100% (11/11)   [Kremote: Compressing objects: 100% (11/11), done.[K
remote: Total 24 (delta 10), reused 16 (delta 7), pack-reused 0[K
Unpacking objects:   4% (1/24)   Unpacking objects:   8% (2/24)   Unpacking objects:  12% (3/24)   Unpacking objects:  16% (4/24)   Unpacking objects:  20% (5/24)   Unpacking objects:  25% (6/24)   Unpacking objects:  29% (7/24)   Unpacking objects:  33% (8/24)   Unpacking objects:  37% (9/24)   Unpacking objects:  41% (10/24)   Unpacking objects:  45% (11/24)   Unpacking objects:  50% (12/24)   Unpacking objects:  54% (13/24)   Unpacking objects:  58% (14/24)   Unpacking objects:  62% (15/24)   Unpacking objects:  66% (16/24)   Unpacking objects:  70% (17/24)   Unpacking objects:  75% (18/24)   Unpacking objects:  79% (19/24)   Unpacking objects:  83% (20/24)   Unpacking objects:  87% (21/24)   Unpacking objects:  91% (22/24)   Unpacking objects:  95% (23/24)   Unpacking objects: 100% (24/24)   Unpacking objects: 100% (24/24), done.
From git://github.com/square/retrofit
 * branch            refs/pull/925/merge -> FETCH_HEAD
travis_time:end:00046090:start=1435378702193912491,finish=1435378702282652519,duration=88740028[0K$ git checkout -qf FETCH_HEAD
travis_fold:end:git.checkout[0K
[33;1mThis job is running on container-based infrastructure, which does not allow use of 'sudo', setuid and setguid executables.[0m
[33;1mIf you require sudo, add 'sudo: required' to your .travis.yml[0m
[33;1mSee http://docs.travis-ci.com/user/workers/container-based-infrastructure/ for details.[0m

[33;1mSetting environment variables from .travis.yml[0m
$ export CI_DEPLOY_USERNAME=[secure]
$ export CI_DEPLOY_PASSWORD=[secure]

travis_fold:start:cache.1[0KSetting up build cache
$ export CASHER_DIR=$HOME/.casher
travis_time:start:34085808[0K$ Installing caching utilities
travis_time:end:34085808:start=1435378703823744976,finish=1435378703917198221,duration=93453245[0Ktravis_time:start:098ab868[0Kattempting to download cache archive
fetching PR.925/cache--jdk-oraclejdk7.tbz
fetching master/cache--jdk-oraclejdk7.tbz
found cache
travis_time:end:098ab868:start=1435378703921600023,finish=1435378704956458498,duration=1034858475[0Ktravis_time:start:072d4aef[0Kadding /home/travis/.m2 to cache
travis_time:end:072d4aef:start=1435378704960189338,finish=1435378708655841843,duration=3695652505[0Ktravis_fold:end:cache.1[0K$ jdk_switcher use oraclejdk7
Switching to Oracle JDK7 (java-7-oracle), JAVA_HOME will be set to /usr/lib/jvm/java-7-oracle
$ java -Xmx32m -version
java version "1.7.0_76"
Java(TM) SE Runtime Environment (build 1.7.0_76-b13)
Java HotSpot(TM) 64-Bit Server VM (build 24.76-b04, mixed mode)
$ javac -J-Xmx32m -version
javac 1.7.0_76
travis_fold:start:install[0Ktravis_time:start:0ec1de3e[0K$ mvn install -DskipTests=true -Dmaven.javadoc.skip=true -B -V
Apache Maven 3.2.5 (12a6b3acb947671f09b81f49094c53f426d8cea1; 2014-12-14T17:29:23+00:00)
Maven home: /usr/local/maven
Java version: 1.7.0_76, vendor: Oracle Corporation
Java home: /usr/lib/jvm/java-7-oracle/jre
Default locale: en_US, platform encoding: UTF-8
OS name: "linux", version: "3.13.0-40-generic", arch: "amd64", family: "unix"
[INFO] Scanning for projects...
[WARNING] 
[WARNING] Some problems were encountered while building the effective model for com.squareup.retrofit:samples:jar:2.0.0-SNAPSHOT
[WARNING] 'build.plugins.plugin.version' for org.apache.maven.plugins:maven-deploy-plugin is missing. @ com.squareup.retrofit:samples:[unknown-version], /home/travis/build/square/retrofit/samples/pom.xml, line 36, column 15
[WARNING] 
[WARNING] It is highly recommended to fix these problems because they threaten the stability of your build.
[WARNING] 
[WARNING] For this reason, future Maven versions might no longer support building such malformed projects.
[WARNING] 
[INFO] ------------------------------------------------------------------------
[INFO] Reactor Build Order:
[INFO] 
[INFO] Retrofit (Parent)
[INFO] Retrofit
[INFO] Adapters
[INFO] Adapter: RxJava
[INFO] Converters
[INFO] Converter: Gson
[INFO] Converter: Protocol Buffers
[INFO] Converter: Jackson
[INFO] Converter: Wire Protocol Buffers
[INFO] Converter: SimpleXML
[INFO] Converter: Moshi
[INFO] Samples
[INFO]                                                                         
[INFO] ------------------------------------------------------------------------
[INFO] Building Retrofit (Parent) 2.0.0-SNAPSHOT
[INFO] ------------------------------------------------------------------------
[INFO] 
[INFO] --- maven-enforcer-plugin:1.0:enforce (enforce-maven) @ parent ---
[INFO] 
[INFO] --- maven-checkstyle-plugin:2.15:checkstyle (default) @ parent ---
[INFO] 
[INFO] --- maven-install-plugin:2.4:install (default-install) @ parent ---
[INFO] Installing /home/travis/build/square/retrofit/pom.xml to /home/travis/.m2/repository/com/squareup/retrofit/parent/2.0.0-SNAPSHOT/parent-2.0.0-SNAPSHOT.pom
[INFO]                                                                         
[INFO] ------------------------------------------------------------------------
[INFO] Building Retrofit 2.0.0-SNAPSHOT
[INFO] ------------------------------------------------------------------------
[INFO] 
[INFO] --- maven-enforcer-plugin:1.0:enforce (enforce-maven) @ retrofit ---
[INFO] 
[INFO] --- maven-resources-plugin:2.6:resources (default-resources) @ retrofit ---
[INFO] Using 'UTF-8' encoding to copy filtered resources.
[INFO] skip non existing resourceDirectory /home/travis/build/square/retrofit/retrofit/src/main/resources
[INFO] 
[INFO] --- maven-compiler-plugin:3.0:compile (default-compile) @ retrofit ---
[INFO] Changes detected - recompiling the module!
[INFO] Compiling 42 source files to /home/travis/build/square/retrofit/retrofit/target/classes
[WARNING] /home/travis/build/square/retrofit/retrofit/src/main/java/retrofit/RequestBuilderAction.java: /home/travis/build/square/retrofit/retrofit/src/main/java/retrofit/RequestBuilderAction.java uses unchecked or unsafe operations.
[WARNING] /home/travis/build/square/retrofit/retrofit/src/main/java/retrofit/RequestBuilderAction.java: Recompile with -Xlint:unchecked for details.
[INFO] 
[INFO] --- maven-resources-plugin:2.6:testResources (default-testResources) @ retrofit ---
[INFO] Using 'UTF-8' encoding to copy filtered resources.
[INFO] skip non existing resourceDirectory /home/travis/build/square/retrofit/retrofit/src/test/resources
[INFO] 
[INFO] --- maven-compiler-plugin:3.0:testCompile (default-testCompile) @ retrofit ---
[INFO] Changes detected - recompiling the module!
[INFO] Compiling 7 source files to /home/travis/build/square/retrofit/retrofit/target/test-classes
[INFO] 
[INFO] --- maven-surefire-plugin:2.12.4:test (default-test) @ retrofit ---
[INFO] Tests are skipped.
[INFO] 
[INFO] --- maven-jar-plugin:2.4:jar (default-jar) @ retrofit ---
[INFO] Building jar: /home/travis/build/square/retrofit/retrofit/target/retrofit-2.0.0-SNAPSHOT.jar
[INFO] 
[INFO] --- maven-checkstyle-plugin:2.15:checkstyle (default) @ retrofit ---
[INFO] Starting audit...
Audit done.
[WARNING] Unable to locate Source XRef to link to - DISABLED
[INFO] 
[INFO] --- maven-install-plugin:2.4:install (default-install) @ retrofit ---
[INFO] Installing /home/travis/build/square/retrofit/retrofit/target/retrofit-2.0.0-SNAPSHOT.jar to /home/travis/.m2/repository/com/squareup/retrofit/retrofit/2.0.0-SNAPSHOT/retrofit-2.0.0-SNAPSHOT.jar
[INFO] Installing /home/travis/build/square/retrofit/retrofit/pom.xml to /home/travis/.m2/repository/com/squareup/retrofit/retrofit/2.0.0-SNAPSHOT/retrofit-2.0.0-SNAPSHOT.pom
[INFO]                                                                         
[INFO] ------------------------------------------------------------------------
[INFO] Building Adapters 2.0.0-SNAPSHOT
[INFO] ------------------------------------------------------------------------
[INFO] 
[INFO] --- maven-enforcer-plugin:1.0:enforce (enforce-maven) @ retrofit-adapters ---
[INFO] 
[INFO] --- maven-checkstyle-plugin:2.15:checkstyle (default) @ retrofit-adapters ---
[INFO] 
[INFO] --- maven-install-plugin:2.4:install (default-install) @ retrofit-adapters ---
[INFO] Installing /home/travis/build/square/retrofit/retrofit-adapters/pom.xml to /home/travis/.m2/repository/com/squareup/retrofit/retrofit-adapters/2.0.0-SNAPSHOT/retrofit-adapters-2.0.0-SNAPSHOT.pom
[INFO]                                                                         
[INFO] ------------------------------------------------------------------------
[INFO] Building Adapter: RxJava 2.0.0-SNAPSHOT
[INFO] ------------------------------------------------------------------------
[INFO] 
[INFO] --- maven-enforcer-plugin:1.0:enforce (enforce-maven) @ adapter-rxjava ---
[INFO] 
[INFO] --- maven-resources-plugin:2.6:resources (default-resources) @ adapter-rxjava ---
[INFO] Using 'UTF-8' encoding to copy filtered resources.
[INFO] skip non existing resourceDirectory /home/travis/build/square/retrofit/retrofit-adapters/rxjava/src/main/resources
[INFO] 
[INFO] --- maven-compiler-plugin:3.0:compile (default-compile) @ adapter-rxjava ---
[INFO] Changes detected - recompiling the module!
[INFO] Compiling 2 source files to /home/travis/build/square/retrofit/retrofit-adapters/rxjava/target/classes
[INFO] 
[INFO] --- maven-resources-plugin:2.6:testResources (default-testResources) @ adapter-rxjava ---
[INFO] Using 'UTF-8' encoding to copy filtered resources.
[INFO] skip non existing resourceDirectory /home/travis/build/square/retrofit/retrofit-adapters/rxjava/src/test/resources
[INFO] 
[INFO] --- maven-compiler-plugin:3.0:testCompile (default-testCompile) @ adapter-rxjava ---
[INFO] Changes detected - recompiling the module!
[INFO] Compiling 2 source files to /home/travis/build/square/retrofit/retrofit-adapters/rxjava/target/test-classes
[INFO] 
[INFO] --- maven-surefire-plugin:2.12.4:test (default-test) @ adapter-rxjava ---
[INFO] Tests are skipped.
[INFO] 
[INFO] --- maven-jar-plugin:2.4:jar (default-jar) @ adapter-rxjava ---
[INFO] Building jar: /home/travis/build/square/retrofit/retrofit-adapters/rxjava/target/adapter-rxjava-2.0.0-SNAPSHOT.jar
[INFO] 
[INFO] --- maven-checkstyle-plugin:2.15:checkstyle (default) @ adapter-rxjava ---
[INFO] Starting audit...
Audit done.
[WARNING] Unable to locate Source XRef to link to - DISABLED
[INFO] 
[INFO] --- maven-install-plugin:2.4:install (default-install) @ adapter-rxjava ---
[INFO] Installing /home/travis/build/square/retrofit/retrofit-adapters/rxjava/target/adapter-rxjava-2.0.0-SNAPSHOT.jar to /home/travis/.m2/repository/com/squareup/retrofit/adapter-rxjava/2.0.0-SNAPSHOT/adapter-rxjava-2.0.0-SNAPSHOT.jar
[INFO] Installing /home/travis/build/square/retrofit/retrofit-adapters/rxjava/pom.xml to /home/travis/.m2/repository/com/squareup/retrofit/adapter-rxjava/2.0.0-SNAPSHOT/adapter-rxjava-2.0.0-SNAPSHOT.pom
[INFO]                                                                         
[INFO] ------------------------------------------------------------------------
[INFO] Building Converters 2.0.0-SNAPSHOT
[INFO] ------------------------------------------------------------------------
[INFO] 
[INFO] --- maven-enforcer-plugin:1.0:enforce (enforce-maven) @ retrofit-converters ---
[INFO] 
[INFO] --- maven-checkstyle-plugin:2.15:checkstyle (default) @ retrofit-converters ---
[INFO] 
[INFO] --- maven-install-plugin:2.4:install (default-install) @ retrofit-converters ---
[INFO] Installing /home/travis/build/square/retrofit/retrofit-converters/pom.xml to /home/travis/.m2/repository/com/squareup/retrofit/retrofit-converters/2.0.0-SNAPSHOT/retrofit-converters-2.0.0-SNAPSHOT.pom
[INFO]                                                                         
[INFO] ------------------------------------------------------------------------
[INFO] Building Converter: Gson 2.0.0-SNAPSHOT
[INFO] ------------------------------------------------------------------------
[INFO] 
[INFO] --- maven-enforcer-plugin:1.0:enforce (enforce-maven) @ converter-gson ---
[INFO] 
[INFO] --- maven-resources-plugin:2.6:resources (default-resources) @ converter-gson ---
[INFO] Using 'UTF-8' encoding to copy filtered resources.
[INFO] skip non existing resourceDirectory /home/travis/build/square/retrofit/retrofit-converters/gson/src/main/resources
[INFO] 
[INFO] --- maven-compiler-plugin:3.0:compile (default-compile) @ converter-gson ---
[INFO] Changes detected - recompiling the module!
[INFO] Compiling 2 source files to /home/travis/build/square/retrofit/retrofit-converters/gson/target/classes
[INFO] 
[INFO] --- maven-resources-plugin:2.6:testResources (default-testResources) @ converter-gson ---
[INFO] Using 'UTF-8' encoding to copy filtered resources.
[INFO] skip non existing resourceDirectory /home/travis/build/square/retrofit/retrofit-converters/gson/src/test/resources
[INFO] 
[INFO] --- maven-compiler-plugin:3.0:testCompile (default-testCompile) @ converter-gson ---
[INFO] Changes detected - recompiling the module!
[INFO] Compiling 1 source file to /home/travis/build/square/retrofit/retrofit-converters/gson/target/test-classes
[INFO] 
[INFO] --- maven-surefire-plugin:2.12.4:test (default-test) @ converter-gson ---
[INFO] Tests are skipped.
[INFO] 
[INFO] --- maven-jar-plugin:2.4:jar (default-jar) @ converter-gson ---
[INFO] Building jar: /home/travis/build/square/retrofit/retrofit-converters/gson/target/converter-gson-2.0.0-SNAPSHOT.jar
[INFO] 
[INFO] --- maven-checkstyle-plugin:2.15:checkstyle (default) @ converter-gson ---
[INFO] Starting audit...
Audit done.
[WARNING] Unable to locate Source XRef to link to - DISABLED
[INFO] 
[INFO] --- maven-install-plugin:2.4:install (default-install) @ converter-gson ---
[INFO] Installing /home/travis/build/square/retrofit/retrofit-converters/gson/target/converter-gson-2.0.0-SNAPSHOT.jar to /home/travis/.m2/repository/com/squareup/retrofit/converter-gson/2.0.0-SNAPSHOT/converter-gson-2.0.0-SNAPSHOT.jar
[INFO] Installing /home/travis/build/square/retrofit/retrofit-converters/gson/pom.xml to /home/travis/.m2/repository/com/squareup/retrofit/converter-gson/2.0.0-SNAPSHOT/converter-gson-2.0.0-SNAPSHOT.pom
[INFO]                                                                         
[INFO] ------------------------------------------------------------------------
[INFO] Building Converter: Protocol Buffers 2.0.0-SNAPSHOT
[INFO] ------------------------------------------------------------------------
[INFO] 
[INFO] --- maven-enforcer-plugin:1.0:enforce (enforce-maven) @ converter-protobuf ---
[INFO] 
[INFO] --- maven-resources-plugin:2.6:resources (default-resources) @ converter-protobuf ---
[INFO] Using 'UTF-8' encoding to copy filtered resources.
[INFO] skip non existing resourceDirectory /home/travis/build/square/retrofit/retrofit-converters/protobuf/src/main/resources
[INFO] 
[INFO] --- maven-compiler-plugin:3.0:compile (default-compile) @ converter-protobuf ---
[INFO] Changes detected - recompiling the module!
[INFO] Compiling 2 source files to /home/travis/build/square/retrofit/retrofit-converters/protobuf/target/classes
[WARNING] /home/travis/build/square/retrofit/retrofit-converters/protobuf/src/main/java/retrofit/ProtoConverterFactory.java: /home/travis/build/square/retrofit/retrofit-converters/protobuf/src/main/java/retrofit/ProtoConverterFactory.java uses unchecked or unsafe operations.
[WARNING] /home/travis/build/square/retrofit/retrofit-converters/protobuf/src/main/java/retrofit/ProtoConverterFactory.java: Recompile with -Xlint:unchecked for details.
[INFO] 
[INFO] --- maven-resources-plugin:2.6:testResources (default-testResources) @ converter-protobuf ---
[INFO] Using 'UTF-8' encoding to copy filtered resources.
[INFO] skip non existing resourceDirectory /home/travis/build/square/retrofit/retrofit-converters/protobuf/src/test/resources
[INFO] 
[INFO] --- maven-compiler-plugin:3.0:testCompile (default-testCompile) @ converter-protobuf ---
[INFO] Changes detected - recompiling the module!
[INFO] Compiling 2 source files to /home/travis/build/square/retrofit/retrofit-converters/protobuf/target/test-classes
[INFO] 
[INFO] --- maven-surefire-plugin:2.12.4:test (default-test) @ converter-protobuf ---
[INFO] Tests are skipped.
[INFO] 
[INFO] --- maven-jar-plugin:2.4:jar (default-jar) @ converter-protobuf ---
[INFO] Building jar: /home/travis/build/square/retrofit/retrofit-converters/protobuf/target/converter-protobuf-2.0.0-SNAPSHOT.jar
[INFO] 
[INFO] --- maven-checkstyle-plugin:2.15:checkstyle (default) @ converter-protobuf ---
[INFO] Starting audit...
Audit done.
[WARNING] Unable to locate Source XRef to link to - DISABLED
[INFO] 
[INFO] --- maven-install-plugin:2.4:install (default-install) @ converter-protobuf ---
[INFO] Installing /home/travis/build/square/retrofit/retrofit-converters/protobuf/target/converter-protobuf-2.0.0-SNAPSHOT.jar to /home/travis/.m2/repository/com/squareup/retrofit/converter-protobuf/2.0.0-SNAPSHOT/converter-protobuf-2.0.0-SNAPSHOT.jar
[INFO] Installing /home/travis/build/square/retrofit/retrofit-converters/protobuf/pom.xml to /home/travis/.m2/repository/com/squareup/retrofit/converter-protobuf/2.0.0-SNAPSHOT/converter-protobuf-2.0.0-SNAPSHOT.pom
[INFO]                                                                         
[INFO] ------------------------------------------------------------------------
[INFO] Building Converter: Jackson 2.0.0-SNAPSHOT
[INFO] ------------------------------------------------------------------------
[INFO] 
[INFO] --- maven-enforcer-plugin:1.0:enforce (enforce-maven) @ converter-jackson ---
[INFO] 
[INFO] --- maven-resources-plugin:2.6:resources (default-resources) @ converter-jackson ---
[INFO] Using 'UTF-8' encoding to copy filtered resources.
[INFO] skip non existing resourceDirectory /home/travis/build/square/retrofit/retrofit-converters/jackson/src/main/resources
[INFO] 
[INFO] --- maven-compiler-plugin:3.0:compile (default-compile) @ converter-jackson ---
[INFO] Changes detected - recompiling the module!
[INFO] Compiling 2 source files to /home/travis/build/square/retrofit/retrofit-converters/jackson/target/classes
[INFO] 
[INFO] --- maven-resources-plugin:2.6:testResources (default-testResources) @ converter-jackson ---
[INFO] Using 'UTF-8' encoding to copy filtered resources.
[INFO] skip non existing resourceDirectory /home/travis/build/square/retrofit/retrofit-converters/jackson/src/test/resources
[INFO] 
[INFO] --- maven-compiler-plugin:3.0:testCompile (default-testCompile) @ converter-jackson ---
[INFO] Changes detected - recompiling the module!
[INFO] Compiling 1 source file to /home/travis/build/square/retrofit/retrofit-converters/jackson/target/test-classes
[INFO] 
[INFO] --- maven-surefire-plugin:2.12.4:test (default-test) @ converter-jackson ---
[INFO] Tests are skipped.
[INFO] 
[INFO] --- maven-jar-plugin:2.4:jar (default-jar) @ converter-jackson ---
[INFO] Building jar: /home/travis/build/square/retrofit/retrofit-converters/jackson/target/converter-jackson-2.0.0-SNAPSHOT.jar
[INFO] 
[INFO] --- maven-checkstyle-plugin:2.15:checkstyle (default) @ converter-jackson ---
[INFO] Starting audit...
Audit done.
[WARNING] Unable to locate Source XRef to link to - DISABLED
[INFO] 
[INFO] --- maven-install-plugin:2.4:install (default-install) @ converter-jackson ---
[INFO] Installing /home/travis/build/square/retrofit/retrofit-converters/jackson/target/converter-jackson-2.0.0-SNAPSHOT.jar to /home/travis/.m2/repository/com/squareup/retrofit/converter-jackson/2.0.0-SNAPSHOT/converter-jackson-2.0.0-SNAPSHOT.jar
[INFO] Installing /home/travis/build/square/retrofit/retrofit-converters/jackson/pom.xml to /home/travis/.m2/repository/com/squareup/retrofit/converter-jackson/2.0.0-SNAPSHOT/converter-jackson-2.0.0-SNAPSHOT.pom
[INFO]                                                                         
[INFO] ------------------------------------------------------------------------
[INFO] Building Converter: Wire Protocol Buffers 2.0.0-SNAPSHOT
[INFO] ------------------------------------------------------------------------
[INFO] 
[INFO] --- maven-enforcer-plugin:1.0:enforce (enforce-maven) @ converter-wire ---
[INFO] 
[INFO] --- maven-resources-plugin:2.6:resources (default-resources) @ converter-wire ---
[INFO] Using 'UTF-8' encoding to copy filtered resources.
[INFO] skip non existing resourceDirectory /home/travis/build/square/retrofit/retrofit-converters/wire/src/main/resources
[INFO] 
[INFO] --- maven-compiler-plugin:3.0:compile (default-compile) @ converter-wire ---
[INFO] Changes detected - recompiling the module!
[INFO] Compiling 2 source files to /home/travis/build/square/retrofit/retrofit-converters/wire/target/classes
[WARNING] /home/travis/build/square/retrofit/retrofit-converters/wire/src/main/java/retrofit/WireConverterFactory.java: /home/travis/build/square/retrofit/retrofit-converters/wire/src/main/java/retrofit/WireConverterFactory.java uses unchecked or unsafe operations.
[WARNING] /home/travis/build/square/retrofit/retrofit-converters/wire/src/main/java/retrofit/WireConverterFactory.java: Recompile with -Xlint:unchecked for details.
[INFO] 
[INFO] --- maven-resources-plugin:2.6:testResources (default-testResources) @ converter-wire ---
[INFO] Using 'UTF-8' encoding to copy filtered resources.
[INFO] skip non existing resourceDirectory /home/travis/build/square/retrofit/retrofit-converters/wire/src/test/resources
[INFO] 
[INFO] --- maven-compiler-plugin:3.0:testCompile (default-testCompile) @ converter-wire ---
[INFO] Changes detected - recompiling the module!
[INFO] Compiling 2 source files to /home/travis/build/square/retrofit/retrofit-converters/wire/target/test-classes
[INFO] 
[INFO] --- maven-surefire-plugin:2.12.4:test (default-test) @ converter-wire ---
[INFO] Tests are skipped.
[INFO] 
[INFO] --- maven-jar-plugin:2.4:jar (default-jar) @ converter-wire ---
[INFO] Building jar: /home/travis/build/square/retrofit/retrofit-converters/wire/target/converter-wire-2.0.0-SNAPSHOT.jar
[INFO] 
[INFO] --- maven-checkstyle-plugin:2.15:checkstyle (default) @ converter-wire ---
[INFO] Starting audit...
Audit done.
[WARNING] Unable to locate Source XRef to link to - DISABLED
[INFO] 
[INFO] --- maven-install-plugin:2.4:install (default-install) @ converter-wire ---
[INFO] Installing /home/travis/build/square/retrofit/retrofit-converters/wire/target/converter-wire-2.0.0-SNAPSHOT.jar to /home/travis/.m2/repository/com/squareup/retrofit/converter-wire/2.0.0-SNAPSHOT/converter-wire-2.0.0-SNAPSHOT.jar
[INFO] Installing /home/travis/build/square/retrofit/retrofit-converters/wire/pom.xml to /home/travis/.m2/repository/com/squareup/retrofit/converter-wire/2.0.0-SNAPSHOT/converter-wire-2.0.0-SNAPSHOT.pom
[INFO]                                                                         
[INFO] ------------------------------------------------------------------------
[INFO] Building Converter: SimpleXML 2.0.0-SNAPSHOT
[INFO] ------------------------------------------------------------------------
[INFO] 
[INFO] --- maven-enforcer-plugin:1.0:enforce (enforce-maven) @ converter-simplexml ---
[INFO] 
[INFO] --- maven-resources-plugin:2.6:resources (default-resources) @ converter-simplexml ---
[INFO] Using 'UTF-8' encoding to copy filtered resources.
[INFO] skip non existing resourceDirectory /home/travis/build/square/retrofit/retrofit-converters/simplexml/src/main/resources
[INFO] 
[INFO] --- maven-compiler-plugin:3.0:compile (default-compile) @ converter-simplexml ---
[INFO] Changes detected - recompiling the module!
[INFO] Compiling 2 source files to /home/travis/build/square/retrofit/retrofit-converters/simplexml/target/classes
[INFO] 
[INFO] --- maven-resources-plugin:2.6:testResources (default-testResources) @ converter-simplexml ---
[INFO] Using 'UTF-8' encoding to copy filtered resources.
[INFO] skip non existing resourceDirectory /home/travis/build/square/retrofit/retrofit-converters/simplexml/src/test/resources
[INFO] 
[INFO] --- maven-compiler-plugin:3.0:testCompile (default-testCompile) @ converter-simplexml ---
[INFO] Changes detected - recompiling the module!
[INFO] Compiling 2 source files to /home/travis/build/square/retrofit/retrofit-converters/simplexml/target/test-classes
[INFO] 
[INFO] --- maven-surefire-plugin:2.12.4:test (default-test) @ converter-simplexml ---
[INFO] Tests are skipped.
[INFO] 
[INFO] --- maven-jar-plugin:2.4:jar (default-jar) @ converter-simplexml ---
[INFO] Building jar: /home/travis/build/square/retrofit/retrofit-converters/simplexml/target/converter-simplexml-2.0.0-SNAPSHOT.jar
[INFO] 
[INFO] --- maven-checkstyle-plugin:2.15:checkstyle (default) @ converter-simplexml ---
[INFO] Starting audit...
Audit done.
[WARNING] Unable to locate Source XRef to link to - DISABLED
[INFO] 
[INFO] --- maven-install-plugin:2.4:install (default-install) @ converter-simplexml ---
[INFO] Installing /home/travis/build/square/retrofit/retrofit-converters/simplexml/target/converter-simplexml-2.0.0-SNAPSHOT.jar to /home/travis/.m2/repository/com/squareup/retrofit/converter-simplexml/2.0.0-SNAPSHOT/converter-simplexml-2.0.0-SNAPSHOT.jar
[INFO] Installing /home/travis/build/square/retrofit/retrofit-converters/simplexml/pom.xml to /home/travis/.m2/repository/com/squareup/retrofit/converter-simplexml/2.0.0-SNAPSHOT/converter-simplexml-2.0.0-SNAPSHOT.pom
[INFO]                                                                         
[INFO] ------------------------------------------------------------------------
[INFO] Building Converter: Moshi 2.0.0-SNAPSHOT
[INFO] ------------------------------------------------------------------------
[INFO] 
[INFO] --- maven-enforcer-plugin:1.0:enforce (enforce-maven) @ converter-moshi ---
[INFO] 
[INFO] --- maven-resources-plugin:2.6:resources (default-resources) @ converter-moshi ---
[INFO] Using 'UTF-8' encoding to copy filtered resources.
[INFO] skip non existing resourceDirectory /home/travis/build/square/retrofit/retrofit-converters/moshi/src/main/resources
[INFO] 
[INFO] --- maven-compiler-plugin:3.0:compile (default-compile) @ converter-moshi ---
[INFO] Changes detected - recompiling the module!
[INFO] Compiling 2 source files to /home/travis/build/square/retrofit/retrofit-converters/moshi/target/classes
[INFO] 
[INFO] --- maven-resources-plugin:2.6:testResources (default-testResources) @ converter-moshi ---
[INFO] Using 'UTF-8' encoding to copy filtered resources.
[INFO] skip non existing resourceDirectory /home/travis/build/square/retrofit/retrofit-converters/moshi/src/test/resources
[INFO] 
[INFO] --- maven-compiler-plugin:3.0:testCompile (default-testCompile) @ converter-moshi ---
[INFO] Changes detected - recompiling the module!
[INFO] Compiling 1 source file to /home/travis/build/square/retrofit/retrofit-converters/moshi/target/test-classes
[INFO] 
[INFO] --- maven-surefire-plugin:2.12.4:test (default-test) @ converter-moshi ---
[INFO] Tests are skipped.
[INFO] 
[INFO] --- maven-jar-plugin:2.4:jar (default-jar) @ converter-moshi ---
[INFO] Building jar: /home/travis/build/square/retrofit/retrofit-converters/moshi/target/converter-moshi-2.0.0-SNAPSHOT.jar
[INFO] 
[INFO] --- maven-checkstyle-plugin:2.15:checkstyle (default) @ converter-moshi ---
[INFO] Starting audit...
Audit done.
[WARNING] Unable to locate Source XRef to link to - DISABLED
[INFO] 
[INFO] --- maven-install-plugin:2.4:install (default-install) @ converter-moshi ---
[INFO] Installing /home/travis/build/square/retrofit/retrofit-converters/moshi/target/converter-moshi-2.0.0-SNAPSHOT.jar to /home/travis/.m2/repository/com/squareup/retrofit/converter-moshi/2.0.0-SNAPSHOT/converter-moshi-2.0.0-SNAPSHOT.jar
[INFO] Installing /home/travis/build/square/retrofit/retrofit-converters/moshi/pom.xml to /home/travis/.m2/repository/com/squareup/retrofit/converter-moshi/2.0.0-SNAPSHOT/converter-moshi-2.0.0-SNAPSHOT.pom
[INFO]                                                                         
[INFO] ------------------------------------------------------------------------
[INFO] Building Samples 2.0.0-SNAPSHOT
[INFO] ------------------------------------------------------------------------
[INFO] 
[INFO] --- maven-enforcer-plugin:1.0:enforce (enforce-maven) @ samples ---
[INFO] 
[INFO] --- maven-resources-plugin:2.6:resources (default-resources) @ samples ---
[INFO] Using 'UTF-8' encoding to copy filtered resources.
[INFO] skip non existing resourceDirectory /home/travis/build/square/retrofit/samples/src/main/resources
[INFO] 
[INFO] --- maven-compiler-plugin:3.0:compile (default-compile) @ samples ---
[INFO] Changes detected - recompiling the module!
[INFO] Compiling 2 source files to /home/travis/build/square/retrofit/samples/target/classes
[INFO] 
[INFO] --- maven-resources-plugin:2.6:testResources (default-testResources) @ samples ---
[INFO] Using 'UTF-8' encoding to copy filtered resources.
[INFO] skip non existing resourceDirectory /home/travis/build/square/retrofit/samples/src/test/resources
[INFO] 
[INFO] --- maven-compiler-plugin:3.0:testCompile (default-testCompile) @ samples ---
[INFO] No sources to compile
[INFO] 
[INFO] --- maven-surefire-plugin:2.12.4:test (default-test) @ samples ---
[INFO] Tests are skipped.
[INFO] 
[INFO] --- maven-jar-plugin:2.4:jar (default-jar) @ samples ---
[INFO] Building jar: /home/travis/build/square/retrofit/samples/target/samples-2.0.0-SNAPSHOT.jar
[INFO] 
[INFO] --- maven-checkstyle-plugin:2.15:checkstyle (default) @ samples ---
[INFO] Starting audit...
Audit done.
[WARNING] Unable to locate Source XRef to link to - DISABLED
[INFO] 
[INFO] --- maven-install-plugin:2.4:install (default-install) @ samples ---
[INFO] Installing /home/travis/build/square/retrofit/samples/target/samples-2.0.0-SNAPSHOT.jar to /home/travis/.m2/repository/com/squareup/retrofit/samples/2.0.0-SNAPSHOT/samples-2.0.0-SNAPSHOT.jar
[INFO] Installing /home/travis/build/square/retrofit/samples/pom.xml to /home/travis/.m2/repository/com/squareup/retrofit/samples/2.0.0-SNAPSHOT/samples-2.0.0-SNAPSHOT.pom
[INFO] ------------------------------------------------------------------------
[INFO] Reactor Summary:
[INFO] 
[INFO] Retrofit (Parent) .................................. SUCCESS [  1.631 s]
[INFO] Retrofit ........................................... SUCCESS [  4.726 s]
[INFO] Adapters ........................................... SUCCESS [  0.019 s]
[INFO] Adapter: RxJava .................................... SUCCESS [  0.927 s]
[INFO] Converters ......................................... SUCCESS [  0.023 s]
[INFO] Converter: Gson .................................... SUCCESS [  0.603 s]
[INFO] Converter: Protocol Buffers ........................ SUCCESS [  0.540 s]
[INFO] Converter: Jackson ................................. SUCCESS [  0.653 s]
[INFO] Converter: Wire Protocol Buffers ................... SUCCESS [  0.500 s]
[INFO] Converter: SimpleXML ............................... SUCCESS [  0.558 s]
[INFO] Converter: Moshi ................................... SUCCESS [  0.362 s]
[INFO] Samples ............................................ SUCCESS [  0.377 s]
[INFO] ------------------------------------------------------------------------
[INFO] BUILD SUCCESS
[INFO] ------------------------------------------------------------------------
[INFO] Total time: 11.258 s
[INFO] Finished at: 2015-06-27T04:18:41+00:00
[INFO] Final Memory: 33M/447M
[INFO] ------------------------------------------------------------------------
travis_time:end:0ec1de3e:start=1435378708968371886,finish=1435378722085159816,duration=13116787930[0Ktravis_fold:end:install[0Ktravis_time:start:04941b0e[0K$ mvn test -B
[INFO] Scanning for projects...
[WARNING] 
[WARNING] Some problems were encountered while building the effective model for com.squareup.retrofit:samples:jar:2.0.0-SNAPSHOT
[WARNING] 'build.plugins.plugin.version' for org.apache.maven.plugins:maven-deploy-plugin is missing. @ com.squareup.retrofit:samples:[unknown-version], /home/travis/build/square/retrofit/samples/pom.xml, line 36, column 15
[WARNING] 
[WARNING] It is highly recommended to fix these problems because they threaten the stability of your build.
[WARNING] 
[WARNING] For this reason, future Maven versions might no longer support building such malformed projects.
[WARNING] 
[INFO] ------------------------------------------------------------------------
[INFO] Reactor Build Order:
[INFO] 
[INFO] Retrofit (Parent)
[INFO] Retrofit
[INFO] Adapters
[INFO] Adapter: RxJava
[INFO] Converters
[INFO] Converter: Gson
[INFO] Converter: Protocol Buffers
[INFO] Converter: Jackson
[INFO] Converter: Wire Protocol Buffers
[INFO] Converter: SimpleXML
[INFO] Converter: Moshi
[INFO] Samples
[INFO]                                                                         
[INFO] ------------------------------------------------------------------------
[INFO] Building Retrofit (Parent) 2.0.0-SNAPSHOT
[INFO] ------------------------------------------------------------------------
[INFO] 
[INFO] --- maven-enforcer-plugin:1.0:enforce (enforce-maven) @ parent ---
[INFO]                                                                         
[INFO] ------------------------------------------------------------------------
[INFO] Building Retrofit 2.0.0-SNAPSHOT
[INFO] ------------------------------------------------------------------------
[INFO] 
[INFO] --- maven-enforcer-plugin:1.0:enforce (enforce-maven) @ retrofit ---
[INFO] 
[INFO] --- maven-resources-plugin:2.6:resources (default-resources) @ retrofit ---
[INFO] Using 'UTF-8' encoding to copy filtered resources.
[INFO] skip non existing resourceDirectory /home/travis/build/square/retrofit/retrofit/src/main/resources
[INFO] 
[INFO] --- maven-compiler-plugin:3.0:compile (default-compile) @ retrofit ---
[INFO] Changes detected - recompiling the module!
[INFO] Compiling 42 source files to /home/travis/build/square/retrofit/retrofit/target/classes
[WARNING] /home/travis/build/square/retrofit/retrofit/src/main/java/retrofit/RequestBuilderAction.java: /home/travis/build/square/retrofit/retrofit/src/main/java/retrofit/RequestBuilderAction.java uses unchecked or unsafe operations.
[WARNING] /home/travis/build/square/retrofit/retrofit/src/main/java/retrofit/RequestBuilderAction.java: Recompile with -Xlint:unchecked for details.
[INFO] 
[INFO] --- maven-resources-plugin:2.6:testResources (default-testResources) @ retrofit ---
[INFO] Using 'UTF-8' encoding to copy filtered resources.
[INFO] skip non existing resourceDirectory /home/travis/build/square/retrofit/retrofit/src/test/resources
[INFO] 
[INFO] --- maven-compiler-plugin:3.0:testCompile (default-testCompile) @ retrofit ---
[INFO] Changes detected - recompiling the module!
[INFO] Compiling 7 source files to /home/travis/build/square/retrofit/retrofit/target/test-classes
[INFO] 
[INFO] --- maven-surefire-plugin:2.12.4:test (default-test) @ retrofit ---
[INFO] Surefire report directory: /home/travis/build/square/retrofit/retrofit/target/surefire-reports

-------------------------------------------------------
 T E S T S
-------------------------------------------------------
Running retrofit.RequestFactoryParserTest
Tests run: 1, Failures: 0, Errors: 0, Skipped: 0, Time elapsed: 0.093 sec
Running retrofit.RequestBuilderTest
Tests run: 84, Failures: 0, Errors: 0, Skipped: 2, Time elapsed: 0.253 sec
Running retrofit.ExecutorCallAdapterFactoryTest
Tests run: 9, Failures: 0, Errors: 0, Skipped: 0, Time elapsed: 0.244 sec
Running retrofit.RetrofitTest
Jun 27, 2015 4:18:48 AM com.squareup.okhttp.mockwebserver.MockWebServer$2 execute
INFO: MockWebServer[49997] starting to accept connections
Jun 27, 2015 4:18:48 AM com.squareup.okhttp.mockwebserver.MockWebServer$2 acceptConnections
INFO: MockWebServer[49997] done accepting connections: Socket closed
Jun 27, 2015 4:18:48 AM com.squareup.okhttp.mockwebserver.MockWebServer$2 execute
INFO: MockWebServer[57811] starting to accept connections
Jun 27, 2015 4:18:48 AM com.squareup.okhttp.mockwebserver.MockWebServer$2 acceptConnections
INFO: MockWebServer[57811] done accepting connections: Socket is closed
Jun 27, 2015 4:18:48 AM com.squareup.okhttp.mockwebserver.MockWebServer$2 execute
INFO: MockWebServer[49680] starting to accept connections
Jun 27, 2015 4:18:48 AM com.squareup.okhttp.mockwebserver.MockWebServer$2 acceptConnections
INFO: MockWebServer[49680] done accepting connections: Socket is closed
Jun 27, 2015 4:18:48 AM com.squareup.okhttp.mockwebserver.MockWebServer$2 execute
INFO: MockWebServer[47926] starting to accept connections
Jun 27, 2015 4:18:48 AM com.squareup.okhttp.mockwebserver.MockWebServer$2 acceptConnections
INFO: MockWebServer[47926] done accepting connections: Socket is closed
Jun 27, 2015 4:18:48 AM com.squareup.okhttp.mockwebserver.MockWebServer$2 execute
INFO: MockWebServer[42367] starting to accept connections
Jun 27, 2015 4:18:48 AM com.squareup.okhttp.mockwebserver.MockWebServer$2 acceptConnections
INFO: MockWebServer[42367] done accepting connections: Socket closed
Jun 27, 2015 4:18:48 AM com.squareup.okhttp.mockwebserver.MockWebServer$2 execute
INFO: MockWebServer[38185] starting to accept connections
Jun 27, 2015 4:18:48 AM com.squareup.okhttp.mockwebserver.MockWebServer$3 processOneRequest
INFO: MockWebServer[38185] received request: GET / HTTP/1.1 and responded: HTTP/1.1 200 OK
Jun 27, 2015 4:18:48 AM com.squareup.okhttp.mockwebserver.MockWebServer$2 acceptConnections
INFO: MockWebServer[38185] done accepting connections: Socket closed
Jun 27, 2015 4:18:48 AM com.squareup.okhttp.mockwebserver.MockWebServer$2 execute
INFO: MockWebServer[55654] starting to accept connections
Jun 27, 2015 4:18:48 AM com.squareup.okhttp.mockwebserver.MockWebServer$2 acceptConnections
INFO: MockWebServer[55654] done accepting connections: Socket is closed
Jun 27, 2015 4:18:48 AM com.squareup.okhttp.mockwebserver.MockWebServer$2 execute
INFO: MockWebServer[44701] starting to accept connections
Jun 27, 2015 4:18:48 AM com.squareup.okhttp.mockwebserver.MockWebServer$2 acceptConnections
INFO: MockWebServer[44701] done accepting connections: Socket closed
Jun 27, 2015 4:18:48 AM com.squareup.okhttp.mockwebserver.MockWebServer$2 execute
INFO: MockWebServer[37761] starting to accept connections
Jun 27, 2015 4:18:48 AM com.squareup.okhttp.mockwebserver.MockWebServer$3 processOneRequest
INFO: MockWebServer[37761] received request: POST / HTTP/1.1 and responded: HTTP/1.1 200 OK
Jun 27, 2015 4:18:48 AM com.squareup.okhttp.mockwebserver.MockWebServer$2 acceptConnections
INFO: MockWebServer[37761] done accepting connections: Socket closed
Jun 27, 2015 4:18:48 AM com.squareup.okhttp.mockwebserver.MockWebServer$2 execute
INFO: MockWebServer[38204] starting to accept connections
Jun 27, 2015 4:18:48 AM com.squareup.okhttp.mockwebserver.MockWebServer$2 acceptConnections
INFO: MockWebServer[38204] done accepting connections: Socket is closed
Jun 27, 2015 4:18:48 AM com.squareup.okhttp.mockwebserver.MockWebServer$2 execute
INFO: MockWebServer[41175] starting to accept connections
Jun 27, 2015 4:18:48 AM com.squareup.okhttp.mockwebserver.MockWebServer$2 acceptConnections
INFO: MockWebServer[41175] done accepting connections: Socket is closed
Jun 27, 2015 4:18:48 AM com.squareup.okhttp.mockwebserver.MockWebServer$2 execute
INFO: MockWebServer[48886] starting to accept connections
Jun 27, 2015 4:18:48 AM com.squareup.okhttp.mockwebserver.MockWebServer$2 acceptConnections
INFO: MockWebServer[48886] done accepting connections: Socket closed
Jun 27, 2015 4:18:48 AM com.squareup.okhttp.mockwebserver.MockWebServer$2 execute
INFO: MockWebServer[38700] starting to accept connections
Jun 27, 2015 4:18:48 AM com.squareup.okhttp.mockwebserver.MockWebServer$2 acceptConnections
INFO: MockWebServer[38700] done accepting connections: Socket closed
Jun 27, 2015 4:18:48 AM com.squareup.okhttp.mockwebserver.MockWebServer$2 execute
INFO: MockWebServer[50148] starting to accept connections
Jun 27, 2015 4:18:48 AM com.squareup.okhttp.mockwebserver.MockWebServer$2 acceptConnections
INFO: MockWebServer[50148] done accepting connections: Socket closed
Jun 27, 2015 4:18:48 AM com.squareup.okhttp.mockwebserver.MockWebServer$2 execute
INFO: MockWebServer[40039] starting to accept connections
Jun 27, 2015 4:18:48 AM com.squareup.okhttp.mockwebserver.MockWebServer$2 acceptConnections
INFO: MockWebServer[40039] done accepting connections: Socket is closed
Jun 27, 2015 4:18:48 AM com.squareup.okhttp.mockwebserver.MockWebServer$2 execute
INFO: MockWebServer[45413] starting to accept connections
Jun 27, 2015 4:18:48 AM com.squareup.okhttp.mockwebserver.MockWebServer$2 acceptConnections
INFO: MockWebServer[45413] done accepting connections: Socket is closed
Jun 27, 2015 4:18:48 AM com.squareup.okhttp.mockwebserver.MockWebServer$2 execute
INFO: MockWebServer[43021] starting to accept connections
Jun 27, 2015 4:18:48 AM com.squareup.okhttp.mockwebserver.MockWebServer$2 acceptConnections
INFO: MockWebServer[43021] done accepting connections: Socket closed
Jun 27, 2015 4:18:48 AM com.squareup.okhttp.mockwebserver.MockWebServer$2 execute
INFO: MockWebServer[57505] starting to accept connections
Jun 27, 2015 4:18:48 AM com.squareup.okhttp.mockwebserver.MockWebServer$2 acceptConnections
INFO: MockWebServer[57505] done accepting connections: Socket is closed
Jun 27, 2015 4:18:48 AM com.squareup.okhttp.mockwebserver.MockWebServer$2 execute
INFO: MockWebServer[35724] starting to accept connections
Jun 27, 2015 4:18:48 AM com.squareup.okhttp.mockwebserver.MockWebServer$2 acceptConnections
INFO: MockWebServer[35724] done accepting connections: Socket is closed
Jun 27, 2015 4:18:48 AM com.squareup.okhttp.mockwebserver.MockWebServer$2 execute
INFO: MockWebServer[50576] starting to accept connections
Jun 27, 2015 4:18:48 AM com.squareup.okhttp.mockwebserver.MockWebServer$2 acceptConnections
INFO: MockWebServer[50576] done accepting connections: Socket is closed
Jun 27, 2015 4:18:48 AM com.squareup.okhttp.mockwebserver.MockWebServer$2 execute
INFO: MockWebServer[55019] starting to accept connections
Jun 27, 2015 4:18:48 AM com.squareup.okhttp.mockwebserver.MockWebServer$2 acceptConnections
INFO: MockWebServer[55019] done accepting connections: Socket is closed
Jun 27, 2015 4:18:48 AM com.squareup.okhttp.mockwebserver.MockWebServer$2 execute
INFO: MockWebServer[57767] starting to accept connections
Jun 27, 2015 4:18:48 AM com.squareup.okhttp.mockwebserver.MockWebServer$2 acceptConnections
INFO: MockWebServer[57767] done accepting connections: Socket is closed
Jun 27, 2015 4:18:48 AM com.squareup.okhttp.mockwebserver.MockWebServer$2 execute
INFO: MockWebServer[59936] starting to accept connections
Jun 27, 2015 4:18:48 AM com.squareup.okhttp.mockwebserver.MockWebServer$2 acceptConnections
INFO: MockWebServer[59936] done accepting connections: Socket is closed
Jun 27, 2015 4:18:48 AM com.squareup.okhttp.mockwebserver.MockWebServer$2 execute
INFO: MockWebServer[35345] starting to accept connections
Jun 27, 2015 4:18:48 AM com.squareup.okhttp.mockwebserver.MockWebServer$2 acceptConnections
INFO: MockWebServer[35345] done accepting connections: Socket is closed
Jun 27, 2015 4:18:48 AM com.squareup.okhttp.mockwebserver.MockWebServer$2 execute
INFO: MockWebServer[37839] starting to accept connections
Jun 27, 2015 4:18:48 AM com.squareup.okhttp.mockwebserver.MockWebServer$2 acceptConnections
INFO: MockWebServer[37839] done accepting connections: Socket closed
Jun 27, 2015 4:18:48 AM com.squareup.okhttp.mockwebserver.MockWebServer$2 execute
INFO: MockWebServer[50441] starting to accept connections
Jun 27, 2015 4:18:48 AM com.squareup.okhttp.mockwebserver.MockWebServer$2 acceptConnections
INFO: MockWebServer[50441] done accepting connections: Socket closed
Jun 27, 2015 4:18:48 AM com.squareup.okhttp.mockwebserver.MockWebServer$2 execute
INFO: MockWebServer[52695] starting to accept connections
Jun 27, 2015 4:18:48 AM com.squareup.okhttp.mockwebserver.MockWebServer$2 acceptConnections
INFO: MockWebServer[52695] done accepting connections: Socket is closed
Jun 27, 2015 4:18:48 AM com.squareup.okhttp.mockwebserver.MockWebServer$2 execute
INFO: MockWebServer[55698] starting to accept connections
Jun 27, 2015 4:18:48 AM com.squareup.okhttp.mockwebserver.MockWebServer$2 acceptConnections
INFO: MockWebServer[55698] done accepting connections: Socket is closed
Tests run: 28, Failures: 2, Errors: 0, Skipped: 0, Time elapsed: 0.457 sec <<< FAILURE!
callAdapterFactoryDefault(retrofit.RetrofitTest)  Time elapsed: 0.009 sec  <<< FAILURE!
java.lang.AssertionError: 
Expecting:
 <Default>
to be an instance of:
 <retrofit.ExecutorCallAdapterFactory>
but was instance of:
 <retrofit.Platform.NothingCallAdapterFactory>
	at retrofit.RetrofitTest.callAdapterFactoryDefault(RetrofitTest.java:440)
	at sun.reflect.NativeMethodAccessorImpl.invoke0(Native Method)
	at sun.reflect.NativeMethodAccessorImpl.invoke(NativeMethodAccessorImpl.java:57)
	at sun.reflect.DelegatingMethodAccessorImpl.invoke(DelegatingMethodAccessorImpl.java:43)
	at java.lang.reflect.Method.invoke(Method.java:606)
	at org.junit.runners.model.FrameworkMethod$1.runReflectiveCall(FrameworkMethod.java:50)
	at org.junit.internal.runners.model.ReflectiveCallable.run(ReflectiveCallable.java:12)
	at org.junit.runners.model.FrameworkMethod.invokeExplosively(FrameworkMethod.java:47)
	at org.junit.internal.runners.statements.InvokeMethod.evaluate(InvokeMethod.java:17)
	at org.junit.rules.ExternalResource$1.evaluate(ExternalResource.java:48)
	at org.junit.rules.RunRules.evaluate(RunRules.java:20)
	at org.junit.runners.ParentRunner.runLeaf(ParentRunner.java:325)
	at org.junit.runners.BlockJUnit4ClassRunner.runChild(BlockJUnit4ClassRunner.java:78)
	at org.junit.runners.BlockJUnit4ClassRunner.runChild(BlockJUnit4ClassRunner.java:57)
	at org.junit.runners.ParentRunner$3.run(ParentRunner.java:290)
	at org.junit.runners.ParentRunner$1.schedule(ParentRunner.java:71)
	at org.junit.runners.ParentRunner.runChildren(ParentRunner.java:288)
	at org.junit.runners.ParentRunner.access$000(ParentRunner.java:58)
	at org.junit.runners.ParentRunner$2.evaluate(ParentRunner.java:268)
	at org.junit.runners.ParentRunner.run(ParentRunner.java:363)
	at org.apache.maven.surefire.junit4.JUnit4Provider.execute(JUnit4Provider.java:252)
	at org.apache.maven.surefire.junit4.JUnit4Provider.executeTestSet(JUnit4Provider.java:141)
	at org.apache.maven.surefire.junit4.JUnit4Provider.invoke(JUnit4Provider.java:112)
	at sun.reflect.NativeMethodAccessorImpl.invoke0(Native Method)
	at sun.reflect.NativeMethodAccessorImpl.invoke(NativeMethodAccessorImpl.java:57)
	at sun.reflect.DelegatingMethodAccessorImpl.invoke(DelegatingMethodAccessorImpl.java:43)
	at java.lang.reflect.Method.invoke(Method.java:606)
	at org.apache.maven.surefire.util.ReflectionUtils.invokeMethodWithArray(ReflectionUtils.java:189)
	at org.apache.maven.surefire.booter.ProviderFactory$ProviderProxy.invoke(ProviderFactory.java:165)
	at org.apache.maven.surefire.booter.ProviderFactory.invokeProvider(ProviderFactory.java:85)
	at org.apache.maven.surefire.booter.ForkedBooter.runSuitesInProcess(ForkedBooter.java:115)
	at org.apache.maven.surefire.booter.ForkedBooter.main(ForkedBooter.java:75)

customReturnTypeAdapterMissingThrows(retrofit.RetrofitTest)  Time elapsed: 0.004 sec  <<< FAILURE!
java.lang.AssertionError: 
Expecting message:
 <"Call adapter factory 'Default CallAdapterFactory' was unable to handle return type java.util.concurrent.Future<java.lang.String>
    for method FutureMethod.method">
but was:
 <"Call adapter factory 'Default' was unable to handle return type java.util.concurrent.Future<java.lang.String>
    for method FutureMethod.method">
	at retrofit.RetrofitTest.customReturnTypeAdapterMissingThrows(RetrofitTest.java:172)
	at sun.reflect.NativeMethodAccessorImpl.invoke0(Native Method)
	at sun.reflect.NativeMethodAccessorImpl.invoke(NativeMethodAccessorImpl.java:57)
	at sun.reflect.DelegatingMethodAccessorImpl.invoke(DelegatingMethodAccessorImpl.java:43)
	at java.lang.reflect.Method.invoke(Method.java:606)
	at org.junit.runners.model.FrameworkMethod$1.runReflectiveCall(FrameworkMethod.java:50)
	at org.junit.internal.runners.model.ReflectiveCallable.run(ReflectiveCallable.java:12)
	at org.junit.runners.model.FrameworkMethod.invokeExplosively(FrameworkMethod.java:47)
	at org.junit.internal.runners.statements.InvokeMethod.evaluate(InvokeMethod.java:17)
	at org.junit.rules.ExternalResource$1.evaluate(ExternalResource.java:48)
	at org.junit.rules.RunRules.evaluate(RunRules.java:20)
	at org.junit.runners.ParentRunner.runLeaf(ParentRunner.java:325)
	at org.junit.runners.BlockJUnit4ClassRunner.runChild(BlockJUnit4ClassRunner.java:78)
	at org.junit.runners.BlockJUnit4ClassRunner.runChild(BlockJUnit4ClassRunner.java:57)
	at org.junit.runners.ParentRunner$3.run(ParentRunner.java:290)
	at org.junit.runners.ParentRunner$1.schedule(ParentRunner.java:71)
	at org.junit.runners.ParentRunner.runChildren(ParentRunner.java:288)
	at org.junit.runners.ParentRunner.access$000(ParentRunner.java:58)
	at org.junit.runners.ParentRunner$2.evaluate(ParentRunner.java:268)
	at org.junit.runners.ParentRunner.run(ParentRunner.java:363)
	at org.apache.maven.surefire.junit4.JUnit4Provider.execute(JUnit4Provider.java:252)
	at org.apache.maven.surefire.junit4.JUnit4Provider.executeTestSet(JUnit4Provider.java:141)
	at org.apache.maven.surefire.junit4.JUnit4Provider.invoke(JUnit4Provider.java:112)
	at sun.reflect.NativeMethodAccessorImpl.invoke0(Native Method)
	at sun.reflect.NativeMethodAccessorImpl.invoke(NativeMethodAccessorImpl.java:57)
	at sun.reflect.DelegatingMethodAccessorImpl.invoke(DelegatingMethodAccessorImpl.java:43)
	at java.lang.reflect.Method.invoke(Method.java:606)
	at org.apache.maven.surefire.util.ReflectionUtils.invokeMethodWithArray(ReflectionUtils.java:189)
	at org.apache.maven.surefire.booter.ProviderFactory$ProviderProxy.invoke(ProviderFactory.java:165)
	at org.apache.maven.surefire.booter.ProviderFactory.invokeProvider(ProviderFactory.java:85)
	at org.apache.maven.surefire.booter.ForkedBooter.runSuitesInProcess(ForkedBooter.java:115)
	at org.apache.maven.surefire.booter.ForkedBooter.main(ForkedBooter.java:75)

Running retrofit.CallTest
Jun 27, 2015 4:18:48 AM com.squareup.okhttp.mockwebserver.MockWebServer$2 execute
INFO: MockWebServer[55007] starting to accept connections
Jun 27, 2015 4:18:50 AM com.squareup.okhttp.mockwebserver.MockWebServer$2 acceptConnections
INFO: MockWebServer[55007] done accepting connections: Socket closed
Jun 27, 2015 4:18:50 AM com.squareup.okhttp.mockwebserver.MockWebServer$3 processOneRequest
INFO: MockWebServer[55007] received request: GET / HTTP/1.1 and responded: HTTP/1.1 200 OK
Jun 27, 2015 4:18:50 AM com.squareup.okhttp.mockwebserver.MockWebServer$2 execute
INFO: MockWebServer[53329] starting to accept connections
Jun 27, 2015 4:18:50 AM com.squareup.okhttp.mockwebserver.MockWebServer$3 processOneRequest
INFO: MockWebServer[53329] received request: GET / HTTP/1.1 and responded: HTTP/1.1 404 OK
Jun 27, 2015 4:18:50 AM com.squareup.okhttp.mockwebserver.MockWebServer$2 acceptConnections
INFO: MockWebServer[53329] done accepting connections: Socket closed
Jun 27, 2015 4:18:50 AM com.squareup.okhttp.mockwebserver.MockWebServer$2 execute
INFO: MockWebServer[58468] starting to accept connections
Jun 27, 2015 4:18:50 AM com.squareup.okhttp.mockwebserver.MockWebServer$2 acceptConnections
INFO: MockWebServer[58468] done accepting connections: Socket closed
Jun 27, 2015 4:18:50 AM com.squareup.okhttp.mockwebserver.MockWebServer$2 execute
INFO: MockWebServer[55508] starting to accept connections
Jun 27, 2015 4:18:50 AM com.squareup.okhttp.mockwebserver.MockWebServer$2 acceptConnections
INFO: MockWebServer[55508] done accepting connections: Socket closed
Jun 27, 2015 4:18:50 AM com.squareup.okhttp.mockwebserver.MockWebServer$2 execute
INFO: MockWebServer[42361] starting to accept connections
Jun 27, 2015 4:18:50 AM com.squareup.okhttp.mockwebserver.MockWebServer$3 processOneRequest
INFO: MockWebServer[42361] received request: GET / HTTP/1.1 and responded: HTTP/1.1 200 OK
Jun 27, 2015 4:18:50 AM com.squareup.okhttp.mockwebserver.MockWebServer$2 acceptConnections
INFO: MockWebServer[42361] done accepting connections: Socket closed
Jun 27, 2015 4:18:50 AM com.squareup.okhttp.mockwebserver.MockWebServer$2 execute
INFO: MockWebServer[46048] starting to accept connections
Jun 27, 2015 4:18:50 AM com.squareup.okhttp.mockwebserver.MockWebServer$2 acceptConnections
INFO: MockWebServer[46048] done accepting connections: Socket closed
Jun 27, 2015 4:18:50 AM com.squareup.okhttp.mockwebserver.MockWebServer$2 execute
INFO: MockWebServer[46499] starting to accept connections
Jun 27, 2015 4:18:50 AM com.squareup.okhttp.mockwebserver.MockWebServer$3 processOneRequest
INFO: MockWebServer[46499] received request: GET / HTTP/1.1 and responded: HTTP/1.1 404 OK
Jun 27, 2015 4:18:50 AM com.squareup.okhttp.mockwebserver.MockWebServer$2 acceptConnections
INFO: MockWebServer[46499] done accepting connections: Socket closed
Jun 27, 2015 4:18:50 AM com.squareup.okhttp.mockwebserver.MockWebServer$2 execute
INFO: MockWebServer[41346] starting to accept connections
Jun 27, 2015 4:18:50 AM com.squareup.okhttp.mockwebserver.MockWebServer$3 processOneRequest
INFO: MockWebServer[41346] received request: POST / HTTP/1.1 and responded: HTTP/1.1 200 OK
Jun 27, 2015 4:18:50 AM com.squareup.okhttp.mockwebserver.MockWebServer$2 acceptConnections
INFO: MockWebServer[41346] done accepting connections: Socket closed
Jun 27, 2015 4:18:50 AM com.squareup.okhttp.mockwebserver.MockWebServer$2 execute
INFO: MockWebServer[33856] starting to accept connections
Jun 27, 2015 4:18:50 AM com.squareup.okhttp.mockwebserver.MockWebServer$2 acceptConnections
INFO: MockWebServer[33856] done accepting connections: Socket closed
Jun 27, 2015 4:18:50 AM com.squareup.okhttp.mockwebserver.MockWebServer$3 processOneRequest
INFO: MockWebServer[33856] received request: GET / HTTP/1.1 and responded: HTTP/1.1 204 Nothin
Jun 27, 2015 4:18:50 AM com.squareup.okhttp.mockwebserver.MockWebServer$2 execute
INFO: MockWebServer[53992] starting to accept connections
Jun 27, 2015 4:18:50 AM com.squareup.okhttp.mockwebserver.MockWebServer$3 processOneRequest
INFO: MockWebServer[53992] received request: GET / HTTP/1.1 and responded: HTTP/1.1 200 OK
Jun 27, 2015 4:18:50 AM com.squareup.okhttp.mockwebserver.MockWebServer$2 acceptConnections
INFO: MockWebServer[53992] done accepting connections: Socket closed
Jun 27, 2015 4:18:50 AM com.squareup.okhttp.mockwebserver.MockWebServer$2 execute
INFO: MockWebServer[48424] starting to accept connections
Jun 27, 2015 4:18:52 AM com.squareup.okhttp.mockwebserver.MockWebServer$2 acceptConnections
INFO: MockWebServer[48424] done accepting connections: Socket closed
Jun 27, 2015 4:18:52 AM com.squareup.okhttp.mockwebserver.MockWebServer$3 processOneRequest
INFO: MockWebServer[48424] received request: GET / HTTP/1.1 and responded: HTTP/1.1 200 OK
Jun 27, 2015 4:18:52 AM com.squareup.okhttp.mockwebserver.MockWebServer$2 execute
INFO: MockWebServer[37548] starting to accept connections
Jun 27, 2015 4:18:52 AM com.squareup.okhttp.mockwebserver.MockWebServer$3 processOneRequest
INFO: MockWebServer[37548] received request: POST / HTTP/1.1 and responded: HTTP/1.1 200 OK
Jun 27, 2015 4:18:52 AM com.squareup.okhttp.mockwebserver.MockWebServer$2 acceptConnections
INFO: MockWebServer[37548] done accepting connections: Socket closed
Jun 27, 2015 4:18:52 AM com.squareup.okhttp.mockwebserver.MockWebServer$2 execute
INFO: MockWebServer[34528] starting to accept connections
Jun 27, 2015 4:18:52 AM com.squareup.okhttp.mockwebserver.MockWebServer$2 acceptConnections
INFO: MockWebServer[34528] done accepting connections: Socket closed
Jun 27, 2015 4:18:52 AM com.squareup.okhttp.mockwebserver.MockWebServer$2 execute
INFO: MockWebServer[44025] starting to accept connections
Jun 27, 2015 4:18:52 AM com.squareup.okhttp.mockwebserver.MockWebServer$3 processOneRequest
INFO: MockWebServer[44025] received request: GET / HTTP/1.1 and responded: HTTP/1.1 200 OK
Jun 27, 2015 4:18:52 AM com.squareup.okhttp.mockwebserver.MockWebServer$2 acceptConnections
INFO: MockWebServer[44025] done accepting connections: Socket closed
Jun 27, 2015 4:18:52 AM com.squareup.okhttp.mockwebserver.MockWebServer$2 execute
INFO: MockWebServer[58907] starting to accept connections
Jun 27, 2015 4:18:52 AM com.squareup.okhttp.mockwebserver.MockWebServer$3 processOneRequest
INFO: MockWebServer[58907] received request: GET / HTTP/1.1 and responded: HTTP/1.1 200 OK
Jun 27, 2015 4:18:52 AM com.squareup.okhttp.mockwebserver.MockWebServer$2 acceptConnections
INFO: MockWebServer[58907] done accepting connections: Socket closed
Jun 27, 2015 4:18:52 AM com.squareup.okhttp.mockwebserver.MockWebServer$2 execute
INFO: MockWebServer[57637] starting to accept connections
Jun 27, 2015 4:18:52 AM com.squareup.okhttp.mockwebserver.MockWebServer$3 processOneRequest
INFO: MockWebServer[57637] received request: GET / HTTP/1.1 and responded: HTTP/1.1 205 Nothin
Jun 27, 2015 4:18:52 AM com.squareup.okhttp.mockwebserver.MockWebServer$2 acceptConnections
INFO: MockWebServer[57637] done accepting connections: Socket closed
Jun 27, 2015 4:18:52 AM com.squareup.okhttp.mockwebserver.MockWebServer$2 execute
INFO: MockWebServer[34013] starting to accept connections
Jun 27, 2015 4:18:52 AM com.squareup.okhttp.mockwebserver.MockWebServer$3 processOneRequest
INFO: MockWebServer[34013] received request: GET / HTTP/1.1 and responded: HTTP/1.1 200 OK
Jun 27, 2015 4:18:52 AM com.squareup.okhttp.mockwebserver.MockWebServer$2 acceptConnections
INFO: MockWebServer[34013] done accepting connections: Socket closed
Jun 27, 2015 4:18:52 AM com.squareup.okhttp.mockwebserver.MockWebServer$2 execute
INFO: MockWebServer[56510] starting to accept connections
Jun 27, 2015 4:18:52 AM com.squareup.okhttp.mockwebserver.MockWebServer$3 processOneRequest
INFO: MockWebServer[56510] received request: GET / HTTP/1.1 and responded: HTTP/1.1 200 OK
Jun 27, 2015 4:18:52 AM com.squareup.okhttp.mockwebserver.MockWebServer$2 acceptConnections
INFO: MockWebServer[56510] done accepting connections: Socket closed
Jun 27, 2015 4:18:52 AM com.squareup.okhttp.mockwebserver.MockWebServer$2 execute
INFO: MockWebServer[57414] starting to accept connections
Jun 27, 2015 4:18:52 AM com.squareup.okhttp.mockwebserver.MockWebServer$2 acceptConnections
INFO: MockWebServer[57414] done accepting connections: Socket closed
Jun 27, 2015 4:18:52 AM com.squareup.okhttp.mockwebserver.MockWebServer$2 execute
INFO: MockWebServer[33217] starting to accept connections
Jun 27, 2015 4:18:52 AM com.squareup.okhttp.mockwebserver.MockWebServer$2 acceptConnections
INFO: MockWebServer[33217] done accepting connections: Socket is closed
Jun 27, 2015 4:18:52 AM com.squareup.okhttp.mockwebserver.MockWebServer$2 execute
INFO: MockWebServer[38835] starting to accept connections
Jun 27, 2015 4:18:52 AM com.squareup.okhttp.mockwebserver.MockWebServer$3 processOneRequest
INFO: MockWebServer[38835] received request: GET / HTTP/1.1 and responded: HTTP/1.1 200 OK
Jun 27, 2015 4:18:52 AM com.squareup.okhttp.mockwebserver.MockWebServer$2 acceptConnections
INFO: MockWebServer[38835] done accepting connections: Socket closed
Jun 27, 2015 4:18:52 AM com.squareup.okhttp.mockwebserver.MockWebServer$2 execute
INFO: MockWebServer[55577] starting to accept connections
Jun 27, 2015 4:18:52 AM com.squareup.okhttp.mockwebserver.MockWebServer$3 processOneRequest
INFO: MockWebServer[55577] received request: GET / HTTP/1.1 and responded: HTTP/1.1 200 OK
Jun 27, 2015 4:18:52 AM com.squareup.okhttp.mockwebserver.MockWebServer$2 acceptConnections
INFO: MockWebServer[55577] done accepting connections: Socket closed
Tests run: 22, Failures: 0, Errors: 0, Skipped: 0, Time elapsed: 4.186 sec

Results :

Failed tests:   callAdapterFactoryDefault(retrofit.RetrofitTest): (..)
  customReturnTypeAdapterMissingThrows(retrofit.RetrofitTest): (..)

Tests run: 144, Failures: 2, Errors: 0, Skipped: 2

[INFO] ------------------------------------------------------------------------
[INFO] Reactor Summary:
[INFO] 
[INFO] Retrofit (Parent) .................................. SUCCESS [  0.337 s]
[INFO] Retrofit ........................................... FAILURE [  9.119 s]
[INFO] Adapters ........................................... SKIPPED
[INFO] Adapter: RxJava .................................... SKIPPED
[INFO] Converters ......................................... SKIPPED
[INFO] Converter: Gson .................................... SKIPPED
[INFO] Converter: Protocol Buffers ........................ SKIPPED
[INFO] Converter: Jackson ................................. SKIPPED
[INFO] Converter: Wire Protocol Buffers ................... SKIPPED
[INFO] Converter: SimpleXML ............................... SKIPPED
[INFO] Converter: Moshi ................................... SKIPPED
[INFO] Samples ............................................ SKIPPED
[INFO] ------------------------------------------------------------------------
[INFO] BUILD FAILURE
[INFO] ------------------------------------------------------------------------
[INFO] Total time: 9.786 s
[INFO] Finished at: 2015-06-27T04:18:53+00:00
[INFO] Final Memory: 17M/465M
[INFO] ------------------------------------------------------------------------
[ERROR] Failed to execute goal org.apache.maven.plugins:maven-surefire-plugin:2.12.4:test (default-test) on project retrofit: There are test failures.
[ERROR] 
[ERROR] Please refer to /home/travis/build/square/retrofit/retrofit/target/surefire-reports for the individual test results.
[ERROR] -> [Help 1]
[ERROR] 
[ERROR] To see the full stack trace of the errors, re-run Maven with the -e switch.
[ERROR] Re-run Maven using the -X switch to enable full debug logging.
[ERROR] 
[ERROR] For more information about the errors and possible solutions, please read the following articles:
[ERROR] [Help 1] http://cwiki.apache.org/confluence/display/MAVEN/MojoFailureException
[ERROR] 
[ERROR] After correcting the problems, you can resume the build with the command
[ERROR]   mvn <goals> -rf :retrofit
travis_time:end:04941b0e:start=1435378722089041317,finish=1435378733433258116,duration=11344216799[0K
[31;1mThe command "mvn test -B" exited with 1.[0m
travis_fold:start:cache.2[0Kstore build cache
travis_time:start:1d6a5fa3[0Kchange detected: /home/travis/.m2/repository/com/squareup/retrofit/parent/2.0.0-SNAPSHOT/_remote.repositories
changes detected, packing new archive
uploading archive
travis_time:end:1d6a5fa3:start=1435378733437407377,finish=1435378743528193749,duration=10090786372[0Ktravis_fold:end:cache.2[0K
Done. Your build exited with 1.
