Using worker: worker-linux-docker-92b5367b.prod.travis-ci.org:travis-linux-6

travis_fold:start:system_info[0K[33;1mBuild system information[0m
Build language: java
[34m[1mBuild image provisioning date and time[0m
Thu Feb  5 15:09:33 UTC 2015
[34m[1mOperating System Details[0m
Distributor ID:	Ubuntu
Description:	Ubuntu 12.04.5 LTS
Release:	12.04
Codename:	precise
[34m[1mLinux Version[0m
3.13.0-29-generic
[34m[1mCookbooks Version[0m
a68419e https://github.com/travis-ci/travis-cookbooks/tree/a68419e
[34m[1mGCC version[0m
gcc (Ubuntu/Linaro 4.6.3-1ubuntu5) 4.6.3
Copyright (C) 2011 Free Software Foundation, Inc.
This is free software; see the source for copying conditions.  There is NO
warranty; not even for MERCHANTABILITY or FITNESS FOR A PARTICULAR PURPOSE.

[34m[1mLLVM version[0m
clang version 3.4 (tags/RELEASE_34/final)
Target: x86_64-unknown-linux-gnu
Thread model: posix
[34m[1mPre-installed Ruby versions[0m
ruby-1.9.3-p551
[34m[1mPre-installed Node.js versions[0m
v0.10.36
[34m[1mPre-installed Go versions[0m
1.4.1
[34m[1mRedis version[0m
redis-server 2.8.19
[34m[1mriak version[0m
2.0.2
[34m[1mMongoDB version[0m
MongoDB 2.4.12
[34m[1mCouchDB version[0m
couchdb 1.6.1
[34m[1mNeo4j version[0m
1.9.4
[34m[1mRabbitMQ Version[0m
3.4.3
[34m[1mElasticSearch version[0m
1.4.0
[34m[1mInstalled Sphinx versions[0m
2.0.10
2.1.9
2.2.6
[34m[1mDefault Sphinx version[0m
2.2.6
[34m[1mInstalled Firefox version[0m
firefox 31.0esr
[34m[1mPhantomJS version[0m
1.9.8
[34m[1mant -version[0m
Apache Ant(TM) version 1.8.2 compiled on December 3 2011
[34m[1mmvn -version[0m
Apache Maven 3.2.5 (12a6b3acb947671f09b81f49094c53f426d8cea1; 2014-12-14T17:29:23+00:00)
Maven home: /usr/local/maven
Java version: 1.7.0_76, vendor: Oracle Corporation
Java home: /usr/lib/jvm/java-7-oracle/jre
Default locale: en_US, platform encoding: ANSI_X3.4-1968
OS name: "linux", version: "3.13.0-29-generic", arch: "amd64", family: "unix"
travis_fold:end:system_info[0K
travis_fold:start:git.checkout[0Ktravis_time:start:04977f33[0K$ git clone --depth=50 --branch=jw/mock git://github.com/square/retrofit.git square/retrofit
Cloning into 'square/retrofit'...
remote: Counting objects: 1440, done.[K
remote: Compressing objects:   0% (1/648)   [Kremote: Compressing objects:   1% (7/648)   [Kremote: Compressing objects:   2% (13/648)   [Kremote: Compressing objects:   3% (20/648)   [Kremote: Compressing objects:   4% (26/648)   [Kremote: Compressing objects:   5% (33/648)   [Kremote: Compressing objects:   6% (39/648)   [Kremote: Compressing objects:   7% (46/648)   [Kremote: Compressing objects:   8% (52/648)   [Kremote: Compressing objects:   9% (59/648)   [Kremote: Compressing objects:  10% (65/648)   [Kremote: Compressing objects:  11% (72/648)   [Kremote: Compressing objects:  12% (78/648)   [Kremote: Compressing objects:  13% (85/648)   [Kremote: Compressing objects:  14% (91/648)   [Kremote: Compressing objects:  15% (98/648)   [Kremote: Compressing objects:  16% (104/648)   [Kremote: Compressing objects:  17% (111/648)   [Kremote: Compressing objects:  18% (117/648)   [Kremote: Compressing objects:  19% (124/648)   [Kremote: Compressing objects:  20% (130/648)   [Kremote: Compressing objects:  21% (137/648)   [Kremote: Compressing objects:  22% (143/648)   [Kremote: Compressing objects:  23% (150/648)   [Kremote: Compressing objects:  24% (156/648)   [Kremote: Compressing objects:  25% (162/648)   [Kremote: Compressing objects:  26% (169/648)   [Kremote: Compressing objects:  27% (175/648)   [Kremote: Compressing objects:  28% (182/648)   [Kremote: Compressing objects:  29% (188/648)   [Kremote: Compressing objects:  30% (195/648)   [Kremote: Compressing objects:  31% (201/648)   [Kremote: Compressing objects:  32% (208/648)   [Kremote: Compressing objects:  33% (214/648)   [Kremote: Compressing objects:  34% (221/648)   [Kremote: Compressing objects:  35% (227/648)   [Kremote: Compressing objects:  36% (234/648)   [Kremote: Compressing objects:  37% (240/648)   [Kremote: Compressing objects:  38% (247/648)   [Kremote: Compressing objects:  39% (253/648)   [Kremote: Compressing objects:  40% (260/648)   [Kremote: Compressing objects:  41% (266/648)   [Kremote: Compressing objects:  42% (273/648)   [Kremote: Compressing objects:  43% (279/648)   [Kremote: Compressing objects:  44% (286/648)   [Kremote: Compressing objects:  45% (292/648)   [Kremote: Compressing objects:  46% (299/648)   [Kremote: Compressing objects:  47% (305/648)   [Kremote: Compressing objects:  48% (312/648)   [Kremote: Compressing objects:  49% (318/648)   [Kremote: Compressing objects:  50% (324/648)   [Kremote: Compressing objects:  51% (331/648)   [Kremote: Compressing objects:  52% (337/648)   [Kremote: Compressing objects:  53% (344/648)   [Kremote: Compressing objects:  54% (350/648)   [Kremote: Compressing objects:  55% (357/648)   [Kremote: Compressing objects:  56% (363/648)   [Kremote: Compressing objects:  57% (370/648)   [Kremote: Compressing objects:  58% (376/648)   [Kremote: Compressing objects:  59% (383/648)   [Kremote: Compressing objects:  60% (389/648)   [Kremote: Compressing objects:  61% (396/648)   [Kremote: Compressing objects:  62% (402/648)   [Kremote: Compressing objects:  63% (409/648)   [Kremote: Compressing objects:  64% (415/648)   [Kremote: Compressing objects:  65% (422/648)   [Kremote: Compressing objects:  66% (428/648)   [Kremote: Compressing objects:  67% (435/648)   [Kremote: Compressing objects:  68% (441/648)   [Kremote: Compressing objects:  69% (448/648)   [Kremote: Compressing objects:  70% (454/648)   [Kremote: Compressing objects:  71% (461/648)   [Kremote: Compressing objects:  72% (467/648)   [Kremote: Compressing objects:  73% (474/648)   [Kremote: Compressing objects:  74% (480/648)   [Kremote: Compressing objects:  75% (486/648)   [Kremote: Compressing objects:  76% (493/648)   [Kremote: Compressing objects:  77% (499/648)   [Kremote: Compressing objects:  78% (506/648)   [Kremote: Compressing objects:  79% (512/648)   [Kremote: Compressing objects:  80% (519/648)   [Kremote: Compressing objects:  81% (525/648)   [Kremote: Compressing objects:  82% (532/648)   [Kremote: Compressing objects:  83% (538/648)   [Kremote: Compressing objects:  84% (545/648)   [Kremote: Compressing objects:  85% (551/648)   [Kremote: Compressing objects:  86% (558/648)   [Kremote: Compressing objects:  87% (564/648)   [Kremote: Compressing objects:  88% (571/648)   [Kremote: Compressing objects:  89% (577/648)   [Kremote: Compressing objects:  90% (584/648)   [Kremote: Compressing objects:  91% (590/648)   [Kremote: Compressing objects:  92% (597/648)   [Kremote: Compressing objects:  93% (603/648)   [Kremote: Compressing objects:  94% (610/648)   [Kremote: Compressing objects:  95% (616/648)   [Kremote: Compressing objects:  96% (623/648)   [Kremote: Compressing objects:  97% (629/648)   [Kremote: Compressing objects:  98% (636/648)   [Kremote: Compressing objects:  99% (642/648)   [Kremote: Compressing objects: 100% (648/648)   [Kremote: Compressing objects: 100% (648/648), done.[K
Receiving objects:   0% (1/1440)   Receiving objects:   1% (15/1440)   Receiving objects:   2% (29/1440)   Receiving objects:   3% (44/1440)   Receiving objects:   4% (58/1440)   Receiving objects:   5% (72/1440)   Receiving objects:   6% (87/1440)   Receiving objects:   7% (101/1440)   Receiving objects:   8% (116/1440)   Receiving objects:   9% (130/1440)   Receiving objects:  10% (144/1440)   Receiving objects:  11% (159/1440)   Receiving objects:  12% (173/1440)   Receiving objects:  13% (188/1440)   Receiving objects:  14% (202/1440)   Receiving objects:  15% (216/1440)   Receiving objects:  16% (231/1440)   Receiving objects:  17% (245/1440)   Receiving objects:  18% (260/1440)   Receiving objects:  19% (274/1440)   Receiving objects:  20% (288/1440)   Receiving objects:  21% (303/1440)   Receiving objects:  22% (317/1440)   Receiving objects:  23% (332/1440)   Receiving objects:  24% (346/1440)   Receiving objects:  25% (360/1440)   Receiving objects:  26% (375/1440)   Receiving objects:  27% (389/1440)   Receiving objects:  28% (404/1440)   Receiving objects:  29% (418/1440)   Receiving objects:  30% (432/1440)   Receiving objects:  31% (447/1440)   Receiving objects:  32% (461/1440)   Receiving objects:  33% (476/1440)   Receiving objects:  34% (490/1440)   Receiving objects:  35% (504/1440)   Receiving objects:  36% (519/1440)   Receiving objects:  37% (533/1440)   Receiving objects:  38% (548/1440)   Receiving objects:  39% (562/1440)   Receiving objects:  40% (576/1440)   Receiving objects:  41% (591/1440)   Receiving objects:  42% (605/1440)   Receiving objects:  43% (620/1440)   Receiving objects:  44% (634/1440)   Receiving objects:  45% (648/1440)   Receiving objects:  46% (663/1440)   Receiving objects:  47% (677/1440)   Receiving objects:  48% (692/1440)   Receiving objects:  49% (706/1440)   Receiving objects:  50% (720/1440)   Receiving objects:  51% (735/1440)   Receiving objects:  52% (749/1440)   Receiving objects:  53% (764/1440)   Receiving objects:  54% (778/1440)   Receiving objects:  55% (792/1440)   Receiving objects:  56% (807/1440)   Receiving objects:  57% (821/1440)   Receiving objects:  58% (836/1440)   Receiving objects:  59% (850/1440)   Receiving objects:  60% (864/1440)   Receiving objects:  61% (879/1440)   Receiving objects:  62% (893/1440)   Receiving objects:  63% (908/1440)   Receiving objects:  64% (922/1440)   Receiving objects:  65% (936/1440)   Receiving objects:  66% (951/1440)   Receiving objects:  67% (965/1440)   Receiving objects:  68% (980/1440)   Receiving objects:  69% (994/1440)   Receiving objects:  70% (1008/1440)   Receiving objects:  71% (1023/1440)   Receiving objects:  72% (1037/1440)   remote: Total 1440 (delta 509), reused 1302 (delta 406), pack-reused 0[K
Receiving objects:  73% (1052/1440)   Receiving objects:  74% (1066/1440)   Receiving objects:  75% (1080/1440)   Receiving objects:  76% (1095/1440)   Receiving objects:  77% (1109/1440)   Receiving objects:  78% (1124/1440)   Receiving objects:  79% (1138/1440)   Receiving objects:  80% (1152/1440)   Receiving objects:  81% (1167/1440)   Receiving objects:  82% (1181/1440)   Receiving objects:  83% (1196/1440)   Receiving objects:  84% (1210/1440)   Receiving objects:  85% (1224/1440)   Receiving objects:  86% (1239/1440)   Receiving objects:  87% (1253/1440)   Receiving objects:  88% (1268/1440)   Receiving objects:  89% (1282/1440)   Receiving objects:  90% (1296/1440)   Receiving objects:  91% (1311/1440)   Receiving objects:  92% (1325/1440)   Receiving objects:  93% (1340/1440)   Receiving objects:  94% (1354/1440)   Receiving objects:  95% (1368/1440)   Receiving objects:  96% (1383/1440)   Receiving objects:  97% (1397/1440)   Receiving objects:  98% (1412/1440)   Receiving objects:  99% (1426/1440)   Receiving objects: 100% (1440/1440)   Receiving objects: 100% (1440/1440), 365.45 KiB | 0 bytes/s, done.
Resolving deltas:   0% (0/509)   Resolving deltas:  12% (62/509)   Resolving deltas:  13% (69/509)   Resolving deltas:  14% (76/509)   Resolving deltas:  19% (99/509)   Resolving deltas:  20% (103/509)   Resolving deltas:  25% (131/509)   Resolving deltas:  26% (133/509)   Resolving deltas:  27% (138/509)   Resolving deltas:  31% (160/509)   Resolving deltas:  32% (166/509)   Resolving deltas:  34% (174/509)   Resolving deltas:  36% (185/509)   Resolving deltas:  37% (192/509)   Resolving deltas:  38% (194/509)   Resolving deltas:  39% (201/509)   Resolving deltas:  40% (204/509)   Resolving deltas:  41% (211/509)   Resolving deltas:  44% (224/509)   Resolving deltas:  45% (232/509)   Resolving deltas:  46% (237/509)   Resolving deltas:  47% (240/509)   Resolving deltas:  48% (245/509)   Resolving deltas:  49% (254/509)   Resolving deltas:  50% (257/509)   Resolving deltas:  51% (261/509)   Resolving deltas:  52% (265/509)   Resolving deltas:  53% (273/509)   Resolving deltas:  55% (280/509)   Resolving deltas:  56% (287/509)   Resolving deltas:  58% (298/509)   Resolving deltas:  62% (317/509)   Resolving deltas:  63% (323/509)   Resolving deltas:  67% (345/509)   Resolving deltas:  68% (349/509)   Resolving deltas:  69% (353/509)   Resolving deltas:  70% (358/509)   Resolving deltas:  73% (373/509)   Resolving deltas:  74% (377/509)   Resolving deltas:  75% (385/509)   Resolving deltas:  76% (387/509)   Resolving deltas:  77% (392/509)   Resolving deltas:  78% (399/509)   Resolving deltas:  79% (405/509)   Resolving deltas:  80% (409/509)   Resolving deltas:  81% (416/509)   Resolving deltas:  83% (424/509)   Resolving deltas:  84% (428/509)   Resolving deltas:  85% (433/509)   Resolving deltas:  86% (440/509)   Resolving deltas:  87% (445/509)   Resolving deltas:  88% (449/509)   Resolving deltas:  89% (455/509)   Resolving deltas:  90% (459/509)   Resolving deltas:  91% (465/509)   Resolving deltas:  92% (469/509)   Resolving deltas:  94% (479/509)   Resolving deltas:  95% (488/509)   Resolving deltas:  97% (497/509)   Resolving deltas:  98% (499/509)   Resolving deltas:  99% (505/509)   Resolving deltas: 100% (509/509)   Resolving deltas: 100% (509/509), done.
Checking connectivity... done.
travis_time:end:04977f33:start=1437764312774817428,finish=1437764313946046198,duration=1171228770[0K$ cd square/retrofit
$ git checkout -qf 594577b35171dc509bceec90b367492bdbf7f7b3
travis_fold:end:git.checkout[0K
[33;1mThis job is running on container-based infrastructure, which does not allow use of 'sudo', setuid and setguid executables.[0m
[33;1mIf you require sudo, add 'sudo: required' to your .travis.yml[0m
[33;1mSee http://docs.travis-ci.com/user/workers/container-based-infrastructure/ for details.[0m

[33;1mSetting environment variables from .travis.yml[0m
$ export CI_DEPLOY_USERNAME=[secure]
$ export CI_DEPLOY_PASSWORD=[secure]

travis_fold:start:cache.1[0KSetting up build cache
$ export CASHER_DIR=$HOME/.casher
travis_time:start:027e959e[0K$ Installing caching utilities
travis_time:end:027e959e:start=1437764317750002139,finish=1437764317805433575,duration=55431436[0Ktravis_time:start:0025f760[0Kattempting to download cache archive
fetching jwmock/cache--jdk-oraclejdk7.tgz
found cache
travis_time:end:0025f760:start=1437764317810579383,finish=1437764319269948030,duration=1459368647[0Ktravis_time:start:05238a3c[0Kadding /home/travis/.m2 to cache
travis_time:end:05238a3c:start=1437764319274098534,finish=1437764320707953793,duration=1433855259[0Ktravis_fold:end:cache.1[0K$ jdk_switcher use oraclejdk7
Switching to Oracle JDK7 (java-7-oracle), JAVA_HOME will be set to /usr/lib/jvm/java-7-oracle
$ java -Xmx32m -version
java version "1.7.0_76"
Java(TM) SE Runtime Environment (build 1.7.0_76-b13)
Java HotSpot(TM) 64-Bit Server VM (build 24.76-b04, mixed mode)
$ javac -J-Xmx32m -version
javac 1.7.0_76
travis_fold:start:install[0Ktravis_time:start:1ed68030[0K$ mvn install -DskipTests=true -Dmaven.javadoc.skip=true -B -V
Apache Maven 3.2.5 (12a6b3acb947671f09b81f49094c53f426d8cea1; 2014-12-14T17:29:23+00:00)
Maven home: /usr/local/maven
Java version: 1.7.0_76, vendor: Oracle Corporation
Java home: /usr/lib/jvm/java-7-oracle/jre
Default locale: en_US, platform encoding: UTF-8
OS name: "linux", version: "3.13.0-40-generic", arch: "amd64", family: "unix"
[INFO] Scanning for projects...
[WARNING] 
[WARNING] Some problems were encountered while building the effective model for com.squareup.retrofit:samples:jar:2.0.0-SNAPSHOT
[WARNING] 'build.plugins.plugin.version' for org.apache.maven.plugins:maven-deploy-plugin is missing. @ com.squareup.retrofit:samples:[unknown-version], /home/travis/build/square/retrofit/samples/pom.xml, line 36, column 15
[WARNING] 
[WARNING] It is highly recommended to fix these problems because they threaten the stability of your build.
[WARNING] 
[WARNING] For this reason, future Maven versions might no longer support building such malformed projects.
[WARNING] 
[INFO] ------------------------------------------------------------------------
[INFO] Reactor Build Order:
[INFO] 
[INFO] Retrofit (Parent)
[INFO] Retrofit
[INFO] Adapters
[INFO] Adapter: RxJava
[INFO] Retrofit Mock Adapter
[INFO] Adapter: RxJava Mock
[INFO] Converters
[INFO] Converter: Gson
[INFO] Converter: Protocol Buffers
[INFO] Converter: Jackson
[INFO] Converter: Wire Protocol Buffers
[INFO] Converter: SimpleXML
[INFO] Converter: Moshi
[INFO] Samples
[INFO]                                                                         
[INFO] ------------------------------------------------------------------------
[INFO] Building Retrofit (Parent) 2.0.0-SNAPSHOT
[INFO] ------------------------------------------------------------------------
[INFO] 
[INFO] --- maven-enforcer-plugin:1.0:enforce (enforce-maven) @ parent ---
[INFO] 
[INFO] --- maven-checkstyle-plugin:2.15:checkstyle (default) @ parent ---
[INFO] 
[INFO] --- maven-install-plugin:2.4:install (default-install) @ parent ---
[INFO] Installing /home/travis/build/square/retrofit/pom.xml to /home/travis/.m2/repository/com/squareup/retrofit/parent/2.0.0-SNAPSHOT/parent-2.0.0-SNAPSHOT.pom
[INFO]                                                                         
[INFO] ------------------------------------------------------------------------
[INFO] Building Retrofit 2.0.0-SNAPSHOT
[INFO] ------------------------------------------------------------------------
[INFO] Downloading: https://repository.apache.org/snapshots/com/squareup/okhttp/okhttp/2.5.0-SNAPSHOT/maven-metadata.xml
[INFO] Downloading: https://repository.apache.org/snapshots/com/squareup/okhttp/parent/2.5.0-SNAPSHOT/maven-metadata.xml
[INFO] Downloading: https://repository.apache.org/snapshots/com/squareup/okhttp/mockwebserver/2.5.0-SNAPSHOT/maven-metadata.xml
[INFO] Downloading: https://repository.apache.org/snapshots/com/squareup/okhttp/okhttp-ws/2.5.0-SNAPSHOT/maven-metadata.xml
[INFO] 
[INFO] --- maven-enforcer-plugin:1.0:enforce (enforce-maven) @ retrofit ---
[INFO] 
[INFO] --- maven-resources-plugin:2.6:resources (default-resources) @ retrofit ---
[INFO] Using 'UTF-8' encoding to copy filtered resources.
[INFO] skip non existing resourceDirectory /home/travis/build/square/retrofit/retrofit/src/main/resources
[INFO] 
[INFO] --- maven-compiler-plugin:3.0:compile (default-compile) @ retrofit ---
[INFO] Changes detected - recompiling the module!
[INFO] Compiling 44 source files to /home/travis/build/square/retrofit/retrofit/target/classes
[WARNING] /home/travis/build/square/retrofit/retrofit/src/main/java/retrofit/RequestBuilderAction.java: /home/travis/build/square/retrofit/retrofit/src/main/java/retrofit/RequestBuilderAction.java uses unchecked or unsafe operations.
[WARNING] /home/travis/build/square/retrofit/retrofit/src/main/java/retrofit/RequestBuilderAction.java: Recompile with -Xlint:unchecked for details.
[INFO] 
[INFO] --- maven-resources-plugin:2.6:testResources (default-testResources) @ retrofit ---
[INFO] Using 'UTF-8' encoding to copy filtered resources.
[INFO] skip non existing resourceDirectory /home/travis/build/square/retrofit/retrofit/src/test/resources
[INFO] 
[INFO] --- maven-compiler-plugin:3.0:testCompile (default-testCompile) @ retrofit ---
[INFO] Changes detected - recompiling the module!
[INFO] Compiling 7 source files to /home/travis/build/square/retrofit/retrofit/target/test-classes
[INFO] 
[INFO] --- maven-surefire-plugin:2.12.4:test (default-test) @ retrofit ---
[INFO] Tests are skipped.
[INFO] 
[INFO] --- maven-jar-plugin:2.4:jar (default-jar) @ retrofit ---
[INFO] Building jar: /home/travis/build/square/retrofit/retrofit/target/retrofit-2.0.0-SNAPSHOT.jar
[INFO] 
[INFO] --- maven-checkstyle-plugin:2.15:checkstyle (default) @ retrofit ---
[INFO] Starting audit...
Audit done.
[WARNING] Unable to locate Source XRef to link to - DISABLED
[INFO] 
[INFO] --- maven-install-plugin:2.4:install (default-install) @ retrofit ---
[INFO] Installing /home/travis/build/square/retrofit/retrofit/target/retrofit-2.0.0-SNAPSHOT.jar to /home/travis/.m2/repository/com/squareup/retrofit/retrofit/2.0.0-SNAPSHOT/retrofit-2.0.0-SNAPSHOT.jar
[INFO] Installing /home/travis/build/square/retrofit/retrofit/pom.xml to /home/travis/.m2/repository/com/squareup/retrofit/retrofit/2.0.0-SNAPSHOT/retrofit-2.0.0-SNAPSHOT.pom
[INFO]                                                                         
[INFO] ------------------------------------------------------------------------
[INFO] Building Adapters 2.0.0-SNAPSHOT
[INFO] ------------------------------------------------------------------------
[INFO] 
[INFO] --- maven-enforcer-plugin:1.0:enforce (enforce-maven) @ retrofit-adapters ---
[INFO] 
[INFO] --- maven-checkstyle-plugin:2.15:checkstyle (default) @ retrofit-adapters ---
[INFO] 
[INFO] --- maven-install-plugin:2.4:install (default-install) @ retrofit-adapters ---
[INFO] Installing /home/travis/build/square/retrofit/retrofit-adapters/pom.xml to /home/travis/.m2/repository/com/squareup/retrofit/retrofit-adapters/2.0.0-SNAPSHOT/retrofit-adapters-2.0.0-SNAPSHOT.pom
[INFO]                                                                         
[INFO] ------------------------------------------------------------------------
[INFO] Building Adapter: RxJava 2.0.0-SNAPSHOT
[INFO] ------------------------------------------------------------------------
[INFO] 
[INFO] --- maven-enforcer-plugin:1.0:enforce (enforce-maven) @ adapter-rxjava ---
[INFO] 
[INFO] --- maven-resources-plugin:2.6:resources (default-resources) @ adapter-rxjava ---
[INFO] Using 'UTF-8' encoding to copy filtered resources.
[INFO] skip non existing resourceDirectory /home/travis/build/square/retrofit/retrofit-adapters/rxjava/src/main/resources
[INFO] 
[INFO] --- maven-compiler-plugin:3.0:compile (default-compile) @ adapter-rxjava ---
[INFO] Changes detected - recompiling the module!
[INFO] Compiling 2 source files to /home/travis/build/square/retrofit/retrofit-adapters/rxjava/target/classes
[INFO] 
[INFO] --- maven-resources-plugin:2.6:testResources (default-testResources) @ adapter-rxjava ---
[INFO] Using 'UTF-8' encoding to copy filtered resources.
[INFO] skip non existing resourceDirectory /home/travis/build/square/retrofit/retrofit-adapters/rxjava/src/test/resources
[INFO] 
[INFO] --- maven-compiler-plugin:3.0:testCompile (default-testCompile) @ adapter-rxjava ---
[INFO] Changes detected - recompiling the module!
[INFO] Compiling 2 source files to /home/travis/build/square/retrofit/retrofit-adapters/rxjava/target/test-classes
[INFO] 
[INFO] --- maven-surefire-plugin:2.12.4:test (default-test) @ adapter-rxjava ---
[INFO] Tests are skipped.
[INFO] 
[INFO] --- maven-jar-plugin:2.4:jar (default-jar) @ adapter-rxjava ---
[INFO] Building jar: /home/travis/build/square/retrofit/retrofit-adapters/rxjava/target/adapter-rxjava-2.0.0-SNAPSHOT.jar
[INFO] 
[INFO] --- maven-checkstyle-plugin:2.15:checkstyle (default) @ adapter-rxjava ---
[INFO] Starting audit...
Audit done.
[WARNING] Unable to locate Source XRef to link to - DISABLED
[INFO] 
[INFO] --- maven-install-plugin:2.4:install (default-install) @ adapter-rxjava ---
[INFO] Installing /home/travis/build/square/retrofit/retrofit-adapters/rxjava/target/adapter-rxjava-2.0.0-SNAPSHOT.jar to /home/travis/.m2/repository/com/squareup/retrofit/adapter-rxjava/2.0.0-SNAPSHOT/adapter-rxjava-2.0.0-SNAPSHOT.jar
[INFO] Installing /home/travis/build/square/retrofit/retrofit-adapters/rxjava/pom.xml to /home/travis/.m2/repository/com/squareup/retrofit/adapter-rxjava/2.0.0-SNAPSHOT/adapter-rxjava-2.0.0-SNAPSHOT.pom
[INFO]                                                                         
[INFO] ------------------------------------------------------------------------
[INFO] Building Retrofit Mock Adapter 2.0.0-SNAPSHOT
[INFO] ------------------------------------------------------------------------
[INFO] 
[INFO] --- maven-enforcer-plugin:1.0:enforce (enforce-maven) @ retrofit-mock ---
[INFO] 
[INFO] --- maven-resources-plugin:2.6:resources (default-resources) @ retrofit-mock ---
[INFO] Using 'UTF-8' encoding to copy filtered resources.
[INFO] skip non existing resourceDirectory /home/travis/build/square/retrofit/retrofit-mock/src/main/resources
[INFO] 
[INFO] --- maven-compiler-plugin:3.0:compile (default-compile) @ retrofit-mock ---
[INFO] Changes detected - recompiling the module!
[INFO] Compiling 6 source files to /home/travis/build/square/retrofit/retrofit-mock/target/classes
[INFO] 
[INFO] --- maven-resources-plugin:2.6:testResources (default-testResources) @ retrofit-mock ---
[INFO] Using 'UTF-8' encoding to copy filtered resources.
[INFO] skip non existing resourceDirectory /home/travis/build/square/retrofit/retrofit-mock/src/test/resources
[INFO] 
[INFO] --- maven-compiler-plugin:3.0:testCompile (default-testCompile) @ retrofit-mock ---
[INFO] Changes detected - recompiling the module!
[INFO] Compiling 2 source files to /home/travis/build/square/retrofit/retrofit-mock/target/test-classes
[INFO] 
[INFO] --- maven-surefire-plugin:2.12.4:test (default-test) @ retrofit-mock ---
[INFO] Tests are skipped.
[INFO] 
[INFO] --- maven-jar-plugin:2.4:jar (default-jar) @ retrofit-mock ---
[INFO] Building jar: /home/travis/build/square/retrofit/retrofit-mock/target/retrofit-mock-2.0.0-SNAPSHOT.jar
[INFO] 
[INFO] --- maven-checkstyle-plugin:2.15:checkstyle (default) @ retrofit-mock ---
[INFO] Starting audit...
Audit done.
[WARNING] Unable to locate Source XRef to link to - DISABLED
[INFO] 
[INFO] --- maven-install-plugin:2.4:install (default-install) @ retrofit-mock ---
[INFO] Installing /home/travis/build/square/retrofit/retrofit-mock/target/retrofit-mock-2.0.0-SNAPSHOT.jar to /home/travis/.m2/repository/com/squareup/retrofit/retrofit-mock/2.0.0-SNAPSHOT/retrofit-mock-2.0.0-SNAPSHOT.jar
[INFO] Installing /home/travis/build/square/retrofit/retrofit-mock/pom.xml to /home/travis/.m2/repository/com/squareup/retrofit/retrofit-mock/2.0.0-SNAPSHOT/retrofit-mock-2.0.0-SNAPSHOT.pom
[INFO]                                                                         
[INFO] ------------------------------------------------------------------------
[INFO] Building Adapter: RxJava Mock 2.0.0-SNAPSHOT
[INFO] ------------------------------------------------------------------------
[INFO] 
[INFO] --- maven-enforcer-plugin:1.0:enforce (enforce-maven) @ adapter-rxjava-mock ---
[INFO] 
[INFO] --- maven-resources-plugin:2.6:resources (default-resources) @ adapter-rxjava-mock ---
[INFO] Using 'UTF-8' encoding to copy filtered resources.
[INFO] skip non existing resourceDirectory /home/travis/build/square/retrofit/retrofit-adapters/rxjava-mock/src/main/resources
[INFO] 
[INFO] --- maven-compiler-plugin:3.0:compile (default-compile) @ adapter-rxjava-mock ---
[INFO] Changes detected - recompiling the module!
[INFO] Compiling 1 source file to /home/travis/build/square/retrofit/retrofit-adapters/rxjava-mock/target/classes
[INFO] 
[INFO] --- maven-resources-plugin:2.6:testResources (default-testResources) @ adapter-rxjava-mock ---
[INFO] Using 'UTF-8' encoding to copy filtered resources.
[INFO] skip non existing resourceDirectory /home/travis/build/square/retrofit/retrofit-adapters/rxjava-mock/src/test/resources
[INFO] 
[INFO] --- maven-compiler-plugin:3.0:testCompile (default-testCompile) @ adapter-rxjava-mock ---
[INFO] Changes detected - recompiling the module!
[INFO] Compiling 1 source file to /home/travis/build/square/retrofit/retrofit-adapters/rxjava-mock/target/test-classes
[INFO] 
[INFO] --- maven-surefire-plugin:2.12.4:test (default-test) @ adapter-rxjava-mock ---
[INFO] Tests are skipped.
[INFO] 
[INFO] --- maven-jar-plugin:2.4:jar (default-jar) @ adapter-rxjava-mock ---
[INFO] Building jar: /home/travis/build/square/retrofit/retrofit-adapters/rxjava-mock/target/adapter-rxjava-mock-2.0.0-SNAPSHOT.jar
[INFO] 
[INFO] --- maven-checkstyle-plugin:2.15:checkstyle (default) @ adapter-rxjava-mock ---
[INFO] Starting audit...
Audit done.
[WARNING] Unable to locate Source XRef to link to - DISABLED
[INFO] 
[INFO] --- maven-install-plugin:2.4:install (default-install) @ adapter-rxjava-mock ---
[INFO] Installing /home/travis/build/square/retrofit/retrofit-adapters/rxjava-mock/target/adapter-rxjava-mock-2.0.0-SNAPSHOT.jar to /home/travis/.m2/repository/com/squareup/retrofit/adapter-rxjava-mock/2.0.0-SNAPSHOT/adapter-rxjava-mock-2.0.0-SNAPSHOT.jar
[INFO] Installing /home/travis/build/square/retrofit/retrofit-adapters/rxjava-mock/pom.xml to /home/travis/.m2/repository/com/squareup/retrofit/adapter-rxjava-mock/2.0.0-SNAPSHOT/adapter-rxjava-mock-2.0.0-SNAPSHOT.pom
[INFO]                                                                         
[INFO] ------------------------------------------------------------------------
[INFO] Building Converters 2.0.0-SNAPSHOT
[INFO] ------------------------------------------------------------------------
[INFO] 
[INFO] --- maven-enforcer-plugin:1.0:enforce (enforce-maven) @ retrofit-converters ---
[INFO] 
[INFO] --- maven-checkstyle-plugin:2.15:checkstyle (default) @ retrofit-converters ---
[INFO] 
[INFO] --- maven-install-plugin:2.4:install (default-install) @ retrofit-converters ---
[INFO] Installing /home/travis/build/square/retrofit/retrofit-converters/pom.xml to /home/travis/.m2/repository/com/squareup/retrofit/retrofit-converters/2.0.0-SNAPSHOT/retrofit-converters-2.0.0-SNAPSHOT.pom
[INFO]                                                                         
[INFO] ------------------------------------------------------------------------
[INFO] Building Converter: Gson 2.0.0-SNAPSHOT
[INFO] ------------------------------------------------------------------------
[INFO] 
[INFO] --- maven-enforcer-plugin:1.0:enforce (enforce-maven) @ converter-gson ---
[INFO] 
[INFO] --- maven-resources-plugin:2.6:resources (default-resources) @ converter-gson ---
[INFO] Using 'UTF-8' encoding to copy filtered resources.
[INFO] skip non existing resourceDirectory /home/travis/build/square/retrofit/retrofit-converters/gson/src/main/resources
[INFO] 
[INFO] --- maven-compiler-plugin:3.0:compile (default-compile) @ converter-gson ---
[INFO] Changes detected - recompiling the module!
[INFO] Compiling 2 source files to /home/travis/build/square/retrofit/retrofit-converters/gson/target/classes
[INFO] 
[INFO] --- maven-resources-plugin:2.6:testResources (default-testResources) @ converter-gson ---
[INFO] Using 'UTF-8' encoding to copy filtered resources.
[INFO] skip non existing resourceDirectory /home/travis/build/square/retrofit/retrofit-converters/gson/src/test/resources
[INFO] 
[INFO] --- maven-compiler-plugin:3.0:testCompile (default-testCompile) @ converter-gson ---
[INFO] Changes detected - recompiling the module!
[INFO] Compiling 1 source file to /home/travis/build/square/retrofit/retrofit-converters/gson/target/test-classes
[INFO] 
[INFO] --- maven-surefire-plugin:2.12.4:test (default-test) @ converter-gson ---
[INFO] Tests are skipped.
[INFO] 
[INFO] --- maven-jar-plugin:2.4:jar (default-jar) @ converter-gson ---
[INFO] Building jar: /home/travis/build/square/retrofit/retrofit-converters/gson/target/converter-gson-2.0.0-SNAPSHOT.jar
[INFO] 
[INFO] --- maven-checkstyle-plugin:2.15:checkstyle (default) @ converter-gson ---
[INFO] Starting audit...
Audit done.
[WARNING] Unable to locate Source XRef to link to - DISABLED
[INFO] 
[INFO] --- maven-install-plugin:2.4:install (default-install) @ converter-gson ---
[INFO] Installing /home/travis/build/square/retrofit/retrofit-converters/gson/target/converter-gson-2.0.0-SNAPSHOT.jar to /home/travis/.m2/repository/com/squareup/retrofit/converter-gson/2.0.0-SNAPSHOT/converter-gson-2.0.0-SNAPSHOT.jar
[INFO] Installing /home/travis/build/square/retrofit/retrofit-converters/gson/pom.xml to /home/travis/.m2/repository/com/squareup/retrofit/converter-gson/2.0.0-SNAPSHOT/converter-gson-2.0.0-SNAPSHOT.pom
[INFO]                                                                         
[INFO] ------------------------------------------------------------------------
[INFO] Building Converter: Protocol Buffers 2.0.0-SNAPSHOT
[INFO] ------------------------------------------------------------------------
[INFO] 
[INFO] --- maven-enforcer-plugin:1.0:enforce (enforce-maven) @ converter-protobuf ---
[INFO] 
[INFO] --- maven-resources-plugin:2.6:resources (default-resources) @ converter-protobuf ---
[INFO] Using 'UTF-8' encoding to copy filtered resources.
[INFO] skip non existing resourceDirectory /home/travis/build/square/retrofit/retrofit-converters/protobuf/src/main/resources
[INFO] 
[INFO] --- maven-compiler-plugin:3.0:compile (default-compile) @ converter-protobuf ---
[INFO] Changes detected - recompiling the module!
[INFO] Compiling 2 source files to /home/travis/build/square/retrofit/retrofit-converters/protobuf/target/classes
[WARNING] /home/travis/build/square/retrofit/retrofit-converters/protobuf/src/main/java/retrofit/ProtoConverterFactory.java: /home/travis/build/square/retrofit/retrofit-converters/protobuf/src/main/java/retrofit/ProtoConverterFactory.java uses unchecked or unsafe operations.
[WARNING] /home/travis/build/square/retrofit/retrofit-converters/protobuf/src/main/java/retrofit/ProtoConverterFactory.java: Recompile with -Xlint:unchecked for details.
[INFO] 
[INFO] --- maven-resources-plugin:2.6:testResources (default-testResources) @ converter-protobuf ---
[INFO] Using 'UTF-8' encoding to copy filtered resources.
[INFO] skip non existing resourceDirectory /home/travis/build/square/retrofit/retrofit-converters/protobuf/src/test/resources
[INFO] 
[INFO] --- maven-compiler-plugin:3.0:testCompile (default-testCompile) @ converter-protobuf ---
[INFO] Changes detected - recompiling the module!
[INFO] Compiling 2 source files to /home/travis/build/square/retrofit/retrofit-converters/protobuf/target/test-classes
[INFO] 
[INFO] --- maven-surefire-plugin:2.12.4:test (default-test) @ converter-protobuf ---
[INFO] Tests are skipped.
[INFO] 
[INFO] --- maven-jar-plugin:2.4:jar (default-jar) @ converter-protobuf ---
[INFO] Building jar: /home/travis/build/square/retrofit/retrofit-converters/protobuf/target/converter-protobuf-2.0.0-SNAPSHOT.jar
[INFO] 
[INFO] --- maven-checkstyle-plugin:2.15:checkstyle (default) @ converter-protobuf ---
[INFO] Starting audit...
Audit done.
[WARNING] Unable to locate Source XRef to link to - DISABLED
[INFO] 
[INFO] --- maven-install-plugin:2.4:install (default-install) @ converter-protobuf ---
[INFO] Installing /home/travis/build/square/retrofit/retrofit-converters/protobuf/target/converter-protobuf-2.0.0-SNAPSHOT.jar to /home/travis/.m2/repository/com/squareup/retrofit/converter-protobuf/2.0.0-SNAPSHOT/converter-protobuf-2.0.0-SNAPSHOT.jar
[INFO] Installing /home/travis/build/square/retrofit/retrofit-converters/protobuf/pom.xml to /home/travis/.m2/repository/com/squareup/retrofit/converter-protobuf/2.0.0-SNAPSHOT/converter-protobuf-2.0.0-SNAPSHOT.pom
[INFO]                                                                         
[INFO] ------------------------------------------------------------------------
[INFO] Building Converter: Jackson 2.0.0-SNAPSHOT
[INFO] ------------------------------------------------------------------------
[INFO] 
[INFO] --- maven-enforcer-plugin:1.0:enforce (enforce-maven) @ converter-jackson ---
[INFO] 
[INFO] --- maven-resources-plugin:2.6:resources (default-resources) @ converter-jackson ---
[INFO] Using 'UTF-8' encoding to copy filtered resources.
[INFO] skip non existing resourceDirectory /home/travis/build/square/retrofit/retrofit-converters/jackson/src/main/resources
[INFO] 
[INFO] --- maven-compiler-plugin:3.0:compile (default-compile) @ converter-jackson ---
[INFO] Changes detected - recompiling the module!
[INFO] Compiling 2 source files to /home/travis/build/square/retrofit/retrofit-converters/jackson/target/classes
[INFO] 
[INFO] --- maven-resources-plugin:2.6:testResources (default-testResources) @ converter-jackson ---
[INFO] Using 'UTF-8' encoding to copy filtered resources.
[INFO] skip non existing resourceDirectory /home/travis/build/square/retrofit/retrofit-converters/jackson/src/test/resources
[INFO] 
[INFO] --- maven-compiler-plugin:3.0:testCompile (default-testCompile) @ converter-jackson ---
[INFO] Changes detected - recompiling the module!
[INFO] Compiling 1 source file to /home/travis/build/square/retrofit/retrofit-converters/jackson/target/test-classes
[INFO] 
[INFO] --- maven-surefire-plugin:2.12.4:test (default-test) @ converter-jackson ---
[INFO] Tests are skipped.
[INFO] 
[INFO] --- maven-jar-plugin:2.4:jar (default-jar) @ converter-jackson ---
[INFO] Building jar: /home/travis/build/square/retrofit/retrofit-converters/jackson/target/converter-jackson-2.0.0-SNAPSHOT.jar
[INFO] 
[INFO] --- maven-checkstyle-plugin:2.15:checkstyle (default) @ converter-jackson ---
[INFO] Starting audit...
Audit done.
[WARNING] Unable to locate Source XRef to link to - DISABLED
[INFO] 
[INFO] --- maven-install-plugin:2.4:install (default-install) @ converter-jackson ---
[INFO] Installing /home/travis/build/square/retrofit/retrofit-converters/jackson/target/converter-jackson-2.0.0-SNAPSHOT.jar to /home/travis/.m2/repository/com/squareup/retrofit/converter-jackson/2.0.0-SNAPSHOT/converter-jackson-2.0.0-SNAPSHOT.jar
[INFO] Installing /home/travis/build/square/retrofit/retrofit-converters/jackson/pom.xml to /home/travis/.m2/repository/com/squareup/retrofit/converter-jackson/2.0.0-SNAPSHOT/converter-jackson-2.0.0-SNAPSHOT.pom
[INFO]                                                                         
[INFO] ------------------------------------------------------------------------
[INFO] Building Converter: Wire Protocol Buffers 2.0.0-SNAPSHOT
[INFO] ------------------------------------------------------------------------
[INFO] 
[INFO] --- maven-enforcer-plugin:1.0:enforce (enforce-maven) @ converter-wire ---
[INFO] 
[INFO] --- maven-resources-plugin:2.6:resources (default-resources) @ converter-wire ---
[INFO] Using 'UTF-8' encoding to copy filtered resources.
[INFO] skip non existing resourceDirectory /home/travis/build/square/retrofit/retrofit-converters/wire/src/main/resources
[INFO] 
[INFO] --- maven-compiler-plugin:3.0:compile (default-compile) @ converter-wire ---
[INFO] Changes detected - recompiling the module!
[INFO] Compiling 2 source files to /home/travis/build/square/retrofit/retrofit-converters/wire/target/classes
[WARNING] /home/travis/build/square/retrofit/retrofit-converters/wire/src/main/java/retrofit/WireConverterFactory.java: /home/travis/build/square/retrofit/retrofit-converters/wire/src/main/java/retrofit/WireConverterFactory.java uses unchecked or unsafe operations.
[WARNING] /home/travis/build/square/retrofit/retrofit-converters/wire/src/main/java/retrofit/WireConverterFactory.java: Recompile with -Xlint:unchecked for details.
[INFO] 
[INFO] --- maven-resources-plugin:2.6:testResources (default-testResources) @ converter-wire ---
[INFO] Using 'UTF-8' encoding to copy filtered resources.
[INFO] skip non existing resourceDirectory /home/travis/build/square/retrofit/retrofit-converters/wire/src/test/resources
[INFO] 
[INFO] --- maven-compiler-plugin:3.0:testCompile (default-testCompile) @ converter-wire ---
[INFO] Changes detected - recompiling the module!
[INFO] Compiling 2 source files to /home/travis/build/square/retrofit/retrofit-converters/wire/target/test-classes
[INFO] 
[INFO] --- maven-surefire-plugin:2.12.4:test (default-test) @ converter-wire ---
[INFO] Tests are skipped.
[INFO] 
[INFO] --- maven-jar-plugin:2.4:jar (default-jar) @ converter-wire ---
[INFO] Building jar: /home/travis/build/square/retrofit/retrofit-converters/wire/target/converter-wire-2.0.0-SNAPSHOT.jar
[INFO] 
[INFO] --- maven-checkstyle-plugin:2.15:checkstyle (default) @ converter-wire ---
[INFO] Starting audit...
Audit done.
[WARNING] Unable to locate Source XRef to link to - DISABLED
[INFO] 
[INFO] --- maven-install-plugin:2.4:install (default-install) @ converter-wire ---
[INFO] Installing /home/travis/build/square/retrofit/retrofit-converters/wire/target/converter-wire-2.0.0-SNAPSHOT.jar to /home/travis/.m2/repository/com/squareup/retrofit/converter-wire/2.0.0-SNAPSHOT/converter-wire-2.0.0-SNAPSHOT.jar
[INFO] Installing /home/travis/build/square/retrofit/retrofit-converters/wire/pom.xml to /home/travis/.m2/repository/com/squareup/retrofit/converter-wire/2.0.0-SNAPSHOT/converter-wire-2.0.0-SNAPSHOT.pom
[INFO]                                                                         
[INFO] ------------------------------------------------------------------------
[INFO] Building Converter: SimpleXML 2.0.0-SNAPSHOT
[INFO] ------------------------------------------------------------------------
[INFO] 
[INFO] --- maven-enforcer-plugin:1.0:enforce (enforce-maven) @ converter-simplexml ---
[INFO] 
[INFO] --- maven-resources-plugin:2.6:resources (default-resources) @ converter-simplexml ---
[INFO] Using 'UTF-8' encoding to copy filtered resources.
[INFO] skip non existing resourceDirectory /home/travis/build/square/retrofit/retrofit-converters/simplexml/src/main/resources
[INFO] 
[INFO] --- maven-compiler-plugin:3.0:compile (default-compile) @ converter-simplexml ---
[INFO] Changes detected - recompiling the module!
[INFO] Compiling 2 source files to /home/travis/build/square/retrofit/retrofit-converters/simplexml/target/classes
[INFO] 
[INFO] --- maven-resources-plugin:2.6:testResources (default-testResources) @ converter-simplexml ---
[INFO] Using 'UTF-8' encoding to copy filtered resources.
[INFO] skip non existing resourceDirectory /home/travis/build/square/retrofit/retrofit-converters/simplexml/src/test/resources
[INFO] 
[INFO] --- maven-compiler-plugin:3.0:testCompile (default-testCompile) @ converter-simplexml ---
[INFO] Changes detected - recompiling the module!
[INFO] Compiling 2 source files to /home/travis/build/square/retrofit/retrofit-converters/simplexml/target/test-classes
[INFO] 
[INFO] --- maven-surefire-plugin:2.12.4:test (default-test) @ converter-simplexml ---
[INFO] Tests are skipped.
[INFO] 
[INFO] --- maven-jar-plugin:2.4:jar (default-jar) @ converter-simplexml ---
[INFO] Building jar: /home/travis/build/square/retrofit/retrofit-converters/simplexml/target/converter-simplexml-2.0.0-SNAPSHOT.jar
[INFO] 
[INFO] --- maven-checkstyle-plugin:2.15:checkstyle (default) @ converter-simplexml ---
[INFO] Starting audit...
Audit done.
[WARNING] Unable to locate Source XRef to link to - DISABLED
[INFO] 
[INFO] --- maven-install-plugin:2.4:install (default-install) @ converter-simplexml ---
[INFO] Installing /home/travis/build/square/retrofit/retrofit-converters/simplexml/target/converter-simplexml-2.0.0-SNAPSHOT.jar to /home/travis/.m2/repository/com/squareup/retrofit/converter-simplexml/2.0.0-SNAPSHOT/converter-simplexml-2.0.0-SNAPSHOT.jar
[INFO] Installing /home/travis/build/square/retrofit/retrofit-converters/simplexml/pom.xml to /home/travis/.m2/repository/com/squareup/retrofit/converter-simplexml/2.0.0-SNAPSHOT/converter-simplexml-2.0.0-SNAPSHOT.pom
[INFO]                                                                         
[INFO] ------------------------------------------------------------------------
[INFO] Building Converter: Moshi 2.0.0-SNAPSHOT
[INFO] ------------------------------------------------------------------------
[INFO] 
[INFO] --- maven-enforcer-plugin:1.0:enforce (enforce-maven) @ converter-moshi ---
[INFO] 
[INFO] --- maven-resources-plugin:2.6:resources (default-resources) @ converter-moshi ---
[INFO] Using 'UTF-8' encoding to copy filtered resources.
[INFO] skip non existing resourceDirectory /home/travis/build/square/retrofit/retrofit-converters/moshi/src/main/resources
[INFO] 
[INFO] --- maven-compiler-plugin:3.0:compile (default-compile) @ converter-moshi ---
[INFO] Changes detected - recompiling the module!
[INFO] Compiling 2 source files to /home/travis/build/square/retrofit/retrofit-converters/moshi/target/classes
[INFO] 
[INFO] --- maven-resources-plugin:2.6:testResources (default-testResources) @ converter-moshi ---
[INFO] Using 'UTF-8' encoding to copy filtered resources.
[INFO] skip non existing resourceDirectory /home/travis/build/square/retrofit/retrofit-converters/moshi/src/test/resources
[INFO] 
[INFO] --- maven-compiler-plugin:3.0:testCompile (default-testCompile) @ converter-moshi ---
[INFO] Changes detected - recompiling the module!
[INFO] Compiling 1 source file to /home/travis/build/square/retrofit/retrofit-converters/moshi/target/test-classes
[INFO] 
[INFO] --- maven-surefire-plugin:2.12.4:test (default-test) @ converter-moshi ---
[INFO] Tests are skipped.
[INFO] 
[INFO] --- maven-jar-plugin:2.4:jar (default-jar) @ converter-moshi ---
[INFO] Building jar: /home/travis/build/square/retrofit/retrofit-converters/moshi/target/converter-moshi-2.0.0-SNAPSHOT.jar
[INFO] 
[INFO] --- maven-checkstyle-plugin:2.15:checkstyle (default) @ converter-moshi ---
[INFO] Starting audit...
Audit done.
[WARNING] Unable to locate Source XRef to link to - DISABLED
[INFO] 
[INFO] --- maven-install-plugin:2.4:install (default-install) @ converter-moshi ---
[INFO] Installing /home/travis/build/square/retrofit/retrofit-converters/moshi/target/converter-moshi-2.0.0-SNAPSHOT.jar to /home/travis/.m2/repository/com/squareup/retrofit/converter-moshi/2.0.0-SNAPSHOT/converter-moshi-2.0.0-SNAPSHOT.jar
[INFO] Installing /home/travis/build/square/retrofit/retrofit-converters/moshi/pom.xml to /home/travis/.m2/repository/com/squareup/retrofit/converter-moshi/2.0.0-SNAPSHOT/converter-moshi-2.0.0-SNAPSHOT.pom
[INFO]                                                                         
[INFO] ------------------------------------------------------------------------
[INFO] Building Samples 2.0.0-SNAPSHOT
[INFO] ------------------------------------------------------------------------
[INFO] 
[INFO] --- maven-enforcer-plugin:1.0:enforce (enforce-maven) @ samples ---
[INFO] 
[INFO] --- maven-resources-plugin:2.6:resources (default-resources) @ samples ---
[INFO] Using 'UTF-8' encoding to copy filtered resources.
[INFO] skip non existing resourceDirectory /home/travis/build/square/retrofit/samples/src/main/resources
[INFO] 
[INFO] --- maven-compiler-plugin:3.0:compile (default-compile) @ samples ---
[INFO] Changes detected - recompiling the module!
[INFO] Compiling 3 source files to /home/travis/build/square/retrofit/samples/target/classes
[INFO] 
[INFO] --- maven-resources-plugin:2.6:testResources (default-testResources) @ samples ---
[INFO] Using 'UTF-8' encoding to copy filtered resources.
[INFO] skip non existing resourceDirectory /home/travis/build/square/retrofit/samples/src/test/resources
[INFO] 
[INFO] --- maven-compiler-plugin:3.0:testCompile (default-testCompile) @ samples ---
[INFO] No sources to compile
[INFO] 
[INFO] --- maven-surefire-plugin:2.12.4:test (default-test) @ samples ---
[INFO] Tests are skipped.
[INFO] 
[INFO] --- maven-jar-plugin:2.4:jar (default-jar) @ samples ---
[INFO] Building jar: /home/travis/build/square/retrofit/samples/target/samples-2.0.0-SNAPSHOT.jar
[INFO] 
[INFO] --- maven-checkstyle-plugin:2.15:checkstyle (default) @ samples ---
[INFO] Starting audit...
Audit done.
[WARNING] Unable to locate Source XRef to link to - DISABLED
[INFO] 
[INFO] --- maven-install-plugin:2.4:install (default-install) @ samples ---
[INFO] Installing /home/travis/build/square/retrofit/samples/target/samples-2.0.0-SNAPSHOT.jar to /home/travis/.m2/repository/com/squareup/retrofit/samples/2.0.0-SNAPSHOT/samples-2.0.0-SNAPSHOT.jar
[INFO] Installing /home/travis/build/square/retrofit/samples/pom.xml to /home/travis/.m2/repository/com/squareup/retrofit/samples/2.0.0-SNAPSHOT/samples-2.0.0-SNAPSHOT.pom
[INFO] ------------------------------------------------------------------------
[INFO] Reactor Summary:
[INFO] 
[INFO] Retrofit (Parent) .................................. SUCCESS [  1.912 s]
[INFO] Retrofit ........................................... SUCCESS [  7.406 s]
[INFO] Adapters ........................................... SUCCESS [  0.012 s]
[INFO] Adapter: RxJava .................................... SUCCESS [  1.119 s]
[INFO] Retrofit Mock Adapter .............................. SUCCESS [  0.897 s]
[INFO] Adapter: RxJava Mock ............................... SUCCESS [  0.851 s]
[INFO] Converters ......................................... SUCCESS [  0.083 s]
[INFO] Converter: Gson .................................... SUCCESS [  0.640 s]
[INFO] Converter: Protocol Buffers ........................ SUCCESS [  0.839 s]
[INFO] Converter: Jackson ................................. SUCCESS [  0.524 s]
[INFO] Converter: Wire Protocol Buffers ................... SUCCESS [  0.686 s]
[INFO] Converter: SimpleXML ............................... SUCCESS [  0.397 s]
[INFO] Converter: Moshi ................................... SUCCESS [  0.401 s]
[INFO] Samples ............................................ SUCCESS [  0.392 s]
[INFO] ------------------------------------------------------------------------
[INFO] BUILD SUCCESS
[INFO] ------------------------------------------------------------------------
[INFO] Total time: 16.541 s
[INFO] Finished at: 2015-07-24T18:58:59+00:00
[INFO] Final Memory: 37M/447M
[INFO] ------------------------------------------------------------------------
travis_time:end:1ed68030:start=1437764321178685889,finish=1437764340060564095,duration=18881878206[0Ktravis_fold:end:install[0Ktravis_time:start:21321db2[0K$ mvn test -B
[INFO] Scanning for projects...
[WARNING] 
[WARNING] Some problems were encountered while building the effective model for com.squareup.retrofit:samples:jar:2.0.0-SNAPSHOT
[WARNING] 'build.plugins.plugin.version' for org.apache.maven.plugins:maven-deploy-plugin is missing. @ com.squareup.retrofit:samples:[unknown-version], /home/travis/build/square/retrofit/samples/pom.xml, line 36, column 15
[WARNING] 
[WARNING] It is highly recommended to fix these problems because they threaten the stability of your build.
[WARNING] 
[WARNING] For this reason, future Maven versions might no longer support building such malformed projects.
[WARNING] 
[INFO] ------------------------------------------------------------------------
[INFO] Reactor Build Order:
[INFO] 
[INFO] Retrofit (Parent)
[INFO] Retrofit
[INFO] Adapters
[INFO] Adapter: RxJava
[INFO] Retrofit Mock Adapter
[INFO] Adapter: RxJava Mock
[INFO] Converters
[INFO] Converter: Gson
[INFO] Converter: Protocol Buffers
[INFO] Converter: Jackson
[INFO] Converter: Wire Protocol Buffers
[INFO] Converter: SimpleXML
[INFO] Converter: Moshi
[INFO] Samples
[INFO]                                                                         
[INFO] ------------------------------------------------------------------------
[INFO] Building Retrofit (Parent) 2.0.0-SNAPSHOT
[INFO] ------------------------------------------------------------------------
[INFO] 
[INFO] --- maven-enforcer-plugin:1.0:enforce (enforce-maven) @ parent ---
[INFO]                                                                         
[INFO] ------------------------------------------------------------------------
[INFO] Building Retrofit 2.0.0-SNAPSHOT
[INFO] ------------------------------------------------------------------------
[INFO] Downloading: https://repository.apache.org/snapshots/com/squareup/okhttp/okhttp/2.5.0-SNAPSHOT/maven-metadata.xml
[INFO] Downloading: https://repository.apache.org/snapshots/com/squareup/okhttp/parent/2.5.0-SNAPSHOT/maven-metadata.xml
[INFO] Downloading: https://repository.apache.org/snapshots/com/squareup/okhttp/mockwebserver/2.5.0-SNAPSHOT/maven-metadata.xml
[INFO] Downloading: https://repository.apache.org/snapshots/com/squareup/okhttp/okhttp-ws/2.5.0-SNAPSHOT/maven-metadata.xml
[INFO] 
[INFO] --- maven-enforcer-plugin:1.0:enforce (enforce-maven) @ retrofit ---
[INFO] 
[INFO] --- maven-resources-plugin:2.6:resources (default-resources) @ retrofit ---
[INFO] Using 'UTF-8' encoding to copy filtered resources.
[INFO] skip non existing resourceDirectory /home/travis/build/square/retrofit/retrofit/src/main/resources
[INFO] 
[INFO] --- maven-compiler-plugin:3.0:compile (default-compile) @ retrofit ---
[INFO] Changes detected - recompiling the module!
[INFO] Compiling 44 source files to /home/travis/build/square/retrofit/retrofit/target/classes
[WARNING] /home/travis/build/square/retrofit/retrofit/src/main/java/retrofit/RequestBuilderAction.java: /home/travis/build/square/retrofit/retrofit/src/main/java/retrofit/RequestBuilderAction.java uses unchecked or unsafe operations.
[WARNING] /home/travis/build/square/retrofit/retrofit/src/main/java/retrofit/RequestBuilderAction.java: Recompile with -Xlint:unchecked for details.
[INFO] 
[INFO] --- maven-resources-plugin:2.6:testResources (default-testResources) @ retrofit ---
[INFO] Using 'UTF-8' encoding to copy filtered resources.
[INFO] skip non existing resourceDirectory /home/travis/build/square/retrofit/retrofit/src/test/resources
[INFO] 
[INFO] --- maven-compiler-plugin:3.0:testCompile (default-testCompile) @ retrofit ---
[INFO] Changes detected - recompiling the module!
[INFO] Compiling 7 source files to /home/travis/build/square/retrofit/retrofit/target/test-classes
[INFO] 
[INFO] --- maven-surefire-plugin:2.12.4:test (default-test) @ retrofit ---
[INFO] Surefire report directory: /home/travis/build/square/retrofit/retrofit/target/surefire-reports

-------------------------------------------------------
 T E S T S
-------------------------------------------------------
Running retrofit.RequestFactoryParserTest
Tests run: 1, Failures: 0, Errors: 0, Skipped: 0, Time elapsed: 0.126 sec
Running retrofit.RequestBuilderTest
Tests run: 97, Failures: 0, Errors: 0, Skipped: 2, Time elapsed: 0.412 sec
Running retrofit.ExecutorCallAdapterFactoryTest
Tests run: 8, Failures: 0, Errors: 0, Skipped: 0, Time elapsed: 0.303 sec
Running retrofit.RetrofitTest
Jul 24, 2015 6:59:10 PM com.squareup.okhttp.mockwebserver.MockWebServer$2 execute
INFO: MockWebServer[56031] starting to accept connections
Jul 24, 2015 6:59:10 PM com.squareup.okhttp.mockwebserver.MockWebServer$2 acceptConnections
INFO: MockWebServer[56031] done accepting connections: Socket closed
Jul 24, 2015 6:59:10 PM com.squareup.okhttp.mockwebserver.MockWebServer$2 execute
INFO: MockWebServer[35635] starting to accept connections
Jul 24, 2015 6:59:10 PM com.squareup.okhttp.mockwebserver.MockWebServer$2 acceptConnections
INFO: MockWebServer[35635] done accepting connections: Socket is closed
Jul 24, 2015 6:59:10 PM com.squareup.okhttp.mockwebserver.MockWebServer$2 execute
INFO: MockWebServer[36201] starting to accept connections
Jul 24, 2015 6:59:10 PM com.squareup.okhttp.mockwebserver.MockWebServer$2 acceptConnections
INFO: MockWebServer[36201] done accepting connections: Socket is closed
Jul 24, 2015 6:59:10 PM com.squareup.okhttp.mockwebserver.MockWebServer$2 execute
INFO: MockWebServer[38276] starting to accept connections
Jul 24, 2015 6:59:10 PM com.squareup.okhttp.mockwebserver.MockWebServer$2 acceptConnections
INFO: MockWebServer[38276] done accepting connections: Socket is closed
Jul 24, 2015 6:59:10 PM com.squareup.okhttp.mockwebserver.MockWebServer$2 execute
INFO: MockWebServer[45801] starting to accept connections
Jul 24, 2015 6:59:10 PM com.squareup.okhttp.mockwebserver.MockWebServer$2 acceptConnections
INFO: MockWebServer[45801] done accepting connections: Socket is closed
Jul 24, 2015 6:59:10 PM com.squareup.okhttp.mockwebserver.MockWebServer$2 execute
INFO: MockWebServer[37842] starting to accept connections
Jul 24, 2015 6:59:10 PM com.squareup.okhttp.mockwebserver.MockWebServer$2 acceptConnections
INFO: MockWebServer[37842] done accepting connections: Socket is closed
Jul 24, 2015 6:59:10 PM com.squareup.okhttp.mockwebserver.MockWebServer$2 execute
INFO: MockWebServer[39154] starting to accept connections
Jul 24, 2015 6:59:10 PM com.squareup.okhttp.mockwebserver.MockWebServer$3 processOneRequest
INFO: MockWebServer[39154] received request: GET / HTTP/1.1 and responded: HTTP/1.1 200 OK
Jul 24, 2015 6:59:10 PM com.squareup.okhttp.mockwebserver.MockWebServer$2 acceptConnections
INFO: MockWebServer[39154] done accepting connections: Socket closed
Jul 24, 2015 6:59:10 PM com.squareup.okhttp.mockwebserver.MockWebServer$2 execute
INFO: MockWebServer[41803] starting to accept connections
Jul 24, 2015 6:59:10 PM com.squareup.okhttp.mockwebserver.MockWebServer$2 acceptConnections
INFO: MockWebServer[41803] done accepting connections: Socket is closed
Jul 24, 2015 6:59:10 PM com.squareup.okhttp.mockwebserver.MockWebServer$2 execute
INFO: MockWebServer[51021] starting to accept connections
Jul 24, 2015 6:59:10 PM com.squareup.okhttp.mockwebserver.MockWebServer$2 acceptConnections
INFO: MockWebServer[51021] done accepting connections: Socket is closed
Jul 24, 2015 6:59:10 PM com.squareup.okhttp.mockwebserver.MockWebServer$2 execute
INFO: MockWebServer[53734] starting to accept connections
Jul 24, 2015 6:59:10 PM com.squareup.okhttp.mockwebserver.MockWebServer$3 processOneRequest
INFO: MockWebServer[53734] received request: POST / HTTP/1.1 and responded: HTTP/1.1 200 OK
Jul 24, 2015 6:59:10 PM com.squareup.okhttp.mockwebserver.MockWebServer$2 acceptConnections
INFO: MockWebServer[53734] done accepting connections: Socket closed
Jul 24, 2015 6:59:10 PM com.squareup.okhttp.mockwebserver.MockWebServer$2 execute
INFO: MockWebServer[44180] starting to accept connections
Jul 24, 2015 6:59:10 PM com.squareup.okhttp.mockwebserver.MockWebServer$2 acceptConnections
INFO: MockWebServer[44180] done accepting connections: Socket is closed
Jul 24, 2015 6:59:10 PM com.squareup.okhttp.mockwebserver.MockWebServer$2 execute
INFO: MockWebServer[36845] starting to accept connections
Jul 24, 2015 6:59:10 PM com.squareup.okhttp.mockwebserver.MockWebServer$2 acceptConnections
INFO: MockWebServer[36845] done accepting connections: Socket is closed
Jul 24, 2015 6:59:10 PM com.squareup.okhttp.mockwebserver.MockWebServer$2 execute
INFO: MockWebServer[36447] starting to accept connections
Jul 24, 2015 6:59:10 PM com.squareup.okhttp.mockwebserver.MockWebServer$2 acceptConnections
INFO: MockWebServer[36447] done accepting connections: Socket is closed
Jul 24, 2015 6:59:10 PM com.squareup.okhttp.mockwebserver.MockWebServer$2 execute
INFO: MockWebServer[59643] starting to accept connections
Jul 24, 2015 6:59:10 PM com.squareup.okhttp.mockwebserver.MockWebServer$3 processOneRequest
INFO: MockWebServer[59643] received request: GET / HTTP/1.1 and responded: HTTP/1.1 200 OK
Jul 24, 2015 6:59:10 PM com.squareup.okhttp.mockwebserver.MockWebServer$2 acceptConnections
INFO: MockWebServer[59643] done accepting connections: Socket closed
Jul 24, 2015 6:59:10 PM com.squareup.okhttp.mockwebserver.MockWebServer$2 execute
INFO: MockWebServer[52703] starting to accept connections
Jul 24, 2015 6:59:10 PM com.squareup.okhttp.mockwebserver.MockWebServer$2 acceptConnections
INFO: MockWebServer[52703] done accepting connections: Socket is closed
Jul 24, 2015 6:59:10 PM com.squareup.okhttp.mockwebserver.MockWebServer$2 execute
INFO: MockWebServer[49045] starting to accept connections
Jul 24, 2015 6:59:10 PM com.squareup.okhttp.mockwebserver.MockWebServer$2 acceptConnections
INFO: MockWebServer[49045] done accepting connections: Socket is closed
Jul 24, 2015 6:59:10 PM com.squareup.okhttp.mockwebserver.MockWebServer$2 execute
INFO: MockWebServer[44569] starting to accept connections
Jul 24, 2015 6:59:10 PM com.squareup.okhttp.mockwebserver.MockWebServer$2 acceptConnections
INFO: MockWebServer[44569] done accepting connections: Socket is closed
Jul 24, 2015 6:59:10 PM com.squareup.okhttp.mockwebserver.MockWebServer$2 execute
INFO: MockWebServer[44994] starting to accept connections
Jul 24, 2015 6:59:10 PM com.squareup.okhttp.mockwebserver.MockWebServer$2 acceptConnections
INFO: MockWebServer[44994] done accepting connections: Socket is closed
Jul 24, 2015 6:59:10 PM com.squareup.okhttp.mockwebserver.MockWebServer$2 execute
INFO: MockWebServer[32790] starting to accept connections
Jul 24, 2015 6:59:10 PM com.squareup.okhttp.mockwebserver.MockWebServer$2 acceptConnections
INFO: MockWebServer[32790] done accepting connections: Socket closed
Jul 24, 2015 6:59:10 PM com.squareup.okhttp.mockwebserver.MockWebServer$2 execute
INFO: MockWebServer[51998] starting to accept connections
Jul 24, 2015 6:59:11 PM com.squareup.okhttp.mockwebserver.MockWebServer$2 acceptConnections
INFO: MockWebServer[51998] done accepting connections: Socket closed
Jul 24, 2015 6:59:11 PM com.squareup.okhttp.mockwebserver.MockWebServer$2 execute
INFO: MockWebServer[38881] starting to accept connections
Jul 24, 2015 6:59:11 PM com.squareup.okhttp.mockwebserver.MockWebServer$2 acceptConnections
INFO: MockWebServer[38881] done accepting connections: Socket closed
Jul 24, 2015 6:59:11 PM com.squareup.okhttp.mockwebserver.MockWebServer$2 execute
INFO: MockWebServer[54176] starting to accept connections
Jul 24, 2015 6:59:11 PM com.squareup.okhttp.mockwebserver.MockWebServer$2 acceptConnections
INFO: MockWebServer[54176] done accepting connections: Socket is closed
Jul 24, 2015 6:59:11 PM com.squareup.okhttp.mockwebserver.MockWebServer$2 execute
INFO: MockWebServer[34639] starting to accept connections
Jul 24, 2015 6:59:11 PM com.squareup.okhttp.mockwebserver.MockWebServer$2 acceptConnections
INFO: MockWebServer[34639] done accepting connections: Socket is closed
Jul 24, 2015 6:59:11 PM com.squareup.okhttp.mockwebserver.MockWebServer$2 execute
INFO: MockWebServer[39074] starting to accept connections
Jul 24, 2015 6:59:11 PM com.squareup.okhttp.mockwebserver.MockWebServer$2 acceptConnections
INFO: MockWebServer[39074] done accepting connections: Socket is closed
Jul 24, 2015 6:59:11 PM com.squareup.okhttp.mockwebserver.MockWebServer$2 execute
INFO: MockWebServer[56415] starting to accept connections
Jul 24, 2015 6:59:11 PM com.squareup.okhttp.mockwebserver.MockWebServer$2 acceptConnections
INFO: MockWebServer[56415] done accepting connections: Socket is closed
Jul 24, 2015 6:59:11 PM com.squareup.okhttp.mockwebserver.MockWebServer$2 execute
INFO: MockWebServer[44174] starting to accept connections
Jul 24, 2015 6:59:11 PM com.squareup.okhttp.mockwebserver.MockWebServer$2 acceptConnections
INFO: MockWebServer[44174] done accepting connections: Socket is closed
Jul 24, 2015 6:59:11 PM com.squareup.okhttp.mockwebserver.MockWebServer$2 execute
INFO: MockWebServer[48488] starting to accept connections
Jul 24, 2015 6:59:11 PM com.squareup.okhttp.mockwebserver.MockWebServer$2 acceptConnections
INFO: MockWebServer[48488] done accepting connections: Socket is closed
Jul 24, 2015 6:59:11 PM com.squareup.okhttp.mockwebserver.MockWebServer$2 execute
INFO: MockWebServer[53495] starting to accept connections
Jul 24, 2015 6:59:11 PM com.squareup.okhttp.mockwebserver.MockWebServer$2 acceptConnections
INFO: MockWebServer[53495] done accepting connections: Socket is closed
Jul 24, 2015 6:59:11 PM com.squareup.okhttp.mockwebserver.MockWebServer$2 execute
INFO: MockWebServer[45834] starting to accept connections
Jul 24, 2015 6:59:11 PM com.squareup.okhttp.mockwebserver.MockWebServer$2 acceptConnections
INFO: MockWebServer[45834] done accepting connections: Socket is closed
Jul 24, 2015 6:59:11 PM com.squareup.okhttp.mockwebserver.MockWebServer$2 execute
INFO: MockWebServer[49453] starting to accept connections
Jul 24, 2015 6:59:11 PM com.squareup.okhttp.mockwebserver.MockWebServer$2 acceptConnections
INFO: MockWebServer[49453] done accepting connections: Socket is closed
Jul 24, 2015 6:59:11 PM com.squareup.okhttp.mockwebserver.MockWebServer$2 execute
INFO: MockWebServer[53049] starting to accept connections
Jul 24, 2015 6:59:11 PM com.squareup.okhttp.mockwebserver.MockWebServer$2 acceptConnections
INFO: MockWebServer[53049] done accepting connections: Socket is closed
Jul 24, 2015 6:59:11 PM com.squareup.okhttp.mockwebserver.MockWebServer$2 execute
INFO: MockWebServer[53412] starting to accept connections
Jul 24, 2015 6:59:11 PM com.squareup.okhttp.mockwebserver.MockWebServer$2 acceptConnections
INFO: MockWebServer[53412] done accepting connections: Socket is closed
Jul 24, 2015 6:59:11 PM com.squareup.okhttp.mockwebserver.MockWebServer$2 execute
INFO: MockWebServer[39968] starting to accept connections
Jul 24, 2015 6:59:11 PM com.squareup.okhttp.mockwebserver.MockWebServer$2 acceptConnections
INFO: MockWebServer[39968] done accepting connections: Socket is closed
Tests run: 33, Failures: 0, Errors: 0, Skipped: 0, Time elapsed: 0.632 sec
Running retrofit.CallTest
Jul 24, 2015 6:59:11 PM com.squareup.okhttp.mockwebserver.MockWebServer$2 execute
INFO: MockWebServer[35143] starting to accept connections
Jul 24, 2015 6:59:11 PM com.squareup.okhttp.mockwebserver.MockWebServer$2 acceptConnections
INFO: MockWebServer[35143] done accepting connections: Socket is closed
Jul 24, 2015 6:59:11 PM com.squareup.okhttp.mockwebserver.MockWebServer$2 execute
INFO: MockWebServer[58437] starting to accept connections
Jul 24, 2015 6:59:11 PM com.squareup.okhttp.mockwebserver.MockWebServer$3 processOneRequest
INFO: MockWebServer[58437] received request: GET / HTTP/1.1 and responded: HTTP/1.1 200 OK
Jul 24, 2015 6:59:11 PM com.squareup.okhttp.mockwebserver.MockWebServer$2 acceptConnections
INFO: MockWebServer[58437] done accepting connections: Socket closed
Jul 24, 2015 6:59:11 PM com.squareup.okhttp.mockwebserver.MockWebServer$2 execute
INFO: MockWebServer[36340] starting to accept connections
Jul 24, 2015 6:59:11 PM com.squareup.okhttp.mockwebserver.MockWebServer$3 processOneRequest
INFO: MockWebServer[36340] received request: GET / HTTP/1.1 and responded: HTTP/1.1 404 OK
Jul 24, 2015 6:59:11 PM com.squareup.okhttp.mockwebserver.MockWebServer$2 acceptConnections
INFO: MockWebServer[36340] done accepting connections: Socket closed
Jul 24, 2015 6:59:11 PM com.squareup.okhttp.mockwebserver.MockWebServer$2 execute
INFO: MockWebServer[39240] starting to accept connections
Jul 24, 2015 6:59:11 PM com.squareup.okhttp.mockwebserver.MockWebServer$2 acceptConnections
INFO: MockWebServer[39240] done accepting connections: Socket is closed
Jul 24, 2015 6:59:11 PM com.squareup.okhttp.mockwebserver.MockWebServer$2 execute
INFO: MockWebServer[50175] starting to accept connections
Jul 24, 2015 6:59:11 PM com.squareup.okhttp.mockwebserver.MockWebServer$2 acceptConnections
INFO: MockWebServer[50175] done accepting connections: Socket closed
Jul 24, 2015 6:59:11 PM com.squareup.okhttp.mockwebserver.MockWebServer$2 execute
INFO: MockWebServer[60267] starting to accept connections
Jul 24, 2015 6:59:11 PM com.squareup.okhttp.mockwebserver.MockWebServer$3 processOneRequest
INFO: MockWebServer[60267] received request: GET / HTTP/1.1 and responded: HTTP/1.1 200 OK
Jul 24, 2015 6:59:11 PM com.squareup.okhttp.mockwebserver.MockWebServer$2 acceptConnections
INFO: MockWebServer[60267] done accepting connections: Socket closed
Jul 24, 2015 6:59:11 PM com.squareup.okhttp.mockwebserver.MockWebServer$2 execute
INFO: MockWebServer[41689] starting to accept connections
Jul 24, 2015 6:59:11 PM com.squareup.okhttp.mockwebserver.MockWebServer$2 acceptConnections
INFO: MockWebServer[41689] done accepting connections: Socket is closed
Jul 24, 2015 6:59:11 PM com.squareup.okhttp.mockwebserver.MockWebServer$2 execute
INFO: MockWebServer[58274] starting to accept connections
Jul 24, 2015 6:59:11 PM com.squareup.okhttp.mockwebserver.MockWebServer$3 processOneRequest
INFO: MockWebServer[58274] received request: GET / HTTP/1.1 and responded: HTTP/1.1 404 OK
Jul 24, 2015 6:59:11 PM com.squareup.okhttp.mockwebserver.MockWebServer$2 acceptConnections
INFO: MockWebServer[58274] done accepting connections: Socket closed
Jul 24, 2015 6:59:11 PM com.squareup.okhttp.mockwebserver.MockWebServer$2 execute
INFO: MockWebServer[39826] starting to accept connections
Jul 24, 2015 6:59:11 PM com.squareup.okhttp.mockwebserver.MockWebServer$3 processOneRequest
INFO: MockWebServer[39826] received request: POST / HTTP/1.1 and responded: HTTP/1.1 200 OK
Jul 24, 2015 6:59:11 PM com.squareup.okhttp.mockwebserver.MockWebServer$2 acceptConnections
INFO: MockWebServer[39826] done accepting connections: Socket closed
Jul 24, 2015 6:59:11 PM com.squareup.okhttp.mockwebserver.MockWebServer$2 execute
INFO: MockWebServer[40895] starting to accept connections
Jul 24, 2015 6:59:11 PM com.squareup.okhttp.mockwebserver.MockWebServer$2 acceptConnections
INFO: MockWebServer[40895] done accepting connections: Socket closed
Jul 24, 2015 6:59:11 PM com.squareup.okhttp.mockwebserver.MockWebServer$3 processOneRequest
INFO: MockWebServer[40895] received request: GET / HTTP/1.1 and responded: HTTP/1.1 204 Nothin
Jul 24, 2015 6:59:11 PM com.squareup.okhttp.mockwebserver.MockWebServer$2 execute
INFO: MockWebServer[58236] starting to accept connections
Jul 24, 2015 6:59:11 PM com.squareup.okhttp.mockwebserver.MockWebServer$2 acceptConnections
INFO: MockWebServer[58236] done accepting connections: Socket closed
Jul 24, 2015 6:59:11 PM com.squareup.okhttp.mockwebserver.MockWebServer$3 processOneRequest
INFO: MockWebServer[58236] received request: GET / HTTP/1.1 and responded: HTTP/1.1 200 OK
Jul 24, 2015 6:59:11 PM com.squareup.okhttp.mockwebserver.MockWebServer$2 execute
INFO: MockWebServer[36770] starting to accept connections
Jul 24, 2015 6:59:11 PM com.squareup.okhttp.mockwebserver.MockWebServer$3 processOneRequest
INFO: MockWebServer[36770] received request: GET / HTTP/1.1 and responded: HTTP/1.1 200 OK
Jul 24, 2015 6:59:11 PM com.squareup.okhttp.mockwebserver.MockWebServer$2 acceptConnections
INFO: MockWebServer[36770] done accepting connections: Socket closed
Jul 24, 2015 6:59:11 PM com.squareup.okhttp.mockwebserver.MockWebServer$2 execute
INFO: MockWebServer[40492] starting to accept connections
Jul 24, 2015 6:59:11 PM com.squareup.okhttp.mockwebserver.MockWebServer$3 processOneRequest
INFO: MockWebServer[40492] received request: POST / HTTP/1.1 and responded: HTTP/1.1 200 OK
Jul 24, 2015 6:59:11 PM com.squareup.okhttp.mockwebserver.MockWebServer$2 acceptConnections
INFO: MockWebServer[40492] done accepting connections: Socket closed
Jul 24, 2015 6:59:11 PM com.squareup.okhttp.mockwebserver.MockWebServer$2 execute
INFO: MockWebServer[50579] starting to accept connections
Jul 24, 2015 6:59:11 PM com.squareup.okhttp.mockwebserver.MockWebServer$2 acceptConnections
INFO: MockWebServer[50579] done accepting connections: Socket closed
Jul 24, 2015 6:59:11 PM com.squareup.okhttp.mockwebserver.MockWebServer$2 execute
INFO: MockWebServer[33941] starting to accept connections
Jul 24, 2015 6:59:11 PM com.squareup.okhttp.mockwebserver.MockWebServer$2 acceptConnections
INFO: MockWebServer[33941] done accepting connections: Socket closed
Jul 24, 2015 6:59:11 PM com.squareup.okhttp.mockwebserver.MockWebServer$3 processOneRequest
INFO: MockWebServer[33941] received request: GET / HTTP/1.1 and responded: HTTP/1.1 200 OK
Jul 24, 2015 6:59:11 PM com.squareup.okhttp.mockwebserver.MockWebServer$2 execute
INFO: MockWebServer[54519] starting to accept connections
Jul 24, 2015 6:59:11 PM com.squareup.okhttp.mockwebserver.MockWebServer$2 acceptConnections
INFO: MockWebServer[54519] done accepting connections: Socket closed
Jul 24, 2015 6:59:11 PM com.squareup.okhttp.mockwebserver.MockWebServer$3 processOneRequest
INFO: MockWebServer[54519] received request: GET / HTTP/1.1 and responded: HTTP/1.1 200 OK
Jul 24, 2015 6:59:11 PM com.squareup.okhttp.mockwebserver.MockWebServer$2 execute
INFO: MockWebServer[42964] starting to accept connections
Jul 24, 2015 6:59:11 PM com.squareup.okhttp.mockwebserver.MockWebServer$3 processOneRequest
INFO: MockWebServer[42964] received request: GET / HTTP/1.1 and responded: HTTP/1.1 205 Nothin
Jul 24, 2015 6:59:11 PM com.squareup.okhttp.mockwebserver.MockWebServer$2 acceptConnections
INFO: MockWebServer[42964] done accepting connections: Socket closed
Jul 24, 2015 6:59:11 PM com.squareup.okhttp.mockwebserver.MockWebServer$2 execute
INFO: MockWebServer[48699] starting to accept connections
Jul 24, 2015 6:59:11 PM com.squareup.okhttp.mockwebserver.MockWebServer$3 processOneRequest
INFO: MockWebServer[48699] received request: GET / HTTP/1.1 and responded: HTTP/1.1 200 OK
Jul 24, 2015 6:59:11 PM com.squareup.okhttp.mockwebserver.MockWebServer$3 processOneRequest
INFO: MockWebServer[48699] received request: GET / HTTP/1.1 and responded: HTTP/1.1 200 OK
Jul 24, 2015 6:59:11 PM com.squareup.okhttp.mockwebserver.MockWebServer$2 acceptConnections
INFO: MockWebServer[48699] done accepting connections: Socket closed
Jul 24, 2015 6:59:11 PM com.squareup.okhttp.mockwebserver.MockWebServer$2 execute
INFO: MockWebServer[45656] starting to accept connections
Jul 24, 2015 6:59:11 PM com.squareup.okhttp.mockwebserver.MockWebServer$3 processOneRequest
INFO: MockWebServer[45656] received request: GET / HTTP/1.1 and responded: HTTP/1.1 200 OK
Jul 24, 2015 6:59:11 PM com.squareup.okhttp.mockwebserver.MockWebServer$2 acceptConnections
INFO: MockWebServer[45656] done accepting connections: Socket closed
Jul 24, 2015 6:59:11 PM com.squareup.okhttp.mockwebserver.MockWebServer$2 execute
INFO: MockWebServer[59258] starting to accept connections
Jul 24, 2015 6:59:11 PM com.squareup.okhttp.mockwebserver.MockWebServer$2 acceptConnections
INFO: MockWebServer[59258] done accepting connections: Socket closed
Jul 24, 2015 6:59:11 PM com.squareup.okhttp.mockwebserver.MockWebServer$2 execute
INFO: MockWebServer[46013] starting to accept connections
Jul 24, 2015 6:59:11 PM com.squareup.okhttp.mockwebserver.MockWebServer$2 acceptConnections
INFO: MockWebServer[46013] done accepting connections: Socket is closed
Jul 24, 2015 6:59:11 PM com.squareup.okhttp.mockwebserver.MockWebServer$2 execute
INFO: MockWebServer[42733] starting to accept connections
Jul 24, 2015 6:59:11 PM com.squareup.okhttp.mockwebserver.MockWebServer$3 processOneRequest
INFO: MockWebServer[42733] received request: GET / HTTP/1.1 and responded: HTTP/1.1 200 OK
Jul 24, 2015 6:59:11 PM com.squareup.okhttp.mockwebserver.MockWebServer$2 acceptConnections
INFO: MockWebServer[42733] done accepting connections: Socket closed
Jul 24, 2015 6:59:11 PM com.squareup.okhttp.mockwebserver.MockWebServer$2 execute
INFO: MockWebServer[59428] starting to accept connections
Jul 24, 2015 6:59:11 PM com.squareup.okhttp.mockwebserver.MockWebServer$3 processOneRequest
INFO: MockWebServer[59428] received request: GET / HTTP/1.1 and responded: HTTP/1.1 200 OK
Jul 24, 2015 6:59:11 PM com.squareup.okhttp.mockwebserver.MockWebServer$2 acceptConnections
INFO: MockWebServer[59428] done accepting connections: Socket closed
Tests run: 23, Failures: 0, Errors: 0, Skipped: 0, Time elapsed: 0.144 sec

Results :

Tests run: 162, Failures: 0, Errors: 0, Skipped: 2

[INFO]                                                                         
[INFO] ------------------------------------------------------------------------
[INFO] Building Adapters 2.0.0-SNAPSHOT
[INFO] ------------------------------------------------------------------------
[INFO] 
[INFO] --- maven-enforcer-plugin:1.0:enforce (enforce-maven) @ retrofit-adapters ---
[INFO]                                                                         
[INFO] ------------------------------------------------------------------------
[INFO] Building Adapter: RxJava 2.0.0-SNAPSHOT
[INFO] ------------------------------------------------------------------------
[INFO] 
[INFO] --- maven-enforcer-plugin:1.0:enforce (enforce-maven) @ adapter-rxjava ---
[INFO] 
[INFO] --- maven-resources-plugin:2.6:resources (default-resources) @ adapter-rxjava ---
[INFO] Using 'UTF-8' encoding to copy filtered resources.
[INFO] skip non existing resourceDirectory /home/travis/build/square/retrofit/retrofit-adapters/rxjava/src/main/resources
[INFO] 
[INFO] --- maven-compiler-plugin:3.0:compile (default-compile) @ adapter-rxjava ---
[INFO] Changes detected - recompiling the module!
[INFO] Compiling 2 source files to /home/travis/build/square/retrofit/retrofit-adapters/rxjava/target/classes
[INFO] 
[INFO] --- maven-resources-plugin:2.6:testResources (default-testResources) @ adapter-rxjava ---
[INFO] Using 'UTF-8' encoding to copy filtered resources.
[INFO] skip non existing resourceDirectory /home/travis/build/square/retrofit/retrofit-adapters/rxjava/src/test/resources
[INFO] 
[INFO] --- maven-compiler-plugin:3.0:testCompile (default-testCompile) @ adapter-rxjava ---
[INFO] Changes detected - recompiling the module!
[INFO] Compiling 2 source files to /home/travis/build/square/retrofit/retrofit-adapters/rxjava/target/test-classes
[INFO] 
[INFO] --- maven-surefire-plugin:2.12.4:test (default-test) @ adapter-rxjava ---
[INFO] Surefire report directory: /home/travis/build/square/retrofit/retrofit-adapters/rxjava/target/surefire-reports

-------------------------------------------------------
 T E S T S
-------------------------------------------------------
Running retrofit.ObservableCallAdapterFactoryTest
Jul 24, 2015 6:59:12 PM com.squareup.okhttp.mockwebserver.MockWebServer$2 execute
INFO: MockWebServer[52831] starting to accept connections
Jul 24, 2015 6:59:12 PM com.squareup.okhttp.mockwebserver.MockWebServer$3 processConnection
WARNING: MockWebServer[52831] connection from /127.0.0.1 didn't make a request
Jul 24, 2015 6:59:12 PM com.squareup.okhttp.mockwebserver.MockWebServer$2 acceptConnections
INFO: MockWebServer[52831] done accepting connections: Socket closed
Jul 24, 2015 6:59:12 PM com.squareup.okhttp.mockwebserver.MockWebServer$2 execute
INFO: MockWebServer[58883] starting to accept connections
Jul 24, 2015 6:59:12 PM com.squareup.okhttp.mockwebserver.MockWebServer$3 processOneRequest
INFO: MockWebServer[58883] received request: GET / HTTP/1.1 and responded: HTTP/1.1 200 OK
Jul 24, 2015 6:59:12 PM com.squareup.okhttp.mockwebserver.MockWebServer$2 acceptConnections
INFO: MockWebServer[58883] done accepting connections: Socket closed
Jul 24, 2015 6:59:12 PM com.squareup.okhttp.mockwebserver.MockWebServer$2 execute
INFO: MockWebServer[50379] starting to accept connections
Jul 24, 2015 6:59:12 PM com.squareup.okhttp.mockwebserver.MockWebServer$3 processOneRequest
INFO: MockWebServer[50379] received request: GET / HTTP/1.1 and responded: HTTP/1.1 404 OK
Jul 24, 2015 6:59:12 PM com.squareup.okhttp.mockwebserver.MockWebServer$2 acceptConnections
INFO: MockWebServer[50379] done accepting connections: Socket closed
Jul 24, 2015 6:59:12 PM com.squareup.okhttp.mockwebserver.MockWebServer$2 execute
INFO: MockWebServer[60914] starting to accept connections
Jul 24, 2015 6:59:12 PM com.squareup.okhttp.mockwebserver.MockWebServer$2 acceptConnections
INFO: MockWebServer[60914] done accepting connections: Socket is closed
Jul 24, 2015 6:59:12 PM com.squareup.okhttp.mockwebserver.MockWebServer$2 execute
INFO: MockWebServer[45552] starting to accept connections
Jul 24, 2015 6:59:12 PM com.squareup.okhttp.mockwebserver.MockWebServer$3 processConnection
WARNING: MockWebServer[45552] connection from /127.0.0.1 didn't make a request
Jul 24, 2015 6:59:12 PM com.squareup.okhttp.mockwebserver.MockWebServer$2 acceptConnections
INFO: MockWebServer[45552] done accepting connections: Socket closed
Jul 24, 2015 6:59:12 PM com.squareup.okhttp.mockwebserver.MockWebServer$2 execute
INFO: MockWebServer[45757] starting to accept connections
Jul 24, 2015 6:59:12 PM com.squareup.okhttp.mockwebserver.MockWebServer$3 processOneRequest
INFO: MockWebServer[45757] received request: GET / HTTP/1.1 and responded: HTTP/1.1 200 OK
Jul 24, 2015 6:59:12 PM com.squareup.okhttp.mockwebserver.MockWebServer$2 acceptConnections
INFO: MockWebServer[45757] done accepting connections: Socket closed
Jul 24, 2015 6:59:12 PM com.squareup.okhttp.mockwebserver.MockWebServer$2 execute
INFO: MockWebServer[59843] starting to accept connections
Jul 24, 2015 6:59:12 PM com.squareup.okhttp.mockwebserver.MockWebServer$2 acceptConnections
INFO: MockWebServer[59843] done accepting connections: Socket closed
Jul 24, 2015 6:59:12 PM com.squareup.okhttp.mockwebserver.MockWebServer$3 processOneRequest
INFO: MockWebServer[59843] received request: GET / HTTP/1.1 and responded: HTTP/1.1 404 OK
Jul 24, 2015 6:59:12 PM com.squareup.okhttp.mockwebserver.MockWebServer$2 execute
INFO: MockWebServer[46640] starting to accept connections
Jul 24, 2015 6:59:12 PM com.squareup.okhttp.mockwebserver.MockWebServer$2 acceptConnections
INFO: MockWebServer[46640] done accepting connections: Socket is closed
Jul 24, 2015 6:59:12 PM com.squareup.okhttp.mockwebserver.MockWebServer$2 execute
INFO: MockWebServer[53420] starting to accept connections
Jul 24, 2015 6:59:12 PM com.squareup.okhttp.mockwebserver.MockWebServer$3 processConnection
WARNING: MockWebServer[53420] connection from /127.0.0.1 didn't make a request
Jul 24, 2015 6:59:12 PM com.squareup.okhttp.mockwebserver.MockWebServer$2 acceptConnections
INFO: MockWebServer[53420] done accepting connections: Socket closed
Jul 24, 2015 6:59:12 PM com.squareup.okhttp.mockwebserver.MockWebServer$2 execute
INFO: MockWebServer[38140] starting to accept connections
Jul 24, 2015 6:59:12 PM com.squareup.okhttp.mockwebserver.MockWebServer$2 acceptConnections
INFO: MockWebServer[38140] done accepting connections: Socket is closed
Jul 24, 2015 6:59:12 PM com.squareup.okhttp.mockwebserver.MockWebServer$2 execute
INFO: MockWebServer[56157] starting to accept connections
Jul 24, 2015 6:59:12 PM com.squareup.okhttp.mockwebserver.MockWebServer$2 acceptConnections
INFO: MockWebServer[56157] done accepting connections: Socket closed
Jul 24, 2015 6:59:12 PM com.squareup.okhttp.mockwebserver.MockWebServer$2 execute
INFO: MockWebServer[45425] starting to accept connections
Jul 24, 2015 6:59:12 PM com.squareup.okhttp.mockwebserver.MockWebServer$3 processOneRequest
INFO: MockWebServer[45425] received request: GET / HTTP/1.1 and responded: HTTP/1.1 200 OK
Jul 24, 2015 6:59:12 PM com.squareup.okhttp.mockwebserver.MockWebServer$2 acceptConnections
INFO: MockWebServer[45425] done accepting connections: Socket closed
Jul 24, 2015 6:59:12 PM com.squareup.okhttp.mockwebserver.MockWebServer$2 execute
INFO: MockWebServer[33240] starting to accept connections
Jul 24, 2015 6:59:12 PM com.squareup.okhttp.mockwebserver.MockWebServer$3 processOneRequest
INFO: MockWebServer[33240] received request: GET / HTTP/1.1 and responded: HTTP/1.1 404 OK
Jul 24, 2015 6:59:12 PM com.squareup.okhttp.mockwebserver.MockWebServer$2 acceptConnections
INFO: MockWebServer[33240] done accepting connections: Socket closed
Jul 24, 2015 6:59:12 PM com.squareup.okhttp.mockwebserver.MockWebServer$2 execute
INFO: MockWebServer[46523] starting to accept connections
Jul 24, 2015 6:59:12 PM com.squareup.okhttp.mockwebserver.MockWebServer$2 acceptConnections
INFO: MockWebServer[46523] done accepting connections: Socket is closed
Tests run: 14, Failures: 0, Errors: 0, Skipped: 0, Time elapsed: 0.843 sec
Running retrofit.ResultTest
Tests run: 4, Failures: 0, Errors: 0, Skipped: 0, Time elapsed: 0 sec

Results :

Tests run: 18, Failures: 0, Errors: 0, Skipped: 0

[INFO]                                                                         
[INFO] ------------------------------------------------------------------------
[INFO] Building Retrofit Mock Adapter 2.0.0-SNAPSHOT
[INFO] ------------------------------------------------------------------------
[INFO] 
[INFO] --- maven-enforcer-plugin:1.0:enforce (enforce-maven) @ retrofit-mock ---
[INFO] 
[INFO] --- maven-resources-plugin:2.6:resources (default-resources) @ retrofit-mock ---
[INFO] Using 'UTF-8' encoding to copy filtered resources.
[INFO] skip non existing resourceDirectory /home/travis/build/square/retrofit/retrofit-mock/src/main/resources
[INFO] 
[INFO] --- maven-compiler-plugin:3.0:compile (default-compile) @ retrofit-mock ---
[INFO] Changes detected - recompiling the module!
[INFO] Compiling 6 source files to /home/travis/build/square/retrofit/retrofit-mock/target/classes
[INFO] 
[INFO] --- maven-resources-plugin:2.6:testResources (default-testResources) @ retrofit-mock ---
[INFO] Using 'UTF-8' encoding to copy filtered resources.
[INFO] skip non existing resourceDirectory /home/travis/build/square/retrofit/retrofit-mock/src/test/resources
[INFO] 
[INFO] --- maven-compiler-plugin:3.0:testCompile (default-testCompile) @ retrofit-mock ---
[INFO] Changes detected - recompiling the module!
[INFO] Compiling 2 source files to /home/travis/build/square/retrofit/retrofit-mock/target/test-classes
[INFO] 
[INFO] --- maven-surefire-plugin:2.12.4:test (default-test) @ retrofit-mock ---
[INFO] Surefire report directory: /home/travis/build/square/retrofit/retrofit-mock/target/surefire-reports

-------------------------------------------------------
 T E S T S
-------------------------------------------------------
Running retrofit.BehaviorTest
Tests run: 5, Failures: 0, Errors: 0, Skipped: 0, Time elapsed: 0.28 sec
Running retrofit.MockRetrofitTest
Tests run: 9, Failures: 0, Errors: 4, Skipped: 0, Time elapsed: 0.546 sec <<< FAILURE!
syncCanBeCanceled(retrofit.MockRetrofitTest)  Time elapsed: 0.008 sec  <<< ERROR!
java.lang.IllegalStateException: Already executed
	at retrofit.mock.BehaviorCall.enqueue(BehaviorCall.java:63)
	at retrofit.mock.BehaviorCall.execute(BehaviorCall.java:132)
	at retrofit.MockRetrofitTest.syncCanBeCanceled(MockRetrofitTest.java:224)
	at sun.reflect.NativeMethodAccessorImpl.invoke0(Native Method)
	at sun.reflect.NativeMethodAccessorImpl.invoke(NativeMethodAccessorImpl.java:57)
	at sun.reflect.DelegatingMethodAccessorImpl.invoke(DelegatingMethodAccessorImpl.java:43)
	at java.lang.reflect.Method.invoke(Method.java:606)
	at org.junit.runners.model.FrameworkMethod$1.runReflectiveCall(FrameworkMethod.java:50)
	at org.junit.internal.runners.model.ReflectiveCallable.run(ReflectiveCallable.java:12)
	at org.junit.runners.model.FrameworkMethod.invokeExplosively(FrameworkMethod.java:47)
	at org.junit.internal.runners.statements.InvokeMethod.evaluate(InvokeMethod.java:17)
	at org.junit.internal.runners.statements.RunBefores.evaluate(RunBefores.java:26)
	at org.junit.runners.ParentRunner.runLeaf(ParentRunner.java:325)
	at org.junit.runners.BlockJUnit4ClassRunner.runChild(BlockJUnit4ClassRunner.java:78)
	at org.junit.runners.BlockJUnit4ClassRunner.runChild(BlockJUnit4ClassRunner.java:57)
	at org.junit.runners.ParentRunner$3.run(ParentRunner.java:290)
	at org.junit.runners.ParentRunner$1.schedule(ParentRunner.java:71)
	at org.junit.runners.ParentRunner.runChildren(ParentRunner.java:288)
	at org.junit.runners.ParentRunner.access$000(ParentRunner.java:58)
	at org.junit.runners.ParentRunner$2.evaluate(ParentRunner.java:268)
	at org.junit.runners.ParentRunner.run(ParentRunner.java:363)
	at org.apache.maven.surefire.junit4.JUnit4Provider.execute(JUnit4Provider.java:252)
	at org.apache.maven.surefire.junit4.JUnit4Provider.executeTestSet(JUnit4Provider.java:141)
	at org.apache.maven.surefire.junit4.JUnit4Provider.invoke(JUnit4Provider.java:112)
	at sun.reflect.NativeMethodAccessorImpl.invoke0(Native Method)
	at sun.reflect.NativeMethodAccessorImpl.invoke(NativeMethodAccessorImpl.java:57)
	at sun.reflect.DelegatingMethodAccessorImpl.invoke(DelegatingMethodAccessorImpl.java:43)
	at java.lang.reflect.Method.invoke(Method.java:606)
	at org.apache.maven.surefire.util.ReflectionUtils.invokeMethodWithArray(ReflectionUtils.java:189)
	at org.apache.maven.surefire.booter.ProviderFactory$ProviderProxy.invoke(ProviderFactory.java:165)
	at org.apache.maven.surefire.booter.ProviderFactory.invokeProvider(ProviderFactory.java:85)
	at org.apache.maven.surefire.booter.ForkedBooter.runSuitesInProcess(ForkedBooter.java:115)
	at org.apache.maven.surefire.booter.ForkedBooter.main(ForkedBooter.java:75)

syncSuccessReturnsAfterDelay(retrofit.MockRetrofitTest)  Time elapsed: 0.002 sec  <<< ERROR!
java.lang.IllegalStateException: Already executed
	at retrofit.mock.BehaviorCall.enqueue(BehaviorCall.java:63)
	at retrofit.mock.BehaviorCall.execute(BehaviorCall.java:132)
	at retrofit.MockRetrofitTest.syncSuccessReturnsAfterDelay(MockRetrofitTest.java:125)
	at sun.reflect.NativeMethodAccessorImpl.invoke0(Native Method)
	at sun.reflect.NativeMethodAccessorImpl.invoke(NativeMethodAccessorImpl.java:57)
	at sun.reflect.DelegatingMethodAccessorImpl.invoke(DelegatingMethodAccessorImpl.java:43)
	at java.lang.reflect.Method.invoke(Method.java:606)
	at org.junit.runners.model.FrameworkMethod$1.runReflectiveCall(FrameworkMethod.java:50)
	at org.junit.internal.runners.model.ReflectiveCallable.run(ReflectiveCallable.java:12)
	at org.junit.runners.model.FrameworkMethod.invokeExplosively(FrameworkMethod.java:47)
	at org.junit.internal.runners.statements.InvokeMethod.evaluate(InvokeMethod.java:17)
	at org.junit.internal.runners.statements.RunBefores.evaluate(RunBefores.java:26)
	at org.junit.runners.ParentRunner.runLeaf(ParentRunner.java:325)
	at org.junit.runners.BlockJUnit4ClassRunner.runChild(BlockJUnit4ClassRunner.java:78)
	at org.junit.runners.BlockJUnit4ClassRunner.runChild(BlockJUnit4ClassRunner.java:57)
	at org.junit.runners.ParentRunner$3.run(ParentRunner.java:290)
	at org.junit.runners.ParentRunner$1.schedule(ParentRunner.java:71)
	at org.junit.runners.ParentRunner.runChildren(ParentRunner.java:288)
	at org.junit.runners.ParentRunner.access$000(ParentRunner.java:58)
	at org.junit.runners.ParentRunner$2.evaluate(ParentRunner.java:268)
	at org.junit.runners.ParentRunner.run(ParentRunner.java:363)
	at org.apache.maven.surefire.junit4.JUnit4Provider.execute(JUnit4Provider.java:252)
	at org.apache.maven.surefire.junit4.JUnit4Provider.executeTestSet(JUnit4Provider.java:141)
	at org.apache.maven.surefire.junit4.JUnit4Provider.invoke(JUnit4Provider.java:112)
	at sun.reflect.NativeMethodAccessorImpl.invoke0(Native Method)
	at sun.reflect.NativeMethodAccessorImpl.invoke(NativeMethodAccessorImpl.java:57)
	at sun.reflect.DelegatingMethodAccessorImpl.invoke(DelegatingMethodAccessorImpl.java:43)
	at java.lang.reflect.Method.invoke(Method.java:606)
	at org.apache.maven.surefire.util.ReflectionUtils.invokeMethodWithArray(ReflectionUtils.java:189)
	at org.apache.maven.surefire.booter.ProviderFactory$ProviderProxy.invoke(ProviderFactory.java:165)
	at org.apache.maven.surefire.booter.ProviderFactory.invokeProvider(ProviderFactory.java:85)
	at org.apache.maven.surefire.booter.ForkedBooter.runSuitesInProcess(ForkedBooter.java:115)
	at org.apache.maven.surefire.booter.ForkedBooter.main(ForkedBooter.java:75)

syncFailureThrowsAfterDelay(retrofit.MockRetrofitTest)  Time elapsed: 0 sec  <<< ERROR!
java.lang.IllegalStateException: Already executed
	at retrofit.mock.BehaviorCall.enqueue(BehaviorCall.java:63)
	at retrofit.mock.BehaviorCall.execute(BehaviorCall.java:132)
	at retrofit.MockRetrofitTest.syncFailureThrowsAfterDelay(MockRetrofitTest.java:80)
	at sun.reflect.NativeMethodAccessorImpl.invoke0(Native Method)
	at sun.reflect.NativeMethodAccessorImpl.invoke(NativeMethodAccessorImpl.java:57)
	at sun.reflect.DelegatingMethodAccessorImpl.invoke(DelegatingMethodAccessorImpl.java:43)
	at java.lang.reflect.Method.invoke(Method.java:606)
	at org.junit.runners.model.FrameworkMethod$1.runReflectiveCall(FrameworkMethod.java:50)
	at org.junit.internal.runners.model.ReflectiveCallable.run(ReflectiveCallable.java:12)
	at org.junit.runners.model.FrameworkMethod.invokeExplosively(FrameworkMethod.java:47)
	at org.junit.internal.runners.statements.InvokeMethod.evaluate(InvokeMethod.java:17)
	at org.junit.internal.runners.statements.RunBefores.evaluate(RunBefores.java:26)
	at org.junit.runners.ParentRunner.runLeaf(ParentRunner.java:325)
	at org.junit.runners.BlockJUnit4ClassRunner.runChild(BlockJUnit4ClassRunner.java:78)
	at org.junit.runners.BlockJUnit4ClassRunner.runChild(BlockJUnit4ClassRunner.java:57)
	at org.junit.runners.ParentRunner$3.run(ParentRunner.java:290)
	at org.junit.runners.ParentRunner$1.schedule(ParentRunner.java:71)
	at org.junit.runners.ParentRunner.runChildren(ParentRunner.java:288)
	at org.junit.runners.ParentRunner.access$000(ParentRunner.java:58)
	at org.junit.runners.ParentRunner$2.evaluate(ParentRunner.java:268)
	at org.junit.runners.ParentRunner.run(ParentRunner.java:363)
	at org.apache.maven.surefire.junit4.JUnit4Provider.execute(JUnit4Provider.java:252)
	at org.apache.maven.surefire.junit4.JUnit4Provider.executeTestSet(JUnit4Provider.java:141)
	at org.apache.maven.surefire.junit4.JUnit4Provider.invoke(JUnit4Provider.java:112)
	at sun.reflect.NativeMethodAccessorImpl.invoke0(Native Method)
	at sun.reflect.NativeMethodAccessorImpl.invoke(NativeMethodAccessorImpl.java:57)
	at sun.reflect.DelegatingMethodAccessorImpl.invoke(DelegatingMethodAccessorImpl.java:43)
	at java.lang.reflect.Method.invoke(Method.java:606)
	at org.apache.maven.surefire.util.ReflectionUtils.invokeMethodWithArray(ReflectionUtils.java:189)
	at org.apache.maven.surefire.booter.ProviderFactory$ProviderProxy.invoke(ProviderFactory.java:165)
	at org.apache.maven.surefire.booter.ProviderFactory.invokeProvider(ProviderFactory.java:85)
	at org.apache.maven.surefire.booter.ForkedBooter.runSuitesInProcess(ForkedBooter.java:115)
	at org.apache.maven.surefire.booter.ForkedBooter.main(ForkedBooter.java:75)

syncFailureThrownAfterDelay(retrofit.MockRetrofitTest)  Time elapsed: 0 sec  <<< ERROR!
java.lang.IllegalStateException: Already executed
	at retrofit.mock.BehaviorCall.enqueue(BehaviorCall.java:63)
	at retrofit.mock.BehaviorCall.execute(BehaviorCall.java:132)
	at retrofit.MockRetrofitTest.syncFailureThrownAfterDelay(MockRetrofitTest.java:169)
	at sun.reflect.NativeMethodAccessorImpl.invoke0(Native Method)
	at sun.reflect.NativeMethodAccessorImpl.invoke(NativeMethodAccessorImpl.java:57)
	at sun.reflect.DelegatingMethodAccessorImpl.invoke(DelegatingMethodAccessorImpl.java:43)
	at java.lang.reflect.Method.invoke(Method.java:606)
	at org.junit.runners.model.FrameworkMethod$1.runReflectiveCall(FrameworkMethod.java:50)
	at org.junit.internal.runners.model.ReflectiveCallable.run(ReflectiveCallable.java:12)
	at org.junit.runners.model.FrameworkMethod.invokeExplosively(FrameworkMethod.java:47)
	at org.junit.internal.runners.statements.InvokeMethod.evaluate(InvokeMethod.java:17)
	at org.junit.internal.runners.statements.RunBefores.evaluate(RunBefores.java:26)
	at org.junit.runners.ParentRunner.runLeaf(ParentRunner.java:325)
	at org.junit.runners.BlockJUnit4ClassRunner.runChild(BlockJUnit4ClassRunner.java:78)
	at org.junit.runners.BlockJUnit4ClassRunner.runChild(BlockJUnit4ClassRunner.java:57)
	at org.junit.runners.ParentRunner$3.run(ParentRunner.java:290)
	at org.junit.runners.ParentRunner$1.schedule(ParentRunner.java:71)
	at org.junit.runners.ParentRunner.runChildren(ParentRunner.java:288)
	at org.junit.runners.ParentRunner.access$000(ParentRunner.java:58)
	at org.junit.runners.ParentRunner$2.evaluate(ParentRunner.java:268)
	at org.junit.runners.ParentRunner.run(ParentRunner.java:363)
	at org.apache.maven.surefire.junit4.JUnit4Provider.execute(JUnit4Provider.java:252)
	at org.apache.maven.surefire.junit4.JUnit4Provider.executeTestSet(JUnit4Provider.java:141)
	at org.apache.maven.surefire.junit4.JUnit4Provider.invoke(JUnit4Provider.java:112)
	at sun.reflect.NativeMethodAccessorImpl.invoke0(Native Method)
	at sun.reflect.NativeMethodAccessorImpl.invoke(NativeMethodAccessorImpl.java:57)
	at sun.reflect.DelegatingMethodAccessorImpl.invoke(DelegatingMethodAccessorImpl.java:43)
	at java.lang.reflect.Method.invoke(Method.java:606)
	at org.apache.maven.surefire.util.ReflectionUtils.invokeMethodWithArray(ReflectionUtils.java:189)
	at org.apache.maven.surefire.booter.ProviderFactory$ProviderProxy.invoke(ProviderFactory.java:165)
	at org.apache.maven.surefire.booter.ProviderFactory.invokeProvider(ProviderFactory.java:85)
	at org.apache.maven.surefire.booter.ForkedBooter.runSuitesInProcess(ForkedBooter.java:115)
	at org.apache.maven.surefire.booter.ForkedBooter.main(ForkedBooter.java:75)


Results :

Tests in error: 
  syncCanBeCanceled(retrofit.MockRetrofitTest): Already executed
  syncSuccessReturnsAfterDelay(retrofit.MockRetrofitTest): Already executed
  syncFailureThrowsAfterDelay(retrofit.MockRetrofitTest): Already executed
  syncFailureThrownAfterDelay(retrofit.MockRetrofitTest): Already executed

Tests run: 14, Failures: 0, Errors: 4, Skipped: 0

[INFO] ------------------------------------------------------------------------
[INFO] Reactor Summary:
[INFO] 
[INFO] Retrofit (Parent) .................................. SUCCESS [  0.435 s]
[INFO] Retrofit ........................................... SUCCESS [  9.113 s]
[INFO] Adapters ........................................... SUCCESS [  0.003 s]
[INFO] Adapter: RxJava .................................... SUCCESS [  1.631 s]
[INFO] Retrofit Mock Adapter .............................. FAILURE [  1.463 s]
[INFO] Adapter: RxJava Mock ............................... SKIPPED
[INFO] Converters ......................................... SKIPPED
[INFO] Converter: Gson .................................... SKIPPED
[INFO] Converter: Protocol Buffers ........................ SKIPPED
[INFO] Converter: Jackson ................................. SKIPPED
[INFO] Converter: Wire Protocol Buffers ................... SKIPPED
[INFO] Converter: SimpleXML ............................... SKIPPED
[INFO] Converter: Moshi ................................... SKIPPED
[INFO] Samples ............................................ SKIPPED
[INFO] ------------------------------------------------------------------------
[INFO] BUILD FAILURE
[INFO] ------------------------------------------------------------------------
[INFO] Total time: 12.998 s
[INFO] Finished at: 2015-07-24T18:59:14+00:00
[INFO] Final Memory: 24M/465M
[INFO] ------------------------------------------------------------------------
[ERROR] Failed to execute goal org.apache.maven.plugins:maven-surefire-plugin:2.12.4:test (default-test) on project retrofit-mock: There are test failures.
[ERROR] 
[ERROR] Please refer to /home/travis/build/square/retrofit/retrofit-mock/target/surefire-reports for the individual test results.
[ERROR] -> [Help 1]
[ERROR] 
[ERROR] To see the full stack trace of the errors, re-run Maven with the -e switch.
[ERROR] Re-run Maven using the -X switch to enable full debug logging.
[ERROR] 
[ERROR] For more information about the errors and possible solutions, please read the following articles:
[ERROR] [Help 1] http://cwiki.apache.org/confluence/display/MAVEN/MojoFailureException
[ERROR] 
[ERROR] After correcting the problems, you can resume the build with the command
[ERROR]   mvn <goals> -rf :retrofit-mock
travis_time:end:21321db2:start=1437764340065031987,finish=1437764354877525083,duration=14812493096[0K
[31;1mThe command "mvn test -B" exited with 1.[0m
travis_fold:start:cache.2[0Kstore build cache
travis_time:start:31e1e345[0Kchange detected:
/home/travis/.m2/repository/com/squareup/okhttp/mockwebserver/2.5.0-SNAPSHOT/resolver-status.properties
/home/travis/.m2/repository/com/squareup/okhttp/mockwebserver/2.5.0-SNAPSHOT/resolver-status.properties
/home/travis/.m2/repository/com/squareup/okhttp/okhttp/2.5.0-SNAPSHOT/resolver-status.properties
/home/travis/.m2/repository/com/squareup/okhttp/okhttp/2.5.0-SNAPSHOT/resolver-status.properties
/home/travis/.m2/repository/com/squareup/okhttp/okhttp-ws/2.5.0-SNAPSHOT/resolver-status.properties
/home/travis/.m2/repository/com/squareup/okhttp/okhttp-ws/2.5.0-SNAPSHOT/resolver-status.properties
/home/travis/.m2/repository/com/squareup/okhttp/parent/2.5.0-SNAPSHOT/resolver-status.properties
/home/travis/.m2/repository/com/squareup/okhttp/parent/2.5.0-SNAPSHOT/resolver-status.properties
/home/travis/.m2/repository/com/squareup/retrofit/adapter-rxjava/2.0.0-SNAPSHOT/adapter-rxjava-2.0.0-SNAPSHOT.jar
/home/travis/.m2/repository/com/squareup/retrofit/adapter-rxjava/2.0.0-SNAPSHOT/adapter-rxj
...
changes detected, packing new archive
uploading archive
travis_time:end:31e1e345:start=1437764354883960683,finish=1437764359940731871,duration=5056771188[0Ktravis_fold:end:cache.2[0K
Done. Your build exited with 1.
