Using worker: worker-linux-docker-54c64abd.prod.travis-ci.org:travis-linux-4

travis_fold:start:system_info[0K[33;1mBuild system information[0m
Build language: java
[34m[1mBuild image provisioning date and time[0m
Thu Feb  5 15:09:33 UTC 2015
[34m[1mOperating System Details[0m
Distributor ID:	Ubuntu
Description:	Ubuntu 12.04.5 LTS
Release:	12.04
Codename:	precise
[34m[1mLinux Version[0m
3.13.0-29-generic
[34m[1mCookbooks Version[0m
a68419e https://github.com/travis-ci/travis-cookbooks/tree/a68419e
[34m[1mGCC version[0m
gcc (Ubuntu/Linaro 4.6.3-1ubuntu5) 4.6.3
Copyright (C) 2011 Free Software Foundation, Inc.
This is free software; see the source for copying conditions.  There is NO
warranty; not even for MERCHANTABILITY or FITNESS FOR A PARTICULAR PURPOSE.

[34m[1mLLVM version[0m
clang version 3.4 (tags/RELEASE_34/final)
Target: x86_64-unknown-linux-gnu
Thread model: posix
[34m[1mPre-installed Ruby versions[0m
ruby-1.9.3-p551
[34m[1mPre-installed Node.js versions[0m
v0.10.36
[34m[1mPre-installed Go versions[0m
1.4.1
[34m[1mRedis version[0m
redis-server 2.8.19
[34m[1mriak version[0m
2.0.2
[34m[1mMongoDB version[0m
MongoDB 2.4.12
[34m[1mCouchDB version[0m
couchdb 1.6.1
[34m[1mNeo4j version[0m
1.9.4
[34m[1mRabbitMQ Version[0m
3.4.3
[34m[1mElasticSearch version[0m
1.4.0
[34m[1mInstalled Sphinx versions[0m
2.0.10
2.1.9
2.2.6
[34m[1mDefault Sphinx version[0m
2.2.6
[34m[1mInstalled Firefox version[0m
firefox 31.0esr
[34m[1mPhantomJS version[0m
1.9.8
[34m[1mant -version[0m
Apache Ant(TM) version 1.8.2 compiled on December 3 2011
[34m[1mmvn -version[0m
Apache Maven 3.2.5 (12a6b3acb947671f09b81f49094c53f426d8cea1; 2014-12-14T17:29:23+00:00)
Maven home: /usr/local/maven
Java version: 1.7.0_76, vendor: Oracle Corporation
Java home: /usr/lib/jvm/java-7-oracle/jre
Default locale: en_US, platform encoding: ANSI_X3.4-1968
OS name: "linux", version: "3.13.0-29-generic", arch: "amd64", family: "unix"
travis_fold:end:system_info[0K
travis_fold:start:git.checkout[0Ktravis_time:start:1c55a878[0K$ git clone --depth=50 --branch=jw/mock git://github.com/square/retrofit.git square/retrofit
Cloning into 'square/retrofit'...
remote: Counting objects: 1497, done.[K
remote: Compressing objects:   0% (1/683)   [Kremote: Compressing objects:   1% (7/683)   [Kremote: Compressing objects:   2% (14/683)   [Kremote: Compressing objects:   3% (21/683)   [Kremote: Compressing objects:   4% (28/683)   [Kremote: Compressing objects:   5% (35/683)   [Kremote: Compressing objects:   6% (41/683)   [Kremote: Compressing objects:   7% (48/683)   [Kremote: Compressing objects:   8% (55/683)   [Kremote: Compressing objects:   9% (62/683)   [Kremote: Compressing objects:  10% (69/683)   [Kremote: Compressing objects:  11% (76/683)   [Kremote: Compressing objects:  12% (82/683)   [Kremote: Compressing objects:  13% (89/683)   [Kremote: Compressing objects:  14% (96/683)   [Kremote: Compressing objects:  15% (103/683)   [Kremote: Compressing objects:  16% (110/683)   [Kremote: Compressing objects:  17% (117/683)   [Kremote: Compressing objects:  18% (123/683)   [Kremote: Compressing objects:  19% (130/683)   [Kremote: Compressing objects:  20% (137/683)   [Kremote: Compressing objects:  21% (144/683)   [Kremote: Compressing objects:  22% (151/683)   [Kremote: Compressing objects:  23% (158/683)   [Kremote: Compressing objects:  24% (164/683)   [Kremote: Compressing objects:  25% (171/683)   [Kremote: Compressing objects:  26% (178/683)   [Kremote: Compressing objects:  27% (185/683)   [Kremote: Compressing objects:  28% (192/683)   [Kremote: Compressing objects:  29% (199/683)   [Kremote: Compressing objects:  30% (205/683)   [Kremote: Compressing objects:  31% (212/683)   [Kremote: Compressing objects:  32% (219/683)   [Kremote: Compressing objects:  33% (226/683)   [Kremote: Compressing objects:  34% (233/683)   [Kremote: Compressing objects:  35% (240/683)   [Kremote: Compressing objects:  36% (246/683)   [Kremote: Compressing objects:  37% (253/683)   [Kremote: Compressing objects:  38% (260/683)   [Kremote: Compressing objects:  39% (267/683)   [Kremote: Compressing objects:  40% (274/683)   [Kremote: Compressing objects:  41% (281/683)   [Kremote: Compressing objects:  42% (287/683)   [Kremote: Compressing objects:  43% (294/683)   [Kremote: Compressing objects:  44% (301/683)   [Kremote: Compressing objects:  45% (308/683)   [Kremote: Compressing objects:  46% (315/683)   [Kremote: Compressing objects:  47% (322/683)   [Kremote: Compressing objects:  48% (328/683)   [Kremote: Compressing objects:  49% (335/683)   [Kremote: Compressing objects:  50% (342/683)   [Kremote: Compressing objects:  51% (349/683)   [Kremote: Compressing objects:  52% (356/683)   [Kremote: Compressing objects:  53% (362/683)   [Kremote: Compressing objects:  54% (369/683)   [Kremote: Compressing objects:  55% (376/683)   [Kremote: Compressing objects:  56% (383/683)   [Kremote: Compressing objects:  57% (390/683)   [Kremote: Compressing objects:  58% (397/683)   [Kremote: Compressing objects:  59% (403/683)   [Kremote: Compressing objects:  60% (410/683)   [Kremote: Compressing objects:  61% (417/683)   [Kremote: Compressing objects:  62% (424/683)   [Kremote: Compressing objects:  63% (431/683)   [Kremote: Compressing objects:  64% (438/683)   [Kremote: Compressing objects:  65% (444/683)   [Kremote: Compressing objects:  66% (451/683)   [Kremote: Compressing objects:  67% (458/683)   [Kremote: Compressing objects:  68% (465/683)   [Kremote: Compressing objects:  69% (472/683)   [Kremote: Compressing objects:  70% (479/683)   [Kremote: Compressing objects:  71% (485/683)   [Kremote: Compressing objects:  72% (492/683)   [Kremote: Compressing objects:  73% (499/683)   [Kremote: Compressing objects:  74% (506/683)   [Kremote: Compressing objects:  75% (513/683)   [Kremote: Compressing objects:  76% (520/683)   [Kremote: Compressing objects:  77% (526/683)   [Kremote: Compressing objects:  78% (533/683)   [Kremote: Compressing objects:  79% (540/683)   [Kremote: Compressing objects:  80% (547/683)   [Kremote: Compressing objects:  81% (554/683)   [Kremote: Compressing objects:  82% (561/683)   [Kremote: Compressing objects:  83% (567/683)   [Kremote: Compressing objects:  84% (574/683)   [Kremote: Compressing objects:  85% (581/683)   [Kremote: Compressing objects:  86% (588/683)   [Kremote: Compressing objects:  87% (595/683)   [Kremote: Compressing objects:  88% (602/683)   [Kremote: Compressing objects:  89% (608/683)   [Kremote: Compressing objects:  90% (615/683)   [Kremote: Compressing objects:  91% (622/683)   [Kremote: Compressing objects:  92% (629/683)   [Kremote: Compressing objects:  93% (636/683)   [Kremote: Compressing objects:  94% (643/683)   [Kremote: Compressing objects:  95% (649/683)   [Kremote: Compressing objects:  96% (656/683)   [Kremote: Compressing objects:  97% (663/683)   [Kremote: Compressing objects:  98% (670/683)   [Kremote: Compressing objects:  99% (677/683)   [Kremote: Compressing objects: 100% (683/683)   [Kremote: Compressing objects: 100% (683/683), done.[K
Receiving objects:   0% (1/1497)   Receiving objects:   1% (15/1497)   Receiving objects:   2% (30/1497)   Receiving objects:   3% (45/1497)   Receiving objects:   4% (60/1497)   Receiving objects:   5% (75/1497)   Receiving objects:   6% (90/1497)   Receiving objects:   7% (105/1497)   Receiving objects:   8% (120/1497)   Receiving objects:   9% (135/1497)   Receiving objects:  10% (150/1497)   Receiving objects:  11% (165/1497)   Receiving objects:  12% (180/1497)   Receiving objects:  13% (195/1497)   Receiving objects:  14% (210/1497)   Receiving objects:  15% (225/1497)   Receiving objects:  16% (240/1497)   Receiving objects:  17% (255/1497)   Receiving objects:  18% (270/1497)   Receiving objects:  19% (285/1497)   Receiving objects:  20% (300/1497)   Receiving objects:  21% (315/1497)   Receiving objects:  22% (330/1497)   Receiving objects:  23% (345/1497)   Receiving objects:  24% (360/1497)   Receiving objects:  25% (375/1497)   Receiving objects:  26% (390/1497)   Receiving objects:  27% (405/1497)   Receiving objects:  28% (420/1497)   Receiving objects:  29% (435/1497)   Receiving objects:  30% (450/1497)   Receiving objects:  31% (465/1497)   Receiving objects:  32% (480/1497)   Receiving objects:  33% (495/1497)   Receiving objects:  34% (509/1497)   Receiving objects:  35% (524/1497)   Receiving objects:  36% (539/1497)   Receiving objects:  37% (554/1497)   Receiving objects:  38% (569/1497)   Receiving objects:  39% (584/1497)   Receiving objects:  40% (599/1497)   Receiving objects:  41% (614/1497)   Receiving objects:  42% (629/1497)   Receiving objects:  43% (644/1497)   Receiving objects:  44% (659/1497)   Receiving objects:  45% (674/1497)   Receiving objects:  46% (689/1497)   Receiving objects:  47% (704/1497)   Receiving objects:  48% (719/1497)   Receiving objects:  49% (734/1497)   Receiving objects:  50% (749/1497)   Receiving objects:  51% (764/1497)   Receiving objects:  52% (779/1497)   Receiving objects:  53% (794/1497)   Receiving objects:  54% (809/1497)   Receiving objects:  55% (824/1497)   Receiving objects:  56% (839/1497)   Receiving objects:  57% (854/1497)   Receiving objects:  58% (869/1497)   Receiving objects:  59% (884/1497)   Receiving objects:  60% (899/1497)   Receiving objects:  61% (914/1497)   Receiving objects:  62% (929/1497)   Receiving objects:  63% (944/1497)   Receiving objects:  64% (959/1497)   Receiving objects:  65% (974/1497)   Receiving objects:  66% (989/1497)   Receiving objects:  67% (1003/1497)   Receiving objects:  68% (1018/1497)   Receiving objects:  69% (1033/1497)   Receiving objects:  70% (1048/1497)   Receiving objects:  71% (1063/1497)   Receiving objects:  72% (1078/1497)   Receiving objects:  73% (1093/1497)   remote: Total 1497 (delta 542), reused 1329 (delta 409), pack-reused 0[K
Receiving objects:  74% (1108/1497)   Receiving objects:  75% (1123/1497)   Receiving objects:  76% (1138/1497)   Receiving objects:  77% (1153/1497)   Receiving objects:  78% (1168/1497)   Receiving objects:  79% (1183/1497)   Receiving objects:  80% (1198/1497)   Receiving objects:  81% (1213/1497)   Receiving objects:  82% (1228/1497)   Receiving objects:  83% (1243/1497)   Receiving objects:  84% (1258/1497)   Receiving objects:  85% (1273/1497)   Receiving objects:  86% (1288/1497)   Receiving objects:  87% (1303/1497)   Receiving objects:  88% (1318/1497)   Receiving objects:  89% (1333/1497)   Receiving objects:  90% (1348/1497)   Receiving objects:  91% (1363/1497)   Receiving objects:  92% (1378/1497)   Receiving objects:  93% (1393/1497)   Receiving objects:  94% (1408/1497)   Receiving objects:  95% (1423/1497)   Receiving objects:  96% (1438/1497)   Receiving objects:  97% (1453/1497)   Receiving objects:  98% (1468/1497)   Receiving objects:  99% (1483/1497)   Receiving objects: 100% (1497/1497)   Receiving objects: 100% (1497/1497), 369.67 KiB | 0 bytes/s, done.
Resolving deltas:   0% (0/542)   Resolving deltas:  11% (61/542)   Resolving deltas:  12% (68/542)   Resolving deltas:  13% (75/542)   Resolving deltas:  18% (98/542)   Resolving deltas:  19% (105/542)   Resolving deltas:  24% (133/542)   Resolving deltas:  25% (139/542)   Resolving deltas:  26% (141/542)   Resolving deltas:  29% (160/542)   Resolving deltas:  30% (168/542)   Resolving deltas:  35% (191/542)   Resolving deltas:  36% (199/542)   Resolving deltas:  37% (204/542)   Resolving deltas:  38% (210/542)   Resolving deltas:  39% (212/542)   Resolving deltas:  40% (220/542)   Resolving deltas:  41% (225/542)   Resolving deltas:  42% (228/542)   Resolving deltas:  43% (238/542)   Resolving deltas:  46% (251/542)   Resolving deltas:  47% (255/542)   Resolving deltas:  48% (264/542)   Resolving deltas:  50% (276/542)   Resolving deltas:  51% (281/542)   Resolving deltas:  53% (290/542)   Resolving deltas:  54% (293/542)   Resolving deltas:  55% (302/542)   Resolving deltas:  57% (309/542)   Resolving deltas:  58% (316/542)   Resolving deltas:  60% (327/542)   Resolving deltas:  64% (347/542)   Resolving deltas:  66% (359/542)   Resolving deltas:  69% (378/542)   Resolving deltas:  70% (383/542)   Resolving deltas:  71% (388/542)   Resolving deltas:  72% (391/542)   Resolving deltas:  75% (408/542)   Resolving deltas:  76% (417/542)   Resolving deltas:  77% (422/542)   Resolving deltas:  78% (423/542)   Resolving deltas:  80% (437/542)   Resolving deltas:  81% (444/542)   Resolving deltas:  82% (447/542)   Resolving deltas:  83% (450/542)   Resolving deltas:  84% (456/542)   Resolving deltas:  85% (462/542)   Resolving deltas:  86% (467/542)   Resolving deltas:  87% (473/542)   Resolving deltas:  88% (482/542)   Resolving deltas:  89% (484/542)   Resolving deltas:  90% (488/542)   Resolving deltas:  91% (497/542)   Resolving deltas:  92% (503/542)   Resolving deltas:  93% (509/542)   Resolving deltas:  94% (510/542)   Resolving deltas:  95% (515/542)   Resolving deltas:  96% (524/542)   Resolving deltas: 100% (542/542)   Resolving deltas: 100% (542/542), done.
Checking connectivity... done.
travis_time:end:1c55a878:start=1437764906111069506,finish=1437764906332882082,duration=221812576[0K$ cd square/retrofit
$ git checkout -qf c1cc6147f0cc18ad0904499a2ae2642a14001812
travis_fold:end:git.checkout[0K
[33;1mThis job is running on container-based infrastructure, which does not allow use of 'sudo', setuid and setguid executables.[0m
[33;1mIf you require sudo, add 'sudo: required' to your .travis.yml[0m
[33;1mSee http://docs.travis-ci.com/user/workers/container-based-infrastructure/ for details.[0m

[33;1mSetting environment variables from .travis.yml[0m
$ export CI_DEPLOY_USERNAME=[secure]
$ export CI_DEPLOY_PASSWORD=[secure]

travis_fold:start:cache.1[0KSetting up build cache
$ export CASHER_DIR=$HOME/.casher
travis_time:start:13ebcd87[0K$ Installing caching utilities
travis_time:end:13ebcd87:start=1437764908066284734,finish=1437764908097608107,duration=31323373[0Ktravis_time:start:2e860ac4[0Kattempting to download cache archive
fetching jwmock/cache--jdk-oraclejdk7.tgz
found cache
travis_time:end:2e860ac4:start=1437764908102107903,finish=1437764909121319925,duration=1019212022[0Ktravis_time:start:009b87cd[0Kadding /home/travis/.m2 to cache
travis_time:end:009b87cd:start=1437764909124905090,finish=1437764910533621320,duration=1408716230[0Ktravis_fold:end:cache.1[0K$ jdk_switcher use oraclejdk7
Switching to Oracle JDK7 (java-7-oracle), JAVA_HOME will be set to /usr/lib/jvm/java-7-oracle
$ java -Xmx32m -version
java version "1.7.0_76"
Java(TM) SE Runtime Environment (build 1.7.0_76-b13)
Java HotSpot(TM) 64-Bit Server VM (build 24.76-b04, mixed mode)
$ javac -J-Xmx32m -version
javac 1.7.0_76
travis_fold:start:install[0Ktravis_time:start:0288d7ac[0K$ mvn install -DskipTests=true -Dmaven.javadoc.skip=true -B -V
Apache Maven 3.2.5 (12a6b3acb947671f09b81f49094c53f426d8cea1; 2014-12-14T17:29:23+00:00)
Maven home: /usr/local/maven
Java version: 1.7.0_76, vendor: Oracle Corporation
Java home: /usr/lib/jvm/java-7-oracle/jre
Default locale: en_US, platform encoding: UTF-8
OS name: "linux", version: "3.13.0-40-generic", arch: "amd64", family: "unix"
[INFO] Scanning for projects...
[WARNING] 
[WARNING] Some problems were encountered while building the effective model for com.squareup.retrofit:samples:jar:2.0.0-SNAPSHOT
[WARNING] 'build.plugins.plugin.version' for org.apache.maven.plugins:maven-deploy-plugin is missing. @ com.squareup.retrofit:samples:[unknown-version], /home/travis/build/square/retrofit/samples/pom.xml, line 36, column 15
[WARNING] 
[WARNING] It is highly recommended to fix these problems because they threaten the stability of your build.
[WARNING] 
[WARNING] For this reason, future Maven versions might no longer support building such malformed projects.
[WARNING] 
[INFO] ------------------------------------------------------------------------
[INFO] Reactor Build Order:
[INFO] 
[INFO] Retrofit (Parent)
[INFO] Retrofit
[INFO] Adapters
[INFO] Adapter: RxJava
[INFO] Retrofit Mock Adapter
[INFO] Adapter: RxJava Mock
[INFO] Converters
[INFO] Converter: Gson
[INFO] Converter: Protocol Buffers
[INFO] Converter: Jackson
[INFO] Converter: Wire Protocol Buffers
[INFO] Converter: SimpleXML
[INFO] Converter: Moshi
[INFO] Samples
[INFO]                                                                         
[INFO] ------------------------------------------------------------------------
[INFO] Building Retrofit (Parent) 2.0.0-SNAPSHOT
[INFO] ------------------------------------------------------------------------
[INFO] 
[INFO] --- maven-enforcer-plugin:1.0:enforce (enforce-maven) @ parent ---
[INFO] 
[INFO] --- maven-checkstyle-plugin:2.15:checkstyle (default) @ parent ---
[INFO] 
[INFO] --- maven-install-plugin:2.4:install (default-install) @ parent ---
[INFO] Installing /home/travis/build/square/retrofit/pom.xml to /home/travis/.m2/repository/com/squareup/retrofit/parent/2.0.0-SNAPSHOT/parent-2.0.0-SNAPSHOT.pom
[INFO]                                                                         
[INFO] ------------------------------------------------------------------------
[INFO] Building Retrofit 2.0.0-SNAPSHOT
[INFO] ------------------------------------------------------------------------
[INFO] Downloading: https://repository.apache.org/snapshots/com/squareup/okhttp/okhttp/2.5.0-SNAPSHOT/maven-metadata.xml
[INFO] Downloading: https://repository.apache.org/snapshots/com/squareup/okhttp/parent/2.5.0-SNAPSHOT/maven-metadata.xml
[INFO] Downloading: https://repository.apache.org/snapshots/com/squareup/okhttp/mockwebserver/2.5.0-SNAPSHOT/maven-metadata.xml
[INFO] Downloading: https://repository.apache.org/snapshots/com/squareup/okhttp/okhttp-ws/2.5.0-SNAPSHOT/maven-metadata.xml
[INFO] 
[INFO] --- maven-enforcer-plugin:1.0:enforce (enforce-maven) @ retrofit ---
[INFO] 
[INFO] --- maven-resources-plugin:2.6:resources (default-resources) @ retrofit ---
[INFO] Using 'UTF-8' encoding to copy filtered resources.
[INFO] skip non existing resourceDirectory /home/travis/build/square/retrofit/retrofit/src/main/resources
[INFO] 
[INFO] --- maven-compiler-plugin:3.0:compile (default-compile) @ retrofit ---
[INFO] Changes detected - recompiling the module!
[INFO] Compiling 44 source files to /home/travis/build/square/retrofit/retrofit/target/classes
[WARNING] /home/travis/build/square/retrofit/retrofit/src/main/java/retrofit/RequestBuilderAction.java: /home/travis/build/square/retrofit/retrofit/src/main/java/retrofit/RequestBuilderAction.java uses unchecked or unsafe operations.
[WARNING] /home/travis/build/square/retrofit/retrofit/src/main/java/retrofit/RequestBuilderAction.java: Recompile with -Xlint:unchecked for details.
[INFO] 
[INFO] --- maven-resources-plugin:2.6:testResources (default-testResources) @ retrofit ---
[INFO] Using 'UTF-8' encoding to copy filtered resources.
[INFO] skip non existing resourceDirectory /home/travis/build/square/retrofit/retrofit/src/test/resources
[INFO] 
[INFO] --- maven-compiler-plugin:3.0:testCompile (default-testCompile) @ retrofit ---
[INFO] Changes detected - recompiling the module!
[INFO] Compiling 7 source files to /home/travis/build/square/retrofit/retrofit/target/test-classes
[INFO] 
[INFO] --- maven-surefire-plugin:2.12.4:test (default-test) @ retrofit ---
[INFO] Tests are skipped.
[INFO] 
[INFO] --- maven-jar-plugin:2.4:jar (default-jar) @ retrofit ---
[INFO] Building jar: /home/travis/build/square/retrofit/retrofit/target/retrofit-2.0.0-SNAPSHOT.jar
[INFO] 
[INFO] --- maven-checkstyle-plugin:2.15:checkstyle (default) @ retrofit ---
[INFO] Starting audit...
Audit done.
[WARNING] Unable to locate Source XRef to link to - DISABLED
[INFO] 
[INFO] --- maven-install-plugin:2.4:install (default-install) @ retrofit ---
[INFO] Installing /home/travis/build/square/retrofit/retrofit/target/retrofit-2.0.0-SNAPSHOT.jar to /home/travis/.m2/repository/com/squareup/retrofit/retrofit/2.0.0-SNAPSHOT/retrofit-2.0.0-SNAPSHOT.jar
[INFO] Installing /home/travis/build/square/retrofit/retrofit/pom.xml to /home/travis/.m2/repository/com/squareup/retrofit/retrofit/2.0.0-SNAPSHOT/retrofit-2.0.0-SNAPSHOT.pom
[INFO]                                                                         
[INFO] ------------------------------------------------------------------------
[INFO] Building Adapters 2.0.0-SNAPSHOT
[INFO] ------------------------------------------------------------------------
[INFO] 
[INFO] --- maven-enforcer-plugin:1.0:enforce (enforce-maven) @ retrofit-adapters ---
[INFO] 
[INFO] --- maven-checkstyle-plugin:2.15:checkstyle (default) @ retrofit-adapters ---
[INFO] 
[INFO] --- maven-install-plugin:2.4:install (default-install) @ retrofit-adapters ---
[INFO] Installing /home/travis/build/square/retrofit/retrofit-adapters/pom.xml to /home/travis/.m2/repository/com/squareup/retrofit/retrofit-adapters/2.0.0-SNAPSHOT/retrofit-adapters-2.0.0-SNAPSHOT.pom
[INFO]                                                                         
[INFO] ------------------------------------------------------------------------
[INFO] Building Adapter: RxJava 2.0.0-SNAPSHOT
[INFO] ------------------------------------------------------------------------
[INFO] 
[INFO] --- maven-enforcer-plugin:1.0:enforce (enforce-maven) @ adapter-rxjava ---
[INFO] 
[INFO] --- maven-resources-plugin:2.6:resources (default-resources) @ adapter-rxjava ---
[INFO] Using 'UTF-8' encoding to copy filtered resources.
[INFO] skip non existing resourceDirectory /home/travis/build/square/retrofit/retrofit-adapters/rxjava/src/main/resources
[INFO] 
[INFO] --- maven-compiler-plugin:3.0:compile (default-compile) @ adapter-rxjava ---
[INFO] Changes detected - recompiling the module!
[INFO] Compiling 2 source files to /home/travis/build/square/retrofit/retrofit-adapters/rxjava/target/classes
[INFO] 
[INFO] --- maven-resources-plugin:2.6:testResources (default-testResources) @ adapter-rxjava ---
[INFO] Using 'UTF-8' encoding to copy filtered resources.
[INFO] skip non existing resourceDirectory /home/travis/build/square/retrofit/retrofit-adapters/rxjava/src/test/resources
[INFO] 
[INFO] --- maven-compiler-plugin:3.0:testCompile (default-testCompile) @ adapter-rxjava ---
[INFO] Changes detected - recompiling the module!
[INFO] Compiling 2 source files to /home/travis/build/square/retrofit/retrofit-adapters/rxjava/target/test-classes
[INFO] 
[INFO] --- maven-surefire-plugin:2.12.4:test (default-test) @ adapter-rxjava ---
[INFO] Tests are skipped.
[INFO] 
[INFO] --- maven-jar-plugin:2.4:jar (default-jar) @ adapter-rxjava ---
[INFO] Building jar: /home/travis/build/square/retrofit/retrofit-adapters/rxjava/target/adapter-rxjava-2.0.0-SNAPSHOT.jar
[INFO] 
[INFO] --- maven-checkstyle-plugin:2.15:checkstyle (default) @ adapter-rxjava ---
[INFO] Starting audit...
Audit done.
[WARNING] Unable to locate Source XRef to link to - DISABLED
[INFO] 
[INFO] --- maven-install-plugin:2.4:install (default-install) @ adapter-rxjava ---
[INFO] Installing /home/travis/build/square/retrofit/retrofit-adapters/rxjava/target/adapter-rxjava-2.0.0-SNAPSHOT.jar to /home/travis/.m2/repository/com/squareup/retrofit/adapter-rxjava/2.0.0-SNAPSHOT/adapter-rxjava-2.0.0-SNAPSHOT.jar
[INFO] Installing /home/travis/build/square/retrofit/retrofit-adapters/rxjava/pom.xml to /home/travis/.m2/repository/com/squareup/retrofit/adapter-rxjava/2.0.0-SNAPSHOT/adapter-rxjava-2.0.0-SNAPSHOT.pom
[INFO]                                                                         
[INFO] ------------------------------------------------------------------------
[INFO] Building Retrofit Mock Adapter 2.0.0-SNAPSHOT
[INFO] ------------------------------------------------------------------------
[INFO] 
[INFO] --- maven-enforcer-plugin:1.0:enforce (enforce-maven) @ retrofit-mock ---
[INFO] 
[INFO] --- maven-resources-plugin:2.6:resources (default-resources) @ retrofit-mock ---
[INFO] Using 'UTF-8' encoding to copy filtered resources.
[INFO] skip non existing resourceDirectory /home/travis/build/square/retrofit/retrofit-mock/src/main/resources
[INFO] 
[INFO] --- maven-compiler-plugin:3.0:compile (default-compile) @ retrofit-mock ---
[INFO] Changes detected - recompiling the module!
[INFO] Compiling 6 source files to /home/travis/build/square/retrofit/retrofit-mock/target/classes
[INFO] 
[INFO] --- maven-resources-plugin:2.6:testResources (default-testResources) @ retrofit-mock ---
[INFO] Using 'UTF-8' encoding to copy filtered resources.
[INFO] skip non existing resourceDirectory /home/travis/build/square/retrofit/retrofit-mock/src/test/resources
[INFO] 
[INFO] --- maven-compiler-plugin:3.0:testCompile (default-testCompile) @ retrofit-mock ---
[INFO] Changes detected - recompiling the module!
[INFO] Compiling 2 source files to /home/travis/build/square/retrofit/retrofit-mock/target/test-classes
[INFO] 
[INFO] --- maven-surefire-plugin:2.12.4:test (default-test) @ retrofit-mock ---
[INFO] Tests are skipped.
[INFO] 
[INFO] --- maven-jar-plugin:2.4:jar (default-jar) @ retrofit-mock ---
[INFO] Building jar: /home/travis/build/square/retrofit/retrofit-mock/target/retrofit-mock-2.0.0-SNAPSHOT.jar
[INFO] 
[INFO] --- maven-checkstyle-plugin:2.15:checkstyle (default) @ retrofit-mock ---
[INFO] Starting audit...
Audit done.
[WARNING] Unable to locate Source XRef to link to - DISABLED
[INFO] 
[INFO] --- maven-install-plugin:2.4:install (default-install) @ retrofit-mock ---
[INFO] Installing /home/travis/build/square/retrofit/retrofit-mock/target/retrofit-mock-2.0.0-SNAPSHOT.jar to /home/travis/.m2/repository/com/squareup/retrofit/retrofit-mock/2.0.0-SNAPSHOT/retrofit-mock-2.0.0-SNAPSHOT.jar
[INFO] Installing /home/travis/build/square/retrofit/retrofit-mock/pom.xml to /home/travis/.m2/repository/com/squareup/retrofit/retrofit-mock/2.0.0-SNAPSHOT/retrofit-mock-2.0.0-SNAPSHOT.pom
[INFO]                                                                         
[INFO] ------------------------------------------------------------------------
[INFO] Building Adapter: RxJava Mock 2.0.0-SNAPSHOT
[INFO] ------------------------------------------------------------------------
[INFO] 
[INFO] --- maven-enforcer-plugin:1.0:enforce (enforce-maven) @ adapter-rxjava-mock ---
[INFO] 
[INFO] --- maven-resources-plugin:2.6:resources (default-resources) @ adapter-rxjava-mock ---
[INFO] Using 'UTF-8' encoding to copy filtered resources.
[INFO] skip non existing resourceDirectory /home/travis/build/square/retrofit/retrofit-adapters/rxjava-mock/src/main/resources
[INFO] 
[INFO] --- maven-compiler-plugin:3.0:compile (default-compile) @ adapter-rxjava-mock ---
[INFO] Changes detected - recompiling the module!
[INFO] Compiling 1 source file to /home/travis/build/square/retrofit/retrofit-adapters/rxjava-mock/target/classes
[INFO] 
[INFO] --- maven-resources-plugin:2.6:testResources (default-testResources) @ adapter-rxjava-mock ---
[INFO] Using 'UTF-8' encoding to copy filtered resources.
[INFO] skip non existing resourceDirectory /home/travis/build/square/retrofit/retrofit-adapters/rxjava-mock/src/test/resources
[INFO] 
[INFO] --- maven-compiler-plugin:3.0:testCompile (default-testCompile) @ adapter-rxjava-mock ---
[INFO] Changes detected - recompiling the module!
[INFO] Compiling 1 source file to /home/travis/build/square/retrofit/retrofit-adapters/rxjava-mock/target/test-classes
[INFO] 
[INFO] --- maven-surefire-plugin:2.12.4:test (default-test) @ adapter-rxjava-mock ---
[INFO] Tests are skipped.
[INFO] 
[INFO] --- maven-jar-plugin:2.4:jar (default-jar) @ adapter-rxjava-mock ---
[INFO] Building jar: /home/travis/build/square/retrofit/retrofit-adapters/rxjava-mock/target/adapter-rxjava-mock-2.0.0-SNAPSHOT.jar
[INFO] 
[INFO] --- maven-checkstyle-plugin:2.15:checkstyle (default) @ adapter-rxjava-mock ---
[INFO] Starting audit...
Audit done.
[WARNING] Unable to locate Source XRef to link to - DISABLED
[INFO] 
[INFO] --- maven-install-plugin:2.4:install (default-install) @ adapter-rxjava-mock ---
[INFO] Installing /home/travis/build/square/retrofit/retrofit-adapters/rxjava-mock/target/adapter-rxjava-mock-2.0.0-SNAPSHOT.jar to /home/travis/.m2/repository/com/squareup/retrofit/adapter-rxjava-mock/2.0.0-SNAPSHOT/adapter-rxjava-mock-2.0.0-SNAPSHOT.jar
[INFO] Installing /home/travis/build/square/retrofit/retrofit-adapters/rxjava-mock/pom.xml to /home/travis/.m2/repository/com/squareup/retrofit/adapter-rxjava-mock/2.0.0-SNAPSHOT/adapter-rxjava-mock-2.0.0-SNAPSHOT.pom
[INFO]                                                                         
[INFO] ------------------------------------------------------------------------
[INFO] Building Converters 2.0.0-SNAPSHOT
[INFO] ------------------------------------------------------------------------
[INFO] 
[INFO] --- maven-enforcer-plugin:1.0:enforce (enforce-maven) @ retrofit-converters ---
[INFO] 
[INFO] --- maven-checkstyle-plugin:2.15:checkstyle (default) @ retrofit-converters ---
[INFO] 
[INFO] --- maven-install-plugin:2.4:install (default-install) @ retrofit-converters ---
[INFO] Installing /home/travis/build/square/retrofit/retrofit-converters/pom.xml to /home/travis/.m2/repository/com/squareup/retrofit/retrofit-converters/2.0.0-SNAPSHOT/retrofit-converters-2.0.0-SNAPSHOT.pom
[INFO]                                                                         
[INFO] ------------------------------------------------------------------------
[INFO] Building Converter: Gson 2.0.0-SNAPSHOT
[INFO] ------------------------------------------------------------------------
[INFO] 
[INFO] --- maven-enforcer-plugin:1.0:enforce (enforce-maven) @ converter-gson ---
[INFO] 
[INFO] --- maven-resources-plugin:2.6:resources (default-resources) @ converter-gson ---
[INFO] Using 'UTF-8' encoding to copy filtered resources.
[INFO] skip non existing resourceDirectory /home/travis/build/square/retrofit/retrofit-converters/gson/src/main/resources
[INFO] 
[INFO] --- maven-compiler-plugin:3.0:compile (default-compile) @ converter-gson ---
[INFO] Changes detected - recompiling the module!
[INFO] Compiling 2 source files to /home/travis/build/square/retrofit/retrofit-converters/gson/target/classes
[INFO] 
[INFO] --- maven-resources-plugin:2.6:testResources (default-testResources) @ converter-gson ---
[INFO] Using 'UTF-8' encoding to copy filtered resources.
[INFO] skip non existing resourceDirectory /home/travis/build/square/retrofit/retrofit-converters/gson/src/test/resources
[INFO] 
[INFO] --- maven-compiler-plugin:3.0:testCompile (default-testCompile) @ converter-gson ---
[INFO] Changes detected - recompiling the module!
[INFO] Compiling 1 source file to /home/travis/build/square/retrofit/retrofit-converters/gson/target/test-classes
[INFO] 
[INFO] --- maven-surefire-plugin:2.12.4:test (default-test) @ converter-gson ---
[INFO] Tests are skipped.
[INFO] 
[INFO] --- maven-jar-plugin:2.4:jar (default-jar) @ converter-gson ---
[INFO] Building jar: /home/travis/build/square/retrofit/retrofit-converters/gson/target/converter-gson-2.0.0-SNAPSHOT.jar
[INFO] 
[INFO] --- maven-checkstyle-plugin:2.15:checkstyle (default) @ converter-gson ---
[INFO] Starting audit...
Audit done.
[WARNING] Unable to locate Source XRef to link to - DISABLED
[INFO] 
[INFO] --- maven-install-plugin:2.4:install (default-install) @ converter-gson ---
[INFO] Installing /home/travis/build/square/retrofit/retrofit-converters/gson/target/converter-gson-2.0.0-SNAPSHOT.jar to /home/travis/.m2/repository/com/squareup/retrofit/converter-gson/2.0.0-SNAPSHOT/converter-gson-2.0.0-SNAPSHOT.jar
[INFO] Installing /home/travis/build/square/retrofit/retrofit-converters/gson/pom.xml to /home/travis/.m2/repository/com/squareup/retrofit/converter-gson/2.0.0-SNAPSHOT/converter-gson-2.0.0-SNAPSHOT.pom
[INFO]                                                                         
[INFO] ------------------------------------------------------------------------
[INFO] Building Converter: Protocol Buffers 2.0.0-SNAPSHOT
[INFO] ------------------------------------------------------------------------
[INFO] 
[INFO] --- maven-enforcer-plugin:1.0:enforce (enforce-maven) @ converter-protobuf ---
[INFO] 
[INFO] --- maven-resources-plugin:2.6:resources (default-resources) @ converter-protobuf ---
[INFO] Using 'UTF-8' encoding to copy filtered resources.
[INFO] skip non existing resourceDirectory /home/travis/build/square/retrofit/retrofit-converters/protobuf/src/main/resources
[INFO] 
[INFO] --- maven-compiler-plugin:3.0:compile (default-compile) @ converter-protobuf ---
[INFO] Changes detected - recompiling the module!
[INFO] Compiling 2 source files to /home/travis/build/square/retrofit/retrofit-converters/protobuf/target/classes
[WARNING] /home/travis/build/square/retrofit/retrofit-converters/protobuf/src/main/java/retrofit/ProtoConverterFactory.java: /home/travis/build/square/retrofit/retrofit-converters/protobuf/src/main/java/retrofit/ProtoConverterFactory.java uses unchecked or unsafe operations.
[WARNING] /home/travis/build/square/retrofit/retrofit-converters/protobuf/src/main/java/retrofit/ProtoConverterFactory.java: Recompile with -Xlint:unchecked for details.
[INFO] 
[INFO] --- maven-resources-plugin:2.6:testResources (default-testResources) @ converter-protobuf ---
[INFO] Using 'UTF-8' encoding to copy filtered resources.
[INFO] skip non existing resourceDirectory /home/travis/build/square/retrofit/retrofit-converters/protobuf/src/test/resources
[INFO] 
[INFO] --- maven-compiler-plugin:3.0:testCompile (default-testCompile) @ converter-protobuf ---
[INFO] Changes detected - recompiling the module!
[INFO] Compiling 2 source files to /home/travis/build/square/retrofit/retrofit-converters/protobuf/target/test-classes
[INFO] 
[INFO] --- maven-surefire-plugin:2.12.4:test (default-test) @ converter-protobuf ---
[INFO] Tests are skipped.
[INFO] 
[INFO] --- maven-jar-plugin:2.4:jar (default-jar) @ converter-protobuf ---
[INFO] Building jar: /home/travis/build/square/retrofit/retrofit-converters/protobuf/target/converter-protobuf-2.0.0-SNAPSHOT.jar
[INFO] 
[INFO] --- maven-checkstyle-plugin:2.15:checkstyle (default) @ converter-protobuf ---
[INFO] Starting audit...
Audit done.
[WARNING] Unable to locate Source XRef to link to - DISABLED
[INFO] 
[INFO] --- maven-install-plugin:2.4:install (default-install) @ converter-protobuf ---
[INFO] Installing /home/travis/build/square/retrofit/retrofit-converters/protobuf/target/converter-protobuf-2.0.0-SNAPSHOT.jar to /home/travis/.m2/repository/com/squareup/retrofit/converter-protobuf/2.0.0-SNAPSHOT/converter-protobuf-2.0.0-SNAPSHOT.jar
[INFO] Installing /home/travis/build/square/retrofit/retrofit-converters/protobuf/pom.xml to /home/travis/.m2/repository/com/squareup/retrofit/converter-protobuf/2.0.0-SNAPSHOT/converter-protobuf-2.0.0-SNAPSHOT.pom
[INFO]                                                                         
[INFO] ------------------------------------------------------------------------
[INFO] Building Converter: Jackson 2.0.0-SNAPSHOT
[INFO] ------------------------------------------------------------------------
[INFO] 
[INFO] --- maven-enforcer-plugin:1.0:enforce (enforce-maven) @ converter-jackson ---
[INFO] 
[INFO] --- maven-resources-plugin:2.6:resources (default-resources) @ converter-jackson ---
[INFO] Using 'UTF-8' encoding to copy filtered resources.
[INFO] skip non existing resourceDirectory /home/travis/build/square/retrofit/retrofit-converters/jackson/src/main/resources
[INFO] 
[INFO] --- maven-compiler-plugin:3.0:compile (default-compile) @ converter-jackson ---
[INFO] Changes detected - recompiling the module!
[INFO] Compiling 2 source files to /home/travis/build/square/retrofit/retrofit-converters/jackson/target/classes
[INFO] 
[INFO] --- maven-resources-plugin:2.6:testResources (default-testResources) @ converter-jackson ---
[INFO] Using 'UTF-8' encoding to copy filtered resources.
[INFO] skip non existing resourceDirectory /home/travis/build/square/retrofit/retrofit-converters/jackson/src/test/resources
[INFO] 
[INFO] --- maven-compiler-plugin:3.0:testCompile (default-testCompile) @ converter-jackson ---
[INFO] Changes detected - recompiling the module!
[INFO] Compiling 1 source file to /home/travis/build/square/retrofit/retrofit-converters/jackson/target/test-classes
[INFO] 
[INFO] --- maven-surefire-plugin:2.12.4:test (default-test) @ converter-jackson ---
[INFO] Tests are skipped.
[INFO] 
[INFO] --- maven-jar-plugin:2.4:jar (default-jar) @ converter-jackson ---
[INFO] Building jar: /home/travis/build/square/retrofit/retrofit-converters/jackson/target/converter-jackson-2.0.0-SNAPSHOT.jar
[INFO] 
[INFO] --- maven-checkstyle-plugin:2.15:checkstyle (default) @ converter-jackson ---
[INFO] Starting audit...
Audit done.
[WARNING] Unable to locate Source XRef to link to - DISABLED
[INFO] 
[INFO] --- maven-install-plugin:2.4:install (default-install) @ converter-jackson ---
[INFO] Installing /home/travis/build/square/retrofit/retrofit-converters/jackson/target/converter-jackson-2.0.0-SNAPSHOT.jar to /home/travis/.m2/repository/com/squareup/retrofit/converter-jackson/2.0.0-SNAPSHOT/converter-jackson-2.0.0-SNAPSHOT.jar
[INFO] Installing /home/travis/build/square/retrofit/retrofit-converters/jackson/pom.xml to /home/travis/.m2/repository/com/squareup/retrofit/converter-jackson/2.0.0-SNAPSHOT/converter-jackson-2.0.0-SNAPSHOT.pom
[INFO]                                                                         
[INFO] ------------------------------------------------------------------------
[INFO] Building Converter: Wire Protocol Buffers 2.0.0-SNAPSHOT
[INFO] ------------------------------------------------------------------------
[INFO] 
[INFO] --- maven-enforcer-plugin:1.0:enforce (enforce-maven) @ converter-wire ---
[INFO] 
[INFO] --- maven-resources-plugin:2.6:resources (default-resources) @ converter-wire ---
[INFO] Using 'UTF-8' encoding to copy filtered resources.
[INFO] skip non existing resourceDirectory /home/travis/build/square/retrofit/retrofit-converters/wire/src/main/resources
[INFO] 
[INFO] --- maven-compiler-plugin:3.0:compile (default-compile) @ converter-wire ---
[INFO] Changes detected - recompiling the module!
[INFO] Compiling 2 source files to /home/travis/build/square/retrofit/retrofit-converters/wire/target/classes
[WARNING] /home/travis/build/square/retrofit/retrofit-converters/wire/src/main/java/retrofit/WireConverterFactory.java: /home/travis/build/square/retrofit/retrofit-converters/wire/src/main/java/retrofit/WireConverterFactory.java uses unchecked or unsafe operations.
[WARNING] /home/travis/build/square/retrofit/retrofit-converters/wire/src/main/java/retrofit/WireConverterFactory.java: Recompile with -Xlint:unchecked for details.
[INFO] 
[INFO] --- maven-resources-plugin:2.6:testResources (default-testResources) @ converter-wire ---
[INFO] Using 'UTF-8' encoding to copy filtered resources.
[INFO] skip non existing resourceDirectory /home/travis/build/square/retrofit/retrofit-converters/wire/src/test/resources
[INFO] 
[INFO] --- maven-compiler-plugin:3.0:testCompile (default-testCompile) @ converter-wire ---
[INFO] Changes detected - recompiling the module!
[INFO] Compiling 2 source files to /home/travis/build/square/retrofit/retrofit-converters/wire/target/test-classes
[INFO] 
[INFO] --- maven-surefire-plugin:2.12.4:test (default-test) @ converter-wire ---
[INFO] Tests are skipped.
[INFO] 
[INFO] --- maven-jar-plugin:2.4:jar (default-jar) @ converter-wire ---
[INFO] Building jar: /home/travis/build/square/retrofit/retrofit-converters/wire/target/converter-wire-2.0.0-SNAPSHOT.jar
[INFO] 
[INFO] --- maven-checkstyle-plugin:2.15:checkstyle (default) @ converter-wire ---
[INFO] Starting audit...
Audit done.
[WARNING] Unable to locate Source XRef to link to - DISABLED
[INFO] 
[INFO] --- maven-install-plugin:2.4:install (default-install) @ converter-wire ---
[INFO] Installing /home/travis/build/square/retrofit/retrofit-converters/wire/target/converter-wire-2.0.0-SNAPSHOT.jar to /home/travis/.m2/repository/com/squareup/retrofit/converter-wire/2.0.0-SNAPSHOT/converter-wire-2.0.0-SNAPSHOT.jar
[INFO] Installing /home/travis/build/square/retrofit/retrofit-converters/wire/pom.xml to /home/travis/.m2/repository/com/squareup/retrofit/converter-wire/2.0.0-SNAPSHOT/converter-wire-2.0.0-SNAPSHOT.pom
[INFO]                                                                         
[INFO] ------------------------------------------------------------------------
[INFO] Building Converter: SimpleXML 2.0.0-SNAPSHOT
[INFO] ------------------------------------------------------------------------
[INFO] 
[INFO] --- maven-enforcer-plugin:1.0:enforce (enforce-maven) @ converter-simplexml ---
[INFO] 
[INFO] --- maven-resources-plugin:2.6:resources (default-resources) @ converter-simplexml ---
[INFO] Using 'UTF-8' encoding to copy filtered resources.
[INFO] skip non existing resourceDirectory /home/travis/build/square/retrofit/retrofit-converters/simplexml/src/main/resources
[INFO] 
[INFO] --- maven-compiler-plugin:3.0:compile (default-compile) @ converter-simplexml ---
[INFO] Changes detected - recompiling the module!
[INFO] Compiling 2 source files to /home/travis/build/square/retrofit/retrofit-converters/simplexml/target/classes
[INFO] 
[INFO] --- maven-resources-plugin:2.6:testResources (default-testResources) @ converter-simplexml ---
[INFO] Using 'UTF-8' encoding to copy filtered resources.
[INFO] skip non existing resourceDirectory /home/travis/build/square/retrofit/retrofit-converters/simplexml/src/test/resources
[INFO] 
[INFO] --- maven-compiler-plugin:3.0:testCompile (default-testCompile) @ converter-simplexml ---
[INFO] Changes detected - recompiling the module!
[INFO] Compiling 2 source files to /home/travis/build/square/retrofit/retrofit-converters/simplexml/target/test-classes
[INFO] 
[INFO] --- maven-surefire-plugin:2.12.4:test (default-test) @ converter-simplexml ---
[INFO] Tests are skipped.
[INFO] 
[INFO] --- maven-jar-plugin:2.4:jar (default-jar) @ converter-simplexml ---
[INFO] Building jar: /home/travis/build/square/retrofit/retrofit-converters/simplexml/target/converter-simplexml-2.0.0-SNAPSHOT.jar
[INFO] 
[INFO] --- maven-checkstyle-plugin:2.15:checkstyle (default) @ converter-simplexml ---
[INFO] Starting audit...
Audit done.
[WARNING] Unable to locate Source XRef to link to - DISABLED
[INFO] 
[INFO] --- maven-install-plugin:2.4:install (default-install) @ converter-simplexml ---
[INFO] Installing /home/travis/build/square/retrofit/retrofit-converters/simplexml/target/converter-simplexml-2.0.0-SNAPSHOT.jar to /home/travis/.m2/repository/com/squareup/retrofit/converter-simplexml/2.0.0-SNAPSHOT/converter-simplexml-2.0.0-SNAPSHOT.jar
[INFO] Installing /home/travis/build/square/retrofit/retrofit-converters/simplexml/pom.xml to /home/travis/.m2/repository/com/squareup/retrofit/converter-simplexml/2.0.0-SNAPSHOT/converter-simplexml-2.0.0-SNAPSHOT.pom
[INFO]                                                                         
[INFO] ------------------------------------------------------------------------
[INFO] Building Converter: Moshi 2.0.0-SNAPSHOT
[INFO] ------------------------------------------------------------------------
[INFO] 
[INFO] --- maven-enforcer-plugin:1.0:enforce (enforce-maven) @ converter-moshi ---
[INFO] 
[INFO] --- maven-resources-plugin:2.6:resources (default-resources) @ converter-moshi ---
[INFO] Using 'UTF-8' encoding to copy filtered resources.
[INFO] skip non existing resourceDirectory /home/travis/build/square/retrofit/retrofit-converters/moshi/src/main/resources
[INFO] 
[INFO] --- maven-compiler-plugin:3.0:compile (default-compile) @ converter-moshi ---
[INFO] Changes detected - recompiling the module!
[INFO] Compiling 2 source files to /home/travis/build/square/retrofit/retrofit-converters/moshi/target/classes
[INFO] 
[INFO] --- maven-resources-plugin:2.6:testResources (default-testResources) @ converter-moshi ---
[INFO] Using 'UTF-8' encoding to copy filtered resources.
[INFO] skip non existing resourceDirectory /home/travis/build/square/retrofit/retrofit-converters/moshi/src/test/resources
[INFO] 
[INFO] --- maven-compiler-plugin:3.0:testCompile (default-testCompile) @ converter-moshi ---
[INFO] Changes detected - recompiling the module!
[INFO] Compiling 1 source file to /home/travis/build/square/retrofit/retrofit-converters/moshi/target/test-classes
[INFO] 
[INFO] --- maven-surefire-plugin:2.12.4:test (default-test) @ converter-moshi ---
[INFO] Tests are skipped.
[INFO] 
[INFO] --- maven-jar-plugin:2.4:jar (default-jar) @ converter-moshi ---
[INFO] Building jar: /home/travis/build/square/retrofit/retrofit-converters/moshi/target/converter-moshi-2.0.0-SNAPSHOT.jar
[INFO] 
[INFO] --- maven-checkstyle-plugin:2.15:checkstyle (default) @ converter-moshi ---
[INFO] Starting audit...
Audit done.
[WARNING] Unable to locate Source XRef to link to - DISABLED
[INFO] 
[INFO] --- maven-install-plugin:2.4:install (default-install) @ converter-moshi ---
[INFO] Installing /home/travis/build/square/retrofit/retrofit-converters/moshi/target/converter-moshi-2.0.0-SNAPSHOT.jar to /home/travis/.m2/repository/com/squareup/retrofit/converter-moshi/2.0.0-SNAPSHOT/converter-moshi-2.0.0-SNAPSHOT.jar
[INFO] Installing /home/travis/build/square/retrofit/retrofit-converters/moshi/pom.xml to /home/travis/.m2/repository/com/squareup/retrofit/converter-moshi/2.0.0-SNAPSHOT/converter-moshi-2.0.0-SNAPSHOT.pom
[INFO]                                                                         
[INFO] ------------------------------------------------------------------------
[INFO] Building Samples 2.0.0-SNAPSHOT
[INFO] ------------------------------------------------------------------------
[INFO] 
[INFO] --- maven-enforcer-plugin:1.0:enforce (enforce-maven) @ samples ---
[INFO] 
[INFO] --- maven-resources-plugin:2.6:resources (default-resources) @ samples ---
[INFO] Using 'UTF-8' encoding to copy filtered resources.
[INFO] skip non existing resourceDirectory /home/travis/build/square/retrofit/samples/src/main/resources
[INFO] 
[INFO] --- maven-compiler-plugin:3.0:compile (default-compile) @ samples ---
[INFO] Changes detected - recompiling the module!
[INFO] Compiling 3 source files to /home/travis/build/square/retrofit/samples/target/classes
[INFO] 
[INFO] --- maven-resources-plugin:2.6:testResources (default-testResources) @ samples ---
[INFO] Using 'UTF-8' encoding to copy filtered resources.
[INFO] skip non existing resourceDirectory /home/travis/build/square/retrofit/samples/src/test/resources
[INFO] 
[INFO] --- maven-compiler-plugin:3.0:testCompile (default-testCompile) @ samples ---
[INFO] No sources to compile
[INFO] 
[INFO] --- maven-surefire-plugin:2.12.4:test (default-test) @ samples ---
[INFO] Tests are skipped.
[INFO] 
[INFO] --- maven-jar-plugin:2.4:jar (default-jar) @ samples ---
[INFO] Building jar: /home/travis/build/square/retrofit/samples/target/samples-2.0.0-SNAPSHOT.jar
[INFO] 
[INFO] --- maven-checkstyle-plugin:2.15:checkstyle (default) @ samples ---
[INFO] Starting audit...
Audit done.
[WARNING] Unable to locate Source XRef to link to - DISABLED
[INFO] 
[INFO] --- maven-install-plugin:2.4:install (default-install) @ samples ---
[INFO] Installing /home/travis/build/square/retrofit/samples/target/samples-2.0.0-SNAPSHOT.jar to /home/travis/.m2/repository/com/squareup/retrofit/samples/2.0.0-SNAPSHOT/samples-2.0.0-SNAPSHOT.jar
[INFO] Installing /home/travis/build/square/retrofit/samples/pom.xml to /home/travis/.m2/repository/com/squareup/retrofit/samples/2.0.0-SNAPSHOT/samples-2.0.0-SNAPSHOT.pom
[INFO] ------------------------------------------------------------------------
[INFO] Reactor Summary:
[INFO] 
[INFO] Retrofit (Parent) .................................. SUCCESS [  2.867 s]
[INFO] Retrofit ........................................... SUCCESS [  8.971 s]
[INFO] Adapters ........................................... SUCCESS [  0.016 s]
[INFO] Adapter: RxJava .................................... SUCCESS [  1.160 s]
[INFO] Retrofit Mock Adapter .............................. SUCCESS [  1.063 s]
[INFO] Adapter: RxJava Mock ............................... SUCCESS [  0.908 s]
[INFO] Converters ......................................... SUCCESS [  0.014 s]
[INFO] Converter: Gson .................................... SUCCESS [  0.885 s]
[INFO] Converter: Protocol Buffers ........................ SUCCESS [  0.926 s]
[INFO] Converter: Jackson ................................. SUCCESS [  0.724 s]
[INFO] Converter: Wire Protocol Buffers ................... SUCCESS [  0.655 s]
[INFO] Converter: SimpleXML ............................... SUCCESS [  0.700 s]
[INFO] Converter: Moshi ................................... SUCCESS [  0.385 s]
[INFO] Samples ............................................ SUCCESS [  0.362 s]
[INFO] ------------------------------------------------------------------------
[INFO] BUILD SUCCESS
[INFO] ------------------------------------------------------------------------
[INFO] Total time: 20.077 s
[INFO] Finished at: 2015-07-24T19:08:52+00:00
[INFO] Final Memory: 38M/447M
[INFO] ------------------------------------------------------------------------
travis_time:end:0288d7ac:start=1437764910873050414,finish=1437764933313571688,duration=22440521274[0Ktravis_fold:end:install[0Ktravis_time:start:13726530[0K$ mvn test -B
[INFO] Scanning for projects...
[WARNING] 
[WARNING] Some problems were encountered while building the effective model for com.squareup.retrofit:samples:jar:2.0.0-SNAPSHOT
[WARNING] 'build.plugins.plugin.version' for org.apache.maven.plugins:maven-deploy-plugin is missing. @ com.squareup.retrofit:samples:[unknown-version], /home/travis/build/square/retrofit/samples/pom.xml, line 36, column 15
[WARNING] 
[WARNING] It is highly recommended to fix these problems because they threaten the stability of your build.
[WARNING] 
[WARNING] For this reason, future Maven versions might no longer support building such malformed projects.
[WARNING] 
[INFO] ------------------------------------------------------------------------
[INFO] Reactor Build Order:
[INFO] 
[INFO] Retrofit (Parent)
[INFO] Retrofit
[INFO] Adapters
[INFO] Adapter: RxJava
[INFO] Retrofit Mock Adapter
[INFO] Adapter: RxJava Mock
[INFO] Converters
[INFO] Converter: Gson
[INFO] Converter: Protocol Buffers
[INFO] Converter: Jackson
[INFO] Converter: Wire Protocol Buffers
[INFO] Converter: SimpleXML
[INFO] Converter: Moshi
[INFO] Samples
[INFO]                                                                         
[INFO] ------------------------------------------------------------------------
[INFO] Building Retrofit (Parent) 2.0.0-SNAPSHOT
[INFO] ------------------------------------------------------------------------
[INFO] 
[INFO] --- maven-enforcer-plugin:1.0:enforce (enforce-maven) @ parent ---
[INFO]                                                                         
[INFO] ------------------------------------------------------------------------
[INFO] Building Retrofit 2.0.0-SNAPSHOT
[INFO] ------------------------------------------------------------------------
[INFO] Downloading: https://repository.apache.org/snapshots/com/squareup/okhttp/okhttp/2.5.0-SNAPSHOT/maven-metadata.xml
[INFO] Downloading: https://repository.apache.org/snapshots/com/squareup/okhttp/parent/2.5.0-SNAPSHOT/maven-metadata.xml
[INFO] Downloading: https://repository.apache.org/snapshots/com/squareup/okhttp/mockwebserver/2.5.0-SNAPSHOT/maven-metadata.xml
[INFO] Downloading: https://repository.apache.org/snapshots/com/squareup/okhttp/okhttp-ws/2.5.0-SNAPSHOT/maven-metadata.xml
[INFO] 
[INFO] --- maven-enforcer-plugin:1.0:enforce (enforce-maven) @ retrofit ---
[INFO] 
[INFO] --- maven-resources-plugin:2.6:resources (default-resources) @ retrofit ---
[INFO] Using 'UTF-8' encoding to copy filtered resources.
[INFO] skip non existing resourceDirectory /home/travis/build/square/retrofit/retrofit/src/main/resources
[INFO] 
[INFO] --- maven-compiler-plugin:3.0:compile (default-compile) @ retrofit ---
[INFO] Changes detected - recompiling the module!
[INFO] Compiling 44 source files to /home/travis/build/square/retrofit/retrofit/target/classes
[WARNING] /home/travis/build/square/retrofit/retrofit/src/main/java/retrofit/RequestBuilderAction.java: /home/travis/build/square/retrofit/retrofit/src/main/java/retrofit/RequestBuilderAction.java uses unchecked or unsafe operations.
[WARNING] /home/travis/build/square/retrofit/retrofit/src/main/java/retrofit/RequestBuilderAction.java: Recompile with -Xlint:unchecked for details.
[INFO] 
[INFO] --- maven-resources-plugin:2.6:testResources (default-testResources) @ retrofit ---
[INFO] Using 'UTF-8' encoding to copy filtered resources.
[INFO] skip non existing resourceDirectory /home/travis/build/square/retrofit/retrofit/src/test/resources
[INFO] 
[INFO] --- maven-compiler-plugin:3.0:testCompile (default-testCompile) @ retrofit ---
[INFO] Changes detected - recompiling the module!
[INFO] Compiling 7 source files to /home/travis/build/square/retrofit/retrofit/target/test-classes
[INFO] 
[INFO] --- maven-surefire-plugin:2.12.4:test (default-test) @ retrofit ---
[INFO] Surefire report directory: /home/travis/build/square/retrofit/retrofit/target/surefire-reports

-------------------------------------------------------
 T E S T S
-------------------------------------------------------
Running retrofit.RequestFactoryParserTest
Tests run: 1, Failures: 0, Errors: 0, Skipped: 0, Time elapsed: 0.112 sec
Running retrofit.RequestBuilderTest
Tests run: 97, Failures: 0, Errors: 0, Skipped: 2, Time elapsed: 0.369 sec
Running retrofit.ExecutorCallAdapterFactoryTest
Tests run: 8, Failures: 0, Errors: 0, Skipped: 0, Time elapsed: 0.28 sec
Running retrofit.RetrofitTest
Tests run: 1, Failures: 0, Errors: 1, Skipped: 0, Time elapsed: 0.008 sec <<< FAILURE!
initializationError(retrofit.RetrofitTest)  Time elapsed: 0 sec  <<< ERROR!
org.junit.internal.runners.rules.ValidationError: The @Rule 'server' must implement MethodRule or TestRule.
	at org.junit.internal.runners.rules.RuleMemberValidator$FieldMustBeARule.validate(RuleMemberValidator.java:234)
	at org.junit.internal.runners.rules.RuleMemberValidator.validateMember(RuleMemberValidator.java:99)
	at org.junit.internal.runners.rules.RuleMemberValidator.validate(RuleMemberValidator.java:93)
	at org.junit.runners.BlockJUnit4ClassRunner.validateFields(BlockJUnit4ClassRunner.java:196)
	at org.junit.runners.BlockJUnit4ClassRunner.collectInitializationErrors(BlockJUnit4ClassRunner.java:129)
	at org.junit.runners.ParentRunner.validate(ParentRunner.java:416)
	at org.junit.runners.ParentRunner.<init>(ParentRunner.java:84)
	at org.junit.runners.BlockJUnit4ClassRunner.<init>(BlockJUnit4ClassRunner.java:65)
	at org.junit.internal.builders.JUnit4Builder.runnerForClass(JUnit4Builder.java:10)
	at org.junit.runners.model.RunnerBuilder.safeRunnerForClass(RunnerBuilder.java:59)
	at org.junit.internal.builders.AllDefaultPossibilitiesBuilder.runnerForClass(AllDefaultPossibilitiesBuilder.java:26)
	at org.junit.runners.model.RunnerBuilder.safeRunnerForClass(RunnerBuilder.java:59)
	at org.junit.internal.requests.ClassRequest.getRunner(ClassRequest.java:33)
	at org.apache.maven.surefire.junit4.JUnit4Provider.execute(JUnit4Provider.java:250)
	at org.apache.maven.surefire.junit4.JUnit4Provider.executeTestSet(JUnit4Provider.java:141)
	at org.apache.maven.surefire.junit4.JUnit4Provider.invoke(JUnit4Provider.java:112)
	at sun.reflect.NativeMethodAccessorImpl.invoke0(Native Method)
	at sun.reflect.NativeMethodAccessorImpl.invoke(NativeMethodAccessorImpl.java:57)
	at sun.reflect.DelegatingMethodAccessorImpl.invoke(DelegatingMethodAccessorImpl.java:43)
	at java.lang.reflect.Method.invoke(Method.java:606)
	at org.apache.maven.surefire.util.ReflectionUtils.invokeMethodWithArray(ReflectionUtils.java:189)
	at org.apache.maven.surefire.booter.ProviderFactory$ProviderProxy.invoke(ProviderFactory.java:165)
	at org.apache.maven.surefire.booter.ProviderFactory.invokeProvider(ProviderFactory.java:85)
	at org.apache.maven.surefire.booter.ForkedBooter.runSuitesInProcess(ForkedBooter.java:115)
	at org.apache.maven.surefire.booter.ForkedBooter.main(ForkedBooter.java:75)

Running retrofit.CallTest
Tests run: 1, Failures: 0, Errors: 1, Skipped: 0, Time elapsed: 0 sec <<< FAILURE!
initializationError(retrofit.CallTest)  Time elapsed: 0 sec  <<< ERROR!
org.junit.internal.runners.rules.ValidationError: The @Rule 'server' must implement MethodRule or TestRule.
	at org.junit.internal.runners.rules.RuleMemberValidator$FieldMustBeARule.validate(RuleMemberValidator.java:234)
	at org.junit.internal.runners.rules.RuleMemberValidator.validateMember(RuleMemberValidator.java:99)
	at org.junit.internal.runners.rules.RuleMemberValidator.validate(RuleMemberValidator.java:93)
	at org.junit.runners.BlockJUnit4ClassRunner.validateFields(BlockJUnit4ClassRunner.java:196)
	at org.junit.runners.BlockJUnit4ClassRunner.collectInitializationErrors(BlockJUnit4ClassRunner.java:129)
	at org.junit.runners.ParentRunner.validate(ParentRunner.java:416)
	at org.junit.runners.ParentRunner.<init>(ParentRunner.java:84)
	at org.junit.runners.BlockJUnit4ClassRunner.<init>(BlockJUnit4ClassRunner.java:65)
	at org.junit.internal.builders.JUnit4Builder.runnerForClass(JUnit4Builder.java:10)
	at org.junit.runners.model.RunnerBuilder.safeRunnerForClass(RunnerBuilder.java:59)
	at org.junit.internal.builders.AllDefaultPossibilitiesBuilder.runnerForClass(AllDefaultPossibilitiesBuilder.java:26)
	at org.junit.runners.model.RunnerBuilder.safeRunnerForClass(RunnerBuilder.java:59)
	at org.junit.internal.requests.ClassRequest.getRunner(ClassRequest.java:33)
	at org.apache.maven.surefire.junit4.JUnit4Provider.execute(JUnit4Provider.java:250)
	at org.apache.maven.surefire.junit4.JUnit4Provider.executeTestSet(JUnit4Provider.java:141)
	at org.apache.maven.surefire.junit4.JUnit4Provider.invoke(JUnit4Provider.java:112)
	at sun.reflect.NativeMethodAccessorImpl.invoke0(Native Method)
	at sun.reflect.NativeMethodAccessorImpl.invoke(NativeMethodAccessorImpl.java:57)
	at sun.reflect.DelegatingMethodAccessorImpl.invoke(DelegatingMethodAccessorImpl.java:43)
	at java.lang.reflect.Method.invoke(Method.java:606)
	at org.apache.maven.surefire.util.ReflectionUtils.invokeMethodWithArray(ReflectionUtils.java:189)
	at org.apache.maven.surefire.booter.ProviderFactory$ProviderProxy.invoke(ProviderFactory.java:165)
	at org.apache.maven.surefire.booter.ProviderFactory.invokeProvider(ProviderFactory.java:85)
	at org.apache.maven.surefire.booter.ForkedBooter.runSuitesInProcess(ForkedBooter.java:115)
	at org.apache.maven.surefire.booter.ForkedBooter.main(ForkedBooter.java:75)


Results :

Tests in error: 
  initializationError(retrofit.RetrofitTest): The @Rule 'server' must implement MethodRule or TestRule.
  initializationError(retrofit.CallTest): The @Rule 'server' must implement MethodRule or TestRule.

Tests run: 108, Failures: 0, Errors: 2, Skipped: 2

[INFO] ------------------------------------------------------------------------
[INFO] Reactor Summary:
[INFO] 
[INFO] Retrofit (Parent) .................................. SUCCESS [  0.525 s]
[INFO] Retrofit ........................................... FAILURE [  7.709 s]
[INFO] Adapters ........................................... SKIPPED
[INFO] Adapter: RxJava .................................... SKIPPED
[INFO] Retrofit Mock Adapter .............................. SKIPPED
[INFO] Adapter: RxJava Mock ............................... SKIPPED
[INFO] Converters ......................................... SKIPPED
[INFO] Converter: Gson .................................... SKIPPED
[INFO] Converter: Protocol Buffers ........................ SKIPPED
[INFO] Converter: Jackson ................................. SKIPPED
[INFO] Converter: Wire Protocol Buffers ................... SKIPPED
[INFO] Converter: SimpleXML ............................... SKIPPED
[INFO] Converter: Moshi ................................... SKIPPED
[INFO] Samples ............................................ SKIPPED
[INFO] ------------------------------------------------------------------------
[INFO] BUILD FAILURE
[INFO] ------------------------------------------------------------------------
[INFO] Total time: 8.669 s
[INFO] Finished at: 2015-07-24T19:09:03+00:00
[INFO] Final Memory: 20M/465M
[INFO] ------------------------------------------------------------------------
[ERROR] Failed to execute goal org.apache.maven.plugins:maven-surefire-plugin:2.12.4:test (default-test) on project retrofit: There are test failures.
[ERROR] 
[ERROR] Please refer to /home/travis/build/square/retrofit/retrofit/target/surefire-reports for the individual test results.
[ERROR] -> [Help 1]
[ERROR] 
[ERROR] To see the full stack trace of the errors, re-run Maven with the -e switch.
[ERROR] Re-run Maven using the -X switch to enable full debug logging.
[ERROR] 
[ERROR] For more information about the errors and possible solutions, please read the following articles:
[ERROR] [Help 1] http://cwiki.apache.org/confluence/display/MAVEN/MojoFailureException
[ERROR] 
[ERROR] After correcting the problems, you can resume the build with the command
[ERROR]   mvn <goals> -rf :retrofit
travis_time:end:13726530:start=1437764933317377421,finish=1437764944121663820,duration=10804286399[0K
[31;1mThe command "mvn test -B" exited with 1.[0m
travis_fold:start:cache.2[0Kstore build cache
travis_time:start:02b7c8e6[0Kchange detected:
/home/travis/.m2/repository/com/squareup/okhttp/mockwebserver/2.5.0-SNAPSHOT/resolver-status.properties
/home/travis/.m2/repository/com/squareup/okhttp/mockwebserver/2.5.0-SNAPSHOT/resolver-status.properties
/home/travis/.m2/repository/com/squareup/okhttp/okhttp/2.5.0-SNAPSHOT/resolver-status.properties
/home/travis/.m2/repository/com/squareup/okhttp/okhttp/2.5.0-SNAPSHOT/resolver-status.properties
/home/travis/.m2/repository/com/squareup/okhttp/okhttp-ws/2.5.0-SNAPSHOT/resolver-status.properties
/home/travis/.m2/repository/com/squareup/okhttp/okhttp-ws/2.5.0-SNAPSHOT/resolver-status.properties
/home/travis/.m2/repository/com/squareup/okhttp/parent/2.5.0-SNAPSHOT/resolver-status.properties
/home/travis/.m2/repository/com/squareup/okhttp/parent/2.5.0-SNAPSHOT/resolver-status.properties
/home/travis/.m2/repository/com/squareup/retrofit/adapter-rxjava/2.0.0-SNAPSHOT/adapter-rxjava-2.0.0-SNAPSHOT.jar
/home/travis/.m2/repository/com/squareup/retrofit/adapter-rxjava/2.0.0-SNAPSHOT/adapter-rxj
...
changes detected, packing new archive
uploading archive
travis_time:end:02b7c8e6:start=1437764944125551043,finish=1437764948468002938,duration=4342451895[0Ktravis_fold:end:cache.2[0K
Done. Your build exited with 1.
