Using worker: worker-linux-docker-463e49bf.prod.travis-ci.org:travis-linux-7

travis_fold:start:system_info[0K[33;1mBuild system information[0m
Build language: java
Build group: stable
Build dist: precise
[34m[1mBuild image provisioning date and time[0m
Thu Feb  5 15:09:33 UTC 2015
[34m[1mOperating System Details[0m
Distributor ID:	Ubuntu
Description:	Ubuntu 12.04.5 LTS
Release:	12.04
Codename:	precise
[34m[1mLinux Version[0m
3.13.0-29-generic
[34m[1mCookbooks Version[0m
a68419e https://github.com/travis-ci/travis-cookbooks/tree/a68419e
[34m[1mGCC version[0m
gcc (Ubuntu/Linaro 4.6.3-1ubuntu5) 4.6.3
Copyright (C) 2011 Free Software Foundation, Inc.
This is free software; see the source for copying conditions.  There is NO
warranty; not even for MERCHANTABILITY or FITNESS FOR A PARTICULAR PURPOSE.

[34m[1mLLVM version[0m
clang version 3.4 (tags/RELEASE_34/final)
Target: x86_64-unknown-linux-gnu
Thread model: posix
[34m[1mPre-installed Ruby versions[0m
ruby-1.9.3-p551
[34m[1mPre-installed Node.js versions[0m
v0.10.36
[34m[1mPre-installed Go versions[0m
1.4.1
[34m[1mRedis version[0m
redis-server 2.8.19
[34m[1mriak version[0m
2.0.2
[34m[1mMongoDB version[0m
MongoDB 2.4.12
[34m[1mCouchDB version[0m
couchdb 1.6.1
[34m[1mNeo4j version[0m
1.9.4
[34m[1mRabbitMQ Version[0m
3.4.3
[34m[1mElasticSearch version[0m
1.4.0
[34m[1mInstalled Sphinx versions[0m
2.0.10
2.1.9
2.2.6
[34m[1mDefault Sphinx version[0m
2.2.6
[34m[1mInstalled Firefox version[0m
firefox 31.0esr
[34m[1mPhantomJS version[0m
1.9.8
[34m[1mant -version[0m
Apache Ant(TM) version 1.8.2 compiled on December 3 2011
[34m[1mmvn -version[0m
Apache Maven 3.2.5 (12a6b3acb947671f09b81f49094c53f426d8cea1; 2014-12-14T17:29:23+00:00)
Maven home: /usr/local/maven
Java version: 1.7.0_76, vendor: Oracle Corporation
Java home: /usr/lib/jvm/java-7-oracle/jre
Default locale: en_US, platform encoding: ANSI_X3.4-1968
OS name: "linux", version: "3.13.0-29-generic", arch: "amd64", family: "unix"
travis_fold:end:system_info[0K
travis_fold:start:git.checkout[0Ktravis_time:start:1332edea[0K$ git clone --depth=50 --branch=jw/new-okhttp-apis https://github.com/square/retrofit.git square/retrofit
Cloning into 'square/retrofit'...
remote: Counting objects: 1980, done.[K
remote: Compressing objects:   0% (1/900)   [Kremote: Compressing objects:   1% (9/900)   [Kremote: Compressing objects:   2% (18/900)   [Kremote: Compressing objects:   3% (27/900)   [Kremote: Compressing objects:   4% (36/900)   [Kremote: Compressing objects:   5% (45/900)   [Kremote: Compressing objects:   6% (54/900)   [Kremote: Compressing objects:   7% (63/900)   [Kremote: Compressing objects:   8% (72/900)   [Kremote: Compressing objects:   9% (81/900)   [Kremote: Compressing objects:  10% (90/900)   [Kremote: Compressing objects:  11% (99/900)   [Kremote: Compressing objects:  12% (108/900)   [Kremote: Compressing objects:  13% (117/900)   [Kremote: Compressing objects:  14% (126/900)   [Kremote: Compressing objects:  15% (135/900)   [Kremote: Compressing objects:  16% (144/900)   [Kremote: Compressing objects:  17% (153/900)   [Kremote: Compressing objects:  18% (162/900)   [Kremote: Compressing objects:  19% (171/900)   [Kremote: Compressing objects:  20% (180/900)   [Kremote: Compressing objects:  21% (189/900)   [Kremote: Compressing objects:  22% (198/900)   [Kremote: Compressing objects:  23% (207/900)   [Kremote: Compressing objects:  24% (216/900)   [Kremote: Compressing objects:  25% (225/900)   [Kremote: Compressing objects:  26% (234/900)   [Kremote: Compressing objects:  27% (243/900)   [Kremote: Compressing objects:  28% (252/900)   [Kremote: Compressing objects:  29% (261/900)   [Kremote: Compressing objects:  30% (270/900)   [Kremote: Compressing objects:  31% (279/900)   [Kremote: Compressing objects:  32% (288/900)   [Kremote: Compressing objects:  33% (297/900)   [Kremote: Compressing objects:  34% (306/900)   [Kremote: Compressing objects:  35% (315/900)   [Kremote: Compressing objects:  36% (324/900)   [Kremote: Compressing objects:  37% (333/900)   [Kremote: Compressing objects:  38% (342/900)   [Kremote: Compressing objects:  39% (351/900)   [Kremote: Compressing objects:  40% (360/900)   [Kremote: Compressing objects:  41% (369/900)   [Kremote: Compressing objects:  42% (378/900)   [Kremote: Compressing objects:  43% (387/900)   [Kremote: Compressing objects:  44% (396/900)   [Kremote: Compressing objects:  45% (405/900)   [Kremote: Compressing objects:  46% (414/900)   [Kremote: Compressing objects:  47% (423/900)   [Kremote: Compressing objects:  48% (432/900)   [Kremote: Compressing objects:  49% (441/900)   [Kremote: Compressing objects:  50% (450/900)   [Kremote: Compressing objects:  51% (459/900)   [Kremote: Compressing objects:  52% (468/900)   [Kremote: Compressing objects:  53% (477/900)   [Kremote: Compressing objects:  54% (486/900)   [Kremote: Compressing objects:  55% (495/900)   [Kremote: Compressing objects:  56% (504/900)   [Kremote: Compressing objects:  57% (513/900)   [Kremote: Compressing objects:  58% (522/900)   [Kremote: Compressing objects:  59% (531/900)   [Kremote: Compressing objects:  60% (540/900)   [Kremote: Compressing objects:  61% (549/900)   [Kremote: Compressing objects:  62% (558/900)   [Kremote: Compressing objects:  63% (567/900)   [Kremote: Compressing objects:  64% (576/900)   [Kremote: Compressing objects:  65% (585/900)   [Kremote: Compressing objects:  66% (594/900)   [Kremote: Compressing objects:  67% (603/900)   [Kremote: Compressing objects:  68% (612/900)   [Kremote: Compressing objects:  69% (621/900)   [Kremote: Compressing objects:  70% (630/900)   [Kremote: Compressing objects:  71% (639/900)   [Kremote: Compressing objects:  72% (648/900)   [Kremote: Compressing objects:  73% (657/900)   [Kremote: Compressing objects:  74% (666/900)   [Kremote: Compressing objects:  75% (675/900)   [Kremote: Compressing objects:  76% (684/900)   [Kremote: Compressing objects:  77% (693/900)   [Kremote: Compressing objects:  78% (702/900)   [Kremote: Compressing objects:  79% (711/900)   [Kremote: Compressing objects:  80% (720/900)   [Kremote: Compressing objects:  81% (729/900)   [Kremote: Compressing objects:  82% (738/900)   [Kremote: Compressing objects:  83% (747/900)   [Kremote: Compressing objects:  84% (756/900)   [Kremote: Compressing objects:  85% (765/900)   [Kremote: Compressing objects:  86% (774/900)   [Kremote: Compressing objects:  87% (783/900)   [Kremote: Compressing objects:  88% (792/900)   [Kremote: Compressing objects:  89% (801/900)   [Kremote: Compressing objects:  90% (810/900)   [Kremote: Compressing objects:  91% (819/900)   [Kremote: Compressing objects:  92% (828/900)   [Kremote: Compressing objects:  93% (837/900)   [Kremote: Compressing objects:  94% (846/900)   [Kremote: Compressing objects:  95% (855/900)   [Kremote: Compressing objects:  96% (864/900)   [Kremote: Compressing objects:  97% (873/900)   [Kremote: Compressing objects:  98% (882/900)   [Kremote: Compressing objects:  99% (891/900)   [Kremote: Compressing objects: 100% (900/900)   [Kremote: Compressing objects: 100% (900/900), done.[K
Receiving objects:   0% (1/1980)   Receiving objects:   1% (20/1980)   Receiving objects:   2% (40/1980)   Receiving objects:   3% (60/1980)   Receiving objects:   4% (80/1980)   Receiving objects:   5% (99/1980)   Receiving objects:   6% (119/1980)   Receiving objects:   7% (139/1980)   Receiving objects:   8% (159/1980)   Receiving objects:   9% (179/1980)   Receiving objects:  10% (198/1980)   Receiving objects:  11% (218/1980)   Receiving objects:  12% (238/1980)   Receiving objects:  13% (258/1980)   Receiving objects:  14% (278/1980)   Receiving objects:  15% (297/1980)   Receiving objects:  16% (317/1980)   Receiving objects:  17% (337/1980)   Receiving objects:  18% (357/1980)   Receiving objects:  19% (377/1980)   Receiving objects:  20% (396/1980)   Receiving objects:  21% (416/1980)   Receiving objects:  22% (436/1980)   Receiving objects:  23% (456/1980)   Receiving objects:  24% (476/1980)   Receiving objects:  25% (495/1980)   Receiving objects:  26% (515/1980)   Receiving objects:  27% (535/1980)   Receiving objects:  28% (555/1980)   Receiving objects:  29% (575/1980)   Receiving objects:  30% (594/1980)   Receiving objects:  31% (614/1980)   Receiving objects:  32% (634/1980)   Receiving objects:  33% (654/1980)   Receiving objects:  34% (674/1980)   Receiving objects:  35% (693/1980)   Receiving objects:  36% (713/1980)   Receiving objects:  37% (733/1980)   Receiving objects:  38% (753/1980)   Receiving objects:  39% (773/1980)   Receiving objects:  40% (792/1980)   Receiving objects:  41% (812/1980)   Receiving objects:  42% (832/1980)   Receiving objects:  43% (852/1980)   Receiving objects:  44% (872/1980)   Receiving objects:  45% (891/1980)   Receiving objects:  46% (911/1980)   Receiving objects:  47% (931/1980)   Receiving objects:  48% (951/1980)   Receiving objects:  49% (971/1980)   Receiving objects:  50% (990/1980)   Receiving objects:  51% (1010/1980)   Receiving objects:  52% (1030/1980)   Receiving objects:  53% (1050/1980)   Receiving objects:  54% (1070/1980)   Receiving objects:  55% (1089/1980)   Receiving objects:  56% (1109/1980)   Receiving objects:  57% (1129/1980)   Receiving objects:  58% (1149/1980)   Receiving objects:  59% (1169/1980)   Receiving objects:  60% (1188/1980)   Receiving objects:  61% (1208/1980)   Receiving objects:  62% (1228/1980)   Receiving objects:  63% (1248/1980)   Receiving objects:  64% (1268/1980)   Receiving objects:  65% (1287/1980)   Receiving objects:  66% (1307/1980)   Receiving objects:  67% (1327/1980)   Receiving objects:  68% (1347/1980)   Receiving objects:  69% (1367/1980)   Receiving objects:  70% (1386/1980)   Receiving objects:  71% (1406/1980)   Receiving objects:  72% (1426/1980)   Receiving objects:  73% (1446/1980)   Receiving objects:  74% (1466/1980)   Receiving objects:  75% (1485/1980)   Receiving objects:  76% (1505/1980)   Receiving objects:  77% (1525/1980)   Receiving objects:  78% (1545/1980)   Receiving objects:  79% (1565/1980)   remote: Total 1980 (delta 792), reused 1741 (delta 584), pack-reused 0[K
Receiving objects:  80% (1584/1980)   Receiving objects:  81% (1604/1980)   Receiving objects:  82% (1624/1980)   Receiving objects:  83% (1644/1980)   Receiving objects:  84% (1664/1980)   Receiving objects:  85% (1683/1980)   Receiving objects:  86% (1703/1980)   Receiving objects:  87% (1723/1980)   Receiving objects:  88% (1743/1980)   Receiving objects:  89% (1763/1980)   Receiving objects:  90% (1782/1980)   Receiving objects:  91% (1802/1980)   Receiving objects:  92% (1822/1980)   Receiving objects:  93% (1842/1980)   Receiving objects:  94% (1862/1980)   Receiving objects:  95% (1881/1980)   Receiving objects:  96% (1901/1980)   Receiving objects:  97% (1921/1980)   Receiving objects:  98% (1941/1980)   Receiving objects:  99% (1961/1980)   Receiving objects: 100% (1980/1980)   Receiving objects: 100% (1980/1980), 410.89 KiB | 0 bytes/s, done.
Resolving deltas:   0% (0/792)   Resolving deltas:   7% (60/792)   Resolving deltas:   8% (65/792)   Resolving deltas:   9% (74/792)   Resolving deltas:  10% (84/792)   Resolving deltas:  16% (129/792)   Resolving deltas:  18% (143/792)   Resolving deltas:  19% (153/792)   Resolving deltas:  20% (160/792)   Resolving deltas:  21% (172/792)   Resolving deltas:  24% (195/792)   Resolving deltas:  29% (231/792)   Resolving deltas:  30% (241/792)   Resolving deltas:  31% (252/792)   Resolving deltas:  33% (267/792)   Resolving deltas:  34% (270/792)   Resolving deltas:  35% (279/792)   Resolving deltas:  37% (296/792)   Resolving deltas:  38% (301/792)   Resolving deltas:  39% (309/792)   Resolving deltas:  40% (318/792)   Resolving deltas:  41% (330/792)   Resolving deltas:  43% (344/792)   Resolving deltas:  45% (358/792)   Resolving deltas:  46% (367/792)   Resolving deltas:  47% (374/792)   Resolving deltas:  48% (387/792)   Resolving deltas:  51% (408/792)   Resolving deltas:  52% (419/792)   Resolving deltas:  53% (420/792)   Resolving deltas:  56% (451/792)   Resolving deltas:  59% (473/792)   Resolving deltas:  60% (480/792)   Resolving deltas:  61% (484/792)   Resolving deltas:  62% (492/792)   Resolving deltas:  64% (508/792)   Resolving deltas:  66% (526/792)   Resolving deltas:  67% (533/792)   Resolving deltas:  69% (551/792)   Resolving deltas:  70% (555/792)   Resolving deltas:  71% (564/792)   Resolving deltas:  72% (573/792)   Resolving deltas:  73% (585/792)   Resolving deltas:  74% (588/792)   Resolving deltas:  76% (606/792)   Resolving deltas:  77% (610/792)   Resolving deltas:  78% (620/792)   Resolving deltas:  79% (629/792)   Resolving deltas:  80% (634/792)   Resolving deltas:  81% (642/792)   Resolving deltas:  82% (653/792)   Resolving deltas:  83% (658/792)   Resolving deltas:  84% (670/792)   Resolving deltas:  85% (674/792)   Resolving deltas:  88% (698/792)   Resolving deltas:  89% (710/792)   Resolving deltas:  90% (716/792)   Resolving deltas:  95% (754/792)   Resolving deltas:  96% (764/792)   Resolving deltas:  97% (769/792)   Resolving deltas:  98% (778/792)   Resolving deltas:  99% (787/792)   Resolving deltas: 100% (792/792)   Resolving deltas: 100% (792/792), done.
Checking connectivity... done.
travis_time:end:1332edea:start=1451716986092613952,finish=1451716986579610704,duration=486996752[0K$ cd square/retrofit
$ git checkout -qf 2cab4a4ecd83fca7b57bf00e58a6f3b9af07f4cb
travis_fold:end:git.checkout[0K
[33;1mThis job is running on container-based infrastructure, which does not allow use of 'sudo', setuid and setguid executables.[0m
[33;1mIf you require sudo, add 'sudo: required' to your .travis.yml[0m
[33;1mSee http://docs.travis-ci.com/user/workers/container-based-infrastructure/ for details.[0m

[33;1mSetting environment variables from .travis.yml[0m
$ export CI_DEPLOY_USERNAME=[secure]
$ export CI_DEPLOY_PASSWORD=[secure]

travis_fold:start:cache.1[0KSetting up build cache
$ export CASHER_DIR=$HOME/.casher
travis_time:start:10e6b616[0K$ Installing caching utilities
travis_time:end:10e6b616:start=1451716988293542884,finish=1451716988339115254,duration=45572370[0Ktravis_time:start:1893f4ef[0Ktravis_time:end:1893f4ef:start=1451716988343568958,finish=1451716988346644808,duration=3075850[0Ktravis_time:start:18ae38af[0K[32;1mattempting to download cache archive[0m
[32;1mfetching jwnew-okhttp-apis/cache--jdk-oraclejdk8.tgz[0m
[32;1mfetching jwnew-okhttp-apis/cache--jdk-oraclejdk8.tbz[0m
[32;1mfetching master/cache--jdk-oraclejdk8.tgz[0m
[32;1mfound cache[0m
travis_time:end:18ae38af:start=1451716988350311648,finish=1451716989628784272,duration=1278472624[0Ktravis_time:start:02d984a5[0Ktravis_time:end:02d984a5:start=1451716989632527886,finish=1451716989635619614,duration=3091728[0Ktravis_time:start:08dbfdbe[0K[32;1madding /home/travis/.m2 to cache[0m
travis_time:end:08dbfdbe:start=1451716989639162208,finish=1451716991073312647,duration=1434150439[0Ktravis_fold:end:cache.1[0K$ jdk_switcher use oraclejdk8
Switching to Oracle JDK8 (java-8-oracle), JAVA_HOME will be set to /usr/lib/jvm/java-8-oracle
$ java -Xmx32m -version
java version "1.8.0_31"
Java(TM) SE Runtime Environment (build 1.8.0_31-b13)
Java HotSpot(TM) 64-Bit Server VM (build 25.31-b07, mixed mode)
$ javac -J-Xmx32m -version
javac 1.8.0_31
travis_fold:start:install[0Ktravis_time:start:0ce0f7c0[0K$ mvn install -DskipTests=true -Dmaven.javadoc.skip=true -B -V
Java HotSpot(TM) 64-Bit Server VM warning: ignoring option MaxPermSize=192m; support was removed in 8.0
Apache Maven 3.2.5 (12a6b3acb947671f09b81f49094c53f426d8cea1; 2014-12-14T17:29:23+00:00)
Maven home: /usr/local/maven
Java version: 1.8.0_31, vendor: Oracle Corporation
Java home: /usr/lib/jvm/java-8-oracle/jre
Default locale: en_US, platform encoding: UTF-8
OS name: "linux", version: "3.13.0-40-generic", arch: "amd64", family: "unix"
[INFO] Scanning for projects...
[WARNING] 
[WARNING] Some problems were encountered while building the effective model for com.squareup.retrofit2:samples:jar:2.0.0-SNAPSHOT
[WARNING] 'build.plugins.plugin.version' for org.apache.maven.plugins:maven-deploy-plugin is missing. @ com.squareup.retrofit2:samples:[unknown-version], /home/travis/build/square/retrofit/samples/pom.xml, line 45, column 15
[WARNING] 
[WARNING] It is highly recommended to fix these problems because they threaten the stability of your build.
[WARNING] 
[WARNING] For this reason, future Maven versions might no longer support building such malformed projects.
[WARNING] 
[INFO] ------------------------------------------------------------------------
[INFO] Reactor Build Order:
[INFO] 
[INFO] Retrofit (Parent)
[INFO] Retrofit
[INFO] Adapters
[INFO] Adapter: RxJava
[INFO] Converters
[INFO] Converter: Gson
[INFO] Converter: Protocol Buffers
[INFO] Converter: Jackson
[INFO] Converter: Wire Protocol Buffers
[INFO] Converter: SimpleXML
[INFO] Converter: Java Scalars
[INFO] Converter: Moshi
[INFO] Retrofit Mock Adapter
[INFO] Samples
[INFO]                                                                         
[INFO] ------------------------------------------------------------------------
[INFO] Building Retrofit (Parent) 2.0.0-SNAPSHOT
[INFO] ------------------------------------------------------------------------
[INFO] 
[INFO] --- maven-enforcer-plugin:1.0:enforce (enforce-maven) @ parent ---
[INFO] 
[INFO] --- animal-sniffer-maven-plugin:1.14:check (default) @ parent ---
[INFO] Checking unresolved references to org.codehaus.mojo.signature:java16:1.1
[INFO] 
[INFO] --- maven-javadoc-plugin:2.10.3:jar (attach-javadocs) @ parent ---
[INFO] Skipping javadoc generation
[INFO] 
[INFO] --- maven-checkstyle-plugin:2.15:checkstyle (default) @ parent ---
[INFO] 
[INFO] --- maven-install-plugin:2.4:install (default-install) @ parent ---
[INFO] Installing /home/travis/build/square/retrofit/pom.xml to /home/travis/.m2/repository/com/squareup/retrofit2/parent/2.0.0-SNAPSHOT/parent-2.0.0-SNAPSHOT.pom
[INFO]                                                                         
[INFO] ------------------------------------------------------------------------
[INFO] Building Retrofit 2.0.0-SNAPSHOT
[INFO] ------------------------------------------------------------------------
[INFO] Downloading: https://repository.apache.org/snapshots/com/squareup/okhttp3/okhttp/3.0.0-SNAPSHOT/maven-metadata.xml
[INFO] Downloading: https://nexus.codehaus.org/snapshots/com/squareup/okhttp3/okhttp/3.0.0-SNAPSHOT/maven-metadata.xml
[WARNING] Could not transfer metadata com.squareup.okhttp3:okhttp:3.0.0-SNAPSHOT/maven-metadata.xml from/to codehaus-snapshots (https://nexus.codehaus.org/snapshots/): nexus.codehaus.org: unknown error
[WARNING] Failure to transfer com.squareup.okhttp3:okhttp:3.0.0-SNAPSHOT/maven-metadata.xml from https://nexus.codehaus.org/snapshots/ was cached in the local repository, resolution will not be reattempted until the update interval of codehaus-snapshots has elapsed or updates are forced. Original error: Could not transfer metadata com.squareup.okhttp3:okhttp:3.0.0-SNAPSHOT/maven-metadata.xml from/to codehaus-snapshots (https://nexus.codehaus.org/snapshots/): nexus.codehaus.org: unknown error
[INFO] Downloading: https://repository.apache.org/snapshots/com/squareup/okhttp3/parent/3.0.0-SNAPSHOT/maven-metadata.xml
[INFO] Downloading: https://nexus.codehaus.org/snapshots/com/squareup/okhttp3/parent/3.0.0-SNAPSHOT/maven-metadata.xml
[WARNING] Could not transfer metadata com.squareup.okhttp3:parent:3.0.0-SNAPSHOT/maven-metadata.xml from/to codehaus-snapshots (https://nexus.codehaus.org/snapshots/): nexus.codehaus.org
[INFO] Downloading: https://repository.apache.org/snapshots/com/squareup/okhttp3/mockwebserver/3.0.0-SNAPSHOT/maven-metadata.xml
[INFO] Downloading: https://nexus.codehaus.org/snapshots/com/squareup/okhttp3/mockwebserver/3.0.0-SNAPSHOT/maven-metadata.xml
[WARNING] Could not transfer metadata com.squareup.okhttp3:mockwebserver:3.0.0-SNAPSHOT/maven-metadata.xml from/to codehaus-snapshots (https://nexus.codehaus.org/snapshots/): nexus.codehaus.org
[WARNING] Failure to transfer com.squareup.okhttp3:mockwebserver:3.0.0-SNAPSHOT/maven-metadata.xml from https://nexus.codehaus.org/snapshots/ was cached in the local repository, resolution will not be reattempted until the update interval of codehaus-snapshots has elapsed or updates are forced. Original error: Could not transfer metadata com.squareup.okhttp3:mockwebserver:3.0.0-SNAPSHOT/maven-metadata.xml from/to codehaus-snapshots (https://nexus.codehaus.org/snapshots/): nexus.codehaus.org
[INFO] Downloading: https://repository.apache.org/snapshots/com/squareup/okhttp3/okhttp-ws/3.0.0-SNAPSHOT/maven-metadata.xml
[INFO] Downloading: https://nexus.codehaus.org/snapshots/com/squareup/okhttp3/okhttp-ws/3.0.0-SNAPSHOT/maven-metadata.xml
[WARNING] Could not transfer metadata com.squareup.okhttp3:okhttp-ws:3.0.0-SNAPSHOT/maven-metadata.xml from/to codehaus-snapshots (https://nexus.codehaus.org/snapshots/): nexus.codehaus.org
[WARNING] Failure to transfer com.squareup.okhttp3:okhttp-ws:3.0.0-SNAPSHOT/maven-metadata.xml from https://nexus.codehaus.org/snapshots/ was cached in the local repository, resolution will not be reattempted until the update interval of codehaus-snapshots has elapsed or updates are forced. Original error: Could not transfer metadata com.squareup.okhttp3:okhttp-ws:3.0.0-SNAPSHOT/maven-metadata.xml from/to codehaus-snapshots (https://nexus.codehaus.org/snapshots/): nexus.codehaus.org
[INFO] 
[INFO] --- maven-enforcer-plugin:1.0:enforce (enforce-maven) @ retrofit ---
[INFO] 
[INFO] --- maven-resources-plugin:2.6:resources (default-resources) @ retrofit ---
[INFO] Using 'UTF-8' encoding to copy filtered resources.
[INFO] skip non existing resourceDirectory /home/travis/build/square/retrofit/retrofit/src/main/resources
[INFO] 
[INFO] --- maven-compiler-plugin:3.0:compile (default-compile) @ retrofit ---
[INFO] Changes detected - recompiling the module!
[INFO] Compiling 42 source files to /home/travis/build/square/retrofit/retrofit/target/classes
[WARNING] /home/travis/build/square/retrofit/retrofit/src/main/java/retrofit2/Retrofit.java: Some input files use unchecked or unsafe operations.
[WARNING] /home/travis/build/square/retrofit/retrofit/src/main/java/retrofit2/Retrofit.java: Recompile with -Xlint:unchecked for details.
[INFO] 
[INFO] --- maven-resources-plugin:2.6:testResources (default-testResources) @ retrofit ---
[INFO] Using 'UTF-8' encoding to copy filtered resources.
[INFO] skip non existing resourceDirectory /home/travis/build/square/retrofit/retrofit/src/test/resources
[INFO] 
[INFO] --- maven-compiler-plugin:3.0:testCompile (default-testCompile) @ retrofit ---
[INFO] Changes detected - recompiling the module!
[INFO] Compiling 8 source files to /home/travis/build/square/retrofit/retrofit/target/test-classes
[WARNING] /home/travis/build/square/retrofit/retrofit/src/test/java/retrofit2/RetrofitTest.java: /home/travis/build/square/retrofit/retrofit/src/test/java/retrofit2/RetrofitTest.java uses unchecked or unsafe operations.
[WARNING] /home/travis/build/square/retrofit/retrofit/src/test/java/retrofit2/RetrofitTest.java: Recompile with -Xlint:unchecked for details.
[INFO] 
[INFO] --- maven-surefire-plugin:2.12.4:test (default-test) @ retrofit ---
[INFO] Tests are skipped.
[INFO] 
[INFO] --- animal-sniffer-maven-plugin:1.14:check (default) @ retrofit ---
[INFO] Checking unresolved references to org.codehaus.mojo.signature:java16:1.1
[INFO] 
[INFO] --- maven-jar-plugin:2.4:jar (default-jar) @ retrofit ---
[INFO] Building jar: /home/travis/build/square/retrofit/retrofit/target/retrofit-2.0.0-SNAPSHOT.jar
[INFO] 
[INFO] --- maven-javadoc-plugin:2.10.3:jar (attach-javadocs) @ retrofit ---
[INFO] Skipping javadoc generation
[INFO] 
[INFO] --- maven-checkstyle-plugin:2.15:checkstyle (default) @ retrofit ---
[INFO] Starting audit...
Audit done.
[WARNING] Unable to locate Source XRef to link to - DISABLED
[INFO] 
[INFO] --- maven-install-plugin:2.4:install (default-install) @ retrofit ---
[INFO] Installing /home/travis/build/square/retrofit/retrofit/target/retrofit-2.0.0-SNAPSHOT.jar to /home/travis/.m2/repository/com/squareup/retrofit2/retrofit/2.0.0-SNAPSHOT/retrofit-2.0.0-SNAPSHOT.jar
[INFO] Installing /home/travis/build/square/retrofit/retrofit/pom.xml to /home/travis/.m2/repository/com/squareup/retrofit2/retrofit/2.0.0-SNAPSHOT/retrofit-2.0.0-SNAPSHOT.pom
[INFO]                                                                         
[INFO] ------------------------------------------------------------------------
[INFO] Building Adapters 2.0.0-SNAPSHOT
[INFO] ------------------------------------------------------------------------
[INFO] 
[INFO] --- maven-enforcer-plugin:1.0:enforce (enforce-maven) @ retrofit-adapters ---
[INFO] 
[INFO] --- animal-sniffer-maven-plugin:1.14:check (default) @ retrofit-adapters ---
[INFO] Checking unresolved references to org.codehaus.mojo.signature:java16:1.1
[INFO] 
[INFO] --- maven-javadoc-plugin:2.10.3:jar (attach-javadocs) @ retrofit-adapters ---
[INFO] Skipping javadoc generation
[INFO] 
[INFO] --- maven-checkstyle-plugin:2.15:checkstyle (default) @ retrofit-adapters ---
[INFO] 
[INFO] --- maven-install-plugin:2.4:install (default-install) @ retrofit-adapters ---
[INFO] Installing /home/travis/build/square/retrofit/retrofit-adapters/pom.xml to /home/travis/.m2/repository/com/squareup/retrofit2/retrofit-adapters/2.0.0-SNAPSHOT/retrofit-adapters-2.0.0-SNAPSHOT.pom
[INFO]                                                                         
[INFO] ------------------------------------------------------------------------
[INFO] Building Adapter: RxJava 2.0.0-SNAPSHOT
[INFO] ------------------------------------------------------------------------
[INFO] 
[INFO] --- maven-enforcer-plugin:1.0:enforce (enforce-maven) @ adapter-rxjava ---
[INFO] 
[INFO] --- maven-resources-plugin:2.6:resources (default-resources) @ adapter-rxjava ---
[INFO] Using 'UTF-8' encoding to copy filtered resources.
[INFO] skip non existing resourceDirectory /home/travis/build/square/retrofit/retrofit-adapters/rxjava/src/main/resources
[INFO] 
[INFO] --- maven-compiler-plugin:3.0:compile (default-compile) @ adapter-rxjava ---
[INFO] Changes detected - recompiling the module!
[INFO] Compiling 4 source files to /home/travis/build/square/retrofit/retrofit-adapters/rxjava/target/classes
[INFO] 
[INFO] --- maven-resources-plugin:2.6:testResources (default-testResources) @ adapter-rxjava ---
[INFO] Using 'UTF-8' encoding to copy filtered resources.
[INFO] skip non existing resourceDirectory /home/travis/build/square/retrofit/retrofit-adapters/rxjava/src/test/resources
[INFO] 
[INFO] --- maven-compiler-plugin:3.0:testCompile (default-testCompile) @ adapter-rxjava ---
[INFO] Changes detected - recompiling the module!
[INFO] Compiling 2 source files to /home/travis/build/square/retrofit/retrofit-adapters/rxjava/target/test-classes
[INFO] 
[INFO] --- maven-surefire-plugin:2.12.4:test (default-test) @ adapter-rxjava ---
[INFO] Tests are skipped.
[INFO] 
[INFO] --- animal-sniffer-maven-plugin:1.14:check (default) @ adapter-rxjava ---
[INFO] Checking unresolved references to org.codehaus.mojo.signature:java16:1.1
[INFO] 
[INFO] --- maven-jar-plugin:2.4:jar (default-jar) @ adapter-rxjava ---
[INFO] Building jar: /home/travis/build/square/retrofit/retrofit-adapters/rxjava/target/adapter-rxjava-2.0.0-SNAPSHOT.jar
[INFO] 
[INFO] --- maven-javadoc-plugin:2.10.3:jar (attach-javadocs) @ adapter-rxjava ---
[INFO] Skipping javadoc generation
[INFO] 
[INFO] --- maven-checkstyle-plugin:2.15:checkstyle (default) @ adapter-rxjava ---
[INFO] Starting audit...
Audit done.
[WARNING] Unable to locate Source XRef to link to - DISABLED
[INFO] 
[INFO] --- maven-install-plugin:2.4:install (default-install) @ adapter-rxjava ---
[INFO] Installing /home/travis/build/square/retrofit/retrofit-adapters/rxjava/target/adapter-rxjava-2.0.0-SNAPSHOT.jar to /home/travis/.m2/repository/com/squareup/retrofit2/adapter-rxjava/2.0.0-SNAPSHOT/adapter-rxjava-2.0.0-SNAPSHOT.jar
[INFO] Installing /home/travis/build/square/retrofit/retrofit-adapters/rxjava/pom.xml to /home/travis/.m2/repository/com/squareup/retrofit2/adapter-rxjava/2.0.0-SNAPSHOT/adapter-rxjava-2.0.0-SNAPSHOT.pom
[INFO]                                                                         
[INFO] ------------------------------------------------------------------------
[INFO] Building Converters 2.0.0-SNAPSHOT
[INFO] ------------------------------------------------------------------------
[INFO] 
[INFO] --- maven-enforcer-plugin:1.0:enforce (enforce-maven) @ retrofit-converters ---
[INFO] 
[INFO] --- animal-sniffer-maven-plugin:1.14:check (default) @ retrofit-converters ---
[INFO] Checking unresolved references to org.codehaus.mojo.signature:java16:1.1
[INFO] 
[INFO] --- maven-javadoc-plugin:2.10.3:jar (attach-javadocs) @ retrofit-converters ---
[INFO] Skipping javadoc generation
[INFO] 
[INFO] --- maven-checkstyle-plugin:2.15:checkstyle (default) @ retrofit-converters ---
[INFO] 
[INFO] --- maven-install-plugin:2.4:install (default-install) @ retrofit-converters ---
[INFO] Installing /home/travis/build/square/retrofit/retrofit-converters/pom.xml to /home/travis/.m2/repository/com/squareup/retrofit2/retrofit-converters/2.0.0-SNAPSHOT/retrofit-converters-2.0.0-SNAPSHOT.pom
[INFO]                                                                         
[INFO] ------------------------------------------------------------------------
[INFO] Building Converter: Gson 2.0.0-SNAPSHOT
[INFO] ------------------------------------------------------------------------
[INFO] 
[INFO] --- maven-enforcer-plugin:1.0:enforce (enforce-maven) @ converter-gson ---
[INFO] 
[INFO] --- maven-resources-plugin:2.6:resources (default-resources) @ converter-gson ---
[INFO] Using 'UTF-8' encoding to copy filtered resources.
[INFO] skip non existing resourceDirectory /home/travis/build/square/retrofit/retrofit-converters/gson/src/main/resources
[INFO] 
[INFO] --- maven-compiler-plugin:3.0:compile (default-compile) @ converter-gson ---
[INFO] Changes detected - recompiling the module!
[INFO] Compiling 3 source files to /home/travis/build/square/retrofit/retrofit-converters/gson/target/classes
[INFO] 
[INFO] --- maven-resources-plugin:2.6:testResources (default-testResources) @ converter-gson ---
[INFO] Using 'UTF-8' encoding to copy filtered resources.
[INFO] skip non existing resourceDirectory /home/travis/build/square/retrofit/retrofit-converters/gson/src/test/resources
[INFO] 
[INFO] --- maven-compiler-plugin:3.0:testCompile (default-testCompile) @ converter-gson ---
[INFO] Changes detected - recompiling the module!
[INFO] Compiling 1 source file to /home/travis/build/square/retrofit/retrofit-converters/gson/target/test-classes
[INFO] 
[INFO] --- maven-surefire-plugin:2.12.4:test (default-test) @ converter-gson ---
[INFO] Tests are skipped.
[INFO] 
[INFO] --- animal-sniffer-maven-plugin:1.14:check (default) @ converter-gson ---
[INFO] Checking unresolved references to org.codehaus.mojo.signature:java16:1.1
[INFO] 
[INFO] --- maven-jar-plugin:2.4:jar (default-jar) @ converter-gson ---
[INFO] Building jar: /home/travis/build/square/retrofit/retrofit-converters/gson/target/converter-gson-2.0.0-SNAPSHOT.jar
[INFO] 
[INFO] --- maven-javadoc-plugin:2.10.3:jar (attach-javadocs) @ converter-gson ---
[INFO] Skipping javadoc generation
[INFO] 
[INFO] --- maven-checkstyle-plugin:2.15:checkstyle (default) @ converter-gson ---
[INFO] Starting audit...
Audit done.
[WARNING] Unable to locate Source XRef to link to - DISABLED
[INFO] 
[INFO] --- maven-install-plugin:2.4:install (default-install) @ converter-gson ---
[INFO] Installing /home/travis/build/square/retrofit/retrofit-converters/gson/target/converter-gson-2.0.0-SNAPSHOT.jar to /home/travis/.m2/repository/com/squareup/retrofit2/converter-gson/2.0.0-SNAPSHOT/converter-gson-2.0.0-SNAPSHOT.jar
[INFO] Installing /home/travis/build/square/retrofit/retrofit-converters/gson/pom.xml to /home/travis/.m2/repository/com/squareup/retrofit2/converter-gson/2.0.0-SNAPSHOT/converter-gson-2.0.0-SNAPSHOT.pom
[INFO]                                                                         
[INFO] ------------------------------------------------------------------------
[INFO] Building Converter: Protocol Buffers 2.0.0-SNAPSHOT
[INFO] ------------------------------------------------------------------------
[INFO] 
[INFO] --- maven-enforcer-plugin:1.0:enforce (enforce-maven) @ converter-protobuf ---
[INFO] 
[INFO] --- maven-resources-plugin:2.6:resources (default-resources) @ converter-protobuf ---
[INFO] Using 'UTF-8' encoding to copy filtered resources.
[INFO] skip non existing resourceDirectory /home/travis/build/square/retrofit/retrofit-converters/protobuf/src/main/resources
[INFO] 
[INFO] --- maven-compiler-plugin:3.0:compile (default-compile) @ converter-protobuf ---
[INFO] Changes detected - recompiling the module!
[INFO] Compiling 3 source files to /home/travis/build/square/retrofit/retrofit-converters/protobuf/target/classes
[WARNING] /home/travis/build/square/retrofit/retrofit-converters/protobuf/src/main/java/retrofit2/ProtoConverterFactory.java: /home/travis/build/square/retrofit/retrofit-converters/protobuf/src/main/java/retrofit2/ProtoConverterFactory.java uses unchecked or unsafe operations.
[WARNING] /home/travis/build/square/retrofit/retrofit-converters/protobuf/src/main/java/retrofit2/ProtoConverterFactory.java: Recompile with -Xlint:unchecked for details.
[INFO] 
[INFO] --- maven-resources-plugin:2.6:testResources (default-testResources) @ converter-protobuf ---
[INFO] Using 'UTF-8' encoding to copy filtered resources.
[INFO] skip non existing resourceDirectory /home/travis/build/square/retrofit/retrofit-converters/protobuf/src/test/resources
[INFO] 
[INFO] --- maven-compiler-plugin:3.0:testCompile (default-testCompile) @ converter-protobuf ---
[INFO] Changes detected - recompiling the module!
[INFO] Compiling 2 source files to /home/travis/build/square/retrofit/retrofit-converters/protobuf/target/test-classes
[INFO] 
[INFO] --- maven-surefire-plugin:2.12.4:test (default-test) @ converter-protobuf ---
[INFO] Tests are skipped.
[INFO] 
[INFO] --- animal-sniffer-maven-plugin:1.14:check (default) @ converter-protobuf ---
[INFO] Checking unresolved references to org.codehaus.mojo.signature:java16:1.1
[INFO] 
[INFO] --- maven-jar-plugin:2.4:jar (default-jar) @ converter-protobuf ---
[INFO] Building jar: /home/travis/build/square/retrofit/retrofit-converters/protobuf/target/converter-protobuf-2.0.0-SNAPSHOT.jar
[INFO] 
[INFO] --- maven-javadoc-plugin:2.10.3:jar (attach-javadocs) @ converter-protobuf ---
[INFO] Skipping javadoc generation
[INFO] 
[INFO] --- maven-checkstyle-plugin:2.15:checkstyle (default) @ converter-protobuf ---
[INFO] Starting audit...
Audit done.
[WARNING] Unable to locate Source XRef to link to - DISABLED
[INFO] 
[INFO] --- maven-install-plugin:2.4:install (default-install) @ converter-protobuf ---
[INFO] Installing /home/travis/build/square/retrofit/retrofit-converters/protobuf/target/converter-protobuf-2.0.0-SNAPSHOT.jar to /home/travis/.m2/repository/com/squareup/retrofit2/converter-protobuf/2.0.0-SNAPSHOT/converter-protobuf-2.0.0-SNAPSHOT.jar
[INFO] Installing /home/travis/build/square/retrofit/retrofit-converters/protobuf/pom.xml to /home/travis/.m2/repository/com/squareup/retrofit2/converter-protobuf/2.0.0-SNAPSHOT/converter-protobuf-2.0.0-SNAPSHOT.pom
[INFO]                                                                         
[INFO] ------------------------------------------------------------------------
[INFO] Building Converter: Jackson 2.0.0-SNAPSHOT
[INFO] ------------------------------------------------------------------------
[INFO] 
[INFO] --- maven-enforcer-plugin:1.0:enforce (enforce-maven) @ converter-jackson ---
[INFO] 
[INFO] --- maven-resources-plugin:2.6:resources (default-resources) @ converter-jackson ---
[INFO] Using 'UTF-8' encoding to copy filtered resources.
[INFO] skip non existing resourceDirectory /home/travis/build/square/retrofit/retrofit-converters/jackson/src/main/resources
[INFO] 
[INFO] --- maven-compiler-plugin:3.0:compile (default-compile) @ converter-jackson ---
[INFO] Changes detected - recompiling the module!
[INFO] Compiling 3 source files to /home/travis/build/square/retrofit/retrofit-converters/jackson/target/classes
[INFO] 
[INFO] --- maven-resources-plugin:2.6:testResources (default-testResources) @ converter-jackson ---
[INFO] Using 'UTF-8' encoding to copy filtered resources.
[INFO] skip non existing resourceDirectory /home/travis/build/square/retrofit/retrofit-converters/jackson/src/test/resources
[INFO] 
[INFO] --- maven-compiler-plugin:3.0:testCompile (default-testCompile) @ converter-jackson ---
[INFO] Changes detected - recompiling the module!
[INFO] Compiling 1 source file to /home/travis/build/square/retrofit/retrofit-converters/jackson/target/test-classes
[INFO] 
[INFO] --- maven-surefire-plugin:2.12.4:test (default-test) @ converter-jackson ---
[INFO] Tests are skipped.
[INFO] 
[INFO] --- animal-sniffer-maven-plugin:1.14:check (default) @ converter-jackson ---
[INFO] Checking unresolved references to org.codehaus.mojo.signature:java16:1.1
[INFO] 
[INFO] --- maven-jar-plugin:2.4:jar (default-jar) @ converter-jackson ---
[INFO] Building jar: /home/travis/build/square/retrofit/retrofit-converters/jackson/target/converter-jackson-2.0.0-SNAPSHOT.jar
[INFO] 
[INFO] --- maven-javadoc-plugin:2.10.3:jar (attach-javadocs) @ converter-jackson ---
[INFO] Skipping javadoc generation
[INFO] 
[INFO] --- maven-checkstyle-plugin:2.15:checkstyle (default) @ converter-jackson ---
[INFO] Starting audit...
Audit done.
[WARNING] Unable to locate Source XRef to link to - DISABLED
[INFO] 
[INFO] --- maven-install-plugin:2.4:install (default-install) @ converter-jackson ---
[INFO] Installing /home/travis/build/square/retrofit/retrofit-converters/jackson/target/converter-jackson-2.0.0-SNAPSHOT.jar to /home/travis/.m2/repository/com/squareup/retrofit2/converter-jackson/2.0.0-SNAPSHOT/converter-jackson-2.0.0-SNAPSHOT.jar
[INFO] Installing /home/travis/build/square/retrofit/retrofit-converters/jackson/pom.xml to /home/travis/.m2/repository/com/squareup/retrofit2/converter-jackson/2.0.0-SNAPSHOT/converter-jackson-2.0.0-SNAPSHOT.pom
[INFO]                                                                         
[INFO] ------------------------------------------------------------------------
[INFO] Building Converter: Wire Protocol Buffers 2.0.0-SNAPSHOT
[INFO] ------------------------------------------------------------------------
[INFO] 
[INFO] --- maven-enforcer-plugin:1.0:enforce (enforce-maven) @ converter-wire ---
[INFO] 
[INFO] --- maven-resources-plugin:2.6:resources (default-resources) @ converter-wire ---
[INFO] Using 'UTF-8' encoding to copy filtered resources.
[INFO] skip non existing resourceDirectory /home/travis/build/square/retrofit/retrofit-converters/wire/src/main/resources
[INFO] 
[INFO] --- maven-compiler-plugin:3.0:compile (default-compile) @ converter-wire ---
[INFO] Changes detected - recompiling the module!
[INFO] Compiling 3 source files to /home/travis/build/square/retrofit/retrofit-converters/wire/target/classes
[WARNING] /home/travis/build/square/retrofit/retrofit-converters/wire/src/main/java/retrofit2/WireConverterFactory.java: /home/travis/build/square/retrofit/retrofit-converters/wire/src/main/java/retrofit2/WireConverterFactory.java uses unchecked or unsafe operations.
[WARNING] /home/travis/build/square/retrofit/retrofit-converters/wire/src/main/java/retrofit2/WireConverterFactory.java: Recompile with -Xlint:unchecked for details.
[INFO] 
[INFO] --- maven-resources-plugin:2.6:testResources (default-testResources) @ converter-wire ---
[INFO] Using 'UTF-8' encoding to copy filtered resources.
[INFO] skip non existing resourceDirectory /home/travis/build/square/retrofit/retrofit-converters/wire/src/test/resources
[INFO] 
[INFO] --- maven-compiler-plugin:3.0:testCompile (default-testCompile) @ converter-wire ---
[INFO] Changes detected - recompiling the module!
[INFO] Compiling 2 source files to /home/travis/build/square/retrofit/retrofit-converters/wire/target/test-classes
[INFO] 
[INFO] --- maven-surefire-plugin:2.12.4:test (default-test) @ converter-wire ---
[INFO] Tests are skipped.
[INFO] 
[INFO] --- animal-sniffer-maven-plugin:1.14:check (default) @ converter-wire ---
[INFO] Checking unresolved references to org.codehaus.mojo.signature:java16:1.1
[INFO] 
[INFO] --- maven-jar-plugin:2.4:jar (default-jar) @ converter-wire ---
[INFO] Building jar: /home/travis/build/square/retrofit/retrofit-converters/wire/target/converter-wire-2.0.0-SNAPSHOT.jar
[INFO] 
[INFO] --- maven-javadoc-plugin:2.10.3:jar (attach-javadocs) @ converter-wire ---
[INFO] Skipping javadoc generation
[INFO] 
[INFO] --- maven-checkstyle-plugin:2.15:checkstyle (default) @ converter-wire ---
[INFO] Starting audit...
Audit done.
[WARNING] Unable to locate Source XRef to link to - DISABLED
[INFO] 
[INFO] --- maven-install-plugin:2.4:install (default-install) @ converter-wire ---
[INFO] Installing /home/travis/build/square/retrofit/retrofit-converters/wire/target/converter-wire-2.0.0-SNAPSHOT.jar to /home/travis/.m2/repository/com/squareup/retrofit2/converter-wire/2.0.0-SNAPSHOT/converter-wire-2.0.0-SNAPSHOT.jar
[INFO] Installing /home/travis/build/square/retrofit/retrofit-converters/wire/pom.xml to /home/travis/.m2/repository/com/squareup/retrofit2/converter-wire/2.0.0-SNAPSHOT/converter-wire-2.0.0-SNAPSHOT.pom
[INFO]                                                                         
[INFO] ------------------------------------------------------------------------
[INFO] Building Converter: SimpleXML 2.0.0-SNAPSHOT
[INFO] ------------------------------------------------------------------------
[INFO] 
[INFO] --- maven-enforcer-plugin:1.0:enforce (enforce-maven) @ converter-simplexml ---
[INFO] 
[INFO] --- maven-resources-plugin:2.6:resources (default-resources) @ converter-simplexml ---
[INFO] Using 'UTF-8' encoding to copy filtered resources.
[INFO] skip non existing resourceDirectory /home/travis/build/square/retrofit/retrofit-converters/simplexml/src/main/resources
[INFO] 
[INFO] --- maven-compiler-plugin:3.0:compile (default-compile) @ converter-simplexml ---
[INFO] Changes detected - recompiling the module!
[INFO] Compiling 3 source files to /home/travis/build/square/retrofit/retrofit-converters/simplexml/target/classes
[INFO] 
[INFO] --- maven-resources-plugin:2.6:testResources (default-testResources) @ converter-simplexml ---
[INFO] Using 'UTF-8' encoding to copy filtered resources.
[INFO] skip non existing resourceDirectory /home/travis/build/square/retrofit/retrofit-converters/simplexml/src/test/resources
[INFO] 
[INFO] --- maven-compiler-plugin:3.0:testCompile (default-testCompile) @ converter-simplexml ---
[INFO] Changes detected - recompiling the module!
[INFO] Compiling 2 source files to /home/travis/build/square/retrofit/retrofit-converters/simplexml/target/test-classes
[INFO] 
[INFO] --- maven-surefire-plugin:2.12.4:test (default-test) @ converter-simplexml ---
[INFO] Tests are skipped.
[INFO] 
[INFO] --- animal-sniffer-maven-plugin:1.14:check (default) @ converter-simplexml ---
[INFO] Checking unresolved references to org.codehaus.mojo.signature:java16:1.1
[INFO] 
[INFO] --- maven-jar-plugin:2.4:jar (default-jar) @ converter-simplexml ---
[INFO] Building jar: /home/travis/build/square/retrofit/retrofit-converters/simplexml/target/converter-simplexml-2.0.0-SNAPSHOT.jar
[INFO] 
[INFO] --- maven-javadoc-plugin:2.10.3:jar (attach-javadocs) @ converter-simplexml ---
[INFO] Skipping javadoc generation
[INFO] 
[INFO] --- maven-checkstyle-plugin:2.15:checkstyle (default) @ converter-simplexml ---
[INFO] Starting audit...
Audit done.
[WARNING] Unable to locate Source XRef to link to - DISABLED
[INFO] 
[INFO] --- maven-install-plugin:2.4:install (default-install) @ converter-simplexml ---
[INFO] Installing /home/travis/build/square/retrofit/retrofit-converters/simplexml/target/converter-simplexml-2.0.0-SNAPSHOT.jar to /home/travis/.m2/repository/com/squareup/retrofit2/converter-simplexml/2.0.0-SNAPSHOT/converter-simplexml-2.0.0-SNAPSHOT.jar
[INFO] Installing /home/travis/build/square/retrofit/retrofit-converters/simplexml/pom.xml to /home/travis/.m2/repository/com/squareup/retrofit2/converter-simplexml/2.0.0-SNAPSHOT/converter-simplexml-2.0.0-SNAPSHOT.pom
[INFO]                                                                         
[INFO] ------------------------------------------------------------------------
[INFO] Building Converter: Java Scalars 2.0.0-SNAPSHOT
[INFO] ------------------------------------------------------------------------
[INFO] 
[INFO] --- maven-enforcer-plugin:1.0:enforce (enforce-maven) @ converter-scalars ---
[INFO] 
[INFO] --- maven-resources-plugin:2.6:resources (default-resources) @ converter-scalars ---
[INFO] Using 'UTF-8' encoding to copy filtered resources.
[INFO] skip non existing resourceDirectory /home/travis/build/square/retrofit/retrofit-converters/scalars/src/main/resources
[INFO] 
[INFO] --- maven-compiler-plugin:3.0:compile (default-compile) @ converter-scalars ---
[INFO] Changes detected - recompiling the module!
[INFO] Compiling 2 source files to /home/travis/build/square/retrofit/retrofit-converters/scalars/target/classes
[INFO] 
[INFO] --- maven-resources-plugin:2.6:testResources (default-testResources) @ converter-scalars ---
[INFO] Using 'UTF-8' encoding to copy filtered resources.
[INFO] skip non existing resourceDirectory /home/travis/build/square/retrofit/retrofit-converters/scalars/src/test/resources
[INFO] 
[INFO] --- maven-compiler-plugin:3.0:testCompile (default-testCompile) @ converter-scalars ---
[INFO] Changes detected - recompiling the module!
[INFO] Compiling 1 source file to /home/travis/build/square/retrofit/retrofit-converters/scalars/target/test-classes
[INFO] 
[INFO] --- maven-surefire-plugin:2.12.4:test (default-test) @ converter-scalars ---
[INFO] Tests are skipped.
[INFO] 
[INFO] --- animal-sniffer-maven-plugin:1.14:check (default) @ converter-scalars ---
[INFO] Checking unresolved references to org.codehaus.mojo.signature:java16:1.1
[INFO] 
[INFO] --- maven-jar-plugin:2.4:jar (default-jar) @ converter-scalars ---
[INFO] Building jar: /home/travis/build/square/retrofit/retrofit-converters/scalars/target/converter-scalars-2.0.0-SNAPSHOT.jar
[INFO] 
[INFO] --- maven-javadoc-plugin:2.10.3:jar (attach-javadocs) @ converter-scalars ---
[INFO] Skipping javadoc generation
[INFO] 
[INFO] --- maven-checkstyle-plugin:2.15:checkstyle (default) @ converter-scalars ---
[INFO] Starting audit...
Audit done.
[WARNING] Unable to locate Source XRef to link to - DISABLED
[INFO] 
[INFO] --- maven-install-plugin:2.4:install (default-install) @ converter-scalars ---
[INFO] Installing /home/travis/build/square/retrofit/retrofit-converters/scalars/target/converter-scalars-2.0.0-SNAPSHOT.jar to /home/travis/.m2/repository/com/squareup/retrofit2/converter-scalars/2.0.0-SNAPSHOT/converter-scalars-2.0.0-SNAPSHOT.jar
[INFO] Installing /home/travis/build/square/retrofit/retrofit-converters/scalars/pom.xml to /home/travis/.m2/repository/com/squareup/retrofit2/converter-scalars/2.0.0-SNAPSHOT/converter-scalars-2.0.0-SNAPSHOT.pom
[INFO]                                                                         
[INFO] ------------------------------------------------------------------------
[INFO] Building Converter: Moshi 2.0.0-SNAPSHOT
[INFO] ------------------------------------------------------------------------
[INFO] 
[INFO] --- maven-enforcer-plugin:1.0:enforce (enforce-maven) @ converter-moshi ---
[INFO] 
[INFO] --- maven-resources-plugin:2.6:resources (default-resources) @ converter-moshi ---
[INFO] Using 'UTF-8' encoding to copy filtered resources.
[INFO] skip non existing resourceDirectory /home/travis/build/square/retrofit/retrofit-converters/moshi/src/main/resources
[INFO] 
[INFO] --- maven-compiler-plugin:3.0:compile (default-compile) @ converter-moshi ---
[INFO] Changes detected - recompiling the module!
[INFO] Compiling 3 source files to /home/travis/build/square/retrofit/retrofit-converters/moshi/target/classes
[INFO] 
[INFO] --- maven-resources-plugin:2.6:testResources (default-testResources) @ converter-moshi ---
[INFO] Using 'UTF-8' encoding to copy filtered resources.
[INFO] skip non existing resourceDirectory /home/travis/build/square/retrofit/retrofit-converters/moshi/src/test/resources
[INFO] 
[INFO] --- maven-compiler-plugin:3.0:testCompile (default-testCompile) @ converter-moshi ---
[INFO] Changes detected - recompiling the module!
[INFO] Compiling 1 source file to /home/travis/build/square/retrofit/retrofit-converters/moshi/target/test-classes
[INFO] 
[INFO] --- maven-surefire-plugin:2.12.4:test (default-test) @ converter-moshi ---
[INFO] Tests are skipped.
[INFO] 
[INFO] --- animal-sniffer-maven-plugin:1.14:check (default) @ converter-moshi ---
[INFO] Checking unresolved references to org.codehaus.mojo.signature:java16:1.1
[INFO] 
[INFO] --- maven-jar-plugin:2.4:jar (default-jar) @ converter-moshi ---
[INFO] Building jar: /home/travis/build/square/retrofit/retrofit-converters/moshi/target/converter-moshi-2.0.0-SNAPSHOT.jar
[INFO] 
[INFO] --- maven-javadoc-plugin:2.10.3:jar (attach-javadocs) @ converter-moshi ---
[INFO] Skipping javadoc generation
[INFO] 
[INFO] --- maven-checkstyle-plugin:2.15:checkstyle (default) @ converter-moshi ---
[INFO] Starting audit...
Audit done.
[WARNING] Unable to locate Source XRef to link to - DISABLED
[INFO] 
[INFO] --- maven-install-plugin:2.4:install (default-install) @ converter-moshi ---
[INFO] Installing /home/travis/build/square/retrofit/retrofit-converters/moshi/target/converter-moshi-2.0.0-SNAPSHOT.jar to /home/travis/.m2/repository/com/squareup/retrofit2/converter-moshi/2.0.0-SNAPSHOT/converter-moshi-2.0.0-SNAPSHOT.jar
[INFO] Installing /home/travis/build/square/retrofit/retrofit-converters/moshi/pom.xml to /home/travis/.m2/repository/com/squareup/retrofit2/converter-moshi/2.0.0-SNAPSHOT/converter-moshi-2.0.0-SNAPSHOT.pom
[INFO]                                                                         
[INFO] ------------------------------------------------------------------------
[INFO] Building Retrofit Mock Adapter 2.0.0-SNAPSHOT
[INFO] ------------------------------------------------------------------------
[INFO] 
[INFO] --- maven-enforcer-plugin:1.0:enforce (enforce-maven) @ retrofit-mock ---
[INFO] 
[INFO] --- maven-resources-plugin:2.6:resources (default-resources) @ retrofit-mock ---
[INFO] Using 'UTF-8' encoding to copy filtered resources.
[INFO] skip non existing resourceDirectory /home/travis/build/square/retrofit/retrofit-mock/src/main/resources
[INFO] 
[INFO] --- maven-compiler-plugin:3.0:compile (default-compile) @ retrofit-mock ---
[INFO] Changes detected - recompiling the module!
[INFO] Compiling 5 source files to /home/travis/build/square/retrofit/retrofit-mock/target/classes
[INFO] 
[INFO] --- maven-resources-plugin:2.6:testResources (default-testResources) @ retrofit-mock ---
[INFO] Using 'UTF-8' encoding to copy filtered resources.
[INFO] skip non existing resourceDirectory /home/travis/build/square/retrofit/retrofit-mock/src/test/resources
[INFO] 
[INFO] --- maven-compiler-plugin:3.0:testCompile (default-testCompile) @ retrofit-mock ---
[INFO] Changes detected - recompiling the module!
[INFO] Compiling 3 source files to /home/travis/build/square/retrofit/retrofit-mock/target/test-classes
[INFO] 
[INFO] --- maven-surefire-plugin:2.12.4:test (default-test) @ retrofit-mock ---
[INFO] Tests are skipped.
[INFO] 
[INFO] --- animal-sniffer-maven-plugin:1.14:check (default) @ retrofit-mock ---
[INFO] Checking unresolved references to org.codehaus.mojo.signature:java16:1.1
[INFO] 
[INFO] --- maven-jar-plugin:2.4:jar (default-jar) @ retrofit-mock ---
[INFO] Building jar: /home/travis/build/square/retrofit/retrofit-mock/target/retrofit-mock-2.0.0-SNAPSHOT.jar
[INFO] 
[INFO] --- maven-javadoc-plugin:2.10.3:jar (attach-javadocs) @ retrofit-mock ---
[INFO] Skipping javadoc generation
[INFO] 
[INFO] --- maven-checkstyle-plugin:2.15:checkstyle (default) @ retrofit-mock ---
[INFO] Starting audit...
Audit done.
[WARNING] Unable to locate Source XRef to link to - DISABLED
[INFO] 
[INFO] --- maven-install-plugin:2.4:install (default-install) @ retrofit-mock ---
[INFO] Installing /home/travis/build/square/retrofit/retrofit-mock/target/retrofit-mock-2.0.0-SNAPSHOT.jar to /home/travis/.m2/repository/com/squareup/retrofit2/retrofit-mock/2.0.0-SNAPSHOT/retrofit-mock-2.0.0-SNAPSHOT.jar
[INFO] Installing /home/travis/build/square/retrofit/retrofit-mock/pom.xml to /home/travis/.m2/repository/com/squareup/retrofit2/retrofit-mock/2.0.0-SNAPSHOT/retrofit-mock-2.0.0-SNAPSHOT.pom
[INFO]                                                                         
[INFO] ------------------------------------------------------------------------
[INFO] Building Samples 2.0.0-SNAPSHOT
[INFO] ------------------------------------------------------------------------
[INFO] 
[INFO] --- maven-enforcer-plugin:1.0:enforce (enforce-maven) @ samples ---
[INFO] 
[INFO] --- maven-resources-plugin:2.6:resources (default-resources) @ samples ---
[INFO] Using 'UTF-8' encoding to copy filtered resources.
[INFO] skip non existing resourceDirectory /home/travis/build/square/retrofit/samples/src/main/resources
[INFO] 
[INFO] --- maven-compiler-plugin:3.0:compile (default-compile) @ samples ---
[INFO] Changes detected - recompiling the module!
[INFO] Compiling 6 source files to /home/travis/build/square/retrofit/samples/target/classes
[INFO] 
[INFO] --- maven-resources-plugin:2.6:testResources (default-testResources) @ samples ---
[INFO] Using 'UTF-8' encoding to copy filtered resources.
[INFO] skip non existing resourceDirectory /home/travis/build/square/retrofit/samples/src/test/resources
[INFO] 
[INFO] --- maven-compiler-plugin:3.0:testCompile (default-testCompile) @ samples ---
[INFO] No sources to compile
[INFO] 
[INFO] --- maven-surefire-plugin:2.12.4:test (default-test) @ samples ---
[INFO] Tests are skipped.
[INFO] 
[INFO] --- animal-sniffer-maven-plugin:1.14:check (default) @ samples ---
[INFO] Checking unresolved references to org.codehaus.mojo.signature:java16:1.1
[INFO] 
[INFO] --- maven-jar-plugin:2.4:jar (default-jar) @ samples ---
[INFO] Building jar: /home/travis/build/square/retrofit/samples/target/samples-2.0.0-SNAPSHOT.jar
[INFO] 
[INFO] --- maven-javadoc-plugin:2.10.3:jar (attach-javadocs) @ samples ---
[INFO] Skipping javadoc generation
[INFO] 
[INFO] --- maven-checkstyle-plugin:2.15:checkstyle (default) @ samples ---
[INFO] Starting audit...
Audit done.
[WARNING] Unable to locate Source XRef to link to - DISABLED
[INFO] 
[INFO] --- maven-install-plugin:2.4:install (default-install) @ samples ---
[INFO] Installing /home/travis/build/square/retrofit/samples/target/samples-2.0.0-SNAPSHOT.jar to /home/travis/.m2/repository/com/squareup/retrofit2/samples/2.0.0-SNAPSHOT/samples-2.0.0-SNAPSHOT.jar
[INFO] Installing /home/travis/build/square/retrofit/samples/pom.xml to /home/travis/.m2/repository/com/squareup/retrofit2/samples/2.0.0-SNAPSHOT/samples-2.0.0-SNAPSHOT.pom
[INFO] ------------------------------------------------------------------------
[INFO] Reactor Summary:
[INFO] 
[INFO] Retrofit (Parent) .................................. SUCCESS [  5.096 s]
[INFO] Retrofit ........................................... SUCCESS [ 13.417 s]
[INFO] Adapters ........................................... SUCCESS [  0.345 s]
[INFO] Adapter: RxJava .................................... SUCCESS [  1.613 s]
[INFO] Converters ......................................... SUCCESS [  0.171 s]
[INFO] Converter: Gson .................................... SUCCESS [  1.104 s]
[INFO] Converter: Protocol Buffers ........................ SUCCESS [  0.935 s]
[INFO] Converter: Jackson ................................. SUCCESS [  0.882 s]
[INFO] Converter: Wire Protocol Buffers ................... SUCCESS [  0.923 s]
[INFO] Converter: SimpleXML ............................... SUCCESS [  0.708 s]
[INFO] Converter: Java Scalars ............................ SUCCESS [  1.035 s]
[INFO] Converter: Moshi ................................... SUCCESS [  0.894 s]
[INFO] Retrofit Mock Adapter .............................. SUCCESS [  1.605 s]
[INFO] Samples ............................................ SUCCESS [  1.271 s]
[INFO] ------------------------------------------------------------------------
[INFO] BUILD SUCCESS
[INFO] ------------------------------------------------------------------------
[INFO] Total time: 30.350 s
[INFO] Finished at: 2016-01-02T06:43:43+00:00
[INFO] Final Memory: 44M/380M
[INFO] ------------------------------------------------------------------------
travis_time:end:0ce0f7c0:start=1451716991449534236,finish=1451717024658458965,duration=33208924729[0Ktravis_fold:end:install[0Ktravis_time:start:014f7d00[0K$ mvn test -B
Java HotSpot(TM) 64-Bit Server VM warning: ignoring option MaxPermSize=192m; support was removed in 8.0
[INFO] Scanning for projects...
[WARNING] 
[WARNING] Some problems were encountered while building the effective model for com.squareup.retrofit2:samples:jar:2.0.0-SNAPSHOT
[WARNING] 'build.plugins.plugin.version' for org.apache.maven.plugins:maven-deploy-plugin is missing. @ com.squareup.retrofit2:samples:[unknown-version], /home/travis/build/square/retrofit/samples/pom.xml, line 45, column 15
[WARNING] 
[WARNING] It is highly recommended to fix these problems because they threaten the stability of your build.
[WARNING] 
[WARNING] For this reason, future Maven versions might no longer support building such malformed projects.
[WARNING] 
[INFO] ------------------------------------------------------------------------
[INFO] Reactor Build Order:
[INFO] 
[INFO] Retrofit (Parent)
[INFO] Retrofit
[INFO] Adapters
[INFO] Adapter: RxJava
[INFO] Converters
[INFO] Converter: Gson
[INFO] Converter: Protocol Buffers
[INFO] Converter: Jackson
[INFO] Converter: Wire Protocol Buffers
[INFO] Converter: SimpleXML
[INFO] Converter: Java Scalars
[INFO] Converter: Moshi
[INFO] Retrofit Mock Adapter
[INFO] Samples
[INFO]                                                                         
[INFO] ------------------------------------------------------------------------
[INFO] Building Retrofit (Parent) 2.0.0-SNAPSHOT
[INFO] ------------------------------------------------------------------------
[INFO] 
[INFO] --- maven-enforcer-plugin:1.0:enforce (enforce-maven) @ parent ---
[INFO] 
[INFO] --- animal-sniffer-maven-plugin:1.14:check (default) @ parent ---
[INFO] Checking unresolved references to org.codehaus.mojo.signature:java16:1.1
[INFO]                                                                         
[INFO] ------------------------------------------------------------------------
[INFO] Building Retrofit 2.0.0-SNAPSHOT
[INFO] ------------------------------------------------------------------------
[INFO] Downloading: https://repository.apache.org/snapshots/com/squareup/okhttp3/okhttp/3.0.0-SNAPSHOT/maven-metadata.xml
[INFO] Downloading: https://nexus.codehaus.org/snapshots/com/squareup/okhttp3/okhttp/3.0.0-SNAPSHOT/maven-metadata.xml
[WARNING] Could not transfer metadata com.squareup.okhttp3:okhttp:3.0.0-SNAPSHOT/maven-metadata.xml from/to codehaus-snapshots (https://nexus.codehaus.org/snapshots/): nexus.codehaus.org: unknown error
[WARNING] Failure to transfer com.squareup.okhttp3:okhttp:3.0.0-SNAPSHOT/maven-metadata.xml from https://nexus.codehaus.org/snapshots/ was cached in the local repository, resolution will not be reattempted until the update interval of codehaus-snapshots has elapsed or updates are forced. Original error: Could not transfer metadata com.squareup.okhttp3:okhttp:3.0.0-SNAPSHOT/maven-metadata.xml from/to codehaus-snapshots (https://nexus.codehaus.org/snapshots/): nexus.codehaus.org: unknown error
[INFO] Downloading: https://repository.apache.org/snapshots/com/squareup/okhttp3/parent/3.0.0-SNAPSHOT/maven-metadata.xml
[INFO] Downloading: https://nexus.codehaus.org/snapshots/com/squareup/okhttp3/parent/3.0.0-SNAPSHOT/maven-metadata.xml
[WARNING] Could not transfer metadata com.squareup.okhttp3:parent:3.0.0-SNAPSHOT/maven-metadata.xml from/to codehaus-snapshots (https://nexus.codehaus.org/snapshots/): nexus.codehaus.org
[INFO] Downloading: https://repository.apache.org/snapshots/com/squareup/okhttp3/mockwebserver/3.0.0-SNAPSHOT/maven-metadata.xml
[INFO] Downloading: https://nexus.codehaus.org/snapshots/com/squareup/okhttp3/mockwebserver/3.0.0-SNAPSHOT/maven-metadata.xml
[WARNING] Could not transfer metadata com.squareup.okhttp3:mockwebserver:3.0.0-SNAPSHOT/maven-metadata.xml from/to codehaus-snapshots (https://nexus.codehaus.org/snapshots/): nexus.codehaus.org
[WARNING] Failure to transfer com.squareup.okhttp3:mockwebserver:3.0.0-SNAPSHOT/maven-metadata.xml from https://nexus.codehaus.org/snapshots/ was cached in the local repository, resolution will not be reattempted until the update interval of codehaus-snapshots has elapsed or updates are forced. Original error: Could not transfer metadata com.squareup.okhttp3:mockwebserver:3.0.0-SNAPSHOT/maven-metadata.xml from/to codehaus-snapshots (https://nexus.codehaus.org/snapshots/): nexus.codehaus.org
[INFO] Downloading: https://repository.apache.org/snapshots/com/squareup/okhttp3/okhttp-ws/3.0.0-SNAPSHOT/maven-metadata.xml
[INFO] Downloading: https://nexus.codehaus.org/snapshots/com/squareup/okhttp3/okhttp-ws/3.0.0-SNAPSHOT/maven-metadata.xml
[WARNING] Could not transfer metadata com.squareup.okhttp3:okhttp-ws:3.0.0-SNAPSHOT/maven-metadata.xml from/to codehaus-snapshots (https://nexus.codehaus.org/snapshots/): nexus.codehaus.org
[WARNING] Failure to transfer com.squareup.okhttp3:okhttp-ws:3.0.0-SNAPSHOT/maven-metadata.xml from https://nexus.codehaus.org/snapshots/ was cached in the local repository, resolution will not be reattempted until the update interval of codehaus-snapshots has elapsed or updates are forced. Original error: Could not transfer metadata com.squareup.okhttp3:okhttp-ws:3.0.0-SNAPSHOT/maven-metadata.xml from/to codehaus-snapshots (https://nexus.codehaus.org/snapshots/): nexus.codehaus.org
[INFO] 
[INFO] --- maven-enforcer-plugin:1.0:enforce (enforce-maven) @ retrofit ---
[INFO] 
[INFO] --- maven-resources-plugin:2.6:resources (default-resources) @ retrofit ---
[INFO] Using 'UTF-8' encoding to copy filtered resources.
[INFO] skip non existing resourceDirectory /home/travis/build/square/retrofit/retrofit/src/main/resources
[INFO] 
[INFO] --- maven-compiler-plugin:3.0:compile (default-compile) @ retrofit ---
[INFO] Changes detected - recompiling the module!
[INFO] Compiling 42 source files to /home/travis/build/square/retrofit/retrofit/target/classes
[WARNING] /home/travis/build/square/retrofit/retrofit/src/main/java/retrofit2/Retrofit.java: Some input files use unchecked or unsafe operations.
[WARNING] /home/travis/build/square/retrofit/retrofit/src/main/java/retrofit2/Retrofit.java: Recompile with -Xlint:unchecked for details.
[INFO] 
[INFO] --- maven-resources-plugin:2.6:testResources (default-testResources) @ retrofit ---
[INFO] Using 'UTF-8' encoding to copy filtered resources.
[INFO] skip non existing resourceDirectory /home/travis/build/square/retrofit/retrofit/src/test/resources
[INFO] 
[INFO] --- maven-compiler-plugin:3.0:testCompile (default-testCompile) @ retrofit ---
[INFO] Changes detected - recompiling the module!
[INFO] Compiling 8 source files to /home/travis/build/square/retrofit/retrofit/target/test-classes
[WARNING] /home/travis/build/square/retrofit/retrofit/src/test/java/retrofit2/RetrofitTest.java: /home/travis/build/square/retrofit/retrofit/src/test/java/retrofit2/RetrofitTest.java uses unchecked or unsafe operations.
[WARNING] /home/travis/build/square/retrofit/retrofit/src/test/java/retrofit2/RetrofitTest.java: Recompile with -Xlint:unchecked for details.
[INFO] 
[INFO] --- maven-surefire-plugin:2.12.4:test (default-test) @ retrofit ---
[INFO] Surefire report directory: /home/travis/build/square/retrofit/retrofit/target/surefire-reports

-------------------------------------------------------
 T E S T S
-------------------------------------------------------
Running retrofit2.CallTest
Jan 02, 2016 6:43:56 AM okhttp3.mockwebserver.MockWebServer$3 execute
INFO: MockWebServer[41004] starting to accept connections
Jan 02, 2016 6:43:57 AM okhttp3.mockwebserver.MockWebServer$3 acceptConnections
INFO: MockWebServer[41004] done accepting connections: Socket closed
Jan 02, 2016 6:43:57 AM okhttp3.mockwebserver.MockWebServer$3 execute
INFO: MockWebServer[59505] starting to accept connections
Jan 02, 2016 6:43:57 AM okhttp3.mockwebserver.MockWebServer$4 processOneRequest
INFO: MockWebServer[59505] received request: GET / HTTP/1.1 and responded: HTTP/1.1 200 OK
Jan 02, 2016 6:43:57 AM okhttp3.mockwebserver.MockWebServer$3 acceptConnections
INFO: MockWebServer[59505] done accepting connections: Socket closed
Jan 02, 2016 6:43:57 AM okhttp3.mockwebserver.MockWebServer$3 execute
INFO: MockWebServer[45981] starting to accept connections
java.lang.IllegalStateException: Cannot read raw response body of a converted body.
	at retrofit2.OkHttpCall$NoContentResponseBody.source(OkHttpCall.java:194)
	at okhttp3.Response.peekBody(Response.java:143)
	at retrofit2.OkHttpCall.parseResponse(OkHttpCall.java:141)
	at retrofit2.OkHttpCall$1.onResponse(OkHttpCall.java:92)
	at okhttp3.RealCall$AsyncCall.execute(RealCall.java:133)
	at okhttp3.internal.NamedRunnable.run(NamedRunnable.java:33)
	at java.util.concurrent.ThreadPoolExecutor.runWorker(ThreadPoolExecutor.java:1142)
	at java.util.concurrent.ThreadPoolExecutor$Worker.run(ThreadPoolExecutor.java:617)
	at java.lang.Thread.run(Thread.java:745)
Jan 02, 2016 6:43:57 AM okhttp3.mockwebserver.MockWebServer$4 processOneRequest
INFO: MockWebServer[45981] received request: GET / HTTP/1.1 and responded: HTTP/1.1 404 OK
Jan 02, 2016 6:43:59 AM okhttp3.mockwebserver.MockWebServer$3 acceptConnections
INFO: MockWebServer[45981] done accepting connections: Socket closed
Jan 02, 2016 6:43:59 AM okhttp3.mockwebserver.MockWebServer$3 execute
INFO: MockWebServer[49320] starting to accept connections
Jan 02, 2016 6:43:59 AM okhttp3.mockwebserver.MockWebServer$3 acceptConnections
INFO: MockWebServer[49320] done accepting connections: Socket closed
Jan 02, 2016 6:43:59 AM okhttp3.mockwebserver.MockWebServer$3 execute
INFO: MockWebServer[34731] starting to accept connections
Jan 02, 2016 6:43:59 AM okhttp3.mockwebserver.MockWebServer$3 acceptConnections
INFO: MockWebServer[34731] done accepting connections: Socket closed
Jan 02, 2016 6:43:59 AM okhttp3.mockwebserver.MockWebServer$3 execute
INFO: MockWebServer[55141] starting to accept connections
Jan 02, 2016 6:43:59 AM okhttp3.mockwebserver.MockWebServer$3 acceptConnections
INFO: MockWebServer[55141] done accepting connections: Socket closed
Jan 02, 2016 6:43:59 AM okhttp3.mockwebserver.MockWebServer$4 processOneRequest
INFO: MockWebServer[55141] received request: GET / HTTP/1.1 and responded: HTTP/1.1 200 OK
Jan 02, 2016 6:43:59 AM okhttp3.mockwebserver.MockWebServer$3 execute
INFO: MockWebServer[36336] starting to accept connections
Jan 02, 2016 6:43:59 AM okhttp3.mockwebserver.MockWebServer$4 processOneRequest
INFO: MockWebServer[36336] received request: GET / HTTP/1.1 and responded: HTTP/1.1 200 OK
Jan 02, 2016 6:43:59 AM okhttp3.mockwebserver.MockWebServer$3 acceptConnections
INFO: MockWebServer[36336] done accepting connections: Socket closed
Jan 02, 2016 6:43:59 AM okhttp3.mockwebserver.MockWebServer$3 execute
INFO: MockWebServer[44938] starting to accept connections
Jan 02, 2016 6:43:59 AM okhttp3.mockwebserver.MockWebServer$3 acceptConnections
INFO: MockWebServer[44938] done accepting connections: Socket is closed
Jan 02, 2016 6:43:59 AM okhttp3.mockwebserver.MockWebServer$3 execute
INFO: MockWebServer[38647] starting to accept connections
Jan 02, 2016 6:43:59 AM okhttp3.mockwebserver.MockWebServer$4 processOneRequest
INFO: MockWebServer[38647] received request: GET / HTTP/1.1 and responded: HTTP/1.1 404 OK
Jan 02, 2016 6:43:59 AM okhttp3.mockwebserver.MockWebServer$3 acceptConnections
INFO: MockWebServer[38647] done accepting connections: Socket closed
Jan 02, 2016 6:43:59 AM okhttp3.mockwebserver.MockWebServer$3 execute
INFO: MockWebServer[56692] starting to accept connections
Jan 02, 2016 6:43:59 AM okhttp3.mockwebserver.MockWebServer$4 processOneRequest
INFO: MockWebServer[56692] received request: POST / HTTP/1.1 and responded: HTTP/1.1 200 OK
Jan 02, 2016 6:43:59 AM okhttp3.mockwebserver.MockWebServer$3 acceptConnections
INFO: MockWebServer[56692] done accepting connections: Socket closed
Jan 02, 2016 6:43:59 AM okhttp3.mockwebserver.MockWebServer$3 execute
INFO: MockWebServer[48621] starting to accept connections
Jan 02, 2016 6:43:59 AM okhttp3.mockwebserver.MockWebServer$4 processOneRequest
INFO: MockWebServer[48621] received request: GET / HTTP/1.1 and responded: HTTP/1.1 204 Nothin
Jan 02, 2016 6:43:59 AM okhttp3.mockwebserver.MockWebServer$3 acceptConnections
INFO: MockWebServer[48621] done accepting connections: Socket closed
Jan 02, 2016 6:43:59 AM okhttp3.mockwebserver.MockWebServer$3 execute
INFO: MockWebServer[44207] starting to accept connections
Jan 02, 2016 6:43:59 AM okhttp3.mockwebserver.MockWebServer$4 processOneRequest
INFO: MockWebServer[44207] received request: GET / HTTP/1.1 and responded: HTTP/1.1 200 OK
Jan 02, 2016 6:43:59 AM okhttp3.mockwebserver.MockWebServer$3 acceptConnections
INFO: MockWebServer[44207] done accepting connections: Socket closed
Jan 02, 2016 6:43:59 AM okhttp3.mockwebserver.MockWebServer$3 execute
INFO: MockWebServer[50637] starting to accept connections
Jan 02, 2016 6:43:59 AM okhttp3.mockwebserver.MockWebServer$3 acceptConnections
INFO: MockWebServer[50637] done accepting connections: Socket closed
Jan 02, 2016 6:43:59 AM okhttp3.mockwebserver.MockWebServer$4 processOneRequest
INFO: MockWebServer[50637] received request: GET / HTTP/1.1 and responded: HTTP/1.1 200 OK
Jan 02, 2016 6:43:59 AM okhttp3.mockwebserver.MockWebServer$3 execute
INFO: MockWebServer[39986] starting to accept connections
Jan 02, 2016 6:43:59 AM okhttp3.mockwebserver.MockWebServer$4 processOneRequest
INFO: MockWebServer[39986] received request: POST / HTTP/1.1 and responded: HTTP/1.1 200 OK
Jan 02, 2016 6:43:59 AM okhttp3.mockwebserver.MockWebServer$3 acceptConnections
INFO: MockWebServer[39986] done accepting connections: Socket closed
Jan 02, 2016 6:43:59 AM okhttp3.mockwebserver.MockWebServer$3 execute
INFO: MockWebServer[37716] starting to accept connections
Jan 02, 2016 6:43:59 AM okhttp3.mockwebserver.MockWebServer$3 acceptConnections
INFO: MockWebServer[37716] done accepting connections: Socket closed
Jan 02, 2016 6:43:59 AM okhttp3.mockwebserver.MockWebServer$3 execute
INFO: MockWebServer[57933] starting to accept connections
Jan 02, 2016 6:43:59 AM okhttp3.mockwebserver.MockWebServer$4 processOneRequest
INFO: MockWebServer[57933] received request: GET / HTTP/1.1 and responded: HTTP/1.1 200 OK
Jan 02, 2016 6:43:59 AM okhttp3.mockwebserver.MockWebServer$3 acceptConnections
INFO: MockWebServer[57933] done accepting connections: Socket closed
Jan 02, 2016 6:43:59 AM okhttp3.mockwebserver.MockWebServer$3 execute
INFO: MockWebServer[48471] starting to accept connections
Jan 02, 2016 6:43:59 AM okhttp3.mockwebserver.MockWebServer$3 acceptConnections
INFO: MockWebServer[48471] done accepting connections: Socket closed
Jan 02, 2016 6:43:59 AM okhttp3.mockwebserver.MockWebServer$4 processOneRequest
INFO: MockWebServer[48471] received request: GET / HTTP/1.1 and responded: HTTP/1.1 200 OK
Jan 02, 2016 6:43:59 AM okhttp3.mockwebserver.MockWebServer$3 execute
INFO: MockWebServer[60844] starting to accept connections
Jan 02, 2016 6:43:59 AM okhttp3.mockwebserver.MockWebServer$3 acceptConnections
INFO: MockWebServer[60844] done accepting connections: Socket closed
Jan 02, 2016 6:43:59 AM okhttp3.mockwebserver.MockWebServer$4 processOneRequest
INFO: MockWebServer[60844] received request: GET / HTTP/1.1 and responded: HTTP/1.1 205 Nothin
Jan 02, 2016 6:43:59 AM okhttp3.mockwebserver.MockWebServer$3 execute
INFO: MockWebServer[53204] starting to accept connections
Jan 02, 2016 6:43:59 AM okhttp3.mockwebserver.MockWebServer$4 processOneRequest
INFO: MockWebServer[53204] received request: GET / HTTP/1.1 and responded: HTTP/1.1 200 OK
Jan 02, 2016 6:43:59 AM okhttp3.mockwebserver.MockWebServer$4 processOneRequest
INFO: MockWebServer[53204] received request: GET / HTTP/1.1 and responded: HTTP/1.1 200 OK
Jan 02, 2016 6:43:59 AM okhttp3.mockwebserver.MockWebServer$3 acceptConnections
INFO: MockWebServer[53204] done accepting connections: Socket closed
Jan 02, 2016 6:43:59 AM okhttp3.mockwebserver.MockWebServer$3 execute
INFO: MockWebServer[52860] starting to accept connections
Jan 02, 2016 6:43:59 AM okhttp3.mockwebserver.MockWebServer$4 processOneRequest
INFO: MockWebServer[52860] received request: GET / HTTP/1.1 and responded: HTTP/1.1 200 OK
Jan 02, 2016 6:43:59 AM okhttp3.mockwebserver.MockWebServer$3 acceptConnections
INFO: MockWebServer[52860] done accepting connections: Socket closed
Jan 02, 2016 6:43:59 AM okhttp3.mockwebserver.MockWebServer$3 execute
INFO: MockWebServer[45976] starting to accept connections
Jan 02, 2016 6:43:59 AM okhttp3.mockwebserver.MockWebServer$3 acceptConnections
INFO: MockWebServer[45976] done accepting connections: Socket closed
Jan 02, 2016 6:43:59 AM okhttp3.mockwebserver.MockWebServer$3 execute
INFO: MockWebServer[60489] starting to accept connections
Jan 02, 2016 6:43:59 AM okhttp3.mockwebserver.MockWebServer$3 acceptConnections
INFO: MockWebServer[60489] done accepting connections: Socket closed
Jan 02, 2016 6:43:59 AM okhttp3.mockwebserver.MockWebServer$3 execute
INFO: MockWebServer[49477] starting to accept connections
Jan 02, 2016 6:43:59 AM okhttp3.mockwebserver.MockWebServer$3 acceptConnections
INFO: MockWebServer[49477] done accepting connections: Socket is closed
Jan 02, 2016 6:43:59 AM okhttp3.mockwebserver.MockWebServer$3 execute
INFO: MockWebServer[49776] starting to accept connections
Jan 02, 2016 6:43:59 AM okhttp3.mockwebserver.MockWebServer$4 processOneRequest
INFO: MockWebServer[49776] received request: GET / HTTP/1.1 and responded: HTTP/1.1 200 OK
Jan 02, 2016 6:43:59 AM okhttp3.mockwebserver.MockWebServer$3 acceptConnections
INFO: MockWebServer[49776] done accepting connections: Socket closed
Jan 02, 2016 6:43:59 AM okhttp3.mockwebserver.MockWebServer$3 execute
INFO: MockWebServer[54115] starting to accept connections
Jan 02, 2016 6:43:59 AM okhttp3.mockwebserver.MockWebServer$3 acceptConnections
INFO: MockWebServer[54115] done accepting connections: Socket closed
Jan 02, 2016 6:43:59 AM okhttp3.mockwebserver.MockWebServer$4 processOneRequest
INFO: MockWebServer[54115] received request: GET / HTTP/1.1 and responded: HTTP/1.1 200 OK
Jan 02, 2016 6:43:59 AM okhttp3.mockwebserver.MockWebServer$3 execute
INFO: MockWebServer[36843] starting to accept connections
Jan 02, 2016 6:43:59 AM okhttp3.mockwebserver.MockWebServer$4 processOneRequest
INFO: MockWebServer[36843] received request: GET / HTTP/1.1 and responded: HTTP/1.1 200 OK
Jan 02, 2016 6:43:59 AM okhttp3.mockwebserver.MockWebServer$3 acceptConnections
INFO: MockWebServer[36843] done accepting connections: Socket closed
Tests run: 26, Failures: 1, Errors: 1, Skipped: 0, Time elapsed: 2.933 sec <<< FAILURE!
http404Async(retrofit2.CallTest)  Time elapsed: 2.025 sec  <<< FAILURE!
java.lang.AssertionError
	at org.junit.Assert.fail(Assert.java:86)
	at org.junit.Assert.assertTrue(Assert.java:41)
	at org.junit.Assert.assertTrue(Assert.java:52)
	at retrofit2.CallTest.http404Async(CallTest.java:137)
	at sun.reflect.NativeMethodAccessorImpl.invoke0(Native Method)
	at sun.reflect.NativeMethodAccessorImpl.invoke(NativeMethodAccessorImpl.java:62)
	at sun.reflect.DelegatingMethodAccessorImpl.invoke(DelegatingMethodAccessorImpl.java:43)
	at java.lang.reflect.Method.invoke(Method.java:483)
	at org.junit.runners.model.FrameworkMethod$1.runReflectiveCall(FrameworkMethod.java:50)
	at org.junit.internal.runners.model.ReflectiveCallable.run(ReflectiveCallable.java:12)
	at org.junit.runners.model.FrameworkMethod.invokeExplosively(FrameworkMethod.java:47)
	at org.junit.internal.runners.statements.InvokeMethod.evaluate(InvokeMethod.java:17)
	at okhttp3.mockwebserver.MockWebServer$2.evaluate(MockWebServer.java:154)
	at org.junit.rules.RunRules.evaluate(RunRules.java:20)
	at org.junit.runners.ParentRunner.runLeaf(ParentRunner.java:325)
	at org.junit.runners.BlockJUnit4ClassRunner.runChild(BlockJUnit4ClassRunner.java:78)
	at org.junit.runners.BlockJUnit4ClassRunner.runChild(BlockJUnit4ClassRunner.java:57)
	at org.junit.runners.ParentRunner$3.run(ParentRunner.java:290)
	at org.junit.runners.ParentRunner$1.schedule(ParentRunner.java:71)
	at org.junit.runners.ParentRunner.runChildren(ParentRunner.java:288)
	at org.junit.runners.ParentRunner.access$000(ParentRunner.java:58)
	at org.junit.runners.ParentRunner$2.evaluate(ParentRunner.java:268)
	at org.junit.runners.ParentRunner.run(ParentRunner.java:363)
	at org.apache.maven.surefire.junit4.JUnit4Provider.execute(JUnit4Provider.java:252)
	at org.apache.maven.surefire.junit4.JUnit4Provider.executeTestSet(JUnit4Provider.java:141)
	at org.apache.maven.surefire.junit4.JUnit4Provider.invoke(JUnit4Provider.java:112)
	at sun.reflect.NativeMethodAccessorImpl.invoke0(Native Method)
	at sun.reflect.NativeMethodAccessorImpl.invoke(NativeMethodAccessorImpl.java:62)
	at sun.reflect.DelegatingMethodAccessorImpl.invoke(DelegatingMethodAccessorImpl.java:43)
	at java.lang.reflect.Method.invoke(Method.java:483)
	at org.apache.maven.surefire.util.ReflectionUtils.invokeMethodWithArray(ReflectionUtils.java:189)
	at org.apache.maven.surefire.booter.ProviderFactory$ProviderProxy.invoke(ProviderFactory.java:165)
	at org.apache.maven.surefire.booter.ProviderFactory.invokeProvider(ProviderFactory.java:85)
	at org.apache.maven.surefire.booter.ForkedBooter.runSuitesInProcess(ForkedBooter.java:115)
	at org.apache.maven.surefire.booter.ForkedBooter.main(ForkedBooter.java:75)

http404Sync(retrofit2.CallTest)  Time elapsed: 0.008 sec  <<< ERROR!
java.lang.IllegalStateException: Cannot read raw response body of a converted body.
	at retrofit2.OkHttpCall$NoContentResponseBody.source(OkHttpCall.java:194)
	at okhttp3.Response.peekBody(Response.java:143)
	at retrofit2.OkHttpCall.parseResponse(OkHttpCall.java:141)
	at retrofit2.OkHttpCall.execute(OkHttpCall.java:118)
	at retrofit2.CallTest.http404Sync(CallTest.java:110)
	at sun.reflect.NativeMethodAccessorImpl.invoke0(Native Method)
	at sun.reflect.NativeMethodAccessorImpl.invoke(NativeMethodAccessorImpl.java:62)
	at sun.reflect.DelegatingMethodAccessorImpl.invoke(DelegatingMethodAccessorImpl.java:43)
	at java.lang.reflect.Method.invoke(Method.java:483)
	at org.junit.runners.model.FrameworkMethod$1.runReflectiveCall(FrameworkMethod.java:50)
	at org.junit.internal.runners.model.ReflectiveCallable.run(ReflectiveCallable.java:12)
	at org.junit.runners.model.FrameworkMethod.invokeExplosively(FrameworkMethod.java:47)
	at org.junit.internal.runners.statements.InvokeMethod.evaluate(InvokeMethod.java:17)
	at okhttp3.mockwebserver.MockWebServer$2.evaluate(MockWebServer.java:154)
	at org.junit.rules.RunRules.evaluate(RunRules.java:20)
	at org.junit.runners.ParentRunner.runLeaf(ParentRunner.java:325)
	at org.junit.runners.BlockJUnit4ClassRunner.runChild(BlockJUnit4ClassRunner.java:78)
	at org.junit.runners.BlockJUnit4ClassRunner.runChild(BlockJUnit4ClassRunner.java:57)
	at org.junit.runners.ParentRunner$3.run(ParentRunner.java:290)
	at org.junit.runners.ParentRunner$1.schedule(ParentRunner.java:71)
	at org.junit.runners.ParentRunner.runChildren(ParentRunner.java:288)
	at org.junit.runners.ParentRunner.access$000(ParentRunner.java:58)
	at org.junit.runners.ParentRunner$2.evaluate(ParentRunner.java:268)
	at org.junit.runners.ParentRunner.run(ParentRunner.java:363)
	at org.apache.maven.surefire.junit4.JUnit4Provider.execute(JUnit4Provider.java:252)
	at org.apache.maven.surefire.junit4.JUnit4Provider.executeTestSet(JUnit4Provider.java:141)
	at org.apache.maven.surefire.junit4.JUnit4Provider.invoke(JUnit4Provider.java:112)
	at sun.reflect.NativeMethodAccessorImpl.invoke0(Native Method)
	at sun.reflect.NativeMethodAccessorImpl.invoke(NativeMethodAccessorImpl.java:62)
	at sun.reflect.DelegatingMethodAccessorImpl.invoke(DelegatingMethodAccessorImpl.java:43)
	at java.lang.reflect.Method.invoke(Method.java:483)
	at org.apache.maven.surefire.util.ReflectionUtils.invokeMethodWithArray(ReflectionUtils.java:189)
	at org.apache.maven.surefire.booter.ProviderFactory$ProviderProxy.invoke(ProviderFactory.java:165)
	at org.apache.maven.surefire.booter.ProviderFactory.invokeProvider(ProviderFactory.java:85)
	at org.apache.maven.surefire.booter.ForkedBooter.runSuitesInProcess(ForkedBooter.java:115)
	at org.apache.maven.surefire.booter.ForkedBooter.main(ForkedBooter.java:75)

Running retrofit2.RequestBuilderTest
Tests run: 101, Failures: 0, Errors: 0, Skipped: 2, Time elapsed: 0.247 sec
Running retrofit2.ExecutorCallAdapterFactoryTest
Tests run: 7, Failures: 0, Errors: 0, Skipped: 0, Time elapsed: 0.092 sec
Running retrofit2.ResponseTest
Tests run: 12, Failures: 0, Errors: 0, Skipped: 0, Time elapsed: 0.004 sec
Running retrofit2.RequestFactoryParserTest
Tests run: 1, Failures: 0, Errors: 0, Skipped: 0, Time elapsed: 0.001 sec
Running retrofit2.RetrofitTest
Jan 02, 2016 6:44:00 AM okhttp3.mockwebserver.MockWebServer$3 execute
INFO: MockWebServer[33388] starting to accept connections
Jan 02, 2016 6:44:00 AM okhttp3.mockwebserver.MockWebServer$3 acceptConnections
INFO: MockWebServer[33388] done accepting connections: Socket is closed
Jan 02, 2016 6:44:00 AM okhttp3.mockwebserver.MockWebServer$3 execute
INFO: MockWebServer[52004] starting to accept connections
Jan 02, 2016 6:44:00 AM okhttp3.mockwebserver.MockWebServer$3 acceptConnections
INFO: MockWebServer[52004] done accepting connections: Socket is closed
Jan 02, 2016 6:44:00 AM okhttp3.mockwebserver.MockWebServer$3 execute
INFO: MockWebServer[60233] starting to accept connections
Jan 02, 2016 6:44:00 AM okhttp3.mockwebserver.MockWebServer$3 acceptConnections
INFO: MockWebServer[60233] done accepting connections: Socket is closed
Jan 02, 2016 6:44:00 AM okhttp3.mockwebserver.MockWebServer$3 execute
INFO: MockWebServer[48951] starting to accept connections
Jan 02, 2016 6:44:00 AM okhttp3.mockwebserver.MockWebServer$3 acceptConnections
INFO: MockWebServer[48951] done accepting connections: Socket is closed
Jan 02, 2016 6:44:00 AM okhttp3.mockwebserver.MockWebServer$3 execute
INFO: MockWebServer[33315] starting to accept connections
Jan 02, 2016 6:44:00 AM okhttp3.mockwebserver.MockWebServer$3 acceptConnections
INFO: MockWebServer[33315] done accepting connections: Socket closed
Jan 02, 2016 6:44:00 AM okhttp3.mockwebserver.MockWebServer$4 processOneRequest
INFO: MockWebServer[33315] received request: GET / HTTP/1.1 and responded: HTTP/1.1 200 OK
Jan 02, 2016 6:44:00 AM okhttp3.mockwebserver.MockWebServer$3 execute
INFO: MockWebServer[47024] starting to accept connections
Jan 02, 2016 6:44:00 AM okhttp3.mockwebserver.MockWebServer$3 acceptConnections
INFO: MockWebServer[47024] done accepting connections: Socket is closed
Jan 02, 2016 6:44:00 AM okhttp3.mockwebserver.MockWebServer$3 execute
INFO: MockWebServer[35289] starting to accept connections
Jan 02, 2016 6:44:00 AM okhttp3.mockwebserver.MockWebServer$3 acceptConnections
INFO: MockWebServer[35289] done accepting connections: Socket is closed
Jan 02, 2016 6:44:00 AM okhttp3.mockwebserver.MockWebServer$3 execute
INFO: MockWebServer[44318] starting to accept connections
Jan 02, 2016 6:44:00 AM okhttp3.mockwebserver.MockWebServer$3 acceptConnections
INFO: MockWebServer[44318] done accepting connections: Socket closed
Jan 02, 2016 6:44:00 AM okhttp3.mockwebserver.MockWebServer$3 execute
INFO: MockWebServer[54277] starting to accept connections
Jan 02, 2016 6:44:00 AM okhttp3.mockwebserver.MockWebServer$3 acceptConnections
INFO: MockWebServer[54277] done accepting connections: Socket is closed
Jan 02, 2016 6:44:00 AM okhttp3.mockwebserver.MockWebServer$3 execute
INFO: MockWebServer[59523] starting to accept connections
Jan 02, 2016 6:44:00 AM okhttp3.mockwebserver.MockWebServer$3 acceptConnections
INFO: MockWebServer[59523] done accepting connections: Socket is closed
Jan 02, 2016 6:44:00 AM okhttp3.mockwebserver.MockWebServer$3 execute
INFO: MockWebServer[53774] starting to accept connections
Jan 02, 2016 6:44:00 AM okhttp3.mockwebserver.MockWebServer$3 acceptConnections
INFO: MockWebServer[53774] done accepting connections: Socket is closed
Jan 02, 2016 6:44:00 AM okhttp3.mockwebserver.MockWebServer$3 execute
INFO: MockWebServer[33929] starting to accept connections
Jan 02, 2016 6:44:00 AM okhttp3.mockwebserver.MockWebServer$3 acceptConnections
INFO: MockWebServer[33929] done accepting connections: Socket closed
Jan 02, 2016 6:44:00 AM okhttp3.mockwebserver.MockWebServer$3 execute
INFO: MockWebServer[59967] starting to accept connections
Jan 02, 2016 6:44:00 AM okhttp3.mockwebserver.MockWebServer$3 acceptConnections
INFO: MockWebServer[59967] done accepting connections: Socket closed
Jan 02, 2016 6:44:00 AM okhttp3.mockwebserver.MockWebServer$3 execute
INFO: MockWebServer[40228] starting to accept connections
Jan 02, 2016 6:44:00 AM okhttp3.mockwebserver.MockWebServer$3 acceptConnections
INFO: MockWebServer[40228] done accepting connections: Socket closed
Jan 02, 2016 6:44:00 AM okhttp3.mockwebserver.MockWebServer$4 processOneRequest
INFO: MockWebServer[40228] received request: GET / HTTP/1.1 and responded: HTTP/1.1 200 OK
Jan 02, 2016 6:44:00 AM okhttp3.mockwebserver.MockWebServer$3 execute
INFO: MockWebServer[46565] starting to accept connections
Jan 02, 2016 6:44:00 AM okhttp3.mockwebserver.MockWebServer$3 acceptConnections
INFO: MockWebServer[46565] done accepting connections: Socket is closed
Jan 02, 2016 6:44:00 AM okhttp3.mockwebserver.MockWebServer$3 execute
INFO: MockWebServer[35494] starting to accept connections
Jan 02, 2016 6:44:00 AM okhttp3.mockwebserver.MockWebServer$3 acceptConnections
INFO: MockWebServer[35494] done accepting connections: Socket is closed
Jan 02, 2016 6:44:00 AM okhttp3.mockwebserver.MockWebServer$3 execute
INFO: MockWebServer[37836] starting to accept connections
Jan 02, 2016 6:44:00 AM okhttp3.mockwebserver.MockWebServer$4 processOneRequest
INFO: MockWebServer[37836] received request: GET / HTTP/1.1 and responded: HTTP/1.1 200 OK
Jan 02, 2016 6:44:00 AM okhttp3.mockwebserver.MockWebServer$3 acceptConnections
INFO: MockWebServer[37836] done accepting connections: Socket closed
Jan 02, 2016 6:44:00 AM okhttp3.mockwebserver.MockWebServer$3 execute
INFO: MockWebServer[33158] starting to accept connections
Jan 02, 2016 6:44:00 AM okhttp3.mockwebserver.MockWebServer$3 acceptConnections
INFO: MockWebServer[33158] done accepting connections: Socket is closed
Jan 02, 2016 6:44:00 AM okhttp3.mockwebserver.MockWebServer$3 execute
INFO: MockWebServer[55901] starting to accept connections
Jan 02, 2016 6:44:00 AM okhttp3.mockwebserver.MockWebServer$3 acceptConnections
INFO: MockWebServer[55901] done accepting connections: Socket closed
Jan 02, 2016 6:44:00 AM okhttp3.mockwebserver.MockWebServer$4 processOneRequest
INFO: MockWebServer[55901] received request: POST / HTTP/1.1 and responded: HTTP/1.1 200 OK
Jan 02, 2016 6:44:00 AM okhttp3.mockwebserver.MockWebServer$3 execute
INFO: MockWebServer[56907] starting to accept connections
Jan 02, 2016 6:44:00 AM okhttp3.mockwebserver.MockWebServer$3 acceptConnections
INFO: MockWebServer[56907] done accepting connections: Socket is closed
Jan 02, 2016 6:44:00 AM okhttp3.mockwebserver.MockWebServer$3 execute
INFO: MockWebServer[57120] starting to accept connections
Jan 02, 2016 6:44:00 AM okhttp3.mockwebserver.MockWebServer$3 acceptConnections
INFO: MockWebServer[57120] done accepting connections: Socket closed
Jan 02, 2016 6:44:00 AM okhttp3.mockwebserver.MockWebServer$3 execute
INFO: MockWebServer[59278] starting to accept connections
Jan 02, 2016 6:44:00 AM okhttp3.mockwebserver.MockWebServer$3 acceptConnections
INFO: MockWebServer[59278] done accepting connections: Socket is closed
Jan 02, 2016 6:44:00 AM okhttp3.mockwebserver.MockWebServer$3 execute
INFO: MockWebServer[58914] starting to accept connections
Jan 02, 2016 6:44:00 AM okhttp3.mockwebserver.MockWebServer$3 acceptConnections
INFO: MockWebServer[58914] done accepting connections: Socket is closed
Jan 02, 2016 6:44:00 AM okhttp3.mockwebserver.MockWebServer$3 execute
INFO: MockWebServer[39299] starting to accept connections
Jan 02, 2016 6:44:00 AM okhttp3.mockwebserver.MockWebServer$3 acceptConnections
INFO: MockWebServer[39299] done accepting connections: Socket is closed
Jan 02, 2016 6:44:00 AM okhttp3.mockwebserver.MockWebServer$3 execute
INFO: MockWebServer[54738] starting to accept connections
Jan 02, 2016 6:44:00 AM okhttp3.mockwebserver.MockWebServer$3 acceptConnections
INFO: MockWebServer[54738] done accepting connections: Socket closed
Jan 02, 2016 6:44:00 AM okhttp3.mockwebserver.MockWebServer$3 execute
INFO: MockWebServer[34309] starting to accept connections
Jan 02, 2016 6:44:00 AM okhttp3.mockwebserver.MockWebServer$4 processOneRequest
INFO: MockWebServer[34309] received request: GET / HTTP/1.1 and responded: HTTP/1.1 200 OK
Jan 02, 2016 6:44:00 AM okhttp3.mockwebserver.MockWebServer$3 acceptConnections
INFO: MockWebServer[34309] done accepting connections: Socket closed
Jan 02, 2016 6:44:00 AM okhttp3.mockwebserver.MockWebServer$3 execute
INFO: MockWebServer[39495] starting to accept connections
Jan 02, 2016 6:44:00 AM okhttp3.mockwebserver.MockWebServer$3 acceptConnections
INFO: MockWebServer[39495] done accepting connections: Socket is closed
Jan 02, 2016 6:44:00 AM okhttp3.mockwebserver.MockWebServer$3 execute
INFO: MockWebServer[42161] starting to accept connections
Jan 02, 2016 6:44:00 AM okhttp3.mockwebserver.MockWebServer$3 acceptConnections
INFO: MockWebServer[42161] done accepting connections: Socket is closed
Jan 02, 2016 6:44:00 AM okhttp3.mockwebserver.MockWebServer$3 execute
INFO: MockWebServer[48783] starting to accept connections
Jan 02, 2016 6:44:00 AM okhttp3.mockwebserver.MockWebServer$3 acceptConnections
INFO: MockWebServer[48783] done accepting connections: Socket is closed
Jan 02, 2016 6:44:00 AM okhttp3.mockwebserver.MockWebServer$3 execute
INFO: MockWebServer[41494] starting to accept connections
Jan 02, 2016 6:44:00 AM okhttp3.mockwebserver.MockWebServer$3 acceptConnections
INFO: MockWebServer[41494] done accepting connections: Socket is closed
Jan 02, 2016 6:44:00 AM okhttp3.mockwebserver.MockWebServer$3 execute
INFO: MockWebServer[53489] starting to accept connections
Jan 02, 2016 6:44:00 AM okhttp3.mockwebserver.MockWebServer$3 acceptConnections
INFO: MockWebServer[53489] done accepting connections: Socket is closed
Jan 02, 2016 6:44:00 AM okhttp3.mockwebserver.MockWebServer$3 execute
INFO: MockWebServer[52588] starting to accept connections
Jan 02, 2016 6:44:00 AM okhttp3.mockwebserver.MockWebServer$3 acceptConnections
INFO: MockWebServer[52588] done accepting connections: Socket is closed
Jan 02, 2016 6:44:00 AM okhttp3.mockwebserver.MockWebServer$3 execute
INFO: MockWebServer[44333] starting to accept connections
Jan 02, 2016 6:44:00 AM okhttp3.mockwebserver.MockWebServer$3 acceptConnections
INFO: MockWebServer[44333] done accepting connections: Socket is closed
Jan 02, 2016 6:44:00 AM okhttp3.mockwebserver.MockWebServer$3 execute
INFO: MockWebServer[32815] starting to accept connections
Jan 02, 2016 6:44:00 AM okhttp3.mockwebserver.MockWebServer$3 acceptConnections
INFO: MockWebServer[32815] done accepting connections: Socket is closed
Jan 02, 2016 6:44:00 AM okhttp3.mockwebserver.MockWebServer$3 execute
INFO: MockWebServer[46246] starting to accept connections
Jan 02, 2016 6:44:00 AM okhttp3.mockwebserver.MockWebServer$3 acceptConnections
INFO: MockWebServer[46246] done accepting connections: Socket is closed
Jan 02, 2016 6:44:00 AM okhttp3.mockwebserver.MockWebServer$3 execute
INFO: MockWebServer[58590] starting to accept connections
Jan 02, 2016 6:44:00 AM okhttp3.mockwebserver.MockWebServer$3 acceptConnections
INFO: MockWebServer[58590] done accepting connections: Socket is closed
Jan 02, 2016 6:44:00 AM okhttp3.mockwebserver.MockWebServer$3 execute
INFO: MockWebServer[46683] starting to accept connections
Jan 02, 2016 6:44:00 AM okhttp3.mockwebserver.MockWebServer$3 acceptConnections
INFO: MockWebServer[46683] done accepting connections: Socket is closed
Jan 02, 2016 6:44:00 AM okhttp3.mockwebserver.MockWebServer$3 execute
INFO: MockWebServer[51748] starting to accept connections
Jan 02, 2016 6:44:00 AM okhttp3.mockwebserver.MockWebServer$3 acceptConnections
INFO: MockWebServer[51748] done accepting connections: Socket closed
Jan 02, 2016 6:44:00 AM okhttp3.mockwebserver.MockWebServer$3 execute
INFO: MockWebServer[46395] starting to accept connections
Jan 02, 2016 6:44:00 AM okhttp3.mockwebserver.MockWebServer$3 acceptConnections
INFO: MockWebServer[46395] done accepting connections: Socket is closed
Jan 02, 2016 6:44:00 AM okhttp3.mockwebserver.MockWebServer$3 execute
INFO: MockWebServer[35826] starting to accept connections
Jan 02, 2016 6:44:00 AM okhttp3.mockwebserver.MockWebServer$3 acceptConnections
INFO: MockWebServer[35826] done accepting connections: Socket is closed
Jan 02, 2016 6:44:00 AM okhttp3.mockwebserver.MockWebServer$3 execute
INFO: MockWebServer[35836] starting to accept connections
Jan 02, 2016 6:44:00 AM okhttp3.mockwebserver.MockWebServer$3 acceptConnections
INFO: MockWebServer[35836] done accepting connections: Socket is closed
Jan 02, 2016 6:44:00 AM okhttp3.mockwebserver.MockWebServer$3 execute
INFO: MockWebServer[56501] starting to accept connections
Jan 02, 2016 6:44:00 AM okhttp3.mockwebserver.MockWebServer$3 acceptConnections
INFO: MockWebServer[56501] done accepting connections: Socket is closed
Jan 02, 2016 6:44:00 AM okhttp3.mockwebserver.MockWebServer$3 execute
INFO: MockWebServer[38057] starting to accept connections
Jan 02, 2016 6:44:00 AM okhttp3.mockwebserver.MockWebServer$3 acceptConnections
INFO: MockWebServer[38057] done accepting connections: Socket is closed
Jan 02, 2016 6:44:00 AM okhttp3.mockwebserver.MockWebServer$3 execute
INFO: MockWebServer[54509] starting to accept connections
Jan 02, 2016 6:44:00 AM okhttp3.mockwebserver.MockWebServer$3 acceptConnections
INFO: MockWebServer[54509] done accepting connections: Socket closed
Jan 02, 2016 6:44:00 AM okhttp3.mockwebserver.MockWebServer$3 execute
INFO: MockWebServer[47831] starting to accept connections
Jan 02, 2016 6:44:00 AM okhttp3.mockwebserver.MockWebServer$3 acceptConnections
INFO: MockWebServer[47831] done accepting connections: Socket closed
Jan 02, 2016 6:44:00 AM okhttp3.mockwebserver.MockWebServer$3 execute
INFO: MockWebServer[54724] starting to accept connections
Jan 02, 2016 6:44:00 AM okhttp3.mockwebserver.MockWebServer$3 acceptConnections
INFO: MockWebServer[54724] done accepting connections: Socket is closed
Jan 02, 2016 6:44:00 AM okhttp3.mockwebserver.MockWebServer$3 execute
INFO: MockWebServer[51018] starting to accept connections
Jan 02, 2016 6:44:00 AM okhttp3.mockwebserver.MockWebServer$3 acceptConnections
INFO: MockWebServer[51018] done accepting connections: Socket is closed
Jan 02, 2016 6:44:00 AM okhttp3.mockwebserver.MockWebServer$3 execute
INFO: MockWebServer[50524] starting to accept connections
Jan 02, 2016 6:44:00 AM okhttp3.mockwebserver.MockWebServer$3 acceptConnections
INFO: MockWebServer[50524] done accepting connections: Socket is closed
Jan 02, 2016 6:44:00 AM okhttp3.mockwebserver.MockWebServer$3 execute
INFO: MockWebServer[42454] starting to accept connections
Jan 02, 2016 6:44:00 AM okhttp3.mockwebserver.MockWebServer$3 acceptConnections
INFO: MockWebServer[42454] done accepting connections: Socket closed
Jan 02, 2016 6:44:00 AM okhttp3.mockwebserver.MockWebServer$3 execute
INFO: MockWebServer[43222] starting to accept connections
Jan 02, 2016 6:44:00 AM okhttp3.mockwebserver.MockWebServer$3 acceptConnections
INFO: MockWebServer[43222] done accepting connections: Socket is closed
Jan 02, 2016 6:44:00 AM okhttp3.mockwebserver.MockWebServer$3 execute
INFO: MockWebServer[53938] starting to accept connections
Jan 02, 2016 6:44:00 AM okhttp3.mockwebserver.MockWebServer$3 acceptConnections
INFO: MockWebServer[53938] done accepting connections: Socket is closed
Jan 02, 2016 6:44:00 AM okhttp3.mockwebserver.MockWebServer$3 execute
INFO: MockWebServer[51999] starting to accept connections
Jan 02, 2016 6:44:00 AM okhttp3.mockwebserver.MockWebServer$3 acceptConnections
INFO: MockWebServer[51999] done accepting connections: Socket is closed
Jan 02, 2016 6:44:00 AM okhttp3.mockwebserver.MockWebServer$3 execute
INFO: MockWebServer[41086] starting to accept connections
Jan 02, 2016 6:44:00 AM okhttp3.mockwebserver.MockWebServer$3 acceptConnections
INFO: MockWebServer[41086] done accepting connections: Socket closed
Jan 02, 2016 6:44:00 AM okhttp3.mockwebserver.MockWebServer$3 execute
INFO: MockWebServer[55054] starting to accept connections
Jan 02, 2016 6:44:00 AM okhttp3.mockwebserver.MockWebServer$3 acceptConnections
INFO: MockWebServer[55054] done accepting connections: Socket is closed
Jan 02, 2016 6:44:00 AM okhttp3.mockwebserver.MockWebServer$3 execute
INFO: MockWebServer[53014] starting to accept connections
Jan 02, 2016 6:44:00 AM okhttp3.mockwebserver.MockWebServer$3 acceptConnections
INFO: MockWebServer[53014] done accepting connections: Socket is closed
Jan 02, 2016 6:44:00 AM okhttp3.mockwebserver.MockWebServer$3 execute
INFO: MockWebServer[35692] starting to accept connections
Jan 02, 2016 6:44:00 AM okhttp3.mockwebserver.MockWebServer$3 acceptConnections
INFO: MockWebServer[35692] done accepting connections: Socket closed
Jan 02, 2016 6:44:00 AM okhttp3.mockwebserver.MockWebServer$3 execute
INFO: MockWebServer[48300] starting to accept connections
Jan 02, 2016 6:44:00 AM okhttp3.mockwebserver.MockWebServer$3 acceptConnections
INFO: MockWebServer[48300] done accepting connections: Socket closed
Jan 02, 2016 6:44:00 AM okhttp3.mockwebserver.MockWebServer$3 execute
INFO: MockWebServer[53182] starting to accept connections
Jan 02, 2016 6:44:00 AM okhttp3.mockwebserver.MockWebServer$3 acceptConnections
INFO: MockWebServer[53182] done accepting connections: Socket is closed
Jan 02, 2016 6:44:00 AM okhttp3.mockwebserver.MockWebServer$3 execute
INFO: MockWebServer[48217] starting to accept connections
Jan 02, 2016 6:44:00 AM okhttp3.mockwebserver.MockWebServer$3 acceptConnections
INFO: MockWebServer[48217] done accepting connections: Socket closed
Jan 02, 2016 6:44:00 AM okhttp3.mockwebserver.MockWebServer$3 execute
INFO: MockWebServer[46122] starting to accept connections
Jan 02, 2016 6:44:00 AM okhttp3.mockwebserver.MockWebServer$3 acceptConnections
INFO: MockWebServer[46122] done accepting connections: Socket is closed
Jan 02, 2016 6:44:00 AM okhttp3.mockwebserver.MockWebServer$3 execute
INFO: MockWebServer[33953] starting to accept connections
Jan 02, 2016 6:44:00 AM okhttp3.mockwebserver.MockWebServer$3 acceptConnections
INFO: MockWebServer[33953] done accepting connections: Socket is closed
Tests run: 61, Failures: 0, Errors: 0, Skipped: 0, Time elapsed: 0.626 sec

Results :

Failed tests:   http404Async(retrofit2.CallTest)

Tests in error: 
  http404Sync(retrofit2.CallTest): Cannot read raw response body of a converted body.

Tests run: 208, Failures: 1, Errors: 1, Skipped: 2

[INFO] ------------------------------------------------------------------------
[INFO] Reactor Summary:
[INFO] 
[INFO] Retrofit (Parent) .................................. SUCCESS [  1.700 s]
[INFO] Retrofit ........................................... FAILURE [ 12.632 s]
[INFO] Adapters ........................................... SKIPPED
[INFO] Adapter: RxJava .................................... SKIPPED
[INFO] Converters ......................................... SKIPPED
[INFO] Converter: Gson .................................... SKIPPED
[INFO] Converter: Protocol Buffers ........................ SKIPPED
[INFO] Converter: Jackson ................................. SKIPPED
[INFO] Converter: Wire Protocol Buffers ................... SKIPPED
[INFO] Converter: SimpleXML ............................... SKIPPED
[INFO] Converter: Java Scalars ............................ SKIPPED
[INFO] Converter: Moshi ................................... SKIPPED
[INFO] Retrofit Mock Adapter .............................. SKIPPED
[INFO] Samples ............................................ SKIPPED
[INFO] ------------------------------------------------------------------------
[INFO] BUILD FAILURE
[INFO] ------------------------------------------------------------------------
[INFO] Total time: 14.673 s
[INFO] Finished at: 2016-01-02T06:44:00+00:00
[INFO] Final Memory: 23M/345M
[INFO] ------------------------------------------------------------------------
[ERROR] Failed to execute goal org.apache.maven.plugins:maven-surefire-plugin:2.12.4:test (default-test) on project retrofit: There are test failures.
[ERROR] 
[ERROR] Please refer to /home/travis/build/square/retrofit/retrofit/target/surefire-reports for the individual test results.
[ERROR] -> [Help 1]
[ERROR] 
[ERROR] To see the full stack trace of the errors, re-run Maven with the -e switch.
[ERROR] Re-run Maven using the -X switch to enable full debug logging.
[ERROR] 
[ERROR] For more information about the errors and possible solutions, please read the following articles:
[ERROR] [Help 1] http://cwiki.apache.org/confluence/display/MAVEN/MojoFailureException
[ERROR] 
[ERROR] After correcting the problems, you can resume the build with the command
[ERROR]   mvn <goals> -rf :retrofit
travis_time:end:014f7d00:start=1451717024662374416,finish=1451717041402316608,duration=16739942192[0K
[31;1mThe command "mvn test -B" exited with 1.[0m
travis_fold:start:cache.2[0Kstore build cache
travis_time:start:1d8daa80[0Ktravis_time:end:1d8daa80:start=1451717041406390595,finish=1451717041409641243,duration=3250648[0Ktravis_time:start:03161562[0K[32;1mchange detected:
/home/travis/.m2/repository/com/squareup/okhttp3/mockwebserver/3.0.0-SNAPSHOT/resolver-status.properties
/home/travis/.m2/repository/com/squareup/okhttp3/okhttp/3.0.0-SNAPSHOT/resolver-status.properties
/home/travis/.m2/repository/com/squareup/okhttp3/okhttp-ws/3.0.0-SNAPSHOT/resolver-status.properties
/home/travis/.m2/repository/com/squareup/okhttp3/parent/3.0.0-SNAPSHOT/resolver-status.properties
/home/travis/.m2/repository/com/squareup/retrofit2/adapter-rxjava/2.0.0-SNAPSHOT/adapter-rxjava-2.0.0-SNAPSHOT.jar
/home/travis/.m2/repository/com/squareup/retrofit2/adapter-rxjava/2.0.0-SNAPSHOT/maven-metadata-local.xml
/home/travis/.m2/repository/com/squareup/retrofit2/adapter-rxjava/2.0.0-SNAPSHOT/_remote.repositories
/home/travis/.m2/repository/com/squareup/retrofit2/adapter-rxjava/maven-metadata-local.xml
/home/travis/.m2/repository/com/squareup/retrofit2/converter-gson/2.0.0-SNAPSHOT/converter-gson-2.0.0-SNAPSHOT.jar
/home/travis/.m2/repository/com/squareup/retrofit2/converter-gson/2.0.
[0m
[32;1m...
[0m
[32;1mchanges detected, packing new archive[0m
[32;1muploading archive[0m
travis_time:end:03161562:start=1451717041413319923,finish=1451717046564582978,duration=5151263055[0Ktravis_fold:end:cache.2[0K
Done. Your build exited with 1.
