Using worker: worker-linux-docker-57ab82ae.prod.travis-ci.org:travis-linux-8

travis_fold:start:system_info[0K[33;1mBuild system information[0m
Build language: java
Build group: stable
Build dist: precise
[34m[1mBuild image provisioning date and time[0m
Thu Feb  5 15:09:33 UTC 2015
[34m[1mOperating System Details[0m
Distributor ID:	Ubuntu
Description:	Ubuntu 12.04.5 LTS
Release:	12.04
Codename:	precise
[34m[1mLinux Version[0m
3.13.0-29-generic
[34m[1mCookbooks Version[0m
a68419e https://github.com/travis-ci/travis-cookbooks/tree/a68419e
[34m[1mGCC version[0m
gcc (Ubuntu/Linaro 4.6.3-1ubuntu5) 4.6.3
Copyright (C) 2011 Free Software Foundation, Inc.
This is free software; see the source for copying conditions.  There is NO
warranty; not even for MERCHANTABILITY or FITNESS FOR A PARTICULAR PURPOSE.

[34m[1mLLVM version[0m
clang version 3.4 (tags/RELEASE_34/final)
Target: x86_64-unknown-linux-gnu
Thread model: posix
[34m[1mPre-installed Ruby versions[0m
ruby-1.9.3-p551
[34m[1mPre-installed Node.js versions[0m
v0.10.36
[34m[1mPre-installed Go versions[0m
1.4.1
[34m[1mRedis version[0m
redis-server 2.8.19
[34m[1mriak version[0m
2.0.2
[34m[1mMongoDB version[0m
MongoDB 2.4.12
[34m[1mCouchDB version[0m
couchdb 1.6.1
[34m[1mNeo4j version[0m
1.9.4
[34m[1mRabbitMQ Version[0m
3.4.3
[34m[1mElasticSearch version[0m
1.4.0
[34m[1mInstalled Sphinx versions[0m
2.0.10
2.1.9
2.2.6
[34m[1mDefault Sphinx version[0m
2.2.6
[34m[1mInstalled Firefox version[0m
firefox 31.0esr
[34m[1mPhantomJS version[0m
1.9.8
[34m[1mant -version[0m
Apache Ant(TM) version 1.8.2 compiled on December 3 2011
[34m[1mmvn -version[0m
Apache Maven 3.2.5 (12a6b3acb947671f09b81f49094c53f426d8cea1; 2014-12-14T17:29:23+00:00)
Maven home: /usr/local/maven
Java version: 1.7.0_76, vendor: Oracle Corporation
Java home: /usr/lib/jvm/java-7-oracle/jre
Default locale: en_US, platform encoding: ANSI_X3.4-1968
OS name: "linux", version: "3.13.0-29-generic", arch: "amd64", family: "unix"
travis_fold:end:system_info[0K
travis_fold:start:fix.CVE-2015-7547[0K$ export DEBIAN_FRONTEND=noninteractive
W: Size of file /var/lib/apt/lists/us.archive.ubuntu.com_ubuntu_dists_precise-backports_multiverse_source_Sources.gz is not what the server reported 5886 5888
W: Size of file /var/lib/apt/lists/ppa.launchpad.net_ubuntugis_ppa_ubuntu_dists_precise_main_binary-amd64_Packages.gz is not what the server reported 36669 36677
W: Size of file /var/lib/apt/lists/ppa.launchpad.net_ubuntugis_ppa_ubuntu_dists_precise_main_binary-i386_Packages.gz is not what the server reported 36729 36733
Reading package lists...
Building dependency tree...
Reading state information...
The following extra packages will be installed:
  libc-bin libc-dev-bin libc6-dev
Suggested packages:
  glibc-doc
The following packages will be upgraded:
  libc-bin libc-dev-bin libc6 libc6-dev
4 upgraded, 0 newly installed, 0 to remove and 225 not upgraded.
Need to get 8,844 kB of archives.
After this operation, 9,216 B disk space will be freed.
Get:1 http://us.archive.ubuntu.com/ubuntu/ precise-updates/main libc6-dev amd64 2.15-0ubuntu10.13 [2,943 kB]
Get:2 http://us.archive.ubuntu.com/ubuntu/ precise-updates/main libc-dev-bin amd64 2.15-0ubuntu10.13 [84.7 kB]
Get:3 http://us.archive.ubuntu.com/ubuntu/ precise-updates/main libc-bin amd64 2.15-0ubuntu10.13 [1,179 kB]
Get:4 http://us.archive.ubuntu.com/ubuntu/ precise-updates/main libc6 amd64 2.15-0ubuntu10.13 [4,637 kB]
Fetched 8,844 kB in 0s (26.8 MB/s)
Preconfiguring packages ...
(Reading database ... (Reading database ... 5%(Reading database ... 10%(Reading database ... 15%(Reading database ... 20%(Reading database ... 25%(Reading database ... 30%(Reading database ... 35%(Reading database ... 40%(Reading database ... 45%(Reading database ... 50%(Reading database ... 55%(Reading database ... 60%(Reading database ... 65%(Reading database ... 70%(Reading database ... 75%(Reading database ... 80%(Reading database ... 85%(Reading database ... 90%(Reading database ... 95%(Reading database ... 100%(Reading database ... 72019 files and directories currently installed.)
Preparing to replace libc6-dev 2.15-0ubuntu10.10 (using .../libc6-dev_2.15-0ubuntu10.13_amd64.deb) ...
Unpacking replacement libc6-dev ...
Preparing to replace libc-dev-bin 2.15-0ubuntu10.10 (using .../libc-dev-bin_2.15-0ubuntu10.13_amd64.deb) ...
Unpacking replacement libc-dev-bin ...
Preparing to replace libc-bin 2.15-0ubuntu10.10 (using .../libc-bin_2.15-0ubuntu10.13_amd64.deb) ...
Unpacking replacement libc-bin ...
Processing triggers for man-db ...
Setting up libc-bin (2.15-0ubuntu10.13) ...
(Reading database ... (Reading database ... 5%(Reading database ... 10%(Reading database ... 15%(Reading database ... 20%(Reading database ... 25%(Reading database ... 30%(Reading database ... 35%(Reading database ... 40%(Reading database ... 45%(Reading database ... 50%(Reading database ... 55%(Reading database ... 60%(Reading database ... 65%(Reading database ... 70%(Reading database ... 75%(Reading database ... 80%(Reading database ... 85%(Reading database ... 90%(Reading database ... 95%(Reading database ... 100%(Reading database ... 72019 files and directories currently installed.)
Preparing to replace libc6 2.15-0ubuntu10.10 (using .../libc6_2.15-0ubuntu10.13_amd64.deb) ...
Unpacking replacement libc6 ...
Setting up libc6 (2.15-0ubuntu10.13) ...
Setting up libc-dev-bin (2.15-0ubuntu10.13) ...
Setting up libc6-dev (2.15-0ubuntu10.13) ...
Processing triggers for libc-bin ...
ldconfig deferred processing now taking place
travis_fold:end:fix.CVE-2015-7547[0Ktravis_fold:start:git.checkout[0Ktravis_time:start:0e2621aa[0K$ git clone --depth=50 --branch=jw/pass-null-to-converters https://github.com/square/retrofit.git square/retrofit
Cloning into 'square/retrofit'...
remote: Counting objects: 1862, done.[K
remote: Compressing objects:   0% (1/854)   [Kremote: Compressing objects:   1% (9/854)   [Kremote: Compressing objects:   2% (18/854)   [Kremote: Compressing objects:   3% (26/854)   [Kremote: Compressing objects:   4% (35/854)   [Kremote: Compressing objects:   5% (43/854)   [Kremote: Compressing objects:   6% (52/854)   [Kremote: Compressing objects:   7% (60/854)   [Kremote: Compressing objects:   8% (69/854)   [Kremote: Compressing objects:   9% (77/854)   [Kremote: Compressing objects:  10% (86/854)   [Kremote: Compressing objects:  11% (94/854)   [Kremote: Compressing objects:  12% (103/854)   [Kremote: Compressing objects:  13% (112/854)   [Kremote: Compressing objects:  14% (120/854)   [Kremote: Compressing objects:  15% (129/854)   [Kremote: Compressing objects:  16% (137/854)   [Kremote: Compressing objects:  17% (146/854)   [Kremote: Compressing objects:  18% (154/854)   [Kremote: Compressing objects:  19% (163/854)   [Kremote: Compressing objects:  20% (171/854)   [Kremote: Compressing objects:  21% (180/854)   [Kremote: Compressing objects:  22% (188/854)   [Kremote: Compressing objects:  23% (197/854)   [Kremote: Compressing objects:  24% (205/854)   [Kremote: Compressing objects:  25% (214/854)   [Kremote: Compressing objects:  26% (223/854)   [Kremote: Compressing objects:  27% (231/854)   [Kremote: Compressing objects:  28% (240/854)   [Kremote: Compressing objects:  29% (248/854)   [Kremote: Compressing objects:  30% (257/854)   [Kremote: Compressing objects:  31% (265/854)   [Kremote: Compressing objects:  32% (274/854)   [Kremote: Compressing objects:  33% (282/854)   [Kremote: Compressing objects:  34% (291/854)   [Kremote: Compressing objects:  35% (299/854)   [Kremote: Compressing objects:  36% (308/854)   [Kremote: Compressing objects:  37% (316/854)   [Kremote: Compressing objects:  38% (325/854)   [Kremote: Compressing objects:  39% (334/854)   [Kremote: Compressing objects:  40% (342/854)   [Kremote: Compressing objects:  41% (351/854)   [Kremote: Compressing objects:  42% (359/854)   [Kremote: Compressing objects:  43% (368/854)   [Kremote: Compressing objects:  44% (376/854)   [Kremote: Compressing objects:  45% (385/854)   [Kremote: Compressing objects:  46% (393/854)   [Kremote: Compressing objects:  47% (402/854)   [Kremote: Compressing objects:  48% (410/854)   [Kremote: Compressing objects:  49% (419/854)   [Kremote: Compressing objects:  50% (427/854)   [Kremote: Compressing objects:  51% (436/854)   [Kremote: Compressing objects:  52% (445/854)   [Kremote: Compressing objects:  53% (453/854)   [Kremote: Compressing objects:  54% (462/854)   [Kremote: Compressing objects:  55% (470/854)   [Kremote: Compressing objects:  56% (479/854)   [Kremote: Compressing objects:  57% (487/854)   [Kremote: Compressing objects:  58% (496/854)   [Kremote: Compressing objects:  59% (504/854)   [Kremote: Compressing objects:  60% (513/854)   [Kremote: Compressing objects:  61% (521/854)   [Kremote: Compressing objects:  62% (530/854)   [Kremote: Compressing objects:  63% (539/854)   [Kremote: Compressing objects:  64% (547/854)   [Kremote: Compressing objects:  65% (556/854)   [Kremote: Compressing objects:  66% (564/854)   [Kremote: Compressing objects:  67% (573/854)   [Kremote: Compressing objects:  68% (581/854)   [Kremote: Compressing objects:  69% (590/854)   [Kremote: Compressing objects:  70% (598/854)   [Kremote: Compressing objects:  71% (607/854)   [Kremote: Compressing objects:  72% (615/854)   [Kremote: Compressing objects:  73% (624/854)   [Kremote: Compressing objects:  74% (632/854)   [Kremote: Compressing objects:  75% (641/854)   [Kremote: Compressing objects:  76% (650/854)   [Kremote: Compressing objects:  77% (658/854)   [Kremote: Compressing objects:  78% (667/854)   [Kremote: Compressing objects:  79% (675/854)   [Kremote: Compressing objects:  80% (684/854)   [Kremote: Compressing objects:  81% (692/854)   [Kremote: Compressing objects:  82% (701/854)   [Kremote: Compressing objects:  83% (709/854)   [Kremote: Compressing objects:  84% (718/854)   [Kremote: Compressing objects:  85% (726/854)   [Kremote: Compressing objects:  86% (735/854)   [Kremote: Compressing objects:  87% (743/854)   [Kremote: Compressing objects:  88% (752/854)   [Kremote: Compressing objects:  89% (761/854)   [Kremote: Compressing objects:  90% (769/854)   [Kremote: Compressing objects:  91% (778/854)   [Kremote: Compressing objects:  92% (786/854)   [Kremote: Compressing objects:  93% (795/854)   [Kremote: Compressing objects:  94% (803/854)   [Kremote: Compressing objects:  95% (812/854)   [Kremote: Compressing objects:  96% (820/854)   [Kremote: Compressing objects:  97% (829/854)   [Kremote: Compressing objects:  98% (837/854)   [Kremote: Compressing objects:  99% (846/854)   [Kremote: Compressing objects: 100% (854/854)   [Kremote: Compressing objects: 100% (854/854), done.[K
Receiving objects:   0% (1/1862)   Receiving objects:   1% (19/1862)   Receiving objects:   2% (38/1862)   Receiving objects:   3% (56/1862)   Receiving objects:   4% (75/1862)   Receiving objects:   5% (94/1862)   Receiving objects:   6% (112/1862)   Receiving objects:   7% (131/1862)   Receiving objects:   8% (149/1862)   Receiving objects:   9% (168/1862)   Receiving objects:  10% (187/1862)   Receiving objects:  11% (205/1862)   Receiving objects:  12% (224/1862)   Receiving objects:  13% (243/1862)   Receiving objects:  14% (261/1862)   Receiving objects:  15% (280/1862)   Receiving objects:  16% (298/1862)   Receiving objects:  17% (317/1862)   Receiving objects:  18% (336/1862)   Receiving objects:  19% (354/1862)   Receiving objects:  20% (373/1862)   Receiving objects:  21% (392/1862)   Receiving objects:  22% (410/1862)   Receiving objects:  23% (429/1862)   Receiving objects:  24% (447/1862)   Receiving objects:  25% (466/1862)   Receiving objects:  26% (485/1862)   Receiving objects:  27% (503/1862)   Receiving objects:  28% (522/1862)   Receiving objects:  29% (540/1862)   Receiving objects:  30% (559/1862)   Receiving objects:  31% (578/1862)   Receiving objects:  32% (596/1862)   Receiving objects:  33% (615/1862)   Receiving objects:  34% (634/1862)   Receiving objects:  35% (652/1862)   Receiving objects:  36% (671/1862)   Receiving objects:  37% (689/1862)   Receiving objects:  38% (708/1862)   Receiving objects:  39% (727/1862)   Receiving objects:  40% (745/1862)   Receiving objects:  41% (764/1862)   Receiving objects:  42% (783/1862)   Receiving objects:  43% (801/1862)   Receiving objects:  44% (820/1862)   Receiving objects:  45% (838/1862)   Receiving objects:  46% (857/1862)   Receiving objects:  47% (876/1862)   Receiving objects:  48% (894/1862)   Receiving objects:  49% (913/1862)   Receiving objects:  50% (931/1862)   Receiving objects:  51% (950/1862)   Receiving objects:  52% (969/1862)   Receiving objects:  53% (987/1862)   Receiving objects:  54% (1006/1862)   Receiving objects:  55% (1025/1862)   Receiving objects:  56% (1043/1862)   Receiving objects:  57% (1062/1862)   Receiving objects:  58% (1080/1862)   Receiving objects:  59% (1099/1862)   Receiving objects:  60% (1118/1862)   Receiving objects:  61% (1136/1862)   Receiving objects:  62% (1155/1862)   Receiving objects:  63% (1174/1862)   Receiving objects:  64% (1192/1862)   Receiving objects:  65% (1211/1862)   Receiving objects:  66% (1229/1862)   Receiving objects:  67% (1248/1862)   Receiving objects:  68% (1267/1862)   Receiving objects:  69% (1285/1862)   Receiving objects:  70% (1304/1862)   Receiving objects:  71% (1323/1862)   Receiving objects:  72% (1341/1862)   Receiving objects:  73% (1360/1862)   Receiving objects:  74% (1378/1862)   Receiving objects:  75% (1397/1862)   Receiving objects:  76% (1416/1862)   Receiving objects:  77% (1434/1862)   Receiving objects:  78% (1453/1862)   Receiving objects:  79% (1471/1862)   Receiving objects:  80% (1490/1862)   Receiving objects:  81% (1509/1862)   Receiving objects:  82% (1527/1862)   Receiving objects:  83% (1546/1862)   Receiving objects:  84% (1565/1862)   remote: Total 1862 (delta 687), reused 1587 (delta 464), pack-reused 0[K
Receiving objects:  85% (1583/1862)   Receiving objects:  86% (1602/1862)   Receiving objects:  87% (1620/1862)   Receiving objects:  88% (1639/1862)   Receiving objects:  89% (1658/1862)   Receiving objects:  90% (1676/1862)   Receiving objects:  91% (1695/1862)   Receiving objects:  92% (1714/1862)   Receiving objects:  93% (1732/1862)   Receiving objects:  94% (1751/1862)   Receiving objects:  95% (1769/1862)   Receiving objects:  96% (1788/1862)   Receiving objects:  97% (1807/1862)   Receiving objects:  98% (1825/1862)   Receiving objects:  99% (1844/1862)   Receiving objects: 100% (1862/1862)   Receiving objects: 100% (1862/1862), 387.72 KiB | 0 bytes/s, done.
Resolving deltas:   0% (0/687)   Resolving deltas:   1% (10/687)   Resolving deltas:   4% (29/687)   Resolving deltas:  11% (79/687)   Resolving deltas:  13% (91/687)   Resolving deltas:  15% (104/687)   Resolving deltas:  17% (120/687)   Resolving deltas:  21% (147/687)   Resolving deltas:  22% (155/687)   Resolving deltas:  24% (166/687)   Resolving deltas:  25% (174/687)   Resolving deltas:  30% (209/687)   Resolving deltas:  33% (228/687)   Resolving deltas:  35% (241/687)   Resolving deltas:  38% (262/687)   Resolving deltas:  39% (268/687)   Resolving deltas:  40% (275/687)   Resolving deltas:  43% (300/687)   Resolving deltas:  44% (306/687)   Resolving deltas:  45% (312/687)   Resolving deltas:  46% (318/687)   Resolving deltas:  47% (328/687)   Resolving deltas:  48% (330/687)   Resolving deltas:  49% (338/687)   Resolving deltas:  51% (357/687)   Resolving deltas:  52% (358/687)   Resolving deltas:  53% (366/687)   Resolving deltas:  54% (375/687)   Resolving deltas:  55% (382/687)   Resolving deltas:  56% (389/687)   Resolving deltas:  57% (397/687)   Resolving deltas:  58% (401/687)   Resolving deltas:  59% (410/687)   Resolving deltas:  60% (415/687)   Resolving deltas:  62% (430/687)   Resolving deltas:  63% (433/687)   Resolving deltas:  64% (442/687)   Resolving deltas:  66% (459/687)   Resolving deltas:  69% (475/687)   Resolving deltas:  70% (482/687)   Resolving deltas:  71% (491/687)   Resolving deltas:  72% (497/687)   Resolving deltas:  75% (520/687)   Resolving deltas:  76% (525/687)   Resolving deltas:  78% (537/687)   Resolving deltas:  79% (543/687)   Resolving deltas:  80% (550/687)   Resolving deltas:  81% (558/687)   Resolving deltas:  82% (570/687)   Resolving deltas:  83% (575/687)   Resolving deltas:  84% (583/687)   Resolving deltas:  85% (588/687)   Resolving deltas:  86% (592/687)   Resolving deltas:  87% (600/687)   Resolving deltas:  88% (610/687)   Resolving deltas:  89% (613/687)   Resolving deltas:  90% (620/687)   Resolving deltas:  91% (629/687)   Resolving deltas:  92% (635/687)   Resolving deltas:  93% (641/687)   Resolving deltas:  96% (660/687)   Resolving deltas:  97% (669/687)   Resolving deltas:  98% (674/687)   Resolving deltas:  99% (684/687)   Resolving deltas: 100% (687/687)   Resolving deltas: 100% (687/687), done.
Checking connectivity... done.

travis_time:end:0e2621aa:start=1456898880723346748,finish=1456898881236023748,duration=512677000[0K$ cd square/retrofit
$ git checkout -qf e05ef58a18eff0b087c98beab384c6715a06c7c1
travis_fold:end:git.checkout[0K
[33;1mThis job is running on container-based infrastructure, which does not allow use of 'sudo', setuid and setguid executables.[0m
[33;1mIf you require sudo, add 'sudo: required' to your .travis.yml[0m
[33;1mSee https://docs.travis-ci.com/user/workers/container-based-infrastructure/ for details.[0m

[33;1mSetting environment variables from .travis.yml[0m
$ export CI_DEPLOY_USERNAME=[secure]
$ export CI_DEPLOY_PASSWORD=[secure]

$ jdk_switcher use oraclejdk8
Switching to Oracle JDK8 (java-8-oracle), JAVA_HOME will be set to /usr/lib/jvm/java-8-oracle
travis_fold:start:cache.1[0KSetting up build cache
$ export CASHER_DIR=$HOME/.casher
travis_time:start:070be75a[0K$ Installing caching utilities

travis_time:end:070be75a:start=1456898882692478989,finish=1456898882748957174,duration=56478185[0Ktravis_time:start:3372d692[0K
travis_time:end:3372d692:start=1456898882753495981,finish=1456898882756498046,duration=3002065[0Ktravis_time:start:1465ea53[0K[32;1mattempting to download cache archive[0m
[32;1mfetching jwpass-null-to-converters/cache--jdk-oraclejdk8.tgz[0m
[32;1mfound cache[0m

travis_time:end:1465ea53:start=1456898882760104497,finish=1456898884441249762,duration=1681145265[0Ktravis_time:start:0eb5099c[0K
travis_time:end:0eb5099c:start=1456898884444958029,finish=1456898884448094218,duration=3136189[0Ktravis_time:start:027b0514[0K[32;1madding /home/travis/.m2 to cache[0m

travis_time:end:027b0514:start=1456898884451673229,finish=1456898886021569707,duration=1569896478[0Ktravis_fold:end:cache.1[0K$ java -Xmx32m -version
java version "1.8.0_31"
Java(TM) SE Runtime Environment (build 1.8.0_31-b13)
Java HotSpot(TM) 64-Bit Server VM (build 25.31-b07, mixed mode)
$ javac -J-Xmx32m -version
javac 1.8.0_31
travis_fold:start:install[0Ktravis_time:start:27c0f20c[0K$ mvn install -DskipTests=true -Dmaven.javadoc.skip=true -B -V
Java HotSpot(TM) 64-Bit Server VM warning: ignoring option MaxPermSize=192m; support was removed in 8.0
Apache Maven 3.2.5 (12a6b3acb947671f09b81f49094c53f426d8cea1; 2014-12-14T17:29:23+00:00)
Maven home: /usr/local/maven
Java version: 1.8.0_31, vendor: Oracle Corporation
Java home: /usr/lib/jvm/java-8-oracle/jre
Default locale: en_US, platform encoding: UTF-8
OS name: "linux", version: "3.13.0-40-generic", arch: "amd64", family: "unix"
[INFO] Scanning for projects...
[WARNING] 
[WARNING] Some problems were encountered while building the effective model for com.squareup.retrofit2:samples:jar:2.0.0-SNAPSHOT
[WARNING] 'build.plugins.plugin.version' for org.apache.maven.plugins:maven-deploy-plugin is missing. @ com.squareup.retrofit2:samples:[unknown-version], /home/travis/build/square/retrofit/samples/pom.xml, line 50, column 15
[WARNING] 
[WARNING] It is highly recommended to fix these problems because they threaten the stability of your build.
[WARNING] 
[WARNING] For this reason, future Maven versions might no longer support building such malformed projects.
[WARNING] 
[INFO] ------------------------------------------------------------------------
[INFO] Reactor Build Order:
[INFO] 
[INFO] Retrofit (Parent)
[INFO] Retrofit
[INFO] Adapters
[INFO] Adapter: Guava
[INFO] Adapter: Java 8
[INFO] Adapter: RxJava
[INFO] Converters
[INFO] Converter: Gson
[INFO] Converter: Protocol Buffers
[INFO] Converter: Jackson
[INFO] Converter: Wire Protocol Buffers
[INFO] Converter: SimpleXML
[INFO] Converter: Java Scalars
[INFO] Converter: Moshi
[INFO] Retrofit Mock Adapter
[INFO] Samples
[INFO]                                                                         
[INFO] ------------------------------------------------------------------------
[INFO] Building Retrofit (Parent) 2.0.0-SNAPSHOT
[INFO] ------------------------------------------------------------------------
[INFO] 
[INFO] --- maven-enforcer-plugin:1.0:enforce (enforce-maven) @ parent ---
[INFO] 
[INFO] --- animal-sniffer-maven-plugin:1.14:check (default) @ parent ---
[INFO] Checking unresolved references to org.codehaus.mojo.signature:java16:1.1
[INFO] 
[INFO] --- maven-javadoc-plugin:2.10.3:jar (attach-javadocs) @ parent ---
[INFO] Skipping javadoc generation
[INFO] 
[INFO] --- maven-checkstyle-plugin:2.15:checkstyle (default) @ parent ---
[INFO] 
[INFO] --- maven-install-plugin:2.4:install (default-install) @ parent ---
[INFO] Installing /home/travis/build/square/retrofit/pom.xml to /home/travis/.m2/repository/com/squareup/retrofit2/parent/2.0.0-SNAPSHOT/parent-2.0.0-SNAPSHOT.pom
[INFO]                                                                         
[INFO] ------------------------------------------------------------------------
[INFO] Building Retrofit 2.0.0-SNAPSHOT
[INFO] ------------------------------------------------------------------------
[INFO] 
[INFO] --- maven-enforcer-plugin:1.0:enforce (enforce-maven) @ retrofit ---
[INFO] 
[INFO] --- maven-resources-plugin:2.6:resources (default-resources) @ retrofit ---
[INFO] Using 'UTF-8' encoding to copy filtered resources.
[INFO] skip non existing resourceDirectory /home/travis/build/square/retrofit/retrofit/src/main/resources
[INFO] 
[INFO] --- maven-compiler-plugin:3.0:compile (default-compile) @ retrofit ---
[INFO] Changes detected - recompiling the module!
[INFO] Compiling 43 source files to /home/travis/build/square/retrofit/retrofit/target/classes
[WARNING] /home/travis/build/square/retrofit/retrofit/src/main/java/retrofit2/Retrofit.java: Some input files use unchecked or unsafe operations.
[WARNING] /home/travis/build/square/retrofit/retrofit/src/main/java/retrofit2/Retrofit.java: Recompile with -Xlint:unchecked for details.
[INFO] 
[INFO] --- maven-resources-plugin:2.6:testResources (default-testResources) @ retrofit ---
[INFO] Using 'UTF-8' encoding to copy filtered resources.
[INFO] skip non existing resourceDirectory /home/travis/build/square/retrofit/retrofit/src/test/resources
[INFO] 
[INFO] --- maven-compiler-plugin:3.0:testCompile (default-testCompile) @ retrofit ---
[INFO] Changes detected - recompiling the module!
[INFO] Compiling 13 source files to /home/travis/build/square/retrofit/retrofit/target/test-classes
[WARNING] /home/travis/build/square/retrofit/retrofit/src/test/java/retrofit2/RetrofitTest.java: /home/travis/build/square/retrofit/retrofit/src/test/java/retrofit2/RetrofitTest.java uses unchecked or unsafe operations.
[WARNING] /home/travis/build/square/retrofit/retrofit/src/test/java/retrofit2/RetrofitTest.java: Recompile with -Xlint:unchecked for details.
[INFO] 
[INFO] --- maven-surefire-plugin:2.12.4:test (default-test) @ retrofit ---
[INFO] Tests are skipped.
[INFO] 
[INFO] --- animal-sniffer-maven-plugin:1.14:check (default) @ retrofit ---
[INFO] Checking unresolved references to org.codehaus.mojo.signature:java16:1.1
[INFO] 
[INFO] --- maven-jar-plugin:2.4:jar (default-jar) @ retrofit ---
[INFO] Building jar: /home/travis/build/square/retrofit/retrofit/target/retrofit-2.0.0-SNAPSHOT.jar
[INFO] 
[INFO] --- maven-javadoc-plugin:2.10.3:jar (attach-javadocs) @ retrofit ---
[INFO] Skipping javadoc generation
[INFO] 
[INFO] --- maven-checkstyle-plugin:2.15:checkstyle (default) @ retrofit ---
[INFO] Starting audit...
Audit done.
[WARNING] Unable to locate Source XRef to link to - DISABLED
[INFO] 
[INFO] --- maven-install-plugin:2.4:install (default-install) @ retrofit ---
[INFO] Installing /home/travis/build/square/retrofit/retrofit/target/retrofit-2.0.0-SNAPSHOT.jar to /home/travis/.m2/repository/com/squareup/retrofit2/retrofit/2.0.0-SNAPSHOT/retrofit-2.0.0-SNAPSHOT.jar
[INFO] Installing /home/travis/build/square/retrofit/retrofit/pom.xml to /home/travis/.m2/repository/com/squareup/retrofit2/retrofit/2.0.0-SNAPSHOT/retrofit-2.0.0-SNAPSHOT.pom
[INFO]                                                                         
[INFO] ------------------------------------------------------------------------
[INFO] Building Adapters 2.0.0-SNAPSHOT
[INFO] ------------------------------------------------------------------------
[INFO] 
[INFO] --- maven-enforcer-plugin:1.0:enforce (enforce-maven) @ retrofit-adapters ---
[INFO] 
[INFO] --- animal-sniffer-maven-plugin:1.14:check (default) @ retrofit-adapters ---
[INFO] Checking unresolved references to org.codehaus.mojo.signature:java16:1.1
[INFO] 
[INFO] --- maven-javadoc-plugin:2.10.3:jar (attach-javadocs) @ retrofit-adapters ---
[INFO] Skipping javadoc generation
[INFO] 
[INFO] --- maven-checkstyle-plugin:2.15:checkstyle (default) @ retrofit-adapters ---
[INFO] 
[INFO] --- maven-install-plugin:2.4:install (default-install) @ retrofit-adapters ---
[INFO] Installing /home/travis/build/square/retrofit/retrofit-adapters/pom.xml to /home/travis/.m2/repository/com/squareup/retrofit2/retrofit-adapters/2.0.0-SNAPSHOT/retrofit-adapters-2.0.0-SNAPSHOT.pom
[INFO]                                                                         
[INFO] ------------------------------------------------------------------------
[INFO] Building Adapter: Guava 2.0.0-SNAPSHOT
[INFO] ------------------------------------------------------------------------
[INFO] 
[INFO] --- maven-enforcer-plugin:1.0:enforce (enforce-maven) @ adapter-guava ---
[INFO] 
[INFO] --- maven-resources-plugin:2.6:resources (default-resources) @ adapter-guava ---
[INFO] Using 'UTF-8' encoding to copy filtered resources.
[INFO] skip non existing resourceDirectory /home/travis/build/square/retrofit/retrofit-adapters/guava/src/main/resources
[INFO] 
[INFO] --- maven-compiler-plugin:3.0:compile (default-compile) @ adapter-guava ---
[INFO] Changes detected - recompiling the module!
[INFO] Compiling 2 source files to /home/travis/build/square/retrofit/retrofit-adapters/guava/target/classes
[INFO] 
[INFO] --- maven-resources-plugin:2.6:testResources (default-testResources) @ adapter-guava ---
[INFO] Using 'UTF-8' encoding to copy filtered resources.
[INFO] skip non existing resourceDirectory /home/travis/build/square/retrofit/retrofit-adapters/guava/src/test/resources
[INFO] 
[INFO] --- maven-compiler-plugin:3.0:testCompile (default-testCompile) @ adapter-guava ---
[INFO] Changes detected - recompiling the module!
[INFO] Compiling 3 source files to /home/travis/build/square/retrofit/retrofit-adapters/guava/target/test-classes
[INFO] 
[INFO] --- maven-surefire-plugin:2.12.4:test (default-test) @ adapter-guava ---
[INFO] Tests are skipped.
[INFO] 
[INFO] --- animal-sniffer-maven-plugin:1.14:check (default) @ adapter-guava ---
[INFO] Checking unresolved references to org.codehaus.mojo.signature:java16:1.1
[INFO] 
[INFO] --- maven-jar-plugin:2.4:jar (default-jar) @ adapter-guava ---
[INFO] Building jar: /home/travis/build/square/retrofit/retrofit-adapters/guava/target/adapter-guava-2.0.0-SNAPSHOT.jar
[INFO] 
[INFO] --- maven-javadoc-plugin:2.10.3:jar (attach-javadocs) @ adapter-guava ---
[INFO] Skipping javadoc generation
[INFO] 
[INFO] --- maven-checkstyle-plugin:2.15:checkstyle (default) @ adapter-guava ---
[INFO] Starting audit...
Audit done.
[WARNING] Unable to locate Source XRef to link to - DISABLED
[INFO] 
[INFO] --- maven-install-plugin:2.4:install (default-install) @ adapter-guava ---
[INFO] Installing /home/travis/build/square/retrofit/retrofit-adapters/guava/target/adapter-guava-2.0.0-SNAPSHOT.jar to /home/travis/.m2/repository/com/squareup/retrofit2/adapter-guava/2.0.0-SNAPSHOT/adapter-guava-2.0.0-SNAPSHOT.jar
[INFO] Installing /home/travis/build/square/retrofit/retrofit-adapters/guava/pom.xml to /home/travis/.m2/repository/com/squareup/retrofit2/adapter-guava/2.0.0-SNAPSHOT/adapter-guava-2.0.0-SNAPSHOT.pom
[INFO]                                                                         
[INFO] ------------------------------------------------------------------------
[INFO] Building Adapter: Java 8 2.0.0-SNAPSHOT
[INFO] ------------------------------------------------------------------------
[INFO] 
[INFO] --- maven-enforcer-plugin:1.0:enforce (enforce-maven) @ adapter-java8 ---
[INFO] 
[INFO] --- maven-resources-plugin:2.6:resources (default-resources) @ adapter-java8 ---
[INFO] Using 'UTF-8' encoding to copy filtered resources.
[INFO] skip non existing resourceDirectory /home/travis/build/square/retrofit/retrofit-adapters/java8/src/main/resources
[INFO] 
[INFO] --- maven-compiler-plugin:3.0:compile (default-compile) @ adapter-java8 ---
[INFO] Changes detected - recompiling the module!
[INFO] Compiling 2 source files to /home/travis/build/square/retrofit/retrofit-adapters/java8/target/classes
[INFO] 
[INFO] --- maven-resources-plugin:2.6:testResources (default-testResources) @ adapter-java8 ---
[INFO] Using 'UTF-8' encoding to copy filtered resources.
[INFO] skip non existing resourceDirectory /home/travis/build/square/retrofit/retrofit-adapters/java8/src/test/resources
[INFO] 
[INFO] --- maven-compiler-plugin:3.0:testCompile (default-testCompile) @ adapter-java8 ---
[INFO] Changes detected - recompiling the module!
[INFO] Compiling 3 source files to /home/travis/build/square/retrofit/retrofit-adapters/java8/target/test-classes
[INFO] 
[INFO] --- maven-surefire-plugin:2.12.4:test (default-test) @ adapter-java8 ---
[INFO] Tests are skipped.
[INFO] 
[INFO] --- animal-sniffer-maven-plugin:1.14:check (default) @ adapter-java8 ---
[INFO] Checking unresolved references to org.kaazing.mojo.signature:java18:1.0
[INFO] 
[INFO] --- maven-jar-plugin:2.4:jar (default-jar) @ adapter-java8 ---
[INFO] Building jar: /home/travis/build/square/retrofit/retrofit-adapters/java8/target/adapter-java8-2.0.0-SNAPSHOT.jar
[INFO] 
[INFO] --- maven-javadoc-plugin:2.10.3:jar (attach-javadocs) @ adapter-java8 ---
[INFO] Skipping javadoc generation
[INFO] 
[INFO] --- maven-checkstyle-plugin:2.15:checkstyle (default) @ adapter-java8 ---
[INFO] Starting audit...
Audit done.
[WARNING] Unable to locate Source XRef to link to - DISABLED
[INFO] 
[INFO] --- maven-install-plugin:2.4:install (default-install) @ adapter-java8 ---
[INFO] Installing /home/travis/build/square/retrofit/retrofit-adapters/java8/target/adapter-java8-2.0.0-SNAPSHOT.jar to /home/travis/.m2/repository/com/squareup/retrofit2/adapter-java8/2.0.0-SNAPSHOT/adapter-java8-2.0.0-SNAPSHOT.jar
[INFO] Installing /home/travis/build/square/retrofit/retrofit-adapters/java8/pom.xml to /home/travis/.m2/repository/com/squareup/retrofit2/adapter-java8/2.0.0-SNAPSHOT/adapter-java8-2.0.0-SNAPSHOT.pom
[INFO]                                                                         
[INFO] ------------------------------------------------------------------------
[INFO] Building Adapter: RxJava 2.0.0-SNAPSHOT
[INFO] ------------------------------------------------------------------------
[INFO] 
[INFO] --- maven-enforcer-plugin:1.0:enforce (enforce-maven) @ adapter-rxjava ---
[INFO] 
[INFO] --- maven-resources-plugin:2.6:resources (default-resources) @ adapter-rxjava ---
[INFO] Using 'UTF-8' encoding to copy filtered resources.
[INFO] skip non existing resourceDirectory /home/travis/build/square/retrofit/retrofit-adapters/rxjava/src/main/resources
[INFO] 
[INFO] --- maven-compiler-plugin:3.0:compile (default-compile) @ adapter-rxjava ---
[INFO] Changes detected - recompiling the module!
[INFO] Compiling 5 source files to /home/travis/build/square/retrofit/retrofit-adapters/rxjava/target/classes
[INFO] 
[INFO] --- maven-resources-plugin:2.6:testResources (default-testResources) @ adapter-rxjava ---
[INFO] Using 'UTF-8' encoding to copy filtered resources.
[INFO] skip non existing resourceDirectory /home/travis/build/square/retrofit/retrofit-adapters/rxjava/src/test/resources
[INFO] 
[INFO] --- maven-compiler-plugin:3.0:testCompile (default-testCompile) @ adapter-rxjava ---
[INFO] Changes detected - recompiling the module!
[INFO] Compiling 9 source files to /home/travis/build/square/retrofit/retrofit-adapters/rxjava/target/test-classes
[INFO] 
[INFO] --- maven-surefire-plugin:2.12.4:test (default-test) @ adapter-rxjava ---
[INFO] Tests are skipped.
[INFO] 
[INFO] --- animal-sniffer-maven-plugin:1.14:check (default) @ adapter-rxjava ---
[INFO] Checking unresolved references to org.codehaus.mojo.signature:java16:1.1
[INFO] 
[INFO] --- maven-jar-plugin:2.4:jar (default-jar) @ adapter-rxjava ---
[INFO] Building jar: /home/travis/build/square/retrofit/retrofit-adapters/rxjava/target/adapter-rxjava-2.0.0-SNAPSHOT.jar
[INFO] 
[INFO] --- maven-javadoc-plugin:2.10.3:jar (attach-javadocs) @ adapter-rxjava ---
[INFO] Skipping javadoc generation
[INFO] 
[INFO] --- maven-checkstyle-plugin:2.15:checkstyle (default) @ adapter-rxjava ---
[INFO] Starting audit...
Audit done.
[WARNING] Unable to locate Source XRef to link to - DISABLED
[INFO] 
[INFO] --- maven-install-plugin:2.4:install (default-install) @ adapter-rxjava ---
[INFO] Installing /home/travis/build/square/retrofit/retrofit-adapters/rxjava/target/adapter-rxjava-2.0.0-SNAPSHOT.jar to /home/travis/.m2/repository/com/squareup/retrofit2/adapter-rxjava/2.0.0-SNAPSHOT/adapter-rxjava-2.0.0-SNAPSHOT.jar
[INFO] Installing /home/travis/build/square/retrofit/retrofit-adapters/rxjava/pom.xml to /home/travis/.m2/repository/com/squareup/retrofit2/adapter-rxjava/2.0.0-SNAPSHOT/adapter-rxjava-2.0.0-SNAPSHOT.pom
[INFO]                                                                         
[INFO] ------------------------------------------------------------------------
[INFO] Building Converters 2.0.0-SNAPSHOT
[INFO] ------------------------------------------------------------------------
[INFO] 
[INFO] --- maven-enforcer-plugin:1.0:enforce (enforce-maven) @ retrofit-converters ---
[INFO] 
[INFO] --- animal-sniffer-maven-plugin:1.14:check (default) @ retrofit-converters ---
[INFO] Checking unresolved references to org.codehaus.mojo.signature:java16:1.1
[INFO] 
[INFO] --- maven-javadoc-plugin:2.10.3:jar (attach-javadocs) @ retrofit-converters ---
[INFO] Skipping javadoc generation
[INFO] 
[INFO] --- maven-checkstyle-plugin:2.15:checkstyle (default) @ retrofit-converters ---
[INFO] 
[INFO] --- maven-install-plugin:2.4:install (default-install) @ retrofit-converters ---
[INFO] Installing /home/travis/build/square/retrofit/retrofit-converters/pom.xml to /home/travis/.m2/repository/com/squareup/retrofit2/retrofit-converters/2.0.0-SNAPSHOT/retrofit-converters-2.0.0-SNAPSHOT.pom
[INFO]                                                                         
[INFO] ------------------------------------------------------------------------
[INFO] Building Converter: Gson 2.0.0-SNAPSHOT
[INFO] ------------------------------------------------------------------------
[INFO] 
[INFO] --- maven-enforcer-plugin:1.0:enforce (enforce-maven) @ converter-gson ---
[INFO] 
[INFO] --- maven-resources-plugin:2.6:resources (default-resources) @ converter-gson ---
[INFO] Using 'UTF-8' encoding to copy filtered resources.
[INFO] skip non existing resourceDirectory /home/travis/build/square/retrofit/retrofit-converters/gson/src/main/resources
[INFO] 
[INFO] --- maven-compiler-plugin:3.0:compile (default-compile) @ converter-gson ---
[INFO] Changes detected - recompiling the module!
[INFO] Compiling 3 source files to /home/travis/build/square/retrofit/retrofit-converters/gson/target/classes
[INFO] 
[INFO] --- maven-resources-plugin:2.6:testResources (default-testResources) @ converter-gson ---
[INFO] Using 'UTF-8' encoding to copy filtered resources.
[INFO] skip non existing resourceDirectory /home/travis/build/square/retrofit/retrofit-converters/gson/src/test/resources
[INFO] 
[INFO] --- maven-compiler-plugin:3.0:testCompile (default-testCompile) @ converter-gson ---
[INFO] Changes detected - recompiling the module!
[INFO] Compiling 1 source file to /home/travis/build/square/retrofit/retrofit-converters/gson/target/test-classes
[INFO] 
[INFO] --- maven-surefire-plugin:2.12.4:test (default-test) @ converter-gson ---
[INFO] Tests are skipped.
[INFO] 
[INFO] --- animal-sniffer-maven-plugin:1.14:check (default) @ converter-gson ---
[INFO] Checking unresolved references to org.codehaus.mojo.signature:java16:1.1
[INFO] 
[INFO] --- maven-jar-plugin:2.4:jar (default-jar) @ converter-gson ---
[INFO] Building jar: /home/travis/build/square/retrofit/retrofit-converters/gson/target/converter-gson-2.0.0-SNAPSHOT.jar
[INFO] 
[INFO] --- maven-javadoc-plugin:2.10.3:jar (attach-javadocs) @ converter-gson ---
[INFO] Skipping javadoc generation
[INFO] 
[INFO] --- maven-checkstyle-plugin:2.15:checkstyle (default) @ converter-gson ---
[INFO] Starting audit...
Audit done.
[WARNING] Unable to locate Source XRef to link to - DISABLED
[INFO] 
[INFO] --- maven-install-plugin:2.4:install (default-install) @ converter-gson ---
[INFO] Installing /home/travis/build/square/retrofit/retrofit-converters/gson/target/converter-gson-2.0.0-SNAPSHOT.jar to /home/travis/.m2/repository/com/squareup/retrofit2/converter-gson/2.0.0-SNAPSHOT/converter-gson-2.0.0-SNAPSHOT.jar
[INFO] Installing /home/travis/build/square/retrofit/retrofit-converters/gson/pom.xml to /home/travis/.m2/repository/com/squareup/retrofit2/converter-gson/2.0.0-SNAPSHOT/converter-gson-2.0.0-SNAPSHOT.pom
[INFO]                                                                         
[INFO] ------------------------------------------------------------------------
[INFO] Building Converter: Protocol Buffers 2.0.0-SNAPSHOT
[INFO] ------------------------------------------------------------------------
[INFO] 
[INFO] --- maven-enforcer-plugin:1.0:enforce (enforce-maven) @ converter-protobuf ---
[INFO] 
[INFO] --- maven-resources-plugin:2.6:resources (default-resources) @ converter-protobuf ---
[INFO] Using 'UTF-8' encoding to copy filtered resources.
[INFO] skip non existing resourceDirectory /home/travis/build/square/retrofit/retrofit-converters/protobuf/src/main/resources
[INFO] 
[INFO] --- maven-compiler-plugin:3.0:compile (default-compile) @ converter-protobuf ---
[INFO] Changes detected - recompiling the module!
[INFO] Compiling 3 source files to /home/travis/build/square/retrofit/retrofit-converters/protobuf/target/classes
[WARNING] /home/travis/build/square/retrofit/retrofit-converters/protobuf/src/main/java/retrofit2/converter/protobuf/ProtoConverterFactory.java: /home/travis/build/square/retrofit/retrofit-converters/protobuf/src/main/java/retrofit2/converter/protobuf/ProtoConverterFactory.java uses unchecked or unsafe operations.
[WARNING] /home/travis/build/square/retrofit/retrofit-converters/protobuf/src/main/java/retrofit2/converter/protobuf/ProtoConverterFactory.java: Recompile with -Xlint:unchecked for details.
[INFO] 
[INFO] --- maven-resources-plugin:2.6:testResources (default-testResources) @ converter-protobuf ---
[INFO] Using 'UTF-8' encoding to copy filtered resources.
[INFO] skip non existing resourceDirectory /home/travis/build/square/retrofit/retrofit-converters/protobuf/src/test/resources
[INFO] 
[INFO] --- maven-compiler-plugin:3.0:testCompile (default-testCompile) @ converter-protobuf ---
[INFO] Changes detected - recompiling the module!
[INFO] Compiling 2 source files to /home/travis/build/square/retrofit/retrofit-converters/protobuf/target/test-classes
[INFO] 
[INFO] --- maven-surefire-plugin:2.12.4:test (default-test) @ converter-protobuf ---
[INFO] Tests are skipped.
[INFO] 
[INFO] --- animal-sniffer-maven-plugin:1.14:check (default) @ converter-protobuf ---
[INFO] Checking unresolved references to org.codehaus.mojo.signature:java16:1.1
[INFO] 
[INFO] --- maven-jar-plugin:2.4:jar (default-jar) @ converter-protobuf ---
[INFO] Building jar: /home/travis/build/square/retrofit/retrofit-converters/protobuf/target/converter-protobuf-2.0.0-SNAPSHOT.jar
[INFO] 
[INFO] --- maven-javadoc-plugin:2.10.3:jar (attach-javadocs) @ converter-protobuf ---
[INFO] Skipping javadoc generation
[INFO] 
[INFO] --- maven-checkstyle-plugin:2.15:checkstyle (default) @ converter-protobuf ---
[INFO] Starting audit...
Audit done.
[WARNING] Unable to locate Source XRef to link to - DISABLED
[INFO] 
[INFO] --- maven-install-plugin:2.4:install (default-install) @ converter-protobuf ---
[INFO] Installing /home/travis/build/square/retrofit/retrofit-converters/protobuf/target/converter-protobuf-2.0.0-SNAPSHOT.jar to /home/travis/.m2/repository/com/squareup/retrofit2/converter-protobuf/2.0.0-SNAPSHOT/converter-protobuf-2.0.0-SNAPSHOT.jar
[INFO] Installing /home/travis/build/square/retrofit/retrofit-converters/protobuf/pom.xml to /home/travis/.m2/repository/com/squareup/retrofit2/converter-protobuf/2.0.0-SNAPSHOT/converter-protobuf-2.0.0-SNAPSHOT.pom
[INFO]                                                                         
[INFO] ------------------------------------------------------------------------
[INFO] Building Converter: Jackson 2.0.0-SNAPSHOT
[INFO] ------------------------------------------------------------------------
[INFO] 
[INFO] --- maven-enforcer-plugin:1.0:enforce (enforce-maven) @ converter-jackson ---
[INFO] 
[INFO] --- maven-resources-plugin:2.6:resources (default-resources) @ converter-jackson ---
[INFO] Using 'UTF-8' encoding to copy filtered resources.
[INFO] skip non existing resourceDirectory /home/travis/build/square/retrofit/retrofit-converters/jackson/src/main/resources
[INFO] 
[INFO] --- maven-compiler-plugin:3.0:compile (default-compile) @ converter-jackson ---
[INFO] Changes detected - recompiling the module!
[INFO] Compiling 3 source files to /home/travis/build/square/retrofit/retrofit-converters/jackson/target/classes
[WARNING] /home/travis/build/square/retrofit/retrofit-converters/jackson/src/main/java/retrofit2/converter/jackson/JacksonConverterFactory.java: /home/travis/build/square/retrofit/retrofit-converters/jackson/src/main/java/retrofit2/converter/jackson/JacksonConverterFactory.java uses or overrides a deprecated API.
[WARNING] /home/travis/build/square/retrofit/retrofit-converters/jackson/src/main/java/retrofit2/converter/jackson/JacksonConverterFactory.java: Recompile with -Xlint:deprecation for details.
[INFO] 
[INFO] --- maven-resources-plugin:2.6:testResources (default-testResources) @ converter-jackson ---
[INFO] Using 'UTF-8' encoding to copy filtered resources.
[INFO] skip non existing resourceDirectory /home/travis/build/square/retrofit/retrofit-converters/jackson/src/test/resources
[INFO] 
[INFO] --- maven-compiler-plugin:3.0:testCompile (default-testCompile) @ converter-jackson ---
[INFO] Changes detected - recompiling the module!
[INFO] Compiling 1 source file to /home/travis/build/square/retrofit/retrofit-converters/jackson/target/test-classes
[WARNING] /home/travis/build/square/retrofit/retrofit-converters/jackson/src/test/java/retrofit2/converter/jackson/JacksonConverterFactoryTest.java: /home/travis/build/square/retrofit/retrofit-converters/jackson/src/test/java/retrofit2/converter/jackson/JacksonConverterFactoryTest.java uses or overrides a deprecated API.
[WARNING] /home/travis/build/square/retrofit/retrofit-converters/jackson/src/test/java/retrofit2/converter/jackson/JacksonConverterFactoryTest.java: Recompile with -Xlint:deprecation for details.
[INFO] 
[INFO] --- maven-surefire-plugin:2.12.4:test (default-test) @ converter-jackson ---
[INFO] Tests are skipped.
[INFO] 
[INFO] --- animal-sniffer-maven-plugin:1.14:check (default) @ converter-jackson ---
[INFO] Checking unresolved references to org.codehaus.mojo.signature:java16:1.1
[INFO] 
[INFO] --- maven-jar-plugin:2.4:jar (default-jar) @ converter-jackson ---
[INFO] Building jar: /home/travis/build/square/retrofit/retrofit-converters/jackson/target/converter-jackson-2.0.0-SNAPSHOT.jar
[INFO] 
[INFO] --- maven-javadoc-plugin:2.10.3:jar (attach-javadocs) @ converter-jackson ---
[INFO] Skipping javadoc generation
[INFO] 
[INFO] --- maven-checkstyle-plugin:2.15:checkstyle (default) @ converter-jackson ---
[INFO] Starting audit...
Audit done.
[WARNING] Unable to locate Source XRef to link to - DISABLED
[INFO] 
[INFO] --- maven-install-plugin:2.4:install (default-install) @ converter-jackson ---
[INFO] Installing /home/travis/build/square/retrofit/retrofit-converters/jackson/target/converter-jackson-2.0.0-SNAPSHOT.jar to /home/travis/.m2/repository/com/squareup/retrofit2/converter-jackson/2.0.0-SNAPSHOT/converter-jackson-2.0.0-SNAPSHOT.jar
[INFO] Installing /home/travis/build/square/retrofit/retrofit-converters/jackson/pom.xml to /home/travis/.m2/repository/com/squareup/retrofit2/converter-jackson/2.0.0-SNAPSHOT/converter-jackson-2.0.0-SNAPSHOT.pom
[INFO]                                                                         
[INFO] ------------------------------------------------------------------------
[INFO] Building Converter: Wire Protocol Buffers 2.0.0-SNAPSHOT
[INFO] ------------------------------------------------------------------------
[INFO] 
[INFO] --- maven-enforcer-plugin:1.0:enforce (enforce-maven) @ converter-wire ---
[INFO] 
[INFO] --- maven-resources-plugin:2.6:resources (default-resources) @ converter-wire ---
[INFO] Using 'UTF-8' encoding to copy filtered resources.
[INFO] skip non existing resourceDirectory /home/travis/build/square/retrofit/retrofit-converters/wire/src/main/resources
[INFO] 
[INFO] --- maven-compiler-plugin:3.0:compile (default-compile) @ converter-wire ---
[INFO] Changes detected - recompiling the module!
[INFO] Compiling 3 source files to /home/travis/build/square/retrofit/retrofit-converters/wire/target/classes
[WARNING] /home/travis/build/square/retrofit/retrofit-converters/wire/src/main/java/retrofit2/converter/wire/WireConverterFactory.java: /home/travis/build/square/retrofit/retrofit-converters/wire/src/main/java/retrofit2/converter/wire/WireConverterFactory.java uses unchecked or unsafe operations.
[WARNING] /home/travis/build/square/retrofit/retrofit-converters/wire/src/main/java/retrofit2/converter/wire/WireConverterFactory.java: Recompile with -Xlint:unchecked for details.
[INFO] 
[INFO] --- maven-resources-plugin:2.6:testResources (default-testResources) @ converter-wire ---
[INFO] Using 'UTF-8' encoding to copy filtered resources.
[INFO] skip non existing resourceDirectory /home/travis/build/square/retrofit/retrofit-converters/wire/src/test/resources
[INFO] 
[INFO] --- maven-compiler-plugin:3.0:testCompile (default-testCompile) @ converter-wire ---
[INFO] Changes detected - recompiling the module!
[INFO] Compiling 2 source files to /home/travis/build/square/retrofit/retrofit-converters/wire/target/test-classes
[INFO] 
[INFO] --- maven-surefire-plugin:2.12.4:test (default-test) @ converter-wire ---
[INFO] Tests are skipped.
[INFO] 
[INFO] --- animal-sniffer-maven-plugin:1.14:check (default) @ converter-wire ---
[INFO] Checking unresolved references to org.codehaus.mojo.signature:java16:1.1
[INFO] 
[INFO] --- maven-jar-plugin:2.4:jar (default-jar) @ converter-wire ---
[INFO] Building jar: /home/travis/build/square/retrofit/retrofit-converters/wire/target/converter-wire-2.0.0-SNAPSHOT.jar
[INFO] 
[INFO] --- maven-javadoc-plugin:2.10.3:jar (attach-javadocs) @ converter-wire ---
[INFO] Skipping javadoc generation
[INFO] 
[INFO] --- maven-checkstyle-plugin:2.15:checkstyle (default) @ converter-wire ---
[INFO] Starting audit...
Audit done.
[WARNING] Unable to locate Source XRef to link to - DISABLED
[INFO] 
[INFO] --- maven-install-plugin:2.4:install (default-install) @ converter-wire ---
[INFO] Installing /home/travis/build/square/retrofit/retrofit-converters/wire/target/converter-wire-2.0.0-SNAPSHOT.jar to /home/travis/.m2/repository/com/squareup/retrofit2/converter-wire/2.0.0-SNAPSHOT/converter-wire-2.0.0-SNAPSHOT.jar
[INFO] Installing /home/travis/build/square/retrofit/retrofit-converters/wire/pom.xml to /home/travis/.m2/repository/com/squareup/retrofit2/converter-wire/2.0.0-SNAPSHOT/converter-wire-2.0.0-SNAPSHOT.pom
[INFO]                                                                         
[INFO] ------------------------------------------------------------------------
[INFO] Building Converter: SimpleXML 2.0.0-SNAPSHOT
[INFO] ------------------------------------------------------------------------
[INFO] 
[INFO] --- maven-enforcer-plugin:1.0:enforce (enforce-maven) @ converter-simplexml ---
[INFO] 
[INFO] --- maven-resources-plugin:2.6:resources (default-resources) @ converter-simplexml ---
[INFO] Using 'UTF-8' encoding to copy filtered resources.
[INFO] skip non existing resourceDirectory /home/travis/build/square/retrofit/retrofit-converters/simplexml/src/main/resources
[INFO] 
[INFO] --- maven-compiler-plugin:3.0:compile (default-compile) @ converter-simplexml ---
[INFO] Changes detected - recompiling the module!
[INFO] Compiling 3 source files to /home/travis/build/square/retrofit/retrofit-converters/simplexml/target/classes
[INFO] 
[INFO] --- maven-resources-plugin:2.6:testResources (default-testResources) @ converter-simplexml ---
[INFO] Using 'UTF-8' encoding to copy filtered resources.
[INFO] skip non existing resourceDirectory /home/travis/build/square/retrofit/retrofit-converters/simplexml/src/test/resources
[INFO] 
[INFO] --- maven-compiler-plugin:3.0:testCompile (default-testCompile) @ converter-simplexml ---
[INFO] Changes detected - recompiling the module!
[INFO] Compiling 2 source files to /home/travis/build/square/retrofit/retrofit-converters/simplexml/target/test-classes
[INFO] 
[INFO] --- maven-surefire-plugin:2.12.4:test (default-test) @ converter-simplexml ---
[INFO] Tests are skipped.
[INFO] 
[INFO] --- animal-sniffer-maven-plugin:1.14:check (default) @ converter-simplexml ---
[INFO] Checking unresolved references to org.codehaus.mojo.signature:java16:1.1
[INFO] 
[INFO] --- maven-jar-plugin:2.4:jar (default-jar) @ converter-simplexml ---
[INFO] Building jar: /home/travis/build/square/retrofit/retrofit-converters/simplexml/target/converter-simplexml-2.0.0-SNAPSHOT.jar
[INFO] 
[INFO] --- maven-javadoc-plugin:2.10.3:jar (attach-javadocs) @ converter-simplexml ---
[INFO] Skipping javadoc generation
[INFO] 
[INFO] --- maven-checkstyle-plugin:2.15:checkstyle (default) @ converter-simplexml ---
[INFO] Starting audit...
Audit done.
[WARNING] Unable to locate Source XRef to link to - DISABLED
[INFO] 
[INFO] --- maven-install-plugin:2.4:install (default-install) @ converter-simplexml ---
[INFO] Installing /home/travis/build/square/retrofit/retrofit-converters/simplexml/target/converter-simplexml-2.0.0-SNAPSHOT.jar to /home/travis/.m2/repository/com/squareup/retrofit2/converter-simplexml/2.0.0-SNAPSHOT/converter-simplexml-2.0.0-SNAPSHOT.jar
[INFO] Installing /home/travis/build/square/retrofit/retrofit-converters/simplexml/pom.xml to /home/travis/.m2/repository/com/squareup/retrofit2/converter-simplexml/2.0.0-SNAPSHOT/converter-simplexml-2.0.0-SNAPSHOT.pom
[INFO]                                                                         
[INFO] ------------------------------------------------------------------------
[INFO] Building Converter: Java Scalars 2.0.0-SNAPSHOT
[INFO] ------------------------------------------------------------------------
[INFO] 
[INFO] --- maven-enforcer-plugin:1.0:enforce (enforce-maven) @ converter-scalars ---
[INFO] 
[INFO] --- maven-resources-plugin:2.6:resources (default-resources) @ converter-scalars ---
[INFO] Using 'UTF-8' encoding to copy filtered resources.
[INFO] skip non existing resourceDirectory /home/travis/build/square/retrofit/retrofit-converters/scalars/src/main/resources
[INFO] 
[INFO] --- maven-compiler-plugin:3.0:compile (default-compile) @ converter-scalars ---
[INFO] Changes detected - recompiling the module!
[INFO] Compiling 3 source files to /home/travis/build/square/retrofit/retrofit-converters/scalars/target/classes
[INFO] 
[INFO] --- maven-resources-plugin:2.6:testResources (default-testResources) @ converter-scalars ---
[INFO] Using 'UTF-8' encoding to copy filtered resources.
[INFO] skip non existing resourceDirectory /home/travis/build/square/retrofit/retrofit-converters/scalars/src/test/resources
[INFO] 
[INFO] --- maven-compiler-plugin:3.0:testCompile (default-testCompile) @ converter-scalars ---
[INFO] Changes detected - recompiling the module!
[INFO] Compiling 2 source files to /home/travis/build/square/retrofit/retrofit-converters/scalars/target/test-classes
[INFO] 
[INFO] --- maven-surefire-plugin:2.12.4:test (default-test) @ converter-scalars ---
[INFO] Tests are skipped.
[INFO] 
[INFO] --- animal-sniffer-maven-plugin:1.14:check (default) @ converter-scalars ---
[INFO] Checking unresolved references to org.codehaus.mojo.signature:java16:1.1
[INFO] 
[INFO] --- maven-jar-plugin:2.4:jar (default-jar) @ converter-scalars ---
[INFO] Building jar: /home/travis/build/square/retrofit/retrofit-converters/scalars/target/converter-scalars-2.0.0-SNAPSHOT.jar
[INFO] 
[INFO] --- maven-javadoc-plugin:2.10.3:jar (attach-javadocs) @ converter-scalars ---
[INFO] Skipping javadoc generation
[INFO] 
[INFO] --- maven-checkstyle-plugin:2.15:checkstyle (default) @ converter-scalars ---
[INFO] Starting audit...
Audit done.
[WARNING] Unable to locate Source XRef to link to - DISABLED
[INFO] 
[INFO] --- maven-install-plugin:2.4:install (default-install) @ converter-scalars ---
[INFO] Installing /home/travis/build/square/retrofit/retrofit-converters/scalars/target/converter-scalars-2.0.0-SNAPSHOT.jar to /home/travis/.m2/repository/com/squareup/retrofit2/converter-scalars/2.0.0-SNAPSHOT/converter-scalars-2.0.0-SNAPSHOT.jar
[INFO] Installing /home/travis/build/square/retrofit/retrofit-converters/scalars/pom.xml to /home/travis/.m2/repository/com/squareup/retrofit2/converter-scalars/2.0.0-SNAPSHOT/converter-scalars-2.0.0-SNAPSHOT.pom
[INFO]                                                                         
[INFO] ------------------------------------------------------------------------
[INFO] Building Converter: Moshi 2.0.0-SNAPSHOT
[INFO] ------------------------------------------------------------------------
[INFO] 
[INFO] --- maven-enforcer-plugin:1.0:enforce (enforce-maven) @ converter-moshi ---
[INFO] 
[INFO] --- maven-resources-plugin:2.6:resources (default-resources) @ converter-moshi ---
[INFO] Using 'UTF-8' encoding to copy filtered resources.
[INFO] skip non existing resourceDirectory /home/travis/build/square/retrofit/retrofit-converters/moshi/src/main/resources
[INFO] 
[INFO] --- maven-compiler-plugin:3.0:compile (default-compile) @ converter-moshi ---
[INFO] Changes detected - recompiling the module!
[INFO] Compiling 3 source files to /home/travis/build/square/retrofit/retrofit-converters/moshi/target/classes
[INFO] 
[INFO] --- maven-resources-plugin:2.6:testResources (default-testResources) @ converter-moshi ---
[INFO] Using 'UTF-8' encoding to copy filtered resources.
[INFO] skip non existing resourceDirectory /home/travis/build/square/retrofit/retrofit-converters/moshi/src/test/resources
[INFO] 
[INFO] --- maven-compiler-plugin:3.0:testCompile (default-testCompile) @ converter-moshi ---
[INFO] Changes detected - recompiling the module!
[INFO] Compiling 1 source file to /home/travis/build/square/retrofit/retrofit-converters/moshi/target/test-classes
[INFO] 
[INFO] --- maven-surefire-plugin:2.12.4:test (default-test) @ converter-moshi ---
[INFO] Tests are skipped.
[INFO] 
[INFO] --- animal-sniffer-maven-plugin:1.14:check (default) @ converter-moshi ---
[INFO] Checking unresolved references to org.codehaus.mojo.signature:java16:1.1
[INFO] 
[INFO] --- maven-jar-plugin:2.4:jar (default-jar) @ converter-moshi ---
[INFO] Building jar: /home/travis/build/square/retrofit/retrofit-converters/moshi/target/converter-moshi-2.0.0-SNAPSHOT.jar
[INFO] 
[INFO] --- maven-javadoc-plugin:2.10.3:jar (attach-javadocs) @ converter-moshi ---
[INFO] Skipping javadoc generation
[INFO] 
[INFO] --- maven-checkstyle-plugin:2.15:checkstyle (default) @ converter-moshi ---
[INFO] Starting audit...
Audit done.
[WARNING] Unable to locate Source XRef to link to - DISABLED
[INFO] 
[INFO] --- maven-install-plugin:2.4:install (default-install) @ converter-moshi ---
[INFO] Installing /home/travis/build/square/retrofit/retrofit-converters/moshi/target/converter-moshi-2.0.0-SNAPSHOT.jar to /home/travis/.m2/repository/com/squareup/retrofit2/converter-moshi/2.0.0-SNAPSHOT/converter-moshi-2.0.0-SNAPSHOT.jar
[INFO] Installing /home/travis/build/square/retrofit/retrofit-converters/moshi/pom.xml to /home/travis/.m2/repository/com/squareup/retrofit2/converter-moshi/2.0.0-SNAPSHOT/converter-moshi-2.0.0-SNAPSHOT.pom
[INFO]                                                                         
[INFO] ------------------------------------------------------------------------
[INFO] Building Retrofit Mock Adapter 2.0.0-SNAPSHOT
[INFO] ------------------------------------------------------------------------
[INFO] 
[INFO] --- maven-enforcer-plugin:1.0:enforce (enforce-maven) @ retrofit-mock ---
[INFO] 
[INFO] --- maven-resources-plugin:2.6:resources (default-resources) @ retrofit-mock ---
[INFO] Using 'UTF-8' encoding to copy filtered resources.
[INFO] skip non existing resourceDirectory /home/travis/build/square/retrofit/retrofit-mock/src/main/resources
[INFO] 
[INFO] --- maven-compiler-plugin:3.0:compile (default-compile) @ retrofit-mock ---
[INFO] Changes detected - recompiling the module!
[INFO] Compiling 5 source files to /home/travis/build/square/retrofit/retrofit-mock/target/classes
[INFO] 
[INFO] --- maven-resources-plugin:2.6:testResources (default-testResources) @ retrofit-mock ---
[INFO] Using 'UTF-8' encoding to copy filtered resources.
[INFO] skip non existing resourceDirectory /home/travis/build/square/retrofit/retrofit-mock/src/test/resources
[INFO] 
[INFO] --- maven-compiler-plugin:3.0:testCompile (default-testCompile) @ retrofit-mock ---
[INFO] Changes detected - recompiling the module!
[INFO] Compiling 3 source files to /home/travis/build/square/retrofit/retrofit-mock/target/test-classes
[INFO] 
[INFO] --- maven-surefire-plugin:2.12.4:test (default-test) @ retrofit-mock ---
[INFO] Tests are skipped.
[INFO] 
[INFO] --- animal-sniffer-maven-plugin:1.14:check (default) @ retrofit-mock ---
[INFO] Checking unresolved references to org.codehaus.mojo.signature:java16:1.1
[INFO] 
[INFO] --- maven-jar-plugin:2.4:jar (default-jar) @ retrofit-mock ---
[INFO] Building jar: /home/travis/build/square/retrofit/retrofit-mock/target/retrofit-mock-2.0.0-SNAPSHOT.jar
[INFO] 
[INFO] --- maven-javadoc-plugin:2.10.3:jar (attach-javadocs) @ retrofit-mock ---
[INFO] Skipping javadoc generation
[INFO] 
[INFO] --- maven-checkstyle-plugin:2.15:checkstyle (default) @ retrofit-mock ---
[INFO] Starting audit...
Audit done.
[WARNING] Unable to locate Source XRef to link to - DISABLED
[INFO] 
[INFO] --- maven-install-plugin:2.4:install (default-install) @ retrofit-mock ---
[INFO] Installing /home/travis/build/square/retrofit/retrofit-mock/target/retrofit-mock-2.0.0-SNAPSHOT.jar to /home/travis/.m2/repository/com/squareup/retrofit2/retrofit-mock/2.0.0-SNAPSHOT/retrofit-mock-2.0.0-SNAPSHOT.jar
[INFO] Installing /home/travis/build/square/retrofit/retrofit-mock/pom.xml to /home/travis/.m2/repository/com/squareup/retrofit2/retrofit-mock/2.0.0-SNAPSHOT/retrofit-mock-2.0.0-SNAPSHOT.pom
[INFO]                                                                         
[INFO] ------------------------------------------------------------------------
[INFO] Building Samples 2.0.0-SNAPSHOT
[INFO] ------------------------------------------------------------------------
[INFO] 
[INFO] --- maven-enforcer-plugin:1.0:enforce (enforce-maven) @ samples ---
[INFO] 
[INFO] --- maven-resources-plugin:2.6:resources (default-resources) @ samples ---
[INFO] Using 'UTF-8' encoding to copy filtered resources.
[INFO] skip non existing resourceDirectory /home/travis/build/square/retrofit/samples/src/main/resources
[INFO] 
[INFO] --- maven-compiler-plugin:3.0:compile (default-compile) @ samples ---
[INFO] Changes detected - recompiling the module!
[INFO] Compiling 7 source files to /home/travis/build/square/retrofit/samples/target/classes
[INFO] 
[INFO] --- maven-resources-plugin:2.6:testResources (default-testResources) @ samples ---
[INFO] Using 'UTF-8' encoding to copy filtered resources.
[INFO] skip non existing resourceDirectory /home/travis/build/square/retrofit/samples/src/test/resources
[INFO] 
[INFO] --- maven-compiler-plugin:3.0:testCompile (default-testCompile) @ samples ---
[INFO] No sources to compile
[INFO] 
[INFO] --- maven-surefire-plugin:2.12.4:test (default-test) @ samples ---
[INFO] Tests are skipped.
[INFO] 
[INFO] --- animal-sniffer-maven-plugin:1.14:check (default) @ samples ---
[INFO] Checking unresolved references to org.codehaus.mojo.signature:java16:1.1
[INFO] 
[INFO] --- maven-jar-plugin:2.4:jar (default-jar) @ samples ---
[INFO] Building jar: /home/travis/build/square/retrofit/samples/target/samples-2.0.0-SNAPSHOT.jar
[INFO] 
[INFO] --- maven-javadoc-plugin:2.10.3:jar (attach-javadocs) @ samples ---
[INFO] Skipping javadoc generation
[INFO] 
[INFO] --- maven-checkstyle-plugin:2.15:checkstyle (default) @ samples ---
[INFO] Starting audit...
Audit done.
[WARNING] Unable to locate Source XRef to link to - DISABLED
[INFO] 
[INFO] --- maven-install-plugin:2.4:install (default-install) @ samples ---
[INFO] Installing /home/travis/build/square/retrofit/samples/target/samples-2.0.0-SNAPSHOT.jar to /home/travis/.m2/repository/com/squareup/retrofit2/samples/2.0.0-SNAPSHOT/samples-2.0.0-SNAPSHOT.jar
[INFO] Installing /home/travis/build/square/retrofit/samples/pom.xml to /home/travis/.m2/repository/com/squareup/retrofit2/samples/2.0.0-SNAPSHOT/samples-2.0.0-SNAPSHOT.pom
[INFO] ------------------------------------------------------------------------
[INFO] Reactor Summary:
[INFO] 
[INFO] Retrofit (Parent) .................................. SUCCESS [  6.021 s]
[INFO] Retrofit ........................................... SUCCESS [ 15.513 s]
[INFO] Adapters ........................................... SUCCESS [  0.547 s]
[INFO] Adapter: Guava ..................................... SUCCESS [  2.722 s]
[INFO] Adapter: Java 8 .................................... SUCCESS [  1.707 s]
[INFO] Adapter: RxJava .................................... SUCCESS [  2.102 s]
[INFO] Converters ......................................... SUCCESS [  0.171 s]
[INFO] Converter: Gson .................................... SUCCESS [  0.931 s]
[INFO] Converter: Protocol Buffers ........................ SUCCESS [  0.952 s]
[INFO] Converter: Jackson ................................. SUCCESS [  0.793 s]
[INFO] Converter: Wire Protocol Buffers ................... SUCCESS [  1.150 s]
[INFO] Converter: SimpleXML ............................... SUCCESS [  1.273 s]
[INFO] Converter: Java Scalars ............................ SUCCESS [  1.097 s]
[INFO] Converter: Moshi ................................... SUCCESS [  0.567 s]
[INFO] Retrofit Mock Adapter .............................. SUCCESS [  0.909 s]
[INFO] Samples ............................................ SUCCESS [  1.577 s]
[INFO] ------------------------------------------------------------------------
[INFO] BUILD SUCCESS
[INFO] ------------------------------------------------------------------------
[INFO] Total time: 38.487 s
[INFO] Finished at: 2016-03-02T06:08:46+00:00
[INFO] Final Memory: 46M/376M
[INFO] ------------------------------------------------------------------------

travis_time:end:27c0f20c:start=1456898886442934730,finish=1456898927335870260,duration=40892935530[0Ktravis_fold:end:install[0Ktravis_time:start:32be184c[0K$ mvn test -B
Java HotSpot(TM) 64-Bit Server VM warning: ignoring option MaxPermSize=192m; support was removed in 8.0
[INFO] Scanning for projects...
[WARNING] 
[WARNING] Some problems were encountered while building the effective model for com.squareup.retrofit2:samples:jar:2.0.0-SNAPSHOT
[WARNING] 'build.plugins.plugin.version' for org.apache.maven.plugins:maven-deploy-plugin is missing. @ com.squareup.retrofit2:samples:[unknown-version], /home/travis/build/square/retrofit/samples/pom.xml, line 50, column 15
[WARNING] 
[WARNING] It is highly recommended to fix these problems because they threaten the stability of your build.
[WARNING] 
[WARNING] For this reason, future Maven versions might no longer support building such malformed projects.
[WARNING] 
[INFO] ------------------------------------------------------------------------
[INFO] Reactor Build Order:
[INFO] 
[INFO] Retrofit (Parent)
[INFO] Retrofit
[INFO] Adapters
[INFO] Adapter: Guava
[INFO] Adapter: Java 8
[INFO] Adapter: RxJava
[INFO] Converters
[INFO] Converter: Gson
[INFO] Converter: Protocol Buffers
[INFO] Converter: Jackson
[INFO] Converter: Wire Protocol Buffers
[INFO] Converter: SimpleXML
[INFO] Converter: Java Scalars
[INFO] Converter: Moshi
[INFO] Retrofit Mock Adapter
[INFO] Samples
[INFO]                                                                         
[INFO] ------------------------------------------------------------------------
[INFO] Building Retrofit (Parent) 2.0.0-SNAPSHOT
[INFO] ------------------------------------------------------------------------
[INFO] 
[INFO] --- maven-enforcer-plugin:1.0:enforce (enforce-maven) @ parent ---
[INFO] 
[INFO] --- animal-sniffer-maven-plugin:1.14:check (default) @ parent ---
[INFO] Checking unresolved references to org.codehaus.mojo.signature:java16:1.1
[INFO]                                                                         
[INFO] ------------------------------------------------------------------------
[INFO] Building Retrofit 2.0.0-SNAPSHOT
[INFO] ------------------------------------------------------------------------
[INFO] 
[INFO] --- maven-enforcer-plugin:1.0:enforce (enforce-maven) @ retrofit ---
[INFO] 
[INFO] --- maven-resources-plugin:2.6:resources (default-resources) @ retrofit ---
[INFO] Using 'UTF-8' encoding to copy filtered resources.
[INFO] skip non existing resourceDirectory /home/travis/build/square/retrofit/retrofit/src/main/resources
[INFO] 
[INFO] --- maven-compiler-plugin:3.0:compile (default-compile) @ retrofit ---
[INFO] Changes detected - recompiling the module!
[INFO] Compiling 43 source files to /home/travis/build/square/retrofit/retrofit/target/classes
[WARNING] /home/travis/build/square/retrofit/retrofit/src/main/java/retrofit2/Retrofit.java: Some input files use unchecked or unsafe operations.
[WARNING] /home/travis/build/square/retrofit/retrofit/src/main/java/retrofit2/Retrofit.java: Recompile with -Xlint:unchecked for details.
[INFO] 
[INFO] --- maven-resources-plugin:2.6:testResources (default-testResources) @ retrofit ---
[INFO] Using 'UTF-8' encoding to copy filtered resources.
[INFO] skip non existing resourceDirectory /home/travis/build/square/retrofit/retrofit/src/test/resources
[INFO] 
[INFO] --- maven-compiler-plugin:3.0:testCompile (default-testCompile) @ retrofit ---
[INFO] Changes detected - recompiling the module!
[INFO] Compiling 13 source files to /home/travis/build/square/retrofit/retrofit/target/test-classes
[WARNING] /home/travis/build/square/retrofit/retrofit/src/test/java/retrofit2/RetrofitTest.java: /home/travis/build/square/retrofit/retrofit/src/test/java/retrofit2/RetrofitTest.java uses unchecked or unsafe operations.
[WARNING] /home/travis/build/square/retrofit/retrofit/src/test/java/retrofit2/RetrofitTest.java: Recompile with -Xlint:unchecked for details.
[INFO] 
[INFO] --- maven-surefire-plugin:2.12.4:test (default-test) @ retrofit ---
[INFO] Surefire report directory: /home/travis/build/square/retrofit/retrofit/target/surefire-reports

-------------------------------------------------------
 T E S T S
-------------------------------------------------------
Running retrofit2.CallTest
Mar 02, 2016 6:09:00 AM okhttp3.mockwebserver.MockWebServer$3 execute
INFO: MockWebServer[43852] starting to accept connections
Mar 02, 2016 6:09:01 AM okhttp3.mockwebserver.MockWebServer$3 acceptConnections
INFO: MockWebServer[43852] done accepting connections: Socket closed
Mar 02, 2016 6:09:01 AM okhttp3.mockwebserver.MockWebServer$3 execute
INFO: MockWebServer[39959] starting to accept connections
Mar 02, 2016 6:09:01 AM okhttp3.mockwebserver.MockWebServer$4 processOneRequest
INFO: MockWebServer[39959] received request: GET / HTTP/1.1 and responded: HTTP/1.1 200 OK
Mar 02, 2016 6:09:01 AM okhttp3.mockwebserver.MockWebServer$3 acceptConnections
INFO: MockWebServer[39959] done accepting connections: Socket closed
Mar 02, 2016 6:09:01 AM okhttp3.mockwebserver.MockWebServer$3 execute
INFO: MockWebServer[36700] starting to accept connections
Mar 02, 2016 6:09:01 AM okhttp3.mockwebserver.MockWebServer$3 acceptConnections
INFO: MockWebServer[36700] done accepting connections: Socket closed
Mar 02, 2016 6:09:01 AM okhttp3.mockwebserver.MockWebServer$4 processOneRequest
INFO: MockWebServer[36700] received request: GET / HTTP/1.1 and responded: HTTP/1.1 404 Client Error
Mar 02, 2016 6:09:01 AM okhttp3.mockwebserver.MockWebServer$3 execute
INFO: MockWebServer[57032] starting to accept connections
Mar 02, 2016 6:09:01 AM okhttp3.mockwebserver.MockWebServer$4 processOneRequest
INFO: MockWebServer[57032] received request: POST /Hello HTTP/1.1 and responded: HTTP/1.1 200 OK
Mar 02, 2016 6:09:01 AM okhttp3.mockwebserver.MockWebServer$3 acceptConnections
INFO: MockWebServer[57032] done accepting connections: Socket closed
Mar 02, 2016 6:09:01 AM okhttp3.mockwebserver.MockWebServer$3 execute
INFO: MockWebServer[41226] starting to accept connections
Mar 02, 2016 6:09:01 AM okhttp3.mockwebserver.MockWebServer$3 acceptConnections
INFO: MockWebServer[41226] done accepting connections: Socket closed
Mar 02, 2016 6:09:01 AM okhttp3.mockwebserver.MockWebServer$3 execute
INFO: MockWebServer[59707] starting to accept connections
Mar 02, 2016 6:09:01 AM okhttp3.mockwebserver.MockWebServer$3 acceptConnections
INFO: MockWebServer[59707] done accepting connections: Socket closed
Mar 02, 2016 6:09:01 AM okhttp3.mockwebserver.MockWebServer$3 execute
INFO: MockWebServer[51873] starting to accept connections
Mar 02, 2016 6:09:01 AM okhttp3.mockwebserver.MockWebServer$3 acceptConnections
INFO: MockWebServer[51873] done accepting connections: Socket closed
Mar 02, 2016 6:09:01 AM okhttp3.mockwebserver.MockWebServer$4 processOneRequest
INFO: MockWebServer[51873] received request: GET / HTTP/1.1 and responded: HTTP/1.1 200 OK
Mar 02, 2016 6:09:01 AM okhttp3.mockwebserver.MockWebServer$3 execute
INFO: MockWebServer[50515] starting to accept connections
Mar 02, 2016 6:09:01 AM okhttp3.mockwebserver.MockWebServer$4 processOneRequest
INFO: MockWebServer[50515] received request: GET / HTTP/1.1 and responded: HTTP/1.1 200 OK
Mar 02, 2016 6:09:01 AM okhttp3.mockwebserver.MockWebServer$3 acceptConnections
INFO: MockWebServer[50515] done accepting connections: Socket closed
Mar 02, 2016 6:09:01 AM okhttp3.mockwebserver.MockWebServer$3 execute
INFO: MockWebServer[38356] starting to accept connections
Mar 02, 2016 6:09:01 AM okhttp3.mockwebserver.MockWebServer$3 acceptConnections
INFO: MockWebServer[38356] done accepting connections: Socket closed
Mar 02, 2016 6:09:01 AM okhttp3.mockwebserver.MockWebServer$3 execute
INFO: MockWebServer[60114] starting to accept connections
Mar 02, 2016 6:09:01 AM okhttp3.mockwebserver.MockWebServer$3 acceptConnections
INFO: MockWebServer[60114] done accepting connections: Socket closed
Mar 02, 2016 6:09:01 AM okhttp3.mockwebserver.MockWebServer$4 processOneRequest
INFO: MockWebServer[60114] received request: POST /Hello HTTP/1.1 and responded: HTTP/1.1 200 OK
Mar 02, 2016 6:09:01 AM okhttp3.mockwebserver.MockWebServer$3 execute
INFO: MockWebServer[34291] starting to accept connections
Mar 02, 2016 6:09:01 AM okhttp3.mockwebserver.MockWebServer$3 acceptConnections
INFO: MockWebServer[34291] done accepting connections: Socket closed
Mar 02, 2016 6:09:01 AM okhttp3.mockwebserver.MockWebServer$4 processOneRequest
INFO: MockWebServer[34291] received request: POST /Hello HTTP/1.1 and responded: HTTP/1.1 200 OK
Mar 02, 2016 6:09:01 AM okhttp3.mockwebserver.MockWebServer$3 execute
INFO: MockWebServer[52055] starting to accept connections
Mar 02, 2016 6:09:01 AM okhttp3.mockwebserver.MockWebServer$3 acceptConnections
INFO: MockWebServer[52055] done accepting connections: Socket is closed
Mar 02, 2016 6:09:01 AM okhttp3.mockwebserver.MockWebServer$3 execute
INFO: MockWebServer[49568] starting to accept connections
Mar 02, 2016 6:09:01 AM okhttp3.mockwebserver.MockWebServer$3 acceptConnections
INFO: MockWebServer[49568] done accepting connections: Socket closed
Mar 02, 2016 6:09:01 AM okhttp3.mockwebserver.MockWebServer$4 processOneRequest
INFO: MockWebServer[49568] received request: GET / HTTP/1.1 and responded: HTTP/1.1 404 Client Error
Mar 02, 2016 6:09:01 AM okhttp3.mockwebserver.MockWebServer$3 execute
INFO: MockWebServer[42646] starting to accept connections
Mar 02, 2016 6:09:01 AM okhttp3.mockwebserver.MockWebServer$3 acceptConnections
INFO: MockWebServer[42646] done accepting connections: Socket closed
Mar 02, 2016 6:09:01 AM okhttp3.mockwebserver.MockWebServer$4 processOneRequest
INFO: MockWebServer[42646] received request: POST / HTTP/1.1 and responded: HTTP/1.1 200 OK
Mar 02, 2016 6:09:01 AM okhttp3.mockwebserver.MockWebServer$3 execute
INFO: MockWebServer[59201] starting to accept connections
Mar 02, 2016 6:09:01 AM okhttp3.mockwebserver.MockWebServer$4 processOneRequest
INFO: MockWebServer[59201] received request: GET / HTTP/1.1 and responded: HTTP/1.1 204 Nothin
Mar 02, 2016 6:09:01 AM okhttp3.mockwebserver.MockWebServer$3 acceptConnections
INFO: MockWebServer[59201] done accepting connections: Socket closed
Mar 02, 2016 6:09:01 AM okhttp3.mockwebserver.MockWebServer$3 execute
INFO: MockWebServer[42184] starting to accept connections
Mar 02, 2016 6:09:01 AM okhttp3.mockwebserver.MockWebServer$3 acceptConnections
INFO: MockWebServer[42184] done accepting connections: Socket is closed
Mar 02, 2016 6:09:01 AM okhttp3.mockwebserver.MockWebServer$3 execute
INFO: MockWebServer[53866] starting to accept connections
Mar 02, 2016 6:09:01 AM okhttp3.mockwebserver.MockWebServer$4 processOneRequest
INFO: MockWebServer[53866] received request: GET / HTTP/1.1 and responded: HTTP/1.1 200 OK
Mar 02, 2016 6:09:01 AM okhttp3.mockwebserver.MockWebServer$3 acceptConnections
INFO: MockWebServer[53866] done accepting connections: Socket closed
Mar 02, 2016 6:09:01 AM okhttp3.mockwebserver.MockWebServer$3 execute
INFO: MockWebServer[45472] starting to accept connections
Mar 02, 2016 6:09:01 AM okhttp3.mockwebserver.MockWebServer$4 processOneRequest
INFO: MockWebServer[45472] received request: POST /Hello HTTP/1.1 and responded: HTTP/1.1 200 OK
Mar 02, 2016 6:09:01 AM okhttp3.mockwebserver.MockWebServer$3 acceptConnections
INFO: MockWebServer[45472] done accepting connections: Socket closed
Mar 02, 2016 6:09:01 AM okhttp3.mockwebserver.MockWebServer$3 execute
INFO: MockWebServer[60989] starting to accept connections
Mar 02, 2016 6:09:02 AM okhttp3.mockwebserver.MockWebServer$4 processOneRequest
INFO: MockWebServer[60989] received request: GET / HTTP/1.1 and responded: HTTP/1.1 200 OK
Mar 02, 2016 6:09:02 AM okhttp3.mockwebserver.MockWebServer$3 acceptConnections
INFO: MockWebServer[60989] done accepting connections: Socket closed
Mar 02, 2016 6:09:02 AM okhttp3.mockwebserver.MockWebServer$3 execute
INFO: MockWebServer[55684] starting to accept connections
Mar 02, 2016 6:09:02 AM okhttp3.mockwebserver.MockWebServer$3 acceptConnections
INFO: MockWebServer[55684] done accepting connections: Socket closed
Mar 02, 2016 6:09:02 AM okhttp3.mockwebserver.MockWebServer$4 processOneRequest
INFO: MockWebServer[55684] received request: POST / HTTP/1.1 and responded: HTTP/1.1 200 OK
Mar 02, 2016 6:09:02 AM okhttp3.mockwebserver.MockWebServer$3 execute
INFO: MockWebServer[44340] starting to accept connections
Mar 02, 2016 6:09:02 AM okhttp3.mockwebserver.MockWebServer$3 acceptConnections
INFO: MockWebServer[44340] done accepting connections: Socket is closed
Mar 02, 2016 6:09:02 AM okhttp3.mockwebserver.MockWebServer$3 execute
INFO: MockWebServer[33636] starting to accept connections
Mar 02, 2016 6:09:02 AM okhttp3.mockwebserver.MockWebServer$3 acceptConnections
INFO: MockWebServer[33636] done accepting connections: Socket is closed
Mar 02, 2016 6:09:02 AM okhttp3.mockwebserver.MockWebServer$3 execute
INFO: MockWebServer[42531] starting to accept connections
Mar 02, 2016 6:09:02 AM okhttp3.mockwebserver.MockWebServer$3 acceptConnections
INFO: MockWebServer[42531] done accepting connections: Socket is closed
Mar 02, 2016 6:09:02 AM okhttp3.mockwebserver.MockWebServer$3 execute
INFO: MockWebServer[35329] starting to accept connections
Mar 02, 2016 6:09:02 AM okhttp3.mockwebserver.MockWebServer$3 acceptConnections
INFO: MockWebServer[35329] done accepting connections: Socket closed
Mar 02, 2016 6:09:02 AM okhttp3.mockwebserver.MockWebServer$4 processOneRequest
INFO: MockWebServer[35329] received request: GET / HTTP/1.1 and responded: HTTP/1.1 200 OK
Mar 02, 2016 6:09:02 AM okhttp3.mockwebserver.MockWebServer$3 execute
INFO: MockWebServer[51737] starting to accept connections
Mar 02, 2016 6:09:02 AM okhttp3.mockwebserver.MockWebServer$3 acceptConnections
INFO: MockWebServer[51737] done accepting connections: Socket closed
Mar 02, 2016 6:09:02 AM okhttp3.mockwebserver.MockWebServer$4 processOneRequest
INFO: MockWebServer[51737] received request: GET / HTTP/1.1 and responded: HTTP/1.1 200 OK
Mar 02, 2016 6:09:02 AM okhttp3.mockwebserver.MockWebServer$3 execute
INFO: MockWebServer[37816] starting to accept connections
Mar 02, 2016 6:09:02 AM okhttp3.mockwebserver.MockWebServer$4 processOneRequest
INFO: MockWebServer[37816] received request: GET / HTTP/1.1 and responded: HTTP/1.1 205 Nothin
Mar 02, 2016 6:09:02 AM okhttp3.mockwebserver.MockWebServer$3 acceptConnections
INFO: MockWebServer[37816] done accepting connections: Socket closed
Mar 02, 2016 6:09:02 AM okhttp3.mockwebserver.MockWebServer$3 execute
INFO: MockWebServer[58984] starting to accept connections
Mar 02, 2016 6:09:02 AM okhttp3.mockwebserver.MockWebServer$4 processOneRequest
INFO: MockWebServer[58984] received request: GET / HTTP/1.1 and responded: HTTP/1.1 200 OK
Mar 02, 2016 6:09:02 AM okhttp3.mockwebserver.MockWebServer$4 processOneRequest
INFO: MockWebServer[58984] received request: GET / HTTP/1.1 and responded: HTTP/1.1 200 OK
Mar 02, 2016 6:09:02 AM okhttp3.mockwebserver.MockWebServer$3 acceptConnections
INFO: MockWebServer[58984] done accepting connections: Socket closed
Mar 02, 2016 6:09:02 AM okhttp3.mockwebserver.MockWebServer$3 execute
INFO: MockWebServer[50920] starting to accept connections
Mar 02, 2016 6:09:02 AM okhttp3.mockwebserver.MockWebServer$4 processOneRequest
INFO: MockWebServer[50920] received request: GET / HTTP/1.1 and responded: HTTP/1.1 200 OK
Mar 02, 2016 6:09:02 AM okhttp3.mockwebserver.MockWebServer$3 acceptConnections
INFO: MockWebServer[50920] done accepting connections: Socket closed
Mar 02, 2016 6:09:02 AM okhttp3.mockwebserver.MockWebServer$3 execute
INFO: MockWebServer[59346] starting to accept connections
Mar 02, 2016 6:09:02 AM okhttp3.mockwebserver.MockWebServer$3 acceptConnections
INFO: MockWebServer[59346] done accepting connections: Socket is closed
Mar 02, 2016 6:09:02 AM okhttp3.mockwebserver.MockWebServer$3 execute
INFO: MockWebServer[60492] starting to accept connections
Mar 02, 2016 6:09:02 AM okhttp3.mockwebserver.MockWebServer$3 acceptConnections
INFO: MockWebServer[60492] done accepting connections: Socket closed
Mar 02, 2016 6:09:02 AM okhttp3.mockwebserver.MockWebServer$3 execute
INFO: MockWebServer[44561] starting to accept connections
Mar 02, 2016 6:09:02 AM okhttp3.mockwebserver.MockWebServer$3 acceptConnections
INFO: MockWebServer[44561] done accepting connections: Socket closed
Mar 02, 2016 6:09:02 AM okhttp3.mockwebserver.MockWebServer$3 execute
INFO: MockWebServer[36208] starting to accept connections
Mar 02, 2016 6:09:02 AM okhttp3.mockwebserver.MockWebServer$3 acceptConnections
INFO: MockWebServer[36208] done accepting connections: Socket closed
Mar 02, 2016 6:09:02 AM okhttp3.mockwebserver.MockWebServer$4 processOneRequest
INFO: MockWebServer[36208] received request: GET / HTTP/1.1 and responded: HTTP/1.1 200 OK
Mar 02, 2016 6:09:02 AM okhttp3.mockwebserver.MockWebServer$3 execute
INFO: MockWebServer[45261] starting to accept connections
Mar 02, 2016 6:09:02 AM okhttp3.mockwebserver.MockWebServer$3 acceptConnections
INFO: MockWebServer[45261] done accepting connections: Socket closed
Mar 02, 2016 6:09:02 AM okhttp3.mockwebserver.MockWebServer$4 processOneRequest
INFO: MockWebServer[45261] received request: GET / HTTP/1.1 and responded: HTTP/1.1 200 OK
Mar 02, 2016 6:09:02 AM okhttp3.mockwebserver.MockWebServer$3 execute
INFO: MockWebServer[42649] starting to accept connections
Mar 02, 2016 6:09:02 AM okhttp3.mockwebserver.MockWebServer$4 processOneRequest
INFO: MockWebServer[42649] received request: GET / HTTP/1.1 and responded: HTTP/1.1 200 OK
Mar 02, 2016 6:09:02 AM okhttp3.mockwebserver.MockWebServer$3 acceptConnections
INFO: MockWebServer[42649] done accepting connections: Socket closed
Tests run: 34, Failures: 0, Errors: 0, Skipped: 0, Time elapsed: 2.091 sec
Running retrofit2.RequestBuilderTest
Tests run: 117, Failures: 0, Errors: 0, Skipped: 2, Time elapsed: 0.313 sec
Running retrofit2.ExecutorCallAdapterFactoryTest
Tests run: 7, Failures: 0, Errors: 0, Skipped: 0, Time elapsed: 0.217 sec
Running retrofit2.RequestFactoryParserTest
Tests run: 1, Failures: 0, Errors: 0, Skipped: 0, Time elapsed: 0.021 sec
Running retrofit2.RetrofitTest
Mar 02, 2016 6:09:03 AM okhttp3.mockwebserver.MockWebServer$3 execute
INFO: MockWebServer[38793] starting to accept connections
Mar 02, 2016 6:09:03 AM okhttp3.mockwebserver.MockWebServer$3 acceptConnections
INFO: MockWebServer[38793] done accepting connections: Socket closed
Mar 02, 2016 6:09:03 AM okhttp3.mockwebserver.MockWebServer$3 execute
INFO: MockWebServer[57857] starting to accept connections
Mar 02, 2016 6:09:03 AM okhttp3.mockwebserver.MockWebServer$3 acceptConnections
INFO: MockWebServer[57857] done accepting connections: Socket is closed
Mar 02, 2016 6:09:03 AM okhttp3.mockwebserver.MockWebServer$3 execute
INFO: MockWebServer[51683] starting to accept connections
Mar 02, 2016 6:09:03 AM okhttp3.mockwebserver.MockWebServer$3 acceptConnections
INFO: MockWebServer[51683] done accepting connections: Socket closed
Mar 02, 2016 6:09:03 AM okhttp3.mockwebserver.MockWebServer$3 execute
INFO: MockWebServer[34350] starting to accept connections
Mar 02, 2016 6:09:03 AM okhttp3.mockwebserver.MockWebServer$3 acceptConnections
INFO: MockWebServer[34350] done accepting connections: Socket closed
Mar 02, 2016 6:09:03 AM okhttp3.mockwebserver.MockWebServer$3 execute
INFO: MockWebServer[54422] starting to accept connections
Mar 02, 2016 6:09:03 AM okhttp3.mockwebserver.MockWebServer$3 acceptConnections
INFO: MockWebServer[54422] done accepting connections: Socket is closed
Mar 02, 2016 6:09:03 AM okhttp3.mockwebserver.MockWebServer$3 execute
INFO: MockWebServer[49815] starting to accept connections
Mar 02, 2016 6:09:03 AM okhttp3.mockwebserver.MockWebServer$3 acceptConnections
INFO: MockWebServer[49815] done accepting connections: Socket closed
Mar 02, 2016 6:09:03 AM okhttp3.mockwebserver.MockWebServer$4 processOneRequest
INFO: MockWebServer[49815] received request: GET / HTTP/1.1 and responded: HTTP/1.1 200 OK
Mar 02, 2016 6:09:03 AM okhttp3.mockwebserver.MockWebServer$3 execute
INFO: MockWebServer[43414] starting to accept connections
Mar 02, 2016 6:09:03 AM okhttp3.mockwebserver.MockWebServer$3 acceptConnections
INFO: MockWebServer[43414] done accepting connections: Socket is closed
Mar 02, 2016 6:09:03 AM okhttp3.mockwebserver.MockWebServer$3 execute
INFO: MockWebServer[36966] starting to accept connections
Mar 02, 2016 6:09:03 AM okhttp3.mockwebserver.MockWebServer$3 acceptConnections
INFO: MockWebServer[36966] done accepting connections: Socket is closed
Mar 02, 2016 6:09:03 AM okhttp3.mockwebserver.MockWebServer$3 execute
INFO: MockWebServer[54697] starting to accept connections
Mar 02, 2016 6:09:03 AM okhttp3.mockwebserver.MockWebServer$3 acceptConnections
INFO: MockWebServer[54697] done accepting connections: Socket is closed
Mar 02, 2016 6:09:03 AM okhttp3.mockwebserver.MockWebServer$3 execute
INFO: MockWebServer[56090] starting to accept connections
Mar 02, 2016 6:09:03 AM okhttp3.mockwebserver.MockWebServer$3 acceptConnections
INFO: MockWebServer[56090] done accepting connections: Socket closed
Mar 02, 2016 6:09:03 AM okhttp3.mockwebserver.MockWebServer$3 execute
INFO: MockWebServer[42718] starting to accept connections
Mar 02, 2016 6:09:03 AM okhttp3.mockwebserver.MockWebServer$3 acceptConnections
INFO: MockWebServer[42718] done accepting connections: Socket is closed
Mar 02, 2016 6:09:03 AM okhttp3.mockwebserver.MockWebServer$3 execute
INFO: MockWebServer[41706] starting to accept connections
Mar 02, 2016 6:09:03 AM okhttp3.mockwebserver.MockWebServer$3 acceptConnections
INFO: MockWebServer[41706] done accepting connections: Socket is closed
Mar 02, 2016 6:09:03 AM okhttp3.mockwebserver.MockWebServer$3 execute
INFO: MockWebServer[56097] starting to accept connections
Mar 02, 2016 6:09:03 AM okhttp3.mockwebserver.MockWebServer$3 acceptConnections
INFO: MockWebServer[56097] done accepting connections: Socket closed
Mar 02, 2016 6:09:03 AM okhttp3.mockwebserver.MockWebServer$3 execute
INFO: MockWebServer[37017] starting to accept connections
Mar 02, 2016 6:09:03 AM okhttp3.mockwebserver.MockWebServer$3 acceptConnections
INFO: MockWebServer[37017] done accepting connections: Socket is closed
Mar 02, 2016 6:09:03 AM okhttp3.mockwebserver.MockWebServer$3 execute
INFO: MockWebServer[40249] starting to accept connections
Mar 02, 2016 6:09:03 AM okhttp3.mockwebserver.MockWebServer$3 acceptConnections
INFO: MockWebServer[40249] done accepting connections: Socket is closed
Mar 02, 2016 6:09:03 AM okhttp3.mockwebserver.MockWebServer$3 execute
INFO: MockWebServer[38095] starting to accept connections
Mar 02, 2016 6:09:03 AM okhttp3.mockwebserver.MockWebServer$4 processOneRequest
INFO: MockWebServer[38095] received request: GET / HTTP/1.1 and responded: HTTP/1.1 200 OK
Mar 02, 2016 6:09:03 AM okhttp3.mockwebserver.MockWebServer$3 acceptConnections
INFO: MockWebServer[38095] done accepting connections: Socket closed
Mar 02, 2016 6:09:03 AM okhttp3.mockwebserver.MockWebServer$3 execute
INFO: MockWebServer[57589] starting to accept connections
Mar 02, 2016 6:09:03 AM okhttp3.mockwebserver.MockWebServer$3 acceptConnections
INFO: MockWebServer[57589] done accepting connections: Socket is closed
Mar 02, 2016 6:09:03 AM okhttp3.mockwebserver.MockWebServer$3 execute
INFO: MockWebServer[41227] starting to accept connections
Mar 02, 2016 6:09:03 AM okhttp3.mockwebserver.MockWebServer$3 acceptConnections
INFO: MockWebServer[41227] done accepting connections: Socket is closed
Mar 02, 2016 6:09:03 AM okhttp3.mockwebserver.MockWebServer$3 execute
INFO: MockWebServer[33781] starting to accept connections
Mar 02, 2016 6:09:03 AM okhttp3.mockwebserver.MockWebServer$3 acceptConnections
INFO: MockWebServer[33781] done accepting connections: Socket closed
Mar 02, 2016 6:09:03 AM okhttp3.mockwebserver.MockWebServer$4 processOneRequest
INFO: MockWebServer[33781] received request: GET / HTTP/1.1 and responded: HTTP/1.1 200 OK
Mar 02, 2016 6:09:03 AM okhttp3.mockwebserver.MockWebServer$3 execute
INFO: MockWebServer[33900] starting to accept connections
Mar 02, 2016 6:09:03 AM okhttp3.mockwebserver.MockWebServer$3 acceptConnections
INFO: MockWebServer[33900] done accepting connections: Socket is closed
Mar 02, 2016 6:09:03 AM okhttp3.mockwebserver.MockWebServer$3 execute
INFO: MockWebServer[35426] starting to accept connections
Mar 02, 2016 6:09:03 AM okhttp3.mockwebserver.MockWebServer$4 processOneRequest
INFO: MockWebServer[35426] received request: POST / HTTP/1.1 and responded: HTTP/1.1 200 OK
Mar 02, 2016 6:09:03 AM okhttp3.mockwebserver.MockWebServer$3 acceptConnections
INFO: MockWebServer[35426] done accepting connections: Socket closed
Mar 02, 2016 6:09:03 AM okhttp3.mockwebserver.MockWebServer$3 execute
INFO: MockWebServer[58184] starting to accept connections
Mar 02, 2016 6:09:03 AM okhttp3.mockwebserver.MockWebServer$3 acceptConnections
INFO: MockWebServer[58184] done accepting connections: Socket is closed
Mar 02, 2016 6:09:03 AM okhttp3.mockwebserver.MockWebServer$3 execute
INFO: MockWebServer[33905] starting to accept connections
Mar 02, 2016 6:09:03 AM okhttp3.mockwebserver.MockWebServer$3 acceptConnections
INFO: MockWebServer[33905] done accepting connections: Socket is closed
Mar 02, 2016 6:09:03 AM okhttp3.mockwebserver.MockWebServer$3 execute
INFO: MockWebServer[49708] starting to accept connections
Mar 02, 2016 6:09:03 AM okhttp3.mockwebserver.MockWebServer$3 acceptConnections
INFO: MockWebServer[49708] done accepting connections: Socket is closed
Mar 02, 2016 6:09:03 AM okhttp3.mockwebserver.MockWebServer$3 execute
INFO: MockWebServer[57688] starting to accept connections
Mar 02, 2016 6:09:03 AM okhttp3.mockwebserver.MockWebServer$3 acceptConnections
INFO: MockWebServer[57688] done accepting connections: Socket is closed
Mar 02, 2016 6:09:03 AM okhttp3.mockwebserver.MockWebServer$3 execute
INFO: MockWebServer[46236] starting to accept connections
Mar 02, 2016 6:09:03 AM okhttp3.mockwebserver.MockWebServer$3 acceptConnections
INFO: MockWebServer[46236] done accepting connections: Socket is closed
Mar 02, 2016 6:09:03 AM okhttp3.mockwebserver.MockWebServer$3 execute
INFO: MockWebServer[55360] starting to accept connections
Mar 02, 2016 6:09:03 AM okhttp3.mockwebserver.MockWebServer$3 acceptConnections
INFO: MockWebServer[55360] done accepting connections: Socket is closed
Mar 02, 2016 6:09:03 AM okhttp3.mockwebserver.MockWebServer$3 execute
INFO: MockWebServer[46251] starting to accept connections
Mar 02, 2016 6:09:03 AM okhttp3.mockwebserver.MockWebServer$3 acceptConnections
INFO: MockWebServer[46251] done accepting connections: Socket closed
Mar 02, 2016 6:09:03 AM okhttp3.mockwebserver.MockWebServer$3 execute
INFO: MockWebServer[38528] starting to accept connections
Mar 02, 2016 6:09:03 AM okhttp3.mockwebserver.MockWebServer$3 acceptConnections
INFO: MockWebServer[38528] done accepting connections: Socket closed
Mar 02, 2016 6:09:03 AM okhttp3.mockwebserver.MockWebServer$4 processOneRequest
INFO: MockWebServer[38528] received request: GET / HTTP/1.1 and responded: HTTP/1.1 200 OK
Mar 02, 2016 6:09:03 AM okhttp3.mockwebserver.MockWebServer$3 execute
INFO: MockWebServer[33847] starting to accept connections
Mar 02, 2016 6:09:03 AM okhttp3.mockwebserver.MockWebServer$3 acceptConnections
INFO: MockWebServer[33847] done accepting connections: Socket is closed
Mar 02, 2016 6:09:03 AM okhttp3.mockwebserver.MockWebServer$3 execute
INFO: MockWebServer[44328] starting to accept connections
Mar 02, 2016 6:09:03 AM okhttp3.mockwebserver.MockWebServer$3 acceptConnections
INFO: MockWebServer[44328] done accepting connections: Socket closed
Mar 02, 2016 6:09:03 AM okhttp3.mockwebserver.MockWebServer$3 execute
INFO: MockWebServer[37574] starting to accept connections
Mar 02, 2016 6:09:03 AM okhttp3.mockwebserver.MockWebServer$3 acceptConnections
INFO: MockWebServer[37574] done accepting connections: Socket closed
Mar 02, 2016 6:09:03 AM okhttp3.mockwebserver.MockWebServer$3 execute
INFO: MockWebServer[33308] starting to accept connections
Mar 02, 2016 6:09:03 AM okhttp3.mockwebserver.MockWebServer$3 acceptConnections
INFO: MockWebServer[33308] done accepting connections: Socket is closed
Mar 02, 2016 6:09:03 AM okhttp3.mockwebserver.MockWebServer$3 execute
INFO: MockWebServer[34085] starting to accept connections
Mar 02, 2016 6:09:03 AM okhttp3.mockwebserver.MockWebServer$3 acceptConnections
INFO: MockWebServer[34085] done accepting connections: Socket is closed
Mar 02, 2016 6:09:03 AM okhttp3.mockwebserver.MockWebServer$3 execute
INFO: MockWebServer[52901] starting to accept connections
Mar 02, 2016 6:09:03 AM okhttp3.mockwebserver.MockWebServer$3 acceptConnections
INFO: MockWebServer[52901] done accepting connections: Socket is closed
Mar 02, 2016 6:09:03 AM okhttp3.mockwebserver.MockWebServer$3 execute
INFO: MockWebServer[56744] starting to accept connections
Mar 02, 2016 6:09:03 AM okhttp3.mockwebserver.MockWebServer$3 acceptConnections
INFO: MockWebServer[56744] done accepting connections: Socket is closed
Mar 02, 2016 6:09:03 AM okhttp3.mockwebserver.MockWebServer$3 execute
INFO: MockWebServer[51507] starting to accept connections
Mar 02, 2016 6:09:03 AM okhttp3.mockwebserver.MockWebServer$3 acceptConnections
INFO: MockWebServer[51507] done accepting connections: Socket is closed
Mar 02, 2016 6:09:03 AM okhttp3.mockwebserver.MockWebServer$3 execute
INFO: MockWebServer[38993] starting to accept connections
Mar 02, 2016 6:09:03 AM okhttp3.mockwebserver.MockWebServer$3 acceptConnections
INFO: MockWebServer[38993] done accepting connections: Socket is closed
Mar 02, 2016 6:09:03 AM okhttp3.mockwebserver.MockWebServer$3 execute
INFO: MockWebServer[36459] starting to accept connections
Mar 02, 2016 6:09:03 AM okhttp3.mockwebserver.MockWebServer$3 acceptConnections
INFO: MockWebServer[36459] done accepting connections: Socket closed
Mar 02, 2016 6:09:03 AM okhttp3.mockwebserver.MockWebServer$3 execute
INFO: MockWebServer[57893] starting to accept connections
Mar 02, 2016 6:09:03 AM okhttp3.mockwebserver.MockWebServer$3 acceptConnections
INFO: MockWebServer[57893] done accepting connections: Socket closed
Mar 02, 2016 6:09:03 AM okhttp3.mockwebserver.MockWebServer$3 execute
INFO: MockWebServer[40176] starting to accept connections
Mar 02, 2016 6:09:03 AM okhttp3.mockwebserver.MockWebServer$3 acceptConnections
INFO: MockWebServer[40176] done accepting connections: Socket is closed
Mar 02, 2016 6:09:03 AM okhttp3.mockwebserver.MockWebServer$3 execute
INFO: MockWebServer[43641] starting to accept connections
Mar 02, 2016 6:09:03 AM okhttp3.mockwebserver.MockWebServer$3 acceptConnections
INFO: MockWebServer[43641] done accepting connections: Socket is closed
Mar 02, 2016 6:09:03 AM okhttp3.mockwebserver.MockWebServer$3 execute
INFO: MockWebServer[51959] starting to accept connections
Mar 02, 2016 6:09:03 AM okhttp3.mockwebserver.MockWebServer$3 acceptConnections
INFO: MockWebServer[51959] done accepting connections: Socket is closed
Mar 02, 2016 6:09:03 AM okhttp3.mockwebserver.MockWebServer$3 execute
INFO: MockWebServer[47000] starting to accept connections
Mar 02, 2016 6:09:03 AM okhttp3.mockwebserver.MockWebServer$3 acceptConnections
INFO: MockWebServer[47000] done accepting connections: Socket is closed
Mar 02, 2016 6:09:03 AM okhttp3.mockwebserver.MockWebServer$3 execute
INFO: MockWebServer[45237] starting to accept connections
Mar 02, 2016 6:09:03 AM okhttp3.mockwebserver.MockWebServer$3 acceptConnections
INFO: MockWebServer[45237] done accepting connections: Socket is closed
Mar 02, 2016 6:09:03 AM okhttp3.mockwebserver.MockWebServer$3 execute
INFO: MockWebServer[38080] starting to accept connections
Mar 02, 2016 6:09:03 AM okhttp3.mockwebserver.MockWebServer$3 acceptConnections
INFO: MockWebServer[38080] done accepting connections: Socket is closed
Mar 02, 2016 6:09:03 AM okhttp3.mockwebserver.MockWebServer$3 execute
INFO: MockWebServer[37811] starting to accept connections
Mar 02, 2016 6:09:03 AM okhttp3.mockwebserver.MockWebServer$3 acceptConnections
INFO: MockWebServer[37811] done accepting connections: Socket is closed
Mar 02, 2016 6:09:03 AM okhttp3.mockwebserver.MockWebServer$3 execute
INFO: MockWebServer[46004] starting to accept connections
Mar 02, 2016 6:09:03 AM okhttp3.mockwebserver.MockWebServer$3 acceptConnections
INFO: MockWebServer[46004] done accepting connections: Socket is closed
Mar 02, 2016 6:09:03 AM okhttp3.mockwebserver.MockWebServer$3 execute
INFO: MockWebServer[48404] starting to accept connections
Mar 02, 2016 6:09:03 AM okhttp3.mockwebserver.MockWebServer$3 acceptConnections
INFO: MockWebServer[48404] done accepting connections: Socket is closed
Mar 02, 2016 6:09:03 AM okhttp3.mockwebserver.MockWebServer$3 execute
INFO: MockWebServer[58238] starting to accept connections
Mar 02, 2016 6:09:03 AM okhttp3.mockwebserver.MockWebServer$3 acceptConnections
INFO: MockWebServer[58238] done accepting connections: Socket is closed
Mar 02, 2016 6:09:03 AM okhttp3.mockwebserver.MockWebServer$3 execute
INFO: MockWebServer[51997] starting to accept connections
Mar 02, 2016 6:09:03 AM okhttp3.mockwebserver.MockWebServer$3 acceptConnections
INFO: MockWebServer[51997] done accepting connections: Socket is closed
Mar 02, 2016 6:09:03 AM okhttp3.mockwebserver.MockWebServer$3 execute
INFO: MockWebServer[41180] starting to accept connections
Mar 02, 2016 6:09:03 AM okhttp3.mockwebserver.MockWebServer$3 acceptConnections
INFO: MockWebServer[41180] done accepting connections: Socket is closed
Mar 02, 2016 6:09:03 AM okhttp3.mockwebserver.MockWebServer$3 execute
INFO: MockWebServer[57388] starting to accept connections
Mar 02, 2016 6:09:03 AM okhttp3.mockwebserver.MockWebServer$3 acceptConnections
INFO: MockWebServer[57388] done accepting connections: Socket is closed
Mar 02, 2016 6:09:03 AM okhttp3.mockwebserver.MockWebServer$3 execute
INFO: MockWebServer[50374] starting to accept connections
Mar 02, 2016 6:09:03 AM okhttp3.mockwebserver.MockWebServer$3 acceptConnections
INFO: MockWebServer[50374] done accepting connections: Socket closed
Mar 02, 2016 6:09:03 AM okhttp3.mockwebserver.MockWebServer$3 execute
INFO: MockWebServer[41065] starting to accept connections
Mar 02, 2016 6:09:03 AM okhttp3.mockwebserver.MockWebServer$3 acceptConnections
INFO: MockWebServer[41065] done accepting connections: Socket closed
Mar 02, 2016 6:09:03 AM okhttp3.mockwebserver.MockWebServer$3 execute
INFO: MockWebServer[33636] starting to accept connections
Mar 02, 2016 6:09:03 AM okhttp3.mockwebserver.MockWebServer$3 acceptConnections
INFO: MockWebServer[33636] done accepting connections: Socket closed
Mar 02, 2016 6:09:03 AM okhttp3.mockwebserver.MockWebServer$3 execute
INFO: MockWebServer[49763] starting to accept connections
Mar 02, 2016 6:09:03 AM okhttp3.mockwebserver.MockWebServer$3 acceptConnections
INFO: MockWebServer[49763] done accepting connections: Socket closed
Mar 02, 2016 6:09:03 AM okhttp3.mockwebserver.MockWebServer$3 execute
INFO: MockWebServer[41409] starting to accept connections
Mar 02, 2016 6:09:03 AM okhttp3.mockwebserver.MockWebServer$3 acceptConnections
INFO: MockWebServer[41409] done accepting connections: Socket closed
Mar 02, 2016 6:09:03 AM okhttp3.mockwebserver.MockWebServer$3 execute
INFO: MockWebServer[59269] starting to accept connections
Mar 02, 2016 6:09:03 AM okhttp3.mockwebserver.MockWebServer$3 acceptConnections
INFO: MockWebServer[59269] done accepting connections: Socket is closed
Mar 02, 2016 6:09:03 AM okhttp3.mockwebserver.MockWebServer$3 execute
INFO: MockWebServer[33092] starting to accept connections
Mar 02, 2016 6:09:03 AM okhttp3.mockwebserver.MockWebServer$3 acceptConnections
INFO: MockWebServer[33092] done accepting connections: Socket is closed
Mar 02, 2016 6:09:03 AM okhttp3.mockwebserver.MockWebServer$3 execute
INFO: MockWebServer[49472] starting to accept connections
Mar 02, 2016 6:09:03 AM okhttp3.mockwebserver.MockWebServer$3 acceptConnections
INFO: MockWebServer[49472] done accepting connections: Socket is closed
Mar 02, 2016 6:09:03 AM okhttp3.mockwebserver.MockWebServer$3 execute
INFO: MockWebServer[48486] starting to accept connections
Mar 02, 2016 6:09:03 AM okhttp3.mockwebserver.MockWebServer$3 acceptConnections
INFO: MockWebServer[48486] done accepting connections: Socket is closed
Mar 02, 2016 6:09:03 AM okhttp3.mockwebserver.MockWebServer$3 execute
INFO: MockWebServer[52749] starting to accept connections
Mar 02, 2016 6:09:03 AM okhttp3.mockwebserver.MockWebServer$3 acceptConnections
INFO: MockWebServer[52749] done accepting connections: Socket is closed
Tests run: 63, Failures: 0, Errors: 0, Skipped: 0, Time elapsed: 0.849 sec
Running retrofit2.RequestBuilderAndroidTest
WARNING: No manifest file found at ./AndroidManifest.xml.Falling back to the Android OS resources only.
To remove this warning, annotate your test class with @Config(manifest=Config.NONE).
WARNING: No manifest file found at ./AndroidManifest.xml.Falling back to the Android OS resources only.
To remove this warning, annotate your test class with @Config(manifest=Config.NONE).
Tests run: 2, Failures: 0, Errors: 0, Skipped: 0, Time elapsed: 8.211 sec
Running retrofit2.ResponseTest
Tests run: 14, Failures: 0, Errors: 0, Skipped: 0, Time elapsed: 0.012 sec

Results :

Tests run: 238, Failures: 0, Errors: 0, Skipped: 2

[INFO] 
[INFO] --- animal-sniffer-maven-plugin:1.14:check (default) @ retrofit ---
[INFO] Checking unresolved references to org.codehaus.mojo.signature:java16:1.1
[INFO]                                                                         
[INFO] ------------------------------------------------------------------------
[INFO] Building Adapters 2.0.0-SNAPSHOT
[INFO] ------------------------------------------------------------------------
[INFO] 
[INFO] --- maven-enforcer-plugin:1.0:enforce (enforce-maven) @ retrofit-adapters ---
[INFO] 
[INFO] --- animal-sniffer-maven-plugin:1.14:check (default) @ retrofit-adapters ---
[INFO] Checking unresolved references to org.codehaus.mojo.signature:java16:1.1
[INFO]                                                                         
[INFO] ------------------------------------------------------------------------
[INFO] Building Adapter: Guava 2.0.0-SNAPSHOT
[INFO] ------------------------------------------------------------------------
[INFO] 
[INFO] --- maven-enforcer-plugin:1.0:enforce (enforce-maven) @ adapter-guava ---
[INFO] 
[INFO] --- maven-resources-plugin:2.6:resources (default-resources) @ adapter-guava ---
[INFO] Using 'UTF-8' encoding to copy filtered resources.
[INFO] skip non existing resourceDirectory /home/travis/build/square/retrofit/retrofit-adapters/guava/src/main/resources
[INFO] 
[INFO] --- maven-compiler-plugin:3.0:compile (default-compile) @ adapter-guava ---
[INFO] Changes detected - recompiling the module!
[INFO] Compiling 2 source files to /home/travis/build/square/retrofit/retrofit-adapters/guava/target/classes
[INFO] 
[INFO] --- maven-resources-plugin:2.6:testResources (default-testResources) @ adapter-guava ---
[INFO] Using 'UTF-8' encoding to copy filtered resources.
[INFO] skip non existing resourceDirectory /home/travis/build/square/retrofit/retrofit-adapters/guava/src/test/resources
[INFO] 
[INFO] --- maven-compiler-plugin:3.0:testCompile (default-testCompile) @ adapter-guava ---
[INFO] Changes detected - recompiling the module!
[INFO] Compiling 3 source files to /home/travis/build/square/retrofit/retrofit-adapters/guava/target/test-classes
[INFO] 
[INFO] --- maven-surefire-plugin:2.12.4:test (default-test) @ adapter-guava ---
[INFO] Surefire report directory: /home/travis/build/square/retrofit/retrofit-adapters/guava/target/surefire-reports

-------------------------------------------------------
 T E S T S
-------------------------------------------------------
Running retrofit2.adapter.guava.ListenableFutureTest
Mar 02, 2016 6:09:14 AM okhttp3.mockwebserver.MockWebServer$3 execute
INFO: MockWebServer[58913] starting to accept connections
Mar 02, 2016 6:09:14 AM okhttp3.mockwebserver.MockWebServer$4 processOneRequest
INFO: MockWebServer[58913] received request: GET / HTTP/1.1 and responded: HTTP/1.1 200 OK
Mar 02, 2016 6:09:14 AM okhttp3.mockwebserver.MockWebServer$3 acceptConnections
INFO: MockWebServer[58913] done accepting connections: Socket closed
Mar 02, 2016 6:09:14 AM okhttp3.mockwebserver.MockWebServer$3 execute
INFO: MockWebServer[40803] starting to accept connections
Mar 02, 2016 6:09:14 AM okhttp3.mockwebserver.MockWebServer$4 processOneRequest
INFO: MockWebServer[40803] received request: GET / HTTP/1.1 and responded: HTTP/1.1 404 Client Error
Mar 02, 2016 6:09:14 AM okhttp3.mockwebserver.MockWebServer$3 acceptConnections
INFO: MockWebServer[40803] done accepting connections: Socket closed
Mar 02, 2016 6:09:14 AM okhttp3.mockwebserver.MockWebServer$3 execute
INFO: MockWebServer[57985] starting to accept connections
Mar 02, 2016 6:09:14 AM okhttp3.mockwebserver.MockWebServer$4 processConnection
WARNING: MockWebServer[57985] connection from /127.0.0.1 didn't make a request
Mar 02, 2016 6:09:14 AM okhttp3.mockwebserver.MockWebServer$3 acceptConnections
INFO: MockWebServer[57985] done accepting connections: Socket closed
Mar 02, 2016 6:09:14 AM okhttp3.mockwebserver.MockWebServer$3 execute
INFO: MockWebServer[39430] starting to accept connections
Mar 02, 2016 6:09:14 AM okhttp3.mockwebserver.MockWebServer$4 processOneRequest
INFO: MockWebServer[39430] received request: GET / HTTP/1.1 and responded: HTTP/1.1 200 OK
Mar 02, 2016 6:09:14 AM okhttp3.mockwebserver.MockWebServer$3 acceptConnections
INFO: MockWebServer[39430] done accepting connections: Socket closed
Mar 02, 2016 6:09:14 AM okhttp3.mockwebserver.MockWebServer$3 execute
INFO: MockWebServer[40774] starting to accept connections
Mar 02, 2016 6:09:14 AM okhttp3.mockwebserver.MockWebServer$4 processOneRequest
INFO: MockWebServer[40774] received request: GET / HTTP/1.1 and responded: HTTP/1.1 404 Client Error
Mar 02, 2016 6:09:14 AM okhttp3.mockwebserver.MockWebServer$3 acceptConnections
INFO: MockWebServer[40774] done accepting connections: Socket closed
Mar 02, 2016 6:09:14 AM okhttp3.mockwebserver.MockWebServer$3 execute
INFO: MockWebServer[49118] starting to accept connections
Mar 02, 2016 6:09:14 AM okhttp3.mockwebserver.MockWebServer$4 processConnection
WARNING: MockWebServer[49118] connection from /127.0.0.1 didn't make a request
Mar 02, 2016 6:09:14 AM okhttp3.mockwebserver.MockWebServer$3 acceptConnections
INFO: MockWebServer[49118] done accepting connections: Socket closed
Tests run: 6, Failures: 0, Errors: 0, Skipped: 0, Time elapsed: 0.608 sec
Running retrofit2.adapter.guava.GuavaCallAdapterFactoryTest
Mar 02, 2016 6:09:14 AM okhttp3.mockwebserver.MockWebServer$3 execute
INFO: MockWebServer[37783] starting to accept connections
Mar 02, 2016 6:09:14 AM okhttp3.mockwebserver.MockWebServer$3 acceptConnections
INFO: MockWebServer[37783] done accepting connections: Socket is closed
Mar 02, 2016 6:09:14 AM okhttp3.mockwebserver.MockWebServer$3 execute
INFO: MockWebServer[44878] starting to accept connections
Mar 02, 2016 6:09:14 AM okhttp3.mockwebserver.MockWebServer$3 acceptConnections
INFO: MockWebServer[44878] done accepting connections: Socket closed
Mar 02, 2016 6:09:14 AM okhttp3.mockwebserver.MockWebServer$3 execute
INFO: MockWebServer[48482] starting to accept connections
Mar 02, 2016 6:09:14 AM okhttp3.mockwebserver.MockWebServer$3 acceptConnections
INFO: MockWebServer[48482] done accepting connections: Socket is closed
Mar 02, 2016 6:09:14 AM okhttp3.mockwebserver.MockWebServer$3 execute
INFO: MockWebServer[47648] starting to accept connections
Mar 02, 2016 6:09:14 AM okhttp3.mockwebserver.MockWebServer$3 acceptConnections
INFO: MockWebServer[47648] done accepting connections: Socket is closed
Tests run: 4, Failures: 0, Errors: 0, Skipped: 0, Time elapsed: 0.038 sec

Results :

Tests run: 10, Failures: 0, Errors: 0, Skipped: 0

[INFO] 
[INFO] --- animal-sniffer-maven-plugin:1.14:check (default) @ adapter-guava ---
[INFO] Checking unresolved references to org.codehaus.mojo.signature:java16:1.1
[INFO]                                                                         
[INFO] ------------------------------------------------------------------------
[INFO] Building Adapter: Java 8 2.0.0-SNAPSHOT
[INFO] ------------------------------------------------------------------------
[INFO] 
[INFO] --- maven-enforcer-plugin:1.0:enforce (enforce-maven) @ adapter-java8 ---
[INFO] 
[INFO] --- maven-resources-plugin:2.6:resources (default-resources) @ adapter-java8 ---
[INFO] Using 'UTF-8' encoding to copy filtered resources.
[INFO] skip non existing resourceDirectory /home/travis/build/square/retrofit/retrofit-adapters/java8/src/main/resources
[INFO] 
[INFO] --- maven-compiler-plugin:3.0:compile (default-compile) @ adapter-java8 ---
[INFO] Changes detected - recompiling the module!
[INFO] Compiling 2 source files to /home/travis/build/square/retrofit/retrofit-adapters/java8/target/classes
[INFO] 
[INFO] --- maven-resources-plugin:2.6:testResources (default-testResources) @ adapter-java8 ---
[INFO] Using 'UTF-8' encoding to copy filtered resources.
[INFO] skip non existing resourceDirectory /home/travis/build/square/retrofit/retrofit-adapters/java8/src/test/resources
[INFO] 
[INFO] --- maven-compiler-plugin:3.0:testCompile (default-testCompile) @ adapter-java8 ---
[INFO] Changes detected - recompiling the module!
[INFO] Compiling 3 source files to /home/travis/build/square/retrofit/retrofit-adapters/java8/target/test-classes
[INFO] 
[INFO] --- maven-surefire-plugin:2.12.4:test (default-test) @ adapter-java8 ---
[INFO] Surefire report directory: /home/travis/build/square/retrofit/retrofit-adapters/java8/target/surefire-reports

-------------------------------------------------------
 T E S T S
-------------------------------------------------------
Running retrofit2.adapter.java8.Java8CallAdapterFactoryTest
Mar 02, 2016 6:09:15 AM okhttp3.mockwebserver.MockWebServer$3 execute
INFO: MockWebServer[44804] starting to accept connections
Mar 02, 2016 6:09:16 AM okhttp3.mockwebserver.MockWebServer$3 acceptConnections
INFO: MockWebServer[44804] done accepting connections: Socket closed
Mar 02, 2016 6:09:16 AM okhttp3.mockwebserver.MockWebServer$3 execute
INFO: MockWebServer[47732] starting to accept connections
Mar 02, 2016 6:09:16 AM okhttp3.mockwebserver.MockWebServer$3 acceptConnections
INFO: MockWebServer[47732] done accepting connections: Socket is closed
Mar 02, 2016 6:09:16 AM okhttp3.mockwebserver.MockWebServer$3 execute
INFO: MockWebServer[45203] starting to accept connections
Mar 02, 2016 6:09:16 AM okhttp3.mockwebserver.MockWebServer$3 acceptConnections
INFO: MockWebServer[45203] done accepting connections: Socket is closed
Mar 02, 2016 6:09:16 AM okhttp3.mockwebserver.MockWebServer$3 execute
INFO: MockWebServer[42083] starting to accept connections
Mar 02, 2016 6:09:16 AM okhttp3.mockwebserver.MockWebServer$3 acceptConnections
INFO: MockWebServer[42083] done accepting connections: Socket is closed
Tests run: 4, Failures: 0, Errors: 0, Skipped: 0, Time elapsed: 0.538 sec
Running retrofit2.adapter.java8.CompletableFutureTest
Mar 02, 2016 6:09:16 AM okhttp3.mockwebserver.MockWebServer$3 execute
INFO: MockWebServer[38421] starting to accept connections
Mar 02, 2016 6:09:16 AM okhttp3.mockwebserver.MockWebServer$4 processOneRequest
INFO: MockWebServer[38421] received request: GET / HTTP/1.1 and responded: HTTP/1.1 200 OK
Mar 02, 2016 6:09:16 AM okhttp3.mockwebserver.MockWebServer$3 acceptConnections
INFO: MockWebServer[38421] done accepting connections: Socket closed
Mar 02, 2016 6:09:16 AM okhttp3.mockwebserver.MockWebServer$3 execute
INFO: MockWebServer[50137] starting to accept connections
Mar 02, 2016 6:09:16 AM okhttp3.mockwebserver.MockWebServer$4 processOneRequest
INFO: MockWebServer[50137] received request: GET / HTTP/1.1 and responded: HTTP/1.1 404 Client Error
Mar 02, 2016 6:09:16 AM okhttp3.mockwebserver.MockWebServer$3 acceptConnections
INFO: MockWebServer[50137] done accepting connections: Socket closed
Mar 02, 2016 6:09:16 AM okhttp3.mockwebserver.MockWebServer$3 execute
INFO: MockWebServer[37565] starting to accept connections
Mar 02, 2016 6:09:16 AM okhttp3.mockwebserver.MockWebServer$4 processConnection
WARNING: MockWebServer[37565] connection from /127.0.0.1 didn't make a request
Mar 02, 2016 6:09:16 AM okhttp3.mockwebserver.MockWebServer$3 acceptConnections
INFO: MockWebServer[37565] done accepting connections: Socket closed
Mar 02, 2016 6:09:16 AM okhttp3.mockwebserver.MockWebServer$3 execute
INFO: MockWebServer[41870] starting to accept connections
Mar 02, 2016 6:09:16 AM okhttp3.mockwebserver.MockWebServer$4 processOneRequest
INFO: MockWebServer[41870] received request: GET / HTTP/1.1 and responded: HTTP/1.1 200 OK
Mar 02, 2016 6:09:16 AM okhttp3.mockwebserver.MockWebServer$3 acceptConnections
INFO: MockWebServer[41870] done accepting connections: Socket closed
Mar 02, 2016 6:09:16 AM okhttp3.mockwebserver.MockWebServer$3 execute
INFO: MockWebServer[58765] starting to accept connections
Mar 02, 2016 6:09:16 AM okhttp3.mockwebserver.MockWebServer$4 processOneRequest
INFO: MockWebServer[58765] received request: GET / HTTP/1.1 and responded: HTTP/1.1 404 Client Error
Mar 02, 2016 6:09:16 AM okhttp3.mockwebserver.MockWebServer$3 acceptConnections
INFO: MockWebServer[58765] done accepting connections: Socket closed
Mar 02, 2016 6:09:16 AM okhttp3.mockwebserver.MockWebServer$3 execute
INFO: MockWebServer[37415] starting to accept connections
Mar 02, 2016 6:09:16 AM okhttp3.mockwebserver.MockWebServer$3 acceptConnections
INFO: MockWebServer[37415] done accepting connections: Socket closed
Mar 02, 2016 6:09:16 AM okhttp3.mockwebserver.MockWebServer$4 processConnection
WARNING: MockWebServer[37415] connection from /127.0.0.1 didn't make a request
Tests run: 6, Failures: 0, Errors: 0, Skipped: 0, Time elapsed: 0.173 sec

Results :

Tests run: 10, Failures: 0, Errors: 0, Skipped: 0

[INFO] 
[INFO] --- animal-sniffer-maven-plugin:1.14:check (default) @ adapter-java8 ---
[INFO] Checking unresolved references to org.kaazing.mojo.signature:java18:1.0
[INFO]                                                                         
[INFO] ------------------------------------------------------------------------
[INFO] Building Adapter: RxJava 2.0.0-SNAPSHOT
[INFO] ------------------------------------------------------------------------
[INFO] 
[INFO] --- maven-enforcer-plugin:1.0:enforce (enforce-maven) @ adapter-rxjava ---
[INFO] 
[INFO] --- maven-resources-plugin:2.6:resources (default-resources) @ adapter-rxjava ---
[INFO] Using 'UTF-8' encoding to copy filtered resources.
[INFO] skip non existing resourceDirectory /home/travis/build/square/retrofit/retrofit-adapters/rxjava/src/main/resources
[INFO] 
[INFO] --- maven-compiler-plugin:3.0:compile (default-compile) @ adapter-rxjava ---
[INFO] Changes detected - recompiling the module!
[INFO] Compiling 5 source files to /home/travis/build/square/retrofit/retrofit-adapters/rxjava/target/classes
[INFO] 
[INFO] --- maven-resources-plugin:2.6:testResources (default-testResources) @ adapter-rxjava ---
[INFO] Using 'UTF-8' encoding to copy filtered resources.
[INFO] skip non existing resourceDirectory /home/travis/build/square/retrofit/retrofit-adapters/rxjava/src/test/resources
[INFO] 
[INFO] --- maven-compiler-plugin:3.0:testCompile (default-testCompile) @ adapter-rxjava ---
[INFO] Changes detected - recompiling the module!
[INFO] Compiling 9 source files to /home/travis/build/square/retrofit/retrofit-adapters/rxjava/target/test-classes
[INFO] 
[INFO] --- maven-surefire-plugin:2.12.4:test (default-test) @ adapter-rxjava ---
[INFO] Surefire report directory: /home/travis/build/square/retrofit/retrofit-adapters/rxjava/target/surefire-reports

-------------------------------------------------------
 T E S T S
-------------------------------------------------------
Running retrofit2.adapter.rxjava.ObservableSchedulerTest
Mar 02, 2016 6:09:17 AM okhttp3.mockwebserver.MockWebServer$3 execute
INFO: MockWebServer[34255] starting to accept connections
Mar 02, 2016 6:09:17 AM okhttp3.mockwebserver.MockWebServer$4 processOneRequest
INFO: MockWebServer[34255] received request: GET / HTTP/1.1 and responded: HTTP/1.1 200 OK
Mar 02, 2016 6:09:18 AM okhttp3.mockwebserver.MockWebServer$3 acceptConnections
INFO: MockWebServer[34255] done accepting connections: Socket closed
Mar 02, 2016 6:09:18 AM okhttp3.mockwebserver.MockWebServer$3 execute
INFO: MockWebServer[56212] starting to accept connections
Mar 02, 2016 6:09:18 AM okhttp3.mockwebserver.MockWebServer$3 acceptConnections
INFO: MockWebServer[56212] done accepting connections: Socket closed
Mar 02, 2016 6:09:18 AM okhttp3.mockwebserver.MockWebServer$4 processOneRequest
INFO: MockWebServer[56212] received request: GET / HTTP/1.1 and responded: HTTP/1.1 200 OK
Mar 02, 2016 6:09:18 AM okhttp3.mockwebserver.MockWebServer$3 execute
INFO: MockWebServer[52899] starting to accept connections
Mar 02, 2016 6:09:18 AM okhttp3.mockwebserver.MockWebServer$4 processOneRequest
INFO: MockWebServer[52899] received request: GET / HTTP/1.1 and responded: HTTP/1.1 200 OK
Mar 02, 2016 6:09:18 AM okhttp3.mockwebserver.MockWebServer$3 acceptConnections
INFO: MockWebServer[52899] done accepting connections: Socket closed
Tests run: 3, Failures: 0, Errors: 0, Skipped: 0, Time elapsed: 0.538 sec
Running retrofit2.adapter.rxjava.ObservableTest
Mar 02, 2016 6:09:18 AM okhttp3.mockwebserver.MockWebServer$3 execute
INFO: MockWebServer[58311] starting to accept connections
Mar 02, 2016 6:09:18 AM okhttp3.mockwebserver.MockWebServer$4 processConnection
WARNING: MockWebServer[58311] connection from /127.0.0.1 didn't make a request
Mar 02, 2016 6:09:18 AM okhttp3.mockwebserver.MockWebServer$3 acceptConnections
INFO: MockWebServer[58311] done accepting connections: Socket closed
Mar 02, 2016 6:09:18 AM okhttp3.mockwebserver.MockWebServer$3 execute
INFO: MockWebServer[37519] starting to accept connections
Mar 02, 2016 6:09:18 AM okhttp3.mockwebserver.MockWebServer$4 processOneRequest
INFO: MockWebServer[37519] received request: GET / HTTP/1.1 and responded: HTTP/1.1 200 OK
Mar 02, 2016 6:09:18 AM okhttp3.mockwebserver.MockWebServer$3 acceptConnections
INFO: MockWebServer[37519] done accepting connections: Socket closed
Mar 02, 2016 6:09:18 AM okhttp3.mockwebserver.MockWebServer$3 execute
INFO: MockWebServer[54711] starting to accept connections
Mar 02, 2016 6:09:18 AM okhttp3.mockwebserver.MockWebServer$4 processOneRequest
INFO: MockWebServer[54711] received request: GET / HTTP/1.1 and responded: HTTP/1.1 404 Client Error
Mar 02, 2016 6:09:18 AM okhttp3.mockwebserver.MockWebServer$3 acceptConnections
INFO: MockWebServer[54711] done accepting connections: Socket closed
Mar 02, 2016 6:09:18 AM okhttp3.mockwebserver.MockWebServer$3 execute
INFO: MockWebServer[39933] starting to accept connections
Mar 02, 2016 6:09:18 AM okhttp3.mockwebserver.MockWebServer$4 processConnection
WARNING: MockWebServer[39933] connection from /127.0.0.1 didn't make a request
Mar 02, 2016 6:09:18 AM okhttp3.mockwebserver.MockWebServer$3 acceptConnections
INFO: MockWebServer[39933] done accepting connections: Socket closed
Mar 02, 2016 6:09:18 AM okhttp3.mockwebserver.MockWebServer$3 execute
INFO: MockWebServer[50525] starting to accept connections
Mar 02, 2016 6:09:18 AM okhttp3.mockwebserver.MockWebServer$4 processOneRequest
INFO: MockWebServer[50525] received request: GET / HTTP/1.1 and responded: HTTP/1.1 200 OK
Mar 02, 2016 6:09:18 AM okhttp3.mockwebserver.MockWebServer$3 acceptConnections
INFO: MockWebServer[50525] done accepting connections: Socket closed
Mar 02, 2016 6:09:18 AM okhttp3.mockwebserver.MockWebServer$3 execute
INFO: MockWebServer[35274] starting to accept connections
Mar 02, 2016 6:09:18 AM okhttp3.mockwebserver.MockWebServer$4 processOneRequest
INFO: MockWebServer[35274] received request: GET / HTTP/1.1 and responded: HTTP/1.1 404 Client Error
Mar 02, 2016 6:09:18 AM okhttp3.mockwebserver.MockWebServer$3 acceptConnections
INFO: MockWebServer[35274] done accepting connections: Socket closed
Mar 02, 2016 6:09:18 AM okhttp3.mockwebserver.MockWebServer$3 execute
INFO: MockWebServer[38858] starting to accept connections
Mar 02, 2016 6:09:18 AM okhttp3.mockwebserver.MockWebServer$4 processConnection
WARNING: MockWebServer[38858] connection from /127.0.0.1 didn't make a request
Mar 02, 2016 6:09:18 AM okhttp3.mockwebserver.MockWebServer$3 acceptConnections
INFO: MockWebServer[38858] done accepting connections: Socket closed
Mar 02, 2016 6:09:18 AM okhttp3.mockwebserver.MockWebServer$3 execute
INFO: MockWebServer[45739] starting to accept connections
Mar 02, 2016 6:09:18 AM okhttp3.mockwebserver.MockWebServer$4 processOneRequest
INFO: MockWebServer[45739] received request: GET / HTTP/1.1 and responded: HTTP/1.1 200 OK
Mar 02, 2016 6:09:18 AM okhttp3.mockwebserver.MockWebServer$3 acceptConnections
INFO: MockWebServer[45739] done accepting connections: Socket closed
Mar 02, 2016 6:09:18 AM okhttp3.mockwebserver.MockWebServer$3 execute
INFO: MockWebServer[58542] starting to accept connections
Mar 02, 2016 6:09:18 AM okhttp3.mockwebserver.MockWebServer$3 acceptConnections
INFO: MockWebServer[58542] done accepting connections: Socket closed
Mar 02, 2016 6:09:18 AM okhttp3.mockwebserver.MockWebServer$4 processOneRequest
INFO: MockWebServer[58542] received request: GET / HTTP/1.1 and responded: HTTP/1.1 404 Client Error
Tests run: 9, Failures: 0, Errors: 0, Skipped: 0, Time elapsed: 0.159 sec
Running retrofit2.adapter.rxjava.RxJavaCallAdapterFactoryTest
Tests run: 6, Failures: 0, Errors: 0, Skipped: 0, Time elapsed: 0.042 sec
Running retrofit2.adapter.rxjava.SingleSchedulerTest
Mar 02, 2016 6:09:18 AM okhttp3.mockwebserver.MockWebServer$3 execute
INFO: MockWebServer[33444] starting to accept connections
Mar 02, 2016 6:09:18 AM okhttp3.mockwebserver.MockWebServer$3 acceptConnections
INFO: MockWebServer[33444] done accepting connections: Socket closed
Mar 02, 2016 6:09:18 AM okhttp3.mockwebserver.MockWebServer$4 processOneRequest
INFO: MockWebServer[33444] received request: GET / HTTP/1.1 and responded: HTTP/1.1 200 OK
Mar 02, 2016 6:09:18 AM okhttp3.mockwebserver.MockWebServer$3 execute
INFO: MockWebServer[57917] starting to accept connections
Mar 02, 2016 6:09:18 AM okhttp3.mockwebserver.MockWebServer$4 processOneRequest
INFO: MockWebServer[57917] received request: GET / HTTP/1.1 and responded: HTTP/1.1 200 OK
Mar 02, 2016 6:09:18 AM okhttp3.mockwebserver.MockWebServer$3 acceptConnections
INFO: MockWebServer[57917] done accepting connections: Socket closed
Mar 02, 2016 6:09:18 AM okhttp3.mockwebserver.MockWebServer$3 execute
INFO: MockWebServer[33635] starting to accept connections
Mar 02, 2016 6:09:18 AM okhttp3.mockwebserver.MockWebServer$4 processOneRequest
INFO: MockWebServer[33635] received request: GET / HTTP/1.1 and responded: HTTP/1.1 200 OK
Mar 02, 2016 6:09:18 AM okhttp3.mockwebserver.MockWebServer$3 acceptConnections
INFO: MockWebServer[33635] done accepting connections: Socket closed
Tests run: 3, Failures: 0, Errors: 0, Skipped: 0, Time elapsed: 0.053 sec
Running retrofit2.adapter.rxjava.CompletableTest
Mar 02, 2016 6:09:18 AM okhttp3.mockwebserver.MockWebServer$3 execute
INFO: MockWebServer[57117] starting to accept connections
Mar 02, 2016 6:09:18 AM okhttp3.mockwebserver.MockWebServer$4 processOneRequest
INFO: MockWebServer[57117] received request: GET / HTTP/1.1 and responded: HTTP/1.1 200 OK
Mar 02, 2016 6:09:18 AM okhttp3.mockwebserver.MockWebServer$3 acceptConnections
INFO: MockWebServer[57117] done accepting connections: Socket closed
Mar 02, 2016 6:09:18 AM okhttp3.mockwebserver.MockWebServer$3 execute
INFO: MockWebServer[44177] starting to accept connections
Mar 02, 2016 6:09:18 AM okhttp3.mockwebserver.MockWebServer$4 processOneRequest
INFO: MockWebServer[44177] received request: GET / HTTP/1.1 and responded: HTTP/1.1 404 Client Error
Mar 02, 2016 6:09:18 AM okhttp3.mockwebserver.MockWebServer$3 acceptConnections
INFO: MockWebServer[44177] done accepting connections: Socket closed
Mar 02, 2016 6:09:18 AM okhttp3.mockwebserver.MockWebServer$3 execute
INFO: MockWebServer[56331] starting to accept connections
Mar 02, 2016 6:09:18 AM okhttp3.mockwebserver.MockWebServer$4 processConnection
WARNING: MockWebServer[56331] connection from /127.0.0.1 didn't make a request
Mar 02, 2016 6:09:18 AM okhttp3.mockwebserver.MockWebServer$3 acceptConnections
INFO: MockWebServer[56331] done accepting connections: Socket closed
Tests run: 3, Failures: 0, Errors: 0, Skipped: 0, Time elapsed: 0.069 sec
Running retrofit2.adapter.rxjava.CompletableSchedulerTest
Mar 02, 2016 6:09:18 AM okhttp3.mockwebserver.MockWebServer$3 execute
INFO: MockWebServer[56070] starting to accept connections
Mar 02, 2016 6:09:18 AM okhttp3.mockwebserver.MockWebServer$4 processOneRequest
INFO: MockWebServer[56070] received request: GET / HTTP/1.1 and responded: HTTP/1.1 200 OK
Mar 02, 2016 6:09:18 AM okhttp3.mockwebserver.MockWebServer$3 acceptConnections
INFO: MockWebServer[56070] done accepting connections: Socket closed
Tests run: 1, Failures: 0, Errors: 0, Skipped: 0, Time elapsed: 0.024 sec
Running retrofit2.adapter.rxjava.SingleTest
Mar 02, 2016 6:09:18 AM okhttp3.mockwebserver.MockWebServer$3 execute
INFO: MockWebServer[34251] starting to accept connections
Mar 02, 2016 6:09:18 AM okhttp3.mockwebserver.MockWebServer$3 acceptConnections
INFO: MockWebServer[34251] done accepting connections: Socket closed
Mar 02, 2016 6:09:18 AM okhttp3.mockwebserver.MockWebServer$4 processConnection
WARNING: MockWebServer[34251] connection from /127.0.0.1 didn't make a request
Mar 02, 2016 6:09:18 AM okhttp3.mockwebserver.MockWebServer$3 execute
INFO: MockWebServer[46783] starting to accept connections
Mar 02, 2016 6:09:18 AM okhttp3.mockwebserver.MockWebServer$4 processOneRequest
INFO: MockWebServer[46783] received request: GET / HTTP/1.1 and responded: HTTP/1.1 200 OK
Mar 02, 2016 6:09:18 AM okhttp3.mockwebserver.MockWebServer$3 acceptConnections
INFO: MockWebServer[46783] done accepting connections: Socket closed
Mar 02, 2016 6:09:18 AM okhttp3.mockwebserver.MockWebServer$3 execute
INFO: MockWebServer[38871] starting to accept connections
Mar 02, 2016 6:09:18 AM okhttp3.mockwebserver.MockWebServer$3 acceptConnections
INFO: MockWebServer[38871] done accepting connections: Socket closed
Mar 02, 2016 6:09:18 AM okhttp3.mockwebserver.MockWebServer$4 processOneRequest
INFO: MockWebServer[38871] received request: GET / HTTP/1.1 and responded: HTTP/1.1 404 Client Error
Mar 02, 2016 6:09:18 AM okhttp3.mockwebserver.MockWebServer$3 execute
INFO: MockWebServer[32840] starting to accept connections
Mar 02, 2016 6:09:18 AM okhttp3.mockwebserver.MockWebServer$3 acceptConnections
INFO: MockWebServer[32840] done accepting connections: Socket closed
Mar 02, 2016 6:09:18 AM okhttp3.mockwebserver.MockWebServer$4 processConnection
WARNING: MockWebServer[32840] connection from /127.0.0.1 didn't make a request
Mar 02, 2016 6:09:18 AM okhttp3.mockwebserver.MockWebServer$3 execute
INFO: MockWebServer[56596] starting to accept connections
Mar 02, 2016 6:09:18 AM okhttp3.mockwebserver.MockWebServer$3 acceptConnections
INFO: MockWebServer[56596] done accepting connections: Socket closed
Mar 02, 2016 6:09:18 AM okhttp3.mockwebserver.MockWebServer$4 processOneRequest
INFO: MockWebServer[56596] received request: GET / HTTP/1.1 and responded: HTTP/1.1 200 OK
Mar 02, 2016 6:09:18 AM okhttp3.mockwebserver.MockWebServer$3 execute
INFO: MockWebServer[43276] starting to accept connections
Mar 02, 2016 6:09:18 AM okhttp3.mockwebserver.MockWebServer$4 processOneRequest
INFO: MockWebServer[43276] received request: GET / HTTP/1.1 and responded: HTTP/1.1 404 Client Error
Mar 02, 2016 6:09:18 AM okhttp3.mockwebserver.MockWebServer$3 acceptConnections
INFO: MockWebServer[43276] done accepting connections: Socket closed
Mar 02, 2016 6:09:18 AM okhttp3.mockwebserver.MockWebServer$3 execute
INFO: MockWebServer[49234] starting to accept connections
Mar 02, 2016 6:09:18 AM okhttp3.mockwebserver.MockWebServer$4 processConnection
WARNING: MockWebServer[49234] connection from /127.0.0.1 didn't make a request
Mar 02, 2016 6:09:18 AM okhttp3.mockwebserver.MockWebServer$3 acceptConnections
INFO: MockWebServer[49234] done accepting connections: Socket closed
Mar 02, 2016 6:09:18 AM okhttp3.mockwebserver.MockWebServer$3 execute
INFO: MockWebServer[56784] starting to accept connections
Mar 02, 2016 6:09:18 AM okhttp3.mockwebserver.MockWebServer$3 acceptConnections
INFO: MockWebServer[56784] done accepting connections: Socket closed
Mar 02, 2016 6:09:18 AM okhttp3.mockwebserver.MockWebServer$4 processOneRequest
INFO: MockWebServer[56784] received request: GET / HTTP/1.1 and responded: HTTP/1.1 200 OK
Mar 02, 2016 6:09:18 AM okhttp3.mockwebserver.MockWebServer$3 execute
INFO: MockWebServer[50614] starting to accept connections
Mar 02, 2016 6:09:18 AM okhttp3.mockwebserver.MockWebServer$3 acceptConnections
INFO: MockWebServer[50614] done accepting connections: Socket closed
Mar 02, 2016 6:09:18 AM okhttp3.mockwebserver.MockWebServer$4 processOneRequest
INFO: MockWebServer[50614] received request: GET / HTTP/1.1 and responded: HTTP/1.1 404 Client Error
Tests run: 9, Failures: 0, Errors: 0, Skipped: 0, Time elapsed: 0.062 sec
Running retrofit2.adapter.rxjava.ResultTest
Tests run: 4, Failures: 0, Errors: 0, Skipped: 0, Time elapsed: 0 sec

Results :

Tests run: 38, Failures: 0, Errors: 0, Skipped: 0

[INFO] 
[INFO] --- animal-sniffer-maven-plugin:1.14:check (default) @ adapter-rxjava ---
[INFO] Checking unresolved references to org.codehaus.mojo.signature:java16:1.1
[INFO]                                                                         
[INFO] ------------------------------------------------------------------------
[INFO] Building Converters 2.0.0-SNAPSHOT
[INFO] ------------------------------------------------------------------------
[INFO] 
[INFO] --- maven-enforcer-plugin:1.0:enforce (enforce-maven) @ retrofit-converters ---
[INFO] 
[INFO] --- animal-sniffer-maven-plugin:1.14:check (default) @ retrofit-converters ---
[INFO] Checking unresolved references to org.codehaus.mojo.signature:java16:1.1
[INFO]                                                                         
[INFO] ------------------------------------------------------------------------
[INFO] Building Converter: Gson 2.0.0-SNAPSHOT
[INFO] ------------------------------------------------------------------------
[INFO] 
[INFO] --- maven-enforcer-plugin:1.0:enforce (enforce-maven) @ converter-gson ---
[INFO] 
[INFO] --- maven-resources-plugin:2.6:resources (default-resources) @ converter-gson ---
[INFO] Using 'UTF-8' encoding to copy filtered resources.
[INFO] skip non existing resourceDirectory /home/travis/build/square/retrofit/retrofit-converters/gson/src/main/resources
[INFO] 
[INFO] --- maven-compiler-plugin:3.0:compile (default-compile) @ converter-gson ---
[INFO] Changes detected - recompiling the module!
[INFO] Compiling 3 source files to /home/travis/build/square/retrofit/retrofit-converters/gson/target/classes
[INFO] 
[INFO] --- maven-resources-plugin:2.6:testResources (default-testResources) @ converter-gson ---
[INFO] Using 'UTF-8' encoding to copy filtered resources.
[INFO] skip non existing resourceDirectory /home/travis/build/square/retrofit/retrofit-converters/gson/src/test/resources
[INFO] 
[INFO] --- maven-compiler-plugin:3.0:testCompile (default-testCompile) @ converter-gson ---
[INFO] Changes detected - recompiling the module!
[INFO] Compiling 1 source file to /home/travis/build/square/retrofit/retrofit-converters/gson/target/test-classes
[INFO] 
[INFO] --- maven-surefire-plugin:2.12.4:test (default-test) @ converter-gson ---
[INFO] Surefire report directory: /home/travis/build/square/retrofit/retrofit-converters/gson/target/surefire-reports

-------------------------------------------------------
 T E S T S
-------------------------------------------------------
Running retrofit2.converter.gson.GsonConverterFactoryTest
Mar 02, 2016 6:09:19 AM okhttp3.mockwebserver.MockWebServer$3 execute
INFO: MockWebServer[36783] starting to accept connections
Mar 02, 2016 6:09:20 AM okhttp3.mockwebserver.MockWebServer$4 processOneRequest
INFO: MockWebServer[36783] received request: POST / HTTP/1.1 and responded: HTTP/1.1 200 OK
Mar 02, 2016 6:09:20 AM okhttp3.mockwebserver.MockWebServer$3 acceptConnections
INFO: MockWebServer[36783] done accepting connections: Socket closed
Mar 02, 2016 6:09:20 AM okhttp3.mockwebserver.MockWebServer$3 execute
INFO: MockWebServer[47518] starting to accept connections
Mar 02, 2016 6:09:20 AM okhttp3.mockwebserver.MockWebServer$4 processOneRequest
INFO: MockWebServer[47518] received request: POST / HTTP/1.1 and responded: HTTP/1.1 200 OK
Mar 02, 2016 6:09:20 AM okhttp3.mockwebserver.MockWebServer$3 acceptConnections
INFO: MockWebServer[47518] done accepting connections: Socket closed
Mar 02, 2016 6:09:20 AM okhttp3.mockwebserver.MockWebServer$3 execute
INFO: MockWebServer[52561] starting to accept connections
Mar 02, 2016 6:09:20 AM okhttp3.mockwebserver.MockWebServer$3 acceptConnections
INFO: MockWebServer[52561] done accepting connections: Socket closed
Mar 02, 2016 6:09:20 AM okhttp3.mockwebserver.MockWebServer$4 processOneRequest
INFO: MockWebServer[52561] received request: POST / HTTP/1.1 and responded: HTTP/1.1 200 OK
Mar 02, 2016 6:09:20 AM okhttp3.mockwebserver.MockWebServer$3 execute
INFO: MockWebServer[59832] starting to accept connections
Mar 02, 2016 6:09:20 AM okhttp3.mockwebserver.MockWebServer$4 processOneRequest
INFO: MockWebServer[59832] received request: POST / HTTP/1.1 and responded: HTTP/1.1 200 OK
Mar 02, 2016 6:09:20 AM okhttp3.mockwebserver.MockWebServer$3 acceptConnections
INFO: MockWebServer[59832] done accepting connections: Socket closed
Mar 02, 2016 6:09:20 AM okhttp3.mockwebserver.MockWebServer$3 execute
INFO: MockWebServer[50236] starting to accept connections
Mar 02, 2016 6:09:20 AM okhttp3.mockwebserver.MockWebServer$4 processOneRequest
INFO: MockWebServer[50236] received request: POST / HTTP/1.1 and responded: HTTP/1.1 200 OK
Mar 02, 2016 6:09:20 AM okhttp3.mockwebserver.MockWebServer$3 acceptConnections
INFO: MockWebServer[50236] done accepting connections: Socket closed
Tests run: 5, Failures: 1, Errors: 0, Skipped: 0, Time elapsed: 0.694 sec <<< FAILURE!
serializeNull(retrofit2.converter.gson.GsonConverterFactoryTest)  Time elapsed: 0.03 sec  <<< FAILURE!
org.junit.ComparisonFailure: expected:<"[null]"> but was:<"[]">
	at sun.reflect.NativeConstructorAccessorImpl.newInstance0(Native Method)
	at sun.reflect.NativeConstructorAccessorImpl.newInstance(NativeConstructorAccessorImpl.java:62)
	at sun.reflect.DelegatingConstructorAccessorImpl.newInstance(DelegatingConstructorAccessorImpl.java:45)
	at retrofit2.converter.gson.GsonConverterFactoryTest.serializeNull(GsonConverterFactoryTest.java:143)
	at sun.reflect.NativeMethodAccessorImpl.invoke0(Native Method)
	at sun.reflect.NativeMethodAccessorImpl.invoke(NativeMethodAccessorImpl.java:62)
	at sun.reflect.DelegatingMethodAccessorImpl.invoke(DelegatingMethodAccessorImpl.java:43)
	at java.lang.reflect.Method.invoke(Method.java:483)
	at org.junit.runners.model.FrameworkMethod$1.runReflectiveCall(FrameworkMethod.java:50)
	at org.junit.internal.runners.model.ReflectiveCallable.run(ReflectiveCallable.java:12)
	at org.junit.runners.model.FrameworkMethod.invokeExplosively(FrameworkMethod.java:47)
	at org.junit.internal.runners.statements.InvokeMethod.evaluate(InvokeMethod.java:17)
	at org.junit.internal.runners.statements.RunBefores.evaluate(RunBefores.java:26)
	at okhttp3.mockwebserver.MockWebServer$2.evaluate(MockWebServer.java:154)
	at org.junit.rules.RunRules.evaluate(RunRules.java:20)
	at org.junit.runners.ParentRunner.runLeaf(ParentRunner.java:325)
	at org.junit.runners.BlockJUnit4ClassRunner.runChild(BlockJUnit4ClassRunner.java:78)
	at org.junit.runners.BlockJUnit4ClassRunner.runChild(BlockJUnit4ClassRunner.java:57)
	at org.junit.runners.ParentRunner$3.run(ParentRunner.java:290)
	at org.junit.runners.ParentRunner$1.schedule(ParentRunner.java:71)
	at org.junit.runners.ParentRunner.runChildren(ParentRunner.java:288)
	at org.junit.runners.ParentRunner.access$000(ParentRunner.java:58)
	at org.junit.runners.ParentRunner$2.evaluate(ParentRunner.java:268)
	at org.junit.runners.ParentRunner.run(ParentRunner.java:363)
	at org.apache.maven.surefire.junit4.JUnit4Provider.execute(JUnit4Provider.java:252)
	at org.apache.maven.surefire.junit4.JUnit4Provider.executeTestSet(JUnit4Provider.java:141)
	at org.apache.maven.surefire.junit4.JUnit4Provider.invoke(JUnit4Provider.java:112)
	at sun.reflect.NativeMethodAccessorImpl.invoke0(Native Method)
	at sun.reflect.NativeMethodAccessorImpl.invoke(NativeMethodAccessorImpl.java:62)
	at sun.reflect.DelegatingMethodAccessorImpl.invoke(DelegatingMethodAccessorImpl.java:43)
	at java.lang.reflect.Method.invoke(Method.java:483)
	at org.apache.maven.surefire.util.ReflectionUtils.invokeMethodWithArray(ReflectionUtils.java:189)
	at org.apache.maven.surefire.booter.ProviderFactory$ProviderProxy.invoke(ProviderFactory.java:165)
	at org.apache.maven.surefire.booter.ProviderFactory.invokeProvider(ProviderFactory.java:85)
	at org.apache.maven.surefire.booter.ForkedBooter.runSuitesInProcess(ForkedBooter.java:115)
	at org.apache.maven.surefire.booter.ForkedBooter.main(ForkedBooter.java:75)


Results :

Failed tests:   serializeNull(retrofit2.converter.gson.GsonConverterFactoryTest): expected:<"[null]"> but was:<"[]">

Tests run: 5, Failures: 1, Errors: 0, Skipped: 0

[INFO] ------------------------------------------------------------------------
[INFO] Reactor Summary:
[INFO] 
[INFO] Retrofit (Parent) .................................. SUCCESS [  1.821 s]
[INFO] Retrofit ........................................... SUCCESS [ 21.928 s]
[INFO] Adapters ........................................... SUCCESS [  0.409 s]
[INFO] Adapter: Guava ..................................... SUCCESS [  1.449 s]
[INFO] Adapter: Java 8 .................................... SUCCESS [  1.877 s]
[INFO] Adapter: RxJava .................................... SUCCESS [  2.167 s]
[INFO] Converters ......................................... SUCCESS [  0.149 s]
[INFO] Converter: Gson .................................... FAILURE [  1.046 s]
[INFO] Converter: Protocol Buffers ........................ SKIPPED
[INFO] Converter: Jackson ................................. SKIPPED
[INFO] Converter: Wire Protocol Buffers ................... SKIPPED
[INFO] Converter: SimpleXML ............................... SKIPPED
[INFO] Converter: Java Scalars ............................ SKIPPED
[INFO] Converter: Moshi ................................... SKIPPED
[INFO] Retrofit Mock Adapter .............................. SKIPPED
[INFO] Samples ............................................ SKIPPED
[INFO] ------------------------------------------------------------------------
[INFO] BUILD FAILURE
[INFO] ------------------------------------------------------------------------
[INFO] Total time: 31.223 s
[INFO] Finished at: 2016-03-02T06:09:20+00:00
[INFO] Final Memory: 26M/330M
[INFO] ------------------------------------------------------------------------
[ERROR] Failed to execute goal org.apache.maven.plugins:maven-surefire-plugin:2.12.4:test (default-test) on project converter-gson: There are test failures.
[ERROR] 
[ERROR] Please refer to /home/travis/build/square/retrofit/retrofit-converters/gson/target/surefire-reports for the individual test results.
[ERROR] -> [Help 1]
[ERROR] 
[ERROR] To see the full stack trace of the errors, re-run Maven with the -e switch.
[ERROR] Re-run Maven using the -X switch to enable full debug logging.
[ERROR] 
[ERROR] For more information about the errors and possible solutions, please read the following articles:
[ERROR] [Help 1] http://cwiki.apache.org/confluence/display/MAVEN/MojoFailureException
[ERROR] 
[ERROR] After correcting the problems, you can resume the build with the command
[ERROR]   mvn <goals> -rf :converter-gson

travis_time:end:32be184c:start=1456898927339760871,finish=1456898961098354046,duration=33758593175[0K
[31;1mThe command "mvn test -B" exited with 1.[0m
travis_fold:start:cache.2[0Kstore build cache
travis_time:start:17b7948f[0K
travis_time:end:17b7948f:start=1456898961102438645,finish=1456898961105631564,duration=3192919[0Ktravis_time:start:06c21a26[0K[32;1mchange detected:
/home/travis/.m2/repository/com/squareup/retrofit2/adapter-guava/2.0.0-SNAPSHOT/adapter-guava-2.0.0-SNAPSHOT.jar
/home/travis/.m2/repository/com/squareup/retrofit2/adapter-guava/2.0.0-SNAPSHOT/maven-metadata-local.xml
/home/travis/.m2/repository/com/squareup/retrofit2/adapter-guava/2.0.0-SNAPSHOT/_remote.repositories
/home/travis/.m2/repository/com/squareup/retrofit2/adapter-guava/maven-metadata-local.xml
/home/travis/.m2/repository/com/squareup/retrofit2/adapter-java8/2.0.0-SNAPSHOT/adapter-java8-2.0.0-SNAPSHOT.jar
/home/travis/.m2/repository/com/squareup/retrofit2/adapter-java8/2.0.0-SNAPSHOT/maven-metadata-local.xml
/home/travis/.m2/repository/com/squareup/retrofit2/adapter-java8/2.0.0-SNAPSHOT/_remote.repositories
/home/travis/.m2/repository/com/squareup/retrofit2/adapter-java8/maven-metadata-local.xml
/home/travis/.m2/repository/com/squareup/retrofit2/adapter-rxjava/2.0.0-SNAPSHOT/adapter-rxjava-2.0.0-SNAPSHOT.jar
/home/travis/.m2/repository/com/squareup/retrofit2/adapter-rxjava/2.
[0m
[32;1m...
[0m
[32;1mchanges detected, packing new archive[0m
.
[32;1muploading archive[0m

travis_time:end:06c21a26:start=1456898961109372488,finish=1456898970124535429,duration=9015162941[0Ktravis_fold:end:cache.2[0K
Done. Your build exited with 1.
