Using worker: bluebox-linux-2.worker.travis-ci.org:travis-linux-14

$ git clone --depth=100 --quiet git://github.com/square/retrofit.git square/retrofit
$ cd square/retrofit
$ git fetch origin +refs/pull/136/merge: 
remote: Counting objects: 468, done.[K
remote: Compressing objects:   0% (1/263)   [Kremote: Compressing objects:   1% (3/263)   [Kremote: Compressing objects:   2% (6/263)   [Kremote: Compressing objects:   3% (8/263)   [Kremote: Compressing objects:   4% (11/263)   [Kremote: Compressing objects:   5% (14/263)   [Kremote: Compressing objects:   6% (16/263)   [Kremote: Compressing objects:   7% (19/263)   [Kremote: Compressing objects:   8% (22/263)   [Kremote: Compressing objects:   9% (24/263)   [Kremote: Compressing objects:  10% (27/263)   [Kremote: Compressing objects:  11% (29/263)   [Kremote: Compressing objects:  12% (32/263)   [Kremote: Compressing objects:  13% (35/263)   [Kremote: Compressing objects:  14% (37/263)   [Kremote: Compressing objects:  15% (40/263)   [Kremote: Compressing objects:  16% (43/263)   [Kremote: Compressing objects:  17% (45/263)   [Kremote: Compressing objects:  18% (48/263)   [Kremote: Compressing objects:  19% (50/263)   [Kremote: Compressing objects:  20% (53/263)   [Kremote: Compressing objects:  21% (56/263)   [Kremote: Compressing objects:  22% (58/263)   [Kremote: Compressing objects:  23% (61/263)   [Kremote: Compressing objects:  24% (64/263)   [Kremote: Compressing objects:  25% (66/263)   [Kremote: Compressing objects:  26% (69/263)   [Kremote: Compressing objects:  27% (72/263)   [Kremote: Compressing objects:  28% (74/263)   [Kremote: Compressing objects:  29% (77/263)   [Kremote: Compressing objects:  30% (79/263)   [Kremote: Compressing objects:  31% (82/263)   [Kremote: Compressing objects:  32% (85/263)   [Kremote: Compressing objects:  33% (87/263)   [Kremote: Compressing objects:  34% (90/263)   [Kremote: Compressing objects:  35% (93/263)   [Kremote: Compressing objects:  36% (95/263)   [Kremote: Compressing objects:  37% (98/263)   [Kremote: Compressing objects:  38% (100/263)   [Kremote: Compressing objects:  39% (103/263)   [Kremote: Compressing objects:  40% (106/263)   [Kremote: Compressing objects:  41% (108/263)   [Kremote: Compressing objects:  42% (111/263)   [Kremote: Compressing objects:  43% (114/263)   [Kremote: Compressing objects:  44% (116/263)   [Kremote: Compressing objects:  45% (119/263)   [Kremote: Compressing objects:  46% (121/263)   [Kremote: Compressing objects:  47% (124/263)   [Kremote: Compressing objects:  48% (127/263)   [Kremote: Compressing objects:  49% (129/263)   [Kremote: Compressing objects:  50% (132/263)   [Kremote: Compressing objects:  51% (135/263)   [Kremote: Compressing objects:  52% (137/263)   [Kremote: Compressing objects:  53% (140/263)   [Kremote: Compressing objects:  54% (143/263)   [Kremote: Compressing objects:  55% (145/263)   [Kremote: Compressing objects:  56% (148/263)   [Kremote: Compressing objects:  57% (150/263)   [Kremote: Compressing objects:  58% (153/263)   [Kremote: Compressing objects:  59% (156/263)   [Kremote: Compressing objects:  60% (158/263)   [Kremote: Compressing objects:  61% (161/263)   [Kremote: Compressing objects:  62% (164/263)   [Kremote: Compressing objects:  63% (166/263)   [Kremote: Compressing objects:  64% (169/263)   [Kremote: Compressing objects:  65% (171/263)   [Kremote: Compressing objects:  66% (174/263)   [Kremote: Compressing objects:  67% (177/263)   [Kremote: Compressing objects:  68% (179/263)   [Kremote: Compressing objects:  69% (182/263)   [Kremote: Compressing objects:  70% (185/263)   [Kremote: Compressing objects:  71% (187/263)   [Kremote: Compressing objects:  72% (190/263)   [Kremote: Compressing objects:  73% (192/263)   [Kremote: Compressing objects:  74% (195/263)   [Kremote: Compressing objects:  75% (198/263)   [Kremote: Compressing objects:  76% (200/263)   [Kremote: Compressing objects:  77% (203/263)   [Kremote: Compressing objects:  78% (206/263)   [Kremote: Compressing objects:  79% (208/263)   [Kremote: Compressing objects:  80% (211/263)   [Kremote: Compressing objects:  81% (214/263)   [Kremote: Compressing objects:  82% (216/263)   [Kremote: Compressing objects:  83% (219/263)   [Kremote: Compressing objects:  84% (221/263)   [Kremote: Compressing objects:  85% (224/263)   [Kremote: Compressing objects:  86% (227/263)   [Kremote: Compressing objects:  87% (229/263)   [Kremote: Compressing objects:  88% (232/263)   [Kremote: Compressing objects:  89% (235/263)   [Kremote: Compressing objects:  90% (237/263)   [Kremote: Compressing objects:  91% (240/263)   [Kremote: Compressing objects:  92% (242/263)   [Kremote: Compressing objects:  93% (245/263)   [Kremote: Compressing objects:  94% (248/263)   [Kremote: Compressing objects:  95% (250/263)   [Kremote: Compressing objects:  96% (253/263)   [Kremote: Compressing objects:  97% (256/263)   [Kremote: Compressing objects:  98% (258/263)   [Kremote: Compressing objects:  99% (261/263)   [Kremote: Compressing objects: 100% (263/263)   [Kremote: Compressing objects: 100% (263/263), done.[K
Receiving objects:   0% (1/414)   Receiving objects:   1% (5/414)   Receiving objects:   2% (9/414)   Receiving objects:   3% (13/414)   Receiving objects:   4% (17/414)   Receiving objects:   5% (21/414)   Receiving objects:   6% (25/414)   Receiving objects:   7% (29/414)   Receiving objects:   8% (34/414)   Receiving objects:   9% (38/414)   Receiving objects:  10% (42/414)   Receiving objects:  11% (46/414)   Receiving objects:  12% (50/414)   Receiving objects:  13% (54/414)   Receiving objects:  14% (58/414)   Receiving objects:  15% (63/414)   Receiving objects:  16% (67/414)   Receiving objects:  17% (71/414)   Receiving objects:  18% (75/414)   Receiving objects:  19% (79/414)   Receiving objects:  20% (83/414)   Receiving objects:  21% (87/414)   Receiving objects:  22% (92/414)   Receiving objects:  23% (96/414)   Receiving objects:  24% (100/414)   Receiving objects:  25% (104/414)   Receiving objects:  26% (108/414)   Receiving objects:  27% (112/414)   Receiving objects:  28% (116/414)   Receiving objects:  29% (121/414)   Receiving objects:  30% (125/414)   Receiving objects:  31% (129/414)   Receiving objects:  32% (133/414)   Receiving objects:  33% (137/414)   Receiving objects:  34% (141/414)   Receiving objects:  35% (145/414)   Receiving objects:  36% (150/414)   Receiving objects:  37% (154/414)   Receiving objects:  38% (158/414)   Receiving objects:  39% (162/414)   Receiving objects:  40% (166/414)   Receiving objects:  41% (170/414)   Receiving objects:  42% (174/414)   Receiving objects:  43% (179/414)   Receiving objects:  44% (183/414)   Receiving objects:  45% (187/414)   Receiving objects:  46% (191/414)   Receiving objects:  47% (195/414)   Receiving objects:  48% (199/414)   Receiving objects:  49% (203/414)   Receiving objects:  50% (207/414)   Receiving objects:  51% (212/414)   Receiving objects:  52% (216/414)   Receiving objects:  53% (220/414)   Receiving objects:  54% (224/414)   Receiving objects:  55% (228/414)   Receiving objects:  56% (232/414)   Receiving objects:  57% (236/414)   Receiving objects:  58% (241/414)   Receiving objects:  59% (245/414)   Receiving objects:  60% (249/414)   Receiving objects:  61% (253/414)   Receiving objects:  62% (257/414)   Receiving objects:  63% (261/414)   Receiving objects:  64% (265/414)   Receiving objects:  65% (270/414)   Receiving objects:  66% (274/414)   Receiving objects:  67% (278/414)   Receiving objects:  68% (282/414)   Receiving objects:  69% (286/414)   Receiving objects:  70% (290/414)   Receiving objects:  71% (294/414)   Receiving objects:  72% (299/414)   Receiving objects:  73% (303/414)   Receiving objects:  74% (307/414)   Receiving objects:  75% (311/414)   Receiving objects:  76% (315/414)   Receiving objects:  77% (319/414)   Receiving objects:  78% (323/414)   Receiving objects:  79% (328/414)   Receiving objects:  80% (332/414)   Receiving objects:  81% (336/414)   Receiving objects:  82% (340/414)   Receiving objects:  83% (344/414)   Receiving objects:  84% (348/414)   Receiving objects:  85% (352/414)   Receiving objects:  86% (357/414)   Receiving objects:  87% (361/414)   Receiving objects:  88% (365/414)   Receiving objects:  89% (369/414)   Receiving objects:  90% (373/414)   Receiving objects:  91% (377/414)   Receiving objects:  92% (381/414)   remote: Total 414 (delta 182), reused 288 (delta 58)[K
Receiving objects:  93% (386/414)   Receiving objects:  94% (390/414)   Receiving objects:  95% (394/414)   Receiving objects:  96% (398/414)   Receiving objects:  97% (402/414)   Receiving objects:  98% (406/414)   Receiving objects:  99% (410/414)   Receiving objects: 100% (414/414)   Receiving objects: 100% (414/414), 59.22 KiB, done.
Resolving deltas:   0% (0/182)   Resolving deltas:   2% (5/182)   Resolving deltas:   5% (10/182)   Resolving deltas:   7% (13/182)   Resolving deltas:  13% (24/182)   Resolving deltas:  15% (28/182)   Resolving deltas:  20% (38/182)   Resolving deltas:  21% (39/182)   Resolving deltas:  25% (47/182)   Resolving deltas:  26% (49/182)   Resolving deltas:  28% (51/182)   Resolving deltas:  29% (53/182)   Resolving deltas:  35% (65/182)   Resolving deltas:  36% (66/182)   Resolving deltas:  38% (70/182)   Resolving deltas:  39% (72/182)   Resolving deltas:  43% (80/182)   Resolving deltas:  44% (81/182)   Resolving deltas:  45% (82/182)   Resolving deltas:  49% (90/182)   Resolving deltas:  51% (93/182)   Resolving deltas:  52% (96/182)   Resolving deltas:  53% (98/182)   Resolving deltas:  54% (99/182)   Resolving deltas:  55% (101/182)   Resolving deltas:  56% (102/182)   Resolving deltas:  57% (104/182)   Resolving deltas:  59% (108/182)   Resolving deltas:  70% (128/182)   Resolving deltas:  71% (131/182)   Resolving deltas:  73% (133/182)   Resolving deltas:  75% (137/182)   Resolving deltas:  77% (141/182)   Resolving deltas:  78% (143/182)   Resolving deltas:  81% (148/182)   Resolving deltas:  84% (153/182)   Resolving deltas:  85% (155/182)   Resolving deltas:  86% (157/182)   Resolving deltas:  90% (165/182)   Resolving deltas:  91% (167/182)   Resolving deltas:  92% (169/182)   Resolving deltas:  93% (171/182)   Resolving deltas:  94% (172/182)   Resolving deltas:  95% (173/182)   Resolving deltas:  96% (175/182)   Resolving deltas:  97% (177/182)   Resolving deltas:  98% (180/182)   Resolving deltas: 100% (182/182)   Resolving deltas: 100% (182/182), completed with 26 local objects.
From git://github.com/square/retrofit
 * branch            refs/pull/136/merge -> FETCH_HEAD
$ git checkout -qf FETCH_HEAD
$ java -version
java version "1.7.0_09"
OpenJDK Runtime Environment (IcedTea7 2.3.4) (7u9-2.3.4-0ubuntu1.12.04.1)
OpenJDK 64-Bit Server VM (build 23.2-b09, mixed mode)
$ javac -version
javac 1.7.0_09
$ mvn install --quiet -DskipTests=true
$ mvn test
[INFO] Scanning for projects...
[INFO] ------------------------------------------------------------------------
[INFO] Reactor Build Order:
[INFO] 
[INFO] Retrofit (Parent)
[INFO] Retrofit
[INFO] Samples
[INFO] Sample: Twitter Client
[INFO]                                                                         
[INFO] ------------------------------------------------------------------------
[INFO] Building Retrofit (Parent) 1.0.0-SNAPSHOT
[INFO] ------------------------------------------------------------------------
[INFO] 
[INFO] --- maven-enforcer-plugin:1.0:enforce (enforce-maven) @ parent ---
[INFO]                                                                         
[INFO] ------------------------------------------------------------------------
[INFO] Building Retrofit 1.0.0-SNAPSHOT
[INFO] ------------------------------------------------------------------------
Downloading: https://repository.apache.org/snapshots/com/google/code/gson/gson/2.2.3-SNAPSHOT/maven-metadata.xml
[INFO] 
[INFO] --- maven-enforcer-plugin:1.0:enforce (enforce-maven) @ retrofit ---
[INFO] 
[INFO] --- maven-resources-plugin:2.3:resources (default-resources) @ retrofit ---
[INFO] Using 'UTF-8' encoding to copy filtered resources.
[INFO] skip non existing resourceDirectory /home/travis/build/square/retrofit/retrofit/src/main/resources
[INFO] 
[INFO] --- maven-compiler-plugin:2.5:compile (default-compile) @ retrofit ---
[INFO] Nothing to compile - all classes are up to date
[INFO] 
[INFO] --- maven-resources-plugin:2.3:testResources (default-testResources) @ retrofit ---
[INFO] Using 'UTF-8' encoding to copy filtered resources.
[INFO] skip non existing resourceDirectory /home/travis/build/square/retrofit/retrofit/src/test/resources
[INFO] 
[INFO] --- maven-compiler-plugin:2.5:testCompile (default-testCompile) @ retrofit ---
[INFO] Nothing to compile - all classes are up to date
[INFO] 
[INFO] --- maven-surefire-plugin:2.10:test (default-test) @ retrofit ---
[INFO] Surefire report directory: /home/travis/build/square/retrofit/retrofit/target/surefire-reports
Downloading: http://maven.mirrors.travis-ci.org/nexus/content/repositories/central/org/apache/maven/surefire/surefire-junit4/2.10/surefire-junit4-2.10.pom
3/3 KB            Downloaded: http://maven.mirrors.travis-ci.org/nexus/content/repositories/central/org/apache/maven/surefire/surefire-junit4/2.10/surefire-junit4-2.10.pom (3 KB at 4.5 KB/sec)
Downloading: http://maven.mirrors.travis-ci.org/nexus/content/repositories/central/org/apache/maven/surefire/surefire-providers/2.10/surefire-providers-2.10.pom
3/3 KB            Downloaded: http://maven.mirrors.travis-ci.org/nexus/content/repositories/central/org/apache/maven/surefire/surefire-providers/2.10/surefire-providers-2.10.pom (3 KB at 7.2 KB/sec)
Downloading: http://maven.mirrors.travis-ci.org/nexus/content/repositories/central/org/apache/maven/surefire/surefire-junit4/2.10/surefire-junit4-2.10.jar
4/33 KB   8/33 KB   9/33 KB   10/33 KB   14/33 KB   18/33 KB   22/33 KB   26/33 KB   27/33 KB   28/33 KB   32/33 KB   33/33 KB              Downloaded: http://maven.mirrors.travis-ci.org/nexus/content/repositories/central/org/apache/maven/surefire/surefire-junit4/2.10/surefire-junit4-2.10.jar (33 KB at 63.8 KB/sec)

-------------------------------------------------------
 T E S T S
-------------------------------------------------------
Running retrofit.http.RestAdapterTest
Tests run: 8, Failures: 0, Errors: 0, Skipped: 0, Time elapsed: 0.774 sec
Running retrofit.http.RestMethodInfoTest
Tests run: 49, Failures: 0, Errors: 0, Skipped: 1, Time elapsed: 0.22 sec
Running retrofit.http.CallbackRunnableTest
Tests run: 2, Failures: 0, Errors: 0, Skipped: 0, Time elapsed: 0.032 sec
Running retrofit.http.RequestBuilderTest
Tests run: 13, Failures: 0, Errors: 0, Skipped: 0, Time elapsed: 0.066 sec
Running retrofit.http.UtilsTest
Tests run: 1, Failures: 0, Errors: 0, Skipped: 0, Time elapsed: 0.001 sec
Running retrofit.http.client.ApacheClientTest
Tests run: 6, Failures: 1, Errors: 0, Skipped: 0, Time elapsed: 0.33 sec <<< FAILURE!
Running retrofit.io.TypedFileTest
Tests run: 3, Failures: 0, Errors: 0, Skipped: 0, Time elapsed: 0.018 sec
Running retrofit.io.TypedByteArrayTest
Tests run: 1, Failures: 0, Errors: 0, Skipped: 0, Time elapsed: 0 sec

Results :

Failed tests:   post(retrofit.http.client.ApacheClientTest): expected:<'text/plain[]'> but was:<'text/plain[; charset=UTF-8]'>

Tests run: 83, Failures: 1, Errors: 0, Skipped: 1

[INFO] ------------------------------------------------------------------------
[INFO] Reactor Summary:
[INFO] 
[INFO] Retrofit (Parent) ................................. SUCCESS [1.526s]
[INFO] Retrofit .......................................... FAILURE [6.430s]
[INFO] Samples ........................................... SKIPPED
[INFO] Sample: Twitter Client ............................ SKIPPED
[INFO] ------------------------------------------------------------------------
[INFO] BUILD FAILURE
[INFO] ------------------------------------------------------------------------
[INFO] Total time: 8.564s
[INFO] Finished at: Tue Feb 12 03:15:28 UTC 2013
[INFO] Final Memory: 10M/135M
[INFO] ------------------------------------------------------------------------
[ERROR] Failed to execute goal org.apache.maven.plugins:maven-surefire-plugin:2.10:test (default-test) on project retrofit: There are test failures.
[ERROR] 
[ERROR] Please refer to /home/travis/build/square/retrofit/retrofit/target/surefire-reports for the individual test results.
[ERROR] -> [Help 1]
[ERROR] 
[ERROR] To see the full stack trace of the errors, re-run Maven with the -e switch.
[ERROR] Re-run Maven using the -X switch to enable full debug logging.
[ERROR] 
[ERROR] For more information about the errors and possible solutions, please read the following articles:
[ERROR] [Help 1] http://cwiki.apache.org/confluence/display/MAVEN/MojoFailureException
[ERROR] 
[ERROR] After correcting the problems, you can resume the build with the command
[ERROR]   mvn <goals> -rf :retrofit

Done. Build script exited with 1
